<?xml version="1.0" encoding="UTF-8"?>
<testsuites name="Run all test cases" time="2449.2" tests="30" failures="8" errors="1">
   <testsuite name="Run all test cases" tests="30" failures="8" errors="1" time="2449.2" skipped="0" timestamp="2021-05-29 09:50:04" hostname="BaoChau - LAPTOP-4BGN0MAP" id="Test Suites/1612049/Run all test cases">
      <properties>
         <property name="deviceName" value=""/>
         <property name="devicePlatform" value=""/>
         <property name="logFolder" value="C:\\Users\\Bao Chau\\Katalon Studio\\Mattermost_AutoTesting\\Reports\\20210529_094952\\1612049\\Run all test cases\\20210529_094952"/>
         <property name="logFiles" value="C:\\Users\\Bao Chau\\Katalon Studio\\Mattermost_AutoTesting\\Reports\\20210529_094952\\1612049\\Run all test cases\\20210529_094952\\execution0.log"/>
         <property name="attachments" value="C:\\Users\\Bao Chau\\Katalon Studio\\Mattermost_AutoTesting\\Reports\\20210529_094952\\1612049\\Run all test cases\\20210529_094952\\1622256681759.png, C:\\Users\\Bao Chau\\Katalon Studio\\Mattermost_AutoTesting\\Reports\\20210529_094952\\1612049\\Run all test cases\\20210529_094952\\1622256978150.png, C:\\Users\\Bao Chau\\Katalon Studio\\Mattermost_AutoTesting\\Reports\\20210529_094952\\1612049\\Run all test cases\\20210529_094952\\1622257733062.png, C:\\Users\\Bao Chau\\Katalon Studio\\Mattermost_AutoTesting\\Reports\\20210529_094952\\1612049\\Run all test cases\\20210529_094952\\1622258076568.png, C:\\Users\\Bao Chau\\Katalon Studio\\Mattermost_AutoTesting\\Reports\\20210529_094952\\1612049\\Run all test cases\\20210529_094952\\1622258185156.png, C:\\Users\\Bao Chau\\Katalon Studio\\Mattermost_AutoTesting\\Reports\\20210529_094952\\1612049\\Run all test cases\\20210529_094952\\1622258288714.png, C:\\Users\\Bao Chau\\Katalon Studio\\Mattermost_AutoTesting\\Reports\\20210529_094952\\1612049\\Run all test cases\\20210529_094952\\1622258398209.png, C:\\Users\\Bao Chau\\Katalon Studio\\Mattermost_AutoTesting\\Reports\\20210529_094952\\1612049\\Run all test cases\\20210529_094952\\1622258587781.png"/>
         <property name="hostName" value="BaoChau - LAPTOP-4BGN0MAP"/>
         <property name="os" value="Windows 10 64bit"/>
         <property name="katalonVersion" value="8.0.1.208"/>
         <property name="browser" value="Chrome 90.0.4430.212"/>
         <property name="hostAddress" value="169.254.181.242"/>
         <property name="sessionId" value="c43838dacc4c4abaec78bd335c6646f5"/>
         <property name="seleniumVersion" value="3.141.59"/>
         <property name="proxyInformation" value="ProxyInformation { proxyOption=NO_PROXY, proxyServerType=HTTP, username=, password=********, proxyServerAddress=, proxyServerPort=0, executionList=&quot;&quot;, isApplyToDesiredCapabilities=true }"/>
         <property name="platform" value="Windows 10"/>
      </properties>
      <testcase name="Test Cases/1412263/TC01_Login" time="76.267" classname="Test Cases/1412263/TC01_Login" status="FAILED">
         <failure type="FAILED" message="Test Cases/1412263/TC01_Login FAILED.
Reason:
com.kms.katalon.core.exception.StepFailedException: Unable to set text 'huykhoi' of object 'Object Repository/1412263_Page_Mattermost/input_All team communication in one place, _dcc84b'
	at com.kms.katalon.core.webui.keyword.internal.WebUIKeywordMain.stepFailed(WebUIKeywordMain.groovy:64)
	at com.kms.katalon.core.webui.keyword.internal.WebUIKeywordMain.runKeyword(WebUIKeywordMain.groovy:26)
	at com.kms.katalon.core.webui.keyword.builtin.SetTextKeyword.setText(SetTextKeyword.groovy:66)
	at com.kms.katalon.core.webui.keyword.builtin.SetTextKeyword.execute(SetTextKeyword.groovy:37)
	at com.kms.katalon.core.keyword.internal.KeywordExecutor.executeKeywordForPlatform(KeywordExecutor.groovy:73)
	at com.kms.katalon.core.webui.keyword.WebUiBuiltInKeywords.setText(WebUiBuiltInKeywords.groovy:979)
	at com.kms.katalon.core.webui.keyword.WebUiBuiltInKeywords$setText$1.call(Unknown Source)
	at TC01_Login.run(TC01_Login:26)
	at com.kms.katalon.core.main.ScriptEngine.run(ScriptEngine.java:194)
	at com.kms.katalon.core.main.ScriptEngine.runScriptAsRawText(ScriptEngine.java:119)
	at com.kms.katalon.core.main.TestCaseExecutor.runScript(TestCaseExecutor.java:398)
	at com.kms.katalon.core.main.TestCaseExecutor.doExecute(TestCaseExecutor.java:389)
	at com.kms.katalon.core.main.TestCaseExecutor.processExecutionPhase(TestCaseExecutor.java:368)
	at com.kms.katalon.core.main.TestCaseExecutor.accessMainPhase(TestCaseExecutor.java:360)
	at com.kms.katalon.core.main.TestCaseExecutor.execute(TestCaseExecutor.java:255)
	at com.kms.katalon.core.main.TestSuiteExecutor.accessTestCaseMainPhase(TestSuiteExecutor.java:203)
	at com.kms.katalon.core.main.TestSuiteExecutor.accessTestSuiteMainPhase(TestSuiteExecutor.java:152)
	at com.kms.katalon.core.main.TestSuiteExecutor.execute(TestSuiteExecutor.java:95)
	at com.kms.katalon.core.main.TestCaseMain.startTestSuite(TestCaseMain.java:157)
	at com.kms.katalon.core.main.TestCaseMain$startTestSuite$0.call(Unknown Source)
	at TempTestSuite1622256592737.run(TempTestSuite1622256592737.groovy:39)
Caused by: com.kms.katalon.core.webui.exception.WebElementNotFoundException: Web element with id: 'Object Repository/1412263_Page_Mattermost/input_All team communication in one place, _dcc84b' located by '//input[@id='loginId']' not found
	at com.kms.katalon.core.webui.common.WebUiCommonHelper.findWebElement(WebUiCommonHelper.java:1368)
	at com.kms.katalon.core.webui.keyword.internal.WebUIAbstractKeyword.findWebElement(WebUIAbstractKeyword.groovy:27)
	at com.kms.katalon.core.webui.keyword.internal.WebUIAbstractKeyword.findWebElement(WebUIAbstractKeyword.groovy:26)
	at com.kms.katalon.core.webui.keyword.builtin.SetTextKeyword$_setText_closure1.doCall(SetTextKeyword.groovy:51)
	at com.kms.katalon.core.webui.keyword.builtin.SetTextKeyword$_setText_closure1.call(SetTextKeyword.groovy)
	at com.kms.katalon.core.webui.keyword.internal.WebUIKeywordMain.runKeyword(WebUIKeywordMain.groovy:20)
	... 19 more
"/>
         <system-out><![CDATA[2021-05-29 09:50:05 - [TEST_CASE][FAILED] - Test Cases/1412263/TC01_Login: Test Cases/1412263/TC01_Login FAILED.
Reason:
com.kms.katalon.core.exception.StepFailedException: Unable to set text 'huykhoi' of object 'Object Repository/1412263_Page_Mattermost/input_All team communication in one place, _dcc84b'
	at com.kms.katalon.core.webui.keyword.internal.WebUIKeywordMain.stepFailed(WebUIKeywordMain.groovy:64)
	at com.kms.katalon.core.webui.keyword.internal.WebUIKeywordMain.runKeyword(WebUIKeywordMain.groovy:26)
	at com.kms.katalon.core.webui.keyword.builtin.SetTextKeyword.setText(SetTextKeyword.groovy:66)
	at com.kms.katalon.core.webui.keyword.builtin.SetTextKeyword.execute(SetTextKeyword.groovy:37)
	at com.kms.katalon.core.keyword.internal.KeywordExecutor.executeKeywordForPlatform(KeywordExecutor.groovy:73)
	at com.kms.katalon.core.webui.keyword.WebUiBuiltInKeywords.setText(WebUiBuiltInKeywords.groovy:979)
	at com.kms.katalon.core.webui.keyword.WebUiBuiltInKeywords$setText$1.call(Unknown Source)
	at TC01_Login.run(TC01_Login:26)
	at com.kms.katalon.core.main.ScriptEngine.run(ScriptEngine.java:194)
	at com.kms.katalon.core.main.ScriptEngine.runScriptAsRawText(ScriptEngine.java:119)
	at com.kms.katalon.core.main.TestCaseExecutor.runScript(TestCaseExecutor.java:398)
	at com.kms.katalon.core.main.TestCaseExecutor.doExecute(TestCaseExecutor.java:389)
	at com.kms.katalon.core.main.TestCaseExecutor.processExecutionPhase(TestCaseExecutor.java:368)
	at com.kms.katalon.core.main.TestCaseExecutor.accessMainPhase(TestCaseExecutor.java:360)
	at com.kms.katalon.core.main.TestCaseExecutor.execute(TestCaseExecutor.java:255)
	at com.kms.katalon.core.main.TestSuiteExecutor.accessTestCaseMainPhase(TestSuiteExecutor.java:203)
	at com.kms.katalon.core.main.TestSuiteExecutor.accessTestSuiteMainPhase(TestSuiteExecutor.java:152)
	at com.kms.katalon.core.main.TestSuiteExecutor.execute(TestSuiteExecutor.java:95)
	at com.kms.katalon.core.main.TestCaseMain.startTestSuite(TestCaseMain.java:157)
	at com.kms.katalon.core.main.TestCaseMain$startTestSuite$0.call(Unknown Source)
	at TempTestSuite1622256592737.run(TempTestSuite1622256592737.groovy:39)
Caused by: com.kms.katalon.core.webui.exception.WebElementNotFoundException: Web element with id: 'Object Repository/1412263_Page_Mattermost/input_All team communication in one place, _dcc84b' located by '//input[@id='loginId']' not found
	at com.kms.katalon.core.webui.common.WebUiCommonHelper.findWebElement(WebUiCommonHelper.java:1368)
	at com.kms.katalon.core.webui.keyword.internal.WebUIAbstractKeyword.findWebElement(WebUIAbstractKeyword.groovy:27)
	at com.kms.katalon.core.webui.keyword.internal.WebUIAbstractKeyword.findWebElement(WebUIAbstractKeyword.groovy:26)
	at com.kms.katalon.core.webui.keyword.builtin.SetTextKeyword$_setText_closure1.doCall(SetTextKeyword.groovy:51)
	at com.kms.katalon.core.webui.keyword.builtin.SetTextKeyword$_setText_closure1.call(SetTextKeyword.groovy)
	at com.kms.katalon.core.webui.keyword.internal.WebUIKeywordMain.runKeyword(WebUIKeywordMain.groovy:20)
	... 19 more


2021-05-29 09:50:06 - [TEST_STEP][PASSED] - openBrowser(""): Browser is opened with url: ''

2021-05-29 09:50:06 - [MESSAGE][INFO] - Starting 'Chrome' driver

2021-05-29 09:50:06 - [MESSAGE][INFO] - Action delay is set to 5,000 milliseconds

2021-05-29 09:50:08 - [MESSAGE][PASSED] - Browser is opened with url: ''

2021-05-29 09:50:08 - [TEST_STEP][PASSED] - navigateToUrl("http://mattermostwebapp.herokuapp.com/"): Navigate to 'http://mattermostwebapp.herokuapp.com/' successfully

2021-05-29 09:50:16 - [MESSAGE][PASSED] - Navigate to 'http://mattermostwebapp.herokuapp.com/' successfully

2021-05-29 09:50:16 - [TEST_STEP][FAILED] - for ([rowNum = 1, rowNum <= 5, (rowNum++)]): Unable to set text 'huykhoi' of object 'Object Repository/1412263_Page_Mattermost/input_All team communication in one place, _dcc84b' (Root cause: com.kms.katalon.core.exception.StepFailedException: Unable to set text 'huykhoi' of object 'Object Repository/1412263_Page_Mattermost/input_All team communication in one place, _dcc84b'
	at com.kms.katalon.core.webui.keyword.internal.WebUIKeywordMain.stepFailed(WebUIKeywordMain.groovy:64)
	at com.kms.katalon.core.webui.keyword.internal.WebUIKeywordMain.runKeyword(WebUIKeywordMain.groovy:26)
	at com.kms.katalon.core.webui.keyword.builtin.SetTextKeyword.setText(SetTextKeyword.groovy:66)
	at com.kms.katalon.core.webui.keyword.builtin.SetTextKeyword.execute(SetTextKeyword.groovy:37)
	at com.kms.katalon.core.keyword.internal.KeywordExecutor.executeKeywordForPlatform(KeywordExecutor.groovy:73)
	at com.kms.katalon.core.webui.keyword.WebUiBuiltInKeywords.setText(WebUiBuiltInKeywords.groovy:979)
	at com.kms.katalon.core.webui.keyword.WebUiBuiltInKeywords$setText$1.call(Unknown Source)
	at TC01_Login.run(TC01_Login:26)
	at com.kms.katalon.core.main.ScriptEngine.run(ScriptEngine.java:194)
	at com.kms.katalon.core.main.ScriptEngine.runScriptAsRawText(ScriptEngine.java:119)
	at com.kms.katalon.core.main.TestCaseExecutor.runScript(TestCaseExecutor.java:398)
	at com.kms.katalon.core.main.TestCaseExecutor.doExecute(TestCaseExecutor.java:389)
	at com.kms.katalon.core.main.TestCaseExecutor.processExecutionPhase(TestCaseExecutor.java:368)
	at com.kms.katalon.core.main.TestCaseExecutor.accessMainPhase(TestCaseExecutor.java:360)
	at com.kms.katalon.core.main.TestCaseExecutor.execute(TestCaseExecutor.java:255)
	at com.kms.katalon.core.main.TestSuiteExecutor.accessTestCaseMainPhase(TestSuiteExecutor.java:203)
	at com.kms.katalon.core.main.TestSuiteExecutor.accessTestSuiteMainPhase(TestSuiteExecutor.java:152)
	at com.kms.katalon.core.main.TestSuiteExecutor.execute(TestSuiteExecutor.java:95)
	at com.kms.katalon.core.main.TestCaseMain.startTestSuite(TestCaseMain.java:157)
	at com.kms.katalon.core.main.TestCaseMain$startTestSuite$0.call(Unknown Source)
	at TempTestSuite1622256592737.run(TempTestSuite1622256592737.groovy:39)
Caused by: com.kms.katalon.core.webui.exception.WebElementNotFoundException: Web element with id: 'Object Repository/1412263_Page_Mattermost/input_All team communication in one place, _dcc84b' located by '//input[@id='loginId']' not found
	at com.kms.katalon.core.webui.common.WebUiCommonHelper.findWebElement(WebUiCommonHelper.java:1368)
	at com.kms.katalon.core.webui.keyword.internal.WebUIAbstractKeyword.findWebElement(WebUIAbstractKeyword.groovy:27)
	at com.kms.katalon.core.webui.keyword.internal.WebUIAbstractKeyword.findWebElement(WebUIAbstractKeyword.groovy:26)
	at com.kms.katalon.core.webui.keyword.builtin.SetTextKeyword$_setText_closure1.doCall(SetTextKeyword.groovy:51)
	at com.kms.katalon.core.webui.keyword.builtin.SetTextKeyword$_setText_closure1.call(SetTextKeyword.groovy)
	at com.kms.katalon.core.webui.keyword.internal.WebUIKeywordMain.runKeyword(WebUIKeywordMain.groovy:20)
	at com.kms.katalon.core.webui.keyword.builtin.SetTextKeyword.setText(SetTextKeyword.groovy:66)
	at com.kms.katalon.core.webui.keyword.builtin.SetTextKeyword.execute(SetTextKeyword.groovy:37)
	at com.kms.katalon.core.keyword.internal.KeywordExecutor.executeKeywordForPlatform(KeywordExecutor.groovy:73)
	at com.kms.katalon.core.webui.keyword.WebUiBuiltInKeywords.setText(WebUiBuiltInKeywords.groovy:979)
	at com.kms.katalon.core.webui.keyword.WebUiBuiltInKeywords$setText$1.call(Unknown Source)
	at Script1621479151622.run(Script1621479151622.groovy:26)
	... 13 more
)

2021-05-29 09:50:16 - [TEST_STEP][PASSED] - setText(findTestObject("1412263_Page_Mattermost/input_All team communication in one place, _dcc84b"), findTestData("1412263/Data TC1 Login").getValue(1, rowNum)): Text 'huykhoi263' is set on object 'Object Repository/1412263_Page_Mattermost/input_All team communication in one place, _dcc84b'

2021-05-29 09:50:32 - [MESSAGE][PASSED] - Text 'huykhoi263' is set on object 'Object Repository/1412263_Page_Mattermost/input_All team communication in one place, _dcc84b'

2021-05-29 09:50:32 - [TEST_STEP][PASSED] - setEncryptedText(findTestObject("1412263_Page_Mattermost/input_All team communication in one place, _a3edc6"), findTestData("1412263/Data TC1 Login").getValue(2, rowNum)): Text ****** has been set on object 'Object Repository/1412263_Page_Mattermost/input_All team communication in one place, _a3edc6'

2021-05-29 09:50:42 - [MESSAGE][PASSED] - Text ****** has been set on object 'Object Repository/1412263_Page_Mattermost/input_All team communication in one place, _a3edc6'

2021-05-29 09:50:42 - [TEST_STEP][PASSED] - click(findTestObject("1412263_Page_Mattermost/button_Sign in")): Object: 'Object Repository/1412263_Page_Mattermost/button_Sign in' is clicked on

2021-05-29 09:50:48 - [MESSAGE][PASSED] - Object: 'Object Repository/1412263_Page_Mattermost/button_Sign in' is clicked on

2021-05-29 09:50:48 - [TEST_STEP][PASSED] - Thread.sleep(2000): null

2021-05-29 09:50:50 - [TEST_STEP][FAILED] - setText(findTestObject("1412263_Page_Mattermost/input_All team communication in one place, _dcc84b"), findTestData("1412263/Data TC1 Login").getValue(1, rowNum)): Unable to set text 'huykhoi' of object 'Object Repository/1412263_Page_Mattermost/input_All team communication in one place, _dcc84b' (Root cause: com.kms.katalon.core.exception.StepFailedException: Unable to set text 'huykhoi' of object 'Object Repository/1412263_Page_Mattermost/input_All team communication in one place, _dcc84b'
	at com.kms.katalon.core.webui.keyword.internal.WebUIKeywordMain.stepFailed(WebUIKeywordMain.groovy:64)
	at com.kms.katalon.core.webui.keyword.internal.WebUIKeywordMain.runKeyword(WebUIKeywordMain.groovy:26)
	at com.kms.katalon.core.webui.keyword.builtin.SetTextKeyword.setText(SetTextKeyword.groovy:66)
	at com.kms.katalon.core.webui.keyword.builtin.SetTextKeyword.execute(SetTextKeyword.groovy:37)
	at com.kms.katalon.core.keyword.internal.KeywordExecutor.executeKeywordForPlatform(KeywordExecutor.groovy:73)
	at com.kms.katalon.core.webui.keyword.WebUiBuiltInKeywords.setText(WebUiBuiltInKeywords.groovy:979)
	at com.kms.katalon.core.webui.keyword.WebUiBuiltInKeywords$setText$1.call(Unknown Source)
	at TC01_Login.run(TC01_Login:26)
	at com.kms.katalon.core.main.ScriptEngine.run(ScriptEngine.java:194)
	at com.kms.katalon.core.main.ScriptEngine.runScriptAsRawText(ScriptEngine.java:119)
	at com.kms.katalon.core.main.TestCaseExecutor.runScript(TestCaseExecutor.java:398)
	at com.kms.katalon.core.main.TestCaseExecutor.doExecute(TestCaseExecutor.java:389)
	at com.kms.katalon.core.main.TestCaseExecutor.processExecutionPhase(TestCaseExecutor.java:368)
	at com.kms.katalon.core.main.TestCaseExecutor.accessMainPhase(TestCaseExecutor.java:360)
	at com.kms.katalon.core.main.TestCaseExecutor.execute(TestCaseExecutor.java:255)
	at com.kms.katalon.core.main.TestSuiteExecutor.accessTestCaseMainPhase(TestSuiteExecutor.java:203)
	at com.kms.katalon.core.main.TestSuiteExecutor.accessTestSuiteMainPhase(TestSuiteExecutor.java:152)
	at com.kms.katalon.core.main.TestSuiteExecutor.execute(TestSuiteExecutor.java:95)
	at com.kms.katalon.core.main.TestCaseMain.startTestSuite(TestCaseMain.java:157)
	at com.kms.katalon.core.main.TestCaseMain$startTestSuite$0.call(Unknown Source)
	at TempTestSuite1622256592737.run(TempTestSuite1622256592737.groovy:39)
Caused by: com.kms.katalon.core.webui.exception.WebElementNotFoundException: Web element with id: 'Object Repository/1412263_Page_Mattermost/input_All team communication in one place, _dcc84b' located by '//input[@id='loginId']' not found
	at com.kms.katalon.core.webui.common.WebUiCommonHelper.findWebElement(WebUiCommonHelper.java:1368)
	at com.kms.katalon.core.webui.keyword.internal.WebUIAbstractKeyword.findWebElement(WebUIAbstractKeyword.groovy:27)
	at com.kms.katalon.core.webui.keyword.internal.WebUIAbstractKeyword.findWebElement(WebUIAbstractKeyword.groovy:26)
	at com.kms.katalon.core.webui.keyword.builtin.SetTextKeyword$_setText_closure1.doCall(SetTextKeyword.groovy:51)
	at com.kms.katalon.core.webui.keyword.builtin.SetTextKeyword$_setText_closure1.call(SetTextKeyword.groovy)
	at com.kms.katalon.core.webui.keyword.internal.WebUIKeywordMain.runKeyword(WebUIKeywordMain.groovy:20)
	at com.kms.katalon.core.webui.keyword.builtin.SetTextKeyword.setText(SetTextKeyword.groovy:66)
	at com.kms.katalon.core.webui.keyword.builtin.SetTextKeyword.execute(SetTextKeyword.groovy:37)
	at com.kms.katalon.core.keyword.internal.KeywordExecutor.executeKeywordForPlatform(KeywordExecutor.groovy:73)
	at com.kms.katalon.core.webui.keyword.WebUiBuiltInKeywords.setText(WebUiBuiltInKeywords.groovy:979)
	at com.kms.katalon.core.webui.keyword.WebUiBuiltInKeywords$setText$1.call(Unknown Source)
	at Script1621479151622.run(Script1621479151622.groovy:26)
	... 13 more
)

2021-05-29 09:51:21 - [MESSAGE][INFO] - Unable to find the element located by 'By.xpath: //input[@id='loginId']'. Please recheck the objects properties to make sure the desired element is located. 

2021-05-29 09:51:21 - [MESSAGE][FAILED] - Unable to set text 'huykhoi' of object 'Object Repository/1412263_Page_Mattermost/input_All team communication in one place, _dcc84b' (Root cause: com.kms.katalon.core.exception.StepFailedException: Unable to set text 'huykhoi' of object 'Object Repository/1412263_Page_Mattermost/input_All team communication in one place, _dcc84b'
	at com.kms.katalon.core.webui.keyword.internal.WebUIKeywordMain.stepFailed(WebUIKeywordMain.groovy:64)
	at com.kms.katalon.core.webui.keyword.internal.WebUIKeywordMain.runKeyword(WebUIKeywordMain.groovy:26)
	at com.kms.katalon.core.webui.keyword.builtin.SetTextKeyword.setText(SetTextKeyword.groovy:66)
	at com.kms.katalon.core.webui.keyword.builtin.SetTextKeyword.execute(SetTextKeyword.groovy:37)
	at com.kms.katalon.core.keyword.internal.KeywordExecutor.executeKeywordForPlatform(KeywordExecutor.groovy:73)
	at com.kms.katalon.core.webui.keyword.WebUiBuiltInKeywords.setText(WebUiBuiltInKeywords.groovy:979)
	at com.kms.katalon.core.webui.keyword.WebUiBuiltInKeywords$setText$1.call(Unknown Source)
	at TC01_Login.run(TC01_Login:26)
	at com.kms.katalon.core.main.ScriptEngine.run(ScriptEngine.java:194)
	at com.kms.katalon.core.main.ScriptEngine.runScriptAsRawText(ScriptEngine.java:119)
	at com.kms.katalon.core.main.TestCaseExecutor.runScript(TestCaseExecutor.java:398)
	at com.kms.katalon.core.main.TestCaseExecutor.doExecute(TestCaseExecutor.java:389)
	at com.kms.katalon.core.main.TestCaseExecutor.processExecutionPhase(TestCaseExecutor.java:368)
	at com.kms.katalon.core.main.TestCaseExecutor.accessMainPhase(TestCaseExecutor.java:360)
	at com.kms.katalon.core.main.TestCaseExecutor.execute(TestCaseExecutor.java:255)
	at com.kms.katalon.core.main.TestSuiteExecutor.accessTestCaseMainPhase(TestSuiteExecutor.java:203)
	at com.kms.katalon.core.main.TestSuiteExecutor.accessTestSuiteMainPhase(TestSuiteExecutor.java:152)
	at com.kms.katalon.core.main.TestSuiteExecutor.execute(TestSuiteExecutor.java:95)
	at com.kms.katalon.core.main.TestCaseMain.startTestSuite(TestCaseMain.java:157)
	at com.kms.katalon.core.main.TestCaseMain$startTestSuite$0.call(Unknown Source)
	at TempTestSuite1622256592737.run(TempTestSuite1622256592737.groovy:39)
Caused by: com.kms.katalon.core.webui.exception.WebElementNotFoundException: Web element with id: 'Object Repository/1412263_Page_Mattermost/input_All team communication in one place, _dcc84b' located by '//input[@id='loginId']' not found
	at com.kms.katalon.core.webui.common.WebUiCommonHelper.findWebElement(WebUiCommonHelper.java:1368)
	at com.kms.katalon.core.webui.keyword.internal.WebUIAbstractKeyword.findWebElement(WebUIAbstractKeyword.groovy:27)
	at com.kms.katalon.core.webui.keyword.internal.WebUIAbstractKeyword.findWebElement(WebUIAbstractKeyword.groovy:26)
	at com.kms.katalon.core.webui.keyword.builtin.SetTextKeyword$_setText_closure1.doCall(SetTextKeyword.groovy:51)
	at com.kms.katalon.core.webui.keyword.builtin.SetTextKeyword$_setText_closure1.call(SetTextKeyword.groovy)
	at com.kms.katalon.core.webui.keyword.internal.WebUIKeywordMain.runKeyword(WebUIKeywordMain.groovy:20)
	at com.kms.katalon.core.webui.keyword.builtin.SetTextKeyword.setText(SetTextKeyword.groovy:66)
	at com.kms.katalon.core.webui.keyword.builtin.SetTextKeyword.execute(SetTextKeyword.groovy:37)
	at com.kms.katalon.core.keyword.internal.KeywordExecutor.executeKeywordForPlatform(KeywordExecutor.groovy:73)
	at com.kms.katalon.core.webui.keyword.WebUiBuiltInKeywords.setText(WebUiBuiltInKeywords.groovy:979)
	at com.kms.katalon.core.webui.keyword.WebUiBuiltInKeywords$setText$1.call(Unknown Source)
	at Script1621479151622.run(Script1621479151622.groovy:26)
	... 13 more
)
[[ATTACHMENT|C:\\Users\\Bao Chau\\Katalon Studio\\Mattermost_AutoTesting\\Reports\\20210529_094952\\1612049\\Run all test cases\\20210529_094952\\1622256681759.png]]]]></system-out>
         <system-err><![CDATA[2021-05-29 09:50:05 - [TEST_CASE][FAILED] - Test Cases/1412263/TC01_Login: Test Cases/1412263/TC01_Login FAILED.
Reason:
com.kms.katalon.core.exception.StepFailedException: Unable to set text 'huykhoi' of object 'Object Repository/1412263_Page_Mattermost/input_All team communication in one place, _dcc84b'
	at com.kms.katalon.core.webui.keyword.internal.WebUIKeywordMain.stepFailed(WebUIKeywordMain.groovy:64)
	at com.kms.katalon.core.webui.keyword.internal.WebUIKeywordMain.runKeyword(WebUIKeywordMain.groovy:26)
	at com.kms.katalon.core.webui.keyword.builtin.SetTextKeyword.setText(SetTextKeyword.groovy:66)
	at com.kms.katalon.core.webui.keyword.builtin.SetTextKeyword.execute(SetTextKeyword.groovy:37)
	at com.kms.katalon.core.keyword.internal.KeywordExecutor.executeKeywordForPlatform(KeywordExecutor.groovy:73)
	at com.kms.katalon.core.webui.keyword.WebUiBuiltInKeywords.setText(WebUiBuiltInKeywords.groovy:979)
	at com.kms.katalon.core.webui.keyword.WebUiBuiltInKeywords$setText$1.call(Unknown Source)
	at TC01_Login.run(TC01_Login:26)
	at com.kms.katalon.core.main.ScriptEngine.run(ScriptEngine.java:194)
	at com.kms.katalon.core.main.ScriptEngine.runScriptAsRawText(ScriptEngine.java:119)
	at com.kms.katalon.core.main.TestCaseExecutor.runScript(TestCaseExecutor.java:398)
	at com.kms.katalon.core.main.TestCaseExecutor.doExecute(TestCaseExecutor.java:389)
	at com.kms.katalon.core.main.TestCaseExecutor.processExecutionPhase(TestCaseExecutor.java:368)
	at com.kms.katalon.core.main.TestCaseExecutor.accessMainPhase(TestCaseExecutor.java:360)
	at com.kms.katalon.core.main.TestCaseExecutor.execute(TestCaseExecutor.java:255)
	at com.kms.katalon.core.main.TestSuiteExecutor.accessTestCaseMainPhase(TestSuiteExecutor.java:203)
	at com.kms.katalon.core.main.TestSuiteExecutor.accessTestSuiteMainPhase(TestSuiteExecutor.java:152)
	at com.kms.katalon.core.main.TestSuiteExecutor.execute(TestSuiteExecutor.java:95)
	at com.kms.katalon.core.main.TestCaseMain.startTestSuite(TestCaseMain.java:157)
	at com.kms.katalon.core.main.TestCaseMain$startTestSuite$0.call(Unknown Source)
	at TempTestSuite1622256592737.run(TempTestSuite1622256592737.groovy:39)
Caused by: com.kms.katalon.core.webui.exception.WebElementNotFoundException: Web element with id: 'Object Repository/1412263_Page_Mattermost/input_All team communication in one place, _dcc84b' located by '//input[@id='loginId']' not found
	at com.kms.katalon.core.webui.common.WebUiCommonHelper.findWebElement(WebUiCommonHelper.java:1368)
	at com.kms.katalon.core.webui.keyword.internal.WebUIAbstractKeyword.findWebElement(WebUIAbstractKeyword.groovy:27)
	at com.kms.katalon.core.webui.keyword.internal.WebUIAbstractKeyword.findWebElement(WebUIAbstractKeyword.groovy:26)
	at com.kms.katalon.core.webui.keyword.builtin.SetTextKeyword$_setText_closure1.doCall(SetTextKeyword.groovy:51)
	at com.kms.katalon.core.webui.keyword.builtin.SetTextKeyword$_setText_closure1.call(SetTextKeyword.groovy)
	at com.kms.katalon.core.webui.keyword.internal.WebUIKeywordMain.runKeyword(WebUIKeywordMain.groovy:20)
	... 19 more]]></system-err>
      </testcase>
      <testcase name="Test Cases/1412263/TC02_UpdatePassword" time="296.34" classname="Test Cases/1412263/TC02_UpdatePassword" status="FAILED">
         <failure type="FAILED" message="Test Cases/1412263/TC02_UpdatePassword FAILED.
Reason:
com.kms.katalon.core.exception.StepFailedException: Unable to click on object 'Object Repository/1412263_Page_Town Square - CNC_Nhom3 Mattermost/span_'
	at com.kms.katalon.core.webui.keyword.internal.WebUIKeywordMain.stepFailed(WebUIKeywordMain.groovy:64)
	at com.kms.katalon.core.webui.keyword.internal.WebUIKeywordMain.runKeyword(WebUIKeywordMain.groovy:26)
	at com.kms.katalon.core.webui.keyword.builtin.ClickKeyword.click(ClickKeyword.groovy:75)
	at com.kms.katalon.core.webui.keyword.builtin.ClickKeyword.execute(ClickKeyword.groovy:42)
	at com.kms.katalon.core.keyword.internal.KeywordExecutor.executeKeywordForPlatform(KeywordExecutor.groovy:73)
	at com.kms.katalon.core.webui.keyword.WebUiBuiltInKeywords.click(WebUiBuiltInKeywords.groovy:619)
	at com.kms.katalon.core.webui.keyword.WebUiBuiltInKeywords$click$3.call(Unknown Source)
	at TC02_UpdatePassword.run(TC02_UpdatePassword:53)
	at com.kms.katalon.core.main.ScriptEngine.run(ScriptEngine.java:194)
	at com.kms.katalon.core.main.ScriptEngine.runScriptAsRawText(ScriptEngine.java:119)
	at com.kms.katalon.core.main.TestCaseExecutor.runScript(TestCaseExecutor.java:398)
	at com.kms.katalon.core.main.TestCaseExecutor.doExecute(TestCaseExecutor.java:389)
	at com.kms.katalon.core.main.TestCaseExecutor.processExecutionPhase(TestCaseExecutor.java:368)
	at com.kms.katalon.core.main.TestCaseExecutor.accessMainPhase(TestCaseExecutor.java:360)
	at com.kms.katalon.core.main.TestCaseExecutor.execute(TestCaseExecutor.java:255)
	at com.kms.katalon.core.main.TestSuiteExecutor.accessTestCaseMainPhase(TestSuiteExecutor.java:203)
	at com.kms.katalon.core.main.TestSuiteExecutor.accessTestSuiteMainPhase(TestSuiteExecutor.java:152)
	at com.kms.katalon.core.main.TestSuiteExecutor.execute(TestSuiteExecutor.java:95)
	at com.kms.katalon.core.main.TestCaseMain.startTestSuite(TestCaseMain.java:157)
	at com.kms.katalon.core.main.TestCaseMain$startTestSuite$0.call(Unknown Source)
	at TempTestSuite1622256592737.run(TempTestSuite1622256592737.groovy:39)
Caused by: org.openqa.selenium.ElementNotInteractableException: element not interactable
  (Session info: chrome=90.0.4430.212)
Build info: version: '3.141.59', revision: 'e82be7d358', time: '2018-11-14T08:25:53'
System info: host: 'LAPTOP-4BGN0MAP', ip: '169.254.181.242', os.name: 'Windows 10', os.arch: 'amd64', os.version: '10.0', java.version: '1.8.0_282'
Driver info: com.kms.katalon.selenium.driver.CChromeDriver
Capabilities {acceptInsecureCerts: false, browserName: chrome, browserVersion: 90.0.4430.212, chrome: {chromedriverVersion: 90.0.4430.24 (4c6d850f087da..., userDataDir: C:\Users\BAOCHA~1\AppData\L...}, goog:chromeOptions: {debuggerAddress: localhost:62564}, javascriptEnabled: true, networkConnectionEnabled: false, pageLoadStrategy: normal, platform: WINDOWS, platformName: WINDOWS, proxy: Proxy(), setWindowRect: true, strictFileInteractability: false, timeouts: {implicit: 0, pageLoad: 300000, script: 30000}, unhandledPromptBehavior: dismiss and notify, webauthn:extension:largeBlob: true, webauthn:virtualAuthenticators: true}
Session ID: 0644e9d5006ebdb5793d672f2aa7dc4c
	at org.openqa.selenium.remote.http.W3CHttpResponseCodec.createException(W3CHttpResponseCodec.java:187)
	at org.openqa.selenium.remote.http.W3CHttpResponseCodec.decode(W3CHttpResponseCodec.java:122)
	at org.openqa.selenium.remote.http.W3CHttpResponseCodec.decode(W3CHttpResponseCodec.java:49)
	at org.openqa.selenium.remote.HttpCommandExecutor.execute(HttpCommandExecutor.java:158)
	at org.openqa.selenium.remote.service.DriverCommandExecutor.execute(DriverCommandExecutor.java:83)
	at org.openqa.selenium.remote.RemoteWebDriver.execute(RemoteWebDriver.java:552)
	at com.kms.katalon.selenium.driver.CChromeDriver.execute(CChromeDriver.java:19)
	at org.openqa.selenium.remote.RemoteWebElement.execute(RemoteWebElement.java:285)
	at org.openqa.selenium.remote.RemoteWebElement.click(RemoteWebElement.java:84)
	at org.openqa.selenium.support.events.EventFiringWebDriver$EventFiringWebElement.lambda$new$0(EventFiringWebDriver.java:404)
	at com.sun.proxy.$Proxy11.click(Unknown Source)
	at org.openqa.selenium.support.events.EventFiringWebDriver$EventFiringWebElement.click(EventFiringWebDriver.java:417)
	at com.kms.katalon.core.webui.keyword.builtin.ClickKeyword$_click_closure1.doCall(ClickKeyword.groovy:68)
	at com.kms.katalon.core.webui.keyword.builtin.ClickKeyword$_click_closure1.call(ClickKeyword.groovy)
	at com.kms.katalon.core.webui.keyword.internal.WebUIKeywordMain.runKeyword(WebUIKeywordMain.groovy:20)
	... 19 more
"/>
         <system-out><![CDATA[2021-05-29 09:51:21 - [TEST_CASE][FAILED] - Test Cases/1412263/TC02_UpdatePassword: Test Cases/1412263/TC02_UpdatePassword FAILED.
Reason:
com.kms.katalon.core.exception.StepFailedException: Unable to click on object 'Object Repository/1412263_Page_Town Square - CNC_Nhom3 Mattermost/span_'
	at com.kms.katalon.core.webui.keyword.internal.WebUIKeywordMain.stepFailed(WebUIKeywordMain.groovy:64)
	at com.kms.katalon.core.webui.keyword.internal.WebUIKeywordMain.runKeyword(WebUIKeywordMain.groovy:26)
	at com.kms.katalon.core.webui.keyword.builtin.ClickKeyword.click(ClickKeyword.groovy:75)
	at com.kms.katalon.core.webui.keyword.builtin.ClickKeyword.execute(ClickKeyword.groovy:42)
	at com.kms.katalon.core.keyword.internal.KeywordExecutor.executeKeywordForPlatform(KeywordExecutor.groovy:73)
	at com.kms.katalon.core.webui.keyword.WebUiBuiltInKeywords.click(WebUiBuiltInKeywords.groovy:619)
	at com.kms.katalon.core.webui.keyword.WebUiBuiltInKeywords$click$3.call(Unknown Source)
	at TC02_UpdatePassword.run(TC02_UpdatePassword:53)
	at com.kms.katalon.core.main.ScriptEngine.run(ScriptEngine.java:194)
	at com.kms.katalon.core.main.ScriptEngine.runScriptAsRawText(ScriptEngine.java:119)
	at com.kms.katalon.core.main.TestCaseExecutor.runScript(TestCaseExecutor.java:398)
	at com.kms.katalon.core.main.TestCaseExecutor.doExecute(TestCaseExecutor.java:389)
	at com.kms.katalon.core.main.TestCaseExecutor.processExecutionPhase(TestCaseExecutor.java:368)
	at com.kms.katalon.core.main.TestCaseExecutor.accessMainPhase(TestCaseExecutor.java:360)
	at com.kms.katalon.core.main.TestCaseExecutor.execute(TestCaseExecutor.java:255)
	at com.kms.katalon.core.main.TestSuiteExecutor.accessTestCaseMainPhase(TestSuiteExecutor.java:203)
	at com.kms.katalon.core.main.TestSuiteExecutor.accessTestSuiteMainPhase(TestSuiteExecutor.java:152)
	at com.kms.katalon.core.main.TestSuiteExecutor.execute(TestSuiteExecutor.java:95)
	at com.kms.katalon.core.main.TestCaseMain.startTestSuite(TestCaseMain.java:157)
	at com.kms.katalon.core.main.TestCaseMain$startTestSuite$0.call(Unknown Source)
	at TempTestSuite1622256592737.run(TempTestSuite1622256592737.groovy:39)
Caused by: org.openqa.selenium.ElementNotInteractableException: element not interactable
  (Session info: chrome=90.0.4430.212)
Build info: version: '3.141.59', revision: 'e82be7d358', time: '2018-11-14T08:25:53'
System info: host: 'LAPTOP-4BGN0MAP', ip: '169.254.181.242', os.name: 'Windows 10', os.arch: 'amd64', os.version: '10.0', java.version: '1.8.0_282'
Driver info: com.kms.katalon.selenium.driver.CChromeDriver
Capabilities {acceptInsecureCerts: false, browserName: chrome, browserVersion: 90.0.4430.212, chrome: {chromedriverVersion: 90.0.4430.24 (4c6d850f087da..., userDataDir: C:\Users\BAOCHA~1\AppData\L...}, goog:chromeOptions: {debuggerAddress: localhost:62564}, javascriptEnabled: true, networkConnectionEnabled: false, pageLoadStrategy: normal, platform: WINDOWS, platformName: WINDOWS, proxy: Proxy(), setWindowRect: true, strictFileInteractability: false, timeouts: {implicit: 0, pageLoad: 300000, script: 30000}, unhandledPromptBehavior: dismiss and notify, webauthn:extension:largeBlob: true, webauthn:virtualAuthenticators: true}
Session ID: 0644e9d5006ebdb5793d672f2aa7dc4c
	at org.openqa.selenium.remote.http.W3CHttpResponseCodec.createException(W3CHttpResponseCodec.java:187)
	at org.openqa.selenium.remote.http.W3CHttpResponseCodec.decode(W3CHttpResponseCodec.java:122)
	at org.openqa.selenium.remote.http.W3CHttpResponseCodec.decode(W3CHttpResponseCodec.java:49)
	at org.openqa.selenium.remote.HttpCommandExecutor.execute(HttpCommandExecutor.java:158)
	at org.openqa.selenium.remote.service.DriverCommandExecutor.execute(DriverCommandExecutor.java:83)
	at org.openqa.selenium.remote.RemoteWebDriver.execute(RemoteWebDriver.java:552)
	at com.kms.katalon.selenium.driver.CChromeDriver.execute(CChromeDriver.java:19)
	at org.openqa.selenium.remote.RemoteWebElement.execute(RemoteWebElement.java:285)
	at org.openqa.selenium.remote.RemoteWebElement.click(RemoteWebElement.java:84)
	at org.openqa.selenium.support.events.EventFiringWebDriver$EventFiringWebElement.lambda$new$0(EventFiringWebDriver.java:404)
	at com.sun.proxy.$Proxy11.click(Unknown Source)
	at org.openqa.selenium.support.events.EventFiringWebDriver$EventFiringWebElement.click(EventFiringWebDriver.java:417)
	at com.kms.katalon.core.webui.keyword.builtin.ClickKeyword$_click_closure1.doCall(ClickKeyword.groovy:68)
	at com.kms.katalon.core.webui.keyword.builtin.ClickKeyword$_click_closure1.call(ClickKeyword.groovy)
	at com.kms.katalon.core.webui.keyword.internal.WebUIKeywordMain.runKeyword(WebUIKeywordMain.groovy:20)
	... 19 more


2021-05-29 09:51:22 - [TEST_STEP][PASSED] - openBrowser(""): Browser is opened with url: ''

2021-05-29 09:51:22 - [MESSAGE][WARNING] - A browser is already opened. Closing browser and opening a new one

2021-05-29 09:51:23 - [MESSAGE][INFO] - Starting 'Chrome' driver

2021-05-29 09:51:23 - [MESSAGE][INFO] - Action delay is set to 5,000 milliseconds

2021-05-29 09:51:24 - [MESSAGE][PASSED] - Browser is opened with url: ''

2021-05-29 09:51:24 - [TEST_STEP][PASSED] - navigateToUrl("http://mattermostwebapp.herokuapp.com/"): Navigate to 'http://mattermostwebapp.herokuapp.com/' successfully

2021-05-29 09:51:32 - [MESSAGE][PASSED] - Navigate to 'http://mattermostwebapp.herokuapp.com/' successfully

2021-05-29 09:51:32 - [TEST_STEP][PASSED] - setText(findTestObject("1412263_Page_Mattermost/input_All team communication in one place, _dcc84b"), "huykhoi263"): Text 'huykhoi263' is set on object 'Object Repository/1412263_Page_Mattermost/input_All team communication in one place, _dcc84b'

2021-05-29 09:51:47 - [MESSAGE][PASSED] - Text 'huykhoi263' is set on object 'Object Repository/1412263_Page_Mattermost/input_All team communication in one place, _dcc84b'

2021-05-29 09:51:47 - [TEST_STEP][PASSED] - setEncryptedText(findTestObject("1412263_Page_Mattermost/input_All team communication in one place, _a3edc6"), "o1rBehR+FzY2ClyWuSUtzg=="): Text ****** has been set on object 'Object Repository/1412263_Page_Mattermost/input_All team communication in one place, _a3edc6'

2021-05-29 09:51:59 - [MESSAGE][PASSED] - Text ****** has been set on object 'Object Repository/1412263_Page_Mattermost/input_All team communication in one place, _a3edc6'

2021-05-29 09:51:59 - [TEST_STEP][PASSED] - click(findTestObject("1412263_Page_Mattermost/button_Sign in")): Object: 'Object Repository/1412263_Page_Mattermost/button_Sign in' is clicked on

2021-05-29 09:52:06 - [MESSAGE][PASSED] - Object: 'Object Repository/1412263_Page_Mattermost/button_Sign in' is clicked on

2021-05-29 09:52:06 - [TEST_STEP][PASSED] - click(findTestObject("1412263_Page_Town Square - CNC_Nhom3 Mattermost/span")): Object: 'Object Repository/1412263_Page_Town Square - CNC_Nhom3 Mattermost/span' is clicked on

2021-05-29 09:52:14 - [MESSAGE][PASSED] - Object: 'Object Repository/1412263_Page_Town Square - CNC_Nhom3 Mattermost/span' is clicked on

2021-05-29 09:52:14 - [TEST_STEP][PASSED] - click(findTestObject("1412263_Page_Town Square - CNC_Nhom3 Mattermost/button_Account Settings")): Object: 'Object Repository/1412263_Page_Town Square - CNC_Nhom3 Mattermost/button_Account Settings' is clicked on

2021-05-29 09:52:21 - [MESSAGE][PASSED] - Object: 'Object Repository/1412263_Page_Town Square - CNC_Nhom3 Mattermost/button_Account Settings' is clicked on

2021-05-29 09:52:21 - [TEST_STEP][PASSED] - click(findTestObject("1412263_Page_Town Square - CNC_Nhom3 Mattermost/button_Security")): Object: 'Object Repository/1412263_Page_Town Square - CNC_Nhom3 Mattermost/button_Security' is clicked on

2021-05-29 09:52:28 - [MESSAGE][PASSED] - Object: 'Object Repository/1412263_Page_Town Square - CNC_Nhom3 Mattermost/button_Security' is clicked on

2021-05-29 09:52:28 - [TEST_STEP][PASSED] - for ([i = 1, i <= 5, (i++)]): null

2021-05-29 09:52:28 - [TEST_STEP][PASSED] - click(findTestObject("1412263_Page_Town Square - CNC_Nhom3 Mattermost/span_EditPassword")): Object: 'Object Repository/1412263_Page_Town Square - CNC_Nhom3 Mattermost/span_EditPassword' is clicked on

2021-05-29 09:52:35 - [MESSAGE][PASSED] - Object: 'Object Repository/1412263_Page_Town Square - CNC_Nhom3 Mattermost/span_EditPassword' is clicked on

2021-05-29 09:52:35 - [TEST_STEP][PASSED] - setEncryptedText(findTestObject("1412263_Page_Town Square - CNC_Nhom3 Mattermost/input_Current Password_currentPassword"), findTestData("1412263/Data TC2 UpdatePassword").getValue(1, i)): Text ****** has been set on object 'Object Repository/1412263_Page_Town Square - CNC_Nhom3 Mattermost/input_Current Password_currentPassword'

2021-05-29 09:52:45 - [MESSAGE][PASSED] - Text ****** has been set on object 'Object Repository/1412263_Page_Town Square - CNC_Nhom3 Mattermost/input_Current Password_currentPassword'

2021-05-29 09:52:45 - [TEST_STEP][PASSED] - setEncryptedText(findTestObject("1412263_Page_Town Square - CNC_Nhom3 Mattermost/input_New Password_newPassword"), findTestData("1412263/Data TC2 UpdatePassword").getValue(2, i)): Text ****** has been set on object 'Object Repository/1412263_Page_Town Square - CNC_Nhom3 Mattermost/input_New Password_newPassword'

2021-05-29 09:52:56 - [MESSAGE][PASSED] - Text ****** has been set on object 'Object Repository/1412263_Page_Town Square - CNC_Nhom3 Mattermost/input_New Password_newPassword'

2021-05-29 09:52:56 - [TEST_STEP][PASSED] - setEncryptedText(findTestObject("1412263_Page_Town Square - CNC_Nhom3 Mattermost/input_Retype New Password_confirmPassword"), findTestData("1412263/Data TC2 UpdatePassword").getValue(3, i)): Text ****** has been set on object 'Object Repository/1412263_Page_Town Square - CNC_Nhom3 Mattermost/input_Retype New Password_confirmPassword'

2021-05-29 09:53:06 - [MESSAGE][PASSED] - Text ****** has been set on object 'Object Repository/1412263_Page_Town Square - CNC_Nhom3 Mattermost/input_Retype New Password_confirmPassword'

2021-05-29 09:53:06 - [TEST_STEP][PASSED] - click(findTestObject("1412263_Page_Town Square - CNC_Nhom3 Mattermost/button_Save")): Object: 'Object Repository/1412263_Page_Town Square - CNC_Nhom3 Mattermost/button_Save' is clicked on

2021-05-29 09:53:12 - [MESSAGE][PASSED] - Object: 'Object Repository/1412263_Page_Town Square - CNC_Nhom3 Mattermost/button_Save' is clicked on

2021-05-29 09:53:12 - [TEST_STEP][PASSED] - Thread.sleep(2000): null

2021-05-29 09:53:14 - [TEST_STEP][PASSED] - click(findTestObject("1412263_Page_Town Square - CNC_Nhom3 Mattermost/span_EditPassword")): Object: 'Object Repository/1412263_Page_Town Square - CNC_Nhom3 Mattermost/span_EditPassword' is clicked on

2021-05-29 09:53:19 - [MESSAGE][PASSED] - Object: 'Object Repository/1412263_Page_Town Square - CNC_Nhom3 Mattermost/span_EditPassword' is clicked on

2021-05-29 09:53:19 - [TEST_STEP][PASSED] - setEncryptedText(findTestObject("1412263_Page_Town Square - CNC_Nhom3 Mattermost/input_Current Password_currentPassword"), findTestData("1412263/Data TC2 UpdatePassword").getValue(1, i)): Text ****** has been set on object 'Object Repository/1412263_Page_Town Square - CNC_Nhom3 Mattermost/input_Current Password_currentPassword'

2021-05-29 09:53:30 - [MESSAGE][PASSED] - Text ****** has been set on object 'Object Repository/1412263_Page_Town Square - CNC_Nhom3 Mattermost/input_Current Password_currentPassword'

2021-05-29 09:53:30 - [TEST_STEP][PASSED] - setEncryptedText(findTestObject("1412263_Page_Town Square - CNC_Nhom3 Mattermost/input_New Password_newPassword"), findTestData("1412263/Data TC2 UpdatePassword").getValue(2, i)): Text ****** has been set on object 'Object Repository/1412263_Page_Town Square - CNC_Nhom3 Mattermost/input_New Password_newPassword'

2021-05-29 09:53:40 - [MESSAGE][PASSED] - Text ****** has been set on object 'Object Repository/1412263_Page_Town Square - CNC_Nhom3 Mattermost/input_New Password_newPassword'

2021-05-29 09:53:40 - [TEST_STEP][PASSED] - setEncryptedText(findTestObject("1412263_Page_Town Square - CNC_Nhom3 Mattermost/input_Retype New Password_confirmPassword"), findTestData("1412263/Data TC2 UpdatePassword").getValue(3, i)): Text ****** has been set on object 'Object Repository/1412263_Page_Town Square - CNC_Nhom3 Mattermost/input_Retype New Password_confirmPassword'

2021-05-29 09:53:51 - [MESSAGE][PASSED] - Text ****** has been set on object 'Object Repository/1412263_Page_Town Square - CNC_Nhom3 Mattermost/input_Retype New Password_confirmPassword'

2021-05-29 09:53:51 - [TEST_STEP][PASSED] - click(findTestObject("1412263_Page_Town Square - CNC_Nhom3 Mattermost/button_Save")): Object: 'Object Repository/1412263_Page_Town Square - CNC_Nhom3 Mattermost/button_Save' is clicked on

2021-05-29 09:53:56 - [MESSAGE][PASSED] - Object: 'Object Repository/1412263_Page_Town Square - CNC_Nhom3 Mattermost/button_Save' is clicked on

2021-05-29 09:53:56 - [TEST_STEP][PASSED] - Thread.sleep(2000): null

2021-05-29 09:53:58 - [TEST_STEP][PASSED] - click(findTestObject("1412263_Page_Town Square - CNC_Nhom3 Mattermost/span_EditPassword")): Object: 'Object Repository/1412263_Page_Town Square - CNC_Nhom3 Mattermost/span_EditPassword' is clicked on

2021-05-29 09:54:04 - [MESSAGE][PASSED] - Object: 'Object Repository/1412263_Page_Town Square - CNC_Nhom3 Mattermost/span_EditPassword' is clicked on

2021-05-29 09:54:04 - [TEST_STEP][PASSED] - setEncryptedText(findTestObject("1412263_Page_Town Square - CNC_Nhom3 Mattermost/input_Current Password_currentPassword"), findTestData("1412263/Data TC2 UpdatePassword").getValue(1, i)): Text ****** has been set on object 'Object Repository/1412263_Page_Town Square - CNC_Nhom3 Mattermost/input_Current Password_currentPassword'

2021-05-29 09:54:14 - [MESSAGE][PASSED] - Text ****** has been set on object 'Object Repository/1412263_Page_Town Square - CNC_Nhom3 Mattermost/input_Current Password_currentPassword'

2021-05-29 09:54:14 - [TEST_STEP][PASSED] - setEncryptedText(findTestObject("1412263_Page_Town Square - CNC_Nhom3 Mattermost/input_New Password_newPassword"), findTestData("1412263/Data TC2 UpdatePassword").getValue(2, i)): Text ****** has been set on object 'Object Repository/1412263_Page_Town Square - CNC_Nhom3 Mattermost/input_New Password_newPassword'

2021-05-29 09:54:25 - [MESSAGE][PASSED] - Text ****** has been set on object 'Object Repository/1412263_Page_Town Square - CNC_Nhom3 Mattermost/input_New Password_newPassword'

2021-05-29 09:54:25 - [TEST_STEP][PASSED] - setEncryptedText(findTestObject("1412263_Page_Town Square - CNC_Nhom3 Mattermost/input_Retype New Password_confirmPassword"), findTestData("1412263/Data TC2 UpdatePassword").getValue(3, i)): Text ****** has been set on object 'Object Repository/1412263_Page_Town Square - CNC_Nhom3 Mattermost/input_Retype New Password_confirmPassword'

2021-05-29 09:54:35 - [MESSAGE][PASSED] - Text ****** has been set on object 'Object Repository/1412263_Page_Town Square - CNC_Nhom3 Mattermost/input_Retype New Password_confirmPassword'

2021-05-29 09:54:35 - [TEST_STEP][PASSED] - click(findTestObject("1412263_Page_Town Square - CNC_Nhom3 Mattermost/button_Save")): Object: 'Object Repository/1412263_Page_Town Square - CNC_Nhom3 Mattermost/button_Save' is clicked on

2021-05-29 09:54:41 - [MESSAGE][PASSED] - Object: 'Object Repository/1412263_Page_Town Square - CNC_Nhom3 Mattermost/button_Save' is clicked on

2021-05-29 09:54:41 - [TEST_STEP][PASSED] - Thread.sleep(2000): null

2021-05-29 09:54:43 - [TEST_STEP][PASSED] - click(findTestObject("1412263_Page_Town Square - CNC_Nhom3 Mattermost/span_EditPassword")): Object: 'Object Repository/1412263_Page_Town Square - CNC_Nhom3 Mattermost/span_EditPassword' is clicked on

2021-05-29 09:54:48 - [MESSAGE][PASSED] - Object: 'Object Repository/1412263_Page_Town Square - CNC_Nhom3 Mattermost/span_EditPassword' is clicked on

2021-05-29 09:54:48 - [TEST_STEP][PASSED] - setEncryptedText(findTestObject("1412263_Page_Town Square - CNC_Nhom3 Mattermost/input_Current Password_currentPassword"), findTestData("1412263/Data TC2 UpdatePassword").getValue(1, i)): Text ****** has been set on object 'Object Repository/1412263_Page_Town Square - CNC_Nhom3 Mattermost/input_Current Password_currentPassword'

2021-05-29 09:54:59 - [MESSAGE][PASSED] - Text ****** has been set on object 'Object Repository/1412263_Page_Town Square - CNC_Nhom3 Mattermost/input_Current Password_currentPassword'

2021-05-29 09:54:59 - [TEST_STEP][PASSED] - setEncryptedText(findTestObject("1412263_Page_Town Square - CNC_Nhom3 Mattermost/input_New Password_newPassword"), findTestData("1412263/Data TC2 UpdatePassword").getValue(2, i)): Text ****** has been set on object 'Object Repository/1412263_Page_Town Square - CNC_Nhom3 Mattermost/input_New Password_newPassword'

2021-05-29 09:55:09 - [MESSAGE][PASSED] - Text ****** has been set on object 'Object Repository/1412263_Page_Town Square - CNC_Nhom3 Mattermost/input_New Password_newPassword'

2021-05-29 09:55:09 - [TEST_STEP][PASSED] - setEncryptedText(findTestObject("1412263_Page_Town Square - CNC_Nhom3 Mattermost/input_Retype New Password_confirmPassword"), findTestData("1412263/Data TC2 UpdatePassword").getValue(3, i)): Text ****** has been set on object 'Object Repository/1412263_Page_Town Square - CNC_Nhom3 Mattermost/input_Retype New Password_confirmPassword'

2021-05-29 09:55:20 - [MESSAGE][PASSED] - Text ****** has been set on object 'Object Repository/1412263_Page_Town Square - CNC_Nhom3 Mattermost/input_Retype New Password_confirmPassword'

2021-05-29 09:55:20 - [TEST_STEP][PASSED] - click(findTestObject("1412263_Page_Town Square - CNC_Nhom3 Mattermost/button_Save")): Object: 'Object Repository/1412263_Page_Town Square - CNC_Nhom3 Mattermost/button_Save' is clicked on

2021-05-29 09:55:25 - [MESSAGE][PASSED] - Object: 'Object Repository/1412263_Page_Town Square - CNC_Nhom3 Mattermost/button_Save' is clicked on

2021-05-29 09:55:25 - [TEST_STEP][PASSED] - Thread.sleep(2000): null

2021-05-29 09:55:27 - [TEST_STEP][PASSED] - click(findTestObject("1412263_Page_Town Square - CNC_Nhom3 Mattermost/span_EditPassword")): Object: 'Object Repository/1412263_Page_Town Square - CNC_Nhom3 Mattermost/span_EditPassword' is clicked on

2021-05-29 09:55:33 - [MESSAGE][PASSED] - Object: 'Object Repository/1412263_Page_Town Square - CNC_Nhom3 Mattermost/span_EditPassword' is clicked on

2021-05-29 09:55:33 - [TEST_STEP][PASSED] - setEncryptedText(findTestObject("1412263_Page_Town Square - CNC_Nhom3 Mattermost/input_Current Password_currentPassword"), findTestData("1412263/Data TC2 UpdatePassword").getValue(1, i)): Text ****** has been set on object 'Object Repository/1412263_Page_Town Square - CNC_Nhom3 Mattermost/input_Current Password_currentPassword'

2021-05-29 09:55:43 - [MESSAGE][PASSED] - Text ****** has been set on object 'Object Repository/1412263_Page_Town Square - CNC_Nhom3 Mattermost/input_Current Password_currentPassword'

2021-05-29 09:55:43 - [TEST_STEP][PASSED] - setEncryptedText(findTestObject("1412263_Page_Town Square - CNC_Nhom3 Mattermost/input_New Password_newPassword"), findTestData("1412263/Data TC2 UpdatePassword").getValue(2, i)): Text ****** has been set on object 'Object Repository/1412263_Page_Town Square - CNC_Nhom3 Mattermost/input_New Password_newPassword'

2021-05-29 09:55:54 - [MESSAGE][PASSED] - Text ****** has been set on object 'Object Repository/1412263_Page_Town Square - CNC_Nhom3 Mattermost/input_New Password_newPassword'

2021-05-29 09:55:54 - [TEST_STEP][PASSED] - setEncryptedText(findTestObject("1412263_Page_Town Square - CNC_Nhom3 Mattermost/input_Retype New Password_confirmPassword"), findTestData("1412263/Data TC2 UpdatePassword").getValue(3, i)): Text ****** has been set on object 'Object Repository/1412263_Page_Town Square - CNC_Nhom3 Mattermost/input_Retype New Password_confirmPassword'

2021-05-29 09:56:04 - [MESSAGE][PASSED] - Text ****** has been set on object 'Object Repository/1412263_Page_Town Square - CNC_Nhom3 Mattermost/input_Retype New Password_confirmPassword'

2021-05-29 09:56:04 - [TEST_STEP][PASSED] - click(findTestObject("1412263_Page_Town Square - CNC_Nhom3 Mattermost/button_Save")): Object: 'Object Repository/1412263_Page_Town Square - CNC_Nhom3 Mattermost/button_Save' is clicked on

2021-05-29 09:56:10 - [MESSAGE][PASSED] - Object: 'Object Repository/1412263_Page_Town Square - CNC_Nhom3 Mattermost/button_Save' is clicked on

2021-05-29 09:56:10 - [TEST_STEP][PASSED] - Thread.sleep(2000): null

2021-05-29 09:56:12 - [TEST_STEP][FAILED] - click(findTestObject("1412263_Page_Town Square - CNC_Nhom3 Mattermost/span_")): Unable to click on object 'Object Repository/1412263_Page_Town Square - CNC_Nhom3 Mattermost/span_' (Root cause: com.kms.katalon.core.exception.StepFailedException: Unable to click on object 'Object Repository/1412263_Page_Town Square - CNC_Nhom3 Mattermost/span_'
	at com.kms.katalon.core.webui.keyword.internal.WebUIKeywordMain.stepFailed(WebUIKeywordMain.groovy:64)
	at com.kms.katalon.core.webui.keyword.internal.WebUIKeywordMain.runKeyword(WebUIKeywordMain.groovy:26)
	at com.kms.katalon.core.webui.keyword.builtin.ClickKeyword.click(ClickKeyword.groovy:75)
	at com.kms.katalon.core.webui.keyword.builtin.ClickKeyword.execute(ClickKeyword.groovy:42)
	at com.kms.katalon.core.keyword.internal.KeywordExecutor.executeKeywordForPlatform(KeywordExecutor.groovy:73)
	at com.kms.katalon.core.webui.keyword.WebUiBuiltInKeywords.click(WebUiBuiltInKeywords.groovy:619)
	at com.kms.katalon.core.webui.keyword.WebUiBuiltInKeywords$click$3.call(Unknown Source)
	at TC02_UpdatePassword.run(TC02_UpdatePassword:53)
	at com.kms.katalon.core.main.ScriptEngine.run(ScriptEngine.java:194)
	at com.kms.katalon.core.main.ScriptEngine.runScriptAsRawText(ScriptEngine.java:119)
	at com.kms.katalon.core.main.TestCaseExecutor.runScript(TestCaseExecutor.java:398)
	at com.kms.katalon.core.main.TestCaseExecutor.doExecute(TestCaseExecutor.java:389)
	at com.kms.katalon.core.main.TestCaseExecutor.processExecutionPhase(TestCaseExecutor.java:368)
	at com.kms.katalon.core.main.TestCaseExecutor.accessMainPhase(TestCaseExecutor.java:360)
	at com.kms.katalon.core.main.TestCaseExecutor.execute(TestCaseExecutor.java:255)
	at com.kms.katalon.core.main.TestSuiteExecutor.accessTestCaseMainPhase(TestSuiteExecutor.java:203)
	at com.kms.katalon.core.main.TestSuiteExecutor.accessTestSuiteMainPhase(TestSuiteExecutor.java:152)
	at com.kms.katalon.core.main.TestSuiteExecutor.execute(TestSuiteExecutor.java:95)
	at com.kms.katalon.core.main.TestCaseMain.startTestSuite(TestCaseMain.java:157)
	at com.kms.katalon.core.main.TestCaseMain$startTestSuite$0.call(Unknown Source)
	at TempTestSuite1622256592737.run(TempTestSuite1622256592737.groovy:39)
Caused by: org.openqa.selenium.ElementNotInteractableException: element not interactable
  (Session info: chrome=90.0.4430.212)
Build info: version: '3.141.59', revision: 'e82be7d358', time: '2018-11-14T08:25:53'
System info: host: 'LAPTOP-4BGN0MAP', ip: '169.254.181.242', os.name: 'Windows 10', os.arch: 'amd64', os.version: '10.0', java.version: '1.8.0_282'
Driver info: com.kms.katalon.selenium.driver.CChromeDriver
Capabilities {acceptInsecureCerts: false, browserName: chrome, browserVersion: 90.0.4430.212, chrome: {chromedriverVersion: 90.0.4430.24 (4c6d850f087da..., userDataDir: C:\Users\BAOCHA~1\AppData\L...}, goog:chromeOptions: {debuggerAddress: localhost:62564}, javascriptEnabled: true, networkConnectionEnabled: false, pageLoadStrategy: normal, platform: WINDOWS, platformName: WINDOWS, proxy: Proxy(), setWindowRect: true, strictFileInteractability: false, timeouts: {implicit: 0, pageLoad: 300000, script: 30000}, unhandledPromptBehavior: dismiss and notify, webauthn:extension:largeBlob: true, webauthn:virtualAuthenticators: true}
Session ID: 0644e9d5006ebdb5793d672f2aa7dc4c
	at org.openqa.selenium.remote.http.W3CHttpResponseCodec.createException(W3CHttpResponseCodec.java:187)
	at org.openqa.selenium.remote.http.W3CHttpResponseCodec.decode(W3CHttpResponseCodec.java:122)
	at org.openqa.selenium.remote.http.W3CHttpResponseCodec.decode(W3CHttpResponseCodec.java:49)
	at org.openqa.selenium.remote.HttpCommandExecutor.execute(HttpCommandExecutor.java:158)
	at org.openqa.selenium.remote.service.DriverCommandExecutor.execute(DriverCommandExecutor.java:83)
	at org.openqa.selenium.remote.RemoteWebDriver.execute(RemoteWebDriver.java:552)
	at com.kms.katalon.selenium.driver.CChromeDriver.execute(CChromeDriver.java:19)
	at org.openqa.selenium.remote.RemoteWebElement.execute(RemoteWebElement.java:285)
	at org.openqa.selenium.remote.RemoteWebElement.click(RemoteWebElement.java:84)
	at org.openqa.selenium.support.events.EventFiringWebDriver$EventFiringWebElement.lambda$new$0(EventFiringWebDriver.java:404)
	at com.sun.proxy.$Proxy11.click(Unknown Source)
	at org.openqa.selenium.support.events.EventFiringWebDriver$EventFiringWebElement.click(EventFiringWebDriver.java:417)
	at com.kms.katalon.core.webui.keyword.builtin.ClickKeyword$_click_closure1.doCall(ClickKeyword.groovy:68)
	at com.kms.katalon.core.webui.keyword.builtin.ClickKeyword$_click_closure1.call(ClickKeyword.groovy)
	at com.kms.katalon.core.webui.keyword.internal.WebUIKeywordMain.runKeyword(WebUIKeywordMain.groovy:20)
	at com.kms.katalon.core.webui.keyword.builtin.ClickKeyword.click(ClickKeyword.groovy:75)
	at com.kms.katalon.core.webui.keyword.builtin.ClickKeyword.execute(ClickKeyword.groovy:42)
	at com.kms.katalon.core.keyword.internal.KeywordExecutor.executeKeywordForPlatform(KeywordExecutor.groovy:73)
	at com.kms.katalon.core.webui.keyword.WebUiBuiltInKeywords.click(WebUiBuiltInKeywords.groovy:619)
	at com.kms.katalon.core.webui.keyword.WebUiBuiltInKeywords$click$3.call(Unknown Source)
	at Script1621479155828.run(Script1621479155828.groovy:53)
	... 13 more
)

2021-05-29 09:56:18 - [MESSAGE][FAILED] - Unable to click on object 'Object Repository/1412263_Page_Town Square - CNC_Nhom3 Mattermost/span_' (Root cause: com.kms.katalon.core.exception.StepFailedException: Unable to click on object 'Object Repository/1412263_Page_Town Square - CNC_Nhom3 Mattermost/span_'
	at com.kms.katalon.core.webui.keyword.internal.WebUIKeywordMain.stepFailed(WebUIKeywordMain.groovy:64)
	at com.kms.katalon.core.webui.keyword.internal.WebUIKeywordMain.runKeyword(WebUIKeywordMain.groovy:26)
	at com.kms.katalon.core.webui.keyword.builtin.ClickKeyword.click(ClickKeyword.groovy:75)
	at com.kms.katalon.core.webui.keyword.builtin.ClickKeyword.execute(ClickKeyword.groovy:42)
	at com.kms.katalon.core.keyword.internal.KeywordExecutor.executeKeywordForPlatform(KeywordExecutor.groovy:73)
	at com.kms.katalon.core.webui.keyword.WebUiBuiltInKeywords.click(WebUiBuiltInKeywords.groovy:619)
	at com.kms.katalon.core.webui.keyword.WebUiBuiltInKeywords$click$3.call(Unknown Source)
	at TC02_UpdatePassword.run(TC02_UpdatePassword:53)
	at com.kms.katalon.core.main.ScriptEngine.run(ScriptEngine.java:194)
	at com.kms.katalon.core.main.ScriptEngine.runScriptAsRawText(ScriptEngine.java:119)
	at com.kms.katalon.core.main.TestCaseExecutor.runScript(TestCaseExecutor.java:398)
	at com.kms.katalon.core.main.TestCaseExecutor.doExecute(TestCaseExecutor.java:389)
	at com.kms.katalon.core.main.TestCaseExecutor.processExecutionPhase(TestCaseExecutor.java:368)
	at com.kms.katalon.core.main.TestCaseExecutor.accessMainPhase(TestCaseExecutor.java:360)
	at com.kms.katalon.core.main.TestCaseExecutor.execute(TestCaseExecutor.java:255)
	at com.kms.katalon.core.main.TestSuiteExecutor.accessTestCaseMainPhase(TestSuiteExecutor.java:203)
	at com.kms.katalon.core.main.TestSuiteExecutor.accessTestSuiteMainPhase(TestSuiteExecutor.java:152)
	at com.kms.katalon.core.main.TestSuiteExecutor.execute(TestSuiteExecutor.java:95)
	at com.kms.katalon.core.main.TestCaseMain.startTestSuite(TestCaseMain.java:157)
	at com.kms.katalon.core.main.TestCaseMain$startTestSuite$0.call(Unknown Source)
	at TempTestSuite1622256592737.run(TempTestSuite1622256592737.groovy:39)
Caused by: org.openqa.selenium.ElementNotInteractableException: element not interactable
  (Session info: chrome=90.0.4430.212)
Build info: version: '3.141.59', revision: 'e82be7d358', time: '2018-11-14T08:25:53'
System info: host: 'LAPTOP-4BGN0MAP', ip: '169.254.181.242', os.name: 'Windows 10', os.arch: 'amd64', os.version: '10.0', java.version: '1.8.0_282'
Driver info: com.kms.katalon.selenium.driver.CChromeDriver
Capabilities {acceptInsecureCerts: false, browserName: chrome, browserVersion: 90.0.4430.212, chrome: {chromedriverVersion: 90.0.4430.24 (4c6d850f087da..., userDataDir: C:\Users\BAOCHA~1\AppData\L...}, goog:chromeOptions: {debuggerAddress: localhost:62564}, javascriptEnabled: true, networkConnectionEnabled: false, pageLoadStrategy: normal, platform: WINDOWS, platformName: WINDOWS, proxy: Proxy(), setWindowRect: true, strictFileInteractability: false, timeouts: {implicit: 0, pageLoad: 300000, script: 30000}, unhandledPromptBehavior: dismiss and notify, webauthn:extension:largeBlob: true, webauthn:virtualAuthenticators: true}
Session ID: 0644e9d5006ebdb5793d672f2aa7dc4c
	at org.openqa.selenium.remote.http.W3CHttpResponseCodec.createException(W3CHttpResponseCodec.java:187)
	at org.openqa.selenium.remote.http.W3CHttpResponseCodec.decode(W3CHttpResponseCodec.java:122)
	at org.openqa.selenium.remote.http.W3CHttpResponseCodec.decode(W3CHttpResponseCodec.java:49)
	at org.openqa.selenium.remote.HttpCommandExecutor.execute(HttpCommandExecutor.java:158)
	at org.openqa.selenium.remote.service.DriverCommandExecutor.execute(DriverCommandExecutor.java:83)
	at org.openqa.selenium.remote.RemoteWebDriver.execute(RemoteWebDriver.java:552)
	at com.kms.katalon.selenium.driver.CChromeDriver.execute(CChromeDriver.java:19)
	at org.openqa.selenium.remote.RemoteWebElement.execute(RemoteWebElement.java:285)
	at org.openqa.selenium.remote.RemoteWebElement.click(RemoteWebElement.java:84)
	at org.openqa.selenium.support.events.EventFiringWebDriver$EventFiringWebElement.lambda$new$0(EventFiringWebDriver.java:404)
	at com.sun.proxy.$Proxy11.click(Unknown Source)
	at org.openqa.selenium.support.events.EventFiringWebDriver$EventFiringWebElement.click(EventFiringWebDriver.java:417)
	at com.kms.katalon.core.webui.keyword.builtin.ClickKeyword$_click_closure1.doCall(ClickKeyword.groovy:68)
	at com.kms.katalon.core.webui.keyword.builtin.ClickKeyword$_click_closure1.call(ClickKeyword.groovy)
	at com.kms.katalon.core.webui.keyword.internal.WebUIKeywordMain.runKeyword(WebUIKeywordMain.groovy:20)
	at com.kms.katalon.core.webui.keyword.builtin.ClickKeyword.click(ClickKeyword.groovy:75)
	at com.kms.katalon.core.webui.keyword.builtin.ClickKeyword.execute(ClickKeyword.groovy:42)
	at com.kms.katalon.core.keyword.internal.KeywordExecutor.executeKeywordForPlatform(KeywordExecutor.groovy:73)
	at com.kms.katalon.core.webui.keyword.WebUiBuiltInKeywords.click(WebUiBuiltInKeywords.groovy:619)
	at com.kms.katalon.core.webui.keyword.WebUiBuiltInKeywords$click$3.call(Unknown Source)
	at Script1621479155828.run(Script1621479155828.groovy:53)
	... 13 more
)
[[ATTACHMENT|C:\\Users\\Bao Chau\\Katalon Studio\\Mattermost_AutoTesting\\Reports\\20210529_094952\\1612049\\Run all test cases\\20210529_094952\\1622256978150.png]]]]></system-out>
         <system-err><![CDATA[2021-05-29 09:51:21 - [TEST_CASE][FAILED] - Test Cases/1412263/TC02_UpdatePassword: Test Cases/1412263/TC02_UpdatePassword FAILED.
Reason:
com.kms.katalon.core.exception.StepFailedException: Unable to click on object 'Object Repository/1412263_Page_Town Square - CNC_Nhom3 Mattermost/span_'
	at com.kms.katalon.core.webui.keyword.internal.WebUIKeywordMain.stepFailed(WebUIKeywordMain.groovy:64)
	at com.kms.katalon.core.webui.keyword.internal.WebUIKeywordMain.runKeyword(WebUIKeywordMain.groovy:26)
	at com.kms.katalon.core.webui.keyword.builtin.ClickKeyword.click(ClickKeyword.groovy:75)
	at com.kms.katalon.core.webui.keyword.builtin.ClickKeyword.execute(ClickKeyword.groovy:42)
	at com.kms.katalon.core.keyword.internal.KeywordExecutor.executeKeywordForPlatform(KeywordExecutor.groovy:73)
	at com.kms.katalon.core.webui.keyword.WebUiBuiltInKeywords.click(WebUiBuiltInKeywords.groovy:619)
	at com.kms.katalon.core.webui.keyword.WebUiBuiltInKeywords$click$3.call(Unknown Source)
	at TC02_UpdatePassword.run(TC02_UpdatePassword:53)
	at com.kms.katalon.core.main.ScriptEngine.run(ScriptEngine.java:194)
	at com.kms.katalon.core.main.ScriptEngine.runScriptAsRawText(ScriptEngine.java:119)
	at com.kms.katalon.core.main.TestCaseExecutor.runScript(TestCaseExecutor.java:398)
	at com.kms.katalon.core.main.TestCaseExecutor.doExecute(TestCaseExecutor.java:389)
	at com.kms.katalon.core.main.TestCaseExecutor.processExecutionPhase(TestCaseExecutor.java:368)
	at com.kms.katalon.core.main.TestCaseExecutor.accessMainPhase(TestCaseExecutor.java:360)
	at com.kms.katalon.core.main.TestCaseExecutor.execute(TestCaseExecutor.java:255)
	at com.kms.katalon.core.main.TestSuiteExecutor.accessTestCaseMainPhase(TestSuiteExecutor.java:203)
	at com.kms.katalon.core.main.TestSuiteExecutor.accessTestSuiteMainPhase(TestSuiteExecutor.java:152)
	at com.kms.katalon.core.main.TestSuiteExecutor.execute(TestSuiteExecutor.java:95)
	at com.kms.katalon.core.main.TestCaseMain.startTestSuite(TestCaseMain.java:157)
	at com.kms.katalon.core.main.TestCaseMain$startTestSuite$0.call(Unknown Source)
	at TempTestSuite1622256592737.run(TempTestSuite1622256592737.groovy:39)
Caused by: org.openqa.selenium.ElementNotInteractableException: element not interactable
  (Session info: chrome=90.0.4430.212)
Build info: version: '3.141.59', revision: 'e82be7d358', time: '2018-11-14T08:25:53'
System info: host: 'LAPTOP-4BGN0MAP', ip: '169.254.181.242', os.name: 'Windows 10', os.arch: 'amd64', os.version: '10.0', java.version: '1.8.0_282'
Driver info: com.kms.katalon.selenium.driver.CChromeDriver
Capabilities {acceptInsecureCerts: false, browserName: chrome, browserVersion: 90.0.4430.212, chrome: {chromedriverVersion: 90.0.4430.24 (4c6d850f087da..., userDataDir: C:\Users\BAOCHA~1\AppData\L...}, goog:chromeOptions: {debuggerAddress: localhost:62564}, javascriptEnabled: true, networkConnectionEnabled: false, pageLoadStrategy: normal, platform: WINDOWS, platformName: WINDOWS, proxy: Proxy(), setWindowRect: true, strictFileInteractability: false, timeouts: {implicit: 0, pageLoad: 300000, script: 30000}, unhandledPromptBehavior: dismiss and notify, webauthn:extension:largeBlob: true, webauthn:virtualAuthenticators: true}
Session ID: 0644e9d5006ebdb5793d672f2aa7dc4c
	at org.openqa.selenium.remote.http.W3CHttpResponseCodec.createException(W3CHttpResponseCodec.java:187)
	at org.openqa.selenium.remote.http.W3CHttpResponseCodec.decode(W3CHttpResponseCodec.java:122)
	at org.openqa.selenium.remote.http.W3CHttpResponseCodec.decode(W3CHttpResponseCodec.java:49)
	at org.openqa.selenium.remote.HttpCommandExecutor.execute(HttpCommandExecutor.java:158)
	at org.openqa.selenium.remote.service.DriverCommandExecutor.execute(DriverCommandExecutor.java:83)
	at org.openqa.selenium.remote.RemoteWebDriver.execute(RemoteWebDriver.java:552)
	at com.kms.katalon.selenium.driver.CChromeDriver.execute(CChromeDriver.java:19)
	at org.openqa.selenium.remote.RemoteWebElement.execute(RemoteWebElement.java:285)
	at org.openqa.selenium.remote.RemoteWebElement.click(RemoteWebElement.java:84)
	at org.openqa.selenium.support.events.EventFiringWebDriver$EventFiringWebElement.lambda$new$0(EventFiringWebDriver.java:404)
	at com.sun.proxy.$Proxy11.click(Unknown Source)
	at org.openqa.selenium.support.events.EventFiringWebDriver$EventFiringWebElement.click(EventFiringWebDriver.java:417)
	at com.kms.katalon.core.webui.keyword.builtin.ClickKeyword$_click_closure1.doCall(ClickKeyword.groovy:68)
	at com.kms.katalon.core.webui.keyword.builtin.ClickKeyword$_click_closure1.call(ClickKeyword.groovy)
	at com.kms.katalon.core.webui.keyword.internal.WebUIKeywordMain.runKeyword(WebUIKeywordMain.groovy:20)
	... 19 more]]></system-err>
      </testcase>
      <testcase name="Test Cases/1412263/TC03_UpdateFullName" time="234.051" classname="Test Cases/1412263/TC03_UpdateFullName" status="PASSED">
         <system-out><![CDATA[2021-05-29 09:56:18 - [TEST_CASE][PASSED] - Test Cases/1412263/TC03_UpdateFullName: Test Cases/1412263/TC03_UpdateFullName

2021-05-29 09:56:18 - [TEST_STEP][PASSED] - openBrowser(""): Browser is opened with url: ''

2021-05-29 09:56:18 - [MESSAGE][WARNING] - A browser is already opened. Closing browser and opening a new one

2021-05-29 09:56:19 - [MESSAGE][INFO] - Starting 'Chrome' driver

2021-05-29 09:56:19 - [MESSAGE][INFO] - Action delay is set to 5,000 milliseconds

2021-05-29 09:56:20 - [MESSAGE][PASSED] - Browser is opened with url: ''

2021-05-29 09:56:20 - [TEST_STEP][PASSED] - navigateToUrl("http://mattermostwebapp.herokuapp.com/"): Navigate to 'http://mattermostwebapp.herokuapp.com/' successfully

2021-05-29 09:56:28 - [MESSAGE][PASSED] - Navigate to 'http://mattermostwebapp.herokuapp.com/' successfully

2021-05-29 09:56:28 - [TEST_STEP][PASSED] - setText(findTestObject("1412263_Page_Mattermost/input_All team communication in one place, _dcc84b"), "huykhoi263"): Text 'huykhoi263' is set on object 'Object Repository/1412263_Page_Mattermost/input_All team communication in one place, _dcc84b'

2021-05-29 09:56:42 - [MESSAGE][PASSED] - Text 'huykhoi263' is set on object 'Object Repository/1412263_Page_Mattermost/input_All team communication in one place, _dcc84b'

2021-05-29 09:56:42 - [TEST_STEP][PASSED] - setEncryptedText(findTestObject("1412263_Page_Mattermost/input_All team communication in one place, _a3edc6"), "o1rBehR+FzY2ClyWuSUtzg=="): Text ****** has been set on object 'Object Repository/1412263_Page_Mattermost/input_All team communication in one place, _a3edc6'

2021-05-29 09:56:53 - [MESSAGE][PASSED] - Text ****** has been set on object 'Object Repository/1412263_Page_Mattermost/input_All team communication in one place, _a3edc6'

2021-05-29 09:56:53 - [TEST_STEP][PASSED] - click(findTestObject("1412263_Page_Mattermost/button_Sign in")): Object: 'Object Repository/1412263_Page_Mattermost/button_Sign in' is clicked on

2021-05-29 09:56:59 - [MESSAGE][PASSED] - Object: 'Object Repository/1412263_Page_Mattermost/button_Sign in' is clicked on

2021-05-29 09:56:59 - [TEST_STEP][PASSED] - click(findTestObject("1412263_Page_Town Square - CNC_Nhom3 Mattermost/span")): Object: 'Object Repository/1412263_Page_Town Square - CNC_Nhom3 Mattermost/span' is clicked on

2021-05-29 09:57:07 - [MESSAGE][PASSED] - Object: 'Object Repository/1412263_Page_Town Square - CNC_Nhom3 Mattermost/span' is clicked on

2021-05-29 09:57:07 - [TEST_STEP][PASSED] - click(findTestObject("1412263_Page_Town Square - CNC_Nhom3 Mattermost/button_Account Settings")): Object: 'Object Repository/1412263_Page_Town Square - CNC_Nhom3 Mattermost/button_Account Settings' is clicked on

2021-05-29 09:57:13 - [MESSAGE][PASSED] - Object: 'Object Repository/1412263_Page_Town Square - CNC_Nhom3 Mattermost/button_Account Settings' is clicked on

2021-05-29 09:57:13 - [TEST_STEP][PASSED] - for ([i = 1, i <= 5, (i++)]): null

2021-05-29 09:57:13 - [TEST_STEP][PASSED] - click(findTestObject("1412263_Page_Town Square - CNC_Nhom3 Mattermost/span_EditFullname")): Object: 'Object Repository/1412263_Page_Town Square - CNC_Nhom3 Mattermost/span_EditFullname' is clicked on

2021-05-29 09:57:19 - [MESSAGE][PASSED] - Object: 'Object Repository/1412263_Page_Town Square - CNC_Nhom3 Mattermost/span_EditFullname' is clicked on

2021-05-29 09:57:19 - [TEST_STEP][PASSED] - setText(findTestObject("1412263_Page_Town Square - CNC_Nhom3 Mattermost/input_First Name_firstName"), findTestData("1412263/Data TC3 UpdateFullName").getValue(1, i)): Text 'Nguyen' is set on object 'Object Repository/1412263_Page_Town Square - CNC_Nhom3 Mattermost/input_First Name_firstName'

2021-05-29 09:57:30 - [MESSAGE][PASSED] - Text 'Nguyen' is set on object 'Object Repository/1412263_Page_Town Square - CNC_Nhom3 Mattermost/input_First Name_firstName'

2021-05-29 09:57:30 - [TEST_STEP][PASSED] - setText(findTestObject("1412263_Page_Town Square - CNC_Nhom3 Mattermost/input_Last Name_lastName"), findTestData("1412263/Data TC3 UpdateFullName").getValue(2, i)): Text 'Huy Khoi' is set on object 'Object Repository/1412263_Page_Town Square - CNC_Nhom3 Mattermost/input_Last Name_lastName'

2021-05-29 09:57:40 - [MESSAGE][PASSED] - Text 'Huy Khoi' is set on object 'Object Repository/1412263_Page_Town Square - CNC_Nhom3 Mattermost/input_Last Name_lastName'

2021-05-29 09:57:40 - [TEST_STEP][PASSED] - click(findTestObject("1412263_Page_Town Square - CNC_Nhom3 Mattermost/span_Save")): Object: 'Object Repository/1412263_Page_Town Square - CNC_Nhom3 Mattermost/span_Save' is clicked on

2021-05-29 09:57:46 - [MESSAGE][PASSED] - Object: 'Object Repository/1412263_Page_Town Square - CNC_Nhom3 Mattermost/span_Save' is clicked on

2021-05-29 09:57:46 - [TEST_STEP][PASSED] - Thread.sleep(2000): null

2021-05-29 09:57:48 - [TEST_STEP][PASSED] - click(findTestObject("1412263_Page_Town Square - CNC_Nhom3 Mattermost/span_EditFullname")): Object: 'Object Repository/1412263_Page_Town Square - CNC_Nhom3 Mattermost/span_EditFullname' is clicked on

2021-05-29 09:57:53 - [MESSAGE][PASSED] - Object: 'Object Repository/1412263_Page_Town Square - CNC_Nhom3 Mattermost/span_EditFullname' is clicked on

2021-05-29 09:57:53 - [TEST_STEP][PASSED] - setText(findTestObject("1412263_Page_Town Square - CNC_Nhom3 Mattermost/input_First Name_firstName"), findTestData("1412263/Data TC3 UpdateFullName").getValue(1, i)): Text 'Tran' is set on object 'Object Repository/1412263_Page_Town Square - CNC_Nhom3 Mattermost/input_First Name_firstName'

2021-05-29 09:58:04 - [MESSAGE][PASSED] - Text 'Tran' is set on object 'Object Repository/1412263_Page_Town Square - CNC_Nhom3 Mattermost/input_First Name_firstName'

2021-05-29 09:58:04 - [TEST_STEP][PASSED] - setText(findTestObject("1412263_Page_Town Square - CNC_Nhom3 Mattermost/input_Last Name_lastName"), findTestData("1412263/Data TC3 UpdateFullName").getValue(2, i)): Text 'Van A' is set on object 'Object Repository/1412263_Page_Town Square - CNC_Nhom3 Mattermost/input_Last Name_lastName'

2021-05-29 09:58:15 - [MESSAGE][PASSED] - Text 'Van A' is set on object 'Object Repository/1412263_Page_Town Square - CNC_Nhom3 Mattermost/input_Last Name_lastName'

2021-05-29 09:58:15 - [TEST_STEP][PASSED] - click(findTestObject("1412263_Page_Town Square - CNC_Nhom3 Mattermost/span_Save")): Object: 'Object Repository/1412263_Page_Town Square - CNC_Nhom3 Mattermost/span_Save' is clicked on

2021-05-29 09:58:20 - [MESSAGE][PASSED] - Object: 'Object Repository/1412263_Page_Town Square - CNC_Nhom3 Mattermost/span_Save' is clicked on

2021-05-29 09:58:20 - [TEST_STEP][PASSED] - Thread.sleep(2000): null

2021-05-29 09:58:22 - [TEST_STEP][PASSED] - click(findTestObject("1412263_Page_Town Square - CNC_Nhom3 Mattermost/span_EditFullname")): Object: 'Object Repository/1412263_Page_Town Square - CNC_Nhom3 Mattermost/span_EditFullname' is clicked on

2021-05-29 09:58:28 - [MESSAGE][PASSED] - Object: 'Object Repository/1412263_Page_Town Square - CNC_Nhom3 Mattermost/span_EditFullname' is clicked on

2021-05-29 09:58:28 - [TEST_STEP][PASSED] - setText(findTestObject("1412263_Page_Town Square - CNC_Nhom3 Mattermost/input_First Name_firstName"), findTestData("1412263/Data TC3 UpdateFullName").getValue(1, i)): Text 'Nguyen' is set on object 'Object Repository/1412263_Page_Town Square - CNC_Nhom3 Mattermost/input_First Name_firstName'

2021-05-29 09:58:39 - [MESSAGE][PASSED] - Text 'Nguyen' is set on object 'Object Repository/1412263_Page_Town Square - CNC_Nhom3 Mattermost/input_First Name_firstName'

2021-05-29 09:58:39 - [TEST_STEP][PASSED] - setText(findTestObject("1412263_Page_Town Square - CNC_Nhom3 Mattermost/input_Last Name_lastName"), findTestData("1412263/Data TC3 UpdateFullName").getValue(2, i)): Text 'Thi B' is set on object 'Object Repository/1412263_Page_Town Square - CNC_Nhom3 Mattermost/input_Last Name_lastName'

2021-05-29 09:58:49 - [MESSAGE][PASSED] - Text 'Thi B' is set on object 'Object Repository/1412263_Page_Town Square - CNC_Nhom3 Mattermost/input_Last Name_lastName'

2021-05-29 09:58:49 - [TEST_STEP][PASSED] - click(findTestObject("1412263_Page_Town Square - CNC_Nhom3 Mattermost/span_Save")): Object: 'Object Repository/1412263_Page_Town Square - CNC_Nhom3 Mattermost/span_Save' is clicked on

2021-05-29 09:58:55 - [MESSAGE][PASSED] - Object: 'Object Repository/1412263_Page_Town Square - CNC_Nhom3 Mattermost/span_Save' is clicked on

2021-05-29 09:58:55 - [TEST_STEP][PASSED] - Thread.sleep(2000): null

2021-05-29 09:58:57 - [TEST_STEP][PASSED] - click(findTestObject("1412263_Page_Town Square - CNC_Nhom3 Mattermost/span_EditFullname")): Object: 'Object Repository/1412263_Page_Town Square - CNC_Nhom3 Mattermost/span_EditFullname' is clicked on

2021-05-29 09:59:02 - [MESSAGE][PASSED] - Object: 'Object Repository/1412263_Page_Town Square - CNC_Nhom3 Mattermost/span_EditFullname' is clicked on

2021-05-29 09:59:02 - [TEST_STEP][PASSED] - setText(findTestObject("1412263_Page_Town Square - CNC_Nhom3 Mattermost/input_First Name_firstName"), findTestData("1412263/Data TC3 UpdateFullName").getValue(1, i)): Text 'ABC' is set on object 'Object Repository/1412263_Page_Town Square - CNC_Nhom3 Mattermost/input_First Name_firstName'

2021-05-29 09:59:13 - [MESSAGE][PASSED] - Text 'ABC' is set on object 'Object Repository/1412263_Page_Town Square - CNC_Nhom3 Mattermost/input_First Name_firstName'

2021-05-29 09:59:13 - [TEST_STEP][PASSED] - setText(findTestObject("1412263_Page_Town Square - CNC_Nhom3 Mattermost/input_Last Name_lastName"), findTestData("1412263/Data TC3 UpdateFullName").getValue(2, i)): Text '346$%%$&><>Z?' is set on object 'Object Repository/1412263_Page_Town Square - CNC_Nhom3 Mattermost/input_Last Name_lastName'

2021-05-29 09:59:24 - [MESSAGE][PASSED] - Text '346$%%$&><>Z?' is set on object 'Object Repository/1412263_Page_Town Square - CNC_Nhom3 Mattermost/input_Last Name_lastName'

2021-05-29 09:59:24 - [TEST_STEP][PASSED] - click(findTestObject("1412263_Page_Town Square - CNC_Nhom3 Mattermost/span_Save")): Object: 'Object Repository/1412263_Page_Town Square - CNC_Nhom3 Mattermost/span_Save' is clicked on

2021-05-29 09:59:29 - [MESSAGE][PASSED] - Object: 'Object Repository/1412263_Page_Town Square - CNC_Nhom3 Mattermost/span_Save' is clicked on

2021-05-29 09:59:29 - [TEST_STEP][PASSED] - Thread.sleep(2000): null

2021-05-29 09:59:31 - [TEST_STEP][PASSED] - click(findTestObject("1412263_Page_Town Square - CNC_Nhom3 Mattermost/span_EditFullname")): Object: 'Object Repository/1412263_Page_Town Square - CNC_Nhom3 Mattermost/span_EditFullname' is clicked on

2021-05-29 09:59:37 - [MESSAGE][PASSED] - Object: 'Object Repository/1412263_Page_Town Square - CNC_Nhom3 Mattermost/span_EditFullname' is clicked on

2021-05-29 09:59:37 - [TEST_STEP][PASSED] - setText(findTestObject("1412263_Page_Town Square - CNC_Nhom3 Mattermost/input_First Name_firstName"), findTestData("1412263/Data TC3 UpdateFullName").getValue(1, i)): Text 'Huy Khoi' is set on object 'Object Repository/1412263_Page_Town Square - CNC_Nhom3 Mattermost/input_First Name_firstName'

2021-05-29 09:59:48 - [MESSAGE][PASSED] - Text 'Huy Khoi' is set on object 'Object Repository/1412263_Page_Town Square - CNC_Nhom3 Mattermost/input_First Name_firstName'

2021-05-29 09:59:48 - [TEST_STEP][PASSED] - setText(findTestObject("1412263_Page_Town Square - CNC_Nhom3 Mattermost/input_Last Name_lastName"), findTestData("1412263/Data TC3 UpdateFullName").getValue(2, i)): Text 'Nguyen' is set on object 'Object Repository/1412263_Page_Town Square - CNC_Nhom3 Mattermost/input_Last Name_lastName'

2021-05-29 09:59:58 - [MESSAGE][PASSED] - Text 'Nguyen' is set on object 'Object Repository/1412263_Page_Town Square - CNC_Nhom3 Mattermost/input_Last Name_lastName'

2021-05-29 09:59:58 - [TEST_STEP][PASSED] - click(findTestObject("1412263_Page_Town Square - CNC_Nhom3 Mattermost/span_Save")): Object: 'Object Repository/1412263_Page_Town Square - CNC_Nhom3 Mattermost/span_Save' is clicked on

2021-05-29 10:00:04 - [MESSAGE][PASSED] - Object: 'Object Repository/1412263_Page_Town Square - CNC_Nhom3 Mattermost/span_Save' is clicked on

2021-05-29 10:00:04 - [TEST_STEP][PASSED] - Thread.sleep(2000): null

2021-05-29 10:00:06 - [TEST_STEP][PASSED] - click(findTestObject("1412263_Page_Town Square - CNC_Nhom3 Mattermost/span_")): Object: 'Object Repository/1412263_Page_Town Square - CNC_Nhom3 Mattermost/span_' is clicked on

2021-05-29 10:00:11 - [MESSAGE][PASSED] - Object: 'Object Repository/1412263_Page_Town Square - CNC_Nhom3 Mattermost/span_' is clicked on

2021-05-29 10:00:11 - [TEST_STEP][PASSED] - closeBrowser(): Browser is closed

2021-05-29 10:00:12 - [MESSAGE][PASSED] - Browser is closed]]></system-out>
         <system-err><![CDATA[]]></system-err>
      </testcase>
      <testcase name="Test Cases/1412263/TC04_UpdateNickname" time="176.216" classname="Test Cases/1412263/TC04_UpdateNickname" status="PASSED">
         <system-out><![CDATA[2021-05-29 10:00:12 - [TEST_CASE][PASSED] - Test Cases/1412263/TC04_UpdateNickname: Test Cases/1412263/TC04_UpdateNickname

2021-05-29 10:00:12 - [TEST_STEP][PASSED] - openBrowser(""): Browser is opened with url: ''

2021-05-29 10:00:12 - [MESSAGE][INFO] - Starting 'Chrome' driver

2021-05-29 10:00:12 - [MESSAGE][INFO] - Action delay is set to 5,000 milliseconds

2021-05-29 10:00:13 - [MESSAGE][PASSED] - Browser is opened with url: ''

2021-05-29 10:00:13 - [TEST_STEP][PASSED] - navigateToUrl("http://mattermostwebapp.herokuapp.com/"): Navigate to 'http://mattermostwebapp.herokuapp.com/' successfully

2021-05-29 10:00:21 - [MESSAGE][PASSED] - Navigate to 'http://mattermostwebapp.herokuapp.com/' successfully

2021-05-29 10:00:21 - [TEST_STEP][PASSED] - setText(findTestObject("1412263_Page_Mattermost/input_All team communication in one place, _dcc84b"), "huykhoi263"): Text 'huykhoi263' is set on object 'Object Repository/1412263_Page_Mattermost/input_All team communication in one place, _dcc84b'

2021-05-29 10:00:37 - [MESSAGE][PASSED] - Text 'huykhoi263' is set on object 'Object Repository/1412263_Page_Mattermost/input_All team communication in one place, _dcc84b'

2021-05-29 10:00:37 - [TEST_STEP][PASSED] - setEncryptedText(findTestObject("1412263_Page_Mattermost/input_All team communication in one place, _a3edc6"), "o1rBehR+FzY2ClyWuSUtzg=="): Text ****** has been set on object 'Object Repository/1412263_Page_Mattermost/input_All team communication in one place, _a3edc6'

2021-05-29 10:00:47 - [MESSAGE][PASSED] - Text ****** has been set on object 'Object Repository/1412263_Page_Mattermost/input_All team communication in one place, _a3edc6'

2021-05-29 10:00:47 - [TEST_STEP][PASSED] - click(findTestObject("1412263_Page_Mattermost/button_Sign in")): Object: 'Object Repository/1412263_Page_Mattermost/button_Sign in' is clicked on

2021-05-29 10:00:53 - [MESSAGE][PASSED] - Object: 'Object Repository/1412263_Page_Mattermost/button_Sign in' is clicked on

2021-05-29 10:00:53 - [TEST_STEP][PASSED] - click(findTestObject("1412263_Page_Town Square - CNC_Nhom3 Mattermost/path")): Object: 'Object Repository/1412263_Page_Town Square - CNC_Nhom3 Mattermost/path' is clicked on

2021-05-29 10:01:02 - [MESSAGE][PASSED] - Object: 'Object Repository/1412263_Page_Town Square - CNC_Nhom3 Mattermost/path' is clicked on

2021-05-29 10:01:02 - [TEST_STEP][PASSED] - click(findTestObject("1412263_Page_Town Square - CNC_Nhom3 Mattermost/span_Account Settings")): Object: 'Object Repository/1412263_Page_Town Square - CNC_Nhom3 Mattermost/span_Account Settings' is clicked on

2021-05-29 10:01:07 - [MESSAGE][PASSED] - Object: 'Object Repository/1412263_Page_Town Square - CNC_Nhom3 Mattermost/span_Account Settings' is clicked on

2021-05-29 10:01:07 - [TEST_STEP][PASSED] - for ([i = 1, i <= 5, (i++)]): Object: 'Object Repository/1412263_Page_Town Square - CNC_Nhom3 Mattermost/span_Save' is clicked on

2021-05-29 10:01:07 - [TEST_STEP][PASSED] - click(findTestObject("1412263_Page_Town Square - CNC_Nhom3 Mattermost/span_EditNickname")): Object: 'Object Repository/1412263_Page_Town Square - CNC_Nhom3 Mattermost/span_EditNickname' is clicked on

2021-05-29 10:01:13 - [MESSAGE][PASSED] - Object: 'Object Repository/1412263_Page_Town Square - CNC_Nhom3 Mattermost/span_EditNickname' is clicked on

2021-05-29 10:01:13 - [TEST_STEP][PASSED] - setText(findTestObject("1412263_Page_Town Square - CNC_Nhom3 Mattermost/input_Nickname_nickname"), findTestData("1412263/Data TC3 UpdateFullName").getValue(2, i)): Text 'Huy Khoi' is set on object 'Object Repository/1412263_Page_Town Square - CNC_Nhom3 Mattermost/input_Nickname_nickname'

2021-05-29 10:01:24 - [MESSAGE][PASSED] - Text 'Huy Khoi' is set on object 'Object Repository/1412263_Page_Town Square - CNC_Nhom3 Mattermost/input_Nickname_nickname'

2021-05-29 10:01:24 - [TEST_STEP][PASSED] - click(findTestObject("1412263_Page_Town Square - CNC_Nhom3 Mattermost/span_Save")): Object: 'Object Repository/1412263_Page_Town Square - CNC_Nhom3 Mattermost/span_Save' is clicked on

2021-05-29 10:01:29 - [MESSAGE][PASSED] - Object: 'Object Repository/1412263_Page_Town Square - CNC_Nhom3 Mattermost/span_Save' is clicked on

2021-05-29 10:01:29 - [TEST_STEP][PASSED] - click(findTestObject("1412263_Page_Town Square - CNC_Nhom3 Mattermost/span_EditNickname")): Object: 'Object Repository/1412263_Page_Town Square - CNC_Nhom3 Mattermost/span_EditNickname' is clicked on

2021-05-29 10:01:36 - [MESSAGE][PASSED] - Object: 'Object Repository/1412263_Page_Town Square - CNC_Nhom3 Mattermost/span_EditNickname' is clicked on

2021-05-29 10:01:36 - [TEST_STEP][PASSED] - setText(findTestObject("1412263_Page_Town Square - CNC_Nhom3 Mattermost/input_Nickname_nickname"), findTestData("1412263/Data TC3 UpdateFullName").getValue(2, i)): Text 'Van A' is set on object 'Object Repository/1412263_Page_Town Square - CNC_Nhom3 Mattermost/input_Nickname_nickname'

2021-05-29 10:01:47 - [MESSAGE][PASSED] - Text 'Van A' is set on object 'Object Repository/1412263_Page_Town Square - CNC_Nhom3 Mattermost/input_Nickname_nickname'

2021-05-29 10:01:47 - [TEST_STEP][PASSED] - click(findTestObject("1412263_Page_Town Square - CNC_Nhom3 Mattermost/span_Save")): Object: 'Object Repository/1412263_Page_Town Square - CNC_Nhom3 Mattermost/span_Save' is clicked on

2021-05-29 10:01:52 - [MESSAGE][PASSED] - Object: 'Object Repository/1412263_Page_Town Square - CNC_Nhom3 Mattermost/span_Save' is clicked on

2021-05-29 10:01:52 - [TEST_STEP][PASSED] - click(findTestObject("1412263_Page_Town Square - CNC_Nhom3 Mattermost/span_EditNickname")): Object: 'Object Repository/1412263_Page_Town Square - CNC_Nhom3 Mattermost/span_EditNickname' is clicked on

2021-05-29 10:01:59 - [MESSAGE][PASSED] - Object: 'Object Repository/1412263_Page_Town Square - CNC_Nhom3 Mattermost/span_EditNickname' is clicked on

2021-05-29 10:01:59 - [TEST_STEP][PASSED] - setText(findTestObject("1412263_Page_Town Square - CNC_Nhom3 Mattermost/input_Nickname_nickname"), findTestData("1412263/Data TC3 UpdateFullName").getValue(2, i)): Text 'Thi B' is set on object 'Object Repository/1412263_Page_Town Square - CNC_Nhom3 Mattermost/input_Nickname_nickname'

2021-05-29 10:02:10 - [MESSAGE][PASSED] - Text 'Thi B' is set on object 'Object Repository/1412263_Page_Town Square - CNC_Nhom3 Mattermost/input_Nickname_nickname'

2021-05-29 10:02:10 - [TEST_STEP][PASSED] - click(findTestObject("1412263_Page_Town Square - CNC_Nhom3 Mattermost/span_Save")): Object: 'Object Repository/1412263_Page_Town Square - CNC_Nhom3 Mattermost/span_Save' is clicked on

2021-05-29 10:02:15 - [MESSAGE][PASSED] - Object: 'Object Repository/1412263_Page_Town Square - CNC_Nhom3 Mattermost/span_Save' is clicked on

2021-05-29 10:02:15 - [TEST_STEP][PASSED] - click(findTestObject("1412263_Page_Town Square - CNC_Nhom3 Mattermost/span_EditNickname")): Object: 'Object Repository/1412263_Page_Town Square - CNC_Nhom3 Mattermost/span_EditNickname' is clicked on

2021-05-29 10:02:22 - [MESSAGE][PASSED] - Object: 'Object Repository/1412263_Page_Town Square - CNC_Nhom3 Mattermost/span_EditNickname' is clicked on

2021-05-29 10:02:22 - [TEST_STEP][PASSED] - setText(findTestObject("1412263_Page_Town Square - CNC_Nhom3 Mattermost/input_Nickname_nickname"), findTestData("1412263/Data TC3 UpdateFullName").getValue(2, i)): Text '346$%%$&><>Z?' is set on object 'Object Repository/1412263_Page_Town Square - CNC_Nhom3 Mattermost/input_Nickname_nickname'

2021-05-29 10:02:33 - [MESSAGE][PASSED] - Text '346$%%$&><>Z?' is set on object 'Object Repository/1412263_Page_Town Square - CNC_Nhom3 Mattermost/input_Nickname_nickname'

2021-05-29 10:02:33 - [TEST_STEP][PASSED] - click(findTestObject("1412263_Page_Town Square - CNC_Nhom3 Mattermost/span_Save")): Object: 'Object Repository/1412263_Page_Town Square - CNC_Nhom3 Mattermost/span_Save' is clicked on

2021-05-29 10:02:38 - [MESSAGE][PASSED] - Object: 'Object Repository/1412263_Page_Town Square - CNC_Nhom3 Mattermost/span_Save' is clicked on

2021-05-29 10:02:38 - [TEST_STEP][PASSED] - click(findTestObject("1412263_Page_Town Square - CNC_Nhom3 Mattermost/span_EditNickname")): Object: 'Object Repository/1412263_Page_Town Square - CNC_Nhom3 Mattermost/span_EditNickname' is clicked on

2021-05-29 10:02:45 - [MESSAGE][PASSED] - Object: 'Object Repository/1412263_Page_Town Square - CNC_Nhom3 Mattermost/span_EditNickname' is clicked on

2021-05-29 10:02:45 - [TEST_STEP][PASSED] - setText(findTestObject("1412263_Page_Town Square - CNC_Nhom3 Mattermost/input_Nickname_nickname"), findTestData("1412263/Data TC3 UpdateFullName").getValue(2, i)): Text 'Nguyen' is set on object 'Object Repository/1412263_Page_Town Square - CNC_Nhom3 Mattermost/input_Nickname_nickname'

2021-05-29 10:02:56 - [MESSAGE][PASSED] - Text 'Nguyen' is set on object 'Object Repository/1412263_Page_Town Square - CNC_Nhom3 Mattermost/input_Nickname_nickname'

2021-05-29 10:02:56 - [TEST_STEP][PASSED] - click(findTestObject("1412263_Page_Town Square - CNC_Nhom3 Mattermost/span_Save")): Object: 'Object Repository/1412263_Page_Town Square - CNC_Nhom3 Mattermost/span_Save' is clicked on

2021-05-29 10:03:01 - [MESSAGE][PASSED] - Object: 'Object Repository/1412263_Page_Town Square - CNC_Nhom3 Mattermost/span_Save' is clicked on

2021-05-29 10:03:01 - [TEST_STEP][PASSED] - click(findTestObject("1412263_Page_Town Square - CNC_Nhom3 Mattermost/span_")): Object: 'Object Repository/1412263_Page_Town Square - CNC_Nhom3 Mattermost/span_' is clicked on

2021-05-29 10:03:07 - [MESSAGE][PASSED] - Object: 'Object Repository/1412263_Page_Town Square - CNC_Nhom3 Mattermost/span_' is clicked on

2021-05-29 10:03:07 - [TEST_STEP][PASSED] - closeBrowser(): Browser is closed

2021-05-29 10:03:08 - [MESSAGE][PASSED] - Browser is closed]]></system-out>
         <system-err><![CDATA[]]></system-err>
      </testcase>
      <testcase name="Test Cases/1412263/TC05_UpdateUsername" time="85.551" classname="Test Cases/1412263/TC05_UpdateUsername" status="PASSED">
         <system-out><![CDATA[2021-05-29 10:03:08 - [TEST_CASE][PASSED] - Test Cases/1412263/TC05_UpdateUsername: Test Cases/1412263/TC05_UpdateUsername

2021-05-29 10:03:08 - [TEST_STEP][PASSED] - openBrowser(""): Browser is opened with url: ''

2021-05-29 10:03:08 - [MESSAGE][INFO] - Starting 'Chrome' driver

2021-05-29 10:03:08 - [MESSAGE][INFO] - Action delay is set to 5,000 milliseconds

2021-05-29 10:03:10 - [MESSAGE][PASSED] - Browser is opened with url: ''

2021-05-29 10:03:10 - [TEST_STEP][PASSED] - navigateToUrl("http://mattermostwebapp.herokuapp.com/"): Navigate to 'http://mattermostwebapp.herokuapp.com/' successfully

2021-05-29 10:03:18 - [MESSAGE][PASSED] - Navigate to 'http://mattermostwebapp.herokuapp.com/' successfully

2021-05-29 10:03:18 - [TEST_STEP][PASSED] - setText(findTestObject("1412263_Page_Mattermost/input_All team communication in one place, _dcc84b"), "huykhoi263"): Text 'huykhoi263' is set on object 'Object Repository/1412263_Page_Mattermost/input_All team communication in one place, _dcc84b'

2021-05-29 10:03:32 - [MESSAGE][PASSED] - Text 'huykhoi263' is set on object 'Object Repository/1412263_Page_Mattermost/input_All team communication in one place, _dcc84b'

2021-05-29 10:03:32 - [TEST_STEP][PASSED] - setEncryptedText(findTestObject("1412263_Page_Mattermost/input_All team communication in one place, _a3edc6"), "o1rBehR+FzY2ClyWuSUtzg=="): Text ****** has been set on object 'Object Repository/1412263_Page_Mattermost/input_All team communication in one place, _a3edc6'

2021-05-29 10:03:43 - [MESSAGE][PASSED] - Text ****** has been set on object 'Object Repository/1412263_Page_Mattermost/input_All team communication in one place, _a3edc6'

2021-05-29 10:03:43 - [TEST_STEP][PASSED] - click(findTestObject("1412263_Page_Mattermost/span_Sign in")): Object: 'Object Repository/1412263_Page_Mattermost/span_Sign in' is clicked on

2021-05-29 10:03:49 - [MESSAGE][PASSED] - Object: 'Object Repository/1412263_Page_Mattermost/span_Sign in' is clicked on

2021-05-29 10:03:49 - [TEST_STEP][PASSED] - click(findTestObject("1412263_Page_Town Square - CNC_Nhom3 Mattermost/span")): Object: 'Object Repository/1412263_Page_Town Square - CNC_Nhom3 Mattermost/span' is clicked on

2021-05-29 10:04:00 - [MESSAGE][PASSED] - Object: 'Object Repository/1412263_Page_Town Square - CNC_Nhom3 Mattermost/span' is clicked on

2021-05-29 10:04:00 - [TEST_STEP][PASSED] - click(findTestObject("1412263_Page_Town Square - CNC_Nhom3 Mattermost/button_Account Settings")): Object: 'Object Repository/1412263_Page_Town Square - CNC_Nhom3 Mattermost/button_Account Settings' is clicked on

2021-05-29 10:04:05 - [MESSAGE][PASSED] - Object: 'Object Repository/1412263_Page_Town Square - CNC_Nhom3 Mattermost/button_Account Settings' is clicked on

2021-05-29 10:04:05 - [TEST_STEP][PASSED] - click(findTestObject("1412263_Page_Town Square - CNC_Nhom3 Mattermost/span_EditUsername")): Object: 'Object Repository/1412263_Page_Town Square - CNC_Nhom3 Mattermost/span_EditUsername' is clicked on

2021-05-29 10:04:11 - [MESSAGE][PASSED] - Object: 'Object Repository/1412263_Page_Town Square - CNC_Nhom3 Mattermost/span_EditUsername' is clicked on

2021-05-29 10:04:11 - [TEST_STEP][PASSED] - setText(findTestObject("1412263_Page_Town Square - CNC_Nhom3 Mattermost/input_Username_username"), "huykhoi263"): Text 'huykhoi263' is set on object 'Object Repository/1412263_Page_Town Square - CNC_Nhom3 Mattermost/input_Username_username'

2021-05-29 10:04:22 - [MESSAGE][PASSED] - Text 'huykhoi263' is set on object 'Object Repository/1412263_Page_Town Square - CNC_Nhom3 Mattermost/input_Username_username'

2021-05-29 10:04:22 - [TEST_STEP][PASSED] - click(findTestObject("1412263_Page_Town Square - CNC_Nhom3 Mattermost/button_Save")): Object: 'Object Repository/1412263_Page_Town Square - CNC_Nhom3 Mattermost/button_Save' is clicked on

2021-05-29 10:04:27 - [MESSAGE][PASSED] - Object: 'Object Repository/1412263_Page_Town Square - CNC_Nhom3 Mattermost/button_Save' is clicked on

2021-05-29 10:04:27 - [TEST_STEP][PASSED] - click(findTestObject("1412263_Page_Town Square - CNC_Nhom3 Mattermost/span_")): Object: 'Object Repository/1412263_Page_Town Square - CNC_Nhom3 Mattermost/span_' is clicked on

2021-05-29 10:04:33 - [MESSAGE][PASSED] - Object: 'Object Repository/1412263_Page_Town Square - CNC_Nhom3 Mattermost/span_' is clicked on

2021-05-29 10:04:33 - [TEST_STEP][PASSED] - closeBrowser(): Browser is closed

2021-05-29 10:04:34 - [MESSAGE][PASSED] - Browser is closed]]></system-out>
         <system-err><![CDATA[]]></system-err>
      </testcase>
      <testcase name="Test Cases/1412263/TC06_UpdatePosition" time="84.18" classname="Test Cases/1412263/TC06_UpdatePosition" status="PASSED">
         <system-out><![CDATA[2021-05-29 10:04:34 - [TEST_CASE][PASSED] - Test Cases/1412263/TC06_UpdatePosition: Test Cases/1412263/TC06_UpdatePosition

2021-05-29 10:04:34 - [TEST_STEP][PASSED] - openBrowser(""): Browser is opened with url: ''

2021-05-29 10:04:34 - [MESSAGE][INFO] - Starting 'Chrome' driver

2021-05-29 10:04:34 - [MESSAGE][INFO] - Action delay is set to 5,000 milliseconds

2021-05-29 10:04:35 - [MESSAGE][PASSED] - Browser is opened with url: ''

2021-05-29 10:04:35 - [TEST_STEP][PASSED] - navigateToUrl("http://mattermostwebapp.herokuapp.com/"): Navigate to 'http://mattermostwebapp.herokuapp.com/' successfully

2021-05-29 10:04:43 - [MESSAGE][PASSED] - Navigate to 'http://mattermostwebapp.herokuapp.com/' successfully

2021-05-29 10:04:43 - [TEST_STEP][PASSED] - setText(findTestObject("1412263_Page_Mattermost/input_All team communication in one place, _dcc84b"), "huykhoi263"): Text 'huykhoi263' is set on object 'Object Repository/1412263_Page_Mattermost/input_All team communication in one place, _dcc84b'

2021-05-29 10:04:58 - [MESSAGE][PASSED] - Text 'huykhoi263' is set on object 'Object Repository/1412263_Page_Mattermost/input_All team communication in one place, _dcc84b'

2021-05-29 10:04:58 - [TEST_STEP][PASSED] - setEncryptedText(findTestObject("1412263_Page_Mattermost/input_All team communication in one place, _a3edc6"), "o1rBehR+FzY2ClyWuSUtzg=="): Text ****** has been set on object 'Object Repository/1412263_Page_Mattermost/input_All team communication in one place, _a3edc6'

2021-05-29 10:05:09 - [MESSAGE][PASSED] - Text ****** has been set on object 'Object Repository/1412263_Page_Mattermost/input_All team communication in one place, _a3edc6'

2021-05-29 10:05:09 - [TEST_STEP][PASSED] - sendKeys(findTestObject("1412263_Page_Mattermost/input_All team communication in one place, _a3edc6"), Keys.chord(ENTER)): Keys 'ENTER + ' sent to object: 'Object Repository/1412263_Page_Mattermost/input_All team communication in one place, _a3edc6'

2021-05-29 10:05:14 - [MESSAGE][PASSED] - Keys 'ENTER + ' sent to object: 'Object Repository/1412263_Page_Mattermost/input_All team communication in one place, _a3edc6'

2021-05-29 10:05:14 - [TEST_STEP][PASSED] - click(findTestObject("1412263_Page_Town Square - CNC_Nhom3 Mattermost/button_huykhoi263_style--none sidebar-heade_fefe58")): Object: 'Object Repository/1412263_Page_Town Square - CNC_Nhom3 Mattermost/button_huykhoi263_style--none sidebar-heade_fefe58' is clicked on

2021-05-29 10:05:24 - [MESSAGE][PASSED] - Object: 'Object Repository/1412263_Page_Town Square - CNC_Nhom3 Mattermost/button_huykhoi263_style--none sidebar-heade_fefe58' is clicked on

2021-05-29 10:05:24 - [TEST_STEP][PASSED] - click(findTestObject("1412263_Page_Town Square - CNC_Nhom3 Mattermost/button_Account Settings")): Object: 'Object Repository/1412263_Page_Town Square - CNC_Nhom3 Mattermost/button_Account Settings' is clicked on

2021-05-29 10:05:29 - [MESSAGE][PASSED] - Object: 'Object Repository/1412263_Page_Town Square - CNC_Nhom3 Mattermost/button_Account Settings' is clicked on

2021-05-29 10:05:29 - [TEST_STEP][PASSED] - click(findTestObject("1412263_Page_Town Square - CNC_Nhom3 Mattermost/span_EditPosition")): Object: 'Object Repository/1412263_Page_Town Square - CNC_Nhom3 Mattermost/span_EditPosition' is clicked on

2021-05-29 10:05:35 - [MESSAGE][PASSED] - Object: 'Object Repository/1412263_Page_Town Square - CNC_Nhom3 Mattermost/span_EditPosition' is clicked on

2021-05-29 10:05:35 - [TEST_STEP][PASSED] - setText(findTestObject("1412263_Page_Town Square - CNC_Nhom3 Mattermost/input_Position_position"), "student"): Text 'student' is set on object 'Object Repository/1412263_Page_Town Square - CNC_Nhom3 Mattermost/input_Position_position'

2021-05-29 10:05:46 - [MESSAGE][PASSED] - Text 'student' is set on object 'Object Repository/1412263_Page_Town Square - CNC_Nhom3 Mattermost/input_Position_position'

2021-05-29 10:05:46 - [TEST_STEP][PASSED] - click(findTestObject("1412263_Page_Town Square - CNC_Nhom3 Mattermost/span_Save")): Object: 'Object Repository/1412263_Page_Town Square - CNC_Nhom3 Mattermost/span_Save' is clicked on

2021-05-29 10:05:52 - [MESSAGE][PASSED] - Object: 'Object Repository/1412263_Page_Town Square - CNC_Nhom3 Mattermost/span_Save' is clicked on

2021-05-29 10:05:52 - [TEST_STEP][PASSED] - click(findTestObject("1412263_Page_Town Square - CNC_Nhom3 Mattermost/span_")): Object: 'Object Repository/1412263_Page_Town Square - CNC_Nhom3 Mattermost/span_' is clicked on

2021-05-29 10:05:57 - [MESSAGE][PASSED] - Object: 'Object Repository/1412263_Page_Town Square - CNC_Nhom3 Mattermost/span_' is clicked on

2021-05-29 10:05:57 - [TEST_STEP][PASSED] - closeBrowser(): Browser is closed

2021-05-29 10:05:58 - [MESSAGE][PASSED] - Browser is closed]]></system-out>
         <system-err><![CDATA[]]></system-err>
      </testcase>
      <testcase name="Test Cases/1412263/TC07_UpdateEmail" time="107.845" classname="Test Cases/1412263/TC07_UpdateEmail" status="PASSED">
         <system-out><![CDATA[2021-05-29 10:05:58 - [TEST_CASE][PASSED] - Test Cases/1412263/TC07_UpdateEmail: Test Cases/1412263/TC07_UpdateEmail

2021-05-29 10:05:58 - [TEST_STEP][PASSED] - openBrowser(""): Browser is opened with url: ''

2021-05-29 10:05:58 - [MESSAGE][INFO] - Starting 'Chrome' driver

2021-05-29 10:05:58 - [MESSAGE][INFO] - Action delay is set to 5,000 milliseconds

2021-05-29 10:05:59 - [MESSAGE][PASSED] - Browser is opened with url: ''

2021-05-29 10:05:59 - [TEST_STEP][PASSED] - navigateToUrl("http://mattermostwebapp.herokuapp.com/"): Navigate to 'http://mattermostwebapp.herokuapp.com/' successfully

2021-05-29 10:06:10 - [MESSAGE][PASSED] - Navigate to 'http://mattermostwebapp.herokuapp.com/' successfully

2021-05-29 10:06:10 - [TEST_STEP][PASSED] - setText(findTestObject("1412263_Page_Mattermost/input_All team communication in one place, _dcc84b"), "huykhoi263"): Text 'huykhoi263' is set on object 'Object Repository/1412263_Page_Mattermost/input_All team communication in one place, _dcc84b'

2021-05-29 10:06:26 - [MESSAGE][PASSED] - Text 'huykhoi263' is set on object 'Object Repository/1412263_Page_Mattermost/input_All team communication in one place, _dcc84b'

2021-05-29 10:06:26 - [TEST_STEP][PASSED] - setEncryptedText(findTestObject("1412263_Page_Mattermost/input_All team communication in one place, _a3edc6"), "o1rBehR+FzY2ClyWuSUtzg=="): Text ****** has been set on object 'Object Repository/1412263_Page_Mattermost/input_All team communication in one place, _a3edc6'

2021-05-29 10:06:36 - [MESSAGE][PASSED] - Text ****** has been set on object 'Object Repository/1412263_Page_Mattermost/input_All team communication in one place, _a3edc6'

2021-05-29 10:06:36 - [TEST_STEP][PASSED] - click(findTestObject("1412263_Page_Mattermost/span_Sign in")): Object: 'Object Repository/1412263_Page_Mattermost/span_Sign in' is clicked on

2021-05-29 10:06:42 - [MESSAGE][PASSED] - Object: 'Object Repository/1412263_Page_Mattermost/span_Sign in' is clicked on

2021-05-29 10:06:42 - [TEST_STEP][PASSED] - click(findTestObject("1412263_Page_Town Square - CNC_Nhom3 Mattermost/path")): Object: 'Object Repository/1412263_Page_Town Square - CNC_Nhom3 Mattermost/path' is clicked on

2021-05-29 10:06:51 - [MESSAGE][PASSED] - Object: 'Object Repository/1412263_Page_Town Square - CNC_Nhom3 Mattermost/path' is clicked on

2021-05-29 10:06:51 - [TEST_STEP][PASSED] - click(findTestObject("1412263_Page_Town Square - CNC_Nhom3 Mattermost/button_Account Settings")): Object: 'Object Repository/1412263_Page_Town Square - CNC_Nhom3 Mattermost/button_Account Settings' is clicked on

2021-05-29 10:06:56 - [MESSAGE][PASSED] - Object: 'Object Repository/1412263_Page_Town Square - CNC_Nhom3 Mattermost/button_Account Settings' is clicked on

2021-05-29 10:06:56 - [TEST_STEP][PASSED] - click(findTestObject("1412263_Page_Town Square - CNC_Nhom3 Mattermost/span_EditEmail")): Object: 'Object Repository/1412263_Page_Town Square - CNC_Nhom3 Mattermost/span_EditEmail' is clicked on

2021-05-29 10:07:02 - [MESSAGE][PASSED] - Object: 'Object Repository/1412263_Page_Town Square - CNC_Nhom3 Mattermost/span_EditEmail' is clicked on

2021-05-29 10:07:02 - [TEST_STEP][PASSED] - setText(findTestObject("1412263_Page_Town Square - CNC_Nhom3 Mattermost/input_New Email_primaryEmail"), "huykhoiabca@gmail.com"): Text 'huykhoiabca@gmail.com' is set on object 'Object Repository/1412263_Page_Town Square - CNC_Nhom3 Mattermost/input_New Email_primaryEmail'

2021-05-29 10:07:13 - [MESSAGE][PASSED] - Text 'huykhoiabca@gmail.com' is set on object 'Object Repository/1412263_Page_Town Square - CNC_Nhom3 Mattermost/input_New Email_primaryEmail'

2021-05-29 10:07:13 - [TEST_STEP][PASSED] - setText(findTestObject("1412263_Page_Town Square - CNC_Nhom3 Mattermost/input_Confirm Email_confirmEmail"), "huykhoiabca@gmail.com"): Text 'huykhoiabca@gmail.com' is set on object 'Object Repository/1412263_Page_Town Square - CNC_Nhom3 Mattermost/input_Confirm Email_confirmEmail'

2021-05-29 10:07:24 - [MESSAGE][PASSED] - Text 'huykhoiabca@gmail.com' is set on object 'Object Repository/1412263_Page_Town Square - CNC_Nhom3 Mattermost/input_Confirm Email_confirmEmail'

2021-05-29 10:07:24 - [TEST_STEP][PASSED] - setEncryptedText(findTestObject("1412263_Page_Town Square - CNC_Nhom3 Mattermost/input_Current Password_currentPassword"), "o1rBehR+FzY2ClyWuSUtzg=="): Text ****** has been set on object 'Object Repository/1412263_Page_Town Square - CNC_Nhom3 Mattermost/input_Current Password_currentPassword'

2021-05-29 10:07:34 - [MESSAGE][PASSED] - Text ****** has been set on object 'Object Repository/1412263_Page_Town Square - CNC_Nhom3 Mattermost/input_Current Password_currentPassword'

2021-05-29 10:07:34 - [TEST_STEP][PASSED] - click(findTestObject("1412263_Page_Town Square - CNC_Nhom3 Mattermost/span_Save")): Object: 'Object Repository/1412263_Page_Town Square - CNC_Nhom3 Mattermost/span_Save' is clicked on

2021-05-29 10:07:39 - [MESSAGE][PASSED] - Object: 'Object Repository/1412263_Page_Town Square - CNC_Nhom3 Mattermost/span_Save' is clicked on

2021-05-29 10:07:39 - [TEST_STEP][PASSED] - click(findTestObject("1412263_Page_Town Square - CNC_Nhom3 Mattermost/button_Close")): Object: 'Object Repository/1412263_Page_Town Square - CNC_Nhom3 Mattermost/button_Close' is clicked on

2021-05-29 10:07:45 - [MESSAGE][PASSED] - Object: 'Object Repository/1412263_Page_Town Square - CNC_Nhom3 Mattermost/button_Close' is clicked on

2021-05-29 10:07:45 - [TEST_STEP][PASSED] - closeBrowser(): Browser is closed

2021-05-29 10:07:46 - [MESSAGE][PASSED] - Browser is closed]]></system-out>
         <system-err><![CDATA[]]></system-err>
      </testcase>
      <testcase name="Test Cases/1412263/TC08_ResetPassword" time="67.044" classname="Test Cases/1412263/TC08_ResetPassword" status="FAILED">
         <failure type="FAILED" message="Test Cases/1412263/TC08_ResetPassword FAILED.
Reason:
com.kms.katalon.core.exception.StepFailedException: Unable to click on object 'Object Repository/1412263_Page_Mattermost/span_Sign in (1)'
	at com.kms.katalon.core.webui.keyword.internal.WebUIKeywordMain.stepFailed(WebUIKeywordMain.groovy:64)
	at com.kms.katalon.core.webui.keyword.internal.WebUIKeywordMain.runKeyword(WebUIKeywordMain.groovy:26)
	at com.kms.katalon.core.webui.keyword.builtin.ClickKeyword.click(ClickKeyword.groovy:75)
	at com.kms.katalon.core.webui.keyword.builtin.ClickKeyword.execute(ClickKeyword.groovy:42)
	at com.kms.katalon.core.keyword.internal.KeywordExecutor.executeKeywordForPlatform(KeywordExecutor.groovy:73)
	at com.kms.katalon.core.webui.keyword.WebUiBuiltInKeywords.click(WebUiBuiltInKeywords.groovy:619)
	at com.kms.katalon.core.webui.keyword.WebUiBuiltInKeywords$click$3.call(Unknown Source)
	at TC08_ResetPassword.run(TC08_ResetPassword:30)
	at com.kms.katalon.core.main.ScriptEngine.run(ScriptEngine.java:194)
	at com.kms.katalon.core.main.ScriptEngine.runScriptAsRawText(ScriptEngine.java:119)
	at com.kms.katalon.core.main.TestCaseExecutor.runScript(TestCaseExecutor.java:398)
	at com.kms.katalon.core.main.TestCaseExecutor.doExecute(TestCaseExecutor.java:389)
	at com.kms.katalon.core.main.TestCaseExecutor.processExecutionPhase(TestCaseExecutor.java:368)
	at com.kms.katalon.core.main.TestCaseExecutor.accessMainPhase(TestCaseExecutor.java:360)
	at com.kms.katalon.core.main.TestCaseExecutor.execute(TestCaseExecutor.java:255)
	at com.kms.katalon.core.main.TestSuiteExecutor.accessTestCaseMainPhase(TestSuiteExecutor.java:203)
	at com.kms.katalon.core.main.TestSuiteExecutor.accessTestSuiteMainPhase(TestSuiteExecutor.java:152)
	at com.kms.katalon.core.main.TestSuiteExecutor.execute(TestSuiteExecutor.java:95)
	at com.kms.katalon.core.main.TestCaseMain.startTestSuite(TestCaseMain.java:157)
	at com.kms.katalon.core.main.TestCaseMain$startTestSuite$0.call(Unknown Source)
	at TempTestSuite1622256592737.run(TempTestSuite1622256592737.groovy:39)
Caused by: com.kms.katalon.core.webui.exception.WebElementNotFoundException: Web element with id: 'Object Repository/1412263_Page_Mattermost/span_Sign in (1)' located by '//button[@id='login']/span' not found
	at com.kms.katalon.core.webui.common.WebUiCommonHelper.findWebElement(WebUiCommonHelper.java:1368)
	at com.kms.katalon.core.webui.keyword.internal.WebUIAbstractKeyword.findWebElement(WebUIAbstractKeyword.groovy:27)
	at com.kms.katalon.core.webui.keyword.internal.WebUIAbstractKeyword.findWebElement(WebUIAbstractKeyword.groovy:26)
	at com.kms.katalon.core.webui.keyword.builtin.ClickKeyword$_click_closure1.doCall(ClickKeyword.groovy:66)
	at com.kms.katalon.core.webui.keyword.builtin.ClickKeyword$_click_closure1.call(ClickKeyword.groovy)
	at com.kms.katalon.core.webui.keyword.internal.WebUIKeywordMain.runKeyword(WebUIKeywordMain.groovy:20)
	... 19 more
"/>
         <system-out><![CDATA[2021-05-29 10:07:46 - [TEST_CASE][FAILED] - Test Cases/1412263/TC08_ResetPassword: Test Cases/1412263/TC08_ResetPassword FAILED.
Reason:
com.kms.katalon.core.exception.StepFailedException: Unable to click on object 'Object Repository/1412263_Page_Mattermost/span_Sign in (1)'
	at com.kms.katalon.core.webui.keyword.internal.WebUIKeywordMain.stepFailed(WebUIKeywordMain.groovy:64)
	at com.kms.katalon.core.webui.keyword.internal.WebUIKeywordMain.runKeyword(WebUIKeywordMain.groovy:26)
	at com.kms.katalon.core.webui.keyword.builtin.ClickKeyword.click(ClickKeyword.groovy:75)
	at com.kms.katalon.core.webui.keyword.builtin.ClickKeyword.execute(ClickKeyword.groovy:42)
	at com.kms.katalon.core.keyword.internal.KeywordExecutor.executeKeywordForPlatform(KeywordExecutor.groovy:73)
	at com.kms.katalon.core.webui.keyword.WebUiBuiltInKeywords.click(WebUiBuiltInKeywords.groovy:619)
	at com.kms.katalon.core.webui.keyword.WebUiBuiltInKeywords$click$3.call(Unknown Source)
	at TC08_ResetPassword.run(TC08_ResetPassword:30)
	at com.kms.katalon.core.main.ScriptEngine.run(ScriptEngine.java:194)
	at com.kms.katalon.core.main.ScriptEngine.runScriptAsRawText(ScriptEngine.java:119)
	at com.kms.katalon.core.main.TestCaseExecutor.runScript(TestCaseExecutor.java:398)
	at com.kms.katalon.core.main.TestCaseExecutor.doExecute(TestCaseExecutor.java:389)
	at com.kms.katalon.core.main.TestCaseExecutor.processExecutionPhase(TestCaseExecutor.java:368)
	at com.kms.katalon.core.main.TestCaseExecutor.accessMainPhase(TestCaseExecutor.java:360)
	at com.kms.katalon.core.main.TestCaseExecutor.execute(TestCaseExecutor.java:255)
	at com.kms.katalon.core.main.TestSuiteExecutor.accessTestCaseMainPhase(TestSuiteExecutor.java:203)
	at com.kms.katalon.core.main.TestSuiteExecutor.accessTestSuiteMainPhase(TestSuiteExecutor.java:152)
	at com.kms.katalon.core.main.TestSuiteExecutor.execute(TestSuiteExecutor.java:95)
	at com.kms.katalon.core.main.TestCaseMain.startTestSuite(TestCaseMain.java:157)
	at com.kms.katalon.core.main.TestCaseMain$startTestSuite$0.call(Unknown Source)
	at TempTestSuite1622256592737.run(TempTestSuite1622256592737.groovy:39)
Caused by: com.kms.katalon.core.webui.exception.WebElementNotFoundException: Web element with id: 'Object Repository/1412263_Page_Mattermost/span_Sign in (1)' located by '//button[@id='login']/span' not found
	at com.kms.katalon.core.webui.common.WebUiCommonHelper.findWebElement(WebUiCommonHelper.java:1368)
	at com.kms.katalon.core.webui.keyword.internal.WebUIAbstractKeyword.findWebElement(WebUIAbstractKeyword.groovy:27)
	at com.kms.katalon.core.webui.keyword.internal.WebUIAbstractKeyword.findWebElement(WebUIAbstractKeyword.groovy:26)
	at com.kms.katalon.core.webui.keyword.builtin.ClickKeyword$_click_closure1.doCall(ClickKeyword.groovy:66)
	at com.kms.katalon.core.webui.keyword.builtin.ClickKeyword$_click_closure1.call(ClickKeyword.groovy)
	at com.kms.katalon.core.webui.keyword.internal.WebUIKeywordMain.runKeyword(WebUIKeywordMain.groovy:20)
	... 19 more


2021-05-29 10:07:46 - [TEST_STEP][PASSED] - openBrowser(""): Browser is opened with url: ''

2021-05-29 10:07:46 - [MESSAGE][INFO] - Starting 'Chrome' driver

2021-05-29 10:07:46 - [MESSAGE][INFO] - Action delay is set to 5,000 milliseconds

2021-05-29 10:07:47 - [MESSAGE][PASSED] - Browser is opened with url: ''

2021-05-29 10:07:47 - [TEST_STEP][PASSED] - navigateToUrl("http://mattermostwebapp.herokuapp.com/"): Navigate to 'http://mattermostwebapp.herokuapp.com/' successfully

2021-05-29 10:07:56 - [MESSAGE][PASSED] - Navigate to 'http://mattermostwebapp.herokuapp.com/' successfully

2021-05-29 10:07:56 - [TEST_STEP][PASSED] - setText(findTestObject("1412263_Page_Mattermost/input_All team communication in one place, _dcc84b (1)"), "huykhoi263"): Text 'huykhoi263' is set on object 'Object Repository/1412263_Page_Mattermost/input_All team communication in one place, _dcc84b (1)'

2021-05-29 10:08:11 - [MESSAGE][PASSED] - Text 'huykhoi263' is set on object 'Object Repository/1412263_Page_Mattermost/input_All team communication in one place, _dcc84b (1)'

2021-05-29 10:08:11 - [TEST_STEP][PASSED] - setEncryptedText(findTestObject("1412263_Page_Mattermost/input_All team communication in one place, _a3edc6 (1)"), "o1rBehR+FzY2ClyWuSUtzg=="): Text ****** has been set on object 'Object Repository/1412263_Page_Mattermost/input_All team communication in one place, _a3edc6 (1)'

2021-05-29 10:08:21 - [MESSAGE][PASSED] - Text ****** has been set on object 'Object Repository/1412263_Page_Mattermost/input_All team communication in one place, _a3edc6 (1)'

2021-05-29 10:08:21 - [TEST_STEP][FAILED] - click(findTestObject("1412263_Page_Mattermost/span_Sign in (1)")): Unable to click on object 'Object Repository/1412263_Page_Mattermost/span_Sign in (1)' (Root cause: com.kms.katalon.core.exception.StepFailedException: Unable to click on object 'Object Repository/1412263_Page_Mattermost/span_Sign in (1)'
	at com.kms.katalon.core.webui.keyword.internal.WebUIKeywordMain.stepFailed(WebUIKeywordMain.groovy:64)
	at com.kms.katalon.core.webui.keyword.internal.WebUIKeywordMain.runKeyword(WebUIKeywordMain.groovy:26)
	at com.kms.katalon.core.webui.keyword.builtin.ClickKeyword.click(ClickKeyword.groovy:75)
	at com.kms.katalon.core.webui.keyword.builtin.ClickKeyword.execute(ClickKeyword.groovy:42)
	at com.kms.katalon.core.keyword.internal.KeywordExecutor.executeKeywordForPlatform(KeywordExecutor.groovy:73)
	at com.kms.katalon.core.webui.keyword.WebUiBuiltInKeywords.click(WebUiBuiltInKeywords.groovy:619)
	at com.kms.katalon.core.webui.keyword.WebUiBuiltInKeywords$click$3.call(Unknown Source)
	at TC08_ResetPassword.run(TC08_ResetPassword:30)
	at com.kms.katalon.core.main.ScriptEngine.run(ScriptEngine.java:194)
	at com.kms.katalon.core.main.ScriptEngine.runScriptAsRawText(ScriptEngine.java:119)
	at com.kms.katalon.core.main.TestCaseExecutor.runScript(TestCaseExecutor.java:398)
	at com.kms.katalon.core.main.TestCaseExecutor.doExecute(TestCaseExecutor.java:389)
	at com.kms.katalon.core.main.TestCaseExecutor.processExecutionPhase(TestCaseExecutor.java:368)
	at com.kms.katalon.core.main.TestCaseExecutor.accessMainPhase(TestCaseExecutor.java:360)
	at com.kms.katalon.core.main.TestCaseExecutor.execute(TestCaseExecutor.java:255)
	at com.kms.katalon.core.main.TestSuiteExecutor.accessTestCaseMainPhase(TestSuiteExecutor.java:203)
	at com.kms.katalon.core.main.TestSuiteExecutor.accessTestSuiteMainPhase(TestSuiteExecutor.java:152)
	at com.kms.katalon.core.main.TestSuiteExecutor.execute(TestSuiteExecutor.java:95)
	at com.kms.katalon.core.main.TestCaseMain.startTestSuite(TestCaseMain.java:157)
	at com.kms.katalon.core.main.TestCaseMain$startTestSuite$0.call(Unknown Source)
	at TempTestSuite1622256592737.run(TempTestSuite1622256592737.groovy:39)
Caused by: com.kms.katalon.core.webui.exception.WebElementNotFoundException: Web element with id: 'Object Repository/1412263_Page_Mattermost/span_Sign in (1)' located by '//button[@id='login']/span' not found
	at com.kms.katalon.core.webui.common.WebUiCommonHelper.findWebElement(WebUiCommonHelper.java:1368)
	at com.kms.katalon.core.webui.keyword.internal.WebUIAbstractKeyword.findWebElement(WebUIAbstractKeyword.groovy:27)
	at com.kms.katalon.core.webui.keyword.internal.WebUIAbstractKeyword.findWebElement(WebUIAbstractKeyword.groovy:26)
	at com.kms.katalon.core.webui.keyword.builtin.ClickKeyword$_click_closure1.doCall(ClickKeyword.groovy:66)
	at com.kms.katalon.core.webui.keyword.builtin.ClickKeyword$_click_closure1.call(ClickKeyword.groovy)
	at com.kms.katalon.core.webui.keyword.internal.WebUIKeywordMain.runKeyword(WebUIKeywordMain.groovy:20)
	at com.kms.katalon.core.webui.keyword.builtin.ClickKeyword.click(ClickKeyword.groovy:75)
	at com.kms.katalon.core.webui.keyword.builtin.ClickKeyword.execute(ClickKeyword.groovy:42)
	at com.kms.katalon.core.keyword.internal.KeywordExecutor.executeKeywordForPlatform(KeywordExecutor.groovy:73)
	at com.kms.katalon.core.webui.keyword.WebUiBuiltInKeywords.click(WebUiBuiltInKeywords.groovy:619)
	at com.kms.katalon.core.webui.keyword.WebUiBuiltInKeywords$click$3.call(Unknown Source)
	at Script1621479177631.run(Script1621479177631.groovy:30)
	... 13 more
)

2021-05-29 10:08:53 - [MESSAGE][INFO] - Unable to find the element located by 'By.xpath: //button[@id='login']/span'. Please recheck the objects properties to make sure the desired element is located. 

2021-05-29 10:08:53 - [MESSAGE][FAILED] - Unable to click on object 'Object Repository/1412263_Page_Mattermost/span_Sign in (1)' (Root cause: com.kms.katalon.core.exception.StepFailedException: Unable to click on object 'Object Repository/1412263_Page_Mattermost/span_Sign in (1)'
	at com.kms.katalon.core.webui.keyword.internal.WebUIKeywordMain.stepFailed(WebUIKeywordMain.groovy:64)
	at com.kms.katalon.core.webui.keyword.internal.WebUIKeywordMain.runKeyword(WebUIKeywordMain.groovy:26)
	at com.kms.katalon.core.webui.keyword.builtin.ClickKeyword.click(ClickKeyword.groovy:75)
	at com.kms.katalon.core.webui.keyword.builtin.ClickKeyword.execute(ClickKeyword.groovy:42)
	at com.kms.katalon.core.keyword.internal.KeywordExecutor.executeKeywordForPlatform(KeywordExecutor.groovy:73)
	at com.kms.katalon.core.webui.keyword.WebUiBuiltInKeywords.click(WebUiBuiltInKeywords.groovy:619)
	at com.kms.katalon.core.webui.keyword.WebUiBuiltInKeywords$click$3.call(Unknown Source)
	at TC08_ResetPassword.run(TC08_ResetPassword:30)
	at com.kms.katalon.core.main.ScriptEngine.run(ScriptEngine.java:194)
	at com.kms.katalon.core.main.ScriptEngine.runScriptAsRawText(ScriptEngine.java:119)
	at com.kms.katalon.core.main.TestCaseExecutor.runScript(TestCaseExecutor.java:398)
	at com.kms.katalon.core.main.TestCaseExecutor.doExecute(TestCaseExecutor.java:389)
	at com.kms.katalon.core.main.TestCaseExecutor.processExecutionPhase(TestCaseExecutor.java:368)
	at com.kms.katalon.core.main.TestCaseExecutor.accessMainPhase(TestCaseExecutor.java:360)
	at com.kms.katalon.core.main.TestCaseExecutor.execute(TestCaseExecutor.java:255)
	at com.kms.katalon.core.main.TestSuiteExecutor.accessTestCaseMainPhase(TestSuiteExecutor.java:203)
	at com.kms.katalon.core.main.TestSuiteExecutor.accessTestSuiteMainPhase(TestSuiteExecutor.java:152)
	at com.kms.katalon.core.main.TestSuiteExecutor.execute(TestSuiteExecutor.java:95)
	at com.kms.katalon.core.main.TestCaseMain.startTestSuite(TestCaseMain.java:157)
	at com.kms.katalon.core.main.TestCaseMain$startTestSuite$0.call(Unknown Source)
	at TempTestSuite1622256592737.run(TempTestSuite1622256592737.groovy:39)
Caused by: com.kms.katalon.core.webui.exception.WebElementNotFoundException: Web element with id: 'Object Repository/1412263_Page_Mattermost/span_Sign in (1)' located by '//button[@id='login']/span' not found
	at com.kms.katalon.core.webui.common.WebUiCommonHelper.findWebElement(WebUiCommonHelper.java:1368)
	at com.kms.katalon.core.webui.keyword.internal.WebUIAbstractKeyword.findWebElement(WebUIAbstractKeyword.groovy:27)
	at com.kms.katalon.core.webui.keyword.internal.WebUIAbstractKeyword.findWebElement(WebUIAbstractKeyword.groovy:26)
	at com.kms.katalon.core.webui.keyword.builtin.ClickKeyword$_click_closure1.doCall(ClickKeyword.groovy:66)
	at com.kms.katalon.core.webui.keyword.builtin.ClickKeyword$_click_closure1.call(ClickKeyword.groovy)
	at com.kms.katalon.core.webui.keyword.internal.WebUIKeywordMain.runKeyword(WebUIKeywordMain.groovy:20)
	at com.kms.katalon.core.webui.keyword.builtin.ClickKeyword.click(ClickKeyword.groovy:75)
	at com.kms.katalon.core.webui.keyword.builtin.ClickKeyword.execute(ClickKeyword.groovy:42)
	at com.kms.katalon.core.keyword.internal.KeywordExecutor.executeKeywordForPlatform(KeywordExecutor.groovy:73)
	at com.kms.katalon.core.webui.keyword.WebUiBuiltInKeywords.click(WebUiBuiltInKeywords.groovy:619)
	at com.kms.katalon.core.webui.keyword.WebUiBuiltInKeywords$click$3.call(Unknown Source)
	at Script1621479177631.run(Script1621479177631.groovy:30)
	... 13 more
)
[[ATTACHMENT|C:\\Users\\Bao Chau\\Katalon Studio\\Mattermost_AutoTesting\\Reports\\20210529_094952\\1612049\\Run all test cases\\20210529_094952\\1622257733062.png]]]]></system-out>
         <system-err><![CDATA[2021-05-29 10:07:46 - [TEST_CASE][FAILED] - Test Cases/1412263/TC08_ResetPassword: Test Cases/1412263/TC08_ResetPassword FAILED.
Reason:
com.kms.katalon.core.exception.StepFailedException: Unable to click on object 'Object Repository/1412263_Page_Mattermost/span_Sign in (1)'
	at com.kms.katalon.core.webui.keyword.internal.WebUIKeywordMain.stepFailed(WebUIKeywordMain.groovy:64)
	at com.kms.katalon.core.webui.keyword.internal.WebUIKeywordMain.runKeyword(WebUIKeywordMain.groovy:26)
	at com.kms.katalon.core.webui.keyword.builtin.ClickKeyword.click(ClickKeyword.groovy:75)
	at com.kms.katalon.core.webui.keyword.builtin.ClickKeyword.execute(ClickKeyword.groovy:42)
	at com.kms.katalon.core.keyword.internal.KeywordExecutor.executeKeywordForPlatform(KeywordExecutor.groovy:73)
	at com.kms.katalon.core.webui.keyword.WebUiBuiltInKeywords.click(WebUiBuiltInKeywords.groovy:619)
	at com.kms.katalon.core.webui.keyword.WebUiBuiltInKeywords$click$3.call(Unknown Source)
	at TC08_ResetPassword.run(TC08_ResetPassword:30)
	at com.kms.katalon.core.main.ScriptEngine.run(ScriptEngine.java:194)
	at com.kms.katalon.core.main.ScriptEngine.runScriptAsRawText(ScriptEngine.java:119)
	at com.kms.katalon.core.main.TestCaseExecutor.runScript(TestCaseExecutor.java:398)
	at com.kms.katalon.core.main.TestCaseExecutor.doExecute(TestCaseExecutor.java:389)
	at com.kms.katalon.core.main.TestCaseExecutor.processExecutionPhase(TestCaseExecutor.java:368)
	at com.kms.katalon.core.main.TestCaseExecutor.accessMainPhase(TestCaseExecutor.java:360)
	at com.kms.katalon.core.main.TestCaseExecutor.execute(TestCaseExecutor.java:255)
	at com.kms.katalon.core.main.TestSuiteExecutor.accessTestCaseMainPhase(TestSuiteExecutor.java:203)
	at com.kms.katalon.core.main.TestSuiteExecutor.accessTestSuiteMainPhase(TestSuiteExecutor.java:152)
	at com.kms.katalon.core.main.TestSuiteExecutor.execute(TestSuiteExecutor.java:95)
	at com.kms.katalon.core.main.TestCaseMain.startTestSuite(TestCaseMain.java:157)
	at com.kms.katalon.core.main.TestCaseMain$startTestSuite$0.call(Unknown Source)
	at TempTestSuite1622256592737.run(TempTestSuite1622256592737.groovy:39)
Caused by: com.kms.katalon.core.webui.exception.WebElementNotFoundException: Web element with id: 'Object Repository/1412263_Page_Mattermost/span_Sign in (1)' located by '//button[@id='login']/span' not found
	at com.kms.katalon.core.webui.common.WebUiCommonHelper.findWebElement(WebUiCommonHelper.java:1368)
	at com.kms.katalon.core.webui.keyword.internal.WebUIAbstractKeyword.findWebElement(WebUIAbstractKeyword.groovy:27)
	at com.kms.katalon.core.webui.keyword.internal.WebUIAbstractKeyword.findWebElement(WebUIAbstractKeyword.groovy:26)
	at com.kms.katalon.core.webui.keyword.builtin.ClickKeyword$_click_closure1.doCall(ClickKeyword.groovy:66)
	at com.kms.katalon.core.webui.keyword.builtin.ClickKeyword$_click_closure1.call(ClickKeyword.groovy)
	at com.kms.katalon.core.webui.keyword.internal.WebUIKeywordMain.runKeyword(WebUIKeywordMain.groovy:20)
	... 19 more]]></system-err>
      </testcase>
      <testcase name="Test Cases/1412263/TC10_SetPasswordLimit" time="83.935" classname="Test Cases/1412263/TC10_SetPasswordLimit" status="PASSED">
         <system-out><![CDATA[2021-05-29 10:08:53 - [TEST_CASE][PASSED] - Test Cases/1412263/TC10_SetPasswordLimit: Test Cases/1412263/TC10_SetPasswordLimit

2021-05-29 10:08:53 - [TEST_STEP][PASSED] - openBrowser(""): Browser is opened with url: ''

2021-05-29 10:08:53 - [MESSAGE][WARNING] - A browser is already opened. Closing browser and opening a new one

2021-05-29 10:08:54 - [MESSAGE][INFO] - Starting 'Chrome' driver

2021-05-29 10:08:54 - [MESSAGE][INFO] - Action delay is set to 5,000 milliseconds

2021-05-29 10:08:55 - [MESSAGE][PASSED] - Browser is opened with url: ''

2021-05-29 10:08:55 - [TEST_STEP][PASSED] - navigateToUrl("http://mattermostwebapp.herokuapp.com/"): Navigate to 'http://mattermostwebapp.herokuapp.com/' successfully

2021-05-29 10:09:04 - [MESSAGE][PASSED] - Navigate to 'http://mattermostwebapp.herokuapp.com/' successfully

2021-05-29 10:09:04 - [TEST_STEP][PASSED] - setText(findTestObject("1412263_Page_Mattermost/input_All team communication in one place, _dcc84b"), "huykhoi263"): Text 'huykhoi263' is set on object 'Object Repository/1412263_Page_Mattermost/input_All team communication in one place, _dcc84b'

2021-05-29 10:09:18 - [MESSAGE][PASSED] - Text 'huykhoi263' is set on object 'Object Repository/1412263_Page_Mattermost/input_All team communication in one place, _dcc84b'

2021-05-29 10:09:18 - [TEST_STEP][PASSED] - setEncryptedText(findTestObject("1412263_Page_Mattermost/input_All team communication in one place, _a3edc6"), "o1rBehR+FzY2ClyWuSUtzg=="): Text ****** has been set on object 'Object Repository/1412263_Page_Mattermost/input_All team communication in one place, _a3edc6'

2021-05-29 10:09:29 - [MESSAGE][PASSED] - Text ****** has been set on object 'Object Repository/1412263_Page_Mattermost/input_All team communication in one place, _a3edc6'

2021-05-29 10:09:29 - [TEST_STEP][PASSED] - click(findTestObject("1412263_Page_Mattermost/button_Sign in")): Object: 'Object Repository/1412263_Page_Mattermost/button_Sign in' is clicked on

2021-05-29 10:09:34 - [MESSAGE][PASSED] - Object: 'Object Repository/1412263_Page_Mattermost/button_Sign in' is clicked on

2021-05-29 10:09:34 - [TEST_STEP][PASSED] - click(findTestObject("1412263_Page_Town Square - CNC_Nhom3 Mattermost/path")): Object: 'Object Repository/1412263_Page_Town Square - CNC_Nhom3 Mattermost/path' is clicked on

2021-05-29 10:09:41 - [MESSAGE][PASSED] - Object: 'Object Repository/1412263_Page_Town Square - CNC_Nhom3 Mattermost/path' is clicked on

2021-05-29 10:09:41 - [TEST_STEP][PASSED] - click(findTestObject("1412263_Page_Town Square - CNC_Nhom3 Mattermost/span_System Console")): Object: 'Object Repository/1412263_Page_Town Square - CNC_Nhom3 Mattermost/span_System Console' is clicked on

2021-05-29 10:09:47 - [MESSAGE][PASSED] - Object: 'Object Repository/1412263_Page_Town Square - CNC_Nhom3 Mattermost/span_System Console' is clicked on

2021-05-29 10:09:47 - [TEST_STEP][PASSED] - click(findTestObject("1412263_Page_System Console - Mattermost/a_Password")): Object: 'Object Repository/1412263_Page_System Console - Mattermost/a_Password' is clicked on

2021-05-29 10:09:55 - [MESSAGE][PASSED] - Object: 'Object Repository/1412263_Page_System Console - Mattermost/a_Password' is clicked on

2021-05-29 10:09:55 - [TEST_STEP][PASSED] - setText(findTestObject("1412263_Page_System Console - Mattermost/input_Minimum Password Length_passwordMinim_e95e98"), "6"): Text '6' is set on object 'Object Repository/1412263_Page_System Console - Mattermost/input_Minimum Password Length_passwordMinim_e95e98'

2021-05-29 10:10:09 - [MESSAGE][PASSED] - Text '6' is set on object 'Object Repository/1412263_Page_System Console - Mattermost/input_Minimum Password Length_passwordMinim_e95e98'

2021-05-29 10:10:09 - [TEST_STEP][PASSED] - click(findTestObject("1412263_Page_System Console - Mattermost/button_Save")): Object: 'Object Repository/1412263_Page_System Console - Mattermost/button_Save' is clicked on

2021-05-29 10:10:16 - [MESSAGE][PASSED] - Object: 'Object Repository/1412263_Page_System Console - Mattermost/button_Save' is clicked on

2021-05-29 10:10:16 - [TEST_STEP][PASSED] - closeBrowser(): Browser is closed

2021-05-29 10:10:17 - [MESSAGE][PASSED] - Browser is closed]]></system-out>
         <system-err><![CDATA[]]></system-err>
      </testcase>
      <testcase name="Test Cases/1412263/TC52_APILogin" time="2.471" classname="Test Cases/1412263/TC52_APILogin" status="PASSED">
         <system-out><![CDATA[2021-05-29 10:10:17 - [TEST_CASE][PASSED] - Test Cases/1412263/TC52_APILogin: Test Cases/1412263/TC52_APILogin

2021-05-29 10:10:17 - [TEST_STEP][PASSED] - sendRequest(findTestObject("1412263_API_Mattermost/API_Login")): Send request successfully

2021-05-29 10:10:19 - [MESSAGE][INFO] - HAR: C:\Users\Bao Chau\Katalon Studio\Mattermost_AutoTesting\Reports\20210529_094952\1612049\Run all test cases\20210529_094952\requests\main\0.har

2021-05-29 10:10:19 - [MESSAGE][PASSED] - Send request successfully]]></system-out>
         <system-err><![CDATA[]]></system-err>
      </testcase>
      <testcase name="Test Cases/1412263/TC53_APISignUp" time="1.626" classname="Test Cases/1412263/TC53_APISignUp" status="PASSED">
         <system-out><![CDATA[2021-05-29 10:10:19 - [TEST_CASE][PASSED] - Test Cases/1412263/TC53_APISignUp: Test Cases/1412263/TC53_APISignUp

2021-05-29 10:10:19 - [TEST_STEP][PASSED] - sendRequest(findTestObject("1412263_API_Mattermost/API_SignUp")): Send request successfully

2021-05-29 10:10:21 - [MESSAGE][INFO] - HAR: C:\Users\Bao Chau\Katalon Studio\Mattermost_AutoTesting\Reports\20210529_094952\1612049\Run all test cases\20210529_094952\requests\main\1.har

2021-05-29 10:10:21 - [MESSAGE][PASSED] - Send request successfully]]></system-out>
         <system-err><![CDATA[]]></system-err>
      </testcase>
      <testcase name="Test Cases/1412263/TC54_APISendMessage" time="2.639" classname="Test Cases/1412263/TC54_APISendMessage" status="PASSED">
         <system-out><![CDATA[2021-05-29 10:10:21 - [TEST_CASE][PASSED] - Test Cases/1412263/TC54_APISendMessage: Test Cases/1412263/TC54_APISendMessage

2021-05-29 10:10:21 - [TEST_STEP][PASSED] - loginResponse = sendRequest(findTestObject("Object Repository/1412263_API_Mattermost/API_Login")): Send request successfully

2021-05-29 10:10:23 - [MESSAGE][INFO] - HAR: C:\Users\Bao Chau\Katalon Studio\Mattermost_AutoTesting\Reports\20210529_094952\1612049\Run all test cases\20210529_094952\requests\main\2.har

2021-05-29 10:10:23 - [MESSAGE][PASSED] - Send request successfully

2021-05-29 10:10:23 - [TEST_STEP][PASSED] - parsed = loginResponse.getHeaderFields(): null

2021-05-29 10:10:23 - [TEST_STEP][PASSED] - tokenAPI = Token: null

2021-05-29 10:10:23 - [TEST_STEP][PASSED] - token = "Bearer " + tokenAPI.substring(1, tokenAPI.length() - 1): null

2021-05-29 10:10:23 - [TEST_STEP][PASSED] - sendMessageRequest = findTestObject("Object Repository/1412263_API_Mattermost/API_SendMessage_2"): null

2021-05-29 10:10:23 - [TEST_STEP][PASSED] - HTTPHeader = new java.util.ArrayList(): null

2021-05-29 10:10:23 - [TEST_STEP][PASSED] - authorizationTest = new com.kms.katalon.core.testobject.TestObjectProperty(Authorization, com.kms.katalon.core.testobject.ConditionType.EQUALS, token): null

2021-05-29 10:10:23 - [TEST_STEP][PASSED] - HTTPHeader.add(authorizationTest): null

2021-05-29 10:10:23 - [TEST_STEP][PASSED] - sendMessageRequest.setHttpHeaderProperties(HTTPHeader): null

2021-05-29 10:10:23 - [TEST_STEP][PASSED] - response = sendRequest(sendMessageRequest): Send request successfully

2021-05-29 10:10:23 - [MESSAGE][INFO] - HAR: C:\Users\Bao Chau\Katalon Studio\Mattermost_AutoTesting\Reports\20210529_094952\1612049\Run all test cases\20210529_094952\requests\main\3.har

2021-05-29 10:10:23 - [MESSAGE][PASSED] - Send request successfully

2021-05-29 10:10:23 - [TEST_STEP][PASSED] - verifyElementPropertyValue(response, "channel_id", "3bba45je8pyjtp8s4cgk6iei3c"): Verify element property value successfully

2021-05-29 10:10:23 - [MESSAGE][PASSED] - Verify element property value successfully

2021-05-29 10:10:23 - [TEST_STEP][PASSED] - verifyElementPropertyValue(response, "message", "Coco Jambo"): Verify element property value successfully

2021-05-29 10:10:23 - [MESSAGE][PASSED] - Verify element property value successfully]]></system-out>
         <system-err><![CDATA[]]></system-err>
      </testcase>
      <testcase name="Test Cases/1712666/TC55_ChangeNameAPI" time="3.039" classname="Test Cases/1712666/TC55_ChangeNameAPI" status="PASSED">
         <system-out><![CDATA[2021-05-29 10:10:23 - [TEST_CASE][PASSED] - Test Cases/1712666/TC55_ChangeNameAPI: Test Cases/1712666/TC55_ChangeNameAPI

2021-05-29 10:10:24 - [TEST_STEP][PASSED] - loginResponse = sendRequest(findTestObject("Object Repository/1712666_API_Mattermost/CommonAPI/Common_LoginAPI")): Send request successfully

2021-05-29 10:10:25 - [MESSAGE][INFO] - HAR: C:\Users\Bao Chau\Katalon Studio\Mattermost_AutoTesting\Reports\20210529_094952\1612049\Run all test cases\20210529_094952\requests\main\4.har

2021-05-29 10:10:25 - [MESSAGE][PASSED] - Send request successfully

2021-05-29 10:10:25 - [TEST_STEP][PASSED] - parsed = loginResponse.getHeaderFields(): null

2021-05-29 10:10:25 - [TEST_STEP][PASSED] - tokenAPI = Token: null

2021-05-29 10:10:25 - [TEST_STEP][PASSED] - token = "Bearer " + tokenAPI.substring(1, tokenAPI.length() - 1): null

2021-05-29 10:10:25 - [TEST_STEP][PASSED] - changeNameRequest = findTestObject("1712666_API_Mattermost/ChangeNameAPI"): null

2021-05-29 10:10:25 - [TEST_STEP][PASSED] - HTTPHeader = new java.util.ArrayList(): null

2021-05-29 10:10:25 - [TEST_STEP][PASSED] - authorizationTest = new com.kms.katalon.core.testobject.TestObjectProperty(Authorization, com.kms.katalon.core.testobject.ConditionType.EQUALS, token): null

2021-05-29 10:10:25 - [TEST_STEP][PASSED] - HTTPHeader.add(authorizationTest): null

2021-05-29 10:10:25 - [TEST_STEP][PASSED] - changeNameRequest.setHttpHeaderProperties(HTTPHeader): null

2021-05-29 10:10:25 - [TEST_STEP][PASSED] - response = sendRequest(changeNameRequest): Send request successfully

2021-05-29 10:10:26 - [MESSAGE][INFO] - HAR: C:\Users\Bao Chau\Katalon Studio\Mattermost_AutoTesting\Reports\20210529_094952\1612049\Run all test cases\20210529_094952\requests\main\5.har

2021-05-29 10:10:26 - [MESSAGE][PASSED] - Send request successfully

2021-05-29 10:10:26 - [TEST_STEP][PASSED] - verifyElementPropertyValue(response, "first_name", "test first name"): Verify element property value successfully

2021-05-29 10:10:26 - [MESSAGE][PASSED] - Verify element property value successfully

2021-05-29 10:10:26 - [TEST_STEP][PASSED] - verifyElementPropertyValue(response, "last_name", "test last name"): Verify element property value successfully

2021-05-29 10:10:26 - [MESSAGE][PASSED] - Verify element property value successfully]]></system-out>
         <system-err><![CDATA[]]></system-err>
      </testcase>
      <testcase name="Test Cases/1712666/TC56_SearchUserAPI" time="2.884" classname="Test Cases/1712666/TC56_SearchUserAPI" status="PASSED">
         <system-out><![CDATA[2021-05-29 10:10:26 - [TEST_CASE][PASSED] - Test Cases/1712666/TC56_SearchUserAPI: Test Cases/1712666/TC56_SearchUserAPI

2021-05-29 10:10:27 - [TEST_STEP][PASSED] - loginResponse = sendRequest(findTestObject("Object Repository/1712666_API_Mattermost/CommonAPI/Common_LoginAPI")): Send request successfully

2021-05-29 10:10:28 - [MESSAGE][INFO] - HAR: C:\Users\Bao Chau\Katalon Studio\Mattermost_AutoTesting\Reports\20210529_094952\1612049\Run all test cases\20210529_094952\requests\main\6.har

2021-05-29 10:10:28 - [MESSAGE][PASSED] - Send request successfully

2021-05-29 10:10:28 - [TEST_STEP][PASSED] - parsed = loginResponse.getHeaderFields(): null

2021-05-29 10:10:28 - [TEST_STEP][PASSED] - tokenAPI = Token: null

2021-05-29 10:10:28 - [TEST_STEP][PASSED] - token = "Bearer " + tokenAPI.substring(1, tokenAPI.length() - 1): null

2021-05-29 10:10:28 - [TEST_STEP][PASSED] - searchUserRequest = findTestObject("1712666_API_Mattermost/SearchUserAPI"): null

2021-05-29 10:10:28 - [TEST_STEP][PASSED] - HTTPHeader = new java.util.ArrayList(): null

2021-05-29 10:10:28 - [TEST_STEP][PASSED] - authorizationTest = new com.kms.katalon.core.testobject.TestObjectProperty(Authorization, com.kms.katalon.core.testobject.ConditionType.EQUALS, token): null

2021-05-29 10:10:28 - [TEST_STEP][PASSED] - HTTPHeader.add(authorizationTest): null

2021-05-29 10:10:28 - [TEST_STEP][PASSED] - searchUserRequest.setHttpHeaderProperties(HTTPHeader): null

2021-05-29 10:10:28 - [TEST_STEP][PASSED] - response = sendRequest(searchUserRequest): Send request successfully

2021-05-29 10:10:29 - [MESSAGE][INFO] - HAR: C:\Users\Bao Chau\Katalon Studio\Mattermost_AutoTesting\Reports\20210529_094952\1612049\Run all test cases\20210529_094952\requests\main\7.har

2021-05-29 10:10:29 - [MESSAGE][PASSED] - Send request successfully

2021-05-29 10:10:29 - [TEST_STEP][PASSED] - verifyElementPropertyValue(response, "[0].username", "phuc"): Verify element property value successfully

2021-05-29 10:10:29 - [MESSAGE][PASSED] - Verify element property value successfully]]></system-out>
         <system-err><![CDATA[]]></system-err>
      </testcase>
      <testcase name="Test Cases/1712666/TC57_SearchPublicChannelAPI" time="2.835" classname="Test Cases/1712666/TC57_SearchPublicChannelAPI" status="PASSED">
         <system-out><![CDATA[2021-05-29 10:10:29 - [TEST_CASE][PASSED] - Test Cases/1712666/TC57_SearchPublicChannelAPI: Test Cases/1712666/TC57_SearchPublicChannelAPI

2021-05-29 10:10:30 - [TEST_STEP][PASSED] - loginResponse = sendRequest(findTestObject("Object Repository/1712666_API_Mattermost/CommonAPI/Common_LoginAPI")): Send request successfully

2021-05-29 10:10:31 - [MESSAGE][INFO] - HAR: C:\Users\Bao Chau\Katalon Studio\Mattermost_AutoTesting\Reports\20210529_094952\1612049\Run all test cases\20210529_094952\requests\main\8.har

2021-05-29 10:10:31 - [MESSAGE][PASSED] - Send request successfully

2021-05-29 10:10:31 - [TEST_STEP][PASSED] - parsed = loginResponse.getHeaderFields(): null

2021-05-29 10:10:31 - [TEST_STEP][PASSED] - tokenAPI = Token: null

2021-05-29 10:10:31 - [TEST_STEP][PASSED] - token = "Bearer " + tokenAPI.substring(1, tokenAPI.length() - 1): null

2021-05-29 10:10:31 - [TEST_STEP][PASSED] - searchPublicChannelRequest = findTestObject("1712666_API_Mattermost/SearchPublicChannelAPI"): null

2021-05-29 10:10:31 - [TEST_STEP][PASSED] - HTTPHeader = new java.util.ArrayList(): null

2021-05-29 10:10:31 - [TEST_STEP][PASSED] - authorizationTest = new com.kms.katalon.core.testobject.TestObjectProperty(Authorization, com.kms.katalon.core.testobject.ConditionType.EQUALS, token): null

2021-05-29 10:10:31 - [TEST_STEP][PASSED] - HTTPHeader.add(authorizationTest): null

2021-05-29 10:10:31 - [TEST_STEP][PASSED] - searchPublicChannelRequest.setHttpHeaderProperties(HTTPHeader): null

2021-05-29 10:10:31 - [TEST_STEP][PASSED] - response = sendRequest(searchPublicChannelRequest): Send request successfully

2021-05-29 10:10:32 - [MESSAGE][INFO] - HAR: C:\Users\Bao Chau\Katalon Studio\Mattermost_AutoTesting\Reports\20210529_094952\1612049\Run all test cases\20210529_094952\requests\main\9.har

2021-05-29 10:10:32 - [MESSAGE][PASSED] - Send request successfully

2021-05-29 10:10:32 - [TEST_STEP][PASSED] - verifyElementPropertyValue(response, "[0].name", "test1"): Verify element property value successfully

2021-05-29 10:10:32 - [MESSAGE][PASSED] - Verify element property value successfully]]></system-out>
         <system-err><![CDATA[]]></system-err>
      </testcase>
      <testcase name="Test Cases/1712666/TC58_LogoutAPI" time="2.819" classname="Test Cases/1712666/TC58_LogoutAPI" status="PASSED">
         <system-out><![CDATA[2021-05-29 10:10:32 - [TEST_CASE][PASSED] - Test Cases/1712666/TC58_LogoutAPI: Test Cases/1712666/TC58_LogoutAPI

2021-05-29 10:10:33 - [TEST_STEP][PASSED] - loginResponse = sendRequest(findTestObject("Object Repository/1712666_API_Mattermost/CommonAPI/Common_LoginAPI")): Send request successfully

2021-05-29 10:10:34 - [MESSAGE][INFO] - HAR: C:\Users\Bao Chau\Katalon Studio\Mattermost_AutoTesting\Reports\20210529_094952\1612049\Run all test cases\20210529_094952\requests\main\10.har

2021-05-29 10:10:34 - [MESSAGE][PASSED] - Send request successfully

2021-05-29 10:10:34 - [TEST_STEP][PASSED] - parsed = loginResponse.getHeaderFields(): null

2021-05-29 10:10:34 - [TEST_STEP][PASSED] - tokenAPI = Token: null

2021-05-29 10:10:34 - [TEST_STEP][PASSED] - token = "Bearer " + tokenAPI.substring(1, tokenAPI.length() - 1): null

2021-05-29 10:10:34 - [TEST_STEP][PASSED] - logoutRequest = findTestObject("1712666_API_Mattermost/LogoutAPI"): null

2021-05-29 10:10:34 - [TEST_STEP][PASSED] - HTTPHeader = new java.util.ArrayList(): null

2021-05-29 10:10:34 - [TEST_STEP][PASSED] - authorizationTest = new com.kms.katalon.core.testobject.TestObjectProperty(Authorization, com.kms.katalon.core.testobject.ConditionType.EQUALS, token): null

2021-05-29 10:10:34 - [TEST_STEP][PASSED] - HTTPHeader.add(authorizationTest): null

2021-05-29 10:10:34 - [TEST_STEP][PASSED] - logoutRequest.setHttpHeaderProperties(HTTPHeader): null

2021-05-29 10:10:34 - [TEST_STEP][PASSED] - response = sendRequest(logoutRequest): Send request successfully

2021-05-29 10:10:35 - [MESSAGE][INFO] - HAR: C:\Users\Bao Chau\Katalon Studio\Mattermost_AutoTesting\Reports\20210529_094952\1612049\Run all test cases\20210529_094952\requests\main\11.har

2021-05-29 10:10:35 - [MESSAGE][PASSED] - Send request successfully

2021-05-29 10:10:35 - [TEST_STEP][PASSED] - verifyElementPropertyValue(response, "status", "OK"): Verify element property value successfully

2021-05-29 10:10:35 - [MESSAGE][PASSED] - Verify element property value successfully]]></system-out>
         <system-err><![CDATA[]]></system-err>
      </testcase>
      <testcase name="Test Cases/1712612/TC20_Update_channel_purpose" time="102.385" classname="Test Cases/1712612/TC20_Update_channel_purpose" status="PASSED">
         <system-out><![CDATA[2021-05-29 10:10:35 - [TEST_CASE][PASSED] - Test Cases/1712612/TC20_Update_channel_purpose: Test Cases/1712612/TC20_Update_channel_purpose

2021-05-29 10:10:35 - [TEST_STEP][PASSED] - callTestCase(findTestCase("1712612/CommonTC/TC_OpenPage"), [:], STOP_ON_FAILURE): Call Test Case 'Test Cases/1712612/CommonTC/TC_OpenPage' successfully

2021-05-29 10:10:35 - [TEST_CASE][PASSED] - Test Cases/1712612/CommonTC/TC_OpenPage: Test Cases/1712612/CommonTC/TC_OpenPage

2021-05-29 10:10:36 - [TEST_STEP][PASSED] - openBrowser(""): Browser is opened with url: ''

2021-05-29 10:10:36 - [MESSAGE][INFO] - Starting 'Chrome' driver

2021-05-29 10:10:36 - [MESSAGE][INFO] - Action delay is set to 5,000 milliseconds

2021-05-29 10:10:37 - [MESSAGE][PASSED] - Browser is opened with url: ''

2021-05-29 10:10:37 - [TEST_STEP][PASSED] - navigateToUrl("https://mattermostwebapp.herokuapp.com/login"): Navigate to 'https://mattermostwebapp.herokuapp.com/login' successfully

2021-05-29 10:10:46 - [MESSAGE][PASSED] - Navigate to 'https://mattermostwebapp.herokuapp.com/login' successfully

2021-05-29 10:10:46 - [MESSAGE][PASSED] - Call Test Case 'Test Cases/1712612/CommonTC/TC_OpenPage' successfully

2021-05-29 10:10:46 - [TEST_STEP][PASSED] - callTestCase(findTestCase("1712612/CommonTC/TC_Login"), [:], STOP_ON_FAILURE): Call Test Case 'Test Cases/1712612/CommonTC/TC_Login' successfully

2021-05-29 10:10:46 - [TEST_CASE][PASSED] - Test Cases/1712612/CommonTC/TC_Login: Test Cases/1712612/CommonTC/TC_Login

2021-05-29 10:10:46 - [TEST_STEP][PASSED] - verifyElementVisible(findTestObject("Object Repository/1712612_Mattermost Object/Page_Mattermost/input_login_username"), STOP_ON_FAILURE): Object 'Object Repository/1712612_Mattermost Object/Page_Mattermost/input_login_username' is visible

2021-05-29 10:10:50 - [MESSAGE][PASSED] - Object 'Object Repository/1712612_Mattermost Object/Page_Mattermost/input_login_username' is visible

2021-05-29 10:10:50 - [TEST_STEP][PASSED] - verifyElementVisible(findTestObject("Object Repository/1712612_Mattermost Object/Page_Mattermost/input_login_password"), STOP_ON_FAILURE): Object 'Object Repository/1712612_Mattermost Object/Page_Mattermost/input_login_password' is visible

2021-05-29 10:10:51 - [MESSAGE][PASSED] - Object 'Object Repository/1712612_Mattermost Object/Page_Mattermost/input_login_password' is visible

2021-05-29 10:10:51 - [TEST_STEP][PASSED] - setText(findTestObject("Object Repository/1712612_Mattermost Object/Page_Mattermost/input_login_username"), "nghi_tran"): Text 'nghi_tran' is set on object 'Object Repository/1712612_Mattermost Object/Page_Mattermost/input_login_username'

2021-05-29 10:11:01 - [MESSAGE][PASSED] - Text 'nghi_tran' is set on object 'Object Repository/1712612_Mattermost Object/Page_Mattermost/input_login_username'

2021-05-29 10:11:01 - [TEST_STEP][PASSED] - setEncryptedText(findTestObject("Object Repository/1712612_Mattermost Object/Page_Mattermost/input_login_password"), "KBlHou+hFmnFUOUwxwboiw=="): Text ****** has been set on object 'Object Repository/1712612_Mattermost Object/Page_Mattermost/input_login_password'

2021-05-29 10:11:12 - [MESSAGE][PASSED] - Text ****** has been set on object 'Object Repository/1712612_Mattermost Object/Page_Mattermost/input_login_password'

2021-05-29 10:11:12 - [TEST_STEP][PASSED] - click(findTestObject("Object Repository/1712612_Mattermost Object/Page_Mattermost/button_Sign in")): Object: 'Object Repository/1712612_Mattermost Object/Page_Mattermost/button_Sign in' is clicked on

2021-05-29 10:11:18 - [MESSAGE][PASSED] - Object: 'Object Repository/1712612_Mattermost Object/Page_Mattermost/button_Sign in' is clicked on

2021-05-29 10:11:18 - [TEST_STEP][PASSED] - verifyElementVisible(findTestObject("Object Repository/1712612_Mattermost Object/Page_Town Square - another Mattermost/img__Avatar Avatar-lg"), STOP_ON_FAILURE): Object 'Object Repository/1712612_Mattermost Object/Page_Town Square - another Mattermost/img__Avatar Avatar-lg' is visible

2021-05-29 10:11:21 - [MESSAGE][PASSED] - Object 'Object Repository/1712612_Mattermost Object/Page_Town Square - another Mattermost/img__Avatar Avatar-lg' is visible

2021-05-29 10:11:21 - [MESSAGE][PASSED] - Call Test Case 'Test Cases/1712612/CommonTC/TC_Login' successfully

2021-05-29 10:11:21 - [TEST_STEP][PASSED] - navigateToUrl("https://mattermostwebapp.herokuapp.com/test-1712612/channels/update-channel-purpose"): Navigate to 'https://mattermostwebapp.herokuapp.com/test-1712612/channels/update-channel-purpose' successfully

2021-05-29 10:11:27 - [MESSAGE][PASSED] - Navigate to 'https://mattermostwebapp.herokuapp.com/test-1712612/channels/update-channel-purpose' successfully

2021-05-29 10:11:27 - [TEST_STEP][PASSED] - click(findTestObject("Object Repository/1712612_Mattermost Object/Page_Update channel purpose - Test 1712612 _81d6bc/button_Update channel purpose")): Object: 'Object Repository/1712612_Mattermost Object/Page_Update channel purpose - Test 1712612 _81d6bc/button_Update channel purpose' is clicked on

2021-05-29 10:11:35 - [MESSAGE][PASSED] - Object: 'Object Repository/1712612_Mattermost Object/Page_Update channel purpose - Test 1712612 _81d6bc/button_Update channel purpose' is clicked on

2021-05-29 10:11:35 - [TEST_STEP][PASSED] - click(findTestObject("Object Repository/1712612_Mattermost Object/Page_Update channel purpose - Test 1712612 _81d6bc/button_Edit Channel Purpose")): Object: 'Object Repository/1712612_Mattermost Object/Page_Update channel purpose - Test 1712612 _81d6bc/button_Edit Channel Purpose' is clicked on

2021-05-29 10:11:41 - [MESSAGE][PASSED] - Object: 'Object Repository/1712612_Mattermost Object/Page_Update channel purpose - Test 1712612 _81d6bc/button_Edit Channel Purpose' is clicked on

2021-05-29 10:11:41 - [TEST_STEP][PASSED] - click(findTestObject("Object Repository/1712612_Mattermost Object/Page_Update channel purpose - Test 1712612 _81d6bc/div_CloseEdit Purpose for Update channel pu_f30fff")): Object: 'Object Repository/1712612_Mattermost Object/Page_Update channel purpose - Test 1712612 _81d6bc/div_CloseEdit Purpose for Update channel pu_f30fff' is clicked on

2021-05-29 10:11:46 - [MESSAGE][PASSED] - Object: 'Object Repository/1712612_Mattermost Object/Page_Update channel purpose - Test 1712612 _81d6bc/div_CloseEdit Purpose for Update channel pu_f30fff' is clicked on

2021-05-29 10:11:46 - [TEST_STEP][PASSED] - setText(findTestObject("Object Repository/1712612_Mattermost Object/Page_Update channel purpose - Test 1712612 _81d6bc/textarea_This is update channel purpose"), "This is update channel purpose."): Text 'This is update channel purpose.' is set on object 'Object Repository/1712612_Mattermost Object/Page_Update channel purpose - Test 1712612 _81d6bc/textarea_This is update channel purpose'

2021-05-29 10:11:59 - [MESSAGE][PASSED] - Text 'This is update channel purpose.' is set on object 'Object Repository/1712612_Mattermost Object/Page_Update channel purpose - Test 1712612 _81d6bc/textarea_This is update channel purpose'

2021-05-29 10:11:59 - [TEST_STEP][PASSED] - click(findTestObject("Object Repository/1712612_Mattermost Object/Page_Update channel purpose - Test 1712612 _81d6bc/button_Save")): Object: 'Object Repository/1712612_Mattermost Object/Page_Update channel purpose - Test 1712612 _81d6bc/button_Save' is clicked on

2021-05-29 10:12:04 - [MESSAGE][PASSED] - Object: 'Object Repository/1712612_Mattermost Object/Page_Update channel purpose - Test 1712612 _81d6bc/button_Save' is clicked on

2021-05-29 10:12:04 - [TEST_STEP][PASSED] - click(findTestObject("Object Repository/1712612_Mattermost Object/Page_Update channel purpose - Test 1712612 _81d6bc/button_Update channel purpose")): Object: 'Object Repository/1712612_Mattermost Object/Page_Update channel purpose - Test 1712612 _81d6bc/button_Update channel purpose' is clicked on

2021-05-29 10:12:10 - [MESSAGE][PASSED] - Object: 'Object Repository/1712612_Mattermost Object/Page_Update channel purpose - Test 1712612 _81d6bc/button_Update channel purpose' is clicked on

2021-05-29 10:12:10 - [TEST_STEP][PASSED] - click(findTestObject("Object Repository/1712612_Mattermost Object/Page_Update channel purpose - Test 1712612 _81d6bc/button_View Info")): Object: 'Object Repository/1712612_Mattermost Object/Page_Update channel purpose - Test 1712612 _81d6bc/button_View Info' is clicked on

2021-05-29 10:12:16 - [MESSAGE][PASSED] - Object: 'Object Repository/1712612_Mattermost Object/Page_Update channel purpose - Test 1712612 _81d6bc/button_View Info' is clicked on

2021-05-29 10:12:16 - [TEST_STEP][PASSED] - verifyTextPresent("This is update channel purpose.", false): Text 'This is update channel purpose.' is present on page 

2021-05-29 10:12:17 - [MESSAGE][PASSED] - Text 'This is update channel purpose.' is present on page 

2021-05-29 10:12:17 - [TEST_STEP][PASSED] - closeBrowser(): Browser is closed

2021-05-29 10:12:17 - [MESSAGE][PASSED] - Browser is closed]]></system-out>
         <system-err><![CDATA[]]></system-err>
      </testcase>
      <testcase name="Test Cases/1712612/TC21_RenameChannel" time="82.487" classname="Test Cases/1712612/TC21_RenameChannel" status="PASSED">
         <system-out><![CDATA[2021-05-29 10:12:17 - [TEST_CASE][PASSED] - Test Cases/1712612/TC21_RenameChannel: Test Cases/1712612/TC21_RenameChannel

2021-05-29 10:12:18 - [TEST_STEP][PASSED] - callTestCase(findTestCase("1712612/CommonTC/TC_OpenPage"), [:], STOP_ON_FAILURE): Call Test Case 'Test Cases/1712612/CommonTC/TC_OpenPage' successfully

2021-05-29 10:12:18 - [TEST_CASE][PASSED] - Test Cases/1712612/CommonTC/TC_OpenPage: Test Cases/1712612/CommonTC/TC_OpenPage

2021-05-29 10:12:18 - [TEST_STEP][PASSED] - openBrowser(""): Browser is opened with url: ''

2021-05-29 10:12:18 - [MESSAGE][INFO] - Starting 'Chrome' driver

2021-05-29 10:12:18 - [MESSAGE][INFO] - Action delay is set to 5,000 milliseconds

2021-05-29 10:12:19 - [MESSAGE][PASSED] - Browser is opened with url: ''

2021-05-29 10:12:19 - [TEST_STEP][PASSED] - navigateToUrl("https://mattermostwebapp.herokuapp.com/login"): Navigate to 'https://mattermostwebapp.herokuapp.com/login' successfully

2021-05-29 10:12:28 - [MESSAGE][PASSED] - Navigate to 'https://mattermostwebapp.herokuapp.com/login' successfully

2021-05-29 10:12:28 - [MESSAGE][PASSED] - Call Test Case 'Test Cases/1712612/CommonTC/TC_OpenPage' successfully

2021-05-29 10:12:28 - [TEST_STEP][PASSED] - callTestCase(findTestCase("1712612/CommonTC/TC_Login"), [:], STOP_ON_FAILURE): Call Test Case 'Test Cases/1712612/CommonTC/TC_Login' successfully

2021-05-29 10:12:28 - [TEST_CASE][PASSED] - Test Cases/1712612/CommonTC/TC_Login: Test Cases/1712612/CommonTC/TC_Login

2021-05-29 10:12:28 - [TEST_STEP][PASSED] - verifyElementVisible(findTestObject("Object Repository/1712612_Mattermost Object/Page_Mattermost/input_login_username"), STOP_ON_FAILURE): Object 'Object Repository/1712612_Mattermost Object/Page_Mattermost/input_login_username' is visible

2021-05-29 10:12:33 - [MESSAGE][PASSED] - Object 'Object Repository/1712612_Mattermost Object/Page_Mattermost/input_login_username' is visible

2021-05-29 10:12:33 - [TEST_STEP][PASSED] - verifyElementVisible(findTestObject("Object Repository/1712612_Mattermost Object/Page_Mattermost/input_login_password"), STOP_ON_FAILURE): Object 'Object Repository/1712612_Mattermost Object/Page_Mattermost/input_login_password' is visible

2021-05-29 10:12:33 - [MESSAGE][PASSED] - Object 'Object Repository/1712612_Mattermost Object/Page_Mattermost/input_login_password' is visible

2021-05-29 10:12:33 - [TEST_STEP][PASSED] - setText(findTestObject("Object Repository/1712612_Mattermost Object/Page_Mattermost/input_login_username"), "nghi_tran"): Text 'nghi_tran' is set on object 'Object Repository/1712612_Mattermost Object/Page_Mattermost/input_login_username'

2021-05-29 10:12:44 - [MESSAGE][PASSED] - Text 'nghi_tran' is set on object 'Object Repository/1712612_Mattermost Object/Page_Mattermost/input_login_username'

2021-05-29 10:12:44 - [TEST_STEP][PASSED] - setEncryptedText(findTestObject("Object Repository/1712612_Mattermost Object/Page_Mattermost/input_login_password"), "KBlHou+hFmnFUOUwxwboiw=="): Text ****** has been set on object 'Object Repository/1712612_Mattermost Object/Page_Mattermost/input_login_password'

2021-05-29 10:12:54 - [MESSAGE][PASSED] - Text ****** has been set on object 'Object Repository/1712612_Mattermost Object/Page_Mattermost/input_login_password'

2021-05-29 10:12:54 - [TEST_STEP][PASSED] - click(findTestObject("Object Repository/1712612_Mattermost Object/Page_Mattermost/button_Sign in")): Object: 'Object Repository/1712612_Mattermost Object/Page_Mattermost/button_Sign in' is clicked on

2021-05-29 10:13:00 - [MESSAGE][PASSED] - Object: 'Object Repository/1712612_Mattermost Object/Page_Mattermost/button_Sign in' is clicked on

2021-05-29 10:13:00 - [TEST_STEP][PASSED] - verifyElementVisible(findTestObject("Object Repository/1712612_Mattermost Object/Page_Town Square - another Mattermost/img__Avatar Avatar-lg"), STOP_ON_FAILURE): Object 'Object Repository/1712612_Mattermost Object/Page_Town Square - another Mattermost/img__Avatar Avatar-lg' is visible

2021-05-29 10:13:03 - [MESSAGE][PASSED] - Object 'Object Repository/1712612_Mattermost Object/Page_Town Square - another Mattermost/img__Avatar Avatar-lg' is visible

2021-05-29 10:13:03 - [MESSAGE][PASSED] - Call Test Case 'Test Cases/1712612/CommonTC/TC_Login' successfully

2021-05-29 10:13:03 - [TEST_STEP][PASSED] - navigateToUrl("https://mattermostwebapp.herokuapp.com/test-1712612/channels/channel"): Navigate to 'https://mattermostwebapp.herokuapp.com/test-1712612/channels/channel' successfully

2021-05-29 10:13:09 - [MESSAGE][PASSED] - Navigate to 'https://mattermostwebapp.herokuapp.com/test-1712612/channels/channel' successfully

2021-05-29 10:13:09 - [TEST_STEP][PASSED] - click(findTestObject("Object Repository/1712612_Mattermost Object/Page_channel - Test 1712612 Mattermost/button_channel")): Object: 'Object Repository/1712612_Mattermost Object/Page_channel - Test 1712612 Mattermost/button_channel' is clicked on

2021-05-29 10:13:17 - [MESSAGE][PASSED] - Object: 'Object Repository/1712612_Mattermost Object/Page_channel - Test 1712612 Mattermost/button_channel' is clicked on

2021-05-29 10:13:17 - [TEST_STEP][PASSED] - click(findTestObject("Object Repository/1712612_Mattermost Object/Page_channel - Test 1712612 Mattermost/button_Rename Channel")): Object: 'Object Repository/1712612_Mattermost Object/Page_channel - Test 1712612 Mattermost/button_Rename Channel' is clicked on

2021-05-29 10:13:23 - [MESSAGE][PASSED] - Object: 'Object Repository/1712612_Mattermost Object/Page_channel - Test 1712612 Mattermost/button_Rename Channel' is clicked on

2021-05-29 10:13:23 - [TEST_STEP][PASSED] - setText(findTestObject("Object Repository/1712612_Mattermost Object/Page_channel - Test 1712612 Mattermost/input_Display Name_display_name"), "channels"): Text 'channels' is set on object 'Object Repository/1712612_Mattermost Object/Page_channel - Test 1712612 Mattermost/input_Display Name_display_name'

2021-05-29 10:13:34 - [MESSAGE][PASSED] - Text 'channels' is set on object 'Object Repository/1712612_Mattermost Object/Page_channel - Test 1712612 Mattermost/input_Display Name_display_name'

2021-05-29 10:13:34 - [TEST_STEP][PASSED] - click(findTestObject("Object Repository/1712612_Mattermost Object/Page_channel - Test 1712612 Mattermost/button_Save")): Object: 'Object Repository/1712612_Mattermost Object/Page_channel - Test 1712612 Mattermost/button_Save' is clicked on

2021-05-29 10:13:39 - [MESSAGE][PASSED] - Object: 'Object Repository/1712612_Mattermost Object/Page_channel - Test 1712612 Mattermost/button_Save' is clicked on

2021-05-29 10:13:39 - [TEST_STEP][PASSED] - closeBrowser(): Browser is closed

2021-05-29 10:13:40 - [MESSAGE][PASSED] - Browser is closed]]></system-out>
         <system-err><![CDATA[]]></system-err>
      </testcase>
      <testcase name="Test Cases/1612049/TC36_SearchMessages" time="56.413" classname="Test Cases/1612049/TC36_SearchMessages" status="FAILED">
         <failure type="FAILED" message="Test Cases/1612049/TC36_SearchMessages FAILED.
Reason:
com.kms.katalon.core.exception.StepFailedException: Unable to set text 'test' of object 'Object Repository/1612049/Posts_Area/Posts_Area_Header/Search_Box/input_SearchMessageBox'
	at com.kms.katalon.core.webui.keyword.internal.WebUIKeywordMain.stepFailed(WebUIKeywordMain.groovy:64)
	at com.kms.katalon.core.webui.keyword.internal.WebUIKeywordMain.runKeyword(WebUIKeywordMain.groovy:26)
	at com.kms.katalon.core.webui.keyword.builtin.SetTextKeyword.setText(SetTextKeyword.groovy:66)
	at com.kms.katalon.core.webui.keyword.builtin.SetTextKeyword.execute(SetTextKeyword.groovy:37)
	at com.kms.katalon.core.keyword.internal.KeywordExecutor.executeKeywordForPlatform(KeywordExecutor.groovy:73)
	at com.kms.katalon.core.webui.keyword.WebUiBuiltInKeywords.setText(WebUiBuiltInKeywords.groovy:979)
	at com.kms.katalon.core.webui.keyword.WebUiBuiltInKeywords$setText$1.call(Unknown Source)
	at TC36_SearchMessages.run(TC36_SearchMessages:31)
	at com.kms.katalon.core.main.ScriptEngine.run(ScriptEngine.java:194)
	at com.kms.katalon.core.main.ScriptEngine.runScriptAsRawText(ScriptEngine.java:119)
	at com.kms.katalon.core.main.TestCaseExecutor.runScript(TestCaseExecutor.java:398)
	at com.kms.katalon.core.main.TestCaseExecutor.doExecute(TestCaseExecutor.java:389)
	at com.kms.katalon.core.main.TestCaseExecutor.processExecutionPhase(TestCaseExecutor.java:368)
	at com.kms.katalon.core.main.TestCaseExecutor.accessMainPhase(TestCaseExecutor.java:360)
	at com.kms.katalon.core.main.TestCaseExecutor.execute(TestCaseExecutor.java:255)
	at com.kms.katalon.core.main.TestSuiteExecutor.accessTestCaseMainPhase(TestSuiteExecutor.java:203)
	at com.kms.katalon.core.main.TestSuiteExecutor.accessTestSuiteMainPhase(TestSuiteExecutor.java:152)
	at com.kms.katalon.core.main.TestSuiteExecutor.execute(TestSuiteExecutor.java:95)
	at com.kms.katalon.core.main.TestCaseMain.startTestSuite(TestCaseMain.java:157)
	at com.kms.katalon.core.main.TestCaseMain$startTestSuite$0.call(Unknown Source)
	at TempTestSuite1622256592737.run(TempTestSuite1622256592737.groovy:39)
Caused by: org.openqa.selenium.ElementNotInteractableException: element not interactable
  (Session info: chrome=90.0.4430.212)
Build info: version: '3.141.59', revision: 'e82be7d358', time: '2018-11-14T08:25:53'
System info: host: 'LAPTOP-4BGN0MAP', ip: '169.254.181.242', os.name: 'Windows 10', os.arch: 'amd64', os.version: '10.0', java.version: '1.8.0_282'
Driver info: com.kms.katalon.selenium.driver.CChromeDriver
Capabilities {acceptInsecureCerts: false, browserName: chrome, browserVersion: 90.0.4430.212, chrome: {chromedriverVersion: 90.0.4430.24 (4c6d850f087da..., userDataDir: C:\Users\BAOCHA~1\AppData\L...}, goog:chromeOptions: {debuggerAddress: localhost:63774}, javascriptEnabled: true, networkConnectionEnabled: false, pageLoadStrategy: normal, platform: WINDOWS, platformName: WINDOWS, proxy: Proxy(), setWindowRect: true, strictFileInteractability: false, timeouts: {implicit: 0, pageLoad: 300000, script: 30000}, unhandledPromptBehavior: dismiss and notify, webauthn:extension:largeBlob: true, webauthn:virtualAuthenticators: true}
Session ID: 42bb1e2044f64b2588a999e968e08947
	at org.openqa.selenium.remote.http.W3CHttpResponseCodec.createException(W3CHttpResponseCodec.java:187)
	at org.openqa.selenium.remote.http.W3CHttpResponseCodec.decode(W3CHttpResponseCodec.java:122)
	at org.openqa.selenium.remote.http.W3CHttpResponseCodec.decode(W3CHttpResponseCodec.java:49)
	at org.openqa.selenium.remote.HttpCommandExecutor.execute(HttpCommandExecutor.java:158)
	at org.openqa.selenium.remote.service.DriverCommandExecutor.execute(DriverCommandExecutor.java:83)
	at org.openqa.selenium.remote.RemoteWebDriver.execute(RemoteWebDriver.java:552)
	at com.kms.katalon.selenium.driver.CChromeDriver.execute(CChromeDriver.java:19)
	at org.openqa.selenium.remote.RemoteWebElement.execute(RemoteWebElement.java:285)
	at org.openqa.selenium.remote.RemoteWebElement.clear(RemoteWebElement.java:124)
	at org.openqa.selenium.support.events.EventFiringWebDriver$EventFiringWebElement.lambda$new$0(EventFiringWebDriver.java:404)
	at com.sun.proxy.$Proxy11.clear(Unknown Source)
	at org.openqa.selenium.support.events.EventFiringWebDriver$EventFiringWebElement.clear(EventFiringWebDriver.java:436)
	at com.kms.katalon.core.webui.keyword.builtin.SetTextKeyword$_setText_closure1.doCall(SetTextKeyword.groovy:53)
	at com.kms.katalon.core.webui.keyword.builtin.SetTextKeyword$_setText_closure1.call(SetTextKeyword.groovy)
	at com.kms.katalon.core.webui.keyword.internal.WebUIKeywordMain.runKeyword(WebUIKeywordMain.groovy:20)
	... 19 more
"/>
         <system-out><![CDATA[2021-05-29 10:13:40 - [TEST_CASE][FAILED] - Test Cases/1612049/TC36_SearchMessages: Test Cases/1612049/TC36_SearchMessages FAILED.
Reason:
com.kms.katalon.core.exception.StepFailedException: Unable to set text 'test' of object 'Object Repository/1612049/Posts_Area/Posts_Area_Header/Search_Box/input_SearchMessageBox'
	at com.kms.katalon.core.webui.keyword.internal.WebUIKeywordMain.stepFailed(WebUIKeywordMain.groovy:64)
	at com.kms.katalon.core.webui.keyword.internal.WebUIKeywordMain.runKeyword(WebUIKeywordMain.groovy:26)
	at com.kms.katalon.core.webui.keyword.builtin.SetTextKeyword.setText(SetTextKeyword.groovy:66)
	at com.kms.katalon.core.webui.keyword.builtin.SetTextKeyword.execute(SetTextKeyword.groovy:37)
	at com.kms.katalon.core.keyword.internal.KeywordExecutor.executeKeywordForPlatform(KeywordExecutor.groovy:73)
	at com.kms.katalon.core.webui.keyword.WebUiBuiltInKeywords.setText(WebUiBuiltInKeywords.groovy:979)
	at com.kms.katalon.core.webui.keyword.WebUiBuiltInKeywords$setText$1.call(Unknown Source)
	at TC36_SearchMessages.run(TC36_SearchMessages:31)
	at com.kms.katalon.core.main.ScriptEngine.run(ScriptEngine.java:194)
	at com.kms.katalon.core.main.ScriptEngine.runScriptAsRawText(ScriptEngine.java:119)
	at com.kms.katalon.core.main.TestCaseExecutor.runScript(TestCaseExecutor.java:398)
	at com.kms.katalon.core.main.TestCaseExecutor.doExecute(TestCaseExecutor.java:389)
	at com.kms.katalon.core.main.TestCaseExecutor.processExecutionPhase(TestCaseExecutor.java:368)
	at com.kms.katalon.core.main.TestCaseExecutor.accessMainPhase(TestCaseExecutor.java:360)
	at com.kms.katalon.core.main.TestCaseExecutor.execute(TestCaseExecutor.java:255)
	at com.kms.katalon.core.main.TestSuiteExecutor.accessTestCaseMainPhase(TestSuiteExecutor.java:203)
	at com.kms.katalon.core.main.TestSuiteExecutor.accessTestSuiteMainPhase(TestSuiteExecutor.java:152)
	at com.kms.katalon.core.main.TestSuiteExecutor.execute(TestSuiteExecutor.java:95)
	at com.kms.katalon.core.main.TestCaseMain.startTestSuite(TestCaseMain.java:157)
	at com.kms.katalon.core.main.TestCaseMain$startTestSuite$0.call(Unknown Source)
	at TempTestSuite1622256592737.run(TempTestSuite1622256592737.groovy:39)
Caused by: org.openqa.selenium.ElementNotInteractableException: element not interactable
  (Session info: chrome=90.0.4430.212)
Build info: version: '3.141.59', revision: 'e82be7d358', time: '2018-11-14T08:25:53'
System info: host: 'LAPTOP-4BGN0MAP', ip: '169.254.181.242', os.name: 'Windows 10', os.arch: 'amd64', os.version: '10.0', java.version: '1.8.0_282'
Driver info: com.kms.katalon.selenium.driver.CChromeDriver
Capabilities {acceptInsecureCerts: false, browserName: chrome, browserVersion: 90.0.4430.212, chrome: {chromedriverVersion: 90.0.4430.24 (4c6d850f087da..., userDataDir: C:\Users\BAOCHA~1\AppData\L...}, goog:chromeOptions: {debuggerAddress: localhost:63774}, javascriptEnabled: true, networkConnectionEnabled: false, pageLoadStrategy: normal, platform: WINDOWS, platformName: WINDOWS, proxy: Proxy(), setWindowRect: true, strictFileInteractability: false, timeouts: {implicit: 0, pageLoad: 300000, script: 30000}, unhandledPromptBehavior: dismiss and notify, webauthn:extension:largeBlob: true, webauthn:virtualAuthenticators: true}
Session ID: 42bb1e2044f64b2588a999e968e08947
	at org.openqa.selenium.remote.http.W3CHttpResponseCodec.createException(W3CHttpResponseCodec.java:187)
	at org.openqa.selenium.remote.http.W3CHttpResponseCodec.decode(W3CHttpResponseCodec.java:122)
	at org.openqa.selenium.remote.http.W3CHttpResponseCodec.decode(W3CHttpResponseCodec.java:49)
	at org.openqa.selenium.remote.HttpCommandExecutor.execute(HttpCommandExecutor.java:158)
	at org.openqa.selenium.remote.service.DriverCommandExecutor.execute(DriverCommandExecutor.java:83)
	at org.openqa.selenium.remote.RemoteWebDriver.execute(RemoteWebDriver.java:552)
	at com.kms.katalon.selenium.driver.CChromeDriver.execute(CChromeDriver.java:19)
	at org.openqa.selenium.remote.RemoteWebElement.execute(RemoteWebElement.java:285)
	at org.openqa.selenium.remote.RemoteWebElement.clear(RemoteWebElement.java:124)
	at org.openqa.selenium.support.events.EventFiringWebDriver$EventFiringWebElement.lambda$new$0(EventFiringWebDriver.java:404)
	at com.sun.proxy.$Proxy11.clear(Unknown Source)
	at org.openqa.selenium.support.events.EventFiringWebDriver$EventFiringWebElement.clear(EventFiringWebDriver.java:436)
	at com.kms.katalon.core.webui.keyword.builtin.SetTextKeyword$_setText_closure1.doCall(SetTextKeyword.groovy:53)
	at com.kms.katalon.core.webui.keyword.builtin.SetTextKeyword$_setText_closure1.call(SetTextKeyword.groovy)
	at com.kms.katalon.core.webui.keyword.internal.WebUIKeywordMain.runKeyword(WebUIKeywordMain.groovy:20)
	... 19 more


2021-05-29 10:13:40 - [TEST_STEP][PASSED] - openBrowser(""): Browser is opened with url: ''

2021-05-29 10:13:40 - [MESSAGE][INFO] - Starting 'Chrome' driver

2021-05-29 10:13:40 - [MESSAGE][INFO] - Action delay is set to 5,000 milliseconds

2021-05-29 10:13:41 - [MESSAGE][PASSED] - Browser is opened with url: ''

2021-05-29 10:13:41 - [TEST_STEP][PASSED] - navigateToUrl("https://mattermostwebapp.herokuapp.com/"): Navigate to 'https://mattermostwebapp.herokuapp.com/' successfully

2021-05-29 10:13:50 - [MESSAGE][PASSED] - Navigate to 'https://mattermostwebapp.herokuapp.com/' successfully

2021-05-29 10:13:50 - [TEST_STEP][PASSED] - callTestCase(findTestCase("1612049/CommonTC/CTC_Login"), ["username":"jooie", "password":"6z6Vi2R3i06jbzaqW0pQ8Q=="], STOP_ON_FAILURE): Call Test Case 'Test Cases/1612049/CommonTC/CTC_Login' successfully

2021-05-29 10:13:50 - [TEST_CASE][PASSED] - Test Cases/1612049/CommonTC/CTC_Login: Test Cases/1612049/CommonTC/CTC_Login

2021-05-29 10:13:50 - [TEST_STEP][PASSED] - setText(findTestObject("1612049/Login_Screen/input_LoginID"), username): Text 'jooie' is set on object 'Object Repository/1612049/Login_Screen/input_LoginID'

2021-05-29 10:14:04 - [MESSAGE][PASSED] - Text 'jooie' is set on object 'Object Repository/1612049/Login_Screen/input_LoginID'

2021-05-29 10:14:04 - [TEST_STEP][PASSED] - setEncryptedText(findTestObject("1612049/Login_Screen/input_LoginPassword"), password): Text ****** has been set on object 'Object Repository/1612049/Login_Screen/input_LoginPassword'

2021-05-29 10:14:16 - [MESSAGE][PASSED] - Text ****** has been set on object 'Object Repository/1612049/Login_Screen/input_LoginPassword'

2021-05-29 10:14:16 - [TEST_STEP][PASSED] - click(findTestObject("1612049/Login_Screen/btn_Signin")): Object: 'Object Repository/1612049/Login_Screen/btn_Signin' is clicked on

2021-05-29 10:14:22 - [MESSAGE][PASSED] - Object: 'Object Repository/1612049/Login_Screen/btn_Signin' is clicked on

2021-05-29 10:14:22 - [MESSAGE][PASSED] - Call Test Case 'Test Cases/1612049/CommonTC/CTC_Login' successfully

2021-05-29 10:14:22 - [TEST_STEP][PASSED] - click(findTestObject("1612049/Posts_Area/Posts_Area_Header/Search_Box/btn_SearchMessageButton")): Object: 'Object Repository/1612049/Posts_Area/Posts_Area_Header/Search_Box/btn_SearchMessageButton' is clicked on

2021-05-29 10:14:30 - [MESSAGE][PASSED] - Object: 'Object Repository/1612049/Posts_Area/Posts_Area_Header/Search_Box/btn_SearchMessageButton' is clicked on

2021-05-29 10:14:30 - [TEST_STEP][FAILED] - for ([index = 1, index <= 5, (index++)]): Unable to set text 'test' of object 'Object Repository/1612049/Posts_Area/Posts_Area_Header/Search_Box/input_SearchMessageBox' (Root cause: com.kms.katalon.core.exception.StepFailedException: Unable to set text 'test' of object 'Object Repository/1612049/Posts_Area/Posts_Area_Header/Search_Box/input_SearchMessageBox'
	at com.kms.katalon.core.webui.keyword.internal.WebUIKeywordMain.stepFailed(WebUIKeywordMain.groovy:64)
	at com.kms.katalon.core.webui.keyword.internal.WebUIKeywordMain.runKeyword(WebUIKeywordMain.groovy:26)
	at com.kms.katalon.core.webui.keyword.builtin.SetTextKeyword.setText(SetTextKeyword.groovy:66)
	at com.kms.katalon.core.webui.keyword.builtin.SetTextKeyword.execute(SetTextKeyword.groovy:37)
	at com.kms.katalon.core.keyword.internal.KeywordExecutor.executeKeywordForPlatform(KeywordExecutor.groovy:73)
	at com.kms.katalon.core.webui.keyword.WebUiBuiltInKeywords.setText(WebUiBuiltInKeywords.groovy:979)
	at com.kms.katalon.core.webui.keyword.WebUiBuiltInKeywords$setText$1.call(Unknown Source)
	at TC36_SearchMessages.run(TC36_SearchMessages:31)
	at com.kms.katalon.core.main.ScriptEngine.run(ScriptEngine.java:194)
	at com.kms.katalon.core.main.ScriptEngine.runScriptAsRawText(ScriptEngine.java:119)
	at com.kms.katalon.core.main.TestCaseExecutor.runScript(TestCaseExecutor.java:398)
	at com.kms.katalon.core.main.TestCaseExecutor.doExecute(TestCaseExecutor.java:389)
	at com.kms.katalon.core.main.TestCaseExecutor.processExecutionPhase(TestCaseExecutor.java:368)
	at com.kms.katalon.core.main.TestCaseExecutor.accessMainPhase(TestCaseExecutor.java:360)
	at com.kms.katalon.core.main.TestCaseExecutor.execute(TestCaseExecutor.java:255)
	at com.kms.katalon.core.main.TestSuiteExecutor.accessTestCaseMainPhase(TestSuiteExecutor.java:203)
	at com.kms.katalon.core.main.TestSuiteExecutor.accessTestSuiteMainPhase(TestSuiteExecutor.java:152)
	at com.kms.katalon.core.main.TestSuiteExecutor.execute(TestSuiteExecutor.java:95)
	at com.kms.katalon.core.main.TestCaseMain.startTestSuite(TestCaseMain.java:157)
	at com.kms.katalon.core.main.TestCaseMain$startTestSuite$0.call(Unknown Source)
	at TempTestSuite1622256592737.run(TempTestSuite1622256592737.groovy:39)
Caused by: org.openqa.selenium.ElementNotInteractableException: element not interactable
  (Session info: chrome=90.0.4430.212)
Build info: version: '3.141.59', revision: 'e82be7d358', time: '2018-11-14T08:25:53'
System info: host: 'LAPTOP-4BGN0MAP', ip: '169.254.181.242', os.name: 'Windows 10', os.arch: 'amd64', os.version: '10.0', java.version: '1.8.0_282'
Driver info: com.kms.katalon.selenium.driver.CChromeDriver
Capabilities {acceptInsecureCerts: false, browserName: chrome, browserVersion: 90.0.4430.212, chrome: {chromedriverVersion: 90.0.4430.24 (4c6d850f087da..., userDataDir: C:\Users\BAOCHA~1\AppData\L...}, goog:chromeOptions: {debuggerAddress: localhost:63774}, javascriptEnabled: true, networkConnectionEnabled: false, pageLoadStrategy: normal, platform: WINDOWS, platformName: WINDOWS, proxy: Proxy(), setWindowRect: true, strictFileInteractability: false, timeouts: {implicit: 0, pageLoad: 300000, script: 30000}, unhandledPromptBehavior: dismiss and notify, webauthn:extension:largeBlob: true, webauthn:virtualAuthenticators: true}
Session ID: 42bb1e2044f64b2588a999e968e08947
	at org.openqa.selenium.remote.http.W3CHttpResponseCodec.createException(W3CHttpResponseCodec.java:187)
	at org.openqa.selenium.remote.http.W3CHttpResponseCodec.decode(W3CHttpResponseCodec.java:122)
	at org.openqa.selenium.remote.http.W3CHttpResponseCodec.decode(W3CHttpResponseCodec.java:49)
	at org.openqa.selenium.remote.HttpCommandExecutor.execute(HttpCommandExecutor.java:158)
	at org.openqa.selenium.remote.service.DriverCommandExecutor.execute(DriverCommandExecutor.java:83)
	at org.openqa.selenium.remote.RemoteWebDriver.execute(RemoteWebDriver.java:552)
	at com.kms.katalon.selenium.driver.CChromeDriver.execute(CChromeDriver.java:19)
	at org.openqa.selenium.remote.RemoteWebElement.execute(RemoteWebElement.java:285)
	at org.openqa.selenium.remote.RemoteWebElement.clear(RemoteWebElement.java:124)
	at org.openqa.selenium.support.events.EventFiringWebDriver$EventFiringWebElement.lambda$new$0(EventFiringWebDriver.java:404)
	at com.sun.proxy.$Proxy11.clear(Unknown Source)
	at org.openqa.selenium.support.events.EventFiringWebDriver$EventFiringWebElement.clear(EventFiringWebDriver.java:436)
	at com.kms.katalon.core.webui.keyword.builtin.SetTextKeyword$_setText_closure1.doCall(SetTextKeyword.groovy:53)
	at com.kms.katalon.core.webui.keyword.builtin.SetTextKeyword$_setText_closure1.call(SetTextKeyword.groovy)
	at com.kms.katalon.core.webui.keyword.internal.WebUIKeywordMain.runKeyword(WebUIKeywordMain.groovy:20)
	at com.kms.katalon.core.webui.keyword.builtin.SetTextKeyword.setText(SetTextKeyword.groovy:66)
	at com.kms.katalon.core.webui.keyword.builtin.SetTextKeyword.execute(SetTextKeyword.groovy:37)
	at com.kms.katalon.core.keyword.internal.KeywordExecutor.executeKeywordForPlatform(KeywordExecutor.groovy:73)
	at com.kms.katalon.core.webui.keyword.WebUiBuiltInKeywords.setText(WebUiBuiltInKeywords.groovy:979)
	at com.kms.katalon.core.webui.keyword.WebUiBuiltInKeywords$setText$1.call(Unknown Source)
	at Script1622231468643.run(Script1622231468643.groovy:31)
	... 13 more
)

2021-05-29 10:14:30 - [TEST_STEP][FAILED] - setText(findTestObject("1612049/Posts_Area/Posts_Area_Header/Search_Box/input_SearchMessageBox"), findTestData("1612049/Data TC36 SearchMessages").getValue(1, index)): Unable to set text 'test' of object 'Object Repository/1612049/Posts_Area/Posts_Area_Header/Search_Box/input_SearchMessageBox' (Root cause: com.kms.katalon.core.exception.StepFailedException: Unable to set text 'test' of object 'Object Repository/1612049/Posts_Area/Posts_Area_Header/Search_Box/input_SearchMessageBox'
	at com.kms.katalon.core.webui.keyword.internal.WebUIKeywordMain.stepFailed(WebUIKeywordMain.groovy:64)
	at com.kms.katalon.core.webui.keyword.internal.WebUIKeywordMain.runKeyword(WebUIKeywordMain.groovy:26)
	at com.kms.katalon.core.webui.keyword.builtin.SetTextKeyword.setText(SetTextKeyword.groovy:66)
	at com.kms.katalon.core.webui.keyword.builtin.SetTextKeyword.execute(SetTextKeyword.groovy:37)
	at com.kms.katalon.core.keyword.internal.KeywordExecutor.executeKeywordForPlatform(KeywordExecutor.groovy:73)
	at com.kms.katalon.core.webui.keyword.WebUiBuiltInKeywords.setText(WebUiBuiltInKeywords.groovy:979)
	at com.kms.katalon.core.webui.keyword.WebUiBuiltInKeywords$setText$1.call(Unknown Source)
	at TC36_SearchMessages.run(TC36_SearchMessages:31)
	at com.kms.katalon.core.main.ScriptEngine.run(ScriptEngine.java:194)
	at com.kms.katalon.core.main.ScriptEngine.runScriptAsRawText(ScriptEngine.java:119)
	at com.kms.katalon.core.main.TestCaseExecutor.runScript(TestCaseExecutor.java:398)
	at com.kms.katalon.core.main.TestCaseExecutor.doExecute(TestCaseExecutor.java:389)
	at com.kms.katalon.core.main.TestCaseExecutor.processExecutionPhase(TestCaseExecutor.java:368)
	at com.kms.katalon.core.main.TestCaseExecutor.accessMainPhase(TestCaseExecutor.java:360)
	at com.kms.katalon.core.main.TestCaseExecutor.execute(TestCaseExecutor.java:255)
	at com.kms.katalon.core.main.TestSuiteExecutor.accessTestCaseMainPhase(TestSuiteExecutor.java:203)
	at com.kms.katalon.core.main.TestSuiteExecutor.accessTestSuiteMainPhase(TestSuiteExecutor.java:152)
	at com.kms.katalon.core.main.TestSuiteExecutor.execute(TestSuiteExecutor.java:95)
	at com.kms.katalon.core.main.TestCaseMain.startTestSuite(TestCaseMain.java:157)
	at com.kms.katalon.core.main.TestCaseMain$startTestSuite$0.call(Unknown Source)
	at TempTestSuite1622256592737.run(TempTestSuite1622256592737.groovy:39)
Caused by: org.openqa.selenium.ElementNotInteractableException: element not interactable
  (Session info: chrome=90.0.4430.212)
Build info: version: '3.141.59', revision: 'e82be7d358', time: '2018-11-14T08:25:53'
System info: host: 'LAPTOP-4BGN0MAP', ip: '169.254.181.242', os.name: 'Windows 10', os.arch: 'amd64', os.version: '10.0', java.version: '1.8.0_282'
Driver info: com.kms.katalon.selenium.driver.CChromeDriver
Capabilities {acceptInsecureCerts: false, browserName: chrome, browserVersion: 90.0.4430.212, chrome: {chromedriverVersion: 90.0.4430.24 (4c6d850f087da..., userDataDir: C:\Users\BAOCHA~1\AppData\L...}, goog:chromeOptions: {debuggerAddress: localhost:63774}, javascriptEnabled: true, networkConnectionEnabled: false, pageLoadStrategy: normal, platform: WINDOWS, platformName: WINDOWS, proxy: Proxy(), setWindowRect: true, strictFileInteractability: false, timeouts: {implicit: 0, pageLoad: 300000, script: 30000}, unhandledPromptBehavior: dismiss and notify, webauthn:extension:largeBlob: true, webauthn:virtualAuthenticators: true}
Session ID: 42bb1e2044f64b2588a999e968e08947
	at org.openqa.selenium.remote.http.W3CHttpResponseCodec.createException(W3CHttpResponseCodec.java:187)
	at org.openqa.selenium.remote.http.W3CHttpResponseCodec.decode(W3CHttpResponseCodec.java:122)
	at org.openqa.selenium.remote.http.W3CHttpResponseCodec.decode(W3CHttpResponseCodec.java:49)
	at org.openqa.selenium.remote.HttpCommandExecutor.execute(HttpCommandExecutor.java:158)
	at org.openqa.selenium.remote.service.DriverCommandExecutor.execute(DriverCommandExecutor.java:83)
	at org.openqa.selenium.remote.RemoteWebDriver.execute(RemoteWebDriver.java:552)
	at com.kms.katalon.selenium.driver.CChromeDriver.execute(CChromeDriver.java:19)
	at org.openqa.selenium.remote.RemoteWebElement.execute(RemoteWebElement.java:285)
	at org.openqa.selenium.remote.RemoteWebElement.clear(RemoteWebElement.java:124)
	at org.openqa.selenium.support.events.EventFiringWebDriver$EventFiringWebElement.lambda$new$0(EventFiringWebDriver.java:404)
	at com.sun.proxy.$Proxy11.clear(Unknown Source)
	at org.openqa.selenium.support.events.EventFiringWebDriver$EventFiringWebElement.clear(EventFiringWebDriver.java:436)
	at com.kms.katalon.core.webui.keyword.builtin.SetTextKeyword$_setText_closure1.doCall(SetTextKeyword.groovy:53)
	at com.kms.katalon.core.webui.keyword.builtin.SetTextKeyword$_setText_closure1.call(SetTextKeyword.groovy)
	at com.kms.katalon.core.webui.keyword.internal.WebUIKeywordMain.runKeyword(WebUIKeywordMain.groovy:20)
	at com.kms.katalon.core.webui.keyword.builtin.SetTextKeyword.setText(SetTextKeyword.groovy:66)
	at com.kms.katalon.core.webui.keyword.builtin.SetTextKeyword.execute(SetTextKeyword.groovy:37)
	at com.kms.katalon.core.keyword.internal.KeywordExecutor.executeKeywordForPlatform(KeywordExecutor.groovy:73)
	at com.kms.katalon.core.webui.keyword.WebUiBuiltInKeywords.setText(WebUiBuiltInKeywords.groovy:979)
	at com.kms.katalon.core.webui.keyword.WebUiBuiltInKeywords$setText$1.call(Unknown Source)
	at Script1622231468643.run(Script1622231468643.groovy:31)
	... 13 more
)

2021-05-29 10:14:36 - [MESSAGE][FAILED] - Unable to set text 'test' of object 'Object Repository/1612049/Posts_Area/Posts_Area_Header/Search_Box/input_SearchMessageBox' (Root cause: com.kms.katalon.core.exception.StepFailedException: Unable to set text 'test' of object 'Object Repository/1612049/Posts_Area/Posts_Area_Header/Search_Box/input_SearchMessageBox'
	at com.kms.katalon.core.webui.keyword.internal.WebUIKeywordMain.stepFailed(WebUIKeywordMain.groovy:64)
	at com.kms.katalon.core.webui.keyword.internal.WebUIKeywordMain.runKeyword(WebUIKeywordMain.groovy:26)
	at com.kms.katalon.core.webui.keyword.builtin.SetTextKeyword.setText(SetTextKeyword.groovy:66)
	at com.kms.katalon.core.webui.keyword.builtin.SetTextKeyword.execute(SetTextKeyword.groovy:37)
	at com.kms.katalon.core.keyword.internal.KeywordExecutor.executeKeywordForPlatform(KeywordExecutor.groovy:73)
	at com.kms.katalon.core.webui.keyword.WebUiBuiltInKeywords.setText(WebUiBuiltInKeywords.groovy:979)
	at com.kms.katalon.core.webui.keyword.WebUiBuiltInKeywords$setText$1.call(Unknown Source)
	at TC36_SearchMessages.run(TC36_SearchMessages:31)
	at com.kms.katalon.core.main.ScriptEngine.run(ScriptEngine.java:194)
	at com.kms.katalon.core.main.ScriptEngine.runScriptAsRawText(ScriptEngine.java:119)
	at com.kms.katalon.core.main.TestCaseExecutor.runScript(TestCaseExecutor.java:398)
	at com.kms.katalon.core.main.TestCaseExecutor.doExecute(TestCaseExecutor.java:389)
	at com.kms.katalon.core.main.TestCaseExecutor.processExecutionPhase(TestCaseExecutor.java:368)
	at com.kms.katalon.core.main.TestCaseExecutor.accessMainPhase(TestCaseExecutor.java:360)
	at com.kms.katalon.core.main.TestCaseExecutor.execute(TestCaseExecutor.java:255)
	at com.kms.katalon.core.main.TestSuiteExecutor.accessTestCaseMainPhase(TestSuiteExecutor.java:203)
	at com.kms.katalon.core.main.TestSuiteExecutor.accessTestSuiteMainPhase(TestSuiteExecutor.java:152)
	at com.kms.katalon.core.main.TestSuiteExecutor.execute(TestSuiteExecutor.java:95)
	at com.kms.katalon.core.main.TestCaseMain.startTestSuite(TestCaseMain.java:157)
	at com.kms.katalon.core.main.TestCaseMain$startTestSuite$0.call(Unknown Source)
	at TempTestSuite1622256592737.run(TempTestSuite1622256592737.groovy:39)
Caused by: org.openqa.selenium.ElementNotInteractableException: element not interactable
  (Session info: chrome=90.0.4430.212)
Build info: version: '3.141.59', revision: 'e82be7d358', time: '2018-11-14T08:25:53'
System info: host: 'LAPTOP-4BGN0MAP', ip: '169.254.181.242', os.name: 'Windows 10', os.arch: 'amd64', os.version: '10.0', java.version: '1.8.0_282'
Driver info: com.kms.katalon.selenium.driver.CChromeDriver
Capabilities {acceptInsecureCerts: false, browserName: chrome, browserVersion: 90.0.4430.212, chrome: {chromedriverVersion: 90.0.4430.24 (4c6d850f087da..., userDataDir: C:\Users\BAOCHA~1\AppData\L...}, goog:chromeOptions: {debuggerAddress: localhost:63774}, javascriptEnabled: true, networkConnectionEnabled: false, pageLoadStrategy: normal, platform: WINDOWS, platformName: WINDOWS, proxy: Proxy(), setWindowRect: true, strictFileInteractability: false, timeouts: {implicit: 0, pageLoad: 300000, script: 30000}, unhandledPromptBehavior: dismiss and notify, webauthn:extension:largeBlob: true, webauthn:virtualAuthenticators: true}
Session ID: 42bb1e2044f64b2588a999e968e08947
	at org.openqa.selenium.remote.http.W3CHttpResponseCodec.createException(W3CHttpResponseCodec.java:187)
	at org.openqa.selenium.remote.http.W3CHttpResponseCodec.decode(W3CHttpResponseCodec.java:122)
	at org.openqa.selenium.remote.http.W3CHttpResponseCodec.decode(W3CHttpResponseCodec.java:49)
	at org.openqa.selenium.remote.HttpCommandExecutor.execute(HttpCommandExecutor.java:158)
	at org.openqa.selenium.remote.service.DriverCommandExecutor.execute(DriverCommandExecutor.java:83)
	at org.openqa.selenium.remote.RemoteWebDriver.execute(RemoteWebDriver.java:552)
	at com.kms.katalon.selenium.driver.CChromeDriver.execute(CChromeDriver.java:19)
	at org.openqa.selenium.remote.RemoteWebElement.execute(RemoteWebElement.java:285)
	at org.openqa.selenium.remote.RemoteWebElement.clear(RemoteWebElement.java:124)
	at org.openqa.selenium.support.events.EventFiringWebDriver$EventFiringWebElement.lambda$new$0(EventFiringWebDriver.java:404)
	at com.sun.proxy.$Proxy11.clear(Unknown Source)
	at org.openqa.selenium.support.events.EventFiringWebDriver$EventFiringWebElement.clear(EventFiringWebDriver.java:436)
	at com.kms.katalon.core.webui.keyword.builtin.SetTextKeyword$_setText_closure1.doCall(SetTextKeyword.groovy:53)
	at com.kms.katalon.core.webui.keyword.builtin.SetTextKeyword$_setText_closure1.call(SetTextKeyword.groovy)
	at com.kms.katalon.core.webui.keyword.internal.WebUIKeywordMain.runKeyword(WebUIKeywordMain.groovy:20)
	at com.kms.katalon.core.webui.keyword.builtin.SetTextKeyword.setText(SetTextKeyword.groovy:66)
	at com.kms.katalon.core.webui.keyword.builtin.SetTextKeyword.execute(SetTextKeyword.groovy:37)
	at com.kms.katalon.core.keyword.internal.KeywordExecutor.executeKeywordForPlatform(KeywordExecutor.groovy:73)
	at com.kms.katalon.core.webui.keyword.WebUiBuiltInKeywords.setText(WebUiBuiltInKeywords.groovy:979)
	at com.kms.katalon.core.webui.keyword.WebUiBuiltInKeywords$setText$1.call(Unknown Source)
	at Script1622231468643.run(Script1622231468643.groovy:31)
	... 13 more
)
[[ATTACHMENT|C:\\Users\\Bao Chau\\Katalon Studio\\Mattermost_AutoTesting\\Reports\\20210529_094952\\1612049\\Run all test cases\\20210529_094952\\1622258076568.png]]]]></system-out>
         <system-err><![CDATA[2021-05-29 10:13:40 - [TEST_CASE][FAILED] - Test Cases/1612049/TC36_SearchMessages: Test Cases/1612049/TC36_SearchMessages FAILED.
Reason:
com.kms.katalon.core.exception.StepFailedException: Unable to set text 'test' of object 'Object Repository/1612049/Posts_Area/Posts_Area_Header/Search_Box/input_SearchMessageBox'
	at com.kms.katalon.core.webui.keyword.internal.WebUIKeywordMain.stepFailed(WebUIKeywordMain.groovy:64)
	at com.kms.katalon.core.webui.keyword.internal.WebUIKeywordMain.runKeyword(WebUIKeywordMain.groovy:26)
	at com.kms.katalon.core.webui.keyword.builtin.SetTextKeyword.setText(SetTextKeyword.groovy:66)
	at com.kms.katalon.core.webui.keyword.builtin.SetTextKeyword.execute(SetTextKeyword.groovy:37)
	at com.kms.katalon.core.keyword.internal.KeywordExecutor.executeKeywordForPlatform(KeywordExecutor.groovy:73)
	at com.kms.katalon.core.webui.keyword.WebUiBuiltInKeywords.setText(WebUiBuiltInKeywords.groovy:979)
	at com.kms.katalon.core.webui.keyword.WebUiBuiltInKeywords$setText$1.call(Unknown Source)
	at TC36_SearchMessages.run(TC36_SearchMessages:31)
	at com.kms.katalon.core.main.ScriptEngine.run(ScriptEngine.java:194)
	at com.kms.katalon.core.main.ScriptEngine.runScriptAsRawText(ScriptEngine.java:119)
	at com.kms.katalon.core.main.TestCaseExecutor.runScript(TestCaseExecutor.java:398)
	at com.kms.katalon.core.main.TestCaseExecutor.doExecute(TestCaseExecutor.java:389)
	at com.kms.katalon.core.main.TestCaseExecutor.processExecutionPhase(TestCaseExecutor.java:368)
	at com.kms.katalon.core.main.TestCaseExecutor.accessMainPhase(TestCaseExecutor.java:360)
	at com.kms.katalon.core.main.TestCaseExecutor.execute(TestCaseExecutor.java:255)
	at com.kms.katalon.core.main.TestSuiteExecutor.accessTestCaseMainPhase(TestSuiteExecutor.java:203)
	at com.kms.katalon.core.main.TestSuiteExecutor.accessTestSuiteMainPhase(TestSuiteExecutor.java:152)
	at com.kms.katalon.core.main.TestSuiteExecutor.execute(TestSuiteExecutor.java:95)
	at com.kms.katalon.core.main.TestCaseMain.startTestSuite(TestCaseMain.java:157)
	at com.kms.katalon.core.main.TestCaseMain$startTestSuite$0.call(Unknown Source)
	at TempTestSuite1622256592737.run(TempTestSuite1622256592737.groovy:39)
Caused by: org.openqa.selenium.ElementNotInteractableException: element not interactable
  (Session info: chrome=90.0.4430.212)
Build info: version: '3.141.59', revision: 'e82be7d358', time: '2018-11-14T08:25:53'
System info: host: 'LAPTOP-4BGN0MAP', ip: '169.254.181.242', os.name: 'Windows 10', os.arch: 'amd64', os.version: '10.0', java.version: '1.8.0_282'
Driver info: com.kms.katalon.selenium.driver.CChromeDriver
Capabilities {acceptInsecureCerts: false, browserName: chrome, browserVersion: 90.0.4430.212, chrome: {chromedriverVersion: 90.0.4430.24 (4c6d850f087da..., userDataDir: C:\Users\BAOCHA~1\AppData\L...}, goog:chromeOptions: {debuggerAddress: localhost:63774}, javascriptEnabled: true, networkConnectionEnabled: false, pageLoadStrategy: normal, platform: WINDOWS, platformName: WINDOWS, proxy: Proxy(), setWindowRect: true, strictFileInteractability: false, timeouts: {implicit: 0, pageLoad: 300000, script: 30000}, unhandledPromptBehavior: dismiss and notify, webauthn:extension:largeBlob: true, webauthn:virtualAuthenticators: true}
Session ID: 42bb1e2044f64b2588a999e968e08947
	at org.openqa.selenium.remote.http.W3CHttpResponseCodec.createException(W3CHttpResponseCodec.java:187)
	at org.openqa.selenium.remote.http.W3CHttpResponseCodec.decode(W3CHttpResponseCodec.java:122)
	at org.openqa.selenium.remote.http.W3CHttpResponseCodec.decode(W3CHttpResponseCodec.java:49)
	at org.openqa.selenium.remote.HttpCommandExecutor.execute(HttpCommandExecutor.java:158)
	at org.openqa.selenium.remote.service.DriverCommandExecutor.execute(DriverCommandExecutor.java:83)
	at org.openqa.selenium.remote.RemoteWebDriver.execute(RemoteWebDriver.java:552)
	at com.kms.katalon.selenium.driver.CChromeDriver.execute(CChromeDriver.java:19)
	at org.openqa.selenium.remote.RemoteWebElement.execute(RemoteWebElement.java:285)
	at org.openqa.selenium.remote.RemoteWebElement.clear(RemoteWebElement.java:124)
	at org.openqa.selenium.support.events.EventFiringWebDriver$EventFiringWebElement.lambda$new$0(EventFiringWebDriver.java:404)
	at com.sun.proxy.$Proxy11.clear(Unknown Source)
	at org.openqa.selenium.support.events.EventFiringWebDriver$EventFiringWebElement.clear(EventFiringWebDriver.java:436)
	at com.kms.katalon.core.webui.keyword.builtin.SetTextKeyword$_setText_closure1.doCall(SetTextKeyword.groovy:53)
	at com.kms.katalon.core.webui.keyword.builtin.SetTextKeyword$_setText_closure1.call(SetTextKeyword.groovy)
	at com.kms.katalon.core.webui.keyword.internal.WebUIKeywordMain.runKeyword(WebUIKeywordMain.groovy:20)
	... 19 more]]></system-err>
      </testcase>
      <testcase name="Test Cases/1612049/TC44_SetHeaderForDirectMessage" time="108.564" classname="Test Cases/1612049/TC44_SetHeaderForDirectMessage" status="FAILED">
         <failure type="FAILED" message="Test Cases/1612049/TC44_SetHeaderForDirectMessage FAILED.
Reason:
com.kms.katalon.core.exception.StepFailedException: Unable to click on object 'Object Repository/1612049/Posts_Area/Channel_Intro/btn_SetHeader'
	at com.kms.katalon.core.webui.keyword.internal.WebUIKeywordMain.stepFailed(WebUIKeywordMain.groovy:64)
	at com.kms.katalon.core.webui.keyword.internal.WebUIKeywordMain.runKeyword(WebUIKeywordMain.groovy:26)
	at com.kms.katalon.core.webui.keyword.builtin.ClickKeyword.click(ClickKeyword.groovy:75)
	at com.kms.katalon.core.webui.keyword.builtin.ClickKeyword.execute(ClickKeyword.groovy:42)
	at com.kms.katalon.core.keyword.internal.KeywordExecutor.executeKeywordForPlatform(KeywordExecutor.groovy:73)
	at com.kms.katalon.core.webui.keyword.WebUiBuiltInKeywords.click(WebUiBuiltInKeywords.groovy:619)
	at com.kms.katalon.core.webui.keyword.WebUiBuiltInKeywords$click$3.call(Unknown Source)
	at TC44_SetHeaderForDirectMessage.run(TC44_SetHeaderForDirectMessage:30)
	at com.kms.katalon.core.main.ScriptEngine.run(ScriptEngine.java:194)
	at com.kms.katalon.core.main.ScriptEngine.runScriptAsRawText(ScriptEngine.java:119)
	at com.kms.katalon.core.main.TestCaseExecutor.runScript(TestCaseExecutor.java:398)
	at com.kms.katalon.core.main.TestCaseExecutor.doExecute(TestCaseExecutor.java:389)
	at com.kms.katalon.core.main.TestCaseExecutor.processExecutionPhase(TestCaseExecutor.java:368)
	at com.kms.katalon.core.main.TestCaseExecutor.accessMainPhase(TestCaseExecutor.java:360)
	at com.kms.katalon.core.main.TestCaseExecutor.execute(TestCaseExecutor.java:255)
	at com.kms.katalon.core.main.TestSuiteExecutor.accessTestCaseMainPhase(TestSuiteExecutor.java:203)
	at com.kms.katalon.core.main.TestSuiteExecutor.accessTestSuiteMainPhase(TestSuiteExecutor.java:152)
	at com.kms.katalon.core.main.TestSuiteExecutor.execute(TestSuiteExecutor.java:95)
	at com.kms.katalon.core.main.TestCaseMain.startTestSuite(TestCaseMain.java:157)
	at com.kms.katalon.core.main.TestCaseMain$startTestSuite$0.call(Unknown Source)
	at TempTestSuite1622256592737.run(TempTestSuite1622256592737.groovy:39)
Caused by: com.kms.katalon.core.webui.exception.WebElementNotFoundException: Web element with id: 'Object Repository/1612049/Posts_Area/Channel_Intro/btn_SetHeader' located by '//div[@id='channelIntro']/button' not found
	at com.kms.katalon.core.webui.common.WebUiCommonHelper.findWebElement(WebUiCommonHelper.java:1368)
	at com.kms.katalon.core.webui.keyword.internal.WebUIAbstractKeyword.findWebElement(WebUIAbstractKeyword.groovy:27)
	at com.kms.katalon.core.webui.keyword.internal.WebUIAbstractKeyword.findWebElement(WebUIAbstractKeyword.groovy:26)
	at com.kms.katalon.core.webui.keyword.builtin.ClickKeyword$_click_closure1.doCall(ClickKeyword.groovy:66)
	at com.kms.katalon.core.webui.keyword.builtin.ClickKeyword$_click_closure1.call(ClickKeyword.groovy)
	at com.kms.katalon.core.webui.keyword.internal.WebUIKeywordMain.runKeyword(WebUIKeywordMain.groovy:20)
	... 19 more
"/>
         <system-out><![CDATA[2021-05-29 10:14:36 - [TEST_CASE][FAILED] - Test Cases/1612049/TC44_SetHeaderForDirectMessage: Test Cases/1612049/TC44_SetHeaderForDirectMessage FAILED.
Reason:
com.kms.katalon.core.exception.StepFailedException: Unable to click on object 'Object Repository/1612049/Posts_Area/Channel_Intro/btn_SetHeader'
	at com.kms.katalon.core.webui.keyword.internal.WebUIKeywordMain.stepFailed(WebUIKeywordMain.groovy:64)
	at com.kms.katalon.core.webui.keyword.internal.WebUIKeywordMain.runKeyword(WebUIKeywordMain.groovy:26)
	at com.kms.katalon.core.webui.keyword.builtin.ClickKeyword.click(ClickKeyword.groovy:75)
	at com.kms.katalon.core.webui.keyword.builtin.ClickKeyword.execute(ClickKeyword.groovy:42)
	at com.kms.katalon.core.keyword.internal.KeywordExecutor.executeKeywordForPlatform(KeywordExecutor.groovy:73)
	at com.kms.katalon.core.webui.keyword.WebUiBuiltInKeywords.click(WebUiBuiltInKeywords.groovy:619)
	at com.kms.katalon.core.webui.keyword.WebUiBuiltInKeywords$click$3.call(Unknown Source)
	at TC44_SetHeaderForDirectMessage.run(TC44_SetHeaderForDirectMessage:30)
	at com.kms.katalon.core.main.ScriptEngine.run(ScriptEngine.java:194)
	at com.kms.katalon.core.main.ScriptEngine.runScriptAsRawText(ScriptEngine.java:119)
	at com.kms.katalon.core.main.TestCaseExecutor.runScript(TestCaseExecutor.java:398)
	at com.kms.katalon.core.main.TestCaseExecutor.doExecute(TestCaseExecutor.java:389)
	at com.kms.katalon.core.main.TestCaseExecutor.processExecutionPhase(TestCaseExecutor.java:368)
	at com.kms.katalon.core.main.TestCaseExecutor.accessMainPhase(TestCaseExecutor.java:360)
	at com.kms.katalon.core.main.TestCaseExecutor.execute(TestCaseExecutor.java:255)
	at com.kms.katalon.core.main.TestSuiteExecutor.accessTestCaseMainPhase(TestSuiteExecutor.java:203)
	at com.kms.katalon.core.main.TestSuiteExecutor.accessTestSuiteMainPhase(TestSuiteExecutor.java:152)
	at com.kms.katalon.core.main.TestSuiteExecutor.execute(TestSuiteExecutor.java:95)
	at com.kms.katalon.core.main.TestCaseMain.startTestSuite(TestCaseMain.java:157)
	at com.kms.katalon.core.main.TestCaseMain$startTestSuite$0.call(Unknown Source)
	at TempTestSuite1622256592737.run(TempTestSuite1622256592737.groovy:39)
Caused by: com.kms.katalon.core.webui.exception.WebElementNotFoundException: Web element with id: 'Object Repository/1612049/Posts_Area/Channel_Intro/btn_SetHeader' located by '//div[@id='channelIntro']/button' not found
	at com.kms.katalon.core.webui.common.WebUiCommonHelper.findWebElement(WebUiCommonHelper.java:1368)
	at com.kms.katalon.core.webui.keyword.internal.WebUIAbstractKeyword.findWebElement(WebUIAbstractKeyword.groovy:27)
	at com.kms.katalon.core.webui.keyword.internal.WebUIAbstractKeyword.findWebElement(WebUIAbstractKeyword.groovy:26)
	at com.kms.katalon.core.webui.keyword.builtin.ClickKeyword$_click_closure1.doCall(ClickKeyword.groovy:66)
	at com.kms.katalon.core.webui.keyword.builtin.ClickKeyword$_click_closure1.call(ClickKeyword.groovy)
	at com.kms.katalon.core.webui.keyword.internal.WebUIKeywordMain.runKeyword(WebUIKeywordMain.groovy:20)
	... 19 more


2021-05-29 10:14:37 - [TEST_STEP][PASSED] - openBrowser(""): Browser is opened with url: ''

2021-05-29 10:14:37 - [MESSAGE][WARNING] - A browser is already opened. Closing browser and opening a new one

2021-05-29 10:14:37 - [MESSAGE][INFO] - Starting 'Chrome' driver

2021-05-29 10:14:37 - [MESSAGE][INFO] - Action delay is set to 5,000 milliseconds

2021-05-29 10:14:38 - [MESSAGE][PASSED] - Browser is opened with url: ''

2021-05-29 10:14:38 - [TEST_STEP][PASSED] - navigateToUrl("https://mattermostwebapp.herokuapp.com/"): Navigate to 'https://mattermostwebapp.herokuapp.com/' successfully

2021-05-29 10:14:47 - [MESSAGE][PASSED] - Navigate to 'https://mattermostwebapp.herokuapp.com/' successfully

2021-05-29 10:14:47 - [TEST_STEP][PASSED] - callTestCase(findTestCase("1612049/CommonTC/CTC_Login"), ["username":"jooie", "password":"6z6Vi2R3i06jbzaqW0pQ8Q=="], STOP_ON_FAILURE): Call Test Case 'Test Cases/1612049/CommonTC/CTC_Login' successfully

2021-05-29 10:14:47 - [TEST_CASE][PASSED] - Test Cases/1612049/CommonTC/CTC_Login: Test Cases/1612049/CommonTC/CTC_Login

2021-05-29 10:14:47 - [TEST_STEP][PASSED] - setText(findTestObject("1612049/Login_Screen/input_LoginID"), username): Text 'jooie' is set on object 'Object Repository/1612049/Login_Screen/input_LoginID'

2021-05-29 10:15:04 - [MESSAGE][PASSED] - Text 'jooie' is set on object 'Object Repository/1612049/Login_Screen/input_LoginID'

2021-05-29 10:15:04 - [TEST_STEP][PASSED] - setEncryptedText(findTestObject("1612049/Login_Screen/input_LoginPassword"), password): Text ****** has been set on object 'Object Repository/1612049/Login_Screen/input_LoginPassword'

2021-05-29 10:15:16 - [MESSAGE][PASSED] - Text ****** has been set on object 'Object Repository/1612049/Login_Screen/input_LoginPassword'

2021-05-29 10:15:16 - [TEST_STEP][PASSED] - click(findTestObject("1612049/Login_Screen/btn_Signin")): Object: 'Object Repository/1612049/Login_Screen/btn_Signin' is clicked on

2021-05-29 10:15:22 - [MESSAGE][PASSED] - Object: 'Object Repository/1612049/Login_Screen/btn_Signin' is clicked on

2021-05-29 10:15:22 - [MESSAGE][PASSED] - Call Test Case 'Test Cases/1612049/CommonTC/CTC_Login' successfully

2021-05-29 10:15:22 - [TEST_STEP][PASSED] - callTestCase(findTestCase("1612049/CommonTC/CTC_OpenDirectMessage"), [:], STOP_ON_FAILURE): Call Test Case 'Test Cases/1612049/CommonTC/CTC_OpenDirectMessage' successfully

2021-05-29 10:15:22 - [TEST_CASE][PASSED] - Test Cases/1612049/CommonTC/CTC_OpenDirectMessage: Test Cases/1612049/CommonTC/CTC_OpenDirectMessage

2021-05-29 10:15:22 - [TEST_STEP][PASSED] - click(findTestObject("1612049/Left_Sidebar/Direct_Messages/btn_AddDirectMessage")): Object: 'Object Repository/1612049/Left_Sidebar/Direct_Messages/btn_AddDirectMessage' is clicked on

2021-05-29 10:15:30 - [MESSAGE][PASSED] - Object: 'Object Repository/1612049/Left_Sidebar/Direct_Messages/btn_AddDirectMessage' is clicked on

2021-05-29 10:15:30 - [TEST_STEP][PASSED] - setText(findTestObject("1612049/Left_Sidebar/Direct_Messages/AddDirectMessage_Dialog/input_UsernameForDirectMessage"), "nghi_tran"): Text 'nghi_tran' is set on object 'Object Repository/1612049/Left_Sidebar/Direct_Messages/AddDirectMessage_Dialog/input_UsernameForDirectMessage'

2021-05-29 10:15:41 - [MESSAGE][PASSED] - Text 'nghi_tran' is set on object 'Object Repository/1612049/Left_Sidebar/Direct_Messages/AddDirectMessage_Dialog/input_UsernameForDirectMessage'

2021-05-29 10:15:41 - [TEST_STEP][PASSED] - if (verifyElementPresent(findTestObject("1612049/Left_Sidebar/Direct_Messages/AddDirectMessage_Dialog/div_FirstSearchUsernameResult"), 10, CONTINUE_ON_FAILURE)): null

2021-05-29 10:15:43 - [MESSAGE][PASSED] - Object 'Object Repository/1612049/Left_Sidebar/Direct_Messages/AddDirectMessage_Dialog/div_FirstSearchUsernameResult' is present

2021-05-29 10:15:43 - [TEST_STEP][PASSED] - sendKeys(findTestObject("1612049/Left_Sidebar/Direct_Messages/AddDirectMessage_Dialog/input_UsernameForDirectMessage"), Keys.chord(ENTER)): Keys 'ENTER + ' sent to object: 'Object Repository/1612049/Left_Sidebar/Direct_Messages/AddDirectMessage_Dialog/input_UsernameForDirectMessage'

2021-05-29 10:15:48 - [MESSAGE][PASSED] - Keys 'ENTER + ' sent to object: 'Object Repository/1612049/Left_Sidebar/Direct_Messages/AddDirectMessage_Dialog/input_UsernameForDirectMessage'

2021-05-29 10:15:48 - [TEST_STEP][PASSED] - click(findTestObject("1612049/Left_Sidebar/Direct_Messages/AddDirectMessage_Dialog/btn_SubmitUsernameForDirectMessage")): Object: 'Object Repository/1612049/Left_Sidebar/Direct_Messages/AddDirectMessage_Dialog/btn_SubmitUsernameForDirectMessage' is clicked on

2021-05-29 10:15:54 - [MESSAGE][PASSED] - Object: 'Object Repository/1612049/Left_Sidebar/Direct_Messages/AddDirectMessage_Dialog/btn_SubmitUsernameForDirectMessage' is clicked on

2021-05-29 10:15:54 - [MESSAGE][PASSED] - Call Test Case 'Test Cases/1612049/CommonTC/CTC_OpenDirectMessage' successfully

2021-05-29 10:15:54 - [TEST_STEP][FAILED] - for ([i = 1, i <= 5, i += 1]): Unable to click on object 'Object Repository/1612049/Posts_Area/Channel_Intro/btn_SetHeader' (Root cause: com.kms.katalon.core.exception.StepFailedException: Unable to click on object 'Object Repository/1612049/Posts_Area/Channel_Intro/btn_SetHeader'
	at com.kms.katalon.core.webui.keyword.internal.WebUIKeywordMain.stepFailed(WebUIKeywordMain.groovy:64)
	at com.kms.katalon.core.webui.keyword.internal.WebUIKeywordMain.runKeyword(WebUIKeywordMain.groovy:26)
	at com.kms.katalon.core.webui.keyword.builtin.ClickKeyword.click(ClickKeyword.groovy:75)
	at com.kms.katalon.core.webui.keyword.builtin.ClickKeyword.execute(ClickKeyword.groovy:42)
	at com.kms.katalon.core.keyword.internal.KeywordExecutor.executeKeywordForPlatform(KeywordExecutor.groovy:73)
	at com.kms.katalon.core.webui.keyword.WebUiBuiltInKeywords.click(WebUiBuiltInKeywords.groovy:619)
	at com.kms.katalon.core.webui.keyword.WebUiBuiltInKeywords$click$3.call(Unknown Source)
	at TC44_SetHeaderForDirectMessage.run(TC44_SetHeaderForDirectMessage:30)
	at com.kms.katalon.core.main.ScriptEngine.run(ScriptEngine.java:194)
	at com.kms.katalon.core.main.ScriptEngine.runScriptAsRawText(ScriptEngine.java:119)
	at com.kms.katalon.core.main.TestCaseExecutor.runScript(TestCaseExecutor.java:398)
	at com.kms.katalon.core.main.TestCaseExecutor.doExecute(TestCaseExecutor.java:389)
	at com.kms.katalon.core.main.TestCaseExecutor.processExecutionPhase(TestCaseExecutor.java:368)
	at com.kms.katalon.core.main.TestCaseExecutor.accessMainPhase(TestCaseExecutor.java:360)
	at com.kms.katalon.core.main.TestCaseExecutor.execute(TestCaseExecutor.java:255)
	at com.kms.katalon.core.main.TestSuiteExecutor.accessTestCaseMainPhase(TestSuiteExecutor.java:203)
	at com.kms.katalon.core.main.TestSuiteExecutor.accessTestSuiteMainPhase(TestSuiteExecutor.java:152)
	at com.kms.katalon.core.main.TestSuiteExecutor.execute(TestSuiteExecutor.java:95)
	at com.kms.katalon.core.main.TestCaseMain.startTestSuite(TestCaseMain.java:157)
	at com.kms.katalon.core.main.TestCaseMain$startTestSuite$0.call(Unknown Source)
	at TempTestSuite1622256592737.run(TempTestSuite1622256592737.groovy:39)
Caused by: com.kms.katalon.core.webui.exception.WebElementNotFoundException: Web element with id: 'Object Repository/1612049/Posts_Area/Channel_Intro/btn_SetHeader' located by '//div[@id='channelIntro']/button' not found
	at com.kms.katalon.core.webui.common.WebUiCommonHelper.findWebElement(WebUiCommonHelper.java:1368)
	at com.kms.katalon.core.webui.keyword.internal.WebUIAbstractKeyword.findWebElement(WebUIAbstractKeyword.groovy:27)
	at com.kms.katalon.core.webui.keyword.internal.WebUIAbstractKeyword.findWebElement(WebUIAbstractKeyword.groovy:26)
	at com.kms.katalon.core.webui.keyword.builtin.ClickKeyword$_click_closure1.doCall(ClickKeyword.groovy:66)
	at com.kms.katalon.core.webui.keyword.builtin.ClickKeyword$_click_closure1.call(ClickKeyword.groovy)
	at com.kms.katalon.core.webui.keyword.internal.WebUIKeywordMain.runKeyword(WebUIKeywordMain.groovy:20)
	at com.kms.katalon.core.webui.keyword.builtin.ClickKeyword.click(ClickKeyword.groovy:75)
	at com.kms.katalon.core.webui.keyword.builtin.ClickKeyword.execute(ClickKeyword.groovy:42)
	at com.kms.katalon.core.keyword.internal.KeywordExecutor.executeKeywordForPlatform(KeywordExecutor.groovy:73)
	at com.kms.katalon.core.webui.keyword.WebUiBuiltInKeywords.click(WebUiBuiltInKeywords.groovy:619)
	at com.kms.katalon.core.webui.keyword.WebUiBuiltInKeywords$click$3.call(Unknown Source)
	at Script1622231572393.run(Script1622231572393.groovy:30)
	... 13 more
)

2021-05-29 10:15:54 - [TEST_STEP][FAILED] - click(findTestObject("1612049/Posts_Area/Channel_Intro/btn_SetHeader")): Unable to click on object 'Object Repository/1612049/Posts_Area/Channel_Intro/btn_SetHeader' (Root cause: com.kms.katalon.core.exception.StepFailedException: Unable to click on object 'Object Repository/1612049/Posts_Area/Channel_Intro/btn_SetHeader'
	at com.kms.katalon.core.webui.keyword.internal.WebUIKeywordMain.stepFailed(WebUIKeywordMain.groovy:64)
	at com.kms.katalon.core.webui.keyword.internal.WebUIKeywordMain.runKeyword(WebUIKeywordMain.groovy:26)
	at com.kms.katalon.core.webui.keyword.builtin.ClickKeyword.click(ClickKeyword.groovy:75)
	at com.kms.katalon.core.webui.keyword.builtin.ClickKeyword.execute(ClickKeyword.groovy:42)
	at com.kms.katalon.core.keyword.internal.KeywordExecutor.executeKeywordForPlatform(KeywordExecutor.groovy:73)
	at com.kms.katalon.core.webui.keyword.WebUiBuiltInKeywords.click(WebUiBuiltInKeywords.groovy:619)
	at com.kms.katalon.core.webui.keyword.WebUiBuiltInKeywords$click$3.call(Unknown Source)
	at TC44_SetHeaderForDirectMessage.run(TC44_SetHeaderForDirectMessage:30)
	at com.kms.katalon.core.main.ScriptEngine.run(ScriptEngine.java:194)
	at com.kms.katalon.core.main.ScriptEngine.runScriptAsRawText(ScriptEngine.java:119)
	at com.kms.katalon.core.main.TestCaseExecutor.runScript(TestCaseExecutor.java:398)
	at com.kms.katalon.core.main.TestCaseExecutor.doExecute(TestCaseExecutor.java:389)
	at com.kms.katalon.core.main.TestCaseExecutor.processExecutionPhase(TestCaseExecutor.java:368)
	at com.kms.katalon.core.main.TestCaseExecutor.accessMainPhase(TestCaseExecutor.java:360)
	at com.kms.katalon.core.main.TestCaseExecutor.execute(TestCaseExecutor.java:255)
	at com.kms.katalon.core.main.TestSuiteExecutor.accessTestCaseMainPhase(TestSuiteExecutor.java:203)
	at com.kms.katalon.core.main.TestSuiteExecutor.accessTestSuiteMainPhase(TestSuiteExecutor.java:152)
	at com.kms.katalon.core.main.TestSuiteExecutor.execute(TestSuiteExecutor.java:95)
	at com.kms.katalon.core.main.TestCaseMain.startTestSuite(TestCaseMain.java:157)
	at com.kms.katalon.core.main.TestCaseMain$startTestSuite$0.call(Unknown Source)
	at TempTestSuite1622256592737.run(TempTestSuite1622256592737.groovy:39)
Caused by: com.kms.katalon.core.webui.exception.WebElementNotFoundException: Web element with id: 'Object Repository/1612049/Posts_Area/Channel_Intro/btn_SetHeader' located by '//div[@id='channelIntro']/button' not found
	at com.kms.katalon.core.webui.common.WebUiCommonHelper.findWebElement(WebUiCommonHelper.java:1368)
	at com.kms.katalon.core.webui.keyword.internal.WebUIAbstractKeyword.findWebElement(WebUIAbstractKeyword.groovy:27)
	at com.kms.katalon.core.webui.keyword.internal.WebUIAbstractKeyword.findWebElement(WebUIAbstractKeyword.groovy:26)
	at com.kms.katalon.core.webui.keyword.builtin.ClickKeyword$_click_closure1.doCall(ClickKeyword.groovy:66)
	at com.kms.katalon.core.webui.keyword.builtin.ClickKeyword$_click_closure1.call(ClickKeyword.groovy)
	at com.kms.katalon.core.webui.keyword.internal.WebUIKeywordMain.runKeyword(WebUIKeywordMain.groovy:20)
	at com.kms.katalon.core.webui.keyword.builtin.ClickKeyword.click(ClickKeyword.groovy:75)
	at com.kms.katalon.core.webui.keyword.builtin.ClickKeyword.execute(ClickKeyword.groovy:42)
	at com.kms.katalon.core.keyword.internal.KeywordExecutor.executeKeywordForPlatform(KeywordExecutor.groovy:73)
	at com.kms.katalon.core.webui.keyword.WebUiBuiltInKeywords.click(WebUiBuiltInKeywords.groovy:619)
	at com.kms.katalon.core.webui.keyword.WebUiBuiltInKeywords$click$3.call(Unknown Source)
	at Script1622231572393.run(Script1622231572393.groovy:30)
	... 13 more
)

2021-05-29 10:16:25 - [MESSAGE][INFO] - Unable to find the element located by 'By.xpath: //div[@id='channelIntro']/button'. Please recheck the objects properties to make sure the desired element is located. 

2021-05-29 10:16:25 - [MESSAGE][FAILED] - Unable to click on object 'Object Repository/1612049/Posts_Area/Channel_Intro/btn_SetHeader' (Root cause: com.kms.katalon.core.exception.StepFailedException: Unable to click on object 'Object Repository/1612049/Posts_Area/Channel_Intro/btn_SetHeader'
	at com.kms.katalon.core.webui.keyword.internal.WebUIKeywordMain.stepFailed(WebUIKeywordMain.groovy:64)
	at com.kms.katalon.core.webui.keyword.internal.WebUIKeywordMain.runKeyword(WebUIKeywordMain.groovy:26)
	at com.kms.katalon.core.webui.keyword.builtin.ClickKeyword.click(ClickKeyword.groovy:75)
	at com.kms.katalon.core.webui.keyword.builtin.ClickKeyword.execute(ClickKeyword.groovy:42)
	at com.kms.katalon.core.keyword.internal.KeywordExecutor.executeKeywordForPlatform(KeywordExecutor.groovy:73)
	at com.kms.katalon.core.webui.keyword.WebUiBuiltInKeywords.click(WebUiBuiltInKeywords.groovy:619)
	at com.kms.katalon.core.webui.keyword.WebUiBuiltInKeywords$click$3.call(Unknown Source)
	at TC44_SetHeaderForDirectMessage.run(TC44_SetHeaderForDirectMessage:30)
	at com.kms.katalon.core.main.ScriptEngine.run(ScriptEngine.java:194)
	at com.kms.katalon.core.main.ScriptEngine.runScriptAsRawText(ScriptEngine.java:119)
	at com.kms.katalon.core.main.TestCaseExecutor.runScript(TestCaseExecutor.java:398)
	at com.kms.katalon.core.main.TestCaseExecutor.doExecute(TestCaseExecutor.java:389)
	at com.kms.katalon.core.main.TestCaseExecutor.processExecutionPhase(TestCaseExecutor.java:368)
	at com.kms.katalon.core.main.TestCaseExecutor.accessMainPhase(TestCaseExecutor.java:360)
	at com.kms.katalon.core.main.TestCaseExecutor.execute(TestCaseExecutor.java:255)
	at com.kms.katalon.core.main.TestSuiteExecutor.accessTestCaseMainPhase(TestSuiteExecutor.java:203)
	at com.kms.katalon.core.main.TestSuiteExecutor.accessTestSuiteMainPhase(TestSuiteExecutor.java:152)
	at com.kms.katalon.core.main.TestSuiteExecutor.execute(TestSuiteExecutor.java:95)
	at com.kms.katalon.core.main.TestCaseMain.startTestSuite(TestCaseMain.java:157)
	at com.kms.katalon.core.main.TestCaseMain$startTestSuite$0.call(Unknown Source)
	at TempTestSuite1622256592737.run(TempTestSuite1622256592737.groovy:39)
Caused by: com.kms.katalon.core.webui.exception.WebElementNotFoundException: Web element with id: 'Object Repository/1612049/Posts_Area/Channel_Intro/btn_SetHeader' located by '//div[@id='channelIntro']/button' not found
	at com.kms.katalon.core.webui.common.WebUiCommonHelper.findWebElement(WebUiCommonHelper.java:1368)
	at com.kms.katalon.core.webui.keyword.internal.WebUIAbstractKeyword.findWebElement(WebUIAbstractKeyword.groovy:27)
	at com.kms.katalon.core.webui.keyword.internal.WebUIAbstractKeyword.findWebElement(WebUIAbstractKeyword.groovy:26)
	at com.kms.katalon.core.webui.keyword.builtin.ClickKeyword$_click_closure1.doCall(ClickKeyword.groovy:66)
	at com.kms.katalon.core.webui.keyword.builtin.ClickKeyword$_click_closure1.call(ClickKeyword.groovy)
	at com.kms.katalon.core.webui.keyword.internal.WebUIKeywordMain.runKeyword(WebUIKeywordMain.groovy:20)
	at com.kms.katalon.core.webui.keyword.builtin.ClickKeyword.click(ClickKeyword.groovy:75)
	at com.kms.katalon.core.webui.keyword.builtin.ClickKeyword.execute(ClickKeyword.groovy:42)
	at com.kms.katalon.core.keyword.internal.KeywordExecutor.executeKeywordForPlatform(KeywordExecutor.groovy:73)
	at com.kms.katalon.core.webui.keyword.WebUiBuiltInKeywords.click(WebUiBuiltInKeywords.groovy:619)
	at com.kms.katalon.core.webui.keyword.WebUiBuiltInKeywords$click$3.call(Unknown Source)
	at Script1622231572393.run(Script1622231572393.groovy:30)
	... 13 more
)
[[ATTACHMENT|C:\\Users\\Bao Chau\\Katalon Studio\\Mattermost_AutoTesting\\Reports\\20210529_094952\\1612049\\Run all test cases\\20210529_094952\\1622258185156.png]]]]></system-out>
         <system-err><![CDATA[2021-05-29 10:14:36 - [TEST_CASE][FAILED] - Test Cases/1612049/TC44_SetHeaderForDirectMessage: Test Cases/1612049/TC44_SetHeaderForDirectMessage FAILED.
Reason:
com.kms.katalon.core.exception.StepFailedException: Unable to click on object 'Object Repository/1612049/Posts_Area/Channel_Intro/btn_SetHeader'
	at com.kms.katalon.core.webui.keyword.internal.WebUIKeywordMain.stepFailed(WebUIKeywordMain.groovy:64)
	at com.kms.katalon.core.webui.keyword.internal.WebUIKeywordMain.runKeyword(WebUIKeywordMain.groovy:26)
	at com.kms.katalon.core.webui.keyword.builtin.ClickKeyword.click(ClickKeyword.groovy:75)
	at com.kms.katalon.core.webui.keyword.builtin.ClickKeyword.execute(ClickKeyword.groovy:42)
	at com.kms.katalon.core.keyword.internal.KeywordExecutor.executeKeywordForPlatform(KeywordExecutor.groovy:73)
	at com.kms.katalon.core.webui.keyword.WebUiBuiltInKeywords.click(WebUiBuiltInKeywords.groovy:619)
	at com.kms.katalon.core.webui.keyword.WebUiBuiltInKeywords$click$3.call(Unknown Source)
	at TC44_SetHeaderForDirectMessage.run(TC44_SetHeaderForDirectMessage:30)
	at com.kms.katalon.core.main.ScriptEngine.run(ScriptEngine.java:194)
	at com.kms.katalon.core.main.ScriptEngine.runScriptAsRawText(ScriptEngine.java:119)
	at com.kms.katalon.core.main.TestCaseExecutor.runScript(TestCaseExecutor.java:398)
	at com.kms.katalon.core.main.TestCaseExecutor.doExecute(TestCaseExecutor.java:389)
	at com.kms.katalon.core.main.TestCaseExecutor.processExecutionPhase(TestCaseExecutor.java:368)
	at com.kms.katalon.core.main.TestCaseExecutor.accessMainPhase(TestCaseExecutor.java:360)
	at com.kms.katalon.core.main.TestCaseExecutor.execute(TestCaseExecutor.java:255)
	at com.kms.katalon.core.main.TestSuiteExecutor.accessTestCaseMainPhase(TestSuiteExecutor.java:203)
	at com.kms.katalon.core.main.TestSuiteExecutor.accessTestSuiteMainPhase(TestSuiteExecutor.java:152)
	at com.kms.katalon.core.main.TestSuiteExecutor.execute(TestSuiteExecutor.java:95)
	at com.kms.katalon.core.main.TestCaseMain.startTestSuite(TestCaseMain.java:157)
	at com.kms.katalon.core.main.TestCaseMain$startTestSuite$0.call(Unknown Source)
	at TempTestSuite1622256592737.run(TempTestSuite1622256592737.groovy:39)
Caused by: com.kms.katalon.core.webui.exception.WebElementNotFoundException: Web element with id: 'Object Repository/1612049/Posts_Area/Channel_Intro/btn_SetHeader' located by '//div[@id='channelIntro']/button' not found
	at com.kms.katalon.core.webui.common.WebUiCommonHelper.findWebElement(WebUiCommonHelper.java:1368)
	at com.kms.katalon.core.webui.keyword.internal.WebUIAbstractKeyword.findWebElement(WebUIAbstractKeyword.groovy:27)
	at com.kms.katalon.core.webui.keyword.internal.WebUIAbstractKeyword.findWebElement(WebUIAbstractKeyword.groovy:26)
	at com.kms.katalon.core.webui.keyword.builtin.ClickKeyword$_click_closure1.doCall(ClickKeyword.groovy:66)
	at com.kms.katalon.core.webui.keyword.builtin.ClickKeyword$_click_closure1.call(ClickKeyword.groovy)
	at com.kms.katalon.core.webui.keyword.internal.WebUIKeywordMain.runKeyword(WebUIKeywordMain.groovy:20)
	... 19 more]]></system-err>
      </testcase>
      <testcase name="Test Cases/1712666/TC11_CreateATeam" time="103.499" classname="Test Cases/1712666/TC11_CreateATeam" status="FAILED">
         <failure type="FAILED" message="Test Cases/1712666/TC11_CreateATeam FAILED.
Reason:
com.kms.katalon.core.exception.StepFailedException: Unable to click on object 'Object Repository/Page_Town Square - abc Mattermost/span_Finish'
	at com.kms.katalon.core.webui.keyword.internal.WebUIKeywordMain.stepFailed(WebUIKeywordMain.groovy:64)
	at com.kms.katalon.core.webui.keyword.internal.WebUIKeywordMain.runKeyword(WebUIKeywordMain.groovy:26)
	at com.kms.katalon.core.webui.keyword.builtin.ClickKeyword.click(ClickKeyword.groovy:75)
	at com.kms.katalon.core.webui.keyword.builtin.ClickKeyword.execute(ClickKeyword.groovy:42)
	at com.kms.katalon.core.keyword.internal.KeywordExecutor.executeKeywordForPlatform(KeywordExecutor.groovy:73)
	at com.kms.katalon.core.webui.keyword.WebUiBuiltInKeywords.click(WebUiBuiltInKeywords.groovy:619)
	at com.kms.katalon.core.webui.keyword.WebUiBuiltInKeywords$click$3.call(Unknown Source)
	at TC11_CreateATeam.run(TC11_CreateATeam:35)
	at com.kms.katalon.core.main.ScriptEngine.run(ScriptEngine.java:194)
	at com.kms.katalon.core.main.ScriptEngine.runScriptAsRawText(ScriptEngine.java:119)
	at com.kms.katalon.core.main.TestCaseExecutor.runScript(TestCaseExecutor.java:398)
	at com.kms.katalon.core.main.TestCaseExecutor.doExecute(TestCaseExecutor.java:389)
	at com.kms.katalon.core.main.TestCaseExecutor.processExecutionPhase(TestCaseExecutor.java:368)
	at com.kms.katalon.core.main.TestCaseExecutor.accessMainPhase(TestCaseExecutor.java:360)
	at com.kms.katalon.core.main.TestCaseExecutor.execute(TestCaseExecutor.java:255)
	at com.kms.katalon.core.main.TestSuiteExecutor.accessTestCaseMainPhase(TestSuiteExecutor.java:203)
	at com.kms.katalon.core.main.TestSuiteExecutor.accessTestSuiteMainPhase(TestSuiteExecutor.java:152)
	at com.kms.katalon.core.main.TestSuiteExecutor.execute(TestSuiteExecutor.java:95)
	at com.kms.katalon.core.main.TestCaseMain.startTestSuite(TestCaseMain.java:157)
	at com.kms.katalon.core.main.TestCaseMain$startTestSuite$0.call(Unknown Source)
	at TempTestSuite1622256592737.run(TempTestSuite1622256592737.groovy:39)
Caused by: com.kms.katalon.core.webui.exception.WebElementNotFoundException: Web element with id: 'Object Repository/Page_Town Square - abc Mattermost/span_Finish' located by '//button[@id='teamURLFinishButton']/span' not found
	at com.kms.katalon.core.webui.common.WebUiCommonHelper.findWebElement(WebUiCommonHelper.java:1368)
	at com.kms.katalon.core.webui.keyword.internal.WebUIAbstractKeyword.findWebElement(WebUIAbstractKeyword.groovy:27)
	at com.kms.katalon.core.webui.keyword.internal.WebUIAbstractKeyword.findWebElement(WebUIAbstractKeyword.groovy:26)
	at com.kms.katalon.core.webui.keyword.builtin.ClickKeyword$_click_closure1.doCall(ClickKeyword.groovy:66)
	at com.kms.katalon.core.webui.keyword.builtin.ClickKeyword$_click_closure1.call(ClickKeyword.groovy)
	at com.kms.katalon.core.webui.keyword.internal.WebUIKeywordMain.runKeyword(WebUIKeywordMain.groovy:20)
	... 19 more
"/>
         <system-out><![CDATA[2021-05-29 10:16:25 - [TEST_CASE][FAILED] - Test Cases/1712666/TC11_CreateATeam: Test Cases/1712666/TC11_CreateATeam FAILED.
Reason:
com.kms.katalon.core.exception.StepFailedException: Unable to click on object 'Object Repository/Page_Town Square - abc Mattermost/span_Finish'
	at com.kms.katalon.core.webui.keyword.internal.WebUIKeywordMain.stepFailed(WebUIKeywordMain.groovy:64)
	at com.kms.katalon.core.webui.keyword.internal.WebUIKeywordMain.runKeyword(WebUIKeywordMain.groovy:26)
	at com.kms.katalon.core.webui.keyword.builtin.ClickKeyword.click(ClickKeyword.groovy:75)
	at com.kms.katalon.core.webui.keyword.builtin.ClickKeyword.execute(ClickKeyword.groovy:42)
	at com.kms.katalon.core.keyword.internal.KeywordExecutor.executeKeywordForPlatform(KeywordExecutor.groovy:73)
	at com.kms.katalon.core.webui.keyword.WebUiBuiltInKeywords.click(WebUiBuiltInKeywords.groovy:619)
	at com.kms.katalon.core.webui.keyword.WebUiBuiltInKeywords$click$3.call(Unknown Source)
	at TC11_CreateATeam.run(TC11_CreateATeam:35)
	at com.kms.katalon.core.main.ScriptEngine.run(ScriptEngine.java:194)
	at com.kms.katalon.core.main.ScriptEngine.runScriptAsRawText(ScriptEngine.java:119)
	at com.kms.katalon.core.main.TestCaseExecutor.runScript(TestCaseExecutor.java:398)
	at com.kms.katalon.core.main.TestCaseExecutor.doExecute(TestCaseExecutor.java:389)
	at com.kms.katalon.core.main.TestCaseExecutor.processExecutionPhase(TestCaseExecutor.java:368)
	at com.kms.katalon.core.main.TestCaseExecutor.accessMainPhase(TestCaseExecutor.java:360)
	at com.kms.katalon.core.main.TestCaseExecutor.execute(TestCaseExecutor.java:255)
	at com.kms.katalon.core.main.TestSuiteExecutor.accessTestCaseMainPhase(TestSuiteExecutor.java:203)
	at com.kms.katalon.core.main.TestSuiteExecutor.accessTestSuiteMainPhase(TestSuiteExecutor.java:152)
	at com.kms.katalon.core.main.TestSuiteExecutor.execute(TestSuiteExecutor.java:95)
	at com.kms.katalon.core.main.TestCaseMain.startTestSuite(TestCaseMain.java:157)
	at com.kms.katalon.core.main.TestCaseMain$startTestSuite$0.call(Unknown Source)
	at TempTestSuite1622256592737.run(TempTestSuite1622256592737.groovy:39)
Caused by: com.kms.katalon.core.webui.exception.WebElementNotFoundException: Web element with id: 'Object Repository/Page_Town Square - abc Mattermost/span_Finish' located by '//button[@id='teamURLFinishButton']/span' not found
	at com.kms.katalon.core.webui.common.WebUiCommonHelper.findWebElement(WebUiCommonHelper.java:1368)
	at com.kms.katalon.core.webui.keyword.internal.WebUIAbstractKeyword.findWebElement(WebUIAbstractKeyword.groovy:27)
	at com.kms.katalon.core.webui.keyword.internal.WebUIAbstractKeyword.findWebElement(WebUIAbstractKeyword.groovy:26)
	at com.kms.katalon.core.webui.keyword.builtin.ClickKeyword$_click_closure1.doCall(ClickKeyword.groovy:66)
	at com.kms.katalon.core.webui.keyword.builtin.ClickKeyword$_click_closure1.call(ClickKeyword.groovy)
	at com.kms.katalon.core.webui.keyword.internal.WebUIKeywordMain.runKeyword(WebUIKeywordMain.groovy:20)
	... 19 more


2021-05-29 10:16:25 - [TEST_STEP][PASSED] - openBrowser(""): Browser is opened with url: ''

2021-05-29 10:16:25 - [MESSAGE][WARNING] - A browser is already opened. Closing browser and opening a new one

2021-05-29 10:16:26 - [MESSAGE][INFO] - Starting 'Chrome' driver

2021-05-29 10:16:26 - [MESSAGE][INFO] - Action delay is set to 5,000 milliseconds

2021-05-29 10:16:27 - [MESSAGE][PASSED] - Browser is opened with url: ''

2021-05-29 10:16:27 - [TEST_STEP][PASSED] - navigateToUrl("https://mattermostwebapp.herokuapp.com/"): Navigate to 'https://mattermostwebapp.herokuapp.com/' successfully

2021-05-29 10:16:35 - [MESSAGE][PASSED] - Navigate to 'https://mattermostwebapp.herokuapp.com/' successfully

2021-05-29 10:16:35 - [TEST_STEP][PASSED] - callTestCase(findTestCase("1712666/CommonTC/CTC_Login"), ["var_username":"phuc", "var_password":"CSt51UwWECc="], null): Call Test Case 'Test Cases/1712666/CommonTC/CTC_Login' successfully

2021-05-29 10:16:35 - [TEST_CASE][PASSED] - Test Cases/1712666/CommonTC/CTC_Login: Test Cases/1712666/CommonTC/CTC_Login

2021-05-29 10:16:36 - [TEST_STEP][PASSED] - setText(findTestObject("Object Repository/1412263_Page_Mattermost/input_All team communication in one place, _dcc84b"), var_username): Text 'phuc' is set on object 'Object Repository/1412263_Page_Mattermost/input_All team communication in one place, _dcc84b'

2021-05-29 10:16:50 - [MESSAGE][PASSED] - Text 'phuc' is set on object 'Object Repository/1412263_Page_Mattermost/input_All team communication in one place, _dcc84b'

2021-05-29 10:16:50 - [TEST_STEP][PASSED] - setEncryptedText(findTestObject("Object Repository/1412263_Page_Mattermost/input_All team communication in one place, _a3edc6"), var_password): Text ****** has been set on object 'Object Repository/1412263_Page_Mattermost/input_All team communication in one place, _a3edc6'

2021-05-29 10:17:01 - [MESSAGE][PASSED] - Text ****** has been set on object 'Object Repository/1412263_Page_Mattermost/input_All team communication in one place, _a3edc6'

2021-05-29 10:17:01 - [TEST_STEP][PASSED] - click(findTestObject("Object Repository/1412263_Page_Mattermost/span_Sign in")): Object: 'Object Repository/1412263_Page_Mattermost/span_Sign in' is clicked on

2021-05-29 10:17:06 - [MESSAGE][PASSED] - Object: 'Object Repository/1412263_Page_Mattermost/span_Sign in' is clicked on

2021-05-29 10:17:06 - [MESSAGE][PASSED] - Call Test Case 'Test Cases/1712666/CommonTC/CTC_Login' successfully

2021-05-29 10:17:06 - [TEST_STEP][PASSED] - click(findTestObject("Object Repository/Page_Town Square - abc Mattermost/div_phuc")): Object: 'Object Repository/Page_Town Square - abc Mattermost/div_phuc' is clicked on

2021-05-29 10:17:15 - [MESSAGE][PASSED] - Object: 'Object Repository/Page_Town Square - abc Mattermost/div_phuc' is clicked on

2021-05-29 10:17:15 - [TEST_STEP][PASSED] - click(findTestObject("Object Repository/Page_Town Square - abc Mattermost/span_Create a Team")): Object: 'Object Repository/Page_Town Square - abc Mattermost/span_Create a Team' is clicked on

2021-05-29 10:17:21 - [MESSAGE][PASSED] - Object: 'Object Repository/Page_Town Square - abc Mattermost/span_Create a Team' is clicked on

2021-05-29 10:17:21 - [TEST_STEP][PASSED] - setText(findTestObject("Object Repository/Page_Town Square - abc Mattermost/input_Team Name_teamNameInput"), var_teamName): Text '' is set on object 'Object Repository/Page_Town Square - abc Mattermost/input_Team Name_teamNameInput'

2021-05-29 10:17:32 - [MESSAGE][PASSED] - Text '' is set on object 'Object Repository/Page_Town Square - abc Mattermost/input_Team Name_teamNameInput'

2021-05-29 10:17:32 - [TEST_STEP][PASSED] - click(findTestObject("Object Repository/Page_Town Square - abc Mattermost/span_Next")): Object: 'Object Repository/Page_Town Square - abc Mattermost/span_Next' is clicked on

2021-05-29 10:17:37 - [MESSAGE][PASSED] - Object: 'Object Repository/Page_Town Square - abc Mattermost/span_Next' is clicked on

2021-05-29 10:17:37 - [TEST_STEP][FAILED] - click(findTestObject("Object Repository/Page_Town Square - abc Mattermost/span_Finish")): Unable to click on object 'Object Repository/Page_Town Square - abc Mattermost/span_Finish' (Root cause: com.kms.katalon.core.exception.StepFailedException: Unable to click on object 'Object Repository/Page_Town Square - abc Mattermost/span_Finish'
	at com.kms.katalon.core.webui.keyword.internal.WebUIKeywordMain.stepFailed(WebUIKeywordMain.groovy:64)
	at com.kms.katalon.core.webui.keyword.internal.WebUIKeywordMain.runKeyword(WebUIKeywordMain.groovy:26)
	at com.kms.katalon.core.webui.keyword.builtin.ClickKeyword.click(ClickKeyword.groovy:75)
	at com.kms.katalon.core.webui.keyword.builtin.ClickKeyword.execute(ClickKeyword.groovy:42)
	at com.kms.katalon.core.keyword.internal.KeywordExecutor.executeKeywordForPlatform(KeywordExecutor.groovy:73)
	at com.kms.katalon.core.webui.keyword.WebUiBuiltInKeywords.click(WebUiBuiltInKeywords.groovy:619)
	at com.kms.katalon.core.webui.keyword.WebUiBuiltInKeywords$click$3.call(Unknown Source)
	at TC11_CreateATeam.run(TC11_CreateATeam:35)
	at com.kms.katalon.core.main.ScriptEngine.run(ScriptEngine.java:194)
	at com.kms.katalon.core.main.ScriptEngine.runScriptAsRawText(ScriptEngine.java:119)
	at com.kms.katalon.core.main.TestCaseExecutor.runScript(TestCaseExecutor.java:398)
	at com.kms.katalon.core.main.TestCaseExecutor.doExecute(TestCaseExecutor.java:389)
	at com.kms.katalon.core.main.TestCaseExecutor.processExecutionPhase(TestCaseExecutor.java:368)
	at com.kms.katalon.core.main.TestCaseExecutor.accessMainPhase(TestCaseExecutor.java:360)
	at com.kms.katalon.core.main.TestCaseExecutor.execute(TestCaseExecutor.java:255)
	at com.kms.katalon.core.main.TestSuiteExecutor.accessTestCaseMainPhase(TestSuiteExecutor.java:203)
	at com.kms.katalon.core.main.TestSuiteExecutor.accessTestSuiteMainPhase(TestSuiteExecutor.java:152)
	at com.kms.katalon.core.main.TestSuiteExecutor.execute(TestSuiteExecutor.java:95)
	at com.kms.katalon.core.main.TestCaseMain.startTestSuite(TestCaseMain.java:157)
	at com.kms.katalon.core.main.TestCaseMain$startTestSuite$0.call(Unknown Source)
	at TempTestSuite1622256592737.run(TempTestSuite1622256592737.groovy:39)
Caused by: com.kms.katalon.core.webui.exception.WebElementNotFoundException: Web element with id: 'Object Repository/Page_Town Square - abc Mattermost/span_Finish' located by '//button[@id='teamURLFinishButton']/span' not found
	at com.kms.katalon.core.webui.common.WebUiCommonHelper.findWebElement(WebUiCommonHelper.java:1368)
	at com.kms.katalon.core.webui.keyword.internal.WebUIAbstractKeyword.findWebElement(WebUIAbstractKeyword.groovy:27)
	at com.kms.katalon.core.webui.keyword.internal.WebUIAbstractKeyword.findWebElement(WebUIAbstractKeyword.groovy:26)
	at com.kms.katalon.core.webui.keyword.builtin.ClickKeyword$_click_closure1.doCall(ClickKeyword.groovy:66)
	at com.kms.katalon.core.webui.keyword.builtin.ClickKeyword$_click_closure1.call(ClickKeyword.groovy)
	at com.kms.katalon.core.webui.keyword.internal.WebUIKeywordMain.runKeyword(WebUIKeywordMain.groovy:20)
	at com.kms.katalon.core.webui.keyword.builtin.ClickKeyword.click(ClickKeyword.groovy:75)
	at com.kms.katalon.core.webui.keyword.builtin.ClickKeyword.execute(ClickKeyword.groovy:42)
	at com.kms.katalon.core.keyword.internal.KeywordExecutor.executeKeywordForPlatform(KeywordExecutor.groovy:73)
	at com.kms.katalon.core.webui.keyword.WebUiBuiltInKeywords.click(WebUiBuiltInKeywords.groovy:619)
	at com.kms.katalon.core.webui.keyword.WebUiBuiltInKeywords$click$3.call(Unknown Source)
	at Script1621498384580.run(Script1621498384580.groovy:35)
	... 13 more
)

2021-05-29 10:18:08 - [MESSAGE][INFO] - Unable to find the element located by 'By.xpath: //button[@id='teamURLFinishButton']/span'. Please recheck the objects properties to make sure the desired element is located. 

2021-05-29 10:18:08 - [MESSAGE][FAILED] - Unable to click on object 'Object Repository/Page_Town Square - abc Mattermost/span_Finish' (Root cause: com.kms.katalon.core.exception.StepFailedException: Unable to click on object 'Object Repository/Page_Town Square - abc Mattermost/span_Finish'
	at com.kms.katalon.core.webui.keyword.internal.WebUIKeywordMain.stepFailed(WebUIKeywordMain.groovy:64)
	at com.kms.katalon.core.webui.keyword.internal.WebUIKeywordMain.runKeyword(WebUIKeywordMain.groovy:26)
	at com.kms.katalon.core.webui.keyword.builtin.ClickKeyword.click(ClickKeyword.groovy:75)
	at com.kms.katalon.core.webui.keyword.builtin.ClickKeyword.execute(ClickKeyword.groovy:42)
	at com.kms.katalon.core.keyword.internal.KeywordExecutor.executeKeywordForPlatform(KeywordExecutor.groovy:73)
	at com.kms.katalon.core.webui.keyword.WebUiBuiltInKeywords.click(WebUiBuiltInKeywords.groovy:619)
	at com.kms.katalon.core.webui.keyword.WebUiBuiltInKeywords$click$3.call(Unknown Source)
	at TC11_CreateATeam.run(TC11_CreateATeam:35)
	at com.kms.katalon.core.main.ScriptEngine.run(ScriptEngine.java:194)
	at com.kms.katalon.core.main.ScriptEngine.runScriptAsRawText(ScriptEngine.java:119)
	at com.kms.katalon.core.main.TestCaseExecutor.runScript(TestCaseExecutor.java:398)
	at com.kms.katalon.core.main.TestCaseExecutor.doExecute(TestCaseExecutor.java:389)
	at com.kms.katalon.core.main.TestCaseExecutor.processExecutionPhase(TestCaseExecutor.java:368)
	at com.kms.katalon.core.main.TestCaseExecutor.accessMainPhase(TestCaseExecutor.java:360)
	at com.kms.katalon.core.main.TestCaseExecutor.execute(TestCaseExecutor.java:255)
	at com.kms.katalon.core.main.TestSuiteExecutor.accessTestCaseMainPhase(TestSuiteExecutor.java:203)
	at com.kms.katalon.core.main.TestSuiteExecutor.accessTestSuiteMainPhase(TestSuiteExecutor.java:152)
	at com.kms.katalon.core.main.TestSuiteExecutor.execute(TestSuiteExecutor.java:95)
	at com.kms.katalon.core.main.TestCaseMain.startTestSuite(TestCaseMain.java:157)
	at com.kms.katalon.core.main.TestCaseMain$startTestSuite$0.call(Unknown Source)
	at TempTestSuite1622256592737.run(TempTestSuite1622256592737.groovy:39)
Caused by: com.kms.katalon.core.webui.exception.WebElementNotFoundException: Web element with id: 'Object Repository/Page_Town Square - abc Mattermost/span_Finish' located by '//button[@id='teamURLFinishButton']/span' not found
	at com.kms.katalon.core.webui.common.WebUiCommonHelper.findWebElement(WebUiCommonHelper.java:1368)
	at com.kms.katalon.core.webui.keyword.internal.WebUIAbstractKeyword.findWebElement(WebUIAbstractKeyword.groovy:27)
	at com.kms.katalon.core.webui.keyword.internal.WebUIAbstractKeyword.findWebElement(WebUIAbstractKeyword.groovy:26)
	at com.kms.katalon.core.webui.keyword.builtin.ClickKeyword$_click_closure1.doCall(ClickKeyword.groovy:66)
	at com.kms.katalon.core.webui.keyword.builtin.ClickKeyword$_click_closure1.call(ClickKeyword.groovy)
	at com.kms.katalon.core.webui.keyword.internal.WebUIKeywordMain.runKeyword(WebUIKeywordMain.groovy:20)
	at com.kms.katalon.core.webui.keyword.builtin.ClickKeyword.click(ClickKeyword.groovy:75)
	at com.kms.katalon.core.webui.keyword.builtin.ClickKeyword.execute(ClickKeyword.groovy:42)
	at com.kms.katalon.core.keyword.internal.KeywordExecutor.executeKeywordForPlatform(KeywordExecutor.groovy:73)
	at com.kms.katalon.core.webui.keyword.WebUiBuiltInKeywords.click(WebUiBuiltInKeywords.groovy:619)
	at com.kms.katalon.core.webui.keyword.WebUiBuiltInKeywords$click$3.call(Unknown Source)
	at Script1621498384580.run(Script1621498384580.groovy:35)
	... 13 more
)
[[ATTACHMENT|C:\\Users\\Bao Chau\\Katalon Studio\\Mattermost_AutoTesting\\Reports\\20210529_094952\\1612049\\Run all test cases\\20210529_094952\\1622258288714.png]]]]></system-out>
         <system-err><![CDATA[2021-05-29 10:16:25 - [TEST_CASE][FAILED] - Test Cases/1712666/TC11_CreateATeam: Test Cases/1712666/TC11_CreateATeam FAILED.
Reason:
com.kms.katalon.core.exception.StepFailedException: Unable to click on object 'Object Repository/Page_Town Square - abc Mattermost/span_Finish'
	at com.kms.katalon.core.webui.keyword.internal.WebUIKeywordMain.stepFailed(WebUIKeywordMain.groovy:64)
	at com.kms.katalon.core.webui.keyword.internal.WebUIKeywordMain.runKeyword(WebUIKeywordMain.groovy:26)
	at com.kms.katalon.core.webui.keyword.builtin.ClickKeyword.click(ClickKeyword.groovy:75)
	at com.kms.katalon.core.webui.keyword.builtin.ClickKeyword.execute(ClickKeyword.groovy:42)
	at com.kms.katalon.core.keyword.internal.KeywordExecutor.executeKeywordForPlatform(KeywordExecutor.groovy:73)
	at com.kms.katalon.core.webui.keyword.WebUiBuiltInKeywords.click(WebUiBuiltInKeywords.groovy:619)
	at com.kms.katalon.core.webui.keyword.WebUiBuiltInKeywords$click$3.call(Unknown Source)
	at TC11_CreateATeam.run(TC11_CreateATeam:35)
	at com.kms.katalon.core.main.ScriptEngine.run(ScriptEngine.java:194)
	at com.kms.katalon.core.main.ScriptEngine.runScriptAsRawText(ScriptEngine.java:119)
	at com.kms.katalon.core.main.TestCaseExecutor.runScript(TestCaseExecutor.java:398)
	at com.kms.katalon.core.main.TestCaseExecutor.doExecute(TestCaseExecutor.java:389)
	at com.kms.katalon.core.main.TestCaseExecutor.processExecutionPhase(TestCaseExecutor.java:368)
	at com.kms.katalon.core.main.TestCaseExecutor.accessMainPhase(TestCaseExecutor.java:360)
	at com.kms.katalon.core.main.TestCaseExecutor.execute(TestCaseExecutor.java:255)
	at com.kms.katalon.core.main.TestSuiteExecutor.accessTestCaseMainPhase(TestSuiteExecutor.java:203)
	at com.kms.katalon.core.main.TestSuiteExecutor.accessTestSuiteMainPhase(TestSuiteExecutor.java:152)
	at com.kms.katalon.core.main.TestSuiteExecutor.execute(TestSuiteExecutor.java:95)
	at com.kms.katalon.core.main.TestCaseMain.startTestSuite(TestCaseMain.java:157)
	at com.kms.katalon.core.main.TestCaseMain$startTestSuite$0.call(Unknown Source)
	at TempTestSuite1622256592737.run(TempTestSuite1622256592737.groovy:39)
Caused by: com.kms.katalon.core.webui.exception.WebElementNotFoundException: Web element with id: 'Object Repository/Page_Town Square - abc Mattermost/span_Finish' located by '//button[@id='teamURLFinishButton']/span' not found
	at com.kms.katalon.core.webui.common.WebUiCommonHelper.findWebElement(WebUiCommonHelper.java:1368)
	at com.kms.katalon.core.webui.keyword.internal.WebUIAbstractKeyword.findWebElement(WebUIAbstractKeyword.groovy:27)
	at com.kms.katalon.core.webui.keyword.internal.WebUIAbstractKeyword.findWebElement(WebUIAbstractKeyword.groovy:26)
	at com.kms.katalon.core.webui.keyword.builtin.ClickKeyword$_click_closure1.doCall(ClickKeyword.groovy:66)
	at com.kms.katalon.core.webui.keyword.builtin.ClickKeyword$_click_closure1.call(ClickKeyword.groovy)
	at com.kms.katalon.core.webui.keyword.internal.WebUIKeywordMain.runKeyword(WebUIKeywordMain.groovy:20)
	... 19 more]]></system-err>
      </testcase>
      <testcase name="Test Cases/1712666/TC14_UpdateTeamDescription" time="109.502" classname="Test Cases/1712666/TC14_UpdateTeamDescription" status="FAILED">
         <failure type="FAILED" message="Test Cases/1712666/TC14_UpdateTeamDescription FAILED.
Reason:
com.kms.katalon.core.exception.StepFailedException: Unable to get text of object 'Object Repository/Page_Town Square - test2 Mattermost/div_test'
	at com.kms.katalon.core.webui.keyword.internal.WebUIKeywordMain.stepFailed(WebUIKeywordMain.groovy:64)
	at com.kms.katalon.core.webui.keyword.internal.WebUIKeywordMain.runKeyword(WebUIKeywordMain.groovy:26)
	at com.kms.katalon.core.webui.keyword.builtin.GetTextKeyword.getText(GetTextKeyword.groovy:88)
	at com.kms.katalon.core.webui.keyword.builtin.GetTextKeyword.execute(GetTextKeyword.groovy:67)
	at com.kms.katalon.core.keyword.internal.KeywordExecutor.executeKeywordForPlatform(KeywordExecutor.groovy:73)
	at com.kms.katalon.core.webui.keyword.WebUiBuiltInKeywords.getText(WebUiBuiltInKeywords.groovy:917)
	at com.kms.katalon.core.webui.keyword.WebUiBuiltInKeywords$getText$9.call(Unknown Source)
	at TC14_UpdateTeamDescription.run(TC14_UpdateTeamDescription:38)
	at com.kms.katalon.core.main.ScriptEngine.run(ScriptEngine.java:194)
	at com.kms.katalon.core.main.ScriptEngine.runScriptAsRawText(ScriptEngine.java:119)
	at com.kms.katalon.core.main.TestCaseExecutor.runScript(TestCaseExecutor.java:398)
	at com.kms.katalon.core.main.TestCaseExecutor.doExecute(TestCaseExecutor.java:389)
	at com.kms.katalon.core.main.TestCaseExecutor.processExecutionPhase(TestCaseExecutor.java:368)
	at com.kms.katalon.core.main.TestCaseExecutor.accessMainPhase(TestCaseExecutor.java:360)
	at com.kms.katalon.core.main.TestCaseExecutor.execute(TestCaseExecutor.java:255)
	at com.kms.katalon.core.main.TestSuiteExecutor.accessTestCaseMainPhase(TestSuiteExecutor.java:203)
	at com.kms.katalon.core.main.TestSuiteExecutor.accessTestSuiteMainPhase(TestSuiteExecutor.java:152)
	at com.kms.katalon.core.main.TestSuiteExecutor.execute(TestSuiteExecutor.java:95)
	at com.kms.katalon.core.main.TestCaseMain.startTestSuite(TestCaseMain.java:157)
	at com.kms.katalon.core.main.TestCaseMain$startTestSuite$0.call(Unknown Source)
	at TempTestSuite1622256592737.run(TempTestSuite1622256592737.groovy:39)
Caused by: com.kms.katalon.core.webui.exception.WebElementNotFoundException: Web element with id: 'Object Repository/Page_Town Square - test2 Mattermost/div_test' located by '//div[@id='descriptionDesc']' not found
	at com.kms.katalon.core.webui.common.WebUiCommonHelper.findWebElement(WebUiCommonHelper.java:1368)
	at com.kms.katalon.core.webui.keyword.internal.WebUIAbstractKeyword.findWebElement(WebUIAbstractKeyword.groovy:27)
	at com.kms.katalon.core.webui.keyword.internal.WebUIAbstractKeyword.findWebElement(WebUIAbstractKeyword.groovy:26)
	at com.kms.katalon.core.webui.keyword.builtin.GetTextKeyword$_getText_closure1.doCall(GetTextKeyword.groovy:78)
	at com.kms.katalon.core.webui.keyword.builtin.GetTextKeyword$_getText_closure1.call(GetTextKeyword.groovy)
	at com.kms.katalon.core.webui.keyword.internal.WebUIKeywordMain.runKeyword(WebUIKeywordMain.groovy:20)
	... 19 more
"/>
         <system-out><![CDATA[2021-05-29 10:18:08 - [TEST_CASE][FAILED] - Test Cases/1712666/TC14_UpdateTeamDescription: Test Cases/1712666/TC14_UpdateTeamDescription FAILED.
Reason:
com.kms.katalon.core.exception.StepFailedException: Unable to get text of object 'Object Repository/Page_Town Square - test2 Mattermost/div_test'
	at com.kms.katalon.core.webui.keyword.internal.WebUIKeywordMain.stepFailed(WebUIKeywordMain.groovy:64)
	at com.kms.katalon.core.webui.keyword.internal.WebUIKeywordMain.runKeyword(WebUIKeywordMain.groovy:26)
	at com.kms.katalon.core.webui.keyword.builtin.GetTextKeyword.getText(GetTextKeyword.groovy:88)
	at com.kms.katalon.core.webui.keyword.builtin.GetTextKeyword.execute(GetTextKeyword.groovy:67)
	at com.kms.katalon.core.keyword.internal.KeywordExecutor.executeKeywordForPlatform(KeywordExecutor.groovy:73)
	at com.kms.katalon.core.webui.keyword.WebUiBuiltInKeywords.getText(WebUiBuiltInKeywords.groovy:917)
	at com.kms.katalon.core.webui.keyword.WebUiBuiltInKeywords$getText$9.call(Unknown Source)
	at TC14_UpdateTeamDescription.run(TC14_UpdateTeamDescription:38)
	at com.kms.katalon.core.main.ScriptEngine.run(ScriptEngine.java:194)
	at com.kms.katalon.core.main.ScriptEngine.runScriptAsRawText(ScriptEngine.java:119)
	at com.kms.katalon.core.main.TestCaseExecutor.runScript(TestCaseExecutor.java:398)
	at com.kms.katalon.core.main.TestCaseExecutor.doExecute(TestCaseExecutor.java:389)
	at com.kms.katalon.core.main.TestCaseExecutor.processExecutionPhase(TestCaseExecutor.java:368)
	at com.kms.katalon.core.main.TestCaseExecutor.accessMainPhase(TestCaseExecutor.java:360)
	at com.kms.katalon.core.main.TestCaseExecutor.execute(TestCaseExecutor.java:255)
	at com.kms.katalon.core.main.TestSuiteExecutor.accessTestCaseMainPhase(TestSuiteExecutor.java:203)
	at com.kms.katalon.core.main.TestSuiteExecutor.accessTestSuiteMainPhase(TestSuiteExecutor.java:152)
	at com.kms.katalon.core.main.TestSuiteExecutor.execute(TestSuiteExecutor.java:95)
	at com.kms.katalon.core.main.TestCaseMain.startTestSuite(TestCaseMain.java:157)
	at com.kms.katalon.core.main.TestCaseMain$startTestSuite$0.call(Unknown Source)
	at TempTestSuite1622256592737.run(TempTestSuite1622256592737.groovy:39)
Caused by: com.kms.katalon.core.webui.exception.WebElementNotFoundException: Web element with id: 'Object Repository/Page_Town Square - test2 Mattermost/div_test' located by '//div[@id='descriptionDesc']' not found
	at com.kms.katalon.core.webui.common.WebUiCommonHelper.findWebElement(WebUiCommonHelper.java:1368)
	at com.kms.katalon.core.webui.keyword.internal.WebUIAbstractKeyword.findWebElement(WebUIAbstractKeyword.groovy:27)
	at com.kms.katalon.core.webui.keyword.internal.WebUIAbstractKeyword.findWebElement(WebUIAbstractKeyword.groovy:26)
	at com.kms.katalon.core.webui.keyword.builtin.GetTextKeyword$_getText_closure1.doCall(GetTextKeyword.groovy:78)
	at com.kms.katalon.core.webui.keyword.builtin.GetTextKeyword$_getText_closure1.call(GetTextKeyword.groovy)
	at com.kms.katalon.core.webui.keyword.internal.WebUIKeywordMain.runKeyword(WebUIKeywordMain.groovy:20)
	... 19 more


2021-05-29 10:18:09 - [TEST_STEP][PASSED] - openBrowser(""): Browser is opened with url: ''

2021-05-29 10:18:09 - [MESSAGE][WARNING] - A browser is already opened. Closing browser and opening a new one

2021-05-29 10:18:09 - [MESSAGE][INFO] - Starting 'Chrome' driver

2021-05-29 10:18:09 - [MESSAGE][INFO] - Action delay is set to 5,000 milliseconds

2021-05-29 10:18:11 - [MESSAGE][PASSED] - Browser is opened with url: ''

2021-05-29 10:18:11 - [TEST_STEP][PASSED] - navigateToUrl("https://mattermostwebapp.herokuapp.com/"): Navigate to 'https://mattermostwebapp.herokuapp.com/' successfully

2021-05-29 10:18:19 - [MESSAGE][PASSED] - Navigate to 'https://mattermostwebapp.herokuapp.com/' successfully

2021-05-29 10:18:19 - [TEST_STEP][PASSED] - callTestCase(findTestCase("1712666/CommonTC/CTC_Login"), ["var_username":"phuc", "var_password":"CSt51UwWECc="]): Call Test Case 'Test Cases/1712666/CommonTC/CTC_Login' successfully

2021-05-29 10:18:19 - [TEST_CASE][PASSED] - Test Cases/1712666/CommonTC/CTC_Login: Test Cases/1712666/CommonTC/CTC_Login

2021-05-29 10:18:19 - [TEST_STEP][PASSED] - setText(findTestObject("Object Repository/1412263_Page_Mattermost/input_All team communication in one place, _dcc84b"), var_username): Text 'phuc' is set on object 'Object Repository/1412263_Page_Mattermost/input_All team communication in one place, _dcc84b'

2021-05-29 10:18:34 - [MESSAGE][PASSED] - Text 'phuc' is set on object 'Object Repository/1412263_Page_Mattermost/input_All team communication in one place, _dcc84b'

2021-05-29 10:18:34 - [TEST_STEP][PASSED] - setEncryptedText(findTestObject("Object Repository/1412263_Page_Mattermost/input_All team communication in one place, _a3edc6"), var_password): Text ****** has been set on object 'Object Repository/1412263_Page_Mattermost/input_All team communication in one place, _a3edc6'

2021-05-29 10:18:45 - [MESSAGE][PASSED] - Text ****** has been set on object 'Object Repository/1412263_Page_Mattermost/input_All team communication in one place, _a3edc6'

2021-05-29 10:18:45 - [TEST_STEP][PASSED] - click(findTestObject("Object Repository/1412263_Page_Mattermost/span_Sign in")): Object: 'Object Repository/1412263_Page_Mattermost/span_Sign in' is clicked on

2021-05-29 10:18:50 - [MESSAGE][PASSED] - Object: 'Object Repository/1412263_Page_Mattermost/span_Sign in' is clicked on

2021-05-29 10:18:50 - [MESSAGE][PASSED] - Call Test Case 'Test Cases/1712666/CommonTC/CTC_Login' successfully

2021-05-29 10:18:50 - [TEST_STEP][PASSED] - click(findTestObject("Object Repository/Page_Town Square - test2 Mattermost/div_phuc")): Object: 'Object Repository/Page_Town Square - test2 Mattermost/div_phuc' is clicked on

2021-05-29 10:18:59 - [MESSAGE][PASSED] - Object: 'Object Repository/Page_Town Square - test2 Mattermost/div_phuc' is clicked on

2021-05-29 10:18:59 - [TEST_STEP][PASSED] - click(findTestObject("Object Repository/Page_Town Square - test2 Mattermost/span_Team Settings")): Object: 'Object Repository/Page_Town Square - test2 Mattermost/span_Team Settings' is clicked on

2021-05-29 10:19:05 - [MESSAGE][PASSED] - Object: 'Object Repository/Page_Town Square - test2 Mattermost/span_Team Settings' is clicked on

2021-05-29 10:19:05 - [TEST_STEP][PASSED] - click(findTestObject("Object Repository/Page_Town Square - test2 Mattermost/span_Edit")): Object: 'Object Repository/Page_Town Square - test2 Mattermost/span_Edit' is clicked on

2021-05-29 10:19:10 - [MESSAGE][PASSED] - Object: 'Object Repository/Page_Town Square - test2 Mattermost/span_Edit' is clicked on

2021-05-29 10:19:10 - [TEST_STEP][PASSED] - setText(findTestObject("Object Repository/Page_Town Square - test2 Mattermost/input_Team Description_teamDescription"), var_teamDescription): Text '' is set on object 'Object Repository/Page_Town Square - test2 Mattermost/input_Team Description_teamDescription'

2021-05-29 10:19:21 - [MESSAGE][PASSED] - Text '' is set on object 'Object Repository/Page_Town Square - test2 Mattermost/input_Team Description_teamDescription'

2021-05-29 10:19:21 - [TEST_STEP][PASSED] - click(findTestObject("Object Repository/Page_Town Square - test2 Mattermost/span_Save")): Object: 'Object Repository/Page_Town Square - test2 Mattermost/span_Save' is clicked on

2021-05-29 10:19:27 - [MESSAGE][PASSED] - Object: 'Object Repository/Page_Town Square - test2 Mattermost/span_Save' is clicked on

2021-05-29 10:19:27 - [TEST_STEP][FAILED] - newTeamDescription = getText(findTestObject("Object Repository/Page_Town Square - test2 Mattermost/div_test")): Unable to get text of object 'Object Repository/Page_Town Square - test2 Mattermost/div_test' (Root cause: com.kms.katalon.core.exception.StepFailedException: Unable to get text of object 'Object Repository/Page_Town Square - test2 Mattermost/div_test'
	at com.kms.katalon.core.webui.keyword.internal.WebUIKeywordMain.stepFailed(WebUIKeywordMain.groovy:64)
	at com.kms.katalon.core.webui.keyword.internal.WebUIKeywordMain.runKeyword(WebUIKeywordMain.groovy:26)
	at com.kms.katalon.core.webui.keyword.builtin.GetTextKeyword.getText(GetTextKeyword.groovy:88)
	at com.kms.katalon.core.webui.keyword.builtin.GetTextKeyword.execute(GetTextKeyword.groovy:67)
	at com.kms.katalon.core.keyword.internal.KeywordExecutor.executeKeywordForPlatform(KeywordExecutor.groovy:73)
	at com.kms.katalon.core.webui.keyword.WebUiBuiltInKeywords.getText(WebUiBuiltInKeywords.groovy:917)
	at com.kms.katalon.core.webui.keyword.WebUiBuiltInKeywords$getText$9.call(Unknown Source)
	at TC14_UpdateTeamDescription.run(TC14_UpdateTeamDescription:38)
	at com.kms.katalon.core.main.ScriptEngine.run(ScriptEngine.java:194)
	at com.kms.katalon.core.main.ScriptEngine.runScriptAsRawText(ScriptEngine.java:119)
	at com.kms.katalon.core.main.TestCaseExecutor.runScript(TestCaseExecutor.java:398)
	at com.kms.katalon.core.main.TestCaseExecutor.doExecute(TestCaseExecutor.java:389)
	at com.kms.katalon.core.main.TestCaseExecutor.processExecutionPhase(TestCaseExecutor.java:368)
	at com.kms.katalon.core.main.TestCaseExecutor.accessMainPhase(TestCaseExecutor.java:360)
	at com.kms.katalon.core.main.TestCaseExecutor.execute(TestCaseExecutor.java:255)
	at com.kms.katalon.core.main.TestSuiteExecutor.accessTestCaseMainPhase(TestSuiteExecutor.java:203)
	at com.kms.katalon.core.main.TestSuiteExecutor.accessTestSuiteMainPhase(TestSuiteExecutor.java:152)
	at com.kms.katalon.core.main.TestSuiteExecutor.execute(TestSuiteExecutor.java:95)
	at com.kms.katalon.core.main.TestCaseMain.startTestSuite(TestCaseMain.java:157)
	at com.kms.katalon.core.main.TestCaseMain$startTestSuite$0.call(Unknown Source)
	at TempTestSuite1622256592737.run(TempTestSuite1622256592737.groovy:39)
Caused by: com.kms.katalon.core.webui.exception.WebElementNotFoundException: Web element with id: 'Object Repository/Page_Town Square - test2 Mattermost/div_test' located by '//div[@id='descriptionDesc']' not found
	at com.kms.katalon.core.webui.common.WebUiCommonHelper.findWebElement(WebUiCommonHelper.java:1368)
	at com.kms.katalon.core.webui.keyword.internal.WebUIAbstractKeyword.findWebElement(WebUIAbstractKeyword.groovy:27)
	at com.kms.katalon.core.webui.keyword.internal.WebUIAbstractKeyword.findWebElement(WebUIAbstractKeyword.groovy:26)
	at com.kms.katalon.core.webui.keyword.builtin.GetTextKeyword$_getText_closure1.doCall(GetTextKeyword.groovy:78)
	at com.kms.katalon.core.webui.keyword.builtin.GetTextKeyword$_getText_closure1.call(GetTextKeyword.groovy)
	at com.kms.katalon.core.webui.keyword.internal.WebUIKeywordMain.runKeyword(WebUIKeywordMain.groovy:20)
	at com.kms.katalon.core.webui.keyword.builtin.GetTextKeyword.getText(GetTextKeyword.groovy:88)
	at com.kms.katalon.core.webui.keyword.builtin.GetTextKeyword.execute(GetTextKeyword.groovy:67)
	at com.kms.katalon.core.keyword.internal.KeywordExecutor.executeKeywordForPlatform(KeywordExecutor.groovy:73)
	at com.kms.katalon.core.webui.keyword.WebUiBuiltInKeywords.getText(WebUiBuiltInKeywords.groovy:917)
	at com.kms.katalon.core.webui.keyword.WebUiBuiltInKeywords$getText$9.call(Unknown Source)
	at Script1621522343583.run(Script1621522343583.groovy:38)
	... 13 more
)

2021-05-29 10:19:58 - [MESSAGE][INFO] - Unable to find the element located by 'By.xpath: //div[@id='descriptionDesc']'. Please recheck the objects properties to make sure the desired element is located. 

2021-05-29 10:19:58 - [MESSAGE][FAILED] - Unable to get text of object 'Object Repository/Page_Town Square - test2 Mattermost/div_test' (Root cause: com.kms.katalon.core.exception.StepFailedException: Unable to get text of object 'Object Repository/Page_Town Square - test2 Mattermost/div_test'
	at com.kms.katalon.core.webui.keyword.internal.WebUIKeywordMain.stepFailed(WebUIKeywordMain.groovy:64)
	at com.kms.katalon.core.webui.keyword.internal.WebUIKeywordMain.runKeyword(WebUIKeywordMain.groovy:26)
	at com.kms.katalon.core.webui.keyword.builtin.GetTextKeyword.getText(GetTextKeyword.groovy:88)
	at com.kms.katalon.core.webui.keyword.builtin.GetTextKeyword.execute(GetTextKeyword.groovy:67)
	at com.kms.katalon.core.keyword.internal.KeywordExecutor.executeKeywordForPlatform(KeywordExecutor.groovy:73)
	at com.kms.katalon.core.webui.keyword.WebUiBuiltInKeywords.getText(WebUiBuiltInKeywords.groovy:917)
	at com.kms.katalon.core.webui.keyword.WebUiBuiltInKeywords$getText$9.call(Unknown Source)
	at TC14_UpdateTeamDescription.run(TC14_UpdateTeamDescription:38)
	at com.kms.katalon.core.main.ScriptEngine.run(ScriptEngine.java:194)
	at com.kms.katalon.core.main.ScriptEngine.runScriptAsRawText(ScriptEngine.java:119)
	at com.kms.katalon.core.main.TestCaseExecutor.runScript(TestCaseExecutor.java:398)
	at com.kms.katalon.core.main.TestCaseExecutor.doExecute(TestCaseExecutor.java:389)
	at com.kms.katalon.core.main.TestCaseExecutor.processExecutionPhase(TestCaseExecutor.java:368)
	at com.kms.katalon.core.main.TestCaseExecutor.accessMainPhase(TestCaseExecutor.java:360)
	at com.kms.katalon.core.main.TestCaseExecutor.execute(TestCaseExecutor.java:255)
	at com.kms.katalon.core.main.TestSuiteExecutor.accessTestCaseMainPhase(TestSuiteExecutor.java:203)
	at com.kms.katalon.core.main.TestSuiteExecutor.accessTestSuiteMainPhase(TestSuiteExecutor.java:152)
	at com.kms.katalon.core.main.TestSuiteExecutor.execute(TestSuiteExecutor.java:95)
	at com.kms.katalon.core.main.TestCaseMain.startTestSuite(TestCaseMain.java:157)
	at com.kms.katalon.core.main.TestCaseMain$startTestSuite$0.call(Unknown Source)
	at TempTestSuite1622256592737.run(TempTestSuite1622256592737.groovy:39)
Caused by: com.kms.katalon.core.webui.exception.WebElementNotFoundException: Web element with id: 'Object Repository/Page_Town Square - test2 Mattermost/div_test' located by '//div[@id='descriptionDesc']' not found
	at com.kms.katalon.core.webui.common.WebUiCommonHelper.findWebElement(WebUiCommonHelper.java:1368)
	at com.kms.katalon.core.webui.keyword.internal.WebUIAbstractKeyword.findWebElement(WebUIAbstractKeyword.groovy:27)
	at com.kms.katalon.core.webui.keyword.internal.WebUIAbstractKeyword.findWebElement(WebUIAbstractKeyword.groovy:26)
	at com.kms.katalon.core.webui.keyword.builtin.GetTextKeyword$_getText_closure1.doCall(GetTextKeyword.groovy:78)
	at com.kms.katalon.core.webui.keyword.builtin.GetTextKeyword$_getText_closure1.call(GetTextKeyword.groovy)
	at com.kms.katalon.core.webui.keyword.internal.WebUIKeywordMain.runKeyword(WebUIKeywordMain.groovy:20)
	at com.kms.katalon.core.webui.keyword.builtin.GetTextKeyword.getText(GetTextKeyword.groovy:88)
	at com.kms.katalon.core.webui.keyword.builtin.GetTextKeyword.execute(GetTextKeyword.groovy:67)
	at com.kms.katalon.core.keyword.internal.KeywordExecutor.executeKeywordForPlatform(KeywordExecutor.groovy:73)
	at com.kms.katalon.core.webui.keyword.WebUiBuiltInKeywords.getText(WebUiBuiltInKeywords.groovy:917)
	at com.kms.katalon.core.webui.keyword.WebUiBuiltInKeywords$getText$9.call(Unknown Source)
	at Script1621522343583.run(Script1621522343583.groovy:38)
	... 13 more
)
[[ATTACHMENT|C:\\Users\\Bao Chau\\Katalon Studio\\Mattermost_AutoTesting\\Reports\\20210529_094952\\1612049\\Run all test cases\\20210529_094952\\1622258398209.png]]]]></system-out>
         <system-err><![CDATA[2021-05-29 10:18:08 - [TEST_CASE][FAILED] - Test Cases/1712666/TC14_UpdateTeamDescription: Test Cases/1712666/TC14_UpdateTeamDescription FAILED.
Reason:
com.kms.katalon.core.exception.StepFailedException: Unable to get text of object 'Object Repository/Page_Town Square - test2 Mattermost/div_test'
	at com.kms.katalon.core.webui.keyword.internal.WebUIKeywordMain.stepFailed(WebUIKeywordMain.groovy:64)
	at com.kms.katalon.core.webui.keyword.internal.WebUIKeywordMain.runKeyword(WebUIKeywordMain.groovy:26)
	at com.kms.katalon.core.webui.keyword.builtin.GetTextKeyword.getText(GetTextKeyword.groovy:88)
	at com.kms.katalon.core.webui.keyword.builtin.GetTextKeyword.execute(GetTextKeyword.groovy:67)
	at com.kms.katalon.core.keyword.internal.KeywordExecutor.executeKeywordForPlatform(KeywordExecutor.groovy:73)
	at com.kms.katalon.core.webui.keyword.WebUiBuiltInKeywords.getText(WebUiBuiltInKeywords.groovy:917)
	at com.kms.katalon.core.webui.keyword.WebUiBuiltInKeywords$getText$9.call(Unknown Source)
	at TC14_UpdateTeamDescription.run(TC14_UpdateTeamDescription:38)
	at com.kms.katalon.core.main.ScriptEngine.run(ScriptEngine.java:194)
	at com.kms.katalon.core.main.ScriptEngine.runScriptAsRawText(ScriptEngine.java:119)
	at com.kms.katalon.core.main.TestCaseExecutor.runScript(TestCaseExecutor.java:398)
	at com.kms.katalon.core.main.TestCaseExecutor.doExecute(TestCaseExecutor.java:389)
	at com.kms.katalon.core.main.TestCaseExecutor.processExecutionPhase(TestCaseExecutor.java:368)
	at com.kms.katalon.core.main.TestCaseExecutor.accessMainPhase(TestCaseExecutor.java:360)
	at com.kms.katalon.core.main.TestCaseExecutor.execute(TestCaseExecutor.java:255)
	at com.kms.katalon.core.main.TestSuiteExecutor.accessTestCaseMainPhase(TestSuiteExecutor.java:203)
	at com.kms.katalon.core.main.TestSuiteExecutor.accessTestSuiteMainPhase(TestSuiteExecutor.java:152)
	at com.kms.katalon.core.main.TestSuiteExecutor.execute(TestSuiteExecutor.java:95)
	at com.kms.katalon.core.main.TestCaseMain.startTestSuite(TestCaseMain.java:157)
	at com.kms.katalon.core.main.TestCaseMain$startTestSuite$0.call(Unknown Source)
	at TempTestSuite1622256592737.run(TempTestSuite1622256592737.groovy:39)
Caused by: com.kms.katalon.core.webui.exception.WebElementNotFoundException: Web element with id: 'Object Repository/Page_Town Square - test2 Mattermost/div_test' located by '//div[@id='descriptionDesc']' not found
	at com.kms.katalon.core.webui.common.WebUiCommonHelper.findWebElement(WebUiCommonHelper.java:1368)
	at com.kms.katalon.core.webui.keyword.internal.WebUIAbstractKeyword.findWebElement(WebUIAbstractKeyword.groovy:27)
	at com.kms.katalon.core.webui.keyword.internal.WebUIAbstractKeyword.findWebElement(WebUIAbstractKeyword.groovy:26)
	at com.kms.katalon.core.webui.keyword.builtin.GetTextKeyword$_getText_closure1.doCall(GetTextKeyword.groovy:78)
	at com.kms.katalon.core.webui.keyword.builtin.GetTextKeyword$_getText_closure1.call(GetTextKeyword.groovy)
	at com.kms.katalon.core.webui.keyword.internal.WebUIKeywordMain.runKeyword(WebUIKeywordMain.groovy:20)
	... 19 more]]></system-err>
      </testcase>
      <testcase name="Test Cases/1712666/TC13_UpdateTeamName" time="85.098" classname="Test Cases/1712666/TC13_UpdateTeamName" status="ERROR">
         <error type="ERROR" message="Test Cases/1712666/TC13_UpdateTeamName FAILED.
Reason:
com.kms.katalon.core.exception.StepErrorException: Fail updated team name
	at TC13_UpdateTeamName.run(TC13_UpdateTeamName:42)
	at com.kms.katalon.core.main.ScriptEngine.run(ScriptEngine.java:194)
	at com.kms.katalon.core.main.ScriptEngine.runScriptAsRawText(ScriptEngine.java:119)
	at com.kms.katalon.core.main.TestCaseExecutor.runScript(TestCaseExecutor.java:398)
	at com.kms.katalon.core.main.TestCaseExecutor.doExecute(TestCaseExecutor.java:389)
	at com.kms.katalon.core.main.TestCaseExecutor.processExecutionPhase(TestCaseExecutor.java:368)
	at com.kms.katalon.core.main.TestCaseExecutor.accessMainPhase(TestCaseExecutor.java:360)
	at com.kms.katalon.core.main.TestCaseExecutor.execute(TestCaseExecutor.java:255)
	at com.kms.katalon.core.main.TestSuiteExecutor.accessTestCaseMainPhase(TestSuiteExecutor.java:203)
	at com.kms.katalon.core.main.TestSuiteExecutor.accessTestSuiteMainPhase(TestSuiteExecutor.java:152)
	at com.kms.katalon.core.main.TestSuiteExecutor.execute(TestSuiteExecutor.java:95)
	at com.kms.katalon.core.main.TestCaseMain.startTestSuite(TestCaseMain.java:157)
	at com.kms.katalon.core.main.TestCaseMain$startTestSuite$0.call(Unknown Source)
	at TempTestSuite1622256592737.run(TempTestSuite1622256592737.groovy:39)
"/>
         <system-out><![CDATA[2021-05-29 10:19:58 - [TEST_CASE][ERROR] - Test Cases/1712666/TC13_UpdateTeamName: Test Cases/1712666/TC13_UpdateTeamName FAILED.
Reason:
com.kms.katalon.core.exception.StepErrorException: Fail updated team name
	at TC13_UpdateTeamName.run(TC13_UpdateTeamName:42)
	at com.kms.katalon.core.main.ScriptEngine.run(ScriptEngine.java:194)
	at com.kms.katalon.core.main.ScriptEngine.runScriptAsRawText(ScriptEngine.java:119)
	at com.kms.katalon.core.main.TestCaseExecutor.runScript(TestCaseExecutor.java:398)
	at com.kms.katalon.core.main.TestCaseExecutor.doExecute(TestCaseExecutor.java:389)
	at com.kms.katalon.core.main.TestCaseExecutor.processExecutionPhase(TestCaseExecutor.java:368)
	at com.kms.katalon.core.main.TestCaseExecutor.accessMainPhase(TestCaseExecutor.java:360)
	at com.kms.katalon.core.main.TestCaseExecutor.execute(TestCaseExecutor.java:255)
	at com.kms.katalon.core.main.TestSuiteExecutor.accessTestCaseMainPhase(TestSuiteExecutor.java:203)
	at com.kms.katalon.core.main.TestSuiteExecutor.accessTestSuiteMainPhase(TestSuiteExecutor.java:152)
	at com.kms.katalon.core.main.TestSuiteExecutor.execute(TestSuiteExecutor.java:95)
	at com.kms.katalon.core.main.TestCaseMain.startTestSuite(TestCaseMain.java:157)
	at com.kms.katalon.core.main.TestCaseMain$startTestSuite$0.call(Unknown Source)
	at TempTestSuite1622256592737.run(TempTestSuite1622256592737.groovy:39)


2021-05-29 10:19:58 - [TEST_STEP][PASSED] - openBrowser(""): Browser is opened with url: ''

2021-05-29 10:19:58 - [MESSAGE][WARNING] - A browser is already opened. Closing browser and opening a new one

2021-05-29 10:19:59 - [MESSAGE][INFO] - Starting 'Chrome' driver

2021-05-29 10:19:59 - [MESSAGE][INFO] - Action delay is set to 5,000 milliseconds

2021-05-29 10:20:00 - [MESSAGE][PASSED] - Browser is opened with url: ''

2021-05-29 10:20:00 - [TEST_STEP][PASSED] - navigateToUrl("https://mattermostwebapp.herokuapp.com/"): Navigate to 'https://mattermostwebapp.herokuapp.com/' successfully

2021-05-29 10:20:09 - [MESSAGE][PASSED] - Navigate to 'https://mattermostwebapp.herokuapp.com/' successfully

2021-05-29 10:20:09 - [TEST_STEP][PASSED] - callTestCase(findTestCase("1712666/CommonTC/CTC_Login"), ["var_username":"phuc", "var_password":"CSt51UwWECc="]): Call Test Case 'Test Cases/1712666/CommonTC/CTC_Login' successfully

2021-05-29 10:20:09 - [TEST_CASE][PASSED] - Test Cases/1712666/CommonTC/CTC_Login: Test Cases/1712666/CommonTC/CTC_Login

2021-05-29 10:20:09 - [TEST_STEP][PASSED] - setText(findTestObject("Object Repository/1412263_Page_Mattermost/input_All team communication in one place, _dcc84b"), var_username): Text 'phuc' is set on object 'Object Repository/1412263_Page_Mattermost/input_All team communication in one place, _dcc84b'

2021-05-29 10:20:23 - [MESSAGE][PASSED] - Text 'phuc' is set on object 'Object Repository/1412263_Page_Mattermost/input_All team communication in one place, _dcc84b'

2021-05-29 10:20:23 - [TEST_STEP][PASSED] - setEncryptedText(findTestObject("Object Repository/1412263_Page_Mattermost/input_All team communication in one place, _a3edc6"), var_password): Text ****** has been set on object 'Object Repository/1412263_Page_Mattermost/input_All team communication in one place, _a3edc6'

2021-05-29 10:20:34 - [MESSAGE][PASSED] - Text ****** has been set on object 'Object Repository/1412263_Page_Mattermost/input_All team communication in one place, _a3edc6'

2021-05-29 10:20:34 - [TEST_STEP][PASSED] - click(findTestObject("Object Repository/1412263_Page_Mattermost/span_Sign in")): Object: 'Object Repository/1412263_Page_Mattermost/span_Sign in' is clicked on

2021-05-29 10:20:40 - [MESSAGE][PASSED] - Object: 'Object Repository/1412263_Page_Mattermost/span_Sign in' is clicked on

2021-05-29 10:20:40 - [MESSAGE][PASSED] - Call Test Case 'Test Cases/1712666/CommonTC/CTC_Login' successfully

2021-05-29 10:20:40 - [TEST_STEP][PASSED] - click(findTestObject("Object Repository/Page_Town Square - abc Mattermost/div_phuc (2)")): Object: 'Object Repository/Page_Town Square - abc Mattermost/div_phuc (2)' is clicked on

2021-05-29 10:20:52 - [MESSAGE][PASSED] - Object: 'Object Repository/Page_Town Square - abc Mattermost/div_phuc (2)' is clicked on

2021-05-29 10:20:52 - [TEST_STEP][PASSED] - click(findTestObject("Object Repository/Page_Town Square - abc Mattermost/span_Team Settings")): Object: 'Object Repository/Page_Town Square - abc Mattermost/span_Team Settings' is clicked on

2021-05-29 10:20:57 - [MESSAGE][PASSED] - Object: 'Object Repository/Page_Town Square - abc Mattermost/span_Team Settings' is clicked on

2021-05-29 10:20:57 - [TEST_STEP][PASSED] - click(findTestObject("Object Repository/Page_Town Square - abc Mattermost/span_Edit")): Object: 'Object Repository/Page_Town Square - abc Mattermost/span_Edit' is clicked on

2021-05-29 10:21:03 - [MESSAGE][PASSED] - Object: 'Object Repository/Page_Town Square - abc Mattermost/span_Edit' is clicked on

2021-05-29 10:21:03 - [TEST_STEP][PASSED] - doubleClick(findTestObject("Object Repository/Page_Town Square - abc Mattermost/input_Team Name_teamName")): Object: 'Object Repository/Page_Town Square - abc Mattermost/input_Team Name_teamName' is double clicked on

2021-05-29 10:21:03 - [MESSAGE][PASSED] - Object: 'Object Repository/Page_Town Square - abc Mattermost/input_Team Name_teamName' is double clicked on

2021-05-29 10:21:03 - [TEST_STEP][PASSED] - setText(findTestObject("Object Repository/Page_Town Square - abc Mattermost/input_Team Name_teamName"), var_teamname): Text '' is set on object 'Object Repository/Page_Town Square - abc Mattermost/input_Team Name_teamName'

2021-05-29 10:21:14 - [MESSAGE][PASSED] - Text '' is set on object 'Object Repository/Page_Town Square - abc Mattermost/input_Team Name_teamName'

2021-05-29 10:21:14 - [TEST_STEP][PASSED] - click(findTestObject("Object Repository/Page_Town Square - abc Mattermost/span_Save")): Object: 'Object Repository/Page_Town Square - abc Mattermost/span_Save' is clicked on

2021-05-29 10:21:21 - [MESSAGE][PASSED] - Object: 'Object Repository/Page_Town Square - abc Mattermost/span_Save' is clicked on

2021-05-29 10:21:21 - [TEST_STEP][PASSED] - newTeamName = getText(findTestObject("Object Repository/Page_Town Square - abc1 Mattermost/div_abc1")): Text of object 'Object Repository/Page_Town Square - abc1 Mattermost/div_abc1' is: 'test5'

2021-05-29 10:21:23 - [MESSAGE][PASSED] - Text of object 'Object Repository/Page_Town Square - abc1 Mattermost/div_abc1' is: 'test5'

2021-05-29 10:21:23 - [TEST_STEP][PASSED] - if (newTeamName != var_teamname.toString()): null

2021-05-29 10:21:23 - [TEST_STEP][PASSED] - throw new com.kms.katalon.core.exception.StepErrorException(Fail updated team name): null]]></system-out>
         <system-err><![CDATA[2021-05-29 10:19:58 - [TEST_CASE][ERROR] - Test Cases/1712666/TC13_UpdateTeamName: Test Cases/1712666/TC13_UpdateTeamName FAILED.
Reason:
com.kms.katalon.core.exception.StepErrorException: Fail updated team name
	at TC13_UpdateTeamName.run(TC13_UpdateTeamName:42)
	at com.kms.katalon.core.main.ScriptEngine.run(ScriptEngine.java:194)
	at com.kms.katalon.core.main.ScriptEngine.runScriptAsRawText(ScriptEngine.java:119)
	at com.kms.katalon.core.main.TestCaseExecutor.runScript(TestCaseExecutor.java:398)
	at com.kms.katalon.core.main.TestCaseExecutor.doExecute(TestCaseExecutor.java:389)
	at com.kms.katalon.core.main.TestCaseExecutor.processExecutionPhase(TestCaseExecutor.java:368)
	at com.kms.katalon.core.main.TestCaseExecutor.accessMainPhase(TestCaseExecutor.java:360)
	at com.kms.katalon.core.main.TestCaseExecutor.execute(TestCaseExecutor.java:255)
	at com.kms.katalon.core.main.TestSuiteExecutor.accessTestCaseMainPhase(TestSuiteExecutor.java:203)
	at com.kms.katalon.core.main.TestSuiteExecutor.accessTestSuiteMainPhase(TestSuiteExecutor.java:152)
	at com.kms.katalon.core.main.TestSuiteExecutor.execute(TestSuiteExecutor.java:95)
	at com.kms.katalon.core.main.TestCaseMain.startTestSuite(TestCaseMain.java:157)
	at com.kms.katalon.core.main.TestCaseMain$startTestSuite$0.call(Unknown Source)
	at TempTestSuite1622256592737.run(TempTestSuite1622256592737.groovy:39)]]></system-err>
      </testcase>
      <testcase name="Test Cases/1712666/TC12_InvitePeopleToTeam" time="104.465" classname="Test Cases/1712666/TC12_InvitePeopleToTeam" status="FAILED">
         <failure type="FAILED" message="Test Cases/1712666/TC12_InvitePeopleToTeam FAILED.
Reason:
com.kms.katalon.core.exception.StepFailedException: Unable to click on object 'Object Repository/Page_Town Square - abc Mattermost/div_option_0'
	at com.kms.katalon.core.webui.keyword.internal.WebUIKeywordMain.stepFailed(WebUIKeywordMain.groovy:64)
	at com.kms.katalon.core.webui.keyword.internal.WebUIKeywordMain.runKeyword(WebUIKeywordMain.groovy:26)
	at com.kms.katalon.core.webui.keyword.builtin.ClickKeyword.click(ClickKeyword.groovy:75)
	at com.kms.katalon.core.webui.keyword.builtin.ClickKeyword.execute(ClickKeyword.groovy:42)
	at com.kms.katalon.core.keyword.internal.KeywordExecutor.executeKeywordForPlatform(KeywordExecutor.groovy:73)
	at com.kms.katalon.core.webui.keyword.WebUiBuiltInKeywords.click(WebUiBuiltInKeywords.groovy:619)
	at com.kms.katalon.core.webui.keyword.WebUiBuiltInKeywords$click$3.call(Unknown Source)
	at TC12_InvitePeopleToTeam.run(TC12_InvitePeopleToTeam:35)
	at com.kms.katalon.core.main.ScriptEngine.run(ScriptEngine.java:194)
	at com.kms.katalon.core.main.ScriptEngine.runScriptAsRawText(ScriptEngine.java:119)
	at com.kms.katalon.core.main.TestCaseExecutor.runScript(TestCaseExecutor.java:398)
	at com.kms.katalon.core.main.TestCaseExecutor.doExecute(TestCaseExecutor.java:389)
	at com.kms.katalon.core.main.TestCaseExecutor.processExecutionPhase(TestCaseExecutor.java:368)
	at com.kms.katalon.core.main.TestCaseExecutor.accessMainPhase(TestCaseExecutor.java:360)
	at com.kms.katalon.core.main.TestCaseExecutor.execute(TestCaseExecutor.java:255)
	at com.kms.katalon.core.main.TestSuiteExecutor.accessTestCaseMainPhase(TestSuiteExecutor.java:203)
	at com.kms.katalon.core.main.TestSuiteExecutor.accessTestSuiteMainPhase(TestSuiteExecutor.java:152)
	at com.kms.katalon.core.main.TestSuiteExecutor.execute(TestSuiteExecutor.java:95)
	at com.kms.katalon.core.main.TestCaseMain.startTestSuite(TestCaseMain.java:157)
	at com.kms.katalon.core.main.TestCaseMain$startTestSuite$0.call(Unknown Source)
	at TempTestSuite1622256592737.run(TempTestSuite1622256592737.groovy:39)
Caused by: com.kms.katalon.core.webui.exception.WebElementNotFoundException: Web element with id: 'Object Repository/Page_Town Square - abc Mattermost/div_option_0' located by '//div[@id='react-select-2-option-0']' not found
	at com.kms.katalon.core.webui.common.WebUiCommonHelper.findWebElement(WebUiCommonHelper.java:1368)
	at com.kms.katalon.core.webui.keyword.internal.WebUIAbstractKeyword.findWebElement(WebUIAbstractKeyword.groovy:27)
	at com.kms.katalon.core.webui.keyword.internal.WebUIAbstractKeyword.findWebElement(WebUIAbstractKeyword.groovy:26)
	at com.kms.katalon.core.webui.keyword.builtin.ClickKeyword$_click_closure1.doCall(ClickKeyword.groovy:66)
	at com.kms.katalon.core.webui.keyword.builtin.ClickKeyword$_click_closure1.call(ClickKeyword.groovy)
	at com.kms.katalon.core.webui.keyword.internal.WebUIKeywordMain.runKeyword(WebUIKeywordMain.groovy:20)
	... 19 more
"/>
         <system-out><![CDATA[2021-05-29 10:21:23 - [TEST_CASE][FAILED] - Test Cases/1712666/TC12_InvitePeopleToTeam: Test Cases/1712666/TC12_InvitePeopleToTeam FAILED.
Reason:
com.kms.katalon.core.exception.StepFailedException: Unable to click on object 'Object Repository/Page_Town Square - abc Mattermost/div_option_0'
	at com.kms.katalon.core.webui.keyword.internal.WebUIKeywordMain.stepFailed(WebUIKeywordMain.groovy:64)
	at com.kms.katalon.core.webui.keyword.internal.WebUIKeywordMain.runKeyword(WebUIKeywordMain.groovy:26)
	at com.kms.katalon.core.webui.keyword.builtin.ClickKeyword.click(ClickKeyword.groovy:75)
	at com.kms.katalon.core.webui.keyword.builtin.ClickKeyword.execute(ClickKeyword.groovy:42)
	at com.kms.katalon.core.keyword.internal.KeywordExecutor.executeKeywordForPlatform(KeywordExecutor.groovy:73)
	at com.kms.katalon.core.webui.keyword.WebUiBuiltInKeywords.click(WebUiBuiltInKeywords.groovy:619)
	at com.kms.katalon.core.webui.keyword.WebUiBuiltInKeywords$click$3.call(Unknown Source)
	at TC12_InvitePeopleToTeam.run(TC12_InvitePeopleToTeam:35)
	at com.kms.katalon.core.main.ScriptEngine.run(ScriptEngine.java:194)
	at com.kms.katalon.core.main.ScriptEngine.runScriptAsRawText(ScriptEngine.java:119)
	at com.kms.katalon.core.main.TestCaseExecutor.runScript(TestCaseExecutor.java:398)
	at com.kms.katalon.core.main.TestCaseExecutor.doExecute(TestCaseExecutor.java:389)
	at com.kms.katalon.core.main.TestCaseExecutor.processExecutionPhase(TestCaseExecutor.java:368)
	at com.kms.katalon.core.main.TestCaseExecutor.accessMainPhase(TestCaseExecutor.java:360)
	at com.kms.katalon.core.main.TestCaseExecutor.execute(TestCaseExecutor.java:255)
	at com.kms.katalon.core.main.TestSuiteExecutor.accessTestCaseMainPhase(TestSuiteExecutor.java:203)
	at com.kms.katalon.core.main.TestSuiteExecutor.accessTestSuiteMainPhase(TestSuiteExecutor.java:152)
	at com.kms.katalon.core.main.TestSuiteExecutor.execute(TestSuiteExecutor.java:95)
	at com.kms.katalon.core.main.TestCaseMain.startTestSuite(TestCaseMain.java:157)
	at com.kms.katalon.core.main.TestCaseMain$startTestSuite$0.call(Unknown Source)
	at TempTestSuite1622256592737.run(TempTestSuite1622256592737.groovy:39)
Caused by: com.kms.katalon.core.webui.exception.WebElementNotFoundException: Web element with id: 'Object Repository/Page_Town Square - abc Mattermost/div_option_0' located by '//div[@id='react-select-2-option-0']' not found
	at com.kms.katalon.core.webui.common.WebUiCommonHelper.findWebElement(WebUiCommonHelper.java:1368)
	at com.kms.katalon.core.webui.keyword.internal.WebUIAbstractKeyword.findWebElement(WebUIAbstractKeyword.groovy:27)
	at com.kms.katalon.core.webui.keyword.internal.WebUIAbstractKeyword.findWebElement(WebUIAbstractKeyword.groovy:26)
	at com.kms.katalon.core.webui.keyword.builtin.ClickKeyword$_click_closure1.doCall(ClickKeyword.groovy:66)
	at com.kms.katalon.core.webui.keyword.builtin.ClickKeyword$_click_closure1.call(ClickKeyword.groovy)
	at com.kms.katalon.core.webui.keyword.internal.WebUIKeywordMain.runKeyword(WebUIKeywordMain.groovy:20)
	... 19 more


2021-05-29 10:21:23 - [TEST_STEP][PASSED] - openBrowser(""): Browser is opened with url: ''

2021-05-29 10:21:23 - [MESSAGE][WARNING] - A browser is already opened. Closing browser and opening a new one

2021-05-29 10:21:24 - [MESSAGE][INFO] - Starting 'Chrome' driver

2021-05-29 10:21:24 - [MESSAGE][INFO] - Action delay is set to 5,000 milliseconds

2021-05-29 10:21:25 - [MESSAGE][PASSED] - Browser is opened with url: ''

2021-05-29 10:21:25 - [TEST_STEP][PASSED] - navigateToUrl("https://mattermostwebapp.herokuapp.com/"): Navigate to 'https://mattermostwebapp.herokuapp.com/' successfully

2021-05-29 10:21:34 - [MESSAGE][PASSED] - Navigate to 'https://mattermostwebapp.herokuapp.com/' successfully

2021-05-29 10:21:34 - [TEST_STEP][PASSED] - callTestCase(findTestCase("1712666/CommonTC/CTC_Login"), ["var_username":"phuc", "var_password":"CSt51UwWECc="]): Call Test Case 'Test Cases/1712666/CommonTC/CTC_Login' successfully

2021-05-29 10:21:34 - [TEST_CASE][PASSED] - Test Cases/1712666/CommonTC/CTC_Login: Test Cases/1712666/CommonTC/CTC_Login

2021-05-29 10:21:34 - [TEST_STEP][PASSED] - setText(findTestObject("Object Repository/1412263_Page_Mattermost/input_All team communication in one place, _dcc84b"), var_username): Text 'phuc' is set on object 'Object Repository/1412263_Page_Mattermost/input_All team communication in one place, _dcc84b'

2021-05-29 10:21:49 - [MESSAGE][PASSED] - Text 'phuc' is set on object 'Object Repository/1412263_Page_Mattermost/input_All team communication in one place, _dcc84b'

2021-05-29 10:21:49 - [TEST_STEP][PASSED] - setEncryptedText(findTestObject("Object Repository/1412263_Page_Mattermost/input_All team communication in one place, _a3edc6"), var_password): Text ****** has been set on object 'Object Repository/1412263_Page_Mattermost/input_All team communication in one place, _a3edc6'

2021-05-29 10:21:59 - [MESSAGE][PASSED] - Text ****** has been set on object 'Object Repository/1412263_Page_Mattermost/input_All team communication in one place, _a3edc6'

2021-05-29 10:21:59 - [TEST_STEP][PASSED] - click(findTestObject("Object Repository/1412263_Page_Mattermost/span_Sign in")): Object: 'Object Repository/1412263_Page_Mattermost/span_Sign in' is clicked on

2021-05-29 10:22:05 - [MESSAGE][PASSED] - Object: 'Object Repository/1412263_Page_Mattermost/span_Sign in' is clicked on

2021-05-29 10:22:05 - [MESSAGE][PASSED] - Call Test Case 'Test Cases/1712666/CommonTC/CTC_Login' successfully

2021-05-29 10:22:05 - [TEST_STEP][PASSED] - click(findTestObject("Object Repository/Page_Town Square - abc Mattermost/div_phuc (1)")): Object: 'Object Repository/Page_Town Square - abc Mattermost/div_phuc (1)' is clicked on

2021-05-29 10:22:14 - [MESSAGE][PASSED] - Object: 'Object Repository/Page_Town Square - abc Mattermost/div_phuc (1)' is clicked on

2021-05-29 10:22:14 - [TEST_STEP][PASSED] - click(findTestObject("Object Repository/Page_Town Square - abc Mattermost/span_Invite People")): Object: 'Object Repository/Page_Town Square - abc Mattermost/span_Invite People' is clicked on

2021-05-29 10:22:19 - [MESSAGE][PASSED] - Object: 'Object Repository/Page_Town Square - abc Mattermost/span_Invite People' is clicked on

2021-05-29 10:22:19 - [TEST_STEP][PASSED] - click(findTestObject("Object Repository/Page_Town Square - abc Mattermost/div_Add members")): Object: 'Object Repository/Page_Town Square - abc Mattermost/div_Add members' is clicked on

2021-05-29 10:22:25 - [MESSAGE][PASSED] - Object: 'Object Repository/Page_Town Square - abc Mattermost/div_Add members' is clicked on

2021-05-29 10:22:25 - [TEST_STEP][PASSED] - setText(findTestObject("Object Repository/Page_Town Square - abc Mattermost/input_Add members_react-select-2-input"), var_username): Text '' is set on object 'Object Repository/Page_Town Square - abc Mattermost/input_Add members_react-select-2-input'

2021-05-29 10:22:36 - [MESSAGE][PASSED] - Text '' is set on object 'Object Repository/Page_Town Square - abc Mattermost/input_Add members_react-select-2-input'

2021-05-29 10:22:36 - [TEST_STEP][FAILED] - click(findTestObject("Page_Town Square - abc Mattermost/div_option_0")): Unable to click on object 'Object Repository/Page_Town Square - abc Mattermost/div_option_0' (Root cause: com.kms.katalon.core.exception.StepFailedException: Unable to click on object 'Object Repository/Page_Town Square - abc Mattermost/div_option_0'
	at com.kms.katalon.core.webui.keyword.internal.WebUIKeywordMain.stepFailed(WebUIKeywordMain.groovy:64)
	at com.kms.katalon.core.webui.keyword.internal.WebUIKeywordMain.runKeyword(WebUIKeywordMain.groovy:26)
	at com.kms.katalon.core.webui.keyword.builtin.ClickKeyword.click(ClickKeyword.groovy:75)
	at com.kms.katalon.core.webui.keyword.builtin.ClickKeyword.execute(ClickKeyword.groovy:42)
	at com.kms.katalon.core.keyword.internal.KeywordExecutor.executeKeywordForPlatform(KeywordExecutor.groovy:73)
	at com.kms.katalon.core.webui.keyword.WebUiBuiltInKeywords.click(WebUiBuiltInKeywords.groovy:619)
	at com.kms.katalon.core.webui.keyword.WebUiBuiltInKeywords$click$3.call(Unknown Source)
	at TC12_InvitePeopleToTeam.run(TC12_InvitePeopleToTeam:35)
	at com.kms.katalon.core.main.ScriptEngine.run(ScriptEngine.java:194)
	at com.kms.katalon.core.main.ScriptEngine.runScriptAsRawText(ScriptEngine.java:119)
	at com.kms.katalon.core.main.TestCaseExecutor.runScript(TestCaseExecutor.java:398)
	at com.kms.katalon.core.main.TestCaseExecutor.doExecute(TestCaseExecutor.java:389)
	at com.kms.katalon.core.main.TestCaseExecutor.processExecutionPhase(TestCaseExecutor.java:368)
	at com.kms.katalon.core.main.TestCaseExecutor.accessMainPhase(TestCaseExecutor.java:360)
	at com.kms.katalon.core.main.TestCaseExecutor.execute(TestCaseExecutor.java:255)
	at com.kms.katalon.core.main.TestSuiteExecutor.accessTestCaseMainPhase(TestSuiteExecutor.java:203)
	at com.kms.katalon.core.main.TestSuiteExecutor.accessTestSuiteMainPhase(TestSuiteExecutor.java:152)
	at com.kms.katalon.core.main.TestSuiteExecutor.execute(TestSuiteExecutor.java:95)
	at com.kms.katalon.core.main.TestCaseMain.startTestSuite(TestCaseMain.java:157)
	at com.kms.katalon.core.main.TestCaseMain$startTestSuite$0.call(Unknown Source)
	at TempTestSuite1622256592737.run(TempTestSuite1622256592737.groovy:39)
Caused by: com.kms.katalon.core.webui.exception.WebElementNotFoundException: Web element with id: 'Object Repository/Page_Town Square - abc Mattermost/div_option_0' located by '//div[@id='react-select-2-option-0']' not found
	at com.kms.katalon.core.webui.common.WebUiCommonHelper.findWebElement(WebUiCommonHelper.java:1368)
	at com.kms.katalon.core.webui.keyword.internal.WebUIAbstractKeyword.findWebElement(WebUIAbstractKeyword.groovy:27)
	at com.kms.katalon.core.webui.keyword.internal.WebUIAbstractKeyword.findWebElement(WebUIAbstractKeyword.groovy:26)
	at com.kms.katalon.core.webui.keyword.builtin.ClickKeyword$_click_closure1.doCall(ClickKeyword.groovy:66)
	at com.kms.katalon.core.webui.keyword.builtin.ClickKeyword$_click_closure1.call(ClickKeyword.groovy)
	at com.kms.katalon.core.webui.keyword.internal.WebUIKeywordMain.runKeyword(WebUIKeywordMain.groovy:20)
	at com.kms.katalon.core.webui.keyword.builtin.ClickKeyword.click(ClickKeyword.groovy:75)
	at com.kms.katalon.core.webui.keyword.builtin.ClickKeyword.execute(ClickKeyword.groovy:42)
	at com.kms.katalon.core.keyword.internal.KeywordExecutor.executeKeywordForPlatform(KeywordExecutor.groovy:73)
	at com.kms.katalon.core.webui.keyword.WebUiBuiltInKeywords.click(WebUiBuiltInKeywords.groovy:619)
	at com.kms.katalon.core.webui.keyword.WebUiBuiltInKeywords$click$3.call(Unknown Source)
	at Script1621517624786.run(Script1621517624786.groovy:35)
	... 13 more
)

2021-05-29 10:23:07 - [MESSAGE][INFO] - Unable to find the element located by 'By.xpath: //div[@id='react-select-2-option-0']'. Please recheck the objects properties to make sure the desired element is located. 

2021-05-29 10:23:07 - [MESSAGE][FAILED] - Unable to click on object 'Object Repository/Page_Town Square - abc Mattermost/div_option_0' (Root cause: com.kms.katalon.core.exception.StepFailedException: Unable to click on object 'Object Repository/Page_Town Square - abc Mattermost/div_option_0'
	at com.kms.katalon.core.webui.keyword.internal.WebUIKeywordMain.stepFailed(WebUIKeywordMain.groovy:64)
	at com.kms.katalon.core.webui.keyword.internal.WebUIKeywordMain.runKeyword(WebUIKeywordMain.groovy:26)
	at com.kms.katalon.core.webui.keyword.builtin.ClickKeyword.click(ClickKeyword.groovy:75)
	at com.kms.katalon.core.webui.keyword.builtin.ClickKeyword.execute(ClickKeyword.groovy:42)
	at com.kms.katalon.core.keyword.internal.KeywordExecutor.executeKeywordForPlatform(KeywordExecutor.groovy:73)
	at com.kms.katalon.core.webui.keyword.WebUiBuiltInKeywords.click(WebUiBuiltInKeywords.groovy:619)
	at com.kms.katalon.core.webui.keyword.WebUiBuiltInKeywords$click$3.call(Unknown Source)
	at TC12_InvitePeopleToTeam.run(TC12_InvitePeopleToTeam:35)
	at com.kms.katalon.core.main.ScriptEngine.run(ScriptEngine.java:194)
	at com.kms.katalon.core.main.ScriptEngine.runScriptAsRawText(ScriptEngine.java:119)
	at com.kms.katalon.core.main.TestCaseExecutor.runScript(TestCaseExecutor.java:398)
	at com.kms.katalon.core.main.TestCaseExecutor.doExecute(TestCaseExecutor.java:389)
	at com.kms.katalon.core.main.TestCaseExecutor.processExecutionPhase(TestCaseExecutor.java:368)
	at com.kms.katalon.core.main.TestCaseExecutor.accessMainPhase(TestCaseExecutor.java:360)
	at com.kms.katalon.core.main.TestCaseExecutor.execute(TestCaseExecutor.java:255)
	at com.kms.katalon.core.main.TestSuiteExecutor.accessTestCaseMainPhase(TestSuiteExecutor.java:203)
	at com.kms.katalon.core.main.TestSuiteExecutor.accessTestSuiteMainPhase(TestSuiteExecutor.java:152)
	at com.kms.katalon.core.main.TestSuiteExecutor.execute(TestSuiteExecutor.java:95)
	at com.kms.katalon.core.main.TestCaseMain.startTestSuite(TestCaseMain.java:157)
	at com.kms.katalon.core.main.TestCaseMain$startTestSuite$0.call(Unknown Source)
	at TempTestSuite1622256592737.run(TempTestSuite1622256592737.groovy:39)
Caused by: com.kms.katalon.core.webui.exception.WebElementNotFoundException: Web element with id: 'Object Repository/Page_Town Square - abc Mattermost/div_option_0' located by '//div[@id='react-select-2-option-0']' not found
	at com.kms.katalon.core.webui.common.WebUiCommonHelper.findWebElement(WebUiCommonHelper.java:1368)
	at com.kms.katalon.core.webui.keyword.internal.WebUIAbstractKeyword.findWebElement(WebUIAbstractKeyword.groovy:27)
	at com.kms.katalon.core.webui.keyword.internal.WebUIAbstractKeyword.findWebElement(WebUIAbstractKeyword.groovy:26)
	at com.kms.katalon.core.webui.keyword.builtin.ClickKeyword$_click_closure1.doCall(ClickKeyword.groovy:66)
	at com.kms.katalon.core.webui.keyword.builtin.ClickKeyword$_click_closure1.call(ClickKeyword.groovy)
	at com.kms.katalon.core.webui.keyword.internal.WebUIKeywordMain.runKeyword(WebUIKeywordMain.groovy:20)
	at com.kms.katalon.core.webui.keyword.builtin.ClickKeyword.click(ClickKeyword.groovy:75)
	at com.kms.katalon.core.webui.keyword.builtin.ClickKeyword.execute(ClickKeyword.groovy:42)
	at com.kms.katalon.core.keyword.internal.KeywordExecutor.executeKeywordForPlatform(KeywordExecutor.groovy:73)
	at com.kms.katalon.core.webui.keyword.WebUiBuiltInKeywords.click(WebUiBuiltInKeywords.groovy:619)
	at com.kms.katalon.core.webui.keyword.WebUiBuiltInKeywords$click$3.call(Unknown Source)
	at Script1621517624786.run(Script1621517624786.groovy:35)
	... 13 more
)
[[ATTACHMENT|C:\\Users\\Bao Chau\\Katalon Studio\\Mattermost_AutoTesting\\Reports\\20210529_094952\\1612049\\Run all test cases\\20210529_094952\\1622258587781.png]]]]></system-out>
         <system-err><![CDATA[2021-05-29 10:21:23 - [TEST_CASE][FAILED] - Test Cases/1712666/TC12_InvitePeopleToTeam: Test Cases/1712666/TC12_InvitePeopleToTeam FAILED.
Reason:
com.kms.katalon.core.exception.StepFailedException: Unable to click on object 'Object Repository/Page_Town Square - abc Mattermost/div_option_0'
	at com.kms.katalon.core.webui.keyword.internal.WebUIKeywordMain.stepFailed(WebUIKeywordMain.groovy:64)
	at com.kms.katalon.core.webui.keyword.internal.WebUIKeywordMain.runKeyword(WebUIKeywordMain.groovy:26)
	at com.kms.katalon.core.webui.keyword.builtin.ClickKeyword.click(ClickKeyword.groovy:75)
	at com.kms.katalon.core.webui.keyword.builtin.ClickKeyword.execute(ClickKeyword.groovy:42)
	at com.kms.katalon.core.keyword.internal.KeywordExecutor.executeKeywordForPlatform(KeywordExecutor.groovy:73)
	at com.kms.katalon.core.webui.keyword.WebUiBuiltInKeywords.click(WebUiBuiltInKeywords.groovy:619)
	at com.kms.katalon.core.webui.keyword.WebUiBuiltInKeywords$click$3.call(Unknown Source)
	at TC12_InvitePeopleToTeam.run(TC12_InvitePeopleToTeam:35)
	at com.kms.katalon.core.main.ScriptEngine.run(ScriptEngine.java:194)
	at com.kms.katalon.core.main.ScriptEngine.runScriptAsRawText(ScriptEngine.java:119)
	at com.kms.katalon.core.main.TestCaseExecutor.runScript(TestCaseExecutor.java:398)
	at com.kms.katalon.core.main.TestCaseExecutor.doExecute(TestCaseExecutor.java:389)
	at com.kms.katalon.core.main.TestCaseExecutor.processExecutionPhase(TestCaseExecutor.java:368)
	at com.kms.katalon.core.main.TestCaseExecutor.accessMainPhase(TestCaseExecutor.java:360)
	at com.kms.katalon.core.main.TestCaseExecutor.execute(TestCaseExecutor.java:255)
	at com.kms.katalon.core.main.TestSuiteExecutor.accessTestCaseMainPhase(TestSuiteExecutor.java:203)
	at com.kms.katalon.core.main.TestSuiteExecutor.accessTestSuiteMainPhase(TestSuiteExecutor.java:152)
	at com.kms.katalon.core.main.TestSuiteExecutor.execute(TestSuiteExecutor.java:95)
	at com.kms.katalon.core.main.TestCaseMain.startTestSuite(TestCaseMain.java:157)
	at com.kms.katalon.core.main.TestCaseMain$startTestSuite$0.call(Unknown Source)
	at TempTestSuite1622256592737.run(TempTestSuite1622256592737.groovy:39)
Caused by: com.kms.katalon.core.webui.exception.WebElementNotFoundException: Web element with id: 'Object Repository/Page_Town Square - abc Mattermost/div_option_0' located by '//div[@id='react-select-2-option-0']' not found
	at com.kms.katalon.core.webui.common.WebUiCommonHelper.findWebElement(WebUiCommonHelper.java:1368)
	at com.kms.katalon.core.webui.keyword.internal.WebUIAbstractKeyword.findWebElement(WebUIAbstractKeyword.groovy:27)
	at com.kms.katalon.core.webui.keyword.internal.WebUIAbstractKeyword.findWebElement(WebUIAbstractKeyword.groovy:26)
	at com.kms.katalon.core.webui.keyword.builtin.ClickKeyword$_click_closure1.doCall(ClickKeyword.groovy:66)
	at com.kms.katalon.core.webui.keyword.builtin.ClickKeyword$_click_closure1.call(ClickKeyword.groovy)
	at com.kms.katalon.core.webui.keyword.internal.WebUIKeywordMain.runKeyword(WebUIKeywordMain.groovy:20)
	... 19 more]]></system-err>
      </testcase>
      <testcase name="Test Cases/1712666/TC48_SaveMessage" time="75.072" classname="Test Cases/1712666/TC48_SaveMessage" status="PASSED">
         <system-out><![CDATA[2021-05-29 10:23:07 - [TEST_CASE][PASSED] - Test Cases/1712666/TC48_SaveMessage: Test Cases/1712666/TC48_SaveMessage

2021-05-29 10:23:08 - [TEST_STEP][PASSED] - openBrowser(""): Browser is opened with url: ''

2021-05-29 10:23:08 - [MESSAGE][WARNING] - A browser is already opened. Closing browser and opening a new one

2021-05-29 10:23:09 - [MESSAGE][INFO] - Starting 'Chrome' driver

2021-05-29 10:23:09 - [MESSAGE][INFO] - Action delay is set to 5,000 milliseconds

2021-05-29 10:23:10 - [MESSAGE][PASSED] - Browser is opened with url: ''

2021-05-29 10:23:10 - [TEST_STEP][PASSED] - navigateToUrl("https://mattermostwebapp.herokuapp.com/"): Navigate to 'https://mattermostwebapp.herokuapp.com/' successfully

2021-05-29 10:23:18 - [MESSAGE][PASSED] - Navigate to 'https://mattermostwebapp.herokuapp.com/' successfully

2021-05-29 10:23:18 - [TEST_STEP][PASSED] - callTestCase(findTestCase("1712666/CommonTC/CTC_Login"), ["var_username":"phuc", "var_password":"CSt51UwWECc="]): Call Test Case 'Test Cases/1712666/CommonTC/CTC_Login' successfully

2021-05-29 10:23:18 - [TEST_CASE][PASSED] - Test Cases/1712666/CommonTC/CTC_Login: Test Cases/1712666/CommonTC/CTC_Login

2021-05-29 10:23:18 - [TEST_STEP][PASSED] - setText(findTestObject("Object Repository/1412263_Page_Mattermost/input_All team communication in one place, _dcc84b"), var_username): Text 'phuc' is set on object 'Object Repository/1412263_Page_Mattermost/input_All team communication in one place, _dcc84b'

2021-05-29 10:23:33 - [MESSAGE][PASSED] - Text 'phuc' is set on object 'Object Repository/1412263_Page_Mattermost/input_All team communication in one place, _dcc84b'

2021-05-29 10:23:33 - [TEST_STEP][PASSED] - setEncryptedText(findTestObject("Object Repository/1412263_Page_Mattermost/input_All team communication in one place, _a3edc6"), var_password): Text ****** has been set on object 'Object Repository/1412263_Page_Mattermost/input_All team communication in one place, _a3edc6'

2021-05-29 10:23:44 - [MESSAGE][PASSED] - Text ****** has been set on object 'Object Repository/1412263_Page_Mattermost/input_All team communication in one place, _a3edc6'

2021-05-29 10:23:44 - [TEST_STEP][PASSED] - click(findTestObject("Object Repository/1412263_Page_Mattermost/span_Sign in")): Object: 'Object Repository/1412263_Page_Mattermost/span_Sign in' is clicked on

2021-05-29 10:23:49 - [MESSAGE][PASSED] - Object: 'Object Repository/1412263_Page_Mattermost/span_Sign in' is clicked on

2021-05-29 10:23:49 - [MESSAGE][PASSED] - Call Test Case 'Test Cases/1712666/CommonTC/CTC_Login' successfully

2021-05-29 10:23:49 - [TEST_STEP][PASSED] - setText(findTestObject("Page_Town Square - noname Mattermost/textarea_Write to Town Square_post_textbox"), "save message"): Text 'save message' is set on object 'Object Repository/Page_Town Square - noname Mattermost/textarea_Write to Town Square_post_textbox'

2021-05-29 10:24:04 - [MESSAGE][PASSED] - Text 'save message' is set on object 'Object Repository/Page_Town Square - noname Mattermost/textarea_Write to Town Square_post_textbox'

2021-05-29 10:24:04 - [TEST_STEP][PASSED] - sendKeys(findTestObject("Page_Town Square - noname Mattermost/textarea_Write to Town Square_post_textbox"), Keys.chord(ENTER)): Keys 'ENTER + ' sent to object: 'Object Repository/Page_Town Square - noname Mattermost/textarea_Write to Town Square_post_textbox'

2021-05-29 10:24:09 - [MESSAGE][PASSED] - Keys 'ENTER + ' sent to object: 'Object Repository/Page_Town Square - noname Mattermost/textarea_Write to Town Square_post_textbox'

2021-05-29 10:24:09 - [TEST_STEP][PASSED] - click(findTestObject("Object Repository/Page_Town Square - noname Mattermost/p_a")): Object: 'Object Repository/Page_Town Square - noname Mattermost/p_a' is clicked on

2021-05-29 10:24:15 - [MESSAGE][PASSED] - Object: 'Object Repository/Page_Town Square - noname Mattermost/p_a' is clicked on

2021-05-29 10:24:15 - [TEST_STEP][PASSED] - click(findTestObject("Object Repository/Page_Town Square - noname Mattermost/button_phuc_CENTER_flagIcon_6g89c38yzffg7fh_29b705")): Object: 'Object Repository/Page_Town Square - noname Mattermost/button_phuc_CENTER_flagIcon_6g89c38yzffg7fh_29b705' is clicked on

2021-05-29 10:24:21 - [MESSAGE][PASSED] - Object: 'Object Repository/Page_Town Square - noname Mattermost/button_phuc_CENTER_flagIcon_6g89c38yzffg7fh_29b705' is clicked on

2021-05-29 10:24:21 - [TEST_STEP][PASSED] - savedTag = getText(findTestObject("Object Repository/Page_Town Square - noname Mattermost/saved_tag")): Text of object 'Object Repository/Page_Town Square - noname Mattermost/saved_tag' is: 'Saved'

2021-05-29 10:24:22 - [MESSAGE][PASSED] - Text of object 'Object Repository/Page_Town Square - noname Mattermost/saved_tag' is: 'Saved'

2021-05-29 10:24:22 - [TEST_STEP][PASSED] - if (savedTag != "Saved"): null

2021-05-29 10:24:22 - [TEST_STEP][PASSED] - closeBrowser(): Browser is closed

2021-05-29 10:24:22 - [MESSAGE][PASSED] - Browser is closed]]></system-out>
         <system-err><![CDATA[]]></system-err>
      </testcase>
      <testcase name="Test Cases/1712666/TC49_RemoveSaveMessage" time="87.941" classname="Test Cases/1712666/TC49_RemoveSaveMessage" status="PASSED">
         <system-out><![CDATA[2021-05-29 10:24:22 - [TEST_CASE][PASSED] - Test Cases/1712666/TC49_RemoveSaveMessage: Test Cases/1712666/TC49_RemoveSaveMessage

2021-05-29 10:24:23 - [TEST_STEP][PASSED] - openBrowser(""): Browser is opened with url: ''

2021-05-29 10:24:23 - [MESSAGE][INFO] - Starting 'Chrome' driver

2021-05-29 10:24:23 - [MESSAGE][INFO] - Action delay is set to 5,000 milliseconds

2021-05-29 10:24:24 - [MESSAGE][PASSED] - Browser is opened with url: ''

2021-05-29 10:24:24 - [TEST_STEP][PASSED] - navigateToUrl("https://mattermostwebapp.herokuapp.com/"): Navigate to 'https://mattermostwebapp.herokuapp.com/' successfully

2021-05-29 10:24:33 - [MESSAGE][PASSED] - Navigate to 'https://mattermostwebapp.herokuapp.com/' successfully

2021-05-29 10:24:33 - [TEST_STEP][PASSED] - callTestCase(findTestCase("1712666/CommonTC/CTC_Login"), ["var_username":"phuc", "var_password":"CSt51UwWECc="]): Call Test Case 'Test Cases/1712666/CommonTC/CTC_Login' successfully

2021-05-29 10:24:33 - [TEST_CASE][PASSED] - Test Cases/1712666/CommonTC/CTC_Login: Test Cases/1712666/CommonTC/CTC_Login

2021-05-29 10:24:33 - [TEST_STEP][PASSED] - setText(findTestObject("Object Repository/1412263_Page_Mattermost/input_All team communication in one place, _dcc84b"), var_username): Text 'phuc' is set on object 'Object Repository/1412263_Page_Mattermost/input_All team communication in one place, _dcc84b'

2021-05-29 10:24:48 - [MESSAGE][PASSED] - Text 'phuc' is set on object 'Object Repository/1412263_Page_Mattermost/input_All team communication in one place, _dcc84b'

2021-05-29 10:24:48 - [TEST_STEP][PASSED] - setEncryptedText(findTestObject("Object Repository/1412263_Page_Mattermost/input_All team communication in one place, _a3edc6"), var_password): Text ****** has been set on object 'Object Repository/1412263_Page_Mattermost/input_All team communication in one place, _a3edc6'

2021-05-29 10:24:59 - [MESSAGE][PASSED] - Text ****** has been set on object 'Object Repository/1412263_Page_Mattermost/input_All team communication in one place, _a3edc6'

2021-05-29 10:24:59 - [TEST_STEP][PASSED] - click(findTestObject("Object Repository/1412263_Page_Mattermost/span_Sign in")): Object: 'Object Repository/1412263_Page_Mattermost/span_Sign in' is clicked on

2021-05-29 10:25:04 - [MESSAGE][PASSED] - Object: 'Object Repository/1412263_Page_Mattermost/span_Sign in' is clicked on

2021-05-29 10:25:04 - [MESSAGE][PASSED] - Call Test Case 'Test Cases/1712666/CommonTC/CTC_Login' successfully

2021-05-29 10:25:04 - [TEST_STEP][PASSED] - callTestCase(findTestCase("1712666/CommonTC/CTC_SaveMessage"), [:]): Call Test Case 'Test Cases/1712666/CommonTC/CTC_SaveMessage' successfully

2021-05-29 10:25:04 - [TEST_CASE][PASSED] - Test Cases/1712666/CommonTC/CTC_SaveMessage: Test Cases/1712666/CommonTC/CTC_SaveMessage

2021-05-29 10:25:05 - [TEST_STEP][PASSED] - setText(findTestObject("Page_Town Square - noname Mattermost/textarea_Write to Town Square_post_textbox"), "save message"): Text 'save message' is set on object 'Object Repository/Page_Town Square - noname Mattermost/textarea_Write to Town Square_post_textbox'

2021-05-29 10:25:19 - [MESSAGE][PASSED] - Text 'save message' is set on object 'Object Repository/Page_Town Square - noname Mattermost/textarea_Write to Town Square_post_textbox'

2021-05-29 10:25:19 - [TEST_STEP][PASSED] - sendKeys(findTestObject("Page_Town Square - noname Mattermost/textarea_Write to Town Square_post_textbox"), Keys.chord(ENTER)): Keys 'ENTER + ' sent to object: 'Object Repository/Page_Town Square - noname Mattermost/textarea_Write to Town Square_post_textbox'

2021-05-29 10:25:24 - [MESSAGE][PASSED] - Keys 'ENTER + ' sent to object: 'Object Repository/Page_Town Square - noname Mattermost/textarea_Write to Town Square_post_textbox'

2021-05-29 10:25:24 - [TEST_STEP][PASSED] - click(findTestObject("Page_Town Square - noname Mattermost/p_a")): Object: 'Object Repository/Page_Town Square - noname Mattermost/p_a' is clicked on

2021-05-29 10:25:31 - [MESSAGE][PASSED] - Object: 'Object Repository/Page_Town Square - noname Mattermost/p_a' is clicked on

2021-05-29 10:25:31 - [TEST_STEP][PASSED] - click(findTestObject("Object Repository/Page_Town Square - noname Mattermost/button_phuc_CENTER_flagIcon_6g89c38yzffg7fh_29b705")): Object: 'Object Repository/Page_Town Square - noname Mattermost/button_phuc_CENTER_flagIcon_6g89c38yzffg7fh_29b705' is clicked on

2021-05-29 10:25:36 - [MESSAGE][PASSED] - Object: 'Object Repository/Page_Town Square - noname Mattermost/button_phuc_CENTER_flagIcon_6g89c38yzffg7fh_29b705' is clicked on

2021-05-29 10:25:36 - [TEST_STEP][PASSED] - savedTag = getText(findTestObject("Object Repository/Page_Town Square - noname Mattermost/saved_tag")): Text of object 'Object Repository/Page_Town Square - noname Mattermost/saved_tag' is: 'Saved'

2021-05-29 10:25:38 - [MESSAGE][PASSED] - Text of object 'Object Repository/Page_Town Square - noname Mattermost/saved_tag' is: 'Saved'

2021-05-29 10:25:38 - [TEST_STEP][PASSED] - if (savedTag != "Saved"): null

2021-05-29 10:25:38 - [MESSAGE][PASSED] - Call Test Case 'Test Cases/1712666/CommonTC/CTC_SaveMessage' successfully

2021-05-29 10:25:38 - [TEST_STEP][PASSED] - click(findTestObject("Page_Town Square - noname Mattermost/p_a")): Object: 'Object Repository/Page_Town Square - noname Mattermost/p_a' is clicked on

2021-05-29 10:25:43 - [MESSAGE][PASSED] - Object: 'Object Repository/Page_Town Square - noname Mattermost/p_a' is clicked on

2021-05-29 10:25:43 - [TEST_STEP][PASSED] - click(findTestObject("Object Repository/Page_Town Square - noname Mattermost/button_unsaved")): Object: 'Object Repository/Page_Town Square - noname Mattermost/button_unsaved' is clicked on

2021-05-29 10:25:49 - [MESSAGE][PASSED] - Object: 'Object Repository/Page_Town Square - noname Mattermost/button_unsaved' is clicked on

2021-05-29 10:25:49 - [TEST_STEP][PASSED] - verifyElementNotPresent(findTestObject("Object Repository/Page_Town Square - noname Mattermost/saved_tag"), 5): Web element with id: 'Object Repository/Page_Town Square - noname Mattermost/saved_tag' located by 'By.xpath: //div[@class="post-list__dynamic"]//div[@style="position: relative;"][last()]//span[text()='Saved']' is not present after '5' second(s)

2021-05-29 10:25:50 - [MESSAGE][PASSED] - Web element with id: 'Object Repository/Page_Town Square - noname Mattermost/saved_tag' located by 'By.xpath: //div[@class="post-list__dynamic"]//div[@style="position: relative;"][last()]//span[text()='Saved']' is not present after '5' second(s)

2021-05-29 10:25:50 - [TEST_STEP][PASSED] - closeBrowser(): Browser is closed

2021-05-29 10:25:50 - [MESSAGE][PASSED] - Browser is closed]]></system-out>
         <system-err><![CDATA[]]></system-err>
      </testcase>
      <testcase name="Test Cases/1612049/TC26_PinMessageInPublicChannel" time="84.032" classname="Test Cases/1612049/TC26_PinMessageInPublicChannel" status="PASSED">
         <system-out><![CDATA[2021-05-29 10:25:50 - [TEST_CASE][PASSED] - Test Cases/1612049/TC26_PinMessageInPublicChannel: Test Cases/1612049/TC26_PinMessageInPublicChannel

2021-05-29 10:25:51 - [TEST_STEP][PASSED] - openBrowser(""): Browser is opened with url: ''

2021-05-29 10:25:51 - [MESSAGE][INFO] - Starting 'Chrome' driver

2021-05-29 10:25:51 - [MESSAGE][INFO] - Action delay is set to 5,000 milliseconds

2021-05-29 10:25:52 - [MESSAGE][PASSED] - Browser is opened with url: ''

2021-05-29 10:25:52 - [TEST_STEP][PASSED] - navigateToUrl("https://mattermostwebapp.herokuapp.com/"): Navigate to 'https://mattermostwebapp.herokuapp.com/' successfully

2021-05-29 10:26:01 - [MESSAGE][PASSED] - Navigate to 'https://mattermostwebapp.herokuapp.com/' successfully

2021-05-29 10:26:01 - [TEST_STEP][PASSED] - callTestCase(findTestCase("1612049/CommonTC/CTC_Login"), ["username":"jooie", "password":"6z6Vi2R3i06jbzaqW0pQ8Q=="], STOP_ON_FAILURE): Call Test Case 'Test Cases/1612049/CommonTC/CTC_Login' successfully

2021-05-29 10:26:01 - [TEST_CASE][PASSED] - Test Cases/1612049/CommonTC/CTC_Login: Test Cases/1612049/CommonTC/CTC_Login

2021-05-29 10:26:01 - [TEST_STEP][PASSED] - setText(findTestObject("1612049/Login_Screen/input_LoginID"), username): Text 'jooie' is set on object 'Object Repository/1612049/Login_Screen/input_LoginID'

2021-05-29 10:26:16 - [MESSAGE][PASSED] - Text 'jooie' is set on object 'Object Repository/1612049/Login_Screen/input_LoginID'

2021-05-29 10:26:16 - [TEST_STEP][PASSED] - setEncryptedText(findTestObject("1612049/Login_Screen/input_LoginPassword"), password): Text ****** has been set on object 'Object Repository/1612049/Login_Screen/input_LoginPassword'

2021-05-29 10:26:26 - [MESSAGE][PASSED] - Text ****** has been set on object 'Object Repository/1612049/Login_Screen/input_LoginPassword'

2021-05-29 10:26:26 - [TEST_STEP][PASSED] - click(findTestObject("1612049/Login_Screen/btn_Signin")): Object: 'Object Repository/1612049/Login_Screen/btn_Signin' is clicked on

2021-05-29 10:26:32 - [MESSAGE][PASSED] - Object: 'Object Repository/1612049/Login_Screen/btn_Signin' is clicked on

2021-05-29 10:26:32 - [MESSAGE][PASSED] - Call Test Case 'Test Cases/1612049/CommonTC/CTC_Login' successfully

2021-05-29 10:26:32 - [TEST_STEP][PASSED] - callTestCase(findTestCase("1612049/CommonTC/CTC_SendMessageInPublicChannel"), [:], STOP_ON_FAILURE): Call Test Case 'Test Cases/1612049/CommonTC/CTC_SendMessageInPublicChannel' successfully

2021-05-29 10:26:32 - [TEST_CASE][PASSED] - Test Cases/1612049/CommonTC/CTC_SendMessageInPublicChannel: Test Cases/1612049/CommonTC/CTC_SendMessageInPublicChannel

2021-05-29 10:26:32 - [TEST_STEP][PASSED] - click(findTestObject("1612049/Left_Sidebar/Public_Channels/a_FirstPublicChannel")): Object: 'Object Repository/1612049/Left_Sidebar/Public_Channels/a_FirstPublicChannel' is clicked on

2021-05-29 10:26:41 - [MESSAGE][PASSED] - Object: 'Object Repository/1612049/Left_Sidebar/Public_Channels/a_FirstPublicChannel' is clicked on

2021-05-29 10:26:41 - [TEST_STEP][PASSED] - setText(findTestObject("1612049/Posts_Area/Posts_Create/input_Message"), "Hello, world"): Text 'Hello, world' is set on object 'Object Repository/1612049/Posts_Area/Posts_Create/input_Message'

2021-05-29 10:26:52 - [MESSAGE][PASSED] - Text 'Hello, world' is set on object 'Object Repository/1612049/Posts_Area/Posts_Create/input_Message'

2021-05-29 10:26:52 - [TEST_STEP][PASSED] - sendKeys(findTestObject("1612049/Posts_Area/Posts_Create/input_Message"), Keys.chord(ENTER)): Keys 'ENTER + ' sent to object: 'Object Repository/1612049/Posts_Area/Posts_Create/input_Message'

2021-05-29 10:26:58 - [MESSAGE][PASSED] - Keys 'ENTER + ' sent to object: 'Object Repository/1612049/Posts_Area/Posts_Create/input_Message'

2021-05-29 10:26:58 - [MESSAGE][PASSED] - Call Test Case 'Test Cases/1612049/CommonTC/CTC_SendMessageInPublicChannel' successfully

2021-05-29 10:26:58 - [TEST_STEP][PASSED] - if (verifyElementNotPresent(findTestObject("1612049/Posts_Area/Posts_List/div_LastPinnedPost"), 0, CONTINUE_ON_FAILURE)): null

2021-05-29 10:26:58 - [MESSAGE][WARNING] - Timeout '0' is invalid. Using default page load timeout: '30'

2021-05-29 10:26:59 - [MESSAGE][PASSED] - Web element with id: 'Object Repository/1612049/Posts_Area/Posts_List/div_LastPinnedPost' located by 'By.xpath: //div[@class="post-list__dynamic"]//div[@style="position: relative;"][last()]/div/div/div[@class="post-pre-header"]' is not present after '30' second(s)

2021-05-29 10:26:59 - [TEST_STEP][PASSED] - mouseOver(findTestObject("1612049/Posts_Area/Posts_List/div_LastPost")): Object: 'Object Repository/1612049/Posts_Area/Posts_List/div_LastPost' is hovered

2021-05-29 10:27:00 - [MESSAGE][PASSED] - Object: 'Object Repository/1612049/Posts_Area/Posts_List/div_LastPost' is hovered

2021-05-29 10:27:00 - [TEST_STEP][PASSED] - click(findTestObject("1612049/Posts_Area/Posts_List/Post_Menu/btn_MoreActions")): Object: 'Object Repository/1612049/Posts_Area/Posts_List/Post_Menu/btn_MoreActions' is clicked on

2021-05-29 10:27:05 - [MESSAGE][PASSED] - Object: 'Object Repository/1612049/Posts_Area/Posts_List/Post_Menu/btn_MoreActions' is clicked on

2021-05-29 10:27:05 - [TEST_STEP][PASSED] - click(findTestObject("1612049/Posts_Area/Posts_List/Post_Menu/btn_PinMessage")): Object: 'Object Repository/1612049/Posts_Area/Posts_List/Post_Menu/btn_PinMessage' is clicked on

2021-05-29 10:27:11 - [MESSAGE][PASSED] - Object: 'Object Repository/1612049/Posts_Area/Posts_List/Post_Menu/btn_PinMessage' is clicked on

2021-05-29 10:27:11 - [TEST_STEP][PASSED] - if (verifyElementPresent(findTestObject("1612049/Posts_Area/Posts_List/div_LastPinnedPost"), 5, STOP_ON_FAILURE)): Object 'Object Repository/1612049/Posts_Area/Posts_List/div_LastPinnedPost' is present

2021-05-29 10:27:12 - [MESSAGE][PASSED] - Object 'Object Repository/1612049/Posts_Area/Posts_List/div_LastPinnedPost' is present

2021-05-29 10:27:12 - [TEST_STEP][PASSED] - Thread.sleep(2000): null

2021-05-29 10:27:14 - [TEST_STEP][PASSED] - closeBrowser(): Browser is closed

2021-05-29 10:27:14 - [MESSAGE][PASSED] - Browser is closed]]></system-out>
         <system-err><![CDATA[]]></system-err>
      </testcase>
      <testcase name="Test Cases/1612049/TC27_PinMessageInPrivateChannel" time="84.872" classname="Test Cases/1612049/TC27_PinMessageInPrivateChannel" status="PASSED">
         <system-out><![CDATA[2021-05-29 10:27:14 - [TEST_CASE][PASSED] - Test Cases/1612049/TC27_PinMessageInPrivateChannel: Test Cases/1612049/TC27_PinMessageInPrivateChannel

2021-05-29 10:27:15 - [TEST_STEP][PASSED] - openBrowser(""): Browser is opened with url: ''

2021-05-29 10:27:15 - [MESSAGE][INFO] - Starting 'Chrome' driver

2021-05-29 10:27:15 - [MESSAGE][INFO] - Action delay is set to 5,000 milliseconds

2021-05-29 10:27:16 - [MESSAGE][PASSED] - Browser is opened with url: ''

2021-05-29 10:27:16 - [TEST_STEP][PASSED] - navigateToUrl("https://mattermostwebapp.herokuapp.com/"): Navigate to 'https://mattermostwebapp.herokuapp.com/' successfully

2021-05-29 10:27:25 - [MESSAGE][PASSED] - Navigate to 'https://mattermostwebapp.herokuapp.com/' successfully

2021-05-29 10:27:25 - [TEST_STEP][PASSED] - callTestCase(findTestCase("1612049/CommonTC/CTC_Login"), ["username":"jooie", "password":"6z6Vi2R3i06jbzaqW0pQ8Q=="], STOP_ON_FAILURE): Call Test Case 'Test Cases/1612049/CommonTC/CTC_Login' successfully

2021-05-29 10:27:25 - [TEST_CASE][PASSED] - Test Cases/1612049/CommonTC/CTC_Login: Test Cases/1612049/CommonTC/CTC_Login

2021-05-29 10:27:25 - [TEST_STEP][PASSED] - setText(findTestObject("1612049/Login_Screen/input_LoginID"), username): Text 'jooie' is set on object 'Object Repository/1612049/Login_Screen/input_LoginID'

2021-05-29 10:27:40 - [MESSAGE][PASSED] - Text 'jooie' is set on object 'Object Repository/1612049/Login_Screen/input_LoginID'

2021-05-29 10:27:40 - [TEST_STEP][PASSED] - setEncryptedText(findTestObject("1612049/Login_Screen/input_LoginPassword"), password): Text ****** has been set on object 'Object Repository/1612049/Login_Screen/input_LoginPassword'

2021-05-29 10:27:51 - [MESSAGE][PASSED] - Text ****** has been set on object 'Object Repository/1612049/Login_Screen/input_LoginPassword'

2021-05-29 10:27:51 - [TEST_STEP][PASSED] - click(findTestObject("1612049/Login_Screen/btn_Signin")): Object: 'Object Repository/1612049/Login_Screen/btn_Signin' is clicked on

2021-05-29 10:27:56 - [MESSAGE][PASSED] - Object: 'Object Repository/1612049/Login_Screen/btn_Signin' is clicked on

2021-05-29 10:27:56 - [MESSAGE][PASSED] - Call Test Case 'Test Cases/1612049/CommonTC/CTC_Login' successfully

2021-05-29 10:27:56 - [TEST_STEP][PASSED] - callTestCase(findTestCase("1612049/CommonTC/CTC_SendMessageInPrivateChannel"), [:], STOP_ON_FAILURE): Call Test Case 'Test Cases/1612049/CommonTC/CTC_SendMessageInPrivateChannel' successfully

2021-05-29 10:27:56 - [TEST_CASE][PASSED] - Test Cases/1612049/CommonTC/CTC_SendMessageInPrivateChannel: Test Cases/1612049/CommonTC/CTC_SendMessageInPrivateChannel

2021-05-29 10:27:57 - [TEST_STEP][PASSED] - if (verifyElementPresent(findTestObject("1612049/Left_Sidebar/Private_Channels/a_firstPrivateChannel"), 0, CONTINUE_ON_FAILURE)): null

2021-05-29 10:27:57 - [MESSAGE][WARNING] - Timeout '0' is invalid. Using default page load timeout: '30'

2021-05-29 10:28:01 - [MESSAGE][PASSED] - Object 'Object Repository/1612049/Left_Sidebar/Private_Channels/a_firstPrivateChannel' is present

2021-05-29 10:28:01 - [TEST_STEP][PASSED] - click(findTestObject("1612049/Left_Sidebar/Private_Channels/a_firstPrivateChannel")): Object: 'Object Repository/1612049/Left_Sidebar/Private_Channels/a_firstPrivateChannel' is clicked on

2021-05-29 10:28:06 - [MESSAGE][PASSED] - Object: 'Object Repository/1612049/Left_Sidebar/Private_Channels/a_firstPrivateChannel' is clicked on

2021-05-29 10:28:06 - [TEST_STEP][PASSED] - setText(findTestObject("1612049/Posts_Area/Posts_Create/input_Message"), "Hello, anonymous"): Text 'Hello, anonymous' is set on object 'Object Repository/1612049/Posts_Area/Posts_Create/input_Message'

2021-05-29 10:28:17 - [MESSAGE][PASSED] - Text 'Hello, anonymous' is set on object 'Object Repository/1612049/Posts_Area/Posts_Create/input_Message'

2021-05-29 10:28:17 - [TEST_STEP][PASSED] - sendKeys(findTestObject("1612049/Posts_Area/Posts_Create/input_Message"), Keys.chord(ENTER)): Keys 'ENTER + ' sent to object: 'Object Repository/1612049/Posts_Area/Posts_Create/input_Message'

2021-05-29 10:28:23 - [MESSAGE][PASSED] - Keys 'ENTER + ' sent to object: 'Object Repository/1612049/Posts_Area/Posts_Create/input_Message'

2021-05-29 10:28:23 - [MESSAGE][PASSED] - Call Test Case 'Test Cases/1612049/CommonTC/CTC_SendMessageInPrivateChannel' successfully

2021-05-29 10:28:23 - [TEST_STEP][PASSED] - if (verifyElementNotPresent(findTestObject("1612049/Posts_Area/Posts_List/div_LastPinnedPost"), 10, CONTINUE_ON_FAILURE)): null

2021-05-29 10:28:24 - [MESSAGE][PASSED] - Web element with id: 'Object Repository/1612049/Posts_Area/Posts_List/div_LastPinnedPost' located by 'By.xpath: //div[@class="post-list__dynamic"]//div[@style="position: relative;"][last()]/div/div/div[@class="post-pre-header"]' is not present after '10' second(s)

2021-05-29 10:28:24 - [TEST_STEP][PASSED] - mouseOver(findTestObject("1612049/Posts_Area/Posts_List/div_LastPost")): Object: 'Object Repository/1612049/Posts_Area/Posts_List/div_LastPost' is hovered

2021-05-29 10:28:24 - [MESSAGE][PASSED] - Object: 'Object Repository/1612049/Posts_Area/Posts_List/div_LastPost' is hovered

2021-05-29 10:28:24 - [TEST_STEP][PASSED] - click(findTestObject("1612049/Posts_Area/Posts_List/Post_Menu/btn_MoreActions")): Object: 'Object Repository/1612049/Posts_Area/Posts_List/Post_Menu/btn_MoreActions' is clicked on

2021-05-29 10:28:30 - [MESSAGE][PASSED] - Object: 'Object Repository/1612049/Posts_Area/Posts_List/Post_Menu/btn_MoreActions' is clicked on

2021-05-29 10:28:30 - [TEST_STEP][PASSED] - click(findTestObject("1612049/Posts_Area/Posts_List/Post_Menu/btn_PinMessage")): Object: 'Object Repository/1612049/Posts_Area/Posts_List/Post_Menu/btn_PinMessage' is clicked on

2021-05-29 10:28:35 - [MESSAGE][PASSED] - Object: 'Object Repository/1612049/Posts_Area/Posts_List/Post_Menu/btn_PinMessage' is clicked on

2021-05-29 10:28:35 - [TEST_STEP][PASSED] - if (verifyElementPresent(findTestObject("1612049/Posts_Area/Posts_List/div_LastPinnedPost"), 10, STOP_ON_FAILURE)): Object 'Object Repository/1612049/Posts_Area/Posts_List/div_LastPinnedPost' is present

2021-05-29 10:28:37 - [MESSAGE][PASSED] - Object 'Object Repository/1612049/Posts_Area/Posts_List/div_LastPinnedPost' is present

2021-05-29 10:28:37 - [TEST_STEP][PASSED] - Thread.sleep(2000): null

2021-05-29 10:28:39 - [TEST_STEP][PASSED] - closeBrowser(): Browser is closed

2021-05-29 10:28:39 - [MESSAGE][PASSED] - Browser is closed]]></system-out>
         <system-err><![CDATA[]]></system-err>
      </testcase>
      <testcase name="Test Cases/1612049/TC28_UnpinMessageInPublicChannel" time="66.7" classname="Test Cases/1612049/TC28_UnpinMessageInPublicChannel" status="PASSED">
         <system-out><![CDATA[2021-05-29 10:28:39 - [TEST_CASE][PASSED] - Test Cases/1612049/TC28_UnpinMessageInPublicChannel: Test Cases/1612049/TC28_UnpinMessageInPublicChannel

2021-05-29 10:28:40 - [TEST_STEP][PASSED] - openBrowser(""): Browser is opened with url: ''

2021-05-29 10:28:40 - [MESSAGE][INFO] - Starting 'Chrome' driver

2021-05-29 10:28:40 - [MESSAGE][INFO] - Action delay is set to 5,000 milliseconds

2021-05-29 10:28:41 - [MESSAGE][PASSED] - Browser is opened with url: ''

2021-05-29 10:28:41 - [TEST_STEP][PASSED] - navigateToUrl("https://mattermostwebapp.herokuapp.com/"): Navigate to 'https://mattermostwebapp.herokuapp.com/' successfully

2021-05-29 10:28:50 - [MESSAGE][PASSED] - Navigate to 'https://mattermostwebapp.herokuapp.com/' successfully

2021-05-29 10:28:50 - [TEST_STEP][PASSED] - callTestCase(findTestCase("1612049/CommonTC/CTC_Login"), ["username":"jooie", "password":"6z6Vi2R3i06jbzaqW0pQ8Q=="], STOP_ON_FAILURE): Call Test Case 'Test Cases/1612049/CommonTC/CTC_Login' successfully

2021-05-29 10:28:50 - [TEST_CASE][PASSED] - Test Cases/1612049/CommonTC/CTC_Login: Test Cases/1612049/CommonTC/CTC_Login

2021-05-29 10:28:50 - [TEST_STEP][PASSED] - setText(findTestObject("1612049/Login_Screen/input_LoginID"), username): Text 'jooie' is set on object 'Object Repository/1612049/Login_Screen/input_LoginID'

2021-05-29 10:29:05 - [MESSAGE][PASSED] - Text 'jooie' is set on object 'Object Repository/1612049/Login_Screen/input_LoginID'

2021-05-29 10:29:05 - [TEST_STEP][PASSED] - setEncryptedText(findTestObject("1612049/Login_Screen/input_LoginPassword"), password): Text ****** has been set on object 'Object Repository/1612049/Login_Screen/input_LoginPassword'

2021-05-29 10:29:15 - [MESSAGE][PASSED] - Text ****** has been set on object 'Object Repository/1612049/Login_Screen/input_LoginPassword'

2021-05-29 10:29:15 - [TEST_STEP][PASSED] - click(findTestObject("1612049/Login_Screen/btn_Signin")): Object: 'Object Repository/1612049/Login_Screen/btn_Signin' is clicked on

2021-05-29 10:29:21 - [MESSAGE][PASSED] - Object: 'Object Repository/1612049/Login_Screen/btn_Signin' is clicked on

2021-05-29 10:29:21 - [MESSAGE][PASSED] - Call Test Case 'Test Cases/1612049/CommonTC/CTC_Login' successfully

2021-05-29 10:29:21 - [TEST_STEP][PASSED] - click(findTestObject("1612049/Left_Sidebar/Public_Channels/a_FirstPublicChannel")): Object: 'Object Repository/1612049/Left_Sidebar/Public_Channels/a_FirstPublicChannel' is clicked on

2021-05-29 10:29:30 - [MESSAGE][PASSED] - Object: 'Object Repository/1612049/Left_Sidebar/Public_Channels/a_FirstPublicChannel' is clicked on

2021-05-29 10:29:30 - [TEST_STEP][PASSED] - if (verifyElementPresent(findTestObject("1612049/Posts_Area/Posts_List/div_LastPinnedPost"), 0, STOP_ON_FAILURE)): null

2021-05-29 10:29:30 - [MESSAGE][WARNING] - Timeout '0' is invalid. Using default page load timeout: '30'

2021-05-29 10:29:31 - [MESSAGE][PASSED] - Object 'Object Repository/1612049/Posts_Area/Posts_List/div_LastPinnedPost' is present

2021-05-29 10:29:31 - [TEST_STEP][PASSED] - mouseOver(findTestObject("1612049/Posts_Area/Posts_List/div_LastPost")): Object: 'Object Repository/1612049/Posts_Area/Posts_List/div_LastPost' is hovered

2021-05-29 10:29:31 - [MESSAGE][PASSED] - Object: 'Object Repository/1612049/Posts_Area/Posts_List/div_LastPost' is hovered

2021-05-29 10:29:31 - [TEST_STEP][PASSED] - click(findTestObject("1612049/Posts_Area/Posts_List/Post_Menu/btn_MoreActions")): Object: 'Object Repository/1612049/Posts_Area/Posts_List/Post_Menu/btn_MoreActions' is clicked on

2021-05-29 10:29:37 - [MESSAGE][PASSED] - Object: 'Object Repository/1612049/Posts_Area/Posts_List/Post_Menu/btn_MoreActions' is clicked on

2021-05-29 10:29:37 - [TEST_STEP][PASSED] - click(findTestObject("1612049/Posts_Area/Posts_List/Post_Menu/btn_PinMessage")): Object: 'Object Repository/1612049/Posts_Area/Posts_List/Post_Menu/btn_PinMessage' is clicked on

2021-05-29 10:29:42 - [MESSAGE][PASSED] - Object: 'Object Repository/1612049/Posts_Area/Posts_List/Post_Menu/btn_PinMessage' is clicked on

2021-05-29 10:29:42 - [TEST_STEP][PASSED] - if (verifyElementNotPresent(findTestObject("1612049/Posts_Area/Posts_List/div_LastPinnedPost"), 5, STOP_ON_FAILURE)): Web element with id: 'Object Repository/1612049/Posts_Area/Posts_List/div_LastPinnedPost' located by 'By.xpath: //div[@class="post-list__dynamic"]//div[@style="position: relative;"][last()]/div/div/div[@class="post-pre-header"]' is not present after '5' second(s)

2021-05-29 10:29:43 - [MESSAGE][PASSED] - Web element with id: 'Object Repository/1612049/Posts_Area/Posts_List/div_LastPinnedPost' located by 'By.xpath: //div[@class="post-list__dynamic"]//div[@style="position: relative;"][last()]/div/div/div[@class="post-pre-header"]' is not present after '5' second(s)

2021-05-29 10:29:43 - [TEST_STEP][PASSED] - Thread.sleep(2000): null

2021-05-29 10:29:45 - [TEST_STEP][PASSED] - closeBrowser(): Browser is closed

2021-05-29 10:29:46 - [MESSAGE][PASSED] - Browser is closed]]></system-out>
         <system-err><![CDATA[]]></system-err>
      </testcase>
      <testcase name="Test Cases/1612049/TC29_UnpinMessageInPrivateChannel" time="66.669" classname="Test Cases/1612049/TC29_UnpinMessageInPrivateChannel" status="PASSED">
         <system-out><![CDATA[2021-05-29 10:29:46 - [TEST_CASE][PASSED] - Test Cases/1612049/TC29_UnpinMessageInPrivateChannel: Test Cases/1612049/TC29_UnpinMessageInPrivateChannel

2021-05-29 10:29:46 - [TEST_STEP][PASSED] - openBrowser(""): Browser is opened with url: ''

2021-05-29 10:29:46 - [MESSAGE][INFO] - Starting 'Chrome' driver

2021-05-29 10:29:46 - [MESSAGE][INFO] - Action delay is set to 5,000 milliseconds

2021-05-29 10:29:48 - [MESSAGE][PASSED] - Browser is opened with url: ''

2021-05-29 10:29:48 - [TEST_STEP][PASSED] - navigateToUrl("https://mattermostwebapp.herokuapp.com/"): Navigate to 'https://mattermostwebapp.herokuapp.com/' successfully

2021-05-29 10:29:56 - [MESSAGE][PASSED] - Navigate to 'https://mattermostwebapp.herokuapp.com/' successfully

2021-05-29 10:29:56 - [TEST_STEP][PASSED] - callTestCase(findTestCase("1612049/CommonTC/CTC_Login"), ["username":"jooie", "password":"6z6Vi2R3i06jbzaqW0pQ8Q=="], STOP_ON_FAILURE): Call Test Case 'Test Cases/1612049/CommonTC/CTC_Login' successfully

2021-05-29 10:29:56 - [TEST_CASE][PASSED] - Test Cases/1612049/CommonTC/CTC_Login: Test Cases/1612049/CommonTC/CTC_Login

2021-05-29 10:29:56 - [TEST_STEP][PASSED] - setText(findTestObject("1612049/Login_Screen/input_LoginID"), username): Text 'jooie' is set on object 'Object Repository/1612049/Login_Screen/input_LoginID'

2021-05-29 10:30:11 - [MESSAGE][PASSED] - Text 'jooie' is set on object 'Object Repository/1612049/Login_Screen/input_LoginID'

2021-05-29 10:30:11 - [TEST_STEP][PASSED] - setEncryptedText(findTestObject("1612049/Login_Screen/input_LoginPassword"), password): Text ****** has been set on object 'Object Repository/1612049/Login_Screen/input_LoginPassword'

2021-05-29 10:30:21 - [MESSAGE][PASSED] - Text ****** has been set on object 'Object Repository/1612049/Login_Screen/input_LoginPassword'

2021-05-29 10:30:21 - [TEST_STEP][PASSED] - click(findTestObject("1612049/Login_Screen/btn_Signin")): Object: 'Object Repository/1612049/Login_Screen/btn_Signin' is clicked on

2021-05-29 10:30:27 - [MESSAGE][PASSED] - Object: 'Object Repository/1612049/Login_Screen/btn_Signin' is clicked on

2021-05-29 10:30:27 - [MESSAGE][PASSED] - Call Test Case 'Test Cases/1612049/CommonTC/CTC_Login' successfully

2021-05-29 10:30:27 - [TEST_STEP][PASSED] - click(findTestObject("1612049/Left_Sidebar/Private_Channels/a_FirstPrivateChannel")): Object: 'Object Repository/1612049/Left_Sidebar/Private_Channels/a_FirstPrivateChannel' is clicked on

2021-05-29 10:30:36 - [MESSAGE][PASSED] - Object: 'Object Repository/1612049/Left_Sidebar/Private_Channels/a_FirstPrivateChannel' is clicked on

2021-05-29 10:30:36 - [TEST_STEP][PASSED] - if (verifyElementPresent(findTestObject("1612049/Posts_Area/Posts_List/div_LastPinnedPost"), 0, STOP_ON_FAILURE)): null

2021-05-29 10:30:37 - [MESSAGE][WARNING] - Timeout '0' is invalid. Using default page load timeout: '30'

2021-05-29 10:30:37 - [MESSAGE][PASSED] - Object 'Object Repository/1612049/Posts_Area/Posts_List/div_LastPinnedPost' is present

2021-05-29 10:30:37 - [TEST_STEP][PASSED] - mouseOver(findTestObject("1612049/Posts_Area/Posts_List/div_LastPost")): Object: 'Object Repository/1612049/Posts_Area/Posts_List/div_LastPost' is hovered

2021-05-29 10:30:38 - [MESSAGE][PASSED] - Object: 'Object Repository/1612049/Posts_Area/Posts_List/div_LastPost' is hovered

2021-05-29 10:30:38 - [TEST_STEP][PASSED] - click(findTestObject("1612049/Posts_Area/Posts_List/Post_Menu/btn_MoreActions")): Object: 'Object Repository/1612049/Posts_Area/Posts_List/Post_Menu/btn_MoreActions' is clicked on

2021-05-29 10:30:43 - [MESSAGE][PASSED] - Object: 'Object Repository/1612049/Posts_Area/Posts_List/Post_Menu/btn_MoreActions' is clicked on

2021-05-29 10:30:43 - [TEST_STEP][PASSED] - click(findTestObject("1612049/Posts_Area/Posts_List/Post_Menu/btn_PinMessage")): Object: 'Object Repository/1612049/Posts_Area/Posts_List/Post_Menu/btn_PinMessage' is clicked on

2021-05-29 10:30:49 - [MESSAGE][PASSED] - Object: 'Object Repository/1612049/Posts_Area/Posts_List/Post_Menu/btn_PinMessage' is clicked on

2021-05-29 10:30:49 - [TEST_STEP][PASSED] - if (verifyElementNotPresent(findTestObject("1612049/Posts_Area/Posts_List/div_LastPinnedPost"), 5, STOP_ON_FAILURE)): Web element with id: 'Object Repository/1612049/Posts_Area/Posts_List/div_LastPinnedPost' located by 'By.xpath: //div[@class="post-list__dynamic"]//div[@style="position: relative;"][last()]/div/div/div[@class="post-pre-header"]' is not present after '5' second(s)

2021-05-29 10:30:50 - [MESSAGE][PASSED] - Web element with id: 'Object Repository/1612049/Posts_Area/Posts_List/div_LastPinnedPost' located by 'By.xpath: //div[@class="post-list__dynamic"]//div[@style="position: relative;"][last()]/div/div/div[@class="post-pre-header"]' is not present after '5' second(s)

2021-05-29 10:30:50 - [TEST_STEP][PASSED] - Thread.sleep(2000): null

2021-05-29 10:30:52 - [TEST_STEP][PASSED] - closeBrowser(): Browser is closed

2021-05-29 10:30:53 - [MESSAGE][PASSED] - Browser is closed]]></system-out>
         <system-err><![CDATA[]]></system-err>
      </testcase>
      <system-out><![CDATA[2021-05-29 09:50:04 - [TEST_SUITE][FAILED] - Run all test cases: Test Cases/1412263/TC01_Login FAILED.
Reason:
com.kms.katalon.core.exception.StepFailedException: Unable to set text 'huykhoi' of object 'Object Repository/1412263_Page_Mattermost/input_All team communication in one place, _dcc84b'
	at com.kms.katalon.core.webui.keyword.internal.WebUIKeywordMain.stepFailed(WebUIKeywordMain.groovy:64)
	at com.kms.katalon.core.webui.keyword.internal.WebUIKeywordMain.runKeyword(WebUIKeywordMain.groovy:26)
	at com.kms.katalon.core.webui.keyword.builtin.SetTextKeyword.setText(SetTextKeyword.groovy:66)
	at com.kms.katalon.core.webui.keyword.builtin.SetTextKeyword.execute(SetTextKeyword.groovy:37)
	at com.kms.katalon.core.keyword.internal.KeywordExecutor.executeKeywordForPlatform(KeywordExecutor.groovy:73)
	at com.kms.katalon.core.webui.keyword.WebUiBuiltInKeywords.setText(WebUiBuiltInKeywords.groovy:979)
	at com.kms.katalon.core.webui.keyword.WebUiBuiltInKeywords$setText$1.call(Unknown Source)
	at TC01_Login.run(TC01_Login:26)
	at com.kms.katalon.core.main.ScriptEngine.run(ScriptEngine.java:194)
	at com.kms.katalon.core.main.ScriptEngine.runScriptAsRawText(ScriptEngine.java:119)
	at com.kms.katalon.core.main.TestCaseExecutor.runScript(TestCaseExecutor.java:398)
	at com.kms.katalon.core.main.TestCaseExecutor.doExecute(TestCaseExecutor.java:389)
	at com.kms.katalon.core.main.TestCaseExecutor.processExecutionPhase(TestCaseExecutor.java:368)
	at com.kms.katalon.core.main.TestCaseExecutor.accessMainPhase(TestCaseExecutor.java:360)
	at com.kms.katalon.core.main.TestCaseExecutor.execute(TestCaseExecutor.java:255)
	at com.kms.katalon.core.main.TestSuiteExecutor.accessTestCaseMainPhase(TestSuiteExecutor.java:203)
	at com.kms.katalon.core.main.TestSuiteExecutor.accessTestSuiteMainPhase(TestSuiteExecutor.java:152)
	at com.kms.katalon.core.main.TestSuiteExecutor.execute(TestSuiteExecutor.java:95)
	at com.kms.katalon.core.main.TestCaseMain.startTestSuite(TestCaseMain.java:157)
	at com.kms.katalon.core.main.TestCaseMain$startTestSuite$0.call(Unknown Source)
	at TempTestSuite1622256592737.run(TempTestSuite1622256592737.groovy:39)
Caused by: com.kms.katalon.core.webui.exception.WebElementNotFoundException: Web element with id: 'Object Repository/1412263_Page_Mattermost/input_All team communication in one place, _dcc84b' located by '//input[@id='loginId']' not found
	at com.kms.katalon.core.webui.common.WebUiCommonHelper.findWebElement(WebUiCommonHelper.java:1368)
	at com.kms.katalon.core.webui.keyword.internal.WebUIAbstractKeyword.findWebElement(WebUIAbstractKeyword.groovy:27)
	at com.kms.katalon.core.webui.keyword.internal.WebUIAbstractKeyword.findWebElement(WebUIAbstractKeyword.groovy:26)
	at com.kms.katalon.core.webui.keyword.builtin.SetTextKeyword$_setText_closure1.doCall(SetTextKeyword.groovy:51)
	at com.kms.katalon.core.webui.keyword.builtin.SetTextKeyword$_setText_closure1.call(SetTextKeyword.groovy)
	at com.kms.katalon.core.webui.keyword.internal.WebUIKeywordMain.runKeyword(WebUIKeywordMain.groovy:20)
	... 19 more]]></system-out>
      <system-err><![CDATA[2021-05-29 09:50:04 - [TEST_SUITE][FAILED] - Run all test cases: Test Cases/1412263/TC01_Login FAILED.
Reason:
com.kms.katalon.core.exception.StepFailedException: Unable to set text 'huykhoi' of object 'Object Repository/1412263_Page_Mattermost/input_All team communication in one place, _dcc84b'
	at com.kms.katalon.core.webui.keyword.internal.WebUIKeywordMain.stepFailed(WebUIKeywordMain.groovy:64)
	at com.kms.katalon.core.webui.keyword.internal.WebUIKeywordMain.runKeyword(WebUIKeywordMain.groovy:26)
	at com.kms.katalon.core.webui.keyword.builtin.SetTextKeyword.setText(SetTextKeyword.groovy:66)
	at com.kms.katalon.core.webui.keyword.builtin.SetTextKeyword.execute(SetTextKeyword.groovy:37)
	at com.kms.katalon.core.keyword.internal.KeywordExecutor.executeKeywordForPlatform(KeywordExecutor.groovy:73)
	at com.kms.katalon.core.webui.keyword.WebUiBuiltInKeywords.setText(WebUiBuiltInKeywords.groovy:979)
	at com.kms.katalon.core.webui.keyword.WebUiBuiltInKeywords$setText$1.call(Unknown Source)
	at TC01_Login.run(TC01_Login:26)
	at com.kms.katalon.core.main.ScriptEngine.run(ScriptEngine.java:194)
	at com.kms.katalon.core.main.ScriptEngine.runScriptAsRawText(ScriptEngine.java:119)
	at com.kms.katalon.core.main.TestCaseExecutor.runScript(TestCaseExecutor.java:398)
	at com.kms.katalon.core.main.TestCaseExecutor.doExecute(TestCaseExecutor.java:389)
	at com.kms.katalon.core.main.TestCaseExecutor.processExecutionPhase(TestCaseExecutor.java:368)
	at com.kms.katalon.core.main.TestCaseExecutor.accessMainPhase(TestCaseExecutor.java:360)
	at com.kms.katalon.core.main.TestCaseExecutor.execute(TestCaseExecutor.java:255)
	at com.kms.katalon.core.main.TestSuiteExecutor.accessTestCaseMainPhase(TestSuiteExecutor.java:203)
	at com.kms.katalon.core.main.TestSuiteExecutor.accessTestSuiteMainPhase(TestSuiteExecutor.java:152)
	at com.kms.katalon.core.main.TestSuiteExecutor.execute(TestSuiteExecutor.java:95)
	at com.kms.katalon.core.main.TestCaseMain.startTestSuite(TestCaseMain.java:157)
	at com.kms.katalon.core.main.TestCaseMain$startTestSuite$0.call(Unknown Source)
	at TempTestSuite1622256592737.run(TempTestSuite1622256592737.groovy:39)
Caused by: com.kms.katalon.core.webui.exception.WebElementNotFoundException: Web element with id: 'Object Repository/1412263_Page_Mattermost/input_All team communication in one place, _dcc84b' located by '//input[@id='loginId']' not found
	at com.kms.katalon.core.webui.common.WebUiCommonHelper.findWebElement(WebUiCommonHelper.java:1368)
	at com.kms.katalon.core.webui.keyword.internal.WebUIAbstractKeyword.findWebElement(WebUIAbstractKeyword.groovy:27)
	at com.kms.katalon.core.webui.keyword.internal.WebUIAbstractKeyword.findWebElement(WebUIAbstractKeyword.groovy:26)
	at com.kms.katalon.core.webui.keyword.builtin.SetTextKeyword$_setText_closure1.doCall(SetTextKeyword.groovy:51)
	at com.kms.katalon.core.webui.keyword.builtin.SetTextKeyword$_setText_closure1.call(SetTextKeyword.groovy)
	at com.kms.katalon.core.webui.keyword.internal.WebUIKeywordMain.runKeyword(WebUIKeywordMain.groovy:20)
	... 19 more]]></system-err>
   </testsuite>
</testsuites>
