<?xml version="1.0" encoding="UTF-8"?>
<testsuites name="Run all test cases" time="1575.402" tests="67" failures="6" errors="2">
   <testsuite name="Run all test cases" tests="67" failures="6" errors="2" time="1575.402" skipped="0" timestamp="2021-05-29 15:20:10" hostname="BaoChau - LAPTOP-4BGN0MAP" id="Test Suites/1612049/Run all test cases">
      <properties>
         <property name="deviceName" value=""/>
         <property name="devicePlatform" value=""/>
         <property name="logFolder" value="C:\\Users\\Bao Chau\\Katalon Studio\\Mattermost_AutoTesting\\Reports\\20210529_151958\\1612049\\Run all test cases\\20210529_151958"/>
         <property name="logFiles" value="C:\\Users\\Bao Chau\\Katalon Studio\\Mattermost_AutoTesting\\Reports\\20210529_151958\\1612049\\Run all test cases\\20210529_151958\\execution0.log"/>
         <property name="attachments" value="C:\\Users\\Bao Chau\\Katalon Studio\\Mattermost_AutoTesting\\Reports\\20210529_151958\\1612049\\Run all test cases\\20210529_151958\\1622277468021.png, C:\\Users\\Bao Chau\\Katalon Studio\\Mattermost_AutoTesting\\Reports\\20210529_151958\\1612049\\Run all test cases\\20210529_151958\\1622277508545.png, C:\\Users\\Bao Chau\\Katalon Studio\\Mattermost_AutoTesting\\Reports\\20210529_151958\\1612049\\Run all test cases\\20210529_151958\\1622277823685.png, C:\\Users\\Bao Chau\\Katalon Studio\\Mattermost_AutoTesting\\Reports\\20210529_151958\\1612049\\Run all test cases\\20210529_151958\\1622277875545.png, C:\\Users\\Bao Chau\\Katalon Studio\\Mattermost_AutoTesting\\Reports\\20210529_151958\\1612049\\Run all test cases\\20210529_151958\\1622277932605.png, C:\\Users\\Bao Chau\\Katalon Studio\\Mattermost_AutoTesting\\Reports\\20210529_151958\\1612049\\Run all test cases\\20210529_151958\\1622277984321.png, C:\\Users\\Bao Chau\\Katalon Studio\\Mattermost_AutoTesting\\Reports\\20210529_151958\\1612049\\Run all test cases\\20210529_151958\\1622277984472.png"/>
         <property name="hostName" value="BaoChau - LAPTOP-4BGN0MAP"/>
         <property name="os" value="Windows 10 64bit"/>
         <property name="katalonVersion" value="8.0.1.208"/>
         <property name="browser" value="Chrome 90.0.4430.212"/>
         <property name="hostAddress" value="169.254.181.242"/>
         <property name="sessionId" value="83f33f3bf3f8b510bc705f059f20f360"/>
         <property name="seleniumVersion" value="3.141.59"/>
         <property name="proxyInformation" value="ProxyInformation { proxyOption=NO_PROXY, proxyServerType=HTTP, username=, password=********, proxyServerAddress=, proxyServerPort=0, executionList=&quot;&quot;, isApplyToDesiredCapabilities=true }"/>
         <property name="platform" value="Windows 10"/>
      </properties>
      <testcase name="Test Cases/1412263/TC01_Login" time="33.018" classname="Test Cases/1412263/TC01_Login" status="PASSED">
         <system-out><![CDATA[2021-05-29 15:20:11 - [TEST_CASE][PASSED] - Test Cases/1412263/TC01_Login: Test Cases/1412263/TC01_Login

2021-05-29 15:20:12 - [TEST_STEP][PASSED] - openBrowser(""): Browser is opened with url: ''

2021-05-29 15:20:12 - [MESSAGE][INFO] - Starting 'Chrome' driver

2021-05-29 15:20:12 - [MESSAGE][INFO] - Action delay is set to 0 milliseconds

2021-05-29 15:20:14 - [MESSAGE][PASSED] - Browser is opened with url: ''

2021-05-29 15:20:14 - [TEST_STEP][PASSED] - navigateToUrl("http://mattermostwebapp.herokuapp.com/"): Navigate to 'http://mattermostwebapp.herokuapp.com/' successfully

2021-05-29 15:20:20 - [MESSAGE][PASSED] - Navigate to 'http://mattermostwebapp.herokuapp.com/' successfully

2021-05-29 15:20:20 - [TEST_STEP][PASSED] - for ([rowNum = 1, rowNum <= 5, (rowNum++)]): null

2021-05-29 15:20:20 - [TEST_STEP][PASSED] - setText(findTestObject("1412263_Page_Mattermost/input_All team communication in one place, _dcc84b"), findTestData("1412263/Data TC1 Login").getValue(1, rowNum)): Text 'huykhoi263' is set on object 'Object Repository/1412263_Page_Mattermost/input_All team communication in one place, _dcc84b'

2021-05-29 15:20:25 - [MESSAGE][PASSED] - Text 'huykhoi263' is set on object 'Object Repository/1412263_Page_Mattermost/input_All team communication in one place, _dcc84b'

2021-05-29 15:20:25 - [TEST_STEP][PASSED] - setEncryptedText(findTestObject("1412263_Page_Mattermost/input_All team communication in one place, _a3edc6"), findTestData("1412263/Data TC1 Login").getValue(2, rowNum)): Text ****** has been set on object 'Object Repository/1412263_Page_Mattermost/input_All team communication in one place, _a3edc6'

2021-05-29 15:20:26 - [MESSAGE][PASSED] - Text ****** has been set on object 'Object Repository/1412263_Page_Mattermost/input_All team communication in one place, _a3edc6'

2021-05-29 15:20:26 - [TEST_STEP][PASSED] - click(findTestObject("1412263_Page_Mattermost/button_Sign in")): Object: 'Object Repository/1412263_Page_Mattermost/button_Sign in' is clicked on

2021-05-29 15:20:26 - [MESSAGE][PASSED] - Object: 'Object Repository/1412263_Page_Mattermost/button_Sign in' is clicked on

2021-05-29 15:20:26 - [TEST_STEP][PASSED] - Thread.sleep(2000): null

2021-05-29 15:20:28 - [TEST_STEP][PASSED] - setText(findTestObject("1412263_Page_Mattermost/input_All team communication in one place, _dcc84b"), findTestData("1412263/Data TC1 Login").getValue(1, rowNum)): Text 'huykhoi' is set on object 'Object Repository/1412263_Page_Mattermost/input_All team communication in one place, _dcc84b'

2021-05-29 15:20:29 - [MESSAGE][PASSED] - Text 'huykhoi' is set on object 'Object Repository/1412263_Page_Mattermost/input_All team communication in one place, _dcc84b'

2021-05-29 15:20:29 - [TEST_STEP][PASSED] - setEncryptedText(findTestObject("1412263_Page_Mattermost/input_All team communication in one place, _a3edc6"), findTestData("1412263/Data TC1 Login").getValue(2, rowNum)): Text ****** has been set on object 'Object Repository/1412263_Page_Mattermost/input_All team communication in one place, _a3edc6'

2021-05-29 15:20:30 - [MESSAGE][PASSED] - Text ****** has been set on object 'Object Repository/1412263_Page_Mattermost/input_All team communication in one place, _a3edc6'

2021-05-29 15:20:30 - [TEST_STEP][PASSED] - click(findTestObject("1412263_Page_Mattermost/button_Sign in")): Object: 'Object Repository/1412263_Page_Mattermost/button_Sign in' is clicked on

2021-05-29 15:20:30 - [MESSAGE][PASSED] - Object: 'Object Repository/1412263_Page_Mattermost/button_Sign in' is clicked on

2021-05-29 15:20:30 - [TEST_STEP][PASSED] - Thread.sleep(2000): null

2021-05-29 15:20:32 - [TEST_STEP][PASSED] - setText(findTestObject("1412263_Page_Mattermost/input_All team communication in one place, _dcc84b"), findTestData("1412263/Data TC1 Login").getValue(1, rowNum)): Text 'huykhoi' is set on object 'Object Repository/1412263_Page_Mattermost/input_All team communication in one place, _dcc84b'

2021-05-29 15:20:33 - [MESSAGE][PASSED] - Text 'huykhoi' is set on object 'Object Repository/1412263_Page_Mattermost/input_All team communication in one place, _dcc84b'

2021-05-29 15:20:33 - [TEST_STEP][PASSED] - setEncryptedText(findTestObject("1412263_Page_Mattermost/input_All team communication in one place, _a3edc6"), findTestData("1412263/Data TC1 Login").getValue(2, rowNum)): Text ****** has been set on object 'Object Repository/1412263_Page_Mattermost/input_All team communication in one place, _a3edc6'

2021-05-29 15:20:34 - [MESSAGE][PASSED] - Text ****** has been set on object 'Object Repository/1412263_Page_Mattermost/input_All team communication in one place, _a3edc6'

2021-05-29 15:20:34 - [TEST_STEP][PASSED] - click(findTestObject("1412263_Page_Mattermost/button_Sign in")): Object: 'Object Repository/1412263_Page_Mattermost/button_Sign in' is clicked on

2021-05-29 15:20:34 - [MESSAGE][PASSED] - Object: 'Object Repository/1412263_Page_Mattermost/button_Sign in' is clicked on

2021-05-29 15:20:34 - [TEST_STEP][PASSED] - Thread.sleep(2000): null

2021-05-29 15:20:36 - [TEST_STEP][PASSED] - setText(findTestObject("1412263_Page_Mattermost/input_All team communication in one place, _dcc84b"), findTestData("1412263/Data TC1 Login").getValue(1, rowNum)): Text 'huy' is set on object 'Object Repository/1412263_Page_Mattermost/input_All team communication in one place, _dcc84b'

2021-05-29 15:20:37 - [MESSAGE][PASSED] - Text 'huy' is set on object 'Object Repository/1412263_Page_Mattermost/input_All team communication in one place, _dcc84b'

2021-05-29 15:20:37 - [TEST_STEP][PASSED] - setEncryptedText(findTestObject("1412263_Page_Mattermost/input_All team communication in one place, _a3edc6"), findTestData("1412263/Data TC1 Login").getValue(2, rowNum)): Text ****** has been set on object 'Object Repository/1412263_Page_Mattermost/input_All team communication in one place, _a3edc6'

2021-05-29 15:20:38 - [MESSAGE][PASSED] - Text ****** has been set on object 'Object Repository/1412263_Page_Mattermost/input_All team communication in one place, _a3edc6'

2021-05-29 15:20:38 - [TEST_STEP][PASSED] - click(findTestObject("1412263_Page_Mattermost/button_Sign in")): Object: 'Object Repository/1412263_Page_Mattermost/button_Sign in' is clicked on

2021-05-29 15:20:38 - [MESSAGE][PASSED] - Object: 'Object Repository/1412263_Page_Mattermost/button_Sign in' is clicked on

2021-05-29 15:20:38 - [TEST_STEP][PASSED] - Thread.sleep(2000): null

2021-05-29 15:20:40 - [TEST_STEP][PASSED] - setText(findTestObject("1412263_Page_Mattermost/input_All team communication in one place, _dcc84b"), findTestData("1412263/Data TC1 Login").getValue(1, rowNum)): Text 'huykhoi263' is set on object 'Object Repository/1412263_Page_Mattermost/input_All team communication in one place, _dcc84b'

2021-05-29 15:20:41 - [MESSAGE][PASSED] - Text 'huykhoi263' is set on object 'Object Repository/1412263_Page_Mattermost/input_All team communication in one place, _dcc84b'

2021-05-29 15:20:41 - [TEST_STEP][PASSED] - setEncryptedText(findTestObject("1412263_Page_Mattermost/input_All team communication in one place, _a3edc6"), findTestData("1412263/Data TC1 Login").getValue(2, rowNum)): Text ****** has been set on object 'Object Repository/1412263_Page_Mattermost/input_All team communication in one place, _a3edc6'

2021-05-29 15:20:41 - [MESSAGE][PASSED] - Text ****** has been set on object 'Object Repository/1412263_Page_Mattermost/input_All team communication in one place, _a3edc6'

2021-05-29 15:20:41 - [TEST_STEP][PASSED] - click(findTestObject("1412263_Page_Mattermost/button_Sign in")): Object: 'Object Repository/1412263_Page_Mattermost/button_Sign in' is clicked on

2021-05-29 15:20:42 - [MESSAGE][PASSED] - Object: 'Object Repository/1412263_Page_Mattermost/button_Sign in' is clicked on

2021-05-29 15:20:42 - [TEST_STEP][PASSED] - Thread.sleep(2000): null

2021-05-29 15:20:44 - [TEST_STEP][PASSED] - closeBrowser(): Browser is closed

2021-05-29 15:20:44 - [MESSAGE][PASSED] - Browser is closed]]></system-out>
         <system-err><![CDATA[]]></system-err>
      </testcase>
      <testcase name="Test Cases/1412263/TC02_UpdatePassword" time="38.7" classname="Test Cases/1412263/TC02_UpdatePassword" status="PASSED">
         <system-out><![CDATA[2021-05-29 15:20:44 - [TEST_CASE][PASSED] - Test Cases/1412263/TC02_UpdatePassword: Test Cases/1412263/TC02_UpdatePassword

2021-05-29 15:20:45 - [TEST_STEP][PASSED] - openBrowser(""): Browser is opened with url: ''

2021-05-29 15:20:45 - [MESSAGE][INFO] - Starting 'Chrome' driver

2021-05-29 15:20:45 - [MESSAGE][INFO] - Action delay is set to 0 milliseconds

2021-05-29 15:20:46 - [MESSAGE][PASSED] - Browser is opened with url: ''

2021-05-29 15:20:46 - [TEST_STEP][PASSED] - navigateToUrl("http://mattermostwebapp.herokuapp.com/"): Navigate to 'http://mattermostwebapp.herokuapp.com/' successfully

2021-05-29 15:20:51 - [MESSAGE][PASSED] - Navigate to 'http://mattermostwebapp.herokuapp.com/' successfully

2021-05-29 15:20:51 - [TEST_STEP][PASSED] - setText(findTestObject("1412263_Page_Mattermost/input_All team communication in one place, _dcc84b"), "huykhoi263"): Text 'huykhoi263' is set on object 'Object Repository/1412263_Page_Mattermost/input_All team communication in one place, _dcc84b'

2021-05-29 15:20:55 - [MESSAGE][PASSED] - Text 'huykhoi263' is set on object 'Object Repository/1412263_Page_Mattermost/input_All team communication in one place, _dcc84b'

2021-05-29 15:20:55 - [TEST_STEP][PASSED] - setEncryptedText(findTestObject("1412263_Page_Mattermost/input_All team communication in one place, _a3edc6"), "o1rBehR+FzY2ClyWuSUtzg=="): Text ****** has been set on object 'Object Repository/1412263_Page_Mattermost/input_All team communication in one place, _a3edc6'

2021-05-29 15:20:56 - [MESSAGE][PASSED] - Text ****** has been set on object 'Object Repository/1412263_Page_Mattermost/input_All team communication in one place, _a3edc6'

2021-05-29 15:20:56 - [TEST_STEP][PASSED] - click(findTestObject("1412263_Page_Mattermost/button_Sign in")): Object: 'Object Repository/1412263_Page_Mattermost/button_Sign in' is clicked on

2021-05-29 15:20:56 - [MESSAGE][PASSED] - Object: 'Object Repository/1412263_Page_Mattermost/button_Sign in' is clicked on

2021-05-29 15:20:56 - [TEST_STEP][PASSED] - click(findTestObject("1412263_Page_Town Square - CNC_Nhom3 Mattermost/span")): Object: 'Object Repository/1412263_Page_Town Square - CNC_Nhom3 Mattermost/span' is clicked on

2021-05-29 15:21:00 - [MESSAGE][PASSED] - Object: 'Object Repository/1412263_Page_Town Square - CNC_Nhom3 Mattermost/span' is clicked on

2021-05-29 15:21:00 - [TEST_STEP][PASSED] - click(findTestObject("1412263_Page_Town Square - CNC_Nhom3 Mattermost/button_Account Settings")): Object: 'Object Repository/1412263_Page_Town Square - CNC_Nhom3 Mattermost/button_Account Settings' is clicked on

2021-05-29 15:21:00 - [MESSAGE][PASSED] - Object: 'Object Repository/1412263_Page_Town Square - CNC_Nhom3 Mattermost/button_Account Settings' is clicked on

2021-05-29 15:21:00 - [TEST_STEP][PASSED] - click(findTestObject("1412263_Page_Town Square - CNC_Nhom3 Mattermost/button_Security")): Object: 'Object Repository/1412263_Page_Town Square - CNC_Nhom3 Mattermost/button_Security' is clicked on

2021-05-29 15:21:01 - [MESSAGE][PASSED] - Object: 'Object Repository/1412263_Page_Town Square - CNC_Nhom3 Mattermost/button_Security' is clicked on

2021-05-29 15:21:01 - [TEST_STEP][PASSED] - for ([i = 1, i <= 5, (i++)]): null

2021-05-29 15:21:01 - [TEST_STEP][PASSED] - click(findTestObject("1412263_Page_Town Square - CNC_Nhom3 Mattermost/span_EditPassword")): Object: 'Object Repository/1412263_Page_Town Square - CNC_Nhom3 Mattermost/span_EditPassword' is clicked on

2021-05-29 15:21:02 - [MESSAGE][PASSED] - Object: 'Object Repository/1412263_Page_Town Square - CNC_Nhom3 Mattermost/span_EditPassword' is clicked on

2021-05-29 15:21:02 - [TEST_STEP][PASSED] - setEncryptedText(findTestObject("1412263_Page_Town Square - CNC_Nhom3 Mattermost/input_Current Password_currentPassword"), findTestData("1412263/Data TC2 UpdatePassword").getValue(1, i)): Text ****** has been set on object 'Object Repository/1412263_Page_Town Square - CNC_Nhom3 Mattermost/input_Current Password_currentPassword'

2021-05-29 15:21:02 - [MESSAGE][PASSED] - Text ****** has been set on object 'Object Repository/1412263_Page_Town Square - CNC_Nhom3 Mattermost/input_Current Password_currentPassword'

2021-05-29 15:21:02 - [TEST_STEP][PASSED] - setEncryptedText(findTestObject("1412263_Page_Town Square - CNC_Nhom3 Mattermost/input_New Password_newPassword"), findTestData("1412263/Data TC2 UpdatePassword").getValue(2, i)): Text ****** has been set on object 'Object Repository/1412263_Page_Town Square - CNC_Nhom3 Mattermost/input_New Password_newPassword'

2021-05-29 15:21:03 - [MESSAGE][PASSED] - Text ****** has been set on object 'Object Repository/1412263_Page_Town Square - CNC_Nhom3 Mattermost/input_New Password_newPassword'

2021-05-29 15:21:03 - [TEST_STEP][PASSED] - setEncryptedText(findTestObject("1412263_Page_Town Square - CNC_Nhom3 Mattermost/input_Retype New Password_confirmPassword"), findTestData("1412263/Data TC2 UpdatePassword").getValue(3, i)): Text ****** has been set on object 'Object Repository/1412263_Page_Town Square - CNC_Nhom3 Mattermost/input_Retype New Password_confirmPassword'

2021-05-29 15:21:03 - [MESSAGE][PASSED] - Text ****** has been set on object 'Object Repository/1412263_Page_Town Square - CNC_Nhom3 Mattermost/input_Retype New Password_confirmPassword'

2021-05-29 15:21:03 - [TEST_STEP][PASSED] - click(findTestObject("1412263_Page_Town Square - CNC_Nhom3 Mattermost/button_Save")): Object: 'Object Repository/1412263_Page_Town Square - CNC_Nhom3 Mattermost/button_Save' is clicked on

2021-05-29 15:21:03 - [MESSAGE][PASSED] - Object: 'Object Repository/1412263_Page_Town Square - CNC_Nhom3 Mattermost/button_Save' is clicked on

2021-05-29 15:21:03 - [TEST_STEP][PASSED] - Thread.sleep(2000): null

2021-05-29 15:21:05 - [TEST_STEP][PASSED] - click(findTestObject("1412263_Page_Town Square - CNC_Nhom3 Mattermost/span_EditPassword")): Object: 'Object Repository/1412263_Page_Town Square - CNC_Nhom3 Mattermost/span_EditPassword' is clicked on

2021-05-29 15:21:06 - [MESSAGE][PASSED] - Object: 'Object Repository/1412263_Page_Town Square - CNC_Nhom3 Mattermost/span_EditPassword' is clicked on

2021-05-29 15:21:06 - [TEST_STEP][PASSED] - setEncryptedText(findTestObject("1412263_Page_Town Square - CNC_Nhom3 Mattermost/input_Current Password_currentPassword"), findTestData("1412263/Data TC2 UpdatePassword").getValue(1, i)): Text ****** has been set on object 'Object Repository/1412263_Page_Town Square - CNC_Nhom3 Mattermost/input_Current Password_currentPassword'

2021-05-29 15:21:06 - [MESSAGE][PASSED] - Text ****** has been set on object 'Object Repository/1412263_Page_Town Square - CNC_Nhom3 Mattermost/input_Current Password_currentPassword'

2021-05-29 15:21:06 - [TEST_STEP][PASSED] - setEncryptedText(findTestObject("1412263_Page_Town Square - CNC_Nhom3 Mattermost/input_New Password_newPassword"), findTestData("1412263/Data TC2 UpdatePassword").getValue(2, i)): Text ****** has been set on object 'Object Repository/1412263_Page_Town Square - CNC_Nhom3 Mattermost/input_New Password_newPassword'

2021-05-29 15:21:07 - [MESSAGE][PASSED] - Text ****** has been set on object 'Object Repository/1412263_Page_Town Square - CNC_Nhom3 Mattermost/input_New Password_newPassword'

2021-05-29 15:21:07 - [TEST_STEP][PASSED] - setEncryptedText(findTestObject("1412263_Page_Town Square - CNC_Nhom3 Mattermost/input_Retype New Password_confirmPassword"), findTestData("1412263/Data TC2 UpdatePassword").getValue(3, i)): Text ****** has been set on object 'Object Repository/1412263_Page_Town Square - CNC_Nhom3 Mattermost/input_Retype New Password_confirmPassword'

2021-05-29 15:21:07 - [MESSAGE][PASSED] - Text ****** has been set on object 'Object Repository/1412263_Page_Town Square - CNC_Nhom3 Mattermost/input_Retype New Password_confirmPassword'

2021-05-29 15:21:07 - [TEST_STEP][PASSED] - click(findTestObject("1412263_Page_Town Square - CNC_Nhom3 Mattermost/button_Save")): Object: 'Object Repository/1412263_Page_Town Square - CNC_Nhom3 Mattermost/button_Save' is clicked on

2021-05-29 15:21:08 - [MESSAGE][PASSED] - Object: 'Object Repository/1412263_Page_Town Square - CNC_Nhom3 Mattermost/button_Save' is clicked on

2021-05-29 15:21:08 - [TEST_STEP][PASSED] - Thread.sleep(2000): null

2021-05-29 15:21:10 - [TEST_STEP][PASSED] - click(findTestObject("1412263_Page_Town Square - CNC_Nhom3 Mattermost/span_EditPassword")): Object: 'Object Repository/1412263_Page_Town Square - CNC_Nhom3 Mattermost/span_EditPassword' is clicked on

2021-05-29 15:21:10 - [MESSAGE][PASSED] - Object: 'Object Repository/1412263_Page_Town Square - CNC_Nhom3 Mattermost/span_EditPassword' is clicked on

2021-05-29 15:21:10 - [TEST_STEP][PASSED] - setEncryptedText(findTestObject("1412263_Page_Town Square - CNC_Nhom3 Mattermost/input_Current Password_currentPassword"), findTestData("1412263/Data TC2 UpdatePassword").getValue(1, i)): Text ****** has been set on object 'Object Repository/1412263_Page_Town Square - CNC_Nhom3 Mattermost/input_Current Password_currentPassword'

2021-05-29 15:21:11 - [MESSAGE][PASSED] - Text ****** has been set on object 'Object Repository/1412263_Page_Town Square - CNC_Nhom3 Mattermost/input_Current Password_currentPassword'

2021-05-29 15:21:11 - [TEST_STEP][PASSED] - setEncryptedText(findTestObject("1412263_Page_Town Square - CNC_Nhom3 Mattermost/input_New Password_newPassword"), findTestData("1412263/Data TC2 UpdatePassword").getValue(2, i)): Text ****** has been set on object 'Object Repository/1412263_Page_Town Square - CNC_Nhom3 Mattermost/input_New Password_newPassword'

2021-05-29 15:21:11 - [MESSAGE][PASSED] - Text ****** has been set on object 'Object Repository/1412263_Page_Town Square - CNC_Nhom3 Mattermost/input_New Password_newPassword'

2021-05-29 15:21:11 - [TEST_STEP][PASSED] - setEncryptedText(findTestObject("1412263_Page_Town Square - CNC_Nhom3 Mattermost/input_Retype New Password_confirmPassword"), findTestData("1412263/Data TC2 UpdatePassword").getValue(3, i)): Text ****** has been set on object 'Object Repository/1412263_Page_Town Square - CNC_Nhom3 Mattermost/input_Retype New Password_confirmPassword'

2021-05-29 15:21:11 - [MESSAGE][PASSED] - Text ****** has been set on object 'Object Repository/1412263_Page_Town Square - CNC_Nhom3 Mattermost/input_Retype New Password_confirmPassword'

2021-05-29 15:21:11 - [TEST_STEP][PASSED] - click(findTestObject("1412263_Page_Town Square - CNC_Nhom3 Mattermost/button_Save")): Object: 'Object Repository/1412263_Page_Town Square - CNC_Nhom3 Mattermost/button_Save' is clicked on

2021-05-29 15:21:12 - [MESSAGE][PASSED] - Object: 'Object Repository/1412263_Page_Town Square - CNC_Nhom3 Mattermost/button_Save' is clicked on

2021-05-29 15:21:12 - [TEST_STEP][PASSED] - Thread.sleep(2000): null

2021-05-29 15:21:14 - [TEST_STEP][PASSED] - click(findTestObject("1412263_Page_Town Square - CNC_Nhom3 Mattermost/span_EditPassword")): Object: 'Object Repository/1412263_Page_Town Square - CNC_Nhom3 Mattermost/span_EditPassword' is clicked on

2021-05-29 15:21:14 - [MESSAGE][PASSED] - Object: 'Object Repository/1412263_Page_Town Square - CNC_Nhom3 Mattermost/span_EditPassword' is clicked on

2021-05-29 15:21:14 - [TEST_STEP][PASSED] - setEncryptedText(findTestObject("1412263_Page_Town Square - CNC_Nhom3 Mattermost/input_Current Password_currentPassword"), findTestData("1412263/Data TC2 UpdatePassword").getValue(1, i)): Text ****** has been set on object 'Object Repository/1412263_Page_Town Square - CNC_Nhom3 Mattermost/input_Current Password_currentPassword'

2021-05-29 15:21:15 - [MESSAGE][PASSED] - Text ****** has been set on object 'Object Repository/1412263_Page_Town Square - CNC_Nhom3 Mattermost/input_Current Password_currentPassword'

2021-05-29 15:21:15 - [TEST_STEP][PASSED] - setEncryptedText(findTestObject("1412263_Page_Town Square - CNC_Nhom3 Mattermost/input_New Password_newPassword"), findTestData("1412263/Data TC2 UpdatePassword").getValue(2, i)): Text ****** has been set on object 'Object Repository/1412263_Page_Town Square - CNC_Nhom3 Mattermost/input_New Password_newPassword'

2021-05-29 15:21:15 - [MESSAGE][PASSED] - Text ****** has been set on object 'Object Repository/1412263_Page_Town Square - CNC_Nhom3 Mattermost/input_New Password_newPassword'

2021-05-29 15:21:15 - [TEST_STEP][PASSED] - setEncryptedText(findTestObject("1412263_Page_Town Square - CNC_Nhom3 Mattermost/input_Retype New Password_confirmPassword"), findTestData("1412263/Data TC2 UpdatePassword").getValue(3, i)): Text ****** has been set on object 'Object Repository/1412263_Page_Town Square - CNC_Nhom3 Mattermost/input_Retype New Password_confirmPassword'

2021-05-29 15:21:16 - [MESSAGE][PASSED] - Text ****** has been set on object 'Object Repository/1412263_Page_Town Square - CNC_Nhom3 Mattermost/input_Retype New Password_confirmPassword'

2021-05-29 15:21:16 - [TEST_STEP][PASSED] - click(findTestObject("1412263_Page_Town Square - CNC_Nhom3 Mattermost/button_Save")): Object: 'Object Repository/1412263_Page_Town Square - CNC_Nhom3 Mattermost/button_Save' is clicked on

2021-05-29 15:21:16 - [MESSAGE][PASSED] - Object: 'Object Repository/1412263_Page_Town Square - CNC_Nhom3 Mattermost/button_Save' is clicked on

2021-05-29 15:21:16 - [TEST_STEP][PASSED] - Thread.sleep(2000): null

2021-05-29 15:21:18 - [TEST_STEP][PASSED] - click(findTestObject("1412263_Page_Town Square - CNC_Nhom3 Mattermost/span_EditPassword")): Object: 'Object Repository/1412263_Page_Town Square - CNC_Nhom3 Mattermost/span_EditPassword' is clicked on

2021-05-29 15:21:18 - [MESSAGE][PASSED] - Object: 'Object Repository/1412263_Page_Town Square - CNC_Nhom3 Mattermost/span_EditPassword' is clicked on

2021-05-29 15:21:18 - [TEST_STEP][PASSED] - setEncryptedText(findTestObject("1412263_Page_Town Square - CNC_Nhom3 Mattermost/input_Current Password_currentPassword"), findTestData("1412263/Data TC2 UpdatePassword").getValue(1, i)): Text ****** has been set on object 'Object Repository/1412263_Page_Town Square - CNC_Nhom3 Mattermost/input_Current Password_currentPassword'

2021-05-29 15:21:19 - [MESSAGE][PASSED] - Text ****** has been set on object 'Object Repository/1412263_Page_Town Square - CNC_Nhom3 Mattermost/input_Current Password_currentPassword'

2021-05-29 15:21:19 - [TEST_STEP][PASSED] - setEncryptedText(findTestObject("1412263_Page_Town Square - CNC_Nhom3 Mattermost/input_New Password_newPassword"), findTestData("1412263/Data TC2 UpdatePassword").getValue(2, i)): Text ****** has been set on object 'Object Repository/1412263_Page_Town Square - CNC_Nhom3 Mattermost/input_New Password_newPassword'

2021-05-29 15:21:19 - [MESSAGE][PASSED] - Text ****** has been set on object 'Object Repository/1412263_Page_Town Square - CNC_Nhom3 Mattermost/input_New Password_newPassword'

2021-05-29 15:21:19 - [TEST_STEP][PASSED] - setEncryptedText(findTestObject("1412263_Page_Town Square - CNC_Nhom3 Mattermost/input_Retype New Password_confirmPassword"), findTestData("1412263/Data TC2 UpdatePassword").getValue(3, i)): Text ****** has been set on object 'Object Repository/1412263_Page_Town Square - CNC_Nhom3 Mattermost/input_Retype New Password_confirmPassword'

2021-05-29 15:21:20 - [MESSAGE][PASSED] - Text ****** has been set on object 'Object Repository/1412263_Page_Town Square - CNC_Nhom3 Mattermost/input_Retype New Password_confirmPassword'

2021-05-29 15:21:20 - [TEST_STEP][PASSED] - click(findTestObject("1412263_Page_Town Square - CNC_Nhom3 Mattermost/button_Save")): Object: 'Object Repository/1412263_Page_Town Square - CNC_Nhom3 Mattermost/button_Save' is clicked on

2021-05-29 15:21:20 - [MESSAGE][PASSED] - Object: 'Object Repository/1412263_Page_Town Square - CNC_Nhom3 Mattermost/button_Save' is clicked on

2021-05-29 15:21:20 - [TEST_STEP][PASSED] - Thread.sleep(2000): null

2021-05-29 15:21:22 - [TEST_STEP][PASSED] - click(findTestObject("1412263_Page_Town Square - CNC_Nhom3 Mattermost/span_")): Object: 'Object Repository/1412263_Page_Town Square - CNC_Nhom3 Mattermost/span_' is clicked on

2021-05-29 15:21:23 - [MESSAGE][PASSED] - Object: 'Object Repository/1412263_Page_Town Square - CNC_Nhom3 Mattermost/span_' is clicked on

2021-05-29 15:21:23 - [TEST_STEP][PASSED] - closeBrowser(): Browser is closed

2021-05-29 15:21:23 - [MESSAGE][PASSED] - Browser is closed]]></system-out>
         <system-err><![CDATA[]]></system-err>
      </testcase>
      <testcase name="Test Cases/1412263/TC03_UpdateFullName" time="41.71" classname="Test Cases/1412263/TC03_UpdateFullName" status="PASSED">
         <system-out><![CDATA[2021-05-29 15:21:23 - [TEST_CASE][PASSED] - Test Cases/1412263/TC03_UpdateFullName: Test Cases/1412263/TC03_UpdateFullName

2021-05-29 15:21:24 - [TEST_STEP][PASSED] - openBrowser(""): Browser is opened with url: ''

2021-05-29 15:21:24 - [MESSAGE][INFO] - Starting 'Chrome' driver

2021-05-29 15:21:24 - [MESSAGE][INFO] - Action delay is set to 0 milliseconds

2021-05-29 15:21:25 - [MESSAGE][PASSED] - Browser is opened with url: ''

2021-05-29 15:21:25 - [TEST_STEP][PASSED] - navigateToUrl("http://mattermostwebapp.herokuapp.com/"): Navigate to 'http://mattermostwebapp.herokuapp.com/' successfully

2021-05-29 15:21:31 - [MESSAGE][PASSED] - Navigate to 'http://mattermostwebapp.herokuapp.com/' successfully

2021-05-29 15:21:31 - [TEST_STEP][PASSED] - setText(findTestObject("1412263_Page_Mattermost/input_All team communication in one place, _dcc84b"), "huykhoi263"): Text 'huykhoi263' is set on object 'Object Repository/1412263_Page_Mattermost/input_All team communication in one place, _dcc84b'

2021-05-29 15:21:37 - [MESSAGE][PASSED] - Text 'huykhoi263' is set on object 'Object Repository/1412263_Page_Mattermost/input_All team communication in one place, _dcc84b'

2021-05-29 15:21:37 - [TEST_STEP][PASSED] - setEncryptedText(findTestObject("1412263_Page_Mattermost/input_All team communication in one place, _a3edc6"), "o1rBehR+FzY2ClyWuSUtzg=="): Text ****** has been set on object 'Object Repository/1412263_Page_Mattermost/input_All team communication in one place, _a3edc6'

2021-05-29 15:21:37 - [MESSAGE][PASSED] - Text ****** has been set on object 'Object Repository/1412263_Page_Mattermost/input_All team communication in one place, _a3edc6'

2021-05-29 15:21:37 - [TEST_STEP][PASSED] - click(findTestObject("1412263_Page_Mattermost/button_Sign in")): Object: 'Object Repository/1412263_Page_Mattermost/button_Sign in' is clicked on

2021-05-29 15:21:38 - [MESSAGE][PASSED] - Object: 'Object Repository/1412263_Page_Mattermost/button_Sign in' is clicked on

2021-05-29 15:21:38 - [TEST_STEP][PASSED] - click(findTestObject("1412263_Page_Town Square - CNC_Nhom3 Mattermost/span")): Object: 'Object Repository/1412263_Page_Town Square - CNC_Nhom3 Mattermost/span' is clicked on

2021-05-29 15:21:41 - [MESSAGE][PASSED] - Object: 'Object Repository/1412263_Page_Town Square - CNC_Nhom3 Mattermost/span' is clicked on

2021-05-29 15:21:41 - [TEST_STEP][PASSED] - click(findTestObject("1412263_Page_Town Square - CNC_Nhom3 Mattermost/button_Account Settings")): Object: 'Object Repository/1412263_Page_Town Square - CNC_Nhom3 Mattermost/button_Account Settings' is clicked on

2021-05-29 15:21:41 - [MESSAGE][PASSED] - Object: 'Object Repository/1412263_Page_Town Square - CNC_Nhom3 Mattermost/button_Account Settings' is clicked on

2021-05-29 15:21:41 - [TEST_STEP][PASSED] - for ([i = 1, i <= 5, (i++)]): null

2021-05-29 15:21:41 - [TEST_STEP][PASSED] - click(findTestObject("1412263_Page_Town Square - CNC_Nhom3 Mattermost/span_EditFullname")): Object: 'Object Repository/1412263_Page_Town Square - CNC_Nhom3 Mattermost/span_EditFullname' is clicked on

2021-05-29 15:21:42 - [MESSAGE][PASSED] - Object: 'Object Repository/1412263_Page_Town Square - CNC_Nhom3 Mattermost/span_EditFullname' is clicked on

2021-05-29 15:21:42 - [TEST_STEP][PASSED] - setText(findTestObject("1412263_Page_Town Square - CNC_Nhom3 Mattermost/input_First Name_firstName"), findTestData("1412263/Data TC3 UpdateFullName").getValue(1, i)): Text 'Nguyen' is set on object 'Object Repository/1412263_Page_Town Square - CNC_Nhom3 Mattermost/input_First Name_firstName'

2021-05-29 15:21:43 - [MESSAGE][PASSED] - Text 'Nguyen' is set on object 'Object Repository/1412263_Page_Town Square - CNC_Nhom3 Mattermost/input_First Name_firstName'

2021-05-29 15:21:43 - [TEST_STEP][PASSED] - setText(findTestObject("1412263_Page_Town Square - CNC_Nhom3 Mattermost/input_Last Name_lastName"), findTestData("1412263/Data TC3 UpdateFullName").getValue(2, i)): Text 'Huy Khoi' is set on object 'Object Repository/1412263_Page_Town Square - CNC_Nhom3 Mattermost/input_Last Name_lastName'

2021-05-29 15:21:44 - [MESSAGE][PASSED] - Text 'Huy Khoi' is set on object 'Object Repository/1412263_Page_Town Square - CNC_Nhom3 Mattermost/input_Last Name_lastName'

2021-05-29 15:21:44 - [TEST_STEP][PASSED] - click(findTestObject("1412263_Page_Town Square - CNC_Nhom3 Mattermost/span_Save")): Object: 'Object Repository/1412263_Page_Town Square - CNC_Nhom3 Mattermost/span_Save' is clicked on

2021-05-29 15:21:45 - [MESSAGE][PASSED] - Object: 'Object Repository/1412263_Page_Town Square - CNC_Nhom3 Mattermost/span_Save' is clicked on

2021-05-29 15:21:45 - [TEST_STEP][PASSED] - Thread.sleep(2000): null

2021-05-29 15:21:47 - [TEST_STEP][PASSED] - click(findTestObject("1412263_Page_Town Square - CNC_Nhom3 Mattermost/span_EditFullname")): Object: 'Object Repository/1412263_Page_Town Square - CNC_Nhom3 Mattermost/span_EditFullname' is clicked on

2021-05-29 15:21:47 - [MESSAGE][PASSED] - Object: 'Object Repository/1412263_Page_Town Square - CNC_Nhom3 Mattermost/span_EditFullname' is clicked on

2021-05-29 15:21:47 - [TEST_STEP][PASSED] - setText(findTestObject("1412263_Page_Town Square - CNC_Nhom3 Mattermost/input_First Name_firstName"), findTestData("1412263/Data TC3 UpdateFullName").getValue(1, i)): Text 'Tran' is set on object 'Object Repository/1412263_Page_Town Square - CNC_Nhom3 Mattermost/input_First Name_firstName'

2021-05-29 15:21:48 - [MESSAGE][PASSED] - Text 'Tran' is set on object 'Object Repository/1412263_Page_Town Square - CNC_Nhom3 Mattermost/input_First Name_firstName'

2021-05-29 15:21:48 - [TEST_STEP][PASSED] - setText(findTestObject("1412263_Page_Town Square - CNC_Nhom3 Mattermost/input_Last Name_lastName"), findTestData("1412263/Data TC3 UpdateFullName").getValue(2, i)): Text 'Van A' is set on object 'Object Repository/1412263_Page_Town Square - CNC_Nhom3 Mattermost/input_Last Name_lastName'

2021-05-29 15:21:49 - [MESSAGE][PASSED] - Text 'Van A' is set on object 'Object Repository/1412263_Page_Town Square - CNC_Nhom3 Mattermost/input_Last Name_lastName'

2021-05-29 15:21:49 - [TEST_STEP][PASSED] - click(findTestObject("1412263_Page_Town Square - CNC_Nhom3 Mattermost/span_Save")): Object: 'Object Repository/1412263_Page_Town Square - CNC_Nhom3 Mattermost/span_Save' is clicked on

2021-05-29 15:21:49 - [MESSAGE][PASSED] - Object: 'Object Repository/1412263_Page_Town Square - CNC_Nhom3 Mattermost/span_Save' is clicked on

2021-05-29 15:21:49 - [TEST_STEP][PASSED] - Thread.sleep(2000): null

2021-05-29 15:21:51 - [TEST_STEP][PASSED] - click(findTestObject("1412263_Page_Town Square - CNC_Nhom3 Mattermost/span_EditFullname")): Object: 'Object Repository/1412263_Page_Town Square - CNC_Nhom3 Mattermost/span_EditFullname' is clicked on

2021-05-29 15:21:51 - [MESSAGE][PASSED] - Object: 'Object Repository/1412263_Page_Town Square - CNC_Nhom3 Mattermost/span_EditFullname' is clicked on

2021-05-29 15:21:51 - [TEST_STEP][PASSED] - setText(findTestObject("1412263_Page_Town Square - CNC_Nhom3 Mattermost/input_First Name_firstName"), findTestData("1412263/Data TC3 UpdateFullName").getValue(1, i)): Text 'Nguyen' is set on object 'Object Repository/1412263_Page_Town Square - CNC_Nhom3 Mattermost/input_First Name_firstName'

2021-05-29 15:21:52 - [MESSAGE][PASSED] - Text 'Nguyen' is set on object 'Object Repository/1412263_Page_Town Square - CNC_Nhom3 Mattermost/input_First Name_firstName'

2021-05-29 15:21:52 - [TEST_STEP][PASSED] - setText(findTestObject("1412263_Page_Town Square - CNC_Nhom3 Mattermost/input_Last Name_lastName"), findTestData("1412263/Data TC3 UpdateFullName").getValue(2, i)): Text 'Thi B' is set on object 'Object Repository/1412263_Page_Town Square - CNC_Nhom3 Mattermost/input_Last Name_lastName'

2021-05-29 15:21:53 - [MESSAGE][PASSED] - Text 'Thi B' is set on object 'Object Repository/1412263_Page_Town Square - CNC_Nhom3 Mattermost/input_Last Name_lastName'

2021-05-29 15:21:53 - [TEST_STEP][PASSED] - click(findTestObject("1412263_Page_Town Square - CNC_Nhom3 Mattermost/span_Save")): Object: 'Object Repository/1412263_Page_Town Square - CNC_Nhom3 Mattermost/span_Save' is clicked on

2021-05-29 15:21:53 - [MESSAGE][PASSED] - Object: 'Object Repository/1412263_Page_Town Square - CNC_Nhom3 Mattermost/span_Save' is clicked on

2021-05-29 15:21:53 - [TEST_STEP][PASSED] - Thread.sleep(2000): null

2021-05-29 15:21:55 - [TEST_STEP][PASSED] - click(findTestObject("1412263_Page_Town Square - CNC_Nhom3 Mattermost/span_EditFullname")): Object: 'Object Repository/1412263_Page_Town Square - CNC_Nhom3 Mattermost/span_EditFullname' is clicked on

2021-05-29 15:21:56 - [MESSAGE][PASSED] - Object: 'Object Repository/1412263_Page_Town Square - CNC_Nhom3 Mattermost/span_EditFullname' is clicked on

2021-05-29 15:21:56 - [TEST_STEP][PASSED] - setText(findTestObject("1412263_Page_Town Square - CNC_Nhom3 Mattermost/input_First Name_firstName"), findTestData("1412263/Data TC3 UpdateFullName").getValue(1, i)): Text 'ABC' is set on object 'Object Repository/1412263_Page_Town Square - CNC_Nhom3 Mattermost/input_First Name_firstName'

2021-05-29 15:21:56 - [MESSAGE][PASSED] - Text 'ABC' is set on object 'Object Repository/1412263_Page_Town Square - CNC_Nhom3 Mattermost/input_First Name_firstName'

2021-05-29 15:21:56 - [TEST_STEP][PASSED] - setText(findTestObject("1412263_Page_Town Square - CNC_Nhom3 Mattermost/input_Last Name_lastName"), findTestData("1412263/Data TC3 UpdateFullName").getValue(2, i)): Text '346$%%$&><>Z?' is set on object 'Object Repository/1412263_Page_Town Square - CNC_Nhom3 Mattermost/input_Last Name_lastName'

2021-05-29 15:21:57 - [MESSAGE][PASSED] - Text '346$%%$&><>Z?' is set on object 'Object Repository/1412263_Page_Town Square - CNC_Nhom3 Mattermost/input_Last Name_lastName'

2021-05-29 15:21:57 - [TEST_STEP][PASSED] - click(findTestObject("1412263_Page_Town Square - CNC_Nhom3 Mattermost/span_Save")): Object: 'Object Repository/1412263_Page_Town Square - CNC_Nhom3 Mattermost/span_Save' is clicked on

2021-05-29 15:21:58 - [MESSAGE][PASSED] - Object: 'Object Repository/1412263_Page_Town Square - CNC_Nhom3 Mattermost/span_Save' is clicked on

2021-05-29 15:21:58 - [TEST_STEP][PASSED] - Thread.sleep(2000): null

2021-05-29 15:22:00 - [TEST_STEP][PASSED] - click(findTestObject("1412263_Page_Town Square - CNC_Nhom3 Mattermost/span_EditFullname")): Object: 'Object Repository/1412263_Page_Town Square - CNC_Nhom3 Mattermost/span_EditFullname' is clicked on

2021-05-29 15:22:00 - [MESSAGE][PASSED] - Object: 'Object Repository/1412263_Page_Town Square - CNC_Nhom3 Mattermost/span_EditFullname' is clicked on

2021-05-29 15:22:00 - [TEST_STEP][PASSED] - setText(findTestObject("1412263_Page_Town Square - CNC_Nhom3 Mattermost/input_First Name_firstName"), findTestData("1412263/Data TC3 UpdateFullName").getValue(1, i)): Text 'Huy Khoi' is set on object 'Object Repository/1412263_Page_Town Square - CNC_Nhom3 Mattermost/input_First Name_firstName'

2021-05-29 15:22:01 - [MESSAGE][PASSED] - Text 'Huy Khoi' is set on object 'Object Repository/1412263_Page_Town Square - CNC_Nhom3 Mattermost/input_First Name_firstName'

2021-05-29 15:22:01 - [TEST_STEP][PASSED] - setText(findTestObject("1412263_Page_Town Square - CNC_Nhom3 Mattermost/input_Last Name_lastName"), findTestData("1412263/Data TC3 UpdateFullName").getValue(2, i)): Text 'Nguyen' is set on object 'Object Repository/1412263_Page_Town Square - CNC_Nhom3 Mattermost/input_Last Name_lastName'

2021-05-29 15:22:01 - [MESSAGE][PASSED] - Text 'Nguyen' is set on object 'Object Repository/1412263_Page_Town Square - CNC_Nhom3 Mattermost/input_Last Name_lastName'

2021-05-29 15:22:01 - [TEST_STEP][PASSED] - click(findTestObject("1412263_Page_Town Square - CNC_Nhom3 Mattermost/span_Save")): Object: 'Object Repository/1412263_Page_Town Square - CNC_Nhom3 Mattermost/span_Save' is clicked on

2021-05-29 15:22:02 - [MESSAGE][PASSED] - Object: 'Object Repository/1412263_Page_Town Square - CNC_Nhom3 Mattermost/span_Save' is clicked on

2021-05-29 15:22:02 - [TEST_STEP][PASSED] - Thread.sleep(2000): null

2021-05-29 15:22:04 - [TEST_STEP][PASSED] - click(findTestObject("1412263_Page_Town Square - CNC_Nhom3 Mattermost/span_")): Object: 'Object Repository/1412263_Page_Town Square - CNC_Nhom3 Mattermost/span_' is clicked on

2021-05-29 15:22:04 - [MESSAGE][PASSED] - Object: 'Object Repository/1412263_Page_Town Square - CNC_Nhom3 Mattermost/span_' is clicked on

2021-05-29 15:22:04 - [TEST_STEP][PASSED] - closeBrowser(): Browser is closed

2021-05-29 15:22:05 - [MESSAGE][PASSED] - Browser is closed]]></system-out>
         <system-err><![CDATA[]]></system-err>
      </testcase>
      <testcase name="Test Cases/1412263/TC04_UpdateNickname" time="28.141" classname="Test Cases/1412263/TC04_UpdateNickname" status="PASSED">
         <system-out><![CDATA[2021-05-29 15:22:05 - [TEST_CASE][PASSED] - Test Cases/1412263/TC04_UpdateNickname: Test Cases/1412263/TC04_UpdateNickname

2021-05-29 15:22:05 - [TEST_STEP][PASSED] - openBrowser(""): Browser is opened with url: ''

2021-05-29 15:22:05 - [MESSAGE][INFO] - Starting 'Chrome' driver

2021-05-29 15:22:05 - [MESSAGE][INFO] - Action delay is set to 0 milliseconds

2021-05-29 15:22:06 - [MESSAGE][PASSED] - Browser is opened with url: ''

2021-05-29 15:22:06 - [TEST_STEP][PASSED] - navigateToUrl("http://mattermostwebapp.herokuapp.com/"): Navigate to 'http://mattermostwebapp.herokuapp.com/' successfully

2021-05-29 15:22:09 - [MESSAGE][PASSED] - Navigate to 'http://mattermostwebapp.herokuapp.com/' successfully

2021-05-29 15:22:09 - [TEST_STEP][PASSED] - setText(findTestObject("1412263_Page_Mattermost/input_All team communication in one place, _dcc84b"), "huykhoi263"): Text 'huykhoi263' is set on object 'Object Repository/1412263_Page_Mattermost/input_All team communication in one place, _dcc84b'

2021-05-29 15:22:14 - [MESSAGE][PASSED] - Text 'huykhoi263' is set on object 'Object Repository/1412263_Page_Mattermost/input_All team communication in one place, _dcc84b'

2021-05-29 15:22:14 - [TEST_STEP][PASSED] - setEncryptedText(findTestObject("1412263_Page_Mattermost/input_All team communication in one place, _a3edc6"), "o1rBehR+FzY2ClyWuSUtzg=="): Text ****** has been set on object 'Object Repository/1412263_Page_Mattermost/input_All team communication in one place, _a3edc6'

2021-05-29 15:22:15 - [MESSAGE][PASSED] - Text ****** has been set on object 'Object Repository/1412263_Page_Mattermost/input_All team communication in one place, _a3edc6'

2021-05-29 15:22:15 - [TEST_STEP][PASSED] - click(findTestObject("1412263_Page_Mattermost/button_Sign in")): Object: 'Object Repository/1412263_Page_Mattermost/button_Sign in' is clicked on

2021-05-29 15:22:16 - [MESSAGE][PASSED] - Object: 'Object Repository/1412263_Page_Mattermost/button_Sign in' is clicked on

2021-05-29 15:22:16 - [TEST_STEP][PASSED] - click(findTestObject("1412263_Page_Town Square - CNC_Nhom3 Mattermost/path")): Object: 'Object Repository/1412263_Page_Town Square - CNC_Nhom3 Mattermost/path' is clicked on

2021-05-29 15:22:19 - [MESSAGE][PASSED] - Object: 'Object Repository/1412263_Page_Town Square - CNC_Nhom3 Mattermost/path' is clicked on

2021-05-29 15:22:19 - [TEST_STEP][PASSED] - click(findTestObject("1412263_Page_Town Square - CNC_Nhom3 Mattermost/span_Account Settings")): Object: 'Object Repository/1412263_Page_Town Square - CNC_Nhom3 Mattermost/span_Account Settings' is clicked on

2021-05-29 15:22:19 - [MESSAGE][PASSED] - Object: 'Object Repository/1412263_Page_Town Square - CNC_Nhom3 Mattermost/span_Account Settings' is clicked on

2021-05-29 15:22:19 - [TEST_STEP][PASSED] - for ([i = 1, i <= 5, (i++)]): Object: 'Object Repository/1412263_Page_Town Square - CNC_Nhom3 Mattermost/span_Save' is clicked on

2021-05-29 15:22:19 - [TEST_STEP][PASSED] - click(findTestObject("1412263_Page_Town Square - CNC_Nhom3 Mattermost/span_EditNickname")): Object: 'Object Repository/1412263_Page_Town Square - CNC_Nhom3 Mattermost/span_EditNickname' is clicked on

2021-05-29 15:22:20 - [MESSAGE][PASSED] - Object: 'Object Repository/1412263_Page_Town Square - CNC_Nhom3 Mattermost/span_EditNickname' is clicked on

2021-05-29 15:22:20 - [TEST_STEP][PASSED] - setText(findTestObject("1412263_Page_Town Square - CNC_Nhom3 Mattermost/input_Nickname_nickname"), findTestData("1412263/Data TC3 UpdateFullName").getValue(2, i)): Text 'Huy Khoi' is set on object 'Object Repository/1412263_Page_Town Square - CNC_Nhom3 Mattermost/input_Nickname_nickname'

2021-05-29 15:22:21 - [MESSAGE][PASSED] - Text 'Huy Khoi' is set on object 'Object Repository/1412263_Page_Town Square - CNC_Nhom3 Mattermost/input_Nickname_nickname'

2021-05-29 15:22:21 - [TEST_STEP][PASSED] - click(findTestObject("1412263_Page_Town Square - CNC_Nhom3 Mattermost/span_Save")): Object: 'Object Repository/1412263_Page_Town Square - CNC_Nhom3 Mattermost/span_Save' is clicked on

2021-05-29 15:22:21 - [MESSAGE][PASSED] - Object: 'Object Repository/1412263_Page_Town Square - CNC_Nhom3 Mattermost/span_Save' is clicked on

2021-05-29 15:22:21 - [TEST_STEP][PASSED] - click(findTestObject("1412263_Page_Town Square - CNC_Nhom3 Mattermost/span_EditNickname")): Object: 'Object Repository/1412263_Page_Town Square - CNC_Nhom3 Mattermost/span_EditNickname' is clicked on

2021-05-29 15:22:22 - [MESSAGE][PASSED] - Object: 'Object Repository/1412263_Page_Town Square - CNC_Nhom3 Mattermost/span_EditNickname' is clicked on

2021-05-29 15:22:22 - [TEST_STEP][PASSED] - setText(findTestObject("1412263_Page_Town Square - CNC_Nhom3 Mattermost/input_Nickname_nickname"), findTestData("1412263/Data TC3 UpdateFullName").getValue(2, i)): Text 'Van A' is set on object 'Object Repository/1412263_Page_Town Square - CNC_Nhom3 Mattermost/input_Nickname_nickname'

2021-05-29 15:22:23 - [MESSAGE][PASSED] - Text 'Van A' is set on object 'Object Repository/1412263_Page_Town Square - CNC_Nhom3 Mattermost/input_Nickname_nickname'

2021-05-29 15:22:23 - [TEST_STEP][PASSED] - click(findTestObject("1412263_Page_Town Square - CNC_Nhom3 Mattermost/span_Save")): Object: 'Object Repository/1412263_Page_Town Square - CNC_Nhom3 Mattermost/span_Save' is clicked on

2021-05-29 15:22:24 - [MESSAGE][PASSED] - Object: 'Object Repository/1412263_Page_Town Square - CNC_Nhom3 Mattermost/span_Save' is clicked on

2021-05-29 15:22:24 - [TEST_STEP][PASSED] - click(findTestObject("1412263_Page_Town Square - CNC_Nhom3 Mattermost/span_EditNickname")): Object: 'Object Repository/1412263_Page_Town Square - CNC_Nhom3 Mattermost/span_EditNickname' is clicked on

2021-05-29 15:22:25 - [MESSAGE][PASSED] - Object: 'Object Repository/1412263_Page_Town Square - CNC_Nhom3 Mattermost/span_EditNickname' is clicked on

2021-05-29 15:22:25 - [TEST_STEP][PASSED] - setText(findTestObject("1412263_Page_Town Square - CNC_Nhom3 Mattermost/input_Nickname_nickname"), findTestData("1412263/Data TC3 UpdateFullName").getValue(2, i)): Text 'Thi B' is set on object 'Object Repository/1412263_Page_Town Square - CNC_Nhom3 Mattermost/input_Nickname_nickname'

2021-05-29 15:22:26 - [MESSAGE][PASSED] - Text 'Thi B' is set on object 'Object Repository/1412263_Page_Town Square - CNC_Nhom3 Mattermost/input_Nickname_nickname'

2021-05-29 15:22:26 - [TEST_STEP][PASSED] - click(findTestObject("1412263_Page_Town Square - CNC_Nhom3 Mattermost/span_Save")): Object: 'Object Repository/1412263_Page_Town Square - CNC_Nhom3 Mattermost/span_Save' is clicked on

2021-05-29 15:22:26 - [MESSAGE][PASSED] - Object: 'Object Repository/1412263_Page_Town Square - CNC_Nhom3 Mattermost/span_Save' is clicked on

2021-05-29 15:22:26 - [TEST_STEP][PASSED] - click(findTestObject("1412263_Page_Town Square - CNC_Nhom3 Mattermost/span_EditNickname")): Object: 'Object Repository/1412263_Page_Town Square - CNC_Nhom3 Mattermost/span_EditNickname' is clicked on

2021-05-29 15:22:27 - [MESSAGE][PASSED] - Object: 'Object Repository/1412263_Page_Town Square - CNC_Nhom3 Mattermost/span_EditNickname' is clicked on

2021-05-29 15:22:27 - [TEST_STEP][PASSED] - setText(findTestObject("1412263_Page_Town Square - CNC_Nhom3 Mattermost/input_Nickname_nickname"), findTestData("1412263/Data TC3 UpdateFullName").getValue(2, i)): Text '346$%%$&><>Z?' is set on object 'Object Repository/1412263_Page_Town Square - CNC_Nhom3 Mattermost/input_Nickname_nickname'

2021-05-29 15:22:28 - [MESSAGE][PASSED] - Text '346$%%$&><>Z?' is set on object 'Object Repository/1412263_Page_Town Square - CNC_Nhom3 Mattermost/input_Nickname_nickname'

2021-05-29 15:22:28 - [TEST_STEP][PASSED] - click(findTestObject("1412263_Page_Town Square - CNC_Nhom3 Mattermost/span_Save")): Object: 'Object Repository/1412263_Page_Town Square - CNC_Nhom3 Mattermost/span_Save' is clicked on

2021-05-29 15:22:29 - [MESSAGE][PASSED] - Object: 'Object Repository/1412263_Page_Town Square - CNC_Nhom3 Mattermost/span_Save' is clicked on

2021-05-29 15:22:29 - [TEST_STEP][PASSED] - click(findTestObject("1412263_Page_Town Square - CNC_Nhom3 Mattermost/span_EditNickname")): Object: 'Object Repository/1412263_Page_Town Square - CNC_Nhom3 Mattermost/span_EditNickname' is clicked on

2021-05-29 15:22:30 - [MESSAGE][PASSED] - Object: 'Object Repository/1412263_Page_Town Square - CNC_Nhom3 Mattermost/span_EditNickname' is clicked on

2021-05-29 15:22:30 - [TEST_STEP][PASSED] - setText(findTestObject("1412263_Page_Town Square - CNC_Nhom3 Mattermost/input_Nickname_nickname"), findTestData("1412263/Data TC3 UpdateFullName").getValue(2, i)): Text 'Nguyen' is set on object 'Object Repository/1412263_Page_Town Square - CNC_Nhom3 Mattermost/input_Nickname_nickname'

2021-05-29 15:22:31 - [MESSAGE][PASSED] - Text 'Nguyen' is set on object 'Object Repository/1412263_Page_Town Square - CNC_Nhom3 Mattermost/input_Nickname_nickname'

2021-05-29 15:22:31 - [TEST_STEP][PASSED] - click(findTestObject("1412263_Page_Town Square - CNC_Nhom3 Mattermost/span_Save")): Object: 'Object Repository/1412263_Page_Town Square - CNC_Nhom3 Mattermost/span_Save' is clicked on

2021-05-29 15:22:31 - [MESSAGE][PASSED] - Object: 'Object Repository/1412263_Page_Town Square - CNC_Nhom3 Mattermost/span_Save' is clicked on

2021-05-29 15:22:31 - [TEST_STEP][PASSED] - click(findTestObject("1412263_Page_Town Square - CNC_Nhom3 Mattermost/span_")): Object: 'Object Repository/1412263_Page_Town Square - CNC_Nhom3 Mattermost/span_' is clicked on

2021-05-29 15:22:32 - [MESSAGE][PASSED] - Object: 'Object Repository/1412263_Page_Town Square - CNC_Nhom3 Mattermost/span_' is clicked on

2021-05-29 15:22:32 - [TEST_STEP][PASSED] - closeBrowser(): Browser is closed

2021-05-29 15:22:33 - [MESSAGE][PASSED] - Browser is closed]]></system-out>
         <system-err><![CDATA[]]></system-err>
      </testcase>
      <testcase name="Test Cases/1412263/TC05_UpdateUsername" time="17.104" classname="Test Cases/1412263/TC05_UpdateUsername" status="PASSED">
         <system-out><![CDATA[2021-05-29 15:22:33 - [TEST_CASE][PASSED] - Test Cases/1412263/TC05_UpdateUsername: Test Cases/1412263/TC05_UpdateUsername

2021-05-29 15:22:33 - [TEST_STEP][PASSED] - openBrowser(""): Browser is opened with url: ''

2021-05-29 15:22:33 - [MESSAGE][INFO] - Starting 'Chrome' driver

2021-05-29 15:22:33 - [MESSAGE][INFO] - Action delay is set to 0 milliseconds

2021-05-29 15:22:35 - [MESSAGE][PASSED] - Browser is opened with url: ''

2021-05-29 15:22:35 - [TEST_STEP][PASSED] - navigateToUrl("http://mattermostwebapp.herokuapp.com/"): Navigate to 'http://mattermostwebapp.herokuapp.com/' successfully

2021-05-29 15:22:37 - [MESSAGE][PASSED] - Navigate to 'http://mattermostwebapp.herokuapp.com/' successfully

2021-05-29 15:22:37 - [TEST_STEP][PASSED] - setText(findTestObject("1412263_Page_Mattermost/input_All team communication in one place, _dcc84b"), "huykhoi263"): Text 'huykhoi263' is set on object 'Object Repository/1412263_Page_Mattermost/input_All team communication in one place, _dcc84b'

2021-05-29 15:22:42 - [MESSAGE][PASSED] - Text 'huykhoi263' is set on object 'Object Repository/1412263_Page_Mattermost/input_All team communication in one place, _dcc84b'

2021-05-29 15:22:42 - [TEST_STEP][PASSED] - setEncryptedText(findTestObject("1412263_Page_Mattermost/input_All team communication in one place, _a3edc6"), "o1rBehR+FzY2ClyWuSUtzg=="): Text ****** has been set on object 'Object Repository/1412263_Page_Mattermost/input_All team communication in one place, _a3edc6'

2021-05-29 15:22:43 - [MESSAGE][PASSED] - Text ****** has been set on object 'Object Repository/1412263_Page_Mattermost/input_All team communication in one place, _a3edc6'

2021-05-29 15:22:43 - [TEST_STEP][PASSED] - click(findTestObject("1412263_Page_Mattermost/span_Sign in")): Object: 'Object Repository/1412263_Page_Mattermost/span_Sign in' is clicked on

2021-05-29 15:22:43 - [MESSAGE][PASSED] - Object: 'Object Repository/1412263_Page_Mattermost/span_Sign in' is clicked on

2021-05-29 15:22:43 - [TEST_STEP][PASSED] - click(findTestObject("1412263_Page_Town Square - CNC_Nhom3 Mattermost/span")): Object: 'Object Repository/1412263_Page_Town Square - CNC_Nhom3 Mattermost/span' is clicked on

2021-05-29 15:22:47 - [MESSAGE][PASSED] - Object: 'Object Repository/1412263_Page_Town Square - CNC_Nhom3 Mattermost/span' is clicked on

2021-05-29 15:22:47 - [TEST_STEP][PASSED] - click(findTestObject("1412263_Page_Town Square - CNC_Nhom3 Mattermost/button_Account Settings")): Object: 'Object Repository/1412263_Page_Town Square - CNC_Nhom3 Mattermost/button_Account Settings' is clicked on

2021-05-29 15:22:47 - [MESSAGE][PASSED] - Object: 'Object Repository/1412263_Page_Town Square - CNC_Nhom3 Mattermost/button_Account Settings' is clicked on

2021-05-29 15:22:47 - [TEST_STEP][PASSED] - click(findTestObject("1412263_Page_Town Square - CNC_Nhom3 Mattermost/span_EditUsername")): Object: 'Object Repository/1412263_Page_Town Square - CNC_Nhom3 Mattermost/span_EditUsername' is clicked on

2021-05-29 15:22:48 - [MESSAGE][PASSED] - Object: 'Object Repository/1412263_Page_Town Square - CNC_Nhom3 Mattermost/span_EditUsername' is clicked on

2021-05-29 15:22:48 - [TEST_STEP][PASSED] - setText(findTestObject("1412263_Page_Town Square - CNC_Nhom3 Mattermost/input_Username_username"), "huykhoi263"): Text 'huykhoi263' is set on object 'Object Repository/1412263_Page_Town Square - CNC_Nhom3 Mattermost/input_Username_username'

2021-05-29 15:22:49 - [MESSAGE][PASSED] - Text 'huykhoi263' is set on object 'Object Repository/1412263_Page_Town Square - CNC_Nhom3 Mattermost/input_Username_username'

2021-05-29 15:22:49 - [TEST_STEP][PASSED] - click(findTestObject("1412263_Page_Town Square - CNC_Nhom3 Mattermost/button_Save")): Object: 'Object Repository/1412263_Page_Town Square - CNC_Nhom3 Mattermost/button_Save' is clicked on

2021-05-29 15:22:49 - [MESSAGE][PASSED] - Object: 'Object Repository/1412263_Page_Town Square - CNC_Nhom3 Mattermost/button_Save' is clicked on

2021-05-29 15:22:49 - [TEST_STEP][PASSED] - click(findTestObject("1412263_Page_Town Square - CNC_Nhom3 Mattermost/span_")): Object: 'Object Repository/1412263_Page_Town Square - CNC_Nhom3 Mattermost/span_' is clicked on

2021-05-29 15:22:50 - [MESSAGE][PASSED] - Object: 'Object Repository/1412263_Page_Town Square - CNC_Nhom3 Mattermost/span_' is clicked on

2021-05-29 15:22:50 - [TEST_STEP][PASSED] - closeBrowser(): Browser is closed

2021-05-29 15:22:50 - [MESSAGE][PASSED] - Browser is closed]]></system-out>
         <system-err><![CDATA[]]></system-err>
      </testcase>
      <testcase name="Test Cases/1412263/TC06_UpdatePosition" time="16.005" classname="Test Cases/1412263/TC06_UpdatePosition" status="PASSED">
         <system-out><![CDATA[2021-05-29 15:22:50 - [TEST_CASE][PASSED] - Test Cases/1412263/TC06_UpdatePosition: Test Cases/1412263/TC06_UpdatePosition

2021-05-29 15:22:51 - [TEST_STEP][PASSED] - openBrowser(""): Browser is opened with url: ''

2021-05-29 15:22:51 - [MESSAGE][INFO] - Starting 'Chrome' driver

2021-05-29 15:22:51 - [MESSAGE][INFO] - Action delay is set to 0 milliseconds

2021-05-29 15:22:52 - [MESSAGE][PASSED] - Browser is opened with url: ''

2021-05-29 15:22:52 - [TEST_STEP][PASSED] - navigateToUrl("http://mattermostwebapp.herokuapp.com/"): Navigate to 'http://mattermostwebapp.herokuapp.com/' successfully

2021-05-29 15:22:55 - [MESSAGE][PASSED] - Navigate to 'http://mattermostwebapp.herokuapp.com/' successfully

2021-05-29 15:22:55 - [TEST_STEP][PASSED] - setText(findTestObject("1412263_Page_Mattermost/input_All team communication in one place, _dcc84b"), "huykhoi263"): Text 'huykhoi263' is set on object 'Object Repository/1412263_Page_Mattermost/input_All team communication in one place, _dcc84b'

2021-05-29 15:22:59 - [MESSAGE][PASSED] - Text 'huykhoi263' is set on object 'Object Repository/1412263_Page_Mattermost/input_All team communication in one place, _dcc84b'

2021-05-29 15:22:59 - [TEST_STEP][PASSED] - setEncryptedText(findTestObject("1412263_Page_Mattermost/input_All team communication in one place, _a3edc6"), "o1rBehR+FzY2ClyWuSUtzg=="): Text ****** has been set on object 'Object Repository/1412263_Page_Mattermost/input_All team communication in one place, _a3edc6'

2021-05-29 15:22:59 - [MESSAGE][PASSED] - Text ****** has been set on object 'Object Repository/1412263_Page_Mattermost/input_All team communication in one place, _a3edc6'

2021-05-29 15:22:59 - [TEST_STEP][PASSED] - sendKeys(findTestObject("1412263_Page_Mattermost/input_All team communication in one place, _a3edc6"), Keys.chord(ENTER)): Keys 'ENTER + ' sent to object: 'Object Repository/1412263_Page_Mattermost/input_All team communication in one place, _a3edc6'

2021-05-29 15:23:00 - [MESSAGE][PASSED] - Keys 'ENTER + ' sent to object: 'Object Repository/1412263_Page_Mattermost/input_All team communication in one place, _a3edc6'

2021-05-29 15:23:00 - [TEST_STEP][PASSED] - click(findTestObject("1412263_Page_Town Square - CNC_Nhom3 Mattermost/button_huykhoi263_style--none sidebar-heade_fefe58")): Object: 'Object Repository/1412263_Page_Town Square - CNC_Nhom3 Mattermost/button_huykhoi263_style--none sidebar-heade_fefe58' is clicked on

2021-05-29 15:23:03 - [MESSAGE][PASSED] - Object: 'Object Repository/1412263_Page_Town Square - CNC_Nhom3 Mattermost/button_huykhoi263_style--none sidebar-heade_fefe58' is clicked on

2021-05-29 15:23:03 - [TEST_STEP][PASSED] - click(findTestObject("1412263_Page_Town Square - CNC_Nhom3 Mattermost/button_Account Settings")): Object: 'Object Repository/1412263_Page_Town Square - CNC_Nhom3 Mattermost/button_Account Settings' is clicked on

2021-05-29 15:23:03 - [MESSAGE][PASSED] - Object: 'Object Repository/1412263_Page_Town Square - CNC_Nhom3 Mattermost/button_Account Settings' is clicked on

2021-05-29 15:23:03 - [TEST_STEP][PASSED] - click(findTestObject("1412263_Page_Town Square - CNC_Nhom3 Mattermost/span_EditPosition")): Object: 'Object Repository/1412263_Page_Town Square - CNC_Nhom3 Mattermost/span_EditPosition' is clicked on

2021-05-29 15:23:04 - [MESSAGE][PASSED] - Object: 'Object Repository/1412263_Page_Town Square - CNC_Nhom3 Mattermost/span_EditPosition' is clicked on

2021-05-29 15:23:04 - [TEST_STEP][PASSED] - setText(findTestObject("1412263_Page_Town Square - CNC_Nhom3 Mattermost/input_Position_position"), "student"): Text 'student' is set on object 'Object Repository/1412263_Page_Town Square - CNC_Nhom3 Mattermost/input_Position_position'

2021-05-29 15:23:05 - [MESSAGE][PASSED] - Text 'student' is set on object 'Object Repository/1412263_Page_Town Square - CNC_Nhom3 Mattermost/input_Position_position'

2021-05-29 15:23:05 - [TEST_STEP][PASSED] - click(findTestObject("1412263_Page_Town Square - CNC_Nhom3 Mattermost/span_Save")): Object: 'Object Repository/1412263_Page_Town Square - CNC_Nhom3 Mattermost/span_Save' is clicked on

2021-05-29 15:23:05 - [MESSAGE][PASSED] - Object: 'Object Repository/1412263_Page_Town Square - CNC_Nhom3 Mattermost/span_Save' is clicked on

2021-05-29 15:23:05 - [TEST_STEP][PASSED] - click(findTestObject("1412263_Page_Town Square - CNC_Nhom3 Mattermost/span_")): Object: 'Object Repository/1412263_Page_Town Square - CNC_Nhom3 Mattermost/span_' is clicked on

2021-05-29 15:23:06 - [MESSAGE][PASSED] - Object: 'Object Repository/1412263_Page_Town Square - CNC_Nhom3 Mattermost/span_' is clicked on

2021-05-29 15:23:06 - [TEST_STEP][PASSED] - closeBrowser(): Browser is closed

2021-05-29 15:23:06 - [MESSAGE][PASSED] - Browser is closed]]></system-out>
         <system-err><![CDATA[]]></system-err>
      </testcase>
      <testcase name="Test Cases/1412263/TC07_UpdateEmail" time="18.51" classname="Test Cases/1412263/TC07_UpdateEmail" status="PASSED">
         <system-out><![CDATA[2021-05-29 15:23:06 - [TEST_CASE][PASSED] - Test Cases/1412263/TC07_UpdateEmail: Test Cases/1412263/TC07_UpdateEmail

2021-05-29 15:23:06 - [TEST_STEP][PASSED] - openBrowser(""): Browser is opened with url: ''

2021-05-29 15:23:07 - [MESSAGE][INFO] - Starting 'Chrome' driver

2021-05-29 15:23:07 - [MESSAGE][INFO] - Action delay is set to 0 milliseconds

2021-05-29 15:23:08 - [MESSAGE][PASSED] - Browser is opened with url: ''

2021-05-29 15:23:08 - [TEST_STEP][PASSED] - navigateToUrl("http://mattermostwebapp.herokuapp.com/"): Navigate to 'http://mattermostwebapp.herokuapp.com/' successfully

2021-05-29 15:23:11 - [MESSAGE][PASSED] - Navigate to 'http://mattermostwebapp.herokuapp.com/' successfully

2021-05-29 15:23:11 - [TEST_STEP][PASSED] - setText(findTestObject("1412263_Page_Mattermost/input_All team communication in one place, _dcc84b"), "huykhoi263"): Text 'huykhoi263' is set on object 'Object Repository/1412263_Page_Mattermost/input_All team communication in one place, _dcc84b'

2021-05-29 15:23:16 - [MESSAGE][PASSED] - Text 'huykhoi263' is set on object 'Object Repository/1412263_Page_Mattermost/input_All team communication in one place, _dcc84b'

2021-05-29 15:23:16 - [TEST_STEP][PASSED] - setEncryptedText(findTestObject("1412263_Page_Mattermost/input_All team communication in one place, _a3edc6"), "o1rBehR+FzY2ClyWuSUtzg=="): Text ****** has been set on object 'Object Repository/1412263_Page_Mattermost/input_All team communication in one place, _a3edc6'

2021-05-29 15:23:16 - [MESSAGE][PASSED] - Text ****** has been set on object 'Object Repository/1412263_Page_Mattermost/input_All team communication in one place, _a3edc6'

2021-05-29 15:23:16 - [TEST_STEP][PASSED] - click(findTestObject("1412263_Page_Mattermost/span_Sign in")): Object: 'Object Repository/1412263_Page_Mattermost/span_Sign in' is clicked on

2021-05-29 15:23:17 - [MESSAGE][PASSED] - Object: 'Object Repository/1412263_Page_Mattermost/span_Sign in' is clicked on

2021-05-29 15:23:17 - [TEST_STEP][PASSED] - click(findTestObject("1412263_Page_Town Square - CNC_Nhom3 Mattermost/path")): Object: 'Object Repository/1412263_Page_Town Square - CNC_Nhom3 Mattermost/path' is clicked on

2021-05-29 15:23:20 - [MESSAGE][PASSED] - Object: 'Object Repository/1412263_Page_Town Square - CNC_Nhom3 Mattermost/path' is clicked on

2021-05-29 15:23:20 - [TEST_STEP][PASSED] - click(findTestObject("1412263_Page_Town Square - CNC_Nhom3 Mattermost/button_Account Settings")): Object: 'Object Repository/1412263_Page_Town Square - CNC_Nhom3 Mattermost/button_Account Settings' is clicked on

2021-05-29 15:23:21 - [MESSAGE][PASSED] - Object: 'Object Repository/1412263_Page_Town Square - CNC_Nhom3 Mattermost/button_Account Settings' is clicked on

2021-05-29 15:23:21 - [TEST_STEP][PASSED] - click(findTestObject("1412263_Page_Town Square - CNC_Nhom3 Mattermost/span_EditEmail")): Object: 'Object Repository/1412263_Page_Town Square - CNC_Nhom3 Mattermost/span_EditEmail' is clicked on

2021-05-29 15:23:21 - [MESSAGE][PASSED] - Object: 'Object Repository/1412263_Page_Town Square - CNC_Nhom3 Mattermost/span_EditEmail' is clicked on

2021-05-29 15:23:21 - [TEST_STEP][PASSED] - setText(findTestObject("1412263_Page_Town Square - CNC_Nhom3 Mattermost/input_New Email_primaryEmail"), "huykhoiabca@gmail.com"): Text 'huykhoiabca@gmail.com' is set on object 'Object Repository/1412263_Page_Town Square - CNC_Nhom3 Mattermost/input_New Email_primaryEmail'

2021-05-29 15:23:22 - [MESSAGE][PASSED] - Text 'huykhoiabca@gmail.com' is set on object 'Object Repository/1412263_Page_Town Square - CNC_Nhom3 Mattermost/input_New Email_primaryEmail'

2021-05-29 15:23:22 - [TEST_STEP][PASSED] - setText(findTestObject("1412263_Page_Town Square - CNC_Nhom3 Mattermost/input_Confirm Email_confirmEmail"), "huykhoiabca@gmail.com"): Text 'huykhoiabca@gmail.com' is set on object 'Object Repository/1412263_Page_Town Square - CNC_Nhom3 Mattermost/input_Confirm Email_confirmEmail'

2021-05-29 15:23:23 - [MESSAGE][PASSED] - Text 'huykhoiabca@gmail.com' is set on object 'Object Repository/1412263_Page_Town Square - CNC_Nhom3 Mattermost/input_Confirm Email_confirmEmail'

2021-05-29 15:23:23 - [TEST_STEP][PASSED] - setEncryptedText(findTestObject("1412263_Page_Town Square - CNC_Nhom3 Mattermost/input_Current Password_currentPassword"), "o1rBehR+FzY2ClyWuSUtzg=="): Text ****** has been set on object 'Object Repository/1412263_Page_Town Square - CNC_Nhom3 Mattermost/input_Current Password_currentPassword'

2021-05-29 15:23:23 - [MESSAGE][PASSED] - Text ****** has been set on object 'Object Repository/1412263_Page_Town Square - CNC_Nhom3 Mattermost/input_Current Password_currentPassword'

2021-05-29 15:23:23 - [TEST_STEP][PASSED] - click(findTestObject("1412263_Page_Town Square - CNC_Nhom3 Mattermost/span_Save")): Object: 'Object Repository/1412263_Page_Town Square - CNC_Nhom3 Mattermost/span_Save' is clicked on

2021-05-29 15:23:24 - [MESSAGE][PASSED] - Object: 'Object Repository/1412263_Page_Town Square - CNC_Nhom3 Mattermost/span_Save' is clicked on

2021-05-29 15:23:24 - [TEST_STEP][PASSED] - click(findTestObject("1412263_Page_Town Square - CNC_Nhom3 Mattermost/button_Close")): Object: 'Object Repository/1412263_Page_Town Square - CNC_Nhom3 Mattermost/button_Close' is clicked on

2021-05-29 15:23:24 - [MESSAGE][PASSED] - Object: 'Object Repository/1412263_Page_Town Square - CNC_Nhom3 Mattermost/button_Close' is clicked on

2021-05-29 15:23:24 - [TEST_STEP][PASSED] - closeBrowser(): Browser is closed

2021-05-29 15:23:25 - [MESSAGE][PASSED] - Browser is closed]]></system-out>
         <system-err><![CDATA[]]></system-err>
      </testcase>
      <testcase name="Test Cases/1412263/TC08_ResetPassword" time="42.442" classname="Test Cases/1412263/TC08_ResetPassword" status="PASSED">
         <system-out><![CDATA[2021-05-29 15:23:25 - [TEST_CASE][PASSED] - Test Cases/1412263/TC08_ResetPassword: Test Cases/1412263/TC08_ResetPassword

2021-05-29 15:23:25 - [TEST_STEP][PASSED] - openBrowser(""): Browser is opened with url: ''

2021-05-29 15:23:25 - [MESSAGE][INFO] - Starting 'Chrome' driver

2021-05-29 15:23:25 - [MESSAGE][INFO] - Action delay is set to 0 milliseconds

2021-05-29 15:23:26 - [MESSAGE][PASSED] - Browser is opened with url: ''

2021-05-29 15:23:26 - [TEST_STEP][PASSED] - navigateToUrl("http://mattermostwebapp.herokuapp.com/"): Navigate to 'http://mattermostwebapp.herokuapp.com/' successfully

2021-05-29 15:23:30 - [MESSAGE][PASSED] - Navigate to 'http://mattermostwebapp.herokuapp.com/' successfully

2021-05-29 15:23:30 - [TEST_STEP][PASSED] - setText(findTestObject("1412263_Page_Mattermost/input_All team communication in one place, _dcc84b (1)"), "huykhoi263"): Text 'huykhoi263' is set on object 'Object Repository/1412263_Page_Mattermost/input_All team communication in one place, _dcc84b (1)'

2021-05-29 15:23:34 - [MESSAGE][PASSED] - Text 'huykhoi263' is set on object 'Object Repository/1412263_Page_Mattermost/input_All team communication in one place, _dcc84b (1)'

2021-05-29 15:23:34 - [TEST_STEP][PASSED] - setEncryptedText(findTestObject("1412263_Page_Mattermost/input_All team communication in one place, _a3edc6 (1)"), "o1rBehR+FzY2ClyWuSUtzg=="): Text ****** has been set on object 'Object Repository/1412263_Page_Mattermost/input_All team communication in one place, _a3edc6 (1)'

2021-05-29 15:23:35 - [MESSAGE][PASSED] - Text ****** has been set on object 'Object Repository/1412263_Page_Mattermost/input_All team communication in one place, _a3edc6 (1)'

2021-05-29 15:23:35 - [TEST_STEP][PASSED] - click(findTestObject("1612049/Login_Screen/btn_Signin")): Object: 'Object Repository/1612049/Login_Screen/btn_Signin' is clicked on

2021-05-29 15:23:35 - [MESSAGE][PASSED] - Object: 'Object Repository/1612049/Login_Screen/btn_Signin' is clicked on

2021-05-29 15:23:35 - [TEST_STEP][PASSED] - click(findTestObject("1412263_Page_Town Square - CNC_Nhom3 Mattermost/path")): Object: 'Object Repository/1412263_Page_Town Square - CNC_Nhom3 Mattermost/path' is clicked on

2021-05-29 15:23:38 - [MESSAGE][PASSED] - Object: 'Object Repository/1412263_Page_Town Square - CNC_Nhom3 Mattermost/path' is clicked on

2021-05-29 15:23:38 - [TEST_STEP][PASSED] - click(findTestObject("1412263_Page_Town Square - CNC_Nhom3 Mattermost/span_System Console")): Object: 'Object Repository/1412263_Page_Town Square - CNC_Nhom3 Mattermost/span_System Console' is clicked on

2021-05-29 15:23:39 - [MESSAGE][PASSED] - Object: 'Object Repository/1412263_Page_Town Square - CNC_Nhom3 Mattermost/span_System Console' is clicked on

2021-05-29 15:23:39 - [TEST_STEP][PASSED] - click(findTestObject("1412263_Page_System Console - Mattermost/a_Users")): Object: 'Object Repository/1412263_Page_System Console - Mattermost/a_Users' is clicked on

2021-05-29 15:23:41 - [MESSAGE][PASSED] - Object: 'Object Repository/1412263_Page_System Console - Mattermost/a_Users' is clicked on

2021-05-29 15:23:41 - [TEST_STEP][PASSED] - for ([i = 1, i <= 5, (i++)]): null

2021-05-29 15:23:41 - [TEST_STEP][PASSED] - click(findTestObject("1412263_Page_System Console - Mattermost/a_System Admin")): Object: 'Object Repository/1412263_Page_System Console - Mattermost/a_System Admin' is clicked on

2021-05-29 15:23:42 - [MESSAGE][PASSED] - Object: 'Object Repository/1412263_Page_System Console - Mattermost/a_System Admin' is clicked on

2021-05-29 15:23:42 - [TEST_STEP][PASSED] - click(findTestObject("1412263_Page_System Console - Mattermost/span_Reset Password")): Object: 'Object Repository/1412263_Page_System Console - Mattermost/span_Reset Password' is clicked on

2021-05-29 15:23:43 - [MESSAGE][PASSED] - Object: 'Object Repository/1412263_Page_System Console - Mattermost/span_Reset Password' is clicked on

2021-05-29 15:23:43 - [TEST_STEP][PASSED] - setEncryptedText(findTestObject("1412263_Page_System Console - Mattermost/input_New Password_form-control"), findTestData("1412263/Data TC8 ResetPassword").getValue(1, i)): Text ****** has been set on object 'Object Repository/1412263_Page_System Console - Mattermost/input_New Password_form-control'

2021-05-29 15:23:44 - [MESSAGE][PASSED] - Text ****** has been set on object 'Object Repository/1412263_Page_System Console - Mattermost/input_New Password_form-control'

2021-05-29 15:23:44 - [TEST_STEP][PASSED] - click(findTestObject("1412263_Page_System Console - Mattermost/button_Reset")): Object: 'Object Repository/1412263_Page_System Console - Mattermost/button_Reset' is clicked on

2021-05-29 15:23:44 - [MESSAGE][PASSED] - Object: 'Object Repository/1412263_Page_System Console - Mattermost/button_Reset' is clicked on

2021-05-29 15:23:44 - [TEST_STEP][PASSED] - Thread.sleep(3000): null

2021-05-29 15:23:47 - [TEST_STEP][PASSED] - click(findTestObject("1412263_Page_System Console - Mattermost/a_System Admin")): Object: 'Object Repository/1412263_Page_System Console - Mattermost/a_System Admin' is clicked on

2021-05-29 15:23:47 - [MESSAGE][PASSED] - Object: 'Object Repository/1412263_Page_System Console - Mattermost/a_System Admin' is clicked on

2021-05-29 15:23:47 - [TEST_STEP][PASSED] - click(findTestObject("1412263_Page_System Console - Mattermost/span_Reset Password")): Object: 'Object Repository/1412263_Page_System Console - Mattermost/span_Reset Password' is clicked on

2021-05-29 15:23:48 - [MESSAGE][PASSED] - Object: 'Object Repository/1412263_Page_System Console - Mattermost/span_Reset Password' is clicked on

2021-05-29 15:23:48 - [TEST_STEP][PASSED] - setEncryptedText(findTestObject("1412263_Page_System Console - Mattermost/input_New Password_form-control"), findTestData("1412263/Data TC8 ResetPassword").getValue(1, i)): Text ****** has been set on object 'Object Repository/1412263_Page_System Console - Mattermost/input_New Password_form-control'

2021-05-29 15:23:48 - [MESSAGE][PASSED] - Text ****** has been set on object 'Object Repository/1412263_Page_System Console - Mattermost/input_New Password_form-control'

2021-05-29 15:23:48 - [TEST_STEP][PASSED] - click(findTestObject("1412263_Page_System Console - Mattermost/button_Reset")): Object: 'Object Repository/1412263_Page_System Console - Mattermost/button_Reset' is clicked on

2021-05-29 15:23:49 - [MESSAGE][PASSED] - Object: 'Object Repository/1412263_Page_System Console - Mattermost/button_Reset' is clicked on

2021-05-29 15:23:49 - [TEST_STEP][PASSED] - Thread.sleep(3000): null

2021-05-29 15:23:52 - [TEST_STEP][PASSED] - click(findTestObject("1412263_Page_System Console - Mattermost/a_System Admin")): Object: 'Object Repository/1412263_Page_System Console - Mattermost/a_System Admin' is clicked on

2021-05-29 15:23:52 - [MESSAGE][PASSED] - Object: 'Object Repository/1412263_Page_System Console - Mattermost/a_System Admin' is clicked on

2021-05-29 15:23:52 - [TEST_STEP][PASSED] - click(findTestObject("1412263_Page_System Console - Mattermost/span_Reset Password")): Object: 'Object Repository/1412263_Page_System Console - Mattermost/span_Reset Password' is clicked on

2021-05-29 15:23:53 - [MESSAGE][PASSED] - Object: 'Object Repository/1412263_Page_System Console - Mattermost/span_Reset Password' is clicked on

2021-05-29 15:23:53 - [TEST_STEP][PASSED] - setEncryptedText(findTestObject("1412263_Page_System Console - Mattermost/input_New Password_form-control"), findTestData("1412263/Data TC8 ResetPassword").getValue(1, i)): Text ****** has been set on object 'Object Repository/1412263_Page_System Console - Mattermost/input_New Password_form-control'

2021-05-29 15:23:53 - [MESSAGE][PASSED] - Text ****** has been set on object 'Object Repository/1412263_Page_System Console - Mattermost/input_New Password_form-control'

2021-05-29 15:23:53 - [TEST_STEP][PASSED] - click(findTestObject("1412263_Page_System Console - Mattermost/button_Reset")): Object: 'Object Repository/1412263_Page_System Console - Mattermost/button_Reset' is clicked on

2021-05-29 15:23:54 - [MESSAGE][PASSED] - Object: 'Object Repository/1412263_Page_System Console - Mattermost/button_Reset' is clicked on

2021-05-29 15:23:54 - [TEST_STEP][PASSED] - Thread.sleep(3000): null

2021-05-29 15:23:57 - [TEST_STEP][PASSED] - click(findTestObject("1412263_Page_System Console - Mattermost/a_System Admin")): Object: 'Object Repository/1412263_Page_System Console - Mattermost/a_System Admin' is clicked on

2021-05-29 15:23:57 - [MESSAGE][PASSED] - Object: 'Object Repository/1412263_Page_System Console - Mattermost/a_System Admin' is clicked on

2021-05-29 15:23:57 - [TEST_STEP][PASSED] - click(findTestObject("1412263_Page_System Console - Mattermost/span_Reset Password")): Object: 'Object Repository/1412263_Page_System Console - Mattermost/span_Reset Password' is clicked on

2021-05-29 15:23:58 - [MESSAGE][PASSED] - Object: 'Object Repository/1412263_Page_System Console - Mattermost/span_Reset Password' is clicked on

2021-05-29 15:23:58 - [TEST_STEP][PASSED] - setEncryptedText(findTestObject("1412263_Page_System Console - Mattermost/input_New Password_form-control"), findTestData("1412263/Data TC8 ResetPassword").getValue(1, i)): Text ****** has been set on object 'Object Repository/1412263_Page_System Console - Mattermost/input_New Password_form-control'

2021-05-29 15:23:58 - [MESSAGE][PASSED] - Text ****** has been set on object 'Object Repository/1412263_Page_System Console - Mattermost/input_New Password_form-control'

2021-05-29 15:23:58 - [TEST_STEP][PASSED] - click(findTestObject("1412263_Page_System Console - Mattermost/button_Reset")): Object: 'Object Repository/1412263_Page_System Console - Mattermost/button_Reset' is clicked on

2021-05-29 15:23:59 - [MESSAGE][PASSED] - Object: 'Object Repository/1412263_Page_System Console - Mattermost/button_Reset' is clicked on

2021-05-29 15:23:59 - [TEST_STEP][PASSED] - Thread.sleep(3000): null

2021-05-29 15:24:02 - [TEST_STEP][PASSED] - click(findTestObject("1412263_Page_System Console - Mattermost/a_System Admin")): Object: 'Object Repository/1412263_Page_System Console - Mattermost/a_System Admin' is clicked on

2021-05-29 15:24:02 - [MESSAGE][PASSED] - Object: 'Object Repository/1412263_Page_System Console - Mattermost/a_System Admin' is clicked on

2021-05-29 15:24:02 - [TEST_STEP][PASSED] - click(findTestObject("1412263_Page_System Console - Mattermost/span_Reset Password")): Object: 'Object Repository/1412263_Page_System Console - Mattermost/span_Reset Password' is clicked on

2021-05-29 15:24:02 - [MESSAGE][PASSED] - Object: 'Object Repository/1412263_Page_System Console - Mattermost/span_Reset Password' is clicked on

2021-05-29 15:24:02 - [TEST_STEP][PASSED] - setEncryptedText(findTestObject("1412263_Page_System Console - Mattermost/input_New Password_form-control"), findTestData("1412263/Data TC8 ResetPassword").getValue(1, i)): Text ****** has been set on object 'Object Repository/1412263_Page_System Console - Mattermost/input_New Password_form-control'

2021-05-29 15:24:03 - [MESSAGE][PASSED] - Text ****** has been set on object 'Object Repository/1412263_Page_System Console - Mattermost/input_New Password_form-control'

2021-05-29 15:24:03 - [TEST_STEP][PASSED] - click(findTestObject("1412263_Page_System Console - Mattermost/button_Reset")): Object: 'Object Repository/1412263_Page_System Console - Mattermost/button_Reset' is clicked on

2021-05-29 15:24:03 - [MESSAGE][PASSED] - Object: 'Object Repository/1412263_Page_System Console - Mattermost/button_Reset' is clicked on

2021-05-29 15:24:03 - [TEST_STEP][PASSED] - Thread.sleep(3000): null

2021-05-29 15:24:06 - [TEST_STEP][PASSED] - closeBrowser(): Browser is closed

2021-05-29 15:24:07 - [MESSAGE][PASSED] - Browser is closed]]></system-out>
         <system-err><![CDATA[]]></system-err>
      </testcase>
      <testcase name="Test Cases/1412263/TC10_SetPasswordLimit" time="19.195" classname="Test Cases/1412263/TC10_SetPasswordLimit" status="PASSED">
         <system-out><![CDATA[2021-05-29 15:24:07 - [TEST_CASE][PASSED] - Test Cases/1412263/TC10_SetPasswordLimit: Test Cases/1412263/TC10_SetPasswordLimit

2021-05-29 15:24:07 - [TEST_STEP][PASSED] - openBrowser(""): Browser is opened with url: ''

2021-05-29 15:24:07 - [MESSAGE][INFO] - Starting 'Chrome' driver

2021-05-29 15:24:07 - [MESSAGE][INFO] - Action delay is set to 0 milliseconds

2021-05-29 15:24:09 - [MESSAGE][PASSED] - Browser is opened with url: ''

2021-05-29 15:24:09 - [TEST_STEP][PASSED] - navigateToUrl("http://mattermostwebapp.herokuapp.com/"): Navigate to 'http://mattermostwebapp.herokuapp.com/' successfully

2021-05-29 15:24:12 - [MESSAGE][PASSED] - Navigate to 'http://mattermostwebapp.herokuapp.com/' successfully

2021-05-29 15:24:12 - [TEST_STEP][PASSED] - setText(findTestObject("1412263_Page_Mattermost/input_All team communication in one place, _dcc84b"), "huykhoi263"): Text 'huykhoi263' is set on object 'Object Repository/1412263_Page_Mattermost/input_All team communication in one place, _dcc84b'

2021-05-29 15:24:17 - [MESSAGE][PASSED] - Text 'huykhoi263' is set on object 'Object Repository/1412263_Page_Mattermost/input_All team communication in one place, _dcc84b'

2021-05-29 15:24:17 - [TEST_STEP][PASSED] - setEncryptedText(findTestObject("1412263_Page_Mattermost/input_All team communication in one place, _a3edc6"), "o1rBehR+FzY2ClyWuSUtzg=="): Text ****** has been set on object 'Object Repository/1412263_Page_Mattermost/input_All team communication in one place, _a3edc6'

2021-05-29 15:24:17 - [MESSAGE][PASSED] - Text ****** has been set on object 'Object Repository/1412263_Page_Mattermost/input_All team communication in one place, _a3edc6'

2021-05-29 15:24:17 - [TEST_STEP][PASSED] - click(findTestObject("1412263_Page_Mattermost/button_Sign in")): Object: 'Object Repository/1412263_Page_Mattermost/button_Sign in' is clicked on

2021-05-29 15:24:18 - [MESSAGE][PASSED] - Object: 'Object Repository/1412263_Page_Mattermost/button_Sign in' is clicked on

2021-05-29 15:24:18 - [TEST_STEP][PASSED] - click(findTestObject("1412263_Page_Town Square - CNC_Nhom3 Mattermost/path")): Object: 'Object Repository/1412263_Page_Town Square - CNC_Nhom3 Mattermost/path' is clicked on

2021-05-29 15:24:21 - [MESSAGE][PASSED] - Object: 'Object Repository/1412263_Page_Town Square - CNC_Nhom3 Mattermost/path' is clicked on

2021-05-29 15:24:21 - [TEST_STEP][PASSED] - click(findTestObject("1412263_Page_Town Square - CNC_Nhom3 Mattermost/span_System Console")): Object: 'Object Repository/1412263_Page_Town Square - CNC_Nhom3 Mattermost/span_System Console' is clicked on

2021-05-29 15:24:21 - [MESSAGE][PASSED] - Object: 'Object Repository/1412263_Page_Town Square - CNC_Nhom3 Mattermost/span_System Console' is clicked on

2021-05-29 15:24:21 - [TEST_STEP][PASSED] - click(findTestObject("1412263_Page_System Console - Mattermost/a_Password")): Object: 'Object Repository/1412263_Page_System Console - Mattermost/a_Password' is clicked on

2021-05-29 15:24:24 - [MESSAGE][PASSED] - Object: 'Object Repository/1412263_Page_System Console - Mattermost/a_Password' is clicked on

2021-05-29 15:24:24 - [TEST_STEP][PASSED] - setText(findTestObject("1412263_Page_System Console - Mattermost/input_Minimum Password Length_passwordMinim_e95e98"), "6"): Text '6' is set on object 'Object Repository/1412263_Page_System Console - Mattermost/input_Minimum Password Length_passwordMinim_e95e98'

2021-05-29 15:24:25 - [MESSAGE][PASSED] - Text '6' is set on object 'Object Repository/1412263_Page_System Console - Mattermost/input_Minimum Password Length_passwordMinim_e95e98'

2021-05-29 15:24:25 - [TEST_STEP][PASSED] - click(findTestObject("1412263_Page_System Console - Mattermost/button_Save")): Object: 'Object Repository/1412263_Page_System Console - Mattermost/button_Save' is clicked on

2021-05-29 15:24:26 - [MESSAGE][PASSED] - Object: 'Object Repository/1412263_Page_System Console - Mattermost/button_Save' is clicked on

2021-05-29 15:24:26 - [TEST_STEP][PASSED] - closeBrowser(): Browser is closed

2021-05-29 15:24:26 - [MESSAGE][PASSED] - Browser is closed]]></system-out>
         <system-err><![CDATA[]]></system-err>
      </testcase>
      <testcase name="Test Cases/1412263/TC52_APILogin" time="2.35" classname="Test Cases/1412263/TC52_APILogin" status="PASSED">
         <system-out><![CDATA[2021-05-29 15:24:26 - [TEST_CASE][PASSED] - Test Cases/1412263/TC52_APILogin: Test Cases/1412263/TC52_APILogin

2021-05-29 15:24:27 - [TEST_STEP][PASSED] - sendRequest(findTestObject("1412263_API_Mattermost/API_Login")): Send request successfully

2021-05-29 15:24:29 - [MESSAGE][INFO] - HAR: C:\Users\Bao Chau\Katalon Studio\Mattermost_AutoTesting\Reports\20210529_151958\1612049\Run all test cases\20210529_151958\requests\main\0.har

2021-05-29 15:24:29 - [MESSAGE][PASSED] - Send request successfully]]></system-out>
         <system-err><![CDATA[]]></system-err>
      </testcase>
      <testcase name="Test Cases/1412263/TC53_APISignUp" time="1.484" classname="Test Cases/1412263/TC53_APISignUp" status="PASSED">
         <system-out><![CDATA[2021-05-29 15:24:29 - [TEST_CASE][PASSED] - Test Cases/1412263/TC53_APISignUp: Test Cases/1412263/TC53_APISignUp

2021-05-29 15:24:29 - [TEST_STEP][PASSED] - sendRequest(findTestObject("1412263_API_Mattermost/API_SignUp")): Send request successfully

2021-05-29 15:24:30 - [MESSAGE][INFO] - HAR: C:\Users\Bao Chau\Katalon Studio\Mattermost_AutoTesting\Reports\20210529_151958\1612049\Run all test cases\20210529_151958\requests\main\1.har

2021-05-29 15:24:30 - [MESSAGE][PASSED] - Send request successfully]]></system-out>
         <system-err><![CDATA[]]></system-err>
      </testcase>
      <testcase name="Test Cases/1412263/TC54_APISendMessage" time="3.036" classname="Test Cases/1412263/TC54_APISendMessage" status="PASSED">
         <system-out><![CDATA[2021-05-29 15:24:30 - [TEST_CASE][PASSED] - Test Cases/1412263/TC54_APISendMessage: Test Cases/1412263/TC54_APISendMessage

2021-05-29 15:24:31 - [TEST_STEP][PASSED] - loginResponse = sendRequest(findTestObject("Object Repository/1412263_API_Mattermost/API_Login")): Send request successfully

2021-05-29 15:24:32 - [MESSAGE][INFO] - HAR: C:\Users\Bao Chau\Katalon Studio\Mattermost_AutoTesting\Reports\20210529_151958\1612049\Run all test cases\20210529_151958\requests\main\2.har

2021-05-29 15:24:32 - [MESSAGE][PASSED] - Send request successfully

2021-05-29 15:24:32 - [TEST_STEP][PASSED] - parsed = loginResponse.getHeaderFields(): null

2021-05-29 15:24:32 - [TEST_STEP][PASSED] - tokenAPI = Token: null

2021-05-29 15:24:32 - [TEST_STEP][PASSED] - token = "Bearer " + tokenAPI.substring(1, tokenAPI.length() - 1): null

2021-05-29 15:24:32 - [TEST_STEP][PASSED] - sendMessageRequest = findTestObject("Object Repository/1412263_API_Mattermost/API_SendMessage_2"): null

2021-05-29 15:24:32 - [TEST_STEP][PASSED] - HTTPHeader = new java.util.ArrayList(): null

2021-05-29 15:24:32 - [TEST_STEP][PASSED] - authorizationTest = new com.kms.katalon.core.testobject.TestObjectProperty(Authorization, com.kms.katalon.core.testobject.ConditionType.EQUALS, token): null

2021-05-29 15:24:32 - [TEST_STEP][PASSED] - HTTPHeader.add(authorizationTest): null

2021-05-29 15:24:32 - [TEST_STEP][PASSED] - sendMessageRequest.setHttpHeaderProperties(HTTPHeader): null

2021-05-29 15:24:32 - [TEST_STEP][PASSED] - response = sendRequest(sendMessageRequest): Send request successfully

2021-05-29 15:24:33 - [MESSAGE][INFO] - HAR: C:\Users\Bao Chau\Katalon Studio\Mattermost_AutoTesting\Reports\20210529_151958\1612049\Run all test cases\20210529_151958\requests\main\3.har

2021-05-29 15:24:33 - [MESSAGE][PASSED] - Send request successfully

2021-05-29 15:24:33 - [TEST_STEP][PASSED] - verifyElementPropertyValue(response, "channel_id", "3bba45je8pyjtp8s4cgk6iei3c"): Verify element property value successfully

2021-05-29 15:24:33 - [MESSAGE][PASSED] - Verify element property value successfully

2021-05-29 15:24:33 - [TEST_STEP][PASSED] - verifyElementPropertyValue(response, "message", "Coco Jambo"): Verify element property value successfully

2021-05-29 15:24:33 - [MESSAGE][PASSED] - Verify element property value successfully]]></system-out>
         <system-err><![CDATA[]]></system-err>
      </testcase>
      <testcase name="Test Cases/1712666/TC55_ChangeNameAPI" time="2.955" classname="Test Cases/1712666/TC55_ChangeNameAPI" status="PASSED">
         <system-out><![CDATA[2021-05-29 15:24:33 - [TEST_CASE][PASSED] - Test Cases/1712666/TC55_ChangeNameAPI: Test Cases/1712666/TC55_ChangeNameAPI

2021-05-29 15:24:34 - [TEST_STEP][PASSED] - loginResponse = sendRequest(findTestObject("Object Repository/1712666_API_Mattermost/CommonAPI/Common_LoginAPI")): Send request successfully

2021-05-29 15:24:35 - [MESSAGE][INFO] - HAR: C:\Users\Bao Chau\Katalon Studio\Mattermost_AutoTesting\Reports\20210529_151958\1612049\Run all test cases\20210529_151958\requests\main\4.har

2021-05-29 15:24:35 - [MESSAGE][PASSED] - Send request successfully

2021-05-29 15:24:35 - [TEST_STEP][PASSED] - parsed = loginResponse.getHeaderFields(): null

2021-05-29 15:24:35 - [TEST_STEP][PASSED] - tokenAPI = Token: null

2021-05-29 15:24:35 - [TEST_STEP][PASSED] - token = "Bearer " + tokenAPI.substring(1, tokenAPI.length() - 1): null

2021-05-29 15:24:35 - [TEST_STEP][PASSED] - changeNameRequest = findTestObject("1712666_API_Mattermost/ChangeNameAPI"): null

2021-05-29 15:24:35 - [TEST_STEP][PASSED] - HTTPHeader = new java.util.ArrayList(): null

2021-05-29 15:24:35 - [TEST_STEP][PASSED] - authorizationTest = new com.kms.katalon.core.testobject.TestObjectProperty(Authorization, com.kms.katalon.core.testobject.ConditionType.EQUALS, token): null

2021-05-29 15:24:35 - [TEST_STEP][PASSED] - HTTPHeader.add(authorizationTest): null

2021-05-29 15:24:35 - [TEST_STEP][PASSED] - changeNameRequest.setHttpHeaderProperties(HTTPHeader): null

2021-05-29 15:24:35 - [TEST_STEP][PASSED] - response = sendRequest(changeNameRequest): Send request successfully

2021-05-29 15:24:36 - [MESSAGE][INFO] - HAR: C:\Users\Bao Chau\Katalon Studio\Mattermost_AutoTesting\Reports\20210529_151958\1612049\Run all test cases\20210529_151958\requests\main\5.har

2021-05-29 15:24:36 - [MESSAGE][PASSED] - Send request successfully

2021-05-29 15:24:36 - [TEST_STEP][PASSED] - verifyElementPropertyValue(response, "first_name", "test first name"): Verify element property value successfully

2021-05-29 15:24:36 - [MESSAGE][PASSED] - Verify element property value successfully

2021-05-29 15:24:36 - [TEST_STEP][PASSED] - verifyElementPropertyValue(response, "last_name", "test last name"): Verify element property value successfully

2021-05-29 15:24:36 - [MESSAGE][PASSED] - Verify element property value successfully]]></system-out>
         <system-err><![CDATA[]]></system-err>
      </testcase>
      <testcase name="Test Cases/1712666/TC56_SearchUserAPI" time="3.078" classname="Test Cases/1712666/TC56_SearchUserAPI" status="PASSED">
         <system-out><![CDATA[2021-05-29 15:24:36 - [TEST_CASE][PASSED] - Test Cases/1712666/TC56_SearchUserAPI: Test Cases/1712666/TC56_SearchUserAPI

2021-05-29 15:24:37 - [TEST_STEP][PASSED] - loginResponse = sendRequest(findTestObject("Object Repository/1712666_API_Mattermost/CommonAPI/Common_LoginAPI")): Send request successfully

2021-05-29 15:24:38 - [MESSAGE][INFO] - HAR: C:\Users\Bao Chau\Katalon Studio\Mattermost_AutoTesting\Reports\20210529_151958\1612049\Run all test cases\20210529_151958\requests\main\6.har

2021-05-29 15:24:38 - [MESSAGE][PASSED] - Send request successfully

2021-05-29 15:24:38 - [TEST_STEP][PASSED] - parsed = loginResponse.getHeaderFields(): null

2021-05-29 15:24:38 - [TEST_STEP][PASSED] - tokenAPI = Token: null

2021-05-29 15:24:38 - [TEST_STEP][PASSED] - token = "Bearer " + tokenAPI.substring(1, tokenAPI.length() - 1): null

2021-05-29 15:24:38 - [TEST_STEP][PASSED] - searchUserRequest = findTestObject("1712666_API_Mattermost/SearchUserAPI"): null

2021-05-29 15:24:38 - [TEST_STEP][PASSED] - HTTPHeader = new java.util.ArrayList(): null

2021-05-29 15:24:38 - [TEST_STEP][PASSED] - authorizationTest = new com.kms.katalon.core.testobject.TestObjectProperty(Authorization, com.kms.katalon.core.testobject.ConditionType.EQUALS, token): null

2021-05-29 15:24:38 - [TEST_STEP][PASSED] - HTTPHeader.add(authorizationTest): null

2021-05-29 15:24:38 - [TEST_STEP][PASSED] - searchUserRequest.setHttpHeaderProperties(HTTPHeader): null

2021-05-29 15:24:38 - [TEST_STEP][PASSED] - response = sendRequest(searchUserRequest): Send request successfully

2021-05-29 15:24:39 - [MESSAGE][INFO] - HAR: C:\Users\Bao Chau\Katalon Studio\Mattermost_AutoTesting\Reports\20210529_151958\1612049\Run all test cases\20210529_151958\requests\main\7.har

2021-05-29 15:24:39 - [MESSAGE][PASSED] - Send request successfully

2021-05-29 15:24:39 - [TEST_STEP][PASSED] - verifyElementPropertyValue(response, "[0].username", "phuc"): Verify element property value successfully

2021-05-29 15:24:39 - [MESSAGE][PASSED] - Verify element property value successfully]]></system-out>
         <system-err><![CDATA[]]></system-err>
      </testcase>
      <testcase name="Test Cases/1712666/TC57_SearchPublicChannelAPI" time="3.736" classname="Test Cases/1712666/TC57_SearchPublicChannelAPI" status="PASSED">
         <system-out><![CDATA[2021-05-29 15:24:39 - [TEST_CASE][PASSED] - Test Cases/1712666/TC57_SearchPublicChannelAPI: Test Cases/1712666/TC57_SearchPublicChannelAPI

2021-05-29 15:24:40 - [TEST_STEP][PASSED] - loginResponse = sendRequest(findTestObject("Object Repository/1712666_API_Mattermost/CommonAPI/Common_LoginAPI")): Send request successfully

2021-05-29 15:24:41 - [MESSAGE][INFO] - HAR: C:\Users\Bao Chau\Katalon Studio\Mattermost_AutoTesting\Reports\20210529_151958\1612049\Run all test cases\20210529_151958\requests\main\8.har

2021-05-29 15:24:41 - [MESSAGE][PASSED] - Send request successfully

2021-05-29 15:24:41 - [TEST_STEP][PASSED] - parsed = loginResponse.getHeaderFields(): null

2021-05-29 15:24:41 - [TEST_STEP][PASSED] - tokenAPI = Token: null

2021-05-29 15:24:41 - [TEST_STEP][PASSED] - token = "Bearer " + tokenAPI.substring(1, tokenAPI.length() - 1): null

2021-05-29 15:24:41 - [TEST_STEP][PASSED] - searchPublicChannelRequest = findTestObject("1712666_API_Mattermost/SearchPublicChannelAPI"): null

2021-05-29 15:24:41 - [TEST_STEP][PASSED] - HTTPHeader = new java.util.ArrayList(): null

2021-05-29 15:24:41 - [TEST_STEP][PASSED] - authorizationTest = new com.kms.katalon.core.testobject.TestObjectProperty(Authorization, com.kms.katalon.core.testobject.ConditionType.EQUALS, token): null

2021-05-29 15:24:41 - [TEST_STEP][PASSED] - HTTPHeader.add(authorizationTest): null

2021-05-29 15:24:41 - [TEST_STEP][PASSED] - searchPublicChannelRequest.setHttpHeaderProperties(HTTPHeader): null

2021-05-29 15:24:41 - [TEST_STEP][PASSED] - response = sendRequest(searchPublicChannelRequest): Send request successfully

2021-05-29 15:24:43 - [MESSAGE][INFO] - HAR: C:\Users\Bao Chau\Katalon Studio\Mattermost_AutoTesting\Reports\20210529_151958\1612049\Run all test cases\20210529_151958\requests\main\9.har

2021-05-29 15:24:43 - [MESSAGE][PASSED] - Send request successfully

2021-05-29 15:24:43 - [TEST_STEP][PASSED] - verifyElementPropertyValue(response, "[0].name", "test1"): Verify element property value successfully

2021-05-29 15:24:43 - [MESSAGE][PASSED] - Verify element property value successfully]]></system-out>
         <system-err><![CDATA[]]></system-err>
      </testcase>
      <testcase name="Test Cases/1712666/TC58_LogoutAPI" time="3.11" classname="Test Cases/1712666/TC58_LogoutAPI" status="PASSED">
         <system-out><![CDATA[2021-05-29 15:24:43 - [TEST_CASE][PASSED] - Test Cases/1712666/TC58_LogoutAPI: Test Cases/1712666/TC58_LogoutAPI

2021-05-29 15:24:43 - [TEST_STEP][PASSED] - loginResponse = sendRequest(findTestObject("Object Repository/1712666_API_Mattermost/CommonAPI/Common_LoginAPI")): Send request successfully

2021-05-29 15:24:45 - [MESSAGE][INFO] - HAR: C:\Users\Bao Chau\Katalon Studio\Mattermost_AutoTesting\Reports\20210529_151958\1612049\Run all test cases\20210529_151958\requests\main\10.har

2021-05-29 15:24:45 - [MESSAGE][PASSED] - Send request successfully

2021-05-29 15:24:45 - [TEST_STEP][PASSED] - parsed = loginResponse.getHeaderFields(): null

2021-05-29 15:24:45 - [TEST_STEP][PASSED] - tokenAPI = Token: null

2021-05-29 15:24:45 - [TEST_STEP][PASSED] - token = "Bearer " + tokenAPI.substring(1, tokenAPI.length() - 1): null

2021-05-29 15:24:45 - [TEST_STEP][PASSED] - logoutRequest = findTestObject("1712666_API_Mattermost/LogoutAPI"): null

2021-05-29 15:24:45 - [TEST_STEP][PASSED] - HTTPHeader = new java.util.ArrayList(): null

2021-05-29 15:24:45 - [TEST_STEP][PASSED] - authorizationTest = new com.kms.katalon.core.testobject.TestObjectProperty(Authorization, com.kms.katalon.core.testobject.ConditionType.EQUALS, token): null

2021-05-29 15:24:45 - [TEST_STEP][PASSED] - HTTPHeader.add(authorizationTest): null

2021-05-29 15:24:45 - [TEST_STEP][PASSED] - logoutRequest.setHttpHeaderProperties(HTTPHeader): null

2021-05-29 15:24:45 - [TEST_STEP][PASSED] - response = sendRequest(logoutRequest): Send request successfully

2021-05-29 15:24:46 - [MESSAGE][INFO] - HAR: C:\Users\Bao Chau\Katalon Studio\Mattermost_AutoTesting\Reports\20210529_151958\1612049\Run all test cases\20210529_151958\requests\main\11.har

2021-05-29 15:24:46 - [MESSAGE][PASSED] - Send request successfully

2021-05-29 15:24:46 - [TEST_STEP][PASSED] - verifyElementPropertyValue(response, "status", "OK"): Verify element property value successfully

2021-05-29 15:24:46 - [MESSAGE][PASSED] - Verify element property value successfully]]></system-out>
         <system-err><![CDATA[]]></system-err>
      </testcase>
      <testcase name="Test Cases/1712612/TC20_Update_channel_purpose" time="24.63" classname="Test Cases/1712612/TC20_Update_channel_purpose" status="PASSED">
         <system-out><![CDATA[2021-05-29 15:24:46 - [TEST_CASE][PASSED] - Test Cases/1712612/TC20_Update_channel_purpose: Test Cases/1712612/TC20_Update_channel_purpose

2021-05-29 15:24:46 - [TEST_STEP][PASSED] - callTestCase(findTestCase("1712612/CommonTC/TC_OpenPage"), [:], STOP_ON_FAILURE): Call Test Case 'Test Cases/1712612/CommonTC/TC_OpenPage' successfully

2021-05-29 15:24:47 - [TEST_CASE][PASSED] - Test Cases/1712612/CommonTC/TC_OpenPage: Test Cases/1712612/CommonTC/TC_OpenPage

2021-05-29 15:24:47 - [TEST_STEP][PASSED] - openBrowser(""): Browser is opened with url: ''

2021-05-29 15:24:47 - [MESSAGE][INFO] - Starting 'Chrome' driver

2021-05-29 15:24:47 - [MESSAGE][INFO] - Action delay is set to 0 milliseconds

2021-05-29 15:24:48 - [MESSAGE][PASSED] - Browser is opened with url: ''

2021-05-29 15:24:48 - [TEST_STEP][PASSED] - navigateToUrl("https://mattermostwebapp.herokuapp.com/login"): Navigate to 'https://mattermostwebapp.herokuapp.com/login' successfully

2021-05-29 15:24:51 - [MESSAGE][PASSED] - Navigate to 'https://mattermostwebapp.herokuapp.com/login' successfully

2021-05-29 15:24:51 - [MESSAGE][PASSED] - Call Test Case 'Test Cases/1712612/CommonTC/TC_OpenPage' successfully

2021-05-29 15:24:51 - [TEST_STEP][PASSED] - callTestCase(findTestCase("1712612/CommonTC/TC_Login"), [:], STOP_ON_FAILURE): Call Test Case 'Test Cases/1712612/CommonTC/TC_Login' successfully

2021-05-29 15:24:51 - [TEST_CASE][PASSED] - Test Cases/1712612/CommonTC/TC_Login: Test Cases/1712612/CommonTC/TC_Login

2021-05-29 15:24:52 - [TEST_STEP][PASSED] - verifyElementVisible(findTestObject("Object Repository/1712612_Mattermost Object/Page_Mattermost/input_login_username"), STOP_ON_FAILURE): Object 'Object Repository/1712612_Mattermost Object/Page_Mattermost/input_login_username' is visible

2021-05-29 15:24:56 - [MESSAGE][PASSED] - Object 'Object Repository/1712612_Mattermost Object/Page_Mattermost/input_login_username' is visible

2021-05-29 15:24:56 - [TEST_STEP][PASSED] - verifyElementVisible(findTestObject("Object Repository/1712612_Mattermost Object/Page_Mattermost/input_login_password"), STOP_ON_FAILURE): Object 'Object Repository/1712612_Mattermost Object/Page_Mattermost/input_login_password' is visible

2021-05-29 15:24:56 - [MESSAGE][PASSED] - Object 'Object Repository/1712612_Mattermost Object/Page_Mattermost/input_login_password' is visible

2021-05-29 15:24:56 - [TEST_STEP][PASSED] - setText(findTestObject("Object Repository/1712612_Mattermost Object/Page_Mattermost/input_login_username"), "nghi_tran"): Text 'nghi_tran' is set on object 'Object Repository/1712612_Mattermost Object/Page_Mattermost/input_login_username'

2021-05-29 15:24:57 - [MESSAGE][PASSED] - Text 'nghi_tran' is set on object 'Object Repository/1712612_Mattermost Object/Page_Mattermost/input_login_username'

2021-05-29 15:24:57 - [TEST_STEP][PASSED] - setEncryptedText(findTestObject("Object Repository/1712612_Mattermost Object/Page_Mattermost/input_login_password"), "KBlHou+hFmnFUOUwxwboiw=="): Text ****** has been set on object 'Object Repository/1712612_Mattermost Object/Page_Mattermost/input_login_password'

2021-05-29 15:24:58 - [MESSAGE][PASSED] - Text ****** has been set on object 'Object Repository/1712612_Mattermost Object/Page_Mattermost/input_login_password'

2021-05-29 15:24:58 - [TEST_STEP][PASSED] - click(findTestObject("Object Repository/1712612_Mattermost Object/Page_Mattermost/button_Sign in")): Object: 'Object Repository/1712612_Mattermost Object/Page_Mattermost/button_Sign in' is clicked on

2021-05-29 15:24:58 - [MESSAGE][PASSED] - Object: 'Object Repository/1712612_Mattermost Object/Page_Mattermost/button_Sign in' is clicked on

2021-05-29 15:24:58 - [TEST_STEP][PASSED] - verifyElementVisible(findTestObject("Object Repository/1712612_Mattermost Object/Page_Town Square - another Mattermost/img__Avatar Avatar-lg"), STOP_ON_FAILURE): Object 'Object Repository/1712612_Mattermost Object/Page_Town Square - another Mattermost/img__Avatar Avatar-lg' is visible

2021-05-29 15:25:02 - [MESSAGE][PASSED] - Object 'Object Repository/1712612_Mattermost Object/Page_Town Square - another Mattermost/img__Avatar Avatar-lg' is visible

2021-05-29 15:25:02 - [MESSAGE][PASSED] - Call Test Case 'Test Cases/1712612/CommonTC/TC_Login' successfully

2021-05-29 15:25:02 - [TEST_STEP][PASSED] - navigateToUrl("https://mattermostwebapp.herokuapp.com/test-1712612/channels/update-channel-purpose"): Navigate to 'https://mattermostwebapp.herokuapp.com/test-1712612/channels/update-channel-purpose' successfully

2021-05-29 15:25:02 - [MESSAGE][PASSED] - Navigate to 'https://mattermostwebapp.herokuapp.com/test-1712612/channels/update-channel-purpose' successfully

2021-05-29 15:25:02 - [TEST_STEP][PASSED] - click(findTestObject("Object Repository/1712612_Mattermost Object/Page_Update channel purpose - Test 1712612 _81d6bc/button_Update channel purpose")): Object: 'Object Repository/1712612_Mattermost Object/Page_Update channel purpose - Test 1712612 _81d6bc/button_Update channel purpose' is clicked on

2021-05-29 15:25:05 - [MESSAGE][PASSED] - Object: 'Object Repository/1712612_Mattermost Object/Page_Update channel purpose - Test 1712612 _81d6bc/button_Update channel purpose' is clicked on

2021-05-29 15:25:05 - [TEST_STEP][PASSED] - click(findTestObject("Object Repository/1712612_Mattermost Object/Page_Update channel purpose - Test 1712612 _81d6bc/button_Edit Channel Purpose")): Object: 'Object Repository/1712612_Mattermost Object/Page_Update channel purpose - Test 1712612 _81d6bc/button_Edit Channel Purpose' is clicked on

2021-05-29 15:25:06 - [MESSAGE][PASSED] - Object: 'Object Repository/1712612_Mattermost Object/Page_Update channel purpose - Test 1712612 _81d6bc/button_Edit Channel Purpose' is clicked on

2021-05-29 15:25:06 - [TEST_STEP][PASSED] - click(findTestObject("Object Repository/1712612_Mattermost Object/Page_Update channel purpose - Test 1712612 _81d6bc/div_CloseEdit Purpose for Update channel pu_f30fff")): Object: 'Object Repository/1712612_Mattermost Object/Page_Update channel purpose - Test 1712612 _81d6bc/div_CloseEdit Purpose for Update channel pu_f30fff' is clicked on

2021-05-29 15:25:06 - [MESSAGE][PASSED] - Object: 'Object Repository/1712612_Mattermost Object/Page_Update channel purpose - Test 1712612 _81d6bc/div_CloseEdit Purpose for Update channel pu_f30fff' is clicked on

2021-05-29 15:25:06 - [TEST_STEP][PASSED] - setText(findTestObject("Object Repository/1712612_Mattermost Object/Page_Update channel purpose - Test 1712612 _81d6bc/textarea_This is update channel purpose"), "This is update channel purpose."): Text 'This is update channel purpose.' is set on object 'Object Repository/1712612_Mattermost Object/Page_Update channel purpose - Test 1712612 _81d6bc/textarea_This is update channel purpose'

2021-05-29 15:25:07 - [MESSAGE][PASSED] - Text 'This is update channel purpose.' is set on object 'Object Repository/1712612_Mattermost Object/Page_Update channel purpose - Test 1712612 _81d6bc/textarea_This is update channel purpose'

2021-05-29 15:25:07 - [TEST_STEP][PASSED] - click(findTestObject("Object Repository/1712612_Mattermost Object/Page_Update channel purpose - Test 1712612 _81d6bc/button_Save")): Object: 'Object Repository/1712612_Mattermost Object/Page_Update channel purpose - Test 1712612 _81d6bc/button_Save' is clicked on

2021-05-29 15:25:08 - [MESSAGE][PASSED] - Object: 'Object Repository/1712612_Mattermost Object/Page_Update channel purpose - Test 1712612 _81d6bc/button_Save' is clicked on

2021-05-29 15:25:08 - [TEST_STEP][PASSED] - click(findTestObject("Object Repository/1712612_Mattermost Object/Page_Update channel purpose - Test 1712612 _81d6bc/button_Update channel purpose")): Object: 'Object Repository/1712612_Mattermost Object/Page_Update channel purpose - Test 1712612 _81d6bc/button_Update channel purpose' is clicked on

2021-05-29 15:25:09 - [MESSAGE][PASSED] - Object: 'Object Repository/1712612_Mattermost Object/Page_Update channel purpose - Test 1712612 _81d6bc/button_Update channel purpose' is clicked on

2021-05-29 15:25:09 - [TEST_STEP][PASSED] - click(findTestObject("Object Repository/1712612_Mattermost Object/Page_Update channel purpose - Test 1712612 _81d6bc/button_View Info")): Object: 'Object Repository/1712612_Mattermost Object/Page_Update channel purpose - Test 1712612 _81d6bc/button_View Info' is clicked on

2021-05-29 15:25:09 - [MESSAGE][PASSED] - Object: 'Object Repository/1712612_Mattermost Object/Page_Update channel purpose - Test 1712612 _81d6bc/button_View Info' is clicked on

2021-05-29 15:25:09 - [TEST_STEP][PASSED] - verifyTextPresent("This is update channel purpose.", false): Text 'This is update channel purpose.' is present on page 

2021-05-29 15:25:10 - [MESSAGE][PASSED] - Text 'This is update channel purpose.' is present on page 

2021-05-29 15:25:10 - [TEST_STEP][PASSED] - closeBrowser(): Browser is closed

2021-05-29 15:25:11 - [MESSAGE][PASSED] - Browser is closed]]></system-out>
         <system-err><![CDATA[]]></system-err>
      </testcase>
      <testcase name="Test Cases/1712612/TC21_RenameChannel" time="22.875" classname="Test Cases/1712612/TC21_RenameChannel" status="PASSED">
         <system-out><![CDATA[2021-05-29 15:25:11 - [TEST_CASE][PASSED] - Test Cases/1712612/TC21_RenameChannel: Test Cases/1712612/TC21_RenameChannel

2021-05-29 15:25:11 - [TEST_STEP][PASSED] - callTestCase(findTestCase("1712612/CommonTC/TC_OpenPage"), [:], STOP_ON_FAILURE): Call Test Case 'Test Cases/1712612/CommonTC/TC_OpenPage' successfully

2021-05-29 15:25:11 - [TEST_CASE][PASSED] - Test Cases/1712612/CommonTC/TC_OpenPage: Test Cases/1712612/CommonTC/TC_OpenPage

2021-05-29 15:25:11 - [TEST_STEP][PASSED] - openBrowser(""): Browser is opened with url: ''

2021-05-29 15:25:11 - [MESSAGE][INFO] - Starting 'Chrome' driver

2021-05-29 15:25:11 - [MESSAGE][INFO] - Action delay is set to 0 milliseconds

2021-05-29 15:25:12 - [MESSAGE][PASSED] - Browser is opened with url: ''

2021-05-29 15:25:12 - [TEST_STEP][PASSED] - navigateToUrl("https://mattermostwebapp.herokuapp.com/login"): Navigate to 'https://mattermostwebapp.herokuapp.com/login' successfully

2021-05-29 15:25:16 - [MESSAGE][PASSED] - Navigate to 'https://mattermostwebapp.herokuapp.com/login' successfully

2021-05-29 15:25:16 - [MESSAGE][PASSED] - Call Test Case 'Test Cases/1712612/CommonTC/TC_OpenPage' successfully

2021-05-29 15:25:16 - [TEST_STEP][PASSED] - callTestCase(findTestCase("1712612/CommonTC/TC_Login"), [:], STOP_ON_FAILURE): Call Test Case 'Test Cases/1712612/CommonTC/TC_Login' successfully

2021-05-29 15:25:16 - [TEST_CASE][PASSED] - Test Cases/1712612/CommonTC/TC_Login: Test Cases/1712612/CommonTC/TC_Login

2021-05-29 15:25:16 - [TEST_STEP][PASSED] - verifyElementVisible(findTestObject("Object Repository/1712612_Mattermost Object/Page_Mattermost/input_login_username"), STOP_ON_FAILURE): Object 'Object Repository/1712612_Mattermost Object/Page_Mattermost/input_login_username' is visible

2021-05-29 15:25:20 - [MESSAGE][PASSED] - Object 'Object Repository/1712612_Mattermost Object/Page_Mattermost/input_login_username' is visible

2021-05-29 15:25:20 - [TEST_STEP][PASSED] - verifyElementVisible(findTestObject("Object Repository/1712612_Mattermost Object/Page_Mattermost/input_login_password"), STOP_ON_FAILURE): Object 'Object Repository/1712612_Mattermost Object/Page_Mattermost/input_login_password' is visible

2021-05-29 15:25:21 - [MESSAGE][PASSED] - Object 'Object Repository/1712612_Mattermost Object/Page_Mattermost/input_login_password' is visible

2021-05-29 15:25:21 - [TEST_STEP][PASSED] - setText(findTestObject("Object Repository/1712612_Mattermost Object/Page_Mattermost/input_login_username"), "nghi_tran"): Text 'nghi_tran' is set on object 'Object Repository/1712612_Mattermost Object/Page_Mattermost/input_login_username'

2021-05-29 15:25:21 - [MESSAGE][PASSED] - Text 'nghi_tran' is set on object 'Object Repository/1712612_Mattermost Object/Page_Mattermost/input_login_username'

2021-05-29 15:25:21 - [TEST_STEP][PASSED] - setEncryptedText(findTestObject("Object Repository/1712612_Mattermost Object/Page_Mattermost/input_login_password"), "KBlHou+hFmnFUOUwxwboiw=="): Text ****** has been set on object 'Object Repository/1712612_Mattermost Object/Page_Mattermost/input_login_password'

2021-05-29 15:25:22 - [MESSAGE][PASSED] - Text ****** has been set on object 'Object Repository/1712612_Mattermost Object/Page_Mattermost/input_login_password'

2021-05-29 15:25:22 - [TEST_STEP][PASSED] - click(findTestObject("Object Repository/1712612_Mattermost Object/Page_Mattermost/button_Sign in")): Object: 'Object Repository/1712612_Mattermost Object/Page_Mattermost/button_Sign in' is clicked on

2021-05-29 15:25:22 - [MESSAGE][PASSED] - Object: 'Object Repository/1712612_Mattermost Object/Page_Mattermost/button_Sign in' is clicked on

2021-05-29 15:25:22 - [TEST_STEP][PASSED] - verifyElementVisible(findTestObject("Object Repository/1712612_Mattermost Object/Page_Town Square - another Mattermost/img__Avatar Avatar-lg"), STOP_ON_FAILURE): Object 'Object Repository/1712612_Mattermost Object/Page_Town Square - another Mattermost/img__Avatar Avatar-lg' is visible

2021-05-29 15:25:26 - [MESSAGE][PASSED] - Object 'Object Repository/1712612_Mattermost Object/Page_Town Square - another Mattermost/img__Avatar Avatar-lg' is visible

2021-05-29 15:25:26 - [MESSAGE][PASSED] - Call Test Case 'Test Cases/1712612/CommonTC/TC_Login' successfully

2021-05-29 15:25:26 - [TEST_STEP][PASSED] - navigateToUrl("https://mattermostwebapp.herokuapp.com/test-1712612/channels/channel"): Navigate to 'https://mattermostwebapp.herokuapp.com/test-1712612/channels/channel' successfully

2021-05-29 15:25:27 - [MESSAGE][PASSED] - Navigate to 'https://mattermostwebapp.herokuapp.com/test-1712612/channels/channel' successfully

2021-05-29 15:25:27 - [TEST_STEP][PASSED] - click(findTestObject("Object Repository/1712612_Mattermost Object/Page_channel - Test 1712612 Mattermost/button_channel")): Object: 'Object Repository/1712612_Mattermost Object/Page_channel - Test 1712612 Mattermost/button_channel' is clicked on

2021-05-29 15:25:31 - [MESSAGE][PASSED] - Object: 'Object Repository/1712612_Mattermost Object/Page_channel - Test 1712612 Mattermost/button_channel' is clicked on

2021-05-29 15:25:31 - [TEST_STEP][PASSED] - click(findTestObject("Object Repository/1712612_Mattermost Object/Page_channel - Test 1712612 Mattermost/button_Rename Channel")): Object: 'Object Repository/1712612_Mattermost Object/Page_channel - Test 1712612 Mattermost/button_Rename Channel' is clicked on

2021-05-29 15:25:32 - [MESSAGE][PASSED] - Object: 'Object Repository/1712612_Mattermost Object/Page_channel - Test 1712612 Mattermost/button_Rename Channel' is clicked on

2021-05-29 15:25:32 - [TEST_STEP][PASSED] - setText(findTestObject("Object Repository/1712612_Mattermost Object/Page_channel - Test 1712612 Mattermost/input_Display Name_display_name"), "channels"): Text 'channels' is set on object 'Object Repository/1712612_Mattermost Object/Page_channel - Test 1712612 Mattermost/input_Display Name_display_name'

2021-05-29 15:25:33 - [MESSAGE][PASSED] - Text 'channels' is set on object 'Object Repository/1712612_Mattermost Object/Page_channel - Test 1712612 Mattermost/input_Display Name_display_name'

2021-05-29 15:25:33 - [TEST_STEP][PASSED] - click(findTestObject("Object Repository/1712612_Mattermost Object/Page_channel - Test 1712612 Mattermost/button_Save")): Object: 'Object Repository/1712612_Mattermost Object/Page_channel - Test 1712612 Mattermost/button_Save' is clicked on

2021-05-29 15:25:33 - [MESSAGE][PASSED] - Object: 'Object Repository/1712612_Mattermost Object/Page_channel - Test 1712612 Mattermost/button_Save' is clicked on

2021-05-29 15:25:33 - [TEST_STEP][PASSED] - closeBrowser(): Browser is closed

2021-05-29 15:25:34 - [MESSAGE][PASSED] - Browser is closed]]></system-out>
         <system-err><![CDATA[]]></system-err>
      </testcase>
      <testcase name="Test Cases/1612049/TC36_SearchMessages" time="39.425" classname="Test Cases/1612049/TC36_SearchMessages" status="PASSED">
         <system-out><![CDATA[2021-05-29 15:25:34 - [TEST_CASE][PASSED] - Test Cases/1612049/TC36_SearchMessages: Test Cases/1612049/TC36_SearchMessages

2021-05-29 15:25:34 - [TEST_STEP][PASSED] - openBrowser(""): Browser is opened with url: ''

2021-05-29 15:25:34 - [MESSAGE][INFO] - Starting 'Chrome' driver

2021-05-29 15:25:34 - [MESSAGE][INFO] - Action delay is set to 0 milliseconds

2021-05-29 15:25:35 - [MESSAGE][PASSED] - Browser is opened with url: ''

2021-05-29 15:25:35 - [TEST_STEP][PASSED] - navigateToUrl("https://mattermostwebapp.herokuapp.com/"): Navigate to 'https://mattermostwebapp.herokuapp.com/' successfully

2021-05-29 15:25:39 - [MESSAGE][PASSED] - Navigate to 'https://mattermostwebapp.herokuapp.com/' successfully

2021-05-29 15:25:39 - [TEST_STEP][PASSED] - callTestCase(findTestCase("1612049/CommonTC/CTC_Login"), ["username":"jooie", "password":"6z6Vi2R3i06jbzaqW0pQ8Q=="], STOP_ON_FAILURE): Call Test Case 'Test Cases/1612049/CommonTC/CTC_Login' successfully

2021-05-29 15:25:39 - [TEST_CASE][PASSED] - Test Cases/1612049/CommonTC/CTC_Login: Test Cases/1612049/CommonTC/CTC_Login

2021-05-29 15:25:39 - [TEST_STEP][PASSED] - setText(findTestObject("1612049/Login_Screen/input_LoginID"), username): Text 'jooie' is set on object 'Object Repository/1612049/Login_Screen/input_LoginID'

2021-05-29 15:25:43 - [MESSAGE][PASSED] - Text 'jooie' is set on object 'Object Repository/1612049/Login_Screen/input_LoginID'

2021-05-29 15:25:43 - [TEST_STEP][PASSED] - setEncryptedText(findTestObject("1612049/Login_Screen/input_LoginPassword"), password): Text ****** has been set on object 'Object Repository/1612049/Login_Screen/input_LoginPassword'

2021-05-29 15:25:44 - [MESSAGE][PASSED] - Text ****** has been set on object 'Object Repository/1612049/Login_Screen/input_LoginPassword'

2021-05-29 15:25:44 - [TEST_STEP][PASSED] - click(findTestObject("1612049/Login_Screen/btn_Signin")): Object: 'Object Repository/1612049/Login_Screen/btn_Signin' is clicked on

2021-05-29 15:25:44 - [MESSAGE][PASSED] - Object: 'Object Repository/1612049/Login_Screen/btn_Signin' is clicked on

2021-05-29 15:25:44 - [MESSAGE][PASSED] - Call Test Case 'Test Cases/1612049/CommonTC/CTC_Login' successfully

2021-05-29 15:25:44 - [TEST_STEP][PASSED] - click(findTestObject("1612049/Posts_Area/Posts_Area_Header/Search_Box/btn_SearchMessageButton")): Object: 'Object Repository/1612049/Posts_Area/Posts_Area_Header/Search_Box/btn_SearchMessageButton' is clicked on

2021-05-29 15:25:48 - [MESSAGE][PASSED] - Object: 'Object Repository/1612049/Posts_Area/Posts_Area_Header/Search_Box/btn_SearchMessageButton' is clicked on

2021-05-29 15:25:48 - [TEST_STEP][PASSED] - for ([index = 1, index <= 5, (index++)]): null

2021-05-29 15:25:48 - [TEST_STEP][PASSED] - setText(findTestObject("1612049/Posts_Area/Posts_Area_Header/Search_Box/input_SearchMessageBox"), findTestData("1612049/Data TC36 SearchMessages").getValue(1, index)): Text 'test' is set on object 'Object Repository/1612049/Posts_Area/Posts_Area_Header/Search_Box/input_SearchMessageBox'

2021-05-29 15:25:49 - [MESSAGE][PASSED] - Text 'test' is set on object 'Object Repository/1612049/Posts_Area/Posts_Area_Header/Search_Box/input_SearchMessageBox'

2021-05-29 15:25:49 - [TEST_STEP][PASSED] - sendKeys(findTestObject("1612049/Posts_Area/Posts_Area_Header/Search_Box/input_SearchMessageBox"), Keys.chord(ENTER)): Keys 'ENTER + ' sent to object: 'Object Repository/1612049/Posts_Area/Posts_Area_Header/Search_Box/input_SearchMessageBox'

2021-05-29 15:25:50 - [MESSAGE][PASSED] - Keys 'ENTER + ' sent to object: 'Object Repository/1612049/Posts_Area/Posts_Area_Header/Search_Box/input_SearchMessageBox'

2021-05-29 15:25:50 - [TEST_STEP][PASSED] - verifyElementPresent(findTestObject("1612049/Right_Popup/SearchResults_Popup/div_Search Results"), 5): Object 'Object Repository/1612049/Right_Popup/SearchResults_Popup/div_Search Results' is present

2021-05-29 15:25:51 - [MESSAGE][PASSED] - Object 'Object Repository/1612049/Right_Popup/SearchResults_Popup/div_Search Results' is present

2021-05-29 15:25:51 - [TEST_STEP][PASSED] - click(findTestObject("1612049/Posts_Area/Posts_Area_Header/Search_Box/btn_DeleteSearchText")): Object: 'Object Repository/1612049/Posts_Area/Posts_Area_Header/Search_Box/btn_DeleteSearchText' is clicked on

2021-05-29 15:25:52 - [MESSAGE][PASSED] - Object: 'Object Repository/1612049/Posts_Area/Posts_Area_Header/Search_Box/btn_DeleteSearchText' is clicked on

2021-05-29 15:25:52 - [TEST_STEP][PASSED] - Thread.sleep(2000): null

2021-05-29 15:25:54 - [TEST_STEP][PASSED] - setText(findTestObject("1612049/Posts_Area/Posts_Area_Header/Search_Box/input_SearchMessageBox"), findTestData("1612049/Data TC36 SearchMessages").getValue(1, index)): Text 'colo' is set on object 'Object Repository/1612049/Posts_Area/Posts_Area_Header/Search_Box/input_SearchMessageBox'

2021-05-29 15:25:54 - [MESSAGE][PASSED] - Text 'colo' is set on object 'Object Repository/1612049/Posts_Area/Posts_Area_Header/Search_Box/input_SearchMessageBox'

2021-05-29 15:25:54 - [TEST_STEP][PASSED] - sendKeys(findTestObject("1612049/Posts_Area/Posts_Area_Header/Search_Box/input_SearchMessageBox"), Keys.chord(ENTER)): Keys 'ENTER + ' sent to object: 'Object Repository/1612049/Posts_Area/Posts_Area_Header/Search_Box/input_SearchMessageBox'

2021-05-29 15:25:55 - [MESSAGE][PASSED] - Keys 'ENTER + ' sent to object: 'Object Repository/1612049/Posts_Area/Posts_Area_Header/Search_Box/input_SearchMessageBox'

2021-05-29 15:25:55 - [TEST_STEP][PASSED] - verifyElementPresent(findTestObject("1612049/Right_Popup/SearchResults_Popup/div_Search Results"), 5): Object 'Object Repository/1612049/Right_Popup/SearchResults_Popup/div_Search Results' is present

2021-05-29 15:25:56 - [MESSAGE][PASSED] - Object 'Object Repository/1612049/Right_Popup/SearchResults_Popup/div_Search Results' is present

2021-05-29 15:25:56 - [TEST_STEP][PASSED] - click(findTestObject("1612049/Posts_Area/Posts_Area_Header/Search_Box/btn_DeleteSearchText")): Object: 'Object Repository/1612049/Posts_Area/Posts_Area_Header/Search_Box/btn_DeleteSearchText' is clicked on

2021-05-29 15:25:56 - [MESSAGE][PASSED] - Object: 'Object Repository/1612049/Posts_Area/Posts_Area_Header/Search_Box/btn_DeleteSearchText' is clicked on

2021-05-29 15:25:56 - [TEST_STEP][PASSED] - Thread.sleep(2000): null

2021-05-29 15:25:58 - [TEST_STEP][PASSED] - setText(findTestObject("1612049/Posts_Area/Posts_Area_Header/Search_Box/input_SearchMessageBox"), findTestData("1612049/Data TC36 SearchMessages").getValue(1, index)): Text 'abc' is set on object 'Object Repository/1612049/Posts_Area/Posts_Area_Header/Search_Box/input_SearchMessageBox'

2021-05-29 15:25:59 - [MESSAGE][PASSED] - Text 'abc' is set on object 'Object Repository/1612049/Posts_Area/Posts_Area_Header/Search_Box/input_SearchMessageBox'

2021-05-29 15:25:59 - [TEST_STEP][PASSED] - sendKeys(findTestObject("1612049/Posts_Area/Posts_Area_Header/Search_Box/input_SearchMessageBox"), Keys.chord(ENTER)): Keys 'ENTER + ' sent to object: 'Object Repository/1612049/Posts_Area/Posts_Area_Header/Search_Box/input_SearchMessageBox'

2021-05-29 15:26:00 - [MESSAGE][PASSED] - Keys 'ENTER + ' sent to object: 'Object Repository/1612049/Posts_Area/Posts_Area_Header/Search_Box/input_SearchMessageBox'

2021-05-29 15:26:00 - [TEST_STEP][PASSED] - verifyElementPresent(findTestObject("1612049/Right_Popup/SearchResults_Popup/div_Search Results"), 5): Object 'Object Repository/1612049/Right_Popup/SearchResults_Popup/div_Search Results' is present

2021-05-29 15:26:01 - [MESSAGE][PASSED] - Object 'Object Repository/1612049/Right_Popup/SearchResults_Popup/div_Search Results' is present

2021-05-29 15:26:01 - [TEST_STEP][PASSED] - click(findTestObject("1612049/Posts_Area/Posts_Area_Header/Search_Box/btn_DeleteSearchText")): Object: 'Object Repository/1612049/Posts_Area/Posts_Area_Header/Search_Box/btn_DeleteSearchText' is clicked on

2021-05-29 15:26:01 - [MESSAGE][PASSED] - Object: 'Object Repository/1612049/Posts_Area/Posts_Area_Header/Search_Box/btn_DeleteSearchText' is clicked on

2021-05-29 15:26:01 - [TEST_STEP][PASSED] - Thread.sleep(2000): null

2021-05-29 15:26:03 - [TEST_STEP][PASSED] - setText(findTestObject("1612049/Posts_Area/Posts_Area_Header/Search_Box/input_SearchMessageBox"), findTestData("1612049/Data TC36 SearchMessages").getValue(1, index)): Text 'hello' is set on object 'Object Repository/1612049/Posts_Area/Posts_Area_Header/Search_Box/input_SearchMessageBox'

2021-05-29 15:26:04 - [MESSAGE][PASSED] - Text 'hello' is set on object 'Object Repository/1612049/Posts_Area/Posts_Area_Header/Search_Box/input_SearchMessageBox'

2021-05-29 15:26:04 - [TEST_STEP][PASSED] - sendKeys(findTestObject("1612049/Posts_Area/Posts_Area_Header/Search_Box/input_SearchMessageBox"), Keys.chord(ENTER)): Keys 'ENTER + ' sent to object: 'Object Repository/1612049/Posts_Area/Posts_Area_Header/Search_Box/input_SearchMessageBox'

2021-05-29 15:26:04 - [MESSAGE][PASSED] - Keys 'ENTER + ' sent to object: 'Object Repository/1612049/Posts_Area/Posts_Area_Header/Search_Box/input_SearchMessageBox'

2021-05-29 15:26:04 - [TEST_STEP][PASSED] - verifyElementPresent(findTestObject("1612049/Right_Popup/SearchResults_Popup/div_Search Results"), 5): Object 'Object Repository/1612049/Right_Popup/SearchResults_Popup/div_Search Results' is present

2021-05-29 15:26:05 - [MESSAGE][PASSED] - Object 'Object Repository/1612049/Right_Popup/SearchResults_Popup/div_Search Results' is present

2021-05-29 15:26:05 - [TEST_STEP][PASSED] - click(findTestObject("1612049/Posts_Area/Posts_Area_Header/Search_Box/btn_DeleteSearchText")): Object: 'Object Repository/1612049/Posts_Area/Posts_Area_Header/Search_Box/btn_DeleteSearchText' is clicked on

2021-05-29 15:26:06 - [MESSAGE][PASSED] - Object: 'Object Repository/1612049/Posts_Area/Posts_Area_Header/Search_Box/btn_DeleteSearchText' is clicked on

2021-05-29 15:26:06 - [TEST_STEP][PASSED] - Thread.sleep(2000): null

2021-05-29 15:26:08 - [TEST_STEP][PASSED] - setText(findTestObject("1612049/Posts_Area/Posts_Area_Header/Search_Box/input_SearchMessageBox"), findTestData("1612049/Data TC36 SearchMessages").getValue(1, index)): Text 'oscar' is set on object 'Object Repository/1612049/Posts_Area/Posts_Area_Header/Search_Box/input_SearchMessageBox'

2021-05-29 15:26:09 - [MESSAGE][PASSED] - Text 'oscar' is set on object 'Object Repository/1612049/Posts_Area/Posts_Area_Header/Search_Box/input_SearchMessageBox'

2021-05-29 15:26:09 - [TEST_STEP][PASSED] - sendKeys(findTestObject("1612049/Posts_Area/Posts_Area_Header/Search_Box/input_SearchMessageBox"), Keys.chord(ENTER)): Keys 'ENTER + ' sent to object: 'Object Repository/1612049/Posts_Area/Posts_Area_Header/Search_Box/input_SearchMessageBox'

2021-05-29 15:26:09 - [MESSAGE][PASSED] - Keys 'ENTER + ' sent to object: 'Object Repository/1612049/Posts_Area/Posts_Area_Header/Search_Box/input_SearchMessageBox'

2021-05-29 15:26:09 - [TEST_STEP][PASSED] - verifyElementPresent(findTestObject("1612049/Right_Popup/SearchResults_Popup/div_Search Results"), 5): Object 'Object Repository/1612049/Right_Popup/SearchResults_Popup/div_Search Results' is present

2021-05-29 15:26:10 - [MESSAGE][PASSED] - Object 'Object Repository/1612049/Right_Popup/SearchResults_Popup/div_Search Results' is present

2021-05-29 15:26:10 - [TEST_STEP][PASSED] - click(findTestObject("1612049/Posts_Area/Posts_Area_Header/Search_Box/btn_DeleteSearchText")): Object: 'Object Repository/1612049/Posts_Area/Posts_Area_Header/Search_Box/btn_DeleteSearchText' is clicked on

2021-05-29 15:26:10 - [MESSAGE][PASSED] - Object: 'Object Repository/1612049/Posts_Area/Posts_Area_Header/Search_Box/btn_DeleteSearchText' is clicked on

2021-05-29 15:26:10 - [TEST_STEP][PASSED] - Thread.sleep(2000): null

2021-05-29 15:26:12 - [TEST_STEP][PASSED] - closeBrowser(): Browser is closed

2021-05-29 15:26:13 - [MESSAGE][PASSED] - Browser is closed]]></system-out>
         <system-err><![CDATA[]]></system-err>
      </testcase>
      <testcase name="Test Cases/1612049/TC44_SetHeaderForDirectMessage" time="46.107" classname="Test Cases/1612049/TC44_SetHeaderForDirectMessage" status="PASSED">
         <system-out><![CDATA[2021-05-29 15:26:13 - [TEST_CASE][PASSED] - Test Cases/1612049/TC44_SetHeaderForDirectMessage: Test Cases/1612049/TC44_SetHeaderForDirectMessage

2021-05-29 15:26:13 - [TEST_STEP][PASSED] - openBrowser(""): Browser is opened with url: ''

2021-05-29 15:26:13 - [MESSAGE][INFO] - Starting 'Chrome' driver

2021-05-29 15:26:13 - [MESSAGE][INFO] - Action delay is set to 0 milliseconds

2021-05-29 15:26:15 - [MESSAGE][PASSED] - Browser is opened with url: ''

2021-05-29 15:26:15 - [TEST_STEP][PASSED] - navigateToUrl("https://mattermostwebapp.herokuapp.com/"): Navigate to 'https://mattermostwebapp.herokuapp.com/' successfully

2021-05-29 15:26:18 - [MESSAGE][PASSED] - Navigate to 'https://mattermostwebapp.herokuapp.com/' successfully

2021-05-29 15:26:18 - [TEST_STEP][PASSED] - callTestCase(findTestCase("1612049/CommonTC/CTC_Login"), ["username":"jooie", "password":"6z6Vi2R3i06jbzaqW0pQ8Q=="], STOP_ON_FAILURE): Call Test Case 'Test Cases/1612049/CommonTC/CTC_Login' successfully

2021-05-29 15:26:18 - [TEST_CASE][PASSED] - Test Cases/1612049/CommonTC/CTC_Login: Test Cases/1612049/CommonTC/CTC_Login

2021-05-29 15:26:18 - [TEST_STEP][PASSED] - setText(findTestObject("1612049/Login_Screen/input_LoginID"), username): Text 'jooie' is set on object 'Object Repository/1612049/Login_Screen/input_LoginID'

2021-05-29 15:26:23 - [MESSAGE][PASSED] - Text 'jooie' is set on object 'Object Repository/1612049/Login_Screen/input_LoginID'

2021-05-29 15:26:23 - [TEST_STEP][PASSED] - setEncryptedText(findTestObject("1612049/Login_Screen/input_LoginPassword"), password): Text ****** has been set on object 'Object Repository/1612049/Login_Screen/input_LoginPassword'

2021-05-29 15:26:24 - [MESSAGE][PASSED] - Text ****** has been set on object 'Object Repository/1612049/Login_Screen/input_LoginPassword'

2021-05-29 15:26:24 - [TEST_STEP][PASSED] - click(findTestObject("1612049/Login_Screen/btn_Signin")): Object: 'Object Repository/1612049/Login_Screen/btn_Signin' is clicked on

2021-05-29 15:26:24 - [MESSAGE][PASSED] - Object: 'Object Repository/1612049/Login_Screen/btn_Signin' is clicked on

2021-05-29 15:26:24 - [MESSAGE][PASSED] - Call Test Case 'Test Cases/1612049/CommonTC/CTC_Login' successfully

2021-05-29 15:26:24 - [TEST_STEP][PASSED] - callTestCase(findTestCase("1612049/CommonTC/CTC_OpenDirectMessage"), [:], STOP_ON_FAILURE): Call Test Case 'Test Cases/1612049/CommonTC/CTC_OpenDirectMessage' successfully

2021-05-29 15:26:24 - [TEST_CASE][PASSED] - Test Cases/1612049/CommonTC/CTC_OpenDirectMessage: Test Cases/1612049/CommonTC/CTC_OpenDirectMessage

2021-05-29 15:26:24 - [TEST_STEP][PASSED] - click(findTestObject("1612049/Left_Sidebar/Direct_Messages/btn_AddDirectMessage")): Object: 'Object Repository/1612049/Left_Sidebar/Direct_Messages/btn_AddDirectMessage' is clicked on

2021-05-29 15:26:28 - [MESSAGE][PASSED] - Object: 'Object Repository/1612049/Left_Sidebar/Direct_Messages/btn_AddDirectMessage' is clicked on

2021-05-29 15:26:28 - [TEST_STEP][PASSED] - setText(findTestObject("1612049/Left_Sidebar/Direct_Messages/AddDirectMessage_Dialog/input_UsernameForDirectMessage"), "nghi_tran"): Text 'nghi_tran' is set on object 'Object Repository/1612049/Left_Sidebar/Direct_Messages/AddDirectMessage_Dialog/input_UsernameForDirectMessage'

2021-05-29 15:26:30 - [MESSAGE][PASSED] - Text 'nghi_tran' is set on object 'Object Repository/1612049/Left_Sidebar/Direct_Messages/AddDirectMessage_Dialog/input_UsernameForDirectMessage'

2021-05-29 15:26:30 - [TEST_STEP][PASSED] - if (verifyElementPresent(findTestObject("1612049/Left_Sidebar/Direct_Messages/AddDirectMessage_Dialog/div_FirstSearchUsernameResult"), 10, CONTINUE_ON_FAILURE)): null

2021-05-29 15:26:31 - [MESSAGE][PASSED] - Object 'Object Repository/1612049/Left_Sidebar/Direct_Messages/AddDirectMessage_Dialog/div_FirstSearchUsernameResult' is present

2021-05-29 15:26:31 - [TEST_STEP][PASSED] - sendKeys(findTestObject("1612049/Left_Sidebar/Direct_Messages/AddDirectMessage_Dialog/input_UsernameForDirectMessage"), Keys.chord(ENTER)): Keys 'ENTER + ' sent to object: 'Object Repository/1612049/Left_Sidebar/Direct_Messages/AddDirectMessage_Dialog/input_UsernameForDirectMessage'

2021-05-29 15:26:31 - [MESSAGE][PASSED] - Keys 'ENTER + ' sent to object: 'Object Repository/1612049/Left_Sidebar/Direct_Messages/AddDirectMessage_Dialog/input_UsernameForDirectMessage'

2021-05-29 15:26:31 - [TEST_STEP][PASSED] - click(findTestObject("1612049/Left_Sidebar/Direct_Messages/AddDirectMessage_Dialog/btn_SubmitUsernameForDirectMessage")): Object: 'Object Repository/1612049/Left_Sidebar/Direct_Messages/AddDirectMessage_Dialog/btn_SubmitUsernameForDirectMessage' is clicked on

2021-05-29 15:26:32 - [MESSAGE][PASSED] - Object: 'Object Repository/1612049/Left_Sidebar/Direct_Messages/AddDirectMessage_Dialog/btn_SubmitUsernameForDirectMessage' is clicked on

2021-05-29 15:26:32 - [MESSAGE][PASSED] - Call Test Case 'Test Cases/1612049/CommonTC/CTC_OpenDirectMessage' successfully

2021-05-29 15:26:32 - [TEST_STEP][PASSED] - for ([i = 1, i <= 5, i += 1]): null

2021-05-29 15:26:32 - [TEST_STEP][PASSED] - click(findTestObject("1612049/Posts_Area/Channel_Intro/btn_SetHeader")): Object: 'Object Repository/1612049/Posts_Area/Channel_Intro/btn_SetHeader' is clicked on

2021-05-29 15:26:36 - [MESSAGE][PASSED] - Object: 'Object Repository/1612049/Posts_Area/Channel_Intro/btn_SetHeader' is clicked on

2021-05-29 15:26:36 - [TEST_STEP][PASSED] - setText(findTestObject("1612049/Posts_Area/Channel_Intro/EditHeader_Dialog/textarea_EditChannelHeader"), findTestData("1612049/Data TC44 SetHeaderForDirectMessage").getValue(1, i)): Text 'Meeting' is set on object 'Object Repository/1612049/Posts_Area/Channel_Intro/EditHeader_Dialog/textarea_EditChannelHeader'

2021-05-29 15:26:36 - [MESSAGE][PASSED] - Text 'Meeting' is set on object 'Object Repository/1612049/Posts_Area/Channel_Intro/EditHeader_Dialog/textarea_EditChannelHeader'

2021-05-29 15:26:36 - [TEST_STEP][PASSED] - click(findTestObject("1612049/Posts_Area/Channel_Intro/EditHeader_Dialog/btn_SaveNewHeader")): Object: 'Object Repository/1612049/Posts_Area/Channel_Intro/EditHeader_Dialog/btn_SaveNewHeader' is clicked on

2021-05-29 15:26:37 - [MESSAGE][PASSED] - Object: 'Object Repository/1612049/Posts_Area/Channel_Intro/EditHeader_Dialog/btn_SaveNewHeader' is clicked on

2021-05-29 15:26:37 - [TEST_STEP][PASSED] - Thread.sleep(2000): null

2021-05-29 15:26:39 - [TEST_STEP][PASSED] - click(findTestObject("1612049/Posts_Area/Channel_Intro/btn_SetHeader")): Object: 'Object Repository/1612049/Posts_Area/Channel_Intro/btn_SetHeader' is clicked on

2021-05-29 15:26:41 - [MESSAGE][PASSED] - Object: 'Object Repository/1612049/Posts_Area/Channel_Intro/btn_SetHeader' is clicked on

2021-05-29 15:26:41 - [TEST_STEP][PASSED] - setText(findTestObject("1612049/Posts_Area/Channel_Intro/EditHeader_Dialog/textarea_EditChannelHeader"), findTestData("1612049/Data TC44 SetHeaderForDirectMessage").getValue(1, i)): Text 'Lecture' is set on object 'Object Repository/1612049/Posts_Area/Channel_Intro/EditHeader_Dialog/textarea_EditChannelHeader'

2021-05-29 15:26:42 - [MESSAGE][PASSED] - Text 'Lecture' is set on object 'Object Repository/1612049/Posts_Area/Channel_Intro/EditHeader_Dialog/textarea_EditChannelHeader'

2021-05-29 15:26:42 - [TEST_STEP][PASSED] - click(findTestObject("1612049/Posts_Area/Channel_Intro/EditHeader_Dialog/btn_SaveNewHeader")): Object: 'Object Repository/1612049/Posts_Area/Channel_Intro/EditHeader_Dialog/btn_SaveNewHeader' is clicked on

2021-05-29 15:26:42 - [MESSAGE][PASSED] - Object: 'Object Repository/1612049/Posts_Area/Channel_Intro/EditHeader_Dialog/btn_SaveNewHeader' is clicked on

2021-05-29 15:26:42 - [TEST_STEP][PASSED] - Thread.sleep(2000): null

2021-05-29 15:26:44 - [TEST_STEP][PASSED] - click(findTestObject("1612049/Posts_Area/Channel_Intro/btn_SetHeader")): Object: 'Object Repository/1612049/Posts_Area/Channel_Intro/btn_SetHeader' is clicked on

2021-05-29 15:26:45 - [MESSAGE][PASSED] - Object: 'Object Repository/1612049/Posts_Area/Channel_Intro/btn_SetHeader' is clicked on

2021-05-29 15:26:45 - [TEST_STEP][PASSED] - setText(findTestObject("1612049/Posts_Area/Channel_Intro/EditHeader_Dialog/textarea_EditChannelHeader"), findTestData("1612049/Data TC44 SetHeaderForDirectMessage").getValue(1, i)): Text 'Conversation' is set on object 'Object Repository/1612049/Posts_Area/Channel_Intro/EditHeader_Dialog/textarea_EditChannelHeader'

2021-05-29 15:26:46 - [MESSAGE][PASSED] - Text 'Conversation' is set on object 'Object Repository/1612049/Posts_Area/Channel_Intro/EditHeader_Dialog/textarea_EditChannelHeader'

2021-05-29 15:26:46 - [TEST_STEP][PASSED] - click(findTestObject("1612049/Posts_Area/Channel_Intro/EditHeader_Dialog/btn_SaveNewHeader")): Object: 'Object Repository/1612049/Posts_Area/Channel_Intro/EditHeader_Dialog/btn_SaveNewHeader' is clicked on

2021-05-29 15:26:46 - [MESSAGE][PASSED] - Object: 'Object Repository/1612049/Posts_Area/Channel_Intro/EditHeader_Dialog/btn_SaveNewHeader' is clicked on

2021-05-29 15:26:46 - [TEST_STEP][PASSED] - Thread.sleep(2000): null

2021-05-29 15:26:48 - [TEST_STEP][PASSED] - click(findTestObject("1612049/Posts_Area/Channel_Intro/btn_SetHeader")): Object: 'Object Repository/1612049/Posts_Area/Channel_Intro/btn_SetHeader' is clicked on

2021-05-29 15:26:51 - [MESSAGE][PASSED] - Object: 'Object Repository/1612049/Posts_Area/Channel_Intro/btn_SetHeader' is clicked on

2021-05-29 15:26:51 - [TEST_STEP][PASSED] - setText(findTestObject("1612049/Posts_Area/Channel_Intro/EditHeader_Dialog/textarea_EditChannelHeader"), findTestData("1612049/Data TC44 SetHeaderForDirectMessage").getValue(1, i)): Text 'Chit-chat' is set on object 'Object Repository/1612049/Posts_Area/Channel_Intro/EditHeader_Dialog/textarea_EditChannelHeader'

2021-05-29 15:26:52 - [MESSAGE][PASSED] - Text 'Chit-chat' is set on object 'Object Repository/1612049/Posts_Area/Channel_Intro/EditHeader_Dialog/textarea_EditChannelHeader'

2021-05-29 15:26:52 - [TEST_STEP][PASSED] - click(findTestObject("1612049/Posts_Area/Channel_Intro/EditHeader_Dialog/btn_SaveNewHeader")): Object: 'Object Repository/1612049/Posts_Area/Channel_Intro/EditHeader_Dialog/btn_SaveNewHeader' is clicked on

2021-05-29 15:26:52 - [MESSAGE][PASSED] - Object: 'Object Repository/1612049/Posts_Area/Channel_Intro/EditHeader_Dialog/btn_SaveNewHeader' is clicked on

2021-05-29 15:26:52 - [TEST_STEP][PASSED] - Thread.sleep(2000): null

2021-05-29 15:26:54 - [TEST_STEP][PASSED] - click(findTestObject("1612049/Posts_Area/Channel_Intro/btn_SetHeader")): Object: 'Object Repository/1612049/Posts_Area/Channel_Intro/btn_SetHeader' is clicked on

2021-05-29 15:26:55 - [MESSAGE][PASSED] - Object: 'Object Repository/1612049/Posts_Area/Channel_Intro/btn_SetHeader' is clicked on

2021-05-29 15:26:55 - [TEST_STEP][PASSED] - setText(findTestObject("1612049/Posts_Area/Channel_Intro/EditHeader_Dialog/textarea_EditChannelHeader"), findTestData("1612049/Data TC44 SetHeaderForDirectMessage").getValue(1, i)): Text 'Group Learning' is set on object 'Object Repository/1612049/Posts_Area/Channel_Intro/EditHeader_Dialog/textarea_EditChannelHeader'

2021-05-29 15:26:56 - [MESSAGE][PASSED] - Text 'Group Learning' is set on object 'Object Repository/1612049/Posts_Area/Channel_Intro/EditHeader_Dialog/textarea_EditChannelHeader'

2021-05-29 15:26:56 - [TEST_STEP][PASSED] - click(findTestObject("1612049/Posts_Area/Channel_Intro/EditHeader_Dialog/btn_SaveNewHeader")): Object: 'Object Repository/1612049/Posts_Area/Channel_Intro/EditHeader_Dialog/btn_SaveNewHeader' is clicked on

2021-05-29 15:26:56 - [MESSAGE][PASSED] - Object: 'Object Repository/1612049/Posts_Area/Channel_Intro/EditHeader_Dialog/btn_SaveNewHeader' is clicked on

2021-05-29 15:26:56 - [TEST_STEP][PASSED] - Thread.sleep(2000): null

2021-05-29 15:26:58 - [TEST_STEP][PASSED] - closeBrowser(): Browser is closed

2021-05-29 15:26:59 - [MESSAGE][PASSED] - Browser is closed]]></system-out>
         <system-err><![CDATA[]]></system-err>
      </testcase>
      <testcase name="Test Cases/1712666/TC11_CreateATeam" time="17.175" classname="Test Cases/1712666/TC11_CreateATeam" status="PASSED">
         <system-out><![CDATA[2021-05-29 15:26:59 - [TEST_CASE][PASSED] - Test Cases/1712666/TC11_CreateATeam: Test Cases/1712666/TC11_CreateATeam

2021-05-29 15:27:00 - [TEST_STEP][PASSED] - openBrowser(""): Browser is opened with url: ''

2021-05-29 15:27:00 - [MESSAGE][INFO] - Starting 'Chrome' driver

2021-05-29 15:27:00 - [MESSAGE][INFO] - Action delay is set to 0 milliseconds

2021-05-29 15:27:01 - [MESSAGE][PASSED] - Browser is opened with url: ''

2021-05-29 15:27:01 - [TEST_STEP][PASSED] - navigateToUrl("https://mattermostwebapp.herokuapp.com/"): Navigate to 'https://mattermostwebapp.herokuapp.com/' successfully

2021-05-29 15:27:04 - [MESSAGE][PASSED] - Navigate to 'https://mattermostwebapp.herokuapp.com/' successfully

2021-05-29 15:27:04 - [TEST_STEP][PASSED] - callTestCase(findTestCase("1712666/CommonTC/CTC_Login"), ["var_username":"phuc", "var_password":"CSt51UwWECc="], null): Call Test Case 'Test Cases/1712666/CommonTC/CTC_Login' successfully

2021-05-29 15:27:04 - [TEST_CASE][PASSED] - Test Cases/1712666/CommonTC/CTC_Login: Test Cases/1712666/CommonTC/CTC_Login

2021-05-29 15:27:05 - [TEST_STEP][PASSED] - setText(findTestObject("Object Repository/1412263_Page_Mattermost/input_All team communication in one place, _dcc84b"), var_username): Text 'phuc' is set on object 'Object Repository/1412263_Page_Mattermost/input_All team communication in one place, _dcc84b'

2021-05-29 15:27:09 - [MESSAGE][PASSED] - Text 'phuc' is set on object 'Object Repository/1412263_Page_Mattermost/input_All team communication in one place, _dcc84b'

2021-05-29 15:27:09 - [TEST_STEP][PASSED] - setEncryptedText(findTestObject("Object Repository/1412263_Page_Mattermost/input_All team communication in one place, _a3edc6"), var_password): Text ****** has been set on object 'Object Repository/1412263_Page_Mattermost/input_All team communication in one place, _a3edc6'

2021-05-29 15:27:09 - [MESSAGE][PASSED] - Text ****** has been set on object 'Object Repository/1412263_Page_Mattermost/input_All team communication in one place, _a3edc6'

2021-05-29 15:27:09 - [TEST_STEP][PASSED] - click(findTestObject("Object Repository/1412263_Page_Mattermost/span_Sign in")): Object: 'Object Repository/1412263_Page_Mattermost/span_Sign in' is clicked on

2021-05-29 15:27:10 - [MESSAGE][PASSED] - Object: 'Object Repository/1412263_Page_Mattermost/span_Sign in' is clicked on

2021-05-29 15:27:10 - [MESSAGE][PASSED] - Call Test Case 'Test Cases/1712666/CommonTC/CTC_Login' successfully

2021-05-29 15:27:10 - [TEST_STEP][PASSED] - click(findTestObject("Object Repository/Page_Town Square - abc Mattermost/div_phuc")): Object: 'Object Repository/Page_Town Square - abc Mattermost/div_phuc' is clicked on

2021-05-29 15:27:13 - [MESSAGE][PASSED] - Object: 'Object Repository/Page_Town Square - abc Mattermost/div_phuc' is clicked on

2021-05-29 15:27:13 - [TEST_STEP][PASSED] - click(findTestObject("Object Repository/Page_Town Square - abc Mattermost/span_Create a Team")): Object: 'Object Repository/Page_Town Square - abc Mattermost/span_Create a Team' is clicked on

2021-05-29 15:27:14 - [MESSAGE][PASSED] - Object: 'Object Repository/Page_Town Square - abc Mattermost/span_Create a Team' is clicked on

2021-05-29 15:27:14 - [TEST_STEP][PASSED] - setText(findTestObject("Object Repository/Page_Town Square - abc Mattermost/input_Team Name_teamNameInput"), var_teamName): Text 'test' is set on object 'Object Repository/Page_Town Square - abc Mattermost/input_Team Name_teamNameInput'

2021-05-29 15:27:15 - [MESSAGE][PASSED] - Text 'test' is set on object 'Object Repository/Page_Town Square - abc Mattermost/input_Team Name_teamNameInput'

2021-05-29 15:27:15 - [TEST_STEP][PASSED] - click(findTestObject("Object Repository/Page_Town Square - abc Mattermost/span_Next")): Object: 'Object Repository/Page_Town Square - abc Mattermost/span_Next' is clicked on

2021-05-29 15:27:15 - [MESSAGE][PASSED] - Object: 'Object Repository/Page_Town Square - abc Mattermost/span_Next' is clicked on

2021-05-29 15:27:15 - [TEST_STEP][PASSED] - click(findTestObject("Object Repository/Page_Town Square - abc Mattermost/span_Finish")): Object: 'Object Repository/Page_Town Square - abc Mattermost/span_Finish' is clicked on

2021-05-29 15:27:16 - [MESSAGE][PASSED] - Object: 'Object Repository/Page_Town Square - abc Mattermost/span_Finish' is clicked on

2021-05-29 15:27:16 - [TEST_STEP][PASSED] - if (var_statusExpected.toString() == "empty"): null

2021-05-29 15:27:16 - [TEST_STEP][PASSED] - closeBrowser(): Browser is closed

2021-05-29 15:27:16 - [MESSAGE][PASSED] - Browser is closed]]></system-out>
         <system-err><![CDATA[]]></system-err>
      </testcase>
      <testcase name="Test Cases/1712666/TC11_CreateATeam" time="18.207" classname="Test Cases/1712666/TC11_CreateATeam" status="PASSED">
         <system-out><![CDATA[2021-05-29 15:27:16 - [TEST_CASE][PASSED] - Test Cases/1712666/TC11_CreateATeam: Test Cases/1712666/TC11_CreateATeam

2021-05-29 15:27:16 - [TEST_STEP][PASSED] - openBrowser(""): Browser is opened with url: ''

2021-05-29 15:27:16 - [MESSAGE][INFO] - Starting 'Chrome' driver

2021-05-29 15:27:16 - [MESSAGE][INFO] - Action delay is set to 0 milliseconds

2021-05-29 15:27:18 - [MESSAGE][PASSED] - Browser is opened with url: ''

2021-05-29 15:27:18 - [TEST_STEP][PASSED] - navigateToUrl("https://mattermostwebapp.herokuapp.com/"): Navigate to 'https://mattermostwebapp.herokuapp.com/' successfully

2021-05-29 15:27:22 - [MESSAGE][PASSED] - Navigate to 'https://mattermostwebapp.herokuapp.com/' successfully

2021-05-29 15:27:22 - [TEST_STEP][PASSED] - callTestCase(findTestCase("1712666/CommonTC/CTC_Login"), ["var_username":"phuc", "var_password":"CSt51UwWECc="], null): Call Test Case 'Test Cases/1712666/CommonTC/CTC_Login' successfully

2021-05-29 15:27:22 - [TEST_CASE][PASSED] - Test Cases/1712666/CommonTC/CTC_Login: Test Cases/1712666/CommonTC/CTC_Login

2021-05-29 15:27:22 - [TEST_STEP][PASSED] - setText(findTestObject("Object Repository/1412263_Page_Mattermost/input_All team communication in one place, _dcc84b"), var_username): Text 'phuc' is set on object 'Object Repository/1412263_Page_Mattermost/input_All team communication in one place, _dcc84b'

2021-05-29 15:27:26 - [MESSAGE][PASSED] - Text 'phuc' is set on object 'Object Repository/1412263_Page_Mattermost/input_All team communication in one place, _dcc84b'

2021-05-29 15:27:26 - [TEST_STEP][PASSED] - setEncryptedText(findTestObject("Object Repository/1412263_Page_Mattermost/input_All team communication in one place, _a3edc6"), var_password): Text ****** has been set on object 'Object Repository/1412263_Page_Mattermost/input_All team communication in one place, _a3edc6'

2021-05-29 15:27:27 - [MESSAGE][PASSED] - Text ****** has been set on object 'Object Repository/1412263_Page_Mattermost/input_All team communication in one place, _a3edc6'

2021-05-29 15:27:27 - [TEST_STEP][PASSED] - click(findTestObject("Object Repository/1412263_Page_Mattermost/span_Sign in")): Object: 'Object Repository/1412263_Page_Mattermost/span_Sign in' is clicked on

2021-05-29 15:27:27 - [MESSAGE][PASSED] - Object: 'Object Repository/1412263_Page_Mattermost/span_Sign in' is clicked on

2021-05-29 15:27:27 - [MESSAGE][PASSED] - Call Test Case 'Test Cases/1712666/CommonTC/CTC_Login' successfully

2021-05-29 15:27:27 - [TEST_STEP][PASSED] - click(findTestObject("Object Repository/Page_Town Square - abc Mattermost/div_phuc")): Object: 'Object Repository/Page_Town Square - abc Mattermost/div_phuc' is clicked on

2021-05-29 15:27:31 - [MESSAGE][PASSED] - Object: 'Object Repository/Page_Town Square - abc Mattermost/div_phuc' is clicked on

2021-05-29 15:27:31 - [TEST_STEP][PASSED] - click(findTestObject("Object Repository/Page_Town Square - abc Mattermost/span_Create a Team")): Object: 'Object Repository/Page_Town Square - abc Mattermost/span_Create a Team' is clicked on

2021-05-29 15:27:32 - [MESSAGE][PASSED] - Object: 'Object Repository/Page_Town Square - abc Mattermost/span_Create a Team' is clicked on

2021-05-29 15:27:32 - [TEST_STEP][PASSED] - setText(findTestObject("Object Repository/Page_Town Square - abc Mattermost/input_Team Name_teamNameInput"), var_teamName): Text 'test2' is set on object 'Object Repository/Page_Town Square - abc Mattermost/input_Team Name_teamNameInput'

2021-05-29 15:27:33 - [MESSAGE][PASSED] - Text 'test2' is set on object 'Object Repository/Page_Town Square - abc Mattermost/input_Team Name_teamNameInput'

2021-05-29 15:27:33 - [TEST_STEP][PASSED] - click(findTestObject("Object Repository/Page_Town Square - abc Mattermost/span_Next")): Object: 'Object Repository/Page_Town Square - abc Mattermost/span_Next' is clicked on

2021-05-29 15:27:33 - [MESSAGE][PASSED] - Object: 'Object Repository/Page_Town Square - abc Mattermost/span_Next' is clicked on

2021-05-29 15:27:33 - [TEST_STEP][PASSED] - click(findTestObject("Object Repository/Page_Town Square - abc Mattermost/span_Finish")): Object: 'Object Repository/Page_Town Square - abc Mattermost/span_Finish' is clicked on

2021-05-29 15:27:34 - [MESSAGE][PASSED] - Object: 'Object Repository/Page_Town Square - abc Mattermost/span_Finish' is clicked on

2021-05-29 15:27:34 - [TEST_STEP][PASSED] - if (var_statusExpected.toString() == "empty"): null

2021-05-29 15:27:34 - [TEST_STEP][PASSED] - closeBrowser(): Browser is closed

2021-05-29 15:27:35 - [MESSAGE][PASSED] - Browser is closed]]></system-out>
         <system-err><![CDATA[]]></system-err>
      </testcase>
      <testcase name="Test Cases/1712666/TC11_CreateATeam" time="18.862" classname="Test Cases/1712666/TC11_CreateATeam" status="PASSED">
         <system-out><![CDATA[2021-05-29 15:27:35 - [TEST_CASE][PASSED] - Test Cases/1712666/TC11_CreateATeam: Test Cases/1712666/TC11_CreateATeam

2021-05-29 15:27:35 - [TEST_STEP][PASSED] - openBrowser(""): Browser is opened with url: ''

2021-05-29 15:27:35 - [MESSAGE][INFO] - Starting 'Chrome' driver

2021-05-29 15:27:35 - [MESSAGE][INFO] - Action delay is set to 0 milliseconds

2021-05-29 15:27:36 - [MESSAGE][PASSED] - Browser is opened with url: ''

2021-05-29 15:27:36 - [TEST_STEP][PASSED] - navigateToUrl("https://mattermostwebapp.herokuapp.com/"): Navigate to 'https://mattermostwebapp.herokuapp.com/' successfully

2021-05-29 15:27:39 - [MESSAGE][PASSED] - Navigate to 'https://mattermostwebapp.herokuapp.com/' successfully

2021-05-29 15:27:39 - [TEST_STEP][PASSED] - callTestCase(findTestCase("1712666/CommonTC/CTC_Login"), ["var_username":"phuc", "var_password":"CSt51UwWECc="], null): Call Test Case 'Test Cases/1712666/CommonTC/CTC_Login' successfully

2021-05-29 15:27:39 - [TEST_CASE][PASSED] - Test Cases/1712666/CommonTC/CTC_Login: Test Cases/1712666/CommonTC/CTC_Login

2021-05-29 15:27:39 - [TEST_STEP][PASSED] - setText(findTestObject("Object Repository/1412263_Page_Mattermost/input_All team communication in one place, _dcc84b"), var_username): Text 'phuc' is set on object 'Object Repository/1412263_Page_Mattermost/input_All team communication in one place, _dcc84b'

2021-05-29 15:27:44 - [MESSAGE][PASSED] - Text 'phuc' is set on object 'Object Repository/1412263_Page_Mattermost/input_All team communication in one place, _dcc84b'

2021-05-29 15:27:44 - [TEST_STEP][PASSED] - setEncryptedText(findTestObject("Object Repository/1412263_Page_Mattermost/input_All team communication in one place, _a3edc6"), var_password): Text ****** has been set on object 'Object Repository/1412263_Page_Mattermost/input_All team communication in one place, _a3edc6'

2021-05-29 15:27:45 - [MESSAGE][PASSED] - Text ****** has been set on object 'Object Repository/1412263_Page_Mattermost/input_All team communication in one place, _a3edc6'

2021-05-29 15:27:45 - [TEST_STEP][PASSED] - click(findTestObject("Object Repository/1412263_Page_Mattermost/span_Sign in")): Object: 'Object Repository/1412263_Page_Mattermost/span_Sign in' is clicked on

2021-05-29 15:27:45 - [MESSAGE][PASSED] - Object: 'Object Repository/1412263_Page_Mattermost/span_Sign in' is clicked on

2021-05-29 15:27:45 - [MESSAGE][PASSED] - Call Test Case 'Test Cases/1712666/CommonTC/CTC_Login' successfully

2021-05-29 15:27:45 - [TEST_STEP][PASSED] - click(findTestObject("Object Repository/Page_Town Square - abc Mattermost/div_phuc")): Object: 'Object Repository/Page_Town Square - abc Mattermost/div_phuc' is clicked on

2021-05-29 15:27:49 - [MESSAGE][PASSED] - Object: 'Object Repository/Page_Town Square - abc Mattermost/div_phuc' is clicked on

2021-05-29 15:27:49 - [TEST_STEP][PASSED] - click(findTestObject("Object Repository/Page_Town Square - abc Mattermost/span_Create a Team")): Object: 'Object Repository/Page_Town Square - abc Mattermost/span_Create a Team' is clicked on

2021-05-29 15:27:49 - [MESSAGE][PASSED] - Object: 'Object Repository/Page_Town Square - abc Mattermost/span_Create a Team' is clicked on

2021-05-29 15:27:49 - [TEST_STEP][PASSED] - setText(findTestObject("Object Repository/Page_Town Square - abc Mattermost/input_Team Name_teamNameInput"), var_teamName): Text 'test3' is set on object 'Object Repository/Page_Town Square - abc Mattermost/input_Team Name_teamNameInput'

2021-05-29 15:27:51 - [MESSAGE][PASSED] - Text 'test3' is set on object 'Object Repository/Page_Town Square - abc Mattermost/input_Team Name_teamNameInput'

2021-05-29 15:27:51 - [TEST_STEP][PASSED] - click(findTestObject("Object Repository/Page_Town Square - abc Mattermost/span_Next")): Object: 'Object Repository/Page_Town Square - abc Mattermost/span_Next' is clicked on

2021-05-29 15:27:51 - [MESSAGE][PASSED] - Object: 'Object Repository/Page_Town Square - abc Mattermost/span_Next' is clicked on

2021-05-29 15:27:51 - [TEST_STEP][PASSED] - click(findTestObject("Object Repository/Page_Town Square - abc Mattermost/span_Finish")): Object: 'Object Repository/Page_Town Square - abc Mattermost/span_Finish' is clicked on

2021-05-29 15:27:53 - [MESSAGE][PASSED] - Object: 'Object Repository/Page_Town Square - abc Mattermost/span_Finish' is clicked on

2021-05-29 15:27:53 - [TEST_STEP][PASSED] - if (var_statusExpected.toString() == "empty"): null

2021-05-29 15:27:53 - [TEST_STEP][PASSED] - closeBrowser(): Browser is closed

2021-05-29 15:27:53 - [MESSAGE][PASSED] - Browser is closed]]></system-out>
         <system-err><![CDATA[]]></system-err>
      </testcase>
      <testcase name="Test Cases/1712666/TC11_CreateATeam" time="19.031" classname="Test Cases/1712666/TC11_CreateATeam" status="PASSED">
         <system-out><![CDATA[2021-05-29 15:27:54 - [TEST_CASE][PASSED] - Test Cases/1712666/TC11_CreateATeam: Test Cases/1712666/TC11_CreateATeam

2021-05-29 15:27:54 - [TEST_STEP][PASSED] - openBrowser(""): Browser is opened with url: ''

2021-05-29 15:27:54 - [MESSAGE][INFO] - Starting 'Chrome' driver

2021-05-29 15:27:54 - [MESSAGE][INFO] - Action delay is set to 0 milliseconds

2021-05-29 15:27:55 - [MESSAGE][PASSED] - Browser is opened with url: ''

2021-05-29 15:27:55 - [TEST_STEP][PASSED] - navigateToUrl("https://mattermostwebapp.herokuapp.com/"): Navigate to 'https://mattermostwebapp.herokuapp.com/' successfully

2021-05-29 15:27:58 - [MESSAGE][PASSED] - Navigate to 'https://mattermostwebapp.herokuapp.com/' successfully

2021-05-29 15:27:58 - [TEST_STEP][PASSED] - callTestCase(findTestCase("1712666/CommonTC/CTC_Login"), ["var_username":"phuc", "var_password":"CSt51UwWECc="], null): Call Test Case 'Test Cases/1712666/CommonTC/CTC_Login' successfully

2021-05-29 15:27:58 - [TEST_CASE][PASSED] - Test Cases/1712666/CommonTC/CTC_Login: Test Cases/1712666/CommonTC/CTC_Login

2021-05-29 15:27:58 - [TEST_STEP][PASSED] - setText(findTestObject("Object Repository/1412263_Page_Mattermost/input_All team communication in one place, _dcc84b"), var_username): Text 'phuc' is set on object 'Object Repository/1412263_Page_Mattermost/input_All team communication in one place, _dcc84b'

2021-05-29 15:28:03 - [MESSAGE][PASSED] - Text 'phuc' is set on object 'Object Repository/1412263_Page_Mattermost/input_All team communication in one place, _dcc84b'

2021-05-29 15:28:03 - [TEST_STEP][PASSED] - setEncryptedText(findTestObject("Object Repository/1412263_Page_Mattermost/input_All team communication in one place, _a3edc6"), var_password): Text ****** has been set on object 'Object Repository/1412263_Page_Mattermost/input_All team communication in one place, _a3edc6'

2021-05-29 15:28:04 - [MESSAGE][PASSED] - Text ****** has been set on object 'Object Repository/1412263_Page_Mattermost/input_All team communication in one place, _a3edc6'

2021-05-29 15:28:04 - [TEST_STEP][PASSED] - click(findTestObject("Object Repository/1412263_Page_Mattermost/span_Sign in")): Object: 'Object Repository/1412263_Page_Mattermost/span_Sign in' is clicked on

2021-05-29 15:28:05 - [MESSAGE][PASSED] - Object: 'Object Repository/1412263_Page_Mattermost/span_Sign in' is clicked on

2021-05-29 15:28:05 - [MESSAGE][PASSED] - Call Test Case 'Test Cases/1712666/CommonTC/CTC_Login' successfully

2021-05-29 15:28:05 - [TEST_STEP][PASSED] - click(findTestObject("Object Repository/Page_Town Square - abc Mattermost/div_phuc")): Object: 'Object Repository/Page_Town Square - abc Mattermost/div_phuc' is clicked on

2021-05-29 15:28:08 - [MESSAGE][PASSED] - Object: 'Object Repository/Page_Town Square - abc Mattermost/div_phuc' is clicked on

2021-05-29 15:28:08 - [TEST_STEP][PASSED] - click(findTestObject("Object Repository/Page_Town Square - abc Mattermost/span_Create a Team")): Object: 'Object Repository/Page_Town Square - abc Mattermost/span_Create a Team' is clicked on

2021-05-29 15:28:09 - [MESSAGE][PASSED] - Object: 'Object Repository/Page_Town Square - abc Mattermost/span_Create a Team' is clicked on

2021-05-29 15:28:09 - [TEST_STEP][PASSED] - setText(findTestObject("Object Repository/Page_Town Square - abc Mattermost/input_Team Name_teamNameInput"), var_teamName): Text 'test4' is set on object 'Object Repository/Page_Town Square - abc Mattermost/input_Team Name_teamNameInput'

2021-05-29 15:28:10 - [MESSAGE][PASSED] - Text 'test4' is set on object 'Object Repository/Page_Town Square - abc Mattermost/input_Team Name_teamNameInput'

2021-05-29 15:28:10 - [TEST_STEP][PASSED] - click(findTestObject("Object Repository/Page_Town Square - abc Mattermost/span_Next")): Object: 'Object Repository/Page_Town Square - abc Mattermost/span_Next' is clicked on

2021-05-29 15:28:10 - [MESSAGE][PASSED] - Object: 'Object Repository/Page_Town Square - abc Mattermost/span_Next' is clicked on

2021-05-29 15:28:10 - [TEST_STEP][PASSED] - click(findTestObject("Object Repository/Page_Town Square - abc Mattermost/span_Finish")): Object: 'Object Repository/Page_Town Square - abc Mattermost/span_Finish' is clicked on

2021-05-29 15:28:12 - [MESSAGE][PASSED] - Object: 'Object Repository/Page_Town Square - abc Mattermost/span_Finish' is clicked on

2021-05-29 15:28:12 - [TEST_STEP][PASSED] - if (var_statusExpected.toString() == "empty"): null

2021-05-29 15:28:12 - [TEST_STEP][PASSED] - closeBrowser(): Browser is closed

2021-05-29 15:28:13 - [MESSAGE][PASSED] - Browser is closed]]></system-out>
         <system-err><![CDATA[]]></system-err>
      </testcase>
      <testcase name="Test Cases/1712666/TC11_CreateATeam" time="20.426" classname="Test Cases/1712666/TC11_CreateATeam" status="PASSED">
         <system-out><![CDATA[2021-05-29 15:28:13 - [TEST_CASE][PASSED] - Test Cases/1712666/TC11_CreateATeam: Test Cases/1712666/TC11_CreateATeam

2021-05-29 15:28:13 - [TEST_STEP][PASSED] - openBrowser(""): Browser is opened with url: ''

2021-05-29 15:28:13 - [MESSAGE][INFO] - Starting 'Chrome' driver

2021-05-29 15:28:13 - [MESSAGE][INFO] - Action delay is set to 0 milliseconds

2021-05-29 15:28:14 - [MESSAGE][PASSED] - Browser is opened with url: ''

2021-05-29 15:28:14 - [TEST_STEP][PASSED] - navigateToUrl("https://mattermostwebapp.herokuapp.com/"): Navigate to 'https://mattermostwebapp.herokuapp.com/' successfully

2021-05-29 15:28:18 - [MESSAGE][PASSED] - Navigate to 'https://mattermostwebapp.herokuapp.com/' successfully

2021-05-29 15:28:18 - [TEST_STEP][PASSED] - callTestCase(findTestCase("1712666/CommonTC/CTC_Login"), ["var_username":"phuc", "var_password":"CSt51UwWECc="], null): Call Test Case 'Test Cases/1712666/CommonTC/CTC_Login' successfully

2021-05-29 15:28:18 - [TEST_CASE][PASSED] - Test Cases/1712666/CommonTC/CTC_Login: Test Cases/1712666/CommonTC/CTC_Login

2021-05-29 15:28:18 - [TEST_STEP][PASSED] - setText(findTestObject("Object Repository/1412263_Page_Mattermost/input_All team communication in one place, _dcc84b"), var_username): Text 'phuc' is set on object 'Object Repository/1412263_Page_Mattermost/input_All team communication in one place, _dcc84b'

2021-05-29 15:28:22 - [MESSAGE][PASSED] - Text 'phuc' is set on object 'Object Repository/1412263_Page_Mattermost/input_All team communication in one place, _dcc84b'

2021-05-29 15:28:22 - [TEST_STEP][PASSED] - setEncryptedText(findTestObject("Object Repository/1412263_Page_Mattermost/input_All team communication in one place, _a3edc6"), var_password): Text ****** has been set on object 'Object Repository/1412263_Page_Mattermost/input_All team communication in one place, _a3edc6'

2021-05-29 15:28:23 - [MESSAGE][PASSED] - Text ****** has been set on object 'Object Repository/1412263_Page_Mattermost/input_All team communication in one place, _a3edc6'

2021-05-29 15:28:23 - [TEST_STEP][PASSED] - click(findTestObject("Object Repository/1412263_Page_Mattermost/span_Sign in")): Object: 'Object Repository/1412263_Page_Mattermost/span_Sign in' is clicked on

2021-05-29 15:28:23 - [MESSAGE][PASSED] - Object: 'Object Repository/1412263_Page_Mattermost/span_Sign in' is clicked on

2021-05-29 15:28:23 - [MESSAGE][PASSED] - Call Test Case 'Test Cases/1712666/CommonTC/CTC_Login' successfully

2021-05-29 15:28:23 - [TEST_STEP][PASSED] - click(findTestObject("Object Repository/Page_Town Square - abc Mattermost/div_phuc")): Object: 'Object Repository/Page_Town Square - abc Mattermost/div_phuc' is clicked on

2021-05-29 15:28:27 - [MESSAGE][PASSED] - Object: 'Object Repository/Page_Town Square - abc Mattermost/div_phuc' is clicked on

2021-05-29 15:28:27 - [TEST_STEP][PASSED] - click(findTestObject("Object Repository/Page_Town Square - abc Mattermost/span_Create a Team")): Object: 'Object Repository/Page_Town Square - abc Mattermost/span_Create a Team' is clicked on

2021-05-29 15:28:28 - [MESSAGE][PASSED] - Object: 'Object Repository/Page_Town Square - abc Mattermost/span_Create a Team' is clicked on

2021-05-29 15:28:28 - [TEST_STEP][PASSED] - setText(findTestObject("Object Repository/Page_Town Square - abc Mattermost/input_Team Name_teamNameInput"), var_teamName): Text 'teamABCDEF' is set on object 'Object Repository/Page_Town Square - abc Mattermost/input_Team Name_teamNameInput'

2021-05-29 15:28:29 - [MESSAGE][PASSED] - Text 'teamABCDEF' is set on object 'Object Repository/Page_Town Square - abc Mattermost/input_Team Name_teamNameInput'

2021-05-29 15:28:29 - [TEST_STEP][PASSED] - click(findTestObject("Object Repository/Page_Town Square - abc Mattermost/span_Next")): Object: 'Object Repository/Page_Town Square - abc Mattermost/span_Next' is clicked on

2021-05-29 15:28:29 - [MESSAGE][PASSED] - Object: 'Object Repository/Page_Town Square - abc Mattermost/span_Next' is clicked on

2021-05-29 15:28:29 - [TEST_STEP][PASSED] - click(findTestObject("Object Repository/Page_Town Square - abc Mattermost/span_Finish")): Object: 'Object Repository/Page_Town Square - abc Mattermost/span_Finish' is clicked on

2021-05-29 15:28:30 - [MESSAGE][PASSED] - Object: 'Object Repository/Page_Town Square - abc Mattermost/span_Finish' is clicked on

2021-05-29 15:28:30 - [TEST_STEP][PASSED] - if (var_statusExpected.toString() == "empty"): Web element with id: 'Object Repository/Page_Town Square - abc Mattermost/label_A team with that name already exists' located by 'By.xpath: //div[@id='root']/div/div/div/div[3]/div/div/div/form/div/label' is not present after '5' second(s)

2021-05-29 15:28:30 - [TEST_STEP][PASSED] - verifyElementNotPresent(findTestObject("Object Repository/Page_Town Square - abc Mattermost/label_A team with that name already exists"), 5): Web element with id: 'Object Repository/Page_Town Square - abc Mattermost/label_A team with that name already exists' located by 'By.xpath: //div[@id='root']/div/div/div/div[3]/div/div/div/form/div/label' is not present after '5' second(s)

2021-05-29 15:28:32 - [MESSAGE][PASSED] - Web element with id: 'Object Repository/Page_Town Square - abc Mattermost/label_A team with that name already exists' located by 'By.xpath: //div[@id='root']/div/div/div/div[3]/div/div/div/form/div/label' is not present after '5' second(s)

2021-05-29 15:28:32 - [TEST_STEP][PASSED] - closeBrowser(): Browser is closed

2021-05-29 15:28:33 - [MESSAGE][PASSED] - Browser is closed]]></system-out>
         <system-err><![CDATA[]]></system-err>
      </testcase>
      <testcase name="Test Cases/1712666/TC14_UpdateTeamDescription" time="18.847" classname="Test Cases/1712666/TC14_UpdateTeamDescription" status="PASSED">
         <system-out><![CDATA[2021-05-29 15:28:33 - [TEST_CASE][PASSED] - Test Cases/1712666/TC14_UpdateTeamDescription: Test Cases/1712666/TC14_UpdateTeamDescription

2021-05-29 15:28:33 - [TEST_STEP][PASSED] - openBrowser(""): Browser is opened with url: ''

2021-05-29 15:28:33 - [MESSAGE][INFO] - Starting 'Chrome' driver

2021-05-29 15:28:33 - [MESSAGE][INFO] - Action delay is set to 0 milliseconds

2021-05-29 15:28:35 - [MESSAGE][PASSED] - Browser is opened with url: ''

2021-05-29 15:28:35 - [TEST_STEP][PASSED] - navigateToUrl("https://mattermostwebapp.herokuapp.com/"): Navigate to 'https://mattermostwebapp.herokuapp.com/' successfully

2021-05-29 15:28:39 - [MESSAGE][PASSED] - Navigate to 'https://mattermostwebapp.herokuapp.com/' successfully

2021-05-29 15:28:39 - [TEST_STEP][PASSED] - callTestCase(findTestCase("1712666/CommonTC/CTC_Login"), ["var_username":"phuc", "var_password":"CSt51UwWECc="]): Call Test Case 'Test Cases/1712666/CommonTC/CTC_Login' successfully

2021-05-29 15:28:39 - [TEST_CASE][PASSED] - Test Cases/1712666/CommonTC/CTC_Login: Test Cases/1712666/CommonTC/CTC_Login

2021-05-29 15:28:39 - [TEST_STEP][PASSED] - setText(findTestObject("Object Repository/1412263_Page_Mattermost/input_All team communication in one place, _dcc84b"), var_username): Text 'phuc' is set on object 'Object Repository/1412263_Page_Mattermost/input_All team communication in one place, _dcc84b'

2021-05-29 15:28:43 - [MESSAGE][PASSED] - Text 'phuc' is set on object 'Object Repository/1412263_Page_Mattermost/input_All team communication in one place, _dcc84b'

2021-05-29 15:28:43 - [TEST_STEP][PASSED] - setEncryptedText(findTestObject("Object Repository/1412263_Page_Mattermost/input_All team communication in one place, _a3edc6"), var_password): Text ****** has been set on object 'Object Repository/1412263_Page_Mattermost/input_All team communication in one place, _a3edc6'

2021-05-29 15:28:44 - [MESSAGE][PASSED] - Text ****** has been set on object 'Object Repository/1412263_Page_Mattermost/input_All team communication in one place, _a3edc6'

2021-05-29 15:28:44 - [TEST_STEP][PASSED] - click(findTestObject("Object Repository/1412263_Page_Mattermost/span_Sign in")): Object: 'Object Repository/1412263_Page_Mattermost/span_Sign in' is clicked on

2021-05-29 15:28:44 - [MESSAGE][PASSED] - Object: 'Object Repository/1412263_Page_Mattermost/span_Sign in' is clicked on

2021-05-29 15:28:44 - [MESSAGE][PASSED] - Call Test Case 'Test Cases/1712666/CommonTC/CTC_Login' successfully

2021-05-29 15:28:44 - [TEST_STEP][PASSED] - click(findTestObject("Object Repository/Page_Town Square - test2 Mattermost/div_phuc")): Object: 'Object Repository/Page_Town Square - test2 Mattermost/div_phuc' is clicked on

2021-05-29 15:28:48 - [MESSAGE][PASSED] - Object: 'Object Repository/Page_Town Square - test2 Mattermost/div_phuc' is clicked on

2021-05-29 15:28:48 - [TEST_STEP][PASSED] - click(findTestObject("Object Repository/Page_Town Square - test2 Mattermost/span_Team Settings")): Object: 'Object Repository/Page_Town Square - test2 Mattermost/span_Team Settings' is clicked on

2021-05-29 15:28:48 - [MESSAGE][PASSED] - Object: 'Object Repository/Page_Town Square - test2 Mattermost/span_Team Settings' is clicked on

2021-05-29 15:28:48 - [TEST_STEP][PASSED] - click(findTestObject("Object Repository/Page_Town Square - test2 Mattermost/span_Edit")): Object: 'Object Repository/Page_Town Square - test2 Mattermost/span_Edit' is clicked on

2021-05-29 15:28:49 - [MESSAGE][PASSED] - Object: 'Object Repository/Page_Town Square - test2 Mattermost/span_Edit' is clicked on

2021-05-29 15:28:49 - [TEST_STEP][PASSED] - setText(findTestObject("Object Repository/Page_Town Square - test2 Mattermost/input_Team Description_teamDescription"), var_teamDescription): Text 'team description 1' is set on object 'Object Repository/Page_Town Square - test2 Mattermost/input_Team Description_teamDescription'

2021-05-29 15:28:50 - [MESSAGE][PASSED] - Text 'team description 1' is set on object 'Object Repository/Page_Town Square - test2 Mattermost/input_Team Description_teamDescription'

2021-05-29 15:28:50 - [TEST_STEP][PASSED] - click(findTestObject("Object Repository/Page_Town Square - test2 Mattermost/span_Save")): Object: 'Object Repository/Page_Town Square - test2 Mattermost/span_Save' is clicked on

2021-05-29 15:28:50 - [MESSAGE][PASSED] - Object: 'Object Repository/Page_Town Square - test2 Mattermost/span_Save' is clicked on

2021-05-29 15:28:50 - [TEST_STEP][PASSED] - newTeamDescription = getText(findTestObject("Object Repository/Page_Town Square - test2 Mattermost/div_test")): Text of object 'Object Repository/Page_Town Square - test2 Mattermost/div_test' is: 'team description 1'

2021-05-29 15:28:51 - [MESSAGE][PASSED] - Text of object 'Object Repository/Page_Town Square - test2 Mattermost/div_test' is: 'team description 1'

2021-05-29 15:28:51 - [TEST_STEP][PASSED] - if (newTeamDescription != var_teamDescription.toString()): null

2021-05-29 15:28:51 - [TEST_STEP][PASSED] - closeBrowser(): Browser is closed

2021-05-29 15:28:52 - [MESSAGE][PASSED] - Browser is closed]]></system-out>
         <system-err><![CDATA[]]></system-err>
      </testcase>
      <testcase name="Test Cases/1712666/TC14_UpdateTeamDescription" time="18.44" classname="Test Cases/1712666/TC14_UpdateTeamDescription" status="PASSED">
         <system-out><![CDATA[2021-05-29 15:28:52 - [TEST_CASE][PASSED] - Test Cases/1712666/TC14_UpdateTeamDescription: Test Cases/1712666/TC14_UpdateTeamDescription

2021-05-29 15:28:52 - [TEST_STEP][PASSED] - openBrowser(""): Browser is opened with url: ''

2021-05-29 15:28:52 - [MESSAGE][INFO] - Starting 'Chrome' driver

2021-05-29 15:28:52 - [MESSAGE][INFO] - Action delay is set to 0 milliseconds

2021-05-29 15:28:53 - [MESSAGE][PASSED] - Browser is opened with url: ''

2021-05-29 15:28:53 - [TEST_STEP][PASSED] - navigateToUrl("https://mattermostwebapp.herokuapp.com/"): Navigate to 'https://mattermostwebapp.herokuapp.com/' successfully

2021-05-29 15:28:57 - [MESSAGE][PASSED] - Navigate to 'https://mattermostwebapp.herokuapp.com/' successfully

2021-05-29 15:28:57 - [TEST_STEP][PASSED] - callTestCase(findTestCase("1712666/CommonTC/CTC_Login"), ["var_username":"phuc", "var_password":"CSt51UwWECc="]): Call Test Case 'Test Cases/1712666/CommonTC/CTC_Login' successfully

2021-05-29 15:28:57 - [TEST_CASE][PASSED] - Test Cases/1712666/CommonTC/CTC_Login: Test Cases/1712666/CommonTC/CTC_Login

2021-05-29 15:28:57 - [TEST_STEP][PASSED] - setText(findTestObject("Object Repository/1412263_Page_Mattermost/input_All team communication in one place, _dcc84b"), var_username): Text 'phuc' is set on object 'Object Repository/1412263_Page_Mattermost/input_All team communication in one place, _dcc84b'

2021-05-29 15:29:01 - [MESSAGE][PASSED] - Text 'phuc' is set on object 'Object Repository/1412263_Page_Mattermost/input_All team communication in one place, _dcc84b'

2021-05-29 15:29:01 - [TEST_STEP][PASSED] - setEncryptedText(findTestObject("Object Repository/1412263_Page_Mattermost/input_All team communication in one place, _a3edc6"), var_password): Text ****** has been set on object 'Object Repository/1412263_Page_Mattermost/input_All team communication in one place, _a3edc6'

2021-05-29 15:29:02 - [MESSAGE][PASSED] - Text ****** has been set on object 'Object Repository/1412263_Page_Mattermost/input_All team communication in one place, _a3edc6'

2021-05-29 15:29:02 - [TEST_STEP][PASSED] - click(findTestObject("Object Repository/1412263_Page_Mattermost/span_Sign in")): Object: 'Object Repository/1412263_Page_Mattermost/span_Sign in' is clicked on

2021-05-29 15:29:02 - [MESSAGE][PASSED] - Object: 'Object Repository/1412263_Page_Mattermost/span_Sign in' is clicked on

2021-05-29 15:29:02 - [MESSAGE][PASSED] - Call Test Case 'Test Cases/1712666/CommonTC/CTC_Login' successfully

2021-05-29 15:29:02 - [TEST_STEP][PASSED] - click(findTestObject("Object Repository/Page_Town Square - test2 Mattermost/div_phuc")): Object: 'Object Repository/Page_Town Square - test2 Mattermost/div_phuc' is clicked on

2021-05-29 15:29:06 - [MESSAGE][PASSED] - Object: 'Object Repository/Page_Town Square - test2 Mattermost/div_phuc' is clicked on

2021-05-29 15:29:06 - [TEST_STEP][PASSED] - click(findTestObject("Object Repository/Page_Town Square - test2 Mattermost/span_Team Settings")): Object: 'Object Repository/Page_Town Square - test2 Mattermost/span_Team Settings' is clicked on

2021-05-29 15:29:06 - [MESSAGE][PASSED] - Object: 'Object Repository/Page_Town Square - test2 Mattermost/span_Team Settings' is clicked on

2021-05-29 15:29:06 - [TEST_STEP][PASSED] - click(findTestObject("Object Repository/Page_Town Square - test2 Mattermost/span_Edit")): Object: 'Object Repository/Page_Town Square - test2 Mattermost/span_Edit' is clicked on

2021-05-29 15:29:07 - [MESSAGE][PASSED] - Object: 'Object Repository/Page_Town Square - test2 Mattermost/span_Edit' is clicked on

2021-05-29 15:29:07 - [TEST_STEP][PASSED] - setText(findTestObject("Object Repository/Page_Town Square - test2 Mattermost/input_Team Description_teamDescription"), var_teamDescription): Text 'team desciption 2' is set on object 'Object Repository/Page_Town Square - test2 Mattermost/input_Team Description_teamDescription'

2021-05-29 15:29:08 - [MESSAGE][PASSED] - Text 'team desciption 2' is set on object 'Object Repository/Page_Town Square - test2 Mattermost/input_Team Description_teamDescription'

2021-05-29 15:29:08 - [TEST_STEP][PASSED] - click(findTestObject("Object Repository/Page_Town Square - test2 Mattermost/span_Save")): Object: 'Object Repository/Page_Town Square - test2 Mattermost/span_Save' is clicked on

2021-05-29 15:29:08 - [MESSAGE][PASSED] - Object: 'Object Repository/Page_Town Square - test2 Mattermost/span_Save' is clicked on

2021-05-29 15:29:08 - [TEST_STEP][PASSED] - newTeamDescription = getText(findTestObject("Object Repository/Page_Town Square - test2 Mattermost/div_test")): Text of object 'Object Repository/Page_Town Square - test2 Mattermost/div_test' is: 'team desciption 2'

2021-05-29 15:29:10 - [MESSAGE][PASSED] - Text of object 'Object Repository/Page_Town Square - test2 Mattermost/div_test' is: 'team desciption 2'

2021-05-29 15:29:10 - [TEST_STEP][PASSED] - if (newTeamDescription != var_teamDescription.toString()): null

2021-05-29 15:29:10 - [TEST_STEP][PASSED] - closeBrowser(): Browser is closed

2021-05-29 15:29:10 - [MESSAGE][PASSED] - Browser is closed]]></system-out>
         <system-err><![CDATA[]]></system-err>
      </testcase>
      <testcase name="Test Cases/1712666/TC14_UpdateTeamDescription" time="18.092" classname="Test Cases/1712666/TC14_UpdateTeamDescription" status="PASSED">
         <system-out><![CDATA[2021-05-29 15:29:10 - [TEST_CASE][PASSED] - Test Cases/1712666/TC14_UpdateTeamDescription: Test Cases/1712666/TC14_UpdateTeamDescription

2021-05-29 15:29:10 - [TEST_STEP][PASSED] - openBrowser(""): Browser is opened with url: ''

2021-05-29 15:29:10 - [MESSAGE][INFO] - Starting 'Chrome' driver

2021-05-29 15:29:10 - [MESSAGE][INFO] - Action delay is set to 0 milliseconds

2021-05-29 15:29:11 - [MESSAGE][PASSED] - Browser is opened with url: ''

2021-05-29 15:29:11 - [TEST_STEP][PASSED] - navigateToUrl("https://mattermostwebapp.herokuapp.com/"): Navigate to 'https://mattermostwebapp.herokuapp.com/' successfully

2021-05-29 15:29:15 - [MESSAGE][PASSED] - Navigate to 'https://mattermostwebapp.herokuapp.com/' successfully

2021-05-29 15:29:15 - [TEST_STEP][PASSED] - callTestCase(findTestCase("1712666/CommonTC/CTC_Login"), ["var_username":"phuc", "var_password":"CSt51UwWECc="]): Call Test Case 'Test Cases/1712666/CommonTC/CTC_Login' successfully

2021-05-29 15:29:15 - [TEST_CASE][PASSED] - Test Cases/1712666/CommonTC/CTC_Login: Test Cases/1712666/CommonTC/CTC_Login

2021-05-29 15:29:15 - [TEST_STEP][PASSED] - setText(findTestObject("Object Repository/1412263_Page_Mattermost/input_All team communication in one place, _dcc84b"), var_username): Text 'phuc' is set on object 'Object Repository/1412263_Page_Mattermost/input_All team communication in one place, _dcc84b'

2021-05-29 15:29:20 - [MESSAGE][PASSED] - Text 'phuc' is set on object 'Object Repository/1412263_Page_Mattermost/input_All team communication in one place, _dcc84b'

2021-05-29 15:29:20 - [TEST_STEP][PASSED] - setEncryptedText(findTestObject("Object Repository/1412263_Page_Mattermost/input_All team communication in one place, _a3edc6"), var_password): Text ****** has been set on object 'Object Repository/1412263_Page_Mattermost/input_All team communication in one place, _a3edc6'

2021-05-29 15:29:20 - [MESSAGE][PASSED] - Text ****** has been set on object 'Object Repository/1412263_Page_Mattermost/input_All team communication in one place, _a3edc6'

2021-05-29 15:29:20 - [TEST_STEP][PASSED] - click(findTestObject("Object Repository/1412263_Page_Mattermost/span_Sign in")): Object: 'Object Repository/1412263_Page_Mattermost/span_Sign in' is clicked on

2021-05-29 15:29:21 - [MESSAGE][PASSED] - Object: 'Object Repository/1412263_Page_Mattermost/span_Sign in' is clicked on

2021-05-29 15:29:21 - [MESSAGE][PASSED] - Call Test Case 'Test Cases/1712666/CommonTC/CTC_Login' successfully

2021-05-29 15:29:21 - [TEST_STEP][PASSED] - click(findTestObject("Object Repository/Page_Town Square - test2 Mattermost/div_phuc")): Object: 'Object Repository/Page_Town Square - test2 Mattermost/div_phuc' is clicked on

2021-05-29 15:29:25 - [MESSAGE][PASSED] - Object: 'Object Repository/Page_Town Square - test2 Mattermost/div_phuc' is clicked on

2021-05-29 15:29:25 - [TEST_STEP][PASSED] - click(findTestObject("Object Repository/Page_Town Square - test2 Mattermost/span_Team Settings")): Object: 'Object Repository/Page_Town Square - test2 Mattermost/span_Team Settings' is clicked on

2021-05-29 15:29:25 - [MESSAGE][PASSED] - Object: 'Object Repository/Page_Town Square - test2 Mattermost/span_Team Settings' is clicked on

2021-05-29 15:29:25 - [TEST_STEP][PASSED] - click(findTestObject("Object Repository/Page_Town Square - test2 Mattermost/span_Edit")): Object: 'Object Repository/Page_Town Square - test2 Mattermost/span_Edit' is clicked on

2021-05-29 15:29:26 - [MESSAGE][PASSED] - Object: 'Object Repository/Page_Town Square - test2 Mattermost/span_Edit' is clicked on

2021-05-29 15:29:26 - [TEST_STEP][PASSED] - setText(findTestObject("Object Repository/Page_Town Square - test2 Mattermost/input_Team Description_teamDescription"), var_teamDescription): Text 'team desciption 3' is set on object 'Object Repository/Page_Town Square - test2 Mattermost/input_Team Description_teamDescription'

2021-05-29 15:29:27 - [MESSAGE][PASSED] - Text 'team desciption 3' is set on object 'Object Repository/Page_Town Square - test2 Mattermost/input_Team Description_teamDescription'

2021-05-29 15:29:27 - [TEST_STEP][PASSED] - click(findTestObject("Object Repository/Page_Town Square - test2 Mattermost/span_Save")): Object: 'Object Repository/Page_Town Square - test2 Mattermost/span_Save' is clicked on

2021-05-29 15:29:27 - [MESSAGE][PASSED] - Object: 'Object Repository/Page_Town Square - test2 Mattermost/span_Save' is clicked on

2021-05-29 15:29:27 - [TEST_STEP][PASSED] - newTeamDescription = getText(findTestObject("Object Repository/Page_Town Square - test2 Mattermost/div_test")): Text of object 'Object Repository/Page_Town Square - test2 Mattermost/div_test' is: 'team desciption 3'

2021-05-29 15:29:28 - [MESSAGE][PASSED] - Text of object 'Object Repository/Page_Town Square - test2 Mattermost/div_test' is: 'team desciption 3'

2021-05-29 15:29:28 - [TEST_STEP][PASSED] - if (newTeamDescription != var_teamDescription.toString()): null

2021-05-29 15:29:28 - [TEST_STEP][PASSED] - closeBrowser(): Browser is closed

2021-05-29 15:29:28 - [MESSAGE][PASSED] - Browser is closed]]></system-out>
         <system-err><![CDATA[]]></system-err>
      </testcase>
      <testcase name="Test Cases/1712666/TC14_UpdateTeamDescription" time="17.565" classname="Test Cases/1712666/TC14_UpdateTeamDescription" status="PASSED">
         <system-out><![CDATA[2021-05-29 15:29:28 - [TEST_CASE][PASSED] - Test Cases/1712666/TC14_UpdateTeamDescription: Test Cases/1712666/TC14_UpdateTeamDescription

2021-05-29 15:29:28 - [TEST_STEP][PASSED] - openBrowser(""): Browser is opened with url: ''

2021-05-29 15:29:28 - [MESSAGE][INFO] - Starting 'Chrome' driver

2021-05-29 15:29:28 - [MESSAGE][INFO] - Action delay is set to 0 milliseconds

2021-05-29 15:29:30 - [MESSAGE][PASSED] - Browser is opened with url: ''

2021-05-29 15:29:30 - [TEST_STEP][PASSED] - navigateToUrl("https://mattermostwebapp.herokuapp.com/"): Navigate to 'https://mattermostwebapp.herokuapp.com/' successfully

2021-05-29 15:29:33 - [MESSAGE][PASSED] - Navigate to 'https://mattermostwebapp.herokuapp.com/' successfully

2021-05-29 15:29:33 - [TEST_STEP][PASSED] - callTestCase(findTestCase("1712666/CommonTC/CTC_Login"), ["var_username":"phuc", "var_password":"CSt51UwWECc="]): Call Test Case 'Test Cases/1712666/CommonTC/CTC_Login' successfully

2021-05-29 15:29:33 - [TEST_CASE][PASSED] - Test Cases/1712666/CommonTC/CTC_Login: Test Cases/1712666/CommonTC/CTC_Login

2021-05-29 15:29:33 - [TEST_STEP][PASSED] - setText(findTestObject("Object Repository/1412263_Page_Mattermost/input_All team communication in one place, _dcc84b"), var_username): Text 'phuc' is set on object 'Object Repository/1412263_Page_Mattermost/input_All team communication in one place, _dcc84b'

2021-05-29 15:29:38 - [MESSAGE][PASSED] - Text 'phuc' is set on object 'Object Repository/1412263_Page_Mattermost/input_All team communication in one place, _dcc84b'

2021-05-29 15:29:38 - [TEST_STEP][PASSED] - setEncryptedText(findTestObject("Object Repository/1412263_Page_Mattermost/input_All team communication in one place, _a3edc6"), var_password): Text ****** has been set on object 'Object Repository/1412263_Page_Mattermost/input_All team communication in one place, _a3edc6'

2021-05-29 15:29:38 - [MESSAGE][PASSED] - Text ****** has been set on object 'Object Repository/1412263_Page_Mattermost/input_All team communication in one place, _a3edc6'

2021-05-29 15:29:38 - [TEST_STEP][PASSED] - click(findTestObject("Object Repository/1412263_Page_Mattermost/span_Sign in")): Object: 'Object Repository/1412263_Page_Mattermost/span_Sign in' is clicked on

2021-05-29 15:29:39 - [MESSAGE][PASSED] - Object: 'Object Repository/1412263_Page_Mattermost/span_Sign in' is clicked on

2021-05-29 15:29:39 - [MESSAGE][PASSED] - Call Test Case 'Test Cases/1712666/CommonTC/CTC_Login' successfully

2021-05-29 15:29:39 - [TEST_STEP][PASSED] - click(findTestObject("Object Repository/Page_Town Square - test2 Mattermost/div_phuc")): Object: 'Object Repository/Page_Town Square - test2 Mattermost/div_phuc' is clicked on

2021-05-29 15:29:42 - [MESSAGE][PASSED] - Object: 'Object Repository/Page_Town Square - test2 Mattermost/div_phuc' is clicked on

2021-05-29 15:29:42 - [TEST_STEP][PASSED] - click(findTestObject("Object Repository/Page_Town Square - test2 Mattermost/span_Team Settings")): Object: 'Object Repository/Page_Town Square - test2 Mattermost/span_Team Settings' is clicked on

2021-05-29 15:29:43 - [MESSAGE][PASSED] - Object: 'Object Repository/Page_Town Square - test2 Mattermost/span_Team Settings' is clicked on

2021-05-29 15:29:43 - [TEST_STEP][PASSED] - click(findTestObject("Object Repository/Page_Town Square - test2 Mattermost/span_Edit")): Object: 'Object Repository/Page_Town Square - test2 Mattermost/span_Edit' is clicked on

2021-05-29 15:29:43 - [MESSAGE][PASSED] - Object: 'Object Repository/Page_Town Square - test2 Mattermost/span_Edit' is clicked on

2021-05-29 15:29:43 - [TEST_STEP][PASSED] - setText(findTestObject("Object Repository/Page_Town Square - test2 Mattermost/input_Team Description_teamDescription"), var_teamDescription): Text 'team desciption 4' is set on object 'Object Repository/Page_Town Square - test2 Mattermost/input_Team Description_teamDescription'

2021-05-29 15:29:44 - [MESSAGE][PASSED] - Text 'team desciption 4' is set on object 'Object Repository/Page_Town Square - test2 Mattermost/input_Team Description_teamDescription'

2021-05-29 15:29:44 - [TEST_STEP][PASSED] - click(findTestObject("Object Repository/Page_Town Square - test2 Mattermost/span_Save")): Object: 'Object Repository/Page_Town Square - test2 Mattermost/span_Save' is clicked on

2021-05-29 15:29:45 - [MESSAGE][PASSED] - Object: 'Object Repository/Page_Town Square - test2 Mattermost/span_Save' is clicked on

2021-05-29 15:29:45 - [TEST_STEP][PASSED] - newTeamDescription = getText(findTestObject("Object Repository/Page_Town Square - test2 Mattermost/div_test")): Text of object 'Object Repository/Page_Town Square - test2 Mattermost/div_test' is: 'team desciption 4'

2021-05-29 15:29:45 - [MESSAGE][PASSED] - Text of object 'Object Repository/Page_Town Square - test2 Mattermost/div_test' is: 'team desciption 4'

2021-05-29 15:29:45 - [TEST_STEP][PASSED] - if (newTeamDescription != var_teamDescription.toString()): null

2021-05-29 15:29:45 - [TEST_STEP][PASSED] - closeBrowser(): Browser is closed

2021-05-29 15:29:46 - [MESSAGE][PASSED] - Browser is closed]]></system-out>
         <system-err><![CDATA[]]></system-err>
      </testcase>
      <testcase name="Test Cases/1712666/TC14_UpdateTeamDescription" time="18.133" classname="Test Cases/1712666/TC14_UpdateTeamDescription" status="PASSED">
         <system-out><![CDATA[2021-05-29 15:29:46 - [TEST_CASE][PASSED] - Test Cases/1712666/TC14_UpdateTeamDescription: Test Cases/1712666/TC14_UpdateTeamDescription

2021-05-29 15:29:46 - [TEST_STEP][PASSED] - openBrowser(""): Browser is opened with url: ''

2021-05-29 15:29:46 - [MESSAGE][INFO] - Starting 'Chrome' driver

2021-05-29 15:29:46 - [MESSAGE][INFO] - Action delay is set to 0 milliseconds

2021-05-29 15:29:47 - [MESSAGE][PASSED] - Browser is opened with url: ''

2021-05-29 15:29:47 - [TEST_STEP][PASSED] - navigateToUrl("https://mattermostwebapp.herokuapp.com/"): Navigate to 'https://mattermostwebapp.herokuapp.com/' successfully

2021-05-29 15:29:51 - [MESSAGE][PASSED] - Navigate to 'https://mattermostwebapp.herokuapp.com/' successfully

2021-05-29 15:29:51 - [TEST_STEP][PASSED] - callTestCase(findTestCase("1712666/CommonTC/CTC_Login"), ["var_username":"phuc", "var_password":"CSt51UwWECc="]): Call Test Case 'Test Cases/1712666/CommonTC/CTC_Login' successfully

2021-05-29 15:29:51 - [TEST_CASE][PASSED] - Test Cases/1712666/CommonTC/CTC_Login: Test Cases/1712666/CommonTC/CTC_Login

2021-05-29 15:29:51 - [TEST_STEP][PASSED] - setText(findTestObject("Object Repository/1412263_Page_Mattermost/input_All team communication in one place, _dcc84b"), var_username): Text 'phuc' is set on object 'Object Repository/1412263_Page_Mattermost/input_All team communication in one place, _dcc84b'

2021-05-29 15:29:56 - [MESSAGE][PASSED] - Text 'phuc' is set on object 'Object Repository/1412263_Page_Mattermost/input_All team communication in one place, _dcc84b'

2021-05-29 15:29:56 - [TEST_STEP][PASSED] - setEncryptedText(findTestObject("Object Repository/1412263_Page_Mattermost/input_All team communication in one place, _a3edc6"), var_password): Text ****** has been set on object 'Object Repository/1412263_Page_Mattermost/input_All team communication in one place, _a3edc6'

2021-05-29 15:29:56 - [MESSAGE][PASSED] - Text ****** has been set on object 'Object Repository/1412263_Page_Mattermost/input_All team communication in one place, _a3edc6'

2021-05-29 15:29:56 - [TEST_STEP][PASSED] - click(findTestObject("Object Repository/1412263_Page_Mattermost/span_Sign in")): Object: 'Object Repository/1412263_Page_Mattermost/span_Sign in' is clicked on

2021-05-29 15:29:57 - [MESSAGE][PASSED] - Object: 'Object Repository/1412263_Page_Mattermost/span_Sign in' is clicked on

2021-05-29 15:29:57 - [MESSAGE][PASSED] - Call Test Case 'Test Cases/1712666/CommonTC/CTC_Login' successfully

2021-05-29 15:29:57 - [TEST_STEP][PASSED] - click(findTestObject("Object Repository/Page_Town Square - test2 Mattermost/div_phuc")): Object: 'Object Repository/Page_Town Square - test2 Mattermost/div_phuc' is clicked on

2021-05-29 15:30:00 - [MESSAGE][PASSED] - Object: 'Object Repository/Page_Town Square - test2 Mattermost/div_phuc' is clicked on

2021-05-29 15:30:00 - [TEST_STEP][PASSED] - click(findTestObject("Object Repository/Page_Town Square - test2 Mattermost/span_Team Settings")): Object: 'Object Repository/Page_Town Square - test2 Mattermost/span_Team Settings' is clicked on

2021-05-29 15:30:01 - [MESSAGE][PASSED] - Object: 'Object Repository/Page_Town Square - test2 Mattermost/span_Team Settings' is clicked on

2021-05-29 15:30:01 - [TEST_STEP][PASSED] - click(findTestObject("Object Repository/Page_Town Square - test2 Mattermost/span_Edit")): Object: 'Object Repository/Page_Town Square - test2 Mattermost/span_Edit' is clicked on

2021-05-29 15:30:01 - [MESSAGE][PASSED] - Object: 'Object Repository/Page_Town Square - test2 Mattermost/span_Edit' is clicked on

2021-05-29 15:30:01 - [TEST_STEP][PASSED] - setText(findTestObject("Object Repository/Page_Town Square - test2 Mattermost/input_Team Description_teamDescription"), var_teamDescription): Text 'team desciption 5' is set on object 'Object Repository/Page_Town Square - test2 Mattermost/input_Team Description_teamDescription'

2021-05-29 15:30:02 - [MESSAGE][PASSED] - Text 'team desciption 5' is set on object 'Object Repository/Page_Town Square - test2 Mattermost/input_Team Description_teamDescription'

2021-05-29 15:30:02 - [TEST_STEP][PASSED] - click(findTestObject("Object Repository/Page_Town Square - test2 Mattermost/span_Save")): Object: 'Object Repository/Page_Town Square - test2 Mattermost/span_Save' is clicked on

2021-05-29 15:30:03 - [MESSAGE][PASSED] - Object: 'Object Repository/Page_Town Square - test2 Mattermost/span_Save' is clicked on

2021-05-29 15:30:03 - [TEST_STEP][PASSED] - newTeamDescription = getText(findTestObject("Object Repository/Page_Town Square - test2 Mattermost/div_test")): Text of object 'Object Repository/Page_Town Square - test2 Mattermost/div_test' is: 'team desciption 5'

2021-05-29 15:30:04 - [MESSAGE][PASSED] - Text of object 'Object Repository/Page_Town Square - test2 Mattermost/div_test' is: 'team desciption 5'

2021-05-29 15:30:04 - [TEST_STEP][PASSED] - if (newTeamDescription != var_teamDescription.toString()): null

2021-05-29 15:30:04 - [TEST_STEP][PASSED] - closeBrowser(): Browser is closed

2021-05-29 15:30:04 - [MESSAGE][PASSED] - Browser is closed]]></system-out>
         <system-err><![CDATA[]]></system-err>
      </testcase>
      <testcase name="Test Cases/1712666/TC13_UpdateTeamName" time="18.707" classname="Test Cases/1712666/TC13_UpdateTeamName" status="PASSED">
         <system-out><![CDATA[2021-05-29 15:30:04 - [TEST_CASE][PASSED] - Test Cases/1712666/TC13_UpdateTeamName: Test Cases/1712666/TC13_UpdateTeamName

2021-05-29 15:30:04 - [TEST_STEP][PASSED] - openBrowser(""): Browser is opened with url: ''

2021-05-29 15:30:05 - [MESSAGE][INFO] - Starting 'Chrome' driver

2021-05-29 15:30:05 - [MESSAGE][INFO] - Action delay is set to 0 milliseconds

2021-05-29 15:30:06 - [MESSAGE][PASSED] - Browser is opened with url: ''

2021-05-29 15:30:06 - [TEST_STEP][PASSED] - navigateToUrl("https://mattermostwebapp.herokuapp.com/"): Navigate to 'https://mattermostwebapp.herokuapp.com/' successfully

2021-05-29 15:30:09 - [MESSAGE][PASSED] - Navigate to 'https://mattermostwebapp.herokuapp.com/' successfully

2021-05-29 15:30:09 - [TEST_STEP][PASSED] - callTestCase(findTestCase("1712666/CommonTC/CTC_Login"), ["var_username":"phuc", "var_password":"CSt51UwWECc="]): Call Test Case 'Test Cases/1712666/CommonTC/CTC_Login' successfully

2021-05-29 15:30:09 - [TEST_CASE][PASSED] - Test Cases/1712666/CommonTC/CTC_Login: Test Cases/1712666/CommonTC/CTC_Login

2021-05-29 15:30:09 - [TEST_STEP][PASSED] - setText(findTestObject("Object Repository/1412263_Page_Mattermost/input_All team communication in one place, _dcc84b"), var_username): Text 'phuc' is set on object 'Object Repository/1412263_Page_Mattermost/input_All team communication in one place, _dcc84b'

2021-05-29 15:30:14 - [MESSAGE][PASSED] - Text 'phuc' is set on object 'Object Repository/1412263_Page_Mattermost/input_All team communication in one place, _dcc84b'

2021-05-29 15:30:14 - [TEST_STEP][PASSED] - setEncryptedText(findTestObject("Object Repository/1412263_Page_Mattermost/input_All team communication in one place, _a3edc6"), var_password): Text ****** has been set on object 'Object Repository/1412263_Page_Mattermost/input_All team communication in one place, _a3edc6'

2021-05-29 15:30:14 - [MESSAGE][PASSED] - Text ****** has been set on object 'Object Repository/1412263_Page_Mattermost/input_All team communication in one place, _a3edc6'

2021-05-29 15:30:14 - [TEST_STEP][PASSED] - click(findTestObject("Object Repository/1412263_Page_Mattermost/span_Sign in")): Object: 'Object Repository/1412263_Page_Mattermost/span_Sign in' is clicked on

2021-05-29 15:30:15 - [MESSAGE][PASSED] - Object: 'Object Repository/1412263_Page_Mattermost/span_Sign in' is clicked on

2021-05-29 15:30:15 - [MESSAGE][PASSED] - Call Test Case 'Test Cases/1712666/CommonTC/CTC_Login' successfully

2021-05-29 15:30:15 - [TEST_STEP][PASSED] - click(findTestObject("Object Repository/Page_Town Square - abc Mattermost/div_phuc (2)")): Object: 'Object Repository/Page_Town Square - abc Mattermost/div_phuc (2)' is clicked on

2021-05-29 15:30:18 - [MESSAGE][PASSED] - Object: 'Object Repository/Page_Town Square - abc Mattermost/div_phuc (2)' is clicked on

2021-05-29 15:30:18 - [TEST_STEP][PASSED] - click(findTestObject("Object Repository/Page_Town Square - abc Mattermost/span_Team Settings")): Object: 'Object Repository/Page_Town Square - abc Mattermost/span_Team Settings' is clicked on

2021-05-29 15:30:19 - [MESSAGE][PASSED] - Object: 'Object Repository/Page_Town Square - abc Mattermost/span_Team Settings' is clicked on

2021-05-29 15:30:19 - [TEST_STEP][PASSED] - click(findTestObject("Object Repository/Page_Town Square - abc Mattermost/span_Edit")): Object: 'Object Repository/Page_Town Square - abc Mattermost/span_Edit' is clicked on

2021-05-29 15:30:19 - [MESSAGE][PASSED] - Object: 'Object Repository/Page_Town Square - abc Mattermost/span_Edit' is clicked on

2021-05-29 15:30:19 - [TEST_STEP][PASSED] - doubleClick(findTestObject("Object Repository/Page_Town Square - abc Mattermost/input_Team Name_teamName")): Object: 'Object Repository/Page_Town Square - abc Mattermost/input_Team Name_teamName' is double clicked on

2021-05-29 15:30:20 - [MESSAGE][PASSED] - Object: 'Object Repository/Page_Town Square - abc Mattermost/input_Team Name_teamName' is double clicked on

2021-05-29 15:30:20 - [TEST_STEP][PASSED] - setText(findTestObject("Object Repository/Page_Town Square - abc Mattermost/input_Team Name_teamName"), var_teamname): Text 'group1' is set on object 'Object Repository/Page_Town Square - abc Mattermost/input_Team Name_teamName'

2021-05-29 15:30:21 - [MESSAGE][PASSED] - Text 'group1' is set on object 'Object Repository/Page_Town Square - abc Mattermost/input_Team Name_teamName'

2021-05-29 15:30:21 - [TEST_STEP][PASSED] - click(findTestObject("Object Repository/Page_Town Square - abc Mattermost/span_Save")): Object: 'Object Repository/Page_Town Square - abc Mattermost/span_Save' is clicked on

2021-05-29 15:30:21 - [MESSAGE][PASSED] - Object: 'Object Repository/Page_Town Square - abc Mattermost/span_Save' is clicked on

2021-05-29 15:30:21 - [TEST_STEP][PASSED] - newTeamName = getText(findTestObject("Object Repository/Page_Town Square - abc1 Mattermost/div_abc1")): Text of object 'Object Repository/Page_Town Square - abc1 Mattermost/div_abc1' is: 'group1'

2021-05-29 15:30:22 - [MESSAGE][PASSED] - Text of object 'Object Repository/Page_Town Square - abc1 Mattermost/div_abc1' is: 'group1'

2021-05-29 15:30:22 - [TEST_STEP][PASSED] - if (newTeamName != var_teamname.toString()): null

2021-05-29 15:30:22 - [TEST_STEP][PASSED] - closeBrowser(): Browser is closed

2021-05-29 15:30:23 - [MESSAGE][PASSED] - Browser is closed]]></system-out>
         <system-err><![CDATA[]]></system-err>
      </testcase>
      <testcase name="Test Cases/1712666/TC13_UpdateTeamName" time="19.046" classname="Test Cases/1712666/TC13_UpdateTeamName" status="PASSED">
         <system-out><![CDATA[2021-05-29 15:30:23 - [TEST_CASE][PASSED] - Test Cases/1712666/TC13_UpdateTeamName: Test Cases/1712666/TC13_UpdateTeamName

2021-05-29 15:30:23 - [TEST_STEP][PASSED] - openBrowser(""): Browser is opened with url: ''

2021-05-29 15:30:23 - [MESSAGE][INFO] - Starting 'Chrome' driver

2021-05-29 15:30:23 - [MESSAGE][INFO] - Action delay is set to 0 milliseconds

2021-05-29 15:30:24 - [MESSAGE][PASSED] - Browser is opened with url: ''

2021-05-29 15:30:24 - [TEST_STEP][PASSED] - navigateToUrl("https://mattermostwebapp.herokuapp.com/"): Navigate to 'https://mattermostwebapp.herokuapp.com/' successfully

2021-05-29 15:30:28 - [MESSAGE][PASSED] - Navigate to 'https://mattermostwebapp.herokuapp.com/' successfully

2021-05-29 15:30:28 - [TEST_STEP][PASSED] - callTestCase(findTestCase("1712666/CommonTC/CTC_Login"), ["var_username":"phuc", "var_password":"CSt51UwWECc="]): Call Test Case 'Test Cases/1712666/CommonTC/CTC_Login' successfully

2021-05-29 15:30:28 - [TEST_CASE][PASSED] - Test Cases/1712666/CommonTC/CTC_Login: Test Cases/1712666/CommonTC/CTC_Login

2021-05-29 15:30:28 - [TEST_STEP][PASSED] - setText(findTestObject("Object Repository/1412263_Page_Mattermost/input_All team communication in one place, _dcc84b"), var_username): Text 'phuc' is set on object 'Object Repository/1412263_Page_Mattermost/input_All team communication in one place, _dcc84b'

2021-05-29 15:30:33 - [MESSAGE][PASSED] - Text 'phuc' is set on object 'Object Repository/1412263_Page_Mattermost/input_All team communication in one place, _dcc84b'

2021-05-29 15:30:33 - [TEST_STEP][PASSED] - setEncryptedText(findTestObject("Object Repository/1412263_Page_Mattermost/input_All team communication in one place, _a3edc6"), var_password): Text ****** has been set on object 'Object Repository/1412263_Page_Mattermost/input_All team communication in one place, _a3edc6'

2021-05-29 15:30:33 - [MESSAGE][PASSED] - Text ****** has been set on object 'Object Repository/1412263_Page_Mattermost/input_All team communication in one place, _a3edc6'

2021-05-29 15:30:33 - [TEST_STEP][PASSED] - click(findTestObject("Object Repository/1412263_Page_Mattermost/span_Sign in")): Object: 'Object Repository/1412263_Page_Mattermost/span_Sign in' is clicked on

2021-05-29 15:30:34 - [MESSAGE][PASSED] - Object: 'Object Repository/1412263_Page_Mattermost/span_Sign in' is clicked on

2021-05-29 15:30:34 - [MESSAGE][PASSED] - Call Test Case 'Test Cases/1712666/CommonTC/CTC_Login' successfully

2021-05-29 15:30:34 - [TEST_STEP][PASSED] - click(findTestObject("Object Repository/Page_Town Square - abc Mattermost/div_phuc (2)")): Object: 'Object Repository/Page_Town Square - abc Mattermost/div_phuc (2)' is clicked on

2021-05-29 15:30:37 - [MESSAGE][PASSED] - Object: 'Object Repository/Page_Town Square - abc Mattermost/div_phuc (2)' is clicked on

2021-05-29 15:30:37 - [TEST_STEP][PASSED] - click(findTestObject("Object Repository/Page_Town Square - abc Mattermost/span_Team Settings")): Object: 'Object Repository/Page_Town Square - abc Mattermost/span_Team Settings' is clicked on

2021-05-29 15:30:38 - [MESSAGE][PASSED] - Object: 'Object Repository/Page_Town Square - abc Mattermost/span_Team Settings' is clicked on

2021-05-29 15:30:38 - [TEST_STEP][PASSED] - click(findTestObject("Object Repository/Page_Town Square - abc Mattermost/span_Edit")): Object: 'Object Repository/Page_Town Square - abc Mattermost/span_Edit' is clicked on

2021-05-29 15:30:39 - [MESSAGE][PASSED] - Object: 'Object Repository/Page_Town Square - abc Mattermost/span_Edit' is clicked on

2021-05-29 15:30:39 - [TEST_STEP][PASSED] - doubleClick(findTestObject("Object Repository/Page_Town Square - abc Mattermost/input_Team Name_teamName")): Object: 'Object Repository/Page_Town Square - abc Mattermost/input_Team Name_teamName' is double clicked on

2021-05-29 15:30:39 - [MESSAGE][PASSED] - Object: 'Object Repository/Page_Town Square - abc Mattermost/input_Team Name_teamName' is double clicked on

2021-05-29 15:30:39 - [TEST_STEP][PASSED] - setText(findTestObject("Object Repository/Page_Town Square - abc Mattermost/input_Team Name_teamName"), var_teamname): Text 'group2' is set on object 'Object Repository/Page_Town Square - abc Mattermost/input_Team Name_teamName'

2021-05-29 15:30:40 - [MESSAGE][PASSED] - Text 'group2' is set on object 'Object Repository/Page_Town Square - abc Mattermost/input_Team Name_teamName'

2021-05-29 15:30:40 - [TEST_STEP][PASSED] - click(findTestObject("Object Repository/Page_Town Square - abc Mattermost/span_Save")): Object: 'Object Repository/Page_Town Square - abc Mattermost/span_Save' is clicked on

2021-05-29 15:30:40 - [MESSAGE][PASSED] - Object: 'Object Repository/Page_Town Square - abc Mattermost/span_Save' is clicked on

2021-05-29 15:30:40 - [TEST_STEP][PASSED] - newTeamName = getText(findTestObject("Object Repository/Page_Town Square - abc1 Mattermost/div_abc1")): Text of object 'Object Repository/Page_Town Square - abc1 Mattermost/div_abc1' is: 'group2'

2021-05-29 15:30:41 - [MESSAGE][PASSED] - Text of object 'Object Repository/Page_Town Square - abc1 Mattermost/div_abc1' is: 'group2'

2021-05-29 15:30:41 - [TEST_STEP][PASSED] - if (newTeamName != var_teamname.toString()): null

2021-05-29 15:30:41 - [TEST_STEP][PASSED] - closeBrowser(): Browser is closed

2021-05-29 15:30:42 - [MESSAGE][PASSED] - Browser is closed]]></system-out>
         <system-err><![CDATA[]]></system-err>
      </testcase>
      <testcase name="Test Cases/1712666/TC13_UpdateTeamName" time="19.376" classname="Test Cases/1712666/TC13_UpdateTeamName" status="PASSED">
         <system-out><![CDATA[2021-05-29 15:30:42 - [TEST_CASE][PASSED] - Test Cases/1712666/TC13_UpdateTeamName: Test Cases/1712666/TC13_UpdateTeamName

2021-05-29 15:30:42 - [TEST_STEP][PASSED] - openBrowser(""): Browser is opened with url: ''

2021-05-29 15:30:42 - [MESSAGE][INFO] - Starting 'Chrome' driver

2021-05-29 15:30:42 - [MESSAGE][INFO] - Action delay is set to 0 milliseconds

2021-05-29 15:30:43 - [MESSAGE][PASSED] - Browser is opened with url: ''

2021-05-29 15:30:43 - [TEST_STEP][PASSED] - navigateToUrl("https://mattermostwebapp.herokuapp.com/"): Navigate to 'https://mattermostwebapp.herokuapp.com/' successfully

2021-05-29 15:30:47 - [MESSAGE][PASSED] - Navigate to 'https://mattermostwebapp.herokuapp.com/' successfully

2021-05-29 15:30:47 - [TEST_STEP][PASSED] - callTestCase(findTestCase("1712666/CommonTC/CTC_Login"), ["var_username":"phuc", "var_password":"CSt51UwWECc="]): Call Test Case 'Test Cases/1712666/CommonTC/CTC_Login' successfully

2021-05-29 15:30:47 - [TEST_CASE][PASSED] - Test Cases/1712666/CommonTC/CTC_Login: Test Cases/1712666/CommonTC/CTC_Login

2021-05-29 15:30:47 - [TEST_STEP][PASSED] - setText(findTestObject("Object Repository/1412263_Page_Mattermost/input_All team communication in one place, _dcc84b"), var_username): Text 'phuc' is set on object 'Object Repository/1412263_Page_Mattermost/input_All team communication in one place, _dcc84b'

2021-05-29 15:30:51 - [MESSAGE][PASSED] - Text 'phuc' is set on object 'Object Repository/1412263_Page_Mattermost/input_All team communication in one place, _dcc84b'

2021-05-29 15:30:51 - [TEST_STEP][PASSED] - setEncryptedText(findTestObject("Object Repository/1412263_Page_Mattermost/input_All team communication in one place, _a3edc6"), var_password): Text ****** has been set on object 'Object Repository/1412263_Page_Mattermost/input_All team communication in one place, _a3edc6'

2021-05-29 15:30:52 - [MESSAGE][PASSED] - Text ****** has been set on object 'Object Repository/1412263_Page_Mattermost/input_All team communication in one place, _a3edc6'

2021-05-29 15:30:52 - [TEST_STEP][PASSED] - click(findTestObject("Object Repository/1412263_Page_Mattermost/span_Sign in")): Object: 'Object Repository/1412263_Page_Mattermost/span_Sign in' is clicked on

2021-05-29 15:30:52 - [MESSAGE][PASSED] - Object: 'Object Repository/1412263_Page_Mattermost/span_Sign in' is clicked on

2021-05-29 15:30:52 - [MESSAGE][PASSED] - Call Test Case 'Test Cases/1712666/CommonTC/CTC_Login' successfully

2021-05-29 15:30:52 - [TEST_STEP][PASSED] - click(findTestObject("Object Repository/Page_Town Square - abc Mattermost/div_phuc (2)")): Object: 'Object Repository/Page_Town Square - abc Mattermost/div_phuc (2)' is clicked on

2021-05-29 15:30:56 - [MESSAGE][PASSED] - Object: 'Object Repository/Page_Town Square - abc Mattermost/div_phuc (2)' is clicked on

2021-05-29 15:30:56 - [TEST_STEP][PASSED] - click(findTestObject("Object Repository/Page_Town Square - abc Mattermost/span_Team Settings")): Object: 'Object Repository/Page_Town Square - abc Mattermost/span_Team Settings' is clicked on

2021-05-29 15:30:57 - [MESSAGE][PASSED] - Object: 'Object Repository/Page_Town Square - abc Mattermost/span_Team Settings' is clicked on

2021-05-29 15:30:57 - [TEST_STEP][PASSED] - click(findTestObject("Object Repository/Page_Town Square - abc Mattermost/span_Edit")): Object: 'Object Repository/Page_Town Square - abc Mattermost/span_Edit' is clicked on

2021-05-29 15:30:57 - [MESSAGE][PASSED] - Object: 'Object Repository/Page_Town Square - abc Mattermost/span_Edit' is clicked on

2021-05-29 15:30:57 - [TEST_STEP][PASSED] - doubleClick(findTestObject("Object Repository/Page_Town Square - abc Mattermost/input_Team Name_teamName")): Object: 'Object Repository/Page_Town Square - abc Mattermost/input_Team Name_teamName' is double clicked on

2021-05-29 15:30:58 - [MESSAGE][PASSED] - Object: 'Object Repository/Page_Town Square - abc Mattermost/input_Team Name_teamName' is double clicked on

2021-05-29 15:30:58 - [TEST_STEP][PASSED] - setText(findTestObject("Object Repository/Page_Town Square - abc Mattermost/input_Team Name_teamName"), var_teamname): Text 'group3' is set on object 'Object Repository/Page_Town Square - abc Mattermost/input_Team Name_teamName'

2021-05-29 15:30:59 - [MESSAGE][PASSED] - Text 'group3' is set on object 'Object Repository/Page_Town Square - abc Mattermost/input_Team Name_teamName'

2021-05-29 15:30:59 - [TEST_STEP][PASSED] - click(findTestObject("Object Repository/Page_Town Square - abc Mattermost/span_Save")): Object: 'Object Repository/Page_Town Square - abc Mattermost/span_Save' is clicked on

2021-05-29 15:31:00 - [MESSAGE][PASSED] - Object: 'Object Repository/Page_Town Square - abc Mattermost/span_Save' is clicked on

2021-05-29 15:31:00 - [TEST_STEP][PASSED] - newTeamName = getText(findTestObject("Object Repository/Page_Town Square - abc1 Mattermost/div_abc1")): Text of object 'Object Repository/Page_Town Square - abc1 Mattermost/div_abc1' is: 'group3'

2021-05-29 15:31:01 - [MESSAGE][PASSED] - Text of object 'Object Repository/Page_Town Square - abc1 Mattermost/div_abc1' is: 'group3'

2021-05-29 15:31:01 - [TEST_STEP][PASSED] - if (newTeamName != var_teamname.toString()): null

2021-05-29 15:31:01 - [TEST_STEP][PASSED] - closeBrowser(): Browser is closed

2021-05-29 15:31:01 - [MESSAGE][PASSED] - Browser is closed]]></system-out>
         <system-err><![CDATA[]]></system-err>
      </testcase>
      <testcase name="Test Cases/1712666/TC13_UpdateTeamName" time="19.594" classname="Test Cases/1712666/TC13_UpdateTeamName" status="PASSED">
         <system-out><![CDATA[2021-05-29 15:31:01 - [TEST_CASE][PASSED] - Test Cases/1712666/TC13_UpdateTeamName: Test Cases/1712666/TC13_UpdateTeamName

2021-05-29 15:31:01 - [TEST_STEP][PASSED] - openBrowser(""): Browser is opened with url: ''

2021-05-29 15:31:01 - [MESSAGE][INFO] - Starting 'Chrome' driver

2021-05-29 15:31:01 - [MESSAGE][INFO] - Action delay is set to 0 milliseconds

2021-05-29 15:31:03 - [MESSAGE][PASSED] - Browser is opened with url: ''

2021-05-29 15:31:03 - [TEST_STEP][PASSED] - navigateToUrl("https://mattermostwebapp.herokuapp.com/"): Navigate to 'https://mattermostwebapp.herokuapp.com/' successfully

2021-05-29 15:31:06 - [MESSAGE][PASSED] - Navigate to 'https://mattermostwebapp.herokuapp.com/' successfully

2021-05-29 15:31:06 - [TEST_STEP][PASSED] - callTestCase(findTestCase("1712666/CommonTC/CTC_Login"), ["var_username":"phuc", "var_password":"CSt51UwWECc="]): Call Test Case 'Test Cases/1712666/CommonTC/CTC_Login' successfully

2021-05-29 15:31:06 - [TEST_CASE][PASSED] - Test Cases/1712666/CommonTC/CTC_Login: Test Cases/1712666/CommonTC/CTC_Login

2021-05-29 15:31:06 - [TEST_STEP][PASSED] - setText(findTestObject("Object Repository/1412263_Page_Mattermost/input_All team communication in one place, _dcc84b"), var_username): Text 'phuc' is set on object 'Object Repository/1412263_Page_Mattermost/input_All team communication in one place, _dcc84b'

2021-05-29 15:31:11 - [MESSAGE][PASSED] - Text 'phuc' is set on object 'Object Repository/1412263_Page_Mattermost/input_All team communication in one place, _dcc84b'

2021-05-29 15:31:11 - [TEST_STEP][PASSED] - setEncryptedText(findTestObject("Object Repository/1412263_Page_Mattermost/input_All team communication in one place, _a3edc6"), var_password): Text ****** has been set on object 'Object Repository/1412263_Page_Mattermost/input_All team communication in one place, _a3edc6'

2021-05-29 15:31:12 - [MESSAGE][PASSED] - Text ****** has been set on object 'Object Repository/1412263_Page_Mattermost/input_All team communication in one place, _a3edc6'

2021-05-29 15:31:12 - [TEST_STEP][PASSED] - click(findTestObject("Object Repository/1412263_Page_Mattermost/span_Sign in")): Object: 'Object Repository/1412263_Page_Mattermost/span_Sign in' is clicked on

2021-05-29 15:31:12 - [MESSAGE][PASSED] - Object: 'Object Repository/1412263_Page_Mattermost/span_Sign in' is clicked on

2021-05-29 15:31:12 - [MESSAGE][PASSED] - Call Test Case 'Test Cases/1712666/CommonTC/CTC_Login' successfully

2021-05-29 15:31:12 - [TEST_STEP][PASSED] - click(findTestObject("Object Repository/Page_Town Square - abc Mattermost/div_phuc (2)")): Object: 'Object Repository/Page_Town Square - abc Mattermost/div_phuc (2)' is clicked on

2021-05-29 15:31:16 - [MESSAGE][PASSED] - Object: 'Object Repository/Page_Town Square - abc Mattermost/div_phuc (2)' is clicked on

2021-05-29 15:31:16 - [TEST_STEP][PASSED] - click(findTestObject("Object Repository/Page_Town Square - abc Mattermost/span_Team Settings")): Object: 'Object Repository/Page_Town Square - abc Mattermost/span_Team Settings' is clicked on

2021-05-29 15:31:17 - [MESSAGE][PASSED] - Object: 'Object Repository/Page_Town Square - abc Mattermost/span_Team Settings' is clicked on

2021-05-29 15:31:17 - [TEST_STEP][PASSED] - click(findTestObject("Object Repository/Page_Town Square - abc Mattermost/span_Edit")): Object: 'Object Repository/Page_Town Square - abc Mattermost/span_Edit' is clicked on

2021-05-29 15:31:17 - [MESSAGE][PASSED] - Object: 'Object Repository/Page_Town Square - abc Mattermost/span_Edit' is clicked on

2021-05-29 15:31:17 - [TEST_STEP][PASSED] - doubleClick(findTestObject("Object Repository/Page_Town Square - abc Mattermost/input_Team Name_teamName")): Object: 'Object Repository/Page_Town Square - abc Mattermost/input_Team Name_teamName' is double clicked on

2021-05-29 15:31:18 - [MESSAGE][PASSED] - Object: 'Object Repository/Page_Town Square - abc Mattermost/input_Team Name_teamName' is double clicked on

2021-05-29 15:31:18 - [TEST_STEP][PASSED] - setText(findTestObject("Object Repository/Page_Town Square - abc Mattermost/input_Team Name_teamName"), var_teamname): Text 'group4' is set on object 'Object Repository/Page_Town Square - abc Mattermost/input_Team Name_teamName'

2021-05-29 15:31:19 - [MESSAGE][PASSED] - Text 'group4' is set on object 'Object Repository/Page_Town Square - abc Mattermost/input_Team Name_teamName'

2021-05-29 15:31:19 - [TEST_STEP][PASSED] - click(findTestObject("Object Repository/Page_Town Square - abc Mattermost/span_Save")): Object: 'Object Repository/Page_Town Square - abc Mattermost/span_Save' is clicked on

2021-05-29 15:31:19 - [MESSAGE][PASSED] - Object: 'Object Repository/Page_Town Square - abc Mattermost/span_Save' is clicked on

2021-05-29 15:31:19 - [TEST_STEP][PASSED] - newTeamName = getText(findTestObject("Object Repository/Page_Town Square - abc1 Mattermost/div_abc1")): Text of object 'Object Repository/Page_Town Square - abc1 Mattermost/div_abc1' is: 'group4'

2021-05-29 15:31:20 - [MESSAGE][PASSED] - Text of object 'Object Repository/Page_Town Square - abc1 Mattermost/div_abc1' is: 'group4'

2021-05-29 15:31:20 - [TEST_STEP][PASSED] - if (newTeamName != var_teamname.toString()): null

2021-05-29 15:31:20 - [TEST_STEP][PASSED] - closeBrowser(): Browser is closed

2021-05-29 15:31:21 - [MESSAGE][PASSED] - Browser is closed]]></system-out>
         <system-err><![CDATA[]]></system-err>
      </testcase>
      <testcase name="Test Cases/1712666/TC13_UpdateTeamName" time="18.504" classname="Test Cases/1712666/TC13_UpdateTeamName" status="PASSED">
         <system-out><![CDATA[2021-05-29 15:31:21 - [TEST_CASE][PASSED] - Test Cases/1712666/TC13_UpdateTeamName: Test Cases/1712666/TC13_UpdateTeamName

2021-05-29 15:31:21 - [TEST_STEP][PASSED] - openBrowser(""): Browser is opened with url: ''

2021-05-29 15:31:21 - [MESSAGE][INFO] - Starting 'Chrome' driver

2021-05-29 15:31:21 - [MESSAGE][INFO] - Action delay is set to 0 milliseconds

2021-05-29 15:31:22 - [MESSAGE][PASSED] - Browser is opened with url: ''

2021-05-29 15:31:22 - [TEST_STEP][PASSED] - navigateToUrl("https://mattermostwebapp.herokuapp.com/"): Navigate to 'https://mattermostwebapp.herokuapp.com/' successfully

2021-05-29 15:31:26 - [MESSAGE][PASSED] - Navigate to 'https://mattermostwebapp.herokuapp.com/' successfully

2021-05-29 15:31:26 - [TEST_STEP][PASSED] - callTestCase(findTestCase("1712666/CommonTC/CTC_Login"), ["var_username":"phuc", "var_password":"CSt51UwWECc="]): Call Test Case 'Test Cases/1712666/CommonTC/CTC_Login' successfully

2021-05-29 15:31:26 - [TEST_CASE][PASSED] - Test Cases/1712666/CommonTC/CTC_Login: Test Cases/1712666/CommonTC/CTC_Login

2021-05-29 15:31:26 - [TEST_STEP][PASSED] - setText(findTestObject("Object Repository/1412263_Page_Mattermost/input_All team communication in one place, _dcc84b"), var_username): Text 'phuc' is set on object 'Object Repository/1412263_Page_Mattermost/input_All team communication in one place, _dcc84b'

2021-05-29 15:31:30 - [MESSAGE][PASSED] - Text 'phuc' is set on object 'Object Repository/1412263_Page_Mattermost/input_All team communication in one place, _dcc84b'

2021-05-29 15:31:30 - [TEST_STEP][PASSED] - setEncryptedText(findTestObject("Object Repository/1412263_Page_Mattermost/input_All team communication in one place, _a3edc6"), var_password): Text ****** has been set on object 'Object Repository/1412263_Page_Mattermost/input_All team communication in one place, _a3edc6'

2021-05-29 15:31:31 - [MESSAGE][PASSED] - Text ****** has been set on object 'Object Repository/1412263_Page_Mattermost/input_All team communication in one place, _a3edc6'

2021-05-29 15:31:31 - [TEST_STEP][PASSED] - click(findTestObject("Object Repository/1412263_Page_Mattermost/span_Sign in")): Object: 'Object Repository/1412263_Page_Mattermost/span_Sign in' is clicked on

2021-05-29 15:31:31 - [MESSAGE][PASSED] - Object: 'Object Repository/1412263_Page_Mattermost/span_Sign in' is clicked on

2021-05-29 15:31:31 - [MESSAGE][PASSED] - Call Test Case 'Test Cases/1712666/CommonTC/CTC_Login' successfully

2021-05-29 15:31:31 - [TEST_STEP][PASSED] - click(findTestObject("Object Repository/Page_Town Square - abc Mattermost/div_phuc (2)")): Object: 'Object Repository/Page_Town Square - abc Mattermost/div_phuc (2)' is clicked on

2021-05-29 15:31:35 - [MESSAGE][PASSED] - Object: 'Object Repository/Page_Town Square - abc Mattermost/div_phuc (2)' is clicked on

2021-05-29 15:31:35 - [TEST_STEP][PASSED] - click(findTestObject("Object Repository/Page_Town Square - abc Mattermost/span_Team Settings")): Object: 'Object Repository/Page_Town Square - abc Mattermost/span_Team Settings' is clicked on

2021-05-29 15:31:36 - [MESSAGE][PASSED] - Object: 'Object Repository/Page_Town Square - abc Mattermost/span_Team Settings' is clicked on

2021-05-29 15:31:36 - [TEST_STEP][PASSED] - click(findTestObject("Object Repository/Page_Town Square - abc Mattermost/span_Edit")): Object: 'Object Repository/Page_Town Square - abc Mattermost/span_Edit' is clicked on

2021-05-29 15:31:36 - [MESSAGE][PASSED] - Object: 'Object Repository/Page_Town Square - abc Mattermost/span_Edit' is clicked on

2021-05-29 15:31:36 - [TEST_STEP][PASSED] - doubleClick(findTestObject("Object Repository/Page_Town Square - abc Mattermost/input_Team Name_teamName")): Object: 'Object Repository/Page_Town Square - abc Mattermost/input_Team Name_teamName' is double clicked on

2021-05-29 15:31:37 - [MESSAGE][PASSED] - Object: 'Object Repository/Page_Town Square - abc Mattermost/input_Team Name_teamName' is double clicked on

2021-05-29 15:31:37 - [TEST_STEP][PASSED] - setText(findTestObject("Object Repository/Page_Town Square - abc Mattermost/input_Team Name_teamName"), var_teamname): Text 'group5' is set on object 'Object Repository/Page_Town Square - abc Mattermost/input_Team Name_teamName'

2021-05-29 15:31:37 - [MESSAGE][PASSED] - Text 'group5' is set on object 'Object Repository/Page_Town Square - abc Mattermost/input_Team Name_teamName'

2021-05-29 15:31:37 - [TEST_STEP][PASSED] - click(findTestObject("Object Repository/Page_Town Square - abc Mattermost/span_Save")): Object: 'Object Repository/Page_Town Square - abc Mattermost/span_Save' is clicked on

2021-05-29 15:31:38 - [MESSAGE][PASSED] - Object: 'Object Repository/Page_Town Square - abc Mattermost/span_Save' is clicked on

2021-05-29 15:31:38 - [TEST_STEP][PASSED] - newTeamName = getText(findTestObject("Object Repository/Page_Town Square - abc1 Mattermost/div_abc1")): Text of object 'Object Repository/Page_Town Square - abc1 Mattermost/div_abc1' is: 'group5'

2021-05-29 15:31:39 - [MESSAGE][PASSED] - Text of object 'Object Repository/Page_Town Square - abc1 Mattermost/div_abc1' is: 'group5'

2021-05-29 15:31:39 - [TEST_STEP][PASSED] - if (newTeamName != var_teamname.toString()): null

2021-05-29 15:31:39 - [TEST_STEP][PASSED] - closeBrowser(): Browser is closed

2021-05-29 15:31:39 - [MESSAGE][PASSED] - Browser is closed]]></system-out>
         <system-err><![CDATA[]]></system-err>
      </testcase>
      <testcase name="Test Cases/1712666/TC12_InvitePeopleToTeam" time="18.921" classname="Test Cases/1712666/TC12_InvitePeopleToTeam" status="PASSED">
         <system-out><![CDATA[2021-05-29 15:31:39 - [TEST_CASE][PASSED] - Test Cases/1712666/TC12_InvitePeopleToTeam: Test Cases/1712666/TC12_InvitePeopleToTeam

2021-05-29 15:31:40 - [TEST_STEP][PASSED] - openBrowser(""): Browser is opened with url: ''

2021-05-29 15:31:40 - [MESSAGE][INFO] - Starting 'Chrome' driver

2021-05-29 15:31:40 - [MESSAGE][INFO] - Action delay is set to 0 milliseconds

2021-05-29 15:31:41 - [MESSAGE][PASSED] - Browser is opened with url: ''

2021-05-29 15:31:41 - [TEST_STEP][PASSED] - navigateToUrl("https://mattermostwebapp.herokuapp.com/"): Navigate to 'https://mattermostwebapp.herokuapp.com/' successfully

2021-05-29 15:31:44 - [MESSAGE][PASSED] - Navigate to 'https://mattermostwebapp.herokuapp.com/' successfully

2021-05-29 15:31:44 - [TEST_STEP][PASSED] - callTestCase(findTestCase("1712666/CommonTC/CTC_Login"), ["var_username":"phuc", "var_password":"CSt51UwWECc="]): Call Test Case 'Test Cases/1712666/CommonTC/CTC_Login' successfully

2021-05-29 15:31:44 - [TEST_CASE][PASSED] - Test Cases/1712666/CommonTC/CTC_Login: Test Cases/1712666/CommonTC/CTC_Login

2021-05-29 15:31:44 - [TEST_STEP][PASSED] - setText(findTestObject("Object Repository/1412263_Page_Mattermost/input_All team communication in one place, _dcc84b"), var_username): Text 'phuc' is set on object 'Object Repository/1412263_Page_Mattermost/input_All team communication in one place, _dcc84b'

2021-05-29 15:31:49 - [MESSAGE][PASSED] - Text 'phuc' is set on object 'Object Repository/1412263_Page_Mattermost/input_All team communication in one place, _dcc84b'

2021-05-29 15:31:49 - [TEST_STEP][PASSED] - setEncryptedText(findTestObject("Object Repository/1412263_Page_Mattermost/input_All team communication in one place, _a3edc6"), var_password): Text ****** has been set on object 'Object Repository/1412263_Page_Mattermost/input_All team communication in one place, _a3edc6'

2021-05-29 15:31:50 - [MESSAGE][PASSED] - Text ****** has been set on object 'Object Repository/1412263_Page_Mattermost/input_All team communication in one place, _a3edc6'

2021-05-29 15:31:50 - [TEST_STEP][PASSED] - click(findTestObject("Object Repository/1412263_Page_Mattermost/span_Sign in")): Object: 'Object Repository/1412263_Page_Mattermost/span_Sign in' is clicked on

2021-05-29 15:31:50 - [MESSAGE][PASSED] - Object: 'Object Repository/1412263_Page_Mattermost/span_Sign in' is clicked on

2021-05-29 15:31:50 - [MESSAGE][PASSED] - Call Test Case 'Test Cases/1712666/CommonTC/CTC_Login' successfully

2021-05-29 15:31:50 - [TEST_STEP][PASSED] - click(findTestObject("Object Repository/Page_Town Square - abc Mattermost/div_phuc (1)")): Object: 'Object Repository/Page_Town Square - abc Mattermost/div_phuc (1)' is clicked on

2021-05-29 15:31:54 - [MESSAGE][PASSED] - Object: 'Object Repository/Page_Town Square - abc Mattermost/div_phuc (1)' is clicked on

2021-05-29 15:31:54 - [TEST_STEP][PASSED] - click(findTestObject("Object Repository/Page_Town Square - abc Mattermost/span_Invite People")): Object: 'Object Repository/Page_Town Square - abc Mattermost/span_Invite People' is clicked on

2021-05-29 15:31:54 - [MESSAGE][PASSED] - Object: 'Object Repository/Page_Town Square - abc Mattermost/span_Invite People' is clicked on

2021-05-29 15:31:54 - [TEST_STEP][PASSED] - click(findTestObject("Object Repository/Page_Town Square - abc Mattermost/div_Add members")): Object: 'Object Repository/Page_Town Square - abc Mattermost/div_Add members' is clicked on

2021-05-29 15:31:55 - [MESSAGE][PASSED] - Object: 'Object Repository/Page_Town Square - abc Mattermost/div_Add members' is clicked on

2021-05-29 15:31:55 - [TEST_STEP][PASSED] - setText(findTestObject("Object Repository/Page_Town Square - abc Mattermost/input_Add members_react-select-2-input"), var_username): Text 'nghi_tran' is set on object 'Object Repository/Page_Town Square - abc Mattermost/input_Add members_react-select-2-input'

2021-05-29 15:31:56 - [MESSAGE][PASSED] - Text 'nghi_tran' is set on object 'Object Repository/Page_Town Square - abc Mattermost/input_Add members_react-select-2-input'

2021-05-29 15:31:56 - [TEST_STEP][PASSED] - click(findTestObject("Page_Town Square - abc Mattermost/div_option_0")): Object: 'Object Repository/Page_Town Square - abc Mattermost/div_option_0' is clicked on

2021-05-29 15:31:57 - [MESSAGE][PASSED] - Object: 'Object Repository/Page_Town Square - abc Mattermost/div_option_0' is clicked on

2021-05-29 15:31:57 - [TEST_STEP][PASSED] - click(findTestObject("Object Repository/Page_Town Square - abc Mattermost/span_Invite Members")): Object: 'Object Repository/Page_Town Square - abc Mattermost/span_Invite Members' is clicked on

2021-05-29 15:31:57 - [MESSAGE][PASSED] - Object: 'Object Repository/Page_Town Square - abc Mattermost/span_Invite Members' is clicked on

2021-05-29 15:31:57 - [TEST_STEP][PASSED] - if (verifyElementPresent(findTestObject("Object Repository/Page_Town Square - abc Mattermost/span_Done"), 5)): null

2021-05-29 15:31:58 - [MESSAGE][PASSED] - Object 'Object Repository/Page_Town Square - abc Mattermost/span_Done' is present

2021-05-29 15:31:58 - [TEST_STEP][PASSED] - click(findTestObject("Object Repository/Page_Town Square - abc Mattermost/span_Done")): Object: 'Object Repository/Page_Town Square - abc Mattermost/span_Done' is clicked on

2021-05-29 15:31:58 - [MESSAGE][PASSED] - Object: 'Object Repository/Page_Town Square - abc Mattermost/span_Done' is clicked on]]></system-out>
         <system-err><![CDATA[]]></system-err>
      </testcase>
      <testcase name="Test Cases/1712666/TC12_InvitePeopleToTeam" time="19.807" classname="Test Cases/1712666/TC12_InvitePeopleToTeam" status="PASSED">
         <system-out><![CDATA[2021-05-29 15:31:58 - [TEST_CASE][PASSED] - Test Cases/1712666/TC12_InvitePeopleToTeam: Test Cases/1712666/TC12_InvitePeopleToTeam

2021-05-29 15:31:58 - [TEST_STEP][PASSED] - openBrowser(""): Browser is opened with url: ''

2021-05-29 15:31:58 - [MESSAGE][WARNING] - A browser is already opened. Closing browser and opening a new one

2021-05-29 15:31:59 - [MESSAGE][INFO] - Starting 'Chrome' driver

2021-05-29 15:31:59 - [MESSAGE][INFO] - Action delay is set to 0 milliseconds

2021-05-29 15:32:00 - [MESSAGE][PASSED] - Browser is opened with url: ''

2021-05-29 15:32:00 - [TEST_STEP][PASSED] - navigateToUrl("https://mattermostwebapp.herokuapp.com/"): Navigate to 'https://mattermostwebapp.herokuapp.com/' successfully

2021-05-29 15:32:04 - [MESSAGE][PASSED] - Navigate to 'https://mattermostwebapp.herokuapp.com/' successfully

2021-05-29 15:32:04 - [TEST_STEP][PASSED] - callTestCase(findTestCase("1712666/CommonTC/CTC_Login"), ["var_username":"phuc", "var_password":"CSt51UwWECc="]): Call Test Case 'Test Cases/1712666/CommonTC/CTC_Login' successfully

2021-05-29 15:32:04 - [TEST_CASE][PASSED] - Test Cases/1712666/CommonTC/CTC_Login: Test Cases/1712666/CommonTC/CTC_Login

2021-05-29 15:32:04 - [TEST_STEP][PASSED] - setText(findTestObject("Object Repository/1412263_Page_Mattermost/input_All team communication in one place, _dcc84b"), var_username): Text 'phuc' is set on object 'Object Repository/1412263_Page_Mattermost/input_All team communication in one place, _dcc84b'

2021-05-29 15:32:09 - [MESSAGE][PASSED] - Text 'phuc' is set on object 'Object Repository/1412263_Page_Mattermost/input_All team communication in one place, _dcc84b'

2021-05-29 15:32:09 - [TEST_STEP][PASSED] - setEncryptedText(findTestObject("Object Repository/1412263_Page_Mattermost/input_All team communication in one place, _a3edc6"), var_password): Text ****** has been set on object 'Object Repository/1412263_Page_Mattermost/input_All team communication in one place, _a3edc6'

2021-05-29 15:32:09 - [MESSAGE][PASSED] - Text ****** has been set on object 'Object Repository/1412263_Page_Mattermost/input_All team communication in one place, _a3edc6'

2021-05-29 15:32:09 - [TEST_STEP][PASSED] - click(findTestObject("Object Repository/1412263_Page_Mattermost/span_Sign in")): Object: 'Object Repository/1412263_Page_Mattermost/span_Sign in' is clicked on

2021-05-29 15:32:10 - [MESSAGE][PASSED] - Object: 'Object Repository/1412263_Page_Mattermost/span_Sign in' is clicked on

2021-05-29 15:32:10 - [MESSAGE][PASSED] - Call Test Case 'Test Cases/1712666/CommonTC/CTC_Login' successfully

2021-05-29 15:32:10 - [TEST_STEP][PASSED] - click(findTestObject("Object Repository/Page_Town Square - abc Mattermost/div_phuc (1)")): Object: 'Object Repository/Page_Town Square - abc Mattermost/div_phuc (1)' is clicked on

2021-05-29 15:32:13 - [MESSAGE][PASSED] - Object: 'Object Repository/Page_Town Square - abc Mattermost/div_phuc (1)' is clicked on

2021-05-29 15:32:13 - [TEST_STEP][PASSED] - click(findTestObject("Object Repository/Page_Town Square - abc Mattermost/span_Invite People")): Object: 'Object Repository/Page_Town Square - abc Mattermost/span_Invite People' is clicked on

2021-05-29 15:32:14 - [MESSAGE][PASSED] - Object: 'Object Repository/Page_Town Square - abc Mattermost/span_Invite People' is clicked on

2021-05-29 15:32:14 - [TEST_STEP][PASSED] - click(findTestObject("Object Repository/Page_Town Square - abc Mattermost/div_Add members")): Object: 'Object Repository/Page_Town Square - abc Mattermost/div_Add members' is clicked on

2021-05-29 15:32:14 - [MESSAGE][PASSED] - Object: 'Object Repository/Page_Town Square - abc Mattermost/div_Add members' is clicked on

2021-05-29 15:32:14 - [TEST_STEP][PASSED] - setText(findTestObject("Object Repository/Page_Town Square - abc Mattermost/input_Add members_react-select-2-input"), var_username): Text 'huy' is set on object 'Object Repository/Page_Town Square - abc Mattermost/input_Add members_react-select-2-input'

2021-05-29 15:32:15 - [MESSAGE][PASSED] - Text 'huy' is set on object 'Object Repository/Page_Town Square - abc Mattermost/input_Add members_react-select-2-input'

2021-05-29 15:32:15 - [TEST_STEP][PASSED] - click(findTestObject("Page_Town Square - abc Mattermost/div_option_0")): Object: 'Object Repository/Page_Town Square - abc Mattermost/div_option_0' is clicked on

2021-05-29 15:32:16 - [MESSAGE][PASSED] - Object: 'Object Repository/Page_Town Square - abc Mattermost/div_option_0' is clicked on

2021-05-29 15:32:16 - [TEST_STEP][PASSED] - click(findTestObject("Object Repository/Page_Town Square - abc Mattermost/span_Invite Members")): Object: 'Object Repository/Page_Town Square - abc Mattermost/span_Invite Members' is clicked on

2021-05-29 15:32:17 - [MESSAGE][PASSED] - Object: 'Object Repository/Page_Town Square - abc Mattermost/span_Invite Members' is clicked on

2021-05-29 15:32:17 - [TEST_STEP][PASSED] - if (verifyElementPresent(findTestObject("Object Repository/Page_Town Square - abc Mattermost/span_Done"), 5)): null

2021-05-29 15:32:18 - [MESSAGE][PASSED] - Object 'Object Repository/Page_Town Square - abc Mattermost/span_Done' is present

2021-05-29 15:32:18 - [TEST_STEP][PASSED] - click(findTestObject("Object Repository/Page_Town Square - abc Mattermost/span_Done")): Object: 'Object Repository/Page_Town Square - abc Mattermost/span_Done' is clicked on

2021-05-29 15:32:18 - [MESSAGE][PASSED] - Object: 'Object Repository/Page_Town Square - abc Mattermost/span_Done' is clicked on]]></system-out>
         <system-err><![CDATA[]]></system-err>
      </testcase>
      <testcase name="Test Cases/1712666/TC12_InvitePeopleToTeam" time="20.994" classname="Test Cases/1712666/TC12_InvitePeopleToTeam" status="PASSED">
         <system-out><![CDATA[2021-05-29 15:32:18 - [TEST_CASE][PASSED] - Test Cases/1712666/TC12_InvitePeopleToTeam: Test Cases/1712666/TC12_InvitePeopleToTeam

2021-05-29 15:32:18 - [TEST_STEP][PASSED] - openBrowser(""): Browser is opened with url: ''

2021-05-29 15:32:18 - [MESSAGE][WARNING] - A browser is already opened. Closing browser and opening a new one

2021-05-29 15:32:19 - [MESSAGE][INFO] - Starting 'Chrome' driver

2021-05-29 15:32:19 - [MESSAGE][INFO] - Action delay is set to 0 milliseconds

2021-05-29 15:32:20 - [MESSAGE][PASSED] - Browser is opened with url: ''

2021-05-29 15:32:20 - [TEST_STEP][PASSED] - navigateToUrl("https://mattermostwebapp.herokuapp.com/"): Navigate to 'https://mattermostwebapp.herokuapp.com/' successfully

2021-05-29 15:32:25 - [MESSAGE][PASSED] - Navigate to 'https://mattermostwebapp.herokuapp.com/' successfully

2021-05-29 15:32:25 - [TEST_STEP][PASSED] - callTestCase(findTestCase("1712666/CommonTC/CTC_Login"), ["var_username":"phuc", "var_password":"CSt51UwWECc="]): Call Test Case 'Test Cases/1712666/CommonTC/CTC_Login' successfully

2021-05-29 15:32:25 - [TEST_CASE][PASSED] - Test Cases/1712666/CommonTC/CTC_Login: Test Cases/1712666/CommonTC/CTC_Login

2021-05-29 15:32:25 - [TEST_STEP][PASSED] - setText(findTestObject("Object Repository/1412263_Page_Mattermost/input_All team communication in one place, _dcc84b"), var_username): Text 'phuc' is set on object 'Object Repository/1412263_Page_Mattermost/input_All team communication in one place, _dcc84b'

2021-05-29 15:32:30 - [MESSAGE][PASSED] - Text 'phuc' is set on object 'Object Repository/1412263_Page_Mattermost/input_All team communication in one place, _dcc84b'

2021-05-29 15:32:30 - [TEST_STEP][PASSED] - setEncryptedText(findTestObject("Object Repository/1412263_Page_Mattermost/input_All team communication in one place, _a3edc6"), var_password): Text ****** has been set on object 'Object Repository/1412263_Page_Mattermost/input_All team communication in one place, _a3edc6'

2021-05-29 15:32:30 - [MESSAGE][PASSED] - Text ****** has been set on object 'Object Repository/1412263_Page_Mattermost/input_All team communication in one place, _a3edc6'

2021-05-29 15:32:30 - [TEST_STEP][PASSED] - click(findTestObject("Object Repository/1412263_Page_Mattermost/span_Sign in")): Object: 'Object Repository/1412263_Page_Mattermost/span_Sign in' is clicked on

2021-05-29 15:32:31 - [MESSAGE][PASSED] - Object: 'Object Repository/1412263_Page_Mattermost/span_Sign in' is clicked on

2021-05-29 15:32:31 - [MESSAGE][PASSED] - Call Test Case 'Test Cases/1712666/CommonTC/CTC_Login' successfully

2021-05-29 15:32:31 - [TEST_STEP][PASSED] - click(findTestObject("Object Repository/Page_Town Square - abc Mattermost/div_phuc (1)")): Object: 'Object Repository/Page_Town Square - abc Mattermost/div_phuc (1)' is clicked on

2021-05-29 15:32:34 - [MESSAGE][PASSED] - Object: 'Object Repository/Page_Town Square - abc Mattermost/div_phuc (1)' is clicked on

2021-05-29 15:32:34 - [TEST_STEP][PASSED] - click(findTestObject("Object Repository/Page_Town Square - abc Mattermost/span_Invite People")): Object: 'Object Repository/Page_Town Square - abc Mattermost/span_Invite People' is clicked on

2021-05-29 15:32:35 - [MESSAGE][PASSED] - Object: 'Object Repository/Page_Town Square - abc Mattermost/span_Invite People' is clicked on

2021-05-29 15:32:35 - [TEST_STEP][PASSED] - click(findTestObject("Object Repository/Page_Town Square - abc Mattermost/div_Add members")): Object: 'Object Repository/Page_Town Square - abc Mattermost/div_Add members' is clicked on

2021-05-29 15:32:35 - [MESSAGE][PASSED] - Object: 'Object Repository/Page_Town Square - abc Mattermost/div_Add members' is clicked on

2021-05-29 15:32:35 - [TEST_STEP][PASSED] - setText(findTestObject("Object Repository/Page_Town Square - abc Mattermost/input_Add members_react-select-2-input"), var_username): Text 'huykhoi2507' is set on object 'Object Repository/Page_Town Square - abc Mattermost/input_Add members_react-select-2-input'

2021-05-29 15:32:36 - [MESSAGE][PASSED] - Text 'huykhoi2507' is set on object 'Object Repository/Page_Town Square - abc Mattermost/input_Add members_react-select-2-input'

2021-05-29 15:32:36 - [TEST_STEP][PASSED] - click(findTestObject("Page_Town Square - abc Mattermost/div_option_0")): Object: 'Object Repository/Page_Town Square - abc Mattermost/div_option_0' is clicked on

2021-05-29 15:32:37 - [MESSAGE][PASSED] - Object: 'Object Repository/Page_Town Square - abc Mattermost/div_option_0' is clicked on

2021-05-29 15:32:37 - [TEST_STEP][PASSED] - click(findTestObject("Object Repository/Page_Town Square - abc Mattermost/span_Invite Members")): Object: 'Object Repository/Page_Town Square - abc Mattermost/span_Invite Members' is clicked on

2021-05-29 15:32:38 - [MESSAGE][PASSED] - Object: 'Object Repository/Page_Town Square - abc Mattermost/span_Invite Members' is clicked on

2021-05-29 15:32:38 - [TEST_STEP][PASSED] - if (verifyElementPresent(findTestObject("Object Repository/Page_Town Square - abc Mattermost/span_Done"), 5)): null

2021-05-29 15:32:39 - [MESSAGE][PASSED] - Object 'Object Repository/Page_Town Square - abc Mattermost/span_Done' is present

2021-05-29 15:32:39 - [TEST_STEP][PASSED] - click(findTestObject("Object Repository/Page_Town Square - abc Mattermost/span_Done")): Object: 'Object Repository/Page_Town Square - abc Mattermost/span_Done' is clicked on

2021-05-29 15:32:39 - [MESSAGE][PASSED] - Object: 'Object Repository/Page_Town Square - abc Mattermost/span_Done' is clicked on]]></system-out>
         <system-err><![CDATA[]]></system-err>
      </testcase>
      <testcase name="Test Cases/1712666/TC12_InvitePeopleToTeam" time="19.486" classname="Test Cases/1712666/TC12_InvitePeopleToTeam" status="PASSED">
         <system-out><![CDATA[2021-05-29 15:32:39 - [TEST_CASE][PASSED] - Test Cases/1712666/TC12_InvitePeopleToTeam: Test Cases/1712666/TC12_InvitePeopleToTeam

2021-05-29 15:32:39 - [TEST_STEP][PASSED] - openBrowser(""): Browser is opened with url: ''

2021-05-29 15:32:39 - [MESSAGE][WARNING] - A browser is already opened. Closing browser and opening a new one

2021-05-29 15:32:40 - [MESSAGE][INFO] - Starting 'Chrome' driver

2021-05-29 15:32:40 - [MESSAGE][INFO] - Action delay is set to 0 milliseconds

2021-05-29 15:32:41 - [MESSAGE][PASSED] - Browser is opened with url: ''

2021-05-29 15:32:41 - [TEST_STEP][PASSED] - navigateToUrl("https://mattermostwebapp.herokuapp.com/"): Navigate to 'https://mattermostwebapp.herokuapp.com/' successfully

2021-05-29 15:32:45 - [MESSAGE][PASSED] - Navigate to 'https://mattermostwebapp.herokuapp.com/' successfully

2021-05-29 15:32:45 - [TEST_STEP][PASSED] - callTestCase(findTestCase("1712666/CommonTC/CTC_Login"), ["var_username":"phuc", "var_password":"CSt51UwWECc="]): Call Test Case 'Test Cases/1712666/CommonTC/CTC_Login' successfully

2021-05-29 15:32:45 - [TEST_CASE][PASSED] - Test Cases/1712666/CommonTC/CTC_Login: Test Cases/1712666/CommonTC/CTC_Login

2021-05-29 15:32:45 - [TEST_STEP][PASSED] - setText(findTestObject("Object Repository/1412263_Page_Mattermost/input_All team communication in one place, _dcc84b"), var_username): Text 'phuc' is set on object 'Object Repository/1412263_Page_Mattermost/input_All team communication in one place, _dcc84b'

2021-05-29 15:32:49 - [MESSAGE][PASSED] - Text 'phuc' is set on object 'Object Repository/1412263_Page_Mattermost/input_All team communication in one place, _dcc84b'

2021-05-29 15:32:49 - [TEST_STEP][PASSED] - setEncryptedText(findTestObject("Object Repository/1412263_Page_Mattermost/input_All team communication in one place, _a3edc6"), var_password): Text ****** has been set on object 'Object Repository/1412263_Page_Mattermost/input_All team communication in one place, _a3edc6'

2021-05-29 15:32:50 - [MESSAGE][PASSED] - Text ****** has been set on object 'Object Repository/1412263_Page_Mattermost/input_All team communication in one place, _a3edc6'

2021-05-29 15:32:50 - [TEST_STEP][PASSED] - click(findTestObject("Object Repository/1412263_Page_Mattermost/span_Sign in")): Object: 'Object Repository/1412263_Page_Mattermost/span_Sign in' is clicked on

2021-05-29 15:32:50 - [MESSAGE][PASSED] - Object: 'Object Repository/1412263_Page_Mattermost/span_Sign in' is clicked on

2021-05-29 15:32:50 - [MESSAGE][PASSED] - Call Test Case 'Test Cases/1712666/CommonTC/CTC_Login' successfully

2021-05-29 15:32:50 - [TEST_STEP][PASSED] - click(findTestObject("Object Repository/Page_Town Square - abc Mattermost/div_phuc (1)")): Object: 'Object Repository/Page_Town Square - abc Mattermost/div_phuc (1)' is clicked on

2021-05-29 15:32:54 - [MESSAGE][PASSED] - Object: 'Object Repository/Page_Town Square - abc Mattermost/div_phuc (1)' is clicked on

2021-05-29 15:32:54 - [TEST_STEP][PASSED] - click(findTestObject("Object Repository/Page_Town Square - abc Mattermost/span_Invite People")): Object: 'Object Repository/Page_Town Square - abc Mattermost/span_Invite People' is clicked on

2021-05-29 15:32:54 - [MESSAGE][PASSED] - Object: 'Object Repository/Page_Town Square - abc Mattermost/span_Invite People' is clicked on

2021-05-29 15:32:54 - [TEST_STEP][PASSED] - click(findTestObject("Object Repository/Page_Town Square - abc Mattermost/div_Add members")): Object: 'Object Repository/Page_Town Square - abc Mattermost/div_Add members' is clicked on

2021-05-29 15:32:55 - [MESSAGE][PASSED] - Object: 'Object Repository/Page_Town Square - abc Mattermost/div_Add members' is clicked on

2021-05-29 15:32:55 - [TEST_STEP][PASSED] - setText(findTestObject("Object Repository/Page_Town Square - abc Mattermost/input_Add members_react-select-2-input"), var_username): Text 'huykhoi263' is set on object 'Object Repository/Page_Town Square - abc Mattermost/input_Add members_react-select-2-input'

2021-05-29 15:32:56 - [MESSAGE][PASSED] - Text 'huykhoi263' is set on object 'Object Repository/Page_Town Square - abc Mattermost/input_Add members_react-select-2-input'

2021-05-29 15:32:56 - [TEST_STEP][PASSED] - click(findTestObject("Page_Town Square - abc Mattermost/div_option_0")): Object: 'Object Repository/Page_Town Square - abc Mattermost/div_option_0' is clicked on

2021-05-29 15:32:57 - [MESSAGE][PASSED] - Object: 'Object Repository/Page_Town Square - abc Mattermost/div_option_0' is clicked on

2021-05-29 15:32:57 - [TEST_STEP][PASSED] - click(findTestObject("Object Repository/Page_Town Square - abc Mattermost/span_Invite Members")): Object: 'Object Repository/Page_Town Square - abc Mattermost/span_Invite Members' is clicked on

2021-05-29 15:32:57 - [MESSAGE][PASSED] - Object: 'Object Repository/Page_Town Square - abc Mattermost/span_Invite Members' is clicked on

2021-05-29 15:32:57 - [TEST_STEP][PASSED] - if (verifyElementPresent(findTestObject("Object Repository/Page_Town Square - abc Mattermost/span_Done"), 5)): null

2021-05-29 15:32:58 - [MESSAGE][PASSED] - Object 'Object Repository/Page_Town Square - abc Mattermost/span_Done' is present

2021-05-29 15:32:58 - [TEST_STEP][PASSED] - click(findTestObject("Object Repository/Page_Town Square - abc Mattermost/span_Done")): Object: 'Object Repository/Page_Town Square - abc Mattermost/span_Done' is clicked on

2021-05-29 15:32:59 - [MESSAGE][PASSED] - Object: 'Object Repository/Page_Town Square - abc Mattermost/span_Done' is clicked on]]></system-out>
         <system-err><![CDATA[]]></system-err>
      </testcase>
      <testcase name="Test Cases/1712666/TC12_InvitePeopleToTeam" time="21.201" classname="Test Cases/1712666/TC12_InvitePeopleToTeam" status="PASSED">
         <system-out><![CDATA[2021-05-29 15:32:59 - [TEST_CASE][PASSED] - Test Cases/1712666/TC12_InvitePeopleToTeam: Test Cases/1712666/TC12_InvitePeopleToTeam

2021-05-29 15:32:59 - [TEST_STEP][PASSED] - openBrowser(""): Browser is opened with url: ''

2021-05-29 15:32:59 - [MESSAGE][WARNING] - A browser is already opened. Closing browser and opening a new one

2021-05-29 15:32:59 - [MESSAGE][INFO] - Starting 'Chrome' driver

2021-05-29 15:32:59 - [MESSAGE][INFO] - Action delay is set to 0 milliseconds

2021-05-29 15:33:01 - [MESSAGE][PASSED] - Browser is opened with url: ''

2021-05-29 15:33:01 - [TEST_STEP][PASSED] - navigateToUrl("https://mattermostwebapp.herokuapp.com/"): Navigate to 'https://mattermostwebapp.herokuapp.com/' successfully

2021-05-29 15:33:04 - [MESSAGE][PASSED] - Navigate to 'https://mattermostwebapp.herokuapp.com/' successfully

2021-05-29 15:33:04 - [TEST_STEP][PASSED] - callTestCase(findTestCase("1712666/CommonTC/CTC_Login"), ["var_username":"phuc", "var_password":"CSt51UwWECc="]): Call Test Case 'Test Cases/1712666/CommonTC/CTC_Login' successfully

2021-05-29 15:33:04 - [TEST_CASE][PASSED] - Test Cases/1712666/CommonTC/CTC_Login: Test Cases/1712666/CommonTC/CTC_Login

2021-05-29 15:33:04 - [TEST_STEP][PASSED] - setText(findTestObject("Object Repository/1412263_Page_Mattermost/input_All team communication in one place, _dcc84b"), var_username): Text 'phuc' is set on object 'Object Repository/1412263_Page_Mattermost/input_All team communication in one place, _dcc84b'

2021-05-29 15:33:11 - [MESSAGE][PASSED] - Text 'phuc' is set on object 'Object Repository/1412263_Page_Mattermost/input_All team communication in one place, _dcc84b'

2021-05-29 15:33:11 - [TEST_STEP][PASSED] - setEncryptedText(findTestObject("Object Repository/1412263_Page_Mattermost/input_All team communication in one place, _a3edc6"), var_password): Text ****** has been set on object 'Object Repository/1412263_Page_Mattermost/input_All team communication in one place, _a3edc6'

2021-05-29 15:33:11 - [MESSAGE][PASSED] - Text ****** has been set on object 'Object Repository/1412263_Page_Mattermost/input_All team communication in one place, _a3edc6'

2021-05-29 15:33:11 - [TEST_STEP][PASSED] - click(findTestObject("Object Repository/1412263_Page_Mattermost/span_Sign in")): Object: 'Object Repository/1412263_Page_Mattermost/span_Sign in' is clicked on

2021-05-29 15:33:12 - [MESSAGE][PASSED] - Object: 'Object Repository/1412263_Page_Mattermost/span_Sign in' is clicked on

2021-05-29 15:33:12 - [MESSAGE][PASSED] - Call Test Case 'Test Cases/1712666/CommonTC/CTC_Login' successfully

2021-05-29 15:33:12 - [TEST_STEP][PASSED] - click(findTestObject("Object Repository/Page_Town Square - abc Mattermost/div_phuc (1)")): Object: 'Object Repository/Page_Town Square - abc Mattermost/div_phuc (1)' is clicked on

2021-05-29 15:33:15 - [MESSAGE][PASSED] - Object: 'Object Repository/Page_Town Square - abc Mattermost/div_phuc (1)' is clicked on

2021-05-29 15:33:15 - [TEST_STEP][PASSED] - click(findTestObject("Object Repository/Page_Town Square - abc Mattermost/span_Invite People")): Object: 'Object Repository/Page_Town Square - abc Mattermost/span_Invite People' is clicked on

2021-05-29 15:33:16 - [MESSAGE][PASSED] - Object: 'Object Repository/Page_Town Square - abc Mattermost/span_Invite People' is clicked on

2021-05-29 15:33:16 - [TEST_STEP][PASSED] - click(findTestObject("Object Repository/Page_Town Square - abc Mattermost/div_Add members")): Object: 'Object Repository/Page_Town Square - abc Mattermost/div_Add members' is clicked on

2021-05-29 15:33:16 - [MESSAGE][PASSED] - Object: 'Object Repository/Page_Town Square - abc Mattermost/div_Add members' is clicked on

2021-05-29 15:33:16 - [TEST_STEP][PASSED] - setText(findTestObject("Object Repository/Page_Town Square - abc Mattermost/input_Add members_react-select-2-input"), var_username): Text 'jooie' is set on object 'Object Repository/Page_Town Square - abc Mattermost/input_Add members_react-select-2-input'

2021-05-29 15:33:17 - [MESSAGE][PASSED] - Text 'jooie' is set on object 'Object Repository/Page_Town Square - abc Mattermost/input_Add members_react-select-2-input'

2021-05-29 15:33:17 - [TEST_STEP][PASSED] - click(findTestObject("Page_Town Square - abc Mattermost/div_option_0")): Object: 'Object Repository/Page_Town Square - abc Mattermost/div_option_0' is clicked on

2021-05-29 15:33:18 - [MESSAGE][PASSED] - Object: 'Object Repository/Page_Town Square - abc Mattermost/div_option_0' is clicked on

2021-05-29 15:33:18 - [TEST_STEP][PASSED] - click(findTestObject("Object Repository/Page_Town Square - abc Mattermost/span_Invite Members")): Object: 'Object Repository/Page_Town Square - abc Mattermost/span_Invite Members' is clicked on

2021-05-29 15:33:19 - [MESSAGE][PASSED] - Object: 'Object Repository/Page_Town Square - abc Mattermost/span_Invite Members' is clicked on

2021-05-29 15:33:19 - [TEST_STEP][PASSED] - if (verifyElementPresent(findTestObject("Object Repository/Page_Town Square - abc Mattermost/span_Done"), 5)): null

2021-05-29 15:33:20 - [MESSAGE][PASSED] - Object 'Object Repository/Page_Town Square - abc Mattermost/span_Done' is present

2021-05-29 15:33:20 - [TEST_STEP][PASSED] - click(findTestObject("Object Repository/Page_Town Square - abc Mattermost/span_Done")): Object: 'Object Repository/Page_Town Square - abc Mattermost/span_Done' is clicked on

2021-05-29 15:33:20 - [MESSAGE][PASSED] - Object: 'Object Repository/Page_Town Square - abc Mattermost/span_Done' is clicked on]]></system-out>
         <system-err><![CDATA[]]></system-err>
      </testcase>
      <testcase name="Test Cases/1712666/TC48_SaveMessage" time="20.279" classname="Test Cases/1712666/TC48_SaveMessage" status="PASSED">
         <system-out><![CDATA[2021-05-29 15:33:20 - [TEST_CASE][PASSED] - Test Cases/1712666/TC48_SaveMessage: Test Cases/1712666/TC48_SaveMessage

2021-05-29 15:33:20 - [TEST_STEP][PASSED] - openBrowser(""): Browser is opened with url: ''

2021-05-29 15:33:20 - [MESSAGE][WARNING] - A browser is already opened. Closing browser and opening a new one

2021-05-29 15:33:21 - [MESSAGE][INFO] - Starting 'Chrome' driver

2021-05-29 15:33:21 - [MESSAGE][INFO] - Action delay is set to 0 milliseconds

2021-05-29 15:33:22 - [MESSAGE][PASSED] - Browser is opened with url: ''

2021-05-29 15:33:22 - [TEST_STEP][PASSED] - navigateToUrl("https://mattermostwebapp.herokuapp.com/"): Navigate to 'https://mattermostwebapp.herokuapp.com/' successfully

2021-05-29 15:33:26 - [MESSAGE][PASSED] - Navigate to 'https://mattermostwebapp.herokuapp.com/' successfully

2021-05-29 15:33:26 - [TEST_STEP][PASSED] - callTestCase(findTestCase("1712666/CommonTC/CTC_Login"), ["var_username":"phuc", "var_password":"CSt51UwWECc="]): Call Test Case 'Test Cases/1712666/CommonTC/CTC_Login' successfully

2021-05-29 15:33:26 - [TEST_CASE][PASSED] - Test Cases/1712666/CommonTC/CTC_Login: Test Cases/1712666/CommonTC/CTC_Login

2021-05-29 15:33:26 - [TEST_STEP][PASSED] - setText(findTestObject("Object Repository/1412263_Page_Mattermost/input_All team communication in one place, _dcc84b"), var_username): Text 'phuc' is set on object 'Object Repository/1412263_Page_Mattermost/input_All team communication in one place, _dcc84b'

2021-05-29 15:33:31 - [MESSAGE][PASSED] - Text 'phuc' is set on object 'Object Repository/1412263_Page_Mattermost/input_All team communication in one place, _dcc84b'

2021-05-29 15:33:31 - [TEST_STEP][PASSED] - setEncryptedText(findTestObject("Object Repository/1412263_Page_Mattermost/input_All team communication in one place, _a3edc6"), var_password): Text ****** has been set on object 'Object Repository/1412263_Page_Mattermost/input_All team communication in one place, _a3edc6'

2021-05-29 15:33:32 - [MESSAGE][PASSED] - Text ****** has been set on object 'Object Repository/1412263_Page_Mattermost/input_All team communication in one place, _a3edc6'

2021-05-29 15:33:32 - [TEST_STEP][PASSED] - click(findTestObject("Object Repository/1412263_Page_Mattermost/span_Sign in")): Object: 'Object Repository/1412263_Page_Mattermost/span_Sign in' is clicked on

2021-05-29 15:33:32 - [MESSAGE][PASSED] - Object: 'Object Repository/1412263_Page_Mattermost/span_Sign in' is clicked on

2021-05-29 15:33:32 - [MESSAGE][PASSED] - Call Test Case 'Test Cases/1712666/CommonTC/CTC_Login' successfully

2021-05-29 15:33:32 - [TEST_STEP][PASSED] - setText(findTestObject("Page_Town Square - noname Mattermost/textarea_Write to Town Square_post_textbox"), "save message"): Text 'save message' is set on object 'Object Repository/Page_Town Square - noname Mattermost/textarea_Write to Town Square_post_textbox'

2021-05-29 15:33:36 - [MESSAGE][PASSED] - Text 'save message' is set on object 'Object Repository/Page_Town Square - noname Mattermost/textarea_Write to Town Square_post_textbox'

2021-05-29 15:33:36 - [TEST_STEP][PASSED] - sendKeys(findTestObject("Page_Town Square - noname Mattermost/textarea_Write to Town Square_post_textbox"), Keys.chord(ENTER)): Keys 'ENTER + ' sent to object: 'Object Repository/Page_Town Square - noname Mattermost/textarea_Write to Town Square_post_textbox'

2021-05-29 15:33:37 - [MESSAGE][PASSED] - Keys 'ENTER + ' sent to object: 'Object Repository/Page_Town Square - noname Mattermost/textarea_Write to Town Square_post_textbox'

2021-05-29 15:33:37 - [TEST_STEP][PASSED] - click(findTestObject("Object Repository/Page_Town Square - noname Mattermost/p_a")): Object: 'Object Repository/Page_Town Square - noname Mattermost/p_a' is clicked on

2021-05-29 15:33:38 - [MESSAGE][PASSED] - Object: 'Object Repository/Page_Town Square - noname Mattermost/p_a' is clicked on

2021-05-29 15:33:38 - [TEST_STEP][PASSED] - click(findTestObject("Object Repository/Page_Town Square - noname Mattermost/button_phuc_CENTER_flagIcon_6g89c38yzffg7fh_29b705")): Object: 'Object Repository/Page_Town Square - noname Mattermost/button_phuc_CENTER_flagIcon_6g89c38yzffg7fh_29b705' is clicked on

2021-05-29 15:33:38 - [MESSAGE][PASSED] - Object: 'Object Repository/Page_Town Square - noname Mattermost/button_phuc_CENTER_flagIcon_6g89c38yzffg7fh_29b705' is clicked on

2021-05-29 15:33:38 - [TEST_STEP][PASSED] - savedTag = getText(findTestObject("Object Repository/Page_Town Square - noname Mattermost/saved_tag")): Text of object 'Object Repository/Page_Town Square - noname Mattermost/saved_tag' is: 'Saved'

2021-05-29 15:33:40 - [MESSAGE][PASSED] - Text of object 'Object Repository/Page_Town Square - noname Mattermost/saved_tag' is: 'Saved'

2021-05-29 15:33:40 - [TEST_STEP][PASSED] - if (savedTag != "Saved"): null

2021-05-29 15:33:40 - [TEST_STEP][PASSED] - closeBrowser(): Browser is closed

2021-05-29 15:33:40 - [MESSAGE][PASSED] - Browser is closed]]></system-out>
         <system-err><![CDATA[]]></system-err>
      </testcase>
      <testcase name="Test Cases/1712666/TC49_RemoveSaveMessage" time="20.669" classname="Test Cases/1712666/TC49_RemoveSaveMessage" status="PASSED">
         <system-out><![CDATA[2021-05-29 15:33:40 - [TEST_CASE][PASSED] - Test Cases/1712666/TC49_RemoveSaveMessage: Test Cases/1712666/TC49_RemoveSaveMessage

2021-05-29 15:33:41 - [TEST_STEP][PASSED] - openBrowser(""): Browser is opened with url: ''

2021-05-29 15:33:41 - [MESSAGE][INFO] - Starting 'Chrome' driver

2021-05-29 15:33:41 - [MESSAGE][INFO] - Action delay is set to 0 milliseconds

2021-05-29 15:33:42 - [MESSAGE][PASSED] - Browser is opened with url: ''

2021-05-29 15:33:42 - [TEST_STEP][PASSED] - navigateToUrl("https://mattermostwebapp.herokuapp.com/"): Navigate to 'https://mattermostwebapp.herokuapp.com/' successfully

2021-05-29 15:33:46 - [MESSAGE][PASSED] - Navigate to 'https://mattermostwebapp.herokuapp.com/' successfully

2021-05-29 15:33:46 - [TEST_STEP][PASSED] - callTestCase(findTestCase("1712666/CommonTC/CTC_Login"), ["var_username":"phuc", "var_password":"CSt51UwWECc="]): Call Test Case 'Test Cases/1712666/CommonTC/CTC_Login' successfully

2021-05-29 15:33:46 - [TEST_CASE][PASSED] - Test Cases/1712666/CommonTC/CTC_Login: Test Cases/1712666/CommonTC/CTC_Login

2021-05-29 15:33:46 - [TEST_STEP][PASSED] - setText(findTestObject("Object Repository/1412263_Page_Mattermost/input_All team communication in one place, _dcc84b"), var_username): Text 'phuc' is set on object 'Object Repository/1412263_Page_Mattermost/input_All team communication in one place, _dcc84b'

2021-05-29 15:33:51 - [MESSAGE][PASSED] - Text 'phuc' is set on object 'Object Repository/1412263_Page_Mattermost/input_All team communication in one place, _dcc84b'

2021-05-29 15:33:51 - [TEST_STEP][PASSED] - setEncryptedText(findTestObject("Object Repository/1412263_Page_Mattermost/input_All team communication in one place, _a3edc6"), var_password): Text ****** has been set on object 'Object Repository/1412263_Page_Mattermost/input_All team communication in one place, _a3edc6'

2021-05-29 15:33:51 - [MESSAGE][PASSED] - Text ****** has been set on object 'Object Repository/1412263_Page_Mattermost/input_All team communication in one place, _a3edc6'

2021-05-29 15:33:51 - [TEST_STEP][PASSED] - click(findTestObject("Object Repository/1412263_Page_Mattermost/span_Sign in")): Object: 'Object Repository/1412263_Page_Mattermost/span_Sign in' is clicked on

2021-05-29 15:33:52 - [MESSAGE][PASSED] - Object: 'Object Repository/1412263_Page_Mattermost/span_Sign in' is clicked on

2021-05-29 15:33:52 - [MESSAGE][PASSED] - Call Test Case 'Test Cases/1712666/CommonTC/CTC_Login' successfully

2021-05-29 15:33:52 - [TEST_STEP][PASSED] - callTestCase(findTestCase("1712666/CommonTC/CTC_SaveMessage"), [:]): Call Test Case 'Test Cases/1712666/CommonTC/CTC_SaveMessage' successfully

2021-05-29 15:33:52 - [TEST_CASE][PASSED] - Test Cases/1712666/CommonTC/CTC_SaveMessage: Test Cases/1712666/CommonTC/CTC_SaveMessage

2021-05-29 15:33:52 - [TEST_STEP][PASSED] - setText(findTestObject("Page_Town Square - noname Mattermost/textarea_Write to Town Square_post_textbox"), "save message"): Text 'save message' is set on object 'Object Repository/Page_Town Square - noname Mattermost/textarea_Write to Town Square_post_textbox'

2021-05-29 15:33:56 - [MESSAGE][PASSED] - Text 'save message' is set on object 'Object Repository/Page_Town Square - noname Mattermost/textarea_Write to Town Square_post_textbox'

2021-05-29 15:33:56 - [TEST_STEP][PASSED] - sendKeys(findTestObject("Page_Town Square - noname Mattermost/textarea_Write to Town Square_post_textbox"), Keys.chord(ENTER)): Keys 'ENTER + ' sent to object: 'Object Repository/Page_Town Square - noname Mattermost/textarea_Write to Town Square_post_textbox'

2021-05-29 15:33:56 - [MESSAGE][PASSED] - Keys 'ENTER + ' sent to object: 'Object Repository/Page_Town Square - noname Mattermost/textarea_Write to Town Square_post_textbox'

2021-05-29 15:33:56 - [TEST_STEP][PASSED] - click(findTestObject("Page_Town Square - noname Mattermost/p_a")): Object: 'Object Repository/Page_Town Square - noname Mattermost/p_a' is clicked on

2021-05-29 15:33:57 - [MESSAGE][PASSED] - Object: 'Object Repository/Page_Town Square - noname Mattermost/p_a' is clicked on

2021-05-29 15:33:57 - [TEST_STEP][PASSED] - click(findTestObject("Object Repository/Page_Town Square - noname Mattermost/button_phuc_CENTER_flagIcon_6g89c38yzffg7fh_29b705")): Object: 'Object Repository/Page_Town Square - noname Mattermost/button_phuc_CENTER_flagIcon_6g89c38yzffg7fh_29b705' is clicked on

2021-05-29 15:33:58 - [MESSAGE][PASSED] - Object: 'Object Repository/Page_Town Square - noname Mattermost/button_phuc_CENTER_flagIcon_6g89c38yzffg7fh_29b705' is clicked on

2021-05-29 15:33:58 - [TEST_STEP][PASSED] - savedTag = getText(findTestObject("Object Repository/Page_Town Square - noname Mattermost/saved_tag")): Text of object 'Object Repository/Page_Town Square - noname Mattermost/saved_tag' is: 'Saved'

2021-05-29 15:33:58 - [MESSAGE][PASSED] - Text of object 'Object Repository/Page_Town Square - noname Mattermost/saved_tag' is: 'Saved'

2021-05-29 15:33:58 - [TEST_STEP][PASSED] - if (savedTag != "Saved"): null

2021-05-29 15:33:58 - [MESSAGE][PASSED] - Call Test Case 'Test Cases/1712666/CommonTC/CTC_SaveMessage' successfully

2021-05-29 15:33:58 - [TEST_STEP][PASSED] - click(findTestObject("Page_Town Square - noname Mattermost/p_a")): Object: 'Object Repository/Page_Town Square - noname Mattermost/p_a' is clicked on

2021-05-29 15:33:59 - [MESSAGE][PASSED] - Object: 'Object Repository/Page_Town Square - noname Mattermost/p_a' is clicked on

2021-05-29 15:33:59 - [TEST_STEP][PASSED] - click(findTestObject("Object Repository/Page_Town Square - noname Mattermost/button_unsaved")): Object: 'Object Repository/Page_Town Square - noname Mattermost/button_unsaved' is clicked on

2021-05-29 15:33:59 - [MESSAGE][PASSED] - Object: 'Object Repository/Page_Town Square - noname Mattermost/button_unsaved' is clicked on

2021-05-29 15:33:59 - [TEST_STEP][PASSED] - verifyElementNotPresent(findTestObject("Object Repository/Page_Town Square - noname Mattermost/saved_tag"), 5): Web element with id: 'Object Repository/Page_Town Square - noname Mattermost/saved_tag' located by 'By.xpath: //div[@class="post-list__dynamic"]//div[@style="position: relative;"][last()]//span[text()='Saved']' is not present after '5' second(s)

2021-05-29 15:34:00 - [MESSAGE][PASSED] - Web element with id: 'Object Repository/Page_Town Square - noname Mattermost/saved_tag' located by 'By.xpath: //div[@class="post-list__dynamic"]//div[@style="position: relative;"][last()]//span[text()='Saved']' is not present after '5' second(s)

2021-05-29 15:34:00 - [TEST_STEP][PASSED] - closeBrowser(): Browser is closed

2021-05-29 15:34:01 - [MESSAGE][PASSED] - Browser is closed]]></system-out>
         <system-err><![CDATA[]]></system-err>
      </testcase>
      <testcase name="Test Cases/1612049/TC26_PinMessageInPublicChannel" time="22.846" classname="Test Cases/1612049/TC26_PinMessageInPublicChannel" status="PASSED">
         <system-out><![CDATA[2021-05-29 15:34:01 - [TEST_CASE][PASSED] - Test Cases/1612049/TC26_PinMessageInPublicChannel: Test Cases/1612049/TC26_PinMessageInPublicChannel

2021-05-29 15:34:01 - [TEST_STEP][PASSED] - openBrowser(""): Browser is opened with url: ''

2021-05-29 15:34:01 - [MESSAGE][INFO] - Starting 'Chrome' driver

2021-05-29 15:34:01 - [MESSAGE][INFO] - Action delay is set to 0 milliseconds

2021-05-29 15:34:02 - [MESSAGE][PASSED] - Browser is opened with url: ''

2021-05-29 15:34:02 - [TEST_STEP][PASSED] - navigateToUrl("https://mattermostwebapp.herokuapp.com/"): Navigate to 'https://mattermostwebapp.herokuapp.com/' successfully

2021-05-29 15:34:06 - [MESSAGE][PASSED] - Navigate to 'https://mattermostwebapp.herokuapp.com/' successfully

2021-05-29 15:34:06 - [TEST_STEP][PASSED] - callTestCase(findTestCase("1612049/CommonTC/CTC_Login"), ["username":"jooie", "password":"6z6Vi2R3i06jbzaqW0pQ8Q=="], STOP_ON_FAILURE): Call Test Case 'Test Cases/1612049/CommonTC/CTC_Login' successfully

2021-05-29 15:34:06 - [TEST_CASE][PASSED] - Test Cases/1612049/CommonTC/CTC_Login: Test Cases/1612049/CommonTC/CTC_Login

2021-05-29 15:34:06 - [TEST_STEP][PASSED] - setText(findTestObject("1612049/Login_Screen/input_LoginID"), username): Text 'jooie' is set on object 'Object Repository/1612049/Login_Screen/input_LoginID'

2021-05-29 15:34:11 - [MESSAGE][PASSED] - Text 'jooie' is set on object 'Object Repository/1612049/Login_Screen/input_LoginID'

2021-05-29 15:34:11 - [TEST_STEP][PASSED] - setEncryptedText(findTestObject("1612049/Login_Screen/input_LoginPassword"), password): Text ****** has been set on object 'Object Repository/1612049/Login_Screen/input_LoginPassword'

2021-05-29 15:34:12 - [MESSAGE][PASSED] - Text ****** has been set on object 'Object Repository/1612049/Login_Screen/input_LoginPassword'

2021-05-29 15:34:12 - [TEST_STEP][PASSED] - click(findTestObject("1612049/Login_Screen/btn_Signin")): Object: 'Object Repository/1612049/Login_Screen/btn_Signin' is clicked on

2021-05-29 15:34:12 - [MESSAGE][PASSED] - Object: 'Object Repository/1612049/Login_Screen/btn_Signin' is clicked on

2021-05-29 15:34:12 - [MESSAGE][PASSED] - Call Test Case 'Test Cases/1612049/CommonTC/CTC_Login' successfully

2021-05-29 15:34:12 - [TEST_STEP][PASSED] - callTestCase(findTestCase("1612049/CommonTC/CTC_SendMessageInPublicChannel"), [:], STOP_ON_FAILURE): Call Test Case 'Test Cases/1612049/CommonTC/CTC_SendMessageInPublicChannel' successfully

2021-05-29 15:34:12 - [TEST_CASE][PASSED] - Test Cases/1612049/CommonTC/CTC_SendMessageInPublicChannel: Test Cases/1612049/CommonTC/CTC_SendMessageInPublicChannel

2021-05-29 15:34:13 - [TEST_STEP][PASSED] - click(findTestObject("1612049/Left_Sidebar/Public_Channels/a_FirstPublicChannel")): Object: 'Object Repository/1612049/Left_Sidebar/Public_Channels/a_FirstPublicChannel' is clicked on

2021-05-29 15:34:16 - [MESSAGE][PASSED] - Object: 'Object Repository/1612049/Left_Sidebar/Public_Channels/a_FirstPublicChannel' is clicked on

2021-05-29 15:34:16 - [TEST_STEP][PASSED] - setText(findTestObject("1612049/Posts_Area/Posts_Create/input_Message"), "Hello, world"): Text 'Hello, world' is set on object 'Object Repository/1612049/Posts_Area/Posts_Create/input_Message'

2021-05-29 15:34:17 - [MESSAGE][PASSED] - Text 'Hello, world' is set on object 'Object Repository/1612049/Posts_Area/Posts_Create/input_Message'

2021-05-29 15:34:17 - [TEST_STEP][PASSED] - sendKeys(findTestObject("1612049/Posts_Area/Posts_Create/input_Message"), Keys.chord(ENTER)): Keys 'ENTER + ' sent to object: 'Object Repository/1612049/Posts_Area/Posts_Create/input_Message'

2021-05-29 15:34:18 - [MESSAGE][PASSED] - Keys 'ENTER + ' sent to object: 'Object Repository/1612049/Posts_Area/Posts_Create/input_Message'

2021-05-29 15:34:18 - [MESSAGE][PASSED] - Call Test Case 'Test Cases/1612049/CommonTC/CTC_SendMessageInPublicChannel' successfully

2021-05-29 15:34:18 - [TEST_STEP][PASSED] - if (verifyElementNotPresent(findTestObject("1612049/Posts_Area/Posts_List/div_LastPinnedPost"), 0, CONTINUE_ON_FAILURE)): null

2021-05-29 15:34:18 - [MESSAGE][WARNING] - Timeout '0' is invalid. Using default page load timeout: '30'

2021-05-29 15:34:18 - [MESSAGE][PASSED] - Web element with id: 'Object Repository/1612049/Posts_Area/Posts_List/div_LastPinnedPost' located by 'By.xpath: //div[@class="post-list__dynamic"]//div[@style="position: relative;"][last()]/div/div/div[@class="post-pre-header"]' is not present after '30' second(s)

2021-05-29 15:34:18 - [TEST_STEP][PASSED] - mouseOver(findTestObject("1612049/Posts_Area/Posts_List/div_LastPost")): Object: 'Object Repository/1612049/Posts_Area/Posts_List/div_LastPost' is hovered

2021-05-29 15:34:19 - [MESSAGE][PASSED] - Object: 'Object Repository/1612049/Posts_Area/Posts_List/div_LastPost' is hovered

2021-05-29 15:34:19 - [TEST_STEP][PASSED] - click(findTestObject("1612049/Posts_Area/Posts_List/Post_Menu/btn_MoreActions")): Object: 'Object Repository/1612049/Posts_Area/Posts_List/Post_Menu/btn_MoreActions' is clicked on

2021-05-29 15:34:19 - [MESSAGE][PASSED] - Object: 'Object Repository/1612049/Posts_Area/Posts_List/Post_Menu/btn_MoreActions' is clicked on

2021-05-29 15:34:19 - [TEST_STEP][PASSED] - click(findTestObject("1612049/Posts_Area/Posts_List/Post_Menu/btn_PinMessage")): Object: 'Object Repository/1612049/Posts_Area/Posts_List/Post_Menu/btn_PinMessage' is clicked on

2021-05-29 15:34:20 - [MESSAGE][PASSED] - Object: 'Object Repository/1612049/Posts_Area/Posts_List/Post_Menu/btn_PinMessage' is clicked on

2021-05-29 15:34:20 - [TEST_STEP][PASSED] - if (verifyElementPresent(findTestObject("1612049/Posts_Area/Posts_List/div_LastPinnedPost"), 5, STOP_ON_FAILURE)): Object 'Object Repository/1612049/Posts_Area/Posts_List/div_LastPinnedPost' is present

2021-05-29 15:34:21 - [MESSAGE][PASSED] - Object 'Object Repository/1612049/Posts_Area/Posts_List/div_LastPinnedPost' is present

2021-05-29 15:34:21 - [TEST_STEP][PASSED] - Thread.sleep(2000): null

2021-05-29 15:34:23 - [TEST_STEP][PASSED] - closeBrowser(): Browser is closed

2021-05-29 15:34:24 - [MESSAGE][PASSED] - Browser is closed]]></system-out>
         <system-err><![CDATA[]]></system-err>
      </testcase>
      <testcase name="Test Cases/1612049/TC27_PinMessageInPrivateChannel" time="22.586" classname="Test Cases/1612049/TC27_PinMessageInPrivateChannel" status="PASSED">
         <system-out><![CDATA[2021-05-29 15:34:24 - [TEST_CASE][PASSED] - Test Cases/1612049/TC27_PinMessageInPrivateChannel: Test Cases/1612049/TC27_PinMessageInPrivateChannel

2021-05-29 15:34:24 - [TEST_STEP][PASSED] - openBrowser(""): Browser is opened with url: ''

2021-05-29 15:34:24 - [MESSAGE][INFO] - Starting 'Chrome' driver

2021-05-29 15:34:24 - [MESSAGE][INFO] - Action delay is set to 0 milliseconds

2021-05-29 15:34:25 - [MESSAGE][PASSED] - Browser is opened with url: ''

2021-05-29 15:34:25 - [TEST_STEP][PASSED] - navigateToUrl("https://mattermostwebapp.herokuapp.com/"): Navigate to 'https://mattermostwebapp.herokuapp.com/' successfully

2021-05-29 15:34:29 - [MESSAGE][PASSED] - Navigate to 'https://mattermostwebapp.herokuapp.com/' successfully

2021-05-29 15:34:29 - [TEST_STEP][PASSED] - callTestCase(findTestCase("1612049/CommonTC/CTC_Login"), ["username":"jooie", "password":"6z6Vi2R3i06jbzaqW0pQ8Q=="], STOP_ON_FAILURE): Call Test Case 'Test Cases/1612049/CommonTC/CTC_Login' successfully

2021-05-29 15:34:29 - [TEST_CASE][PASSED] - Test Cases/1612049/CommonTC/CTC_Login: Test Cases/1612049/CommonTC/CTC_Login

2021-05-29 15:34:29 - [TEST_STEP][PASSED] - setText(findTestObject("1612049/Login_Screen/input_LoginID"), username): Text 'jooie' is set on object 'Object Repository/1612049/Login_Screen/input_LoginID'

2021-05-29 15:34:33 - [MESSAGE][PASSED] - Text 'jooie' is set on object 'Object Repository/1612049/Login_Screen/input_LoginID'

2021-05-29 15:34:33 - [TEST_STEP][PASSED] - setEncryptedText(findTestObject("1612049/Login_Screen/input_LoginPassword"), password): Text ****** has been set on object 'Object Repository/1612049/Login_Screen/input_LoginPassword'

2021-05-29 15:34:34 - [MESSAGE][PASSED] - Text ****** has been set on object 'Object Repository/1612049/Login_Screen/input_LoginPassword'

2021-05-29 15:34:34 - [TEST_STEP][PASSED] - click(findTestObject("1612049/Login_Screen/btn_Signin")): Object: 'Object Repository/1612049/Login_Screen/btn_Signin' is clicked on

2021-05-29 15:34:34 - [MESSAGE][PASSED] - Object: 'Object Repository/1612049/Login_Screen/btn_Signin' is clicked on

2021-05-29 15:34:34 - [MESSAGE][PASSED] - Call Test Case 'Test Cases/1612049/CommonTC/CTC_Login' successfully

2021-05-29 15:34:34 - [TEST_STEP][PASSED] - callTestCase(findTestCase("1612049/CommonTC/CTC_SendMessageInPrivateChannel"), [:], STOP_ON_FAILURE): Call Test Case 'Test Cases/1612049/CommonTC/CTC_SendMessageInPrivateChannel' successfully

2021-05-29 15:34:34 - [TEST_CASE][PASSED] - Test Cases/1612049/CommonTC/CTC_SendMessageInPrivateChannel: Test Cases/1612049/CommonTC/CTC_SendMessageInPrivateChannel

2021-05-29 15:34:35 - [TEST_STEP][PASSED] - isThereAnyChannels = verifyElementPresent(findTestObject("1612049/Left_Sidebar/Private_Channels/a_FirstPrivateChannel"), 10): Object 'Object Repository/1612049/Left_Sidebar/Private_Channels/a_FirstPrivateChannel' is present

2021-05-29 15:34:37 - [MESSAGE][PASSED] - Object 'Object Repository/1612049/Left_Sidebar/Private_Channels/a_FirstPrivateChannel' is present

2021-05-29 15:34:37 - [TEST_STEP][PASSED] - if (isThereAnyChannels): Keys 'ENTER + ' sent to object: 'Object Repository/1612049/Posts_Area/Posts_Create/input_Message'

2021-05-29 15:34:37 - [TEST_STEP][PASSED] - click(findTestObject("1612049/Left_Sidebar/Private_Channels/a_FirstPrivateChannel")): Object: 'Object Repository/1612049/Left_Sidebar/Private_Channels/a_FirstPrivateChannel' is clicked on

2021-05-29 15:34:38 - [MESSAGE][PASSED] - Object: 'Object Repository/1612049/Left_Sidebar/Private_Channels/a_FirstPrivateChannel' is clicked on

2021-05-29 15:34:38 - [TEST_STEP][PASSED] - setText(findTestObject("1612049/Posts_Area/Posts_Create/input_Message"), "Hello, anonymous"): Text 'Hello, anonymous' is set on object 'Object Repository/1612049/Posts_Area/Posts_Create/input_Message'

2021-05-29 15:34:39 - [MESSAGE][PASSED] - Text 'Hello, anonymous' is set on object 'Object Repository/1612049/Posts_Area/Posts_Create/input_Message'

2021-05-29 15:34:39 - [TEST_STEP][PASSED] - sendKeys(findTestObject("1612049/Posts_Area/Posts_Create/input_Message"), Keys.chord(ENTER)): Keys 'ENTER + ' sent to object: 'Object Repository/1612049/Posts_Area/Posts_Create/input_Message'

2021-05-29 15:34:40 - [MESSAGE][PASSED] - Keys 'ENTER + ' sent to object: 'Object Repository/1612049/Posts_Area/Posts_Create/input_Message'

2021-05-29 15:34:40 - [MESSAGE][PASSED] - Call Test Case 'Test Cases/1612049/CommonTC/CTC_SendMessageInPrivateChannel' successfully

2021-05-29 15:34:40 - [TEST_STEP][PASSED] - if (verifyElementNotPresent(findTestObject("1612049/Posts_Area/Posts_List/div_LastPinnedPost"), 10, CONTINUE_ON_FAILURE)): null

2021-05-29 15:34:40 - [MESSAGE][PASSED] - Web element with id: 'Object Repository/1612049/Posts_Area/Posts_List/div_LastPinnedPost' located by 'By.xpath: //div[@class="post-list__dynamic"]//div[@style="position: relative;"][last()]/div/div/div[@class="post-pre-header"]' is not present after '10' second(s)

2021-05-29 15:34:40 - [TEST_STEP][PASSED] - mouseOver(findTestObject("1612049/Posts_Area/Posts_List/div_LastPost")): Object: 'Object Repository/1612049/Posts_Area/Posts_List/div_LastPost' is hovered

2021-05-29 15:34:42 - [MESSAGE][PASSED] - Object: 'Object Repository/1612049/Posts_Area/Posts_List/div_LastPost' is hovered

2021-05-29 15:34:42 - [TEST_STEP][PASSED] - click(findTestObject("1612049/Posts_Area/Posts_List/Post_Menu/btn_MoreActions")): Object: 'Object Repository/1612049/Posts_Area/Posts_List/Post_Menu/btn_MoreActions' is clicked on

2021-05-29 15:34:42 - [MESSAGE][PASSED] - Object: 'Object Repository/1612049/Posts_Area/Posts_List/Post_Menu/btn_MoreActions' is clicked on

2021-05-29 15:34:42 - [TEST_STEP][PASSED] - click(findTestObject("1612049/Posts_Area/Posts_List/Post_Menu/btn_PinMessage")): Object: 'Object Repository/1612049/Posts_Area/Posts_List/Post_Menu/btn_PinMessage' is clicked on

2021-05-29 15:34:43 - [MESSAGE][PASSED] - Object: 'Object Repository/1612049/Posts_Area/Posts_List/Post_Menu/btn_PinMessage' is clicked on

2021-05-29 15:34:43 - [TEST_STEP][PASSED] - if (verifyElementPresent(findTestObject("1612049/Posts_Area/Posts_List/div_LastPinnedPost"), 10, STOP_ON_FAILURE)): Object 'Object Repository/1612049/Posts_Area/Posts_List/div_LastPinnedPost' is present

2021-05-29 15:34:44 - [MESSAGE][PASSED] - Object 'Object Repository/1612049/Posts_Area/Posts_List/div_LastPinnedPost' is present

2021-05-29 15:34:44 - [TEST_STEP][PASSED] - Thread.sleep(2000): null

2021-05-29 15:34:46 - [TEST_STEP][PASSED] - closeBrowser(): Browser is closed

2021-05-29 15:34:46 - [MESSAGE][PASSED] - Browser is closed]]></system-out>
         <system-err><![CDATA[]]></system-err>
      </testcase>
      <testcase name="Test Cases/1612049/TC28_UnpinMessageInPublicChannel" time="19.849" classname="Test Cases/1612049/TC28_UnpinMessageInPublicChannel" status="PASSED">
         <system-out><![CDATA[2021-05-29 15:34:46 - [TEST_CASE][PASSED] - Test Cases/1612049/TC28_UnpinMessageInPublicChannel: Test Cases/1612049/TC28_UnpinMessageInPublicChannel

2021-05-29 15:34:47 - [TEST_STEP][PASSED] - openBrowser(""): Browser is opened with url: ''

2021-05-29 15:34:47 - [MESSAGE][INFO] - Starting 'Chrome' driver

2021-05-29 15:34:47 - [MESSAGE][INFO] - Action delay is set to 0 milliseconds

2021-05-29 15:34:48 - [MESSAGE][PASSED] - Browser is opened with url: ''

2021-05-29 15:34:48 - [TEST_STEP][PASSED] - navigateToUrl("https://mattermostwebapp.herokuapp.com/"): Navigate to 'https://mattermostwebapp.herokuapp.com/' successfully

2021-05-29 15:34:52 - [MESSAGE][PASSED] - Navigate to 'https://mattermostwebapp.herokuapp.com/' successfully

2021-05-29 15:34:52 - [TEST_STEP][PASSED] - callTestCase(findTestCase("1612049/CommonTC/CTC_Login"), ["username":"jooie", "password":"6z6Vi2R3i06jbzaqW0pQ8Q=="], STOP_ON_FAILURE): Call Test Case 'Test Cases/1612049/CommonTC/CTC_Login' successfully

2021-05-29 15:34:52 - [TEST_CASE][PASSED] - Test Cases/1612049/CommonTC/CTC_Login: Test Cases/1612049/CommonTC/CTC_Login

2021-05-29 15:34:52 - [TEST_STEP][PASSED] - setText(findTestObject("1612049/Login_Screen/input_LoginID"), username): Text 'jooie' is set on object 'Object Repository/1612049/Login_Screen/input_LoginID'

2021-05-29 15:34:56 - [MESSAGE][PASSED] - Text 'jooie' is set on object 'Object Repository/1612049/Login_Screen/input_LoginID'

2021-05-29 15:34:56 - [TEST_STEP][PASSED] - setEncryptedText(findTestObject("1612049/Login_Screen/input_LoginPassword"), password): Text ****** has been set on object 'Object Repository/1612049/Login_Screen/input_LoginPassword'

2021-05-29 15:34:57 - [MESSAGE][PASSED] - Text ****** has been set on object 'Object Repository/1612049/Login_Screen/input_LoginPassword'

2021-05-29 15:34:57 - [TEST_STEP][PASSED] - click(findTestObject("1612049/Login_Screen/btn_Signin")): Object: 'Object Repository/1612049/Login_Screen/btn_Signin' is clicked on

2021-05-29 15:34:57 - [MESSAGE][PASSED] - Object: 'Object Repository/1612049/Login_Screen/btn_Signin' is clicked on

2021-05-29 15:34:57 - [MESSAGE][PASSED] - Call Test Case 'Test Cases/1612049/CommonTC/CTC_Login' successfully

2021-05-29 15:34:57 - [TEST_STEP][PASSED] - click(findTestObject("1612049/Left_Sidebar/Public_Channels/a_FirstPublicChannel")): Object: 'Object Repository/1612049/Left_Sidebar/Public_Channels/a_FirstPublicChannel' is clicked on

2021-05-29 15:35:00 - [MESSAGE][PASSED] - Object: 'Object Repository/1612049/Left_Sidebar/Public_Channels/a_FirstPublicChannel' is clicked on

2021-05-29 15:35:00 - [TEST_STEP][PASSED] - if (verifyElementPresent(findTestObject("1612049/Posts_Area/Posts_List/div_LastPinnedPost"), 0, STOP_ON_FAILURE)): null

2021-05-29 15:35:01 - [MESSAGE][WARNING] - Timeout '0' is invalid. Using default page load timeout: '30'

2021-05-29 15:35:01 - [MESSAGE][PASSED] - Object 'Object Repository/1612049/Posts_Area/Posts_List/div_LastPinnedPost' is present

2021-05-29 15:35:01 - [TEST_STEP][PASSED] - mouseOver(findTestObject("1612049/Posts_Area/Posts_List/div_LastPost")): Object: 'Object Repository/1612049/Posts_Area/Posts_List/div_LastPost' is hovered

2021-05-29 15:35:01 - [MESSAGE][PASSED] - Object: 'Object Repository/1612049/Posts_Area/Posts_List/div_LastPost' is hovered

2021-05-29 15:35:01 - [TEST_STEP][PASSED] - click(findTestObject("1612049/Posts_Area/Posts_List/Post_Menu/btn_MoreActions")): Object: 'Object Repository/1612049/Posts_Area/Posts_List/Post_Menu/btn_MoreActions' is clicked on

2021-05-29 15:35:02 - [MESSAGE][PASSED] - Object: 'Object Repository/1612049/Posts_Area/Posts_List/Post_Menu/btn_MoreActions' is clicked on

2021-05-29 15:35:02 - [TEST_STEP][PASSED] - click(findTestObject("1612049/Posts_Area/Posts_List/Post_Menu/btn_PinMessage")): Object: 'Object Repository/1612049/Posts_Area/Posts_List/Post_Menu/btn_PinMessage' is clicked on

2021-05-29 15:35:02 - [MESSAGE][PASSED] - Object: 'Object Repository/1612049/Posts_Area/Posts_List/Post_Menu/btn_PinMessage' is clicked on

2021-05-29 15:35:02 - [TEST_STEP][PASSED] - if (verifyElementNotPresent(findTestObject("1612049/Posts_Area/Posts_List/div_LastPinnedPost"), 5, STOP_ON_FAILURE)): Web element with id: 'Object Repository/1612049/Posts_Area/Posts_List/div_LastPinnedPost' located by 'By.xpath: //div[@class="post-list__dynamic"]//div[@style="position: relative;"][last()]/div/div/div[@class="post-pre-header"]' is not present after '5' second(s)

2021-05-29 15:35:04 - [MESSAGE][PASSED] - Web element with id: 'Object Repository/1612049/Posts_Area/Posts_List/div_LastPinnedPost' located by 'By.xpath: //div[@class="post-list__dynamic"]//div[@style="position: relative;"][last()]/div/div/div[@class="post-pre-header"]' is not present after '5' second(s)

2021-05-29 15:35:04 - [TEST_STEP][PASSED] - Thread.sleep(2000): null

2021-05-29 15:35:06 - [TEST_STEP][PASSED] - closeBrowser(): Browser is closed

2021-05-29 15:35:06 - [MESSAGE][PASSED] - Browser is closed]]></system-out>
         <system-err><![CDATA[]]></system-err>
      </testcase>
      <testcase name="Test Cases/1612049/TC29_UnpinMessageInPrivateChannel" time="19.601" classname="Test Cases/1612049/TC29_UnpinMessageInPrivateChannel" status="PASSED">
         <system-out><![CDATA[2021-05-29 15:35:06 - [TEST_CASE][PASSED] - Test Cases/1612049/TC29_UnpinMessageInPrivateChannel: Test Cases/1612049/TC29_UnpinMessageInPrivateChannel

2021-05-29 15:35:07 - [TEST_STEP][PASSED] - openBrowser(""): Browser is opened with url: ''

2021-05-29 15:35:07 - [MESSAGE][INFO] - Starting 'Chrome' driver

2021-05-29 15:35:07 - [MESSAGE][INFO] - Action delay is set to 0 milliseconds

2021-05-29 15:35:08 - [MESSAGE][PASSED] - Browser is opened with url: ''

2021-05-29 15:35:08 - [TEST_STEP][PASSED] - navigateToUrl("https://mattermostwebapp.herokuapp.com/"): Navigate to 'https://mattermostwebapp.herokuapp.com/' successfully

2021-05-29 15:35:11 - [MESSAGE][PASSED] - Navigate to 'https://mattermostwebapp.herokuapp.com/' successfully

2021-05-29 15:35:11 - [TEST_STEP][PASSED] - callTestCase(findTestCase("1612049/CommonTC/CTC_Login"), ["username":"jooie", "password":"6z6Vi2R3i06jbzaqW0pQ8Q=="], STOP_ON_FAILURE): Call Test Case 'Test Cases/1612049/CommonTC/CTC_Login' successfully

2021-05-29 15:35:11 - [TEST_CASE][PASSED] - Test Cases/1612049/CommonTC/CTC_Login: Test Cases/1612049/CommonTC/CTC_Login

2021-05-29 15:35:11 - [TEST_STEP][PASSED] - setText(findTestObject("1612049/Login_Screen/input_LoginID"), username): Text 'jooie' is set on object 'Object Repository/1612049/Login_Screen/input_LoginID'

2021-05-29 15:35:15 - [MESSAGE][PASSED] - Text 'jooie' is set on object 'Object Repository/1612049/Login_Screen/input_LoginID'

2021-05-29 15:35:15 - [TEST_STEP][PASSED] - setEncryptedText(findTestObject("1612049/Login_Screen/input_LoginPassword"), password): Text ****** has been set on object 'Object Repository/1612049/Login_Screen/input_LoginPassword'

2021-05-29 15:35:16 - [MESSAGE][PASSED] - Text ****** has been set on object 'Object Repository/1612049/Login_Screen/input_LoginPassword'

2021-05-29 15:35:16 - [TEST_STEP][PASSED] - click(findTestObject("1612049/Login_Screen/btn_Signin")): Object: 'Object Repository/1612049/Login_Screen/btn_Signin' is clicked on

2021-05-29 15:35:16 - [MESSAGE][PASSED] - Object: 'Object Repository/1612049/Login_Screen/btn_Signin' is clicked on

2021-05-29 15:35:16 - [MESSAGE][PASSED] - Call Test Case 'Test Cases/1612049/CommonTC/CTC_Login' successfully

2021-05-29 15:35:16 - [TEST_STEP][PASSED] - click(findTestObject("1612049/Left_Sidebar/Private_Channels/a_FirstPrivateChannel")): Object: 'Object Repository/1612049/Left_Sidebar/Private_Channels/a_FirstPrivateChannel' is clicked on

2021-05-29 15:35:20 - [MESSAGE][PASSED] - Object: 'Object Repository/1612049/Left_Sidebar/Private_Channels/a_FirstPrivateChannel' is clicked on

2021-05-29 15:35:20 - [TEST_STEP][PASSED] - if (verifyElementPresent(findTestObject("1612049/Posts_Area/Posts_List/div_LastPinnedPost"), 0, STOP_ON_FAILURE)): null

2021-05-29 15:35:20 - [MESSAGE][WARNING] - Timeout '0' is invalid. Using default page load timeout: '30'

2021-05-29 15:35:21 - [MESSAGE][PASSED] - Object 'Object Repository/1612049/Posts_Area/Posts_List/div_LastPinnedPost' is present

2021-05-29 15:35:21 - [TEST_STEP][PASSED] - mouseOver(findTestObject("1612049/Posts_Area/Posts_List/div_LastPost")): Object: 'Object Repository/1612049/Posts_Area/Posts_List/div_LastPost' is hovered

2021-05-29 15:35:21 - [MESSAGE][PASSED] - Object: 'Object Repository/1612049/Posts_Area/Posts_List/div_LastPost' is hovered

2021-05-29 15:35:21 - [TEST_STEP][PASSED] - click(findTestObject("1612049/Posts_Area/Posts_List/Post_Menu/btn_MoreActions")): Object: 'Object Repository/1612049/Posts_Area/Posts_List/Post_Menu/btn_MoreActions' is clicked on

2021-05-29 15:35:22 - [MESSAGE][PASSED] - Object: 'Object Repository/1612049/Posts_Area/Posts_List/Post_Menu/btn_MoreActions' is clicked on

2021-05-29 15:35:22 - [TEST_STEP][PASSED] - click(findTestObject("1612049/Posts_Area/Posts_List/Post_Menu/btn_PinMessage")): Object: 'Object Repository/1612049/Posts_Area/Posts_List/Post_Menu/btn_PinMessage' is clicked on

2021-05-29 15:35:22 - [MESSAGE][PASSED] - Object: 'Object Repository/1612049/Posts_Area/Posts_List/Post_Menu/btn_PinMessage' is clicked on

2021-05-29 15:35:22 - [TEST_STEP][PASSED] - if (verifyElementNotPresent(findTestObject("1612049/Posts_Area/Posts_List/div_LastPinnedPost"), 5, STOP_ON_FAILURE)): Web element with id: 'Object Repository/1612049/Posts_Area/Posts_List/div_LastPinnedPost' located by 'By.xpath: //div[@class="post-list__dynamic"]//div[@style="position: relative;"][last()]/div/div/div[@class="post-pre-header"]' is not present after '5' second(s)

2021-05-29 15:35:23 - [MESSAGE][PASSED] - Web element with id: 'Object Repository/1612049/Posts_Area/Posts_List/div_LastPinnedPost' located by 'By.xpath: //div[@class="post-list__dynamic"]//div[@style="position: relative;"][last()]/div/div/div[@class="post-pre-header"]' is not present after '5' second(s)

2021-05-29 15:35:23 - [TEST_STEP][PASSED] - Thread.sleep(2000): null

2021-05-29 15:35:25 - [TEST_STEP][PASSED] - closeBrowser(): Browser is closed

2021-05-29 15:35:26 - [MESSAGE][PASSED] - Browser is closed]]></system-out>
         <system-err><![CDATA[]]></system-err>
      </testcase>
      <testcase name="Test Cases/1712612/TC17_CreatePublicChannels" time="44.308" classname="Test Cases/1712612/TC17_CreatePublicChannels" status="PASSED">
         <system-out><![CDATA[2021-05-29 15:35:26 - [TEST_CASE][PASSED] - Test Cases/1712612/TC17_CreatePublicChannels: Test Cases/1712612/TC17_CreatePublicChannels

2021-05-29 15:35:26 - [TEST_STEP][PASSED] - callTestCase(findTestCase("1712612/CommonTC/TC_OpenPage"), [:], STOP_ON_FAILURE): Call Test Case 'Test Cases/1712612/CommonTC/TC_OpenPage' successfully

2021-05-29 15:35:26 - [TEST_CASE][PASSED] - Test Cases/1712612/CommonTC/TC_OpenPage: Test Cases/1712612/CommonTC/TC_OpenPage

2021-05-29 15:35:26 - [TEST_STEP][PASSED] - openBrowser(""): Browser is opened with url: ''

2021-05-29 15:35:26 - [MESSAGE][INFO] - Starting 'Chrome' driver

2021-05-29 15:35:26 - [MESSAGE][INFO] - Action delay is set to 0 milliseconds

2021-05-29 15:35:27 - [MESSAGE][PASSED] - Browser is opened with url: ''

2021-05-29 15:35:27 - [TEST_STEP][PASSED] - navigateToUrl("https://mattermostwebapp.herokuapp.com/login"): Navigate to 'https://mattermostwebapp.herokuapp.com/login' successfully

2021-05-29 15:35:31 - [MESSAGE][PASSED] - Navigate to 'https://mattermostwebapp.herokuapp.com/login' successfully

2021-05-29 15:35:31 - [MESSAGE][PASSED] - Call Test Case 'Test Cases/1712612/CommonTC/TC_OpenPage' successfully

2021-05-29 15:35:31 - [TEST_STEP][PASSED] - callTestCase(findTestCase("1712612/CommonTC/TC_Login"), [:], STOP_ON_FAILURE): Call Test Case 'Test Cases/1712612/CommonTC/TC_Login' successfully

2021-05-29 15:35:31 - [TEST_CASE][PASSED] - Test Cases/1712612/CommonTC/TC_Login: Test Cases/1712612/CommonTC/TC_Login

2021-05-29 15:35:31 - [TEST_STEP][PASSED] - verifyElementVisible(findTestObject("Object Repository/1712612_Mattermost Object/Page_Mattermost/input_login_username"), STOP_ON_FAILURE): Object 'Object Repository/1712612_Mattermost Object/Page_Mattermost/input_login_username' is visible

2021-05-29 15:35:35 - [MESSAGE][PASSED] - Object 'Object Repository/1712612_Mattermost Object/Page_Mattermost/input_login_username' is visible

2021-05-29 15:35:35 - [TEST_STEP][PASSED] - verifyElementVisible(findTestObject("Object Repository/1712612_Mattermost Object/Page_Mattermost/input_login_password"), STOP_ON_FAILURE): Object 'Object Repository/1712612_Mattermost Object/Page_Mattermost/input_login_password' is visible

2021-05-29 15:35:36 - [MESSAGE][PASSED] - Object 'Object Repository/1712612_Mattermost Object/Page_Mattermost/input_login_password' is visible

2021-05-29 15:35:36 - [TEST_STEP][PASSED] - setText(findTestObject("Object Repository/1712612_Mattermost Object/Page_Mattermost/input_login_username"), "nghi_tran"): Text 'nghi_tran' is set on object 'Object Repository/1712612_Mattermost Object/Page_Mattermost/input_login_username'

2021-05-29 15:35:36 - [MESSAGE][PASSED] - Text 'nghi_tran' is set on object 'Object Repository/1712612_Mattermost Object/Page_Mattermost/input_login_username'

2021-05-29 15:35:36 - [TEST_STEP][PASSED] - setEncryptedText(findTestObject("Object Repository/1712612_Mattermost Object/Page_Mattermost/input_login_password"), "KBlHou+hFmnFUOUwxwboiw=="): Text ****** has been set on object 'Object Repository/1712612_Mattermost Object/Page_Mattermost/input_login_password'

2021-05-29 15:35:37 - [MESSAGE][PASSED] - Text ****** has been set on object 'Object Repository/1712612_Mattermost Object/Page_Mattermost/input_login_password'

2021-05-29 15:35:37 - [TEST_STEP][PASSED] - click(findTestObject("Object Repository/1712612_Mattermost Object/Page_Mattermost/button_Sign in")): Object: 'Object Repository/1712612_Mattermost Object/Page_Mattermost/button_Sign in' is clicked on

2021-05-29 15:35:37 - [MESSAGE][PASSED] - Object: 'Object Repository/1712612_Mattermost Object/Page_Mattermost/button_Sign in' is clicked on

2021-05-29 15:35:37 - [TEST_STEP][PASSED] - verifyElementVisible(findTestObject("Object Repository/1712612_Mattermost Object/Page_Town Square - another Mattermost/img__Avatar Avatar-lg"), STOP_ON_FAILURE): Object 'Object Repository/1712612_Mattermost Object/Page_Town Square - another Mattermost/img__Avatar Avatar-lg' is visible

2021-05-29 15:35:41 - [MESSAGE][PASSED] - Object 'Object Repository/1712612_Mattermost Object/Page_Town Square - another Mattermost/img__Avatar Avatar-lg' is visible

2021-05-29 15:35:41 - [MESSAGE][PASSED] - Call Test Case 'Test Cases/1712612/CommonTC/TC_Login' successfully

2021-05-29 15:35:41 - [TEST_STEP][PASSED] - navigateToUrl("https://mattermostwebapp.herokuapp.com/test-1712612/channels/town-square"): Navigate to 'https://mattermostwebapp.herokuapp.com/test-1712612/channels/town-square' successfully

2021-05-29 15:35:42 - [MESSAGE][PASSED] - Navigate to 'https://mattermostwebapp.herokuapp.com/test-1712612/channels/town-square' successfully

2021-05-29 15:35:42 - [TEST_STEP][PASSED] - for ([rowNum = 1, rowNum <= findTestData("Data Files/1712612/Data TC 17 CreatePublicChannels").getRowNumbers(), (rowNum++)]): Refresh successfully

2021-05-29 15:35:42 - [TEST_STEP][PASSED] - click(findTestObject("Object Repository/1712612_Mattermost Object/Page_Town Square - Test 1712612 Mattermost/btn_create a public channel")): Object: 'Object Repository/1712612_Mattermost Object/Page_Town Square - Test 1712612 Mattermost/btn_create a public channel' is clicked on

2021-05-29 15:35:45 - [MESSAGE][PASSED] - Object: 'Object Repository/1712612_Mattermost Object/Page_Town Square - Test 1712612 Mattermost/btn_create a public channel' is clicked on

2021-05-29 15:35:45 - [TEST_STEP][PASSED] - verifyElementChecked(findTestObject("Object Repository/1712612_Mattermost Object/Page_Town Square - Test 1712612 Mattermost/input_Type Public"), 0, STOP_ON_FAILURE): Object 'Object Repository/1712612_Mattermost Object/Page_Town Square - Test 1712612 Mattermost/input_Type Public' is checked

2021-05-29 15:35:45 - [MESSAGE][WARNING] - Timeout '0' is invalid. Using default page load timeout: '30'

2021-05-29 15:35:46 - [MESSAGE][PASSED] - Object 'Object Repository/1712612_Mattermost Object/Page_Town Square - Test 1712612 Mattermost/input_Type Public' is checked

2021-05-29 15:35:46 - [TEST_STEP][PASSED] - newChannelName = findTestData("Data Files/1712612/Data TC 17 CreatePublicChannels").getValue(1, rowNum): null

2021-05-29 15:35:46 - [TEST_STEP][PASSED] - setText(findTestObject("Object Repository/1712612_Mattermost Object/Page_Town Square - Test 1712612 Mattermost/input_Name_newChannelName"), newChannelName): Text 'a' is set on object 'Object Repository/1712612_Mattermost Object/Page_Town Square - Test 1712612 Mattermost/input_Name_newChannelName'

2021-05-29 15:35:47 - [MESSAGE][PASSED] - Text 'a' is set on object 'Object Repository/1712612_Mattermost Object/Page_Town Square - Test 1712612 Mattermost/input_Name_newChannelName'

2021-05-29 15:35:47 - [TEST_STEP][PASSED] - click(findTestObject("Object Repository/1712612_Mattermost Object/Page_Town Square - Test 1712612 Mattermost/button_Create Channel")): Object: 'Object Repository/1712612_Mattermost Object/Page_Town Square - Test 1712612 Mattermost/button_Create Channel' is clicked on

2021-05-29 15:35:47 - [MESSAGE][PASSED] - Object: 'Object Repository/1712612_Mattermost Object/Page_Town Square - Test 1712612 Mattermost/button_Create Channel' is clicked on

2021-05-29 15:35:47 - [TEST_STEP][PASSED] - switch (newChannelName.length()): null

2021-05-29 15:35:47 - [TEST_STEP][PASSED] - case 1:: null

2021-05-29 15:35:47 - [TEST_STEP][PASSED] - verifyTextPresent("Display name must have at least 2 characters.", false, STOP_ON_FAILURE): Text 'Display name must have at least 2 characters.' is present on page 

2021-05-29 15:35:48 - [MESSAGE][PASSED] - Text 'Display name must have at least 2 characters.' is present on page 

2021-05-29 15:35:48 - [TEST_STEP][PASSED] - break: null

2021-05-29 15:35:48 - [TEST_STEP][PASSED] - refresh(): Refresh successfully

2021-05-29 15:35:48 - [MESSAGE][PASSED] - Refresh successfully

2021-05-29 15:35:48 - [TEST_STEP][PASSED] - click(findTestObject("Object Repository/1712612_Mattermost Object/Page_Town Square - Test 1712612 Mattermost/btn_create a public channel")): Object: 'Object Repository/1712612_Mattermost Object/Page_Town Square - Test 1712612 Mattermost/btn_create a public channel' is clicked on

2021-05-29 15:35:51 - [MESSAGE][PASSED] - Object: 'Object Repository/1712612_Mattermost Object/Page_Town Square - Test 1712612 Mattermost/btn_create a public channel' is clicked on

2021-05-29 15:35:51 - [TEST_STEP][PASSED] - verifyElementChecked(findTestObject("Object Repository/1712612_Mattermost Object/Page_Town Square - Test 1712612 Mattermost/input_Type Public"), 0, STOP_ON_FAILURE): Object 'Object Repository/1712612_Mattermost Object/Page_Town Square - Test 1712612 Mattermost/input_Type Public' is checked

2021-05-29 15:35:51 - [MESSAGE][WARNING] - Timeout '0' is invalid. Using default page load timeout: '30'

2021-05-29 15:35:51 - [MESSAGE][PASSED] - Object 'Object Repository/1712612_Mattermost Object/Page_Town Square - Test 1712612 Mattermost/input_Type Public' is checked

2021-05-29 15:35:51 - [TEST_STEP][PASSED] - newChannelName = findTestData("Data Files/1712612/Data TC 17 CreatePublicChannels").getValue(1, rowNum): null

2021-05-29 15:35:51 - [TEST_STEP][PASSED] - setText(findTestObject("Object Repository/1712612_Mattermost Object/Page_Town Square - Test 1712612 Mattermost/input_Name_newChannelName"), newChannelName): Text 'h' is set on object 'Object Repository/1712612_Mattermost Object/Page_Town Square - Test 1712612 Mattermost/input_Name_newChannelName'

2021-05-29 15:35:52 - [MESSAGE][PASSED] - Text 'h' is set on object 'Object Repository/1712612_Mattermost Object/Page_Town Square - Test 1712612 Mattermost/input_Name_newChannelName'

2021-05-29 15:35:52 - [TEST_STEP][PASSED] - click(findTestObject("Object Repository/1712612_Mattermost Object/Page_Town Square - Test 1712612 Mattermost/button_Create Channel")): Object: 'Object Repository/1712612_Mattermost Object/Page_Town Square - Test 1712612 Mattermost/button_Create Channel' is clicked on

2021-05-29 15:35:52 - [MESSAGE][PASSED] - Object: 'Object Repository/1712612_Mattermost Object/Page_Town Square - Test 1712612 Mattermost/button_Create Channel' is clicked on

2021-05-29 15:35:52 - [TEST_STEP][PASSED] - switch (newChannelName.length()): null

2021-05-29 15:35:52 - [TEST_STEP][PASSED] - case 1:: null

2021-05-29 15:35:52 - [TEST_STEP][PASSED] - verifyTextPresent("Display name must have at least 2 characters.", false, STOP_ON_FAILURE): Text 'Display name must have at least 2 characters.' is present on page 

2021-05-29 15:35:53 - [MESSAGE][PASSED] - Text 'Display name must have at least 2 characters.' is present on page 

2021-05-29 15:35:53 - [TEST_STEP][PASSED] - break: null

2021-05-29 15:35:53 - [TEST_STEP][PASSED] - refresh(): Refresh successfully

2021-05-29 15:35:53 - [MESSAGE][PASSED] - Refresh successfully

2021-05-29 15:35:53 - [TEST_STEP][PASSED] - click(findTestObject("Object Repository/1712612_Mattermost Object/Page_Town Square - Test 1712612 Mattermost/btn_create a public channel")): Object: 'Object Repository/1712612_Mattermost Object/Page_Town Square - Test 1712612 Mattermost/btn_create a public channel' is clicked on

2021-05-29 15:35:56 - [MESSAGE][PASSED] - Object: 'Object Repository/1712612_Mattermost Object/Page_Town Square - Test 1712612 Mattermost/btn_create a public channel' is clicked on

2021-05-29 15:35:56 - [TEST_STEP][PASSED] - verifyElementChecked(findTestObject("Object Repository/1712612_Mattermost Object/Page_Town Square - Test 1712612 Mattermost/input_Type Public"), 0, STOP_ON_FAILURE): Object 'Object Repository/1712612_Mattermost Object/Page_Town Square - Test 1712612 Mattermost/input_Type Public' is checked

2021-05-29 15:35:56 - [MESSAGE][WARNING] - Timeout '0' is invalid. Using default page load timeout: '30'

2021-05-29 15:35:57 - [MESSAGE][PASSED] - Object 'Object Repository/1712612_Mattermost Object/Page_Town Square - Test 1712612 Mattermost/input_Type Public' is checked

2021-05-29 15:35:57 - [TEST_STEP][PASSED] - newChannelName = findTestData("Data Files/1712612/Data TC 17 CreatePublicChannels").getValue(1, rowNum): null

2021-05-29 15:35:57 - [TEST_STEP][PASSED] - setText(findTestObject("Object Repository/1712612_Mattermost Object/Page_Town Square - Test 1712612 Mattermost/input_Name_newChannelName"), newChannelName): Text 'new channel' is set on object 'Object Repository/1712612_Mattermost Object/Page_Town Square - Test 1712612 Mattermost/input_Name_newChannelName'

2021-05-29 15:35:57 - [MESSAGE][PASSED] - Text 'new channel' is set on object 'Object Repository/1712612_Mattermost Object/Page_Town Square - Test 1712612 Mattermost/input_Name_newChannelName'

2021-05-29 15:35:57 - [TEST_STEP][PASSED] - click(findTestObject("Object Repository/1712612_Mattermost Object/Page_Town Square - Test 1712612 Mattermost/button_Create Channel")): Object: 'Object Repository/1712612_Mattermost Object/Page_Town Square - Test 1712612 Mattermost/button_Create Channel' is clicked on

2021-05-29 15:35:58 - [MESSAGE][PASSED] - Object: 'Object Repository/1712612_Mattermost Object/Page_Town Square - Test 1712612 Mattermost/button_Create Channel' is clicked on

2021-05-29 15:35:58 - [TEST_STEP][PASSED] - switch (newChannelName.length()): Object 'Object Repository/1712612_Mattermost Object/Page_Town Square - Test 1712612 Mattermost/button_Create Channel_1' is present

2021-05-29 15:35:58 - [TEST_STEP][PASSED] - Default: Object 'Object Repository/1712612_Mattermost Object/Page_Town Square - Test 1712612 Mattermost/button_Create Channel_1' is present

2021-05-29 15:35:58 - [TEST_STEP][PASSED] - if (verifyElementPresent(findTestObject("Object Repository/1712612_Mattermost Object/Page_Town Square - Test 1712612 Mattermost/button_Create Channel_1"), 0, OPTIONAL)): Object 'Object Repository/1712612_Mattermost Object/Page_Town Square - Test 1712612 Mattermost/button_Create Channel_1' is present

2021-05-29 15:35:58 - [MESSAGE][WARNING] - Timeout '0' is invalid. Using default page load timeout: '30'

2021-05-29 15:35:59 - [MESSAGE][PASSED] - Object 'Object Repository/1712612_Mattermost Object/Page_Town Square - Test 1712612 Mattermost/button_Create Channel_1' is present

2021-05-29 15:35:59 - [TEST_STEP][PASSED] - refresh(): Refresh successfully

2021-05-29 15:35:59 - [MESSAGE][PASSED] - Refresh successfully

2021-05-29 15:35:59 - [TEST_STEP][PASSED] - click(findTestObject("Object Repository/1712612_Mattermost Object/Page_Town Square - Test 1712612 Mattermost/btn_create a public channel")): Object: 'Object Repository/1712612_Mattermost Object/Page_Town Square - Test 1712612 Mattermost/btn_create a public channel' is clicked on

2021-05-29 15:36:02 - [MESSAGE][PASSED] - Object: 'Object Repository/1712612_Mattermost Object/Page_Town Square - Test 1712612 Mattermost/btn_create a public channel' is clicked on

2021-05-29 15:36:02 - [TEST_STEP][PASSED] - verifyElementChecked(findTestObject("Object Repository/1712612_Mattermost Object/Page_Town Square - Test 1712612 Mattermost/input_Type Public"), 0, STOP_ON_FAILURE): Object 'Object Repository/1712612_Mattermost Object/Page_Town Square - Test 1712612 Mattermost/input_Type Public' is checked

2021-05-29 15:36:02 - [MESSAGE][WARNING] - Timeout '0' is invalid. Using default page load timeout: '30'

2021-05-29 15:36:02 - [MESSAGE][PASSED] - Object 'Object Repository/1712612_Mattermost Object/Page_Town Square - Test 1712612 Mattermost/input_Type Public' is checked

2021-05-29 15:36:02 - [TEST_STEP][PASSED] - newChannelName = findTestData("Data Files/1712612/Data TC 17 CreatePublicChannels").getValue(1, rowNum): null

2021-05-29 15:36:02 - [TEST_STEP][PASSED] - setText(findTestObject("Object Repository/1712612_Mattermost Object/Page_Town Square - Test 1712612 Mattermost/input_Name_newChannelName"), newChannelName): Text 'test 1' is set on object 'Object Repository/1712612_Mattermost Object/Page_Town Square - Test 1712612 Mattermost/input_Name_newChannelName'

2021-05-29 15:36:03 - [MESSAGE][PASSED] - Text 'test 1' is set on object 'Object Repository/1712612_Mattermost Object/Page_Town Square - Test 1712612 Mattermost/input_Name_newChannelName'

2021-05-29 15:36:03 - [TEST_STEP][PASSED] - click(findTestObject("Object Repository/1712612_Mattermost Object/Page_Town Square - Test 1712612 Mattermost/button_Create Channel")): Object: 'Object Repository/1712612_Mattermost Object/Page_Town Square - Test 1712612 Mattermost/button_Create Channel' is clicked on

2021-05-29 15:36:03 - [MESSAGE][PASSED] - Object: 'Object Repository/1712612_Mattermost Object/Page_Town Square - Test 1712612 Mattermost/button_Create Channel' is clicked on

2021-05-29 15:36:03 - [TEST_STEP][PASSED] - switch (newChannelName.length()): Object 'Object Repository/1712612_Mattermost Object/Page_Town Square - Test 1712612 Mattermost/button_Create Channel_1' is present

2021-05-29 15:36:03 - [TEST_STEP][PASSED] - Default: Object 'Object Repository/1712612_Mattermost Object/Page_Town Square - Test 1712612 Mattermost/button_Create Channel_1' is present

2021-05-29 15:36:03 - [TEST_STEP][PASSED] - if (verifyElementPresent(findTestObject("Object Repository/1712612_Mattermost Object/Page_Town Square - Test 1712612 Mattermost/button_Create Channel_1"), 0, OPTIONAL)): Object 'Object Repository/1712612_Mattermost Object/Page_Town Square - Test 1712612 Mattermost/button_Create Channel_1' is present

2021-05-29 15:36:03 - [MESSAGE][WARNING] - Timeout '0' is invalid. Using default page load timeout: '30'

2021-05-29 15:36:04 - [MESSAGE][PASSED] - Object 'Object Repository/1712612_Mattermost Object/Page_Town Square - Test 1712612 Mattermost/button_Create Channel_1' is present

2021-05-29 15:36:04 - [TEST_STEP][PASSED] - refresh(): Refresh successfully

2021-05-29 15:36:04 - [MESSAGE][PASSED] - Refresh successfully

2021-05-29 15:36:04 - [TEST_STEP][PASSED] - click(findTestObject("Object Repository/1712612_Mattermost Object/Page_Town Square - Test 1712612 Mattermost/btn_create a public channel")): Object: 'Object Repository/1712612_Mattermost Object/Page_Town Square - Test 1712612 Mattermost/btn_create a public channel' is clicked on

2021-05-29 15:36:07 - [MESSAGE][PASSED] - Object: 'Object Repository/1712612_Mattermost Object/Page_Town Square - Test 1712612 Mattermost/btn_create a public channel' is clicked on

2021-05-29 15:36:07 - [TEST_STEP][PASSED] - verifyElementChecked(findTestObject("Object Repository/1712612_Mattermost Object/Page_Town Square - Test 1712612 Mattermost/input_Type Public"), 0, STOP_ON_FAILURE): Object 'Object Repository/1712612_Mattermost Object/Page_Town Square - Test 1712612 Mattermost/input_Type Public' is checked

2021-05-29 15:36:07 - [MESSAGE][WARNING] - Timeout '0' is invalid. Using default page load timeout: '30'

2021-05-29 15:36:07 - [MESSAGE][PASSED] - Object 'Object Repository/1712612_Mattermost Object/Page_Town Square - Test 1712612 Mattermost/input_Type Public' is checked

2021-05-29 15:36:07 - [TEST_STEP][PASSED] - newChannelName = findTestData("Data Files/1712612/Data TC 17 CreatePublicChannels").getValue(1, rowNum): null

2021-05-29 15:36:07 - [TEST_STEP][PASSED] - setText(findTestObject("Object Repository/1712612_Mattermost Object/Page_Town Square - Test 1712612 Mattermost/input_Name_newChannelName"), newChannelName): Text 'test public channel' is set on object 'Object Repository/1712612_Mattermost Object/Page_Town Square - Test 1712612 Mattermost/input_Name_newChannelName'

2021-05-29 15:36:08 - [MESSAGE][PASSED] - Text 'test public channel' is set on object 'Object Repository/1712612_Mattermost Object/Page_Town Square - Test 1712612 Mattermost/input_Name_newChannelName'

2021-05-29 15:36:08 - [TEST_STEP][PASSED] - click(findTestObject("Object Repository/1712612_Mattermost Object/Page_Town Square - Test 1712612 Mattermost/button_Create Channel")): Object: 'Object Repository/1712612_Mattermost Object/Page_Town Square - Test 1712612 Mattermost/button_Create Channel' is clicked on

2021-05-29 15:36:09 - [MESSAGE][PASSED] - Object: 'Object Repository/1712612_Mattermost Object/Page_Town Square - Test 1712612 Mattermost/button_Create Channel' is clicked on

2021-05-29 15:36:09 - [TEST_STEP][PASSED] - switch (newChannelName.length()): Object 'Object Repository/1712612_Mattermost Object/Page_Town Square - Test 1712612 Mattermost/button_Create Channel_1' is present

2021-05-29 15:36:09 - [TEST_STEP][PASSED] - Default: Object 'Object Repository/1712612_Mattermost Object/Page_Town Square - Test 1712612 Mattermost/button_Create Channel_1' is present

2021-05-29 15:36:09 - [TEST_STEP][PASSED] - if (verifyElementPresent(findTestObject("Object Repository/1712612_Mattermost Object/Page_Town Square - Test 1712612 Mattermost/button_Create Channel_1"), 0, OPTIONAL)): Object 'Object Repository/1712612_Mattermost Object/Page_Town Square - Test 1712612 Mattermost/button_Create Channel_1' is present

2021-05-29 15:36:09 - [MESSAGE][WARNING] - Timeout '0' is invalid. Using default page load timeout: '30'

2021-05-29 15:36:09 - [MESSAGE][PASSED] - Object 'Object Repository/1712612_Mattermost Object/Page_Town Square - Test 1712612 Mattermost/button_Create Channel_1' is present

2021-05-29 15:36:09 - [TEST_STEP][PASSED] - refresh(): Refresh successfully

2021-05-29 15:36:09 - [MESSAGE][PASSED] - Refresh successfully

2021-05-29 15:36:09 - [TEST_STEP][PASSED] - closeBrowser(): Browser is closed

2021-05-29 15:36:10 - [MESSAGE][PASSED] - Browser is closed]]></system-out>
         <system-err><![CDATA[]]></system-err>
      </testcase>
      <testcase name="Test Cases/1712612/TC18_CreatePrivateChannels" time="47.038" classname="Test Cases/1712612/TC18_CreatePrivateChannels" status="PASSED">
         <system-out><![CDATA[2021-05-29 15:36:10 - [TEST_CASE][PASSED] - Test Cases/1712612/TC18_CreatePrivateChannels: Test Cases/1712612/TC18_CreatePrivateChannels

2021-05-29 15:36:10 - [TEST_STEP][PASSED] - callTestCase(findTestCase("1712612/CommonTC/TC_OpenPage"), [:], STOP_ON_FAILURE): Call Test Case 'Test Cases/1712612/CommonTC/TC_OpenPage' successfully

2021-05-29 15:36:10 - [TEST_CASE][PASSED] - Test Cases/1712612/CommonTC/TC_OpenPage: Test Cases/1712612/CommonTC/TC_OpenPage

2021-05-29 15:36:11 - [TEST_STEP][PASSED] - openBrowser(""): Browser is opened with url: ''

2021-05-29 15:36:11 - [MESSAGE][INFO] - Starting 'Chrome' driver

2021-05-29 15:36:11 - [MESSAGE][INFO] - Action delay is set to 0 milliseconds

2021-05-29 15:36:12 - [MESSAGE][PASSED] - Browser is opened with url: ''

2021-05-29 15:36:12 - [TEST_STEP][PASSED] - navigateToUrl("https://mattermostwebapp.herokuapp.com/login"): Navigate to 'https://mattermostwebapp.herokuapp.com/login' successfully

2021-05-29 15:36:15 - [MESSAGE][PASSED] - Navigate to 'https://mattermostwebapp.herokuapp.com/login' successfully

2021-05-29 15:36:15 - [MESSAGE][PASSED] - Call Test Case 'Test Cases/1712612/CommonTC/TC_OpenPage' successfully

2021-05-29 15:36:15 - [TEST_STEP][PASSED] - callTestCase(findTestCase("1712612/CommonTC/TC_Login"), [:], STOP_ON_FAILURE): Call Test Case 'Test Cases/1712612/CommonTC/TC_Login' successfully

2021-05-29 15:36:15 - [TEST_CASE][PASSED] - Test Cases/1712612/CommonTC/TC_Login: Test Cases/1712612/CommonTC/TC_Login

2021-05-29 15:36:15 - [TEST_STEP][PASSED] - verifyElementVisible(findTestObject("Object Repository/1712612_Mattermost Object/Page_Mattermost/input_login_username"), STOP_ON_FAILURE): Object 'Object Repository/1712612_Mattermost Object/Page_Mattermost/input_login_username' is visible

2021-05-29 15:36:19 - [MESSAGE][PASSED] - Object 'Object Repository/1712612_Mattermost Object/Page_Mattermost/input_login_username' is visible

2021-05-29 15:36:19 - [TEST_STEP][PASSED] - verifyElementVisible(findTestObject("Object Repository/1712612_Mattermost Object/Page_Mattermost/input_login_password"), STOP_ON_FAILURE): Object 'Object Repository/1712612_Mattermost Object/Page_Mattermost/input_login_password' is visible

2021-05-29 15:36:20 - [MESSAGE][PASSED] - Object 'Object Repository/1712612_Mattermost Object/Page_Mattermost/input_login_password' is visible

2021-05-29 15:36:20 - [TEST_STEP][PASSED] - setText(findTestObject("Object Repository/1712612_Mattermost Object/Page_Mattermost/input_login_username"), "nghi_tran"): Text 'nghi_tran' is set on object 'Object Repository/1712612_Mattermost Object/Page_Mattermost/input_login_username'

2021-05-29 15:36:20 - [MESSAGE][PASSED] - Text 'nghi_tran' is set on object 'Object Repository/1712612_Mattermost Object/Page_Mattermost/input_login_username'

2021-05-29 15:36:20 - [TEST_STEP][PASSED] - setEncryptedText(findTestObject("Object Repository/1712612_Mattermost Object/Page_Mattermost/input_login_password"), "KBlHou+hFmnFUOUwxwboiw=="): Text ****** has been set on object 'Object Repository/1712612_Mattermost Object/Page_Mattermost/input_login_password'

2021-05-29 15:36:21 - [MESSAGE][PASSED] - Text ****** has been set on object 'Object Repository/1712612_Mattermost Object/Page_Mattermost/input_login_password'

2021-05-29 15:36:21 - [TEST_STEP][PASSED] - click(findTestObject("Object Repository/1712612_Mattermost Object/Page_Mattermost/button_Sign in")): Object: 'Object Repository/1712612_Mattermost Object/Page_Mattermost/button_Sign in' is clicked on

2021-05-29 15:36:22 - [MESSAGE][PASSED] - Object: 'Object Repository/1712612_Mattermost Object/Page_Mattermost/button_Sign in' is clicked on

2021-05-29 15:36:22 - [TEST_STEP][PASSED] - verifyElementVisible(findTestObject("Object Repository/1712612_Mattermost Object/Page_Town Square - another Mattermost/img__Avatar Avatar-lg"), STOP_ON_FAILURE): Object 'Object Repository/1712612_Mattermost Object/Page_Town Square - another Mattermost/img__Avatar Avatar-lg' is visible

2021-05-29 15:36:25 - [MESSAGE][PASSED] - Object 'Object Repository/1712612_Mattermost Object/Page_Town Square - another Mattermost/img__Avatar Avatar-lg' is visible

2021-05-29 15:36:25 - [MESSAGE][PASSED] - Call Test Case 'Test Cases/1712612/CommonTC/TC_Login' successfully

2021-05-29 15:36:25 - [TEST_STEP][PASSED] - navigateToUrl("https://mattermostwebapp.herokuapp.com/test-1712612/channels/town-square"): Navigate to 'https://mattermostwebapp.herokuapp.com/test-1712612/channels/town-square' successfully

2021-05-29 15:36:26 - [MESSAGE][PASSED] - Navigate to 'https://mattermostwebapp.herokuapp.com/test-1712612/channels/town-square' successfully

2021-05-29 15:36:26 - [TEST_STEP][PASSED] - for ([rowNum = 1, rowNum <= findTestData("Data Files/1712612/Data TC 18 CreatePrivateChannels").getRowNumbers(), (rowNum++)]): Refresh successfully

2021-05-29 15:36:26 - [TEST_STEP][PASSED] - click(findTestObject("Object Repository/1712612_Mattermost Object/Page_Town Square - Test 1712612 Mattermost/span_Create a private channel")): Object: 'Object Repository/1712612_Mattermost Object/Page_Town Square - Test 1712612 Mattermost/span_Create a private channel' is clicked on

2021-05-29 15:36:29 - [MESSAGE][PASSED] - Object: 'Object Repository/1712612_Mattermost Object/Page_Town Square - Test 1712612 Mattermost/span_Create a private channel' is clicked on

2021-05-29 15:36:29 - [TEST_STEP][PASSED] - newChannelName = findTestData("Data Files/1712612/Data TC 18 CreatePrivateChannels").getValue(1, rowNum): null

2021-05-29 15:36:29 - [TEST_STEP][PASSED] - setText(findTestObject("Object Repository/1712612_Mattermost Object/Page_Town Square - Test 1712612 Mattermost/input_Name_newChannelName"), newChannelName): Text 'b' is set on object 'Object Repository/1712612_Mattermost Object/Page_Town Square - Test 1712612 Mattermost/input_Name_newChannelName'

2021-05-29 15:36:30 - [MESSAGE][PASSED] - Text 'b' is set on object 'Object Repository/1712612_Mattermost Object/Page_Town Square - Test 1712612 Mattermost/input_Name_newChannelName'

2021-05-29 15:36:30 - [TEST_STEP][PASSED] - click(findTestObject("Object Repository/1712612_Mattermost Object/Page_Town Square - Test 1712612 Mattermost/button_Create Channel")): Object: 'Object Repository/1712612_Mattermost Object/Page_Town Square - Test 1712612 Mattermost/button_Create Channel' is clicked on

2021-05-29 15:36:30 - [MESSAGE][PASSED] - Object: 'Object Repository/1712612_Mattermost Object/Page_Town Square - Test 1712612 Mattermost/button_Create Channel' is clicked on

2021-05-29 15:36:30 - [TEST_STEP][PASSED] - switch (newChannelName.length()): null

2021-05-29 15:36:30 - [TEST_STEP][PASSED] - case 1:: null

2021-05-29 15:36:30 - [TEST_STEP][PASSED] - verifyTextPresent("Display name must have at least 2 characters.", false, STOP_ON_FAILURE): Text 'Display name must have at least 2 characters.' is present on page 

2021-05-29 15:36:31 - [MESSAGE][PASSED] - Text 'Display name must have at least 2 characters.' is present on page 

2021-05-29 15:36:31 - [TEST_STEP][PASSED] - break: null

2021-05-29 15:36:31 - [TEST_STEP][PASSED] - refresh(): Refresh successfully

2021-05-29 15:36:31 - [MESSAGE][PASSED] - Refresh successfully

2021-05-29 15:36:31 - [TEST_STEP][PASSED] - click(findTestObject("Object Repository/1712612_Mattermost Object/Page_Town Square - Test 1712612 Mattermost/span_Create a private channel")): Object: 'Object Repository/1712612_Mattermost Object/Page_Town Square - Test 1712612 Mattermost/span_Create a private channel' is clicked on

2021-05-29 15:36:34 - [MESSAGE][PASSED] - Object: 'Object Repository/1712612_Mattermost Object/Page_Town Square - Test 1712612 Mattermost/span_Create a private channel' is clicked on

2021-05-29 15:36:34 - [TEST_STEP][PASSED] - newChannelName = findTestData("Data Files/1712612/Data TC 18 CreatePrivateChannels").getValue(1, rowNum): null

2021-05-29 15:36:34 - [TEST_STEP][PASSED] - setText(findTestObject("Object Repository/1712612_Mattermost Object/Page_Town Square - Test 1712612 Mattermost/input_Name_newChannelName"), newChannelName): Text 'c' is set on object 'Object Repository/1712612_Mattermost Object/Page_Town Square - Test 1712612 Mattermost/input_Name_newChannelName'

2021-05-29 15:36:35 - [MESSAGE][PASSED] - Text 'c' is set on object 'Object Repository/1712612_Mattermost Object/Page_Town Square - Test 1712612 Mattermost/input_Name_newChannelName'

2021-05-29 15:36:35 - [TEST_STEP][PASSED] - click(findTestObject("Object Repository/1712612_Mattermost Object/Page_Town Square - Test 1712612 Mattermost/button_Create Channel")): Object: 'Object Repository/1712612_Mattermost Object/Page_Town Square - Test 1712612 Mattermost/button_Create Channel' is clicked on

2021-05-29 15:36:35 - [MESSAGE][PASSED] - Object: 'Object Repository/1712612_Mattermost Object/Page_Town Square - Test 1712612 Mattermost/button_Create Channel' is clicked on

2021-05-29 15:36:35 - [TEST_STEP][PASSED] - switch (newChannelName.length()): null

2021-05-29 15:36:35 - [TEST_STEP][PASSED] - case 1:: null

2021-05-29 15:36:35 - [TEST_STEP][PASSED] - verifyTextPresent("Display name must have at least 2 characters.", false, STOP_ON_FAILURE): Text 'Display name must have at least 2 characters.' is present on page 

2021-05-29 15:36:36 - [MESSAGE][PASSED] - Text 'Display name must have at least 2 characters.' is present on page 

2021-05-29 15:36:36 - [TEST_STEP][PASSED] - break: null

2021-05-29 15:36:36 - [TEST_STEP][PASSED] - refresh(): Refresh successfully

2021-05-29 15:36:36 - [MESSAGE][PASSED] - Refresh successfully

2021-05-29 15:36:36 - [TEST_STEP][PASSED] - click(findTestObject("Object Repository/1712612_Mattermost Object/Page_Town Square - Test 1712612 Mattermost/span_Create a private channel")): Object: 'Object Repository/1712612_Mattermost Object/Page_Town Square - Test 1712612 Mattermost/span_Create a private channel' is clicked on

2021-05-29 15:36:39 - [MESSAGE][PASSED] - Object: 'Object Repository/1712612_Mattermost Object/Page_Town Square - Test 1712612 Mattermost/span_Create a private channel' is clicked on

2021-05-29 15:36:39 - [TEST_STEP][PASSED] - newChannelName = findTestData("Data Files/1712612/Data TC 18 CreatePrivateChannels").getValue(1, rowNum): null

2021-05-29 15:36:39 - [TEST_STEP][PASSED] - setText(findTestObject("Object Repository/1712612_Mattermost Object/Page_Town Square - Test 1712612 Mattermost/input_Name_newChannelName"), newChannelName): Text 'private' is set on object 'Object Repository/1712612_Mattermost Object/Page_Town Square - Test 1712612 Mattermost/input_Name_newChannelName'

2021-05-29 15:36:40 - [MESSAGE][PASSED] - Text 'private' is set on object 'Object Repository/1712612_Mattermost Object/Page_Town Square - Test 1712612 Mattermost/input_Name_newChannelName'

2021-05-29 15:36:40 - [TEST_STEP][PASSED] - click(findTestObject("Object Repository/1712612_Mattermost Object/Page_Town Square - Test 1712612 Mattermost/button_Create Channel")): Object: 'Object Repository/1712612_Mattermost Object/Page_Town Square - Test 1712612 Mattermost/button_Create Channel' is clicked on

2021-05-29 15:36:40 - [MESSAGE][PASSED] - Object: 'Object Repository/1712612_Mattermost Object/Page_Town Square - Test 1712612 Mattermost/button_Create Channel' is clicked on

2021-05-29 15:36:40 - [TEST_STEP][PASSED] - switch (newChannelName.length()): Object 'Object Repository/1712612_Mattermost Object/Page_Town Square - Test 1712612 Mattermost/button_Create Channel_1' is present

2021-05-29 15:36:40 - [TEST_STEP][PASSED] - Default: Object 'Object Repository/1712612_Mattermost Object/Page_Town Square - Test 1712612 Mattermost/button_Create Channel_1' is present

2021-05-29 15:36:40 - [TEST_STEP][PASSED] - if (verifyElementPresent(findTestObject("Object Repository/1712612_Mattermost Object/Page_Town Square - Test 1712612 Mattermost/button_Create Channel_1"), 0, OPTIONAL)): Object 'Object Repository/1712612_Mattermost Object/Page_Town Square - Test 1712612 Mattermost/button_Create Channel_1' is present

2021-05-29 15:36:40 - [MESSAGE][WARNING] - Timeout '0' is invalid. Using default page load timeout: '30'

2021-05-29 15:36:41 - [MESSAGE][PASSED] - Object 'Object Repository/1712612_Mattermost Object/Page_Town Square - Test 1712612 Mattermost/button_Create Channel_1' is present

2021-05-29 15:36:41 - [TEST_STEP][PASSED] - refresh(): Refresh successfully

2021-05-29 15:36:41 - [MESSAGE][PASSED] - Refresh successfully

2021-05-29 15:36:41 - [TEST_STEP][PASSED] - click(findTestObject("Object Repository/1712612_Mattermost Object/Page_Town Square - Test 1712612 Mattermost/span_Create a private channel")): Object: 'Object Repository/1712612_Mattermost Object/Page_Town Square - Test 1712612 Mattermost/span_Create a private channel' is clicked on

2021-05-29 15:36:44 - [MESSAGE][PASSED] - Object: 'Object Repository/1712612_Mattermost Object/Page_Town Square - Test 1712612 Mattermost/span_Create a private channel' is clicked on

2021-05-29 15:36:44 - [TEST_STEP][PASSED] - newChannelName = findTestData("Data Files/1712612/Data TC 18 CreatePrivateChannels").getValue(1, rowNum): null

2021-05-29 15:36:44 - [TEST_STEP][PASSED] - setText(findTestObject("Object Repository/1712612_Mattermost Object/Page_Town Square - Test 1712612 Mattermost/input_Name_newChannelName"), newChannelName): Text 'old' is set on object 'Object Repository/1712612_Mattermost Object/Page_Town Square - Test 1712612 Mattermost/input_Name_newChannelName'

2021-05-29 15:36:45 - [MESSAGE][PASSED] - Text 'old' is set on object 'Object Repository/1712612_Mattermost Object/Page_Town Square - Test 1712612 Mattermost/input_Name_newChannelName'

2021-05-29 15:36:45 - [TEST_STEP][PASSED] - click(findTestObject("Object Repository/1712612_Mattermost Object/Page_Town Square - Test 1712612 Mattermost/button_Create Channel")): Object: 'Object Repository/1712612_Mattermost Object/Page_Town Square - Test 1712612 Mattermost/button_Create Channel' is clicked on

2021-05-29 15:36:46 - [MESSAGE][PASSED] - Object: 'Object Repository/1712612_Mattermost Object/Page_Town Square - Test 1712612 Mattermost/button_Create Channel' is clicked on

2021-05-29 15:36:46 - [TEST_STEP][PASSED] - switch (newChannelName.length()): Object 'Object Repository/1712612_Mattermost Object/Page_Town Square - Test 1712612 Mattermost/button_Create Channel_1' is present

2021-05-29 15:36:46 - [TEST_STEP][PASSED] - Default: Object 'Object Repository/1712612_Mattermost Object/Page_Town Square - Test 1712612 Mattermost/button_Create Channel_1' is present

2021-05-29 15:36:46 - [TEST_STEP][PASSED] - if (verifyElementPresent(findTestObject("Object Repository/1712612_Mattermost Object/Page_Town Square - Test 1712612 Mattermost/button_Create Channel_1"), 0, OPTIONAL)): Object 'Object Repository/1712612_Mattermost Object/Page_Town Square - Test 1712612 Mattermost/button_Create Channel_1' is present

2021-05-29 15:36:46 - [MESSAGE][WARNING] - Timeout '0' is invalid. Using default page load timeout: '30'

2021-05-29 15:36:46 - [MESSAGE][PASSED] - Object 'Object Repository/1712612_Mattermost Object/Page_Town Square - Test 1712612 Mattermost/button_Create Channel_1' is present

2021-05-29 15:36:46 - [TEST_STEP][PASSED] - refresh(): Refresh successfully

2021-05-29 15:36:46 - [MESSAGE][PASSED] - Refresh successfully

2021-05-29 15:36:46 - [TEST_STEP][PASSED] - click(findTestObject("Object Repository/1712612_Mattermost Object/Page_Town Square - Test 1712612 Mattermost/span_Create a private channel")): Object: 'Object Repository/1712612_Mattermost Object/Page_Town Square - Test 1712612 Mattermost/span_Create a private channel' is clicked on

2021-05-29 15:36:49 - [MESSAGE][PASSED] - Object: 'Object Repository/1712612_Mattermost Object/Page_Town Square - Test 1712612 Mattermost/span_Create a private channel' is clicked on

2021-05-29 15:36:49 - [TEST_STEP][PASSED] - newChannelName = findTestData("Data Files/1712612/Data TC 18 CreatePrivateChannels").getValue(1, rowNum): null

2021-05-29 15:36:49 - [TEST_STEP][PASSED] - setText(findTestObject("Object Repository/1712612_Mattermost Object/Page_Town Square - Test 1712612 Mattermost/input_Name_newChannelName"), newChannelName): Text 'old' is set on object 'Object Repository/1712612_Mattermost Object/Page_Town Square - Test 1712612 Mattermost/input_Name_newChannelName'

2021-05-29 15:36:50 - [MESSAGE][PASSED] - Text 'old' is set on object 'Object Repository/1712612_Mattermost Object/Page_Town Square - Test 1712612 Mattermost/input_Name_newChannelName'

2021-05-29 15:36:50 - [TEST_STEP][PASSED] - click(findTestObject("Object Repository/1712612_Mattermost Object/Page_Town Square - Test 1712612 Mattermost/button_Create Channel")): Object: 'Object Repository/1712612_Mattermost Object/Page_Town Square - Test 1712612 Mattermost/button_Create Channel' is clicked on

2021-05-29 15:36:51 - [MESSAGE][PASSED] - Object: 'Object Repository/1712612_Mattermost Object/Page_Town Square - Test 1712612 Mattermost/button_Create Channel' is clicked on

2021-05-29 15:36:51 - [TEST_STEP][PASSED] - switch (newChannelName.length()): Object 'Object Repository/1712612_Mattermost Object/Page_Town Square - Test 1712612 Mattermost/button_Create Channel_1' is present

2021-05-29 15:36:51 - [TEST_STEP][PASSED] - Default: Object 'Object Repository/1712612_Mattermost Object/Page_Town Square - Test 1712612 Mattermost/button_Create Channel_1' is present

2021-05-29 15:36:51 - [TEST_STEP][PASSED] - if (verifyElementPresent(findTestObject("Object Repository/1712612_Mattermost Object/Page_Town Square - Test 1712612 Mattermost/button_Create Channel_1"), 0, OPTIONAL)): Object 'Object Repository/1712612_Mattermost Object/Page_Town Square - Test 1712612 Mattermost/button_Create Channel_1' is present

2021-05-29 15:36:51 - [MESSAGE][WARNING] - Timeout '0' is invalid. Using default page load timeout: '30'

2021-05-29 15:36:52 - [MESSAGE][PASSED] - Object 'Object Repository/1712612_Mattermost Object/Page_Town Square - Test 1712612 Mattermost/button_Create Channel_1' is present

2021-05-29 15:36:52 - [TEST_STEP][PASSED] - refresh(): Refresh successfully

2021-05-29 15:36:52 - [MESSAGE][PASSED] - Refresh successfully

2021-05-29 15:36:52 - [TEST_STEP][PASSED] - click(findTestObject("Object Repository/1712612_Mattermost Object/Page_Town Square - Test 1712612 Mattermost/span_Create a private channel")): Object: 'Object Repository/1712612_Mattermost Object/Page_Town Square - Test 1712612 Mattermost/span_Create a private channel' is clicked on

2021-05-29 15:36:55 - [MESSAGE][PASSED] - Object: 'Object Repository/1712612_Mattermost Object/Page_Town Square - Test 1712612 Mattermost/span_Create a private channel' is clicked on

2021-05-29 15:36:55 - [TEST_STEP][PASSED] - newChannelName = findTestData("Data Files/1712612/Data TC 18 CreatePrivateChannels").getValue(1, rowNum): null

2021-05-29 15:36:55 - [TEST_STEP][PASSED] - setText(findTestObject("Object Repository/1712612_Mattermost Object/Page_Town Square - Test 1712612 Mattermost/input_Name_newChannelName"), newChannelName): Text '' is set on object 'Object Repository/1712612_Mattermost Object/Page_Town Square - Test 1712612 Mattermost/input_Name_newChannelName'

2021-05-29 15:36:55 - [MESSAGE][PASSED] - Text '' is set on object 'Object Repository/1712612_Mattermost Object/Page_Town Square - Test 1712612 Mattermost/input_Name_newChannelName'

2021-05-29 15:36:55 - [TEST_STEP][PASSED] - click(findTestObject("Object Repository/1712612_Mattermost Object/Page_Town Square - Test 1712612 Mattermost/button_Create Channel")): Object: 'Object Repository/1712612_Mattermost Object/Page_Town Square - Test 1712612 Mattermost/button_Create Channel' is clicked on

2021-05-29 15:36:56 - [MESSAGE][PASSED] - Object: 'Object Repository/1712612_Mattermost Object/Page_Town Square - Test 1712612 Mattermost/button_Create Channel' is clicked on

2021-05-29 15:36:56 - [TEST_STEP][PASSED] - switch (newChannelName.length()): null

2021-05-29 15:36:56 - [TEST_STEP][PASSED] - case 1:: null

2021-05-29 15:36:56 - [TEST_STEP][PASSED] - verifyTextPresent("Display name must have at least 2 characters.", false, STOP_ON_FAILURE): Text 'Display name must have at least 2 characters.' is present on page 

2021-05-29 15:36:56 - [MESSAGE][PASSED] - Text 'Display name must have at least 2 characters.' is present on page 

2021-05-29 15:36:56 - [TEST_STEP][PASSED] - break: null

2021-05-29 15:36:56 - [TEST_STEP][PASSED] - refresh(): Refresh successfully

2021-05-29 15:36:56 - [MESSAGE][PASSED] - Refresh successfully

2021-05-29 15:36:56 - [TEST_STEP][PASSED] - closeBrowser(): Browser is closed

2021-05-29 15:36:57 - [MESSAGE][PASSED] - Browser is closed]]></system-out>
         <system-err><![CDATA[]]></system-err>
      </testcase>
      <testcase name="Test Cases/1712612/TC19_InvitePeopleToChannel" time="50.511" classname="Test Cases/1712612/TC19_InvitePeopleToChannel" status="FAILED">
         <failure type="FAILED" message="Test Cases/1712612/TC19_InvitePeopleToChannel FAILED.
Reason:
com.kms.katalon.core.exception.StepFailedException: Unable to click on object 'Object Repository/1712612_Mattermost Object/Page_Invite people to channel - Test 171261_c46106/div_- abc string (string)_more-modal__actio_2ea070'
	at com.kms.katalon.core.webui.keyword.internal.WebUIKeywordMain.stepFailed(WebUIKeywordMain.groovy:64)
	at com.kms.katalon.core.webui.keyword.internal.WebUIKeywordMain.runKeyword(WebUIKeywordMain.groovy:26)
	at com.kms.katalon.core.webui.keyword.builtin.ClickKeyword.click(ClickKeyword.groovy:75)
	at com.kms.katalon.core.webui.keyword.builtin.ClickKeyword.execute(ClickKeyword.groovy:42)
	at com.kms.katalon.core.keyword.internal.KeywordExecutor.executeKeywordForPlatform(KeywordExecutor.groovy:73)
	at com.kms.katalon.core.webui.keyword.WebUiBuiltInKeywords.click(WebUiBuiltInKeywords.groovy:619)
	at com.kms.katalon.core.webui.keyword.WebUiBuiltInKeywords$click$3.call(Unknown Source)
	at TC19_InvitePeopleToChannel.run(TC19_InvitePeopleToChannel:28)
	at com.kms.katalon.core.main.ScriptEngine.run(ScriptEngine.java:194)
	at com.kms.katalon.core.main.ScriptEngine.runScriptAsRawText(ScriptEngine.java:119)
	at com.kms.katalon.core.main.TestCaseExecutor.runScript(TestCaseExecutor.java:398)
	at com.kms.katalon.core.main.TestCaseExecutor.doExecute(TestCaseExecutor.java:389)
	at com.kms.katalon.core.main.TestCaseExecutor.processExecutionPhase(TestCaseExecutor.java:368)
	at com.kms.katalon.core.main.TestCaseExecutor.accessMainPhase(TestCaseExecutor.java:360)
	at com.kms.katalon.core.main.TestCaseExecutor.execute(TestCaseExecutor.java:255)
	at com.kms.katalon.core.main.TestSuiteExecutor.accessTestCaseMainPhase(TestSuiteExecutor.java:203)
	at com.kms.katalon.core.main.TestSuiteExecutor.accessTestSuiteMainPhase(TestSuiteExecutor.java:152)
	at com.kms.katalon.core.main.TestSuiteExecutor.execute(TestSuiteExecutor.java:95)
	at com.kms.katalon.core.main.TestCaseMain.startTestSuite(TestCaseMain.java:157)
	at com.kms.katalon.core.main.TestCaseMain$startTestSuite$0.call(Unknown Source)
	at TempTestSuite1622276398873.run(TempTestSuite1622276398873.groovy:39)
Caused by: com.kms.katalon.core.webui.exception.WebElementNotFoundException: Web element with id: 'Object Repository/1712612_Mattermost Object/Page_Invite people to channel - Test 171261_c46106/div_- abc string (string)_more-modal__actio_2ea070' located by '//div[@id='multiSelectList']/div/div[2]/div' not found
	at com.kms.katalon.core.webui.common.WebUiCommonHelper.findWebElement(WebUiCommonHelper.java:1368)
	at com.kms.katalon.core.webui.keyword.internal.WebUIAbstractKeyword.findWebElement(WebUIAbstractKeyword.groovy:27)
	at com.kms.katalon.core.webui.keyword.internal.WebUIAbstractKeyword.findWebElement(WebUIAbstractKeyword.groovy:26)
	at com.kms.katalon.core.webui.keyword.builtin.ClickKeyword$_click_closure1.doCall(ClickKeyword.groovy:66)
	at com.kms.katalon.core.webui.keyword.builtin.ClickKeyword$_click_closure1.call(ClickKeyword.groovy)
	at com.kms.katalon.core.webui.keyword.internal.WebUIKeywordMain.runKeyword(WebUIKeywordMain.groovy:20)
	... 19 more
"/>
         <system-out><![CDATA[2021-05-29 15:36:57 - [TEST_CASE][FAILED] - Test Cases/1712612/TC19_InvitePeopleToChannel: Test Cases/1712612/TC19_InvitePeopleToChannel FAILED.
Reason:
com.kms.katalon.core.exception.StepFailedException: Unable to click on object 'Object Repository/1712612_Mattermost Object/Page_Invite people to channel - Test 171261_c46106/div_- abc string (string)_more-modal__actio_2ea070'
	at com.kms.katalon.core.webui.keyword.internal.WebUIKeywordMain.stepFailed(WebUIKeywordMain.groovy:64)
	at com.kms.katalon.core.webui.keyword.internal.WebUIKeywordMain.runKeyword(WebUIKeywordMain.groovy:26)
	at com.kms.katalon.core.webui.keyword.builtin.ClickKeyword.click(ClickKeyword.groovy:75)
	at com.kms.katalon.core.webui.keyword.builtin.ClickKeyword.execute(ClickKeyword.groovy:42)
	at com.kms.katalon.core.keyword.internal.KeywordExecutor.executeKeywordForPlatform(KeywordExecutor.groovy:73)
	at com.kms.katalon.core.webui.keyword.WebUiBuiltInKeywords.click(WebUiBuiltInKeywords.groovy:619)
	at com.kms.katalon.core.webui.keyword.WebUiBuiltInKeywords$click$3.call(Unknown Source)
	at TC19_InvitePeopleToChannel.run(TC19_InvitePeopleToChannel:28)
	at com.kms.katalon.core.main.ScriptEngine.run(ScriptEngine.java:194)
	at com.kms.katalon.core.main.ScriptEngine.runScriptAsRawText(ScriptEngine.java:119)
	at com.kms.katalon.core.main.TestCaseExecutor.runScript(TestCaseExecutor.java:398)
	at com.kms.katalon.core.main.TestCaseExecutor.doExecute(TestCaseExecutor.java:389)
	at com.kms.katalon.core.main.TestCaseExecutor.processExecutionPhase(TestCaseExecutor.java:368)
	at com.kms.katalon.core.main.TestCaseExecutor.accessMainPhase(TestCaseExecutor.java:360)
	at com.kms.katalon.core.main.TestCaseExecutor.execute(TestCaseExecutor.java:255)
	at com.kms.katalon.core.main.TestSuiteExecutor.accessTestCaseMainPhase(TestSuiteExecutor.java:203)
	at com.kms.katalon.core.main.TestSuiteExecutor.accessTestSuiteMainPhase(TestSuiteExecutor.java:152)
	at com.kms.katalon.core.main.TestSuiteExecutor.execute(TestSuiteExecutor.java:95)
	at com.kms.katalon.core.main.TestCaseMain.startTestSuite(TestCaseMain.java:157)
	at com.kms.katalon.core.main.TestCaseMain$startTestSuite$0.call(Unknown Source)
	at TempTestSuite1622276398873.run(TempTestSuite1622276398873.groovy:39)
Caused by: com.kms.katalon.core.webui.exception.WebElementNotFoundException: Web element with id: 'Object Repository/1712612_Mattermost Object/Page_Invite people to channel - Test 171261_c46106/div_- abc string (string)_more-modal__actio_2ea070' located by '//div[@id='multiSelectList']/div/div[2]/div' not found
	at com.kms.katalon.core.webui.common.WebUiCommonHelper.findWebElement(WebUiCommonHelper.java:1368)
	at com.kms.katalon.core.webui.keyword.internal.WebUIAbstractKeyword.findWebElement(WebUIAbstractKeyword.groovy:27)
	at com.kms.katalon.core.webui.keyword.internal.WebUIAbstractKeyword.findWebElement(WebUIAbstractKeyword.groovy:26)
	at com.kms.katalon.core.webui.keyword.builtin.ClickKeyword$_click_closure1.doCall(ClickKeyword.groovy:66)
	at com.kms.katalon.core.webui.keyword.builtin.ClickKeyword$_click_closure1.call(ClickKeyword.groovy)
	at com.kms.katalon.core.webui.keyword.internal.WebUIKeywordMain.runKeyword(WebUIKeywordMain.groovy:20)
	... 19 more


2021-05-29 15:36:57 - [TEST_STEP][PASSED] - callTestCase(findTestCase("1712612/CommonTC/TC_OpenPage"), [:], STOP_ON_FAILURE): Call Test Case 'Test Cases/1712612/CommonTC/TC_OpenPage' successfully

2021-05-29 15:36:58 - [TEST_CASE][PASSED] - Test Cases/1712612/CommonTC/TC_OpenPage: Test Cases/1712612/CommonTC/TC_OpenPage

2021-05-29 15:36:58 - [TEST_STEP][PASSED] - openBrowser(""): Browser is opened with url: ''

2021-05-29 15:36:58 - [MESSAGE][INFO] - Starting 'Chrome' driver

2021-05-29 15:36:58 - [MESSAGE][INFO] - Action delay is set to 0 milliseconds

2021-05-29 15:36:59 - [MESSAGE][PASSED] - Browser is opened with url: ''

2021-05-29 15:36:59 - [TEST_STEP][PASSED] - navigateToUrl("https://mattermostwebapp.herokuapp.com/login"): Navigate to 'https://mattermostwebapp.herokuapp.com/login' successfully

2021-05-29 15:37:02 - [MESSAGE][PASSED] - Navigate to 'https://mattermostwebapp.herokuapp.com/login' successfully

2021-05-29 15:37:02 - [MESSAGE][PASSED] - Call Test Case 'Test Cases/1712612/CommonTC/TC_OpenPage' successfully

2021-05-29 15:37:02 - [TEST_STEP][PASSED] - callTestCase(findTestCase("1712612/CommonTC/TC_Login"), [:], STOP_ON_FAILURE): Call Test Case 'Test Cases/1712612/CommonTC/TC_Login' successfully

2021-05-29 15:37:02 - [TEST_CASE][PASSED] - Test Cases/1712612/CommonTC/TC_Login: Test Cases/1712612/CommonTC/TC_Login

2021-05-29 15:37:02 - [TEST_STEP][PASSED] - verifyElementVisible(findTestObject("Object Repository/1712612_Mattermost Object/Page_Mattermost/input_login_username"), STOP_ON_FAILURE): Object 'Object Repository/1712612_Mattermost Object/Page_Mattermost/input_login_username' is visible

2021-05-29 15:37:06 - [MESSAGE][PASSED] - Object 'Object Repository/1712612_Mattermost Object/Page_Mattermost/input_login_username' is visible

2021-05-29 15:37:06 - [TEST_STEP][PASSED] - verifyElementVisible(findTestObject("Object Repository/1712612_Mattermost Object/Page_Mattermost/input_login_password"), STOP_ON_FAILURE): Object 'Object Repository/1712612_Mattermost Object/Page_Mattermost/input_login_password' is visible

2021-05-29 15:37:07 - [MESSAGE][PASSED] - Object 'Object Repository/1712612_Mattermost Object/Page_Mattermost/input_login_password' is visible

2021-05-29 15:37:07 - [TEST_STEP][PASSED] - setText(findTestObject("Object Repository/1712612_Mattermost Object/Page_Mattermost/input_login_username"), "nghi_tran"): Text 'nghi_tran' is set on object 'Object Repository/1712612_Mattermost Object/Page_Mattermost/input_login_username'

2021-05-29 15:37:08 - [MESSAGE][PASSED] - Text 'nghi_tran' is set on object 'Object Repository/1712612_Mattermost Object/Page_Mattermost/input_login_username'

2021-05-29 15:37:08 - [TEST_STEP][PASSED] - setEncryptedText(findTestObject("Object Repository/1712612_Mattermost Object/Page_Mattermost/input_login_password"), "KBlHou+hFmnFUOUwxwboiw=="): Text ****** has been set on object 'Object Repository/1712612_Mattermost Object/Page_Mattermost/input_login_password'

2021-05-29 15:37:08 - [MESSAGE][PASSED] - Text ****** has been set on object 'Object Repository/1712612_Mattermost Object/Page_Mattermost/input_login_password'

2021-05-29 15:37:08 - [TEST_STEP][PASSED] - click(findTestObject("Object Repository/1712612_Mattermost Object/Page_Mattermost/button_Sign in")): Object: 'Object Repository/1712612_Mattermost Object/Page_Mattermost/button_Sign in' is clicked on

2021-05-29 15:37:09 - [MESSAGE][PASSED] - Object: 'Object Repository/1712612_Mattermost Object/Page_Mattermost/button_Sign in' is clicked on

2021-05-29 15:37:09 - [TEST_STEP][PASSED] - verifyElementVisible(findTestObject("Object Repository/1712612_Mattermost Object/Page_Town Square - another Mattermost/img__Avatar Avatar-lg"), STOP_ON_FAILURE): Object 'Object Repository/1712612_Mattermost Object/Page_Town Square - another Mattermost/img__Avatar Avatar-lg' is visible

2021-05-29 15:37:12 - [MESSAGE][PASSED] - Object 'Object Repository/1712612_Mattermost Object/Page_Town Square - another Mattermost/img__Avatar Avatar-lg' is visible

2021-05-29 15:37:12 - [MESSAGE][PASSED] - Call Test Case 'Test Cases/1712612/CommonTC/TC_Login' successfully

2021-05-29 15:37:12 - [TEST_STEP][PASSED] - navigateToUrl("https://mattermostwebapp.herokuapp.com/test-1712612/channels/invite-people-to-channel"): Navigate to 'https://mattermostwebapp.herokuapp.com/test-1712612/channels/invite-people-to-channel' successfully

2021-05-29 15:37:13 - [MESSAGE][PASSED] - Navigate to 'https://mattermostwebapp.herokuapp.com/test-1712612/channels/invite-people-to-channel' successfully

2021-05-29 15:37:13 - [TEST_STEP][PASSED] - click(findTestObject("Object Repository/1712612_Mattermost Object/Page_Invite people to channel - Test 171261_c46106/button_Invite others to this channel")): Object: 'Object Repository/1712612_Mattermost Object/Page_Invite people to channel - Test 171261_c46106/button_Invite others to this channel' is clicked on

2021-05-29 15:37:16 - [MESSAGE][PASSED] - Object: 'Object Repository/1712612_Mattermost Object/Page_Invite people to channel - Test 171261_c46106/button_Invite others to this channel' is clicked on

2021-05-29 15:37:16 - [TEST_STEP][FAILED] - click(findTestObject("Object Repository/1712612_Mattermost Object/Page_Invite people to channel - Test 171261_c46106/div_- abc string (string)_more-modal__actio_2ea070")): Unable to click on object 'Object Repository/1712612_Mattermost Object/Page_Invite people to channel - Test 171261_c46106/div_- abc string (string)_more-modal__actio_2ea070' (Root cause: com.kms.katalon.core.exception.StepFailedException: Unable to click on object 'Object Repository/1712612_Mattermost Object/Page_Invite people to channel - Test 171261_c46106/div_- abc string (string)_more-modal__actio_2ea070'
	at com.kms.katalon.core.webui.keyword.internal.WebUIKeywordMain.stepFailed(WebUIKeywordMain.groovy:64)
	at com.kms.katalon.core.webui.keyword.internal.WebUIKeywordMain.runKeyword(WebUIKeywordMain.groovy:26)
	at com.kms.katalon.core.webui.keyword.builtin.ClickKeyword.click(ClickKeyword.groovy:75)
	at com.kms.katalon.core.webui.keyword.builtin.ClickKeyword.execute(ClickKeyword.groovy:42)
	at com.kms.katalon.core.keyword.internal.KeywordExecutor.executeKeywordForPlatform(KeywordExecutor.groovy:73)
	at com.kms.katalon.core.webui.keyword.WebUiBuiltInKeywords.click(WebUiBuiltInKeywords.groovy:619)
	at com.kms.katalon.core.webui.keyword.WebUiBuiltInKeywords$click$3.call(Unknown Source)
	at TC19_InvitePeopleToChannel.run(TC19_InvitePeopleToChannel:28)
	at com.kms.katalon.core.main.ScriptEngine.run(ScriptEngine.java:194)
	at com.kms.katalon.core.main.ScriptEngine.runScriptAsRawText(ScriptEngine.java:119)
	at com.kms.katalon.core.main.TestCaseExecutor.runScript(TestCaseExecutor.java:398)
	at com.kms.katalon.core.main.TestCaseExecutor.doExecute(TestCaseExecutor.java:389)
	at com.kms.katalon.core.main.TestCaseExecutor.processExecutionPhase(TestCaseExecutor.java:368)
	at com.kms.katalon.core.main.TestCaseExecutor.accessMainPhase(TestCaseExecutor.java:360)
	at com.kms.katalon.core.main.TestCaseExecutor.execute(TestCaseExecutor.java:255)
	at com.kms.katalon.core.main.TestSuiteExecutor.accessTestCaseMainPhase(TestSuiteExecutor.java:203)
	at com.kms.katalon.core.main.TestSuiteExecutor.accessTestSuiteMainPhase(TestSuiteExecutor.java:152)
	at com.kms.katalon.core.main.TestSuiteExecutor.execute(TestSuiteExecutor.java:95)
	at com.kms.katalon.core.main.TestCaseMain.startTestSuite(TestCaseMain.java:157)
	at com.kms.katalon.core.main.TestCaseMain$startTestSuite$0.call(Unknown Source)
	at TempTestSuite1622276398873.run(TempTestSuite1622276398873.groovy:39)
Caused by: com.kms.katalon.core.webui.exception.WebElementNotFoundException: Web element with id: 'Object Repository/1712612_Mattermost Object/Page_Invite people to channel - Test 171261_c46106/div_- abc string (string)_more-modal__actio_2ea070' located by '//div[@id='multiSelectList']/div/div[2]/div' not found
	at com.kms.katalon.core.webui.common.WebUiCommonHelper.findWebElement(WebUiCommonHelper.java:1368)
	at com.kms.katalon.core.webui.keyword.internal.WebUIAbstractKeyword.findWebElement(WebUIAbstractKeyword.groovy:27)
	at com.kms.katalon.core.webui.keyword.internal.WebUIAbstractKeyword.findWebElement(WebUIAbstractKeyword.groovy:26)
	at com.kms.katalon.core.webui.keyword.builtin.ClickKeyword$_click_closure1.doCall(ClickKeyword.groovy:66)
	at com.kms.katalon.core.webui.keyword.builtin.ClickKeyword$_click_closure1.call(ClickKeyword.groovy)
	at com.kms.katalon.core.webui.keyword.internal.WebUIKeywordMain.runKeyword(WebUIKeywordMain.groovy:20)
	at com.kms.katalon.core.webui.keyword.builtin.ClickKeyword.click(ClickKeyword.groovy:75)
	at com.kms.katalon.core.webui.keyword.builtin.ClickKeyword.execute(ClickKeyword.groovy:42)
	at com.kms.katalon.core.keyword.internal.KeywordExecutor.executeKeywordForPlatform(KeywordExecutor.groovy:73)
	at com.kms.katalon.core.webui.keyword.WebUiBuiltInKeywords.click(WebUiBuiltInKeywords.groovy:619)
	at com.kms.katalon.core.webui.keyword.WebUiBuiltInKeywords$click$3.call(Unknown Source)
	at Script1621599979569.run(Script1621599979569.groovy:28)
	... 13 more
)

2021-05-29 15:37:48 - [MESSAGE][INFO] - Unable to find the element located by 'By.xpath: //div[@id='multiSelectList']/div/div[2]/div'. Please recheck the objects properties to make sure the desired element is located. 

2021-05-29 15:37:48 - [MESSAGE][FAILED] - Unable to click on object 'Object Repository/1712612_Mattermost Object/Page_Invite people to channel - Test 171261_c46106/div_- abc string (string)_more-modal__actio_2ea070' (Root cause: com.kms.katalon.core.exception.StepFailedException: Unable to click on object 'Object Repository/1712612_Mattermost Object/Page_Invite people to channel - Test 171261_c46106/div_- abc string (string)_more-modal__actio_2ea070'
	at com.kms.katalon.core.webui.keyword.internal.WebUIKeywordMain.stepFailed(WebUIKeywordMain.groovy:64)
	at com.kms.katalon.core.webui.keyword.internal.WebUIKeywordMain.runKeyword(WebUIKeywordMain.groovy:26)
	at com.kms.katalon.core.webui.keyword.builtin.ClickKeyword.click(ClickKeyword.groovy:75)
	at com.kms.katalon.core.webui.keyword.builtin.ClickKeyword.execute(ClickKeyword.groovy:42)
	at com.kms.katalon.core.keyword.internal.KeywordExecutor.executeKeywordForPlatform(KeywordExecutor.groovy:73)
	at com.kms.katalon.core.webui.keyword.WebUiBuiltInKeywords.click(WebUiBuiltInKeywords.groovy:619)
	at com.kms.katalon.core.webui.keyword.WebUiBuiltInKeywords$click$3.call(Unknown Source)
	at TC19_InvitePeopleToChannel.run(TC19_InvitePeopleToChannel:28)
	at com.kms.katalon.core.main.ScriptEngine.run(ScriptEngine.java:194)
	at com.kms.katalon.core.main.ScriptEngine.runScriptAsRawText(ScriptEngine.java:119)
	at com.kms.katalon.core.main.TestCaseExecutor.runScript(TestCaseExecutor.java:398)
	at com.kms.katalon.core.main.TestCaseExecutor.doExecute(TestCaseExecutor.java:389)
	at com.kms.katalon.core.main.TestCaseExecutor.processExecutionPhase(TestCaseExecutor.java:368)
	at com.kms.katalon.core.main.TestCaseExecutor.accessMainPhase(TestCaseExecutor.java:360)
	at com.kms.katalon.core.main.TestCaseExecutor.execute(TestCaseExecutor.java:255)
	at com.kms.katalon.core.main.TestSuiteExecutor.accessTestCaseMainPhase(TestSuiteExecutor.java:203)
	at com.kms.katalon.core.main.TestSuiteExecutor.accessTestSuiteMainPhase(TestSuiteExecutor.java:152)
	at com.kms.katalon.core.main.TestSuiteExecutor.execute(TestSuiteExecutor.java:95)
	at com.kms.katalon.core.main.TestCaseMain.startTestSuite(TestCaseMain.java:157)
	at com.kms.katalon.core.main.TestCaseMain$startTestSuite$0.call(Unknown Source)
	at TempTestSuite1622276398873.run(TempTestSuite1622276398873.groovy:39)
Caused by: com.kms.katalon.core.webui.exception.WebElementNotFoundException: Web element with id: 'Object Repository/1712612_Mattermost Object/Page_Invite people to channel - Test 171261_c46106/div_- abc string (string)_more-modal__actio_2ea070' located by '//div[@id='multiSelectList']/div/div[2]/div' not found
	at com.kms.katalon.core.webui.common.WebUiCommonHelper.findWebElement(WebUiCommonHelper.java:1368)
	at com.kms.katalon.core.webui.keyword.internal.WebUIAbstractKeyword.findWebElement(WebUIAbstractKeyword.groovy:27)
	at com.kms.katalon.core.webui.keyword.internal.WebUIAbstractKeyword.findWebElement(WebUIAbstractKeyword.groovy:26)
	at com.kms.katalon.core.webui.keyword.builtin.ClickKeyword$_click_closure1.doCall(ClickKeyword.groovy:66)
	at com.kms.katalon.core.webui.keyword.builtin.ClickKeyword$_click_closure1.call(ClickKeyword.groovy)
	at com.kms.katalon.core.webui.keyword.internal.WebUIKeywordMain.runKeyword(WebUIKeywordMain.groovy:20)
	at com.kms.katalon.core.webui.keyword.builtin.ClickKeyword.click(ClickKeyword.groovy:75)
	at com.kms.katalon.core.webui.keyword.builtin.ClickKeyword.execute(ClickKeyword.groovy:42)
	at com.kms.katalon.core.keyword.internal.KeywordExecutor.executeKeywordForPlatform(KeywordExecutor.groovy:73)
	at com.kms.katalon.core.webui.keyword.WebUiBuiltInKeywords.click(WebUiBuiltInKeywords.groovy:619)
	at com.kms.katalon.core.webui.keyword.WebUiBuiltInKeywords$click$3.call(Unknown Source)
	at Script1621599979569.run(Script1621599979569.groovy:28)
	... 13 more
)
[[ATTACHMENT|C:\\Users\\Bao Chau\\Katalon Studio\\Mattermost_AutoTesting\\Reports\\20210529_151958\\1612049\\Run all test cases\\20210529_151958\\1622277468021.png]]]]></system-out>
         <system-err><![CDATA[2021-05-29 15:36:57 - [TEST_CASE][FAILED] - Test Cases/1712612/TC19_InvitePeopleToChannel: Test Cases/1712612/TC19_InvitePeopleToChannel FAILED.
Reason:
com.kms.katalon.core.exception.StepFailedException: Unable to click on object 'Object Repository/1712612_Mattermost Object/Page_Invite people to channel - Test 171261_c46106/div_- abc string (string)_more-modal__actio_2ea070'
	at com.kms.katalon.core.webui.keyword.internal.WebUIKeywordMain.stepFailed(WebUIKeywordMain.groovy:64)
	at com.kms.katalon.core.webui.keyword.internal.WebUIKeywordMain.runKeyword(WebUIKeywordMain.groovy:26)
	at com.kms.katalon.core.webui.keyword.builtin.ClickKeyword.click(ClickKeyword.groovy:75)
	at com.kms.katalon.core.webui.keyword.builtin.ClickKeyword.execute(ClickKeyword.groovy:42)
	at com.kms.katalon.core.keyword.internal.KeywordExecutor.executeKeywordForPlatform(KeywordExecutor.groovy:73)
	at com.kms.katalon.core.webui.keyword.WebUiBuiltInKeywords.click(WebUiBuiltInKeywords.groovy:619)
	at com.kms.katalon.core.webui.keyword.WebUiBuiltInKeywords$click$3.call(Unknown Source)
	at TC19_InvitePeopleToChannel.run(TC19_InvitePeopleToChannel:28)
	at com.kms.katalon.core.main.ScriptEngine.run(ScriptEngine.java:194)
	at com.kms.katalon.core.main.ScriptEngine.runScriptAsRawText(ScriptEngine.java:119)
	at com.kms.katalon.core.main.TestCaseExecutor.runScript(TestCaseExecutor.java:398)
	at com.kms.katalon.core.main.TestCaseExecutor.doExecute(TestCaseExecutor.java:389)
	at com.kms.katalon.core.main.TestCaseExecutor.processExecutionPhase(TestCaseExecutor.java:368)
	at com.kms.katalon.core.main.TestCaseExecutor.accessMainPhase(TestCaseExecutor.java:360)
	at com.kms.katalon.core.main.TestCaseExecutor.execute(TestCaseExecutor.java:255)
	at com.kms.katalon.core.main.TestSuiteExecutor.accessTestCaseMainPhase(TestSuiteExecutor.java:203)
	at com.kms.katalon.core.main.TestSuiteExecutor.accessTestSuiteMainPhase(TestSuiteExecutor.java:152)
	at com.kms.katalon.core.main.TestSuiteExecutor.execute(TestSuiteExecutor.java:95)
	at com.kms.katalon.core.main.TestCaseMain.startTestSuite(TestCaseMain.java:157)
	at com.kms.katalon.core.main.TestCaseMain$startTestSuite$0.call(Unknown Source)
	at TempTestSuite1622276398873.run(TempTestSuite1622276398873.groovy:39)
Caused by: com.kms.katalon.core.webui.exception.WebElementNotFoundException: Web element with id: 'Object Repository/1712612_Mattermost Object/Page_Invite people to channel - Test 171261_c46106/div_- abc string (string)_more-modal__actio_2ea070' located by '//div[@id='multiSelectList']/div/div[2]/div' not found
	at com.kms.katalon.core.webui.common.WebUiCommonHelper.findWebElement(WebUiCommonHelper.java:1368)
	at com.kms.katalon.core.webui.keyword.internal.WebUIAbstractKeyword.findWebElement(WebUIAbstractKeyword.groovy:27)
	at com.kms.katalon.core.webui.keyword.internal.WebUIAbstractKeyword.findWebElement(WebUIAbstractKeyword.groovy:26)
	at com.kms.katalon.core.webui.keyword.builtin.ClickKeyword$_click_closure1.doCall(ClickKeyword.groovy:66)
	at com.kms.katalon.core.webui.keyword.builtin.ClickKeyword$_click_closure1.call(ClickKeyword.groovy)
	at com.kms.katalon.core.webui.keyword.internal.WebUIKeywordMain.runKeyword(WebUIKeywordMain.groovy:20)
	... 19 more]]></system-err>
      </testcase>
      <testcase name="Test Cases/1712612/TC22_UpdateChannelHeader" time="20.833" classname="Test Cases/1712612/TC22_UpdateChannelHeader" status="ERROR">
         <error type="ERROR" message="Test Cases/1712612/TC22_UpdateChannelHeader FAILED.
Reason:
java.lang.NullPointerException
	at com.kms.katalon.core.webui.keyword.builtin.VerifyElementTextKeyword.verifyElementText(VerifyElementTextKeyword.groovy:72)
	at com.kms.katalon.core.webui.keyword.builtin.VerifyElementTextKeyword.execute(VerifyElementTextKeyword.groovy:40)
	at com.kms.katalon.core.keyword.internal.KeywordExecutor.executeKeywordForPlatform(KeywordExecutor.groovy:73)
	at com.kms.katalon.core.webui.keyword.WebUiBuiltInKeywords.verifyElementText(WebUiBuiltInKeywords.groovy:4690)
	at com.kms.katalon.core.webui.keyword.WebUiBuiltInKeywords$verifyElementText$18.call(Unknown Source)
	at TC22_UpdateChannelHeader.run(TC22_UpdateChannelHeader:33)
	at com.kms.katalon.core.main.ScriptEngine.run(ScriptEngine.java:194)
	at com.kms.katalon.core.main.ScriptEngine.runScriptAsRawText(ScriptEngine.java:119)
	at com.kms.katalon.core.main.TestCaseExecutor.runScript(TestCaseExecutor.java:398)
	at com.kms.katalon.core.main.TestCaseExecutor.doExecute(TestCaseExecutor.java:389)
	at com.kms.katalon.core.main.TestCaseExecutor.processExecutionPhase(TestCaseExecutor.java:368)
	at com.kms.katalon.core.main.TestCaseExecutor.accessMainPhase(TestCaseExecutor.java:360)
	at com.kms.katalon.core.main.TestCaseExecutor.execute(TestCaseExecutor.java:255)
	at com.kms.katalon.core.main.TestSuiteExecutor.accessTestCaseMainPhase(TestSuiteExecutor.java:203)
	at com.kms.katalon.core.main.TestSuiteExecutor.accessTestSuiteMainPhase(TestSuiteExecutor.java:152)
	at com.kms.katalon.core.main.TestSuiteExecutor.execute(TestSuiteExecutor.java:95)
	at com.kms.katalon.core.main.TestCaseMain.startTestSuite(TestCaseMain.java:157)
	at com.kms.katalon.core.main.TestCaseMain$startTestSuite$0.call(Unknown Source)
	at TempTestSuite1622276398873.run(TempTestSuite1622276398873.groovy:39)
"/>
         <system-out><![CDATA[2021-05-29 15:37:48 - [TEST_CASE][ERROR] - Test Cases/1712612/TC22_UpdateChannelHeader: Test Cases/1712612/TC22_UpdateChannelHeader FAILED.
Reason:
java.lang.NullPointerException
	at com.kms.katalon.core.webui.keyword.builtin.VerifyElementTextKeyword.verifyElementText(VerifyElementTextKeyword.groovy:72)
	at com.kms.katalon.core.webui.keyword.builtin.VerifyElementTextKeyword.execute(VerifyElementTextKeyword.groovy:40)
	at com.kms.katalon.core.keyword.internal.KeywordExecutor.executeKeywordForPlatform(KeywordExecutor.groovy:73)
	at com.kms.katalon.core.webui.keyword.WebUiBuiltInKeywords.verifyElementText(WebUiBuiltInKeywords.groovy:4690)
	at com.kms.katalon.core.webui.keyword.WebUiBuiltInKeywords$verifyElementText$18.call(Unknown Source)
	at TC22_UpdateChannelHeader.run(TC22_UpdateChannelHeader:33)
	at com.kms.katalon.core.main.ScriptEngine.run(ScriptEngine.java:194)
	at com.kms.katalon.core.main.ScriptEngine.runScriptAsRawText(ScriptEngine.java:119)
	at com.kms.katalon.core.main.TestCaseExecutor.runScript(TestCaseExecutor.java:398)
	at com.kms.katalon.core.main.TestCaseExecutor.doExecute(TestCaseExecutor.java:389)
	at com.kms.katalon.core.main.TestCaseExecutor.processExecutionPhase(TestCaseExecutor.java:368)
	at com.kms.katalon.core.main.TestCaseExecutor.accessMainPhase(TestCaseExecutor.java:360)
	at com.kms.katalon.core.main.TestCaseExecutor.execute(TestCaseExecutor.java:255)
	at com.kms.katalon.core.main.TestSuiteExecutor.accessTestCaseMainPhase(TestSuiteExecutor.java:203)
	at com.kms.katalon.core.main.TestSuiteExecutor.accessTestSuiteMainPhase(TestSuiteExecutor.java:152)
	at com.kms.katalon.core.main.TestSuiteExecutor.execute(TestSuiteExecutor.java:95)
	at com.kms.katalon.core.main.TestCaseMain.startTestSuite(TestCaseMain.java:157)
	at com.kms.katalon.core.main.TestCaseMain$startTestSuite$0.call(Unknown Source)
	at TempTestSuite1622276398873.run(TempTestSuite1622276398873.groovy:39)


2021-05-29 15:37:48 - [TEST_STEP][PASSED] - callTestCase(findTestCase("1712612/CommonTC/TC_OpenPage"), [:], STOP_ON_FAILURE): Call Test Case 'Test Cases/1712612/CommonTC/TC_OpenPage' successfully

2021-05-29 15:37:48 - [TEST_CASE][PASSED] - Test Cases/1712612/CommonTC/TC_OpenPage: Test Cases/1712612/CommonTC/TC_OpenPage

2021-05-29 15:37:48 - [TEST_STEP][PASSED] - openBrowser(""): Browser is opened with url: ''

2021-05-29 15:37:48 - [MESSAGE][WARNING] - A browser is already opened. Closing browser and opening a new one

2021-05-29 15:37:49 - [MESSAGE][INFO] - Starting 'Chrome' driver

2021-05-29 15:37:49 - [MESSAGE][INFO] - Action delay is set to 0 milliseconds

2021-05-29 15:37:50 - [MESSAGE][PASSED] - Browser is opened with url: ''

2021-05-29 15:37:50 - [TEST_STEP][PASSED] - navigateToUrl("https://mattermostwebapp.herokuapp.com/login"): Navigate to 'https://mattermostwebapp.herokuapp.com/login' successfully

2021-05-29 15:37:53 - [MESSAGE][PASSED] - Navigate to 'https://mattermostwebapp.herokuapp.com/login' successfully

2021-05-29 15:37:53 - [MESSAGE][PASSED] - Call Test Case 'Test Cases/1712612/CommonTC/TC_OpenPage' successfully

2021-05-29 15:37:53 - [TEST_STEP][PASSED] - callTestCase(findTestCase("1712612/CommonTC/TC_Login"), [:], STOP_ON_FAILURE): Call Test Case 'Test Cases/1712612/CommonTC/TC_Login' successfully

2021-05-29 15:37:53 - [TEST_CASE][PASSED] - Test Cases/1712612/CommonTC/TC_Login: Test Cases/1712612/CommonTC/TC_Login

2021-05-29 15:37:53 - [TEST_STEP][PASSED] - verifyElementVisible(findTestObject("Object Repository/1712612_Mattermost Object/Page_Mattermost/input_login_username"), STOP_ON_FAILURE): Object 'Object Repository/1712612_Mattermost Object/Page_Mattermost/input_login_username' is visible

2021-05-29 15:37:58 - [MESSAGE][PASSED] - Object 'Object Repository/1712612_Mattermost Object/Page_Mattermost/input_login_username' is visible

2021-05-29 15:37:58 - [TEST_STEP][PASSED] - verifyElementVisible(findTestObject("Object Repository/1712612_Mattermost Object/Page_Mattermost/input_login_password"), STOP_ON_FAILURE): Object 'Object Repository/1712612_Mattermost Object/Page_Mattermost/input_login_password' is visible

2021-05-29 15:37:58 - [MESSAGE][PASSED] - Object 'Object Repository/1712612_Mattermost Object/Page_Mattermost/input_login_password' is visible

2021-05-29 15:37:58 - [TEST_STEP][PASSED] - setText(findTestObject("Object Repository/1712612_Mattermost Object/Page_Mattermost/input_login_username"), "nghi_tran"): Text 'nghi_tran' is set on object 'Object Repository/1712612_Mattermost Object/Page_Mattermost/input_login_username'

2021-05-29 15:37:59 - [MESSAGE][PASSED] - Text 'nghi_tran' is set on object 'Object Repository/1712612_Mattermost Object/Page_Mattermost/input_login_username'

2021-05-29 15:37:59 - [TEST_STEP][PASSED] - setEncryptedText(findTestObject("Object Repository/1712612_Mattermost Object/Page_Mattermost/input_login_password"), "KBlHou+hFmnFUOUwxwboiw=="): Text ****** has been set on object 'Object Repository/1712612_Mattermost Object/Page_Mattermost/input_login_password'

2021-05-29 15:38:00 - [MESSAGE][PASSED] - Text ****** has been set on object 'Object Repository/1712612_Mattermost Object/Page_Mattermost/input_login_password'

2021-05-29 15:38:00 - [TEST_STEP][PASSED] - click(findTestObject("Object Repository/1712612_Mattermost Object/Page_Mattermost/button_Sign in")): Object: 'Object Repository/1712612_Mattermost Object/Page_Mattermost/button_Sign in' is clicked on

2021-05-29 15:38:00 - [MESSAGE][PASSED] - Object: 'Object Repository/1712612_Mattermost Object/Page_Mattermost/button_Sign in' is clicked on

2021-05-29 15:38:00 - [TEST_STEP][PASSED] - verifyElementVisible(findTestObject("Object Repository/1712612_Mattermost Object/Page_Town Square - another Mattermost/img__Avatar Avatar-lg"), STOP_ON_FAILURE): Object 'Object Repository/1712612_Mattermost Object/Page_Town Square - another Mattermost/img__Avatar Avatar-lg' is visible

2021-05-29 15:38:04 - [MESSAGE][PASSED] - Object 'Object Repository/1712612_Mattermost Object/Page_Town Square - another Mattermost/img__Avatar Avatar-lg' is visible

2021-05-29 15:38:04 - [MESSAGE][PASSED] - Call Test Case 'Test Cases/1712612/CommonTC/TC_Login' successfully

2021-05-29 15:38:04 - [TEST_STEP][PASSED] - navigateToUrl("https://mattermostwebapp.herokuapp.com/test-1712612/channels/new-channel"): Navigate to 'https://mattermostwebapp.herokuapp.com/test-1712612/channels/new-channel' successfully

2021-05-29 15:38:04 - [MESSAGE][PASSED] - Navigate to 'https://mattermostwebapp.herokuapp.com/test-1712612/channels/new-channel' successfully

2021-05-29 15:38:04 - [TEST_STEP][PASSED] - click(findTestObject("Object Repository/1712612_Mattermost Object/Page_new channel - Test 1712612 Mattermost/button_Set a Header")): Object: 'Object Repository/1712612_Mattermost Object/Page_new channel - Test 1712612 Mattermost/button_Set a Header' is clicked on

2021-05-29 15:38:07 - [MESSAGE][PASSED] - Object: 'Object Repository/1712612_Mattermost Object/Page_new channel - Test 1712612 Mattermost/button_Set a Header' is clicked on

2021-05-29 15:38:07 - [TEST_STEP][PASSED] - setText(findTestObject("Object Repository/1712612_Mattermost Object/Page_new channel - Test 1712612 Mattermost/textarea_Hello World"), "Hello World, how are you?"): Text 'Hello World, how are you?' is set on object 'Object Repository/1712612_Mattermost Object/Page_new channel - Test 1712612 Mattermost/textarea_Hello World'

2021-05-29 15:38:08 - [MESSAGE][PASSED] - Text 'Hello World, how are you?' is set on object 'Object Repository/1712612_Mattermost Object/Page_new channel - Test 1712612 Mattermost/textarea_Hello World'

2021-05-29 15:38:08 - [TEST_STEP][PASSED] - click(findTestObject("Object Repository/1712612_Mattermost Object/Page_new channel - Test 1712612 Mattermost/button_Save")): Object: 'Object Repository/1712612_Mattermost Object/Page_new channel - Test 1712612 Mattermost/button_Save' is clicked on

2021-05-29 15:38:08 - [MESSAGE][PASSED] - Object: 'Object Repository/1712612_Mattermost Object/Page_new channel - Test 1712612 Mattermost/button_Save' is clicked on

2021-05-29 15:38:08 - [TEST_STEP][PASSED] - verifyElementText(findTestObject("Page_new channel - Test 1712612 Mattermost/p_Hello World, how are you"), "Hello World, how are you?"): Test object with id 'Object Repository/' does not exist

2021-05-29 15:38:08 - [MESSAGE][WARNING] - Test object with id 'Object Repository/Page_new channel - Test 1712612 Mattermost/p_Hello World, how are you' does not exist

2021-05-29 15:38:08 - [MESSAGE][WARNING] - Test object with id 'Object Repository/' does not exist]]></system-out>
         <system-err><![CDATA[2021-05-29 15:37:48 - [TEST_CASE][ERROR] - Test Cases/1712612/TC22_UpdateChannelHeader: Test Cases/1712612/TC22_UpdateChannelHeader FAILED.
Reason:
java.lang.NullPointerException
	at com.kms.katalon.core.webui.keyword.builtin.VerifyElementTextKeyword.verifyElementText(VerifyElementTextKeyword.groovy:72)
	at com.kms.katalon.core.webui.keyword.builtin.VerifyElementTextKeyword.execute(VerifyElementTextKeyword.groovy:40)
	at com.kms.katalon.core.keyword.internal.KeywordExecutor.executeKeywordForPlatform(KeywordExecutor.groovy:73)
	at com.kms.katalon.core.webui.keyword.WebUiBuiltInKeywords.verifyElementText(WebUiBuiltInKeywords.groovy:4690)
	at com.kms.katalon.core.webui.keyword.WebUiBuiltInKeywords$verifyElementText$18.call(Unknown Source)
	at TC22_UpdateChannelHeader.run(TC22_UpdateChannelHeader:33)
	at com.kms.katalon.core.main.ScriptEngine.run(ScriptEngine.java:194)
	at com.kms.katalon.core.main.ScriptEngine.runScriptAsRawText(ScriptEngine.java:119)
	at com.kms.katalon.core.main.TestCaseExecutor.runScript(TestCaseExecutor.java:398)
	at com.kms.katalon.core.main.TestCaseExecutor.doExecute(TestCaseExecutor.java:389)
	at com.kms.katalon.core.main.TestCaseExecutor.processExecutionPhase(TestCaseExecutor.java:368)
	at com.kms.katalon.core.main.TestCaseExecutor.accessMainPhase(TestCaseExecutor.java:360)
	at com.kms.katalon.core.main.TestCaseExecutor.execute(TestCaseExecutor.java:255)
	at com.kms.katalon.core.main.TestSuiteExecutor.accessTestCaseMainPhase(TestSuiteExecutor.java:203)
	at com.kms.katalon.core.main.TestSuiteExecutor.accessTestSuiteMainPhase(TestSuiteExecutor.java:152)
	at com.kms.katalon.core.main.TestSuiteExecutor.execute(TestSuiteExecutor.java:95)
	at com.kms.katalon.core.main.TestCaseMain.startTestSuite(TestCaseMain.java:157)
	at com.kms.katalon.core.main.TestCaseMain$startTestSuite$0.call(Unknown Source)
	at TempTestSuite1622276398873.run(TempTestSuite1622276398873.groovy:39)]]></system-err>
      </testcase>
      <testcase name="Test Cases/1712612/TC23_LeavePublicChannel" time="19.796" classname="Test Cases/1712612/TC23_LeavePublicChannel" status="FAILED">
         <failure type="FAILED" message="Test Cases/1712612/TC23_LeavePublicChannel FAILED.
Reason:
com.kms.katalon.core.exception.StepFailedException: Unable to set text
	at com.kms.katalon.core.webui.keyword.internal.WebUIKeywordMain.stepFailed(WebUIKeywordMain.groovy:64)
	at com.kms.katalon.core.webui.keyword.internal.WebUIKeywordMain.runKeyword(WebUIKeywordMain.groovy:26)
	at com.kms.katalon.core.webui.keyword.builtin.SetTextKeyword.setText(SetTextKeyword.groovy:66)
	at com.kms.katalon.core.webui.keyword.builtin.SetTextKeyword.execute(SetTextKeyword.groovy:37)
	at com.kms.katalon.core.keyword.internal.KeywordExecutor.executeKeywordForPlatform(KeywordExecutor.groovy:73)
	at com.kms.katalon.core.webui.keyword.WebUiBuiltInKeywords.setText(WebUiBuiltInKeywords.groovy:979)
	at com.kms.katalon.core.webui.keyword.WebUiBuiltInKeywords$setText$1.call(Unknown Source)
	at TC23_LeavePublicChannel.run(TC23_LeavePublicChannel:32)
	at com.kms.katalon.core.main.ScriptEngine.run(ScriptEngine.java:194)
	at com.kms.katalon.core.main.ScriptEngine.runScriptAsRawText(ScriptEngine.java:119)
	at com.kms.katalon.core.main.TestCaseExecutor.runScript(TestCaseExecutor.java:398)
	at com.kms.katalon.core.main.TestCaseExecutor.doExecute(TestCaseExecutor.java:389)
	at com.kms.katalon.core.main.TestCaseExecutor.processExecutionPhase(TestCaseExecutor.java:368)
	at com.kms.katalon.core.main.TestCaseExecutor.accessMainPhase(TestCaseExecutor.java:360)
	at com.kms.katalon.core.main.TestCaseExecutor.execute(TestCaseExecutor.java:255)
	at com.kms.katalon.core.main.TestSuiteExecutor.accessTestCaseMainPhase(TestSuiteExecutor.java:203)
	at com.kms.katalon.core.main.TestSuiteExecutor.accessTestSuiteMainPhase(TestSuiteExecutor.java:152)
	at com.kms.katalon.core.main.TestSuiteExecutor.execute(TestSuiteExecutor.java:95)
	at com.kms.katalon.core.main.TestCaseMain.startTestSuite(TestCaseMain.java:157)
	at com.kms.katalon.core.main.TestCaseMain$startTestSuite$0.call(Unknown Source)
	at TempTestSuite1622276398873.run(TempTestSuite1622276398873.groovy:39)
Caused by: java.lang.IllegalArgumentException: Object is null
	at com.kms.katalon.core.helper.KeywordHelper.checkTestObjectParameter(KeywordHelper.java:33)
	at com.kms.katalon.core.webui.keyword.builtin.SetTextKeyword$_setText_closure1.doCall(SetTextKeyword.groovy:45)
	at com.kms.katalon.core.webui.keyword.builtin.SetTextKeyword$_setText_closure1.call(SetTextKeyword.groovy)
	at com.kms.katalon.core.webui.keyword.internal.WebUIKeywordMain.runKeyword(WebUIKeywordMain.groovy:20)
	... 19 more
"/>
         <system-out><![CDATA[2021-05-29 15:38:09 - [TEST_CASE][FAILED] - Test Cases/1712612/TC23_LeavePublicChannel: Test Cases/1712612/TC23_LeavePublicChannel FAILED.
Reason:
com.kms.katalon.core.exception.StepFailedException: Unable to set text
	at com.kms.katalon.core.webui.keyword.internal.WebUIKeywordMain.stepFailed(WebUIKeywordMain.groovy:64)
	at com.kms.katalon.core.webui.keyword.internal.WebUIKeywordMain.runKeyword(WebUIKeywordMain.groovy:26)
	at com.kms.katalon.core.webui.keyword.builtin.SetTextKeyword.setText(SetTextKeyword.groovy:66)
	at com.kms.katalon.core.webui.keyword.builtin.SetTextKeyword.execute(SetTextKeyword.groovy:37)
	at com.kms.katalon.core.keyword.internal.KeywordExecutor.executeKeywordForPlatform(KeywordExecutor.groovy:73)
	at com.kms.katalon.core.webui.keyword.WebUiBuiltInKeywords.setText(WebUiBuiltInKeywords.groovy:979)
	at com.kms.katalon.core.webui.keyword.WebUiBuiltInKeywords$setText$1.call(Unknown Source)
	at TC23_LeavePublicChannel.run(TC23_LeavePublicChannel:32)
	at com.kms.katalon.core.main.ScriptEngine.run(ScriptEngine.java:194)
	at com.kms.katalon.core.main.ScriptEngine.runScriptAsRawText(ScriptEngine.java:119)
	at com.kms.katalon.core.main.TestCaseExecutor.runScript(TestCaseExecutor.java:398)
	at com.kms.katalon.core.main.TestCaseExecutor.doExecute(TestCaseExecutor.java:389)
	at com.kms.katalon.core.main.TestCaseExecutor.processExecutionPhase(TestCaseExecutor.java:368)
	at com.kms.katalon.core.main.TestCaseExecutor.accessMainPhase(TestCaseExecutor.java:360)
	at com.kms.katalon.core.main.TestCaseExecutor.execute(TestCaseExecutor.java:255)
	at com.kms.katalon.core.main.TestSuiteExecutor.accessTestCaseMainPhase(TestSuiteExecutor.java:203)
	at com.kms.katalon.core.main.TestSuiteExecutor.accessTestSuiteMainPhase(TestSuiteExecutor.java:152)
	at com.kms.katalon.core.main.TestSuiteExecutor.execute(TestSuiteExecutor.java:95)
	at com.kms.katalon.core.main.TestCaseMain.startTestSuite(TestCaseMain.java:157)
	at com.kms.katalon.core.main.TestCaseMain$startTestSuite$0.call(Unknown Source)
	at TempTestSuite1622276398873.run(TempTestSuite1622276398873.groovy:39)
Caused by: java.lang.IllegalArgumentException: Object is null
	at com.kms.katalon.core.helper.KeywordHelper.checkTestObjectParameter(KeywordHelper.java:33)
	at com.kms.katalon.core.webui.keyword.builtin.SetTextKeyword$_setText_closure1.doCall(SetTextKeyword.groovy:45)
	at com.kms.katalon.core.webui.keyword.builtin.SetTextKeyword$_setText_closure1.call(SetTextKeyword.groovy)
	at com.kms.katalon.core.webui.keyword.internal.WebUIKeywordMain.runKeyword(WebUIKeywordMain.groovy:20)
	... 19 more


2021-05-29 15:38:09 - [TEST_STEP][PASSED] - callTestCase(findTestCase("1712612/CommonTC/TC_OpenPage"), [:], STOP_ON_FAILURE): Call Test Case 'Test Cases/1712612/CommonTC/TC_OpenPage' successfully

2021-05-29 15:38:09 - [TEST_CASE][PASSED] - Test Cases/1712612/CommonTC/TC_OpenPage: Test Cases/1712612/CommonTC/TC_OpenPage

2021-05-29 15:38:09 - [TEST_STEP][PASSED] - openBrowser(""): Browser is opened with url: ''

2021-05-29 15:38:09 - [MESSAGE][WARNING] - A browser is already opened. Closing browser and opening a new one

2021-05-29 15:38:10 - [MESSAGE][INFO] - Starting 'Chrome' driver

2021-05-29 15:38:10 - [MESSAGE][INFO] - Action delay is set to 0 milliseconds

2021-05-29 15:38:11 - [MESSAGE][PASSED] - Browser is opened with url: ''

2021-05-29 15:38:11 - [TEST_STEP][PASSED] - navigateToUrl("https://mattermostwebapp.herokuapp.com/login"): Navigate to 'https://mattermostwebapp.herokuapp.com/login' successfully

2021-05-29 15:38:14 - [MESSAGE][PASSED] - Navigate to 'https://mattermostwebapp.herokuapp.com/login' successfully

2021-05-29 15:38:14 - [MESSAGE][PASSED] - Call Test Case 'Test Cases/1712612/CommonTC/TC_OpenPage' successfully

2021-05-29 15:38:14 - [TEST_STEP][PASSED] - callTestCase(findTestCase("1712612/CommonTC/TC_Login"), [:], STOP_ON_FAILURE): Call Test Case 'Test Cases/1712612/CommonTC/TC_Login' successfully

2021-05-29 15:38:14 - [TEST_CASE][PASSED] - Test Cases/1712612/CommonTC/TC_Login: Test Cases/1712612/CommonTC/TC_Login

2021-05-29 15:38:14 - [TEST_STEP][PASSED] - verifyElementVisible(findTestObject("Object Repository/1712612_Mattermost Object/Page_Mattermost/input_login_username"), STOP_ON_FAILURE): Object 'Object Repository/1712612_Mattermost Object/Page_Mattermost/input_login_username' is visible

2021-05-29 15:38:18 - [MESSAGE][PASSED] - Object 'Object Repository/1712612_Mattermost Object/Page_Mattermost/input_login_username' is visible

2021-05-29 15:38:18 - [TEST_STEP][PASSED] - verifyElementVisible(findTestObject("Object Repository/1712612_Mattermost Object/Page_Mattermost/input_login_password"), STOP_ON_FAILURE): Object 'Object Repository/1712612_Mattermost Object/Page_Mattermost/input_login_password' is visible

2021-05-29 15:38:19 - [MESSAGE][PASSED] - Object 'Object Repository/1712612_Mattermost Object/Page_Mattermost/input_login_password' is visible

2021-05-29 15:38:19 - [TEST_STEP][PASSED] - setText(findTestObject("Object Repository/1712612_Mattermost Object/Page_Mattermost/input_login_username"), "nghi_tran"): Text 'nghi_tran' is set on object 'Object Repository/1712612_Mattermost Object/Page_Mattermost/input_login_username'

2021-05-29 15:38:19 - [MESSAGE][PASSED] - Text 'nghi_tran' is set on object 'Object Repository/1712612_Mattermost Object/Page_Mattermost/input_login_username'

2021-05-29 15:38:19 - [TEST_STEP][PASSED] - setEncryptedText(findTestObject("Object Repository/1712612_Mattermost Object/Page_Mattermost/input_login_password"), "KBlHou+hFmnFUOUwxwboiw=="): Text ****** has been set on object 'Object Repository/1712612_Mattermost Object/Page_Mattermost/input_login_password'

2021-05-29 15:38:20 - [MESSAGE][PASSED] - Text ****** has been set on object 'Object Repository/1712612_Mattermost Object/Page_Mattermost/input_login_password'

2021-05-29 15:38:20 - [TEST_STEP][PASSED] - click(findTestObject("Object Repository/1712612_Mattermost Object/Page_Mattermost/button_Sign in")): Object: 'Object Repository/1712612_Mattermost Object/Page_Mattermost/button_Sign in' is clicked on

2021-05-29 15:38:20 - [MESSAGE][PASSED] - Object: 'Object Repository/1712612_Mattermost Object/Page_Mattermost/button_Sign in' is clicked on

2021-05-29 15:38:20 - [TEST_STEP][PASSED] - verifyElementVisible(findTestObject("Object Repository/1712612_Mattermost Object/Page_Town Square - another Mattermost/img__Avatar Avatar-lg"), STOP_ON_FAILURE): Object 'Object Repository/1712612_Mattermost Object/Page_Town Square - another Mattermost/img__Avatar Avatar-lg' is visible

2021-05-29 15:38:24 - [MESSAGE][PASSED] - Object 'Object Repository/1712612_Mattermost Object/Page_Town Square - another Mattermost/img__Avatar Avatar-lg' is visible

2021-05-29 15:38:24 - [MESSAGE][PASSED] - Call Test Case 'Test Cases/1712612/CommonTC/TC_Login' successfully

2021-05-29 15:38:24 - [TEST_STEP][PASSED] - navigateToUrl("https://mattermostwebapp.herokuapp.com/test-1712612/channels/leave-channel"): Navigate to 'https://mattermostwebapp.herokuapp.com/test-1712612/channels/leave-channel' successfully

2021-05-29 15:38:24 - [MESSAGE][PASSED] - Navigate to 'https://mattermostwebapp.herokuapp.com/test-1712612/channels/leave-channel' successfully

2021-05-29 15:38:24 - [TEST_STEP][PASSED] - click(findTestObject("Object Repository/1712612_Mattermost Object/Page_Leave Channel - Test 1712612 Mattermost/button_Leave Channel")): Object: 'Object Repository/1712612_Mattermost Object/Page_Leave Channel - Test 1712612 Mattermost/button_Leave Channel' is clicked on

2021-05-29 15:38:27 - [MESSAGE][PASSED] - Object: 'Object Repository/1712612_Mattermost Object/Page_Leave Channel - Test 1712612 Mattermost/button_Leave Channel' is clicked on

2021-05-29 15:38:27 - [TEST_STEP][PASSED] - click(findTestObject("Object Repository/1712612_Mattermost Object/Page_Leave Channel - Test 1712612 Mattermost/button_Leave Channel")): Object: 'Object Repository/1712612_Mattermost Object/Page_Leave Channel - Test 1712612 Mattermost/button_Leave Channel' is clicked on

2021-05-29 15:38:27 - [MESSAGE][PASSED] - Object: 'Object Repository/1712612_Mattermost Object/Page_Leave Channel - Test 1712612 Mattermost/button_Leave Channel' is clicked on

2021-05-29 15:38:27 - [TEST_STEP][PASSED] - click(findTestObject("Object Repository/1712612_Mattermost Object/Page_Town Square - Test 1712612 Mattermost/button_More")): Object: 'Object Repository/1712612_Mattermost Object/Page_Town Square - Test 1712612 Mattermost/button_More' is clicked on

2021-05-29 15:38:28 - [MESSAGE][PASSED] - Object: 'Object Repository/1712612_Mattermost Object/Page_Town Square - Test 1712612 Mattermost/button_More' is clicked on

2021-05-29 15:38:28 - [TEST_STEP][FAILED] - setText(findTestObject("Page_Town Square - Test 1712612 Mattermost/input_Create Channel_searchChannelsTextbox"), "Leave Channel"): Unable to set text (Root cause: com.kms.katalon.core.exception.StepFailedException: Unable to set text
	at com.kms.katalon.core.webui.keyword.internal.WebUIKeywordMain.stepFailed(WebUIKeywordMain.groovy:64)
	at com.kms.katalon.core.webui.keyword.internal.WebUIKeywordMain.runKeyword(WebUIKeywordMain.groovy:26)
	at com.kms.katalon.core.webui.keyword.builtin.SetTextKeyword.setText(SetTextKeyword.groovy:66)
	at com.kms.katalon.core.webui.keyword.builtin.SetTextKeyword.execute(SetTextKeyword.groovy:37)
	at com.kms.katalon.core.keyword.internal.KeywordExecutor.executeKeywordForPlatform(KeywordExecutor.groovy:73)
	at com.kms.katalon.core.webui.keyword.WebUiBuiltInKeywords.setText(WebUiBuiltInKeywords.groovy:979)
	at com.kms.katalon.core.webui.keyword.WebUiBuiltInKeywords$setText$1.call(Unknown Source)
	at TC23_LeavePublicChannel.run(TC23_LeavePublicChannel:32)
	at com.kms.katalon.core.main.ScriptEngine.run(ScriptEngine.java:194)
	at com.kms.katalon.core.main.ScriptEngine.runScriptAsRawText(ScriptEngine.java:119)
	at com.kms.katalon.core.main.TestCaseExecutor.runScript(TestCaseExecutor.java:398)
	at com.kms.katalon.core.main.TestCaseExecutor.doExecute(TestCaseExecutor.java:389)
	at com.kms.katalon.core.main.TestCaseExecutor.processExecutionPhase(TestCaseExecutor.java:368)
	at com.kms.katalon.core.main.TestCaseExecutor.accessMainPhase(TestCaseExecutor.java:360)
	at com.kms.katalon.core.main.TestCaseExecutor.execute(TestCaseExecutor.java:255)
	at com.kms.katalon.core.main.TestSuiteExecutor.accessTestCaseMainPhase(TestSuiteExecutor.java:203)
	at com.kms.katalon.core.main.TestSuiteExecutor.accessTestSuiteMainPhase(TestSuiteExecutor.java:152)
	at com.kms.katalon.core.main.TestSuiteExecutor.execute(TestSuiteExecutor.java:95)
	at com.kms.katalon.core.main.TestCaseMain.startTestSuite(TestCaseMain.java:157)
	at com.kms.katalon.core.main.TestCaseMain$startTestSuite$0.call(Unknown Source)
	at TempTestSuite1622276398873.run(TempTestSuite1622276398873.groovy:39)
Caused by: java.lang.IllegalArgumentException: Object is null
	at com.kms.katalon.core.helper.KeywordHelper.checkTestObjectParameter(KeywordHelper.java:33)
	at com.kms.katalon.core.webui.keyword.builtin.SetTextKeyword$_setText_closure1.doCall(SetTextKeyword.groovy:45)
	at com.kms.katalon.core.webui.keyword.builtin.SetTextKeyword$_setText_closure1.call(SetTextKeyword.groovy)
	at com.kms.katalon.core.webui.keyword.internal.WebUIKeywordMain.runKeyword(WebUIKeywordMain.groovy:20)
	at com.kms.katalon.core.webui.keyword.builtin.SetTextKeyword.setText(SetTextKeyword.groovy:66)
	at com.kms.katalon.core.webui.keyword.builtin.SetTextKeyword.execute(SetTextKeyword.groovy:37)
	at com.kms.katalon.core.keyword.internal.KeywordExecutor.executeKeywordForPlatform(KeywordExecutor.groovy:73)
	at com.kms.katalon.core.webui.keyword.WebUiBuiltInKeywords.setText(WebUiBuiltInKeywords.groovy:979)
	at com.kms.katalon.core.webui.keyword.WebUiBuiltInKeywords$setText$1.call(Unknown Source)
	at Script1621656510505.run(Script1621656510505.groovy:32)
	... 13 more
)

2021-05-29 15:38:28 - [MESSAGE][WARNING] - Test object with id 'Object Repository/Page_Town Square - Test 1712612 Mattermost/input_Create Channel_searchChannelsTextbox' does not exist

2021-05-29 15:38:28 - [MESSAGE][WARNING] - Test object with id 'Object Repository/' does not exist

2021-05-29 15:38:28 - [MESSAGE][FAILED] - Unable to set text (Root cause: com.kms.katalon.core.exception.StepFailedException: Unable to set text
	at com.kms.katalon.core.webui.keyword.internal.WebUIKeywordMain.stepFailed(WebUIKeywordMain.groovy:64)
	at com.kms.katalon.core.webui.keyword.internal.WebUIKeywordMain.runKeyword(WebUIKeywordMain.groovy:26)
	at com.kms.katalon.core.webui.keyword.builtin.SetTextKeyword.setText(SetTextKeyword.groovy:66)
	at com.kms.katalon.core.webui.keyword.builtin.SetTextKeyword.execute(SetTextKeyword.groovy:37)
	at com.kms.katalon.core.keyword.internal.KeywordExecutor.executeKeywordForPlatform(KeywordExecutor.groovy:73)
	at com.kms.katalon.core.webui.keyword.WebUiBuiltInKeywords.setText(WebUiBuiltInKeywords.groovy:979)
	at com.kms.katalon.core.webui.keyword.WebUiBuiltInKeywords$setText$1.call(Unknown Source)
	at TC23_LeavePublicChannel.run(TC23_LeavePublicChannel:32)
	at com.kms.katalon.core.main.ScriptEngine.run(ScriptEngine.java:194)
	at com.kms.katalon.core.main.ScriptEngine.runScriptAsRawText(ScriptEngine.java:119)
	at com.kms.katalon.core.main.TestCaseExecutor.runScript(TestCaseExecutor.java:398)
	at com.kms.katalon.core.main.TestCaseExecutor.doExecute(TestCaseExecutor.java:389)
	at com.kms.katalon.core.main.TestCaseExecutor.processExecutionPhase(TestCaseExecutor.java:368)
	at com.kms.katalon.core.main.TestCaseExecutor.accessMainPhase(TestCaseExecutor.java:360)
	at com.kms.katalon.core.main.TestCaseExecutor.execute(TestCaseExecutor.java:255)
	at com.kms.katalon.core.main.TestSuiteExecutor.accessTestCaseMainPhase(TestSuiteExecutor.java:203)
	at com.kms.katalon.core.main.TestSuiteExecutor.accessTestSuiteMainPhase(TestSuiteExecutor.java:152)
	at com.kms.katalon.core.main.TestSuiteExecutor.execute(TestSuiteExecutor.java:95)
	at com.kms.katalon.core.main.TestCaseMain.startTestSuite(TestCaseMain.java:157)
	at com.kms.katalon.core.main.TestCaseMain$startTestSuite$0.call(Unknown Source)
	at TempTestSuite1622276398873.run(TempTestSuite1622276398873.groovy:39)
Caused by: java.lang.IllegalArgumentException: Object is null
	at com.kms.katalon.core.helper.KeywordHelper.checkTestObjectParameter(KeywordHelper.java:33)
	at com.kms.katalon.core.webui.keyword.builtin.SetTextKeyword$_setText_closure1.doCall(SetTextKeyword.groovy:45)
	at com.kms.katalon.core.webui.keyword.builtin.SetTextKeyword$_setText_closure1.call(SetTextKeyword.groovy)
	at com.kms.katalon.core.webui.keyword.internal.WebUIKeywordMain.runKeyword(WebUIKeywordMain.groovy:20)
	at com.kms.katalon.core.webui.keyword.builtin.SetTextKeyword.setText(SetTextKeyword.groovy:66)
	at com.kms.katalon.core.webui.keyword.builtin.SetTextKeyword.execute(SetTextKeyword.groovy:37)
	at com.kms.katalon.core.keyword.internal.KeywordExecutor.executeKeywordForPlatform(KeywordExecutor.groovy:73)
	at com.kms.katalon.core.webui.keyword.WebUiBuiltInKeywords.setText(WebUiBuiltInKeywords.groovy:979)
	at com.kms.katalon.core.webui.keyword.WebUiBuiltInKeywords$setText$1.call(Unknown Source)
	at Script1621656510505.run(Script1621656510505.groovy:32)
	... 13 more
)
[[ATTACHMENT|C:\\Users\\Bao Chau\\Katalon Studio\\Mattermost_AutoTesting\\Reports\\20210529_151958\\1612049\\Run all test cases\\20210529_151958\\1622277508545.png]]]]></system-out>
         <system-err><![CDATA[2021-05-29 15:38:09 - [TEST_CASE][FAILED] - Test Cases/1712612/TC23_LeavePublicChannel: Test Cases/1712612/TC23_LeavePublicChannel FAILED.
Reason:
com.kms.katalon.core.exception.StepFailedException: Unable to set text
	at com.kms.katalon.core.webui.keyword.internal.WebUIKeywordMain.stepFailed(WebUIKeywordMain.groovy:64)
	at com.kms.katalon.core.webui.keyword.internal.WebUIKeywordMain.runKeyword(WebUIKeywordMain.groovy:26)
	at com.kms.katalon.core.webui.keyword.builtin.SetTextKeyword.setText(SetTextKeyword.groovy:66)
	at com.kms.katalon.core.webui.keyword.builtin.SetTextKeyword.execute(SetTextKeyword.groovy:37)
	at com.kms.katalon.core.keyword.internal.KeywordExecutor.executeKeywordForPlatform(KeywordExecutor.groovy:73)
	at com.kms.katalon.core.webui.keyword.WebUiBuiltInKeywords.setText(WebUiBuiltInKeywords.groovy:979)
	at com.kms.katalon.core.webui.keyword.WebUiBuiltInKeywords$setText$1.call(Unknown Source)
	at TC23_LeavePublicChannel.run(TC23_LeavePublicChannel:32)
	at com.kms.katalon.core.main.ScriptEngine.run(ScriptEngine.java:194)
	at com.kms.katalon.core.main.ScriptEngine.runScriptAsRawText(ScriptEngine.java:119)
	at com.kms.katalon.core.main.TestCaseExecutor.runScript(TestCaseExecutor.java:398)
	at com.kms.katalon.core.main.TestCaseExecutor.doExecute(TestCaseExecutor.java:389)
	at com.kms.katalon.core.main.TestCaseExecutor.processExecutionPhase(TestCaseExecutor.java:368)
	at com.kms.katalon.core.main.TestCaseExecutor.accessMainPhase(TestCaseExecutor.java:360)
	at com.kms.katalon.core.main.TestCaseExecutor.execute(TestCaseExecutor.java:255)
	at com.kms.katalon.core.main.TestSuiteExecutor.accessTestCaseMainPhase(TestSuiteExecutor.java:203)
	at com.kms.katalon.core.main.TestSuiteExecutor.accessTestSuiteMainPhase(TestSuiteExecutor.java:152)
	at com.kms.katalon.core.main.TestSuiteExecutor.execute(TestSuiteExecutor.java:95)
	at com.kms.katalon.core.main.TestCaseMain.startTestSuite(TestCaseMain.java:157)
	at com.kms.katalon.core.main.TestCaseMain$startTestSuite$0.call(Unknown Source)
	at TempTestSuite1622276398873.run(TempTestSuite1622276398873.groovy:39)
Caused by: java.lang.IllegalArgumentException: Object is null
	at com.kms.katalon.core.helper.KeywordHelper.checkTestObjectParameter(KeywordHelper.java:33)
	at com.kms.katalon.core.webui.keyword.builtin.SetTextKeyword$_setText_closure1.doCall(SetTextKeyword.groovy:45)
	at com.kms.katalon.core.webui.keyword.builtin.SetTextKeyword$_setText_closure1.call(SetTextKeyword.groovy)
	at com.kms.katalon.core.webui.keyword.internal.WebUIKeywordMain.runKeyword(WebUIKeywordMain.groovy:20)
	... 19 more]]></system-err>
      </testcase>
      <testcase name="Test Cases/1712612/TC24_LeavePrivateChannel" time="20.269" classname="Test Cases/1712612/TC24_LeavePrivateChannel" status="PASSED">
         <system-out><![CDATA[2021-05-29 15:38:28 - [TEST_CASE][PASSED] - Test Cases/1712612/TC24_LeavePrivateChannel: Test Cases/1712612/TC24_LeavePrivateChannel

2021-05-29 15:38:29 - [TEST_STEP][PASSED] - callTestCase(findTestCase("1712612/CommonTC/TC_OpenPage"), [:], STOP_ON_FAILURE): Call Test Case 'Test Cases/1712612/CommonTC/TC_OpenPage' successfully

2021-05-29 15:38:29 - [TEST_CASE][PASSED] - Test Cases/1712612/CommonTC/TC_OpenPage: Test Cases/1712612/CommonTC/TC_OpenPage

2021-05-29 15:38:29 - [TEST_STEP][PASSED] - openBrowser(""): Browser is opened with url: ''

2021-05-29 15:38:29 - [MESSAGE][WARNING] - A browser is already opened. Closing browser and opening a new one

2021-05-29 15:38:29 - [MESSAGE][INFO] - Starting 'Chrome' driver

2021-05-29 15:38:29 - [MESSAGE][INFO] - Action delay is set to 0 milliseconds

2021-05-29 15:38:31 - [MESSAGE][PASSED] - Browser is opened with url: ''

2021-05-29 15:38:31 - [TEST_STEP][PASSED] - navigateToUrl("https://mattermostwebapp.herokuapp.com/login"): Navigate to 'https://mattermostwebapp.herokuapp.com/login' successfully

2021-05-29 15:38:34 - [MESSAGE][PASSED] - Navigate to 'https://mattermostwebapp.herokuapp.com/login' successfully

2021-05-29 15:38:34 - [MESSAGE][PASSED] - Call Test Case 'Test Cases/1712612/CommonTC/TC_OpenPage' successfully

2021-05-29 15:38:34 - [TEST_STEP][PASSED] - callTestCase(findTestCase("1712612/CommonTC/TC_Login"), [:], STOP_ON_FAILURE): Call Test Case 'Test Cases/1712612/CommonTC/TC_Login' successfully

2021-05-29 15:38:34 - [TEST_CASE][PASSED] - Test Cases/1712612/CommonTC/TC_Login: Test Cases/1712612/CommonTC/TC_Login

2021-05-29 15:38:34 - [TEST_STEP][PASSED] - verifyElementVisible(findTestObject("Object Repository/1712612_Mattermost Object/Page_Mattermost/input_login_username"), STOP_ON_FAILURE): Object 'Object Repository/1712612_Mattermost Object/Page_Mattermost/input_login_username' is visible

2021-05-29 15:38:38 - [MESSAGE][PASSED] - Object 'Object Repository/1712612_Mattermost Object/Page_Mattermost/input_login_username' is visible

2021-05-29 15:38:38 - [TEST_STEP][PASSED] - verifyElementVisible(findTestObject("Object Repository/1712612_Mattermost Object/Page_Mattermost/input_login_password"), STOP_ON_FAILURE): Object 'Object Repository/1712612_Mattermost Object/Page_Mattermost/input_login_password' is visible

2021-05-29 15:38:38 - [MESSAGE][PASSED] - Object 'Object Repository/1712612_Mattermost Object/Page_Mattermost/input_login_password' is visible

2021-05-29 15:38:38 - [TEST_STEP][PASSED] - setText(findTestObject("Object Repository/1712612_Mattermost Object/Page_Mattermost/input_login_username"), "nghi_tran"): Text 'nghi_tran' is set on object 'Object Repository/1712612_Mattermost Object/Page_Mattermost/input_login_username'

2021-05-29 15:38:39 - [MESSAGE][PASSED] - Text 'nghi_tran' is set on object 'Object Repository/1712612_Mattermost Object/Page_Mattermost/input_login_username'

2021-05-29 15:38:39 - [TEST_STEP][PASSED] - setEncryptedText(findTestObject("Object Repository/1712612_Mattermost Object/Page_Mattermost/input_login_password"), "KBlHou+hFmnFUOUwxwboiw=="): Text ****** has been set on object 'Object Repository/1712612_Mattermost Object/Page_Mattermost/input_login_password'

2021-05-29 15:38:40 - [MESSAGE][PASSED] - Text ****** has been set on object 'Object Repository/1712612_Mattermost Object/Page_Mattermost/input_login_password'

2021-05-29 15:38:40 - [TEST_STEP][PASSED] - click(findTestObject("Object Repository/1712612_Mattermost Object/Page_Mattermost/button_Sign in")): Object: 'Object Repository/1712612_Mattermost Object/Page_Mattermost/button_Sign in' is clicked on

2021-05-29 15:38:40 - [MESSAGE][PASSED] - Object: 'Object Repository/1712612_Mattermost Object/Page_Mattermost/button_Sign in' is clicked on

2021-05-29 15:38:40 - [TEST_STEP][PASSED] - verifyElementVisible(findTestObject("Object Repository/1712612_Mattermost Object/Page_Town Square - another Mattermost/img__Avatar Avatar-lg"), STOP_ON_FAILURE): Object 'Object Repository/1712612_Mattermost Object/Page_Town Square - another Mattermost/img__Avatar Avatar-lg' is visible

2021-05-29 15:38:43 - [MESSAGE][PASSED] - Object 'Object Repository/1712612_Mattermost Object/Page_Town Square - another Mattermost/img__Avatar Avatar-lg' is visible

2021-05-29 15:38:43 - [MESSAGE][PASSED] - Call Test Case 'Test Cases/1712612/CommonTC/TC_Login' successfully

2021-05-29 15:38:43 - [TEST_STEP][PASSED] - navigateToUrl("https://mattermostwebapp.herokuapp.com/test-1712612/channels/hello"): Navigate to 'https://mattermostwebapp.herokuapp.com/test-1712612/channels/hello' successfully

2021-05-29 15:38:44 - [MESSAGE][PASSED] - Navigate to 'https://mattermostwebapp.herokuapp.com/test-1712612/channels/hello' successfully

2021-05-29 15:38:44 - [TEST_STEP][PASSED] - click(findTestObject("Object Repository/1712612_Mattermost Object/Page_hello - Test 1712612 Mattermost/span_hello_channelHeaderDropdownIcon")): Object: 'Object Repository/1712612_Mattermost Object/Page_hello - Test 1712612 Mattermost/span_hello_channelHeaderDropdownIcon' is clicked on

2021-05-29 15:38:47 - [MESSAGE][PASSED] - Object: 'Object Repository/1712612_Mattermost Object/Page_hello - Test 1712612 Mattermost/span_hello_channelHeaderDropdownIcon' is clicked on

2021-05-29 15:38:47 - [TEST_STEP][PASSED] - click(findTestObject("Object Repository/1712612_Mattermost Object/Page_hello - Test 1712612 Mattermost/button_Leave Channel")): Object: 'Object Repository/1712612_Mattermost Object/Page_hello - Test 1712612 Mattermost/button_Leave Channel' is clicked on

2021-05-29 15:38:48 - [MESSAGE][PASSED] - Object: 'Object Repository/1712612_Mattermost Object/Page_hello - Test 1712612 Mattermost/button_Leave Channel' is clicked on

2021-05-29 15:38:48 - [TEST_STEP][PASSED] - click(findTestObject("Object Repository/1712612_Mattermost Object/Page_hello - Test 1712612 Mattermost/button_Yes, leave channel")): Object: 'Object Repository/1712612_Mattermost Object/Page_hello - Test 1712612 Mattermost/button_Yes, leave channel' is clicked on

2021-05-29 15:38:49 - [MESSAGE][PASSED] - Object: 'Object Repository/1712612_Mattermost Object/Page_hello - Test 1712612 Mattermost/button_Yes, leave channel' is clicked on]]></system-out>
         <system-err><![CDATA[]]></system-err>
      </testcase>
      <testcase name="Test Cases/1612049/TC35_SendDirectMessage" time="57.473" classname="Test Cases/1612049/TC35_SendDirectMessage" status="PASSED">
         <system-out><![CDATA[2021-05-29 15:38:49 - [TEST_CASE][PASSED] - Test Cases/1612049/TC35_SendDirectMessage: Test Cases/1612049/TC35_SendDirectMessage

2021-05-29 15:38:49 - [TEST_STEP][PASSED] - openBrowser(""): Browser is opened with url: ''

2021-05-29 15:38:49 - [MESSAGE][WARNING] - A browser is already opened. Closing browser and opening a new one

2021-05-29 15:38:50 - [MESSAGE][INFO] - Starting 'Chrome' driver

2021-05-29 15:38:50 - [MESSAGE][INFO] - Action delay is set to 0 milliseconds

2021-05-29 15:38:51 - [MESSAGE][PASSED] - Browser is opened with url: ''

2021-05-29 15:38:51 - [TEST_STEP][PASSED] - navigateToUrl("https://mattermostwebapp.herokuapp.com/"): Navigate to 'https://mattermostwebapp.herokuapp.com/' successfully

2021-05-29 15:38:54 - [MESSAGE][PASSED] - Navigate to 'https://mattermostwebapp.herokuapp.com/' successfully

2021-05-29 15:38:54 - [TEST_STEP][PASSED] - callTestCase(findTestCase("1612049/CommonTC/CTC_Login"), ["username":"jooie", "password":"6z6Vi2R3i06jbzaqW0pQ8Q=="], STOP_ON_FAILURE): Call Test Case 'Test Cases/1612049/CommonTC/CTC_Login' successfully

2021-05-29 15:38:54 - [TEST_CASE][PASSED] - Test Cases/1612049/CommonTC/CTC_Login: Test Cases/1612049/CommonTC/CTC_Login

2021-05-29 15:38:54 - [TEST_STEP][PASSED] - setText(findTestObject("1612049/Login_Screen/input_LoginID"), username): Text 'jooie' is set on object 'Object Repository/1612049/Login_Screen/input_LoginID'

2021-05-29 15:38:59 - [MESSAGE][PASSED] - Text 'jooie' is set on object 'Object Repository/1612049/Login_Screen/input_LoginID'

2021-05-29 15:38:59 - [TEST_STEP][PASSED] - setEncryptedText(findTestObject("1612049/Login_Screen/input_LoginPassword"), password): Text ****** has been set on object 'Object Repository/1612049/Login_Screen/input_LoginPassword'

2021-05-29 15:38:59 - [MESSAGE][PASSED] - Text ****** has been set on object 'Object Repository/1612049/Login_Screen/input_LoginPassword'

2021-05-29 15:38:59 - [TEST_STEP][PASSED] - click(findTestObject("1612049/Login_Screen/btn_Signin")): Object: 'Object Repository/1612049/Login_Screen/btn_Signin' is clicked on

2021-05-29 15:39:00 - [MESSAGE][PASSED] - Object: 'Object Repository/1612049/Login_Screen/btn_Signin' is clicked on

2021-05-29 15:39:00 - [MESSAGE][PASSED] - Call Test Case 'Test Cases/1612049/CommonTC/CTC_Login' successfully

2021-05-29 15:39:00 - [TEST_STEP][PASSED] - for ([i = 1, i <= 5, i += 1]): null

2021-05-29 15:39:00 - [TEST_STEP][PASSED] - click(findTestObject("1612049/Left_Sidebar/Direct_Messages/btn_AddDirectMessage")): Object: 'Object Repository/1612049/Left_Sidebar/Direct_Messages/btn_AddDirectMessage' is clicked on

2021-05-29 15:39:03 - [MESSAGE][PASSED] - Object: 'Object Repository/1612049/Left_Sidebar/Direct_Messages/btn_AddDirectMessage' is clicked on

2021-05-29 15:39:03 - [TEST_STEP][PASSED] - setText(findTestObject("1612049/Left_Sidebar/Direct_Messages/AddDirectMessage_Dialog/input_UsernameForDirectMessage"), findTestData("1612049/Data TC35 SendDirectMessage").getValue(1, i)): Text 'huykhoi' is set on object 'Object Repository/1612049/Left_Sidebar/Direct_Messages/AddDirectMessage_Dialog/input_UsernameForDirectMessage'

2021-05-29 15:39:05 - [MESSAGE][PASSED] - Text 'huykhoi' is set on object 'Object Repository/1612049/Left_Sidebar/Direct_Messages/AddDirectMessage_Dialog/input_UsernameForDirectMessage'

2021-05-29 15:39:05 - [TEST_STEP][PASSED] - if (verifyElementPresent(findTestObject("1612049/Left_Sidebar/Direct_Messages/AddDirectMessage_Dialog/div_FirstSearchUsernameResult"), 10, CONTINUE_ON_FAILURE)): null

2021-05-29 15:39:06 - [MESSAGE][PASSED] - Object 'Object Repository/1612049/Left_Sidebar/Direct_Messages/AddDirectMessage_Dialog/div_FirstSearchUsernameResult' is present

2021-05-29 15:39:06 - [TEST_STEP][PASSED] - sendKeys(findTestObject("1612049/Left_Sidebar/Direct_Messages/AddDirectMessage_Dialog/input_UsernameForDirectMessage"), Keys.chord(ENTER)): Keys 'ENTER + ' sent to object: 'Object Repository/1612049/Left_Sidebar/Direct_Messages/AddDirectMessage_Dialog/input_UsernameForDirectMessage'

2021-05-29 15:39:07 - [MESSAGE][PASSED] - Keys 'ENTER + ' sent to object: 'Object Repository/1612049/Left_Sidebar/Direct_Messages/AddDirectMessage_Dialog/input_UsernameForDirectMessage'

2021-05-29 15:39:07 - [TEST_STEP][PASSED] - click(findTestObject("1612049/Left_Sidebar/Direct_Messages/AddDirectMessage_Dialog/btn_SubmitUsernameForDirectMessage")): Object: 'Object Repository/1612049/Left_Sidebar/Direct_Messages/AddDirectMessage_Dialog/btn_SubmitUsernameForDirectMessage' is clicked on

2021-05-29 15:39:08 - [MESSAGE][PASSED] - Object: 'Object Repository/1612049/Left_Sidebar/Direct_Messages/AddDirectMessage_Dialog/btn_SubmitUsernameForDirectMessage' is clicked on

2021-05-29 15:39:08 - [TEST_STEP][PASSED] - setText(findTestObject("1612049/Posts_Area/Posts_Create/input_Message"), "Hello, " + findTestData("1612049/Data TC35 SendDirectMessage").getValue(1, i)): Text 'Hello, huykhoi' is set on object 'Object Repository/1612049/Posts_Area/Posts_Create/input_Message'

2021-05-29 15:39:09 - [MESSAGE][PASSED] - Text 'Hello, huykhoi' is set on object 'Object Repository/1612049/Posts_Area/Posts_Create/input_Message'

2021-05-29 15:39:09 - [TEST_STEP][PASSED] - sendKeys(findTestObject("1612049/Posts_Area/Posts_Create/input_Message"), Keys.chord(ENTER)): Keys 'ENTER + ' sent to object: 'Object Repository/1612049/Posts_Area/Posts_Create/input_Message'

2021-05-29 15:39:10 - [MESSAGE][PASSED] - Keys 'ENTER + ' sent to object: 'Object Repository/1612049/Posts_Area/Posts_Create/input_Message'

2021-05-29 15:39:10 - [TEST_STEP][PASSED] - Thread.sleep(2000): null

2021-05-29 15:39:12 - [TEST_STEP][PASSED] - click(findTestObject("1612049/Left_Sidebar/Direct_Messages/btn_AddDirectMessage")): Object: 'Object Repository/1612049/Left_Sidebar/Direct_Messages/btn_AddDirectMessage' is clicked on

2021-05-29 15:39:12 - [MESSAGE][PASSED] - Object: 'Object Repository/1612049/Left_Sidebar/Direct_Messages/btn_AddDirectMessage' is clicked on

2021-05-29 15:39:12 - [TEST_STEP][PASSED] - setText(findTestObject("1612049/Left_Sidebar/Direct_Messages/AddDirectMessage_Dialog/input_UsernameForDirectMessage"), findTestData("1612049/Data TC35 SendDirectMessage").getValue(1, i)): Text 'nghi_tran' is set on object 'Object Repository/1612049/Left_Sidebar/Direct_Messages/AddDirectMessage_Dialog/input_UsernameForDirectMessage'

2021-05-29 15:39:14 - [MESSAGE][PASSED] - Text 'nghi_tran' is set on object 'Object Repository/1612049/Left_Sidebar/Direct_Messages/AddDirectMessage_Dialog/input_UsernameForDirectMessage'

2021-05-29 15:39:14 - [TEST_STEP][PASSED] - if (verifyElementPresent(findTestObject("1612049/Left_Sidebar/Direct_Messages/AddDirectMessage_Dialog/div_FirstSearchUsernameResult"), 10, CONTINUE_ON_FAILURE)): null

2021-05-29 15:39:15 - [MESSAGE][PASSED] - Object 'Object Repository/1612049/Left_Sidebar/Direct_Messages/AddDirectMessage_Dialog/div_FirstSearchUsernameResult' is present

2021-05-29 15:39:15 - [TEST_STEP][PASSED] - sendKeys(findTestObject("1612049/Left_Sidebar/Direct_Messages/AddDirectMessage_Dialog/input_UsernameForDirectMessage"), Keys.chord(ENTER)): Keys 'ENTER + ' sent to object: 'Object Repository/1612049/Left_Sidebar/Direct_Messages/AddDirectMessage_Dialog/input_UsernameForDirectMessage'

2021-05-29 15:39:15 - [MESSAGE][PASSED] - Keys 'ENTER + ' sent to object: 'Object Repository/1612049/Left_Sidebar/Direct_Messages/AddDirectMessage_Dialog/input_UsernameForDirectMessage'

2021-05-29 15:39:15 - [TEST_STEP][PASSED] - click(findTestObject("1612049/Left_Sidebar/Direct_Messages/AddDirectMessage_Dialog/btn_SubmitUsernameForDirectMessage")): Object: 'Object Repository/1612049/Left_Sidebar/Direct_Messages/AddDirectMessage_Dialog/btn_SubmitUsernameForDirectMessage' is clicked on

2021-05-29 15:39:16 - [MESSAGE][PASSED] - Object: 'Object Repository/1612049/Left_Sidebar/Direct_Messages/AddDirectMessage_Dialog/btn_SubmitUsernameForDirectMessage' is clicked on

2021-05-29 15:39:16 - [TEST_STEP][PASSED] - setText(findTestObject("1612049/Posts_Area/Posts_Create/input_Message"), "Hello, " + findTestData("1612049/Data TC35 SendDirectMessage").getValue(1, i)): Text 'Hello, nghi_tran' is set on object 'Object Repository/1612049/Posts_Area/Posts_Create/input_Message'

2021-05-29 15:39:18 - [MESSAGE][PASSED] - Text 'Hello, nghi_tran' is set on object 'Object Repository/1612049/Posts_Area/Posts_Create/input_Message'

2021-05-29 15:39:18 - [TEST_STEP][PASSED] - sendKeys(findTestObject("1612049/Posts_Area/Posts_Create/input_Message"), Keys.chord(ENTER)): Keys 'ENTER + ' sent to object: 'Object Repository/1612049/Posts_Area/Posts_Create/input_Message'

2021-05-29 15:39:18 - [MESSAGE][PASSED] - Keys 'ENTER + ' sent to object: 'Object Repository/1612049/Posts_Area/Posts_Create/input_Message'

2021-05-29 15:39:18 - [TEST_STEP][PASSED] - Thread.sleep(2000): null

2021-05-29 15:39:20 - [TEST_STEP][PASSED] - click(findTestObject("1612049/Left_Sidebar/Direct_Messages/btn_AddDirectMessage")): Object: 'Object Repository/1612049/Left_Sidebar/Direct_Messages/btn_AddDirectMessage' is clicked on

2021-05-29 15:39:21 - [MESSAGE][PASSED] - Object: 'Object Repository/1612049/Left_Sidebar/Direct_Messages/btn_AddDirectMessage' is clicked on

2021-05-29 15:39:21 - [TEST_STEP][PASSED] - setText(findTestObject("1612049/Left_Sidebar/Direct_Messages/AddDirectMessage_Dialog/input_UsernameForDirectMessage"), findTestData("1612049/Data TC35 SendDirectMessage").getValue(1, i)): Text 'phuc' is set on object 'Object Repository/1612049/Left_Sidebar/Direct_Messages/AddDirectMessage_Dialog/input_UsernameForDirectMessage'

2021-05-29 15:39:22 - [MESSAGE][PASSED] - Text 'phuc' is set on object 'Object Repository/1612049/Left_Sidebar/Direct_Messages/AddDirectMessage_Dialog/input_UsernameForDirectMessage'

2021-05-29 15:39:22 - [TEST_STEP][PASSED] - if (verifyElementPresent(findTestObject("1612049/Left_Sidebar/Direct_Messages/AddDirectMessage_Dialog/div_FirstSearchUsernameResult"), 10, CONTINUE_ON_FAILURE)): null

2021-05-29 15:39:24 - [MESSAGE][PASSED] - Object 'Object Repository/1612049/Left_Sidebar/Direct_Messages/AddDirectMessage_Dialog/div_FirstSearchUsernameResult' is present

2021-05-29 15:39:24 - [TEST_STEP][PASSED] - sendKeys(findTestObject("1612049/Left_Sidebar/Direct_Messages/AddDirectMessage_Dialog/input_UsernameForDirectMessage"), Keys.chord(ENTER)): Keys 'ENTER + ' sent to object: 'Object Repository/1612049/Left_Sidebar/Direct_Messages/AddDirectMessage_Dialog/input_UsernameForDirectMessage'

2021-05-29 15:39:24 - [MESSAGE][PASSED] - Keys 'ENTER + ' sent to object: 'Object Repository/1612049/Left_Sidebar/Direct_Messages/AddDirectMessage_Dialog/input_UsernameForDirectMessage'

2021-05-29 15:39:24 - [TEST_STEP][PASSED] - click(findTestObject("1612049/Left_Sidebar/Direct_Messages/AddDirectMessage_Dialog/btn_SubmitUsernameForDirectMessage")): Object: 'Object Repository/1612049/Left_Sidebar/Direct_Messages/AddDirectMessage_Dialog/btn_SubmitUsernameForDirectMessage' is clicked on

2021-05-29 15:39:24 - [MESSAGE][PASSED] - Object: 'Object Repository/1612049/Left_Sidebar/Direct_Messages/AddDirectMessage_Dialog/btn_SubmitUsernameForDirectMessage' is clicked on

2021-05-29 15:39:24 - [TEST_STEP][PASSED] - setText(findTestObject("1612049/Posts_Area/Posts_Create/input_Message"), "Hello, " + findTestData("1612049/Data TC35 SendDirectMessage").getValue(1, i)): Text 'Hello, phuc' is set on object 'Object Repository/1612049/Posts_Area/Posts_Create/input_Message'

2021-05-29 15:39:26 - [MESSAGE][PASSED] - Text 'Hello, phuc' is set on object 'Object Repository/1612049/Posts_Area/Posts_Create/input_Message'

2021-05-29 15:39:26 - [TEST_STEP][PASSED] - sendKeys(findTestObject("1612049/Posts_Area/Posts_Create/input_Message"), Keys.chord(ENTER)): Keys 'ENTER + ' sent to object: 'Object Repository/1612049/Posts_Area/Posts_Create/input_Message'

2021-05-29 15:39:27 - [MESSAGE][PASSED] - Keys 'ENTER + ' sent to object: 'Object Repository/1612049/Posts_Area/Posts_Create/input_Message'

2021-05-29 15:39:27 - [TEST_STEP][PASSED] - Thread.sleep(2000): null

2021-05-29 15:39:29 - [TEST_STEP][PASSED] - click(findTestObject("1612049/Left_Sidebar/Direct_Messages/btn_AddDirectMessage")): Object: 'Object Repository/1612049/Left_Sidebar/Direct_Messages/btn_AddDirectMessage' is clicked on

2021-05-29 15:39:29 - [MESSAGE][PASSED] - Object: 'Object Repository/1612049/Left_Sidebar/Direct_Messages/btn_AddDirectMessage' is clicked on

2021-05-29 15:39:29 - [TEST_STEP][PASSED] - setText(findTestObject("1612049/Left_Sidebar/Direct_Messages/AddDirectMessage_Dialog/input_UsernameForDirectMessage"), findTestData("1612049/Data TC35 SendDirectMessage").getValue(1, i)): Text 'abchuykhoi' is set on object 'Object Repository/1612049/Left_Sidebar/Direct_Messages/AddDirectMessage_Dialog/input_UsernameForDirectMessage'

2021-05-29 15:39:31 - [MESSAGE][PASSED] - Text 'abchuykhoi' is set on object 'Object Repository/1612049/Left_Sidebar/Direct_Messages/AddDirectMessage_Dialog/input_UsernameForDirectMessage'

2021-05-29 15:39:31 - [TEST_STEP][PASSED] - if (verifyElementPresent(findTestObject("1612049/Left_Sidebar/Direct_Messages/AddDirectMessage_Dialog/div_FirstSearchUsernameResult"), 10, CONTINUE_ON_FAILURE)): null

2021-05-29 15:39:32 - [MESSAGE][PASSED] - Object 'Object Repository/1612049/Left_Sidebar/Direct_Messages/AddDirectMessage_Dialog/div_FirstSearchUsernameResult' is present

2021-05-29 15:39:32 - [TEST_STEP][PASSED] - sendKeys(findTestObject("1612049/Left_Sidebar/Direct_Messages/AddDirectMessage_Dialog/input_UsernameForDirectMessage"), Keys.chord(ENTER)): Keys 'ENTER + ' sent to object: 'Object Repository/1612049/Left_Sidebar/Direct_Messages/AddDirectMessage_Dialog/input_UsernameForDirectMessage'

2021-05-29 15:39:32 - [MESSAGE][PASSED] - Keys 'ENTER + ' sent to object: 'Object Repository/1612049/Left_Sidebar/Direct_Messages/AddDirectMessage_Dialog/input_UsernameForDirectMessage'

2021-05-29 15:39:32 - [TEST_STEP][PASSED] - click(findTestObject("1612049/Left_Sidebar/Direct_Messages/AddDirectMessage_Dialog/btn_SubmitUsernameForDirectMessage")): Object: 'Object Repository/1612049/Left_Sidebar/Direct_Messages/AddDirectMessage_Dialog/btn_SubmitUsernameForDirectMessage' is clicked on

2021-05-29 15:39:33 - [MESSAGE][PASSED] - Object: 'Object Repository/1612049/Left_Sidebar/Direct_Messages/AddDirectMessage_Dialog/btn_SubmitUsernameForDirectMessage' is clicked on

2021-05-29 15:39:33 - [TEST_STEP][PASSED] - setText(findTestObject("1612049/Posts_Area/Posts_Create/input_Message"), "Hello, " + findTestData("1612049/Data TC35 SendDirectMessage").getValue(1, i)): Text 'Hello, abchuykhoi' is set on object 'Object Repository/1612049/Posts_Area/Posts_Create/input_Message'

2021-05-29 15:39:35 - [MESSAGE][PASSED] - Text 'Hello, abchuykhoi' is set on object 'Object Repository/1612049/Posts_Area/Posts_Create/input_Message'

2021-05-29 15:39:35 - [TEST_STEP][PASSED] - sendKeys(findTestObject("1612049/Posts_Area/Posts_Create/input_Message"), Keys.chord(ENTER)): Keys 'ENTER + ' sent to object: 'Object Repository/1612049/Posts_Area/Posts_Create/input_Message'

2021-05-29 15:39:35 - [MESSAGE][PASSED] - Keys 'ENTER + ' sent to object: 'Object Repository/1612049/Posts_Area/Posts_Create/input_Message'

2021-05-29 15:39:35 - [TEST_STEP][PASSED] - Thread.sleep(2000): null

2021-05-29 15:39:37 - [TEST_STEP][PASSED] - click(findTestObject("1612049/Left_Sidebar/Direct_Messages/btn_AddDirectMessage")): Object: 'Object Repository/1612049/Left_Sidebar/Direct_Messages/btn_AddDirectMessage' is clicked on

2021-05-29 15:39:37 - [MESSAGE][PASSED] - Object: 'Object Repository/1612049/Left_Sidebar/Direct_Messages/btn_AddDirectMessage' is clicked on

2021-05-29 15:39:37 - [TEST_STEP][PASSED] - setText(findTestObject("1612049/Left_Sidebar/Direct_Messages/AddDirectMessage_Dialog/input_UsernameForDirectMessage"), findTestData("1612049/Data TC35 SendDirectMessage").getValue(1, i)): Text 'huykhoi2507' is set on object 'Object Repository/1612049/Left_Sidebar/Direct_Messages/AddDirectMessage_Dialog/input_UsernameForDirectMessage'

2021-05-29 15:39:39 - [MESSAGE][PASSED] - Text 'huykhoi2507' is set on object 'Object Repository/1612049/Left_Sidebar/Direct_Messages/AddDirectMessage_Dialog/input_UsernameForDirectMessage'

2021-05-29 15:39:39 - [TEST_STEP][PASSED] - if (verifyElementPresent(findTestObject("1612049/Left_Sidebar/Direct_Messages/AddDirectMessage_Dialog/div_FirstSearchUsernameResult"), 10, CONTINUE_ON_FAILURE)): null

2021-05-29 15:39:40 - [MESSAGE][PASSED] - Object 'Object Repository/1612049/Left_Sidebar/Direct_Messages/AddDirectMessage_Dialog/div_FirstSearchUsernameResult' is present

2021-05-29 15:39:40 - [TEST_STEP][PASSED] - sendKeys(findTestObject("1612049/Left_Sidebar/Direct_Messages/AddDirectMessage_Dialog/input_UsernameForDirectMessage"), Keys.chord(ENTER)): Keys 'ENTER + ' sent to object: 'Object Repository/1612049/Left_Sidebar/Direct_Messages/AddDirectMessage_Dialog/input_UsernameForDirectMessage'

2021-05-29 15:39:41 - [MESSAGE][PASSED] - Keys 'ENTER + ' sent to object: 'Object Repository/1612049/Left_Sidebar/Direct_Messages/AddDirectMessage_Dialog/input_UsernameForDirectMessage'

2021-05-29 15:39:41 - [TEST_STEP][PASSED] - click(findTestObject("1612049/Left_Sidebar/Direct_Messages/AddDirectMessage_Dialog/btn_SubmitUsernameForDirectMessage")): Object: 'Object Repository/1612049/Left_Sidebar/Direct_Messages/AddDirectMessage_Dialog/btn_SubmitUsernameForDirectMessage' is clicked on

2021-05-29 15:39:41 - [MESSAGE][PASSED] - Object: 'Object Repository/1612049/Left_Sidebar/Direct_Messages/AddDirectMessage_Dialog/btn_SubmitUsernameForDirectMessage' is clicked on

2021-05-29 15:39:41 - [TEST_STEP][PASSED] - setText(findTestObject("1612049/Posts_Area/Posts_Create/input_Message"), "Hello, " + findTestData("1612049/Data TC35 SendDirectMessage").getValue(1, i)): Text 'Hello, huykhoi2507' is set on object 'Object Repository/1612049/Posts_Area/Posts_Create/input_Message'

2021-05-29 15:39:43 - [MESSAGE][PASSED] - Text 'Hello, huykhoi2507' is set on object 'Object Repository/1612049/Posts_Area/Posts_Create/input_Message'

2021-05-29 15:39:43 - [TEST_STEP][PASSED] - sendKeys(findTestObject("1612049/Posts_Area/Posts_Create/input_Message"), Keys.chord(ENTER)): Keys 'ENTER + ' sent to object: 'Object Repository/1612049/Posts_Area/Posts_Create/input_Message'

2021-05-29 15:39:43 - [MESSAGE][PASSED] - Keys 'ENTER + ' sent to object: 'Object Repository/1612049/Posts_Area/Posts_Create/input_Message'

2021-05-29 15:39:43 - [TEST_STEP][PASSED] - Thread.sleep(2000): null

2021-05-29 15:39:45 - [TEST_STEP][PASSED] - closeBrowser(): Browser is closed

2021-05-29 15:39:46 - [MESSAGE][PASSED] - Browser is closed]]></system-out>
         <system-err><![CDATA[]]></system-err>
      </testcase>
      <testcase name="Test Cases/1612049/TC37_AddMention" time="40.932" classname="Test Cases/1612049/TC37_AddMention" status="PASSED">
         <system-out><![CDATA[2021-05-29 15:39:46 - [TEST_CASE][PASSED] - Test Cases/1612049/TC37_AddMention: Test Cases/1612049/TC37_AddMention

2021-05-29 15:39:46 - [TEST_STEP][PASSED] - openBrowser(""): Browser is opened with url: ''

2021-05-29 15:39:46 - [MESSAGE][INFO] - Starting 'Chrome' driver

2021-05-29 15:39:46 - [MESSAGE][INFO] - Action delay is set to 0 milliseconds

2021-05-29 15:39:48 - [MESSAGE][PASSED] - Browser is opened with url: ''

2021-05-29 15:39:48 - [TEST_STEP][PASSED] - navigateToUrl("https://mattermostwebapp.herokuapp.com/"): Navigate to 'https://mattermostwebapp.herokuapp.com/' successfully

2021-05-29 15:39:51 - [MESSAGE][PASSED] - Navigate to 'https://mattermostwebapp.herokuapp.com/' successfully

2021-05-29 15:39:51 - [TEST_STEP][PASSED] - callTestCase(findTestCase("1612049/CommonTC/CTC_Login"), ["username":"jooie", "password":"6z6Vi2R3i06jbzaqW0pQ8Q=="], STOP_ON_FAILURE): Call Test Case 'Test Cases/1612049/CommonTC/CTC_Login' successfully

2021-05-29 15:39:51 - [TEST_CASE][PASSED] - Test Cases/1612049/CommonTC/CTC_Login: Test Cases/1612049/CommonTC/CTC_Login

2021-05-29 15:39:51 - [TEST_STEP][PASSED] - setText(findTestObject("1612049/Login_Screen/input_LoginID"), username): Text 'jooie' is set on object 'Object Repository/1612049/Login_Screen/input_LoginID'

2021-05-29 15:39:55 - [MESSAGE][PASSED] - Text 'jooie' is set on object 'Object Repository/1612049/Login_Screen/input_LoginID'

2021-05-29 15:39:55 - [TEST_STEP][PASSED] - setEncryptedText(findTestObject("1612049/Login_Screen/input_LoginPassword"), password): Text ****** has been set on object 'Object Repository/1612049/Login_Screen/input_LoginPassword'

2021-05-29 15:39:56 - [MESSAGE][PASSED] - Text ****** has been set on object 'Object Repository/1612049/Login_Screen/input_LoginPassword'

2021-05-29 15:39:56 - [TEST_STEP][PASSED] - click(findTestObject("1612049/Login_Screen/btn_Signin")): Object: 'Object Repository/1612049/Login_Screen/btn_Signin' is clicked on

2021-05-29 15:39:56 - [MESSAGE][PASSED] - Object: 'Object Repository/1612049/Login_Screen/btn_Signin' is clicked on

2021-05-29 15:39:56 - [MESSAGE][PASSED] - Call Test Case 'Test Cases/1612049/CommonTC/CTC_Login' successfully

2021-05-29 15:39:56 - [TEST_STEP][PASSED] - for ([index = 1, index <= 5, (index++)]): null

2021-05-29 15:39:56 - [TEST_STEP][PASSED] - setText(findTestObject("1612049/Posts_Area/Posts_Create/input_Message"), "@" + findTestData("1612049/Data TC37 AddMention").getValue(1, index)): Text '@huykhoi' is set on object 'Object Repository/1612049/Posts_Area/Posts_Create/input_Message'

2021-05-29 15:40:00 - [MESSAGE][PASSED] - Text '@huykhoi' is set on object 'Object Repository/1612049/Posts_Area/Posts_Create/input_Message'

2021-05-29 15:40:00 - [TEST_STEP][PASSED] - sendKeys(findTestObject("1612049/Posts_Area/Posts_Create/input_Message"), Keys.chord(ENTER)): Keys 'ENTER + ' sent to object: 'Object Repository/1612049/Posts_Area/Posts_Create/input_Message'

2021-05-29 15:40:01 - [MESSAGE][PASSED] - Keys 'ENTER + ' sent to object: 'Object Repository/1612049/Posts_Area/Posts_Create/input_Message'

2021-05-29 15:40:01 - [TEST_STEP][PASSED] - verifyTextPresent("@" + findTestData("1612049/Data TC37 AddMention").getValue(1, index), true): Text '@huykhoi' is present on page  using regular expression

2021-05-29 15:40:01 - [MESSAGE][PASSED] - Text '@huykhoi' is present on page  using regular expression

2021-05-29 15:40:01 - [TEST_STEP][PASSED] - Thread.sleep(2000): null

2021-05-29 15:40:03 - [TEST_STEP][PASSED] - setText(findTestObject("1612049/Posts_Area/Posts_Create/input_Message"), "@" + findTestData("1612049/Data TC37 AddMention").getValue(1, index)): Text '@abchuykhoi' is set on object 'Object Repository/1612049/Posts_Area/Posts_Create/input_Message'

2021-05-29 15:40:04 - [MESSAGE][PASSED] - Text '@abchuykhoi' is set on object 'Object Repository/1612049/Posts_Area/Posts_Create/input_Message'

2021-05-29 15:40:04 - [TEST_STEP][PASSED] - sendKeys(findTestObject("1612049/Posts_Area/Posts_Create/input_Message"), Keys.chord(ENTER)): Keys 'ENTER + ' sent to object: 'Object Repository/1612049/Posts_Area/Posts_Create/input_Message'

2021-05-29 15:40:05 - [MESSAGE][PASSED] - Keys 'ENTER + ' sent to object: 'Object Repository/1612049/Posts_Area/Posts_Create/input_Message'

2021-05-29 15:40:05 - [TEST_STEP][PASSED] - verifyTextPresent("@" + findTestData("1612049/Data TC37 AddMention").getValue(1, index), true): Text '@abchuykhoi' is present on page  using regular expression

2021-05-29 15:40:07 - [MESSAGE][PASSED] - Text '@abchuykhoi' is present on page  using regular expression

2021-05-29 15:40:07 - [TEST_STEP][PASSED] - Thread.sleep(2000): null

2021-05-29 15:40:09 - [TEST_STEP][PASSED] - setText(findTestObject("1612049/Posts_Area/Posts_Create/input_Message"), "@" + findTestData("1612049/Data TC37 AddMention").getValue(1, index)): Text '@huykhoi2507' is set on object 'Object Repository/1612049/Posts_Area/Posts_Create/input_Message'

2021-05-29 15:40:09 - [MESSAGE][PASSED] - Text '@huykhoi2507' is set on object 'Object Repository/1612049/Posts_Area/Posts_Create/input_Message'

2021-05-29 15:40:09 - [TEST_STEP][PASSED] - sendKeys(findTestObject("1612049/Posts_Area/Posts_Create/input_Message"), Keys.chord(ENTER)): Keys 'ENTER + ' sent to object: 'Object Repository/1612049/Posts_Area/Posts_Create/input_Message'

2021-05-29 15:40:10 - [MESSAGE][PASSED] - Keys 'ENTER + ' sent to object: 'Object Repository/1612049/Posts_Area/Posts_Create/input_Message'

2021-05-29 15:40:10 - [TEST_STEP][PASSED] - verifyTextPresent("@" + findTestData("1612049/Data TC37 AddMention").getValue(1, index), true): Text '@huykhoi2507' is present on page  using regular expression

2021-05-29 15:40:11 - [MESSAGE][PASSED] - Text '@huykhoi2507' is present on page  using regular expression

2021-05-29 15:40:11 - [TEST_STEP][PASSED] - Thread.sleep(2000): null

2021-05-29 15:40:13 - [TEST_STEP][PASSED] - setText(findTestObject("1612049/Posts_Area/Posts_Create/input_Message"), "@" + findTestData("1612049/Data TC37 AddMention").getValue(1, index)): Text '@nghi_tran' is set on object 'Object Repository/1612049/Posts_Area/Posts_Create/input_Message'

2021-05-29 15:40:17 - [MESSAGE][PASSED] - Text '@nghi_tran' is set on object 'Object Repository/1612049/Posts_Area/Posts_Create/input_Message'

2021-05-29 15:40:17 - [TEST_STEP][PASSED] - sendKeys(findTestObject("1612049/Posts_Area/Posts_Create/input_Message"), Keys.chord(ENTER)): Keys 'ENTER + ' sent to object: 'Object Repository/1612049/Posts_Area/Posts_Create/input_Message'

2021-05-29 15:40:19 - [MESSAGE][PASSED] - Keys 'ENTER + ' sent to object: 'Object Repository/1612049/Posts_Area/Posts_Create/input_Message'

2021-05-29 15:40:19 - [TEST_STEP][PASSED] - verifyTextPresent("@" + findTestData("1612049/Data TC37 AddMention").getValue(1, index), true): Text '@nghi_tran' is present on page  using regular expression

2021-05-29 15:40:20 - [MESSAGE][PASSED] - Text '@nghi_tran' is present on page  using regular expression

2021-05-29 15:40:20 - [TEST_STEP][PASSED] - Thread.sleep(2000): null

2021-05-29 15:40:22 - [TEST_STEP][PASSED] - setText(findTestObject("1612049/Posts_Area/Posts_Create/input_Message"), "@" + findTestData("1612049/Data TC37 AddMention").getValue(1, index)): Text '@phuc' is set on object 'Object Repository/1612049/Posts_Area/Posts_Create/input_Message'

2021-05-29 15:40:23 - [MESSAGE][PASSED] - Text '@phuc' is set on object 'Object Repository/1612049/Posts_Area/Posts_Create/input_Message'

2021-05-29 15:40:23 - [TEST_STEP][PASSED] - sendKeys(findTestObject("1612049/Posts_Area/Posts_Create/input_Message"), Keys.chord(ENTER)): Keys 'ENTER + ' sent to object: 'Object Repository/1612049/Posts_Area/Posts_Create/input_Message'

2021-05-29 15:40:24 - [MESSAGE][PASSED] - Keys 'ENTER + ' sent to object: 'Object Repository/1612049/Posts_Area/Posts_Create/input_Message'

2021-05-29 15:40:24 - [TEST_STEP][PASSED] - verifyTextPresent("@" + findTestData("1612049/Data TC37 AddMention").getValue(1, index), true): Text '@phuc' is present on page  using regular expression

2021-05-29 15:40:24 - [MESSAGE][PASSED] - Text '@phuc' is present on page  using regular expression

2021-05-29 15:40:24 - [TEST_STEP][PASSED] - Thread.sleep(2000): null

2021-05-29 15:40:26 - [TEST_STEP][PASSED] - closeBrowser(): Browser is closed

2021-05-29 15:40:27 - [MESSAGE][PASSED] - Browser is closed]]></system-out>
         <system-err><![CDATA[]]></system-err>
      </testcase>
      <testcase name="Test Cases/1712666/TC50_SendFile" time="18.586" classname="Test Cases/1712666/TC50_SendFile" status="PASSED">
         <system-out><![CDATA[2021-05-29 15:40:27 - [TEST_CASE][PASSED] - Test Cases/1712666/TC50_SendFile: Test Cases/1712666/TC50_SendFile

2021-05-29 15:40:27 - [TEST_STEP][PASSED] - openBrowser(""): Browser is opened with url: ''

2021-05-29 15:40:27 - [MESSAGE][INFO] - Starting 'Chrome' driver

2021-05-29 15:40:27 - [MESSAGE][INFO] - Action delay is set to 0 milliseconds

2021-05-29 15:40:29 - [MESSAGE][PASSED] - Browser is opened with url: ''

2021-05-29 15:40:29 - [TEST_STEP][PASSED] - navigateToUrl("https://mattermostwebapp.herokuapp.com/"): Navigate to 'https://mattermostwebapp.herokuapp.com/' successfully

2021-05-29 15:40:32 - [MESSAGE][PASSED] - Navigate to 'https://mattermostwebapp.herokuapp.com/' successfully

2021-05-29 15:40:32 - [TEST_STEP][PASSED] - callTestCase(findTestCase("1712666/CommonTC/CTC_Login"), ["var_username":"phuc", "var_password":"CSt51UwWECc="]): Call Test Case 'Test Cases/1712666/CommonTC/CTC_Login' successfully

2021-05-29 15:40:32 - [TEST_CASE][PASSED] - Test Cases/1712666/CommonTC/CTC_Login: Test Cases/1712666/CommonTC/CTC_Login

2021-05-29 15:40:32 - [TEST_STEP][PASSED] - setText(findTestObject("Object Repository/1412263_Page_Mattermost/input_All team communication in one place, _dcc84b"), var_username): Text 'phuc' is set on object 'Object Repository/1412263_Page_Mattermost/input_All team communication in one place, _dcc84b'

2021-05-29 15:40:39 - [MESSAGE][PASSED] - Text 'phuc' is set on object 'Object Repository/1412263_Page_Mattermost/input_All team communication in one place, _dcc84b'

2021-05-29 15:40:39 - [TEST_STEP][PASSED] - setEncryptedText(findTestObject("Object Repository/1412263_Page_Mattermost/input_All team communication in one place, _a3edc6"), var_password): Text ****** has been set on object 'Object Repository/1412263_Page_Mattermost/input_All team communication in one place, _a3edc6'

2021-05-29 15:40:39 - [MESSAGE][PASSED] - Text ****** has been set on object 'Object Repository/1412263_Page_Mattermost/input_All team communication in one place, _a3edc6'

2021-05-29 15:40:39 - [TEST_STEP][PASSED] - click(findTestObject("Object Repository/1412263_Page_Mattermost/span_Sign in")): Object: 'Object Repository/1412263_Page_Mattermost/span_Sign in' is clicked on

2021-05-29 15:40:40 - [MESSAGE][PASSED] - Object: 'Object Repository/1412263_Page_Mattermost/span_Sign in' is clicked on

2021-05-29 15:40:40 - [MESSAGE][PASSED] - Call Test Case 'Test Cases/1712666/CommonTC/CTC_Login' successfully

2021-05-29 15:40:40 - [TEST_STEP][PASSED] - userDir = System.getProperty("user.dir"): null

2021-05-29 15:40:40 - [TEST_STEP][PASSED] - filePath = userDir + "\Excels\DataCreateATeam.xlsx": null

2021-05-29 15:40:40 - [TEST_STEP][PASSED] - uploadFile(findTestObject("Object Repository/Page_Town Square - noname Mattermost/input_upload"), filePath): File 'C:\Users\Bao Chau\Katalon Studio\Mattermost_AutoTesting\Excels\DataCreateATeam.xlsx' sent to object: 'Object Repository/Page_Town Square - noname Mattermost/input_upload'

2021-05-29 15:40:43 - [MESSAGE][PASSED] - File 'C:\Users\Bao Chau\Katalon Studio\Mattermost_AutoTesting\Excels\DataCreateATeam.xlsx' sent to object: 'Object Repository/Page_Town Square - noname Mattermost/input_upload'

2021-05-29 15:40:43 - [TEST_STEP][PASSED] - sendKeys(findTestObject("Object Repository/Page_Town Square - noname Mattermost/textarea_Write to Town Square_post_textbox"), Keys.chord(ENTER)): Keys 'ENTER + ' sent to object: 'Object Repository/Page_Town Square - noname Mattermost/textarea_Write to Town Square_post_textbox'

2021-05-29 15:40:44 - [MESSAGE][PASSED] - Keys 'ENTER + ' sent to object: 'Object Repository/Page_Town Square - noname Mattermost/textarea_Write to Town Square_post_textbox'

2021-05-29 15:40:44 - [TEST_STEP][PASSED] - verifyElementPresent(findTestObject("Object Repository/Page_Town Square - noname Mattermost/div_uploaded"), 5): Object 'Object Repository/Page_Town Square - noname Mattermost/div_uploaded' is present

2021-05-29 15:40:45 - [MESSAGE][PASSED] - Object 'Object Repository/Page_Town Square - noname Mattermost/div_uploaded' is present

2021-05-29 15:40:45 - [TEST_STEP][PASSED] - closeBrowser(): Browser is closed

2021-05-29 15:40:46 - [MESSAGE][PASSED] - Browser is closed]]></system-out>
         <system-err><![CDATA[]]></system-err>
      </testcase>
      <testcase name="Test Cases/1712666/TC51_DownloadFile" time="18.982" classname="Test Cases/1712666/TC51_DownloadFile" status="ERROR">
         <error type="ERROR" message="Test Cases/1712666/TC51_DownloadFile FAILED.
Reason:
com.kms.katalon.core.exception.StepErrorException: Fail downloaded file
	at TC51_DownloadFile.run(TC51_DownloadFile:52)
	at com.kms.katalon.core.main.ScriptEngine.run(ScriptEngine.java:194)
	at com.kms.katalon.core.main.ScriptEngine.runScriptAsRawText(ScriptEngine.java:119)
	at com.kms.katalon.core.main.TestCaseExecutor.runScript(TestCaseExecutor.java:398)
	at com.kms.katalon.core.main.TestCaseExecutor.doExecute(TestCaseExecutor.java:389)
	at com.kms.katalon.core.main.TestCaseExecutor.processExecutionPhase(TestCaseExecutor.java:368)
	at com.kms.katalon.core.main.TestCaseExecutor.accessMainPhase(TestCaseExecutor.java:360)
	at com.kms.katalon.core.main.TestCaseExecutor.execute(TestCaseExecutor.java:255)
	at com.kms.katalon.core.main.TestSuiteExecutor.accessTestCaseMainPhase(TestSuiteExecutor.java:203)
	at com.kms.katalon.core.main.TestSuiteExecutor.accessTestSuiteMainPhase(TestSuiteExecutor.java:152)
	at com.kms.katalon.core.main.TestSuiteExecutor.execute(TestSuiteExecutor.java:95)
	at com.kms.katalon.core.main.TestCaseMain.startTestSuite(TestCaseMain.java:157)
	at com.kms.katalon.core.main.TestCaseMain$startTestSuite$0.call(Unknown Source)
	at TempTestSuite1622276398873.run(TempTestSuite1622276398873.groovy:39)
"/>
         <system-out><![CDATA[2021-05-29 15:40:46 - [TEST_CASE][ERROR] - Test Cases/1712666/TC51_DownloadFile: Test Cases/1712666/TC51_DownloadFile FAILED.
Reason:
com.kms.katalon.core.exception.StepErrorException: Fail downloaded file
	at TC51_DownloadFile.run(TC51_DownloadFile:52)
	at com.kms.katalon.core.main.ScriptEngine.run(ScriptEngine.java:194)
	at com.kms.katalon.core.main.ScriptEngine.runScriptAsRawText(ScriptEngine.java:119)
	at com.kms.katalon.core.main.TestCaseExecutor.runScript(TestCaseExecutor.java:398)
	at com.kms.katalon.core.main.TestCaseExecutor.doExecute(TestCaseExecutor.java:389)
	at com.kms.katalon.core.main.TestCaseExecutor.processExecutionPhase(TestCaseExecutor.java:368)
	at com.kms.katalon.core.main.TestCaseExecutor.accessMainPhase(TestCaseExecutor.java:360)
	at com.kms.katalon.core.main.TestCaseExecutor.execute(TestCaseExecutor.java:255)
	at com.kms.katalon.core.main.TestSuiteExecutor.accessTestCaseMainPhase(TestSuiteExecutor.java:203)
	at com.kms.katalon.core.main.TestSuiteExecutor.accessTestSuiteMainPhase(TestSuiteExecutor.java:152)
	at com.kms.katalon.core.main.TestSuiteExecutor.execute(TestSuiteExecutor.java:95)
	at com.kms.katalon.core.main.TestCaseMain.startTestSuite(TestCaseMain.java:157)
	at com.kms.katalon.core.main.TestCaseMain$startTestSuite$0.call(Unknown Source)
	at TempTestSuite1622276398873.run(TempTestSuite1622276398873.groovy:39)


2021-05-29 15:40:46 - [TEST_STEP][PASSED] - openBrowser(""): Browser is opened with url: ''

2021-05-29 15:40:46 - [MESSAGE][INFO] - Starting 'Chrome' driver

2021-05-29 15:40:46 - [MESSAGE][INFO] - Action delay is set to 0 milliseconds

2021-05-29 15:40:47 - [MESSAGE][PASSED] - Browser is opened with url: ''

2021-05-29 15:40:47 - [TEST_STEP][PASSED] - navigateToUrl("https://mattermostwebapp.herokuapp.com/"): Navigate to 'https://mattermostwebapp.herokuapp.com/' successfully

2021-05-29 15:40:51 - [MESSAGE][PASSED] - Navigate to 'https://mattermostwebapp.herokuapp.com/' successfully

2021-05-29 15:40:51 - [TEST_STEP][PASSED] - callTestCase(findTestCase("1712666/CommonTC/CTC_Login"), ["var_username":"phuc", "var_password":"CSt51UwWECc="]): Call Test Case 'Test Cases/1712666/CommonTC/CTC_Login' successfully

2021-05-29 15:40:51 - [TEST_CASE][PASSED] - Test Cases/1712666/CommonTC/CTC_Login: Test Cases/1712666/CommonTC/CTC_Login

2021-05-29 15:40:51 - [TEST_STEP][PASSED] - setText(findTestObject("Object Repository/1412263_Page_Mattermost/input_All team communication in one place, _dcc84b"), var_username): Text 'phuc' is set on object 'Object Repository/1412263_Page_Mattermost/input_All team communication in one place, _dcc84b'

2021-05-29 15:40:56 - [MESSAGE][PASSED] - Text 'phuc' is set on object 'Object Repository/1412263_Page_Mattermost/input_All team communication in one place, _dcc84b'

2021-05-29 15:40:56 - [TEST_STEP][PASSED] - setEncryptedText(findTestObject("Object Repository/1412263_Page_Mattermost/input_All team communication in one place, _a3edc6"), var_password): Text ****** has been set on object 'Object Repository/1412263_Page_Mattermost/input_All team communication in one place, _a3edc6'

2021-05-29 15:40:57 - [MESSAGE][PASSED] - Text ****** has been set on object 'Object Repository/1412263_Page_Mattermost/input_All team communication in one place, _a3edc6'

2021-05-29 15:40:57 - [TEST_STEP][PASSED] - click(findTestObject("Object Repository/1412263_Page_Mattermost/span_Sign in")): Object: 'Object Repository/1412263_Page_Mattermost/span_Sign in' is clicked on

2021-05-29 15:40:57 - [MESSAGE][PASSED] - Object: 'Object Repository/1412263_Page_Mattermost/span_Sign in' is clicked on

2021-05-29 15:40:57 - [MESSAGE][PASSED] - Call Test Case 'Test Cases/1712666/CommonTC/CTC_Login' successfully

2021-05-29 15:40:57 - [TEST_STEP][PASSED] - callTestCase(findTestCase("1712666/CommonTC/CTC_SendFile"), [:]): Call Test Case 'Test Cases/1712666/CommonTC/CTC_SendFile' successfully

2021-05-29 15:40:57 - [TEST_CASE][PASSED] - Test Cases/1712666/CommonTC/CTC_SendFile: Test Cases/1712666/CommonTC/CTC_SendFile

2021-05-29 15:40:58 - [TEST_STEP][PASSED] - userDir = System.getProperty("user.dir"): null

2021-05-29 15:40:58 - [TEST_STEP][PASSED] - filePath = userDir + "\Excels\DataCreateATeam.xlsx": null

2021-05-29 15:40:58 - [TEST_STEP][PASSED] - uploadFile(findTestObject("Object Repository/Page_Town Square - noname Mattermost/input_upload"), filePath): File 'C:\Users\Bao Chau\Katalon Studio\Mattermost_AutoTesting\Excels\DataCreateATeam.xlsx' sent to object: 'Object Repository/Page_Town Square - noname Mattermost/input_upload'

2021-05-29 15:41:01 - [MESSAGE][PASSED] - File 'C:\Users\Bao Chau\Katalon Studio\Mattermost_AutoTesting\Excels\DataCreateATeam.xlsx' sent to object: 'Object Repository/Page_Town Square - noname Mattermost/input_upload'

2021-05-29 15:41:01 - [TEST_STEP][PASSED] - sendKeys(findTestObject("Object Repository/Page_Town Square - noname Mattermost/textarea_Write to Town Square_post_textbox"), Keys.chord(ENTER)): Keys 'ENTER + ' sent to object: 'Object Repository/Page_Town Square - noname Mattermost/textarea_Write to Town Square_post_textbox'

2021-05-29 15:41:02 - [MESSAGE][PASSED] - Keys 'ENTER + ' sent to object: 'Object Repository/Page_Town Square - noname Mattermost/textarea_Write to Town Square_post_textbox'

2021-05-29 15:41:02 - [TEST_STEP][PASSED] - verifyElementPresent(findTestObject("Object Repository/Page_Town Square - noname Mattermost/div_uploaded"), 5): Object 'Object Repository/Page_Town Square - noname Mattermost/div_uploaded' is present

2021-05-29 15:41:03 - [MESSAGE][PASSED] - Object 'Object Repository/Page_Town Square - noname Mattermost/div_uploaded' is present

2021-05-29 15:41:03 - [MESSAGE][PASSED] - Call Test Case 'Test Cases/1712666/CommonTC/CTC_SendFile' successfully

2021-05-29 15:41:03 - [TEST_STEP][PASSED] - click(findTestObject("Object Repository/Page_Town Square - noname Mattermost/div_uploaded")): Object: 'Object Repository/Page_Town Square - noname Mattermost/div_uploaded' is clicked on

2021-05-29 15:41:03 - [MESSAGE][PASSED] - Object: 'Object Repository/Page_Town Square - noname Mattermost/div_uploaded' is clicked on

2021-05-29 15:41:03 - [TEST_STEP][PASSED] - click(findTestObject("Object Repository/Page_Town Square - noname Mattermost/button_download")): Object: 'Object Repository/Page_Town Square - noname Mattermost/button_download' is clicked on

2021-05-29 15:41:04 - [MESSAGE][PASSED] - Object: 'Object Repository/Page_Town Square - noname Mattermost/button_download' is clicked on

2021-05-29 15:41:04 - [TEST_STEP][PASSED] - filename = getText(findTestObject("Object Repository/Page_Town Square - noname Mattermost/name_file_uploaded")): Text of object 'Object Repository/Page_Town Square - noname Mattermost/name_file_uploaded' is: 'DataCreateATeam.xlsx'

2021-05-29 15:41:05 - [MESSAGE][PASSED] - Text of object 'Object Repository/Page_Town Square - noname Mattermost/name_file_uploaded' is: 'DataCreateATeam.xlsx'

2021-05-29 15:41:05 - [TEST_STEP][PASSED] - if (!(isFileDownloaded(filename))): null

2021-05-29 15:41:05 - [TEST_STEP][PASSED] - home = System.getProperty("user.home"): null

2021-05-29 15:41:05 - [TEST_STEP][PASSED] - dir = new java.io.File((home + /Downloads/)): null

2021-05-29 15:41:05 - [TEST_STEP][PASSED] - dirContents = dir.listFiles(): null

2021-05-29 15:41:05 - [TEST_STEP][PASSED] - for ([i = 0, i < length, (i++)]): null

2021-05-29 15:41:05 - [TEST_STEP][PASSED] - return false: null

2021-05-29 15:41:05 - [TEST_STEP][PASSED] - throw new com.kms.katalon.core.exception.StepErrorException(Fail downloaded file): null]]></system-out>
         <system-err><![CDATA[2021-05-29 15:40:46 - [TEST_CASE][ERROR] - Test Cases/1712666/TC51_DownloadFile: Test Cases/1712666/TC51_DownloadFile FAILED.
Reason:
com.kms.katalon.core.exception.StepErrorException: Fail downloaded file
	at TC51_DownloadFile.run(TC51_DownloadFile:52)
	at com.kms.katalon.core.main.ScriptEngine.run(ScriptEngine.java:194)
	at com.kms.katalon.core.main.ScriptEngine.runScriptAsRawText(ScriptEngine.java:119)
	at com.kms.katalon.core.main.TestCaseExecutor.runScript(TestCaseExecutor.java:398)
	at com.kms.katalon.core.main.TestCaseExecutor.doExecute(TestCaseExecutor.java:389)
	at com.kms.katalon.core.main.TestCaseExecutor.processExecutionPhase(TestCaseExecutor.java:368)
	at com.kms.katalon.core.main.TestCaseExecutor.accessMainPhase(TestCaseExecutor.java:360)
	at com.kms.katalon.core.main.TestCaseExecutor.execute(TestCaseExecutor.java:255)
	at com.kms.katalon.core.main.TestSuiteExecutor.accessTestCaseMainPhase(TestSuiteExecutor.java:203)
	at com.kms.katalon.core.main.TestSuiteExecutor.accessTestSuiteMainPhase(TestSuiteExecutor.java:152)
	at com.kms.katalon.core.main.TestSuiteExecutor.execute(TestSuiteExecutor.java:95)
	at com.kms.katalon.core.main.TestCaseMain.startTestSuite(TestCaseMain.java:157)
	at com.kms.katalon.core.main.TestCaseMain$startTestSuite$0.call(Unknown Source)
	at TempTestSuite1622276398873.run(TempTestSuite1622276398873.groovy:39)]]></system-err>
      </testcase>
      <testcase name="Test Cases/1412263/TC09_ChangeLoginAttempt" time="25.066" classname="Test Cases/1412263/TC09_ChangeLoginAttempt" status="PASSED">
         <system-out><![CDATA[2021-05-29 15:41:05 - [TEST_CASE][PASSED] - Test Cases/1412263/TC09_ChangeLoginAttempt: Test Cases/1412263/TC09_ChangeLoginAttempt

2021-05-29 15:41:05 - [TEST_STEP][PASSED] - openBrowser(""): Browser is opened with url: ''

2021-05-29 15:41:05 - [MESSAGE][WARNING] - A browser is already opened. Closing browser and opening a new one

2021-05-29 15:41:06 - [MESSAGE][INFO] - Starting 'Chrome' driver

2021-05-29 15:41:06 - [MESSAGE][INFO] - Action delay is set to 0 milliseconds

2021-05-29 15:41:07 - [MESSAGE][PASSED] - Browser is opened with url: ''

2021-05-29 15:41:07 - [TEST_STEP][PASSED] - navigateToUrl("http://mattermostwebapp.herokuapp.com/"): Navigate to 'http://mattermostwebapp.herokuapp.com/' successfully

2021-05-29 15:41:13 - [MESSAGE][PASSED] - Navigate to 'http://mattermostwebapp.herokuapp.com/' successfully

2021-05-29 15:41:13 - [TEST_STEP][PASSED] - setText(findTestObject("Object Repository/Page_Mattermost/input_All team communication in one place, _dcc84b"), "huykhoi263"): Text 'huykhoi263' is set on object 'Object Repository/Page_Mattermost/input_All team communication in one place, _dcc84b'

2021-05-29 15:41:20 - [MESSAGE][PASSED] - Text 'huykhoi263' is set on object 'Object Repository/Page_Mattermost/input_All team communication in one place, _dcc84b'

2021-05-29 15:41:20 - [TEST_STEP][PASSED] - setEncryptedText(findTestObject("Object Repository/Page_Mattermost/input_All team communication in one place, _a3edc6"), "o1rBehR+FzY2ClyWuSUtzg=="): Text ****** has been set on object 'Object Repository/Page_Mattermost/input_All team communication in one place, _a3edc6'

2021-05-29 15:41:20 - [MESSAGE][PASSED] - Text ****** has been set on object 'Object Repository/Page_Mattermost/input_All team communication in one place, _a3edc6'

2021-05-29 15:41:20 - [TEST_STEP][PASSED] - sendKeys(findTestObject("Object Repository/Page_Mattermost/input_All team communication in one place, _a3edc6"), Keys.chord(ENTER)): Keys 'ENTER + ' sent to object: 'Object Repository/Page_Mattermost/input_All team communication in one place, _a3edc6'

2021-05-29 15:41:21 - [MESSAGE][PASSED] - Keys 'ENTER + ' sent to object: 'Object Repository/Page_Mattermost/input_All team communication in one place, _a3edc6'

2021-05-29 15:41:21 - [TEST_STEP][PASSED] - click(findTestObject("1412263_Page_Town Square - CNC_Nhom3 Mattermost/path")): Object: 'Object Repository/1412263_Page_Town Square - CNC_Nhom3 Mattermost/path' is clicked on

2021-05-29 15:41:24 - [MESSAGE][PASSED] - Object: 'Object Repository/1412263_Page_Town Square - CNC_Nhom3 Mattermost/path' is clicked on

2021-05-29 15:41:24 - [TEST_STEP][PASSED] - click(findTestObject("1412263_Page_Town Square - CNC_Nhom3 Mattermost/span_System Console")): Object: 'Object Repository/1412263_Page_Town Square - CNC_Nhom3 Mattermost/span_System Console' is clicked on

2021-05-29 15:41:24 - [MESSAGE][PASSED] - Object: 'Object Repository/1412263_Page_Town Square - CNC_Nhom3 Mattermost/span_System Console' is clicked on

2021-05-29 15:41:24 - [TEST_STEP][PASSED] - click(findTestObject("Object Repository/Page_System Console - Mattermost/a_Password")): Object: 'Object Repository/Page_System Console - Mattermost/a_Password' is clicked on

2021-05-29 15:41:27 - [MESSAGE][PASSED] - Object: 'Object Repository/Page_System Console - Mattermost/a_Password' is clicked on

2021-05-29 15:41:27 - [TEST_STEP][PASSED] - click(findTestObject("Object Repository/Page_System Console - Mattermost/div_Maximum Login AttemptsNumber of login a_f48f8a")): Object: 'Object Repository/Page_System Console - Mattermost/div_Maximum Login AttemptsNumber of login a_f48f8a' is clicked on

2021-05-29 15:41:28 - [MESSAGE][PASSED] - Object: 'Object Repository/Page_System Console - Mattermost/div_Maximum Login AttemptsNumber of login a_f48f8a' is clicked on

2021-05-29 15:41:28 - [TEST_STEP][PASSED] - setText(findTestObject("Object Repository/Page_System Console - Mattermost/input_Maximum Login Attempts_maximumLoginAttempts"), "15"): Text '15' is set on object 'Object Repository/Page_System Console - Mattermost/input_Maximum Login Attempts_maximumLoginAttempts'

2021-05-29 15:41:28 - [MESSAGE][PASSED] - Text '15' is set on object 'Object Repository/Page_System Console - Mattermost/input_Maximum Login Attempts_maximumLoginAttempts'

2021-05-29 15:41:28 - [TEST_STEP][PASSED] - click(findTestObject("Object Repository/Page_System Console - Mattermost/button_Save")): Object: 'Object Repository/Page_System Console - Mattermost/button_Save' is clicked on

2021-05-29 15:41:29 - [MESSAGE][PASSED] - Object: 'Object Repository/Page_System Console - Mattermost/button_Save' is clicked on

2021-05-29 15:41:29 - [TEST_STEP][PASSED] - closeBrowser(): Browser is closed

2021-05-29 15:41:30 - [MESSAGE][PASSED] - Browser is closed]]></system-out>
         <system-err><![CDATA[]]></system-err>
      </testcase>
      <testcase name="Test Cases/1712666/TC15_JoinTeam" time="16.858" classname="Test Cases/1712666/TC15_JoinTeam" status="PASSED">
         <system-out><![CDATA[2021-05-29 15:41:30 - [TEST_CASE][PASSED] - Test Cases/1712666/TC15_JoinTeam: Test Cases/1712666/TC15_JoinTeam

2021-05-29 15:41:30 - [TEST_STEP][PASSED] - openBrowser(""): Browser is opened with url: ''

2021-05-29 15:41:30 - [MESSAGE][INFO] - Starting 'Chrome' driver

2021-05-29 15:41:30 - [MESSAGE][INFO] - Action delay is set to 0 milliseconds

2021-05-29 15:41:31 - [MESSAGE][PASSED] - Browser is opened with url: ''

2021-05-29 15:41:31 - [TEST_STEP][PASSED] - navigateToUrl("https://mattermostwebapp.herokuapp.com/"): Navigate to 'https://mattermostwebapp.herokuapp.com/' successfully

2021-05-29 15:41:35 - [MESSAGE][PASSED] - Navigate to 'https://mattermostwebapp.herokuapp.com/' successfully

2021-05-29 15:41:35 - [TEST_STEP][PASSED] - callTestCase(findTestCase("1712666/CommonTC/CTC_Login"), ["var_username":"phuc", "var_password":"CSt51UwWECc="]): Call Test Case 'Test Cases/1712666/CommonTC/CTC_Login' successfully

2021-05-29 15:41:35 - [TEST_CASE][PASSED] - Test Cases/1712666/CommonTC/CTC_Login: Test Cases/1712666/CommonTC/CTC_Login

2021-05-29 15:41:35 - [TEST_STEP][PASSED] - setText(findTestObject("Object Repository/1412263_Page_Mattermost/input_All team communication in one place, _dcc84b"), var_username): Text 'phuc' is set on object 'Object Repository/1412263_Page_Mattermost/input_All team communication in one place, _dcc84b'

2021-05-29 15:41:40 - [MESSAGE][PASSED] - Text 'phuc' is set on object 'Object Repository/1412263_Page_Mattermost/input_All team communication in one place, _dcc84b'

2021-05-29 15:41:40 - [TEST_STEP][PASSED] - setEncryptedText(findTestObject("Object Repository/1412263_Page_Mattermost/input_All team communication in one place, _a3edc6"), var_password): Text ****** has been set on object 'Object Repository/1412263_Page_Mattermost/input_All team communication in one place, _a3edc6'

2021-05-29 15:41:40 - [MESSAGE][PASSED] - Text ****** has been set on object 'Object Repository/1412263_Page_Mattermost/input_All team communication in one place, _a3edc6'

2021-05-29 15:41:40 - [TEST_STEP][PASSED] - click(findTestObject("Object Repository/1412263_Page_Mattermost/span_Sign in")): Object: 'Object Repository/1412263_Page_Mattermost/span_Sign in' is clicked on

2021-05-29 15:41:41 - [MESSAGE][PASSED] - Object: 'Object Repository/1412263_Page_Mattermost/span_Sign in' is clicked on

2021-05-29 15:41:41 - [MESSAGE][PASSED] - Call Test Case 'Test Cases/1712666/CommonTC/CTC_Login' successfully

2021-05-29 15:41:41 - [TEST_STEP][PASSED] - click(findTestObject("Object Repository/Page_Town Square - test9 Mattermost/div_phuc")): Object: 'Object Repository/Page_Town Square - test9 Mattermost/div_phuc' is clicked on

2021-05-29 15:41:44 - [MESSAGE][PASSED] - Object: 'Object Repository/Page_Town Square - test9 Mattermost/div_phuc' is clicked on

2021-05-29 15:41:44 - [TEST_STEP][PASSED] - click(findTestObject("Object Repository/Page_Town Square - test9 Mattermost/span_Join Another Team")): Object: 'Object Repository/Page_Town Square - test9 Mattermost/span_Join Another Team' is clicked on

2021-05-29 15:41:45 - [MESSAGE][PASSED] - Object: 'Object Repository/Page_Town Square - test9 Mattermost/span_Join Another Team' is clicked on

2021-05-29 15:41:45 - [TEST_STEP][PASSED] - click(findTestObject("Page_Town Square - test9 Mattermost/span_another")): Object: 'Object Repository/Page_Town Square - test9 Mattermost/span_another' is clicked on

2021-05-29 15:41:46 - [MESSAGE][PASSED] - Object: 'Object Repository/Page_Town Square - test9 Mattermost/span_another' is clicked on

2021-05-29 15:41:46 - [TEST_STEP][PASSED] - closeBrowser(): Browser is closed

2021-05-29 15:41:47 - [MESSAGE][PASSED] - Browser is closed]]></system-out>
         <system-err><![CDATA[]]></system-err>
      </testcase>
      <testcase name="Test Cases/1712666/TC16_LeaveTeam" time="45.011" classname="Test Cases/1712666/TC16_LeaveTeam" status="PASSED">
         <system-out><![CDATA[2021-05-29 15:41:47 - [TEST_CASE][PASSED] - Test Cases/1712666/TC16_LeaveTeam: Test Cases/1712666/TC16_LeaveTeam

2021-05-29 15:41:47 - [TEST_STEP][PASSED] - openBrowser(""): Browser is opened with url: ''

2021-05-29 15:41:47 - [MESSAGE][INFO] - Starting 'Chrome' driver

2021-05-29 15:41:47 - [MESSAGE][INFO] - Action delay is set to 0 milliseconds

2021-05-29 15:41:48 - [MESSAGE][PASSED] - Browser is opened with url: ''

2021-05-29 15:41:48 - [TEST_STEP][PASSED] - navigateToUrl("https://mattermostwebapp.herokuapp.com/"): Navigate to 'https://mattermostwebapp.herokuapp.com/' successfully

2021-05-29 15:41:52 - [MESSAGE][PASSED] - Navigate to 'https://mattermostwebapp.herokuapp.com/' successfully

2021-05-29 15:41:52 - [TEST_STEP][PASSED] - callTestCase(findTestCase("1712666/CommonTC/CTC_Login"), ["var_username":"phuc", "var_password":"CSt51UwWECc="]): Call Test Case 'Test Cases/1712666/CommonTC/CTC_Login' successfully

2021-05-29 15:41:52 - [TEST_CASE][PASSED] - Test Cases/1712666/CommonTC/CTC_Login: Test Cases/1712666/CommonTC/CTC_Login

2021-05-29 15:41:52 - [TEST_STEP][PASSED] - setText(findTestObject("Object Repository/1412263_Page_Mattermost/input_All team communication in one place, _dcc84b"), var_username): Text 'phuc' is set on object 'Object Repository/1412263_Page_Mattermost/input_All team communication in one place, _dcc84b'

2021-05-29 15:41:56 - [MESSAGE][PASSED] - Text 'phuc' is set on object 'Object Repository/1412263_Page_Mattermost/input_All team communication in one place, _dcc84b'

2021-05-29 15:41:56 - [TEST_STEP][PASSED] - setEncryptedText(findTestObject("Object Repository/1412263_Page_Mattermost/input_All team communication in one place, _a3edc6"), var_password): Text ****** has been set on object 'Object Repository/1412263_Page_Mattermost/input_All team communication in one place, _a3edc6'

2021-05-29 15:41:57 - [MESSAGE][PASSED] - Text ****** has been set on object 'Object Repository/1412263_Page_Mattermost/input_All team communication in one place, _a3edc6'

2021-05-29 15:41:57 - [TEST_STEP][PASSED] - click(findTestObject("Object Repository/1412263_Page_Mattermost/span_Sign in")): Object: 'Object Repository/1412263_Page_Mattermost/span_Sign in' is clicked on

2021-05-29 15:41:57 - [MESSAGE][PASSED] - Object: 'Object Repository/1412263_Page_Mattermost/span_Sign in' is clicked on

2021-05-29 15:41:57 - [MESSAGE][PASSED] - Call Test Case 'Test Cases/1712666/CommonTC/CTC_Login' successfully

2021-05-29 15:41:57 - [TEST_STEP][PASSED] - callTestCase(findTestCase("1712666/CommonTC/CTC_JoinTeam"), [:]): Call Test Case 'Test Cases/1712666/CommonTC/CTC_JoinTeam' successfully

2021-05-29 15:41:57 - [TEST_CASE][PASSED] - Test Cases/1712666/CommonTC/CTC_JoinTeam: Test Cases/1712666/CommonTC/CTC_JoinTeam

2021-05-29 15:41:58 - [TEST_STEP][PASSED] - openBrowser(""): Browser is opened with url: ''

2021-05-29 15:41:58 - [MESSAGE][WARNING] - A browser is already opened. Closing browser and opening a new one

2021-05-29 15:41:58 - [MESSAGE][INFO] - Starting 'Chrome' driver

2021-05-29 15:41:58 - [MESSAGE][INFO] - Action delay is set to 0 milliseconds

2021-05-29 15:42:00 - [MESSAGE][PASSED] - Browser is opened with url: ''

2021-05-29 15:42:00 - [TEST_STEP][PASSED] - navigateToUrl("https://mattermostwebapp.herokuapp.com/"): Navigate to 'https://mattermostwebapp.herokuapp.com/' successfully

2021-05-29 15:42:03 - [MESSAGE][PASSED] - Navigate to 'https://mattermostwebapp.herokuapp.com/' successfully

2021-05-29 15:42:03 - [TEST_STEP][PASSED] - callTestCase(findTestCase("1712666/CommonTC/CTC_Login"), ["var_username":"phuc", "var_password":"CSt51UwWECc="]): Call Test Case 'Test Cases/1712666/CommonTC/CTC_Login' successfully

2021-05-29 15:42:03 - [TEST_CASE][PASSED] - Test Cases/1712666/CommonTC/CTC_Login: Test Cases/1712666/CommonTC/CTC_Login

2021-05-29 15:42:03 - [TEST_STEP][PASSED] - setText(findTestObject("Object Repository/1412263_Page_Mattermost/input_All team communication in one place, _dcc84b"), var_username): Text 'phuc' is set on object 'Object Repository/1412263_Page_Mattermost/input_All team communication in one place, _dcc84b'

2021-05-29 15:42:11 - [MESSAGE][PASSED] - Text 'phuc' is set on object 'Object Repository/1412263_Page_Mattermost/input_All team communication in one place, _dcc84b'

2021-05-29 15:42:11 - [TEST_STEP][PASSED] - setEncryptedText(findTestObject("Object Repository/1412263_Page_Mattermost/input_All team communication in one place, _a3edc6"), var_password): Text ****** has been set on object 'Object Repository/1412263_Page_Mattermost/input_All team communication in one place, _a3edc6'

2021-05-29 15:42:13 - [MESSAGE][PASSED] - Text ****** has been set on object 'Object Repository/1412263_Page_Mattermost/input_All team communication in one place, _a3edc6'

2021-05-29 15:42:13 - [TEST_STEP][PASSED] - click(findTestObject("Object Repository/1412263_Page_Mattermost/span_Sign in")): Object: 'Object Repository/1412263_Page_Mattermost/span_Sign in' is clicked on

2021-05-29 15:42:15 - [MESSAGE][PASSED] - Object: 'Object Repository/1412263_Page_Mattermost/span_Sign in' is clicked on

2021-05-29 15:42:15 - [MESSAGE][PASSED] - Call Test Case 'Test Cases/1712666/CommonTC/CTC_Login' successfully

2021-05-29 15:42:15 - [TEST_STEP][PASSED] - click(findTestObject("Object Repository/Page_Town Square - test9 Mattermost/div_phuc")): Object: 'Object Repository/Page_Town Square - test9 Mattermost/div_phuc' is clicked on

2021-05-29 15:42:19 - [MESSAGE][PASSED] - Object: 'Object Repository/Page_Town Square - test9 Mattermost/div_phuc' is clicked on

2021-05-29 15:42:19 - [TEST_STEP][PASSED] - click(findTestObject("Object Repository/Page_Town Square - test9 Mattermost/span_Join Another Team")): Object: 'Object Repository/Page_Town Square - test9 Mattermost/span_Join Another Team' is clicked on

2021-05-29 15:42:21 - [MESSAGE][PASSED] - Object: 'Object Repository/Page_Town Square - test9 Mattermost/span_Join Another Team' is clicked on

2021-05-29 15:42:21 - [TEST_STEP][PASSED] - click(findTestObject("Page_Town Square - test9 Mattermost/span_another")): Object: 'Object Repository/Page_Town Square - test9 Mattermost/span_another' is clicked on

2021-05-29 15:42:24 - [MESSAGE][PASSED] - Object: 'Object Repository/Page_Town Square - test9 Mattermost/span_another' is clicked on

2021-05-29 15:42:24 - [MESSAGE][PASSED] - Call Test Case 'Test Cases/1712666/CommonTC/CTC_JoinTeam' successfully

2021-05-29 15:42:24 - [TEST_STEP][PASSED] - click(findTestObject("Object Repository/Page_Town Square - null Mattermost/div_phuc")): Object: 'Object Repository/Page_Town Square - null Mattermost/div_phuc' is clicked on

2021-05-29 15:42:27 - [MESSAGE][PASSED] - Object: 'Object Repository/Page_Town Square - null Mattermost/div_phuc' is clicked on

2021-05-29 15:42:27 - [TEST_STEP][PASSED] - click(findTestObject("Object Repository/Page_Town Square - null Mattermost/span_Leave Team")): Object: 'Object Repository/Page_Town Square - null Mattermost/span_Leave Team' is clicked on

2021-05-29 15:42:29 - [MESSAGE][PASSED] - Object: 'Object Repository/Page_Town Square - null Mattermost/span_Leave Team' is clicked on

2021-05-29 15:42:29 - [TEST_STEP][PASSED] - click(findTestObject("Object Repository/Page_Town Square - null Mattermost/span_Yes")): Object: 'Object Repository/Page_Town Square - null Mattermost/span_Yes' is clicked on

2021-05-29 15:42:31 - [MESSAGE][PASSED] - Object: 'Object Repository/Page_Town Square - null Mattermost/span_Yes' is clicked on

2021-05-29 15:42:31 - [TEST_STEP][PASSED] - closeBrowser(): Browser is closed

2021-05-29 15:42:32 - [MESSAGE][PASSED] - Browser is closed]]></system-out>
         <system-err><![CDATA[]]></system-err>
      </testcase>
      <testcase name="Test Cases/1612049/TC38_CloseDirectMessage" time="24.139" classname="Test Cases/1612049/TC38_CloseDirectMessage" status="PASSED">
         <system-out><![CDATA[2021-05-29 15:42:32 - [TEST_CASE][PASSED] - Test Cases/1612049/TC38_CloseDirectMessage: Test Cases/1612049/TC38_CloseDirectMessage

2021-05-29 15:42:32 - [TEST_STEP][PASSED] - openBrowser(""): Browser is opened with url: ''

2021-05-29 15:42:32 - [MESSAGE][INFO] - Starting 'Chrome' driver

2021-05-29 15:42:32 - [MESSAGE][INFO] - Action delay is set to 0 milliseconds

2021-05-29 15:42:33 - [MESSAGE][PASSED] - Browser is opened with url: ''

2021-05-29 15:42:33 - [TEST_STEP][PASSED] - navigateToUrl("https://mattermostwebapp.herokuapp.com/"): Navigate to 'https://mattermostwebapp.herokuapp.com/' successfully

2021-05-29 15:42:37 - [MESSAGE][PASSED] - Navigate to 'https://mattermostwebapp.herokuapp.com/' successfully

2021-05-29 15:42:37 - [TEST_STEP][PASSED] - callTestCase(findTestCase("1612049/CommonTC/CTC_Login"), ["username":"jooie", "password":"6z6Vi2R3i06jbzaqW0pQ8Q=="], STOP_ON_FAILURE): Call Test Case 'Test Cases/1612049/CommonTC/CTC_Login' successfully

2021-05-29 15:42:38 - [TEST_CASE][PASSED] - Test Cases/1612049/CommonTC/CTC_Login: Test Cases/1612049/CommonTC/CTC_Login

2021-05-29 15:42:38 - [TEST_STEP][PASSED] - setText(findTestObject("1612049/Login_Screen/input_LoginID"), username): Text 'jooie' is set on object 'Object Repository/1612049/Login_Screen/input_LoginID'

2021-05-29 15:42:42 - [MESSAGE][PASSED] - Text 'jooie' is set on object 'Object Repository/1612049/Login_Screen/input_LoginID'

2021-05-29 15:42:42 - [TEST_STEP][PASSED] - setEncryptedText(findTestObject("1612049/Login_Screen/input_LoginPassword"), password): Text ****** has been set on object 'Object Repository/1612049/Login_Screen/input_LoginPassword'

2021-05-29 15:42:42 - [MESSAGE][PASSED] - Text ****** has been set on object 'Object Repository/1612049/Login_Screen/input_LoginPassword'

2021-05-29 15:42:42 - [TEST_STEP][PASSED] - click(findTestObject("1612049/Login_Screen/btn_Signin")): Object: 'Object Repository/1612049/Login_Screen/btn_Signin' is clicked on

2021-05-29 15:42:43 - [MESSAGE][PASSED] - Object: 'Object Repository/1612049/Login_Screen/btn_Signin' is clicked on

2021-05-29 15:42:43 - [MESSAGE][PASSED] - Call Test Case 'Test Cases/1612049/CommonTC/CTC_Login' successfully

2021-05-29 15:42:43 - [TEST_STEP][PASSED] - callTestCase(findTestCase("1612049/CommonTC/CTC_OpenDirectMessage"), [:], STOP_ON_FAILURE): Call Test Case 'Test Cases/1612049/CommonTC/CTC_OpenDirectMessage' successfully

2021-05-29 15:42:43 - [TEST_CASE][PASSED] - Test Cases/1612049/CommonTC/CTC_OpenDirectMessage: Test Cases/1612049/CommonTC/CTC_OpenDirectMessage

2021-05-29 15:42:43 - [TEST_STEP][PASSED] - click(findTestObject("1612049/Left_Sidebar/Direct_Messages/btn_AddDirectMessage")): Object: 'Object Repository/1612049/Left_Sidebar/Direct_Messages/btn_AddDirectMessage' is clicked on

2021-05-29 15:42:46 - [MESSAGE][PASSED] - Object: 'Object Repository/1612049/Left_Sidebar/Direct_Messages/btn_AddDirectMessage' is clicked on

2021-05-29 15:42:46 - [TEST_STEP][PASSED] - setText(findTestObject("1612049/Left_Sidebar/Direct_Messages/AddDirectMessage_Dialog/input_UsernameForDirectMessage"), "nghi_tran"): Text 'nghi_tran' is set on object 'Object Repository/1612049/Left_Sidebar/Direct_Messages/AddDirectMessage_Dialog/input_UsernameForDirectMessage'

2021-05-29 15:42:48 - [MESSAGE][PASSED] - Text 'nghi_tran' is set on object 'Object Repository/1612049/Left_Sidebar/Direct_Messages/AddDirectMessage_Dialog/input_UsernameForDirectMessage'

2021-05-29 15:42:48 - [TEST_STEP][PASSED] - if (verifyElementPresent(findTestObject("1612049/Left_Sidebar/Direct_Messages/AddDirectMessage_Dialog/div_FirstSearchUsernameResult"), 10, CONTINUE_ON_FAILURE)): null

2021-05-29 15:42:49 - [MESSAGE][PASSED] - Object 'Object Repository/1612049/Left_Sidebar/Direct_Messages/AddDirectMessage_Dialog/div_FirstSearchUsernameResult' is present

2021-05-29 15:42:49 - [TEST_STEP][PASSED] - sendKeys(findTestObject("1612049/Left_Sidebar/Direct_Messages/AddDirectMessage_Dialog/input_UsernameForDirectMessage"), Keys.chord(ENTER)): Keys 'ENTER + ' sent to object: 'Object Repository/1612049/Left_Sidebar/Direct_Messages/AddDirectMessage_Dialog/input_UsernameForDirectMessage'

2021-05-29 15:42:50 - [MESSAGE][PASSED] - Keys 'ENTER + ' sent to object: 'Object Repository/1612049/Left_Sidebar/Direct_Messages/AddDirectMessage_Dialog/input_UsernameForDirectMessage'

2021-05-29 15:42:50 - [TEST_STEP][PASSED] - click(findTestObject("1612049/Left_Sidebar/Direct_Messages/AddDirectMessage_Dialog/btn_SubmitUsernameForDirectMessage")): Object: 'Object Repository/1612049/Left_Sidebar/Direct_Messages/AddDirectMessage_Dialog/btn_SubmitUsernameForDirectMessage' is clicked on

2021-05-29 15:42:51 - [MESSAGE][PASSED] - Object: 'Object Repository/1612049/Left_Sidebar/Direct_Messages/AddDirectMessage_Dialog/btn_SubmitUsernameForDirectMessage' is clicked on

2021-05-29 15:42:51 - [MESSAGE][PASSED] - Call Test Case 'Test Cases/1612049/CommonTC/CTC_OpenDirectMessage' successfully

2021-05-29 15:42:51 - [TEST_STEP][PASSED] - if (verifyElementPresent(findTestObject("1612049/Left_Sidebar/Direct_Messages/a_firstDirectMessage"), 5, CONTINUE_ON_FAILURE)): null

2021-05-29 15:42:52 - [MESSAGE][PASSED] - Object 'Object Repository/1612049/Left_Sidebar/Direct_Messages/a_firstDirectMessage' is present

2021-05-29 15:42:52 - [TEST_STEP][PASSED] - mouseOver(findTestObject("1612049/Left_Sidebar/Direct_Messages/a_firstDirectMessage")): Object: 'Object Repository/1612049/Left_Sidebar/Direct_Messages/a_firstDirectMessage' is hovered

2021-05-29 15:42:53 - [MESSAGE][PASSED] - Object: 'Object Repository/1612049/Left_Sidebar/Direct_Messages/a_firstDirectMessage' is hovered

2021-05-29 15:42:53 - [TEST_STEP][PASSED] - click(findTestObject("1612049/Left_Sidebar/Direct_Messages/btn_CloseDirectMessage")): Object: 'Object Repository/1612049/Left_Sidebar/Direct_Messages/btn_CloseDirectMessage' is clicked on

2021-05-29 15:42:53 - [MESSAGE][PASSED] - Object: 'Object Repository/1612049/Left_Sidebar/Direct_Messages/btn_CloseDirectMessage' is clicked on

2021-05-29 15:42:53 - [TEST_STEP][PASSED] - Thread.sleep(2000): null

2021-05-29 15:42:55 - [TEST_STEP][PASSED] - closeBrowser(): Browser is closed

2021-05-29 15:42:56 - [MESSAGE][PASSED] - Browser is closed]]></system-out>
         <system-err><![CDATA[]]></system-err>
      </testcase>
      <testcase name="Test Cases/1712612/TC25_ConvertPublicChannelToPrivate" time="47.664" classname="Test Cases/1712612/TC25_ConvertPublicChannelToPrivate" status="FAILED">
         <failure type="FAILED" message="Test Cases/1712612/TC25_ConvertPublicChannelToPrivate FAILED.
Reason:
com.kms.katalon.core.exception.StepFailedException: Unable to click on object 'Object Repository/1712612_Mattermost Object/Page_Town Square - Test 1712612 Mattermost/a_new channel'
	at com.kms.katalon.core.webui.keyword.internal.WebUIKeywordMain.stepFailed(WebUIKeywordMain.groovy:64)
	at com.kms.katalon.core.webui.keyword.internal.WebUIKeywordMain.runKeyword(WebUIKeywordMain.groovy:26)
	at com.kms.katalon.core.webui.keyword.builtin.ClickKeyword.click(ClickKeyword.groovy:75)
	at com.kms.katalon.core.webui.keyword.builtin.ClickKeyword.execute(ClickKeyword.groovy:42)
	at com.kms.katalon.core.keyword.internal.KeywordExecutor.executeKeywordForPlatform(KeywordExecutor.groovy:73)
	at com.kms.katalon.core.webui.keyword.WebUiBuiltInKeywords.click(WebUiBuiltInKeywords.groovy:619)
	at com.kms.katalon.core.webui.keyword.WebUiBuiltInKeywords$click$3.call(Unknown Source)
	at TC25_ConvertPublicChannelToPrivate.run(TC25_ConvertPublicChannelToPrivate:26)
	at com.kms.katalon.core.main.ScriptEngine.run(ScriptEngine.java:194)
	at com.kms.katalon.core.main.ScriptEngine.runScriptAsRawText(ScriptEngine.java:119)
	at com.kms.katalon.core.main.TestCaseExecutor.runScript(TestCaseExecutor.java:398)
	at com.kms.katalon.core.main.TestCaseExecutor.doExecute(TestCaseExecutor.java:389)
	at com.kms.katalon.core.main.TestCaseExecutor.processExecutionPhase(TestCaseExecutor.java:368)
	at com.kms.katalon.core.main.TestCaseExecutor.accessMainPhase(TestCaseExecutor.java:360)
	at com.kms.katalon.core.main.TestCaseExecutor.execute(TestCaseExecutor.java:255)
	at com.kms.katalon.core.main.TestSuiteExecutor.accessTestCaseMainPhase(TestSuiteExecutor.java:203)
	at com.kms.katalon.core.main.TestSuiteExecutor.accessTestSuiteMainPhase(TestSuiteExecutor.java:152)
	at com.kms.katalon.core.main.TestSuiteExecutor.execute(TestSuiteExecutor.java:95)
	at com.kms.katalon.core.main.TestCaseMain.startTestSuite(TestCaseMain.java:157)
	at com.kms.katalon.core.main.TestCaseMain$startTestSuite$0.call(Unknown Source)
	at TempTestSuite1622276398873.run(TempTestSuite1622276398873.groovy:39)
Caused by: com.kms.katalon.core.webui.exception.WebElementNotFoundException: Web element with id: 'Object Repository/1712612_Mattermost Object/Page_Town Square - Test 1712612 Mattermost/a_new channel' located by '//a[@id='sidebarItem_new-channel']' not found
	at com.kms.katalon.core.webui.common.WebUiCommonHelper.findWebElement(WebUiCommonHelper.java:1368)
	at com.kms.katalon.core.webui.keyword.internal.WebUIAbstractKeyword.findWebElement(WebUIAbstractKeyword.groovy:27)
	at com.kms.katalon.core.webui.keyword.internal.WebUIAbstractKeyword.findWebElement(WebUIAbstractKeyword.groovy:26)
	at com.kms.katalon.core.webui.keyword.builtin.ClickKeyword$_click_closure1.doCall(ClickKeyword.groovy:66)
	at com.kms.katalon.core.webui.keyword.builtin.ClickKeyword$_click_closure1.call(ClickKeyword.groovy)
	at com.kms.katalon.core.webui.keyword.internal.WebUIKeywordMain.runKeyword(WebUIKeywordMain.groovy:20)
	... 19 more
"/>
         <system-out><![CDATA[2021-05-29 15:42:56 - [TEST_CASE][FAILED] - Test Cases/1712612/TC25_ConvertPublicChannelToPrivate: Test Cases/1712612/TC25_ConvertPublicChannelToPrivate FAILED.
Reason:
com.kms.katalon.core.exception.StepFailedException: Unable to click on object 'Object Repository/1712612_Mattermost Object/Page_Town Square - Test 1712612 Mattermost/a_new channel'
	at com.kms.katalon.core.webui.keyword.internal.WebUIKeywordMain.stepFailed(WebUIKeywordMain.groovy:64)
	at com.kms.katalon.core.webui.keyword.internal.WebUIKeywordMain.runKeyword(WebUIKeywordMain.groovy:26)
	at com.kms.katalon.core.webui.keyword.builtin.ClickKeyword.click(ClickKeyword.groovy:75)
	at com.kms.katalon.core.webui.keyword.builtin.ClickKeyword.execute(ClickKeyword.groovy:42)
	at com.kms.katalon.core.keyword.internal.KeywordExecutor.executeKeywordForPlatform(KeywordExecutor.groovy:73)
	at com.kms.katalon.core.webui.keyword.WebUiBuiltInKeywords.click(WebUiBuiltInKeywords.groovy:619)
	at com.kms.katalon.core.webui.keyword.WebUiBuiltInKeywords$click$3.call(Unknown Source)
	at TC25_ConvertPublicChannelToPrivate.run(TC25_ConvertPublicChannelToPrivate:26)
	at com.kms.katalon.core.main.ScriptEngine.run(ScriptEngine.java:194)
	at com.kms.katalon.core.main.ScriptEngine.runScriptAsRawText(ScriptEngine.java:119)
	at com.kms.katalon.core.main.TestCaseExecutor.runScript(TestCaseExecutor.java:398)
	at com.kms.katalon.core.main.TestCaseExecutor.doExecute(TestCaseExecutor.java:389)
	at com.kms.katalon.core.main.TestCaseExecutor.processExecutionPhase(TestCaseExecutor.java:368)
	at com.kms.katalon.core.main.TestCaseExecutor.accessMainPhase(TestCaseExecutor.java:360)
	at com.kms.katalon.core.main.TestCaseExecutor.execute(TestCaseExecutor.java:255)
	at com.kms.katalon.core.main.TestSuiteExecutor.accessTestCaseMainPhase(TestSuiteExecutor.java:203)
	at com.kms.katalon.core.main.TestSuiteExecutor.accessTestSuiteMainPhase(TestSuiteExecutor.java:152)
	at com.kms.katalon.core.main.TestSuiteExecutor.execute(TestSuiteExecutor.java:95)
	at com.kms.katalon.core.main.TestCaseMain.startTestSuite(TestCaseMain.java:157)
	at com.kms.katalon.core.main.TestCaseMain$startTestSuite$0.call(Unknown Source)
	at TempTestSuite1622276398873.run(TempTestSuite1622276398873.groovy:39)
Caused by: com.kms.katalon.core.webui.exception.WebElementNotFoundException: Web element with id: 'Object Repository/1712612_Mattermost Object/Page_Town Square - Test 1712612 Mattermost/a_new channel' located by '//a[@id='sidebarItem_new-channel']' not found
	at com.kms.katalon.core.webui.common.WebUiCommonHelper.findWebElement(WebUiCommonHelper.java:1368)
	at com.kms.katalon.core.webui.keyword.internal.WebUIAbstractKeyword.findWebElement(WebUIAbstractKeyword.groovy:27)
	at com.kms.katalon.core.webui.keyword.internal.WebUIAbstractKeyword.findWebElement(WebUIAbstractKeyword.groovy:26)
	at com.kms.katalon.core.webui.keyword.builtin.ClickKeyword$_click_closure1.doCall(ClickKeyword.groovy:66)
	at com.kms.katalon.core.webui.keyword.builtin.ClickKeyword$_click_closure1.call(ClickKeyword.groovy)
	at com.kms.katalon.core.webui.keyword.internal.WebUIKeywordMain.runKeyword(WebUIKeywordMain.groovy:20)
	... 19 more


2021-05-29 15:42:56 - [TEST_STEP][PASSED] - callTestCase(findTestCase("1712612/CommonTC/TC_OpenPage"), [:], STOP_ON_FAILURE): Call Test Case 'Test Cases/1712612/CommonTC/TC_OpenPage' successfully

2021-05-29 15:42:56 - [TEST_CASE][PASSED] - Test Cases/1712612/CommonTC/TC_OpenPage: Test Cases/1712612/CommonTC/TC_OpenPage

2021-05-29 15:42:56 - [TEST_STEP][PASSED] - openBrowser(""): Browser is opened with url: ''

2021-05-29 15:42:56 - [MESSAGE][INFO] - Starting 'Chrome' driver

2021-05-29 15:42:56 - [MESSAGE][INFO] - Action delay is set to 0 milliseconds

2021-05-29 15:42:57 - [MESSAGE][PASSED] - Browser is opened with url: ''

2021-05-29 15:42:57 - [TEST_STEP][PASSED] - navigateToUrl("https://mattermostwebapp.herokuapp.com/login"): Navigate to 'https://mattermostwebapp.herokuapp.com/login' successfully

2021-05-29 15:43:01 - [MESSAGE][PASSED] - Navigate to 'https://mattermostwebapp.herokuapp.com/login' successfully

2021-05-29 15:43:01 - [MESSAGE][PASSED] - Call Test Case 'Test Cases/1712612/CommonTC/TC_OpenPage' successfully

2021-05-29 15:43:01 - [TEST_STEP][PASSED] - callTestCase(findTestCase("1712612/CommonTC/TC_Login"), [:], STOP_ON_FAILURE): Call Test Case 'Test Cases/1712612/CommonTC/TC_Login' successfully

2021-05-29 15:43:01 - [TEST_CASE][PASSED] - Test Cases/1712612/CommonTC/TC_Login: Test Cases/1712612/CommonTC/TC_Login

2021-05-29 15:43:01 - [TEST_STEP][PASSED] - verifyElementVisible(findTestObject("Object Repository/1712612_Mattermost Object/Page_Mattermost/input_login_username"), STOP_ON_FAILURE): Object 'Object Repository/1712612_Mattermost Object/Page_Mattermost/input_login_username' is visible

2021-05-29 15:43:06 - [MESSAGE][PASSED] - Object 'Object Repository/1712612_Mattermost Object/Page_Mattermost/input_login_username' is visible

2021-05-29 15:43:06 - [TEST_STEP][PASSED] - verifyElementVisible(findTestObject("Object Repository/1712612_Mattermost Object/Page_Mattermost/input_login_password"), STOP_ON_FAILURE): Object 'Object Repository/1712612_Mattermost Object/Page_Mattermost/input_login_password' is visible

2021-05-29 15:43:06 - [MESSAGE][PASSED] - Object 'Object Repository/1712612_Mattermost Object/Page_Mattermost/input_login_password' is visible

2021-05-29 15:43:06 - [TEST_STEP][PASSED] - setText(findTestObject("Object Repository/1712612_Mattermost Object/Page_Mattermost/input_login_username"), "nghi_tran"): Text 'nghi_tran' is set on object 'Object Repository/1712612_Mattermost Object/Page_Mattermost/input_login_username'

2021-05-29 15:43:07 - [MESSAGE][PASSED] - Text 'nghi_tran' is set on object 'Object Repository/1712612_Mattermost Object/Page_Mattermost/input_login_username'

2021-05-29 15:43:07 - [TEST_STEP][PASSED] - setEncryptedText(findTestObject("Object Repository/1712612_Mattermost Object/Page_Mattermost/input_login_password"), "KBlHou+hFmnFUOUwxwboiw=="): Text ****** has been set on object 'Object Repository/1712612_Mattermost Object/Page_Mattermost/input_login_password'

2021-05-29 15:43:07 - [MESSAGE][PASSED] - Text ****** has been set on object 'Object Repository/1712612_Mattermost Object/Page_Mattermost/input_login_password'

2021-05-29 15:43:07 - [TEST_STEP][PASSED] - click(findTestObject("Object Repository/1712612_Mattermost Object/Page_Mattermost/button_Sign in")): Object: 'Object Repository/1712612_Mattermost Object/Page_Mattermost/button_Sign in' is clicked on

2021-05-29 15:43:08 - [MESSAGE][PASSED] - Object: 'Object Repository/1712612_Mattermost Object/Page_Mattermost/button_Sign in' is clicked on

2021-05-29 15:43:08 - [TEST_STEP][PASSED] - verifyElementVisible(findTestObject("Object Repository/1712612_Mattermost Object/Page_Town Square - another Mattermost/img__Avatar Avatar-lg"), STOP_ON_FAILURE): Object 'Object Repository/1712612_Mattermost Object/Page_Town Square - another Mattermost/img__Avatar Avatar-lg' is visible

2021-05-29 15:43:12 - [MESSAGE][PASSED] - Object 'Object Repository/1712612_Mattermost Object/Page_Town Square - another Mattermost/img__Avatar Avatar-lg' is visible

2021-05-29 15:43:12 - [MESSAGE][PASSED] - Call Test Case 'Test Cases/1712612/CommonTC/TC_Login' successfully

2021-05-29 15:43:12 - [TEST_STEP][PASSED] - navigateToUrl("https://mattermostwebapp.herokuapp.com/test-1712612/channels/town-square"): Navigate to 'https://mattermostwebapp.herokuapp.com/test-1712612/channels/town-square' successfully

2021-05-29 15:43:12 - [MESSAGE][PASSED] - Navigate to 'https://mattermostwebapp.herokuapp.com/test-1712612/channels/town-square' successfully

2021-05-29 15:43:12 - [TEST_STEP][FAILED] - click(findTestObject("Object Repository/1712612_Mattermost Object/Page_Town Square - Test 1712612 Mattermost/a_new channel")): Unable to click on object 'Object Repository/1712612_Mattermost Object/Page_Town Square - Test 1712612 Mattermost/a_new channel' (Root cause: com.kms.katalon.core.exception.StepFailedException: Unable to click on object 'Object Repository/1712612_Mattermost Object/Page_Town Square - Test 1712612 Mattermost/a_new channel'
	at com.kms.katalon.core.webui.keyword.internal.WebUIKeywordMain.stepFailed(WebUIKeywordMain.groovy:64)
	at com.kms.katalon.core.webui.keyword.internal.WebUIKeywordMain.runKeyword(WebUIKeywordMain.groovy:26)
	at com.kms.katalon.core.webui.keyword.builtin.ClickKeyword.click(ClickKeyword.groovy:75)
	at com.kms.katalon.core.webui.keyword.builtin.ClickKeyword.execute(ClickKeyword.groovy:42)
	at com.kms.katalon.core.keyword.internal.KeywordExecutor.executeKeywordForPlatform(KeywordExecutor.groovy:73)
	at com.kms.katalon.core.webui.keyword.WebUiBuiltInKeywords.click(WebUiBuiltInKeywords.groovy:619)
	at com.kms.katalon.core.webui.keyword.WebUiBuiltInKeywords$click$3.call(Unknown Source)
	at TC25_ConvertPublicChannelToPrivate.run(TC25_ConvertPublicChannelToPrivate:26)
	at com.kms.katalon.core.main.ScriptEngine.run(ScriptEngine.java:194)
	at com.kms.katalon.core.main.ScriptEngine.runScriptAsRawText(ScriptEngine.java:119)
	at com.kms.katalon.core.main.TestCaseExecutor.runScript(TestCaseExecutor.java:398)
	at com.kms.katalon.core.main.TestCaseExecutor.doExecute(TestCaseExecutor.java:389)
	at com.kms.katalon.core.main.TestCaseExecutor.processExecutionPhase(TestCaseExecutor.java:368)
	at com.kms.katalon.core.main.TestCaseExecutor.accessMainPhase(TestCaseExecutor.java:360)
	at com.kms.katalon.core.main.TestCaseExecutor.execute(TestCaseExecutor.java:255)
	at com.kms.katalon.core.main.TestSuiteExecutor.accessTestCaseMainPhase(TestSuiteExecutor.java:203)
	at com.kms.katalon.core.main.TestSuiteExecutor.accessTestSuiteMainPhase(TestSuiteExecutor.java:152)
	at com.kms.katalon.core.main.TestSuiteExecutor.execute(TestSuiteExecutor.java:95)
	at com.kms.katalon.core.main.TestCaseMain.startTestSuite(TestCaseMain.java:157)
	at com.kms.katalon.core.main.TestCaseMain$startTestSuite$0.call(Unknown Source)
	at TempTestSuite1622276398873.run(TempTestSuite1622276398873.groovy:39)
Caused by: com.kms.katalon.core.webui.exception.WebElementNotFoundException: Web element with id: 'Object Repository/1712612_Mattermost Object/Page_Town Square - Test 1712612 Mattermost/a_new channel' located by '//a[@id='sidebarItem_new-channel']' not found
	at com.kms.katalon.core.webui.common.WebUiCommonHelper.findWebElement(WebUiCommonHelper.java:1368)
	at com.kms.katalon.core.webui.keyword.internal.WebUIAbstractKeyword.findWebElement(WebUIAbstractKeyword.groovy:27)
	at com.kms.katalon.core.webui.keyword.internal.WebUIAbstractKeyword.findWebElement(WebUIAbstractKeyword.groovy:26)
	at com.kms.katalon.core.webui.keyword.builtin.ClickKeyword$_click_closure1.doCall(ClickKeyword.groovy:66)
	at com.kms.katalon.core.webui.keyword.builtin.ClickKeyword$_click_closure1.call(ClickKeyword.groovy)
	at com.kms.katalon.core.webui.keyword.internal.WebUIKeywordMain.runKeyword(WebUIKeywordMain.groovy:20)
	at com.kms.katalon.core.webui.keyword.builtin.ClickKeyword.click(ClickKeyword.groovy:75)
	at com.kms.katalon.core.webui.keyword.builtin.ClickKeyword.execute(ClickKeyword.groovy:42)
	at com.kms.katalon.core.keyword.internal.KeywordExecutor.executeKeywordForPlatform(KeywordExecutor.groovy:73)
	at com.kms.katalon.core.webui.keyword.WebUiBuiltInKeywords.click(WebUiBuiltInKeywords.groovy:619)
	at com.kms.katalon.core.webui.keyword.WebUiBuiltInKeywords$click$3.call(Unknown Source)
	at Script1621656968177.run(Script1621656968177.groovy:26)
	... 13 more
)

2021-05-29 15:43:43 - [MESSAGE][INFO] - Unable to find the element located by 'By.xpath: //a[@id='sidebarItem_new-channel']'. Please recheck the objects properties to make sure the desired element is located. 

2021-05-29 15:43:43 - [MESSAGE][FAILED] - Unable to click on object 'Object Repository/1712612_Mattermost Object/Page_Town Square - Test 1712612 Mattermost/a_new channel' (Root cause: com.kms.katalon.core.exception.StepFailedException: Unable to click on object 'Object Repository/1712612_Mattermost Object/Page_Town Square - Test 1712612 Mattermost/a_new channel'
	at com.kms.katalon.core.webui.keyword.internal.WebUIKeywordMain.stepFailed(WebUIKeywordMain.groovy:64)
	at com.kms.katalon.core.webui.keyword.internal.WebUIKeywordMain.runKeyword(WebUIKeywordMain.groovy:26)
	at com.kms.katalon.core.webui.keyword.builtin.ClickKeyword.click(ClickKeyword.groovy:75)
	at com.kms.katalon.core.webui.keyword.builtin.ClickKeyword.execute(ClickKeyword.groovy:42)
	at com.kms.katalon.core.keyword.internal.KeywordExecutor.executeKeywordForPlatform(KeywordExecutor.groovy:73)
	at com.kms.katalon.core.webui.keyword.WebUiBuiltInKeywords.click(WebUiBuiltInKeywords.groovy:619)
	at com.kms.katalon.core.webui.keyword.WebUiBuiltInKeywords$click$3.call(Unknown Source)
	at TC25_ConvertPublicChannelToPrivate.run(TC25_ConvertPublicChannelToPrivate:26)
	at com.kms.katalon.core.main.ScriptEngine.run(ScriptEngine.java:194)
	at com.kms.katalon.core.main.ScriptEngine.runScriptAsRawText(ScriptEngine.java:119)
	at com.kms.katalon.core.main.TestCaseExecutor.runScript(TestCaseExecutor.java:398)
	at com.kms.katalon.core.main.TestCaseExecutor.doExecute(TestCaseExecutor.java:389)
	at com.kms.katalon.core.main.TestCaseExecutor.processExecutionPhase(TestCaseExecutor.java:368)
	at com.kms.katalon.core.main.TestCaseExecutor.accessMainPhase(TestCaseExecutor.java:360)
	at com.kms.katalon.core.main.TestCaseExecutor.execute(TestCaseExecutor.java:255)
	at com.kms.katalon.core.main.TestSuiteExecutor.accessTestCaseMainPhase(TestSuiteExecutor.java:203)
	at com.kms.katalon.core.main.TestSuiteExecutor.accessTestSuiteMainPhase(TestSuiteExecutor.java:152)
	at com.kms.katalon.core.main.TestSuiteExecutor.execute(TestSuiteExecutor.java:95)
	at com.kms.katalon.core.main.TestCaseMain.startTestSuite(TestCaseMain.java:157)
	at com.kms.katalon.core.main.TestCaseMain$startTestSuite$0.call(Unknown Source)
	at TempTestSuite1622276398873.run(TempTestSuite1622276398873.groovy:39)
Caused by: com.kms.katalon.core.webui.exception.WebElementNotFoundException: Web element with id: 'Object Repository/1712612_Mattermost Object/Page_Town Square - Test 1712612 Mattermost/a_new channel' located by '//a[@id='sidebarItem_new-channel']' not found
	at com.kms.katalon.core.webui.common.WebUiCommonHelper.findWebElement(WebUiCommonHelper.java:1368)
	at com.kms.katalon.core.webui.keyword.internal.WebUIAbstractKeyword.findWebElement(WebUIAbstractKeyword.groovy:27)
	at com.kms.katalon.core.webui.keyword.internal.WebUIAbstractKeyword.findWebElement(WebUIAbstractKeyword.groovy:26)
	at com.kms.katalon.core.webui.keyword.builtin.ClickKeyword$_click_closure1.doCall(ClickKeyword.groovy:66)
	at com.kms.katalon.core.webui.keyword.builtin.ClickKeyword$_click_closure1.call(ClickKeyword.groovy)
	at com.kms.katalon.core.webui.keyword.internal.WebUIKeywordMain.runKeyword(WebUIKeywordMain.groovy:20)
	at com.kms.katalon.core.webui.keyword.builtin.ClickKeyword.click(ClickKeyword.groovy:75)
	at com.kms.katalon.core.webui.keyword.builtin.ClickKeyword.execute(ClickKeyword.groovy:42)
	at com.kms.katalon.core.keyword.internal.KeywordExecutor.executeKeywordForPlatform(KeywordExecutor.groovy:73)
	at com.kms.katalon.core.webui.keyword.WebUiBuiltInKeywords.click(WebUiBuiltInKeywords.groovy:619)
	at com.kms.katalon.core.webui.keyword.WebUiBuiltInKeywords$click$3.call(Unknown Source)
	at Script1621656968177.run(Script1621656968177.groovy:26)
	... 13 more
)
[[ATTACHMENT|C:\\Users\\Bao Chau\\Katalon Studio\\Mattermost_AutoTesting\\Reports\\20210529_151958\\1612049\\Run all test cases\\20210529_151958\\1622277823685.png]]]]></system-out>
         <system-err><![CDATA[2021-05-29 15:42:56 - [TEST_CASE][FAILED] - Test Cases/1712612/TC25_ConvertPublicChannelToPrivate: Test Cases/1712612/TC25_ConvertPublicChannelToPrivate FAILED.
Reason:
com.kms.katalon.core.exception.StepFailedException: Unable to click on object 'Object Repository/1712612_Mattermost Object/Page_Town Square - Test 1712612 Mattermost/a_new channel'
	at com.kms.katalon.core.webui.keyword.internal.WebUIKeywordMain.stepFailed(WebUIKeywordMain.groovy:64)
	at com.kms.katalon.core.webui.keyword.internal.WebUIKeywordMain.runKeyword(WebUIKeywordMain.groovy:26)
	at com.kms.katalon.core.webui.keyword.builtin.ClickKeyword.click(ClickKeyword.groovy:75)
	at com.kms.katalon.core.webui.keyword.builtin.ClickKeyword.execute(ClickKeyword.groovy:42)
	at com.kms.katalon.core.keyword.internal.KeywordExecutor.executeKeywordForPlatform(KeywordExecutor.groovy:73)
	at com.kms.katalon.core.webui.keyword.WebUiBuiltInKeywords.click(WebUiBuiltInKeywords.groovy:619)
	at com.kms.katalon.core.webui.keyword.WebUiBuiltInKeywords$click$3.call(Unknown Source)
	at TC25_ConvertPublicChannelToPrivate.run(TC25_ConvertPublicChannelToPrivate:26)
	at com.kms.katalon.core.main.ScriptEngine.run(ScriptEngine.java:194)
	at com.kms.katalon.core.main.ScriptEngine.runScriptAsRawText(ScriptEngine.java:119)
	at com.kms.katalon.core.main.TestCaseExecutor.runScript(TestCaseExecutor.java:398)
	at com.kms.katalon.core.main.TestCaseExecutor.doExecute(TestCaseExecutor.java:389)
	at com.kms.katalon.core.main.TestCaseExecutor.processExecutionPhase(TestCaseExecutor.java:368)
	at com.kms.katalon.core.main.TestCaseExecutor.accessMainPhase(TestCaseExecutor.java:360)
	at com.kms.katalon.core.main.TestCaseExecutor.execute(TestCaseExecutor.java:255)
	at com.kms.katalon.core.main.TestSuiteExecutor.accessTestCaseMainPhase(TestSuiteExecutor.java:203)
	at com.kms.katalon.core.main.TestSuiteExecutor.accessTestSuiteMainPhase(TestSuiteExecutor.java:152)
	at com.kms.katalon.core.main.TestSuiteExecutor.execute(TestSuiteExecutor.java:95)
	at com.kms.katalon.core.main.TestCaseMain.startTestSuite(TestCaseMain.java:157)
	at com.kms.katalon.core.main.TestCaseMain$startTestSuite$0.call(Unknown Source)
	at TempTestSuite1622276398873.run(TempTestSuite1622276398873.groovy:39)
Caused by: com.kms.katalon.core.webui.exception.WebElementNotFoundException: Web element with id: 'Object Repository/1712612_Mattermost Object/Page_Town Square - Test 1712612 Mattermost/a_new channel' located by '//a[@id='sidebarItem_new-channel']' not found
	at com.kms.katalon.core.webui.common.WebUiCommonHelper.findWebElement(WebUiCommonHelper.java:1368)
	at com.kms.katalon.core.webui.keyword.internal.WebUIAbstractKeyword.findWebElement(WebUIAbstractKeyword.groovy:27)
	at com.kms.katalon.core.webui.keyword.internal.WebUIAbstractKeyword.findWebElement(WebUIAbstractKeyword.groovy:26)
	at com.kms.katalon.core.webui.keyword.builtin.ClickKeyword$_click_closure1.doCall(ClickKeyword.groovy:66)
	at com.kms.katalon.core.webui.keyword.builtin.ClickKeyword$_click_closure1.call(ClickKeyword.groovy)
	at com.kms.katalon.core.webui.keyword.internal.WebUIKeywordMain.runKeyword(WebUIKeywordMain.groovy:20)
	... 19 more]]></system-err>
      </testcase>
      <testcase name="Test Cases/1612049/TC40_AddEmoji" time="35.494" classname="Test Cases/1612049/TC40_AddEmoji" status="PASSED">
         <system-out><![CDATA[2021-05-29 15:43:43 - [TEST_CASE][PASSED] - Test Cases/1612049/TC40_AddEmoji: Test Cases/1612049/TC40_AddEmoji

2021-05-29 15:43:44 - [TEST_STEP][PASSED] - openBrowser(""): Browser is opened with url: ''

2021-05-29 15:43:44 - [MESSAGE][WARNING] - A browser is already opened. Closing browser and opening a new one

2021-05-29 15:43:44 - [MESSAGE][INFO] - Starting 'Chrome' driver

2021-05-29 15:43:44 - [MESSAGE][INFO] - Action delay is set to 0 milliseconds

2021-05-29 15:43:46 - [MESSAGE][PASSED] - Browser is opened with url: ''

2021-05-29 15:43:46 - [TEST_STEP][PASSED] - navigateToUrl("https://mattermostwebapp.herokuapp.com/"): Navigate to 'https://mattermostwebapp.herokuapp.com/' successfully

2021-05-29 15:43:49 - [MESSAGE][PASSED] - Navigate to 'https://mattermostwebapp.herokuapp.com/' successfully

2021-05-29 15:43:49 - [TEST_STEP][PASSED] - callTestCase(findTestCase("1612049/CommonTC/CTC_Login"), ["username":"jooie", "password":"6z6Vi2R3i06jbzaqW0pQ8Q=="], STOP_ON_FAILURE): Call Test Case 'Test Cases/1612049/CommonTC/CTC_Login' successfully

2021-05-29 15:43:49 - [TEST_CASE][PASSED] - Test Cases/1612049/CommonTC/CTC_Login: Test Cases/1612049/CommonTC/CTC_Login

2021-05-29 15:43:49 - [TEST_STEP][PASSED] - setText(findTestObject("1612049/Login_Screen/input_LoginID"), username): Text 'jooie' is set on object 'Object Repository/1612049/Login_Screen/input_LoginID'

2021-05-29 15:43:54 - [MESSAGE][PASSED] - Text 'jooie' is set on object 'Object Repository/1612049/Login_Screen/input_LoginID'

2021-05-29 15:43:54 - [TEST_STEP][PASSED] - setEncryptedText(findTestObject("1612049/Login_Screen/input_LoginPassword"), password): Text ****** has been set on object 'Object Repository/1612049/Login_Screen/input_LoginPassword'

2021-05-29 15:43:55 - [MESSAGE][PASSED] - Text ****** has been set on object 'Object Repository/1612049/Login_Screen/input_LoginPassword'

2021-05-29 15:43:55 - [TEST_STEP][PASSED] - click(findTestObject("1612049/Login_Screen/btn_Signin")): Object: 'Object Repository/1612049/Login_Screen/btn_Signin' is clicked on

2021-05-29 15:43:55 - [MESSAGE][PASSED] - Object: 'Object Repository/1612049/Login_Screen/btn_Signin' is clicked on

2021-05-29 15:43:55 - [MESSAGE][PASSED] - Call Test Case 'Test Cases/1612049/CommonTC/CTC_Login' successfully

2021-05-29 15:43:55 - [TEST_STEP][PASSED] - for ([i = 1, i <= 5, i += 1]): null

2021-05-29 15:43:55 - [TEST_STEP][PASSED] - click(findTestObject("1612049/Posts_Area/Posts_Create/EmojiPicker/btn_EmojiPicker")): Object: 'Object Repository/1612049/Posts_Area/Posts_Create/EmojiPicker/btn_EmojiPicker' is clicked on

2021-05-29 15:43:59 - [MESSAGE][PASSED] - Object: 'Object Repository/1612049/Posts_Area/Posts_Create/EmojiPicker/btn_EmojiPicker' is clicked on

2021-05-29 15:43:59 - [TEST_STEP][PASSED] - switch (findTestData("1612049/Data TC40 AddEmoji").getValue(1, i)): null

2021-05-29 15:43:59 - [TEST_STEP][PASSED] - case "relaxed":: null

2021-05-29 15:43:59 - [TEST_STEP][PASSED] - click(findTestObject("1612049/Posts_Area/Posts_Create/EmojiPicker/btn_RelaxedEmoji")): Object: 'Object Repository/1612049/Posts_Area/Posts_Create/EmojiPicker/btn_RelaxedEmoji' is clicked on

2021-05-29 15:44:00 - [MESSAGE][PASSED] - Object: 'Object Repository/1612049/Posts_Area/Posts_Create/EmojiPicker/btn_RelaxedEmoji' is clicked on

2021-05-29 15:44:00 - [TEST_STEP][PASSED] - break: null

2021-05-29 15:44:00 - [TEST_STEP][PASSED] - sendKeys(findTestObject("1612049/Posts_Area/Posts_Create/input_Message"), Keys.chord(ENTER)): Keys 'ENTER + ' sent to object: 'Object Repository/1612049/Posts_Area/Posts_Create/input_Message'

2021-05-29 15:44:01 - [MESSAGE][PASSED] - Keys 'ENTER + ' sent to object: 'Object Repository/1612049/Posts_Area/Posts_Create/input_Message'

2021-05-29 15:44:01 - [TEST_STEP][PASSED] - Thread.sleep(2000): null

2021-05-29 15:44:03 - [TEST_STEP][PASSED] - click(findTestObject("1612049/Posts_Area/Posts_Create/EmojiPicker/btn_EmojiPicker")): Object: 'Object Repository/1612049/Posts_Area/Posts_Create/EmojiPicker/btn_EmojiPicker' is clicked on

2021-05-29 15:44:03 - [MESSAGE][PASSED] - Object: 'Object Repository/1612049/Posts_Area/Posts_Create/EmojiPicker/btn_EmojiPicker' is clicked on

2021-05-29 15:44:03 - [TEST_STEP][PASSED] - switch (findTestData("1612049/Data TC40 AddEmoji").getValue(1, i)): null

2021-05-29 15:44:03 - [TEST_STEP][PASSED] - case "innocent":: null

2021-05-29 15:44:03 - [TEST_STEP][PASSED] - click(findTestObject("1612049/Posts_Area/Posts_Create/EmojiPicker/btn_InnocentEmoji")): Object: 'Object Repository/1612049/Posts_Area/Posts_Create/EmojiPicker/btn_InnocentEmoji' is clicked on

2021-05-29 15:44:04 - [MESSAGE][PASSED] - Object: 'Object Repository/1612049/Posts_Area/Posts_Create/EmojiPicker/btn_InnocentEmoji' is clicked on

2021-05-29 15:44:04 - [TEST_STEP][PASSED] - break: null

2021-05-29 15:44:04 - [TEST_STEP][PASSED] - sendKeys(findTestObject("1612049/Posts_Area/Posts_Create/input_Message"), Keys.chord(ENTER)): Keys 'ENTER + ' sent to object: 'Object Repository/1612049/Posts_Area/Posts_Create/input_Message'

2021-05-29 15:44:05 - [MESSAGE][PASSED] - Keys 'ENTER + ' sent to object: 'Object Repository/1612049/Posts_Area/Posts_Create/input_Message'

2021-05-29 15:44:05 - [TEST_STEP][PASSED] - Thread.sleep(2000): null

2021-05-29 15:44:07 - [TEST_STEP][PASSED] - click(findTestObject("1612049/Posts_Area/Posts_Create/EmojiPicker/btn_EmojiPicker")): Object: 'Object Repository/1612049/Posts_Area/Posts_Create/EmojiPicker/btn_EmojiPicker' is clicked on

2021-05-29 15:44:07 - [MESSAGE][PASSED] - Object: 'Object Repository/1612049/Posts_Area/Posts_Create/EmojiPicker/btn_EmojiPicker' is clicked on

2021-05-29 15:44:07 - [TEST_STEP][PASSED] - switch (findTestData("1612049/Data TC40 AddEmoji").getValue(1, i)): null

2021-05-29 15:44:07 - [TEST_STEP][PASSED] - case "clown_face":: null

2021-05-29 15:44:07 - [TEST_STEP][PASSED] - click(findTestObject("1612049/Posts_Area/Posts_Create/EmojiPicker/btn_ClownFaceEmoji")): Object: 'Object Repository/1612049/Posts_Area/Posts_Create/EmojiPicker/btn_ClownFaceEmoji' is clicked on

2021-05-29 15:44:08 - [MESSAGE][PASSED] - Object: 'Object Repository/1612049/Posts_Area/Posts_Create/EmojiPicker/btn_ClownFaceEmoji' is clicked on

2021-05-29 15:44:08 - [TEST_STEP][PASSED] - break: null

2021-05-29 15:44:08 - [TEST_STEP][PASSED] - sendKeys(findTestObject("1612049/Posts_Area/Posts_Create/input_Message"), Keys.chord(ENTER)): Keys 'ENTER + ' sent to object: 'Object Repository/1612049/Posts_Area/Posts_Create/input_Message'

2021-05-29 15:44:08 - [MESSAGE][PASSED] - Keys 'ENTER + ' sent to object: 'Object Repository/1612049/Posts_Area/Posts_Create/input_Message'

2021-05-29 15:44:08 - [TEST_STEP][PASSED] - Thread.sleep(2000): null

2021-05-29 15:44:10 - [TEST_STEP][PASSED] - click(findTestObject("1612049/Posts_Area/Posts_Create/EmojiPicker/btn_EmojiPicker")): Object: 'Object Repository/1612049/Posts_Area/Posts_Create/EmojiPicker/btn_EmojiPicker' is clicked on

2021-05-29 15:44:11 - [MESSAGE][PASSED] - Object: 'Object Repository/1612049/Posts_Area/Posts_Create/EmojiPicker/btn_EmojiPicker' is clicked on

2021-05-29 15:44:11 - [TEST_STEP][PASSED] - switch (findTestData("1612049/Data TC40 AddEmoji").getValue(1, i)): null

2021-05-29 15:44:11 - [TEST_STEP][PASSED] - case "upside_down_face":: null

2021-05-29 15:44:11 - [TEST_STEP][PASSED] - click(findTestObject("1612049/Posts_Area/Posts_Create/EmojiPicker/btn_UpsizeDownFaceEmoji")): Object: 'Object Repository/1612049/Posts_Area/Posts_Create/EmojiPicker/btn_UpsizeDownFaceEmoji' is clicked on

2021-05-29 15:44:12 - [MESSAGE][PASSED] - Object: 'Object Repository/1612049/Posts_Area/Posts_Create/EmojiPicker/btn_UpsizeDownFaceEmoji' is clicked on

2021-05-29 15:44:12 - [TEST_STEP][PASSED] - break: null

2021-05-29 15:44:12 - [TEST_STEP][PASSED] - sendKeys(findTestObject("1612049/Posts_Area/Posts_Create/input_Message"), Keys.chord(ENTER)): Keys 'ENTER + ' sent to object: 'Object Repository/1612049/Posts_Area/Posts_Create/input_Message'

2021-05-29 15:44:12 - [MESSAGE][PASSED] - Keys 'ENTER + ' sent to object: 'Object Repository/1612049/Posts_Area/Posts_Create/input_Message'

2021-05-29 15:44:12 - [TEST_STEP][PASSED] - Thread.sleep(2000): null

2021-05-29 15:44:14 - [TEST_STEP][PASSED] - click(findTestObject("1612049/Posts_Area/Posts_Create/EmojiPicker/btn_EmojiPicker")): Object: 'Object Repository/1612049/Posts_Area/Posts_Create/EmojiPicker/btn_EmojiPicker' is clicked on

2021-05-29 15:44:15 - [MESSAGE][PASSED] - Object: 'Object Repository/1612049/Posts_Area/Posts_Create/EmojiPicker/btn_EmojiPicker' is clicked on

2021-05-29 15:44:15 - [TEST_STEP][PASSED] - switch (findTestData("1612049/Data TC40 AddEmoji").getValue(1, i)): null

2021-05-29 15:44:15 - [TEST_STEP][PASSED] - case "roll_eyes":: null

2021-05-29 15:44:15 - [TEST_STEP][PASSED] - click(findTestObject("1612049/Posts_Area/Posts_Create/EmojiPicker/btn_RollEyesEmoji")): Object: 'Object Repository/1612049/Posts_Area/Posts_Create/EmojiPicker/btn_RollEyesEmoji' is clicked on

2021-05-29 15:44:16 - [MESSAGE][PASSED] - Object: 'Object Repository/1612049/Posts_Area/Posts_Create/EmojiPicker/btn_RollEyesEmoji' is clicked on

2021-05-29 15:44:16 - [TEST_STEP][PASSED] - break: null

2021-05-29 15:44:16 - [TEST_STEP][PASSED] - sendKeys(findTestObject("1612049/Posts_Area/Posts_Create/input_Message"), Keys.chord(ENTER)): Keys 'ENTER + ' sent to object: 'Object Repository/1612049/Posts_Area/Posts_Create/input_Message'

2021-05-29 15:44:16 - [MESSAGE][PASSED] - Keys 'ENTER + ' sent to object: 'Object Repository/1612049/Posts_Area/Posts_Create/input_Message'

2021-05-29 15:44:16 - [TEST_STEP][PASSED] - Thread.sleep(2000): null

2021-05-29 15:44:18 - [TEST_STEP][PASSED] - closeBrowser(): Browser is closed

2021-05-29 15:44:19 - [MESSAGE][PASSED] - Browser is closed]]></system-out>
         <system-err><![CDATA[]]></system-err>
      </testcase>
      <testcase name="Test Cases/1612049/TC41_EditMessage" time="16.448" classname="Test Cases/1612049/TC41_EditMessage" status="FAILED">
         <failure type="FAILED" message="Test Cases/1612049/TC41_EditMessage FAILED.
Reason:
com.kms.katalon.core.exception.StepFailedException: Unable to get text of object
	at com.kms.katalon.core.webui.keyword.internal.WebUIKeywordMain.stepFailed(WebUIKeywordMain.groovy:64)
	at com.kms.katalon.core.webui.keyword.internal.WebUIKeywordMain.runKeyword(WebUIKeywordMain.groovy:26)
	at com.kms.katalon.core.webui.keyword.builtin.GetTextKeyword.getText(GetTextKeyword.groovy:88)
	at com.kms.katalon.core.webui.keyword.builtin.GetTextKeyword.execute(GetTextKeyword.groovy:67)
	at com.kms.katalon.core.keyword.internal.KeywordExecutor.executeKeywordForPlatform(KeywordExecutor.groovy:73)
	at com.kms.katalon.core.webui.keyword.WebUiBuiltInKeywords.getText(WebUiBuiltInKeywords.groovy:917)
	at com.kms.katalon.core.webui.keyword.WebUiBuiltInKeywords$getText$11.call(Unknown Source)
	at TC41_EditMessage.run(TC41_EditMessage:33)
	at com.kms.katalon.core.main.ScriptEngine.run(ScriptEngine.java:194)
	at com.kms.katalon.core.main.ScriptEngine.runScriptAsRawText(ScriptEngine.java:119)
	at com.kms.katalon.core.main.TestCaseExecutor.runScript(TestCaseExecutor.java:398)
	at com.kms.katalon.core.main.TestCaseExecutor.doExecute(TestCaseExecutor.java:389)
	at com.kms.katalon.core.main.TestCaseExecutor.processExecutionPhase(TestCaseExecutor.java:368)
	at com.kms.katalon.core.main.TestCaseExecutor.accessMainPhase(TestCaseExecutor.java:360)
	at com.kms.katalon.core.main.TestCaseExecutor.execute(TestCaseExecutor.java:255)
	at com.kms.katalon.core.main.TestSuiteExecutor.accessTestCaseMainPhase(TestSuiteExecutor.java:203)
	at com.kms.katalon.core.main.TestSuiteExecutor.accessTestSuiteMainPhase(TestSuiteExecutor.java:152)
	at com.kms.katalon.core.main.TestSuiteExecutor.execute(TestSuiteExecutor.java:95)
	at com.kms.katalon.core.main.TestCaseMain.startTestSuite(TestCaseMain.java:157)
	at com.kms.katalon.core.main.TestCaseMain$startTestSuite$0.call(Unknown Source)
	at TempTestSuite1622276398873.run(TempTestSuite1622276398873.groovy:39)
Caused by: java.lang.IllegalArgumentException: Object is null
	at com.kms.katalon.core.helper.KeywordHelper.checkTestObjectParameter(KeywordHelper.java:33)
	at com.kms.katalon.core.webui.keyword.builtin.GetTextKeyword$_getText_closure1.doCall(GetTextKeyword.groovy:76)
	at com.kms.katalon.core.webui.keyword.builtin.GetTextKeyword$_getText_closure1.call(GetTextKeyword.groovy)
	at com.kms.katalon.core.webui.keyword.internal.WebUIKeywordMain.runKeyword(WebUIKeywordMain.groovy:20)
	... 19 more
"/>
         <system-out><![CDATA[2021-05-29 15:44:19 - [TEST_CASE][FAILED] - Test Cases/1612049/TC41_EditMessage: Test Cases/1612049/TC41_EditMessage FAILED.
Reason:
com.kms.katalon.core.exception.StepFailedException: Unable to get text of object
	at com.kms.katalon.core.webui.keyword.internal.WebUIKeywordMain.stepFailed(WebUIKeywordMain.groovy:64)
	at com.kms.katalon.core.webui.keyword.internal.WebUIKeywordMain.runKeyword(WebUIKeywordMain.groovy:26)
	at com.kms.katalon.core.webui.keyword.builtin.GetTextKeyword.getText(GetTextKeyword.groovy:88)
	at com.kms.katalon.core.webui.keyword.builtin.GetTextKeyword.execute(GetTextKeyword.groovy:67)
	at com.kms.katalon.core.keyword.internal.KeywordExecutor.executeKeywordForPlatform(KeywordExecutor.groovy:73)
	at com.kms.katalon.core.webui.keyword.WebUiBuiltInKeywords.getText(WebUiBuiltInKeywords.groovy:917)
	at com.kms.katalon.core.webui.keyword.WebUiBuiltInKeywords$getText$11.call(Unknown Source)
	at TC41_EditMessage.run(TC41_EditMessage:33)
	at com.kms.katalon.core.main.ScriptEngine.run(ScriptEngine.java:194)
	at com.kms.katalon.core.main.ScriptEngine.runScriptAsRawText(ScriptEngine.java:119)
	at com.kms.katalon.core.main.TestCaseExecutor.runScript(TestCaseExecutor.java:398)
	at com.kms.katalon.core.main.TestCaseExecutor.doExecute(TestCaseExecutor.java:389)
	at com.kms.katalon.core.main.TestCaseExecutor.processExecutionPhase(TestCaseExecutor.java:368)
	at com.kms.katalon.core.main.TestCaseExecutor.accessMainPhase(TestCaseExecutor.java:360)
	at com.kms.katalon.core.main.TestCaseExecutor.execute(TestCaseExecutor.java:255)
	at com.kms.katalon.core.main.TestSuiteExecutor.accessTestCaseMainPhase(TestSuiteExecutor.java:203)
	at com.kms.katalon.core.main.TestSuiteExecutor.accessTestSuiteMainPhase(TestSuiteExecutor.java:152)
	at com.kms.katalon.core.main.TestSuiteExecutor.execute(TestSuiteExecutor.java:95)
	at com.kms.katalon.core.main.TestCaseMain.startTestSuite(TestCaseMain.java:157)
	at com.kms.katalon.core.main.TestCaseMain$startTestSuite$0.call(Unknown Source)
	at TempTestSuite1622276398873.run(TempTestSuite1622276398873.groovy:39)
Caused by: java.lang.IllegalArgumentException: Object is null
	at com.kms.katalon.core.helper.KeywordHelper.checkTestObjectParameter(KeywordHelper.java:33)
	at com.kms.katalon.core.webui.keyword.builtin.GetTextKeyword$_getText_closure1.doCall(GetTextKeyword.groovy:76)
	at com.kms.katalon.core.webui.keyword.builtin.GetTextKeyword$_getText_closure1.call(GetTextKeyword.groovy)
	at com.kms.katalon.core.webui.keyword.internal.WebUIKeywordMain.runKeyword(WebUIKeywordMain.groovy:20)
	... 19 more


2021-05-29 15:44:19 - [TEST_STEP][PASSED] - openBrowser(""): Browser is opened with url: ''

2021-05-29 15:44:19 - [MESSAGE][INFO] - Starting 'Chrome' driver

2021-05-29 15:44:19 - [MESSAGE][INFO] - Action delay is set to 0 milliseconds

2021-05-29 15:44:20 - [MESSAGE][PASSED] - Browser is opened with url: ''

2021-05-29 15:44:20 - [TEST_STEP][PASSED] - navigateToUrl("https://mattermostwebapp.herokuapp.com/"): Navigate to 'https://mattermostwebapp.herokuapp.com/' successfully

2021-05-29 15:44:25 - [MESSAGE][PASSED] - Navigate to 'https://mattermostwebapp.herokuapp.com/' successfully

2021-05-29 15:44:25 - [TEST_STEP][PASSED] - callTestCase(findTestCase("1612049/CommonTC/CTC_Login"), ["username":"jooie", "password":"6z6Vi2R3i06jbzaqW0pQ8Q=="], STOP_ON_FAILURE): Call Test Case 'Test Cases/1612049/CommonTC/CTC_Login' successfully

2021-05-29 15:44:25 - [TEST_CASE][PASSED] - Test Cases/1612049/CommonTC/CTC_Login: Test Cases/1612049/CommonTC/CTC_Login

2021-05-29 15:44:25 - [TEST_STEP][PASSED] - setText(findTestObject("1612049/Login_Screen/input_LoginID"), username): Text 'jooie' is set on object 'Object Repository/1612049/Login_Screen/input_LoginID'

2021-05-29 15:44:29 - [MESSAGE][PASSED] - Text 'jooie' is set on object 'Object Repository/1612049/Login_Screen/input_LoginID'

2021-05-29 15:44:29 - [TEST_STEP][PASSED] - setEncryptedText(findTestObject("1612049/Login_Screen/input_LoginPassword"), password): Text ****** has been set on object 'Object Repository/1612049/Login_Screen/input_LoginPassword'

2021-05-29 15:44:30 - [MESSAGE][PASSED] - Text ****** has been set on object 'Object Repository/1612049/Login_Screen/input_LoginPassword'

2021-05-29 15:44:30 - [TEST_STEP][PASSED] - click(findTestObject("1612049/Login_Screen/btn_Signin")): Object: 'Object Repository/1612049/Login_Screen/btn_Signin' is clicked on

2021-05-29 15:44:30 - [MESSAGE][PASSED] - Object: 'Object Repository/1612049/Login_Screen/btn_Signin' is clicked on

2021-05-29 15:44:30 - [MESSAGE][PASSED] - Call Test Case 'Test Cases/1612049/CommonTC/CTC_Login' successfully

2021-05-29 15:44:30 - [TEST_STEP][PASSED] - mouseOver(findTestObject("1612049/Posts_Area/Posts_List/div_LastPost")): Object: 'Object Repository/1612049/Posts_Area/Posts_List/div_LastPost' is hovered

2021-05-29 15:44:34 - [MESSAGE][PASSED] - Object: 'Object Repository/1612049/Posts_Area/Posts_List/div_LastPost' is hovered

2021-05-29 15:44:34 - [TEST_STEP][PASSED] - click(findTestObject("1612049/Posts_Area/Posts_List/Post_Menu/btn_MoreActions")): Object: 'Object Repository/1612049/Posts_Area/Posts_List/Post_Menu/btn_MoreActions' is clicked on

2021-05-29 15:44:34 - [MESSAGE][PASSED] - Object: 'Object Repository/1612049/Posts_Area/Posts_List/Post_Menu/btn_MoreActions' is clicked on

2021-05-29 15:44:34 - [TEST_STEP][PASSED] - click(findTestObject("1612049/Posts_Area/Posts_List/Post_Menu/btn_EditMessage")): Object: 'Object Repository/1612049/Posts_Area/Posts_List/Post_Menu/btn_EditMessage' is clicked on

2021-05-29 15:44:35 - [MESSAGE][PASSED] - Object: 'Object Repository/1612049/Posts_Area/Posts_List/Post_Menu/btn_EditMessage' is clicked on

2021-05-29 15:44:35 - [TEST_STEP][FAILED] - setText(findTestObject("1612049/Posts_Area/Posts_List/EditMessage_Dialog/textarea_NewMessage"), getText(findTestObject("1612049/Posts_Area/EditMessage_Dialog/textarea_NewMessage")) + " edited"): Unable to get text of object (Root cause: com.kms.katalon.core.exception.StepFailedException: Unable to get text of object
	at com.kms.katalon.core.webui.keyword.internal.WebUIKeywordMain.stepFailed(WebUIKeywordMain.groovy:64)
	at com.kms.katalon.core.webui.keyword.internal.WebUIKeywordMain.runKeyword(WebUIKeywordMain.groovy:26)
	at com.kms.katalon.core.webui.keyword.builtin.GetTextKeyword.getText(GetTextKeyword.groovy:88)
	at com.kms.katalon.core.webui.keyword.builtin.GetTextKeyword.execute(GetTextKeyword.groovy:67)
	at com.kms.katalon.core.keyword.internal.KeywordExecutor.executeKeywordForPlatform(KeywordExecutor.groovy:73)
	at com.kms.katalon.core.webui.keyword.WebUiBuiltInKeywords.getText(WebUiBuiltInKeywords.groovy:917)
	at com.kms.katalon.core.webui.keyword.WebUiBuiltInKeywords$getText$11.call(Unknown Source)
	at TC41_EditMessage.run(TC41_EditMessage:33)
	at com.kms.katalon.core.main.ScriptEngine.run(ScriptEngine.java:194)
	at com.kms.katalon.core.main.ScriptEngine.runScriptAsRawText(ScriptEngine.java:119)
	at com.kms.katalon.core.main.TestCaseExecutor.runScript(TestCaseExecutor.java:398)
	at com.kms.katalon.core.main.TestCaseExecutor.doExecute(TestCaseExecutor.java:389)
	at com.kms.katalon.core.main.TestCaseExecutor.processExecutionPhase(TestCaseExecutor.java:368)
	at com.kms.katalon.core.main.TestCaseExecutor.accessMainPhase(TestCaseExecutor.java:360)
	at com.kms.katalon.core.main.TestCaseExecutor.execute(TestCaseExecutor.java:255)
	at com.kms.katalon.core.main.TestSuiteExecutor.accessTestCaseMainPhase(TestSuiteExecutor.java:203)
	at com.kms.katalon.core.main.TestSuiteExecutor.accessTestSuiteMainPhase(TestSuiteExecutor.java:152)
	at com.kms.katalon.core.main.TestSuiteExecutor.execute(TestSuiteExecutor.java:95)
	at com.kms.katalon.core.main.TestCaseMain.startTestSuite(TestCaseMain.java:157)
	at com.kms.katalon.core.main.TestCaseMain$startTestSuite$0.call(Unknown Source)
	at TempTestSuite1622276398873.run(TempTestSuite1622276398873.groovy:39)
Caused by: java.lang.IllegalArgumentException: Object is null
	at com.kms.katalon.core.helper.KeywordHelper.checkTestObjectParameter(KeywordHelper.java:33)
	at com.kms.katalon.core.webui.keyword.builtin.GetTextKeyword$_getText_closure1.doCall(GetTextKeyword.groovy:76)
	at com.kms.katalon.core.webui.keyword.builtin.GetTextKeyword$_getText_closure1.call(GetTextKeyword.groovy)
	at com.kms.katalon.core.webui.keyword.internal.WebUIKeywordMain.runKeyword(WebUIKeywordMain.groovy:20)
	at com.kms.katalon.core.webui.keyword.builtin.GetTextKeyword.getText(GetTextKeyword.groovy:88)
	at com.kms.katalon.core.webui.keyword.builtin.GetTextKeyword.execute(GetTextKeyword.groovy:67)
	at com.kms.katalon.core.keyword.internal.KeywordExecutor.executeKeywordForPlatform(KeywordExecutor.groovy:73)
	at com.kms.katalon.core.webui.keyword.WebUiBuiltInKeywords.getText(WebUiBuiltInKeywords.groovy:917)
	at com.kms.katalon.core.webui.keyword.WebUiBuiltInKeywords$getText$11.call(Unknown Source)
	at Script1622231529115.run(Script1622231529115.groovy:33)
	... 13 more
)

2021-05-29 15:44:35 - [MESSAGE][WARNING] - Test object with id 'Object Repository/1612049/Posts_Area/EditMessage_Dialog/textarea_NewMessage' does not exist

2021-05-29 15:44:35 - [MESSAGE][WARNING] - Test object with id 'Object Repository/' does not exist

2021-05-29 15:44:35 - [MESSAGE][FAILED] - Unable to get text of object (Root cause: com.kms.katalon.core.exception.StepFailedException: Unable to get text of object
	at com.kms.katalon.core.webui.keyword.internal.WebUIKeywordMain.stepFailed(WebUIKeywordMain.groovy:64)
	at com.kms.katalon.core.webui.keyword.internal.WebUIKeywordMain.runKeyword(WebUIKeywordMain.groovy:26)
	at com.kms.katalon.core.webui.keyword.builtin.GetTextKeyword.getText(GetTextKeyword.groovy:88)
	at com.kms.katalon.core.webui.keyword.builtin.GetTextKeyword.execute(GetTextKeyword.groovy:67)
	at com.kms.katalon.core.keyword.internal.KeywordExecutor.executeKeywordForPlatform(KeywordExecutor.groovy:73)
	at com.kms.katalon.core.webui.keyword.WebUiBuiltInKeywords.getText(WebUiBuiltInKeywords.groovy:917)
	at com.kms.katalon.core.webui.keyword.WebUiBuiltInKeywords$getText$11.call(Unknown Source)
	at TC41_EditMessage.run(TC41_EditMessage:33)
	at com.kms.katalon.core.main.ScriptEngine.run(ScriptEngine.java:194)
	at com.kms.katalon.core.main.ScriptEngine.runScriptAsRawText(ScriptEngine.java:119)
	at com.kms.katalon.core.main.TestCaseExecutor.runScript(TestCaseExecutor.java:398)
	at com.kms.katalon.core.main.TestCaseExecutor.doExecute(TestCaseExecutor.java:389)
	at com.kms.katalon.core.main.TestCaseExecutor.processExecutionPhase(TestCaseExecutor.java:368)
	at com.kms.katalon.core.main.TestCaseExecutor.accessMainPhase(TestCaseExecutor.java:360)
	at com.kms.katalon.core.main.TestCaseExecutor.execute(TestCaseExecutor.java:255)
	at com.kms.katalon.core.main.TestSuiteExecutor.accessTestCaseMainPhase(TestSuiteExecutor.java:203)
	at com.kms.katalon.core.main.TestSuiteExecutor.accessTestSuiteMainPhase(TestSuiteExecutor.java:152)
	at com.kms.katalon.core.main.TestSuiteExecutor.execute(TestSuiteExecutor.java:95)
	at com.kms.katalon.core.main.TestCaseMain.startTestSuite(TestCaseMain.java:157)
	at com.kms.katalon.core.main.TestCaseMain$startTestSuite$0.call(Unknown Source)
	at TempTestSuite1622276398873.run(TempTestSuite1622276398873.groovy:39)
Caused by: java.lang.IllegalArgumentException: Object is null
	at com.kms.katalon.core.helper.KeywordHelper.checkTestObjectParameter(KeywordHelper.java:33)
	at com.kms.katalon.core.webui.keyword.builtin.GetTextKeyword$_getText_closure1.doCall(GetTextKeyword.groovy:76)
	at com.kms.katalon.core.webui.keyword.builtin.GetTextKeyword$_getText_closure1.call(GetTextKeyword.groovy)
	at com.kms.katalon.core.webui.keyword.internal.WebUIKeywordMain.runKeyword(WebUIKeywordMain.groovy:20)
	at com.kms.katalon.core.webui.keyword.builtin.GetTextKeyword.getText(GetTextKeyword.groovy:88)
	at com.kms.katalon.core.webui.keyword.builtin.GetTextKeyword.execute(GetTextKeyword.groovy:67)
	at com.kms.katalon.core.keyword.internal.KeywordExecutor.executeKeywordForPlatform(KeywordExecutor.groovy:73)
	at com.kms.katalon.core.webui.keyword.WebUiBuiltInKeywords.getText(WebUiBuiltInKeywords.groovy:917)
	at com.kms.katalon.core.webui.keyword.WebUiBuiltInKeywords$getText$11.call(Unknown Source)
	at Script1622231529115.run(Script1622231529115.groovy:33)
	... 13 more
)
[[ATTACHMENT|C:\\Users\\Bao Chau\\Katalon Studio\\Mattermost_AutoTesting\\Reports\\20210529_151958\\1612049\\Run all test cases\\20210529_151958\\1622277875545.png]]]]></system-out>
         <system-err><![CDATA[2021-05-29 15:44:19 - [TEST_CASE][FAILED] - Test Cases/1612049/TC41_EditMessage: Test Cases/1612049/TC41_EditMessage FAILED.
Reason:
com.kms.katalon.core.exception.StepFailedException: Unable to get text of object
	at com.kms.katalon.core.webui.keyword.internal.WebUIKeywordMain.stepFailed(WebUIKeywordMain.groovy:64)
	at com.kms.katalon.core.webui.keyword.internal.WebUIKeywordMain.runKeyword(WebUIKeywordMain.groovy:26)
	at com.kms.katalon.core.webui.keyword.builtin.GetTextKeyword.getText(GetTextKeyword.groovy:88)
	at com.kms.katalon.core.webui.keyword.builtin.GetTextKeyword.execute(GetTextKeyword.groovy:67)
	at com.kms.katalon.core.keyword.internal.KeywordExecutor.executeKeywordForPlatform(KeywordExecutor.groovy:73)
	at com.kms.katalon.core.webui.keyword.WebUiBuiltInKeywords.getText(WebUiBuiltInKeywords.groovy:917)
	at com.kms.katalon.core.webui.keyword.WebUiBuiltInKeywords$getText$11.call(Unknown Source)
	at TC41_EditMessage.run(TC41_EditMessage:33)
	at com.kms.katalon.core.main.ScriptEngine.run(ScriptEngine.java:194)
	at com.kms.katalon.core.main.ScriptEngine.runScriptAsRawText(ScriptEngine.java:119)
	at com.kms.katalon.core.main.TestCaseExecutor.runScript(TestCaseExecutor.java:398)
	at com.kms.katalon.core.main.TestCaseExecutor.doExecute(TestCaseExecutor.java:389)
	at com.kms.katalon.core.main.TestCaseExecutor.processExecutionPhase(TestCaseExecutor.java:368)
	at com.kms.katalon.core.main.TestCaseExecutor.accessMainPhase(TestCaseExecutor.java:360)
	at com.kms.katalon.core.main.TestCaseExecutor.execute(TestCaseExecutor.java:255)
	at com.kms.katalon.core.main.TestSuiteExecutor.accessTestCaseMainPhase(TestSuiteExecutor.java:203)
	at com.kms.katalon.core.main.TestSuiteExecutor.accessTestSuiteMainPhase(TestSuiteExecutor.java:152)
	at com.kms.katalon.core.main.TestSuiteExecutor.execute(TestSuiteExecutor.java:95)
	at com.kms.katalon.core.main.TestCaseMain.startTestSuite(TestCaseMain.java:157)
	at com.kms.katalon.core.main.TestCaseMain$startTestSuite$0.call(Unknown Source)
	at TempTestSuite1622276398873.run(TempTestSuite1622276398873.groovy:39)
Caused by: java.lang.IllegalArgumentException: Object is null
	at com.kms.katalon.core.helper.KeywordHelper.checkTestObjectParameter(KeywordHelper.java:33)
	at com.kms.katalon.core.webui.keyword.builtin.GetTextKeyword$_getText_closure1.doCall(GetTextKeyword.groovy:76)
	at com.kms.katalon.core.webui.keyword.builtin.GetTextKeyword$_getText_closure1.call(GetTextKeyword.groovy)
	at com.kms.katalon.core.webui.keyword.internal.WebUIKeywordMain.runKeyword(WebUIKeywordMain.groovy:20)
	... 19 more]]></system-err>
      </testcase>
      <testcase name="Test Cases/1612049/TC42_MarkMessageAsUnread" time="18.972" classname="Test Cases/1612049/TC42_MarkMessageAsUnread" status="PASSED">
         <system-out><![CDATA[2021-05-29 15:44:35 - [TEST_CASE][PASSED] - Test Cases/1612049/TC42_MarkMessageAsUnread: Test Cases/1612049/TC42_MarkMessageAsUnread

2021-05-29 15:44:36 - [TEST_STEP][PASSED] - openBrowser(""): Browser is opened with url: ''

2021-05-29 15:44:36 - [MESSAGE][WARNING] - A browser is already opened. Closing browser and opening a new one

2021-05-29 15:44:36 - [MESSAGE][INFO] - Starting 'Chrome' driver

2021-05-29 15:44:36 - [MESSAGE][INFO] - Action delay is set to 0 milliseconds

2021-05-29 15:44:37 - [MESSAGE][PASSED] - Browser is opened with url: ''

2021-05-29 15:44:37 - [TEST_STEP][PASSED] - navigateToUrl("https://mattermostwebapp.herokuapp.com/"): Navigate to 'https://mattermostwebapp.herokuapp.com/' successfully

2021-05-29 15:44:41 - [MESSAGE][PASSED] - Navigate to 'https://mattermostwebapp.herokuapp.com/' successfully

2021-05-29 15:44:41 - [TEST_STEP][PASSED] - callTestCase(findTestCase("1612049/CommonTC/CTC_Login"), ["username":"jooie", "password":"6z6Vi2R3i06jbzaqW0pQ8Q=="], STOP_ON_FAILURE): Call Test Case 'Test Cases/1612049/CommonTC/CTC_Login' successfully

2021-05-29 15:44:41 - [TEST_CASE][PASSED] - Test Cases/1612049/CommonTC/CTC_Login: Test Cases/1612049/CommonTC/CTC_Login

2021-05-29 15:44:41 - [TEST_STEP][PASSED] - setText(findTestObject("1612049/Login_Screen/input_LoginID"), username): Text 'jooie' is set on object 'Object Repository/1612049/Login_Screen/input_LoginID'

2021-05-29 15:44:46 - [MESSAGE][PASSED] - Text 'jooie' is set on object 'Object Repository/1612049/Login_Screen/input_LoginID'

2021-05-29 15:44:46 - [TEST_STEP][PASSED] - setEncryptedText(findTestObject("1612049/Login_Screen/input_LoginPassword"), password): Text ****** has been set on object 'Object Repository/1612049/Login_Screen/input_LoginPassword'

2021-05-29 15:44:47 - [MESSAGE][PASSED] - Text ****** has been set on object 'Object Repository/1612049/Login_Screen/input_LoginPassword'

2021-05-29 15:44:47 - [TEST_STEP][PASSED] - click(findTestObject("1612049/Login_Screen/btn_Signin")): Object: 'Object Repository/1612049/Login_Screen/btn_Signin' is clicked on

2021-05-29 15:44:47 - [MESSAGE][PASSED] - Object: 'Object Repository/1612049/Login_Screen/btn_Signin' is clicked on

2021-05-29 15:44:47 - [MESSAGE][PASSED] - Call Test Case 'Test Cases/1612049/CommonTC/CTC_Login' successfully

2021-05-29 15:44:47 - [TEST_STEP][PASSED] - mouseOver(findTestObject("1612049/Posts_Area/Posts_List/div_LastPost")): Object: 'Object Repository/1612049/Posts_Area/Posts_List/div_LastPost' is hovered

2021-05-29 15:44:51 - [MESSAGE][PASSED] - Object: 'Object Repository/1612049/Posts_Area/Posts_List/div_LastPost' is hovered

2021-05-29 15:44:51 - [TEST_STEP][PASSED] - click(findTestObject("1612049/Posts_Area/Posts_List/Post_Menu/btn_MoreActions")): Object: 'Object Repository/1612049/Posts_Area/Posts_List/Post_Menu/btn_MoreActions' is clicked on

2021-05-29 15:44:51 - [MESSAGE][PASSED] - Object: 'Object Repository/1612049/Posts_Area/Posts_List/Post_Menu/btn_MoreActions' is clicked on

2021-05-29 15:44:51 - [TEST_STEP][PASSED] - click(findTestObject("1612049/Posts_Area/Posts_List/Post_Menu/btn_MarkMessageAsUnread")): Object: 'Object Repository/1612049/Posts_Area/Posts_List/Post_Menu/btn_MarkMessageAsUnread' is clicked on

2021-05-29 15:44:52 - [MESSAGE][PASSED] - Object: 'Object Repository/1612049/Posts_Area/Posts_List/Post_Menu/btn_MarkMessageAsUnread' is clicked on

2021-05-29 15:44:52 - [TEST_STEP][PASSED] - Thread.sleep(2000): null

2021-05-29 15:44:54 - [TEST_STEP][PASSED] - closeBrowser(): Browser is closed

2021-05-29 15:44:54 - [MESSAGE][PASSED] - Browser is closed]]></system-out>
         <system-err><![CDATA[]]></system-err>
      </testcase>
      <testcase name="Test Cases/1612049/TC43_DeleteMessage" time="18.396" classname="Test Cases/1612049/TC43_DeleteMessage" status="PASSED">
         <system-out><![CDATA[2021-05-29 15:44:54 - [TEST_CASE][PASSED] - Test Cases/1612049/TC43_DeleteMessage: Test Cases/1612049/TC43_DeleteMessage

2021-05-29 15:44:55 - [TEST_STEP][PASSED] - openBrowser(""): Browser is opened with url: ''

2021-05-29 15:44:55 - [MESSAGE][INFO] - Starting 'Chrome' driver

2021-05-29 15:44:55 - [MESSAGE][INFO] - Action delay is set to 0 milliseconds

2021-05-29 15:44:56 - [MESSAGE][PASSED] - Browser is opened with url: ''

2021-05-29 15:44:56 - [TEST_STEP][PASSED] - navigateToUrl("https://mattermostwebapp.herokuapp.com/"): Navigate to 'https://mattermostwebapp.herokuapp.com/' successfully

2021-05-29 15:44:59 - [MESSAGE][PASSED] - Navigate to 'https://mattermostwebapp.herokuapp.com/' successfully

2021-05-29 15:44:59 - [TEST_STEP][PASSED] - callTestCase(findTestCase("1612049/CommonTC/CTC_Login"), ["username":"jooie", "password":"6z6Vi2R3i06jbzaqW0pQ8Q=="], STOP_ON_FAILURE): Call Test Case 'Test Cases/1612049/CommonTC/CTC_Login' successfully

2021-05-29 15:44:59 - [TEST_CASE][PASSED] - Test Cases/1612049/CommonTC/CTC_Login: Test Cases/1612049/CommonTC/CTC_Login

2021-05-29 15:44:59 - [TEST_STEP][PASSED] - setText(findTestObject("1612049/Login_Screen/input_LoginID"), username): Text 'jooie' is set on object 'Object Repository/1612049/Login_Screen/input_LoginID'

2021-05-29 15:45:04 - [MESSAGE][PASSED] - Text 'jooie' is set on object 'Object Repository/1612049/Login_Screen/input_LoginID'

2021-05-29 15:45:04 - [TEST_STEP][PASSED] - setEncryptedText(findTestObject("1612049/Login_Screen/input_LoginPassword"), password): Text ****** has been set on object 'Object Repository/1612049/Login_Screen/input_LoginPassword'

2021-05-29 15:45:04 - [MESSAGE][PASSED] - Text ****** has been set on object 'Object Repository/1612049/Login_Screen/input_LoginPassword'

2021-05-29 15:45:04 - [TEST_STEP][PASSED] - click(findTestObject("1612049/Login_Screen/btn_Signin")): Object: 'Object Repository/1612049/Login_Screen/btn_Signin' is clicked on

2021-05-29 15:45:05 - [MESSAGE][PASSED] - Object: 'Object Repository/1612049/Login_Screen/btn_Signin' is clicked on

2021-05-29 15:45:05 - [MESSAGE][PASSED] - Call Test Case 'Test Cases/1612049/CommonTC/CTC_Login' successfully

2021-05-29 15:45:05 - [TEST_STEP][PASSED] - mouseOver(findTestObject("1612049/Posts_Area/Posts_List/div_LastPost")): Object: 'Object Repository/1612049/Posts_Area/Posts_List/div_LastPost' is hovered

2021-05-29 15:45:08 - [MESSAGE][PASSED] - Object: 'Object Repository/1612049/Posts_Area/Posts_List/div_LastPost' is hovered

2021-05-29 15:45:08 - [TEST_STEP][PASSED] - click(findTestObject("1612049/Posts_Area/Posts_List/Post_Menu/btn_MoreActions")): Object: 'Object Repository/1612049/Posts_Area/Posts_List/Post_Menu/btn_MoreActions' is clicked on

2021-05-29 15:45:09 - [MESSAGE][PASSED] - Object: 'Object Repository/1612049/Posts_Area/Posts_List/Post_Menu/btn_MoreActions' is clicked on

2021-05-29 15:45:09 - [TEST_STEP][PASSED] - click(findTestObject("1612049/Posts_Area/Posts_List/Post_Menu/btn_DeleteMessage")): Object: 'Object Repository/1612049/Posts_Area/Posts_List/Post_Menu/btn_DeleteMessage' is clicked on

2021-05-29 15:45:09 - [MESSAGE][PASSED] - Object: 'Object Repository/1612049/Posts_Area/Posts_List/Post_Menu/btn_DeleteMessage' is clicked on

2021-05-29 15:45:09 - [TEST_STEP][PASSED] - click(findTestObject("1612049/Posts_Area/Posts_List/DeleteConfirmation_Dialog/btn_ConfirmDelete")): Object: 'Object Repository/1612049/Posts_Area/Posts_List/DeleteConfirmation_Dialog/btn_ConfirmDelete' is clicked on

2021-05-29 15:45:10 - [MESSAGE][PASSED] - Object: 'Object Repository/1612049/Posts_Area/Posts_List/DeleteConfirmation_Dialog/btn_ConfirmDelete' is clicked on

2021-05-29 15:45:10 - [TEST_STEP][PASSED] - Thread.sleep(2000): null

2021-05-29 15:45:12 - [TEST_STEP][PASSED] - closeBrowser(): Browser is closed

2021-05-29 15:45:13 - [MESSAGE][PASSED] - Browser is closed]]></system-out>
         <system-err><![CDATA[]]></system-err>
      </testcase>
      <testcase name="Test Cases/1612049/TC45_PinMessageInDirectMessage" time="19.655" classname="Test Cases/1612049/TC45_PinMessageInDirectMessage" status="FAILED">
         <failure type="FAILED" message="Test Cases/1612049/TC45_PinMessageInDirectMessage FAILED.
Reason:
com.kms.katalon.core.exception.StepFailedException: Call Test Case 'Test Cases/1612049/CommonTC/CTC_SendDirectMessage' failed
	at com.kms.katalon.core.keyword.builtin.CallTestCaseKeyword$_callTestCase_closure1.doCall(CallTestCaseKeyword.groovy:63)
	at com.kms.katalon.core.keyword.builtin.CallTestCaseKeyword$_callTestCase_closure1.call(CallTestCaseKeyword.groovy)
	at com.kms.katalon.core.keyword.internal.KeywordMain.runKeyword(KeywordMain.groovy:68)
	at com.kms.katalon.core.keyword.builtin.CallTestCaseKeyword.callTestCase(CallTestCaseKeyword.groovy:81)
	at com.kms.katalon.core.keyword.builtin.CallTestCaseKeyword.execute(CallTestCaseKeyword.groovy:44)
	at com.kms.katalon.core.keyword.internal.KeywordExecutor.executeKeywordForPlatform(KeywordExecutor.groovy:73)
	at com.kms.katalon.core.keyword.BuiltinKeywords.callTestCase(BuiltinKeywords.groovy:334)
	at TC45_PinMessageInDirectMessage.run(TC45_PinMessageInDirectMessage:27)
	at com.kms.katalon.core.main.ScriptEngine.run(ScriptEngine.java:194)
	at com.kms.katalon.core.main.ScriptEngine.runScriptAsRawText(ScriptEngine.java:119)
	at com.kms.katalon.core.main.TestCaseExecutor.runScript(TestCaseExecutor.java:398)
	at com.kms.katalon.core.main.TestCaseExecutor.doExecute(TestCaseExecutor.java:389)
	at com.kms.katalon.core.main.TestCaseExecutor.processExecutionPhase(TestCaseExecutor.java:368)
	at com.kms.katalon.core.main.TestCaseExecutor.accessMainPhase(TestCaseExecutor.java:360)
	at com.kms.katalon.core.main.TestCaseExecutor.execute(TestCaseExecutor.java:255)
	at com.kms.katalon.core.main.TestSuiteExecutor.accessTestCaseMainPhase(TestSuiteExecutor.java:203)
	at com.kms.katalon.core.main.TestSuiteExecutor.accessTestSuiteMainPhase(TestSuiteExecutor.java:152)
	at com.kms.katalon.core.main.TestSuiteExecutor.execute(TestSuiteExecutor.java:95)
	at com.kms.katalon.core.main.TestCaseMain.startTestSuite(TestCaseMain.java:157)
	at com.kms.katalon.core.main.TestCaseMain$startTestSuite$0.call(Unknown Source)
	at TempTestSuite1622276398873.run(TempTestSuite1622276398873.groovy:39)
Caused by: com.kms.katalon.core.exception.StepFailedException: Unable to verify object is present (Root cause: com.kms.katalon.core.exception.StepFailedException: Unable to verify object is present
	at com.kms.katalon.core.webui.keyword.internal.WebUIKeywordMain.stepFailed(WebUIKeywordMain.groovy:64)
	at com.kms.katalon.core.webui.keyword.internal.WebUIKeywordMain.runKeyword(WebUIKeywordMain.groovy:26)
	at com.kms.katalon.core.webui.keyword.builtin.VerifyElementPresentKeyword.verifyElementPresent(VerifyElementPresentKeyword.groovy:92)
	at com.kms.katalon.core.webui.keyword.builtin.VerifyElementPresentKeyword.execute(VerifyElementPresentKeyword.groovy:68)
	at com.kms.katalon.core.keyword.internal.KeywordExecutor.executeKeywordForPlatform(KeywordExecutor.groovy:73)
	at com.kms.katalon.core.webui.keyword.WebUiBuiltInKeywords.verifyElementPresent(WebUiBuiltInKeywords.groovy:1447)
	at com.kms.katalon.core.webui.keyword.WebUiBuiltInKeywords$verifyElementPresent$9.call(Unknown Source)
	at CTC_SendDirectMessage.run(CTC_SendDirectMessage:32)
	at com.kms.katalon.core.main.ScriptEngine.run(ScriptEngine.java:194)
	at com.kms.katalon.core.main.ScriptEngine.runScriptAsRawText(ScriptEngine.java:119)
	at com.kms.katalon.core.main.TestCaseExecutor.runScript(TestCaseExecutor.java:398)
	at com.kms.katalon.core.main.TestCaseExecutor.doExecute(TestCaseExecutor.java:389)
	at com.kms.katalon.core.main.TestCaseExecutor.processExecutionPhase(TestCaseExecutor.java:368)
	at com.kms.katalon.core.main.TestCaseExecutor.accessMainPhase(TestCaseExecutor.java:360)
	at com.kms.katalon.core.main.TestCaseExecutor.execute(TestCaseExecutor.java:255)
	at com.kms.katalon.core.main.TestCaseMain.runTestCase(TestCaseMain.java:114)
	at com.kms.katalon.core.keyword.builtin.CallTestCaseKeyword$_callTestCase_closure1.doCall(CallTestCaseKeyword.groovy:59)
	at com.kms.katalon.core.keyword.builtin.CallTestCaseKeyword$_callTestCase_closure1.call(CallTestCaseKeyword.groovy)
	at com.kms.katalon.core.keyword.internal.KeywordMain.runKeyword(KeywordMain.groovy:68)
	at com.kms.katalon.core.keyword.builtin.CallTestCaseKeyword.callTestCase(CallTestCaseKeyword.groovy:81)
	at com.kms.katalon.core.keyword.builtin.CallTestCaseKeyword.execute(CallTestCaseKeyword.groovy:44)
	at com.kms.katalon.core.keyword.internal.KeywordExecutor.executeKeywordForPlatform(KeywordExecutor.groovy:73)
	at com.kms.katalon.core.keyword.BuiltinKeywords.callTestCase(BuiltinKeywords.groovy:334)
	at TC45_PinMessageInDirectMessage.run(TC45_PinMessageInDirectMessage:27)
	at com.kms.katalon.core.main.ScriptEngine.run(ScriptEngine.java:194)
	at com.kms.katalon.core.main.ScriptEngine.runScriptAsRawText(ScriptEngine.java:119)
	at com.kms.katalon.core.main.TestCaseExecutor.runScript(TestCaseExecutor.java:398)
	at com.kms.katalon.core.main.TestCaseExecutor.doExecute(TestCaseExecutor.java:389)
	at com.kms.katalon.core.main.TestCaseExecutor.processExecutionPhase(TestCaseExecutor.java:368)
	at com.kms.katalon.core.main.TestCaseExecutor.accessMainPhase(TestCaseExecutor.java:360)
	at com.kms.katalon.core.main.TestCaseExecutor.execute(TestCaseExecutor.java:255)
	at com.kms.katalon.core.main.TestSuiteExecutor.accessTestCaseMainPhase(TestSuiteExecutor.java:203)
	at com.kms.katalon.core.main.TestSuiteExecutor.accessTestSuiteMainPhase(TestSuiteExecutor.java:152)
	at com.kms.katalon.core.main.TestSuiteExecutor.execute(TestSuiteExecutor.java:95)
	at com.kms.katalon.core.main.TestCaseMain.startTestSuite(TestCaseMain.java:157)
	at com.kms.katalon.core.main.TestCaseMain$startTestSuite$0.call(Unknown Source)
	at TempTestSuite1622276398873.run(TempTestSuite1622276398873.groovy:39)
Caused by: java.lang.IllegalArgumentException: Object is null
	at com.kms.katalon.core.helper.KeywordHelper.checkTestObjectParameter(KeywordHelper.java:33)
	at com.kms.katalon.core.webui.keyword.builtin.VerifyElementPresentKeyword$_verifyElementPresent_closure1.doCall(VerifyElementPresentKeyword.groovy:76)
	at com.kms.katalon.core.webui.keyword.builtin.VerifyElementPresentKeyword$_verifyElementPresent_closure1.call(VerifyElementPresentKeyword.groovy)
	at com.kms.katalon.core.webui.keyword.internal.WebUIKeywordMain.runKeyword(WebUIKeywordMain.groovy:20)
	at com.kms.katalon.core.webui.keyword.builtin.VerifyElementPresentKeyword.verifyElementPresent(VerifyElementPresentKeyword.groovy:92)
	at com.kms.katalon.core.webui.keyword.builtin.VerifyElementPresentKeyword.execute(VerifyElementPresentKeyword.groovy:68)
	at com.kms.katalon.core.keyword.internal.KeywordExecutor.executeKeywordForPlatform(KeywordExecutor.groovy:73)
	at com.kms.katalon.core.webui.keyword.WebUiBuiltInKeywords.verifyElementPresent(WebUiBuiltInKeywords.groovy:1447)
	at com.kms.katalon.core.webui.keyword.WebUiBuiltInKeywords$verifyElementPresent$9.call(Unknown Source)
	at Script1622239497900.run(Script1622239497900.groovy:32)
	at com.kms.katalon.core.main.ScriptEngine.run(ScriptEngine.java:194)
	at com.kms.katalon.core.main.ScriptEngine.runScriptAsRawText(ScriptEngine.java:119)
	at com.kms.katalon.core.main.TestCaseExecutor.runScript(TestCaseExecutor.java:398)
	at com.kms.katalon.core.main.TestCaseExecutor.doExecute(TestCaseExecutor.java:389)
	at com.kms.katalon.core.main.TestCaseExecutor.processExecutionPhase(TestCaseExecutor.java:368)
	at com.kms.katalon.core.main.TestCaseExecutor.accessMainPhase(TestCaseExecutor.java:360)
	at com.kms.katalon.core.main.TestCaseExecutor.execute(TestCaseExecutor.java:255)
	at com.kms.katalon.core.main.TestCaseMain.runTestCase(TestCaseMain.java:114)
	at com.kms.katalon.core.keyword.builtin.CallTestCaseKeyword$_callTestCase_closure1.doCall(CallTestCaseKeyword.groovy:59)
	at com.kms.katalon.core.keyword.builtin.CallTestCaseKeyword$_callTestCase_closure1.call(CallTestCaseKeyword.groovy)
	at com.kms.katalon.core.keyword.internal.KeywordMain.runKeyword(KeywordMain.groovy:68)
	at com.kms.katalon.core.keyword.builtin.CallTestCaseKeyword.callTestCase(CallTestCaseKeyword.groovy:81)
	at com.kms.katalon.core.keyword.builtin.CallTestCaseKeyword.execute(CallTestCaseKeyword.groovy:44)
	at com.kms.katalon.core.keyword.internal.KeywordExecutor.executeKeywordForPlatform(KeywordExecutor.groovy:73)
	at com.kms.katalon.core.keyword.BuiltinKeywords.callTestCase(BuiltinKeywords.groovy:334)
	at Script1622231596603.run(Script1622231596603.groovy:27)
	... 13 more
)
	at com.kms.katalon.core.keyword.internal.KeywordMain.stepFailed(KeywordMain.groovy:39)
	at com.kms.katalon.core.webui.keyword.internal.WebUIKeywordMain.stepFailed(WebUIKeywordMain.groovy:64)
	at com.kms.katalon.core.webui.keyword.internal.WebUIKeywordMain.runKeyword(WebUIKeywordMain.groovy:26)
	at com.kms.katalon.core.webui.keyword.builtin.VerifyElementPresentKeyword.verifyElementPresent(VerifyElementPresentKeyword.groovy:92)
	at com.kms.katalon.core.webui.keyword.builtin.VerifyElementPresentKeyword.execute(VerifyElementPresentKeyword.groovy:68)
	at com.kms.katalon.core.keyword.internal.KeywordExecutor.executeKeywordForPlatform(KeywordExecutor.groovy:73)
	at com.kms.katalon.core.webui.keyword.WebUiBuiltInKeywords.verifyElementPresent(WebUiBuiltInKeywords.groovy:1447)
	at com.kms.katalon.core.webui.keyword.WebUiBuiltInKeywords$verifyElementPresent$9.call(Unknown Source)
	at CTC_SendDirectMessage.run(CTC_SendDirectMessage:32)
	at com.kms.katalon.core.main.ScriptEngine.run(ScriptEngine.java:194)
	at com.kms.katalon.core.main.ScriptEngine.runScriptAsRawText(ScriptEngine.java:119)
	at com.kms.katalon.core.main.TestCaseExecutor.runScript(TestCaseExecutor.java:398)
	at com.kms.katalon.core.main.TestCaseExecutor.doExecute(TestCaseExecutor.java:389)
	at com.kms.katalon.core.main.TestCaseExecutor.processExecutionPhase(TestCaseExecutor.java:368)
	at com.kms.katalon.core.main.TestCaseExecutor.accessMainPhase(TestCaseExecutor.java:360)
	at com.kms.katalon.core.main.TestCaseExecutor.execute(TestCaseExecutor.java:255)
	at com.kms.katalon.core.main.TestCaseMain.runTestCase(TestCaseMain.java:114)
	at com.kms.katalon.core.keyword.builtin.CallTestCaseKeyword$_callTestCase_closure1.doCall(CallTestCaseKeyword.groovy:59)
	... 20 more
Caused by: com.kms.katalon.core.exception.StepFailedException: Unable to verify object is present
	... 37 more
Caused by: java.lang.IllegalArgumentException: Object is null
	at com.kms.katalon.core.helper.KeywordHelper.checkTestObjectParameter(KeywordHelper.java:33)
	at com.kms.katalon.core.webui.keyword.builtin.VerifyElementPresentKeyword$_verifyElementPresent_closure1.doCall(VerifyElementPresentKeyword.groovy:76)
	at com.kms.katalon.core.webui.keyword.builtin.VerifyElementPresentKeyword$_verifyElementPresent_closure1.call(VerifyElementPresentKeyword.groovy)
	at com.kms.katalon.core.webui.keyword.internal.WebUIKeywordMain.runKeyword(WebUIKeywordMain.groovy:20)
	... 35 more
"/>
         <system-out><![CDATA[2021-05-29 15:45:13 - [TEST_CASE][FAILED] - Test Cases/1612049/TC45_PinMessageInDirectMessage: Test Cases/1612049/TC45_PinMessageInDirectMessage FAILED.
Reason:
com.kms.katalon.core.exception.StepFailedException: Call Test Case 'Test Cases/1612049/CommonTC/CTC_SendDirectMessage' failed
	at com.kms.katalon.core.keyword.builtin.CallTestCaseKeyword$_callTestCase_closure1.doCall(CallTestCaseKeyword.groovy:63)
	at com.kms.katalon.core.keyword.builtin.CallTestCaseKeyword$_callTestCase_closure1.call(CallTestCaseKeyword.groovy)
	at com.kms.katalon.core.keyword.internal.KeywordMain.runKeyword(KeywordMain.groovy:68)
	at com.kms.katalon.core.keyword.builtin.CallTestCaseKeyword.callTestCase(CallTestCaseKeyword.groovy:81)
	at com.kms.katalon.core.keyword.builtin.CallTestCaseKeyword.execute(CallTestCaseKeyword.groovy:44)
	at com.kms.katalon.core.keyword.internal.KeywordExecutor.executeKeywordForPlatform(KeywordExecutor.groovy:73)
	at com.kms.katalon.core.keyword.BuiltinKeywords.callTestCase(BuiltinKeywords.groovy:334)
	at TC45_PinMessageInDirectMessage.run(TC45_PinMessageInDirectMessage:27)
	at com.kms.katalon.core.main.ScriptEngine.run(ScriptEngine.java:194)
	at com.kms.katalon.core.main.ScriptEngine.runScriptAsRawText(ScriptEngine.java:119)
	at com.kms.katalon.core.main.TestCaseExecutor.runScript(TestCaseExecutor.java:398)
	at com.kms.katalon.core.main.TestCaseExecutor.doExecute(TestCaseExecutor.java:389)
	at com.kms.katalon.core.main.TestCaseExecutor.processExecutionPhase(TestCaseExecutor.java:368)
	at com.kms.katalon.core.main.TestCaseExecutor.accessMainPhase(TestCaseExecutor.java:360)
	at com.kms.katalon.core.main.TestCaseExecutor.execute(TestCaseExecutor.java:255)
	at com.kms.katalon.core.main.TestSuiteExecutor.accessTestCaseMainPhase(TestSuiteExecutor.java:203)
	at com.kms.katalon.core.main.TestSuiteExecutor.accessTestSuiteMainPhase(TestSuiteExecutor.java:152)
	at com.kms.katalon.core.main.TestSuiteExecutor.execute(TestSuiteExecutor.java:95)
	at com.kms.katalon.core.main.TestCaseMain.startTestSuite(TestCaseMain.java:157)
	at com.kms.katalon.core.main.TestCaseMain$startTestSuite$0.call(Unknown Source)
	at TempTestSuite1622276398873.run(TempTestSuite1622276398873.groovy:39)
Caused by: com.kms.katalon.core.exception.StepFailedException: Unable to verify object is present (Root cause: com.kms.katalon.core.exception.StepFailedException: Unable to verify object is present
	at com.kms.katalon.core.webui.keyword.internal.WebUIKeywordMain.stepFailed(WebUIKeywordMain.groovy:64)
	at com.kms.katalon.core.webui.keyword.internal.WebUIKeywordMain.runKeyword(WebUIKeywordMain.groovy:26)
	at com.kms.katalon.core.webui.keyword.builtin.VerifyElementPresentKeyword.verifyElementPresent(VerifyElementPresentKeyword.groovy:92)
	at com.kms.katalon.core.webui.keyword.builtin.VerifyElementPresentKeyword.execute(VerifyElementPresentKeyword.groovy:68)
	at com.kms.katalon.core.keyword.internal.KeywordExecutor.executeKeywordForPlatform(KeywordExecutor.groovy:73)
	at com.kms.katalon.core.webui.keyword.WebUiBuiltInKeywords.verifyElementPresent(WebUiBuiltInKeywords.groovy:1447)
	at com.kms.katalon.core.webui.keyword.WebUiBuiltInKeywords$verifyElementPresent$9.call(Unknown Source)
	at CTC_SendDirectMessage.run(CTC_SendDirectMessage:32)
	at com.kms.katalon.core.main.ScriptEngine.run(ScriptEngine.java:194)
	at com.kms.katalon.core.main.ScriptEngine.runScriptAsRawText(ScriptEngine.java:119)
	at com.kms.katalon.core.main.TestCaseExecutor.runScript(TestCaseExecutor.java:398)
	at com.kms.katalon.core.main.TestCaseExecutor.doExecute(TestCaseExecutor.java:389)
	at com.kms.katalon.core.main.TestCaseExecutor.processExecutionPhase(TestCaseExecutor.java:368)
	at com.kms.katalon.core.main.TestCaseExecutor.accessMainPhase(TestCaseExecutor.java:360)
	at com.kms.katalon.core.main.TestCaseExecutor.execute(TestCaseExecutor.java:255)
	at com.kms.katalon.core.main.TestCaseMain.runTestCase(TestCaseMain.java:114)
	at com.kms.katalon.core.keyword.builtin.CallTestCaseKeyword$_callTestCase_closure1.doCall(CallTestCaseKeyword.groovy:59)
	at com.kms.katalon.core.keyword.builtin.CallTestCaseKeyword$_callTestCase_closure1.call(CallTestCaseKeyword.groovy)
	at com.kms.katalon.core.keyword.internal.KeywordMain.runKeyword(KeywordMain.groovy:68)
	at com.kms.katalon.core.keyword.builtin.CallTestCaseKeyword.callTestCase(CallTestCaseKeyword.groovy:81)
	at com.kms.katalon.core.keyword.builtin.CallTestCaseKeyword.execute(CallTestCaseKeyword.groovy:44)
	at com.kms.katalon.core.keyword.internal.KeywordExecutor.executeKeywordForPlatform(KeywordExecutor.groovy:73)
	at com.kms.katalon.core.keyword.BuiltinKeywords.callTestCase(BuiltinKeywords.groovy:334)
	at TC45_PinMessageInDirectMessage.run(TC45_PinMessageInDirectMessage:27)
	at com.kms.katalon.core.main.ScriptEngine.run(ScriptEngine.java:194)
	at com.kms.katalon.core.main.ScriptEngine.runScriptAsRawText(ScriptEngine.java:119)
	at com.kms.katalon.core.main.TestCaseExecutor.runScript(TestCaseExecutor.java:398)
	at com.kms.katalon.core.main.TestCaseExecutor.doExecute(TestCaseExecutor.java:389)
	at com.kms.katalon.core.main.TestCaseExecutor.processExecutionPhase(TestCaseExecutor.java:368)
	at com.kms.katalon.core.main.TestCaseExecutor.accessMainPhase(TestCaseExecutor.java:360)
	at com.kms.katalon.core.main.TestCaseExecutor.execute(TestCaseExecutor.java:255)
	at com.kms.katalon.core.main.TestSuiteExecutor.accessTestCaseMainPhase(TestSuiteExecutor.java:203)
	at com.kms.katalon.core.main.TestSuiteExecutor.accessTestSuiteMainPhase(TestSuiteExecutor.java:152)
	at com.kms.katalon.core.main.TestSuiteExecutor.execute(TestSuiteExecutor.java:95)
	at com.kms.katalon.core.main.TestCaseMain.startTestSuite(TestCaseMain.java:157)
	at com.kms.katalon.core.main.TestCaseMain$startTestSuite$0.call(Unknown Source)
	at TempTestSuite1622276398873.run(TempTestSuite1622276398873.groovy:39)
Caused by: java.lang.IllegalArgumentException: Object is null
	at com.kms.katalon.core.helper.KeywordHelper.checkTestObjectParameter(KeywordHelper.java:33)
	at com.kms.katalon.core.webui.keyword.builtin.VerifyElementPresentKeyword$_verifyElementPresent_closure1.doCall(VerifyElementPresentKeyword.groovy:76)
	at com.kms.katalon.core.webui.keyword.builtin.VerifyElementPresentKeyword$_verifyElementPresent_closure1.call(VerifyElementPresentKeyword.groovy)
	at com.kms.katalon.core.webui.keyword.internal.WebUIKeywordMain.runKeyword(WebUIKeywordMain.groovy:20)
	at com.kms.katalon.core.webui.keyword.builtin.VerifyElementPresentKeyword.verifyElementPresent(VerifyElementPresentKeyword.groovy:92)
	at com.kms.katalon.core.webui.keyword.builtin.VerifyElementPresentKeyword.execute(VerifyElementPresentKeyword.groovy:68)
	at com.kms.katalon.core.keyword.internal.KeywordExecutor.executeKeywordForPlatform(KeywordExecutor.groovy:73)
	at com.kms.katalon.core.webui.keyword.WebUiBuiltInKeywords.verifyElementPresent(WebUiBuiltInKeywords.groovy:1447)
	at com.kms.katalon.core.webui.keyword.WebUiBuiltInKeywords$verifyElementPresent$9.call(Unknown Source)
	at Script1622239497900.run(Script1622239497900.groovy:32)
	at com.kms.katalon.core.main.ScriptEngine.run(ScriptEngine.java:194)
	at com.kms.katalon.core.main.ScriptEngine.runScriptAsRawText(ScriptEngine.java:119)
	at com.kms.katalon.core.main.TestCaseExecutor.runScript(TestCaseExecutor.java:398)
	at com.kms.katalon.core.main.TestCaseExecutor.doExecute(TestCaseExecutor.java:389)
	at com.kms.katalon.core.main.TestCaseExecutor.processExecutionPhase(TestCaseExecutor.java:368)
	at com.kms.katalon.core.main.TestCaseExecutor.accessMainPhase(TestCaseExecutor.java:360)
	at com.kms.katalon.core.main.TestCaseExecutor.execute(TestCaseExecutor.java:255)
	at com.kms.katalon.core.main.TestCaseMain.runTestCase(TestCaseMain.java:114)
	at com.kms.katalon.core.keyword.builtin.CallTestCaseKeyword$_callTestCase_closure1.doCall(CallTestCaseKeyword.groovy:59)
	at com.kms.katalon.core.keyword.builtin.CallTestCaseKeyword$_callTestCase_closure1.call(CallTestCaseKeyword.groovy)
	at com.kms.katalon.core.keyword.internal.KeywordMain.runKeyword(KeywordMain.groovy:68)
	at com.kms.katalon.core.keyword.builtin.CallTestCaseKeyword.callTestCase(CallTestCaseKeyword.groovy:81)
	at com.kms.katalon.core.keyword.builtin.CallTestCaseKeyword.execute(CallTestCaseKeyword.groovy:44)
	at com.kms.katalon.core.keyword.internal.KeywordExecutor.executeKeywordForPlatform(KeywordExecutor.groovy:73)
	at com.kms.katalon.core.keyword.BuiltinKeywords.callTestCase(BuiltinKeywords.groovy:334)
	at Script1622231596603.run(Script1622231596603.groovy:27)
	... 13 more
)
	at com.kms.katalon.core.keyword.internal.KeywordMain.stepFailed(KeywordMain.groovy:39)
	at com.kms.katalon.core.webui.keyword.internal.WebUIKeywordMain.stepFailed(WebUIKeywordMain.groovy:64)
	at com.kms.katalon.core.webui.keyword.internal.WebUIKeywordMain.runKeyword(WebUIKeywordMain.groovy:26)
	at com.kms.katalon.core.webui.keyword.builtin.VerifyElementPresentKeyword.verifyElementPresent(VerifyElementPresentKeyword.groovy:92)
	at com.kms.katalon.core.webui.keyword.builtin.VerifyElementPresentKeyword.execute(VerifyElementPresentKeyword.groovy:68)
	at com.kms.katalon.core.keyword.internal.KeywordExecutor.executeKeywordForPlatform(KeywordExecutor.groovy:73)
	at com.kms.katalon.core.webui.keyword.WebUiBuiltInKeywords.verifyElementPresent(WebUiBuiltInKeywords.groovy:1447)
	at com.kms.katalon.core.webui.keyword.WebUiBuiltInKeywords$verifyElementPresent$9.call(Unknown Source)
	at CTC_SendDirectMessage.run(CTC_SendDirectMessage:32)
	at com.kms.katalon.core.main.ScriptEngine.run(ScriptEngine.java:194)
	at com.kms.katalon.core.main.ScriptEngine.runScriptAsRawText(ScriptEngine.java:119)
	at com.kms.katalon.core.main.TestCaseExecutor.runScript(TestCaseExecutor.java:398)
	at com.kms.katalon.core.main.TestCaseExecutor.doExecute(TestCaseExecutor.java:389)
	at com.kms.katalon.core.main.TestCaseExecutor.processExecutionPhase(TestCaseExecutor.java:368)
	at com.kms.katalon.core.main.TestCaseExecutor.accessMainPhase(TestCaseExecutor.java:360)
	at com.kms.katalon.core.main.TestCaseExecutor.execute(TestCaseExecutor.java:255)
	at com.kms.katalon.core.main.TestCaseMain.runTestCase(TestCaseMain.java:114)
	at com.kms.katalon.core.keyword.builtin.CallTestCaseKeyword$_callTestCase_closure1.doCall(CallTestCaseKeyword.groovy:59)
	... 20 more
Caused by: com.kms.katalon.core.exception.StepFailedException: Unable to verify object is present
	... 37 more
Caused by: java.lang.IllegalArgumentException: Object is null
	at com.kms.katalon.core.helper.KeywordHelper.checkTestObjectParameter(KeywordHelper.java:33)
	at com.kms.katalon.core.webui.keyword.builtin.VerifyElementPresentKeyword$_verifyElementPresent_closure1.doCall(VerifyElementPresentKeyword.groovy:76)
	at com.kms.katalon.core.webui.keyword.builtin.VerifyElementPresentKeyword$_verifyElementPresent_closure1.call(VerifyElementPresentKeyword.groovy)
	at com.kms.katalon.core.webui.keyword.internal.WebUIKeywordMain.runKeyword(WebUIKeywordMain.groovy:20)
	... 35 more


2021-05-29 15:45:13 - [TEST_STEP][PASSED] - openBrowser(""): Browser is opened with url: ''

2021-05-29 15:45:13 - [MESSAGE][INFO] - Starting 'Chrome' driver

2021-05-29 15:45:13 - [MESSAGE][INFO] - Action delay is set to 0 milliseconds

2021-05-29 15:45:14 - [MESSAGE][PASSED] - Browser is opened with url: ''

2021-05-29 15:45:14 - [TEST_STEP][PASSED] - navigateToUrl("https://mattermostwebapp.herokuapp.com/"): Navigate to 'https://mattermostwebapp.herokuapp.com/' successfully

2021-05-29 15:45:18 - [MESSAGE][PASSED] - Navigate to 'https://mattermostwebapp.herokuapp.com/' successfully

2021-05-29 15:45:18 - [TEST_STEP][PASSED] - callTestCase(findTestCase("1612049/CommonTC/CTC_Login"), ["username":"jooie", "password":"6z6Vi2R3i06jbzaqW0pQ8Q=="], STOP_ON_FAILURE): Call Test Case 'Test Cases/1612049/CommonTC/CTC_Login' successfully

2021-05-29 15:45:18 - [TEST_CASE][PASSED] - Test Cases/1612049/CommonTC/CTC_Login: Test Cases/1612049/CommonTC/CTC_Login

2021-05-29 15:45:18 - [TEST_STEP][PASSED] - setText(findTestObject("1612049/Login_Screen/input_LoginID"), username): Text 'jooie' is set on object 'Object Repository/1612049/Login_Screen/input_LoginID'

2021-05-29 15:45:23 - [MESSAGE][PASSED] - Text 'jooie' is set on object 'Object Repository/1612049/Login_Screen/input_LoginID'

2021-05-29 15:45:23 - [TEST_STEP][PASSED] - setEncryptedText(findTestObject("1612049/Login_Screen/input_LoginPassword"), password): Text ****** has been set on object 'Object Repository/1612049/Login_Screen/input_LoginPassword'

2021-05-29 15:45:23 - [MESSAGE][PASSED] - Text ****** has been set on object 'Object Repository/1612049/Login_Screen/input_LoginPassword'

2021-05-29 15:45:23 - [TEST_STEP][PASSED] - click(findTestObject("1612049/Login_Screen/btn_Signin")): Object: 'Object Repository/1612049/Login_Screen/btn_Signin' is clicked on

2021-05-29 15:45:24 - [MESSAGE][PASSED] - Object: 'Object Repository/1612049/Login_Screen/btn_Signin' is clicked on

2021-05-29 15:45:24 - [MESSAGE][PASSED] - Call Test Case 'Test Cases/1612049/CommonTC/CTC_Login' successfully

2021-05-29 15:45:24 - [TEST_STEP][FAILED] - callTestCase(findTestCase("1612049/CommonTC/CTC_SendDirectMessage"), [:], STOP_ON_FAILURE): Unable to call Test Case 'Test Cases/1612049/CommonTC/CTC_SendDirectMessage' (Root cause: com.kms.katalon.core.exception.StepFailedException: Call Test Case 'Test Cases/1612049/CommonTC/CTC_SendDirectMessage' failed
	at com.kms.katalon.core.keyword.builtin.CallTestCaseKeyword$_callTestCase_closure1.doCall(CallTestCaseKeyword.groovy:63)
	at com.kms.katalon.core.keyword.builtin.CallTestCaseKeyword$_callTestCase_closure1.call(CallTestCaseKeyword.groovy)
	at com.kms.katalon.core.keyword.internal.KeywordMain.runKeyword(KeywordMain.groovy:68)
	at com.kms.katalon.core.keyword.builtin.CallTestCaseKeyword.callTestCase(CallTestCaseKeyword.groovy:81)
	at com.kms.katalon.core.keyword.builtin.CallTestCaseKeyword.execute(CallTestCaseKeyword.groovy:44)
	at com.kms.katalon.core.keyword.internal.KeywordExecutor.executeKeywordForPlatform(KeywordExecutor.groovy:73)
	at com.kms.katalon.core.keyword.BuiltinKeywords.callTestCase(BuiltinKeywords.groovy:334)
	at TC45_PinMessageInDirectMessage.run(TC45_PinMessageInDirectMessage:27)
	at com.kms.katalon.core.main.ScriptEngine.run(ScriptEngine.java:194)
	at com.kms.katalon.core.main.ScriptEngine.runScriptAsRawText(ScriptEngine.java:119)
	at com.kms.katalon.core.main.TestCaseExecutor.runScript(TestCaseExecutor.java:398)
	at com.kms.katalon.core.main.TestCaseExecutor.doExecute(TestCaseExecutor.java:389)
	at com.kms.katalon.core.main.TestCaseExecutor.processExecutionPhase(TestCaseExecutor.java:368)
	at com.kms.katalon.core.main.TestCaseExecutor.accessMainPhase(TestCaseExecutor.java:360)
	at com.kms.katalon.core.main.TestCaseExecutor.execute(TestCaseExecutor.java:255)
	at com.kms.katalon.core.main.TestSuiteExecutor.accessTestCaseMainPhase(TestSuiteExecutor.java:203)
	at com.kms.katalon.core.main.TestSuiteExecutor.accessTestSuiteMainPhase(TestSuiteExecutor.java:152)
	at com.kms.katalon.core.main.TestSuiteExecutor.execute(TestSuiteExecutor.java:95)
	at com.kms.katalon.core.main.TestCaseMain.startTestSuite(TestCaseMain.java:157)
	at com.kms.katalon.core.main.TestCaseMain$startTestSuite$0.call(Unknown Source)
	at TempTestSuite1622276398873.run(TempTestSuite1622276398873.groovy:39)
Caused by: com.kms.katalon.core.exception.StepFailedException: Unable to verify object is present (Root cause: com.kms.katalon.core.exception.StepFailedException: Unable to verify object is present
	at com.kms.katalon.core.webui.keyword.internal.WebUIKeywordMain.stepFailed(WebUIKeywordMain.groovy:64)
	at com.kms.katalon.core.webui.keyword.internal.WebUIKeywordMain.runKeyword(WebUIKeywordMain.groovy:26)
	at com.kms.katalon.core.webui.keyword.builtin.VerifyElementPresentKeyword.verifyElementPresent(VerifyElementPresentKeyword.groovy:92)
	at com.kms.katalon.core.webui.keyword.builtin.VerifyElementPresentKeyword.execute(VerifyElementPresentKeyword.groovy:68)
	at com.kms.katalon.core.keyword.internal.KeywordExecutor.executeKeywordForPlatform(KeywordExecutor.groovy:73)
	at com.kms.katalon.core.webui.keyword.WebUiBuiltInKeywords.verifyElementPresent(WebUiBuiltInKeywords.groovy:1447)
	at com.kms.katalon.core.webui.keyword.WebUiBuiltInKeywords$verifyElementPresent$9.call(Unknown Source)
	at CTC_SendDirectMessage.run(CTC_SendDirectMessage:32)
	at com.kms.katalon.core.main.ScriptEngine.run(ScriptEngine.java:194)
	at com.kms.katalon.core.main.ScriptEngine.runScriptAsRawText(ScriptEngine.java:119)
	at com.kms.katalon.core.main.TestCaseExecutor.runScript(TestCaseExecutor.java:398)
	at com.kms.katalon.core.main.TestCaseExecutor.doExecute(TestCaseExecutor.java:389)
	at com.kms.katalon.core.main.TestCaseExecutor.processExecutionPhase(TestCaseExecutor.java:368)
	at com.kms.katalon.core.main.TestCaseExecutor.accessMainPhase(TestCaseExecutor.java:360)
	at com.kms.katalon.core.main.TestCaseExecutor.execute(TestCaseExecutor.java:255)
	at com.kms.katalon.core.main.TestCaseMain.runTestCase(TestCaseMain.java:114)
	at com.kms.katalon.core.keyword.builtin.CallTestCaseKeyword$_callTestCase_closure1.doCall(CallTestCaseKeyword.groovy:59)
	at com.kms.katalon.core.keyword.builtin.CallTestCaseKeyword$_callTestCase_closure1.call(CallTestCaseKeyword.groovy)
	at com.kms.katalon.core.keyword.internal.KeywordMain.runKeyword(KeywordMain.groovy:68)
	at com.kms.katalon.core.keyword.builtin.CallTestCaseKeyword.callTestCase(CallTestCaseKeyword.groovy:81)
	at com.kms.katalon.core.keyword.builtin.CallTestCaseKeyword.execute(CallTestCaseKeyword.groovy:44)
	at com.kms.katalon.core.keyword.internal.KeywordExecutor.executeKeywordForPlatform(KeywordExecutor.groovy:73)
	at com.kms.katalon.core.keyword.BuiltinKeywords.callTestCase(BuiltinKeywords.groovy:334)
	at TC45_PinMessageInDirectMessage.run(TC45_PinMessageInDirectMessage:27)
	at com.kms.katalon.core.main.ScriptEngine.run(ScriptEngine.java:194)
	at com.kms.katalon.core.main.ScriptEngine.runScriptAsRawText(ScriptEngine.java:119)
	at com.kms.katalon.core.main.TestCaseExecutor.runScript(TestCaseExecutor.java:398)
	at com.kms.katalon.core.main.TestCaseExecutor.doExecute(TestCaseExecutor.java:389)
	at com.kms.katalon.core.main.TestCaseExecutor.processExecutionPhase(TestCaseExecutor.java:368)
	at com.kms.katalon.core.main.TestCaseExecutor.accessMainPhase(TestCaseExecutor.java:360)
	at com.kms.katalon.core.main.TestCaseExecutor.execute(TestCaseExecutor.java:255)
	at com.kms.katalon.core.main.TestSuiteExecutor.accessTestCaseMainPhase(TestSuiteExecutor.java:203)
	at com.kms.katalon.core.main.TestSuiteExecutor.accessTestSuiteMainPhase(TestSuiteExecutor.java:152)
	at com.kms.katalon.core.main.TestSuiteExecutor.execute(TestSuiteExecutor.java:95)
	at com.kms.katalon.core.main.TestCaseMain.startTestSuite(TestCaseMain.java:157)
	at com.kms.katalon.core.main.TestCaseMain$startTestSuite$0.call(Unknown Source)
	at TempTestSuite1622276398873.run(TempTestSuite1622276398873.groovy:39)
Caused by: java.lang.IllegalArgumentException: Object is null
	at com.kms.katalon.core.helper.KeywordHelper.checkTestObjectParameter(KeywordHelper.java:33)
	at com.kms.katalon.core.webui.keyword.builtin.VerifyElementPresentKeyword$_verifyElementPresent_closure1.doCall(VerifyElementPresentKeyword.groovy:76)
	at com.kms.katalon.core.webui.keyword.builtin.VerifyElementPresentKeyword$_verifyElementPresent_closure1.call(VerifyElementPresentKeyword.groovy)
	at com.kms.katalon.core.webui.keyword.internal.WebUIKeywordMain.runKeyword(WebUIKeywordMain.groovy:20)
	at com.kms.katalon.core.webui.keyword.builtin.VerifyElementPresentKeyword.verifyElementPresent(VerifyElementPresentKeyword.groovy:92)
	at com.kms.katalon.core.webui.keyword.builtin.VerifyElementPresentKeyword.execute(VerifyElementPresentKeyword.groovy:68)
	at com.kms.katalon.core.keyword.internal.KeywordExecutor.executeKeywordForPlatform(KeywordExecutor.groovy:73)
	at com.kms.katalon.core.webui.keyword.WebUiBuiltInKeywords.verifyElementPresent(WebUiBuiltInKeywords.groovy:1447)
	at com.kms.katalon.core.webui.keyword.WebUiBuiltInKeywords$verifyElementPresent$9.call(Unknown Source)
	at Script1622239497900.run(Script1622239497900.groovy:32)
	at com.kms.katalon.core.main.ScriptEngine.run(ScriptEngine.java:194)
	at com.kms.katalon.core.main.ScriptEngine.runScriptAsRawText(ScriptEngine.java:119)
	at com.kms.katalon.core.main.TestCaseExecutor.runScript(TestCaseExecutor.java:398)
	at com.kms.katalon.core.main.TestCaseExecutor.doExecute(TestCaseExecutor.java:389)
	at com.kms.katalon.core.main.TestCaseExecutor.processExecutionPhase(TestCaseExecutor.java:368)
	at com.kms.katalon.core.main.TestCaseExecutor.accessMainPhase(TestCaseExecutor.java:360)
	at com.kms.katalon.core.main.TestCaseExecutor.execute(TestCaseExecutor.java:255)
	at com.kms.katalon.core.main.TestCaseMain.runTestCase(TestCaseMain.java:114)
	at com.kms.katalon.core.keyword.builtin.CallTestCaseKeyword$_callTestCase_closure1.doCall(CallTestCaseKeyword.groovy:59)
	at com.kms.katalon.core.keyword.builtin.CallTestCaseKeyword$_callTestCase_closure1.call(CallTestCaseKeyword.groovy)
	at com.kms.katalon.core.keyword.internal.KeywordMain.runKeyword(KeywordMain.groovy:68)
	at com.kms.katalon.core.keyword.builtin.CallTestCaseKeyword.callTestCase(CallTestCaseKeyword.groovy:81)
	at com.kms.katalon.core.keyword.builtin.CallTestCaseKeyword.execute(CallTestCaseKeyword.groovy:44)
	at com.kms.katalon.core.keyword.internal.KeywordExecutor.executeKeywordForPlatform(KeywordExecutor.groovy:73)
	at com.kms.katalon.core.keyword.BuiltinKeywords.callTestCase(BuiltinKeywords.groovy:334)
	at Script1622231596603.run(Script1622231596603.groovy:27)
	... 13 more
)
	at com.kms.katalon.core.keyword.internal.KeywordMain.stepFailed(KeywordMain.groovy:39)
	at com.kms.katalon.core.webui.keyword.internal.WebUIKeywordMain.stepFailed(WebUIKeywordMain.groovy:64)
	at com.kms.katalon.core.webui.keyword.internal.WebUIKeywordMain.runKeyword(WebUIKeywordMain.groovy:26)
	at com.kms.katalon.core.webui.keyword.builtin.VerifyElementPresentKeyword.verifyElementPresent(VerifyElementPresentKeyword.groovy:92)
	at com.kms.katalon.core.webui.keyword.builtin.VerifyElementPresentKeyword.execute(VerifyElementPresentKeyword.groovy:68)
	at com.kms.katalon.core.keyword.internal.KeywordExecutor.executeKeywordForPlatform(KeywordExecutor.groovy:73)
	at com.kms.katalon.core.webui.keyword.WebUiBuiltInKeywords.verifyElementPresent(WebUiBuiltInKeywords.groovy:1447)
	at com.kms.katalon.core.webui.keyword.WebUiBuiltInKeywords$verifyElementPresent$9.call(Unknown Source)
	at CTC_SendDirectMessage.run(CTC_SendDirectMessage:32)
	at com.kms.katalon.core.main.ScriptEngine.run(ScriptEngine.java:194)
	at com.kms.katalon.core.main.ScriptEngine.runScriptAsRawText(ScriptEngine.java:119)
	at com.kms.katalon.core.main.TestCaseExecutor.runScript(TestCaseExecutor.java:398)
	at com.kms.katalon.core.main.TestCaseExecutor.doExecute(TestCaseExecutor.java:389)
	at com.kms.katalon.core.main.TestCaseExecutor.processExecutionPhase(TestCaseExecutor.java:368)
	at com.kms.katalon.core.main.TestCaseExecutor.accessMainPhase(TestCaseExecutor.java:360)
	at com.kms.katalon.core.main.TestCaseExecutor.execute(TestCaseExecutor.java:255)
	at com.kms.katalon.core.main.TestCaseMain.runTestCase(TestCaseMain.java:114)
	at com.kms.katalon.core.keyword.builtin.CallTestCaseKeyword$_callTestCase_closure1.doCall(CallTestCaseKeyword.groovy:59)
	... 20 more
Caused by: com.kms.katalon.core.exception.StepFailedException: Unable to verify object is present
	... 37 more
Caused by: java.lang.IllegalArgumentException: Object is null
	at com.kms.katalon.core.helper.KeywordHelper.checkTestObjectParameter(KeywordHelper.java:33)
	at com.kms.katalon.core.webui.keyword.builtin.VerifyElementPresentKeyword$_verifyElementPresent_closure1.doCall(VerifyElementPresentKeyword.groovy:76)
	at com.kms.katalon.core.webui.keyword.builtin.VerifyElementPresentKeyword$_verifyElementPresent_closure1.call(VerifyElementPresentKeyword.groovy)
	at com.kms.katalon.core.webui.keyword.internal.WebUIKeywordMain.runKeyword(WebUIKeywordMain.groovy:20)
	... 35 more
)

2021-05-29 15:45:24 - [TEST_CASE][FAILED] - Test Cases/1612049/CommonTC/CTC_SendDirectMessage: Test Cases/1612049/CommonTC/CTC_SendDirectMessage FAILED.
Reason:
com.kms.katalon.core.exception.StepFailedException: Unable to verify object is present (Root cause: com.kms.katalon.core.exception.StepFailedException: Unable to verify object is present
	at com.kms.katalon.core.webui.keyword.internal.WebUIKeywordMain.stepFailed(WebUIKeywordMain.groovy:64)
	at com.kms.katalon.core.webui.keyword.internal.WebUIKeywordMain.runKeyword(WebUIKeywordMain.groovy:26)
	at com.kms.katalon.core.webui.keyword.builtin.VerifyElementPresentKeyword.verifyElementPresent(VerifyElementPresentKeyword.groovy:92)
	at com.kms.katalon.core.webui.keyword.builtin.VerifyElementPresentKeyword.execute(VerifyElementPresentKeyword.groovy:68)
	at com.kms.katalon.core.keyword.internal.KeywordExecutor.executeKeywordForPlatform(KeywordExecutor.groovy:73)
	at com.kms.katalon.core.webui.keyword.WebUiBuiltInKeywords.verifyElementPresent(WebUiBuiltInKeywords.groovy:1447)
	at com.kms.katalon.core.webui.keyword.WebUiBuiltInKeywords$verifyElementPresent$9.call(Unknown Source)
	at CTC_SendDirectMessage.run(CTC_SendDirectMessage:32)
	at com.kms.katalon.core.main.ScriptEngine.run(ScriptEngine.java:194)
	at com.kms.katalon.core.main.ScriptEngine.runScriptAsRawText(ScriptEngine.java:119)
	at com.kms.katalon.core.main.TestCaseExecutor.runScript(TestCaseExecutor.java:398)
	at com.kms.katalon.core.main.TestCaseExecutor.doExecute(TestCaseExecutor.java:389)
	at com.kms.katalon.core.main.TestCaseExecutor.processExecutionPhase(TestCaseExecutor.java:368)
	at com.kms.katalon.core.main.TestCaseExecutor.accessMainPhase(TestCaseExecutor.java:360)
	at com.kms.katalon.core.main.TestCaseExecutor.execute(TestCaseExecutor.java:255)
	at com.kms.katalon.core.main.TestCaseMain.runTestCase(TestCaseMain.java:114)
	at com.kms.katalon.core.keyword.builtin.CallTestCaseKeyword$_callTestCase_closure1.doCall(CallTestCaseKeyword.groovy:59)
	at com.kms.katalon.core.keyword.builtin.CallTestCaseKeyword$_callTestCase_closure1.call(CallTestCaseKeyword.groovy)
	at com.kms.katalon.core.keyword.internal.KeywordMain.runKeyword(KeywordMain.groovy:68)
	at com.kms.katalon.core.keyword.builtin.CallTestCaseKeyword.callTestCase(CallTestCaseKeyword.groovy:81)
	at com.kms.katalon.core.keyword.builtin.CallTestCaseKeyword.execute(CallTestCaseKeyword.groovy:44)
	at com.kms.katalon.core.keyword.internal.KeywordExecutor.executeKeywordForPlatform(KeywordExecutor.groovy:73)
	at com.kms.katalon.core.keyword.BuiltinKeywords.callTestCase(BuiltinKeywords.groovy:334)
	at TC45_PinMessageInDirectMessage.run(TC45_PinMessageInDirectMessage:27)
	at com.kms.katalon.core.main.ScriptEngine.run(ScriptEngine.java:194)
	at com.kms.katalon.core.main.ScriptEngine.runScriptAsRawText(ScriptEngine.java:119)
	at com.kms.katalon.core.main.TestCaseExecutor.runScript(TestCaseExecutor.java:398)
	at com.kms.katalon.core.main.TestCaseExecutor.doExecute(TestCaseExecutor.java:389)
	at com.kms.katalon.core.main.TestCaseExecutor.processExecutionPhase(TestCaseExecutor.java:368)
	at com.kms.katalon.core.main.TestCaseExecutor.accessMainPhase(TestCaseExecutor.java:360)
	at com.kms.katalon.core.main.TestCaseExecutor.execute(TestCaseExecutor.java:255)
	at com.kms.katalon.core.main.TestSuiteExecutor.accessTestCaseMainPhase(TestSuiteExecutor.java:203)
	at com.kms.katalon.core.main.TestSuiteExecutor.accessTestSuiteMainPhase(TestSuiteExecutor.java:152)
	at com.kms.katalon.core.main.TestSuiteExecutor.execute(TestSuiteExecutor.java:95)
	at com.kms.katalon.core.main.TestCaseMain.startTestSuite(TestCaseMain.java:157)
	at com.kms.katalon.core.main.TestCaseMain$startTestSuite$0.call(Unknown Source)
	at TempTestSuite1622276398873.run(TempTestSuite1622276398873.groovy:39)
Caused by: java.lang.IllegalArgumentException: Object is null
	at com.kms.katalon.core.helper.KeywordHelper.checkTestObjectParameter(KeywordHelper.java:33)
	at com.kms.katalon.core.webui.keyword.builtin.VerifyElementPresentKeyword$_verifyElementPresent_closure1.doCall(VerifyElementPresentKeyword.groovy:76)
	at com.kms.katalon.core.webui.keyword.builtin.VerifyElementPresentKeyword$_verifyElementPresent_closure1.call(VerifyElementPresentKeyword.groovy)
	at com.kms.katalon.core.webui.keyword.internal.WebUIKeywordMain.runKeyword(WebUIKeywordMain.groovy:20)
	at com.kms.katalon.core.webui.keyword.builtin.VerifyElementPresentKeyword.verifyElementPresent(VerifyElementPresentKeyword.groovy:92)
	at com.kms.katalon.core.webui.keyword.builtin.VerifyElementPresentKeyword.execute(VerifyElementPresentKeyword.groovy:68)
	at com.kms.katalon.core.keyword.internal.KeywordExecutor.executeKeywordForPlatform(KeywordExecutor.groovy:73)
	at com.kms.katalon.core.webui.keyword.WebUiBuiltInKeywords.verifyElementPresent(WebUiBuiltInKeywords.groovy:1447)
	at com.kms.katalon.core.webui.keyword.WebUiBuiltInKeywords$verifyElementPresent$9.call(Unknown Source)
	at Script1622239497900.run(Script1622239497900.groovy:32)
	at com.kms.katalon.core.main.ScriptEngine.run(ScriptEngine.java:194)
	at com.kms.katalon.core.main.ScriptEngine.runScriptAsRawText(ScriptEngine.java:119)
	at com.kms.katalon.core.main.TestCaseExecutor.runScript(TestCaseExecutor.java:398)
	at com.kms.katalon.core.main.TestCaseExecutor.doExecute(TestCaseExecutor.java:389)
	at com.kms.katalon.core.main.TestCaseExecutor.processExecutionPhase(TestCaseExecutor.java:368)
	at com.kms.katalon.core.main.TestCaseExecutor.accessMainPhase(TestCaseExecutor.java:360)
	at com.kms.katalon.core.main.TestCaseExecutor.execute(TestCaseExecutor.java:255)
	at com.kms.katalon.core.main.TestCaseMain.runTestCase(TestCaseMain.java:114)
	at com.kms.katalon.core.keyword.builtin.CallTestCaseKeyword$_callTestCase_closure1.doCall(CallTestCaseKeyword.groovy:59)
	at com.kms.katalon.core.keyword.builtin.CallTestCaseKeyword$_callTestCase_closure1.call(CallTestCaseKeyword.groovy)
	at com.kms.katalon.core.keyword.internal.KeywordMain.runKeyword(KeywordMain.groovy:68)
	at com.kms.katalon.core.keyword.builtin.CallTestCaseKeyword.callTestCase(CallTestCaseKeyword.groovy:81)
	at com.kms.katalon.core.keyword.builtin.CallTestCaseKeyword.execute(CallTestCaseKeyword.groovy:44)
	at com.kms.katalon.core.keyword.internal.KeywordExecutor.executeKeywordForPlatform(KeywordExecutor.groovy:73)
	at com.kms.katalon.core.keyword.BuiltinKeywords.callTestCase(BuiltinKeywords.groovy:334)
	at Script1622231596603.run(Script1622231596603.groovy:27)
	... 13 more
)
	at com.kms.katalon.core.keyword.internal.KeywordMain.stepFailed(KeywordMain.groovy:39)
	at com.kms.katalon.core.webui.keyword.internal.WebUIKeywordMain.stepFailed(WebUIKeywordMain.groovy:64)
	at com.kms.katalon.core.webui.keyword.internal.WebUIKeywordMain.runKeyword(WebUIKeywordMain.groovy:26)
	at com.kms.katalon.core.webui.keyword.builtin.VerifyElementPresentKeyword.verifyElementPresent(VerifyElementPresentKeyword.groovy:92)
	at com.kms.katalon.core.webui.keyword.builtin.VerifyElementPresentKeyword.execute(VerifyElementPresentKeyword.groovy:68)
	at com.kms.katalon.core.keyword.internal.KeywordExecutor.executeKeywordForPlatform(KeywordExecutor.groovy:73)
	at com.kms.katalon.core.webui.keyword.WebUiBuiltInKeywords.verifyElementPresent(WebUiBuiltInKeywords.groovy:1447)
	at com.kms.katalon.core.webui.keyword.WebUiBuiltInKeywords$verifyElementPresent$9.call(Unknown Source)
	at CTC_SendDirectMessage.run(CTC_SendDirectMessage:32)
	at com.kms.katalon.core.main.ScriptEngine.run(ScriptEngine.java:194)
	at com.kms.katalon.core.main.ScriptEngine.runScriptAsRawText(ScriptEngine.java:119)
	at com.kms.katalon.core.main.TestCaseExecutor.runScript(TestCaseExecutor.java:398)
	at com.kms.katalon.core.main.TestCaseExecutor.doExecute(TestCaseExecutor.java:389)
	at com.kms.katalon.core.main.TestCaseExecutor.processExecutionPhase(TestCaseExecutor.java:368)
	at com.kms.katalon.core.main.TestCaseExecutor.accessMainPhase(TestCaseExecutor.java:360)
	at com.kms.katalon.core.main.TestCaseExecutor.execute(TestCaseExecutor.java:255)
	at com.kms.katalon.core.main.TestCaseMain.runTestCase(TestCaseMain.java:114)
	at com.kms.katalon.core.keyword.builtin.CallTestCaseKeyword$_callTestCase_closure1.doCall(CallTestCaseKeyword.groovy:59)
	at com.kms.katalon.core.keyword.builtin.CallTestCaseKeyword$_callTestCase_closure1.call(CallTestCaseKeyword.groovy)
	at com.kms.katalon.core.keyword.internal.KeywordMain.runKeyword(KeywordMain.groovy:68)
	at com.kms.katalon.core.keyword.builtin.CallTestCaseKeyword.callTestCase(CallTestCaseKeyword.groovy:81)
	at com.kms.katalon.core.keyword.builtin.CallTestCaseKeyword.execute(CallTestCaseKeyword.groovy:44)
	at com.kms.katalon.core.keyword.internal.KeywordExecutor.executeKeywordForPlatform(KeywordExecutor.groovy:73)
	at com.kms.katalon.core.keyword.BuiltinKeywords.callTestCase(BuiltinKeywords.groovy:334)
	at TC45_PinMessageInDirectMessage.run(TC45_PinMessageInDirectMessage:27)
	at com.kms.katalon.core.main.ScriptEngine.run(ScriptEngine.java:194)
	at com.kms.katalon.core.main.ScriptEngine.runScriptAsRawText(ScriptEngine.java:119)
	at com.kms.katalon.core.main.TestCaseExecutor.runScript(TestCaseExecutor.java:398)
	at com.kms.katalon.core.main.TestCaseExecutor.doExecute(TestCaseExecutor.java:389)
	at com.kms.katalon.core.main.TestCaseExecutor.processExecutionPhase(TestCaseExecutor.java:368)
	at com.kms.katalon.core.main.TestCaseExecutor.accessMainPhase(TestCaseExecutor.java:360)
	at com.kms.katalon.core.main.TestCaseExecutor.execute(TestCaseExecutor.java:255)
	at com.kms.katalon.core.main.TestSuiteExecutor.accessTestCaseMainPhase(TestSuiteExecutor.java:203)
	at com.kms.katalon.core.main.TestSuiteExecutor.accessTestSuiteMainPhase(TestSuiteExecutor.java:152)
	at com.kms.katalon.core.main.TestSuiteExecutor.execute(TestSuiteExecutor.java:95)
	at com.kms.katalon.core.main.TestCaseMain.startTestSuite(TestCaseMain.java:157)
	at com.kms.katalon.core.main.TestCaseMain$startTestSuite$0.call(Unknown Source)
	at TempTestSuite1622276398873.run(TempTestSuite1622276398873.groovy:39)
Caused by: com.kms.katalon.core.exception.StepFailedException: Unable to verify object is present
	... 37 more
Caused by: java.lang.IllegalArgumentException: Object is null
	at com.kms.katalon.core.helper.KeywordHelper.checkTestObjectParameter(KeywordHelper.java:33)
	at com.kms.katalon.core.webui.keyword.builtin.VerifyElementPresentKeyword$_verifyElementPresent_closure1.doCall(VerifyElementPresentKeyword.groovy:76)
	at com.kms.katalon.core.webui.keyword.builtin.VerifyElementPresentKeyword$_verifyElementPresent_closure1.call(VerifyElementPresentKeyword.groovy)
	at com.kms.katalon.core.webui.keyword.internal.WebUIKeywordMain.runKeyword(WebUIKeywordMain.groovy:20)
	... 35 more


2021-05-29 15:45:24 - [TEST_STEP][PASSED] - click(findTestObject("1612049/Left_Sidebar/Direct_Messages/btn_AddDirectMessage")): Object: 'Object Repository/1612049/Left_Sidebar/Direct_Messages/btn_AddDirectMessage' is clicked on

2021-05-29 15:45:28 - [MESSAGE][PASSED] - Object: 'Object Repository/1612049/Left_Sidebar/Direct_Messages/btn_AddDirectMessage' is clicked on

2021-05-29 15:45:28 - [TEST_STEP][PASSED] - setText(findTestObject("1612049/Left_Sidebar/Direct_Messages/AddDirectMessage_Dialog/input_UsernameForDirectMessage"), "nghi_tran"): Text 'nghi_tran' is set on object 'Object Repository/1612049/Left_Sidebar/Direct_Messages/AddDirectMessage_Dialog/input_UsernameForDirectMessage'

2021-05-29 15:45:30 - [MESSAGE][PASSED] - Text 'nghi_tran' is set on object 'Object Repository/1612049/Left_Sidebar/Direct_Messages/AddDirectMessage_Dialog/input_UsernameForDirectMessage'

2021-05-29 15:45:30 - [TEST_STEP][PASSED] - if (verifyElementPresent(findTestObject("1612049/Left_Sidebar/Direct_Messages/AddDirectMessage_Dialog/div_FirstSearchUsernameResult"), 10, CONTINUE_ON_FAILURE)): null

2021-05-29 15:45:31 - [MESSAGE][PASSED] - Object 'Object Repository/1612049/Left_Sidebar/Direct_Messages/AddDirectMessage_Dialog/div_FirstSearchUsernameResult' is present

2021-05-29 15:45:31 - [TEST_STEP][PASSED] - sendKeys(findTestObject("1612049/Left_Sidebar/Direct_Messages/AddDirectMessage_Dialog/input_UsernameForDirectMessage"), Keys.chord(ENTER)): Keys 'ENTER + ' sent to object: 'Object Repository/1612049/Left_Sidebar/Direct_Messages/AddDirectMessage_Dialog/input_UsernameForDirectMessage'

2021-05-29 15:45:32 - [MESSAGE][PASSED] - Keys 'ENTER + ' sent to object: 'Object Repository/1612049/Left_Sidebar/Direct_Messages/AddDirectMessage_Dialog/input_UsernameForDirectMessage'

2021-05-29 15:45:32 - [TEST_STEP][PASSED] - click(findTestObject("1612049/Left_Sidebar/Direct_Messages/AddDirectMessage_Dialog/btn_SubmitUsernameForDirectMessage")): Object: 'Object Repository/1612049/Left_Sidebar/Direct_Messages/AddDirectMessage_Dialog/btn_SubmitUsernameForDirectMessage' is clicked on

2021-05-29 15:45:32 - [MESSAGE][PASSED] - Object: 'Object Repository/1612049/Left_Sidebar/Direct_Messages/AddDirectMessage_Dialog/btn_SubmitUsernameForDirectMessage' is clicked on

2021-05-29 15:45:32 - [TEST_STEP][FAILED] - if (verifyElementPresent(findTestObject("null"), 5, CONTINUE_ON_FAILURE)): Unable to verify object is present (Root cause: com.kms.katalon.core.exception.StepFailedException: Unable to verify object is present
	at com.kms.katalon.core.webui.keyword.internal.WebUIKeywordMain.stepFailed(WebUIKeywordMain.groovy:64)
	at com.kms.katalon.core.webui.keyword.internal.WebUIKeywordMain.runKeyword(WebUIKeywordMain.groovy:26)
	at com.kms.katalon.core.webui.keyword.builtin.VerifyElementPresentKeyword.verifyElementPresent(VerifyElementPresentKeyword.groovy:92)
	at com.kms.katalon.core.webui.keyword.builtin.VerifyElementPresentKeyword.execute(VerifyElementPresentKeyword.groovy:68)
	at com.kms.katalon.core.keyword.internal.KeywordExecutor.executeKeywordForPlatform(KeywordExecutor.groovy:73)
	at com.kms.katalon.core.webui.keyword.WebUiBuiltInKeywords.verifyElementPresent(WebUiBuiltInKeywords.groovy:1447)
	at com.kms.katalon.core.webui.keyword.WebUiBuiltInKeywords$verifyElementPresent$9.call(Unknown Source)
	at CTC_SendDirectMessage.run(CTC_SendDirectMessage:32)
	at com.kms.katalon.core.main.ScriptEngine.run(ScriptEngine.java:194)
	at com.kms.katalon.core.main.ScriptEngine.runScriptAsRawText(ScriptEngine.java:119)
	at com.kms.katalon.core.main.TestCaseExecutor.runScript(TestCaseExecutor.java:398)
	at com.kms.katalon.core.main.TestCaseExecutor.doExecute(TestCaseExecutor.java:389)
	at com.kms.katalon.core.main.TestCaseExecutor.processExecutionPhase(TestCaseExecutor.java:368)
	at com.kms.katalon.core.main.TestCaseExecutor.accessMainPhase(TestCaseExecutor.java:360)
	at com.kms.katalon.core.main.TestCaseExecutor.execute(TestCaseExecutor.java:255)
	at com.kms.katalon.core.main.TestCaseMain.runTestCase(TestCaseMain.java:114)
	at com.kms.katalon.core.keyword.builtin.CallTestCaseKeyword$_callTestCase_closure1.doCall(CallTestCaseKeyword.groovy:59)
	at com.kms.katalon.core.keyword.builtin.CallTestCaseKeyword$_callTestCase_closure1.call(CallTestCaseKeyword.groovy)
	at com.kms.katalon.core.keyword.internal.KeywordMain.runKeyword(KeywordMain.groovy:68)
	at com.kms.katalon.core.keyword.builtin.CallTestCaseKeyword.callTestCase(CallTestCaseKeyword.groovy:81)
	at com.kms.katalon.core.keyword.builtin.CallTestCaseKeyword.execute(CallTestCaseKeyword.groovy:44)
	at com.kms.katalon.core.keyword.internal.KeywordExecutor.executeKeywordForPlatform(KeywordExecutor.groovy:73)
	at com.kms.katalon.core.keyword.BuiltinKeywords.callTestCase(BuiltinKeywords.groovy:334)
	at TC45_PinMessageInDirectMessage.run(TC45_PinMessageInDirectMessage:27)
	at com.kms.katalon.core.main.ScriptEngine.run(ScriptEngine.java:194)
	at com.kms.katalon.core.main.ScriptEngine.runScriptAsRawText(ScriptEngine.java:119)
	at com.kms.katalon.core.main.TestCaseExecutor.runScript(TestCaseExecutor.java:398)
	at com.kms.katalon.core.main.TestCaseExecutor.doExecute(TestCaseExecutor.java:389)
	at com.kms.katalon.core.main.TestCaseExecutor.processExecutionPhase(TestCaseExecutor.java:368)
	at com.kms.katalon.core.main.TestCaseExecutor.accessMainPhase(TestCaseExecutor.java:360)
	at com.kms.katalon.core.main.TestCaseExecutor.execute(TestCaseExecutor.java:255)
	at com.kms.katalon.core.main.TestSuiteExecutor.accessTestCaseMainPhase(TestSuiteExecutor.java:203)
	at com.kms.katalon.core.main.TestSuiteExecutor.accessTestSuiteMainPhase(TestSuiteExecutor.java:152)
	at com.kms.katalon.core.main.TestSuiteExecutor.execute(TestSuiteExecutor.java:95)
	at com.kms.katalon.core.main.TestCaseMain.startTestSuite(TestCaseMain.java:157)
	at com.kms.katalon.core.main.TestCaseMain$startTestSuite$0.call(Unknown Source)
	at TempTestSuite1622276398873.run(TempTestSuite1622276398873.groovy:39)
Caused by: java.lang.IllegalArgumentException: Object is null
	at com.kms.katalon.core.helper.KeywordHelper.checkTestObjectParameter(KeywordHelper.java:33)
	at com.kms.katalon.core.webui.keyword.builtin.VerifyElementPresentKeyword$_verifyElementPresent_closure1.doCall(VerifyElementPresentKeyword.groovy:76)
	at com.kms.katalon.core.webui.keyword.builtin.VerifyElementPresentKeyword$_verifyElementPresent_closure1.call(VerifyElementPresentKeyword.groovy)
	at com.kms.katalon.core.webui.keyword.internal.WebUIKeywordMain.runKeyword(WebUIKeywordMain.groovy:20)
	at com.kms.katalon.core.webui.keyword.builtin.VerifyElementPresentKeyword.verifyElementPresent(VerifyElementPresentKeyword.groovy:92)
	at com.kms.katalon.core.webui.keyword.builtin.VerifyElementPresentKeyword.execute(VerifyElementPresentKeyword.groovy:68)
	at com.kms.katalon.core.keyword.internal.KeywordExecutor.executeKeywordForPlatform(KeywordExecutor.groovy:73)
	at com.kms.katalon.core.webui.keyword.WebUiBuiltInKeywords.verifyElementPresent(WebUiBuiltInKeywords.groovy:1447)
	at com.kms.katalon.core.webui.keyword.WebUiBuiltInKeywords$verifyElementPresent$9.call(Unknown Source)
	at Script1622239497900.run(Script1622239497900.groovy:32)
	at com.kms.katalon.core.main.ScriptEngine.run(ScriptEngine.java:194)
	at com.kms.katalon.core.main.ScriptEngine.runScriptAsRawText(ScriptEngine.java:119)
	at com.kms.katalon.core.main.TestCaseExecutor.runScript(TestCaseExecutor.java:398)
	at com.kms.katalon.core.main.TestCaseExecutor.doExecute(TestCaseExecutor.java:389)
	at com.kms.katalon.core.main.TestCaseExecutor.processExecutionPhase(TestCaseExecutor.java:368)
	at com.kms.katalon.core.main.TestCaseExecutor.accessMainPhase(TestCaseExecutor.java:360)
	at com.kms.katalon.core.main.TestCaseExecutor.execute(TestCaseExecutor.java:255)
	at com.kms.katalon.core.main.TestCaseMain.runTestCase(TestCaseMain.java:114)
	at com.kms.katalon.core.keyword.builtin.CallTestCaseKeyword$_callTestCase_closure1.doCall(CallTestCaseKeyword.groovy:59)
	at com.kms.katalon.core.keyword.builtin.CallTestCaseKeyword$_callTestCase_closure1.call(CallTestCaseKeyword.groovy)
	at com.kms.katalon.core.keyword.internal.KeywordMain.runKeyword(KeywordMain.groovy:68)
	at com.kms.katalon.core.keyword.builtin.CallTestCaseKeyword.callTestCase(CallTestCaseKeyword.groovy:81)
	at com.kms.katalon.core.keyword.builtin.CallTestCaseKeyword.execute(CallTestCaseKeyword.groovy:44)
	at com.kms.katalon.core.keyword.internal.KeywordExecutor.executeKeywordForPlatform(KeywordExecutor.groovy:73)
	at com.kms.katalon.core.keyword.BuiltinKeywords.callTestCase(BuiltinKeywords.groovy:334)
	at Script1622231596603.run(Script1622231596603.groovy:27)
	... 13 more
)

2021-05-29 15:45:32 - [MESSAGE][WARNING] - Test object with id 'Object Repository/null' does not exist

2021-05-29 15:45:32 - [MESSAGE][WARNING] - Test object with id 'Object Repository/' does not exist

2021-05-29 15:45:32 - [MESSAGE][FAILED] - Unable to verify object is present (Root cause: com.kms.katalon.core.exception.StepFailedException: Unable to verify object is present
	at com.kms.katalon.core.webui.keyword.internal.WebUIKeywordMain.stepFailed(WebUIKeywordMain.groovy:64)
	at com.kms.katalon.core.webui.keyword.internal.WebUIKeywordMain.runKeyword(WebUIKeywordMain.groovy:26)
	at com.kms.katalon.core.webui.keyword.builtin.VerifyElementPresentKeyword.verifyElementPresent(VerifyElementPresentKeyword.groovy:92)
	at com.kms.katalon.core.webui.keyword.builtin.VerifyElementPresentKeyword.execute(VerifyElementPresentKeyword.groovy:68)
	at com.kms.katalon.core.keyword.internal.KeywordExecutor.executeKeywordForPlatform(KeywordExecutor.groovy:73)
	at com.kms.katalon.core.webui.keyword.WebUiBuiltInKeywords.verifyElementPresent(WebUiBuiltInKeywords.groovy:1447)
	at com.kms.katalon.core.webui.keyword.WebUiBuiltInKeywords$verifyElementPresent$9.call(Unknown Source)
	at CTC_SendDirectMessage.run(CTC_SendDirectMessage:32)
	at com.kms.katalon.core.main.ScriptEngine.run(ScriptEngine.java:194)
	at com.kms.katalon.core.main.ScriptEngine.runScriptAsRawText(ScriptEngine.java:119)
	at com.kms.katalon.core.main.TestCaseExecutor.runScript(TestCaseExecutor.java:398)
	at com.kms.katalon.core.main.TestCaseExecutor.doExecute(TestCaseExecutor.java:389)
	at com.kms.katalon.core.main.TestCaseExecutor.processExecutionPhase(TestCaseExecutor.java:368)
	at com.kms.katalon.core.main.TestCaseExecutor.accessMainPhase(TestCaseExecutor.java:360)
	at com.kms.katalon.core.main.TestCaseExecutor.execute(TestCaseExecutor.java:255)
	at com.kms.katalon.core.main.TestCaseMain.runTestCase(TestCaseMain.java:114)
	at com.kms.katalon.core.keyword.builtin.CallTestCaseKeyword$_callTestCase_closure1.doCall(CallTestCaseKeyword.groovy:59)
	at com.kms.katalon.core.keyword.builtin.CallTestCaseKeyword$_callTestCase_closure1.call(CallTestCaseKeyword.groovy)
	at com.kms.katalon.core.keyword.internal.KeywordMain.runKeyword(KeywordMain.groovy:68)
	at com.kms.katalon.core.keyword.builtin.CallTestCaseKeyword.callTestCase(CallTestCaseKeyword.groovy:81)
	at com.kms.katalon.core.keyword.builtin.CallTestCaseKeyword.execute(CallTestCaseKeyword.groovy:44)
	at com.kms.katalon.core.keyword.internal.KeywordExecutor.executeKeywordForPlatform(KeywordExecutor.groovy:73)
	at com.kms.katalon.core.keyword.BuiltinKeywords.callTestCase(BuiltinKeywords.groovy:334)
	at TC45_PinMessageInDirectMessage.run(TC45_PinMessageInDirectMessage:27)
	at com.kms.katalon.core.main.ScriptEngine.run(ScriptEngine.java:194)
	at com.kms.katalon.core.main.ScriptEngine.runScriptAsRawText(ScriptEngine.java:119)
	at com.kms.katalon.core.main.TestCaseExecutor.runScript(TestCaseExecutor.java:398)
	at com.kms.katalon.core.main.TestCaseExecutor.doExecute(TestCaseExecutor.java:389)
	at com.kms.katalon.core.main.TestCaseExecutor.processExecutionPhase(TestCaseExecutor.java:368)
	at com.kms.katalon.core.main.TestCaseExecutor.accessMainPhase(TestCaseExecutor.java:360)
	at com.kms.katalon.core.main.TestCaseExecutor.execute(TestCaseExecutor.java:255)
	at com.kms.katalon.core.main.TestSuiteExecutor.accessTestCaseMainPhase(TestSuiteExecutor.java:203)
	at com.kms.katalon.core.main.TestSuiteExecutor.accessTestSuiteMainPhase(TestSuiteExecutor.java:152)
	at com.kms.katalon.core.main.TestSuiteExecutor.execute(TestSuiteExecutor.java:95)
	at com.kms.katalon.core.main.TestCaseMain.startTestSuite(TestCaseMain.java:157)
	at com.kms.katalon.core.main.TestCaseMain$startTestSuite$0.call(Unknown Source)
	at TempTestSuite1622276398873.run(TempTestSuite1622276398873.groovy:39)
Caused by: java.lang.IllegalArgumentException: Object is null
	at com.kms.katalon.core.helper.KeywordHelper.checkTestObjectParameter(KeywordHelper.java:33)
	at com.kms.katalon.core.webui.keyword.builtin.VerifyElementPresentKeyword$_verifyElementPresent_closure1.doCall(VerifyElementPresentKeyword.groovy:76)
	at com.kms.katalon.core.webui.keyword.builtin.VerifyElementPresentKeyword$_verifyElementPresent_closure1.call(VerifyElementPresentKeyword.groovy)
	at com.kms.katalon.core.webui.keyword.internal.WebUIKeywordMain.runKeyword(WebUIKeywordMain.groovy:20)
	at com.kms.katalon.core.webui.keyword.builtin.VerifyElementPresentKeyword.verifyElementPresent(VerifyElementPresentKeyword.groovy:92)
	at com.kms.katalon.core.webui.keyword.builtin.VerifyElementPresentKeyword.execute(VerifyElementPresentKeyword.groovy:68)
	at com.kms.katalon.core.keyword.internal.KeywordExecutor.executeKeywordForPlatform(KeywordExecutor.groovy:73)
	at com.kms.katalon.core.webui.keyword.WebUiBuiltInKeywords.verifyElementPresent(WebUiBuiltInKeywords.groovy:1447)
	at com.kms.katalon.core.webui.keyword.WebUiBuiltInKeywords$verifyElementPresent$9.call(Unknown Source)
	at Script1622239497900.run(Script1622239497900.groovy:32)
	at com.kms.katalon.core.main.ScriptEngine.run(ScriptEngine.java:194)
	at com.kms.katalon.core.main.ScriptEngine.runScriptAsRawText(ScriptEngine.java:119)
	at com.kms.katalon.core.main.TestCaseExecutor.runScript(TestCaseExecutor.java:398)
	at com.kms.katalon.core.main.TestCaseExecutor.doExecute(TestCaseExecutor.java:389)
	at com.kms.katalon.core.main.TestCaseExecutor.processExecutionPhase(TestCaseExecutor.java:368)
	at com.kms.katalon.core.main.TestCaseExecutor.accessMainPhase(TestCaseExecutor.java:360)
	at com.kms.katalon.core.main.TestCaseExecutor.execute(TestCaseExecutor.java:255)
	at com.kms.katalon.core.main.TestCaseMain.runTestCase(TestCaseMain.java:114)
	at com.kms.katalon.core.keyword.builtin.CallTestCaseKeyword$_callTestCase_closure1.doCall(CallTestCaseKeyword.groovy:59)
	at com.kms.katalon.core.keyword.builtin.CallTestCaseKeyword$_callTestCase_closure1.call(CallTestCaseKeyword.groovy)
	at com.kms.katalon.core.keyword.internal.KeywordMain.runKeyword(KeywordMain.groovy:68)
	at com.kms.katalon.core.keyword.builtin.CallTestCaseKeyword.callTestCase(CallTestCaseKeyword.groovy:81)
	at com.kms.katalon.core.keyword.builtin.CallTestCaseKeyword.execute(CallTestCaseKeyword.groovy:44)
	at com.kms.katalon.core.keyword.internal.KeywordExecutor.executeKeywordForPlatform(KeywordExecutor.groovy:73)
	at com.kms.katalon.core.keyword.BuiltinKeywords.callTestCase(BuiltinKeywords.groovy:334)
	at Script1622231596603.run(Script1622231596603.groovy:27)
	... 13 more
)
[[ATTACHMENT|C:\\Users\\Bao Chau\\Katalon Studio\\Mattermost_AutoTesting\\Reports\\20210529_151958\\1612049\\Run all test cases\\20210529_151958\\1622277932605.png]]

2021-05-29 15:45:32 - [MESSAGE][FAILED] - Unable to call Test Case 'Test Cases/1612049/CommonTC/CTC_SendDirectMessage' (Root cause: com.kms.katalon.core.exception.StepFailedException: Call Test Case 'Test Cases/1612049/CommonTC/CTC_SendDirectMessage' failed
	at com.kms.katalon.core.keyword.builtin.CallTestCaseKeyword$_callTestCase_closure1.doCall(CallTestCaseKeyword.groovy:63)
	at com.kms.katalon.core.keyword.builtin.CallTestCaseKeyword$_callTestCase_closure1.call(CallTestCaseKeyword.groovy)
	at com.kms.katalon.core.keyword.internal.KeywordMain.runKeyword(KeywordMain.groovy:68)
	at com.kms.katalon.core.keyword.builtin.CallTestCaseKeyword.callTestCase(CallTestCaseKeyword.groovy:81)
	at com.kms.katalon.core.keyword.builtin.CallTestCaseKeyword.execute(CallTestCaseKeyword.groovy:44)
	at com.kms.katalon.core.keyword.internal.KeywordExecutor.executeKeywordForPlatform(KeywordExecutor.groovy:73)
	at com.kms.katalon.core.keyword.BuiltinKeywords.callTestCase(BuiltinKeywords.groovy:334)
	at TC45_PinMessageInDirectMessage.run(TC45_PinMessageInDirectMessage:27)
	at com.kms.katalon.core.main.ScriptEngine.run(ScriptEngine.java:194)
	at com.kms.katalon.core.main.ScriptEngine.runScriptAsRawText(ScriptEngine.java:119)
	at com.kms.katalon.core.main.TestCaseExecutor.runScript(TestCaseExecutor.java:398)
	at com.kms.katalon.core.main.TestCaseExecutor.doExecute(TestCaseExecutor.java:389)
	at com.kms.katalon.core.main.TestCaseExecutor.processExecutionPhase(TestCaseExecutor.java:368)
	at com.kms.katalon.core.main.TestCaseExecutor.accessMainPhase(TestCaseExecutor.java:360)
	at com.kms.katalon.core.main.TestCaseExecutor.execute(TestCaseExecutor.java:255)
	at com.kms.katalon.core.main.TestSuiteExecutor.accessTestCaseMainPhase(TestSuiteExecutor.java:203)
	at com.kms.katalon.core.main.TestSuiteExecutor.accessTestSuiteMainPhase(TestSuiteExecutor.java:152)
	at com.kms.katalon.core.main.TestSuiteExecutor.execute(TestSuiteExecutor.java:95)
	at com.kms.katalon.core.main.TestCaseMain.startTestSuite(TestCaseMain.java:157)
	at com.kms.katalon.core.main.TestCaseMain$startTestSuite$0.call(Unknown Source)
	at TempTestSuite1622276398873.run(TempTestSuite1622276398873.groovy:39)
Caused by: com.kms.katalon.core.exception.StepFailedException: Unable to verify object is present (Root cause: com.kms.katalon.core.exception.StepFailedException: Unable to verify object is present
	at com.kms.katalon.core.webui.keyword.internal.WebUIKeywordMain.stepFailed(WebUIKeywordMain.groovy:64)
	at com.kms.katalon.core.webui.keyword.internal.WebUIKeywordMain.runKeyword(WebUIKeywordMain.groovy:26)
	at com.kms.katalon.core.webui.keyword.builtin.VerifyElementPresentKeyword.verifyElementPresent(VerifyElementPresentKeyword.groovy:92)
	at com.kms.katalon.core.webui.keyword.builtin.VerifyElementPresentKeyword.execute(VerifyElementPresentKeyword.groovy:68)
	at com.kms.katalon.core.keyword.internal.KeywordExecutor.executeKeywordForPlatform(KeywordExecutor.groovy:73)
	at com.kms.katalon.core.webui.keyword.WebUiBuiltInKeywords.verifyElementPresent(WebUiBuiltInKeywords.groovy:1447)
	at com.kms.katalon.core.webui.keyword.WebUiBuiltInKeywords$verifyElementPresent$9.call(Unknown Source)
	at CTC_SendDirectMessage.run(CTC_SendDirectMessage:32)
	at com.kms.katalon.core.main.ScriptEngine.run(ScriptEngine.java:194)
	at com.kms.katalon.core.main.ScriptEngine.runScriptAsRawText(ScriptEngine.java:119)
	at com.kms.katalon.core.main.TestCaseExecutor.runScript(TestCaseExecutor.java:398)
	at com.kms.katalon.core.main.TestCaseExecutor.doExecute(TestCaseExecutor.java:389)
	at com.kms.katalon.core.main.TestCaseExecutor.processExecutionPhase(TestCaseExecutor.java:368)
	at com.kms.katalon.core.main.TestCaseExecutor.accessMainPhase(TestCaseExecutor.java:360)
	at com.kms.katalon.core.main.TestCaseExecutor.execute(TestCaseExecutor.java:255)
	at com.kms.katalon.core.main.TestCaseMain.runTestCase(TestCaseMain.java:114)
	at com.kms.katalon.core.keyword.builtin.CallTestCaseKeyword$_callTestCase_closure1.doCall(CallTestCaseKeyword.groovy:59)
	at com.kms.katalon.core.keyword.builtin.CallTestCaseKeyword$_callTestCase_closure1.call(CallTestCaseKeyword.groovy)
	at com.kms.katalon.core.keyword.internal.KeywordMain.runKeyword(KeywordMain.groovy:68)
	at com.kms.katalon.core.keyword.builtin.CallTestCaseKeyword.callTestCase(CallTestCaseKeyword.groovy:81)
	at com.kms.katalon.core.keyword.builtin.CallTestCaseKeyword.execute(CallTestCaseKeyword.groovy:44)
	at com.kms.katalon.core.keyword.internal.KeywordExecutor.executeKeywordForPlatform(KeywordExecutor.groovy:73)
	at com.kms.katalon.core.keyword.BuiltinKeywords.callTestCase(BuiltinKeywords.groovy:334)
	at TC45_PinMessageInDirectMessage.run(TC45_PinMessageInDirectMessage:27)
	at com.kms.katalon.core.main.ScriptEngine.run(ScriptEngine.java:194)
	at com.kms.katalon.core.main.ScriptEngine.runScriptAsRawText(ScriptEngine.java:119)
	at com.kms.katalon.core.main.TestCaseExecutor.runScript(TestCaseExecutor.java:398)
	at com.kms.katalon.core.main.TestCaseExecutor.doExecute(TestCaseExecutor.java:389)
	at com.kms.katalon.core.main.TestCaseExecutor.processExecutionPhase(TestCaseExecutor.java:368)
	at com.kms.katalon.core.main.TestCaseExecutor.accessMainPhase(TestCaseExecutor.java:360)
	at com.kms.katalon.core.main.TestCaseExecutor.execute(TestCaseExecutor.java:255)
	at com.kms.katalon.core.main.TestSuiteExecutor.accessTestCaseMainPhase(TestSuiteExecutor.java:203)
	at com.kms.katalon.core.main.TestSuiteExecutor.accessTestSuiteMainPhase(TestSuiteExecutor.java:152)
	at com.kms.katalon.core.main.TestSuiteExecutor.execute(TestSuiteExecutor.java:95)
	at com.kms.katalon.core.main.TestCaseMain.startTestSuite(TestCaseMain.java:157)
	at com.kms.katalon.core.main.TestCaseMain$startTestSuite$0.call(Unknown Source)
	at TempTestSuite1622276398873.run(TempTestSuite1622276398873.groovy:39)
Caused by: java.lang.IllegalArgumentException: Object is null
	at com.kms.katalon.core.helper.KeywordHelper.checkTestObjectParameter(KeywordHelper.java:33)
	at com.kms.katalon.core.webui.keyword.builtin.VerifyElementPresentKeyword$_verifyElementPresent_closure1.doCall(VerifyElementPresentKeyword.groovy:76)
	at com.kms.katalon.core.webui.keyword.builtin.VerifyElementPresentKeyword$_verifyElementPresent_closure1.call(VerifyElementPresentKeyword.groovy)
	at com.kms.katalon.core.webui.keyword.internal.WebUIKeywordMain.runKeyword(WebUIKeywordMain.groovy:20)
	at com.kms.katalon.core.webui.keyword.builtin.VerifyElementPresentKeyword.verifyElementPresent(VerifyElementPresentKeyword.groovy:92)
	at com.kms.katalon.core.webui.keyword.builtin.VerifyElementPresentKeyword.execute(VerifyElementPresentKeyword.groovy:68)
	at com.kms.katalon.core.keyword.internal.KeywordExecutor.executeKeywordForPlatform(KeywordExecutor.groovy:73)
	at com.kms.katalon.core.webui.keyword.WebUiBuiltInKeywords.verifyElementPresent(WebUiBuiltInKeywords.groovy:1447)
	at com.kms.katalon.core.webui.keyword.WebUiBuiltInKeywords$verifyElementPresent$9.call(Unknown Source)
	at Script1622239497900.run(Script1622239497900.groovy:32)
	at com.kms.katalon.core.main.ScriptEngine.run(ScriptEngine.java:194)
	at com.kms.katalon.core.main.ScriptEngine.runScriptAsRawText(ScriptEngine.java:119)
	at com.kms.katalon.core.main.TestCaseExecutor.runScript(TestCaseExecutor.java:398)
	at com.kms.katalon.core.main.TestCaseExecutor.doExecute(TestCaseExecutor.java:389)
	at com.kms.katalon.core.main.TestCaseExecutor.processExecutionPhase(TestCaseExecutor.java:368)
	at com.kms.katalon.core.main.TestCaseExecutor.accessMainPhase(TestCaseExecutor.java:360)
	at com.kms.katalon.core.main.TestCaseExecutor.execute(TestCaseExecutor.java:255)
	at com.kms.katalon.core.main.TestCaseMain.runTestCase(TestCaseMain.java:114)
	at com.kms.katalon.core.keyword.builtin.CallTestCaseKeyword$_callTestCase_closure1.doCall(CallTestCaseKeyword.groovy:59)
	at com.kms.katalon.core.keyword.builtin.CallTestCaseKeyword$_callTestCase_closure1.call(CallTestCaseKeyword.groovy)
	at com.kms.katalon.core.keyword.internal.KeywordMain.runKeyword(KeywordMain.groovy:68)
	at com.kms.katalon.core.keyword.builtin.CallTestCaseKeyword.callTestCase(CallTestCaseKeyword.groovy:81)
	at com.kms.katalon.core.keyword.builtin.CallTestCaseKeyword.execute(CallTestCaseKeyword.groovy:44)
	at com.kms.katalon.core.keyword.internal.KeywordExecutor.executeKeywordForPlatform(KeywordExecutor.groovy:73)
	at com.kms.katalon.core.keyword.BuiltinKeywords.callTestCase(BuiltinKeywords.groovy:334)
	at Script1622231596603.run(Script1622231596603.groovy:27)
	... 13 more
)
	at com.kms.katalon.core.keyword.internal.KeywordMain.stepFailed(KeywordMain.groovy:39)
	at com.kms.katalon.core.webui.keyword.internal.WebUIKeywordMain.stepFailed(WebUIKeywordMain.groovy:64)
	at com.kms.katalon.core.webui.keyword.internal.WebUIKeywordMain.runKeyword(WebUIKeywordMain.groovy:26)
	at com.kms.katalon.core.webui.keyword.builtin.VerifyElementPresentKeyword.verifyElementPresent(VerifyElementPresentKeyword.groovy:92)
	at com.kms.katalon.core.webui.keyword.builtin.VerifyElementPresentKeyword.execute(VerifyElementPresentKeyword.groovy:68)
	at com.kms.katalon.core.keyword.internal.KeywordExecutor.executeKeywordForPlatform(KeywordExecutor.groovy:73)
	at com.kms.katalon.core.webui.keyword.WebUiBuiltInKeywords.verifyElementPresent(WebUiBuiltInKeywords.groovy:1447)
	at com.kms.katalon.core.webui.keyword.WebUiBuiltInKeywords$verifyElementPresent$9.call(Unknown Source)
	at CTC_SendDirectMessage.run(CTC_SendDirectMessage:32)
	at com.kms.katalon.core.main.ScriptEngine.run(ScriptEngine.java:194)
	at com.kms.katalon.core.main.ScriptEngine.runScriptAsRawText(ScriptEngine.java:119)
	at com.kms.katalon.core.main.TestCaseExecutor.runScript(TestCaseExecutor.java:398)
	at com.kms.katalon.core.main.TestCaseExecutor.doExecute(TestCaseExecutor.java:389)
	at com.kms.katalon.core.main.TestCaseExecutor.processExecutionPhase(TestCaseExecutor.java:368)
	at com.kms.katalon.core.main.TestCaseExecutor.accessMainPhase(TestCaseExecutor.java:360)
	at com.kms.katalon.core.main.TestCaseExecutor.execute(TestCaseExecutor.java:255)
	at com.kms.katalon.core.main.TestCaseMain.runTestCase(TestCaseMain.java:114)
	at com.kms.katalon.core.keyword.builtin.CallTestCaseKeyword$_callTestCase_closure1.doCall(CallTestCaseKeyword.groovy:59)
	... 20 more
Caused by: com.kms.katalon.core.exception.StepFailedException: Unable to verify object is present
	... 37 more
Caused by: java.lang.IllegalArgumentException: Object is null
	at com.kms.katalon.core.helper.KeywordHelper.checkTestObjectParameter(KeywordHelper.java:33)
	at com.kms.katalon.core.webui.keyword.builtin.VerifyElementPresentKeyword$_verifyElementPresent_closure1.doCall(VerifyElementPresentKeyword.groovy:76)
	at com.kms.katalon.core.webui.keyword.builtin.VerifyElementPresentKeyword$_verifyElementPresent_closure1.call(VerifyElementPresentKeyword.groovy)
	at com.kms.katalon.core.webui.keyword.internal.WebUIKeywordMain.runKeyword(WebUIKeywordMain.groovy:20)
	... 35 more
)]]></system-out>
         <system-err><![CDATA[2021-05-29 15:45:13 - [TEST_CASE][FAILED] - Test Cases/1612049/TC45_PinMessageInDirectMessage: Test Cases/1612049/TC45_PinMessageInDirectMessage FAILED.
Reason:
com.kms.katalon.core.exception.StepFailedException: Call Test Case 'Test Cases/1612049/CommonTC/CTC_SendDirectMessage' failed
	at com.kms.katalon.core.keyword.builtin.CallTestCaseKeyword$_callTestCase_closure1.doCall(CallTestCaseKeyword.groovy:63)
	at com.kms.katalon.core.keyword.builtin.CallTestCaseKeyword$_callTestCase_closure1.call(CallTestCaseKeyword.groovy)
	at com.kms.katalon.core.keyword.internal.KeywordMain.runKeyword(KeywordMain.groovy:68)
	at com.kms.katalon.core.keyword.builtin.CallTestCaseKeyword.callTestCase(CallTestCaseKeyword.groovy:81)
	at com.kms.katalon.core.keyword.builtin.CallTestCaseKeyword.execute(CallTestCaseKeyword.groovy:44)
	at com.kms.katalon.core.keyword.internal.KeywordExecutor.executeKeywordForPlatform(KeywordExecutor.groovy:73)
	at com.kms.katalon.core.keyword.BuiltinKeywords.callTestCase(BuiltinKeywords.groovy:334)
	at TC45_PinMessageInDirectMessage.run(TC45_PinMessageInDirectMessage:27)
	at com.kms.katalon.core.main.ScriptEngine.run(ScriptEngine.java:194)
	at com.kms.katalon.core.main.ScriptEngine.runScriptAsRawText(ScriptEngine.java:119)
	at com.kms.katalon.core.main.TestCaseExecutor.runScript(TestCaseExecutor.java:398)
	at com.kms.katalon.core.main.TestCaseExecutor.doExecute(TestCaseExecutor.java:389)
	at com.kms.katalon.core.main.TestCaseExecutor.processExecutionPhase(TestCaseExecutor.java:368)
	at com.kms.katalon.core.main.TestCaseExecutor.accessMainPhase(TestCaseExecutor.java:360)
	at com.kms.katalon.core.main.TestCaseExecutor.execute(TestCaseExecutor.java:255)
	at com.kms.katalon.core.main.TestSuiteExecutor.accessTestCaseMainPhase(TestSuiteExecutor.java:203)
	at com.kms.katalon.core.main.TestSuiteExecutor.accessTestSuiteMainPhase(TestSuiteExecutor.java:152)
	at com.kms.katalon.core.main.TestSuiteExecutor.execute(TestSuiteExecutor.java:95)
	at com.kms.katalon.core.main.TestCaseMain.startTestSuite(TestCaseMain.java:157)
	at com.kms.katalon.core.main.TestCaseMain$startTestSuite$0.call(Unknown Source)
	at TempTestSuite1622276398873.run(TempTestSuite1622276398873.groovy:39)
Caused by: com.kms.katalon.core.exception.StepFailedException: Unable to verify object is present (Root cause: com.kms.katalon.core.exception.StepFailedException: Unable to verify object is present
	at com.kms.katalon.core.webui.keyword.internal.WebUIKeywordMain.stepFailed(WebUIKeywordMain.groovy:64)
	at com.kms.katalon.core.webui.keyword.internal.WebUIKeywordMain.runKeyword(WebUIKeywordMain.groovy:26)
	at com.kms.katalon.core.webui.keyword.builtin.VerifyElementPresentKeyword.verifyElementPresent(VerifyElementPresentKeyword.groovy:92)
	at com.kms.katalon.core.webui.keyword.builtin.VerifyElementPresentKeyword.execute(VerifyElementPresentKeyword.groovy:68)
	at com.kms.katalon.core.keyword.internal.KeywordExecutor.executeKeywordForPlatform(KeywordExecutor.groovy:73)
	at com.kms.katalon.core.webui.keyword.WebUiBuiltInKeywords.verifyElementPresent(WebUiBuiltInKeywords.groovy:1447)
	at com.kms.katalon.core.webui.keyword.WebUiBuiltInKeywords$verifyElementPresent$9.call(Unknown Source)
	at CTC_SendDirectMessage.run(CTC_SendDirectMessage:32)
	at com.kms.katalon.core.main.ScriptEngine.run(ScriptEngine.java:194)
	at com.kms.katalon.core.main.ScriptEngine.runScriptAsRawText(ScriptEngine.java:119)
	at com.kms.katalon.core.main.TestCaseExecutor.runScript(TestCaseExecutor.java:398)
	at com.kms.katalon.core.main.TestCaseExecutor.doExecute(TestCaseExecutor.java:389)
	at com.kms.katalon.core.main.TestCaseExecutor.processExecutionPhase(TestCaseExecutor.java:368)
	at com.kms.katalon.core.main.TestCaseExecutor.accessMainPhase(TestCaseExecutor.java:360)
	at com.kms.katalon.core.main.TestCaseExecutor.execute(TestCaseExecutor.java:255)
	at com.kms.katalon.core.main.TestCaseMain.runTestCase(TestCaseMain.java:114)
	at com.kms.katalon.core.keyword.builtin.CallTestCaseKeyword$_callTestCase_closure1.doCall(CallTestCaseKeyword.groovy:59)
	at com.kms.katalon.core.keyword.builtin.CallTestCaseKeyword$_callTestCase_closure1.call(CallTestCaseKeyword.groovy)
	at com.kms.katalon.core.keyword.internal.KeywordMain.runKeyword(KeywordMain.groovy:68)
	at com.kms.katalon.core.keyword.builtin.CallTestCaseKeyword.callTestCase(CallTestCaseKeyword.groovy:81)
	at com.kms.katalon.core.keyword.builtin.CallTestCaseKeyword.execute(CallTestCaseKeyword.groovy:44)
	at com.kms.katalon.core.keyword.internal.KeywordExecutor.executeKeywordForPlatform(KeywordExecutor.groovy:73)
	at com.kms.katalon.core.keyword.BuiltinKeywords.callTestCase(BuiltinKeywords.groovy:334)
	at TC45_PinMessageInDirectMessage.run(TC45_PinMessageInDirectMessage:27)
	at com.kms.katalon.core.main.ScriptEngine.run(ScriptEngine.java:194)
	at com.kms.katalon.core.main.ScriptEngine.runScriptAsRawText(ScriptEngine.java:119)
	at com.kms.katalon.core.main.TestCaseExecutor.runScript(TestCaseExecutor.java:398)
	at com.kms.katalon.core.main.TestCaseExecutor.doExecute(TestCaseExecutor.java:389)
	at com.kms.katalon.core.main.TestCaseExecutor.processExecutionPhase(TestCaseExecutor.java:368)
	at com.kms.katalon.core.main.TestCaseExecutor.accessMainPhase(TestCaseExecutor.java:360)
	at com.kms.katalon.core.main.TestCaseExecutor.execute(TestCaseExecutor.java:255)
	at com.kms.katalon.core.main.TestSuiteExecutor.accessTestCaseMainPhase(TestSuiteExecutor.java:203)
	at com.kms.katalon.core.main.TestSuiteExecutor.accessTestSuiteMainPhase(TestSuiteExecutor.java:152)
	at com.kms.katalon.core.main.TestSuiteExecutor.execute(TestSuiteExecutor.java:95)
	at com.kms.katalon.core.main.TestCaseMain.startTestSuite(TestCaseMain.java:157)
	at com.kms.katalon.core.main.TestCaseMain$startTestSuite$0.call(Unknown Source)
	at TempTestSuite1622276398873.run(TempTestSuite1622276398873.groovy:39)
Caused by: java.lang.IllegalArgumentException: Object is null
	at com.kms.katalon.core.helper.KeywordHelper.checkTestObjectParameter(KeywordHelper.java:33)
	at com.kms.katalon.core.webui.keyword.builtin.VerifyElementPresentKeyword$_verifyElementPresent_closure1.doCall(VerifyElementPresentKeyword.groovy:76)
	at com.kms.katalon.core.webui.keyword.builtin.VerifyElementPresentKeyword$_verifyElementPresent_closure1.call(VerifyElementPresentKeyword.groovy)
	at com.kms.katalon.core.webui.keyword.internal.WebUIKeywordMain.runKeyword(WebUIKeywordMain.groovy:20)
	at com.kms.katalon.core.webui.keyword.builtin.VerifyElementPresentKeyword.verifyElementPresent(VerifyElementPresentKeyword.groovy:92)
	at com.kms.katalon.core.webui.keyword.builtin.VerifyElementPresentKeyword.execute(VerifyElementPresentKeyword.groovy:68)
	at com.kms.katalon.core.keyword.internal.KeywordExecutor.executeKeywordForPlatform(KeywordExecutor.groovy:73)
	at com.kms.katalon.core.webui.keyword.WebUiBuiltInKeywords.verifyElementPresent(WebUiBuiltInKeywords.groovy:1447)
	at com.kms.katalon.core.webui.keyword.WebUiBuiltInKeywords$verifyElementPresent$9.call(Unknown Source)
	at Script1622239497900.run(Script1622239497900.groovy:32)
	at com.kms.katalon.core.main.ScriptEngine.run(ScriptEngine.java:194)
	at com.kms.katalon.core.main.ScriptEngine.runScriptAsRawText(ScriptEngine.java:119)
	at com.kms.katalon.core.main.TestCaseExecutor.runScript(TestCaseExecutor.java:398)
	at com.kms.katalon.core.main.TestCaseExecutor.doExecute(TestCaseExecutor.java:389)
	at com.kms.katalon.core.main.TestCaseExecutor.processExecutionPhase(TestCaseExecutor.java:368)
	at com.kms.katalon.core.main.TestCaseExecutor.accessMainPhase(TestCaseExecutor.java:360)
	at com.kms.katalon.core.main.TestCaseExecutor.execute(TestCaseExecutor.java:255)
	at com.kms.katalon.core.main.TestCaseMain.runTestCase(TestCaseMain.java:114)
	at com.kms.katalon.core.keyword.builtin.CallTestCaseKeyword$_callTestCase_closure1.doCall(CallTestCaseKeyword.groovy:59)
	at com.kms.katalon.core.keyword.builtin.CallTestCaseKeyword$_callTestCase_closure1.call(CallTestCaseKeyword.groovy)
	at com.kms.katalon.core.keyword.internal.KeywordMain.runKeyword(KeywordMain.groovy:68)
	at com.kms.katalon.core.keyword.builtin.CallTestCaseKeyword.callTestCase(CallTestCaseKeyword.groovy:81)
	at com.kms.katalon.core.keyword.builtin.CallTestCaseKeyword.execute(CallTestCaseKeyword.groovy:44)
	at com.kms.katalon.core.keyword.internal.KeywordExecutor.executeKeywordForPlatform(KeywordExecutor.groovy:73)
	at com.kms.katalon.core.keyword.BuiltinKeywords.callTestCase(BuiltinKeywords.groovy:334)
	at Script1622231596603.run(Script1622231596603.groovy:27)
	... 13 more
)
	at com.kms.katalon.core.keyword.internal.KeywordMain.stepFailed(KeywordMain.groovy:39)
	at com.kms.katalon.core.webui.keyword.internal.WebUIKeywordMain.stepFailed(WebUIKeywordMain.groovy:64)
	at com.kms.katalon.core.webui.keyword.internal.WebUIKeywordMain.runKeyword(WebUIKeywordMain.groovy:26)
	at com.kms.katalon.core.webui.keyword.builtin.VerifyElementPresentKeyword.verifyElementPresent(VerifyElementPresentKeyword.groovy:92)
	at com.kms.katalon.core.webui.keyword.builtin.VerifyElementPresentKeyword.execute(VerifyElementPresentKeyword.groovy:68)
	at com.kms.katalon.core.keyword.internal.KeywordExecutor.executeKeywordForPlatform(KeywordExecutor.groovy:73)
	at com.kms.katalon.core.webui.keyword.WebUiBuiltInKeywords.verifyElementPresent(WebUiBuiltInKeywords.groovy:1447)
	at com.kms.katalon.core.webui.keyword.WebUiBuiltInKeywords$verifyElementPresent$9.call(Unknown Source)
	at CTC_SendDirectMessage.run(CTC_SendDirectMessage:32)
	at com.kms.katalon.core.main.ScriptEngine.run(ScriptEngine.java:194)
	at com.kms.katalon.core.main.ScriptEngine.runScriptAsRawText(ScriptEngine.java:119)
	at com.kms.katalon.core.main.TestCaseExecutor.runScript(TestCaseExecutor.java:398)
	at com.kms.katalon.core.main.TestCaseExecutor.doExecute(TestCaseExecutor.java:389)
	at com.kms.katalon.core.main.TestCaseExecutor.processExecutionPhase(TestCaseExecutor.java:368)
	at com.kms.katalon.core.main.TestCaseExecutor.accessMainPhase(TestCaseExecutor.java:360)
	at com.kms.katalon.core.main.TestCaseExecutor.execute(TestCaseExecutor.java:255)
	at com.kms.katalon.core.main.TestCaseMain.runTestCase(TestCaseMain.java:114)
	at com.kms.katalon.core.keyword.builtin.CallTestCaseKeyword$_callTestCase_closure1.doCall(CallTestCaseKeyword.groovy:59)
	... 20 more
Caused by: com.kms.katalon.core.exception.StepFailedException: Unable to verify object is present
	... 37 more
Caused by: java.lang.IllegalArgumentException: Object is null
	at com.kms.katalon.core.helper.KeywordHelper.checkTestObjectParameter(KeywordHelper.java:33)
	at com.kms.katalon.core.webui.keyword.builtin.VerifyElementPresentKeyword$_verifyElementPresent_closure1.doCall(VerifyElementPresentKeyword.groovy:76)
	at com.kms.katalon.core.webui.keyword.builtin.VerifyElementPresentKeyword$_verifyElementPresent_closure1.call(VerifyElementPresentKeyword.groovy)
	at com.kms.katalon.core.webui.keyword.internal.WebUIKeywordMain.runKeyword(WebUIKeywordMain.groovy:20)
	... 35 more]]></system-err>
      </testcase>
      <testcase name="Test Cases/1612049/TC46_UnpinMessageInDirectMessage" time="51.815" classname="Test Cases/1612049/TC46_UnpinMessageInDirectMessage" status="FAILED">
         <failure type="FAILED" message="Test Cases/1612049/TC46_UnpinMessageInDirectMessage FAILED.
Reason:
com.kms.katalon.core.exception.StepFailedException: Unable to verify object 'Object Repository/1612049/Posts_Area/Posts_List/div_LastPinnedPost' is present
	at com.kms.katalon.core.webui.keyword.internal.WebUIKeywordMain.stepFailed(WebUIKeywordMain.groovy:64)
	at com.kms.katalon.core.webui.keyword.internal.WebUIKeywordMain.runKeyword(WebUIKeywordMain.groovy:26)
	at com.kms.katalon.core.webui.keyword.builtin.VerifyElementPresentKeyword.verifyElementPresent(VerifyElementPresentKeyword.groovy:92)
	at com.kms.katalon.core.webui.keyword.builtin.VerifyElementPresentKeyword.execute(VerifyElementPresentKeyword.groovy:68)
	at com.kms.katalon.core.keyword.internal.KeywordExecutor.executeKeywordForPlatform(KeywordExecutor.groovy:73)
	at com.kms.katalon.core.webui.keyword.WebUiBuiltInKeywords.verifyElementPresent(WebUiBuiltInKeywords.groovy:1447)
	at com.kms.katalon.core.webui.keyword.WebUiBuiltInKeywords$verifyElementPresent$9.call(Unknown Source)
	at TC46_UnpinMessageInDirectMessage.run(TC46_UnpinMessageInDirectMessage:29)
	at com.kms.katalon.core.main.ScriptEngine.run(ScriptEngine.java:194)
	at com.kms.katalon.core.main.ScriptEngine.runScriptAsRawText(ScriptEngine.java:119)
	at com.kms.katalon.core.main.TestCaseExecutor.runScript(TestCaseExecutor.java:398)
	at com.kms.katalon.core.main.TestCaseExecutor.doExecute(TestCaseExecutor.java:389)
	at com.kms.katalon.core.main.TestCaseExecutor.processExecutionPhase(TestCaseExecutor.java:368)
	at com.kms.katalon.core.main.TestCaseExecutor.accessMainPhase(TestCaseExecutor.java:360)
	at com.kms.katalon.core.main.TestCaseExecutor.execute(TestCaseExecutor.java:255)
	at com.kms.katalon.core.main.TestSuiteExecutor.accessTestCaseMainPhase(TestSuiteExecutor.java:203)
	at com.kms.katalon.core.main.TestSuiteExecutor.accessTestSuiteMainPhase(TestSuiteExecutor.java:152)
	at com.kms.katalon.core.main.TestSuiteExecutor.execute(TestSuiteExecutor.java:95)
	at com.kms.katalon.core.main.TestCaseMain.startTestSuite(TestCaseMain.java:157)
	at com.kms.katalon.core.main.TestCaseMain$startTestSuite$0.call(Unknown Source)
	at TempTestSuite1622276398873.run(TempTestSuite1622276398873.groovy:39)
Caused by: com.kms.katalon.core.exception.StepFailedException: com.kms.katalon.core.webui.exception.WebElementNotFoundException: Web element with id: 'Object Repository/1612049/Posts_Area/Posts_List/div_LastPinnedPost' located by '//div[@class=&quot;post-list__dynamic&quot;]//div[@style=&quot;position: relative;&quot;][last()]/div/div/div[@class=&quot;post-pre-header&quot;]' not found
	at com.kms.katalon.core.webui.keyword.internal.WebUIKeywordMain.stepFailed(WebUIKeywordMain.groovy:64)
	at com.kms.katalon.core.webui.keyword.builtin.VerifyElementPresentKeyword$_verifyElementPresent_closure1.doCall(VerifyElementPresentKeyword.groovy:85)
	at com.kms.katalon.core.webui.keyword.builtin.VerifyElementPresentKeyword$_verifyElementPresent_closure1.call(VerifyElementPresentKeyword.groovy)
	at com.kms.katalon.core.webui.keyword.internal.WebUIKeywordMain.runKeyword(WebUIKeywordMain.groovy:20)
	... 19 more
"/>
         <system-out><![CDATA[2021-05-29 15:45:32 - [TEST_CASE][FAILED] - Test Cases/1612049/TC46_UnpinMessageInDirectMessage: Test Cases/1612049/TC46_UnpinMessageInDirectMessage FAILED.
Reason:
com.kms.katalon.core.exception.StepFailedException: Unable to verify object 'Object Repository/1612049/Posts_Area/Posts_List/div_LastPinnedPost' is present
	at com.kms.katalon.core.webui.keyword.internal.WebUIKeywordMain.stepFailed(WebUIKeywordMain.groovy:64)
	at com.kms.katalon.core.webui.keyword.internal.WebUIKeywordMain.runKeyword(WebUIKeywordMain.groovy:26)
	at com.kms.katalon.core.webui.keyword.builtin.VerifyElementPresentKeyword.verifyElementPresent(VerifyElementPresentKeyword.groovy:92)
	at com.kms.katalon.core.webui.keyword.builtin.VerifyElementPresentKeyword.execute(VerifyElementPresentKeyword.groovy:68)
	at com.kms.katalon.core.keyword.internal.KeywordExecutor.executeKeywordForPlatform(KeywordExecutor.groovy:73)
	at com.kms.katalon.core.webui.keyword.WebUiBuiltInKeywords.verifyElementPresent(WebUiBuiltInKeywords.groovy:1447)
	at com.kms.katalon.core.webui.keyword.WebUiBuiltInKeywords$verifyElementPresent$9.call(Unknown Source)
	at TC46_UnpinMessageInDirectMessage.run(TC46_UnpinMessageInDirectMessage:29)
	at com.kms.katalon.core.main.ScriptEngine.run(ScriptEngine.java:194)
	at com.kms.katalon.core.main.ScriptEngine.runScriptAsRawText(ScriptEngine.java:119)
	at com.kms.katalon.core.main.TestCaseExecutor.runScript(TestCaseExecutor.java:398)
	at com.kms.katalon.core.main.TestCaseExecutor.doExecute(TestCaseExecutor.java:389)
	at com.kms.katalon.core.main.TestCaseExecutor.processExecutionPhase(TestCaseExecutor.java:368)
	at com.kms.katalon.core.main.TestCaseExecutor.accessMainPhase(TestCaseExecutor.java:360)
	at com.kms.katalon.core.main.TestCaseExecutor.execute(TestCaseExecutor.java:255)
	at com.kms.katalon.core.main.TestSuiteExecutor.accessTestCaseMainPhase(TestSuiteExecutor.java:203)
	at com.kms.katalon.core.main.TestSuiteExecutor.accessTestSuiteMainPhase(TestSuiteExecutor.java:152)
	at com.kms.katalon.core.main.TestSuiteExecutor.execute(TestSuiteExecutor.java:95)
	at com.kms.katalon.core.main.TestCaseMain.startTestSuite(TestCaseMain.java:157)
	at com.kms.katalon.core.main.TestCaseMain$startTestSuite$0.call(Unknown Source)
	at TempTestSuite1622276398873.run(TempTestSuite1622276398873.groovy:39)
Caused by: com.kms.katalon.core.exception.StepFailedException: com.kms.katalon.core.webui.exception.WebElementNotFoundException: Web element with id: 'Object Repository/1612049/Posts_Area/Posts_List/div_LastPinnedPost' located by '//div[@class="post-list__dynamic"]//div[@style="position: relative;"][last()]/div/div/div[@class="post-pre-header"]' not found
	at com.kms.katalon.core.webui.keyword.internal.WebUIKeywordMain.stepFailed(WebUIKeywordMain.groovy:64)
	at com.kms.katalon.core.webui.keyword.builtin.VerifyElementPresentKeyword$_verifyElementPresent_closure1.doCall(VerifyElementPresentKeyword.groovy:85)
	at com.kms.katalon.core.webui.keyword.builtin.VerifyElementPresentKeyword$_verifyElementPresent_closure1.call(VerifyElementPresentKeyword.groovy)
	at com.kms.katalon.core.webui.keyword.internal.WebUIKeywordMain.runKeyword(WebUIKeywordMain.groovy:20)
	... 19 more


2021-05-29 15:45:33 - [TEST_STEP][PASSED] - openBrowser(""): Browser is opened with url: ''

2021-05-29 15:45:33 - [MESSAGE][WARNING] - A browser is already opened. Closing browser and opening a new one

2021-05-29 15:45:33 - [MESSAGE][INFO] - Starting 'Chrome' driver

2021-05-29 15:45:33 - [MESSAGE][INFO] - Action delay is set to 0 milliseconds

2021-05-29 15:45:35 - [MESSAGE][PASSED] - Browser is opened with url: ''

2021-05-29 15:45:35 - [TEST_STEP][PASSED] - navigateToUrl("https://mattermostwebapp.herokuapp.com/"): Navigate to 'https://mattermostwebapp.herokuapp.com/' successfully

2021-05-29 15:45:38 - [MESSAGE][PASSED] - Navigate to 'https://mattermostwebapp.herokuapp.com/' successfully

2021-05-29 15:45:38 - [TEST_STEP][PASSED] - callTestCase(findTestCase("1612049/CommonTC/CTC_Login"), ["username":"jooie", "password":"6z6Vi2R3i06jbzaqW0pQ8Q=="], STOP_ON_FAILURE): Call Test Case 'Test Cases/1612049/CommonTC/CTC_Login' successfully

2021-05-29 15:45:38 - [TEST_CASE][PASSED] - Test Cases/1612049/CommonTC/CTC_Login: Test Cases/1612049/CommonTC/CTC_Login

2021-05-29 15:45:38 - [TEST_STEP][PASSED] - setText(findTestObject("1612049/Login_Screen/input_LoginID"), username): Text 'jooie' is set on object 'Object Repository/1612049/Login_Screen/input_LoginID'

2021-05-29 15:45:43 - [MESSAGE][PASSED] - Text 'jooie' is set on object 'Object Repository/1612049/Login_Screen/input_LoginID'

2021-05-29 15:45:43 - [TEST_STEP][PASSED] - setEncryptedText(findTestObject("1612049/Login_Screen/input_LoginPassword"), password): Text ****** has been set on object 'Object Repository/1612049/Login_Screen/input_LoginPassword'

2021-05-29 15:45:44 - [MESSAGE][PASSED] - Text ****** has been set on object 'Object Repository/1612049/Login_Screen/input_LoginPassword'

2021-05-29 15:45:44 - [TEST_STEP][PASSED] - click(findTestObject("1612049/Login_Screen/btn_Signin")): Object: 'Object Repository/1612049/Login_Screen/btn_Signin' is clicked on

2021-05-29 15:45:44 - [MESSAGE][PASSED] - Object: 'Object Repository/1612049/Login_Screen/btn_Signin' is clicked on

2021-05-29 15:45:44 - [MESSAGE][PASSED] - Call Test Case 'Test Cases/1612049/CommonTC/CTC_Login' successfully

2021-05-29 15:45:44 - [TEST_STEP][PASSED] - callTestCase(findTestCase("1612049/CommonTC/CTC_OpenDirectMessage"), [:], STOP_ON_FAILURE): Call Test Case 'Test Cases/1612049/CommonTC/CTC_OpenDirectMessage' successfully

2021-05-29 15:45:44 - [TEST_CASE][PASSED] - Test Cases/1612049/CommonTC/CTC_OpenDirectMessage: Test Cases/1612049/CommonTC/CTC_OpenDirectMessage

2021-05-29 15:45:44 - [TEST_STEP][PASSED] - click(findTestObject("1612049/Left_Sidebar/Direct_Messages/btn_AddDirectMessage")): Object: 'Object Repository/1612049/Left_Sidebar/Direct_Messages/btn_AddDirectMessage' is clicked on

2021-05-29 15:45:48 - [MESSAGE][PASSED] - Object: 'Object Repository/1612049/Left_Sidebar/Direct_Messages/btn_AddDirectMessage' is clicked on

2021-05-29 15:45:48 - [TEST_STEP][PASSED] - setText(findTestObject("1612049/Left_Sidebar/Direct_Messages/AddDirectMessage_Dialog/input_UsernameForDirectMessage"), "nghi_tran"): Text 'nghi_tran' is set on object 'Object Repository/1612049/Left_Sidebar/Direct_Messages/AddDirectMessage_Dialog/input_UsernameForDirectMessage'

2021-05-29 15:45:50 - [MESSAGE][PASSED] - Text 'nghi_tran' is set on object 'Object Repository/1612049/Left_Sidebar/Direct_Messages/AddDirectMessage_Dialog/input_UsernameForDirectMessage'

2021-05-29 15:45:50 - [TEST_STEP][PASSED] - if (verifyElementPresent(findTestObject("1612049/Left_Sidebar/Direct_Messages/AddDirectMessage_Dialog/div_FirstSearchUsernameResult"), 10, CONTINUE_ON_FAILURE)): null

2021-05-29 15:45:52 - [MESSAGE][PASSED] - Object 'Object Repository/1612049/Left_Sidebar/Direct_Messages/AddDirectMessage_Dialog/div_FirstSearchUsernameResult' is present

2021-05-29 15:45:52 - [TEST_STEP][PASSED] - sendKeys(findTestObject("1612049/Left_Sidebar/Direct_Messages/AddDirectMessage_Dialog/input_UsernameForDirectMessage"), Keys.chord(ENTER)): Keys 'ENTER + ' sent to object: 'Object Repository/1612049/Left_Sidebar/Direct_Messages/AddDirectMessage_Dialog/input_UsernameForDirectMessage'

2021-05-29 15:45:52 - [MESSAGE][PASSED] - Keys 'ENTER + ' sent to object: 'Object Repository/1612049/Left_Sidebar/Direct_Messages/AddDirectMessage_Dialog/input_UsernameForDirectMessage'

2021-05-29 15:45:52 - [TEST_STEP][PASSED] - click(findTestObject("1612049/Left_Sidebar/Direct_Messages/AddDirectMessage_Dialog/btn_SubmitUsernameForDirectMessage")): Object: 'Object Repository/1612049/Left_Sidebar/Direct_Messages/AddDirectMessage_Dialog/btn_SubmitUsernameForDirectMessage' is clicked on

2021-05-29 15:45:53 - [MESSAGE][PASSED] - Object: 'Object Repository/1612049/Left_Sidebar/Direct_Messages/AddDirectMessage_Dialog/btn_SubmitUsernameForDirectMessage' is clicked on

2021-05-29 15:45:53 - [MESSAGE][PASSED] - Call Test Case 'Test Cases/1612049/CommonTC/CTC_OpenDirectMessage' successfully

2021-05-29 15:45:53 - [TEST_STEP][FAILED] - if (verifyElementPresent(findTestObject("1612049/Posts_Area/Posts_List/div_LastPinnedPost"), 0, STOP_ON_FAILURE)): Unable to verify object 'Object Repository/1612049/Posts_Area/Posts_List/div_LastPinnedPost' is present (Root cause: com.kms.katalon.core.exception.StepFailedException: Unable to verify object 'Object Repository/1612049/Posts_Area/Posts_List/div_LastPinnedPost' is present
	at com.kms.katalon.core.webui.keyword.internal.WebUIKeywordMain.stepFailed(WebUIKeywordMain.groovy:64)
	at com.kms.katalon.core.webui.keyword.internal.WebUIKeywordMain.runKeyword(WebUIKeywordMain.groovy:26)
	at com.kms.katalon.core.webui.keyword.builtin.VerifyElementPresentKeyword.verifyElementPresent(VerifyElementPresentKeyword.groovy:92)
	at com.kms.katalon.core.webui.keyword.builtin.VerifyElementPresentKeyword.execute(VerifyElementPresentKeyword.groovy:68)
	at com.kms.katalon.core.keyword.internal.KeywordExecutor.executeKeywordForPlatform(KeywordExecutor.groovy:73)
	at com.kms.katalon.core.webui.keyword.WebUiBuiltInKeywords.verifyElementPresent(WebUiBuiltInKeywords.groovy:1447)
	at com.kms.katalon.core.webui.keyword.WebUiBuiltInKeywords$verifyElementPresent$9.call(Unknown Source)
	at TC46_UnpinMessageInDirectMessage.run(TC46_UnpinMessageInDirectMessage:29)
	at com.kms.katalon.core.main.ScriptEngine.run(ScriptEngine.java:194)
	at com.kms.katalon.core.main.ScriptEngine.runScriptAsRawText(ScriptEngine.java:119)
	at com.kms.katalon.core.main.TestCaseExecutor.runScript(TestCaseExecutor.java:398)
	at com.kms.katalon.core.main.TestCaseExecutor.doExecute(TestCaseExecutor.java:389)
	at com.kms.katalon.core.main.TestCaseExecutor.processExecutionPhase(TestCaseExecutor.java:368)
	at com.kms.katalon.core.main.TestCaseExecutor.accessMainPhase(TestCaseExecutor.java:360)
	at com.kms.katalon.core.main.TestCaseExecutor.execute(TestCaseExecutor.java:255)
	at com.kms.katalon.core.main.TestSuiteExecutor.accessTestCaseMainPhase(TestSuiteExecutor.java:203)
	at com.kms.katalon.core.main.TestSuiteExecutor.accessTestSuiteMainPhase(TestSuiteExecutor.java:152)
	at com.kms.katalon.core.main.TestSuiteExecutor.execute(TestSuiteExecutor.java:95)
	at com.kms.katalon.core.main.TestCaseMain.startTestSuite(TestCaseMain.java:157)
	at com.kms.katalon.core.main.TestCaseMain$startTestSuite$0.call(Unknown Source)
	at TempTestSuite1622276398873.run(TempTestSuite1622276398873.groovy:39)
Caused by: com.kms.katalon.core.exception.StepFailedException: com.kms.katalon.core.webui.exception.WebElementNotFoundException: Web element with id: 'Object Repository/1612049/Posts_Area/Posts_List/div_LastPinnedPost' located by '//div[@class="post-list__dynamic"]//div[@style="position: relative;"][last()]/div/div/div[@class="post-pre-header"]' not found
	at com.kms.katalon.core.webui.keyword.internal.WebUIKeywordMain.stepFailed(WebUIKeywordMain.groovy:64)
	at com.kms.katalon.core.webui.keyword.builtin.VerifyElementPresentKeyword$_verifyElementPresent_closure1.doCall(VerifyElementPresentKeyword.groovy:85)
	at com.kms.katalon.core.webui.keyword.builtin.VerifyElementPresentKeyword$_verifyElementPresent_closure1.call(VerifyElementPresentKeyword.groovy)
	at com.kms.katalon.core.webui.keyword.internal.WebUIKeywordMain.runKeyword(WebUIKeywordMain.groovy:20)
	... 19 more
)

2021-05-29 15:45:53 - [MESSAGE][WARNING] - Timeout '0' is invalid. Using default page load timeout: '30'

2021-05-29 15:46:24 - [MESSAGE][INFO] - Unable to find the element located by 'By.xpath: //div[@class="post-list__dynamic"]//div[@style="position: relative;"][last()]/div/div/div[@class="post-pre-header"]'. Please recheck the objects properties to make sure the desired element is located. 

2021-05-29 15:46:24 - [MESSAGE][FAILED] - com.kms.katalon.core.webui.exception.WebElementNotFoundException: Web element with id: 'Object Repository/1612049/Posts_Area/Posts_List/div_LastPinnedPost' located by '//div[@class="post-list__dynamic"]//div[@style="position: relative;"][last()]/div/div/div[@class="post-pre-header"]' not found (Root cause: com.kms.katalon.core.exception.StepFailedException: com.kms.katalon.core.webui.exception.WebElementNotFoundException: Web element with id: 'Object Repository/1612049/Posts_Area/Posts_List/div_LastPinnedPost' located by '//div[@class="post-list__dynamic"]//div[@style="position: relative;"][last()]/div/div/div[@class="post-pre-header"]' not found
	at com.kms.katalon.core.webui.keyword.internal.WebUIKeywordMain.stepFailed(WebUIKeywordMain.groovy:64)
	at com.kms.katalon.core.webui.keyword.builtin.VerifyElementPresentKeyword$_verifyElementPresent_closure1.doCall(VerifyElementPresentKeyword.groovy:85)
	at com.kms.katalon.core.webui.keyword.builtin.VerifyElementPresentKeyword$_verifyElementPresent_closure1.call(VerifyElementPresentKeyword.groovy)
	at com.kms.katalon.core.webui.keyword.internal.WebUIKeywordMain.runKeyword(WebUIKeywordMain.groovy:20)
	at com.kms.katalon.core.webui.keyword.builtin.VerifyElementPresentKeyword.verifyElementPresent(VerifyElementPresentKeyword.groovy:92)
	at com.kms.katalon.core.webui.keyword.builtin.VerifyElementPresentKeyword.execute(VerifyElementPresentKeyword.groovy:68)
	at com.kms.katalon.core.keyword.internal.KeywordExecutor.executeKeywordForPlatform(KeywordExecutor.groovy:73)
	at com.kms.katalon.core.webui.keyword.WebUiBuiltInKeywords.verifyElementPresent(WebUiBuiltInKeywords.groovy:1447)
	at com.kms.katalon.core.webui.keyword.WebUiBuiltInKeywords$verifyElementPresent$9.call(Unknown Source)
	at TC46_UnpinMessageInDirectMessage.run(TC46_UnpinMessageInDirectMessage:29)
	at com.kms.katalon.core.main.ScriptEngine.run(ScriptEngine.java:194)
	at com.kms.katalon.core.main.ScriptEngine.runScriptAsRawText(ScriptEngine.java:119)
	at com.kms.katalon.core.main.TestCaseExecutor.runScript(TestCaseExecutor.java:398)
	at com.kms.katalon.core.main.TestCaseExecutor.doExecute(TestCaseExecutor.java:389)
	at com.kms.katalon.core.main.TestCaseExecutor.processExecutionPhase(TestCaseExecutor.java:368)
	at com.kms.katalon.core.main.TestCaseExecutor.accessMainPhase(TestCaseExecutor.java:360)
	at com.kms.katalon.core.main.TestCaseExecutor.execute(TestCaseExecutor.java:255)
	at com.kms.katalon.core.main.TestSuiteExecutor.accessTestCaseMainPhase(TestSuiteExecutor.java:203)
	at com.kms.katalon.core.main.TestSuiteExecutor.accessTestSuiteMainPhase(TestSuiteExecutor.java:152)
	at com.kms.katalon.core.main.TestSuiteExecutor.execute(TestSuiteExecutor.java:95)
	at com.kms.katalon.core.main.TestCaseMain.startTestSuite(TestCaseMain.java:157)
	at com.kms.katalon.core.main.TestCaseMain$startTestSuite$0.call(Unknown Source)
	at TempTestSuite1622276398873.run(TempTestSuite1622276398873.groovy:39)
)
[[ATTACHMENT|C:\\Users\\Bao Chau\\Katalon Studio\\Mattermost_AutoTesting\\Reports\\20210529_151958\\1612049\\Run all test cases\\20210529_151958\\1622277984321.png]]

2021-05-29 15:46:24 - [MESSAGE][FAILED] - Unable to verify object 'Object Repository/1612049/Posts_Area/Posts_List/div_LastPinnedPost' is present (Root cause: com.kms.katalon.core.exception.StepFailedException: Unable to verify object 'Object Repository/1612049/Posts_Area/Posts_List/div_LastPinnedPost' is present
	at com.kms.katalon.core.webui.keyword.internal.WebUIKeywordMain.stepFailed(WebUIKeywordMain.groovy:64)
	at com.kms.katalon.core.webui.keyword.internal.WebUIKeywordMain.runKeyword(WebUIKeywordMain.groovy:26)
	at com.kms.katalon.core.webui.keyword.builtin.VerifyElementPresentKeyword.verifyElementPresent(VerifyElementPresentKeyword.groovy:92)
	at com.kms.katalon.core.webui.keyword.builtin.VerifyElementPresentKeyword.execute(VerifyElementPresentKeyword.groovy:68)
	at com.kms.katalon.core.keyword.internal.KeywordExecutor.executeKeywordForPlatform(KeywordExecutor.groovy:73)
	at com.kms.katalon.core.webui.keyword.WebUiBuiltInKeywords.verifyElementPresent(WebUiBuiltInKeywords.groovy:1447)
	at com.kms.katalon.core.webui.keyword.WebUiBuiltInKeywords$verifyElementPresent$9.call(Unknown Source)
	at TC46_UnpinMessageInDirectMessage.run(TC46_UnpinMessageInDirectMessage:29)
	at com.kms.katalon.core.main.ScriptEngine.run(ScriptEngine.java:194)
	at com.kms.katalon.core.main.ScriptEngine.runScriptAsRawText(ScriptEngine.java:119)
	at com.kms.katalon.core.main.TestCaseExecutor.runScript(TestCaseExecutor.java:398)
	at com.kms.katalon.core.main.TestCaseExecutor.doExecute(TestCaseExecutor.java:389)
	at com.kms.katalon.core.main.TestCaseExecutor.processExecutionPhase(TestCaseExecutor.java:368)
	at com.kms.katalon.core.main.TestCaseExecutor.accessMainPhase(TestCaseExecutor.java:360)
	at com.kms.katalon.core.main.TestCaseExecutor.execute(TestCaseExecutor.java:255)
	at com.kms.katalon.core.main.TestSuiteExecutor.accessTestCaseMainPhase(TestSuiteExecutor.java:203)
	at com.kms.katalon.core.main.TestSuiteExecutor.accessTestSuiteMainPhase(TestSuiteExecutor.java:152)
	at com.kms.katalon.core.main.TestSuiteExecutor.execute(TestSuiteExecutor.java:95)
	at com.kms.katalon.core.main.TestCaseMain.startTestSuite(TestCaseMain.java:157)
	at com.kms.katalon.core.main.TestCaseMain$startTestSuite$0.call(Unknown Source)
	at TempTestSuite1622276398873.run(TempTestSuite1622276398873.groovy:39)
Caused by: com.kms.katalon.core.exception.StepFailedException: com.kms.katalon.core.webui.exception.WebElementNotFoundException: Web element with id: 'Object Repository/1612049/Posts_Area/Posts_List/div_LastPinnedPost' located by '//div[@class="post-list__dynamic"]//div[@style="position: relative;"][last()]/div/div/div[@class="post-pre-header"]' not found
	at com.kms.katalon.core.webui.keyword.internal.WebUIKeywordMain.stepFailed(WebUIKeywordMain.groovy:64)
	at com.kms.katalon.core.webui.keyword.builtin.VerifyElementPresentKeyword$_verifyElementPresent_closure1.doCall(VerifyElementPresentKeyword.groovy:85)
	at com.kms.katalon.core.webui.keyword.builtin.VerifyElementPresentKeyword$_verifyElementPresent_closure1.call(VerifyElementPresentKeyword.groovy)
	at com.kms.katalon.core.webui.keyword.internal.WebUIKeywordMain.runKeyword(WebUIKeywordMain.groovy:20)
	... 19 more
)
[[ATTACHMENT|C:\\Users\\Bao Chau\\Katalon Studio\\Mattermost_AutoTesting\\Reports\\20210529_151958\\1612049\\Run all test cases\\20210529_151958\\1622277984472.png]]]]></system-out>
         <system-err><![CDATA[2021-05-29 15:45:32 - [TEST_CASE][FAILED] - Test Cases/1612049/TC46_UnpinMessageInDirectMessage: Test Cases/1612049/TC46_UnpinMessageInDirectMessage FAILED.
Reason:
com.kms.katalon.core.exception.StepFailedException: Unable to verify object 'Object Repository/1612049/Posts_Area/Posts_List/div_LastPinnedPost' is present
	at com.kms.katalon.core.webui.keyword.internal.WebUIKeywordMain.stepFailed(WebUIKeywordMain.groovy:64)
	at com.kms.katalon.core.webui.keyword.internal.WebUIKeywordMain.runKeyword(WebUIKeywordMain.groovy:26)
	at com.kms.katalon.core.webui.keyword.builtin.VerifyElementPresentKeyword.verifyElementPresent(VerifyElementPresentKeyword.groovy:92)
	at com.kms.katalon.core.webui.keyword.builtin.VerifyElementPresentKeyword.execute(VerifyElementPresentKeyword.groovy:68)
	at com.kms.katalon.core.keyword.internal.KeywordExecutor.executeKeywordForPlatform(KeywordExecutor.groovy:73)
	at com.kms.katalon.core.webui.keyword.WebUiBuiltInKeywords.verifyElementPresent(WebUiBuiltInKeywords.groovy:1447)
	at com.kms.katalon.core.webui.keyword.WebUiBuiltInKeywords$verifyElementPresent$9.call(Unknown Source)
	at TC46_UnpinMessageInDirectMessage.run(TC46_UnpinMessageInDirectMessage:29)
	at com.kms.katalon.core.main.ScriptEngine.run(ScriptEngine.java:194)
	at com.kms.katalon.core.main.ScriptEngine.runScriptAsRawText(ScriptEngine.java:119)
	at com.kms.katalon.core.main.TestCaseExecutor.runScript(TestCaseExecutor.java:398)
	at com.kms.katalon.core.main.TestCaseExecutor.doExecute(TestCaseExecutor.java:389)
	at com.kms.katalon.core.main.TestCaseExecutor.processExecutionPhase(TestCaseExecutor.java:368)
	at com.kms.katalon.core.main.TestCaseExecutor.accessMainPhase(TestCaseExecutor.java:360)
	at com.kms.katalon.core.main.TestCaseExecutor.execute(TestCaseExecutor.java:255)
	at com.kms.katalon.core.main.TestSuiteExecutor.accessTestCaseMainPhase(TestSuiteExecutor.java:203)
	at com.kms.katalon.core.main.TestSuiteExecutor.accessTestSuiteMainPhase(TestSuiteExecutor.java:152)
	at com.kms.katalon.core.main.TestSuiteExecutor.execute(TestSuiteExecutor.java:95)
	at com.kms.katalon.core.main.TestCaseMain.startTestSuite(TestCaseMain.java:157)
	at com.kms.katalon.core.main.TestCaseMain$startTestSuite$0.call(Unknown Source)
	at TempTestSuite1622276398873.run(TempTestSuite1622276398873.groovy:39)
Caused by: com.kms.katalon.core.exception.StepFailedException: com.kms.katalon.core.webui.exception.WebElementNotFoundException: Web element with id: 'Object Repository/1612049/Posts_Area/Posts_List/div_LastPinnedPost' located by '//div[@class="post-list__dynamic"]//div[@style="position: relative;"][last()]/div/div/div[@class="post-pre-header"]' not found
	at com.kms.katalon.core.webui.keyword.internal.WebUIKeywordMain.stepFailed(WebUIKeywordMain.groovy:64)
	at com.kms.katalon.core.webui.keyword.builtin.VerifyElementPresentKeyword$_verifyElementPresent_closure1.doCall(VerifyElementPresentKeyword.groovy:85)
	at com.kms.katalon.core.webui.keyword.builtin.VerifyElementPresentKeyword$_verifyElementPresent_closure1.call(VerifyElementPresentKeyword.groovy)
	at com.kms.katalon.core.webui.keyword.internal.WebUIKeywordMain.runKeyword(WebUIKeywordMain.groovy:20)
	... 19 more]]></system-err>
      </testcase>
      <system-out><![CDATA[2021-05-29 15:20:10 - [TEST_SUITE][FAILED] - Run all test cases: Test Cases/1712612/TC19_InvitePeopleToChannel FAILED.
Reason:
com.kms.katalon.core.exception.StepFailedException: Unable to click on object 'Object Repository/1712612_Mattermost Object/Page_Invite people to channel - Test 171261_c46106/div_- abc string (string)_more-modal__actio_2ea070'
	at com.kms.katalon.core.webui.keyword.internal.WebUIKeywordMain.stepFailed(WebUIKeywordMain.groovy:64)
	at com.kms.katalon.core.webui.keyword.internal.WebUIKeywordMain.runKeyword(WebUIKeywordMain.groovy:26)
	at com.kms.katalon.core.webui.keyword.builtin.ClickKeyword.click(ClickKeyword.groovy:75)
	at com.kms.katalon.core.webui.keyword.builtin.ClickKeyword.execute(ClickKeyword.groovy:42)
	at com.kms.katalon.core.keyword.internal.KeywordExecutor.executeKeywordForPlatform(KeywordExecutor.groovy:73)
	at com.kms.katalon.core.webui.keyword.WebUiBuiltInKeywords.click(WebUiBuiltInKeywords.groovy:619)
	at com.kms.katalon.core.webui.keyword.WebUiBuiltInKeywords$click$3.call(Unknown Source)
	at TC19_InvitePeopleToChannel.run(TC19_InvitePeopleToChannel:28)
	at com.kms.katalon.core.main.ScriptEngine.run(ScriptEngine.java:194)
	at com.kms.katalon.core.main.ScriptEngine.runScriptAsRawText(ScriptEngine.java:119)
	at com.kms.katalon.core.main.TestCaseExecutor.runScript(TestCaseExecutor.java:398)
	at com.kms.katalon.core.main.TestCaseExecutor.doExecute(TestCaseExecutor.java:389)
	at com.kms.katalon.core.main.TestCaseExecutor.processExecutionPhase(TestCaseExecutor.java:368)
	at com.kms.katalon.core.main.TestCaseExecutor.accessMainPhase(TestCaseExecutor.java:360)
	at com.kms.katalon.core.main.TestCaseExecutor.execute(TestCaseExecutor.java:255)
	at com.kms.katalon.core.main.TestSuiteExecutor.accessTestCaseMainPhase(TestSuiteExecutor.java:203)
	at com.kms.katalon.core.main.TestSuiteExecutor.accessTestSuiteMainPhase(TestSuiteExecutor.java:152)
	at com.kms.katalon.core.main.TestSuiteExecutor.execute(TestSuiteExecutor.java:95)
	at com.kms.katalon.core.main.TestCaseMain.startTestSuite(TestCaseMain.java:157)
	at com.kms.katalon.core.main.TestCaseMain$startTestSuite$0.call(Unknown Source)
	at TempTestSuite1622276398873.run(TempTestSuite1622276398873.groovy:39)
Caused by: com.kms.katalon.core.webui.exception.WebElementNotFoundException: Web element with id: 'Object Repository/1712612_Mattermost Object/Page_Invite people to channel - Test 171261_c46106/div_- abc string (string)_more-modal__actio_2ea070' located by '//div[@id='multiSelectList']/div/div[2]/div' not found
	at com.kms.katalon.core.webui.common.WebUiCommonHelper.findWebElement(WebUiCommonHelper.java:1368)
	at com.kms.katalon.core.webui.keyword.internal.WebUIAbstractKeyword.findWebElement(WebUIAbstractKeyword.groovy:27)
	at com.kms.katalon.core.webui.keyword.internal.WebUIAbstractKeyword.findWebElement(WebUIAbstractKeyword.groovy:26)
	at com.kms.katalon.core.webui.keyword.builtin.ClickKeyword$_click_closure1.doCall(ClickKeyword.groovy:66)
	at com.kms.katalon.core.webui.keyword.builtin.ClickKeyword$_click_closure1.call(ClickKeyword.groovy)
	at com.kms.katalon.core.webui.keyword.internal.WebUIKeywordMain.runKeyword(WebUIKeywordMain.groovy:20)
	... 19 more]]></system-out>
      <system-err><![CDATA[2021-05-29 15:20:10 - [TEST_SUITE][FAILED] - Run all test cases: Test Cases/1712612/TC19_InvitePeopleToChannel FAILED.
Reason:
com.kms.katalon.core.exception.StepFailedException: Unable to click on object 'Object Repository/1712612_Mattermost Object/Page_Invite people to channel - Test 171261_c46106/div_- abc string (string)_more-modal__actio_2ea070'
	at com.kms.katalon.core.webui.keyword.internal.WebUIKeywordMain.stepFailed(WebUIKeywordMain.groovy:64)
	at com.kms.katalon.core.webui.keyword.internal.WebUIKeywordMain.runKeyword(WebUIKeywordMain.groovy:26)
	at com.kms.katalon.core.webui.keyword.builtin.ClickKeyword.click(ClickKeyword.groovy:75)
	at com.kms.katalon.core.webui.keyword.builtin.ClickKeyword.execute(ClickKeyword.groovy:42)
	at com.kms.katalon.core.keyword.internal.KeywordExecutor.executeKeywordForPlatform(KeywordExecutor.groovy:73)
	at com.kms.katalon.core.webui.keyword.WebUiBuiltInKeywords.click(WebUiBuiltInKeywords.groovy:619)
	at com.kms.katalon.core.webui.keyword.WebUiBuiltInKeywords$click$3.call(Unknown Source)
	at TC19_InvitePeopleToChannel.run(TC19_InvitePeopleToChannel:28)
	at com.kms.katalon.core.main.ScriptEngine.run(ScriptEngine.java:194)
	at com.kms.katalon.core.main.ScriptEngine.runScriptAsRawText(ScriptEngine.java:119)
	at com.kms.katalon.core.main.TestCaseExecutor.runScript(TestCaseExecutor.java:398)
	at com.kms.katalon.core.main.TestCaseExecutor.doExecute(TestCaseExecutor.java:389)
	at com.kms.katalon.core.main.TestCaseExecutor.processExecutionPhase(TestCaseExecutor.java:368)
	at com.kms.katalon.core.main.TestCaseExecutor.accessMainPhase(TestCaseExecutor.java:360)
	at com.kms.katalon.core.main.TestCaseExecutor.execute(TestCaseExecutor.java:255)
	at com.kms.katalon.core.main.TestSuiteExecutor.accessTestCaseMainPhase(TestSuiteExecutor.java:203)
	at com.kms.katalon.core.main.TestSuiteExecutor.accessTestSuiteMainPhase(TestSuiteExecutor.java:152)
	at com.kms.katalon.core.main.TestSuiteExecutor.execute(TestSuiteExecutor.java:95)
	at com.kms.katalon.core.main.TestCaseMain.startTestSuite(TestCaseMain.java:157)
	at com.kms.katalon.core.main.TestCaseMain$startTestSuite$0.call(Unknown Source)
	at TempTestSuite1622276398873.run(TempTestSuite1622276398873.groovy:39)
Caused by: com.kms.katalon.core.webui.exception.WebElementNotFoundException: Web element with id: 'Object Repository/1712612_Mattermost Object/Page_Invite people to channel - Test 171261_c46106/div_- abc string (string)_more-modal__actio_2ea070' located by '//div[@id='multiSelectList']/div/div[2]/div' not found
	at com.kms.katalon.core.webui.common.WebUiCommonHelper.findWebElement(WebUiCommonHelper.java:1368)
	at com.kms.katalon.core.webui.keyword.internal.WebUIAbstractKeyword.findWebElement(WebUIAbstractKeyword.groovy:27)
	at com.kms.katalon.core.webui.keyword.internal.WebUIAbstractKeyword.findWebElement(WebUIAbstractKeyword.groovy:26)
	at com.kms.katalon.core.webui.keyword.builtin.ClickKeyword$_click_closure1.doCall(ClickKeyword.groovy:66)
	at com.kms.katalon.core.webui.keyword.builtin.ClickKeyword$_click_closure1.call(ClickKeyword.groovy)
	at com.kms.katalon.core.webui.keyword.internal.WebUIKeywordMain.runKeyword(WebUIKeywordMain.groovy:20)
	... 19 more]]></system-err>
   </testsuite>
</testsuites>
