<?xml version="1.0" encoding="UTF-8"?>
<testsuites name="Run_All_Test_Cases" time="1703.569" tests="40" failures="19" skips="0" errors="5">
   <testsuite name="Run_All_Test_Cases" tests="40" failures="19" errors="5" time="1703.569" skips="0" timestamp="2021-05-27 21:14:15" hostname="asus pc - host.docker.internal" id="Test Suites/1412263/Run_All_Test_Cases">
      <properties>
         <property name="deviceName" value=""/>
         <property name="devicePlatform" value=""/>
         <property name="logFolder" value="E:\\Tai lieu hoc\\Nam 7\\HK2\\New Topics\\Homework 2\\New folder\\Mattermost_Autotesting_2\\Mattermost_AutoTesting\\Reports\\20210527_211345\\1412263\\Run_All_Test_Cases\\20210527_211345"/>
         <property name="logFiles" value="E:\\Tai lieu hoc\\Nam 7\\HK2\\New Topics\\Homework 2\\New folder\\Mattermost_Autotesting_2\\Mattermost_AutoTesting\\Reports\\20210527_211345\\1412263\\Run_All_Test_Cases\\20210527_211345\\execution0.log"/>
         <property name="attachments" value="E:\\Tai lieu hoc\\Nam 7\\HK2\\New Topics\\Homework 2\\New folder\\Mattermost_Autotesting_2\\Mattermost_AutoTesting\\Reports\\20210527_211345\\1412263\\Run_All_Test_Cases\\20210527_211345\\1622124960378.png, E:\\Tai lieu hoc\\Nam 7\\HK2\\New Topics\\Homework 2\\New folder\\Mattermost_Autotesting_2\\Mattermost_AutoTesting\\Reports\\20210527_211345\\1412263\\Run_All_Test_Cases\\20210527_211345\\1622125099046.png, E:\\Tai lieu hoc\\Nam 7\\HK2\\New Topics\\Homework 2\\New folder\\Mattermost_Autotesting_2\\Mattermost_AutoTesting\\Reports\\20210527_211345\\1412263\\Run_All_Test_Cases\\20210527_211345\\1622125200047.png, E:\\Tai lieu hoc\\Nam 7\\HK2\\New Topics\\Homework 2\\New folder\\Mattermost_Autotesting_2\\Mattermost_AutoTesting\\Reports\\20210527_211345\\1412263\\Run_All_Test_Cases\\20210527_211345\\1622125274229.png, E:\\Tai lieu hoc\\Nam 7\\HK2\\New Topics\\Homework 2\\New folder\\Mattermost_Autotesting_2\\Mattermost_AutoTesting\\Reports\\20210527_211345\\1412263\\Run_All_Test_Cases\\20210527_211345\\1622125292259.png, E:\\Tai lieu hoc\\Nam 7\\HK2\\New Topics\\Homework 2\\New folder\\Mattermost_Autotesting_2\\Mattermost_AutoTesting\\Reports\\20210527_211345\\1412263\\Run_All_Test_Cases\\20210527_211345\\1622125310576.png, E:\\Tai lieu hoc\\Nam 7\\HK2\\New Topics\\Homework 2\\New folder\\Mattermost_Autotesting_2\\Mattermost_AutoTesting\\Reports\\20210527_211345\\1412263\\Run_All_Test_Cases\\20210527_211345\\1622125332385.png, E:\\Tai lieu hoc\\Nam 7\\HK2\\New Topics\\Homework 2\\New folder\\Mattermost_Autotesting_2\\Mattermost_AutoTesting\\Reports\\20210527_211345\\1412263\\Run_All_Test_Cases\\20210527_211345\\1622125542687.png, E:\\Tai lieu hoc\\Nam 7\\HK2\\New Topics\\Homework 2\\New folder\\Mattermost_Autotesting_2\\Mattermost_AutoTesting\\Reports\\20210527_211345\\1412263\\Run_All_Test_Cases\\20210527_211345\\1622125671828.png, E:\\Tai lieu hoc\\Nam 7\\HK2\\New Topics\\Homework 2\\New folder\\Mattermost_Autotesting_2\\Mattermost_AutoTesting\\Reports\\20210527_211345\\1412263\\Run_All_Test_Cases\\20210527_211345\\1622125765156.png, E:\\Tai lieu hoc\\Nam 7\\HK2\\New Topics\\Homework 2\\New folder\\Mattermost_Autotesting_2\\Mattermost_AutoTesting\\Reports\\20210527_211345\\1412263\\Run_All_Test_Cases\\20210527_211345\\1622125824236.png, E:\\Tai lieu hoc\\Nam 7\\HK2\\New Topics\\Homework 2\\New folder\\Mattermost_Autotesting_2\\Mattermost_AutoTesting\\Reports\\20210527_211345\\1412263\\Run_All_Test_Cases\\20210527_211345\\1622125923615.png, E:\\Tai lieu hoc\\Nam 7\\HK2\\New Topics\\Homework 2\\New folder\\Mattermost_Autotesting_2\\Mattermost_AutoTesting\\Reports\\20210527_211345\\1412263\\Run_All_Test_Cases\\20210527_211345\\1622125981267.png, E:\\Tai lieu hoc\\Nam 7\\HK2\\New Topics\\Homework 2\\New folder\\Mattermost_Autotesting_2\\Mattermost_AutoTesting\\Reports\\20210527_211345\\1412263\\Run_All_Test_Cases\\20210527_211345\\1622126042608.png, E:\\Tai lieu hoc\\Nam 7\\HK2\\New Topics\\Homework 2\\New folder\\Mattermost_Autotesting_2\\Mattermost_AutoTesting\\Reports\\20210527_211345\\1412263\\Run_All_Test_Cases\\20210527_211345\\1622126161717.png, E:\\Tai lieu hoc\\Nam 7\\HK2\\New Topics\\Homework 2\\New folder\\Mattermost_Autotesting_2\\Mattermost_AutoTesting\\Reports\\20210527_211345\\1412263\\Run_All_Test_Cases\\20210527_211345\\1622126267201.png, E:\\Tai lieu hoc\\Nam 7\\HK2\\New Topics\\Homework 2\\New folder\\Mattermost_Autotesting_2\\Mattermost_AutoTesting\\Reports\\20210527_211345\\1412263\\Run_All_Test_Cases\\20210527_211345\\1622126380509.png, E:\\Tai lieu hoc\\Nam 7\\HK2\\New Topics\\Homework 2\\New folder\\Mattermost_Autotesting_2\\Mattermost_AutoTesting\\Reports\\20210527_211345\\1412263\\Run_All_Test_Cases\\20210527_211345\\1622126440711.png, E:\\Tai lieu hoc\\Nam 7\\HK2\\New Topics\\Homework 2\\New folder\\Mattermost_Autotesting_2\\Mattermost_AutoTesting\\Reports\\20210527_211345\\1412263\\Run_All_Test_Cases\\20210527_211345\\1622126547224.png"/>
         <property name="hostName" value="asus pc - host.docker.internal"/>
         <property name="os" value="Windows 10 64bit"/>
         <property name="katalonVersion" value="7.9.1.208"/>
         <property name="browser" value="Chrome 90.0.4430.212"/>
         <property name="hostAddress" value="192.168.1.15"/>
         <property name="sessionId" value="9b2428ae7280f4d5dacff91ddcf81b82"/>
         <property name="seleniumVersion" value="3.141.59"/>
         <property name="proxyInformation" value="ProxyInformation { proxyOption=NO_PROXY, proxyServerType=HTTP, username=, password=********, proxyServerAddress=, proxyServerPort=0, executionList=&quot;&quot;, isApplyToDesiredCapabilities=true }"/>
         <property name="platform" value="Windows 10"/>
      </properties>
      <testcase name="Test Cases/1412263/TC01_Login" time="39.583" classname="Test Cases/1412263/TC01_Login" status="PASSED">
         <system-out><![CDATA[2021-05-27 21:14:19 - [TEST_CASE][PASSED] - Test Cases/1412263/TC01_Login: Test Cases/1412263/TC01_Login

2021-05-27 21:14:20 - [TEST_STEP][PASSED] - openBrowser(""): Browser is opened with url: ''

2021-05-27 21:14:21 - [MESSAGE][INFO] - Starting 'Chrome' driver

2021-05-27 21:14:21 - [MESSAGE][INFO] - Action delay is set to 0 milliseconds

2021-05-27 21:14:25 - [MESSAGE][PASSED] - Browser is opened with url: ''

2021-05-27 21:14:25 - [TEST_STEP][PASSED] - navigateToUrl("http://mattermostwebapp.herokuapp.com/"): Navigate to 'http://mattermostwebapp.herokuapp.com/' successfully

2021-05-27 21:14:29 - [MESSAGE][PASSED] - Navigate to 'http://mattermostwebapp.herokuapp.com/' successfully

2021-05-27 21:14:29 - [TEST_STEP][PASSED] - for ([rowNum = 1, rowNum <= 5, (rowNum++)]): null

2021-05-27 21:14:29 - [TEST_STEP][PASSED] - setText(findTestObject("1412263_Page_Mattermost/input_All team communication in one place, _dcc84b"), findTestData("1412263/Data TC1 Login").getValue(1, rowNum)): Text 'huykhoi263' is set on object 'Object Repository/1412263_Page_Mattermost/input_All team communication in one place, _dcc84b'

2021-05-27 21:14:36 - [MESSAGE][PASSED] - Text 'huykhoi263' is set on object 'Object Repository/1412263_Page_Mattermost/input_All team communication in one place, _dcc84b'

2021-05-27 21:14:36 - [TEST_STEP][PASSED] - setEncryptedText(findTestObject("1412263_Page_Mattermost/input_All team communication in one place, _a3edc6"), findTestData("1412263/Data TC1 Login").getValue(2, rowNum)): Text ****** has been set on object 'Object Repository/1412263_Page_Mattermost/input_All team communication in one place, _a3edc6'

2021-05-27 21:14:37 - [MESSAGE][PASSED] - Text ****** has been set on object 'Object Repository/1412263_Page_Mattermost/input_All team communication in one place, _a3edc6'

2021-05-27 21:14:37 - [TEST_STEP][PASSED] - click(findTestObject("1412263_Page_Mattermost/button_Sign in")): Object: 'Object Repository/1412263_Page_Mattermost/button_Sign in' is clicked on

2021-05-27 21:14:37 - [MESSAGE][PASSED] - Object: 'Object Repository/1412263_Page_Mattermost/button_Sign in' is clicked on

2021-05-27 21:14:37 - [TEST_STEP][PASSED] - Thread.sleep(2000): null

2021-05-27 21:14:39 - [TEST_STEP][PASSED] - setText(findTestObject("1412263_Page_Mattermost/input_All team communication in one place, _dcc84b"), findTestData("1412263/Data TC1 Login").getValue(1, rowNum)): Text 'huykhoi' is set on object 'Object Repository/1412263_Page_Mattermost/input_All team communication in one place, _dcc84b'

2021-05-27 21:14:41 - [MESSAGE][PASSED] - Text 'huykhoi' is set on object 'Object Repository/1412263_Page_Mattermost/input_All team communication in one place, _dcc84b'

2021-05-27 21:14:41 - [TEST_STEP][PASSED] - setEncryptedText(findTestObject("1412263_Page_Mattermost/input_All team communication in one place, _a3edc6"), findTestData("1412263/Data TC1 Login").getValue(2, rowNum)): Text ****** has been set on object 'Object Repository/1412263_Page_Mattermost/input_All team communication in one place, _a3edc6'

2021-05-27 21:14:41 - [MESSAGE][PASSED] - Text ****** has been set on object 'Object Repository/1412263_Page_Mattermost/input_All team communication in one place, _a3edc6'

2021-05-27 21:14:41 - [TEST_STEP][PASSED] - click(findTestObject("1412263_Page_Mattermost/button_Sign in")): Object: 'Object Repository/1412263_Page_Mattermost/button_Sign in' is clicked on

2021-05-27 21:14:43 - [MESSAGE][PASSED] - Object: 'Object Repository/1412263_Page_Mattermost/button_Sign in' is clicked on

2021-05-27 21:14:43 - [TEST_STEP][PASSED] - Thread.sleep(2000): null

2021-05-27 21:14:45 - [TEST_STEP][PASSED] - setText(findTestObject("1412263_Page_Mattermost/input_All team communication in one place, _dcc84b"), findTestData("1412263/Data TC1 Login").getValue(1, rowNum)): Text 'huykhoi' is set on object 'Object Repository/1412263_Page_Mattermost/input_All team communication in one place, _dcc84b'

2021-05-27 21:14:46 - [MESSAGE][PASSED] - Text 'huykhoi' is set on object 'Object Repository/1412263_Page_Mattermost/input_All team communication in one place, _dcc84b'

2021-05-27 21:14:46 - [TEST_STEP][PASSED] - setEncryptedText(findTestObject("1412263_Page_Mattermost/input_All team communication in one place, _a3edc6"), findTestData("1412263/Data TC1 Login").getValue(2, rowNum)): Text ****** has been set on object 'Object Repository/1412263_Page_Mattermost/input_All team communication in one place, _a3edc6'

2021-05-27 21:14:46 - [MESSAGE][PASSED] - Text ****** has been set on object 'Object Repository/1412263_Page_Mattermost/input_All team communication in one place, _a3edc6'

2021-05-27 21:14:46 - [TEST_STEP][PASSED] - click(findTestObject("1412263_Page_Mattermost/button_Sign in")): Object: 'Object Repository/1412263_Page_Mattermost/button_Sign in' is clicked on

2021-05-27 21:14:47 - [MESSAGE][PASSED] - Object: 'Object Repository/1412263_Page_Mattermost/button_Sign in' is clicked on

2021-05-27 21:14:47 - [TEST_STEP][PASSED] - Thread.sleep(2000): null

2021-05-27 21:14:49 - [TEST_STEP][PASSED] - setText(findTestObject("1412263_Page_Mattermost/input_All team communication in one place, _dcc84b"), findTestData("1412263/Data TC1 Login").getValue(1, rowNum)): Text 'huy' is set on object 'Object Repository/1412263_Page_Mattermost/input_All team communication in one place, _dcc84b'

2021-05-27 21:14:50 - [MESSAGE][PASSED] - Text 'huy' is set on object 'Object Repository/1412263_Page_Mattermost/input_All team communication in one place, _dcc84b'

2021-05-27 21:14:50 - [TEST_STEP][PASSED] - setEncryptedText(findTestObject("1412263_Page_Mattermost/input_All team communication in one place, _a3edc6"), findTestData("1412263/Data TC1 Login").getValue(2, rowNum)): Text ****** has been set on object 'Object Repository/1412263_Page_Mattermost/input_All team communication in one place, _a3edc6'

2021-05-27 21:14:51 - [MESSAGE][PASSED] - Text ****** has been set on object 'Object Repository/1412263_Page_Mattermost/input_All team communication in one place, _a3edc6'

2021-05-27 21:14:51 - [TEST_STEP][PASSED] - click(findTestObject("1412263_Page_Mattermost/button_Sign in")): Object: 'Object Repository/1412263_Page_Mattermost/button_Sign in' is clicked on

2021-05-27 21:14:51 - [MESSAGE][PASSED] - Object: 'Object Repository/1412263_Page_Mattermost/button_Sign in' is clicked on

2021-05-27 21:14:51 - [TEST_STEP][PASSED] - Thread.sleep(2000): null

2021-05-27 21:14:53 - [TEST_STEP][PASSED] - setText(findTestObject("1412263_Page_Mattermost/input_All team communication in one place, _dcc84b"), findTestData("1412263/Data TC1 Login").getValue(1, rowNum)): Text 'huykhoi263' is set on object 'Object Repository/1412263_Page_Mattermost/input_All team communication in one place, _dcc84b'

2021-05-27 21:14:54 - [MESSAGE][PASSED] - Text 'huykhoi263' is set on object 'Object Repository/1412263_Page_Mattermost/input_All team communication in one place, _dcc84b'

2021-05-27 21:14:54 - [TEST_STEP][PASSED] - setEncryptedText(findTestObject("1412263_Page_Mattermost/input_All team communication in one place, _a3edc6"), findTestData("1412263/Data TC1 Login").getValue(2, rowNum)): Text ****** has been set on object 'Object Repository/1412263_Page_Mattermost/input_All team communication in one place, _a3edc6'

2021-05-27 21:14:55 - [MESSAGE][PASSED] - Text ****** has been set on object 'Object Repository/1412263_Page_Mattermost/input_All team communication in one place, _a3edc6'

2021-05-27 21:14:55 - [TEST_STEP][PASSED] - click(findTestObject("1412263_Page_Mattermost/button_Sign in")): Object: 'Object Repository/1412263_Page_Mattermost/button_Sign in' is clicked on

2021-05-27 21:14:55 - [MESSAGE][PASSED] - Object: 'Object Repository/1412263_Page_Mattermost/button_Sign in' is clicked on

2021-05-27 21:14:55 - [TEST_STEP][PASSED] - Thread.sleep(2000): null

2021-05-27 21:14:57 - [TEST_STEP][PASSED] - closeBrowser(): Browser is closed

2021-05-27 21:14:58 - [MESSAGE][PASSED] - Browser is closed]]></system-out>
         <system-err><![CDATA[]]></system-err>
      </testcase>
      <testcase name="Test Cases/1412263/TC02_UpdatePassword" time="62.244" classname="Test Cases/1412263/TC02_UpdatePassword" status="FAILED">
         <failure type="FAILED" message="Test Cases/1412263/TC02_UpdatePassword FAILED.
Reason:
com.kms.katalon.core.exception.StepFailedException: Unable to click on object 'Object Repository/1412263_Page_Town Square - CNC_Nhom3 Mattermost/button_Save'
	at com.kms.katalon.core.webui.keyword.internal.WebUIKeywordMain.stepFailed(WebUIKeywordMain.groovy:64)
	at com.kms.katalon.core.webui.keyword.internal.WebUIKeywordMain.runKeyword(WebUIKeywordMain.groovy:26)
	at com.kms.katalon.core.webui.keyword.builtin.ClickKeyword.click(ClickKeyword.groovy:75)
	at com.kms.katalon.core.webui.keyword.builtin.ClickKeyword.execute(ClickKeyword.groovy:42)
	at com.kms.katalon.core.keyword.internal.KeywordExecutor.executeKeywordForPlatform(KeywordExecutor.groovy:73)
	at com.kms.katalon.core.webui.keyword.WebUiBuiltInKeywords.click(WebUiBuiltInKeywords.groovy:619)
	at com.kms.katalon.core.webui.keyword.WebUiBuiltInKeywords$click$3.call(Unknown Source)
	at TC02_UpdatePassword.run(TC02_UpdatePassword:49)
	at com.kms.katalon.core.main.ScriptEngine.run(ScriptEngine.java:194)
	at com.kms.katalon.core.main.ScriptEngine.runScriptAsRawText(ScriptEngine.java:119)
	at com.kms.katalon.core.main.TestCaseExecutor.runScript(TestCaseExecutor.java:398)
	at com.kms.katalon.core.main.TestCaseExecutor.doExecute(TestCaseExecutor.java:389)
	at com.kms.katalon.core.main.TestCaseExecutor.processExecutionPhase(TestCaseExecutor.java:368)
	at com.kms.katalon.core.main.TestCaseExecutor.accessMainPhase(TestCaseExecutor.java:360)
	at com.kms.katalon.core.main.TestCaseExecutor.execute(TestCaseExecutor.java:255)
	at com.kms.katalon.core.main.TestSuiteExecutor.accessTestCaseMainPhase(TestSuiteExecutor.java:203)
	at com.kms.katalon.core.main.TestSuiteExecutor.accessTestSuiteMainPhase(TestSuiteExecutor.java:152)
	at com.kms.katalon.core.main.TestSuiteExecutor.execute(TestSuiteExecutor.java:95)
	at com.kms.katalon.core.main.TestCaseMain.startTestSuite(TestCaseMain.java:157)
	at com.kms.katalon.core.main.TestCaseMain$startTestSuite$0.call(Unknown Source)
	at TempTestSuite1622124825440.run(TempTestSuite1622124825440.groovy:39)
Caused by: com.kms.katalon.core.webui.exception.WebElementNotFoundException: Web element with id: 'Object Repository/1412263_Page_Town Square - CNC_Nhom3 Mattermost/button_Save' located by '' not found
	at com.kms.katalon.core.webui.common.WebUiCommonHelper.findWebElement(WebUiCommonHelper.java:1368)
	at com.kms.katalon.core.webui.keyword.internal.WebUIAbstractKeyword.findWebElement(WebUIAbstractKeyword.groovy:27)
	at com.kms.katalon.core.webui.keyword.internal.WebUIAbstractKeyword.findWebElement(WebUIAbstractKeyword.groovy:26)
	at com.kms.katalon.core.webui.keyword.builtin.ClickKeyword$_click_closure1.doCall(ClickKeyword.groovy:66)
	at com.kms.katalon.core.webui.keyword.builtin.ClickKeyword$_click_closure1.call(ClickKeyword.groovy)
	at com.kms.katalon.core.webui.keyword.internal.WebUIKeywordMain.runKeyword(WebUIKeywordMain.groovy:20)
	... 19 more
"/>
         <system-out><![CDATA[2021-05-27 21:14:58 - [TEST_CASE][FAILED] - Test Cases/1412263/TC02_UpdatePassword: Test Cases/1412263/TC02_UpdatePassword FAILED.
Reason:
com.kms.katalon.core.exception.StepFailedException: Unable to click on object 'Object Repository/1412263_Page_Town Square - CNC_Nhom3 Mattermost/button_Save'
	at com.kms.katalon.core.webui.keyword.internal.WebUIKeywordMain.stepFailed(WebUIKeywordMain.groovy:64)
	at com.kms.katalon.core.webui.keyword.internal.WebUIKeywordMain.runKeyword(WebUIKeywordMain.groovy:26)
	at com.kms.katalon.core.webui.keyword.builtin.ClickKeyword.click(ClickKeyword.groovy:75)
	at com.kms.katalon.core.webui.keyword.builtin.ClickKeyword.execute(ClickKeyword.groovy:42)
	at com.kms.katalon.core.keyword.internal.KeywordExecutor.executeKeywordForPlatform(KeywordExecutor.groovy:73)
	at com.kms.katalon.core.webui.keyword.WebUiBuiltInKeywords.click(WebUiBuiltInKeywords.groovy:619)
	at com.kms.katalon.core.webui.keyword.WebUiBuiltInKeywords$click$3.call(Unknown Source)
	at TC02_UpdatePassword.run(TC02_UpdatePassword:49)
	at com.kms.katalon.core.main.ScriptEngine.run(ScriptEngine.java:194)
	at com.kms.katalon.core.main.ScriptEngine.runScriptAsRawText(ScriptEngine.java:119)
	at com.kms.katalon.core.main.TestCaseExecutor.runScript(TestCaseExecutor.java:398)
	at com.kms.katalon.core.main.TestCaseExecutor.doExecute(TestCaseExecutor.java:389)
	at com.kms.katalon.core.main.TestCaseExecutor.processExecutionPhase(TestCaseExecutor.java:368)
	at com.kms.katalon.core.main.TestCaseExecutor.accessMainPhase(TestCaseExecutor.java:360)
	at com.kms.katalon.core.main.TestCaseExecutor.execute(TestCaseExecutor.java:255)
	at com.kms.katalon.core.main.TestSuiteExecutor.accessTestCaseMainPhase(TestSuiteExecutor.java:203)
	at com.kms.katalon.core.main.TestSuiteExecutor.accessTestSuiteMainPhase(TestSuiteExecutor.java:152)
	at com.kms.katalon.core.main.TestSuiteExecutor.execute(TestSuiteExecutor.java:95)
	at com.kms.katalon.core.main.TestCaseMain.startTestSuite(TestCaseMain.java:157)
	at com.kms.katalon.core.main.TestCaseMain$startTestSuite$0.call(Unknown Source)
	at TempTestSuite1622124825440.run(TempTestSuite1622124825440.groovy:39)
Caused by: com.kms.katalon.core.webui.exception.WebElementNotFoundException: Web element with id: 'Object Repository/1412263_Page_Town Square - CNC_Nhom3 Mattermost/button_Save' located by '' not found
	at com.kms.katalon.core.webui.common.WebUiCommonHelper.findWebElement(WebUiCommonHelper.java:1368)
	at com.kms.katalon.core.webui.keyword.internal.WebUIAbstractKeyword.findWebElement(WebUIAbstractKeyword.groovy:27)
	at com.kms.katalon.core.webui.keyword.internal.WebUIAbstractKeyword.findWebElement(WebUIAbstractKeyword.groovy:26)
	at com.kms.katalon.core.webui.keyword.builtin.ClickKeyword$_click_closure1.doCall(ClickKeyword.groovy:66)
	at com.kms.katalon.core.webui.keyword.builtin.ClickKeyword$_click_closure1.call(ClickKeyword.groovy)
	at com.kms.katalon.core.webui.keyword.internal.WebUIKeywordMain.runKeyword(WebUIKeywordMain.groovy:20)
	... 19 more


2021-05-27 21:14:59 - [TEST_STEP][PASSED] - openBrowser(""): Browser is opened with url: ''

2021-05-27 21:14:59 - [MESSAGE][INFO] - Starting 'Chrome' driver

2021-05-27 21:14:59 - [MESSAGE][INFO] - Action delay is set to 0 milliseconds

2021-05-27 21:15:02 - [MESSAGE][PASSED] - Browser is opened with url: ''

2021-05-27 21:15:02 - [TEST_STEP][PASSED] - navigateToUrl("http://mattermostwebapp.herokuapp.com/"): Navigate to 'http://mattermostwebapp.herokuapp.com/' successfully

2021-05-27 21:15:06 - [MESSAGE][PASSED] - Navigate to 'http://mattermostwebapp.herokuapp.com/' successfully

2021-05-27 21:15:06 - [TEST_STEP][PASSED] - setText(findTestObject("1412263_Page_Mattermost/input_All team communication in one place, _dcc84b"), "huykhoi263"): Text 'huykhoi263' is set on object 'Object Repository/1412263_Page_Mattermost/input_All team communication in one place, _dcc84b'

2021-05-27 21:15:12 - [MESSAGE][PASSED] - Text 'huykhoi263' is set on object 'Object Repository/1412263_Page_Mattermost/input_All team communication in one place, _dcc84b'

2021-05-27 21:15:12 - [TEST_STEP][PASSED] - setEncryptedText(findTestObject("1412263_Page_Mattermost/input_All team communication in one place, _a3edc6"), "o1rBehR+FzY2ClyWuSUtzg=="): Text ****** has been set on object 'Object Repository/1412263_Page_Mattermost/input_All team communication in one place, _a3edc6'

2021-05-27 21:15:14 - [MESSAGE][PASSED] - Text ****** has been set on object 'Object Repository/1412263_Page_Mattermost/input_All team communication in one place, _a3edc6'

2021-05-27 21:15:14 - [TEST_STEP][PASSED] - click(findTestObject("1412263_Page_Mattermost/button_Sign in")): Object: 'Object Repository/1412263_Page_Mattermost/button_Sign in' is clicked on

2021-05-27 21:15:15 - [MESSAGE][PASSED] - Object: 'Object Repository/1412263_Page_Mattermost/button_Sign in' is clicked on

2021-05-27 21:15:15 - [TEST_STEP][PASSED] - click(findTestObject("1412263_Page_Town Square - CNC_Nhom3 Mattermost/span")): Object: 'Object Repository/1412263_Page_Town Square - CNC_Nhom3 Mattermost/span' is clicked on

2021-05-27 21:15:21 - [MESSAGE][PASSED] - Object: 'Object Repository/1412263_Page_Town Square - CNC_Nhom3 Mattermost/span' is clicked on

2021-05-27 21:15:21 - [TEST_STEP][PASSED] - click(findTestObject("1412263_Page_Town Square - CNC_Nhom3 Mattermost/button_Account Settings")): Object: 'Object Repository/1412263_Page_Town Square - CNC_Nhom3 Mattermost/button_Account Settings' is clicked on

2021-05-27 21:15:23 - [MESSAGE][PASSED] - Object: 'Object Repository/1412263_Page_Town Square - CNC_Nhom3 Mattermost/button_Account Settings' is clicked on

2021-05-27 21:15:23 - [TEST_STEP][PASSED] - click(findTestObject("1412263_Page_Town Square - CNC_Nhom3 Mattermost/button_Security")): Object: 'Object Repository/1412263_Page_Town Square - CNC_Nhom3 Mattermost/button_Security' is clicked on

2021-05-27 21:15:25 - [MESSAGE][PASSED] - Object: 'Object Repository/1412263_Page_Town Square - CNC_Nhom3 Mattermost/button_Security' is clicked on

2021-05-27 21:15:25 - [TEST_STEP][FAILED] - for ([i = 1, i <= 5, (i++)]): Unable to click on object 'Object Repository/1412263_Page_Town Square - CNC_Nhom3 Mattermost/button_Save' (Root cause: com.kms.katalon.core.exception.StepFailedException: Unable to click on object 'Object Repository/1412263_Page_Town Square - CNC_Nhom3 Mattermost/button_Save'
	at com.kms.katalon.core.webui.keyword.internal.WebUIKeywordMain.stepFailed(WebUIKeywordMain.groovy:64)
	at com.kms.katalon.core.webui.keyword.internal.WebUIKeywordMain.runKeyword(WebUIKeywordMain.groovy:26)
	at com.kms.katalon.core.webui.keyword.builtin.ClickKeyword.click(ClickKeyword.groovy:75)
	at com.kms.katalon.core.webui.keyword.builtin.ClickKeyword.execute(ClickKeyword.groovy:42)
	at com.kms.katalon.core.keyword.internal.KeywordExecutor.executeKeywordForPlatform(KeywordExecutor.groovy:73)
	at com.kms.katalon.core.webui.keyword.WebUiBuiltInKeywords.click(WebUiBuiltInKeywords.groovy:619)
	at com.kms.katalon.core.webui.keyword.WebUiBuiltInKeywords$click$3.call(Unknown Source)
	at TC02_UpdatePassword.run(TC02_UpdatePassword:49)
	at com.kms.katalon.core.main.ScriptEngine.run(ScriptEngine.java:194)
	at com.kms.katalon.core.main.ScriptEngine.runScriptAsRawText(ScriptEngine.java:119)
	at com.kms.katalon.core.main.TestCaseExecutor.runScript(TestCaseExecutor.java:398)
	at com.kms.katalon.core.main.TestCaseExecutor.doExecute(TestCaseExecutor.java:389)
	at com.kms.katalon.core.main.TestCaseExecutor.processExecutionPhase(TestCaseExecutor.java:368)
	at com.kms.katalon.core.main.TestCaseExecutor.accessMainPhase(TestCaseExecutor.java:360)
	at com.kms.katalon.core.main.TestCaseExecutor.execute(TestCaseExecutor.java:255)
	at com.kms.katalon.core.main.TestSuiteExecutor.accessTestCaseMainPhase(TestSuiteExecutor.java:203)
	at com.kms.katalon.core.main.TestSuiteExecutor.accessTestSuiteMainPhase(TestSuiteExecutor.java:152)
	at com.kms.katalon.core.main.TestSuiteExecutor.execute(TestSuiteExecutor.java:95)
	at com.kms.katalon.core.main.TestCaseMain.startTestSuite(TestCaseMain.java:157)
	at com.kms.katalon.core.main.TestCaseMain$startTestSuite$0.call(Unknown Source)
	at TempTestSuite1622124825440.run(TempTestSuite1622124825440.groovy:39)
Caused by: com.kms.katalon.core.webui.exception.WebElementNotFoundException: Web element with id: 'Object Repository/1412263_Page_Town Square - CNC_Nhom3 Mattermost/button_Save' located by '' not found
	at com.kms.katalon.core.webui.common.WebUiCommonHelper.findWebElement(WebUiCommonHelper.java:1368)
	at com.kms.katalon.core.webui.keyword.internal.WebUIAbstractKeyword.findWebElement(WebUIAbstractKeyword.groovy:27)
	at com.kms.katalon.core.webui.keyword.internal.WebUIAbstractKeyword.findWebElement(WebUIAbstractKeyword.groovy:26)
	at com.kms.katalon.core.webui.keyword.builtin.ClickKeyword$_click_closure1.doCall(ClickKeyword.groovy:66)
	at com.kms.katalon.core.webui.keyword.builtin.ClickKeyword$_click_closure1.call(ClickKeyword.groovy)
	at com.kms.katalon.core.webui.keyword.internal.WebUIKeywordMain.runKeyword(WebUIKeywordMain.groovy:20)
	at com.kms.katalon.core.webui.keyword.builtin.ClickKeyword.click(ClickKeyword.groovy:75)
	at com.kms.katalon.core.webui.keyword.builtin.ClickKeyword.execute(ClickKeyword.groovy:42)
	at com.kms.katalon.core.keyword.internal.KeywordExecutor.executeKeywordForPlatform(KeywordExecutor.groovy:73)
	at com.kms.katalon.core.webui.keyword.WebUiBuiltInKeywords.click(WebUiBuiltInKeywords.groovy:619)
	at com.kms.katalon.core.webui.keyword.WebUiBuiltInKeywords$click$3.call(Unknown Source)
	at Script1621479155828.run(Script1621479155828.groovy:49)
	... 13 more
)

2021-05-27 21:15:25 - [TEST_STEP][PASSED] - click(findTestObject("1412263_Page_Town Square - CNC_Nhom3 Mattermost/span_EditPassword")): Object: 'Object Repository/1412263_Page_Town Square - CNC_Nhom3 Mattermost/span_EditPassword' is clicked on

2021-05-27 21:15:26 - [MESSAGE][PASSED] - Object: 'Object Repository/1412263_Page_Town Square - CNC_Nhom3 Mattermost/span_EditPassword' is clicked on

2021-05-27 21:15:26 - [TEST_STEP][PASSED] - setEncryptedText(findTestObject("1412263_Page_Town Square - CNC_Nhom3 Mattermost/input_Current Password_currentPassword"), findTestData("1412263/Data TC2 UpdatePassword").getValue(1, i)): Text ****** has been set on object 'Object Repository/1412263_Page_Town Square - CNC_Nhom3 Mattermost/input_Current Password_currentPassword'

2021-05-27 21:15:27 - [MESSAGE][PASSED] - Text ****** has been set on object 'Object Repository/1412263_Page_Town Square - CNC_Nhom3 Mattermost/input_Current Password_currentPassword'

2021-05-27 21:15:27 - [TEST_STEP][PASSED] - setEncryptedText(findTestObject("1412263_Page_Town Square - CNC_Nhom3 Mattermost/input_New Password_newPassword"), findTestData("1412263/Data TC2 UpdatePassword").getValue(2, i)): Text ****** has been set on object 'Object Repository/1412263_Page_Town Square - CNC_Nhom3 Mattermost/input_New Password_newPassword'

2021-05-27 21:15:28 - [MESSAGE][PASSED] - Text ****** has been set on object 'Object Repository/1412263_Page_Town Square - CNC_Nhom3 Mattermost/input_New Password_newPassword'

2021-05-27 21:15:28 - [TEST_STEP][PASSED] - setEncryptedText(findTestObject("1412263_Page_Town Square - CNC_Nhom3 Mattermost/input_Retype New Password_confirmPassword"), findTestData("1412263/Data TC2 UpdatePassword").getValue(3, i)): Text ****** has been set on object 'Object Repository/1412263_Page_Town Square - CNC_Nhom3 Mattermost/input_Retype New Password_confirmPassword'

2021-05-27 21:15:28 - [MESSAGE][PASSED] - Text ****** has been set on object 'Object Repository/1412263_Page_Town Square - CNC_Nhom3 Mattermost/input_Retype New Password_confirmPassword'

2021-05-27 21:15:28 - [TEST_STEP][FAILED] - click(findTestObject("1412263_Page_Town Square - CNC_Nhom3 Mattermost/button_Save")): Unable to click on object 'Object Repository/1412263_Page_Town Square - CNC_Nhom3 Mattermost/button_Save' (Root cause: com.kms.katalon.core.exception.StepFailedException: Unable to click on object 'Object Repository/1412263_Page_Town Square - CNC_Nhom3 Mattermost/button_Save'
	at com.kms.katalon.core.webui.keyword.internal.WebUIKeywordMain.stepFailed(WebUIKeywordMain.groovy:64)
	at com.kms.katalon.core.webui.keyword.internal.WebUIKeywordMain.runKeyword(WebUIKeywordMain.groovy:26)
	at com.kms.katalon.core.webui.keyword.builtin.ClickKeyword.click(ClickKeyword.groovy:75)
	at com.kms.katalon.core.webui.keyword.builtin.ClickKeyword.execute(ClickKeyword.groovy:42)
	at com.kms.katalon.core.keyword.internal.KeywordExecutor.executeKeywordForPlatform(KeywordExecutor.groovy:73)
	at com.kms.katalon.core.webui.keyword.WebUiBuiltInKeywords.click(WebUiBuiltInKeywords.groovy:619)
	at com.kms.katalon.core.webui.keyword.WebUiBuiltInKeywords$click$3.call(Unknown Source)
	at TC02_UpdatePassword.run(TC02_UpdatePassword:49)
	at com.kms.katalon.core.main.ScriptEngine.run(ScriptEngine.java:194)
	at com.kms.katalon.core.main.ScriptEngine.runScriptAsRawText(ScriptEngine.java:119)
	at com.kms.katalon.core.main.TestCaseExecutor.runScript(TestCaseExecutor.java:398)
	at com.kms.katalon.core.main.TestCaseExecutor.doExecute(TestCaseExecutor.java:389)
	at com.kms.katalon.core.main.TestCaseExecutor.processExecutionPhase(TestCaseExecutor.java:368)
	at com.kms.katalon.core.main.TestCaseExecutor.accessMainPhase(TestCaseExecutor.java:360)
	at com.kms.katalon.core.main.TestCaseExecutor.execute(TestCaseExecutor.java:255)
	at com.kms.katalon.core.main.TestSuiteExecutor.accessTestCaseMainPhase(TestSuiteExecutor.java:203)
	at com.kms.katalon.core.main.TestSuiteExecutor.accessTestSuiteMainPhase(TestSuiteExecutor.java:152)
	at com.kms.katalon.core.main.TestSuiteExecutor.execute(TestSuiteExecutor.java:95)
	at com.kms.katalon.core.main.TestCaseMain.startTestSuite(TestCaseMain.java:157)
	at com.kms.katalon.core.main.TestCaseMain$startTestSuite$0.call(Unknown Source)
	at TempTestSuite1622124825440.run(TempTestSuite1622124825440.groovy:39)
Caused by: com.kms.katalon.core.webui.exception.WebElementNotFoundException: Web element with id: 'Object Repository/1412263_Page_Town Square - CNC_Nhom3 Mattermost/button_Save' located by '' not found
	at com.kms.katalon.core.webui.common.WebUiCommonHelper.findWebElement(WebUiCommonHelper.java:1368)
	at com.kms.katalon.core.webui.keyword.internal.WebUIAbstractKeyword.findWebElement(WebUIAbstractKeyword.groovy:27)
	at com.kms.katalon.core.webui.keyword.internal.WebUIAbstractKeyword.findWebElement(WebUIAbstractKeyword.groovy:26)
	at com.kms.katalon.core.webui.keyword.builtin.ClickKeyword$_click_closure1.doCall(ClickKeyword.groovy:66)
	at com.kms.katalon.core.webui.keyword.builtin.ClickKeyword$_click_closure1.call(ClickKeyword.groovy)
	at com.kms.katalon.core.webui.keyword.internal.WebUIKeywordMain.runKeyword(WebUIKeywordMain.groovy:20)
	at com.kms.katalon.core.webui.keyword.builtin.ClickKeyword.click(ClickKeyword.groovy:75)
	at com.kms.katalon.core.webui.keyword.builtin.ClickKeyword.execute(ClickKeyword.groovy:42)
	at com.kms.katalon.core.keyword.internal.KeywordExecutor.executeKeywordForPlatform(KeywordExecutor.groovy:73)
	at com.kms.katalon.core.webui.keyword.WebUiBuiltInKeywords.click(WebUiBuiltInKeywords.groovy:619)
	at com.kms.katalon.core.webui.keyword.WebUiBuiltInKeywords$click$3.call(Unknown Source)
	at Script1621479155828.run(Script1621479155828.groovy:49)
	... 13 more
)

2021-05-27 21:16:00 - [MESSAGE][INFO] - Unable to find the element located by 'By.cssSelector: '. Please recheck the objects properties to make sure the desired element is located. 

2021-05-27 21:16:00 - [MESSAGE][FAILED] - Unable to click on object 'Object Repository/1412263_Page_Town Square - CNC_Nhom3 Mattermost/button_Save' (Root cause: com.kms.katalon.core.exception.StepFailedException: Unable to click on object 'Object Repository/1412263_Page_Town Square - CNC_Nhom3 Mattermost/button_Save'
	at com.kms.katalon.core.webui.keyword.internal.WebUIKeywordMain.stepFailed(WebUIKeywordMain.groovy:64)
	at com.kms.katalon.core.webui.keyword.internal.WebUIKeywordMain.runKeyword(WebUIKeywordMain.groovy:26)
	at com.kms.katalon.core.webui.keyword.builtin.ClickKeyword.click(ClickKeyword.groovy:75)
	at com.kms.katalon.core.webui.keyword.builtin.ClickKeyword.execute(ClickKeyword.groovy:42)
	at com.kms.katalon.core.keyword.internal.KeywordExecutor.executeKeywordForPlatform(KeywordExecutor.groovy:73)
	at com.kms.katalon.core.webui.keyword.WebUiBuiltInKeywords.click(WebUiBuiltInKeywords.groovy:619)
	at com.kms.katalon.core.webui.keyword.WebUiBuiltInKeywords$click$3.call(Unknown Source)
	at TC02_UpdatePassword.run(TC02_UpdatePassword:49)
	at com.kms.katalon.core.main.ScriptEngine.run(ScriptEngine.java:194)
	at com.kms.katalon.core.main.ScriptEngine.runScriptAsRawText(ScriptEngine.java:119)
	at com.kms.katalon.core.main.TestCaseExecutor.runScript(TestCaseExecutor.java:398)
	at com.kms.katalon.core.main.TestCaseExecutor.doExecute(TestCaseExecutor.java:389)
	at com.kms.katalon.core.main.TestCaseExecutor.processExecutionPhase(TestCaseExecutor.java:368)
	at com.kms.katalon.core.main.TestCaseExecutor.accessMainPhase(TestCaseExecutor.java:360)
	at com.kms.katalon.core.main.TestCaseExecutor.execute(TestCaseExecutor.java:255)
	at com.kms.katalon.core.main.TestSuiteExecutor.accessTestCaseMainPhase(TestSuiteExecutor.java:203)
	at com.kms.katalon.core.main.TestSuiteExecutor.accessTestSuiteMainPhase(TestSuiteExecutor.java:152)
	at com.kms.katalon.core.main.TestSuiteExecutor.execute(TestSuiteExecutor.java:95)
	at com.kms.katalon.core.main.TestCaseMain.startTestSuite(TestCaseMain.java:157)
	at com.kms.katalon.core.main.TestCaseMain$startTestSuite$0.call(Unknown Source)
	at TempTestSuite1622124825440.run(TempTestSuite1622124825440.groovy:39)
Caused by: com.kms.katalon.core.webui.exception.WebElementNotFoundException: Web element with id: 'Object Repository/1412263_Page_Town Square - CNC_Nhom3 Mattermost/button_Save' located by '' not found
	at com.kms.katalon.core.webui.common.WebUiCommonHelper.findWebElement(WebUiCommonHelper.java:1368)
	at com.kms.katalon.core.webui.keyword.internal.WebUIAbstractKeyword.findWebElement(WebUIAbstractKeyword.groovy:27)
	at com.kms.katalon.core.webui.keyword.internal.WebUIAbstractKeyword.findWebElement(WebUIAbstractKeyword.groovy:26)
	at com.kms.katalon.core.webui.keyword.builtin.ClickKeyword$_click_closure1.doCall(ClickKeyword.groovy:66)
	at com.kms.katalon.core.webui.keyword.builtin.ClickKeyword$_click_closure1.call(ClickKeyword.groovy)
	at com.kms.katalon.core.webui.keyword.internal.WebUIKeywordMain.runKeyword(WebUIKeywordMain.groovy:20)
	at com.kms.katalon.core.webui.keyword.builtin.ClickKeyword.click(ClickKeyword.groovy:75)
	at com.kms.katalon.core.webui.keyword.builtin.ClickKeyword.execute(ClickKeyword.groovy:42)
	at com.kms.katalon.core.keyword.internal.KeywordExecutor.executeKeywordForPlatform(KeywordExecutor.groovy:73)
	at com.kms.katalon.core.webui.keyword.WebUiBuiltInKeywords.click(WebUiBuiltInKeywords.groovy:619)
	at com.kms.katalon.core.webui.keyword.WebUiBuiltInKeywords$click$3.call(Unknown Source)
	at Script1621479155828.run(Script1621479155828.groovy:49)
	... 13 more
)
[[ATTACHMENT|E:\\Tai lieu hoc\\Nam 7\\HK2\\New Topics\\Homework 2\\New folder\\Mattermost_Autotesting_2\\Mattermost_AutoTesting\\Reports\\20210527_211345\\1412263\\Run_All_Test_Cases\\20210527_211345\\1622124960378.png]]]]></system-out>
         <system-err><![CDATA[2021-05-27 21:14:58 - [TEST_CASE][FAILED] - Test Cases/1412263/TC02_UpdatePassword: Test Cases/1412263/TC02_UpdatePassword FAILED.
Reason:
com.kms.katalon.core.exception.StepFailedException: Unable to click on object 'Object Repository/1412263_Page_Town Square - CNC_Nhom3 Mattermost/button_Save'
	at com.kms.katalon.core.webui.keyword.internal.WebUIKeywordMain.stepFailed(WebUIKeywordMain.groovy:64)
	at com.kms.katalon.core.webui.keyword.internal.WebUIKeywordMain.runKeyword(WebUIKeywordMain.groovy:26)
	at com.kms.katalon.core.webui.keyword.builtin.ClickKeyword.click(ClickKeyword.groovy:75)
	at com.kms.katalon.core.webui.keyword.builtin.ClickKeyword.execute(ClickKeyword.groovy:42)
	at com.kms.katalon.core.keyword.internal.KeywordExecutor.executeKeywordForPlatform(KeywordExecutor.groovy:73)
	at com.kms.katalon.core.webui.keyword.WebUiBuiltInKeywords.click(WebUiBuiltInKeywords.groovy:619)
	at com.kms.katalon.core.webui.keyword.WebUiBuiltInKeywords$click$3.call(Unknown Source)
	at TC02_UpdatePassword.run(TC02_UpdatePassword:49)
	at com.kms.katalon.core.main.ScriptEngine.run(ScriptEngine.java:194)
	at com.kms.katalon.core.main.ScriptEngine.runScriptAsRawText(ScriptEngine.java:119)
	at com.kms.katalon.core.main.TestCaseExecutor.runScript(TestCaseExecutor.java:398)
	at com.kms.katalon.core.main.TestCaseExecutor.doExecute(TestCaseExecutor.java:389)
	at com.kms.katalon.core.main.TestCaseExecutor.processExecutionPhase(TestCaseExecutor.java:368)
	at com.kms.katalon.core.main.TestCaseExecutor.accessMainPhase(TestCaseExecutor.java:360)
	at com.kms.katalon.core.main.TestCaseExecutor.execute(TestCaseExecutor.java:255)
	at com.kms.katalon.core.main.TestSuiteExecutor.accessTestCaseMainPhase(TestSuiteExecutor.java:203)
	at com.kms.katalon.core.main.TestSuiteExecutor.accessTestSuiteMainPhase(TestSuiteExecutor.java:152)
	at com.kms.katalon.core.main.TestSuiteExecutor.execute(TestSuiteExecutor.java:95)
	at com.kms.katalon.core.main.TestCaseMain.startTestSuite(TestCaseMain.java:157)
	at com.kms.katalon.core.main.TestCaseMain$startTestSuite$0.call(Unknown Source)
	at TempTestSuite1622124825440.run(TempTestSuite1622124825440.groovy:39)
Caused by: com.kms.katalon.core.webui.exception.WebElementNotFoundException: Web element with id: 'Object Repository/1412263_Page_Town Square - CNC_Nhom3 Mattermost/button_Save' located by '' not found
	at com.kms.katalon.core.webui.common.WebUiCommonHelper.findWebElement(WebUiCommonHelper.java:1368)
	at com.kms.katalon.core.webui.keyword.internal.WebUIAbstractKeyword.findWebElement(WebUIAbstractKeyword.groovy:27)
	at com.kms.katalon.core.webui.keyword.internal.WebUIAbstractKeyword.findWebElement(WebUIAbstractKeyword.groovy:26)
	at com.kms.katalon.core.webui.keyword.builtin.ClickKeyword$_click_closure1.doCall(ClickKeyword.groovy:66)
	at com.kms.katalon.core.webui.keyword.builtin.ClickKeyword$_click_closure1.call(ClickKeyword.groovy)
	at com.kms.katalon.core.webui.keyword.internal.WebUIKeywordMain.runKeyword(WebUIKeywordMain.groovy:20)
	... 19 more]]></system-err>
      </testcase>
      <testcase name="Test Cases/1412263/TC03_UpdateFullName" time="50.216" classname="Test Cases/1412263/TC03_UpdateFullName" status="PASSED">
         <system-out><![CDATA[2021-05-27 21:16:00 - [TEST_CASE][PASSED] - Test Cases/1412263/TC03_UpdateFullName: Test Cases/1412263/TC03_UpdateFullName

2021-05-27 21:16:02 - [TEST_STEP][PASSED] - openBrowser(""): Browser is opened with url: ''

2021-05-27 21:16:02 - [MESSAGE][WARNING] - A browser is already opened. Closing browser and opening a new one

2021-05-27 21:16:06 - [MESSAGE][INFO] - Starting 'Chrome' driver

2021-05-27 21:16:06 - [MESSAGE][INFO] - Action delay is set to 0 milliseconds

2021-05-27 21:16:09 - [MESSAGE][PASSED] - Browser is opened with url: ''

2021-05-27 21:16:09 - [TEST_STEP][PASSED] - navigateToUrl("http://mattermostwebapp.herokuapp.com/"): Navigate to 'http://mattermostwebapp.herokuapp.com/' successfully

2021-05-27 21:16:13 - [MESSAGE][PASSED] - Navigate to 'http://mattermostwebapp.herokuapp.com/' successfully

2021-05-27 21:16:13 - [TEST_STEP][PASSED] - setText(findTestObject("1412263_Page_Mattermost/input_All team communication in one place, _dcc84b"), "huykhoi263"): Text 'huykhoi263' is set on object 'Object Repository/1412263_Page_Mattermost/input_All team communication in one place, _dcc84b'

2021-05-27 21:16:18 - [MESSAGE][PASSED] - Text 'huykhoi263' is set on object 'Object Repository/1412263_Page_Mattermost/input_All team communication in one place, _dcc84b'

2021-05-27 21:16:18 - [TEST_STEP][PASSED] - setEncryptedText(findTestObject("1412263_Page_Mattermost/input_All team communication in one place, _a3edc6"), "o1rBehR+FzY2ClyWuSUtzg=="): Text ****** has been set on object 'Object Repository/1412263_Page_Mattermost/input_All team communication in one place, _a3edc6'

2021-05-27 21:16:18 - [MESSAGE][PASSED] - Text ****** has been set on object 'Object Repository/1412263_Page_Mattermost/input_All team communication in one place, _a3edc6'

2021-05-27 21:16:18 - [TEST_STEP][PASSED] - click(findTestObject("1412263_Page_Mattermost/button_Sign in")): Object: 'Object Repository/1412263_Page_Mattermost/button_Sign in' is clicked on

2021-05-27 21:16:19 - [MESSAGE][PASSED] - Object: 'Object Repository/1412263_Page_Mattermost/button_Sign in' is clicked on

2021-05-27 21:16:19 - [TEST_STEP][PASSED] - click(findTestObject("1412263_Page_Town Square - CNC_Nhom3 Mattermost/span")): Object: 'Object Repository/1412263_Page_Town Square - CNC_Nhom3 Mattermost/span' is clicked on

2021-05-27 21:16:24 - [MESSAGE][PASSED] - Object: 'Object Repository/1412263_Page_Town Square - CNC_Nhom3 Mattermost/span' is clicked on

2021-05-27 21:16:24 - [TEST_STEP][PASSED] - click(findTestObject("1412263_Page_Town Square - CNC_Nhom3 Mattermost/button_Account Settings")): Object: 'Object Repository/1412263_Page_Town Square - CNC_Nhom3 Mattermost/button_Account Settings' is clicked on

2021-05-27 21:16:25 - [MESSAGE][PASSED] - Object: 'Object Repository/1412263_Page_Town Square - CNC_Nhom3 Mattermost/button_Account Settings' is clicked on

2021-05-27 21:16:25 - [TEST_STEP][PASSED] - for ([i = 1, i <= 5, (i++)]): null

2021-05-27 21:16:25 - [TEST_STEP][PASSED] - click(findTestObject("1412263_Page_Town Square - CNC_Nhom3 Mattermost/span_EditFullname")): Object: 'Object Repository/1412263_Page_Town Square - CNC_Nhom3 Mattermost/span_EditFullname' is clicked on

2021-05-27 21:16:25 - [MESSAGE][PASSED] - Object: 'Object Repository/1412263_Page_Town Square - CNC_Nhom3 Mattermost/span_EditFullname' is clicked on

2021-05-27 21:16:25 - [TEST_STEP][PASSED] - setText(findTestObject("1412263_Page_Town Square - CNC_Nhom3 Mattermost/input_First Name_firstName"), findTestData("1412263/Data TC3 UpdateFullName").getValue(1, i)): Text 'Nguyen' is set on object 'Object Repository/1412263_Page_Town Square - CNC_Nhom3 Mattermost/input_First Name_firstName'

2021-05-27 21:16:26 - [MESSAGE][PASSED] - Text 'Nguyen' is set on object 'Object Repository/1412263_Page_Town Square - CNC_Nhom3 Mattermost/input_First Name_firstName'

2021-05-27 21:16:26 - [TEST_STEP][PASSED] - setText(findTestObject("1412263_Page_Town Square - CNC_Nhom3 Mattermost/input_Last Name_lastName"), findTestData("1412263/Data TC3 UpdateFullName").getValue(2, i)): Text 'Huy Khoi' is set on object 'Object Repository/1412263_Page_Town Square - CNC_Nhom3 Mattermost/input_Last Name_lastName'

2021-05-27 21:16:27 - [MESSAGE][PASSED] - Text 'Huy Khoi' is set on object 'Object Repository/1412263_Page_Town Square - CNC_Nhom3 Mattermost/input_Last Name_lastName'

2021-05-27 21:16:27 - [TEST_STEP][PASSED] - click(findTestObject("1412263_Page_Town Square - CNC_Nhom3 Mattermost/span_Save")): Object: 'Object Repository/1412263_Page_Town Square - CNC_Nhom3 Mattermost/span_Save' is clicked on

2021-05-27 21:16:28 - [MESSAGE][PASSED] - Object: 'Object Repository/1412263_Page_Town Square - CNC_Nhom3 Mattermost/span_Save' is clicked on

2021-05-27 21:16:28 - [TEST_STEP][PASSED] - Thread.sleep(2000): null

2021-05-27 21:16:30 - [TEST_STEP][PASSED] - click(findTestObject("1412263_Page_Town Square - CNC_Nhom3 Mattermost/span_EditFullname")): Object: 'Object Repository/1412263_Page_Town Square - CNC_Nhom3 Mattermost/span_EditFullname' is clicked on

2021-05-27 21:16:30 - [MESSAGE][PASSED] - Object: 'Object Repository/1412263_Page_Town Square - CNC_Nhom3 Mattermost/span_EditFullname' is clicked on

2021-05-27 21:16:30 - [TEST_STEP][PASSED] - setText(findTestObject("1412263_Page_Town Square - CNC_Nhom3 Mattermost/input_First Name_firstName"), findTestData("1412263/Data TC3 UpdateFullName").getValue(1, i)): Text 'Tran' is set on object 'Object Repository/1412263_Page_Town Square - CNC_Nhom3 Mattermost/input_First Name_firstName'

2021-05-27 21:16:31 - [MESSAGE][PASSED] - Text 'Tran' is set on object 'Object Repository/1412263_Page_Town Square - CNC_Nhom3 Mattermost/input_First Name_firstName'

2021-05-27 21:16:31 - [TEST_STEP][PASSED] - setText(findTestObject("1412263_Page_Town Square - CNC_Nhom3 Mattermost/input_Last Name_lastName"), findTestData("1412263/Data TC3 UpdateFullName").getValue(2, i)): Text 'Van A' is set on object 'Object Repository/1412263_Page_Town Square - CNC_Nhom3 Mattermost/input_Last Name_lastName'

2021-05-27 21:16:32 - [MESSAGE][PASSED] - Text 'Van A' is set on object 'Object Repository/1412263_Page_Town Square - CNC_Nhom3 Mattermost/input_Last Name_lastName'

2021-05-27 21:16:32 - [TEST_STEP][PASSED] - click(findTestObject("1412263_Page_Town Square - CNC_Nhom3 Mattermost/span_Save")): Object: 'Object Repository/1412263_Page_Town Square - CNC_Nhom3 Mattermost/span_Save' is clicked on

2021-05-27 21:16:33 - [MESSAGE][PASSED] - Object: 'Object Repository/1412263_Page_Town Square - CNC_Nhom3 Mattermost/span_Save' is clicked on

2021-05-27 21:16:33 - [TEST_STEP][PASSED] - Thread.sleep(2000): null

2021-05-27 21:16:35 - [TEST_STEP][PASSED] - click(findTestObject("1412263_Page_Town Square - CNC_Nhom3 Mattermost/span_EditFullname")): Object: 'Object Repository/1412263_Page_Town Square - CNC_Nhom3 Mattermost/span_EditFullname' is clicked on

2021-05-27 21:16:35 - [MESSAGE][PASSED] - Object: 'Object Repository/1412263_Page_Town Square - CNC_Nhom3 Mattermost/span_EditFullname' is clicked on

2021-05-27 21:16:35 - [TEST_STEP][PASSED] - setText(findTestObject("1412263_Page_Town Square - CNC_Nhom3 Mattermost/input_First Name_firstName"), findTestData("1412263/Data TC3 UpdateFullName").getValue(1, i)): Text 'Nguyen' is set on object 'Object Repository/1412263_Page_Town Square - CNC_Nhom3 Mattermost/input_First Name_firstName'

2021-05-27 21:16:37 - [MESSAGE][PASSED] - Text 'Nguyen' is set on object 'Object Repository/1412263_Page_Town Square - CNC_Nhom3 Mattermost/input_First Name_firstName'

2021-05-27 21:16:37 - [TEST_STEP][PASSED] - setText(findTestObject("1412263_Page_Town Square - CNC_Nhom3 Mattermost/input_Last Name_lastName"), findTestData("1412263/Data TC3 UpdateFullName").getValue(2, i)): Text 'Thi B' is set on object 'Object Repository/1412263_Page_Town Square - CNC_Nhom3 Mattermost/input_Last Name_lastName'

2021-05-27 21:16:38 - [MESSAGE][PASSED] - Text 'Thi B' is set on object 'Object Repository/1412263_Page_Town Square - CNC_Nhom3 Mattermost/input_Last Name_lastName'

2021-05-27 21:16:38 - [TEST_STEP][PASSED] - click(findTestObject("1412263_Page_Town Square - CNC_Nhom3 Mattermost/span_Save")): Object: 'Object Repository/1412263_Page_Town Square - CNC_Nhom3 Mattermost/span_Save' is clicked on

2021-05-27 21:16:38 - [MESSAGE][PASSED] - Object: 'Object Repository/1412263_Page_Town Square - CNC_Nhom3 Mattermost/span_Save' is clicked on

2021-05-27 21:16:38 - [TEST_STEP][PASSED] - Thread.sleep(2000): null

2021-05-27 21:16:40 - [TEST_STEP][PASSED] - click(findTestObject("1412263_Page_Town Square - CNC_Nhom3 Mattermost/span_EditFullname")): Object: 'Object Repository/1412263_Page_Town Square - CNC_Nhom3 Mattermost/span_EditFullname' is clicked on

2021-05-27 21:16:41 - [MESSAGE][PASSED] - Object: 'Object Repository/1412263_Page_Town Square - CNC_Nhom3 Mattermost/span_EditFullname' is clicked on

2021-05-27 21:16:41 - [TEST_STEP][PASSED] - setText(findTestObject("1412263_Page_Town Square - CNC_Nhom3 Mattermost/input_First Name_firstName"), findTestData("1412263/Data TC3 UpdateFullName").getValue(1, i)): Text 'ABC' is set on object 'Object Repository/1412263_Page_Town Square - CNC_Nhom3 Mattermost/input_First Name_firstName'

2021-05-27 21:16:42 - [MESSAGE][PASSED] - Text 'ABC' is set on object 'Object Repository/1412263_Page_Town Square - CNC_Nhom3 Mattermost/input_First Name_firstName'

2021-05-27 21:16:42 - [TEST_STEP][PASSED] - setText(findTestObject("1412263_Page_Town Square - CNC_Nhom3 Mattermost/input_Last Name_lastName"), findTestData("1412263/Data TC3 UpdateFullName").getValue(2, i)): Text '346$%%$&><>Z?' is set on object 'Object Repository/1412263_Page_Town Square - CNC_Nhom3 Mattermost/input_Last Name_lastName'

2021-05-27 21:16:43 - [MESSAGE][PASSED] - Text '346$%%$&><>Z?' is set on object 'Object Repository/1412263_Page_Town Square - CNC_Nhom3 Mattermost/input_Last Name_lastName'

2021-05-27 21:16:43 - [TEST_STEP][PASSED] - click(findTestObject("1412263_Page_Town Square - CNC_Nhom3 Mattermost/span_Save")): Object: 'Object Repository/1412263_Page_Town Square - CNC_Nhom3 Mattermost/span_Save' is clicked on

2021-05-27 21:16:43 - [MESSAGE][PASSED] - Object: 'Object Repository/1412263_Page_Town Square - CNC_Nhom3 Mattermost/span_Save' is clicked on

2021-05-27 21:16:43 - [TEST_STEP][PASSED] - Thread.sleep(2000): null

2021-05-27 21:16:45 - [TEST_STEP][PASSED] - click(findTestObject("1412263_Page_Town Square - CNC_Nhom3 Mattermost/span_EditFullname")): Object: 'Object Repository/1412263_Page_Town Square - CNC_Nhom3 Mattermost/span_EditFullname' is clicked on

2021-05-27 21:16:45 - [MESSAGE][PASSED] - Object: 'Object Repository/1412263_Page_Town Square - CNC_Nhom3 Mattermost/span_EditFullname' is clicked on

2021-05-27 21:16:45 - [TEST_STEP][PASSED] - setText(findTestObject("1412263_Page_Town Square - CNC_Nhom3 Mattermost/input_First Name_firstName"), findTestData("1412263/Data TC3 UpdateFullName").getValue(1, i)): Text 'Huy Khoi' is set on object 'Object Repository/1412263_Page_Town Square - CNC_Nhom3 Mattermost/input_First Name_firstName'

2021-05-27 21:16:46 - [MESSAGE][PASSED] - Text 'Huy Khoi' is set on object 'Object Repository/1412263_Page_Town Square - CNC_Nhom3 Mattermost/input_First Name_firstName'

2021-05-27 21:16:46 - [TEST_STEP][PASSED] - setText(findTestObject("1412263_Page_Town Square - CNC_Nhom3 Mattermost/input_Last Name_lastName"), findTestData("1412263/Data TC3 UpdateFullName").getValue(2, i)): Text 'Nguyen' is set on object 'Object Repository/1412263_Page_Town Square - CNC_Nhom3 Mattermost/input_Last Name_lastName'

2021-05-27 21:16:47 - [MESSAGE][PASSED] - Text 'Nguyen' is set on object 'Object Repository/1412263_Page_Town Square - CNC_Nhom3 Mattermost/input_Last Name_lastName'

2021-05-27 21:16:47 - [TEST_STEP][PASSED] - click(findTestObject("1412263_Page_Town Square - CNC_Nhom3 Mattermost/span_Save")): Object: 'Object Repository/1412263_Page_Town Square - CNC_Nhom3 Mattermost/span_Save' is clicked on

2021-05-27 21:16:47 - [MESSAGE][PASSED] - Object: 'Object Repository/1412263_Page_Town Square - CNC_Nhom3 Mattermost/span_Save' is clicked on

2021-05-27 21:16:47 - [TEST_STEP][PASSED] - Thread.sleep(2000): null

2021-05-27 21:16:49 - [TEST_STEP][PASSED] - click(findTestObject("1412263_Page_Town Square - CNC_Nhom3 Mattermost/span_")): Object: 'Object Repository/1412263_Page_Town Square - CNC_Nhom3 Mattermost/span_' is clicked on

2021-05-27 21:16:50 - [MESSAGE][PASSED] - Object: 'Object Repository/1412263_Page_Town Square - CNC_Nhom3 Mattermost/span_' is clicked on

2021-05-27 21:16:50 - [TEST_STEP][PASSED] - closeBrowser(): Browser is closed

2021-05-27 21:16:51 - [MESSAGE][PASSED] - Browser is closed]]></system-out>
         <system-err><![CDATA[]]></system-err>
      </testcase>
      <testcase name="Test Cases/1412263/TC04_UpdateNickname" time="36.573" classname="Test Cases/1412263/TC04_UpdateNickname" status="PASSED">
         <system-out><![CDATA[2021-05-27 21:16:51 - [TEST_CASE][PASSED] - Test Cases/1412263/TC04_UpdateNickname: Test Cases/1412263/TC04_UpdateNickname

2021-05-27 21:16:51 - [TEST_STEP][PASSED] - openBrowser(""): Browser is opened with url: ''

2021-05-27 21:16:51 - [MESSAGE][INFO] - Starting 'Chrome' driver

2021-05-27 21:16:51 - [MESSAGE][INFO] - Action delay is set to 0 milliseconds

2021-05-27 21:16:53 - [MESSAGE][PASSED] - Browser is opened with url: ''

2021-05-27 21:16:53 - [TEST_STEP][PASSED] - navigateToUrl("http://mattermostwebapp.herokuapp.com/"): Navigate to 'http://mattermostwebapp.herokuapp.com/' successfully

2021-05-27 21:16:57 - [MESSAGE][PASSED] - Navigate to 'http://mattermostwebapp.herokuapp.com/' successfully

2021-05-27 21:16:57 - [TEST_STEP][PASSED] - setText(findTestObject("1412263_Page_Mattermost/input_All team communication in one place, _dcc84b"), "huykhoi263"): Text 'huykhoi263' is set on object 'Object Repository/1412263_Page_Mattermost/input_All team communication in one place, _dcc84b'

2021-05-27 21:17:04 - [MESSAGE][PASSED] - Text 'huykhoi263' is set on object 'Object Repository/1412263_Page_Mattermost/input_All team communication in one place, _dcc84b'

2021-05-27 21:17:04 - [TEST_STEP][PASSED] - setEncryptedText(findTestObject("1412263_Page_Mattermost/input_All team communication in one place, _a3edc6"), "o1rBehR+FzY2ClyWuSUtzg=="): Text ****** has been set on object 'Object Repository/1412263_Page_Mattermost/input_All team communication in one place, _a3edc6'

2021-05-27 21:17:05 - [MESSAGE][PASSED] - Text ****** has been set on object 'Object Repository/1412263_Page_Mattermost/input_All team communication in one place, _a3edc6'

2021-05-27 21:17:05 - [TEST_STEP][PASSED] - click(findTestObject("1412263_Page_Mattermost/button_Sign in")): Object: 'Object Repository/1412263_Page_Mattermost/button_Sign in' is clicked on

2021-05-27 21:17:05 - [MESSAGE][PASSED] - Object: 'Object Repository/1412263_Page_Mattermost/button_Sign in' is clicked on

2021-05-27 21:17:05 - [TEST_STEP][PASSED] - click(findTestObject("1412263_Page_Town Square - CNC_Nhom3 Mattermost/path")): Object: 'Object Repository/1412263_Page_Town Square - CNC_Nhom3 Mattermost/path' is clicked on

2021-05-27 21:17:11 - [MESSAGE][PASSED] - Object: 'Object Repository/1412263_Page_Town Square - CNC_Nhom3 Mattermost/path' is clicked on

2021-05-27 21:17:11 - [TEST_STEP][PASSED] - click(findTestObject("1412263_Page_Town Square - CNC_Nhom3 Mattermost/span_Account Settings")): Object: 'Object Repository/1412263_Page_Town Square - CNC_Nhom3 Mattermost/span_Account Settings' is clicked on

2021-05-27 21:17:11 - [MESSAGE][PASSED] - Object: 'Object Repository/1412263_Page_Town Square - CNC_Nhom3 Mattermost/span_Account Settings' is clicked on

2021-05-27 21:17:11 - [TEST_STEP][PASSED] - for ([i = 1, i <= 5, (i++)]): Object: 'Object Repository/1412263_Page_Town Square - CNC_Nhom3 Mattermost/span_Save' is clicked on

2021-05-27 21:17:11 - [TEST_STEP][PASSED] - click(findTestObject("1412263_Page_Town Square - CNC_Nhom3 Mattermost/span_EditNickname")): Object: 'Object Repository/1412263_Page_Town Square - CNC_Nhom3 Mattermost/span_EditNickname' is clicked on

2021-05-27 21:17:12 - [MESSAGE][PASSED] - Object: 'Object Repository/1412263_Page_Town Square - CNC_Nhom3 Mattermost/span_EditNickname' is clicked on

2021-05-27 21:17:12 - [TEST_STEP][PASSED] - setText(findTestObject("1412263_Page_Town Square - CNC_Nhom3 Mattermost/input_Nickname_nickname"), findTestData("1412263/Data TC3 UpdateFullName").getValue(2, i)): Text 'Huy Khoi' is set on object 'Object Repository/1412263_Page_Town Square - CNC_Nhom3 Mattermost/input_Nickname_nickname'

2021-05-27 21:17:13 - [MESSAGE][PASSED] - Text 'Huy Khoi' is set on object 'Object Repository/1412263_Page_Town Square - CNC_Nhom3 Mattermost/input_Nickname_nickname'

2021-05-27 21:17:13 - [TEST_STEP][PASSED] - click(findTestObject("1412263_Page_Town Square - CNC_Nhom3 Mattermost/span_Save")): Object: 'Object Repository/1412263_Page_Town Square - CNC_Nhom3 Mattermost/span_Save' is clicked on

2021-05-27 21:17:14 - [MESSAGE][PASSED] - Object: 'Object Repository/1412263_Page_Town Square - CNC_Nhom3 Mattermost/span_Save' is clicked on

2021-05-27 21:17:14 - [TEST_STEP][PASSED] - click(findTestObject("1412263_Page_Town Square - CNC_Nhom3 Mattermost/span_EditNickname")): Object: 'Object Repository/1412263_Page_Town Square - CNC_Nhom3 Mattermost/span_EditNickname' is clicked on

2021-05-27 21:17:16 - [MESSAGE][PASSED] - Object: 'Object Repository/1412263_Page_Town Square - CNC_Nhom3 Mattermost/span_EditNickname' is clicked on

2021-05-27 21:17:16 - [TEST_STEP][PASSED] - setText(findTestObject("1412263_Page_Town Square - CNC_Nhom3 Mattermost/input_Nickname_nickname"), findTestData("1412263/Data TC3 UpdateFullName").getValue(2, i)): Text 'Van A' is set on object 'Object Repository/1412263_Page_Town Square - CNC_Nhom3 Mattermost/input_Nickname_nickname'

2021-05-27 21:17:16 - [MESSAGE][PASSED] - Text 'Van A' is set on object 'Object Repository/1412263_Page_Town Square - CNC_Nhom3 Mattermost/input_Nickname_nickname'

2021-05-27 21:17:16 - [TEST_STEP][PASSED] - click(findTestObject("1412263_Page_Town Square - CNC_Nhom3 Mattermost/span_Save")): Object: 'Object Repository/1412263_Page_Town Square - CNC_Nhom3 Mattermost/span_Save' is clicked on

2021-05-27 21:17:17 - [MESSAGE][PASSED] - Object: 'Object Repository/1412263_Page_Town Square - CNC_Nhom3 Mattermost/span_Save' is clicked on

2021-05-27 21:17:17 - [TEST_STEP][PASSED] - click(findTestObject("1412263_Page_Town Square - CNC_Nhom3 Mattermost/span_EditNickname")): Object: 'Object Repository/1412263_Page_Town Square - CNC_Nhom3 Mattermost/span_EditNickname' is clicked on

2021-05-27 21:17:18 - [MESSAGE][PASSED] - Object: 'Object Repository/1412263_Page_Town Square - CNC_Nhom3 Mattermost/span_EditNickname' is clicked on

2021-05-27 21:17:18 - [TEST_STEP][PASSED] - setText(findTestObject("1412263_Page_Town Square - CNC_Nhom3 Mattermost/input_Nickname_nickname"), findTestData("1412263/Data TC3 UpdateFullName").getValue(2, i)): Text 'Thi B' is set on object 'Object Repository/1412263_Page_Town Square - CNC_Nhom3 Mattermost/input_Nickname_nickname'

2021-05-27 21:17:19 - [MESSAGE][PASSED] - Text 'Thi B' is set on object 'Object Repository/1412263_Page_Town Square - CNC_Nhom3 Mattermost/input_Nickname_nickname'

2021-05-27 21:17:19 - [TEST_STEP][PASSED] - click(findTestObject("1412263_Page_Town Square - CNC_Nhom3 Mattermost/span_Save")): Object: 'Object Repository/1412263_Page_Town Square - CNC_Nhom3 Mattermost/span_Save' is clicked on

2021-05-27 21:17:20 - [MESSAGE][PASSED] - Object: 'Object Repository/1412263_Page_Town Square - CNC_Nhom3 Mattermost/span_Save' is clicked on

2021-05-27 21:17:20 - [TEST_STEP][PASSED] - click(findTestObject("1412263_Page_Town Square - CNC_Nhom3 Mattermost/span_EditNickname")): Object: 'Object Repository/1412263_Page_Town Square - CNC_Nhom3 Mattermost/span_EditNickname' is clicked on

2021-05-27 21:17:21 - [MESSAGE][PASSED] - Object: 'Object Repository/1412263_Page_Town Square - CNC_Nhom3 Mattermost/span_EditNickname' is clicked on

2021-05-27 21:17:21 - [TEST_STEP][PASSED] - setText(findTestObject("1412263_Page_Town Square - CNC_Nhom3 Mattermost/input_Nickname_nickname"), findTestData("1412263/Data TC3 UpdateFullName").getValue(2, i)): Text '346$%%$&><>Z?' is set on object 'Object Repository/1412263_Page_Town Square - CNC_Nhom3 Mattermost/input_Nickname_nickname'

2021-05-27 21:17:22 - [MESSAGE][PASSED] - Text '346$%%$&><>Z?' is set on object 'Object Repository/1412263_Page_Town Square - CNC_Nhom3 Mattermost/input_Nickname_nickname'

2021-05-27 21:17:22 - [TEST_STEP][PASSED] - click(findTestObject("1412263_Page_Town Square - CNC_Nhom3 Mattermost/span_Save")): Object: 'Object Repository/1412263_Page_Town Square - CNC_Nhom3 Mattermost/span_Save' is clicked on

2021-05-27 21:17:22 - [MESSAGE][PASSED] - Object: 'Object Repository/1412263_Page_Town Square - CNC_Nhom3 Mattermost/span_Save' is clicked on

2021-05-27 21:17:22 - [TEST_STEP][PASSED] - click(findTestObject("1412263_Page_Town Square - CNC_Nhom3 Mattermost/span_EditNickname")): Object: 'Object Repository/1412263_Page_Town Square - CNC_Nhom3 Mattermost/span_EditNickname' is clicked on

2021-05-27 21:17:24 - [MESSAGE][PASSED] - Object: 'Object Repository/1412263_Page_Town Square - CNC_Nhom3 Mattermost/span_EditNickname' is clicked on

2021-05-27 21:17:24 - [TEST_STEP][PASSED] - setText(findTestObject("1412263_Page_Town Square - CNC_Nhom3 Mattermost/input_Nickname_nickname"), findTestData("1412263/Data TC3 UpdateFullName").getValue(2, i)): Text 'Nguyen' is set on object 'Object Repository/1412263_Page_Town Square - CNC_Nhom3 Mattermost/input_Nickname_nickname'

2021-05-27 21:17:25 - [MESSAGE][PASSED] - Text 'Nguyen' is set on object 'Object Repository/1412263_Page_Town Square - CNC_Nhom3 Mattermost/input_Nickname_nickname'

2021-05-27 21:17:25 - [TEST_STEP][PASSED] - click(findTestObject("1412263_Page_Town Square - CNC_Nhom3 Mattermost/span_Save")): Object: 'Object Repository/1412263_Page_Town Square - CNC_Nhom3 Mattermost/span_Save' is clicked on

2021-05-27 21:17:25 - [MESSAGE][PASSED] - Object: 'Object Repository/1412263_Page_Town Square - CNC_Nhom3 Mattermost/span_Save' is clicked on

2021-05-27 21:17:25 - [TEST_STEP][PASSED] - click(findTestObject("1412263_Page_Town Square - CNC_Nhom3 Mattermost/span_")): Object: 'Object Repository/1412263_Page_Town Square - CNC_Nhom3 Mattermost/span_' is clicked on

2021-05-27 21:17:26 - [MESSAGE][PASSED] - Object: 'Object Repository/1412263_Page_Town Square - CNC_Nhom3 Mattermost/span_' is clicked on

2021-05-27 21:17:26 - [TEST_STEP][PASSED] - closeBrowser(): Browser is closed

2021-05-27 21:17:27 - [MESSAGE][PASSED] - Browser is closed]]></system-out>
         <system-err><![CDATA[]]></system-err>
      </testcase>
      <testcase name="Test Cases/1412263/TC05_UpdateUsername" time="51.787" classname="Test Cases/1412263/TC05_UpdateUsername" status="FAILED">
         <failure type="FAILED" message="Test Cases/1412263/TC05_UpdateUsername FAILED.
Reason:
com.kms.katalon.core.exception.StepFailedException: Unable to click on object 'Object Repository/1412263_Page_Town Square - CNC_Nhom3 Mattermost/button_Save'
	at com.kms.katalon.core.webui.keyword.internal.WebUIKeywordMain.stepFailed(WebUIKeywordMain.groovy:64)
	at com.kms.katalon.core.webui.keyword.internal.WebUIKeywordMain.runKeyword(WebUIKeywordMain.groovy:26)
	at com.kms.katalon.core.webui.keyword.builtin.ClickKeyword.click(ClickKeyword.groovy:75)
	at com.kms.katalon.core.webui.keyword.builtin.ClickKeyword.execute(ClickKeyword.groovy:42)
	at com.kms.katalon.core.keyword.internal.KeywordExecutor.executeKeywordForPlatform(KeywordExecutor.groovy:73)
	at com.kms.katalon.core.webui.keyword.WebUiBuiltInKeywords.click(WebUiBuiltInKeywords.groovy:619)
	at com.kms.katalon.core.webui.keyword.WebUiBuiltInKeywords$click$3.call(Unknown Source)
	at TC05_UpdateUsername.run(TC05_UpdateUsername:38)
	at com.kms.katalon.core.main.ScriptEngine.run(ScriptEngine.java:194)
	at com.kms.katalon.core.main.ScriptEngine.runScriptAsRawText(ScriptEngine.java:119)
	at com.kms.katalon.core.main.TestCaseExecutor.runScript(TestCaseExecutor.java:398)
	at com.kms.katalon.core.main.TestCaseExecutor.doExecute(TestCaseExecutor.java:389)
	at com.kms.katalon.core.main.TestCaseExecutor.processExecutionPhase(TestCaseExecutor.java:368)
	at com.kms.katalon.core.main.TestCaseExecutor.accessMainPhase(TestCaseExecutor.java:360)
	at com.kms.katalon.core.main.TestCaseExecutor.execute(TestCaseExecutor.java:255)
	at com.kms.katalon.core.main.TestSuiteExecutor.accessTestCaseMainPhase(TestSuiteExecutor.java:203)
	at com.kms.katalon.core.main.TestSuiteExecutor.accessTestSuiteMainPhase(TestSuiteExecutor.java:152)
	at com.kms.katalon.core.main.TestSuiteExecutor.execute(TestSuiteExecutor.java:95)
	at com.kms.katalon.core.main.TestCaseMain.startTestSuite(TestCaseMain.java:157)
	at com.kms.katalon.core.main.TestCaseMain$startTestSuite$0.call(Unknown Source)
	at TempTestSuite1622124825440.run(TempTestSuite1622124825440.groovy:39)
Caused by: com.kms.katalon.core.webui.exception.WebElementNotFoundException: Web element with id: 'Object Repository/1412263_Page_Town Square - CNC_Nhom3 Mattermost/button_Save' located by '' not found
	at com.kms.katalon.core.webui.common.WebUiCommonHelper.findWebElement(WebUiCommonHelper.java:1368)
	at com.kms.katalon.core.webui.keyword.internal.WebUIAbstractKeyword.findWebElement(WebUIAbstractKeyword.groovy:27)
	at com.kms.katalon.core.webui.keyword.internal.WebUIAbstractKeyword.findWebElement(WebUIAbstractKeyword.groovy:26)
	at com.kms.katalon.core.webui.keyword.builtin.ClickKeyword$_click_closure1.doCall(ClickKeyword.groovy:66)
	at com.kms.katalon.core.webui.keyword.builtin.ClickKeyword$_click_closure1.call(ClickKeyword.groovy)
	at com.kms.katalon.core.webui.keyword.internal.WebUIKeywordMain.runKeyword(WebUIKeywordMain.groovy:20)
	... 19 more
"/>
         <system-out><![CDATA[2021-05-27 21:17:27 - [TEST_CASE][FAILED] - Test Cases/1412263/TC05_UpdateUsername: Test Cases/1412263/TC05_UpdateUsername FAILED.
Reason:
com.kms.katalon.core.exception.StepFailedException: Unable to click on object 'Object Repository/1412263_Page_Town Square - CNC_Nhom3 Mattermost/button_Save'
	at com.kms.katalon.core.webui.keyword.internal.WebUIKeywordMain.stepFailed(WebUIKeywordMain.groovy:64)
	at com.kms.katalon.core.webui.keyword.internal.WebUIKeywordMain.runKeyword(WebUIKeywordMain.groovy:26)
	at com.kms.katalon.core.webui.keyword.builtin.ClickKeyword.click(ClickKeyword.groovy:75)
	at com.kms.katalon.core.webui.keyword.builtin.ClickKeyword.execute(ClickKeyword.groovy:42)
	at com.kms.katalon.core.keyword.internal.KeywordExecutor.executeKeywordForPlatform(KeywordExecutor.groovy:73)
	at com.kms.katalon.core.webui.keyword.WebUiBuiltInKeywords.click(WebUiBuiltInKeywords.groovy:619)
	at com.kms.katalon.core.webui.keyword.WebUiBuiltInKeywords$click$3.call(Unknown Source)
	at TC05_UpdateUsername.run(TC05_UpdateUsername:38)
	at com.kms.katalon.core.main.ScriptEngine.run(ScriptEngine.java:194)
	at com.kms.katalon.core.main.ScriptEngine.runScriptAsRawText(ScriptEngine.java:119)
	at com.kms.katalon.core.main.TestCaseExecutor.runScript(TestCaseExecutor.java:398)
	at com.kms.katalon.core.main.TestCaseExecutor.doExecute(TestCaseExecutor.java:389)
	at com.kms.katalon.core.main.TestCaseExecutor.processExecutionPhase(TestCaseExecutor.java:368)
	at com.kms.katalon.core.main.TestCaseExecutor.accessMainPhase(TestCaseExecutor.java:360)
	at com.kms.katalon.core.main.TestCaseExecutor.execute(TestCaseExecutor.java:255)
	at com.kms.katalon.core.main.TestSuiteExecutor.accessTestCaseMainPhase(TestSuiteExecutor.java:203)
	at com.kms.katalon.core.main.TestSuiteExecutor.accessTestSuiteMainPhase(TestSuiteExecutor.java:152)
	at com.kms.katalon.core.main.TestSuiteExecutor.execute(TestSuiteExecutor.java:95)
	at com.kms.katalon.core.main.TestCaseMain.startTestSuite(TestCaseMain.java:157)
	at com.kms.katalon.core.main.TestCaseMain$startTestSuite$0.call(Unknown Source)
	at TempTestSuite1622124825440.run(TempTestSuite1622124825440.groovy:39)
Caused by: com.kms.katalon.core.webui.exception.WebElementNotFoundException: Web element with id: 'Object Repository/1412263_Page_Town Square - CNC_Nhom3 Mattermost/button_Save' located by '' not found
	at com.kms.katalon.core.webui.common.WebUiCommonHelper.findWebElement(WebUiCommonHelper.java:1368)
	at com.kms.katalon.core.webui.keyword.internal.WebUIAbstractKeyword.findWebElement(WebUIAbstractKeyword.groovy:27)
	at com.kms.katalon.core.webui.keyword.internal.WebUIAbstractKeyword.findWebElement(WebUIAbstractKeyword.groovy:26)
	at com.kms.katalon.core.webui.keyword.builtin.ClickKeyword$_click_closure1.doCall(ClickKeyword.groovy:66)
	at com.kms.katalon.core.webui.keyword.builtin.ClickKeyword$_click_closure1.call(ClickKeyword.groovy)
	at com.kms.katalon.core.webui.keyword.internal.WebUIKeywordMain.runKeyword(WebUIKeywordMain.groovy:20)
	... 19 more


2021-05-27 21:17:28 - [TEST_STEP][PASSED] - openBrowser(""): Browser is opened with url: ''

2021-05-27 21:17:28 - [MESSAGE][INFO] - Starting 'Chrome' driver

2021-05-27 21:17:28 - [MESSAGE][INFO] - Action delay is set to 0 milliseconds

2021-05-27 21:17:30 - [MESSAGE][PASSED] - Browser is opened with url: ''

2021-05-27 21:17:30 - [TEST_STEP][PASSED] - navigateToUrl("http://mattermostwebapp.herokuapp.com/"): Navigate to 'http://mattermostwebapp.herokuapp.com/' successfully

2021-05-27 21:17:33 - [MESSAGE][PASSED] - Navigate to 'http://mattermostwebapp.herokuapp.com/' successfully

2021-05-27 21:17:33 - [TEST_STEP][PASSED] - setText(findTestObject("1412263_Page_Mattermost/input_All team communication in one place, _dcc84b"), "huykhoi263"): Text 'huykhoi263' is set on object 'Object Repository/1412263_Page_Mattermost/input_All team communication in one place, _dcc84b'

2021-05-27 21:17:38 - [MESSAGE][PASSED] - Text 'huykhoi263' is set on object 'Object Repository/1412263_Page_Mattermost/input_All team communication in one place, _dcc84b'

2021-05-27 21:17:38 - [TEST_STEP][PASSED] - setEncryptedText(findTestObject("1412263_Page_Mattermost/input_All team communication in one place, _a3edc6"), "o1rBehR+FzY2ClyWuSUtzg=="): Text ****** has been set on object 'Object Repository/1412263_Page_Mattermost/input_All team communication in one place, _a3edc6'

2021-05-27 21:17:39 - [MESSAGE][PASSED] - Text ****** has been set on object 'Object Repository/1412263_Page_Mattermost/input_All team communication in one place, _a3edc6'

2021-05-27 21:17:39 - [TEST_STEP][PASSED] - click(findTestObject("1412263_Page_Mattermost/span_Sign in")): Object: 'Object Repository/1412263_Page_Mattermost/span_Sign in' is clicked on

2021-05-27 21:17:40 - [MESSAGE][PASSED] - Object: 'Object Repository/1412263_Page_Mattermost/span_Sign in' is clicked on

2021-05-27 21:17:40 - [TEST_STEP][PASSED] - click(findTestObject("1412263_Page_Town Square - CNC_Nhom3 Mattermost/span")): Object: 'Object Repository/1412263_Page_Town Square - CNC_Nhom3 Mattermost/span' is clicked on

2021-05-27 21:17:44 - [MESSAGE][PASSED] - Object: 'Object Repository/1412263_Page_Town Square - CNC_Nhom3 Mattermost/span' is clicked on

2021-05-27 21:17:44 - [TEST_STEP][PASSED] - click(findTestObject("1412263_Page_Town Square - CNC_Nhom3 Mattermost/button_Account Settings")): Object: 'Object Repository/1412263_Page_Town Square - CNC_Nhom3 Mattermost/button_Account Settings' is clicked on

2021-05-27 21:17:45 - [MESSAGE][PASSED] - Object: 'Object Repository/1412263_Page_Town Square - CNC_Nhom3 Mattermost/button_Account Settings' is clicked on

2021-05-27 21:17:45 - [TEST_STEP][PASSED] - click(findTestObject("1412263_Page_Town Square - CNC_Nhom3 Mattermost/span_EditUsername")): Object: 'Object Repository/1412263_Page_Town Square - CNC_Nhom3 Mattermost/span_EditUsername' is clicked on

2021-05-27 21:17:46 - [MESSAGE][PASSED] - Object: 'Object Repository/1412263_Page_Town Square - CNC_Nhom3 Mattermost/span_EditUsername' is clicked on

2021-05-27 21:17:46 - [TEST_STEP][PASSED] - setText(findTestObject("1412263_Page_Town Square - CNC_Nhom3 Mattermost/input_Username_username"), "huykhoi263"): Text 'huykhoi263' is set on object 'Object Repository/1412263_Page_Town Square - CNC_Nhom3 Mattermost/input_Username_username'

2021-05-27 21:17:47 - [MESSAGE][PASSED] - Text 'huykhoi263' is set on object 'Object Repository/1412263_Page_Town Square - CNC_Nhom3 Mattermost/input_Username_username'

2021-05-27 21:17:47 - [TEST_STEP][FAILED] - click(findTestObject("1412263_Page_Town Square - CNC_Nhom3 Mattermost/button_Save")): Unable to click on object 'Object Repository/1412263_Page_Town Square - CNC_Nhom3 Mattermost/button_Save' (Root cause: com.kms.katalon.core.exception.StepFailedException: Unable to click on object 'Object Repository/1412263_Page_Town Square - CNC_Nhom3 Mattermost/button_Save'
	at com.kms.katalon.core.webui.keyword.internal.WebUIKeywordMain.stepFailed(WebUIKeywordMain.groovy:64)
	at com.kms.katalon.core.webui.keyword.internal.WebUIKeywordMain.runKeyword(WebUIKeywordMain.groovy:26)
	at com.kms.katalon.core.webui.keyword.builtin.ClickKeyword.click(ClickKeyword.groovy:75)
	at com.kms.katalon.core.webui.keyword.builtin.ClickKeyword.execute(ClickKeyword.groovy:42)
	at com.kms.katalon.core.keyword.internal.KeywordExecutor.executeKeywordForPlatform(KeywordExecutor.groovy:73)
	at com.kms.katalon.core.webui.keyword.WebUiBuiltInKeywords.click(WebUiBuiltInKeywords.groovy:619)
	at com.kms.katalon.core.webui.keyword.WebUiBuiltInKeywords$click$3.call(Unknown Source)
	at TC05_UpdateUsername.run(TC05_UpdateUsername:38)
	at com.kms.katalon.core.main.ScriptEngine.run(ScriptEngine.java:194)
	at com.kms.katalon.core.main.ScriptEngine.runScriptAsRawText(ScriptEngine.java:119)
	at com.kms.katalon.core.main.TestCaseExecutor.runScript(TestCaseExecutor.java:398)
	at com.kms.katalon.core.main.TestCaseExecutor.doExecute(TestCaseExecutor.java:389)
	at com.kms.katalon.core.main.TestCaseExecutor.processExecutionPhase(TestCaseExecutor.java:368)
	at com.kms.katalon.core.main.TestCaseExecutor.accessMainPhase(TestCaseExecutor.java:360)
	at com.kms.katalon.core.main.TestCaseExecutor.execute(TestCaseExecutor.java:255)
	at com.kms.katalon.core.main.TestSuiteExecutor.accessTestCaseMainPhase(TestSuiteExecutor.java:203)
	at com.kms.katalon.core.main.TestSuiteExecutor.accessTestSuiteMainPhase(TestSuiteExecutor.java:152)
	at com.kms.katalon.core.main.TestSuiteExecutor.execute(TestSuiteExecutor.java:95)
	at com.kms.katalon.core.main.TestCaseMain.startTestSuite(TestCaseMain.java:157)
	at com.kms.katalon.core.main.TestCaseMain$startTestSuite$0.call(Unknown Source)
	at TempTestSuite1622124825440.run(TempTestSuite1622124825440.groovy:39)
Caused by: com.kms.katalon.core.webui.exception.WebElementNotFoundException: Web element with id: 'Object Repository/1412263_Page_Town Square - CNC_Nhom3 Mattermost/button_Save' located by '' not found
	at com.kms.katalon.core.webui.common.WebUiCommonHelper.findWebElement(WebUiCommonHelper.java:1368)
	at com.kms.katalon.core.webui.keyword.internal.WebUIAbstractKeyword.findWebElement(WebUIAbstractKeyword.groovy:27)
	at com.kms.katalon.core.webui.keyword.internal.WebUIAbstractKeyword.findWebElement(WebUIAbstractKeyword.groovy:26)
	at com.kms.katalon.core.webui.keyword.builtin.ClickKeyword$_click_closure1.doCall(ClickKeyword.groovy:66)
	at com.kms.katalon.core.webui.keyword.builtin.ClickKeyword$_click_closure1.call(ClickKeyword.groovy)
	at com.kms.katalon.core.webui.keyword.internal.WebUIKeywordMain.runKeyword(WebUIKeywordMain.groovy:20)
	at com.kms.katalon.core.webui.keyword.builtin.ClickKeyword.click(ClickKeyword.groovy:75)
	at com.kms.katalon.core.webui.keyword.builtin.ClickKeyword.execute(ClickKeyword.groovy:42)
	at com.kms.katalon.core.keyword.internal.KeywordExecutor.executeKeywordForPlatform(KeywordExecutor.groovy:73)
	at com.kms.katalon.core.webui.keyword.WebUiBuiltInKeywords.click(WebUiBuiltInKeywords.groovy:619)
	at com.kms.katalon.core.webui.keyword.WebUiBuiltInKeywords$click$3.call(Unknown Source)
	at Script1621479167860.run(Script1621479167860.groovy:38)
	... 13 more
)

2021-05-27 21:18:19 - [MESSAGE][INFO] - Unable to find the element located by 'By.cssSelector: '. Please recheck the objects properties to make sure the desired element is located. 

2021-05-27 21:18:19 - [MESSAGE][FAILED] - Unable to click on object 'Object Repository/1412263_Page_Town Square - CNC_Nhom3 Mattermost/button_Save' (Root cause: com.kms.katalon.core.exception.StepFailedException: Unable to click on object 'Object Repository/1412263_Page_Town Square - CNC_Nhom3 Mattermost/button_Save'
	at com.kms.katalon.core.webui.keyword.internal.WebUIKeywordMain.stepFailed(WebUIKeywordMain.groovy:64)
	at com.kms.katalon.core.webui.keyword.internal.WebUIKeywordMain.runKeyword(WebUIKeywordMain.groovy:26)
	at com.kms.katalon.core.webui.keyword.builtin.ClickKeyword.click(ClickKeyword.groovy:75)
	at com.kms.katalon.core.webui.keyword.builtin.ClickKeyword.execute(ClickKeyword.groovy:42)
	at com.kms.katalon.core.keyword.internal.KeywordExecutor.executeKeywordForPlatform(KeywordExecutor.groovy:73)
	at com.kms.katalon.core.webui.keyword.WebUiBuiltInKeywords.click(WebUiBuiltInKeywords.groovy:619)
	at com.kms.katalon.core.webui.keyword.WebUiBuiltInKeywords$click$3.call(Unknown Source)
	at TC05_UpdateUsername.run(TC05_UpdateUsername:38)
	at com.kms.katalon.core.main.ScriptEngine.run(ScriptEngine.java:194)
	at com.kms.katalon.core.main.ScriptEngine.runScriptAsRawText(ScriptEngine.java:119)
	at com.kms.katalon.core.main.TestCaseExecutor.runScript(TestCaseExecutor.java:398)
	at com.kms.katalon.core.main.TestCaseExecutor.doExecute(TestCaseExecutor.java:389)
	at com.kms.katalon.core.main.TestCaseExecutor.processExecutionPhase(TestCaseExecutor.java:368)
	at com.kms.katalon.core.main.TestCaseExecutor.accessMainPhase(TestCaseExecutor.java:360)
	at com.kms.katalon.core.main.TestCaseExecutor.execute(TestCaseExecutor.java:255)
	at com.kms.katalon.core.main.TestSuiteExecutor.accessTestCaseMainPhase(TestSuiteExecutor.java:203)
	at com.kms.katalon.core.main.TestSuiteExecutor.accessTestSuiteMainPhase(TestSuiteExecutor.java:152)
	at com.kms.katalon.core.main.TestSuiteExecutor.execute(TestSuiteExecutor.java:95)
	at com.kms.katalon.core.main.TestCaseMain.startTestSuite(TestCaseMain.java:157)
	at com.kms.katalon.core.main.TestCaseMain$startTestSuite$0.call(Unknown Source)
	at TempTestSuite1622124825440.run(TempTestSuite1622124825440.groovy:39)
Caused by: com.kms.katalon.core.webui.exception.WebElementNotFoundException: Web element with id: 'Object Repository/1412263_Page_Town Square - CNC_Nhom3 Mattermost/button_Save' located by '' not found
	at com.kms.katalon.core.webui.common.WebUiCommonHelper.findWebElement(WebUiCommonHelper.java:1368)
	at com.kms.katalon.core.webui.keyword.internal.WebUIAbstractKeyword.findWebElement(WebUIAbstractKeyword.groovy:27)
	at com.kms.katalon.core.webui.keyword.internal.WebUIAbstractKeyword.findWebElement(WebUIAbstractKeyword.groovy:26)
	at com.kms.katalon.core.webui.keyword.builtin.ClickKeyword$_click_closure1.doCall(ClickKeyword.groovy:66)
	at com.kms.katalon.core.webui.keyword.builtin.ClickKeyword$_click_closure1.call(ClickKeyword.groovy)
	at com.kms.katalon.core.webui.keyword.internal.WebUIKeywordMain.runKeyword(WebUIKeywordMain.groovy:20)
	at com.kms.katalon.core.webui.keyword.builtin.ClickKeyword.click(ClickKeyword.groovy:75)
	at com.kms.katalon.core.webui.keyword.builtin.ClickKeyword.execute(ClickKeyword.groovy:42)
	at com.kms.katalon.core.keyword.internal.KeywordExecutor.executeKeywordForPlatform(KeywordExecutor.groovy:73)
	at com.kms.katalon.core.webui.keyword.WebUiBuiltInKeywords.click(WebUiBuiltInKeywords.groovy:619)
	at com.kms.katalon.core.webui.keyword.WebUiBuiltInKeywords$click$3.call(Unknown Source)
	at Script1621479167860.run(Script1621479167860.groovy:38)
	... 13 more
)
[[ATTACHMENT|E:\\Tai lieu hoc\\Nam 7\\HK2\\New Topics\\Homework 2\\New folder\\Mattermost_Autotesting_2\\Mattermost_AutoTesting\\Reports\\20210527_211345\\1412263\\Run_All_Test_Cases\\20210527_211345\\1622125099046.png]]]]></system-out>
         <system-err><![CDATA[2021-05-27 21:17:27 - [TEST_CASE][FAILED] - Test Cases/1412263/TC05_UpdateUsername: Test Cases/1412263/TC05_UpdateUsername FAILED.
Reason:
com.kms.katalon.core.exception.StepFailedException: Unable to click on object 'Object Repository/1412263_Page_Town Square - CNC_Nhom3 Mattermost/button_Save'
	at com.kms.katalon.core.webui.keyword.internal.WebUIKeywordMain.stepFailed(WebUIKeywordMain.groovy:64)
	at com.kms.katalon.core.webui.keyword.internal.WebUIKeywordMain.runKeyword(WebUIKeywordMain.groovy:26)
	at com.kms.katalon.core.webui.keyword.builtin.ClickKeyword.click(ClickKeyword.groovy:75)
	at com.kms.katalon.core.webui.keyword.builtin.ClickKeyword.execute(ClickKeyword.groovy:42)
	at com.kms.katalon.core.keyword.internal.KeywordExecutor.executeKeywordForPlatform(KeywordExecutor.groovy:73)
	at com.kms.katalon.core.webui.keyword.WebUiBuiltInKeywords.click(WebUiBuiltInKeywords.groovy:619)
	at com.kms.katalon.core.webui.keyword.WebUiBuiltInKeywords$click$3.call(Unknown Source)
	at TC05_UpdateUsername.run(TC05_UpdateUsername:38)
	at com.kms.katalon.core.main.ScriptEngine.run(ScriptEngine.java:194)
	at com.kms.katalon.core.main.ScriptEngine.runScriptAsRawText(ScriptEngine.java:119)
	at com.kms.katalon.core.main.TestCaseExecutor.runScript(TestCaseExecutor.java:398)
	at com.kms.katalon.core.main.TestCaseExecutor.doExecute(TestCaseExecutor.java:389)
	at com.kms.katalon.core.main.TestCaseExecutor.processExecutionPhase(TestCaseExecutor.java:368)
	at com.kms.katalon.core.main.TestCaseExecutor.accessMainPhase(TestCaseExecutor.java:360)
	at com.kms.katalon.core.main.TestCaseExecutor.execute(TestCaseExecutor.java:255)
	at com.kms.katalon.core.main.TestSuiteExecutor.accessTestCaseMainPhase(TestSuiteExecutor.java:203)
	at com.kms.katalon.core.main.TestSuiteExecutor.accessTestSuiteMainPhase(TestSuiteExecutor.java:152)
	at com.kms.katalon.core.main.TestSuiteExecutor.execute(TestSuiteExecutor.java:95)
	at com.kms.katalon.core.main.TestCaseMain.startTestSuite(TestCaseMain.java:157)
	at com.kms.katalon.core.main.TestCaseMain$startTestSuite$0.call(Unknown Source)
	at TempTestSuite1622124825440.run(TempTestSuite1622124825440.groovy:39)
Caused by: com.kms.katalon.core.webui.exception.WebElementNotFoundException: Web element with id: 'Object Repository/1412263_Page_Town Square - CNC_Nhom3 Mattermost/button_Save' located by '' not found
	at com.kms.katalon.core.webui.common.WebUiCommonHelper.findWebElement(WebUiCommonHelper.java:1368)
	at com.kms.katalon.core.webui.keyword.internal.WebUIAbstractKeyword.findWebElement(WebUIAbstractKeyword.groovy:27)
	at com.kms.katalon.core.webui.keyword.internal.WebUIAbstractKeyword.findWebElement(WebUIAbstractKeyword.groovy:26)
	at com.kms.katalon.core.webui.keyword.builtin.ClickKeyword$_click_closure1.doCall(ClickKeyword.groovy:66)
	at com.kms.katalon.core.webui.keyword.builtin.ClickKeyword$_click_closure1.call(ClickKeyword.groovy)
	at com.kms.katalon.core.webui.keyword.internal.WebUIKeywordMain.runKeyword(WebUIKeywordMain.groovy:20)
	... 19 more]]></system-err>
      </testcase>
      <testcase name="Test Cases/1412263/TC06_UpdatePosition" time="23.976" classname="Test Cases/1412263/TC06_UpdatePosition" status="PASSED">
         <system-out><![CDATA[2021-05-27 21:18:19 - [TEST_CASE][PASSED] - Test Cases/1412263/TC06_UpdatePosition: Test Cases/1412263/TC06_UpdatePosition

2021-05-27 21:18:20 - [TEST_STEP][PASSED] - openBrowser(""): Browser is opened with url: ''

2021-05-27 21:18:20 - [MESSAGE][WARNING] - A browser is already opened. Closing browser and opening a new one

2021-05-27 21:18:21 - [MESSAGE][INFO] - Starting 'Chrome' driver

2021-05-27 21:18:21 - [MESSAGE][INFO] - Action delay is set to 0 milliseconds

2021-05-27 21:18:23 - [MESSAGE][PASSED] - Browser is opened with url: ''

2021-05-27 21:18:23 - [TEST_STEP][PASSED] - navigateToUrl("http://mattermostwebapp.herokuapp.com/"): Navigate to 'http://mattermostwebapp.herokuapp.com/' successfully

2021-05-27 21:18:27 - [MESSAGE][PASSED] - Navigate to 'http://mattermostwebapp.herokuapp.com/' successfully

2021-05-27 21:18:27 - [TEST_STEP][PASSED] - setText(findTestObject("1412263_Page_Mattermost/input_All team communication in one place, _dcc84b"), "huykhoi263"): Text 'huykhoi263' is set on object 'Object Repository/1412263_Page_Mattermost/input_All team communication in one place, _dcc84b'

2021-05-27 21:18:33 - [MESSAGE][PASSED] - Text 'huykhoi263' is set on object 'Object Repository/1412263_Page_Mattermost/input_All team communication in one place, _dcc84b'

2021-05-27 21:18:33 - [TEST_STEP][PASSED] - setEncryptedText(findTestObject("1412263_Page_Mattermost/input_All team communication in one place, _a3edc6"), "o1rBehR+FzY2ClyWuSUtzg=="): Text ****** has been set on object 'Object Repository/1412263_Page_Mattermost/input_All team communication in one place, _a3edc6'

2021-05-27 21:18:34 - [MESSAGE][PASSED] - Text ****** has been set on object 'Object Repository/1412263_Page_Mattermost/input_All team communication in one place, _a3edc6'

2021-05-27 21:18:34 - [TEST_STEP][PASSED] - sendKeys(findTestObject("1412263_Page_Mattermost/input_All team communication in one place, _a3edc6"), Keys.chord(ENTER)): Keys 'ENTER + ' sent to object: 'Object Repository/1412263_Page_Mattermost/input_All team communication in one place, _a3edc6'

2021-05-27 21:18:34 - [MESSAGE][PASSED] - Keys 'ENTER + ' sent to object: 'Object Repository/1412263_Page_Mattermost/input_All team communication in one place, _a3edc6'

2021-05-27 21:18:34 - [TEST_STEP][PASSED] - click(findTestObject("1412263_Page_Town Square - CNC_Nhom3 Mattermost/button_huykhoi263_style--none sidebar-heade_fefe58")): Object: 'Object Repository/1412263_Page_Town Square - CNC_Nhom3 Mattermost/button_huykhoi263_style--none sidebar-heade_fefe58' is clicked on

2021-05-27 21:18:38 - [MESSAGE][PASSED] - Object: 'Object Repository/1412263_Page_Town Square - CNC_Nhom3 Mattermost/button_huykhoi263_style--none sidebar-heade_fefe58' is clicked on

2021-05-27 21:18:38 - [TEST_STEP][PASSED] - click(findTestObject("1412263_Page_Town Square - CNC_Nhom3 Mattermost/button_Account Settings")): Object: 'Object Repository/1412263_Page_Town Square - CNC_Nhom3 Mattermost/button_Account Settings' is clicked on

2021-05-27 21:18:39 - [MESSAGE][PASSED] - Object: 'Object Repository/1412263_Page_Town Square - CNC_Nhom3 Mattermost/button_Account Settings' is clicked on

2021-05-27 21:18:39 - [TEST_STEP][PASSED] - click(findTestObject("1412263_Page_Town Square - CNC_Nhom3 Mattermost/span_EditPosition")): Object: 'Object Repository/1412263_Page_Town Square - CNC_Nhom3 Mattermost/span_EditPosition' is clicked on

2021-05-27 21:18:40 - [MESSAGE][PASSED] - Object: 'Object Repository/1412263_Page_Town Square - CNC_Nhom3 Mattermost/span_EditPosition' is clicked on

2021-05-27 21:18:40 - [TEST_STEP][PASSED] - setText(findTestObject("1412263_Page_Town Square - CNC_Nhom3 Mattermost/input_Position_position"), "student"): Text 'student' is set on object 'Object Repository/1412263_Page_Town Square - CNC_Nhom3 Mattermost/input_Position_position'

2021-05-27 21:18:41 - [MESSAGE][PASSED] - Text 'student' is set on object 'Object Repository/1412263_Page_Town Square - CNC_Nhom3 Mattermost/input_Position_position'

2021-05-27 21:18:41 - [TEST_STEP][PASSED] - click(findTestObject("1412263_Page_Town Square - CNC_Nhom3 Mattermost/span_Save")): Object: 'Object Repository/1412263_Page_Town Square - CNC_Nhom3 Mattermost/span_Save' is clicked on

2021-05-27 21:18:42 - [MESSAGE][PASSED] - Object: 'Object Repository/1412263_Page_Town Square - CNC_Nhom3 Mattermost/span_Save' is clicked on

2021-05-27 21:18:42 - [TEST_STEP][PASSED] - click(findTestObject("1412263_Page_Town Square - CNC_Nhom3 Mattermost/span_")): Object: 'Object Repository/1412263_Page_Town Square - CNC_Nhom3 Mattermost/span_' is clicked on

2021-05-27 21:18:42 - [MESSAGE][PASSED] - Object: 'Object Repository/1412263_Page_Town Square - CNC_Nhom3 Mattermost/span_' is clicked on

2021-05-27 21:18:42 - [TEST_STEP][PASSED] - closeBrowser(): Browser is closed

2021-05-27 21:18:43 - [MESSAGE][PASSED] - Browser is closed]]></system-out>
         <system-err><![CDATA[]]></system-err>
      </testcase>
      <testcase name="Test Cases/1412263/TC07_UpdateEmail" time="24.434" classname="Test Cases/1412263/TC07_UpdateEmail" status="PASSED">
         <system-out><![CDATA[2021-05-27 21:18:43 - [TEST_CASE][PASSED] - Test Cases/1412263/TC07_UpdateEmail: Test Cases/1412263/TC07_UpdateEmail

2021-05-27 21:18:44 - [TEST_STEP][PASSED] - openBrowser(""): Browser is opened with url: ''

2021-05-27 21:18:44 - [MESSAGE][INFO] - Starting 'Chrome' driver

2021-05-27 21:18:44 - [MESSAGE][INFO] - Action delay is set to 0 milliseconds

2021-05-27 21:18:46 - [MESSAGE][PASSED] - Browser is opened with url: ''

2021-05-27 21:18:46 - [TEST_STEP][PASSED] - navigateToUrl("http://mattermostwebapp.herokuapp.com/"): Navigate to 'http://mattermostwebapp.herokuapp.com/' successfully

2021-05-27 21:18:50 - [MESSAGE][PASSED] - Navigate to 'http://mattermostwebapp.herokuapp.com/' successfully

2021-05-27 21:18:50 - [TEST_STEP][PASSED] - setText(findTestObject("1412263_Page_Mattermost/input_All team communication in one place, _dcc84b"), "huykhoi263"): Text 'huykhoi263' is set on object 'Object Repository/1412263_Page_Mattermost/input_All team communication in one place, _dcc84b'

2021-05-27 21:18:54 - [MESSAGE][PASSED] - Text 'huykhoi263' is set on object 'Object Repository/1412263_Page_Mattermost/input_All team communication in one place, _dcc84b'

2021-05-27 21:18:54 - [TEST_STEP][PASSED] - setEncryptedText(findTestObject("1412263_Page_Mattermost/input_All team communication in one place, _a3edc6"), "o1rBehR+FzY2ClyWuSUtzg=="): Text ****** has been set on object 'Object Repository/1412263_Page_Mattermost/input_All team communication in one place, _a3edc6'

2021-05-27 21:18:55 - [MESSAGE][PASSED] - Text ****** has been set on object 'Object Repository/1412263_Page_Mattermost/input_All team communication in one place, _a3edc6'

2021-05-27 21:18:55 - [TEST_STEP][PASSED] - click(findTestObject("1412263_Page_Mattermost/span_Sign in")): Object: 'Object Repository/1412263_Page_Mattermost/span_Sign in' is clicked on

2021-05-27 21:18:56 - [MESSAGE][PASSED] - Object: 'Object Repository/1412263_Page_Mattermost/span_Sign in' is clicked on

2021-05-27 21:18:56 - [TEST_STEP][PASSED] - click(findTestObject("1412263_Page_Town Square - CNC_Nhom3 Mattermost/path")): Object: 'Object Repository/1412263_Page_Town Square - CNC_Nhom3 Mattermost/path' is clicked on

2021-05-27 21:19:00 - [MESSAGE][PASSED] - Object: 'Object Repository/1412263_Page_Town Square - CNC_Nhom3 Mattermost/path' is clicked on

2021-05-27 21:19:00 - [TEST_STEP][PASSED] - click(findTestObject("1412263_Page_Town Square - CNC_Nhom3 Mattermost/button_Account Settings")): Object: 'Object Repository/1412263_Page_Town Square - CNC_Nhom3 Mattermost/button_Account Settings' is clicked on

2021-05-27 21:19:01 - [MESSAGE][PASSED] - Object: 'Object Repository/1412263_Page_Town Square - CNC_Nhom3 Mattermost/button_Account Settings' is clicked on

2021-05-27 21:19:01 - [TEST_STEP][PASSED] - click(findTestObject("1412263_Page_Town Square - CNC_Nhom3 Mattermost/span_EditEmail")): Object: 'Object Repository/1412263_Page_Town Square - CNC_Nhom3 Mattermost/span_EditEmail' is clicked on

2021-05-27 21:19:02 - [MESSAGE][PASSED] - Object: 'Object Repository/1412263_Page_Town Square - CNC_Nhom3 Mattermost/span_EditEmail' is clicked on

2021-05-27 21:19:02 - [TEST_STEP][PASSED] - setText(findTestObject("1412263_Page_Town Square - CNC_Nhom3 Mattermost/input_New Email_primaryEmail"), "huykhoiabca@gmail.com"): Text 'huykhoiabca@gmail.com' is set on object 'Object Repository/1412263_Page_Town Square - CNC_Nhom3 Mattermost/input_New Email_primaryEmail'

2021-05-27 21:19:03 - [MESSAGE][PASSED] - Text 'huykhoiabca@gmail.com' is set on object 'Object Repository/1412263_Page_Town Square - CNC_Nhom3 Mattermost/input_New Email_primaryEmail'

2021-05-27 21:19:03 - [TEST_STEP][PASSED] - setText(findTestObject("1412263_Page_Town Square - CNC_Nhom3 Mattermost/input_Confirm Email_confirmEmail"), "huykhoiabca@gmail.com"): Text 'huykhoiabca@gmail.com' is set on object 'Object Repository/1412263_Page_Town Square - CNC_Nhom3 Mattermost/input_Confirm Email_confirmEmail'

2021-05-27 21:19:04 - [MESSAGE][PASSED] - Text 'huykhoiabca@gmail.com' is set on object 'Object Repository/1412263_Page_Town Square - CNC_Nhom3 Mattermost/input_Confirm Email_confirmEmail'

2021-05-27 21:19:04 - [TEST_STEP][PASSED] - setEncryptedText(findTestObject("1412263_Page_Town Square - CNC_Nhom3 Mattermost/input_Current Password_currentPassword"), "o1rBehR+FzY2ClyWuSUtzg=="): Text ****** has been set on object 'Object Repository/1412263_Page_Town Square - CNC_Nhom3 Mattermost/input_Current Password_currentPassword'

2021-05-27 21:19:05 - [MESSAGE][PASSED] - Text ****** has been set on object 'Object Repository/1412263_Page_Town Square - CNC_Nhom3 Mattermost/input_Current Password_currentPassword'

2021-05-27 21:19:05 - [TEST_STEP][PASSED] - click(findTestObject("1412263_Page_Town Square - CNC_Nhom3 Mattermost/span_Save")): Object: 'Object Repository/1412263_Page_Town Square - CNC_Nhom3 Mattermost/span_Save' is clicked on

2021-05-27 21:19:06 - [MESSAGE][PASSED] - Object: 'Object Repository/1412263_Page_Town Square - CNC_Nhom3 Mattermost/span_Save' is clicked on

2021-05-27 21:19:06 - [TEST_STEP][PASSED] - click(findTestObject("1412263_Page_Town Square - CNC_Nhom3 Mattermost/button_Close")): Object: 'Object Repository/1412263_Page_Town Square - CNC_Nhom3 Mattermost/button_Close' is clicked on

2021-05-27 21:19:07 - [MESSAGE][PASSED] - Object: 'Object Repository/1412263_Page_Town Square - CNC_Nhom3 Mattermost/button_Close' is clicked on

2021-05-27 21:19:07 - [TEST_STEP][PASSED] - closeBrowser(): Browser is closed

2021-05-27 21:19:07 - [MESSAGE][PASSED] - Browser is closed]]></system-out>
         <system-err><![CDATA[]]></system-err>
      </testcase>
      <testcase name="Test Cases/1412263/TC08_ResetPassword" time="52.344" classname="Test Cases/1412263/TC08_ResetPassword" status="FAILED">
         <failure type="FAILED" message="Test Cases/1412263/TC08_ResetPassword FAILED.
Reason:
com.kms.katalon.core.exception.StepFailedException: Unable to click on object 'Object Repository/1412263_Page_Mattermost/span_Sign in (1)'
	at com.kms.katalon.core.webui.keyword.internal.WebUIKeywordMain.stepFailed(WebUIKeywordMain.groovy:64)
	at com.kms.katalon.core.webui.keyword.internal.WebUIKeywordMain.runKeyword(WebUIKeywordMain.groovy:26)
	at com.kms.katalon.core.webui.keyword.builtin.ClickKeyword.click(ClickKeyword.groovy:75)
	at com.kms.katalon.core.webui.keyword.builtin.ClickKeyword.execute(ClickKeyword.groovy:42)
	at com.kms.katalon.core.keyword.internal.KeywordExecutor.executeKeywordForPlatform(KeywordExecutor.groovy:73)
	at com.kms.katalon.core.webui.keyword.WebUiBuiltInKeywords.click(WebUiBuiltInKeywords.groovy:619)
	at com.kms.katalon.core.webui.keyword.WebUiBuiltInKeywords$click$3.call(Unknown Source)
	at TC08_ResetPassword.run(TC08_ResetPassword:30)
	at com.kms.katalon.core.main.ScriptEngine.run(ScriptEngine.java:194)
	at com.kms.katalon.core.main.ScriptEngine.runScriptAsRawText(ScriptEngine.java:119)
	at com.kms.katalon.core.main.TestCaseExecutor.runScript(TestCaseExecutor.java:398)
	at com.kms.katalon.core.main.TestCaseExecutor.doExecute(TestCaseExecutor.java:389)
	at com.kms.katalon.core.main.TestCaseExecutor.processExecutionPhase(TestCaseExecutor.java:368)
	at com.kms.katalon.core.main.TestCaseExecutor.accessMainPhase(TestCaseExecutor.java:360)
	at com.kms.katalon.core.main.TestCaseExecutor.execute(TestCaseExecutor.java:255)
	at com.kms.katalon.core.main.TestSuiteExecutor.accessTestCaseMainPhase(TestSuiteExecutor.java:203)
	at com.kms.katalon.core.main.TestSuiteExecutor.accessTestSuiteMainPhase(TestSuiteExecutor.java:152)
	at com.kms.katalon.core.main.TestSuiteExecutor.execute(TestSuiteExecutor.java:95)
	at com.kms.katalon.core.main.TestCaseMain.startTestSuite(TestCaseMain.java:157)
	at com.kms.katalon.core.main.TestCaseMain$startTestSuite$0.call(Unknown Source)
	at TempTestSuite1622124825440.run(TempTestSuite1622124825440.groovy:39)
Caused by: com.kms.katalon.core.webui.exception.WebElementNotFoundException: Web element with id: 'Object Repository/1412263_Page_Mattermost/span_Sign in (1)' located by '//button[@id='login']/span' not found
	at com.kms.katalon.core.webui.common.WebUiCommonHelper.findWebElement(WebUiCommonHelper.java:1368)
	at com.kms.katalon.core.webui.keyword.internal.WebUIAbstractKeyword.findWebElement(WebUIAbstractKeyword.groovy:27)
	at com.kms.katalon.core.webui.keyword.internal.WebUIAbstractKeyword.findWebElement(WebUIAbstractKeyword.groovy:26)
	at com.kms.katalon.core.webui.keyword.builtin.ClickKeyword$_click_closure1.doCall(ClickKeyword.groovy:66)
	at com.kms.katalon.core.webui.keyword.builtin.ClickKeyword$_click_closure1.call(ClickKeyword.groovy)
	at com.kms.katalon.core.webui.keyword.internal.WebUIKeywordMain.runKeyword(WebUIKeywordMain.groovy:20)
	... 19 more
"/>
         <system-out><![CDATA[2021-05-27 21:19:07 - [TEST_CASE][FAILED] - Test Cases/1412263/TC08_ResetPassword: Test Cases/1412263/TC08_ResetPassword FAILED.
Reason:
com.kms.katalon.core.exception.StepFailedException: Unable to click on object 'Object Repository/1412263_Page_Mattermost/span_Sign in (1)'
	at com.kms.katalon.core.webui.keyword.internal.WebUIKeywordMain.stepFailed(WebUIKeywordMain.groovy:64)
	at com.kms.katalon.core.webui.keyword.internal.WebUIKeywordMain.runKeyword(WebUIKeywordMain.groovy:26)
	at com.kms.katalon.core.webui.keyword.builtin.ClickKeyword.click(ClickKeyword.groovy:75)
	at com.kms.katalon.core.webui.keyword.builtin.ClickKeyword.execute(ClickKeyword.groovy:42)
	at com.kms.katalon.core.keyword.internal.KeywordExecutor.executeKeywordForPlatform(KeywordExecutor.groovy:73)
	at com.kms.katalon.core.webui.keyword.WebUiBuiltInKeywords.click(WebUiBuiltInKeywords.groovy:619)
	at com.kms.katalon.core.webui.keyword.WebUiBuiltInKeywords$click$3.call(Unknown Source)
	at TC08_ResetPassword.run(TC08_ResetPassword:30)
	at com.kms.katalon.core.main.ScriptEngine.run(ScriptEngine.java:194)
	at com.kms.katalon.core.main.ScriptEngine.runScriptAsRawText(ScriptEngine.java:119)
	at com.kms.katalon.core.main.TestCaseExecutor.runScript(TestCaseExecutor.java:398)
	at com.kms.katalon.core.main.TestCaseExecutor.doExecute(TestCaseExecutor.java:389)
	at com.kms.katalon.core.main.TestCaseExecutor.processExecutionPhase(TestCaseExecutor.java:368)
	at com.kms.katalon.core.main.TestCaseExecutor.accessMainPhase(TestCaseExecutor.java:360)
	at com.kms.katalon.core.main.TestCaseExecutor.execute(TestCaseExecutor.java:255)
	at com.kms.katalon.core.main.TestSuiteExecutor.accessTestCaseMainPhase(TestSuiteExecutor.java:203)
	at com.kms.katalon.core.main.TestSuiteExecutor.accessTestSuiteMainPhase(TestSuiteExecutor.java:152)
	at com.kms.katalon.core.main.TestSuiteExecutor.execute(TestSuiteExecutor.java:95)
	at com.kms.katalon.core.main.TestCaseMain.startTestSuite(TestCaseMain.java:157)
	at com.kms.katalon.core.main.TestCaseMain$startTestSuite$0.call(Unknown Source)
	at TempTestSuite1622124825440.run(TempTestSuite1622124825440.groovy:39)
Caused by: com.kms.katalon.core.webui.exception.WebElementNotFoundException: Web element with id: 'Object Repository/1412263_Page_Mattermost/span_Sign in (1)' located by '//button[@id='login']/span' not found
	at com.kms.katalon.core.webui.common.WebUiCommonHelper.findWebElement(WebUiCommonHelper.java:1368)
	at com.kms.katalon.core.webui.keyword.internal.WebUIAbstractKeyword.findWebElement(WebUIAbstractKeyword.groovy:27)
	at com.kms.katalon.core.webui.keyword.internal.WebUIAbstractKeyword.findWebElement(WebUIAbstractKeyword.groovy:26)
	at com.kms.katalon.core.webui.keyword.builtin.ClickKeyword$_click_closure1.doCall(ClickKeyword.groovy:66)
	at com.kms.katalon.core.webui.keyword.builtin.ClickKeyword$_click_closure1.call(ClickKeyword.groovy)
	at com.kms.katalon.core.webui.keyword.internal.WebUIKeywordMain.runKeyword(WebUIKeywordMain.groovy:20)
	... 19 more


2021-05-27 21:19:08 - [TEST_STEP][PASSED] - openBrowser(""): Browser is opened with url: ''

2021-05-27 21:19:08 - [MESSAGE][INFO] - Starting 'Chrome' driver

2021-05-27 21:19:08 - [MESSAGE][INFO] - Action delay is set to 0 milliseconds

2021-05-27 21:19:11 - [MESSAGE][PASSED] - Browser is opened with url: ''

2021-05-27 21:19:11 - [TEST_STEP][PASSED] - navigateToUrl("http://mattermostwebapp.herokuapp.com/"): Navigate to 'http://mattermostwebapp.herokuapp.com/' successfully

2021-05-27 21:19:14 - [MESSAGE][PASSED] - Navigate to 'http://mattermostwebapp.herokuapp.com/' successfully

2021-05-27 21:19:14 - [TEST_STEP][PASSED] - setText(findTestObject("1412263_Page_Mattermost/input_All team communication in one place, _dcc84b (1)"), "huykhoi263"): Text 'huykhoi263' is set on object 'Object Repository/1412263_Page_Mattermost/input_All team communication in one place, _dcc84b (1)'

2021-05-27 21:19:23 - [MESSAGE][PASSED] - Text 'huykhoi263' is set on object 'Object Repository/1412263_Page_Mattermost/input_All team communication in one place, _dcc84b (1)'

2021-05-27 21:19:23 - [TEST_STEP][PASSED] - setEncryptedText(findTestObject("1412263_Page_Mattermost/input_All team communication in one place, _a3edc6 (1)"), "o1rBehR+FzY2ClyWuSUtzg=="): Text ****** has been set on object 'Object Repository/1412263_Page_Mattermost/input_All team communication in one place, _a3edc6 (1)'

2021-05-27 21:19:28 - [MESSAGE][PASSED] - Text ****** has been set on object 'Object Repository/1412263_Page_Mattermost/input_All team communication in one place, _a3edc6 (1)'

2021-05-27 21:19:28 - [TEST_STEP][FAILED] - click(findTestObject("1412263_Page_Mattermost/span_Sign in (1)")): Unable to click on object 'Object Repository/1412263_Page_Mattermost/span_Sign in (1)' (Root cause: com.kms.katalon.core.exception.StepFailedException: Unable to click on object 'Object Repository/1412263_Page_Mattermost/span_Sign in (1)'
	at com.kms.katalon.core.webui.keyword.internal.WebUIKeywordMain.stepFailed(WebUIKeywordMain.groovy:64)
	at com.kms.katalon.core.webui.keyword.internal.WebUIKeywordMain.runKeyword(WebUIKeywordMain.groovy:26)
	at com.kms.katalon.core.webui.keyword.builtin.ClickKeyword.click(ClickKeyword.groovy:75)
	at com.kms.katalon.core.webui.keyword.builtin.ClickKeyword.execute(ClickKeyword.groovy:42)
	at com.kms.katalon.core.keyword.internal.KeywordExecutor.executeKeywordForPlatform(KeywordExecutor.groovy:73)
	at com.kms.katalon.core.webui.keyword.WebUiBuiltInKeywords.click(WebUiBuiltInKeywords.groovy:619)
	at com.kms.katalon.core.webui.keyword.WebUiBuiltInKeywords$click$3.call(Unknown Source)
	at TC08_ResetPassword.run(TC08_ResetPassword:30)
	at com.kms.katalon.core.main.ScriptEngine.run(ScriptEngine.java:194)
	at com.kms.katalon.core.main.ScriptEngine.runScriptAsRawText(ScriptEngine.java:119)
	at com.kms.katalon.core.main.TestCaseExecutor.runScript(TestCaseExecutor.java:398)
	at com.kms.katalon.core.main.TestCaseExecutor.doExecute(TestCaseExecutor.java:389)
	at com.kms.katalon.core.main.TestCaseExecutor.processExecutionPhase(TestCaseExecutor.java:368)
	at com.kms.katalon.core.main.TestCaseExecutor.accessMainPhase(TestCaseExecutor.java:360)
	at com.kms.katalon.core.main.TestCaseExecutor.execute(TestCaseExecutor.java:255)
	at com.kms.katalon.core.main.TestSuiteExecutor.accessTestCaseMainPhase(TestSuiteExecutor.java:203)
	at com.kms.katalon.core.main.TestSuiteExecutor.accessTestSuiteMainPhase(TestSuiteExecutor.java:152)
	at com.kms.katalon.core.main.TestSuiteExecutor.execute(TestSuiteExecutor.java:95)
	at com.kms.katalon.core.main.TestCaseMain.startTestSuite(TestCaseMain.java:157)
	at com.kms.katalon.core.main.TestCaseMain$startTestSuite$0.call(Unknown Source)
	at TempTestSuite1622124825440.run(TempTestSuite1622124825440.groovy:39)
Caused by: com.kms.katalon.core.webui.exception.WebElementNotFoundException: Web element with id: 'Object Repository/1412263_Page_Mattermost/span_Sign in (1)' located by '//button[@id='login']/span' not found
	at com.kms.katalon.core.webui.common.WebUiCommonHelper.findWebElement(WebUiCommonHelper.java:1368)
	at com.kms.katalon.core.webui.keyword.internal.WebUIAbstractKeyword.findWebElement(WebUIAbstractKeyword.groovy:27)
	at com.kms.katalon.core.webui.keyword.internal.WebUIAbstractKeyword.findWebElement(WebUIAbstractKeyword.groovy:26)
	at com.kms.katalon.core.webui.keyword.builtin.ClickKeyword$_click_closure1.doCall(ClickKeyword.groovy:66)
	at com.kms.katalon.core.webui.keyword.builtin.ClickKeyword$_click_closure1.call(ClickKeyword.groovy)
	at com.kms.katalon.core.webui.keyword.internal.WebUIKeywordMain.runKeyword(WebUIKeywordMain.groovy:20)
	at com.kms.katalon.core.webui.keyword.builtin.ClickKeyword.click(ClickKeyword.groovy:75)
	at com.kms.katalon.core.webui.keyword.builtin.ClickKeyword.execute(ClickKeyword.groovy:42)
	at com.kms.katalon.core.keyword.internal.KeywordExecutor.executeKeywordForPlatform(KeywordExecutor.groovy:73)
	at com.kms.katalon.core.webui.keyword.WebUiBuiltInKeywords.click(WebUiBuiltInKeywords.groovy:619)
	at com.kms.katalon.core.webui.keyword.WebUiBuiltInKeywords$click$3.call(Unknown Source)
	at Script1621479177631.run(Script1621479177631.groovy:30)
	... 13 more
)

2021-05-27 21:20:00 - [MESSAGE][INFO] - Unable to find the element located by 'By.xpath: //button[@id='login']/span'. Please recheck the objects properties to make sure the desired element is located. 

2021-05-27 21:20:00 - [MESSAGE][FAILED] - Unable to click on object 'Object Repository/1412263_Page_Mattermost/span_Sign in (1)' (Root cause: com.kms.katalon.core.exception.StepFailedException: Unable to click on object 'Object Repository/1412263_Page_Mattermost/span_Sign in (1)'
	at com.kms.katalon.core.webui.keyword.internal.WebUIKeywordMain.stepFailed(WebUIKeywordMain.groovy:64)
	at com.kms.katalon.core.webui.keyword.internal.WebUIKeywordMain.runKeyword(WebUIKeywordMain.groovy:26)
	at com.kms.katalon.core.webui.keyword.builtin.ClickKeyword.click(ClickKeyword.groovy:75)
	at com.kms.katalon.core.webui.keyword.builtin.ClickKeyword.execute(ClickKeyword.groovy:42)
	at com.kms.katalon.core.keyword.internal.KeywordExecutor.executeKeywordForPlatform(KeywordExecutor.groovy:73)
	at com.kms.katalon.core.webui.keyword.WebUiBuiltInKeywords.click(WebUiBuiltInKeywords.groovy:619)
	at com.kms.katalon.core.webui.keyword.WebUiBuiltInKeywords$click$3.call(Unknown Source)
	at TC08_ResetPassword.run(TC08_ResetPassword:30)
	at com.kms.katalon.core.main.ScriptEngine.run(ScriptEngine.java:194)
	at com.kms.katalon.core.main.ScriptEngine.runScriptAsRawText(ScriptEngine.java:119)
	at com.kms.katalon.core.main.TestCaseExecutor.runScript(TestCaseExecutor.java:398)
	at com.kms.katalon.core.main.TestCaseExecutor.doExecute(TestCaseExecutor.java:389)
	at com.kms.katalon.core.main.TestCaseExecutor.processExecutionPhase(TestCaseExecutor.java:368)
	at com.kms.katalon.core.main.TestCaseExecutor.accessMainPhase(TestCaseExecutor.java:360)
	at com.kms.katalon.core.main.TestCaseExecutor.execute(TestCaseExecutor.java:255)
	at com.kms.katalon.core.main.TestSuiteExecutor.accessTestCaseMainPhase(TestSuiteExecutor.java:203)
	at com.kms.katalon.core.main.TestSuiteExecutor.accessTestSuiteMainPhase(TestSuiteExecutor.java:152)
	at com.kms.katalon.core.main.TestSuiteExecutor.execute(TestSuiteExecutor.java:95)
	at com.kms.katalon.core.main.TestCaseMain.startTestSuite(TestCaseMain.java:157)
	at com.kms.katalon.core.main.TestCaseMain$startTestSuite$0.call(Unknown Source)
	at TempTestSuite1622124825440.run(TempTestSuite1622124825440.groovy:39)
Caused by: com.kms.katalon.core.webui.exception.WebElementNotFoundException: Web element with id: 'Object Repository/1412263_Page_Mattermost/span_Sign in (1)' located by '//button[@id='login']/span' not found
	at com.kms.katalon.core.webui.common.WebUiCommonHelper.findWebElement(WebUiCommonHelper.java:1368)
	at com.kms.katalon.core.webui.keyword.internal.WebUIAbstractKeyword.findWebElement(WebUIAbstractKeyword.groovy:27)
	at com.kms.katalon.core.webui.keyword.internal.WebUIAbstractKeyword.findWebElement(WebUIAbstractKeyword.groovy:26)
	at com.kms.katalon.core.webui.keyword.builtin.ClickKeyword$_click_closure1.doCall(ClickKeyword.groovy:66)
	at com.kms.katalon.core.webui.keyword.builtin.ClickKeyword$_click_closure1.call(ClickKeyword.groovy)
	at com.kms.katalon.core.webui.keyword.internal.WebUIKeywordMain.runKeyword(WebUIKeywordMain.groovy:20)
	at com.kms.katalon.core.webui.keyword.builtin.ClickKeyword.click(ClickKeyword.groovy:75)
	at com.kms.katalon.core.webui.keyword.builtin.ClickKeyword.execute(ClickKeyword.groovy:42)
	at com.kms.katalon.core.keyword.internal.KeywordExecutor.executeKeywordForPlatform(KeywordExecutor.groovy:73)
	at com.kms.katalon.core.webui.keyword.WebUiBuiltInKeywords.click(WebUiBuiltInKeywords.groovy:619)
	at com.kms.katalon.core.webui.keyword.WebUiBuiltInKeywords$click$3.call(Unknown Source)
	at Script1621479177631.run(Script1621479177631.groovy:30)
	... 13 more
)
[[ATTACHMENT|E:\\Tai lieu hoc\\Nam 7\\HK2\\New Topics\\Homework 2\\New folder\\Mattermost_Autotesting_2\\Mattermost_AutoTesting\\Reports\\20210527_211345\\1412263\\Run_All_Test_Cases\\20210527_211345\\1622125200047.png]]]]></system-out>
         <system-err><![CDATA[2021-05-27 21:19:07 - [TEST_CASE][FAILED] - Test Cases/1412263/TC08_ResetPassword: Test Cases/1412263/TC08_ResetPassword FAILED.
Reason:
com.kms.katalon.core.exception.StepFailedException: Unable to click on object 'Object Repository/1412263_Page_Mattermost/span_Sign in (1)'
	at com.kms.katalon.core.webui.keyword.internal.WebUIKeywordMain.stepFailed(WebUIKeywordMain.groovy:64)
	at com.kms.katalon.core.webui.keyword.internal.WebUIKeywordMain.runKeyword(WebUIKeywordMain.groovy:26)
	at com.kms.katalon.core.webui.keyword.builtin.ClickKeyword.click(ClickKeyword.groovy:75)
	at com.kms.katalon.core.webui.keyword.builtin.ClickKeyword.execute(ClickKeyword.groovy:42)
	at com.kms.katalon.core.keyword.internal.KeywordExecutor.executeKeywordForPlatform(KeywordExecutor.groovy:73)
	at com.kms.katalon.core.webui.keyword.WebUiBuiltInKeywords.click(WebUiBuiltInKeywords.groovy:619)
	at com.kms.katalon.core.webui.keyword.WebUiBuiltInKeywords$click$3.call(Unknown Source)
	at TC08_ResetPassword.run(TC08_ResetPassword:30)
	at com.kms.katalon.core.main.ScriptEngine.run(ScriptEngine.java:194)
	at com.kms.katalon.core.main.ScriptEngine.runScriptAsRawText(ScriptEngine.java:119)
	at com.kms.katalon.core.main.TestCaseExecutor.runScript(TestCaseExecutor.java:398)
	at com.kms.katalon.core.main.TestCaseExecutor.doExecute(TestCaseExecutor.java:389)
	at com.kms.katalon.core.main.TestCaseExecutor.processExecutionPhase(TestCaseExecutor.java:368)
	at com.kms.katalon.core.main.TestCaseExecutor.accessMainPhase(TestCaseExecutor.java:360)
	at com.kms.katalon.core.main.TestCaseExecutor.execute(TestCaseExecutor.java:255)
	at com.kms.katalon.core.main.TestSuiteExecutor.accessTestCaseMainPhase(TestSuiteExecutor.java:203)
	at com.kms.katalon.core.main.TestSuiteExecutor.accessTestSuiteMainPhase(TestSuiteExecutor.java:152)
	at com.kms.katalon.core.main.TestSuiteExecutor.execute(TestSuiteExecutor.java:95)
	at com.kms.katalon.core.main.TestCaseMain.startTestSuite(TestCaseMain.java:157)
	at com.kms.katalon.core.main.TestCaseMain$startTestSuite$0.call(Unknown Source)
	at TempTestSuite1622124825440.run(TempTestSuite1622124825440.groovy:39)
Caused by: com.kms.katalon.core.webui.exception.WebElementNotFoundException: Web element with id: 'Object Repository/1412263_Page_Mattermost/span_Sign in (1)' located by '//button[@id='login']/span' not found
	at com.kms.katalon.core.webui.common.WebUiCommonHelper.findWebElement(WebUiCommonHelper.java:1368)
	at com.kms.katalon.core.webui.keyword.internal.WebUIAbstractKeyword.findWebElement(WebUIAbstractKeyword.groovy:27)
	at com.kms.katalon.core.webui.keyword.internal.WebUIAbstractKeyword.findWebElement(WebUIAbstractKeyword.groovy:26)
	at com.kms.katalon.core.webui.keyword.builtin.ClickKeyword$_click_closure1.doCall(ClickKeyword.groovy:66)
	at com.kms.katalon.core.webui.keyword.builtin.ClickKeyword$_click_closure1.call(ClickKeyword.groovy)
	at com.kms.katalon.core.webui.keyword.internal.WebUIKeywordMain.runKeyword(WebUIKeywordMain.groovy:20)
	... 19 more]]></system-err>
      </testcase>
      <testcase name="Test Cases/1412263/TC09_ChangeLoginAttempt" time="31.266" classname="Test Cases/1412263/TC09_ChangeLoginAttempt" status="PASSED">
         <system-out><![CDATA[2021-05-27 21:20:00 - [TEST_CASE][PASSED] - Test Cases/1412263/TC09_ChangeLoginAttempt: Test Cases/1412263/TC09_ChangeLoginAttempt

2021-05-27 21:20:01 - [TEST_STEP][PASSED] - openBrowser(""): Browser is opened with url: ''

2021-05-27 21:20:01 - [MESSAGE][WARNING] - A browser is already opened. Closing browser and opening a new one

2021-05-27 21:20:05 - [MESSAGE][INFO] - Starting 'Chrome' driver

2021-05-27 21:20:05 - [MESSAGE][INFO] - Action delay is set to 0 milliseconds

2021-05-27 21:20:07 - [MESSAGE][PASSED] - Browser is opened with url: ''

2021-05-27 21:20:07 - [TEST_STEP][PASSED] - navigateToUrl("http://mattermostwebapp.herokuapp.com/"): Navigate to 'http://mattermostwebapp.herokuapp.com/' successfully

2021-05-27 21:20:12 - [MESSAGE][PASSED] - Navigate to 'http://mattermostwebapp.herokuapp.com/' successfully

2021-05-27 21:20:12 - [TEST_STEP][PASSED] - setText(findTestObject("Object Repository/Page_Mattermost/input_All team communication in one place, _dcc84b"), "huykhoi263"): Text 'huykhoi263' is set on object 'Object Repository/Page_Mattermost/input_All team communication in one place, _dcc84b'

2021-05-27 21:20:16 - [MESSAGE][PASSED] - Text 'huykhoi263' is set on object 'Object Repository/Page_Mattermost/input_All team communication in one place, _dcc84b'

2021-05-27 21:20:16 - [TEST_STEP][PASSED] - setEncryptedText(findTestObject("Object Repository/Page_Mattermost/input_All team communication in one place, _a3edc6"), "o1rBehR+FzY2ClyWuSUtzg=="): Text ****** has been set on object 'Object Repository/Page_Mattermost/input_All team communication in one place, _a3edc6'

2021-05-27 21:20:17 - [MESSAGE][PASSED] - Text ****** has been set on object 'Object Repository/Page_Mattermost/input_All team communication in one place, _a3edc6'

2021-05-27 21:20:17 - [TEST_STEP][PASSED] - sendKeys(findTestObject("Object Repository/Page_Mattermost/input_All team communication in one place, _a3edc6"), Keys.chord(ENTER)): Keys 'ENTER + ' sent to object: 'Object Repository/Page_Mattermost/input_All team communication in one place, _a3edc6'

2021-05-27 21:20:17 - [MESSAGE][PASSED] - Keys 'ENTER + ' sent to object: 'Object Repository/Page_Mattermost/input_All team communication in one place, _a3edc6'

2021-05-27 21:20:17 - [TEST_STEP][PASSED] - click(findTestObject("1412263_Page_Town Square - CNC_Nhom3 Mattermost/path")): Object: 'Object Repository/1412263_Page_Town Square - CNC_Nhom3 Mattermost/path' is clicked on

2021-05-27 21:20:22 - [MESSAGE][PASSED] - Object: 'Object Repository/1412263_Page_Town Square - CNC_Nhom3 Mattermost/path' is clicked on

2021-05-27 21:20:22 - [TEST_STEP][PASSED] - click(findTestObject("1412263_Page_Town Square - CNC_Nhom3 Mattermost/span_System Console")): Object: 'Object Repository/1412263_Page_Town Square - CNC_Nhom3 Mattermost/span_System Console' is clicked on

2021-05-27 21:20:23 - [MESSAGE][PASSED] - Object: 'Object Repository/1412263_Page_Town Square - CNC_Nhom3 Mattermost/span_System Console' is clicked on

2021-05-27 21:20:23 - [TEST_STEP][PASSED] - click(findTestObject("Object Repository/Page_System Console - Mattermost/a_Password")): Object: 'Object Repository/Page_System Console - Mattermost/a_Password' is clicked on

2021-05-27 21:20:27 - [MESSAGE][PASSED] - Object: 'Object Repository/Page_System Console - Mattermost/a_Password' is clicked on

2021-05-27 21:20:27 - [TEST_STEP][PASSED] - click(findTestObject("Object Repository/Page_System Console - Mattermost/div_Maximum Login AttemptsNumber of login a_f48f8a")): Object: 'Object Repository/Page_System Console - Mattermost/div_Maximum Login AttemptsNumber of login a_f48f8a' is clicked on

2021-05-27 21:20:28 - [MESSAGE][PASSED] - Object: 'Object Repository/Page_System Console - Mattermost/div_Maximum Login AttemptsNumber of login a_f48f8a' is clicked on

2021-05-27 21:20:28 - [TEST_STEP][PASSED] - setText(findTestObject("Object Repository/Page_System Console - Mattermost/input_Maximum Login Attempts_maximumLoginAttempts"), "15"): Text '15' is set on object 'Object Repository/Page_System Console - Mattermost/input_Maximum Login Attempts_maximumLoginAttempts'

2021-05-27 21:20:29 - [MESSAGE][PASSED] - Text '15' is set on object 'Object Repository/Page_System Console - Mattermost/input_Maximum Login Attempts_maximumLoginAttempts'

2021-05-27 21:20:29 - [TEST_STEP][PASSED] - click(findTestObject("Object Repository/Page_System Console - Mattermost/button_Save")): Object: 'Object Repository/Page_System Console - Mattermost/button_Save' is clicked on

2021-05-27 21:20:30 - [MESSAGE][PASSED] - Object: 'Object Repository/Page_System Console - Mattermost/button_Save' is clicked on

2021-05-27 21:20:30 - [TEST_STEP][PASSED] - closeBrowser(): Browser is closed

2021-05-27 21:20:31 - [MESSAGE][PASSED] - Browser is closed]]></system-out>
         <system-err><![CDATA[]]></system-err>
      </testcase>
      <testcase name="Test Cases/1412263/TC10_SetPasswordLimit" time="26.141" classname="Test Cases/1412263/TC10_SetPasswordLimit" status="PASSED">
         <system-out><![CDATA[2021-05-27 21:20:31 - [TEST_CASE][PASSED] - Test Cases/1412263/TC10_SetPasswordLimit: Test Cases/1412263/TC10_SetPasswordLimit

2021-05-27 21:20:33 - [TEST_STEP][PASSED] - openBrowser(""): Browser is opened with url: ''

2021-05-27 21:20:33 - [MESSAGE][INFO] - Starting 'Chrome' driver

2021-05-27 21:20:33 - [MESSAGE][INFO] - Action delay is set to 0 milliseconds

2021-05-27 21:20:36 - [MESSAGE][PASSED] - Browser is opened with url: ''

2021-05-27 21:20:36 - [TEST_STEP][PASSED] - navigateToUrl("http://mattermostwebapp.herokuapp.com/"): Navigate to 'http://mattermostwebapp.herokuapp.com/' successfully

2021-05-27 21:20:40 - [MESSAGE][PASSED] - Navigate to 'http://mattermostwebapp.herokuapp.com/' successfully

2021-05-27 21:20:40 - [TEST_STEP][PASSED] - setText(findTestObject("1412263_Page_Mattermost/input_All team communication in one place, _dcc84b"), "huykhoi263"): Text 'huykhoi263' is set on object 'Object Repository/1412263_Page_Mattermost/input_All team communication in one place, _dcc84b'

2021-05-27 21:20:46 - [MESSAGE][PASSED] - Text 'huykhoi263' is set on object 'Object Repository/1412263_Page_Mattermost/input_All team communication in one place, _dcc84b'

2021-05-27 21:20:46 - [TEST_STEP][PASSED] - setEncryptedText(findTestObject("1412263_Page_Mattermost/input_All team communication in one place, _a3edc6"), "o1rBehR+FzY2ClyWuSUtzg=="): Text ****** has been set on object 'Object Repository/1412263_Page_Mattermost/input_All team communication in one place, _a3edc6'

2021-05-27 21:20:46 - [MESSAGE][PASSED] - Text ****** has been set on object 'Object Repository/1412263_Page_Mattermost/input_All team communication in one place, _a3edc6'

2021-05-27 21:20:46 - [TEST_STEP][PASSED] - click(findTestObject("1412263_Page_Mattermost/button_Sign in")): Object: 'Object Repository/1412263_Page_Mattermost/button_Sign in' is clicked on

2021-05-27 21:20:47 - [MESSAGE][PASSED] - Object: 'Object Repository/1412263_Page_Mattermost/button_Sign in' is clicked on

2021-05-27 21:20:47 - [TEST_STEP][PASSED] - click(findTestObject("1412263_Page_Town Square - CNC_Nhom3 Mattermost/path")): Object: 'Object Repository/1412263_Page_Town Square - CNC_Nhom3 Mattermost/path' is clicked on

2021-05-27 21:20:51 - [MESSAGE][PASSED] - Object: 'Object Repository/1412263_Page_Town Square - CNC_Nhom3 Mattermost/path' is clicked on

2021-05-27 21:20:51 - [TEST_STEP][PASSED] - click(findTestObject("1412263_Page_Town Square - CNC_Nhom3 Mattermost/span_System Console")): Object: 'Object Repository/1412263_Page_Town Square - CNC_Nhom3 Mattermost/span_System Console' is clicked on

2021-05-27 21:20:52 - [MESSAGE][PASSED] - Object: 'Object Repository/1412263_Page_Town Square - CNC_Nhom3 Mattermost/span_System Console' is clicked on

2021-05-27 21:20:52 - [TEST_STEP][PASSED] - click(findTestObject("1412263_Page_System Console - Mattermost/a_Password")): Object: 'Object Repository/1412263_Page_System Console - Mattermost/a_Password' is clicked on

2021-05-27 21:20:55 - [MESSAGE][PASSED] - Object: 'Object Repository/1412263_Page_System Console - Mattermost/a_Password' is clicked on

2021-05-27 21:20:55 - [TEST_STEP][PASSED] - setText(findTestObject("1412263_Page_System Console - Mattermost/input_Minimum Password Length_passwordMinim_e95e98"), "6"): Text '6' is set on object 'Object Repository/1412263_Page_System Console - Mattermost/input_Minimum Password Length_passwordMinim_e95e98'

2021-05-27 21:20:56 - [MESSAGE][PASSED] - Text '6' is set on object 'Object Repository/1412263_Page_System Console - Mattermost/input_Minimum Password Length_passwordMinim_e95e98'

2021-05-27 21:20:56 - [TEST_STEP][PASSED] - click(findTestObject("1412263_Page_System Console - Mattermost/button_Save")): Object: 'Object Repository/1412263_Page_System Console - Mattermost/button_Save' is clicked on

2021-05-27 21:20:56 - [MESSAGE][PASSED] - Object: 'Object Repository/1412263_Page_System Console - Mattermost/button_Save' is clicked on

2021-05-27 21:20:56 - [TEST_STEP][PASSED] - closeBrowser(): Browser is closed

2021-05-27 21:20:57 - [MESSAGE][PASSED] - Browser is closed]]></system-out>
         <system-err><![CDATA[]]></system-err>
      </testcase>
      <testcase name="Test Cases/1712666/TC11_CreateATeam" time="16.81" classname="Test Cases/1712666/TC11_CreateATeam" status="FAILED">
         <failure type="FAILED" message="Test Cases/1712666/TC11_CreateATeam FAILED.
Reason:
com.kms.katalon.core.exception.StepFailedException: Unable to click on object
	at com.kms.katalon.core.webui.keyword.internal.WebUIKeywordMain.stepFailed(WebUIKeywordMain.groovy:64)
	at com.kms.katalon.core.webui.keyword.internal.WebUIKeywordMain.runKeyword(WebUIKeywordMain.groovy:26)
	at com.kms.katalon.core.webui.keyword.builtin.ClickKeyword.click(ClickKeyword.groovy:75)
	at com.kms.katalon.core.webui.keyword.builtin.ClickKeyword.execute(ClickKeyword.groovy:42)
	at com.kms.katalon.core.keyword.internal.KeywordExecutor.executeKeywordForPlatform(KeywordExecutor.groovy:73)
	at com.kms.katalon.core.webui.keyword.WebUiBuiltInKeywords.click(WebUiBuiltInKeywords.groovy:619)
	at com.kms.katalon.core.webui.keyword.WebUiBuiltInKeywords$click$3.call(Unknown Source)
	at TC11_CreateATeam.run(TC11_CreateATeam:27)
	at com.kms.katalon.core.main.ScriptEngine.run(ScriptEngine.java:194)
	at com.kms.katalon.core.main.ScriptEngine.runScriptAsRawText(ScriptEngine.java:119)
	at com.kms.katalon.core.main.TestCaseExecutor.runScript(TestCaseExecutor.java:398)
	at com.kms.katalon.core.main.TestCaseExecutor.doExecute(TestCaseExecutor.java:389)
	at com.kms.katalon.core.main.TestCaseExecutor.processExecutionPhase(TestCaseExecutor.java:368)
	at com.kms.katalon.core.main.TestCaseExecutor.accessMainPhase(TestCaseExecutor.java:360)
	at com.kms.katalon.core.main.TestCaseExecutor.execute(TestCaseExecutor.java:255)
	at com.kms.katalon.core.main.TestSuiteExecutor.accessTestCaseMainPhase(TestSuiteExecutor.java:203)
	at com.kms.katalon.core.main.TestSuiteExecutor.accessTestSuiteMainPhase(TestSuiteExecutor.java:152)
	at com.kms.katalon.core.main.TestSuiteExecutor.execute(TestSuiteExecutor.java:95)
	at com.kms.katalon.core.main.TestCaseMain.startTestSuite(TestCaseMain.java:157)
	at com.kms.katalon.core.main.TestCaseMain$startTestSuite$0.call(Unknown Source)
	at TempTestSuite1622124825440.run(TempTestSuite1622124825440.groovy:39)
Caused by: java.lang.IllegalArgumentException: Object is null
	at com.kms.katalon.core.helper.KeywordHelper.checkTestObjectParameter(KeywordHelper.java:33)
	at com.kms.katalon.core.webui.keyword.builtin.ClickKeyword$_click_closure1.doCall(ClickKeyword.groovy:64)
	at com.kms.katalon.core.webui.keyword.builtin.ClickKeyword$_click_closure1.call(ClickKeyword.groovy)
	at com.kms.katalon.core.webui.keyword.internal.WebUIKeywordMain.runKeyword(WebUIKeywordMain.groovy:20)
	... 19 more
"/>
         <system-out><![CDATA[2021-05-27 21:20:57 - [TEST_CASE][FAILED] - Test Cases/1712666/TC11_CreateATeam: Test Cases/1712666/TC11_CreateATeam FAILED.
Reason:
com.kms.katalon.core.exception.StepFailedException: Unable to click on object
	at com.kms.katalon.core.webui.keyword.internal.WebUIKeywordMain.stepFailed(WebUIKeywordMain.groovy:64)
	at com.kms.katalon.core.webui.keyword.internal.WebUIKeywordMain.runKeyword(WebUIKeywordMain.groovy:26)
	at com.kms.katalon.core.webui.keyword.builtin.ClickKeyword.click(ClickKeyword.groovy:75)
	at com.kms.katalon.core.webui.keyword.builtin.ClickKeyword.execute(ClickKeyword.groovy:42)
	at com.kms.katalon.core.keyword.internal.KeywordExecutor.executeKeywordForPlatform(KeywordExecutor.groovy:73)
	at com.kms.katalon.core.webui.keyword.WebUiBuiltInKeywords.click(WebUiBuiltInKeywords.groovy:619)
	at com.kms.katalon.core.webui.keyword.WebUiBuiltInKeywords$click$3.call(Unknown Source)
	at TC11_CreateATeam.run(TC11_CreateATeam:27)
	at com.kms.katalon.core.main.ScriptEngine.run(ScriptEngine.java:194)
	at com.kms.katalon.core.main.ScriptEngine.runScriptAsRawText(ScriptEngine.java:119)
	at com.kms.katalon.core.main.TestCaseExecutor.runScript(TestCaseExecutor.java:398)
	at com.kms.katalon.core.main.TestCaseExecutor.doExecute(TestCaseExecutor.java:389)
	at com.kms.katalon.core.main.TestCaseExecutor.processExecutionPhase(TestCaseExecutor.java:368)
	at com.kms.katalon.core.main.TestCaseExecutor.accessMainPhase(TestCaseExecutor.java:360)
	at com.kms.katalon.core.main.TestCaseExecutor.execute(TestCaseExecutor.java:255)
	at com.kms.katalon.core.main.TestSuiteExecutor.accessTestCaseMainPhase(TestSuiteExecutor.java:203)
	at com.kms.katalon.core.main.TestSuiteExecutor.accessTestSuiteMainPhase(TestSuiteExecutor.java:152)
	at com.kms.katalon.core.main.TestSuiteExecutor.execute(TestSuiteExecutor.java:95)
	at com.kms.katalon.core.main.TestCaseMain.startTestSuite(TestCaseMain.java:157)
	at com.kms.katalon.core.main.TestCaseMain$startTestSuite$0.call(Unknown Source)
	at TempTestSuite1622124825440.run(TempTestSuite1622124825440.groovy:39)
Caused by: java.lang.IllegalArgumentException: Object is null
	at com.kms.katalon.core.helper.KeywordHelper.checkTestObjectParameter(KeywordHelper.java:33)
	at com.kms.katalon.core.webui.keyword.builtin.ClickKeyword$_click_closure1.doCall(ClickKeyword.groovy:64)
	at com.kms.katalon.core.webui.keyword.builtin.ClickKeyword$_click_closure1.call(ClickKeyword.groovy)
	at com.kms.katalon.core.webui.keyword.internal.WebUIKeywordMain.runKeyword(WebUIKeywordMain.groovy:20)
	... 19 more


2021-05-27 21:20:58 - [TEST_STEP][PASSED] - openBrowser(""): Browser is opened with url: ''

2021-05-27 21:20:58 - [MESSAGE][INFO] - Starting 'Chrome' driver

2021-05-27 21:20:58 - [MESSAGE][INFO] - Action delay is set to 0 milliseconds

2021-05-27 21:21:01 - [MESSAGE][PASSED] - Browser is opened with url: ''

2021-05-27 21:21:01 - [TEST_STEP][PASSED] - navigateToUrl("https://mattermostwebapp.herokuapp.com/"): Navigate to 'https://mattermostwebapp.herokuapp.com/' successfully

2021-05-27 21:21:05 - [MESSAGE][PASSED] - Navigate to 'https://mattermostwebapp.herokuapp.com/' successfully

2021-05-27 21:21:05 - [TEST_STEP][PASSED] - callTestCase(findTestCase("1712666/CommonTC/CTC_Login"), ["var_username":"phuc", "var_password":"CSt51UwWECc="], null): Call Test Case 'Test Cases/1712666/CommonTC/CTC_Login' successfully

2021-05-27 21:21:05 - [TEST_CASE][PASSED] - Test Cases/1712666/CommonTC/CTC_Login: Test Cases/1712666/CommonTC/CTC_Login

2021-05-27 21:21:06 - [TEST_STEP][PASSED] - setText(findTestObject("Object Repository/1412263_Page_Mattermost/input_All team communication in one place, _dcc84b"), var_username): Text 'phuc' is set on object 'Object Repository/1412263_Page_Mattermost/input_All team communication in one place, _dcc84b'

2021-05-27 21:21:12 - [MESSAGE][PASSED] - Text 'phuc' is set on object 'Object Repository/1412263_Page_Mattermost/input_All team communication in one place, _dcc84b'

2021-05-27 21:21:12 - [TEST_STEP][PASSED] - setEncryptedText(findTestObject("Object Repository/1412263_Page_Mattermost/input_All team communication in one place, _a3edc6"), var_password): Text ****** has been set on object 'Object Repository/1412263_Page_Mattermost/input_All team communication in one place, _a3edc6'

2021-05-27 21:21:13 - [MESSAGE][PASSED] - Text ****** has been set on object 'Object Repository/1412263_Page_Mattermost/input_All team communication in one place, _a3edc6'

2021-05-27 21:21:13 - [TEST_STEP][PASSED] - click(findTestObject("Object Repository/1412263_Page_Mattermost/span_Sign in")): Object: 'Object Repository/1412263_Page_Mattermost/span_Sign in' is clicked on

2021-05-27 21:21:14 - [MESSAGE][PASSED] - Object: 'Object Repository/1412263_Page_Mattermost/span_Sign in' is clicked on

2021-05-27 21:21:14 - [MESSAGE][PASSED] - Call Test Case 'Test Cases/1712666/CommonTC/CTC_Login' successfully

2021-05-27 21:21:14 - [TEST_STEP][FAILED] - click(findTestObject("Object Repository/Page_Mattermost/span_Sign in (1)")): Unable to click on object (Root cause: com.kms.katalon.core.exception.StepFailedException: Unable to click on object
	at com.kms.katalon.core.webui.keyword.internal.WebUIKeywordMain.stepFailed(WebUIKeywordMain.groovy:64)
	at com.kms.katalon.core.webui.keyword.internal.WebUIKeywordMain.runKeyword(WebUIKeywordMain.groovy:26)
	at com.kms.katalon.core.webui.keyword.builtin.ClickKeyword.click(ClickKeyword.groovy:75)
	at com.kms.katalon.core.webui.keyword.builtin.ClickKeyword.execute(ClickKeyword.groovy:42)
	at com.kms.katalon.core.keyword.internal.KeywordExecutor.executeKeywordForPlatform(KeywordExecutor.groovy:73)
	at com.kms.katalon.core.webui.keyword.WebUiBuiltInKeywords.click(WebUiBuiltInKeywords.groovy:619)
	at com.kms.katalon.core.webui.keyword.WebUiBuiltInKeywords$click$3.call(Unknown Source)
	at TC11_CreateATeam.run(TC11_CreateATeam:27)
	at com.kms.katalon.core.main.ScriptEngine.run(ScriptEngine.java:194)
	at com.kms.katalon.core.main.ScriptEngine.runScriptAsRawText(ScriptEngine.java:119)
	at com.kms.katalon.core.main.TestCaseExecutor.runScript(TestCaseExecutor.java:398)
	at com.kms.katalon.core.main.TestCaseExecutor.doExecute(TestCaseExecutor.java:389)
	at com.kms.katalon.core.main.TestCaseExecutor.processExecutionPhase(TestCaseExecutor.java:368)
	at com.kms.katalon.core.main.TestCaseExecutor.accessMainPhase(TestCaseExecutor.java:360)
	at com.kms.katalon.core.main.TestCaseExecutor.execute(TestCaseExecutor.java:255)
	at com.kms.katalon.core.main.TestSuiteExecutor.accessTestCaseMainPhase(TestSuiteExecutor.java:203)
	at com.kms.katalon.core.main.TestSuiteExecutor.accessTestSuiteMainPhase(TestSuiteExecutor.java:152)
	at com.kms.katalon.core.main.TestSuiteExecutor.execute(TestSuiteExecutor.java:95)
	at com.kms.katalon.core.main.TestCaseMain.startTestSuite(TestCaseMain.java:157)
	at com.kms.katalon.core.main.TestCaseMain$startTestSuite$0.call(Unknown Source)
	at TempTestSuite1622124825440.run(TempTestSuite1622124825440.groovy:39)
Caused by: java.lang.IllegalArgumentException: Object is null
	at com.kms.katalon.core.helper.KeywordHelper.checkTestObjectParameter(KeywordHelper.java:33)
	at com.kms.katalon.core.webui.keyword.builtin.ClickKeyword$_click_closure1.doCall(ClickKeyword.groovy:64)
	at com.kms.katalon.core.webui.keyword.builtin.ClickKeyword$_click_closure1.call(ClickKeyword.groovy)
	at com.kms.katalon.core.webui.keyword.internal.WebUIKeywordMain.runKeyword(WebUIKeywordMain.groovy:20)
	at com.kms.katalon.core.webui.keyword.builtin.ClickKeyword.click(ClickKeyword.groovy:75)
	at com.kms.katalon.core.webui.keyword.builtin.ClickKeyword.execute(ClickKeyword.groovy:42)
	at com.kms.katalon.core.keyword.internal.KeywordExecutor.executeKeywordForPlatform(KeywordExecutor.groovy:73)
	at com.kms.katalon.core.webui.keyword.WebUiBuiltInKeywords.click(WebUiBuiltInKeywords.groovy:619)
	at com.kms.katalon.core.webui.keyword.WebUiBuiltInKeywords$click$3.call(Unknown Source)
	at Script1621498384580.run(Script1621498384580.groovy:27)
	... 13 more
)

2021-05-27 21:21:14 - [MESSAGE][WARNING] - Test object with id 'Object Repository/Page_Mattermost/span_Sign in (1)' does not exist

2021-05-27 21:21:14 - [MESSAGE][WARNING] - Test object with id 'Object Repository/' does not exist

2021-05-27 21:21:14 - [MESSAGE][FAILED] - Unable to click on object (Root cause: com.kms.katalon.core.exception.StepFailedException: Unable to click on object
	at com.kms.katalon.core.webui.keyword.internal.WebUIKeywordMain.stepFailed(WebUIKeywordMain.groovy:64)
	at com.kms.katalon.core.webui.keyword.internal.WebUIKeywordMain.runKeyword(WebUIKeywordMain.groovy:26)
	at com.kms.katalon.core.webui.keyword.builtin.ClickKeyword.click(ClickKeyword.groovy:75)
	at com.kms.katalon.core.webui.keyword.builtin.ClickKeyword.execute(ClickKeyword.groovy:42)
	at com.kms.katalon.core.keyword.internal.KeywordExecutor.executeKeywordForPlatform(KeywordExecutor.groovy:73)
	at com.kms.katalon.core.webui.keyword.WebUiBuiltInKeywords.click(WebUiBuiltInKeywords.groovy:619)
	at com.kms.katalon.core.webui.keyword.WebUiBuiltInKeywords$click$3.call(Unknown Source)
	at TC11_CreateATeam.run(TC11_CreateATeam:27)
	at com.kms.katalon.core.main.ScriptEngine.run(ScriptEngine.java:194)
	at com.kms.katalon.core.main.ScriptEngine.runScriptAsRawText(ScriptEngine.java:119)
	at com.kms.katalon.core.main.TestCaseExecutor.runScript(TestCaseExecutor.java:398)
	at com.kms.katalon.core.main.TestCaseExecutor.doExecute(TestCaseExecutor.java:389)
	at com.kms.katalon.core.main.TestCaseExecutor.processExecutionPhase(TestCaseExecutor.java:368)
	at com.kms.katalon.core.main.TestCaseExecutor.accessMainPhase(TestCaseExecutor.java:360)
	at com.kms.katalon.core.main.TestCaseExecutor.execute(TestCaseExecutor.java:255)
	at com.kms.katalon.core.main.TestSuiteExecutor.accessTestCaseMainPhase(TestSuiteExecutor.java:203)
	at com.kms.katalon.core.main.TestSuiteExecutor.accessTestSuiteMainPhase(TestSuiteExecutor.java:152)
	at com.kms.katalon.core.main.TestSuiteExecutor.execute(TestSuiteExecutor.java:95)
	at com.kms.katalon.core.main.TestCaseMain.startTestSuite(TestCaseMain.java:157)
	at com.kms.katalon.core.main.TestCaseMain$startTestSuite$0.call(Unknown Source)
	at TempTestSuite1622124825440.run(TempTestSuite1622124825440.groovy:39)
Caused by: java.lang.IllegalArgumentException: Object is null
	at com.kms.katalon.core.helper.KeywordHelper.checkTestObjectParameter(KeywordHelper.java:33)
	at com.kms.katalon.core.webui.keyword.builtin.ClickKeyword$_click_closure1.doCall(ClickKeyword.groovy:64)
	at com.kms.katalon.core.webui.keyword.builtin.ClickKeyword$_click_closure1.call(ClickKeyword.groovy)
	at com.kms.katalon.core.webui.keyword.internal.WebUIKeywordMain.runKeyword(WebUIKeywordMain.groovy:20)
	at com.kms.katalon.core.webui.keyword.builtin.ClickKeyword.click(ClickKeyword.groovy:75)
	at com.kms.katalon.core.webui.keyword.builtin.ClickKeyword.execute(ClickKeyword.groovy:42)
	at com.kms.katalon.core.keyword.internal.KeywordExecutor.executeKeywordForPlatform(KeywordExecutor.groovy:73)
	at com.kms.katalon.core.webui.keyword.WebUiBuiltInKeywords.click(WebUiBuiltInKeywords.groovy:619)
	at com.kms.katalon.core.webui.keyword.WebUiBuiltInKeywords$click$3.call(Unknown Source)
	at Script1621498384580.run(Script1621498384580.groovy:27)
	... 13 more
)
[[ATTACHMENT|E:\\Tai lieu hoc\\Nam 7\\HK2\\New Topics\\Homework 2\\New folder\\Mattermost_Autotesting_2\\Mattermost_AutoTesting\\Reports\\20210527_211345\\1412263\\Run_All_Test_Cases\\20210527_211345\\1622125274229.png]]]]></system-out>
         <system-err><![CDATA[2021-05-27 21:20:57 - [TEST_CASE][FAILED] - Test Cases/1712666/TC11_CreateATeam: Test Cases/1712666/TC11_CreateATeam FAILED.
Reason:
com.kms.katalon.core.exception.StepFailedException: Unable to click on object
	at com.kms.katalon.core.webui.keyword.internal.WebUIKeywordMain.stepFailed(WebUIKeywordMain.groovy:64)
	at com.kms.katalon.core.webui.keyword.internal.WebUIKeywordMain.runKeyword(WebUIKeywordMain.groovy:26)
	at com.kms.katalon.core.webui.keyword.builtin.ClickKeyword.click(ClickKeyword.groovy:75)
	at com.kms.katalon.core.webui.keyword.builtin.ClickKeyword.execute(ClickKeyword.groovy:42)
	at com.kms.katalon.core.keyword.internal.KeywordExecutor.executeKeywordForPlatform(KeywordExecutor.groovy:73)
	at com.kms.katalon.core.webui.keyword.WebUiBuiltInKeywords.click(WebUiBuiltInKeywords.groovy:619)
	at com.kms.katalon.core.webui.keyword.WebUiBuiltInKeywords$click$3.call(Unknown Source)
	at TC11_CreateATeam.run(TC11_CreateATeam:27)
	at com.kms.katalon.core.main.ScriptEngine.run(ScriptEngine.java:194)
	at com.kms.katalon.core.main.ScriptEngine.runScriptAsRawText(ScriptEngine.java:119)
	at com.kms.katalon.core.main.TestCaseExecutor.runScript(TestCaseExecutor.java:398)
	at com.kms.katalon.core.main.TestCaseExecutor.doExecute(TestCaseExecutor.java:389)
	at com.kms.katalon.core.main.TestCaseExecutor.processExecutionPhase(TestCaseExecutor.java:368)
	at com.kms.katalon.core.main.TestCaseExecutor.accessMainPhase(TestCaseExecutor.java:360)
	at com.kms.katalon.core.main.TestCaseExecutor.execute(TestCaseExecutor.java:255)
	at com.kms.katalon.core.main.TestSuiteExecutor.accessTestCaseMainPhase(TestSuiteExecutor.java:203)
	at com.kms.katalon.core.main.TestSuiteExecutor.accessTestSuiteMainPhase(TestSuiteExecutor.java:152)
	at com.kms.katalon.core.main.TestSuiteExecutor.execute(TestSuiteExecutor.java:95)
	at com.kms.katalon.core.main.TestCaseMain.startTestSuite(TestCaseMain.java:157)
	at com.kms.katalon.core.main.TestCaseMain$startTestSuite$0.call(Unknown Source)
	at TempTestSuite1622124825440.run(TempTestSuite1622124825440.groovy:39)
Caused by: java.lang.IllegalArgumentException: Object is null
	at com.kms.katalon.core.helper.KeywordHelper.checkTestObjectParameter(KeywordHelper.java:33)
	at com.kms.katalon.core.webui.keyword.builtin.ClickKeyword$_click_closure1.doCall(ClickKeyword.groovy:64)
	at com.kms.katalon.core.webui.keyword.builtin.ClickKeyword$_click_closure1.call(ClickKeyword.groovy)
	at com.kms.katalon.core.webui.keyword.internal.WebUIKeywordMain.runKeyword(WebUIKeywordMain.groovy:20)
	... 19 more]]></system-err>
      </testcase>
      <testcase name="Test Cases/1712666/TC12_InvitePeopleToTeam" time="18.014" classname="Test Cases/1712666/TC12_InvitePeopleToTeam" status="FAILED">
         <failure type="FAILED" message="Test Cases/1712666/TC12_InvitePeopleToTeam FAILED.
Reason:
com.kms.katalon.core.exception.StepFailedException: Unable to click on object
	at com.kms.katalon.core.webui.keyword.internal.WebUIKeywordMain.stepFailed(WebUIKeywordMain.groovy:64)
	at com.kms.katalon.core.webui.keyword.internal.WebUIKeywordMain.runKeyword(WebUIKeywordMain.groovy:26)
	at com.kms.katalon.core.webui.keyword.builtin.ClickKeyword.click(ClickKeyword.groovy:75)
	at com.kms.katalon.core.webui.keyword.builtin.ClickKeyword.execute(ClickKeyword.groovy:42)
	at com.kms.katalon.core.keyword.internal.KeywordExecutor.executeKeywordForPlatform(KeywordExecutor.groovy:73)
	at com.kms.katalon.core.webui.keyword.WebUiBuiltInKeywords.click(WebUiBuiltInKeywords.groovy:619)
	at com.kms.katalon.core.webui.keyword.WebUiBuiltInKeywords$click$3.call(Unknown Source)
	at TC12_InvitePeopleToTeam.run(TC12_InvitePeopleToTeam:26)
	at com.kms.katalon.core.main.ScriptEngine.run(ScriptEngine.java:194)
	at com.kms.katalon.core.main.ScriptEngine.runScriptAsRawText(ScriptEngine.java:119)
	at com.kms.katalon.core.main.TestCaseExecutor.runScript(TestCaseExecutor.java:398)
	at com.kms.katalon.core.main.TestCaseExecutor.doExecute(TestCaseExecutor.java:389)
	at com.kms.katalon.core.main.TestCaseExecutor.processExecutionPhase(TestCaseExecutor.java:368)
	at com.kms.katalon.core.main.TestCaseExecutor.accessMainPhase(TestCaseExecutor.java:360)
	at com.kms.katalon.core.main.TestCaseExecutor.execute(TestCaseExecutor.java:255)
	at com.kms.katalon.core.main.TestSuiteExecutor.accessTestCaseMainPhase(TestSuiteExecutor.java:203)
	at com.kms.katalon.core.main.TestSuiteExecutor.accessTestSuiteMainPhase(TestSuiteExecutor.java:152)
	at com.kms.katalon.core.main.TestSuiteExecutor.execute(TestSuiteExecutor.java:95)
	at com.kms.katalon.core.main.TestCaseMain.startTestSuite(TestCaseMain.java:157)
	at com.kms.katalon.core.main.TestCaseMain$startTestSuite$0.call(Unknown Source)
	at TempTestSuite1622124825440.run(TempTestSuite1622124825440.groovy:39)
Caused by: java.lang.IllegalArgumentException: Object is null
	at com.kms.katalon.core.helper.KeywordHelper.checkTestObjectParameter(KeywordHelper.java:33)
	at com.kms.katalon.core.webui.keyword.builtin.ClickKeyword$_click_closure1.doCall(ClickKeyword.groovy:64)
	at com.kms.katalon.core.webui.keyword.builtin.ClickKeyword$_click_closure1.call(ClickKeyword.groovy)
	at com.kms.katalon.core.webui.keyword.internal.WebUIKeywordMain.runKeyword(WebUIKeywordMain.groovy:20)
	... 19 more
"/>
         <system-out><![CDATA[2021-05-27 21:21:14 - [TEST_CASE][FAILED] - Test Cases/1712666/TC12_InvitePeopleToTeam: Test Cases/1712666/TC12_InvitePeopleToTeam FAILED.
Reason:
com.kms.katalon.core.exception.StepFailedException: Unable to click on object
	at com.kms.katalon.core.webui.keyword.internal.WebUIKeywordMain.stepFailed(WebUIKeywordMain.groovy:64)
	at com.kms.katalon.core.webui.keyword.internal.WebUIKeywordMain.runKeyword(WebUIKeywordMain.groovy:26)
	at com.kms.katalon.core.webui.keyword.builtin.ClickKeyword.click(ClickKeyword.groovy:75)
	at com.kms.katalon.core.webui.keyword.builtin.ClickKeyword.execute(ClickKeyword.groovy:42)
	at com.kms.katalon.core.keyword.internal.KeywordExecutor.executeKeywordForPlatform(KeywordExecutor.groovy:73)
	at com.kms.katalon.core.webui.keyword.WebUiBuiltInKeywords.click(WebUiBuiltInKeywords.groovy:619)
	at com.kms.katalon.core.webui.keyword.WebUiBuiltInKeywords$click$3.call(Unknown Source)
	at TC12_InvitePeopleToTeam.run(TC12_InvitePeopleToTeam:26)
	at com.kms.katalon.core.main.ScriptEngine.run(ScriptEngine.java:194)
	at com.kms.katalon.core.main.ScriptEngine.runScriptAsRawText(ScriptEngine.java:119)
	at com.kms.katalon.core.main.TestCaseExecutor.runScript(TestCaseExecutor.java:398)
	at com.kms.katalon.core.main.TestCaseExecutor.doExecute(TestCaseExecutor.java:389)
	at com.kms.katalon.core.main.TestCaseExecutor.processExecutionPhase(TestCaseExecutor.java:368)
	at com.kms.katalon.core.main.TestCaseExecutor.accessMainPhase(TestCaseExecutor.java:360)
	at com.kms.katalon.core.main.TestCaseExecutor.execute(TestCaseExecutor.java:255)
	at com.kms.katalon.core.main.TestSuiteExecutor.accessTestCaseMainPhase(TestSuiteExecutor.java:203)
	at com.kms.katalon.core.main.TestSuiteExecutor.accessTestSuiteMainPhase(TestSuiteExecutor.java:152)
	at com.kms.katalon.core.main.TestSuiteExecutor.execute(TestSuiteExecutor.java:95)
	at com.kms.katalon.core.main.TestCaseMain.startTestSuite(TestCaseMain.java:157)
	at com.kms.katalon.core.main.TestCaseMain$startTestSuite$0.call(Unknown Source)
	at TempTestSuite1622124825440.run(TempTestSuite1622124825440.groovy:39)
Caused by: java.lang.IllegalArgumentException: Object is null
	at com.kms.katalon.core.helper.KeywordHelper.checkTestObjectParameter(KeywordHelper.java:33)
	at com.kms.katalon.core.webui.keyword.builtin.ClickKeyword$_click_closure1.doCall(ClickKeyword.groovy:64)
	at com.kms.katalon.core.webui.keyword.builtin.ClickKeyword$_click_closure1.call(ClickKeyword.groovy)
	at com.kms.katalon.core.webui.keyword.internal.WebUIKeywordMain.runKeyword(WebUIKeywordMain.groovy:20)
	... 19 more


2021-05-27 21:21:15 - [TEST_STEP][PASSED] - openBrowser(""): Browser is opened with url: ''

2021-05-27 21:21:15 - [MESSAGE][WARNING] - A browser is already opened. Closing browser and opening a new one

2021-05-27 21:21:17 - [MESSAGE][INFO] - Starting 'Chrome' driver

2021-05-27 21:21:17 - [MESSAGE][INFO] - Action delay is set to 0 milliseconds

2021-05-27 21:21:21 - [MESSAGE][PASSED] - Browser is opened with url: ''

2021-05-27 21:21:21 - [TEST_STEP][PASSED] - navigateToUrl("https://mattermostwebapp.herokuapp.com/"): Navigate to 'https://mattermostwebapp.herokuapp.com/' successfully

2021-05-27 21:21:25 - [MESSAGE][PASSED] - Navigate to 'https://mattermostwebapp.herokuapp.com/' successfully

2021-05-27 21:21:25 - [TEST_STEP][PASSED] - callTestCase(findTestCase("1712666/CommonTC/CTC_Login"), ["var_username":"phuc", "var_password":"CSt51UwWECc="]): Call Test Case 'Test Cases/1712666/CommonTC/CTC_Login' successfully

2021-05-27 21:21:25 - [TEST_CASE][PASSED] - Test Cases/1712666/CommonTC/CTC_Login: Test Cases/1712666/CommonTC/CTC_Login

2021-05-27 21:21:25 - [TEST_STEP][PASSED] - setText(findTestObject("Object Repository/1412263_Page_Mattermost/input_All team communication in one place, _dcc84b"), var_username): Text 'phuc' is set on object 'Object Repository/1412263_Page_Mattermost/input_All team communication in one place, _dcc84b'

2021-05-27 21:21:30 - [MESSAGE][PASSED] - Text 'phuc' is set on object 'Object Repository/1412263_Page_Mattermost/input_All team communication in one place, _dcc84b'

2021-05-27 21:21:30 - [TEST_STEP][PASSED] - setEncryptedText(findTestObject("Object Repository/1412263_Page_Mattermost/input_All team communication in one place, _a3edc6"), var_password): Text ****** has been set on object 'Object Repository/1412263_Page_Mattermost/input_All team communication in one place, _a3edc6'

2021-05-27 21:21:31 - [MESSAGE][PASSED] - Text ****** has been set on object 'Object Repository/1412263_Page_Mattermost/input_All team communication in one place, _a3edc6'

2021-05-27 21:21:31 - [TEST_STEP][PASSED] - click(findTestObject("Object Repository/1412263_Page_Mattermost/span_Sign in")): Object: 'Object Repository/1412263_Page_Mattermost/span_Sign in' is clicked on

2021-05-27 21:21:32 - [MESSAGE][PASSED] - Object: 'Object Repository/1412263_Page_Mattermost/span_Sign in' is clicked on

2021-05-27 21:21:32 - [MESSAGE][PASSED] - Call Test Case 'Test Cases/1712666/CommonTC/CTC_Login' successfully

2021-05-27 21:21:32 - [TEST_STEP][FAILED] - click(findTestObject("Object Repository/Page_Mattermost/span_Sign in (2)")): Unable to click on object (Root cause: com.kms.katalon.core.exception.StepFailedException: Unable to click on object
	at com.kms.katalon.core.webui.keyword.internal.WebUIKeywordMain.stepFailed(WebUIKeywordMain.groovy:64)
	at com.kms.katalon.core.webui.keyword.internal.WebUIKeywordMain.runKeyword(WebUIKeywordMain.groovy:26)
	at com.kms.katalon.core.webui.keyword.builtin.ClickKeyword.click(ClickKeyword.groovy:75)
	at com.kms.katalon.core.webui.keyword.builtin.ClickKeyword.execute(ClickKeyword.groovy:42)
	at com.kms.katalon.core.keyword.internal.KeywordExecutor.executeKeywordForPlatform(KeywordExecutor.groovy:73)
	at com.kms.katalon.core.webui.keyword.WebUiBuiltInKeywords.click(WebUiBuiltInKeywords.groovy:619)
	at com.kms.katalon.core.webui.keyword.WebUiBuiltInKeywords$click$3.call(Unknown Source)
	at TC12_InvitePeopleToTeam.run(TC12_InvitePeopleToTeam:26)
	at com.kms.katalon.core.main.ScriptEngine.run(ScriptEngine.java:194)
	at com.kms.katalon.core.main.ScriptEngine.runScriptAsRawText(ScriptEngine.java:119)
	at com.kms.katalon.core.main.TestCaseExecutor.runScript(TestCaseExecutor.java:398)
	at com.kms.katalon.core.main.TestCaseExecutor.doExecute(TestCaseExecutor.java:389)
	at com.kms.katalon.core.main.TestCaseExecutor.processExecutionPhase(TestCaseExecutor.java:368)
	at com.kms.katalon.core.main.TestCaseExecutor.accessMainPhase(TestCaseExecutor.java:360)
	at com.kms.katalon.core.main.TestCaseExecutor.execute(TestCaseExecutor.java:255)
	at com.kms.katalon.core.main.TestSuiteExecutor.accessTestCaseMainPhase(TestSuiteExecutor.java:203)
	at com.kms.katalon.core.main.TestSuiteExecutor.accessTestSuiteMainPhase(TestSuiteExecutor.java:152)
	at com.kms.katalon.core.main.TestSuiteExecutor.execute(TestSuiteExecutor.java:95)
	at com.kms.katalon.core.main.TestCaseMain.startTestSuite(TestCaseMain.java:157)
	at com.kms.katalon.core.main.TestCaseMain$startTestSuite$0.call(Unknown Source)
	at TempTestSuite1622124825440.run(TempTestSuite1622124825440.groovy:39)
Caused by: java.lang.IllegalArgumentException: Object is null
	at com.kms.katalon.core.helper.KeywordHelper.checkTestObjectParameter(KeywordHelper.java:33)
	at com.kms.katalon.core.webui.keyword.builtin.ClickKeyword$_click_closure1.doCall(ClickKeyword.groovy:64)
	at com.kms.katalon.core.webui.keyword.builtin.ClickKeyword$_click_closure1.call(ClickKeyword.groovy)
	at com.kms.katalon.core.webui.keyword.internal.WebUIKeywordMain.runKeyword(WebUIKeywordMain.groovy:20)
	at com.kms.katalon.core.webui.keyword.builtin.ClickKeyword.click(ClickKeyword.groovy:75)
	at com.kms.katalon.core.webui.keyword.builtin.ClickKeyword.execute(ClickKeyword.groovy:42)
	at com.kms.katalon.core.keyword.internal.KeywordExecutor.executeKeywordForPlatform(KeywordExecutor.groovy:73)
	at com.kms.katalon.core.webui.keyword.WebUiBuiltInKeywords.click(WebUiBuiltInKeywords.groovy:619)
	at com.kms.katalon.core.webui.keyword.WebUiBuiltInKeywords$click$3.call(Unknown Source)
	at Script1621517624786.run(Script1621517624786.groovy:26)
	... 13 more
)

2021-05-27 21:21:32 - [MESSAGE][WARNING] - Test object with id 'Object Repository/Page_Mattermost/span_Sign in (2)' does not exist

2021-05-27 21:21:32 - [MESSAGE][WARNING] - Test object with id 'Object Repository/' does not exist

2021-05-27 21:21:32 - [MESSAGE][FAILED] - Unable to click on object (Root cause: com.kms.katalon.core.exception.StepFailedException: Unable to click on object
	at com.kms.katalon.core.webui.keyword.internal.WebUIKeywordMain.stepFailed(WebUIKeywordMain.groovy:64)
	at com.kms.katalon.core.webui.keyword.internal.WebUIKeywordMain.runKeyword(WebUIKeywordMain.groovy:26)
	at com.kms.katalon.core.webui.keyword.builtin.ClickKeyword.click(ClickKeyword.groovy:75)
	at com.kms.katalon.core.webui.keyword.builtin.ClickKeyword.execute(ClickKeyword.groovy:42)
	at com.kms.katalon.core.keyword.internal.KeywordExecutor.executeKeywordForPlatform(KeywordExecutor.groovy:73)
	at com.kms.katalon.core.webui.keyword.WebUiBuiltInKeywords.click(WebUiBuiltInKeywords.groovy:619)
	at com.kms.katalon.core.webui.keyword.WebUiBuiltInKeywords$click$3.call(Unknown Source)
	at TC12_InvitePeopleToTeam.run(TC12_InvitePeopleToTeam:26)
	at com.kms.katalon.core.main.ScriptEngine.run(ScriptEngine.java:194)
	at com.kms.katalon.core.main.ScriptEngine.runScriptAsRawText(ScriptEngine.java:119)
	at com.kms.katalon.core.main.TestCaseExecutor.runScript(TestCaseExecutor.java:398)
	at com.kms.katalon.core.main.TestCaseExecutor.doExecute(TestCaseExecutor.java:389)
	at com.kms.katalon.core.main.TestCaseExecutor.processExecutionPhase(TestCaseExecutor.java:368)
	at com.kms.katalon.core.main.TestCaseExecutor.accessMainPhase(TestCaseExecutor.java:360)
	at com.kms.katalon.core.main.TestCaseExecutor.execute(TestCaseExecutor.java:255)
	at com.kms.katalon.core.main.TestSuiteExecutor.accessTestCaseMainPhase(TestSuiteExecutor.java:203)
	at com.kms.katalon.core.main.TestSuiteExecutor.accessTestSuiteMainPhase(TestSuiteExecutor.java:152)
	at com.kms.katalon.core.main.TestSuiteExecutor.execute(TestSuiteExecutor.java:95)
	at com.kms.katalon.core.main.TestCaseMain.startTestSuite(TestCaseMain.java:157)
	at com.kms.katalon.core.main.TestCaseMain$startTestSuite$0.call(Unknown Source)
	at TempTestSuite1622124825440.run(TempTestSuite1622124825440.groovy:39)
Caused by: java.lang.IllegalArgumentException: Object is null
	at com.kms.katalon.core.helper.KeywordHelper.checkTestObjectParameter(KeywordHelper.java:33)
	at com.kms.katalon.core.webui.keyword.builtin.ClickKeyword$_click_closure1.doCall(ClickKeyword.groovy:64)
	at com.kms.katalon.core.webui.keyword.builtin.ClickKeyword$_click_closure1.call(ClickKeyword.groovy)
	at com.kms.katalon.core.webui.keyword.internal.WebUIKeywordMain.runKeyword(WebUIKeywordMain.groovy:20)
	at com.kms.katalon.core.webui.keyword.builtin.ClickKeyword.click(ClickKeyword.groovy:75)
	at com.kms.katalon.core.webui.keyword.builtin.ClickKeyword.execute(ClickKeyword.groovy:42)
	at com.kms.katalon.core.keyword.internal.KeywordExecutor.executeKeywordForPlatform(KeywordExecutor.groovy:73)
	at com.kms.katalon.core.webui.keyword.WebUiBuiltInKeywords.click(WebUiBuiltInKeywords.groovy:619)
	at com.kms.katalon.core.webui.keyword.WebUiBuiltInKeywords$click$3.call(Unknown Source)
	at Script1621517624786.run(Script1621517624786.groovy:26)
	... 13 more
)
[[ATTACHMENT|E:\\Tai lieu hoc\\Nam 7\\HK2\\New Topics\\Homework 2\\New folder\\Mattermost_Autotesting_2\\Mattermost_AutoTesting\\Reports\\20210527_211345\\1412263\\Run_All_Test_Cases\\20210527_211345\\1622125292259.png]]]]></system-out>
         <system-err><![CDATA[2021-05-27 21:21:14 - [TEST_CASE][FAILED] - Test Cases/1712666/TC12_InvitePeopleToTeam: Test Cases/1712666/TC12_InvitePeopleToTeam FAILED.
Reason:
com.kms.katalon.core.exception.StepFailedException: Unable to click on object
	at com.kms.katalon.core.webui.keyword.internal.WebUIKeywordMain.stepFailed(WebUIKeywordMain.groovy:64)
	at com.kms.katalon.core.webui.keyword.internal.WebUIKeywordMain.runKeyword(WebUIKeywordMain.groovy:26)
	at com.kms.katalon.core.webui.keyword.builtin.ClickKeyword.click(ClickKeyword.groovy:75)
	at com.kms.katalon.core.webui.keyword.builtin.ClickKeyword.execute(ClickKeyword.groovy:42)
	at com.kms.katalon.core.keyword.internal.KeywordExecutor.executeKeywordForPlatform(KeywordExecutor.groovy:73)
	at com.kms.katalon.core.webui.keyword.WebUiBuiltInKeywords.click(WebUiBuiltInKeywords.groovy:619)
	at com.kms.katalon.core.webui.keyword.WebUiBuiltInKeywords$click$3.call(Unknown Source)
	at TC12_InvitePeopleToTeam.run(TC12_InvitePeopleToTeam:26)
	at com.kms.katalon.core.main.ScriptEngine.run(ScriptEngine.java:194)
	at com.kms.katalon.core.main.ScriptEngine.runScriptAsRawText(ScriptEngine.java:119)
	at com.kms.katalon.core.main.TestCaseExecutor.runScript(TestCaseExecutor.java:398)
	at com.kms.katalon.core.main.TestCaseExecutor.doExecute(TestCaseExecutor.java:389)
	at com.kms.katalon.core.main.TestCaseExecutor.processExecutionPhase(TestCaseExecutor.java:368)
	at com.kms.katalon.core.main.TestCaseExecutor.accessMainPhase(TestCaseExecutor.java:360)
	at com.kms.katalon.core.main.TestCaseExecutor.execute(TestCaseExecutor.java:255)
	at com.kms.katalon.core.main.TestSuiteExecutor.accessTestCaseMainPhase(TestSuiteExecutor.java:203)
	at com.kms.katalon.core.main.TestSuiteExecutor.accessTestSuiteMainPhase(TestSuiteExecutor.java:152)
	at com.kms.katalon.core.main.TestSuiteExecutor.execute(TestSuiteExecutor.java:95)
	at com.kms.katalon.core.main.TestCaseMain.startTestSuite(TestCaseMain.java:157)
	at com.kms.katalon.core.main.TestCaseMain$startTestSuite$0.call(Unknown Source)
	at TempTestSuite1622124825440.run(TempTestSuite1622124825440.groovy:39)
Caused by: java.lang.IllegalArgumentException: Object is null
	at com.kms.katalon.core.helper.KeywordHelper.checkTestObjectParameter(KeywordHelper.java:33)
	at com.kms.katalon.core.webui.keyword.builtin.ClickKeyword$_click_closure1.doCall(ClickKeyword.groovy:64)
	at com.kms.katalon.core.webui.keyword.builtin.ClickKeyword$_click_closure1.call(ClickKeyword.groovy)
	at com.kms.katalon.core.webui.keyword.internal.WebUIKeywordMain.runKeyword(WebUIKeywordMain.groovy:20)
	... 19 more]]></system-err>
      </testcase>
      <testcase name="Test Cases/1712666/TC13_UpdateTeamName" time="18.467" classname="Test Cases/1712666/TC13_UpdateTeamName" status="FAILED">
         <failure type="FAILED" message="Test Cases/1712666/TC13_UpdateTeamName FAILED.
Reason:
com.kms.katalon.core.exception.StepFailedException: Unable to click on object
	at com.kms.katalon.core.webui.keyword.internal.WebUIKeywordMain.stepFailed(WebUIKeywordMain.groovy:64)
	at com.kms.katalon.core.webui.keyword.internal.WebUIKeywordMain.runKeyword(WebUIKeywordMain.groovy:26)
	at com.kms.katalon.core.webui.keyword.builtin.ClickKeyword.click(ClickKeyword.groovy:75)
	at com.kms.katalon.core.webui.keyword.builtin.ClickKeyword.execute(ClickKeyword.groovy:42)
	at com.kms.katalon.core.keyword.internal.KeywordExecutor.executeKeywordForPlatform(KeywordExecutor.groovy:73)
	at com.kms.katalon.core.webui.keyword.WebUiBuiltInKeywords.click(WebUiBuiltInKeywords.groovy:619)
	at com.kms.katalon.core.webui.keyword.WebUiBuiltInKeywords$click$3.call(Unknown Source)
	at TC13_UpdateTeamName.run(TC13_UpdateTeamName:27)
	at com.kms.katalon.core.main.ScriptEngine.run(ScriptEngine.java:194)
	at com.kms.katalon.core.main.ScriptEngine.runScriptAsRawText(ScriptEngine.java:119)
	at com.kms.katalon.core.main.TestCaseExecutor.runScript(TestCaseExecutor.java:398)
	at com.kms.katalon.core.main.TestCaseExecutor.doExecute(TestCaseExecutor.java:389)
	at com.kms.katalon.core.main.TestCaseExecutor.processExecutionPhase(TestCaseExecutor.java:368)
	at com.kms.katalon.core.main.TestCaseExecutor.accessMainPhase(TestCaseExecutor.java:360)
	at com.kms.katalon.core.main.TestCaseExecutor.execute(TestCaseExecutor.java:255)
	at com.kms.katalon.core.main.TestSuiteExecutor.accessTestCaseMainPhase(TestSuiteExecutor.java:203)
	at com.kms.katalon.core.main.TestSuiteExecutor.accessTestSuiteMainPhase(TestSuiteExecutor.java:152)
	at com.kms.katalon.core.main.TestSuiteExecutor.execute(TestSuiteExecutor.java:95)
	at com.kms.katalon.core.main.TestCaseMain.startTestSuite(TestCaseMain.java:157)
	at com.kms.katalon.core.main.TestCaseMain$startTestSuite$0.call(Unknown Source)
	at TempTestSuite1622124825440.run(TempTestSuite1622124825440.groovy:39)
Caused by: java.lang.IllegalArgumentException: Object is null
	at com.kms.katalon.core.helper.KeywordHelper.checkTestObjectParameter(KeywordHelper.java:33)
	at com.kms.katalon.core.webui.keyword.builtin.ClickKeyword$_click_closure1.doCall(ClickKeyword.groovy:64)
	at com.kms.katalon.core.webui.keyword.builtin.ClickKeyword$_click_closure1.call(ClickKeyword.groovy)
	at com.kms.katalon.core.webui.keyword.internal.WebUIKeywordMain.runKeyword(WebUIKeywordMain.groovy:20)
	... 19 more
"/>
         <system-out><![CDATA[2021-05-27 21:21:32 - [TEST_CASE][FAILED] - Test Cases/1712666/TC13_UpdateTeamName: Test Cases/1712666/TC13_UpdateTeamName FAILED.
Reason:
com.kms.katalon.core.exception.StepFailedException: Unable to click on object
	at com.kms.katalon.core.webui.keyword.internal.WebUIKeywordMain.stepFailed(WebUIKeywordMain.groovy:64)
	at com.kms.katalon.core.webui.keyword.internal.WebUIKeywordMain.runKeyword(WebUIKeywordMain.groovy:26)
	at com.kms.katalon.core.webui.keyword.builtin.ClickKeyword.click(ClickKeyword.groovy:75)
	at com.kms.katalon.core.webui.keyword.builtin.ClickKeyword.execute(ClickKeyword.groovy:42)
	at com.kms.katalon.core.keyword.internal.KeywordExecutor.executeKeywordForPlatform(KeywordExecutor.groovy:73)
	at com.kms.katalon.core.webui.keyword.WebUiBuiltInKeywords.click(WebUiBuiltInKeywords.groovy:619)
	at com.kms.katalon.core.webui.keyword.WebUiBuiltInKeywords$click$3.call(Unknown Source)
	at TC13_UpdateTeamName.run(TC13_UpdateTeamName:27)
	at com.kms.katalon.core.main.ScriptEngine.run(ScriptEngine.java:194)
	at com.kms.katalon.core.main.ScriptEngine.runScriptAsRawText(ScriptEngine.java:119)
	at com.kms.katalon.core.main.TestCaseExecutor.runScript(TestCaseExecutor.java:398)
	at com.kms.katalon.core.main.TestCaseExecutor.doExecute(TestCaseExecutor.java:389)
	at com.kms.katalon.core.main.TestCaseExecutor.processExecutionPhase(TestCaseExecutor.java:368)
	at com.kms.katalon.core.main.TestCaseExecutor.accessMainPhase(TestCaseExecutor.java:360)
	at com.kms.katalon.core.main.TestCaseExecutor.execute(TestCaseExecutor.java:255)
	at com.kms.katalon.core.main.TestSuiteExecutor.accessTestCaseMainPhase(TestSuiteExecutor.java:203)
	at com.kms.katalon.core.main.TestSuiteExecutor.accessTestSuiteMainPhase(TestSuiteExecutor.java:152)
	at com.kms.katalon.core.main.TestSuiteExecutor.execute(TestSuiteExecutor.java:95)
	at com.kms.katalon.core.main.TestCaseMain.startTestSuite(TestCaseMain.java:157)
	at com.kms.katalon.core.main.TestCaseMain$startTestSuite$0.call(Unknown Source)
	at TempTestSuite1622124825440.run(TempTestSuite1622124825440.groovy:39)
Caused by: java.lang.IllegalArgumentException: Object is null
	at com.kms.katalon.core.helper.KeywordHelper.checkTestObjectParameter(KeywordHelper.java:33)
	at com.kms.katalon.core.webui.keyword.builtin.ClickKeyword$_click_closure1.doCall(ClickKeyword.groovy:64)
	at com.kms.katalon.core.webui.keyword.builtin.ClickKeyword$_click_closure1.call(ClickKeyword.groovy)
	at com.kms.katalon.core.webui.keyword.internal.WebUIKeywordMain.runKeyword(WebUIKeywordMain.groovy:20)
	... 19 more


2021-05-27 21:21:33 - [TEST_STEP][PASSED] - openBrowser(""): Browser is opened with url: ''

2021-05-27 21:21:33 - [MESSAGE][WARNING] - A browser is already opened. Closing browser and opening a new one

2021-05-27 21:21:35 - [MESSAGE][INFO] - Starting 'Chrome' driver

2021-05-27 21:21:35 - [MESSAGE][INFO] - Action delay is set to 0 milliseconds

2021-05-27 21:21:37 - [MESSAGE][PASSED] - Browser is opened with url: ''

2021-05-27 21:21:37 - [TEST_STEP][PASSED] - navigateToUrl("https://mattermostwebapp.herokuapp.com/"): Navigate to 'https://mattermostwebapp.herokuapp.com/' successfully

2021-05-27 21:21:42 - [MESSAGE][PASSED] - Navigate to 'https://mattermostwebapp.herokuapp.com/' successfully

2021-05-27 21:21:42 - [TEST_STEP][PASSED] - callTestCase(findTestCase("1712666/CommonTC/CTC_Login"), ["var_username":"phuc", "var_password":"CSt51UwWECc="]): Call Test Case 'Test Cases/1712666/CommonTC/CTC_Login' successfully

2021-05-27 21:21:42 - [TEST_CASE][PASSED] - Test Cases/1712666/CommonTC/CTC_Login: Test Cases/1712666/CommonTC/CTC_Login

2021-05-27 21:21:42 - [TEST_STEP][PASSED] - setText(findTestObject("Object Repository/1412263_Page_Mattermost/input_All team communication in one place, _dcc84b"), var_username): Text 'phuc' is set on object 'Object Repository/1412263_Page_Mattermost/input_All team communication in one place, _dcc84b'

2021-05-27 21:21:48 - [MESSAGE][PASSED] - Text 'phuc' is set on object 'Object Repository/1412263_Page_Mattermost/input_All team communication in one place, _dcc84b'

2021-05-27 21:21:48 - [TEST_STEP][PASSED] - setEncryptedText(findTestObject("Object Repository/1412263_Page_Mattermost/input_All team communication in one place, _a3edc6"), var_password): Text ****** has been set on object 'Object Repository/1412263_Page_Mattermost/input_All team communication in one place, _a3edc6'

2021-05-27 21:21:49 - [MESSAGE][PASSED] - Text ****** has been set on object 'Object Repository/1412263_Page_Mattermost/input_All team communication in one place, _a3edc6'

2021-05-27 21:21:49 - [TEST_STEP][PASSED] - click(findTestObject("Object Repository/1412263_Page_Mattermost/span_Sign in")): Object: 'Object Repository/1412263_Page_Mattermost/span_Sign in' is clicked on

2021-05-27 21:21:50 - [MESSAGE][PASSED] - Object: 'Object Repository/1412263_Page_Mattermost/span_Sign in' is clicked on

2021-05-27 21:21:50 - [MESSAGE][PASSED] - Call Test Case 'Test Cases/1712666/CommonTC/CTC_Login' successfully

2021-05-27 21:21:50 - [TEST_STEP][FAILED] - click(findTestObject("Object Repository/Page_Mattermost/span_Sign in (3)")): Unable to click on object (Root cause: com.kms.katalon.core.exception.StepFailedException: Unable to click on object
	at com.kms.katalon.core.webui.keyword.internal.WebUIKeywordMain.stepFailed(WebUIKeywordMain.groovy:64)
	at com.kms.katalon.core.webui.keyword.internal.WebUIKeywordMain.runKeyword(WebUIKeywordMain.groovy:26)
	at com.kms.katalon.core.webui.keyword.builtin.ClickKeyword.click(ClickKeyword.groovy:75)
	at com.kms.katalon.core.webui.keyword.builtin.ClickKeyword.execute(ClickKeyword.groovy:42)
	at com.kms.katalon.core.keyword.internal.KeywordExecutor.executeKeywordForPlatform(KeywordExecutor.groovy:73)
	at com.kms.katalon.core.webui.keyword.WebUiBuiltInKeywords.click(WebUiBuiltInKeywords.groovy:619)
	at com.kms.katalon.core.webui.keyword.WebUiBuiltInKeywords$click$3.call(Unknown Source)
	at TC13_UpdateTeamName.run(TC13_UpdateTeamName:27)
	at com.kms.katalon.core.main.ScriptEngine.run(ScriptEngine.java:194)
	at com.kms.katalon.core.main.ScriptEngine.runScriptAsRawText(ScriptEngine.java:119)
	at com.kms.katalon.core.main.TestCaseExecutor.runScript(TestCaseExecutor.java:398)
	at com.kms.katalon.core.main.TestCaseExecutor.doExecute(TestCaseExecutor.java:389)
	at com.kms.katalon.core.main.TestCaseExecutor.processExecutionPhase(TestCaseExecutor.java:368)
	at com.kms.katalon.core.main.TestCaseExecutor.accessMainPhase(TestCaseExecutor.java:360)
	at com.kms.katalon.core.main.TestCaseExecutor.execute(TestCaseExecutor.java:255)
	at com.kms.katalon.core.main.TestSuiteExecutor.accessTestCaseMainPhase(TestSuiteExecutor.java:203)
	at com.kms.katalon.core.main.TestSuiteExecutor.accessTestSuiteMainPhase(TestSuiteExecutor.java:152)
	at com.kms.katalon.core.main.TestSuiteExecutor.execute(TestSuiteExecutor.java:95)
	at com.kms.katalon.core.main.TestCaseMain.startTestSuite(TestCaseMain.java:157)
	at com.kms.katalon.core.main.TestCaseMain$startTestSuite$0.call(Unknown Source)
	at TempTestSuite1622124825440.run(TempTestSuite1622124825440.groovy:39)
Caused by: java.lang.IllegalArgumentException: Object is null
	at com.kms.katalon.core.helper.KeywordHelper.checkTestObjectParameter(KeywordHelper.java:33)
	at com.kms.katalon.core.webui.keyword.builtin.ClickKeyword$_click_closure1.doCall(ClickKeyword.groovy:64)
	at com.kms.katalon.core.webui.keyword.builtin.ClickKeyword$_click_closure1.call(ClickKeyword.groovy)
	at com.kms.katalon.core.webui.keyword.internal.WebUIKeywordMain.runKeyword(WebUIKeywordMain.groovy:20)
	at com.kms.katalon.core.webui.keyword.builtin.ClickKeyword.click(ClickKeyword.groovy:75)
	at com.kms.katalon.core.webui.keyword.builtin.ClickKeyword.execute(ClickKeyword.groovy:42)
	at com.kms.katalon.core.keyword.internal.KeywordExecutor.executeKeywordForPlatform(KeywordExecutor.groovy:73)
	at com.kms.katalon.core.webui.keyword.WebUiBuiltInKeywords.click(WebUiBuiltInKeywords.groovy:619)
	at com.kms.katalon.core.webui.keyword.WebUiBuiltInKeywords$click$3.call(Unknown Source)
	at Script1621520335662.run(Script1621520335662.groovy:27)
	... 13 more
)

2021-05-27 21:21:50 - [MESSAGE][WARNING] - Test object with id 'Object Repository/Page_Mattermost/span_Sign in (3)' does not exist

2021-05-27 21:21:50 - [MESSAGE][WARNING] - Test object with id 'Object Repository/' does not exist

2021-05-27 21:21:51 - [MESSAGE][FAILED] - Unable to click on object (Root cause: com.kms.katalon.core.exception.StepFailedException: Unable to click on object
	at com.kms.katalon.core.webui.keyword.internal.WebUIKeywordMain.stepFailed(WebUIKeywordMain.groovy:64)
	at com.kms.katalon.core.webui.keyword.internal.WebUIKeywordMain.runKeyword(WebUIKeywordMain.groovy:26)
	at com.kms.katalon.core.webui.keyword.builtin.ClickKeyword.click(ClickKeyword.groovy:75)
	at com.kms.katalon.core.webui.keyword.builtin.ClickKeyword.execute(ClickKeyword.groovy:42)
	at com.kms.katalon.core.keyword.internal.KeywordExecutor.executeKeywordForPlatform(KeywordExecutor.groovy:73)
	at com.kms.katalon.core.webui.keyword.WebUiBuiltInKeywords.click(WebUiBuiltInKeywords.groovy:619)
	at com.kms.katalon.core.webui.keyword.WebUiBuiltInKeywords$click$3.call(Unknown Source)
	at TC13_UpdateTeamName.run(TC13_UpdateTeamName:27)
	at com.kms.katalon.core.main.ScriptEngine.run(ScriptEngine.java:194)
	at com.kms.katalon.core.main.ScriptEngine.runScriptAsRawText(ScriptEngine.java:119)
	at com.kms.katalon.core.main.TestCaseExecutor.runScript(TestCaseExecutor.java:398)
	at com.kms.katalon.core.main.TestCaseExecutor.doExecute(TestCaseExecutor.java:389)
	at com.kms.katalon.core.main.TestCaseExecutor.processExecutionPhase(TestCaseExecutor.java:368)
	at com.kms.katalon.core.main.TestCaseExecutor.accessMainPhase(TestCaseExecutor.java:360)
	at com.kms.katalon.core.main.TestCaseExecutor.execute(TestCaseExecutor.java:255)
	at com.kms.katalon.core.main.TestSuiteExecutor.accessTestCaseMainPhase(TestSuiteExecutor.java:203)
	at com.kms.katalon.core.main.TestSuiteExecutor.accessTestSuiteMainPhase(TestSuiteExecutor.java:152)
	at com.kms.katalon.core.main.TestSuiteExecutor.execute(TestSuiteExecutor.java:95)
	at com.kms.katalon.core.main.TestCaseMain.startTestSuite(TestCaseMain.java:157)
	at com.kms.katalon.core.main.TestCaseMain$startTestSuite$0.call(Unknown Source)
	at TempTestSuite1622124825440.run(TempTestSuite1622124825440.groovy:39)
Caused by: java.lang.IllegalArgumentException: Object is null
	at com.kms.katalon.core.helper.KeywordHelper.checkTestObjectParameter(KeywordHelper.java:33)
	at com.kms.katalon.core.webui.keyword.builtin.ClickKeyword$_click_closure1.doCall(ClickKeyword.groovy:64)
	at com.kms.katalon.core.webui.keyword.builtin.ClickKeyword$_click_closure1.call(ClickKeyword.groovy)
	at com.kms.katalon.core.webui.keyword.internal.WebUIKeywordMain.runKeyword(WebUIKeywordMain.groovy:20)
	at com.kms.katalon.core.webui.keyword.builtin.ClickKeyword.click(ClickKeyword.groovy:75)
	at com.kms.katalon.core.webui.keyword.builtin.ClickKeyword.execute(ClickKeyword.groovy:42)
	at com.kms.katalon.core.keyword.internal.KeywordExecutor.executeKeywordForPlatform(KeywordExecutor.groovy:73)
	at com.kms.katalon.core.webui.keyword.WebUiBuiltInKeywords.click(WebUiBuiltInKeywords.groovy:619)
	at com.kms.katalon.core.webui.keyword.WebUiBuiltInKeywords$click$3.call(Unknown Source)
	at Script1621520335662.run(Script1621520335662.groovy:27)
	... 13 more
)
[[ATTACHMENT|E:\\Tai lieu hoc\\Nam 7\\HK2\\New Topics\\Homework 2\\New folder\\Mattermost_Autotesting_2\\Mattermost_AutoTesting\\Reports\\20210527_211345\\1412263\\Run_All_Test_Cases\\20210527_211345\\1622125310576.png]]]]></system-out>
         <system-err><![CDATA[2021-05-27 21:21:32 - [TEST_CASE][FAILED] - Test Cases/1712666/TC13_UpdateTeamName: Test Cases/1712666/TC13_UpdateTeamName FAILED.
Reason:
com.kms.katalon.core.exception.StepFailedException: Unable to click on object
	at com.kms.katalon.core.webui.keyword.internal.WebUIKeywordMain.stepFailed(WebUIKeywordMain.groovy:64)
	at com.kms.katalon.core.webui.keyword.internal.WebUIKeywordMain.runKeyword(WebUIKeywordMain.groovy:26)
	at com.kms.katalon.core.webui.keyword.builtin.ClickKeyword.click(ClickKeyword.groovy:75)
	at com.kms.katalon.core.webui.keyword.builtin.ClickKeyword.execute(ClickKeyword.groovy:42)
	at com.kms.katalon.core.keyword.internal.KeywordExecutor.executeKeywordForPlatform(KeywordExecutor.groovy:73)
	at com.kms.katalon.core.webui.keyword.WebUiBuiltInKeywords.click(WebUiBuiltInKeywords.groovy:619)
	at com.kms.katalon.core.webui.keyword.WebUiBuiltInKeywords$click$3.call(Unknown Source)
	at TC13_UpdateTeamName.run(TC13_UpdateTeamName:27)
	at com.kms.katalon.core.main.ScriptEngine.run(ScriptEngine.java:194)
	at com.kms.katalon.core.main.ScriptEngine.runScriptAsRawText(ScriptEngine.java:119)
	at com.kms.katalon.core.main.TestCaseExecutor.runScript(TestCaseExecutor.java:398)
	at com.kms.katalon.core.main.TestCaseExecutor.doExecute(TestCaseExecutor.java:389)
	at com.kms.katalon.core.main.TestCaseExecutor.processExecutionPhase(TestCaseExecutor.java:368)
	at com.kms.katalon.core.main.TestCaseExecutor.accessMainPhase(TestCaseExecutor.java:360)
	at com.kms.katalon.core.main.TestCaseExecutor.execute(TestCaseExecutor.java:255)
	at com.kms.katalon.core.main.TestSuiteExecutor.accessTestCaseMainPhase(TestSuiteExecutor.java:203)
	at com.kms.katalon.core.main.TestSuiteExecutor.accessTestSuiteMainPhase(TestSuiteExecutor.java:152)
	at com.kms.katalon.core.main.TestSuiteExecutor.execute(TestSuiteExecutor.java:95)
	at com.kms.katalon.core.main.TestCaseMain.startTestSuite(TestCaseMain.java:157)
	at com.kms.katalon.core.main.TestCaseMain$startTestSuite$0.call(Unknown Source)
	at TempTestSuite1622124825440.run(TempTestSuite1622124825440.groovy:39)
Caused by: java.lang.IllegalArgumentException: Object is null
	at com.kms.katalon.core.helper.KeywordHelper.checkTestObjectParameter(KeywordHelper.java:33)
	at com.kms.katalon.core.webui.keyword.builtin.ClickKeyword$_click_closure1.doCall(ClickKeyword.groovy:64)
	at com.kms.katalon.core.webui.keyword.builtin.ClickKeyword$_click_closure1.call(ClickKeyword.groovy)
	at com.kms.katalon.core.webui.keyword.internal.WebUIKeywordMain.runKeyword(WebUIKeywordMain.groovy:20)
	... 19 more]]></system-err>
      </testcase>
      <testcase name="Test Cases/1712666/TC14_UpdateTeamDescription" time="21.716" classname="Test Cases/1712666/TC14_UpdateTeamDescription" status="FAILED">
         <failure type="FAILED" message="Test Cases/1712666/TC14_UpdateTeamDescription FAILED.
Reason:
com.kms.katalon.core.exception.StepFailedException: Unable to click on object
	at com.kms.katalon.core.webui.keyword.internal.WebUIKeywordMain.stepFailed(WebUIKeywordMain.groovy:64)
	at com.kms.katalon.core.webui.keyword.internal.WebUIKeywordMain.runKeyword(WebUIKeywordMain.groovy:26)
	at com.kms.katalon.core.webui.keyword.builtin.ClickKeyword.click(ClickKeyword.groovy:75)
	at com.kms.katalon.core.webui.keyword.builtin.ClickKeyword.execute(ClickKeyword.groovy:42)
	at com.kms.katalon.core.keyword.internal.KeywordExecutor.executeKeywordForPlatform(KeywordExecutor.groovy:73)
	at com.kms.katalon.core.webui.keyword.WebUiBuiltInKeywords.click(WebUiBuiltInKeywords.groovy:619)
	at com.kms.katalon.core.webui.keyword.WebUiBuiltInKeywords$click$3.call(Unknown Source)
	at TC14_UpdateTeamDescription.run(TC14_UpdateTeamDescription:27)
	at com.kms.katalon.core.main.ScriptEngine.run(ScriptEngine.java:194)
	at com.kms.katalon.core.main.ScriptEngine.runScriptAsRawText(ScriptEngine.java:119)
	at com.kms.katalon.core.main.TestCaseExecutor.runScript(TestCaseExecutor.java:398)
	at com.kms.katalon.core.main.TestCaseExecutor.doExecute(TestCaseExecutor.java:389)
	at com.kms.katalon.core.main.TestCaseExecutor.processExecutionPhase(TestCaseExecutor.java:368)
	at com.kms.katalon.core.main.TestCaseExecutor.accessMainPhase(TestCaseExecutor.java:360)
	at com.kms.katalon.core.main.TestCaseExecutor.execute(TestCaseExecutor.java:255)
	at com.kms.katalon.core.main.TestSuiteExecutor.accessTestCaseMainPhase(TestSuiteExecutor.java:203)
	at com.kms.katalon.core.main.TestSuiteExecutor.accessTestSuiteMainPhase(TestSuiteExecutor.java:152)
	at com.kms.katalon.core.main.TestSuiteExecutor.execute(TestSuiteExecutor.java:95)
	at com.kms.katalon.core.main.TestCaseMain.startTestSuite(TestCaseMain.java:157)
	at com.kms.katalon.core.main.TestCaseMain$startTestSuite$0.call(Unknown Source)
	at TempTestSuite1622124825440.run(TempTestSuite1622124825440.groovy:39)
Caused by: java.lang.IllegalArgumentException: Object is null
	at com.kms.katalon.core.helper.KeywordHelper.checkTestObjectParameter(KeywordHelper.java:33)
	at com.kms.katalon.core.webui.keyword.builtin.ClickKeyword$_click_closure1.doCall(ClickKeyword.groovy:64)
	at com.kms.katalon.core.webui.keyword.builtin.ClickKeyword$_click_closure1.call(ClickKeyword.groovy)
	at com.kms.katalon.core.webui.keyword.internal.WebUIKeywordMain.runKeyword(WebUIKeywordMain.groovy:20)
	... 19 more
"/>
         <system-out><![CDATA[2021-05-27 21:21:51 - [TEST_CASE][FAILED] - Test Cases/1712666/TC14_UpdateTeamDescription: Test Cases/1712666/TC14_UpdateTeamDescription FAILED.
Reason:
com.kms.katalon.core.exception.StepFailedException: Unable to click on object
	at com.kms.katalon.core.webui.keyword.internal.WebUIKeywordMain.stepFailed(WebUIKeywordMain.groovy:64)
	at com.kms.katalon.core.webui.keyword.internal.WebUIKeywordMain.runKeyword(WebUIKeywordMain.groovy:26)
	at com.kms.katalon.core.webui.keyword.builtin.ClickKeyword.click(ClickKeyword.groovy:75)
	at com.kms.katalon.core.webui.keyword.builtin.ClickKeyword.execute(ClickKeyword.groovy:42)
	at com.kms.katalon.core.keyword.internal.KeywordExecutor.executeKeywordForPlatform(KeywordExecutor.groovy:73)
	at com.kms.katalon.core.webui.keyword.WebUiBuiltInKeywords.click(WebUiBuiltInKeywords.groovy:619)
	at com.kms.katalon.core.webui.keyword.WebUiBuiltInKeywords$click$3.call(Unknown Source)
	at TC14_UpdateTeamDescription.run(TC14_UpdateTeamDescription:27)
	at com.kms.katalon.core.main.ScriptEngine.run(ScriptEngine.java:194)
	at com.kms.katalon.core.main.ScriptEngine.runScriptAsRawText(ScriptEngine.java:119)
	at com.kms.katalon.core.main.TestCaseExecutor.runScript(TestCaseExecutor.java:398)
	at com.kms.katalon.core.main.TestCaseExecutor.doExecute(TestCaseExecutor.java:389)
	at com.kms.katalon.core.main.TestCaseExecutor.processExecutionPhase(TestCaseExecutor.java:368)
	at com.kms.katalon.core.main.TestCaseExecutor.accessMainPhase(TestCaseExecutor.java:360)
	at com.kms.katalon.core.main.TestCaseExecutor.execute(TestCaseExecutor.java:255)
	at com.kms.katalon.core.main.TestSuiteExecutor.accessTestCaseMainPhase(TestSuiteExecutor.java:203)
	at com.kms.katalon.core.main.TestSuiteExecutor.accessTestSuiteMainPhase(TestSuiteExecutor.java:152)
	at com.kms.katalon.core.main.TestSuiteExecutor.execute(TestSuiteExecutor.java:95)
	at com.kms.katalon.core.main.TestCaseMain.startTestSuite(TestCaseMain.java:157)
	at com.kms.katalon.core.main.TestCaseMain$startTestSuite$0.call(Unknown Source)
	at TempTestSuite1622124825440.run(TempTestSuite1622124825440.groovy:39)
Caused by: java.lang.IllegalArgumentException: Object is null
	at com.kms.katalon.core.helper.KeywordHelper.checkTestObjectParameter(KeywordHelper.java:33)
	at com.kms.katalon.core.webui.keyword.builtin.ClickKeyword$_click_closure1.doCall(ClickKeyword.groovy:64)
	at com.kms.katalon.core.webui.keyword.builtin.ClickKeyword$_click_closure1.call(ClickKeyword.groovy)
	at com.kms.katalon.core.webui.keyword.internal.WebUIKeywordMain.runKeyword(WebUIKeywordMain.groovy:20)
	... 19 more


2021-05-27 21:21:52 - [TEST_STEP][PASSED] - openBrowser(""): Browser is opened with url: ''

2021-05-27 21:21:52 - [MESSAGE][WARNING] - A browser is already opened. Closing browser and opening a new one

2021-05-27 21:21:53 - [MESSAGE][INFO] - Starting 'Chrome' driver

2021-05-27 21:21:53 - [MESSAGE][INFO] - Action delay is set to 0 milliseconds

2021-05-27 21:21:55 - [MESSAGE][PASSED] - Browser is opened with url: ''

2021-05-27 21:21:55 - [TEST_STEP][PASSED] - navigateToUrl("https://mattermostwebapp.herokuapp.com/"): Navigate to 'https://mattermostwebapp.herokuapp.com/' successfully

2021-05-27 21:22:04 - [MESSAGE][PASSED] - Navigate to 'https://mattermostwebapp.herokuapp.com/' successfully

2021-05-27 21:22:04 - [TEST_STEP][PASSED] - callTestCase(findTestCase("1712666/CommonTC/CTC_Login"), ["var_username":"phuc", "var_password":"CSt51UwWECc="]): Call Test Case 'Test Cases/1712666/CommonTC/CTC_Login' successfully

2021-05-27 21:22:04 - [TEST_CASE][PASSED] - Test Cases/1712666/CommonTC/CTC_Login: Test Cases/1712666/CommonTC/CTC_Login

2021-05-27 21:22:04 - [TEST_STEP][PASSED] - setText(findTestObject("Object Repository/1412263_Page_Mattermost/input_All team communication in one place, _dcc84b"), var_username): Text 'phuc' is set on object 'Object Repository/1412263_Page_Mattermost/input_All team communication in one place, _dcc84b'

2021-05-27 21:22:10 - [MESSAGE][PASSED] - Text 'phuc' is set on object 'Object Repository/1412263_Page_Mattermost/input_All team communication in one place, _dcc84b'

2021-05-27 21:22:10 - [TEST_STEP][PASSED] - setEncryptedText(findTestObject("Object Repository/1412263_Page_Mattermost/input_All team communication in one place, _a3edc6"), var_password): Text ****** has been set on object 'Object Repository/1412263_Page_Mattermost/input_All team communication in one place, _a3edc6'

2021-05-27 21:22:11 - [MESSAGE][PASSED] - Text ****** has been set on object 'Object Repository/1412263_Page_Mattermost/input_All team communication in one place, _a3edc6'

2021-05-27 21:22:11 - [TEST_STEP][PASSED] - click(findTestObject("Object Repository/1412263_Page_Mattermost/span_Sign in")): Object: 'Object Repository/1412263_Page_Mattermost/span_Sign in' is clicked on

2021-05-27 21:22:12 - [MESSAGE][PASSED] - Object: 'Object Repository/1412263_Page_Mattermost/span_Sign in' is clicked on

2021-05-27 21:22:12 - [MESSAGE][PASSED] - Call Test Case 'Test Cases/1712666/CommonTC/CTC_Login' successfully

2021-05-27 21:22:12 - [TEST_STEP][FAILED] - click(findTestObject("Object Repository/Page_Mattermost/button_Sign in (1)")): Unable to click on object (Root cause: com.kms.katalon.core.exception.StepFailedException: Unable to click on object
	at com.kms.katalon.core.webui.keyword.internal.WebUIKeywordMain.stepFailed(WebUIKeywordMain.groovy:64)
	at com.kms.katalon.core.webui.keyword.internal.WebUIKeywordMain.runKeyword(WebUIKeywordMain.groovy:26)
	at com.kms.katalon.core.webui.keyword.builtin.ClickKeyword.click(ClickKeyword.groovy:75)
	at com.kms.katalon.core.webui.keyword.builtin.ClickKeyword.execute(ClickKeyword.groovy:42)
	at com.kms.katalon.core.keyword.internal.KeywordExecutor.executeKeywordForPlatform(KeywordExecutor.groovy:73)
	at com.kms.katalon.core.webui.keyword.WebUiBuiltInKeywords.click(WebUiBuiltInKeywords.groovy:619)
	at com.kms.katalon.core.webui.keyword.WebUiBuiltInKeywords$click$3.call(Unknown Source)
	at TC14_UpdateTeamDescription.run(TC14_UpdateTeamDescription:27)
	at com.kms.katalon.core.main.ScriptEngine.run(ScriptEngine.java:194)
	at com.kms.katalon.core.main.ScriptEngine.runScriptAsRawText(ScriptEngine.java:119)
	at com.kms.katalon.core.main.TestCaseExecutor.runScript(TestCaseExecutor.java:398)
	at com.kms.katalon.core.main.TestCaseExecutor.doExecute(TestCaseExecutor.java:389)
	at com.kms.katalon.core.main.TestCaseExecutor.processExecutionPhase(TestCaseExecutor.java:368)
	at com.kms.katalon.core.main.TestCaseExecutor.accessMainPhase(TestCaseExecutor.java:360)
	at com.kms.katalon.core.main.TestCaseExecutor.execute(TestCaseExecutor.java:255)
	at com.kms.katalon.core.main.TestSuiteExecutor.accessTestCaseMainPhase(TestSuiteExecutor.java:203)
	at com.kms.katalon.core.main.TestSuiteExecutor.accessTestSuiteMainPhase(TestSuiteExecutor.java:152)
	at com.kms.katalon.core.main.TestSuiteExecutor.execute(TestSuiteExecutor.java:95)
	at com.kms.katalon.core.main.TestCaseMain.startTestSuite(TestCaseMain.java:157)
	at com.kms.katalon.core.main.TestCaseMain$startTestSuite$0.call(Unknown Source)
	at TempTestSuite1622124825440.run(TempTestSuite1622124825440.groovy:39)
Caused by: java.lang.IllegalArgumentException: Object is null
	at com.kms.katalon.core.helper.KeywordHelper.checkTestObjectParameter(KeywordHelper.java:33)
	at com.kms.katalon.core.webui.keyword.builtin.ClickKeyword$_click_closure1.doCall(ClickKeyword.groovy:64)
	at com.kms.katalon.core.webui.keyword.builtin.ClickKeyword$_click_closure1.call(ClickKeyword.groovy)
	at com.kms.katalon.core.webui.keyword.internal.WebUIKeywordMain.runKeyword(WebUIKeywordMain.groovy:20)
	at com.kms.katalon.core.webui.keyword.builtin.ClickKeyword.click(ClickKeyword.groovy:75)
	at com.kms.katalon.core.webui.keyword.builtin.ClickKeyword.execute(ClickKeyword.groovy:42)
	at com.kms.katalon.core.keyword.internal.KeywordExecutor.executeKeywordForPlatform(KeywordExecutor.groovy:73)
	at com.kms.katalon.core.webui.keyword.WebUiBuiltInKeywords.click(WebUiBuiltInKeywords.groovy:619)
	at com.kms.katalon.core.webui.keyword.WebUiBuiltInKeywords$click$3.call(Unknown Source)
	at Script1621522343583.run(Script1621522343583.groovy:27)
	... 13 more
)

2021-05-27 21:22:12 - [MESSAGE][WARNING] - Test object with id 'Object Repository/Page_Mattermost/button_Sign in (1)' does not exist

2021-05-27 21:22:12 - [MESSAGE][WARNING] - Test object with id 'Object Repository/' does not exist

2021-05-27 21:22:12 - [MESSAGE][FAILED] - Unable to click on object (Root cause: com.kms.katalon.core.exception.StepFailedException: Unable to click on object
	at com.kms.katalon.core.webui.keyword.internal.WebUIKeywordMain.stepFailed(WebUIKeywordMain.groovy:64)
	at com.kms.katalon.core.webui.keyword.internal.WebUIKeywordMain.runKeyword(WebUIKeywordMain.groovy:26)
	at com.kms.katalon.core.webui.keyword.builtin.ClickKeyword.click(ClickKeyword.groovy:75)
	at com.kms.katalon.core.webui.keyword.builtin.ClickKeyword.execute(ClickKeyword.groovy:42)
	at com.kms.katalon.core.keyword.internal.KeywordExecutor.executeKeywordForPlatform(KeywordExecutor.groovy:73)
	at com.kms.katalon.core.webui.keyword.WebUiBuiltInKeywords.click(WebUiBuiltInKeywords.groovy:619)
	at com.kms.katalon.core.webui.keyword.WebUiBuiltInKeywords$click$3.call(Unknown Source)
	at TC14_UpdateTeamDescription.run(TC14_UpdateTeamDescription:27)
	at com.kms.katalon.core.main.ScriptEngine.run(ScriptEngine.java:194)
	at com.kms.katalon.core.main.ScriptEngine.runScriptAsRawText(ScriptEngine.java:119)
	at com.kms.katalon.core.main.TestCaseExecutor.runScript(TestCaseExecutor.java:398)
	at com.kms.katalon.core.main.TestCaseExecutor.doExecute(TestCaseExecutor.java:389)
	at com.kms.katalon.core.main.TestCaseExecutor.processExecutionPhase(TestCaseExecutor.java:368)
	at com.kms.katalon.core.main.TestCaseExecutor.accessMainPhase(TestCaseExecutor.java:360)
	at com.kms.katalon.core.main.TestCaseExecutor.execute(TestCaseExecutor.java:255)
	at com.kms.katalon.core.main.TestSuiteExecutor.accessTestCaseMainPhase(TestSuiteExecutor.java:203)
	at com.kms.katalon.core.main.TestSuiteExecutor.accessTestSuiteMainPhase(TestSuiteExecutor.java:152)
	at com.kms.katalon.core.main.TestSuiteExecutor.execute(TestSuiteExecutor.java:95)
	at com.kms.katalon.core.main.TestCaseMain.startTestSuite(TestCaseMain.java:157)
	at com.kms.katalon.core.main.TestCaseMain$startTestSuite$0.call(Unknown Source)
	at TempTestSuite1622124825440.run(TempTestSuite1622124825440.groovy:39)
Caused by: java.lang.IllegalArgumentException: Object is null
	at com.kms.katalon.core.helper.KeywordHelper.checkTestObjectParameter(KeywordHelper.java:33)
	at com.kms.katalon.core.webui.keyword.builtin.ClickKeyword$_click_closure1.doCall(ClickKeyword.groovy:64)
	at com.kms.katalon.core.webui.keyword.builtin.ClickKeyword$_click_closure1.call(ClickKeyword.groovy)
	at com.kms.katalon.core.webui.keyword.internal.WebUIKeywordMain.runKeyword(WebUIKeywordMain.groovy:20)
	at com.kms.katalon.core.webui.keyword.builtin.ClickKeyword.click(ClickKeyword.groovy:75)
	at com.kms.katalon.core.webui.keyword.builtin.ClickKeyword.execute(ClickKeyword.groovy:42)
	at com.kms.katalon.core.keyword.internal.KeywordExecutor.executeKeywordForPlatform(KeywordExecutor.groovy:73)
	at com.kms.katalon.core.webui.keyword.WebUiBuiltInKeywords.click(WebUiBuiltInKeywords.groovy:619)
	at com.kms.katalon.core.webui.keyword.WebUiBuiltInKeywords$click$3.call(Unknown Source)
	at Script1621522343583.run(Script1621522343583.groovy:27)
	... 13 more
)
[[ATTACHMENT|E:\\Tai lieu hoc\\Nam 7\\HK2\\New Topics\\Homework 2\\New folder\\Mattermost_Autotesting_2\\Mattermost_AutoTesting\\Reports\\20210527_211345\\1412263\\Run_All_Test_Cases\\20210527_211345\\1622125332385.png]]]]></system-out>
         <system-err><![CDATA[2021-05-27 21:21:51 - [TEST_CASE][FAILED] - Test Cases/1712666/TC14_UpdateTeamDescription: Test Cases/1712666/TC14_UpdateTeamDescription FAILED.
Reason:
com.kms.katalon.core.exception.StepFailedException: Unable to click on object
	at com.kms.katalon.core.webui.keyword.internal.WebUIKeywordMain.stepFailed(WebUIKeywordMain.groovy:64)
	at com.kms.katalon.core.webui.keyword.internal.WebUIKeywordMain.runKeyword(WebUIKeywordMain.groovy:26)
	at com.kms.katalon.core.webui.keyword.builtin.ClickKeyword.click(ClickKeyword.groovy:75)
	at com.kms.katalon.core.webui.keyword.builtin.ClickKeyword.execute(ClickKeyword.groovy:42)
	at com.kms.katalon.core.keyword.internal.KeywordExecutor.executeKeywordForPlatform(KeywordExecutor.groovy:73)
	at com.kms.katalon.core.webui.keyword.WebUiBuiltInKeywords.click(WebUiBuiltInKeywords.groovy:619)
	at com.kms.katalon.core.webui.keyword.WebUiBuiltInKeywords$click$3.call(Unknown Source)
	at TC14_UpdateTeamDescription.run(TC14_UpdateTeamDescription:27)
	at com.kms.katalon.core.main.ScriptEngine.run(ScriptEngine.java:194)
	at com.kms.katalon.core.main.ScriptEngine.runScriptAsRawText(ScriptEngine.java:119)
	at com.kms.katalon.core.main.TestCaseExecutor.runScript(TestCaseExecutor.java:398)
	at com.kms.katalon.core.main.TestCaseExecutor.doExecute(TestCaseExecutor.java:389)
	at com.kms.katalon.core.main.TestCaseExecutor.processExecutionPhase(TestCaseExecutor.java:368)
	at com.kms.katalon.core.main.TestCaseExecutor.accessMainPhase(TestCaseExecutor.java:360)
	at com.kms.katalon.core.main.TestCaseExecutor.execute(TestCaseExecutor.java:255)
	at com.kms.katalon.core.main.TestSuiteExecutor.accessTestCaseMainPhase(TestSuiteExecutor.java:203)
	at com.kms.katalon.core.main.TestSuiteExecutor.accessTestSuiteMainPhase(TestSuiteExecutor.java:152)
	at com.kms.katalon.core.main.TestSuiteExecutor.execute(TestSuiteExecutor.java:95)
	at com.kms.katalon.core.main.TestCaseMain.startTestSuite(TestCaseMain.java:157)
	at com.kms.katalon.core.main.TestCaseMain$startTestSuite$0.call(Unknown Source)
	at TempTestSuite1622124825440.run(TempTestSuite1622124825440.groovy:39)
Caused by: java.lang.IllegalArgumentException: Object is null
	at com.kms.katalon.core.helper.KeywordHelper.checkTestObjectParameter(KeywordHelper.java:33)
	at com.kms.katalon.core.webui.keyword.builtin.ClickKeyword$_click_closure1.doCall(ClickKeyword.groovy:64)
	at com.kms.katalon.core.webui.keyword.builtin.ClickKeyword$_click_closure1.call(ClickKeyword.groovy)
	at com.kms.katalon.core.webui.keyword.internal.WebUIKeywordMain.runKeyword(WebUIKeywordMain.groovy:20)
	... 19 more]]></system-err>
      </testcase>
      <testcase name="Test Cases/1712666/TC15_JoinTeam" time="36.478" classname="Test Cases/1712666/TC15_JoinTeam" status="PASSED">
         <system-out><![CDATA[2021-05-27 21:22:12 - [TEST_CASE][PASSED] - Test Cases/1712666/TC15_JoinTeam: Test Cases/1712666/TC15_JoinTeam

2021-05-27 21:22:13 - [TEST_STEP][PASSED] - openBrowser(""): Browser is opened with url: ''

2021-05-27 21:22:13 - [MESSAGE][WARNING] - A browser is already opened. Closing browser and opening a new one

2021-05-27 21:22:16 - [MESSAGE][INFO] - Starting 'Chrome' driver

2021-05-27 21:22:16 - [MESSAGE][INFO] - Action delay is set to 0 milliseconds

2021-05-27 21:22:19 - [MESSAGE][PASSED] - Browser is opened with url: ''

2021-05-27 21:22:19 - [TEST_STEP][PASSED] - navigateToUrl("https://mattermostwebapp.herokuapp.com/"): Navigate to 'https://mattermostwebapp.herokuapp.com/' successfully

2021-05-27 21:22:24 - [MESSAGE][PASSED] - Navigate to 'https://mattermostwebapp.herokuapp.com/' successfully

2021-05-27 21:22:24 - [TEST_STEP][PASSED] - callTestCase(findTestCase("1712666/CommonTC/CTC_Login"), ["var_username":"phuc", "var_password":"CSt51UwWECc="]): Call Test Case 'Test Cases/1712666/CommonTC/CTC_Login' successfully

2021-05-27 21:22:24 - [TEST_CASE][PASSED] - Test Cases/1712666/CommonTC/CTC_Login: Test Cases/1712666/CommonTC/CTC_Login

2021-05-27 21:22:24 - [TEST_STEP][PASSED] - setText(findTestObject("Object Repository/1412263_Page_Mattermost/input_All team communication in one place, _dcc84b"), var_username): Text 'phuc' is set on object 'Object Repository/1412263_Page_Mattermost/input_All team communication in one place, _dcc84b'

2021-05-27 21:22:30 - [MESSAGE][PASSED] - Text 'phuc' is set on object 'Object Repository/1412263_Page_Mattermost/input_All team communication in one place, _dcc84b'

2021-05-27 21:22:30 - [TEST_STEP][PASSED] - setEncryptedText(findTestObject("Object Repository/1412263_Page_Mattermost/input_All team communication in one place, _a3edc6"), var_password): Text ****** has been set on object 'Object Repository/1412263_Page_Mattermost/input_All team communication in one place, _a3edc6'

2021-05-27 21:22:31 - [MESSAGE][PASSED] - Text ****** has been set on object 'Object Repository/1412263_Page_Mattermost/input_All team communication in one place, _a3edc6'

2021-05-27 21:22:31 - [TEST_STEP][PASSED] - click(findTestObject("Object Repository/1412263_Page_Mattermost/span_Sign in")): Object: 'Object Repository/1412263_Page_Mattermost/span_Sign in' is clicked on

2021-05-27 21:22:32 - [MESSAGE][PASSED] - Object: 'Object Repository/1412263_Page_Mattermost/span_Sign in' is clicked on

2021-05-27 21:22:32 - [MESSAGE][PASSED] - Call Test Case 'Test Cases/1712666/CommonTC/CTC_Login' successfully

2021-05-27 21:22:32 - [TEST_STEP][PASSED] - click(findTestObject("Object Repository/Page_Town Square - test9 Mattermost/div_phuc")): Object: 'Object Repository/Page_Town Square - test9 Mattermost/div_phuc' is clicked on

2021-05-27 21:22:37 - [MESSAGE][PASSED] - Object: 'Object Repository/Page_Town Square - test9 Mattermost/div_phuc' is clicked on

2021-05-27 21:22:37 - [TEST_STEP][PASSED] - click(findTestObject("Object Repository/Page_Town Square - test9 Mattermost/span_Join Another Team")): Object: 'Object Repository/Page_Town Square - test9 Mattermost/span_Join Another Team' is clicked on

2021-05-27 21:22:39 - [MESSAGE][PASSED] - Object: 'Object Repository/Page_Town Square - test9 Mattermost/span_Join Another Team' is clicked on

2021-05-27 21:22:39 - [TEST_STEP][PASSED] - click(findTestObject("Page_Town Square - test9 Mattermost/span_another")): Object: 'Object Repository/Page_Town Square - test9 Mattermost/span_another' is clicked on

2021-05-27 21:22:40 - [MESSAGE][PASSED] - Object: 'Object Repository/Page_Town Square - test9 Mattermost/span_another' is clicked on

2021-05-27 21:22:40 - [TEST_STEP][PASSED] - closeBrowser(): Browser is closed

2021-05-27 21:22:49 - [MESSAGE][PASSED] - Browser is closed]]></system-out>
         <system-err><![CDATA[]]></system-err>
      </testcase>
      <testcase name="Test Cases/1712666/TC16_LeaveTeam" time="50.54" classname="Test Cases/1712666/TC16_LeaveTeam" status="PASSED">
         <system-out><![CDATA[2021-05-27 21:22:49 - [TEST_CASE][PASSED] - Test Cases/1712666/TC16_LeaveTeam: Test Cases/1712666/TC16_LeaveTeam

2021-05-27 21:22:50 - [TEST_STEP][PASSED] - openBrowser(""): Browser is opened with url: ''

2021-05-27 21:22:50 - [MESSAGE][INFO] - Starting 'Chrome' driver

2021-05-27 21:22:50 - [MESSAGE][INFO] - Action delay is set to 0 milliseconds

2021-05-27 21:22:53 - [MESSAGE][PASSED] - Browser is opened with url: ''

2021-05-27 21:22:53 - [TEST_STEP][PASSED] - navigateToUrl("https://mattermostwebapp.herokuapp.com/"): Navigate to 'https://mattermostwebapp.herokuapp.com/' successfully

2021-05-27 21:22:57 - [MESSAGE][PASSED] - Navigate to 'https://mattermostwebapp.herokuapp.com/' successfully

2021-05-27 21:22:57 - [TEST_STEP][PASSED] - callTestCase(findTestCase("1712666/CommonTC/CTC_Login"), ["var_username":"phuc", "var_password":"CSt51UwWECc="]): Call Test Case 'Test Cases/1712666/CommonTC/CTC_Login' successfully

2021-05-27 21:22:57 - [TEST_CASE][PASSED] - Test Cases/1712666/CommonTC/CTC_Login: Test Cases/1712666/CommonTC/CTC_Login

2021-05-27 21:22:57 - [TEST_STEP][PASSED] - setText(findTestObject("Object Repository/1412263_Page_Mattermost/input_All team communication in one place, _dcc84b"), var_username): Text 'phuc' is set on object 'Object Repository/1412263_Page_Mattermost/input_All team communication in one place, _dcc84b'

2021-05-27 21:23:04 - [MESSAGE][PASSED] - Text 'phuc' is set on object 'Object Repository/1412263_Page_Mattermost/input_All team communication in one place, _dcc84b'

2021-05-27 21:23:04 - [TEST_STEP][PASSED] - setEncryptedText(findTestObject("Object Repository/1412263_Page_Mattermost/input_All team communication in one place, _a3edc6"), var_password): Text ****** has been set on object 'Object Repository/1412263_Page_Mattermost/input_All team communication in one place, _a3edc6'

2021-05-27 21:23:06 - [MESSAGE][PASSED] - Text ****** has been set on object 'Object Repository/1412263_Page_Mattermost/input_All team communication in one place, _a3edc6'

2021-05-27 21:23:06 - [TEST_STEP][PASSED] - click(findTestObject("Object Repository/1412263_Page_Mattermost/span_Sign in")): Object: 'Object Repository/1412263_Page_Mattermost/span_Sign in' is clicked on

2021-05-27 21:23:07 - [MESSAGE][PASSED] - Object: 'Object Repository/1412263_Page_Mattermost/span_Sign in' is clicked on

2021-05-27 21:23:07 - [MESSAGE][PASSED] - Call Test Case 'Test Cases/1712666/CommonTC/CTC_Login' successfully

2021-05-27 21:23:07 - [TEST_STEP][PASSED] - callTestCase(findTestCase("1712666/CommonTC/CTC_JoinTeam"), [:]): Call Test Case 'Test Cases/1712666/CommonTC/CTC_JoinTeam' successfully

2021-05-27 21:23:07 - [TEST_CASE][PASSED] - Test Cases/1712666/CommonTC/CTC_JoinTeam: Test Cases/1712666/CommonTC/CTC_JoinTeam

2021-05-27 21:23:08 - [TEST_STEP][PASSED] - openBrowser(""): Browser is opened with url: ''

2021-05-27 21:23:08 - [MESSAGE][WARNING] - A browser is already opened. Closing browser and opening a new one

2021-05-27 21:23:11 - [MESSAGE][INFO] - Starting 'Chrome' driver

2021-05-27 21:23:11 - [MESSAGE][INFO] - Action delay is set to 0 milliseconds

2021-05-27 21:23:14 - [MESSAGE][PASSED] - Browser is opened with url: ''

2021-05-27 21:23:14 - [TEST_STEP][PASSED] - navigateToUrl("https://mattermostwebapp.herokuapp.com/"): Navigate to 'https://mattermostwebapp.herokuapp.com/' successfully

2021-05-27 21:23:19 - [MESSAGE][PASSED] - Navigate to 'https://mattermostwebapp.herokuapp.com/' successfully

2021-05-27 21:23:19 - [TEST_STEP][PASSED] - callTestCase(findTestCase("1712666/CommonTC/CTC_Login"), ["var_username":"phuc", "var_password":"CSt51UwWECc="]): Call Test Case 'Test Cases/1712666/CommonTC/CTC_Login' successfully

2021-05-27 21:23:19 - [TEST_CASE][PASSED] - Test Cases/1712666/CommonTC/CTC_Login: Test Cases/1712666/CommonTC/CTC_Login

2021-05-27 21:23:19 - [TEST_STEP][PASSED] - setText(findTestObject("Object Repository/1412263_Page_Mattermost/input_All team communication in one place, _dcc84b"), var_username): Text 'phuc' is set on object 'Object Repository/1412263_Page_Mattermost/input_All team communication in one place, _dcc84b'

2021-05-27 21:23:24 - [MESSAGE][PASSED] - Text 'phuc' is set on object 'Object Repository/1412263_Page_Mattermost/input_All team communication in one place, _dcc84b'

2021-05-27 21:23:24 - [TEST_STEP][PASSED] - setEncryptedText(findTestObject("Object Repository/1412263_Page_Mattermost/input_All team communication in one place, _a3edc6"), var_password): Text ****** has been set on object 'Object Repository/1412263_Page_Mattermost/input_All team communication in one place, _a3edc6'

2021-05-27 21:23:25 - [MESSAGE][PASSED] - Text ****** has been set on object 'Object Repository/1412263_Page_Mattermost/input_All team communication in one place, _a3edc6'

2021-05-27 21:23:25 - [TEST_STEP][PASSED] - click(findTestObject("Object Repository/1412263_Page_Mattermost/span_Sign in")): Object: 'Object Repository/1412263_Page_Mattermost/span_Sign in' is clicked on

2021-05-27 21:23:26 - [MESSAGE][PASSED] - Object: 'Object Repository/1412263_Page_Mattermost/span_Sign in' is clicked on

2021-05-27 21:23:26 - [MESSAGE][PASSED] - Call Test Case 'Test Cases/1712666/CommonTC/CTC_Login' successfully

2021-05-27 21:23:26 - [TEST_STEP][PASSED] - click(findTestObject("Object Repository/Page_Town Square - test9 Mattermost/div_phuc")): Object: 'Object Repository/Page_Town Square - test9 Mattermost/div_phuc' is clicked on

2021-05-27 21:23:31 - [MESSAGE][PASSED] - Object: 'Object Repository/Page_Town Square - test9 Mattermost/div_phuc' is clicked on

2021-05-27 21:23:31 - [TEST_STEP][PASSED] - click(findTestObject("Object Repository/Page_Town Square - test9 Mattermost/span_Join Another Team")): Object: 'Object Repository/Page_Town Square - test9 Mattermost/span_Join Another Team' is clicked on

2021-05-27 21:23:32 - [MESSAGE][PASSED] - Object: 'Object Repository/Page_Town Square - test9 Mattermost/span_Join Another Team' is clicked on

2021-05-27 21:23:32 - [TEST_STEP][PASSED] - click(findTestObject("Page_Town Square - test9 Mattermost/span_another")): Object: 'Object Repository/Page_Town Square - test9 Mattermost/span_another' is clicked on

2021-05-27 21:23:33 - [MESSAGE][PASSED] - Object: 'Object Repository/Page_Town Square - test9 Mattermost/span_another' is clicked on

2021-05-27 21:23:33 - [MESSAGE][PASSED] - Call Test Case 'Test Cases/1712666/CommonTC/CTC_JoinTeam' successfully

2021-05-27 21:23:33 - [TEST_STEP][PASSED] - click(findTestObject("Object Repository/Page_Town Square - null Mattermost/div_phuc")): Object: 'Object Repository/Page_Town Square - null Mattermost/div_phuc' is clicked on

2021-05-27 21:23:37 - [MESSAGE][PASSED] - Object: 'Object Repository/Page_Town Square - null Mattermost/div_phuc' is clicked on

2021-05-27 21:23:37 - [TEST_STEP][PASSED] - click(findTestObject("Object Repository/Page_Town Square - null Mattermost/span_Leave Team")): Object: 'Object Repository/Page_Town Square - null Mattermost/span_Leave Team' is clicked on

2021-05-27 21:23:38 - [MESSAGE][PASSED] - Object: 'Object Repository/Page_Town Square - null Mattermost/span_Leave Team' is clicked on

2021-05-27 21:23:38 - [TEST_STEP][PASSED] - click(findTestObject("Object Repository/Page_Town Square - null Mattermost/span_Yes")): Object: 'Object Repository/Page_Town Square - null Mattermost/span_Yes' is clicked on

2021-05-27 21:23:38 - [MESSAGE][PASSED] - Object: 'Object Repository/Page_Town Square - null Mattermost/span_Yes' is clicked on

2021-05-27 21:23:38 - [TEST_STEP][PASSED] - closeBrowser(): Browser is closed

2021-05-27 21:23:39 - [MESSAGE][PASSED] - Browser is closed]]></system-out>
         <system-err><![CDATA[]]></system-err>
      </testcase>
      <testcase name="Test Cases/1712612/TC17_CreatePublicChannels" time="30.474" classname="Test Cases/1712612/TC17_CreatePublicChannels" status="ERROR">
         <error type="ERROR" message="Test Cases/1712612/TC17_CreatePublicChannels FAILED.
Reason:
java.lang.IllegalArgumentException: Cannot find test data with id 'Data Files/1712612/Data TC17 CreatePublicChannels' because (of) 'java.lang.IllegalArgumentException: Test data with id 'Data Files/1712612/Data TC17 CreatePublicChannels' does not exist'
	at com.kms.katalon.core.testdata.TestDataFactory.findTestData(TestDataFactory.java:131)
	at com.kms.katalon.core.testdata.TestDataFactory$findTestData.callStatic(Unknown Source)
	at TC17_CreatePublicChannels.run(TC17_CreatePublicChannels:26)
	at com.kms.katalon.core.main.ScriptEngine.run(ScriptEngine.java:194)
	at com.kms.katalon.core.main.ScriptEngine.runScriptAsRawText(ScriptEngine.java:119)
	at com.kms.katalon.core.main.TestCaseExecutor.runScript(TestCaseExecutor.java:398)
	at com.kms.katalon.core.main.TestCaseExecutor.doExecute(TestCaseExecutor.java:389)
	at com.kms.katalon.core.main.TestCaseExecutor.processExecutionPhase(TestCaseExecutor.java:368)
	at com.kms.katalon.core.main.TestCaseExecutor.accessMainPhase(TestCaseExecutor.java:360)
	at com.kms.katalon.core.main.TestCaseExecutor.execute(TestCaseExecutor.java:255)
	at com.kms.katalon.core.main.TestSuiteExecutor.accessTestCaseMainPhase(TestSuiteExecutor.java:203)
	at com.kms.katalon.core.main.TestSuiteExecutor.accessTestSuiteMainPhase(TestSuiteExecutor.java:152)
	at com.kms.katalon.core.main.TestSuiteExecutor.execute(TestSuiteExecutor.java:95)
	at com.kms.katalon.core.main.TestCaseMain.startTestSuite(TestCaseMain.java:157)
	at com.kms.katalon.core.main.TestCaseMain$startTestSuite$0.call(Unknown Source)
	at TempTestSuite1622124825440.run(TempTestSuite1622124825440.groovy:39)
"/>
         <system-out><![CDATA[2021-05-27 21:23:39 - [TEST_CASE][ERROR] - Test Cases/1712612/TC17_CreatePublicChannels: Test Cases/1712612/TC17_CreatePublicChannels FAILED.
Reason:
java.lang.IllegalArgumentException: Cannot find test data with id 'Data Files/1712612/Data TC17 CreatePublicChannels' because (of) 'java.lang.IllegalArgumentException: Test data with id 'Data Files/1712612/Data TC17 CreatePublicChannels' does not exist'
	at com.kms.katalon.core.testdata.TestDataFactory.findTestData(TestDataFactory.java:131)
	at com.kms.katalon.core.testdata.TestDataFactory$findTestData.callStatic(Unknown Source)
	at TC17_CreatePublicChannels.run(TC17_CreatePublicChannels:26)
	at com.kms.katalon.core.main.ScriptEngine.run(ScriptEngine.java:194)
	at com.kms.katalon.core.main.ScriptEngine.runScriptAsRawText(ScriptEngine.java:119)
	at com.kms.katalon.core.main.TestCaseExecutor.runScript(TestCaseExecutor.java:398)
	at com.kms.katalon.core.main.TestCaseExecutor.doExecute(TestCaseExecutor.java:389)
	at com.kms.katalon.core.main.TestCaseExecutor.processExecutionPhase(TestCaseExecutor.java:368)
	at com.kms.katalon.core.main.TestCaseExecutor.accessMainPhase(TestCaseExecutor.java:360)
	at com.kms.katalon.core.main.TestCaseExecutor.execute(TestCaseExecutor.java:255)
	at com.kms.katalon.core.main.TestSuiteExecutor.accessTestCaseMainPhase(TestSuiteExecutor.java:203)
	at com.kms.katalon.core.main.TestSuiteExecutor.accessTestSuiteMainPhase(TestSuiteExecutor.java:152)
	at com.kms.katalon.core.main.TestSuiteExecutor.execute(TestSuiteExecutor.java:95)
	at com.kms.katalon.core.main.TestCaseMain.startTestSuite(TestCaseMain.java:157)
	at com.kms.katalon.core.main.TestCaseMain$startTestSuite$0.call(Unknown Source)
	at TempTestSuite1622124825440.run(TempTestSuite1622124825440.groovy:39)


2021-05-27 21:23:40 - [TEST_STEP][PASSED] - callTestCase(findTestCase("1712612/CommonTC/TC_OpenPage"), [:], STOP_ON_FAILURE): Call Test Case 'Test Cases/1712612/CommonTC/TC_OpenPage' successfully

2021-05-27 21:23:45 - [TEST_CASE][PASSED] - Test Cases/1712612/CommonTC/TC_OpenPage: Test Cases/1712612/CommonTC/TC_OpenPage

2021-05-27 21:23:45 - [TEST_STEP][PASSED] - openBrowser(""): Browser is opened with url: ''

2021-05-27 21:23:45 - [MESSAGE][INFO] - Starting 'Chrome' driver

2021-05-27 21:23:45 - [MESSAGE][INFO] - Action delay is set to 0 milliseconds

2021-05-27 21:23:48 - [MESSAGE][PASSED] - Browser is opened with url: ''

2021-05-27 21:23:48 - [TEST_STEP][PASSED] - navigateToUrl("https://mattermostwebapp.herokuapp.com/login"): Navigate to 'https://mattermostwebapp.herokuapp.com/login' successfully

2021-05-27 21:23:53 - [MESSAGE][PASSED] - Navigate to 'https://mattermostwebapp.herokuapp.com/login' successfully

2021-05-27 21:23:53 - [MESSAGE][PASSED] - Call Test Case 'Test Cases/1712612/CommonTC/TC_OpenPage' successfully

2021-05-27 21:23:53 - [TEST_STEP][PASSED] - callTestCase(findTestCase("1712612/CommonTC/TC_Login"), [:], STOP_ON_FAILURE): Call Test Case 'Test Cases/1712612/CommonTC/TC_Login' successfully

2021-05-27 21:23:53 - [TEST_CASE][PASSED] - Test Cases/1712612/CommonTC/TC_Login: Test Cases/1712612/CommonTC/TC_Login

2021-05-27 21:23:55 - [TEST_STEP][PASSED] - verifyElementVisible(findTestObject("Object Repository/1712612_Mattermost Object/Page_Mattermost/input_login_username"), STOP_ON_FAILURE): Object 'Object Repository/1712612_Mattermost Object/Page_Mattermost/input_login_username' is visible

2021-05-27 21:23:59 - [MESSAGE][PASSED] - Object 'Object Repository/1712612_Mattermost Object/Page_Mattermost/input_login_username' is visible

2021-05-27 21:23:59 - [TEST_STEP][PASSED] - verifyElementVisible(findTestObject("Object Repository/1712612_Mattermost Object/Page_Mattermost/input_login_password"), STOP_ON_FAILURE): Object 'Object Repository/1712612_Mattermost Object/Page_Mattermost/input_login_password' is visible

2021-05-27 21:23:59 - [MESSAGE][PASSED] - Object 'Object Repository/1712612_Mattermost Object/Page_Mattermost/input_login_password' is visible

2021-05-27 21:23:59 - [TEST_STEP][PASSED] - setText(findTestObject("Object Repository/1712612_Mattermost Object/Page_Mattermost/input_login_username"), "nghi_tran"): Text 'nghi_tran' is set on object 'Object Repository/1712612_Mattermost Object/Page_Mattermost/input_login_username'

2021-05-27 21:24:00 - [MESSAGE][PASSED] - Text 'nghi_tran' is set on object 'Object Repository/1712612_Mattermost Object/Page_Mattermost/input_login_username'

2021-05-27 21:24:00 - [TEST_STEP][PASSED] - setEncryptedText(findTestObject("Object Repository/1712612_Mattermost Object/Page_Mattermost/input_login_password"), "KBlHou+hFmnFUOUwxwboiw=="): Text ****** has been set on object 'Object Repository/1712612_Mattermost Object/Page_Mattermost/input_login_password'

2021-05-27 21:24:02 - [MESSAGE][PASSED] - Text ****** has been set on object 'Object Repository/1712612_Mattermost Object/Page_Mattermost/input_login_password'

2021-05-27 21:24:02 - [TEST_STEP][PASSED] - click(findTestObject("Object Repository/1712612_Mattermost Object/Page_Mattermost/button_Sign in")): Object: 'Object Repository/1712612_Mattermost Object/Page_Mattermost/button_Sign in' is clicked on

2021-05-27 21:24:03 - [MESSAGE][PASSED] - Object: 'Object Repository/1712612_Mattermost Object/Page_Mattermost/button_Sign in' is clicked on

2021-05-27 21:24:03 - [TEST_STEP][PASSED] - verifyElementVisible(findTestObject("Object Repository/1712612_Mattermost Object/Page_Town Square - another Mattermost/img__Avatar Avatar-lg"), STOP_ON_FAILURE): Object 'Object Repository/1712612_Mattermost Object/Page_Town Square - another Mattermost/img__Avatar Avatar-lg' is visible

2021-05-27 21:24:09 - [MESSAGE][PASSED] - Object 'Object Repository/1712612_Mattermost Object/Page_Town Square - another Mattermost/img__Avatar Avatar-lg' is visible

2021-05-27 21:24:09 - [MESSAGE][PASSED] - Call Test Case 'Test Cases/1712612/CommonTC/TC_Login' successfully

2021-05-27 21:24:09 - [TEST_STEP][PASSED] - navigateToUrl("https://mattermostwebapp.herokuapp.com/test-1712612/channels/town-square"): Navigate to 'https://mattermostwebapp.herokuapp.com/test-1712612/channels/town-square' successfully

2021-05-27 21:24:10 - [MESSAGE][PASSED] - Navigate to 'https://mattermostwebapp.herokuapp.com/test-1712612/channels/town-square' successfully

2021-05-27 21:24:10 - [TEST_STEP][PASSED] - for ([rowNum = 1, rowNum <= findTestData("Data Files/1712612/Data TC17 CreatePublicChannels").getRowNumbers(), (rowNum++)]): null]]></system-out>
         <system-err><![CDATA[2021-05-27 21:23:39 - [TEST_CASE][ERROR] - Test Cases/1712612/TC17_CreatePublicChannels: Test Cases/1712612/TC17_CreatePublicChannels FAILED.
Reason:
java.lang.IllegalArgumentException: Cannot find test data with id 'Data Files/1712612/Data TC17 CreatePublicChannels' because (of) 'java.lang.IllegalArgumentException: Test data with id 'Data Files/1712612/Data TC17 CreatePublicChannels' does not exist'
	at com.kms.katalon.core.testdata.TestDataFactory.findTestData(TestDataFactory.java:131)
	at com.kms.katalon.core.testdata.TestDataFactory$findTestData.callStatic(Unknown Source)
	at TC17_CreatePublicChannels.run(TC17_CreatePublicChannels:26)
	at com.kms.katalon.core.main.ScriptEngine.run(ScriptEngine.java:194)
	at com.kms.katalon.core.main.ScriptEngine.runScriptAsRawText(ScriptEngine.java:119)
	at com.kms.katalon.core.main.TestCaseExecutor.runScript(TestCaseExecutor.java:398)
	at com.kms.katalon.core.main.TestCaseExecutor.doExecute(TestCaseExecutor.java:389)
	at com.kms.katalon.core.main.TestCaseExecutor.processExecutionPhase(TestCaseExecutor.java:368)
	at com.kms.katalon.core.main.TestCaseExecutor.accessMainPhase(TestCaseExecutor.java:360)
	at com.kms.katalon.core.main.TestCaseExecutor.execute(TestCaseExecutor.java:255)
	at com.kms.katalon.core.main.TestSuiteExecutor.accessTestCaseMainPhase(TestSuiteExecutor.java:203)
	at com.kms.katalon.core.main.TestSuiteExecutor.accessTestSuiteMainPhase(TestSuiteExecutor.java:152)
	at com.kms.katalon.core.main.TestSuiteExecutor.execute(TestSuiteExecutor.java:95)
	at com.kms.katalon.core.main.TestCaseMain.startTestSuite(TestCaseMain.java:157)
	at com.kms.katalon.core.main.TestCaseMain$startTestSuite$0.call(Unknown Source)
	at TempTestSuite1622124825440.run(TempTestSuite1622124825440.groovy:39)]]></system-err>
      </testcase>
      <testcase name="Test Cases/1712612/TC18_CreatePrivateChannels" time="26.972" classname="Test Cases/1712612/TC18_CreatePrivateChannels" status="ERROR">
         <error type="ERROR" message="Test Cases/1712612/TC18_CreatePrivateChannels FAILED.
Reason:
java.lang.IllegalArgumentException: Cannot find test data with id 'Data Files/1712612/Data TC17 CreatePublicChannels' because (of) 'java.lang.IllegalArgumentException: Test data with id 'Data Files/1712612/Data TC17 CreatePublicChannels' does not exist'
	at com.kms.katalon.core.testdata.TestDataFactory.findTestData(TestDataFactory.java:131)
	at com.kms.katalon.core.testdata.TestDataFactory$findTestData.callStatic(Unknown Source)
	at TC18_CreatePrivateChannels.run(TC18_CreatePrivateChannels:26)
	at com.kms.katalon.core.main.ScriptEngine.run(ScriptEngine.java:194)
	at com.kms.katalon.core.main.ScriptEngine.runScriptAsRawText(ScriptEngine.java:119)
	at com.kms.katalon.core.main.TestCaseExecutor.runScript(TestCaseExecutor.java:398)
	at com.kms.katalon.core.main.TestCaseExecutor.doExecute(TestCaseExecutor.java:389)
	at com.kms.katalon.core.main.TestCaseExecutor.processExecutionPhase(TestCaseExecutor.java:368)
	at com.kms.katalon.core.main.TestCaseExecutor.accessMainPhase(TestCaseExecutor.java:360)
	at com.kms.katalon.core.main.TestCaseExecutor.execute(TestCaseExecutor.java:255)
	at com.kms.katalon.core.main.TestSuiteExecutor.accessTestCaseMainPhase(TestSuiteExecutor.java:203)
	at com.kms.katalon.core.main.TestSuiteExecutor.accessTestSuiteMainPhase(TestSuiteExecutor.java:152)
	at com.kms.katalon.core.main.TestSuiteExecutor.execute(TestSuiteExecutor.java:95)
	at com.kms.katalon.core.main.TestCaseMain.startTestSuite(TestCaseMain.java:157)
	at com.kms.katalon.core.main.TestCaseMain$startTestSuite$0.call(Unknown Source)
	at TempTestSuite1622124825440.run(TempTestSuite1622124825440.groovy:39)
"/>
         <system-out><![CDATA[2021-05-27 21:24:10 - [TEST_CASE][ERROR] - Test Cases/1712612/TC18_CreatePrivateChannels: Test Cases/1712612/TC18_CreatePrivateChannels FAILED.
Reason:
java.lang.IllegalArgumentException: Cannot find test data with id 'Data Files/1712612/Data TC17 CreatePublicChannels' because (of) 'java.lang.IllegalArgumentException: Test data with id 'Data Files/1712612/Data TC17 CreatePublicChannels' does not exist'
	at com.kms.katalon.core.testdata.TestDataFactory.findTestData(TestDataFactory.java:131)
	at com.kms.katalon.core.testdata.TestDataFactory$findTestData.callStatic(Unknown Source)
	at TC18_CreatePrivateChannels.run(TC18_CreatePrivateChannels:26)
	at com.kms.katalon.core.main.ScriptEngine.run(ScriptEngine.java:194)
	at com.kms.katalon.core.main.ScriptEngine.runScriptAsRawText(ScriptEngine.java:119)
	at com.kms.katalon.core.main.TestCaseExecutor.runScript(TestCaseExecutor.java:398)
	at com.kms.katalon.core.main.TestCaseExecutor.doExecute(TestCaseExecutor.java:389)
	at com.kms.katalon.core.main.TestCaseExecutor.processExecutionPhase(TestCaseExecutor.java:368)
	at com.kms.katalon.core.main.TestCaseExecutor.accessMainPhase(TestCaseExecutor.java:360)
	at com.kms.katalon.core.main.TestCaseExecutor.execute(TestCaseExecutor.java:255)
	at com.kms.katalon.core.main.TestSuiteExecutor.accessTestCaseMainPhase(TestSuiteExecutor.java:203)
	at com.kms.katalon.core.main.TestSuiteExecutor.accessTestSuiteMainPhase(TestSuiteExecutor.java:152)
	at com.kms.katalon.core.main.TestSuiteExecutor.execute(TestSuiteExecutor.java:95)
	at com.kms.katalon.core.main.TestCaseMain.startTestSuite(TestCaseMain.java:157)
	at com.kms.katalon.core.main.TestCaseMain$startTestSuite$0.call(Unknown Source)
	at TempTestSuite1622124825440.run(TempTestSuite1622124825440.groovy:39)


2021-05-27 21:24:11 - [TEST_STEP][PASSED] - callTestCase(findTestCase("1712612/CommonTC/TC_OpenPage"), [:], STOP_ON_FAILURE): Call Test Case 'Test Cases/1712612/CommonTC/TC_OpenPage' successfully

2021-05-27 21:24:11 - [TEST_CASE][PASSED] - Test Cases/1712612/CommonTC/TC_OpenPage: Test Cases/1712612/CommonTC/TC_OpenPage

2021-05-27 21:24:11 - [TEST_STEP][PASSED] - openBrowser(""): Browser is opened with url: ''

2021-05-27 21:24:11 - [MESSAGE][WARNING] - A browser is already opened. Closing browser and opening a new one

2021-05-27 21:24:12 - [MESSAGE][INFO] - Starting 'Chrome' driver

2021-05-27 21:24:12 - [MESSAGE][INFO] - Action delay is set to 0 milliseconds

2021-05-27 21:24:15 - [MESSAGE][PASSED] - Browser is opened with url: ''

2021-05-27 21:24:15 - [TEST_STEP][PASSED] - navigateToUrl("https://mattermostwebapp.herokuapp.com/login"): Navigate to 'https://mattermostwebapp.herokuapp.com/login' successfully

2021-05-27 21:24:19 - [MESSAGE][PASSED] - Navigate to 'https://mattermostwebapp.herokuapp.com/login' successfully

2021-05-27 21:24:19 - [MESSAGE][PASSED] - Call Test Case 'Test Cases/1712612/CommonTC/TC_OpenPage' successfully

2021-05-27 21:24:19 - [TEST_STEP][PASSED] - callTestCase(findTestCase("1712612/CommonTC/TC_Login"), [:], STOP_ON_FAILURE): Call Test Case 'Test Cases/1712612/CommonTC/TC_Login' successfully

2021-05-27 21:24:19 - [TEST_CASE][PASSED] - Test Cases/1712612/CommonTC/TC_Login: Test Cases/1712612/CommonTC/TC_Login

2021-05-27 21:24:19 - [TEST_STEP][PASSED] - verifyElementVisible(findTestObject("Object Repository/1712612_Mattermost Object/Page_Mattermost/input_login_username"), STOP_ON_FAILURE): Object 'Object Repository/1712612_Mattermost Object/Page_Mattermost/input_login_username' is visible

2021-05-27 21:24:25 - [MESSAGE][PASSED] - Object 'Object Repository/1712612_Mattermost Object/Page_Mattermost/input_login_username' is visible

2021-05-27 21:24:25 - [TEST_STEP][PASSED] - verifyElementVisible(findTestObject("Object Repository/1712612_Mattermost Object/Page_Mattermost/input_login_password"), STOP_ON_FAILURE): Object 'Object Repository/1712612_Mattermost Object/Page_Mattermost/input_login_password' is visible

2021-05-27 21:24:26 - [MESSAGE][PASSED] - Object 'Object Repository/1712612_Mattermost Object/Page_Mattermost/input_login_password' is visible

2021-05-27 21:24:26 - [TEST_STEP][PASSED] - setText(findTestObject("Object Repository/1712612_Mattermost Object/Page_Mattermost/input_login_username"), "nghi_tran"): Text 'nghi_tran' is set on object 'Object Repository/1712612_Mattermost Object/Page_Mattermost/input_login_username'

2021-05-27 21:24:28 - [MESSAGE][PASSED] - Text 'nghi_tran' is set on object 'Object Repository/1712612_Mattermost Object/Page_Mattermost/input_login_username'

2021-05-27 21:24:28 - [TEST_STEP][PASSED] - setEncryptedText(findTestObject("Object Repository/1712612_Mattermost Object/Page_Mattermost/input_login_password"), "KBlHou+hFmnFUOUwxwboiw=="): Text ****** has been set on object 'Object Repository/1712612_Mattermost Object/Page_Mattermost/input_login_password'

2021-05-27 21:24:30 - [MESSAGE][PASSED] - Text ****** has been set on object 'Object Repository/1712612_Mattermost Object/Page_Mattermost/input_login_password'

2021-05-27 21:24:30 - [TEST_STEP][PASSED] - click(findTestObject("Object Repository/1712612_Mattermost Object/Page_Mattermost/button_Sign in")): Object: 'Object Repository/1712612_Mattermost Object/Page_Mattermost/button_Sign in' is clicked on

2021-05-27 21:24:30 - [MESSAGE][PASSED] - Object: 'Object Repository/1712612_Mattermost Object/Page_Mattermost/button_Sign in' is clicked on

2021-05-27 21:24:30 - [TEST_STEP][PASSED] - verifyElementVisible(findTestObject("Object Repository/1712612_Mattermost Object/Page_Town Square - another Mattermost/img__Avatar Avatar-lg"), STOP_ON_FAILURE): Object 'Object Repository/1712612_Mattermost Object/Page_Town Square - another Mattermost/img__Avatar Avatar-lg' is visible

2021-05-27 21:24:35 - [MESSAGE][PASSED] - Object 'Object Repository/1712612_Mattermost Object/Page_Town Square - another Mattermost/img__Avatar Avatar-lg' is visible

2021-05-27 21:24:36 - [MESSAGE][PASSED] - Call Test Case 'Test Cases/1712612/CommonTC/TC_Login' successfully

2021-05-27 21:24:36 - [TEST_STEP][PASSED] - navigateToUrl("https://mattermostwebapp.herokuapp.com/test-1712612/channels/town-square"): Navigate to 'https://mattermostwebapp.herokuapp.com/test-1712612/channels/town-square' successfully

2021-05-27 21:24:37 - [MESSAGE][PASSED] - Navigate to 'https://mattermostwebapp.herokuapp.com/test-1712612/channels/town-square' successfully

2021-05-27 21:24:37 - [TEST_STEP][PASSED] - for ([rowNum = 1, rowNum <= findTestData("Data Files/1712612/Data TC17 CreatePublicChannels").getRowNumbers(), (rowNum++)]): null]]></system-out>
         <system-err><![CDATA[2021-05-27 21:24:10 - [TEST_CASE][ERROR] - Test Cases/1712612/TC18_CreatePrivateChannels: Test Cases/1712612/TC18_CreatePrivateChannels FAILED.
Reason:
java.lang.IllegalArgumentException: Cannot find test data with id 'Data Files/1712612/Data TC17 CreatePublicChannels' because (of) 'java.lang.IllegalArgumentException: Test data with id 'Data Files/1712612/Data TC17 CreatePublicChannels' does not exist'
	at com.kms.katalon.core.testdata.TestDataFactory.findTestData(TestDataFactory.java:131)
	at com.kms.katalon.core.testdata.TestDataFactory$findTestData.callStatic(Unknown Source)
	at TC18_CreatePrivateChannels.run(TC18_CreatePrivateChannels:26)
	at com.kms.katalon.core.main.ScriptEngine.run(ScriptEngine.java:194)
	at com.kms.katalon.core.main.ScriptEngine.runScriptAsRawText(ScriptEngine.java:119)
	at com.kms.katalon.core.main.TestCaseExecutor.runScript(TestCaseExecutor.java:398)
	at com.kms.katalon.core.main.TestCaseExecutor.doExecute(TestCaseExecutor.java:389)
	at com.kms.katalon.core.main.TestCaseExecutor.processExecutionPhase(TestCaseExecutor.java:368)
	at com.kms.katalon.core.main.TestCaseExecutor.accessMainPhase(TestCaseExecutor.java:360)
	at com.kms.katalon.core.main.TestCaseExecutor.execute(TestCaseExecutor.java:255)
	at com.kms.katalon.core.main.TestSuiteExecutor.accessTestCaseMainPhase(TestSuiteExecutor.java:203)
	at com.kms.katalon.core.main.TestSuiteExecutor.accessTestSuiteMainPhase(TestSuiteExecutor.java:152)
	at com.kms.katalon.core.main.TestSuiteExecutor.execute(TestSuiteExecutor.java:95)
	at com.kms.katalon.core.main.TestCaseMain.startTestSuite(TestCaseMain.java:157)
	at com.kms.katalon.core.main.TestCaseMain$startTestSuite$0.call(Unknown Source)
	at TempTestSuite1622124825440.run(TempTestSuite1622124825440.groovy:39)]]></system-err>
      </testcase>
      <testcase name="Test Cases/1712612/TC19_InvitePeopleToChannel" time="65.6" classname="Test Cases/1712612/TC19_InvitePeopleToChannel" status="FAILED">
         <failure type="FAILED" message="Test Cases/1712612/TC19_InvitePeopleToChannel FAILED.
Reason:
com.kms.katalon.core.exception.StepFailedException: Unable to click on object 'Object Repository/1712612_Mattermost Object/Page_Invite people to channel - Test 171261_c46106/div_- abc string (string)_more-modal__actio_2ea070'
	at com.kms.katalon.core.webui.keyword.internal.WebUIKeywordMain.stepFailed(WebUIKeywordMain.groovy:64)
	at com.kms.katalon.core.webui.keyword.internal.WebUIKeywordMain.runKeyword(WebUIKeywordMain.groovy:26)
	at com.kms.katalon.core.webui.keyword.builtin.ClickKeyword.click(ClickKeyword.groovy:75)
	at com.kms.katalon.core.webui.keyword.builtin.ClickKeyword.execute(ClickKeyword.groovy:42)
	at com.kms.katalon.core.keyword.internal.KeywordExecutor.executeKeywordForPlatform(KeywordExecutor.groovy:73)
	at com.kms.katalon.core.webui.keyword.WebUiBuiltInKeywords.click(WebUiBuiltInKeywords.groovy:619)
	at com.kms.katalon.core.webui.keyword.WebUiBuiltInKeywords$click$3.call(Unknown Source)
	at TC19_InvitePeopleToChannel.run(TC19_InvitePeopleToChannel:28)
	at com.kms.katalon.core.main.ScriptEngine.run(ScriptEngine.java:194)
	at com.kms.katalon.core.main.ScriptEngine.runScriptAsRawText(ScriptEngine.java:119)
	at com.kms.katalon.core.main.TestCaseExecutor.runScript(TestCaseExecutor.java:398)
	at com.kms.katalon.core.main.TestCaseExecutor.doExecute(TestCaseExecutor.java:389)
	at com.kms.katalon.core.main.TestCaseExecutor.processExecutionPhase(TestCaseExecutor.java:368)
	at com.kms.katalon.core.main.TestCaseExecutor.accessMainPhase(TestCaseExecutor.java:360)
	at com.kms.katalon.core.main.TestCaseExecutor.execute(TestCaseExecutor.java:255)
	at com.kms.katalon.core.main.TestSuiteExecutor.accessTestCaseMainPhase(TestSuiteExecutor.java:203)
	at com.kms.katalon.core.main.TestSuiteExecutor.accessTestSuiteMainPhase(TestSuiteExecutor.java:152)
	at com.kms.katalon.core.main.TestSuiteExecutor.execute(TestSuiteExecutor.java:95)
	at com.kms.katalon.core.main.TestCaseMain.startTestSuite(TestCaseMain.java:157)
	at com.kms.katalon.core.main.TestCaseMain$startTestSuite$0.call(Unknown Source)
	at TempTestSuite1622124825440.run(TempTestSuite1622124825440.groovy:39)
Caused by: com.kms.katalon.core.webui.exception.WebElementNotFoundException: Web element with id: 'Object Repository/1712612_Mattermost Object/Page_Invite people to channel - Test 171261_c46106/div_- abc string (string)_more-modal__actio_2ea070' located by '//div[@id='multiSelectList']/div/div[2]/div' not found
	at com.kms.katalon.core.webui.common.WebUiCommonHelper.findWebElement(WebUiCommonHelper.java:1368)
	at com.kms.katalon.core.webui.keyword.internal.WebUIAbstractKeyword.findWebElement(WebUIAbstractKeyword.groovy:27)
	at com.kms.katalon.core.webui.keyword.internal.WebUIAbstractKeyword.findWebElement(WebUIAbstractKeyword.groovy:26)
	at com.kms.katalon.core.webui.keyword.builtin.ClickKeyword$_click_closure1.doCall(ClickKeyword.groovy:66)
	at com.kms.katalon.core.webui.keyword.builtin.ClickKeyword$_click_closure1.call(ClickKeyword.groovy)
	at com.kms.katalon.core.webui.keyword.internal.WebUIKeywordMain.runKeyword(WebUIKeywordMain.groovy:20)
	... 19 more
"/>
         <system-out><![CDATA[2021-05-27 21:24:37 - [TEST_CASE][FAILED] - Test Cases/1712612/TC19_InvitePeopleToChannel: Test Cases/1712612/TC19_InvitePeopleToChannel FAILED.
Reason:
com.kms.katalon.core.exception.StepFailedException: Unable to click on object 'Object Repository/1712612_Mattermost Object/Page_Invite people to channel - Test 171261_c46106/div_- abc string (string)_more-modal__actio_2ea070'
	at com.kms.katalon.core.webui.keyword.internal.WebUIKeywordMain.stepFailed(WebUIKeywordMain.groovy:64)
	at com.kms.katalon.core.webui.keyword.internal.WebUIKeywordMain.runKeyword(WebUIKeywordMain.groovy:26)
	at com.kms.katalon.core.webui.keyword.builtin.ClickKeyword.click(ClickKeyword.groovy:75)
	at com.kms.katalon.core.webui.keyword.builtin.ClickKeyword.execute(ClickKeyword.groovy:42)
	at com.kms.katalon.core.keyword.internal.KeywordExecutor.executeKeywordForPlatform(KeywordExecutor.groovy:73)
	at com.kms.katalon.core.webui.keyword.WebUiBuiltInKeywords.click(WebUiBuiltInKeywords.groovy:619)
	at com.kms.katalon.core.webui.keyword.WebUiBuiltInKeywords$click$3.call(Unknown Source)
	at TC19_InvitePeopleToChannel.run(TC19_InvitePeopleToChannel:28)
	at com.kms.katalon.core.main.ScriptEngine.run(ScriptEngine.java:194)
	at com.kms.katalon.core.main.ScriptEngine.runScriptAsRawText(ScriptEngine.java:119)
	at com.kms.katalon.core.main.TestCaseExecutor.runScript(TestCaseExecutor.java:398)
	at com.kms.katalon.core.main.TestCaseExecutor.doExecute(TestCaseExecutor.java:389)
	at com.kms.katalon.core.main.TestCaseExecutor.processExecutionPhase(TestCaseExecutor.java:368)
	at com.kms.katalon.core.main.TestCaseExecutor.accessMainPhase(TestCaseExecutor.java:360)
	at com.kms.katalon.core.main.TestCaseExecutor.execute(TestCaseExecutor.java:255)
	at com.kms.katalon.core.main.TestSuiteExecutor.accessTestCaseMainPhase(TestSuiteExecutor.java:203)
	at com.kms.katalon.core.main.TestSuiteExecutor.accessTestSuiteMainPhase(TestSuiteExecutor.java:152)
	at com.kms.katalon.core.main.TestSuiteExecutor.execute(TestSuiteExecutor.java:95)
	at com.kms.katalon.core.main.TestCaseMain.startTestSuite(TestCaseMain.java:157)
	at com.kms.katalon.core.main.TestCaseMain$startTestSuite$0.call(Unknown Source)
	at TempTestSuite1622124825440.run(TempTestSuite1622124825440.groovy:39)
Caused by: com.kms.katalon.core.webui.exception.WebElementNotFoundException: Web element with id: 'Object Repository/1712612_Mattermost Object/Page_Invite people to channel - Test 171261_c46106/div_- abc string (string)_more-modal__actio_2ea070' located by '//div[@id='multiSelectList']/div/div[2]/div' not found
	at com.kms.katalon.core.webui.common.WebUiCommonHelper.findWebElement(WebUiCommonHelper.java:1368)
	at com.kms.katalon.core.webui.keyword.internal.WebUIAbstractKeyword.findWebElement(WebUIAbstractKeyword.groovy:27)
	at com.kms.katalon.core.webui.keyword.internal.WebUIAbstractKeyword.findWebElement(WebUIAbstractKeyword.groovy:26)
	at com.kms.katalon.core.webui.keyword.builtin.ClickKeyword$_click_closure1.doCall(ClickKeyword.groovy:66)
	at com.kms.katalon.core.webui.keyword.builtin.ClickKeyword$_click_closure1.call(ClickKeyword.groovy)
	at com.kms.katalon.core.webui.keyword.internal.WebUIKeywordMain.runKeyword(WebUIKeywordMain.groovy:20)
	... 19 more


2021-05-27 21:24:38 - [TEST_STEP][PASSED] - callTestCase(findTestCase("1712612/CommonTC/TC_OpenPage"), [:], STOP_ON_FAILURE): Call Test Case 'Test Cases/1712612/CommonTC/TC_OpenPage' successfully

2021-05-27 21:24:38 - [TEST_CASE][PASSED] - Test Cases/1712612/CommonTC/TC_OpenPage: Test Cases/1712612/CommonTC/TC_OpenPage

2021-05-27 21:24:38 - [TEST_STEP][PASSED] - openBrowser(""): Browser is opened with url: ''

2021-05-27 21:24:38 - [MESSAGE][WARNING] - A browser is already opened. Closing browser and opening a new one

2021-05-27 21:24:40 - [MESSAGE][INFO] - Starting 'Chrome' driver

2021-05-27 21:24:40 - [MESSAGE][INFO] - Action delay is set to 0 milliseconds

2021-05-27 21:24:43 - [MESSAGE][PASSED] - Browser is opened with url: ''

2021-05-27 21:24:43 - [TEST_STEP][PASSED] - navigateToUrl("https://mattermostwebapp.herokuapp.com/login"): Navigate to 'https://mattermostwebapp.herokuapp.com/login' successfully

2021-05-27 21:24:48 - [MESSAGE][PASSED] - Navigate to 'https://mattermostwebapp.herokuapp.com/login' successfully

2021-05-27 21:24:48 - [MESSAGE][PASSED] - Call Test Case 'Test Cases/1712612/CommonTC/TC_OpenPage' successfully

2021-05-27 21:24:48 - [TEST_STEP][PASSED] - callTestCase(findTestCase("1712612/CommonTC/TC_Login"), [:], STOP_ON_FAILURE): Call Test Case 'Test Cases/1712612/CommonTC/TC_Login' successfully

2021-05-27 21:24:48 - [TEST_CASE][PASSED] - Test Cases/1712612/CommonTC/TC_Login: Test Cases/1712612/CommonTC/TC_Login

2021-05-27 21:24:48 - [TEST_STEP][PASSED] - verifyElementVisible(findTestObject("Object Repository/1712612_Mattermost Object/Page_Mattermost/input_login_username"), STOP_ON_FAILURE): Object 'Object Repository/1712612_Mattermost Object/Page_Mattermost/input_login_username' is visible

2021-05-27 21:24:53 - [MESSAGE][PASSED] - Object 'Object Repository/1712612_Mattermost Object/Page_Mattermost/input_login_username' is visible

2021-05-27 21:24:54 - [TEST_STEP][PASSED] - verifyElementVisible(findTestObject("Object Repository/1712612_Mattermost Object/Page_Mattermost/input_login_password"), STOP_ON_FAILURE): Object 'Object Repository/1712612_Mattermost Object/Page_Mattermost/input_login_password' is visible

2021-05-27 21:24:55 - [MESSAGE][PASSED] - Object 'Object Repository/1712612_Mattermost Object/Page_Mattermost/input_login_password' is visible

2021-05-27 21:24:55 - [TEST_STEP][PASSED] - setText(findTestObject("Object Repository/1712612_Mattermost Object/Page_Mattermost/input_login_username"), "nghi_tran"): Text 'nghi_tran' is set on object 'Object Repository/1712612_Mattermost Object/Page_Mattermost/input_login_username'

2021-05-27 21:24:56 - [MESSAGE][PASSED] - Text 'nghi_tran' is set on object 'Object Repository/1712612_Mattermost Object/Page_Mattermost/input_login_username'

2021-05-27 21:24:56 - [TEST_STEP][PASSED] - setEncryptedText(findTestObject("Object Repository/1712612_Mattermost Object/Page_Mattermost/input_login_password"), "KBlHou+hFmnFUOUwxwboiw=="): Text ****** has been set on object 'Object Repository/1712612_Mattermost Object/Page_Mattermost/input_login_password'

2021-05-27 21:24:57 - [MESSAGE][PASSED] - Text ****** has been set on object 'Object Repository/1712612_Mattermost Object/Page_Mattermost/input_login_password'

2021-05-27 21:24:57 - [TEST_STEP][PASSED] - click(findTestObject("Object Repository/1712612_Mattermost Object/Page_Mattermost/button_Sign in")): Object: 'Object Repository/1712612_Mattermost Object/Page_Mattermost/button_Sign in' is clicked on

2021-05-27 21:24:58 - [MESSAGE][PASSED] - Object: 'Object Repository/1712612_Mattermost Object/Page_Mattermost/button_Sign in' is clicked on

2021-05-27 21:24:58 - [TEST_STEP][PASSED] - verifyElementVisible(findTestObject("Object Repository/1712612_Mattermost Object/Page_Town Square - another Mattermost/img__Avatar Avatar-lg"), STOP_ON_FAILURE): Object 'Object Repository/1712612_Mattermost Object/Page_Town Square - another Mattermost/img__Avatar Avatar-lg' is visible

2021-05-27 21:25:02 - [MESSAGE][PASSED] - Object 'Object Repository/1712612_Mattermost Object/Page_Town Square - another Mattermost/img__Avatar Avatar-lg' is visible

2021-05-27 21:25:02 - [MESSAGE][PASSED] - Call Test Case 'Test Cases/1712612/CommonTC/TC_Login' successfully

2021-05-27 21:25:02 - [TEST_STEP][PASSED] - navigateToUrl("https://mattermostwebapp.herokuapp.com/test-1712612/channels/invite-people-to-channel"): Navigate to 'https://mattermostwebapp.herokuapp.com/test-1712612/channels/invite-people-to-channel' successfully

2021-05-27 21:25:04 - [MESSAGE][PASSED] - Navigate to 'https://mattermostwebapp.herokuapp.com/test-1712612/channels/invite-people-to-channel' successfully

2021-05-27 21:25:04 - [TEST_STEP][PASSED] - click(findTestObject("Object Repository/1712612_Mattermost Object/Page_Invite people to channel - Test 171261_c46106/button_Invite others to this channel")): Object: 'Object Repository/1712612_Mattermost Object/Page_Invite people to channel - Test 171261_c46106/button_Invite others to this channel' is clicked on

2021-05-27 21:25:11 - [MESSAGE][PASSED] - Object: 'Object Repository/1712612_Mattermost Object/Page_Invite people to channel - Test 171261_c46106/button_Invite others to this channel' is clicked on

2021-05-27 21:25:11 - [TEST_STEP][FAILED] - click(findTestObject("Object Repository/1712612_Mattermost Object/Page_Invite people to channel - Test 171261_c46106/div_- abc string (string)_more-modal__actio_2ea070")): Unable to click on object 'Object Repository/1712612_Mattermost Object/Page_Invite people to channel - Test 171261_c46106/div_- abc string (string)_more-modal__actio_2ea070' (Root cause: com.kms.katalon.core.exception.StepFailedException: Unable to click on object 'Object Repository/1712612_Mattermost Object/Page_Invite people to channel - Test 171261_c46106/div_- abc string (string)_more-modal__actio_2ea070'
	at com.kms.katalon.core.webui.keyword.internal.WebUIKeywordMain.stepFailed(WebUIKeywordMain.groovy:64)
	at com.kms.katalon.core.webui.keyword.internal.WebUIKeywordMain.runKeyword(WebUIKeywordMain.groovy:26)
	at com.kms.katalon.core.webui.keyword.builtin.ClickKeyword.click(ClickKeyword.groovy:75)
	at com.kms.katalon.core.webui.keyword.builtin.ClickKeyword.execute(ClickKeyword.groovy:42)
	at com.kms.katalon.core.keyword.internal.KeywordExecutor.executeKeywordForPlatform(KeywordExecutor.groovy:73)
	at com.kms.katalon.core.webui.keyword.WebUiBuiltInKeywords.click(WebUiBuiltInKeywords.groovy:619)
	at com.kms.katalon.core.webui.keyword.WebUiBuiltInKeywords$click$3.call(Unknown Source)
	at TC19_InvitePeopleToChannel.run(TC19_InvitePeopleToChannel:28)
	at com.kms.katalon.core.main.ScriptEngine.run(ScriptEngine.java:194)
	at com.kms.katalon.core.main.ScriptEngine.runScriptAsRawText(ScriptEngine.java:119)
	at com.kms.katalon.core.main.TestCaseExecutor.runScript(TestCaseExecutor.java:398)
	at com.kms.katalon.core.main.TestCaseExecutor.doExecute(TestCaseExecutor.java:389)
	at com.kms.katalon.core.main.TestCaseExecutor.processExecutionPhase(TestCaseExecutor.java:368)
	at com.kms.katalon.core.main.TestCaseExecutor.accessMainPhase(TestCaseExecutor.java:360)
	at com.kms.katalon.core.main.TestCaseExecutor.execute(TestCaseExecutor.java:255)
	at com.kms.katalon.core.main.TestSuiteExecutor.accessTestCaseMainPhase(TestSuiteExecutor.java:203)
	at com.kms.katalon.core.main.TestSuiteExecutor.accessTestSuiteMainPhase(TestSuiteExecutor.java:152)
	at com.kms.katalon.core.main.TestSuiteExecutor.execute(TestSuiteExecutor.java:95)
	at com.kms.katalon.core.main.TestCaseMain.startTestSuite(TestCaseMain.java:157)
	at com.kms.katalon.core.main.TestCaseMain$startTestSuite$0.call(Unknown Source)
	at TempTestSuite1622124825440.run(TempTestSuite1622124825440.groovy:39)
Caused by: com.kms.katalon.core.webui.exception.WebElementNotFoundException: Web element with id: 'Object Repository/1712612_Mattermost Object/Page_Invite people to channel - Test 171261_c46106/div_- abc string (string)_more-modal__actio_2ea070' located by '//div[@id='multiSelectList']/div/div[2]/div' not found
	at com.kms.katalon.core.webui.common.WebUiCommonHelper.findWebElement(WebUiCommonHelper.java:1368)
	at com.kms.katalon.core.webui.keyword.internal.WebUIAbstractKeyword.findWebElement(WebUIAbstractKeyword.groovy:27)
	at com.kms.katalon.core.webui.keyword.internal.WebUIAbstractKeyword.findWebElement(WebUIAbstractKeyword.groovy:26)
	at com.kms.katalon.core.webui.keyword.builtin.ClickKeyword$_click_closure1.doCall(ClickKeyword.groovy:66)
	at com.kms.katalon.core.webui.keyword.builtin.ClickKeyword$_click_closure1.call(ClickKeyword.groovy)
	at com.kms.katalon.core.webui.keyword.internal.WebUIKeywordMain.runKeyword(WebUIKeywordMain.groovy:20)
	at com.kms.katalon.core.webui.keyword.builtin.ClickKeyword.click(ClickKeyword.groovy:75)
	at com.kms.katalon.core.webui.keyword.builtin.ClickKeyword.execute(ClickKeyword.groovy:42)
	at com.kms.katalon.core.keyword.internal.KeywordExecutor.executeKeywordForPlatform(KeywordExecutor.groovy:73)
	at com.kms.katalon.core.webui.keyword.WebUiBuiltInKeywords.click(WebUiBuiltInKeywords.groovy:619)
	at com.kms.katalon.core.webui.keyword.WebUiBuiltInKeywords$click$3.call(Unknown Source)
	at Script1621599979569.run(Script1621599979569.groovy:28)
	... 13 more
)

2021-05-27 21:25:42 - [MESSAGE][INFO] - Unable to find the element located by 'By.xpath: //div[@id='multiSelectList']/div/div[2]/div'. Please recheck the objects properties to make sure the desired element is located. 

2021-05-27 21:25:42 - [MESSAGE][FAILED] - Unable to click on object 'Object Repository/1712612_Mattermost Object/Page_Invite people to channel - Test 171261_c46106/div_- abc string (string)_more-modal__actio_2ea070' (Root cause: com.kms.katalon.core.exception.StepFailedException: Unable to click on object 'Object Repository/1712612_Mattermost Object/Page_Invite people to channel - Test 171261_c46106/div_- abc string (string)_more-modal__actio_2ea070'
	at com.kms.katalon.core.webui.keyword.internal.WebUIKeywordMain.stepFailed(WebUIKeywordMain.groovy:64)
	at com.kms.katalon.core.webui.keyword.internal.WebUIKeywordMain.runKeyword(WebUIKeywordMain.groovy:26)
	at com.kms.katalon.core.webui.keyword.builtin.ClickKeyword.click(ClickKeyword.groovy:75)
	at com.kms.katalon.core.webui.keyword.builtin.ClickKeyword.execute(ClickKeyword.groovy:42)
	at com.kms.katalon.core.keyword.internal.KeywordExecutor.executeKeywordForPlatform(KeywordExecutor.groovy:73)
	at com.kms.katalon.core.webui.keyword.WebUiBuiltInKeywords.click(WebUiBuiltInKeywords.groovy:619)
	at com.kms.katalon.core.webui.keyword.WebUiBuiltInKeywords$click$3.call(Unknown Source)
	at TC19_InvitePeopleToChannel.run(TC19_InvitePeopleToChannel:28)
	at com.kms.katalon.core.main.ScriptEngine.run(ScriptEngine.java:194)
	at com.kms.katalon.core.main.ScriptEngine.runScriptAsRawText(ScriptEngine.java:119)
	at com.kms.katalon.core.main.TestCaseExecutor.runScript(TestCaseExecutor.java:398)
	at com.kms.katalon.core.main.TestCaseExecutor.doExecute(TestCaseExecutor.java:389)
	at com.kms.katalon.core.main.TestCaseExecutor.processExecutionPhase(TestCaseExecutor.java:368)
	at com.kms.katalon.core.main.TestCaseExecutor.accessMainPhase(TestCaseExecutor.java:360)
	at com.kms.katalon.core.main.TestCaseExecutor.execute(TestCaseExecutor.java:255)
	at com.kms.katalon.core.main.TestSuiteExecutor.accessTestCaseMainPhase(TestSuiteExecutor.java:203)
	at com.kms.katalon.core.main.TestSuiteExecutor.accessTestSuiteMainPhase(TestSuiteExecutor.java:152)
	at com.kms.katalon.core.main.TestSuiteExecutor.execute(TestSuiteExecutor.java:95)
	at com.kms.katalon.core.main.TestCaseMain.startTestSuite(TestCaseMain.java:157)
	at com.kms.katalon.core.main.TestCaseMain$startTestSuite$0.call(Unknown Source)
	at TempTestSuite1622124825440.run(TempTestSuite1622124825440.groovy:39)
Caused by: com.kms.katalon.core.webui.exception.WebElementNotFoundException: Web element with id: 'Object Repository/1712612_Mattermost Object/Page_Invite people to channel - Test 171261_c46106/div_- abc string (string)_more-modal__actio_2ea070' located by '//div[@id='multiSelectList']/div/div[2]/div' not found
	at com.kms.katalon.core.webui.common.WebUiCommonHelper.findWebElement(WebUiCommonHelper.java:1368)
	at com.kms.katalon.core.webui.keyword.internal.WebUIAbstractKeyword.findWebElement(WebUIAbstractKeyword.groovy:27)
	at com.kms.katalon.core.webui.keyword.internal.WebUIAbstractKeyword.findWebElement(WebUIAbstractKeyword.groovy:26)
	at com.kms.katalon.core.webui.keyword.builtin.ClickKeyword$_click_closure1.doCall(ClickKeyword.groovy:66)
	at com.kms.katalon.core.webui.keyword.builtin.ClickKeyword$_click_closure1.call(ClickKeyword.groovy)
	at com.kms.katalon.core.webui.keyword.internal.WebUIKeywordMain.runKeyword(WebUIKeywordMain.groovy:20)
	at com.kms.katalon.core.webui.keyword.builtin.ClickKeyword.click(ClickKeyword.groovy:75)
	at com.kms.katalon.core.webui.keyword.builtin.ClickKeyword.execute(ClickKeyword.groovy:42)
	at com.kms.katalon.core.keyword.internal.KeywordExecutor.executeKeywordForPlatform(KeywordExecutor.groovy:73)
	at com.kms.katalon.core.webui.keyword.WebUiBuiltInKeywords.click(WebUiBuiltInKeywords.groovy:619)
	at com.kms.katalon.core.webui.keyword.WebUiBuiltInKeywords$click$3.call(Unknown Source)
	at Script1621599979569.run(Script1621599979569.groovy:28)
	... 13 more
)
[[ATTACHMENT|E:\\Tai lieu hoc\\Nam 7\\HK2\\New Topics\\Homework 2\\New folder\\Mattermost_Autotesting_2\\Mattermost_AutoTesting\\Reports\\20210527_211345\\1412263\\Run_All_Test_Cases\\20210527_211345\\1622125542687.png]]]]></system-out>
         <system-err><![CDATA[2021-05-27 21:24:37 - [TEST_CASE][FAILED] - Test Cases/1712612/TC19_InvitePeopleToChannel: Test Cases/1712612/TC19_InvitePeopleToChannel FAILED.
Reason:
com.kms.katalon.core.exception.StepFailedException: Unable to click on object 'Object Repository/1712612_Mattermost Object/Page_Invite people to channel - Test 171261_c46106/div_- abc string (string)_more-modal__actio_2ea070'
	at com.kms.katalon.core.webui.keyword.internal.WebUIKeywordMain.stepFailed(WebUIKeywordMain.groovy:64)
	at com.kms.katalon.core.webui.keyword.internal.WebUIKeywordMain.runKeyword(WebUIKeywordMain.groovy:26)
	at com.kms.katalon.core.webui.keyword.builtin.ClickKeyword.click(ClickKeyword.groovy:75)
	at com.kms.katalon.core.webui.keyword.builtin.ClickKeyword.execute(ClickKeyword.groovy:42)
	at com.kms.katalon.core.keyword.internal.KeywordExecutor.executeKeywordForPlatform(KeywordExecutor.groovy:73)
	at com.kms.katalon.core.webui.keyword.WebUiBuiltInKeywords.click(WebUiBuiltInKeywords.groovy:619)
	at com.kms.katalon.core.webui.keyword.WebUiBuiltInKeywords$click$3.call(Unknown Source)
	at TC19_InvitePeopleToChannel.run(TC19_InvitePeopleToChannel:28)
	at com.kms.katalon.core.main.ScriptEngine.run(ScriptEngine.java:194)
	at com.kms.katalon.core.main.ScriptEngine.runScriptAsRawText(ScriptEngine.java:119)
	at com.kms.katalon.core.main.TestCaseExecutor.runScript(TestCaseExecutor.java:398)
	at com.kms.katalon.core.main.TestCaseExecutor.doExecute(TestCaseExecutor.java:389)
	at com.kms.katalon.core.main.TestCaseExecutor.processExecutionPhase(TestCaseExecutor.java:368)
	at com.kms.katalon.core.main.TestCaseExecutor.accessMainPhase(TestCaseExecutor.java:360)
	at com.kms.katalon.core.main.TestCaseExecutor.execute(TestCaseExecutor.java:255)
	at com.kms.katalon.core.main.TestSuiteExecutor.accessTestCaseMainPhase(TestSuiteExecutor.java:203)
	at com.kms.katalon.core.main.TestSuiteExecutor.accessTestSuiteMainPhase(TestSuiteExecutor.java:152)
	at com.kms.katalon.core.main.TestSuiteExecutor.execute(TestSuiteExecutor.java:95)
	at com.kms.katalon.core.main.TestCaseMain.startTestSuite(TestCaseMain.java:157)
	at com.kms.katalon.core.main.TestCaseMain$startTestSuite$0.call(Unknown Source)
	at TempTestSuite1622124825440.run(TempTestSuite1622124825440.groovy:39)
Caused by: com.kms.katalon.core.webui.exception.WebElementNotFoundException: Web element with id: 'Object Repository/1712612_Mattermost Object/Page_Invite people to channel - Test 171261_c46106/div_- abc string (string)_more-modal__actio_2ea070' located by '//div[@id='multiSelectList']/div/div[2]/div' not found
	at com.kms.katalon.core.webui.common.WebUiCommonHelper.findWebElement(WebUiCommonHelper.java:1368)
	at com.kms.katalon.core.webui.keyword.internal.WebUIAbstractKeyword.findWebElement(WebUIAbstractKeyword.groovy:27)
	at com.kms.katalon.core.webui.keyword.internal.WebUIAbstractKeyword.findWebElement(WebUIAbstractKeyword.groovy:26)
	at com.kms.katalon.core.webui.keyword.builtin.ClickKeyword$_click_closure1.doCall(ClickKeyword.groovy:66)
	at com.kms.katalon.core.webui.keyword.builtin.ClickKeyword$_click_closure1.call(ClickKeyword.groovy)
	at com.kms.katalon.core.webui.keyword.internal.WebUIKeywordMain.runKeyword(WebUIKeywordMain.groovy:20)
	... 19 more]]></system-err>
      </testcase>
      <testcase name="Test Cases/1712612/TC20_Update_channel_purpose" time="39.338" classname="Test Cases/1712612/TC20_Update_channel_purpose" status="PASSED">
         <system-out><![CDATA[2021-05-27 21:25:42 - [TEST_CASE][PASSED] - Test Cases/1712612/TC20_Update_channel_purpose: Test Cases/1712612/TC20_Update_channel_purpose

2021-05-27 21:25:43 - [TEST_STEP][PASSED] - callTestCase(findTestCase("1712612/CommonTC/TC_OpenPage"), [:], STOP_ON_FAILURE): Call Test Case 'Test Cases/1712612/CommonTC/TC_OpenPage' successfully

2021-05-27 21:25:43 - [TEST_CASE][PASSED] - Test Cases/1712612/CommonTC/TC_OpenPage: Test Cases/1712612/CommonTC/TC_OpenPage

2021-05-27 21:25:43 - [TEST_STEP][PASSED] - openBrowser(""): Browser is opened with url: ''

2021-05-27 21:25:43 - [MESSAGE][WARNING] - A browser is already opened. Closing browser and opening a new one

2021-05-27 21:25:45 - [MESSAGE][INFO] - Starting 'Chrome' driver

2021-05-27 21:25:45 - [MESSAGE][INFO] - Action delay is set to 0 milliseconds

2021-05-27 21:25:48 - [MESSAGE][PASSED] - Browser is opened with url: ''

2021-05-27 21:25:48 - [TEST_STEP][PASSED] - navigateToUrl("https://mattermostwebapp.herokuapp.com/login"): Navigate to 'https://mattermostwebapp.herokuapp.com/login' successfully

2021-05-27 21:25:54 - [MESSAGE][PASSED] - Navigate to 'https://mattermostwebapp.herokuapp.com/login' successfully

2021-05-27 21:25:54 - [MESSAGE][PASSED] - Call Test Case 'Test Cases/1712612/CommonTC/TC_OpenPage' successfully

2021-05-27 21:25:54 - [TEST_STEP][PASSED] - callTestCase(findTestCase("1712612/CommonTC/TC_Login"), [:], STOP_ON_FAILURE): Call Test Case 'Test Cases/1712612/CommonTC/TC_Login' successfully

2021-05-27 21:25:54 - [TEST_CASE][PASSED] - Test Cases/1712612/CommonTC/TC_Login: Test Cases/1712612/CommonTC/TC_Login

2021-05-27 21:25:54 - [TEST_STEP][PASSED] - verifyElementVisible(findTestObject("Object Repository/1712612_Mattermost Object/Page_Mattermost/input_login_username"), STOP_ON_FAILURE): Object 'Object Repository/1712612_Mattermost Object/Page_Mattermost/input_login_username' is visible

2021-05-27 21:25:59 - [MESSAGE][PASSED] - Object 'Object Repository/1712612_Mattermost Object/Page_Mattermost/input_login_username' is visible

2021-05-27 21:25:59 - [TEST_STEP][PASSED] - verifyElementVisible(findTestObject("Object Repository/1712612_Mattermost Object/Page_Mattermost/input_login_password"), STOP_ON_FAILURE): Object 'Object Repository/1712612_Mattermost Object/Page_Mattermost/input_login_password' is visible

2021-05-27 21:26:00 - [MESSAGE][PASSED] - Object 'Object Repository/1712612_Mattermost Object/Page_Mattermost/input_login_password' is visible

2021-05-27 21:26:00 - [TEST_STEP][PASSED] - setText(findTestObject("Object Repository/1712612_Mattermost Object/Page_Mattermost/input_login_username"), "nghi_tran"): Text 'nghi_tran' is set on object 'Object Repository/1712612_Mattermost Object/Page_Mattermost/input_login_username'

2021-05-27 21:26:02 - [MESSAGE][PASSED] - Text 'nghi_tran' is set on object 'Object Repository/1712612_Mattermost Object/Page_Mattermost/input_login_username'

2021-05-27 21:26:02 - [TEST_STEP][PASSED] - setEncryptedText(findTestObject("Object Repository/1712612_Mattermost Object/Page_Mattermost/input_login_password"), "KBlHou+hFmnFUOUwxwboiw=="): Text ****** has been set on object 'Object Repository/1712612_Mattermost Object/Page_Mattermost/input_login_password'

2021-05-27 21:26:04 - [MESSAGE][PASSED] - Text ****** has been set on object 'Object Repository/1712612_Mattermost Object/Page_Mattermost/input_login_password'

2021-05-27 21:26:04 - [TEST_STEP][PASSED] - click(findTestObject("Object Repository/1712612_Mattermost Object/Page_Mattermost/button_Sign in")): Object: 'Object Repository/1712612_Mattermost Object/Page_Mattermost/button_Sign in' is clicked on

2021-05-27 21:26:05 - [MESSAGE][PASSED] - Object: 'Object Repository/1712612_Mattermost Object/Page_Mattermost/button_Sign in' is clicked on

2021-05-27 21:26:05 - [TEST_STEP][PASSED] - verifyElementVisible(findTestObject("Object Repository/1712612_Mattermost Object/Page_Town Square - another Mattermost/img__Avatar Avatar-lg"), STOP_ON_FAILURE): Object 'Object Repository/1712612_Mattermost Object/Page_Town Square - another Mattermost/img__Avatar Avatar-lg' is visible

2021-05-27 21:26:10 - [MESSAGE][PASSED] - Object 'Object Repository/1712612_Mattermost Object/Page_Town Square - another Mattermost/img__Avatar Avatar-lg' is visible

2021-05-27 21:26:10 - [MESSAGE][PASSED] - Call Test Case 'Test Cases/1712612/CommonTC/TC_Login' successfully

2021-05-27 21:26:10 - [TEST_STEP][PASSED] - navigateToUrl("https://mattermostwebapp.herokuapp.com/test-1712612/channels/update-channel-purpose"): Navigate to 'https://mattermostwebapp.herokuapp.com/test-1712612/channels/update-channel-purpose' successfully

2021-05-27 21:26:11 - [MESSAGE][PASSED] - Navigate to 'https://mattermostwebapp.herokuapp.com/test-1712612/channels/update-channel-purpose' successfully

2021-05-27 21:26:11 - [TEST_STEP][PASSED] - click(findTestObject("Object Repository/1712612_Mattermost Object/Page_Update channel purpose - Test 1712612 _81d6bc/button_Update channel purpose")): Object: 'Object Repository/1712612_Mattermost Object/Page_Update channel purpose - Test 1712612 _81d6bc/button_Update channel purpose' is clicked on

2021-05-27 21:26:15 - [MESSAGE][PASSED] - Object: 'Object Repository/1712612_Mattermost Object/Page_Update channel purpose - Test 1712612 _81d6bc/button_Update channel purpose' is clicked on

2021-05-27 21:26:15 - [TEST_STEP][PASSED] - click(findTestObject("Object Repository/1712612_Mattermost Object/Page_Update channel purpose - Test 1712612 _81d6bc/button_Edit Channel Purpose")): Object: 'Object Repository/1712612_Mattermost Object/Page_Update channel purpose - Test 1712612 _81d6bc/button_Edit Channel Purpose' is clicked on

2021-05-27 21:26:15 - [MESSAGE][PASSED] - Object: 'Object Repository/1712612_Mattermost Object/Page_Update channel purpose - Test 1712612 _81d6bc/button_Edit Channel Purpose' is clicked on

2021-05-27 21:26:15 - [TEST_STEP][PASSED] - click(findTestObject("Object Repository/1712612_Mattermost Object/Page_Update channel purpose - Test 1712612 _81d6bc/div_CloseEdit Purpose for Update channel pu_f30fff")): Object: 'Object Repository/1712612_Mattermost Object/Page_Update channel purpose - Test 1712612 _81d6bc/div_CloseEdit Purpose for Update channel pu_f30fff' is clicked on

2021-05-27 21:26:16 - [MESSAGE][PASSED] - Object: 'Object Repository/1712612_Mattermost Object/Page_Update channel purpose - Test 1712612 _81d6bc/div_CloseEdit Purpose for Update channel pu_f30fff' is clicked on

2021-05-27 21:26:16 - [TEST_STEP][PASSED] - setText(findTestObject("Object Repository/1712612_Mattermost Object/Page_Update channel purpose - Test 1712612 _81d6bc/textarea_This is update channel purpose"), "This is update channel purpose."): Text 'This is update channel purpose.' is set on object 'Object Repository/1712612_Mattermost Object/Page_Update channel purpose - Test 1712612 _81d6bc/textarea_This is update channel purpose'

2021-05-27 21:26:17 - [MESSAGE][PASSED] - Text 'This is update channel purpose.' is set on object 'Object Repository/1712612_Mattermost Object/Page_Update channel purpose - Test 1712612 _81d6bc/textarea_This is update channel purpose'

2021-05-27 21:26:17 - [TEST_STEP][PASSED] - click(findTestObject("Object Repository/1712612_Mattermost Object/Page_Update channel purpose - Test 1712612 _81d6bc/button_Save")): Object: 'Object Repository/1712612_Mattermost Object/Page_Update channel purpose - Test 1712612 _81d6bc/button_Save' is clicked on

2021-05-27 21:26:18 - [MESSAGE][PASSED] - Object: 'Object Repository/1712612_Mattermost Object/Page_Update channel purpose - Test 1712612 _81d6bc/button_Save' is clicked on

2021-05-27 21:26:18 - [TEST_STEP][PASSED] - click(findTestObject("Object Repository/1712612_Mattermost Object/Page_Update channel purpose - Test 1712612 _81d6bc/button_Update channel purpose")): Object: 'Object Repository/1712612_Mattermost Object/Page_Update channel purpose - Test 1712612 _81d6bc/button_Update channel purpose' is clicked on

2021-05-27 21:26:19 - [MESSAGE][PASSED] - Object: 'Object Repository/1712612_Mattermost Object/Page_Update channel purpose - Test 1712612 _81d6bc/button_Update channel purpose' is clicked on

2021-05-27 21:26:19 - [TEST_STEP][PASSED] - click(findTestObject("Object Repository/1712612_Mattermost Object/Page_Update channel purpose - Test 1712612 _81d6bc/button_View Info")): Object: 'Object Repository/1712612_Mattermost Object/Page_Update channel purpose - Test 1712612 _81d6bc/button_View Info' is clicked on

2021-05-27 21:26:20 - [MESSAGE][PASSED] - Object: 'Object Repository/1712612_Mattermost Object/Page_Update channel purpose - Test 1712612 _81d6bc/button_View Info' is clicked on

2021-05-27 21:26:20 - [TEST_STEP][PASSED] - verifyTextPresent("This is update channel purpose.", false): Text 'This is update channel purpose.' is present on page 

2021-05-27 21:26:21 - [MESSAGE][PASSED] - Text 'This is update channel purpose.' is present on page 

2021-05-27 21:26:21 - [TEST_STEP][PASSED] - closeBrowser(): Browser is closed

2021-05-27 21:26:22 - [MESSAGE][PASSED] - Browser is closed]]></system-out>
         <system-err><![CDATA[]]></system-err>
      </testcase>
      <testcase name="Test Cases/1712612/TC21_RenameChannel" time="30.744" classname="Test Cases/1712612/TC21_RenameChannel" status="PASSED">
         <system-out><![CDATA[2021-05-27 21:26:22 - [TEST_CASE][PASSED] - Test Cases/1712612/TC21_RenameChannel: Test Cases/1712612/TC21_RenameChannel

2021-05-27 21:26:23 - [TEST_STEP][PASSED] - callTestCase(findTestCase("1712612/CommonTC/TC_OpenPage"), [:], STOP_ON_FAILURE): Call Test Case 'Test Cases/1712612/CommonTC/TC_OpenPage' successfully

2021-05-27 21:26:23 - [TEST_CASE][PASSED] - Test Cases/1712612/CommonTC/TC_OpenPage: Test Cases/1712612/CommonTC/TC_OpenPage

2021-05-27 21:26:23 - [TEST_STEP][PASSED] - openBrowser(""): Browser is opened with url: ''

2021-05-27 21:26:23 - [MESSAGE][INFO] - Starting 'Chrome' driver

2021-05-27 21:26:23 - [MESSAGE][INFO] - Action delay is set to 0 milliseconds

2021-05-27 21:26:25 - [MESSAGE][PASSED] - Browser is opened with url: ''

2021-05-27 21:26:25 - [TEST_STEP][PASSED] - navigateToUrl("https://mattermostwebapp.herokuapp.com/login"): Navigate to 'https://mattermostwebapp.herokuapp.com/login' successfully

2021-05-27 21:26:30 - [MESSAGE][PASSED] - Navigate to 'https://mattermostwebapp.herokuapp.com/login' successfully

2021-05-27 21:26:30 - [MESSAGE][PASSED] - Call Test Case 'Test Cases/1712612/CommonTC/TC_OpenPage' successfully

2021-05-27 21:26:30 - [TEST_STEP][PASSED] - callTestCase(findTestCase("1712612/CommonTC/TC_Login"), [:], STOP_ON_FAILURE): Call Test Case 'Test Cases/1712612/CommonTC/TC_Login' successfully

2021-05-27 21:26:30 - [TEST_CASE][PASSED] - Test Cases/1712612/CommonTC/TC_Login: Test Cases/1712612/CommonTC/TC_Login

2021-05-27 21:26:30 - [TEST_STEP][PASSED] - verifyElementVisible(findTestObject("Object Repository/1712612_Mattermost Object/Page_Mattermost/input_login_username"), STOP_ON_FAILURE): Object 'Object Repository/1712612_Mattermost Object/Page_Mattermost/input_login_username' is visible

2021-05-27 21:26:36 - [MESSAGE][PASSED] - Object 'Object Repository/1712612_Mattermost Object/Page_Mattermost/input_login_username' is visible

2021-05-27 21:26:36 - [TEST_STEP][PASSED] - verifyElementVisible(findTestObject("Object Repository/1712612_Mattermost Object/Page_Mattermost/input_login_password"), STOP_ON_FAILURE): Object 'Object Repository/1712612_Mattermost Object/Page_Mattermost/input_login_password' is visible

2021-05-27 21:26:36 - [MESSAGE][PASSED] - Object 'Object Repository/1712612_Mattermost Object/Page_Mattermost/input_login_password' is visible

2021-05-27 21:26:36 - [TEST_STEP][PASSED] - setText(findTestObject("Object Repository/1712612_Mattermost Object/Page_Mattermost/input_login_username"), "nghi_tran"): Text 'nghi_tran' is set on object 'Object Repository/1712612_Mattermost Object/Page_Mattermost/input_login_username'

2021-05-27 21:26:37 - [MESSAGE][PASSED] - Text 'nghi_tran' is set on object 'Object Repository/1712612_Mattermost Object/Page_Mattermost/input_login_username'

2021-05-27 21:26:37 - [TEST_STEP][PASSED] - setEncryptedText(findTestObject("Object Repository/1712612_Mattermost Object/Page_Mattermost/input_login_password"), "KBlHou+hFmnFUOUwxwboiw=="): Text ****** has been set on object 'Object Repository/1712612_Mattermost Object/Page_Mattermost/input_login_password'

2021-05-27 21:26:38 - [MESSAGE][PASSED] - Text ****** has been set on object 'Object Repository/1712612_Mattermost Object/Page_Mattermost/input_login_password'

2021-05-27 21:26:38 - [TEST_STEP][PASSED] - click(findTestObject("Object Repository/1712612_Mattermost Object/Page_Mattermost/button_Sign in")): Object: 'Object Repository/1712612_Mattermost Object/Page_Mattermost/button_Sign in' is clicked on

2021-05-27 21:26:39 - [MESSAGE][PASSED] - Object: 'Object Repository/1712612_Mattermost Object/Page_Mattermost/button_Sign in' is clicked on

2021-05-27 21:26:39 - [TEST_STEP][PASSED] - verifyElementVisible(findTestObject("Object Repository/1712612_Mattermost Object/Page_Town Square - another Mattermost/img__Avatar Avatar-lg"), STOP_ON_FAILURE): Object 'Object Repository/1712612_Mattermost Object/Page_Town Square - another Mattermost/img__Avatar Avatar-lg' is visible

2021-05-27 21:26:44 - [MESSAGE][PASSED] - Object 'Object Repository/1712612_Mattermost Object/Page_Town Square - another Mattermost/img__Avatar Avatar-lg' is visible

2021-05-27 21:26:44 - [MESSAGE][PASSED] - Call Test Case 'Test Cases/1712612/CommonTC/TC_Login' successfully

2021-05-27 21:26:44 - [TEST_STEP][PASSED] - navigateToUrl("https://mattermostwebapp.herokuapp.com/test-1712612/channels/channel"): Navigate to 'https://mattermostwebapp.herokuapp.com/test-1712612/channels/channel' successfully

2021-05-27 21:26:45 - [MESSAGE][PASSED] - Navigate to 'https://mattermostwebapp.herokuapp.com/test-1712612/channels/channel' successfully

2021-05-27 21:26:45 - [TEST_STEP][PASSED] - click(findTestObject("Object Repository/1712612_Mattermost Object/Page_channel - Test 1712612 Mattermost/button_channel")): Object: 'Object Repository/1712612_Mattermost Object/Page_channel - Test 1712612 Mattermost/button_channel' is clicked on

2021-05-27 21:26:49 - [MESSAGE][PASSED] - Object: 'Object Repository/1712612_Mattermost Object/Page_channel - Test 1712612 Mattermost/button_channel' is clicked on

2021-05-27 21:26:49 - [TEST_STEP][PASSED] - click(findTestObject("Object Repository/1712612_Mattermost Object/Page_channel - Test 1712612 Mattermost/button_Rename Channel")): Object: 'Object Repository/1712612_Mattermost Object/Page_channel - Test 1712612 Mattermost/button_Rename Channel' is clicked on

2021-05-27 21:26:50 - [MESSAGE][PASSED] - Object: 'Object Repository/1712612_Mattermost Object/Page_channel - Test 1712612 Mattermost/button_Rename Channel' is clicked on

2021-05-27 21:26:50 - [TEST_STEP][PASSED] - setText(findTestObject("Object Repository/1712612_Mattermost Object/Page_channel - Test 1712612 Mattermost/input_Display Name_display_name"), "channels"): Text 'channels' is set on object 'Object Repository/1712612_Mattermost Object/Page_channel - Test 1712612 Mattermost/input_Display Name_display_name'

2021-05-27 21:26:51 - [MESSAGE][PASSED] - Text 'channels' is set on object 'Object Repository/1712612_Mattermost Object/Page_channel - Test 1712612 Mattermost/input_Display Name_display_name'

2021-05-27 21:26:51 - [TEST_STEP][PASSED] - click(findTestObject("Object Repository/1712612_Mattermost Object/Page_channel - Test 1712612 Mattermost/button_Save")): Object: 'Object Repository/1712612_Mattermost Object/Page_channel - Test 1712612 Mattermost/button_Save' is clicked on

2021-05-27 21:26:52 - [MESSAGE][PASSED] - Object: 'Object Repository/1712612_Mattermost Object/Page_channel - Test 1712612 Mattermost/button_Save' is clicked on

2021-05-27 21:26:52 - [TEST_STEP][PASSED] - closeBrowser(): Browser is closed

2021-05-27 21:26:52 - [MESSAGE][PASSED] - Browser is closed]]></system-out>
         <system-err><![CDATA[]]></system-err>
      </testcase>
      <testcase name="Test Cases/1712612/TC22_UpdateChannelHeader" time="29.429" classname="Test Cases/1712612/TC22_UpdateChannelHeader" status="ERROR">
         <error type="ERROR" message="Test Cases/1712612/TC22_UpdateChannelHeader FAILED.
Reason:
java.lang.NullPointerException
	at com.kms.katalon.core.webui.keyword.builtin.VerifyElementTextKeyword.verifyElementText(VerifyElementTextKeyword.groovy:72)
	at com.kms.katalon.core.webui.keyword.builtin.VerifyElementTextKeyword.execute(VerifyElementTextKeyword.groovy:40)
	at com.kms.katalon.core.keyword.internal.KeywordExecutor.executeKeywordForPlatform(KeywordExecutor.groovy:73)
	at com.kms.katalon.core.webui.keyword.WebUiBuiltInKeywords.verifyElementText(WebUiBuiltInKeywords.groovy:4690)
	at com.kms.katalon.core.webui.keyword.WebUiBuiltInKeywords$verifyElementText$8.call(Unknown Source)
	at TC22_UpdateChannelHeader.run(TC22_UpdateChannelHeader:33)
	at com.kms.katalon.core.main.ScriptEngine.run(ScriptEngine.java:194)
	at com.kms.katalon.core.main.ScriptEngine.runScriptAsRawText(ScriptEngine.java:119)
	at com.kms.katalon.core.main.TestCaseExecutor.runScript(TestCaseExecutor.java:398)
	at com.kms.katalon.core.main.TestCaseExecutor.doExecute(TestCaseExecutor.java:389)
	at com.kms.katalon.core.main.TestCaseExecutor.processExecutionPhase(TestCaseExecutor.java:368)
	at com.kms.katalon.core.main.TestCaseExecutor.accessMainPhase(TestCaseExecutor.java:360)
	at com.kms.katalon.core.main.TestCaseExecutor.execute(TestCaseExecutor.java:255)
	at com.kms.katalon.core.main.TestSuiteExecutor.accessTestCaseMainPhase(TestSuiteExecutor.java:203)
	at com.kms.katalon.core.main.TestSuiteExecutor.accessTestSuiteMainPhase(TestSuiteExecutor.java:152)
	at com.kms.katalon.core.main.TestSuiteExecutor.execute(TestSuiteExecutor.java:95)
	at com.kms.katalon.core.main.TestCaseMain.startTestSuite(TestCaseMain.java:157)
	at com.kms.katalon.core.main.TestCaseMain$startTestSuite$0.call(Unknown Source)
	at TempTestSuite1622124825440.run(TempTestSuite1622124825440.groovy:39)
"/>
         <system-out><![CDATA[2021-05-27 21:26:52 - [TEST_CASE][ERROR] - Test Cases/1712612/TC22_UpdateChannelHeader: Test Cases/1712612/TC22_UpdateChannelHeader FAILED.
Reason:
java.lang.NullPointerException
	at com.kms.katalon.core.webui.keyword.builtin.VerifyElementTextKeyword.verifyElementText(VerifyElementTextKeyword.groovy:72)
	at com.kms.katalon.core.webui.keyword.builtin.VerifyElementTextKeyword.execute(VerifyElementTextKeyword.groovy:40)
	at com.kms.katalon.core.keyword.internal.KeywordExecutor.executeKeywordForPlatform(KeywordExecutor.groovy:73)
	at com.kms.katalon.core.webui.keyword.WebUiBuiltInKeywords.verifyElementText(WebUiBuiltInKeywords.groovy:4690)
	at com.kms.katalon.core.webui.keyword.WebUiBuiltInKeywords$verifyElementText$8.call(Unknown Source)
	at TC22_UpdateChannelHeader.run(TC22_UpdateChannelHeader:33)
	at com.kms.katalon.core.main.ScriptEngine.run(ScriptEngine.java:194)
	at com.kms.katalon.core.main.ScriptEngine.runScriptAsRawText(ScriptEngine.java:119)
	at com.kms.katalon.core.main.TestCaseExecutor.runScript(TestCaseExecutor.java:398)
	at com.kms.katalon.core.main.TestCaseExecutor.doExecute(TestCaseExecutor.java:389)
	at com.kms.katalon.core.main.TestCaseExecutor.processExecutionPhase(TestCaseExecutor.java:368)
	at com.kms.katalon.core.main.TestCaseExecutor.accessMainPhase(TestCaseExecutor.java:360)
	at com.kms.katalon.core.main.TestCaseExecutor.execute(TestCaseExecutor.java:255)
	at com.kms.katalon.core.main.TestSuiteExecutor.accessTestCaseMainPhase(TestSuiteExecutor.java:203)
	at com.kms.katalon.core.main.TestSuiteExecutor.accessTestSuiteMainPhase(TestSuiteExecutor.java:152)
	at com.kms.katalon.core.main.TestSuiteExecutor.execute(TestSuiteExecutor.java:95)
	at com.kms.katalon.core.main.TestCaseMain.startTestSuite(TestCaseMain.java:157)
	at com.kms.katalon.core.main.TestCaseMain$startTestSuite$0.call(Unknown Source)
	at TempTestSuite1622124825440.run(TempTestSuite1622124825440.groovy:39)


2021-05-27 21:26:53 - [TEST_STEP][PASSED] - callTestCase(findTestCase("1712612/CommonTC/TC_OpenPage"), [:], STOP_ON_FAILURE): Call Test Case 'Test Cases/1712612/CommonTC/TC_OpenPage' successfully

2021-05-27 21:26:53 - [TEST_CASE][PASSED] - Test Cases/1712612/CommonTC/TC_OpenPage: Test Cases/1712612/CommonTC/TC_OpenPage

2021-05-27 21:26:53 - [TEST_STEP][PASSED] - openBrowser(""): Browser is opened with url: ''

2021-05-27 21:26:53 - [MESSAGE][INFO] - Starting 'Chrome' driver

2021-05-27 21:26:53 - [MESSAGE][INFO] - Action delay is set to 0 milliseconds

2021-05-27 21:26:56 - [MESSAGE][PASSED] - Browser is opened with url: ''

2021-05-27 21:26:56 - [TEST_STEP][PASSED] - navigateToUrl("https://mattermostwebapp.herokuapp.com/login"): Navigate to 'https://mattermostwebapp.herokuapp.com/login' successfully

2021-05-27 21:27:00 - [MESSAGE][PASSED] - Navigate to 'https://mattermostwebapp.herokuapp.com/login' successfully

2021-05-27 21:27:00 - [MESSAGE][PASSED] - Call Test Case 'Test Cases/1712612/CommonTC/TC_OpenPage' successfully

2021-05-27 21:27:00 - [TEST_STEP][PASSED] - callTestCase(findTestCase("1712612/CommonTC/TC_Login"), [:], STOP_ON_FAILURE): Call Test Case 'Test Cases/1712612/CommonTC/TC_Login' successfully

2021-05-27 21:27:00 - [TEST_CASE][PASSED] - Test Cases/1712612/CommonTC/TC_Login: Test Cases/1712612/CommonTC/TC_Login

2021-05-27 21:27:00 - [TEST_STEP][PASSED] - verifyElementVisible(findTestObject("Object Repository/1712612_Mattermost Object/Page_Mattermost/input_login_username"), STOP_ON_FAILURE): Object 'Object Repository/1712612_Mattermost Object/Page_Mattermost/input_login_username' is visible

2021-05-27 21:27:06 - [MESSAGE][PASSED] - Object 'Object Repository/1712612_Mattermost Object/Page_Mattermost/input_login_username' is visible

2021-05-27 21:27:06 - [TEST_STEP][PASSED] - verifyElementVisible(findTestObject("Object Repository/1712612_Mattermost Object/Page_Mattermost/input_login_password"), STOP_ON_FAILURE): Object 'Object Repository/1712612_Mattermost Object/Page_Mattermost/input_login_password' is visible

2021-05-27 21:27:06 - [MESSAGE][PASSED] - Object 'Object Repository/1712612_Mattermost Object/Page_Mattermost/input_login_password' is visible

2021-05-27 21:27:06 - [TEST_STEP][PASSED] - setText(findTestObject("Object Repository/1712612_Mattermost Object/Page_Mattermost/input_login_username"), "nghi_tran"): Text 'nghi_tran' is set on object 'Object Repository/1712612_Mattermost Object/Page_Mattermost/input_login_username'

2021-05-27 21:27:07 - [MESSAGE][PASSED] - Text 'nghi_tran' is set on object 'Object Repository/1712612_Mattermost Object/Page_Mattermost/input_login_username'

2021-05-27 21:27:07 - [TEST_STEP][PASSED] - setEncryptedText(findTestObject("Object Repository/1712612_Mattermost Object/Page_Mattermost/input_login_password"), "KBlHou+hFmnFUOUwxwboiw=="): Text ****** has been set on object 'Object Repository/1712612_Mattermost Object/Page_Mattermost/input_login_password'

2021-05-27 21:27:08 - [MESSAGE][PASSED] - Text ****** has been set on object 'Object Repository/1712612_Mattermost Object/Page_Mattermost/input_login_password'

2021-05-27 21:27:08 - [TEST_STEP][PASSED] - click(findTestObject("Object Repository/1712612_Mattermost Object/Page_Mattermost/button_Sign in")): Object: 'Object Repository/1712612_Mattermost Object/Page_Mattermost/button_Sign in' is clicked on

2021-05-27 21:27:09 - [MESSAGE][PASSED] - Object: 'Object Repository/1712612_Mattermost Object/Page_Mattermost/button_Sign in' is clicked on

2021-05-27 21:27:09 - [TEST_STEP][PASSED] - verifyElementVisible(findTestObject("Object Repository/1712612_Mattermost Object/Page_Town Square - another Mattermost/img__Avatar Avatar-lg"), STOP_ON_FAILURE): Object 'Object Repository/1712612_Mattermost Object/Page_Town Square - another Mattermost/img__Avatar Avatar-lg' is visible

2021-05-27 21:27:14 - [MESSAGE][PASSED] - Object 'Object Repository/1712612_Mattermost Object/Page_Town Square - another Mattermost/img__Avatar Avatar-lg' is visible

2021-05-27 21:27:14 - [MESSAGE][PASSED] - Call Test Case 'Test Cases/1712612/CommonTC/TC_Login' successfully

2021-05-27 21:27:14 - [TEST_STEP][PASSED] - navigateToUrl("https://mattermostwebapp.herokuapp.com/test-1712612/channels/new-channel"): Navigate to 'https://mattermostwebapp.herokuapp.com/test-1712612/channels/new-channel' successfully

2021-05-27 21:27:16 - [MESSAGE][PASSED] - Navigate to 'https://mattermostwebapp.herokuapp.com/test-1712612/channels/new-channel' successfully

2021-05-27 21:27:16 - [TEST_STEP][PASSED] - click(findTestObject("Object Repository/1712612_Mattermost Object/Page_new channel - Test 1712612 Mattermost/button_Set a Header")): Object: 'Object Repository/1712612_Mattermost Object/Page_new channel - Test 1712612 Mattermost/button_Set a Header' is clicked on

2021-05-27 21:27:20 - [MESSAGE][PASSED] - Object: 'Object Repository/1712612_Mattermost Object/Page_new channel - Test 1712612 Mattermost/button_Set a Header' is clicked on

2021-05-27 21:27:20 - [TEST_STEP][PASSED] - setText(findTestObject("Object Repository/1712612_Mattermost Object/Page_new channel - Test 1712612 Mattermost/textarea_Hello World"), "Hello World, how are you?"): Text 'Hello World, how are you?' is set on object 'Object Repository/1712612_Mattermost Object/Page_new channel - Test 1712612 Mattermost/textarea_Hello World'

2021-05-27 21:27:21 - [MESSAGE][PASSED] - Text 'Hello World, how are you?' is set on object 'Object Repository/1712612_Mattermost Object/Page_new channel - Test 1712612 Mattermost/textarea_Hello World'

2021-05-27 21:27:21 - [TEST_STEP][PASSED] - click(findTestObject("Object Repository/1712612_Mattermost Object/Page_new channel - Test 1712612 Mattermost/button_Save")): Object: 'Object Repository/1712612_Mattermost Object/Page_new channel - Test 1712612 Mattermost/button_Save' is clicked on

2021-05-27 21:27:22 - [MESSAGE][PASSED] - Object: 'Object Repository/1712612_Mattermost Object/Page_new channel - Test 1712612 Mattermost/button_Save' is clicked on

2021-05-27 21:27:22 - [TEST_STEP][PASSED] - verifyElementText(findTestObject("Page_new channel - Test 1712612 Mattermost/p_Hello World, how are you"), "Hello World, how are you?"): Test object with id 'Object Repository/' does not exist

2021-05-27 21:27:22 - [MESSAGE][WARNING] - Test object with id 'Object Repository/Page_new channel - Test 1712612 Mattermost/p_Hello World, how are you' does not exist

2021-05-27 21:27:22 - [MESSAGE][WARNING] - Test object with id 'Object Repository/' does not exist]]></system-out>
         <system-err><![CDATA[2021-05-27 21:26:52 - [TEST_CASE][ERROR] - Test Cases/1712612/TC22_UpdateChannelHeader: Test Cases/1712612/TC22_UpdateChannelHeader FAILED.
Reason:
java.lang.NullPointerException
	at com.kms.katalon.core.webui.keyword.builtin.VerifyElementTextKeyword.verifyElementText(VerifyElementTextKeyword.groovy:72)
	at com.kms.katalon.core.webui.keyword.builtin.VerifyElementTextKeyword.execute(VerifyElementTextKeyword.groovy:40)
	at com.kms.katalon.core.keyword.internal.KeywordExecutor.executeKeywordForPlatform(KeywordExecutor.groovy:73)
	at com.kms.katalon.core.webui.keyword.WebUiBuiltInKeywords.verifyElementText(WebUiBuiltInKeywords.groovy:4690)
	at com.kms.katalon.core.webui.keyword.WebUiBuiltInKeywords$verifyElementText$8.call(Unknown Source)
	at TC22_UpdateChannelHeader.run(TC22_UpdateChannelHeader:33)
	at com.kms.katalon.core.main.ScriptEngine.run(ScriptEngine.java:194)
	at com.kms.katalon.core.main.ScriptEngine.runScriptAsRawText(ScriptEngine.java:119)
	at com.kms.katalon.core.main.TestCaseExecutor.runScript(TestCaseExecutor.java:398)
	at com.kms.katalon.core.main.TestCaseExecutor.doExecute(TestCaseExecutor.java:389)
	at com.kms.katalon.core.main.TestCaseExecutor.processExecutionPhase(TestCaseExecutor.java:368)
	at com.kms.katalon.core.main.TestCaseExecutor.accessMainPhase(TestCaseExecutor.java:360)
	at com.kms.katalon.core.main.TestCaseExecutor.execute(TestCaseExecutor.java:255)
	at com.kms.katalon.core.main.TestSuiteExecutor.accessTestCaseMainPhase(TestSuiteExecutor.java:203)
	at com.kms.katalon.core.main.TestSuiteExecutor.accessTestSuiteMainPhase(TestSuiteExecutor.java:152)
	at com.kms.katalon.core.main.TestSuiteExecutor.execute(TestSuiteExecutor.java:95)
	at com.kms.katalon.core.main.TestCaseMain.startTestSuite(TestCaseMain.java:157)
	at com.kms.katalon.core.main.TestCaseMain$startTestSuite$0.call(Unknown Source)
	at TempTestSuite1622124825440.run(TempTestSuite1622124825440.groovy:39)]]></system-err>
      </testcase>
      <testcase name="Test Cases/1712612/TC23_LeavePublicChannel" time="29.901" classname="Test Cases/1712612/TC23_LeavePublicChannel" status="FAILED">
         <failure type="FAILED" message="Test Cases/1712612/TC23_LeavePublicChannel FAILED.
Reason:
com.kms.katalon.core.exception.StepFailedException: Unable to set text
	at com.kms.katalon.core.webui.keyword.internal.WebUIKeywordMain.stepFailed(WebUIKeywordMain.groovy:64)
	at com.kms.katalon.core.webui.keyword.internal.WebUIKeywordMain.runKeyword(WebUIKeywordMain.groovy:26)
	at com.kms.katalon.core.webui.keyword.builtin.SetTextKeyword.setText(SetTextKeyword.groovy:66)
	at com.kms.katalon.core.webui.keyword.builtin.SetTextKeyword.execute(SetTextKeyword.groovy:37)
	at com.kms.katalon.core.keyword.internal.KeywordExecutor.executeKeywordForPlatform(KeywordExecutor.groovy:73)
	at com.kms.katalon.core.webui.keyword.WebUiBuiltInKeywords.setText(WebUiBuiltInKeywords.groovy:979)
	at com.kms.katalon.core.webui.keyword.WebUiBuiltInKeywords$setText$1.call(Unknown Source)
	at TC23_LeavePublicChannel.run(TC23_LeavePublicChannel:32)
	at com.kms.katalon.core.main.ScriptEngine.run(ScriptEngine.java:194)
	at com.kms.katalon.core.main.ScriptEngine.runScriptAsRawText(ScriptEngine.java:119)
	at com.kms.katalon.core.main.TestCaseExecutor.runScript(TestCaseExecutor.java:398)
	at com.kms.katalon.core.main.TestCaseExecutor.doExecute(TestCaseExecutor.java:389)
	at com.kms.katalon.core.main.TestCaseExecutor.processExecutionPhase(TestCaseExecutor.java:368)
	at com.kms.katalon.core.main.TestCaseExecutor.accessMainPhase(TestCaseExecutor.java:360)
	at com.kms.katalon.core.main.TestCaseExecutor.execute(TestCaseExecutor.java:255)
	at com.kms.katalon.core.main.TestSuiteExecutor.accessTestCaseMainPhase(TestSuiteExecutor.java:203)
	at com.kms.katalon.core.main.TestSuiteExecutor.accessTestSuiteMainPhase(TestSuiteExecutor.java:152)
	at com.kms.katalon.core.main.TestSuiteExecutor.execute(TestSuiteExecutor.java:95)
	at com.kms.katalon.core.main.TestCaseMain.startTestSuite(TestCaseMain.java:157)
	at com.kms.katalon.core.main.TestCaseMain$startTestSuite$0.call(Unknown Source)
	at TempTestSuite1622124825440.run(TempTestSuite1622124825440.groovy:39)
Caused by: java.lang.IllegalArgumentException: Object is null
	at com.kms.katalon.core.helper.KeywordHelper.checkTestObjectParameter(KeywordHelper.java:33)
	at com.kms.katalon.core.webui.keyword.builtin.SetTextKeyword$_setText_closure1.doCall(SetTextKeyword.groovy:45)
	at com.kms.katalon.core.webui.keyword.builtin.SetTextKeyword$_setText_closure1.call(SetTextKeyword.groovy)
	at com.kms.katalon.core.webui.keyword.internal.WebUIKeywordMain.runKeyword(WebUIKeywordMain.groovy:20)
	... 19 more
"/>
         <system-out><![CDATA[2021-05-27 21:27:22 - [TEST_CASE][FAILED] - Test Cases/1712612/TC23_LeavePublicChannel: Test Cases/1712612/TC23_LeavePublicChannel FAILED.
Reason:
com.kms.katalon.core.exception.StepFailedException: Unable to set text
	at com.kms.katalon.core.webui.keyword.internal.WebUIKeywordMain.stepFailed(WebUIKeywordMain.groovy:64)
	at com.kms.katalon.core.webui.keyword.internal.WebUIKeywordMain.runKeyword(WebUIKeywordMain.groovy:26)
	at com.kms.katalon.core.webui.keyword.builtin.SetTextKeyword.setText(SetTextKeyword.groovy:66)
	at com.kms.katalon.core.webui.keyword.builtin.SetTextKeyword.execute(SetTextKeyword.groovy:37)
	at com.kms.katalon.core.keyword.internal.KeywordExecutor.executeKeywordForPlatform(KeywordExecutor.groovy:73)
	at com.kms.katalon.core.webui.keyword.WebUiBuiltInKeywords.setText(WebUiBuiltInKeywords.groovy:979)
	at com.kms.katalon.core.webui.keyword.WebUiBuiltInKeywords$setText$1.call(Unknown Source)
	at TC23_LeavePublicChannel.run(TC23_LeavePublicChannel:32)
	at com.kms.katalon.core.main.ScriptEngine.run(ScriptEngine.java:194)
	at com.kms.katalon.core.main.ScriptEngine.runScriptAsRawText(ScriptEngine.java:119)
	at com.kms.katalon.core.main.TestCaseExecutor.runScript(TestCaseExecutor.java:398)
	at com.kms.katalon.core.main.TestCaseExecutor.doExecute(TestCaseExecutor.java:389)
	at com.kms.katalon.core.main.TestCaseExecutor.processExecutionPhase(TestCaseExecutor.java:368)
	at com.kms.katalon.core.main.TestCaseExecutor.accessMainPhase(TestCaseExecutor.java:360)
	at com.kms.katalon.core.main.TestCaseExecutor.execute(TestCaseExecutor.java:255)
	at com.kms.katalon.core.main.TestSuiteExecutor.accessTestCaseMainPhase(TestSuiteExecutor.java:203)
	at com.kms.katalon.core.main.TestSuiteExecutor.accessTestSuiteMainPhase(TestSuiteExecutor.java:152)
	at com.kms.katalon.core.main.TestSuiteExecutor.execute(TestSuiteExecutor.java:95)
	at com.kms.katalon.core.main.TestCaseMain.startTestSuite(TestCaseMain.java:157)
	at com.kms.katalon.core.main.TestCaseMain$startTestSuite$0.call(Unknown Source)
	at TempTestSuite1622124825440.run(TempTestSuite1622124825440.groovy:39)
Caused by: java.lang.IllegalArgumentException: Object is null
	at com.kms.katalon.core.helper.KeywordHelper.checkTestObjectParameter(KeywordHelper.java:33)
	at com.kms.katalon.core.webui.keyword.builtin.SetTextKeyword$_setText_closure1.doCall(SetTextKeyword.groovy:45)
	at com.kms.katalon.core.webui.keyword.builtin.SetTextKeyword$_setText_closure1.call(SetTextKeyword.groovy)
	at com.kms.katalon.core.webui.keyword.internal.WebUIKeywordMain.runKeyword(WebUIKeywordMain.groovy:20)
	... 19 more


2021-05-27 21:27:23 - [TEST_STEP][PASSED] - callTestCase(findTestCase("1712612/CommonTC/TC_OpenPage"), [:], STOP_ON_FAILURE): Call Test Case 'Test Cases/1712612/CommonTC/TC_OpenPage' successfully

2021-05-27 21:27:23 - [TEST_CASE][PASSED] - Test Cases/1712612/CommonTC/TC_OpenPage: Test Cases/1712612/CommonTC/TC_OpenPage

2021-05-27 21:27:23 - [TEST_STEP][PASSED] - openBrowser(""): Browser is opened with url: ''

2021-05-27 21:27:23 - [MESSAGE][WARNING] - A browser is already opened. Closing browser and opening a new one

2021-05-27 21:27:24 - [MESSAGE][INFO] - Starting 'Chrome' driver

2021-05-27 21:27:24 - [MESSAGE][INFO] - Action delay is set to 0 milliseconds

2021-05-27 21:27:27 - [MESSAGE][PASSED] - Browser is opened with url: ''

2021-05-27 21:27:27 - [TEST_STEP][PASSED] - navigateToUrl("https://mattermostwebapp.herokuapp.com/login"): Navigate to 'https://mattermostwebapp.herokuapp.com/login' successfully

2021-05-27 21:27:31 - [MESSAGE][PASSED] - Navigate to 'https://mattermostwebapp.herokuapp.com/login' successfully

2021-05-27 21:27:31 - [MESSAGE][PASSED] - Call Test Case 'Test Cases/1712612/CommonTC/TC_OpenPage' successfully

2021-05-27 21:27:31 - [TEST_STEP][PASSED] - callTestCase(findTestCase("1712612/CommonTC/TC_Login"), [:], STOP_ON_FAILURE): Call Test Case 'Test Cases/1712612/CommonTC/TC_Login' successfully

2021-05-27 21:27:31 - [TEST_CASE][PASSED] - Test Cases/1712612/CommonTC/TC_Login: Test Cases/1712612/CommonTC/TC_Login

2021-05-27 21:27:31 - [TEST_STEP][PASSED] - verifyElementVisible(findTestObject("Object Repository/1712612_Mattermost Object/Page_Mattermost/input_login_username"), STOP_ON_FAILURE): Object 'Object Repository/1712612_Mattermost Object/Page_Mattermost/input_login_username' is visible

2021-05-27 21:27:36 - [MESSAGE][PASSED] - Object 'Object Repository/1712612_Mattermost Object/Page_Mattermost/input_login_username' is visible

2021-05-27 21:27:36 - [TEST_STEP][PASSED] - verifyElementVisible(findTestObject("Object Repository/1712612_Mattermost Object/Page_Mattermost/input_login_password"), STOP_ON_FAILURE): Object 'Object Repository/1712612_Mattermost Object/Page_Mattermost/input_login_password' is visible

2021-05-27 21:27:37 - [MESSAGE][PASSED] - Object 'Object Repository/1712612_Mattermost Object/Page_Mattermost/input_login_password' is visible

2021-05-27 21:27:37 - [TEST_STEP][PASSED] - setText(findTestObject("Object Repository/1712612_Mattermost Object/Page_Mattermost/input_login_username"), "nghi_tran"): Text 'nghi_tran' is set on object 'Object Repository/1712612_Mattermost Object/Page_Mattermost/input_login_username'

2021-05-27 21:27:38 - [MESSAGE][PASSED] - Text 'nghi_tran' is set on object 'Object Repository/1712612_Mattermost Object/Page_Mattermost/input_login_username'

2021-05-27 21:27:38 - [TEST_STEP][PASSED] - setEncryptedText(findTestObject("Object Repository/1712612_Mattermost Object/Page_Mattermost/input_login_password"), "KBlHou+hFmnFUOUwxwboiw=="): Text ****** has been set on object 'Object Repository/1712612_Mattermost Object/Page_Mattermost/input_login_password'

2021-05-27 21:27:40 - [MESSAGE][PASSED] - Text ****** has been set on object 'Object Repository/1712612_Mattermost Object/Page_Mattermost/input_login_password'

2021-05-27 21:27:40 - [TEST_STEP][PASSED] - click(findTestObject("Object Repository/1712612_Mattermost Object/Page_Mattermost/button_Sign in")): Object: 'Object Repository/1712612_Mattermost Object/Page_Mattermost/button_Sign in' is clicked on

2021-05-27 21:27:40 - [MESSAGE][PASSED] - Object: 'Object Repository/1712612_Mattermost Object/Page_Mattermost/button_Sign in' is clicked on

2021-05-27 21:27:40 - [TEST_STEP][PASSED] - verifyElementVisible(findTestObject("Object Repository/1712612_Mattermost Object/Page_Town Square - another Mattermost/img__Avatar Avatar-lg"), STOP_ON_FAILURE): Object 'Object Repository/1712612_Mattermost Object/Page_Town Square - another Mattermost/img__Avatar Avatar-lg' is visible

2021-05-27 21:27:45 - [MESSAGE][PASSED] - Object 'Object Repository/1712612_Mattermost Object/Page_Town Square - another Mattermost/img__Avatar Avatar-lg' is visible

2021-05-27 21:27:45 - [MESSAGE][PASSED] - Call Test Case 'Test Cases/1712612/CommonTC/TC_Login' successfully

2021-05-27 21:27:45 - [TEST_STEP][PASSED] - navigateToUrl("https://mattermostwebapp.herokuapp.com/test-1712612/channels/leave-channel"): Navigate to 'https://mattermostwebapp.herokuapp.com/test-1712612/channels/leave-channel' successfully

2021-05-27 21:27:46 - [MESSAGE][PASSED] - Navigate to 'https://mattermostwebapp.herokuapp.com/test-1712612/channels/leave-channel' successfully

2021-05-27 21:27:46 - [TEST_STEP][PASSED] - click(findTestObject("Object Repository/1712612_Mattermost Object/Page_Leave Channel - Test 1712612 Mattermost/button_Leave Channel")): Object: 'Object Repository/1712612_Mattermost Object/Page_Leave Channel - Test 1712612 Mattermost/button_Leave Channel' is clicked on

2021-05-27 21:27:50 - [MESSAGE][PASSED] - Object: 'Object Repository/1712612_Mattermost Object/Page_Leave Channel - Test 1712612 Mattermost/button_Leave Channel' is clicked on

2021-05-27 21:27:50 - [TEST_STEP][PASSED] - click(findTestObject("Object Repository/1712612_Mattermost Object/Page_Leave Channel - Test 1712612 Mattermost/button_Leave Channel")): Object: 'Object Repository/1712612_Mattermost Object/Page_Leave Channel - Test 1712612 Mattermost/button_Leave Channel' is clicked on

2021-05-27 21:27:51 - [MESSAGE][PASSED] - Object: 'Object Repository/1712612_Mattermost Object/Page_Leave Channel - Test 1712612 Mattermost/button_Leave Channel' is clicked on

2021-05-27 21:27:51 - [TEST_STEP][PASSED] - click(findTestObject("Object Repository/1712612_Mattermost Object/Page_Town Square - Test 1712612 Mattermost/button_More")): Object: 'Object Repository/1712612_Mattermost Object/Page_Town Square - Test 1712612 Mattermost/button_More' is clicked on

2021-05-27 21:27:51 - [MESSAGE][PASSED] - Object: 'Object Repository/1712612_Mattermost Object/Page_Town Square - Test 1712612 Mattermost/button_More' is clicked on

2021-05-27 21:27:51 - [TEST_STEP][FAILED] - setText(findTestObject("Page_Town Square - Test 1712612 Mattermost/input_Create Channel_searchChannelsTextbox"), "Leave Channel"): Unable to set text (Root cause: com.kms.katalon.core.exception.StepFailedException: Unable to set text
	at com.kms.katalon.core.webui.keyword.internal.WebUIKeywordMain.stepFailed(WebUIKeywordMain.groovy:64)
	at com.kms.katalon.core.webui.keyword.internal.WebUIKeywordMain.runKeyword(WebUIKeywordMain.groovy:26)
	at com.kms.katalon.core.webui.keyword.builtin.SetTextKeyword.setText(SetTextKeyword.groovy:66)
	at com.kms.katalon.core.webui.keyword.builtin.SetTextKeyword.execute(SetTextKeyword.groovy:37)
	at com.kms.katalon.core.keyword.internal.KeywordExecutor.executeKeywordForPlatform(KeywordExecutor.groovy:73)
	at com.kms.katalon.core.webui.keyword.WebUiBuiltInKeywords.setText(WebUiBuiltInKeywords.groovy:979)
	at com.kms.katalon.core.webui.keyword.WebUiBuiltInKeywords$setText$1.call(Unknown Source)
	at TC23_LeavePublicChannel.run(TC23_LeavePublicChannel:32)
	at com.kms.katalon.core.main.ScriptEngine.run(ScriptEngine.java:194)
	at com.kms.katalon.core.main.ScriptEngine.runScriptAsRawText(ScriptEngine.java:119)
	at com.kms.katalon.core.main.TestCaseExecutor.runScript(TestCaseExecutor.java:398)
	at com.kms.katalon.core.main.TestCaseExecutor.doExecute(TestCaseExecutor.java:389)
	at com.kms.katalon.core.main.TestCaseExecutor.processExecutionPhase(TestCaseExecutor.java:368)
	at com.kms.katalon.core.main.TestCaseExecutor.accessMainPhase(TestCaseExecutor.java:360)
	at com.kms.katalon.core.main.TestCaseExecutor.execute(TestCaseExecutor.java:255)
	at com.kms.katalon.core.main.TestSuiteExecutor.accessTestCaseMainPhase(TestSuiteExecutor.java:203)
	at com.kms.katalon.core.main.TestSuiteExecutor.accessTestSuiteMainPhase(TestSuiteExecutor.java:152)
	at com.kms.katalon.core.main.TestSuiteExecutor.execute(TestSuiteExecutor.java:95)
	at com.kms.katalon.core.main.TestCaseMain.startTestSuite(TestCaseMain.java:157)
	at com.kms.katalon.core.main.TestCaseMain$startTestSuite$0.call(Unknown Source)
	at TempTestSuite1622124825440.run(TempTestSuite1622124825440.groovy:39)
Caused by: java.lang.IllegalArgumentException: Object is null
	at com.kms.katalon.core.helper.KeywordHelper.checkTestObjectParameter(KeywordHelper.java:33)
	at com.kms.katalon.core.webui.keyword.builtin.SetTextKeyword$_setText_closure1.doCall(SetTextKeyword.groovy:45)
	at com.kms.katalon.core.webui.keyword.builtin.SetTextKeyword$_setText_closure1.call(SetTextKeyword.groovy)
	at com.kms.katalon.core.webui.keyword.internal.WebUIKeywordMain.runKeyword(WebUIKeywordMain.groovy:20)
	at com.kms.katalon.core.webui.keyword.builtin.SetTextKeyword.setText(SetTextKeyword.groovy:66)
	at com.kms.katalon.core.webui.keyword.builtin.SetTextKeyword.execute(SetTextKeyword.groovy:37)
	at com.kms.katalon.core.keyword.internal.KeywordExecutor.executeKeywordForPlatform(KeywordExecutor.groovy:73)
	at com.kms.katalon.core.webui.keyword.WebUiBuiltInKeywords.setText(WebUiBuiltInKeywords.groovy:979)
	at com.kms.katalon.core.webui.keyword.WebUiBuiltInKeywords$setText$1.call(Unknown Source)
	at Script1621656510505.run(Script1621656510505.groovy:32)
	... 13 more
)

2021-05-27 21:27:51 - [MESSAGE][WARNING] - Test object with id 'Object Repository/Page_Town Square - Test 1712612 Mattermost/input_Create Channel_searchChannelsTextbox' does not exist

2021-05-27 21:27:51 - [MESSAGE][WARNING] - Test object with id 'Object Repository/' does not exist

2021-05-27 21:27:52 - [MESSAGE][FAILED] - Unable to set text (Root cause: com.kms.katalon.core.exception.StepFailedException: Unable to set text
	at com.kms.katalon.core.webui.keyword.internal.WebUIKeywordMain.stepFailed(WebUIKeywordMain.groovy:64)
	at com.kms.katalon.core.webui.keyword.internal.WebUIKeywordMain.runKeyword(WebUIKeywordMain.groovy:26)
	at com.kms.katalon.core.webui.keyword.builtin.SetTextKeyword.setText(SetTextKeyword.groovy:66)
	at com.kms.katalon.core.webui.keyword.builtin.SetTextKeyword.execute(SetTextKeyword.groovy:37)
	at com.kms.katalon.core.keyword.internal.KeywordExecutor.executeKeywordForPlatform(KeywordExecutor.groovy:73)
	at com.kms.katalon.core.webui.keyword.WebUiBuiltInKeywords.setText(WebUiBuiltInKeywords.groovy:979)
	at com.kms.katalon.core.webui.keyword.WebUiBuiltInKeywords$setText$1.call(Unknown Source)
	at TC23_LeavePublicChannel.run(TC23_LeavePublicChannel:32)
	at com.kms.katalon.core.main.ScriptEngine.run(ScriptEngine.java:194)
	at com.kms.katalon.core.main.ScriptEngine.runScriptAsRawText(ScriptEngine.java:119)
	at com.kms.katalon.core.main.TestCaseExecutor.runScript(TestCaseExecutor.java:398)
	at com.kms.katalon.core.main.TestCaseExecutor.doExecute(TestCaseExecutor.java:389)
	at com.kms.katalon.core.main.TestCaseExecutor.processExecutionPhase(TestCaseExecutor.java:368)
	at com.kms.katalon.core.main.TestCaseExecutor.accessMainPhase(TestCaseExecutor.java:360)
	at com.kms.katalon.core.main.TestCaseExecutor.execute(TestCaseExecutor.java:255)
	at com.kms.katalon.core.main.TestSuiteExecutor.accessTestCaseMainPhase(TestSuiteExecutor.java:203)
	at com.kms.katalon.core.main.TestSuiteExecutor.accessTestSuiteMainPhase(TestSuiteExecutor.java:152)
	at com.kms.katalon.core.main.TestSuiteExecutor.execute(TestSuiteExecutor.java:95)
	at com.kms.katalon.core.main.TestCaseMain.startTestSuite(TestCaseMain.java:157)
	at com.kms.katalon.core.main.TestCaseMain$startTestSuite$0.call(Unknown Source)
	at TempTestSuite1622124825440.run(TempTestSuite1622124825440.groovy:39)
Caused by: java.lang.IllegalArgumentException: Object is null
	at com.kms.katalon.core.helper.KeywordHelper.checkTestObjectParameter(KeywordHelper.java:33)
	at com.kms.katalon.core.webui.keyword.builtin.SetTextKeyword$_setText_closure1.doCall(SetTextKeyword.groovy:45)
	at com.kms.katalon.core.webui.keyword.builtin.SetTextKeyword$_setText_closure1.call(SetTextKeyword.groovy)
	at com.kms.katalon.core.webui.keyword.internal.WebUIKeywordMain.runKeyword(WebUIKeywordMain.groovy:20)
	at com.kms.katalon.core.webui.keyword.builtin.SetTextKeyword.setText(SetTextKeyword.groovy:66)
	at com.kms.katalon.core.webui.keyword.builtin.SetTextKeyword.execute(SetTextKeyword.groovy:37)
	at com.kms.katalon.core.keyword.internal.KeywordExecutor.executeKeywordForPlatform(KeywordExecutor.groovy:73)
	at com.kms.katalon.core.webui.keyword.WebUiBuiltInKeywords.setText(WebUiBuiltInKeywords.groovy:979)
	at com.kms.katalon.core.webui.keyword.WebUiBuiltInKeywords$setText$1.call(Unknown Source)
	at Script1621656510505.run(Script1621656510505.groovy:32)
	... 13 more
)
[[ATTACHMENT|E:\\Tai lieu hoc\\Nam 7\\HK2\\New Topics\\Homework 2\\New folder\\Mattermost_Autotesting_2\\Mattermost_AutoTesting\\Reports\\20210527_211345\\1412263\\Run_All_Test_Cases\\20210527_211345\\1622125671828.png]]]]></system-out>
         <system-err><![CDATA[2021-05-27 21:27:22 - [TEST_CASE][FAILED] - Test Cases/1712612/TC23_LeavePublicChannel: Test Cases/1712612/TC23_LeavePublicChannel FAILED.
Reason:
com.kms.katalon.core.exception.StepFailedException: Unable to set text
	at com.kms.katalon.core.webui.keyword.internal.WebUIKeywordMain.stepFailed(WebUIKeywordMain.groovy:64)
	at com.kms.katalon.core.webui.keyword.internal.WebUIKeywordMain.runKeyword(WebUIKeywordMain.groovy:26)
	at com.kms.katalon.core.webui.keyword.builtin.SetTextKeyword.setText(SetTextKeyword.groovy:66)
	at com.kms.katalon.core.webui.keyword.builtin.SetTextKeyword.execute(SetTextKeyword.groovy:37)
	at com.kms.katalon.core.keyword.internal.KeywordExecutor.executeKeywordForPlatform(KeywordExecutor.groovy:73)
	at com.kms.katalon.core.webui.keyword.WebUiBuiltInKeywords.setText(WebUiBuiltInKeywords.groovy:979)
	at com.kms.katalon.core.webui.keyword.WebUiBuiltInKeywords$setText$1.call(Unknown Source)
	at TC23_LeavePublicChannel.run(TC23_LeavePublicChannel:32)
	at com.kms.katalon.core.main.ScriptEngine.run(ScriptEngine.java:194)
	at com.kms.katalon.core.main.ScriptEngine.runScriptAsRawText(ScriptEngine.java:119)
	at com.kms.katalon.core.main.TestCaseExecutor.runScript(TestCaseExecutor.java:398)
	at com.kms.katalon.core.main.TestCaseExecutor.doExecute(TestCaseExecutor.java:389)
	at com.kms.katalon.core.main.TestCaseExecutor.processExecutionPhase(TestCaseExecutor.java:368)
	at com.kms.katalon.core.main.TestCaseExecutor.accessMainPhase(TestCaseExecutor.java:360)
	at com.kms.katalon.core.main.TestCaseExecutor.execute(TestCaseExecutor.java:255)
	at com.kms.katalon.core.main.TestSuiteExecutor.accessTestCaseMainPhase(TestSuiteExecutor.java:203)
	at com.kms.katalon.core.main.TestSuiteExecutor.accessTestSuiteMainPhase(TestSuiteExecutor.java:152)
	at com.kms.katalon.core.main.TestSuiteExecutor.execute(TestSuiteExecutor.java:95)
	at com.kms.katalon.core.main.TestCaseMain.startTestSuite(TestCaseMain.java:157)
	at com.kms.katalon.core.main.TestCaseMain$startTestSuite$0.call(Unknown Source)
	at TempTestSuite1622124825440.run(TempTestSuite1622124825440.groovy:39)
Caused by: java.lang.IllegalArgumentException: Object is null
	at com.kms.katalon.core.helper.KeywordHelper.checkTestObjectParameter(KeywordHelper.java:33)
	at com.kms.katalon.core.webui.keyword.builtin.SetTextKeyword$_setText_closure1.doCall(SetTextKeyword.groovy:45)
	at com.kms.katalon.core.webui.keyword.builtin.SetTextKeyword$_setText_closure1.call(SetTextKeyword.groovy)
	at com.kms.katalon.core.webui.keyword.internal.WebUIKeywordMain.runKeyword(WebUIKeywordMain.groovy:20)
	... 19 more]]></system-err>
      </testcase>
      <testcase name="Test Cases/1712612/TC24_LeavePrivateChannel" time="32.147" classname="Test Cases/1712612/TC24_LeavePrivateChannel" status="PASSED">
         <system-out><![CDATA[2021-05-27 21:27:52 - [TEST_CASE][PASSED] - Test Cases/1712612/TC24_LeavePrivateChannel: Test Cases/1712612/TC24_LeavePrivateChannel

2021-05-27 21:27:53 - [TEST_STEP][PASSED] - callTestCase(findTestCase("1712612/CommonTC/TC_OpenPage"), [:], STOP_ON_FAILURE): Call Test Case 'Test Cases/1712612/CommonTC/TC_OpenPage' successfully

2021-05-27 21:27:53 - [TEST_CASE][PASSED] - Test Cases/1712612/CommonTC/TC_OpenPage: Test Cases/1712612/CommonTC/TC_OpenPage

2021-05-27 21:27:53 - [TEST_STEP][PASSED] - openBrowser(""): Browser is opened with url: ''

2021-05-27 21:27:53 - [MESSAGE][WARNING] - A browser is already opened. Closing browser and opening a new one

2021-05-27 21:27:54 - [MESSAGE][INFO] - Starting 'Chrome' driver

2021-05-27 21:27:54 - [MESSAGE][INFO] - Action delay is set to 0 milliseconds

2021-05-27 21:27:56 - [MESSAGE][PASSED] - Browser is opened with url: ''

2021-05-27 21:27:56 - [TEST_STEP][PASSED] - navigateToUrl("https://mattermostwebapp.herokuapp.com/login"): Navigate to 'https://mattermostwebapp.herokuapp.com/login' successfully

2021-05-27 21:28:01 - [MESSAGE][PASSED] - Navigate to 'https://mattermostwebapp.herokuapp.com/login' successfully

2021-05-27 21:28:01 - [MESSAGE][PASSED] - Call Test Case 'Test Cases/1712612/CommonTC/TC_OpenPage' successfully

2021-05-27 21:28:01 - [TEST_STEP][PASSED] - callTestCase(findTestCase("1712612/CommonTC/TC_Login"), [:], STOP_ON_FAILURE): Call Test Case 'Test Cases/1712612/CommonTC/TC_Login' successfully

2021-05-27 21:28:02 - [TEST_CASE][PASSED] - Test Cases/1712612/CommonTC/TC_Login: Test Cases/1712612/CommonTC/TC_Login

2021-05-27 21:28:02 - [TEST_STEP][PASSED] - verifyElementVisible(findTestObject("Object Repository/1712612_Mattermost Object/Page_Mattermost/input_login_username"), STOP_ON_FAILURE): Object 'Object Repository/1712612_Mattermost Object/Page_Mattermost/input_login_username' is visible

2021-05-27 21:28:07 - [MESSAGE][PASSED] - Object 'Object Repository/1712612_Mattermost Object/Page_Mattermost/input_login_username' is visible

2021-05-27 21:28:07 - [TEST_STEP][PASSED] - verifyElementVisible(findTestObject("Object Repository/1712612_Mattermost Object/Page_Mattermost/input_login_password"), STOP_ON_FAILURE): Object 'Object Repository/1712612_Mattermost Object/Page_Mattermost/input_login_password' is visible

2021-05-27 21:28:07 - [MESSAGE][PASSED] - Object 'Object Repository/1712612_Mattermost Object/Page_Mattermost/input_login_password' is visible

2021-05-27 21:28:07 - [TEST_STEP][PASSED] - setText(findTestObject("Object Repository/1712612_Mattermost Object/Page_Mattermost/input_login_username"), "nghi_tran"): Text 'nghi_tran' is set on object 'Object Repository/1712612_Mattermost Object/Page_Mattermost/input_login_username'

2021-05-27 21:28:09 - [MESSAGE][PASSED] - Text 'nghi_tran' is set on object 'Object Repository/1712612_Mattermost Object/Page_Mattermost/input_login_username'

2021-05-27 21:28:09 - [TEST_STEP][PASSED] - setEncryptedText(findTestObject("Object Repository/1712612_Mattermost Object/Page_Mattermost/input_login_password"), "KBlHou+hFmnFUOUwxwboiw=="): Text ****** has been set on object 'Object Repository/1712612_Mattermost Object/Page_Mattermost/input_login_password'

2021-05-27 21:28:10 - [MESSAGE][PASSED] - Text ****** has been set on object 'Object Repository/1712612_Mattermost Object/Page_Mattermost/input_login_password'

2021-05-27 21:28:10 - [TEST_STEP][PASSED] - click(findTestObject("Object Repository/1712612_Mattermost Object/Page_Mattermost/button_Sign in")): Object: 'Object Repository/1712612_Mattermost Object/Page_Mattermost/button_Sign in' is clicked on

2021-05-27 21:28:11 - [MESSAGE][PASSED] - Object: 'Object Repository/1712612_Mattermost Object/Page_Mattermost/button_Sign in' is clicked on

2021-05-27 21:28:11 - [TEST_STEP][PASSED] - verifyElementVisible(findTestObject("Object Repository/1712612_Mattermost Object/Page_Town Square - another Mattermost/img__Avatar Avatar-lg"), STOP_ON_FAILURE): Object 'Object Repository/1712612_Mattermost Object/Page_Town Square - another Mattermost/img__Avatar Avatar-lg' is visible

2021-05-27 21:28:15 - [MESSAGE][PASSED] - Object 'Object Repository/1712612_Mattermost Object/Page_Town Square - another Mattermost/img__Avatar Avatar-lg' is visible

2021-05-27 21:28:15 - [MESSAGE][PASSED] - Call Test Case 'Test Cases/1712612/CommonTC/TC_Login' successfully

2021-05-27 21:28:15 - [TEST_STEP][PASSED] - navigateToUrl("https://mattermostwebapp.herokuapp.com/test-1712612/channels/hello"): Navigate to 'https://mattermostwebapp.herokuapp.com/test-1712612/channels/hello' successfully

2021-05-27 21:28:16 - [MESSAGE][PASSED] - Navigate to 'https://mattermostwebapp.herokuapp.com/test-1712612/channels/hello' successfully

2021-05-27 21:28:16 - [TEST_STEP][PASSED] - click(findTestObject("Object Repository/1712612_Mattermost Object/Page_hello - Test 1712612 Mattermost/span_hello_channelHeaderDropdownIcon")): Object: 'Object Repository/1712612_Mattermost Object/Page_hello - Test 1712612 Mattermost/span_hello_channelHeaderDropdownIcon' is clicked on

2021-05-27 21:28:22 - [MESSAGE][PASSED] - Object: 'Object Repository/1712612_Mattermost Object/Page_hello - Test 1712612 Mattermost/span_hello_channelHeaderDropdownIcon' is clicked on

2021-05-27 21:28:22 - [TEST_STEP][PASSED] - click(findTestObject("Object Repository/1712612_Mattermost Object/Page_hello - Test 1712612 Mattermost/button_Leave Channel")): Object: 'Object Repository/1712612_Mattermost Object/Page_hello - Test 1712612 Mattermost/button_Leave Channel' is clicked on

2021-05-27 21:28:23 - [MESSAGE][PASSED] - Object: 'Object Repository/1712612_Mattermost Object/Page_hello - Test 1712612 Mattermost/button_Leave Channel' is clicked on

2021-05-27 21:28:23 - [TEST_STEP][PASSED] - click(findTestObject("Object Repository/1712612_Mattermost Object/Page_hello - Test 1712612 Mattermost/button_Yes, leave channel")): Object: 'Object Repository/1712612_Mattermost Object/Page_hello - Test 1712612 Mattermost/button_Yes, leave channel' is clicked on

2021-05-27 21:28:24 - [MESSAGE][PASSED] - Object: 'Object Repository/1712612_Mattermost Object/Page_hello - Test 1712612 Mattermost/button_Yes, leave channel' is clicked on]]></system-out>
         <system-err><![CDATA[]]></system-err>
      </testcase>
      <testcase name="Test Cases/1712612/TC25_ConvertPublicChannelToPrivate" time="60.854" classname="Test Cases/1712612/TC25_ConvertPublicChannelToPrivate" status="FAILED">
         <failure type="FAILED" message="Test Cases/1712612/TC25_ConvertPublicChannelToPrivate FAILED.
Reason:
com.kms.katalon.core.exception.StepFailedException: Unable to click on object 'Object Repository/1712612_Mattermost Object/Page_Town Square - Test 1712612 Mattermost/a_new channel'
	at com.kms.katalon.core.webui.keyword.internal.WebUIKeywordMain.stepFailed(WebUIKeywordMain.groovy:64)
	at com.kms.katalon.core.webui.keyword.internal.WebUIKeywordMain.runKeyword(WebUIKeywordMain.groovy:26)
	at com.kms.katalon.core.webui.keyword.builtin.ClickKeyword.click(ClickKeyword.groovy:75)
	at com.kms.katalon.core.webui.keyword.builtin.ClickKeyword.execute(ClickKeyword.groovy:42)
	at com.kms.katalon.core.keyword.internal.KeywordExecutor.executeKeywordForPlatform(KeywordExecutor.groovy:73)
	at com.kms.katalon.core.webui.keyword.WebUiBuiltInKeywords.click(WebUiBuiltInKeywords.groovy:619)
	at com.kms.katalon.core.webui.keyword.WebUiBuiltInKeywords$click$3.call(Unknown Source)
	at TC25_ConvertPublicChannelToPrivate.run(TC25_ConvertPublicChannelToPrivate:26)
	at com.kms.katalon.core.main.ScriptEngine.run(ScriptEngine.java:194)
	at com.kms.katalon.core.main.ScriptEngine.runScriptAsRawText(ScriptEngine.java:119)
	at com.kms.katalon.core.main.TestCaseExecutor.runScript(TestCaseExecutor.java:398)
	at com.kms.katalon.core.main.TestCaseExecutor.doExecute(TestCaseExecutor.java:389)
	at com.kms.katalon.core.main.TestCaseExecutor.processExecutionPhase(TestCaseExecutor.java:368)
	at com.kms.katalon.core.main.TestCaseExecutor.accessMainPhase(TestCaseExecutor.java:360)
	at com.kms.katalon.core.main.TestCaseExecutor.execute(TestCaseExecutor.java:255)
	at com.kms.katalon.core.main.TestSuiteExecutor.accessTestCaseMainPhase(TestSuiteExecutor.java:203)
	at com.kms.katalon.core.main.TestSuiteExecutor.accessTestSuiteMainPhase(TestSuiteExecutor.java:152)
	at com.kms.katalon.core.main.TestSuiteExecutor.execute(TestSuiteExecutor.java:95)
	at com.kms.katalon.core.main.TestCaseMain.startTestSuite(TestCaseMain.java:157)
	at com.kms.katalon.core.main.TestCaseMain$startTestSuite$0.call(Unknown Source)
	at TempTestSuite1622124825440.run(TempTestSuite1622124825440.groovy:39)
Caused by: com.kms.katalon.core.webui.exception.WebElementNotFoundException: Web element with id: 'Object Repository/1712612_Mattermost Object/Page_Town Square - Test 1712612 Mattermost/a_new channel' located by '//a[@id='sidebarItem_new-channel']' not found
	at com.kms.katalon.core.webui.common.WebUiCommonHelper.findWebElement(WebUiCommonHelper.java:1368)
	at com.kms.katalon.core.webui.keyword.internal.WebUIAbstractKeyword.findWebElement(WebUIAbstractKeyword.groovy:27)
	at com.kms.katalon.core.webui.keyword.internal.WebUIAbstractKeyword.findWebElement(WebUIAbstractKeyword.groovy:26)
	at com.kms.katalon.core.webui.keyword.builtin.ClickKeyword$_click_closure1.doCall(ClickKeyword.groovy:66)
	at com.kms.katalon.core.webui.keyword.builtin.ClickKeyword$_click_closure1.call(ClickKeyword.groovy)
	at com.kms.katalon.core.webui.keyword.internal.WebUIKeywordMain.runKeyword(WebUIKeywordMain.groovy:20)
	... 19 more
"/>
         <system-out><![CDATA[2021-05-27 21:28:24 - [TEST_CASE][FAILED] - Test Cases/1712612/TC25_ConvertPublicChannelToPrivate: Test Cases/1712612/TC25_ConvertPublicChannelToPrivate FAILED.
Reason:
com.kms.katalon.core.exception.StepFailedException: Unable to click on object 'Object Repository/1712612_Mattermost Object/Page_Town Square - Test 1712612 Mattermost/a_new channel'
	at com.kms.katalon.core.webui.keyword.internal.WebUIKeywordMain.stepFailed(WebUIKeywordMain.groovy:64)
	at com.kms.katalon.core.webui.keyword.internal.WebUIKeywordMain.runKeyword(WebUIKeywordMain.groovy:26)
	at com.kms.katalon.core.webui.keyword.builtin.ClickKeyword.click(ClickKeyword.groovy:75)
	at com.kms.katalon.core.webui.keyword.builtin.ClickKeyword.execute(ClickKeyword.groovy:42)
	at com.kms.katalon.core.keyword.internal.KeywordExecutor.executeKeywordForPlatform(KeywordExecutor.groovy:73)
	at com.kms.katalon.core.webui.keyword.WebUiBuiltInKeywords.click(WebUiBuiltInKeywords.groovy:619)
	at com.kms.katalon.core.webui.keyword.WebUiBuiltInKeywords$click$3.call(Unknown Source)
	at TC25_ConvertPublicChannelToPrivate.run(TC25_ConvertPublicChannelToPrivate:26)
	at com.kms.katalon.core.main.ScriptEngine.run(ScriptEngine.java:194)
	at com.kms.katalon.core.main.ScriptEngine.runScriptAsRawText(ScriptEngine.java:119)
	at com.kms.katalon.core.main.TestCaseExecutor.runScript(TestCaseExecutor.java:398)
	at com.kms.katalon.core.main.TestCaseExecutor.doExecute(TestCaseExecutor.java:389)
	at com.kms.katalon.core.main.TestCaseExecutor.processExecutionPhase(TestCaseExecutor.java:368)
	at com.kms.katalon.core.main.TestCaseExecutor.accessMainPhase(TestCaseExecutor.java:360)
	at com.kms.katalon.core.main.TestCaseExecutor.execute(TestCaseExecutor.java:255)
	at com.kms.katalon.core.main.TestSuiteExecutor.accessTestCaseMainPhase(TestSuiteExecutor.java:203)
	at com.kms.katalon.core.main.TestSuiteExecutor.accessTestSuiteMainPhase(TestSuiteExecutor.java:152)
	at com.kms.katalon.core.main.TestSuiteExecutor.execute(TestSuiteExecutor.java:95)
	at com.kms.katalon.core.main.TestCaseMain.startTestSuite(TestCaseMain.java:157)
	at com.kms.katalon.core.main.TestCaseMain$startTestSuite$0.call(Unknown Source)
	at TempTestSuite1622124825440.run(TempTestSuite1622124825440.groovy:39)
Caused by: com.kms.katalon.core.webui.exception.WebElementNotFoundException: Web element with id: 'Object Repository/1712612_Mattermost Object/Page_Town Square - Test 1712612 Mattermost/a_new channel' located by '//a[@id='sidebarItem_new-channel']' not found
	at com.kms.katalon.core.webui.common.WebUiCommonHelper.findWebElement(WebUiCommonHelper.java:1368)
	at com.kms.katalon.core.webui.keyword.internal.WebUIAbstractKeyword.findWebElement(WebUIAbstractKeyword.groovy:27)
	at com.kms.katalon.core.webui.keyword.internal.WebUIAbstractKeyword.findWebElement(WebUIAbstractKeyword.groovy:26)
	at com.kms.katalon.core.webui.keyword.builtin.ClickKeyword$_click_closure1.doCall(ClickKeyword.groovy:66)
	at com.kms.katalon.core.webui.keyword.builtin.ClickKeyword$_click_closure1.call(ClickKeyword.groovy)
	at com.kms.katalon.core.webui.keyword.internal.WebUIKeywordMain.runKeyword(WebUIKeywordMain.groovy:20)
	... 19 more


2021-05-27 21:28:25 - [TEST_STEP][PASSED] - callTestCase(findTestCase("1712612/CommonTC/TC_OpenPage"), [:], STOP_ON_FAILURE): Call Test Case 'Test Cases/1712612/CommonTC/TC_OpenPage' successfully

2021-05-27 21:28:25 - [TEST_CASE][PASSED] - Test Cases/1712612/CommonTC/TC_OpenPage: Test Cases/1712612/CommonTC/TC_OpenPage

2021-05-27 21:28:25 - [TEST_STEP][PASSED] - openBrowser(""): Browser is opened with url: ''

2021-05-27 21:28:25 - [MESSAGE][WARNING] - A browser is already opened. Closing browser and opening a new one

2021-05-27 21:28:27 - [MESSAGE][INFO] - Starting 'Chrome' driver

2021-05-27 21:28:27 - [MESSAGE][INFO] - Action delay is set to 0 milliseconds

2021-05-27 21:28:31 - [MESSAGE][PASSED] - Browser is opened with url: ''

2021-05-27 21:28:31 - [TEST_STEP][PASSED] - navigateToUrl("https://mattermostwebapp.herokuapp.com/login"): Navigate to 'https://mattermostwebapp.herokuapp.com/login' successfully

2021-05-27 21:28:36 - [MESSAGE][PASSED] - Navigate to 'https://mattermostwebapp.herokuapp.com/login' successfully

2021-05-27 21:28:36 - [MESSAGE][PASSED] - Call Test Case 'Test Cases/1712612/CommonTC/TC_OpenPage' successfully

2021-05-27 21:28:36 - [TEST_STEP][PASSED] - callTestCase(findTestCase("1712612/CommonTC/TC_Login"), [:], STOP_ON_FAILURE): Call Test Case 'Test Cases/1712612/CommonTC/TC_Login' successfully

2021-05-27 21:28:36 - [TEST_CASE][PASSED] - Test Cases/1712612/CommonTC/TC_Login: Test Cases/1712612/CommonTC/TC_Login

2021-05-27 21:28:36 - [TEST_STEP][PASSED] - verifyElementVisible(findTestObject("Object Repository/1712612_Mattermost Object/Page_Mattermost/input_login_username"), STOP_ON_FAILURE): Object 'Object Repository/1712612_Mattermost Object/Page_Mattermost/input_login_username' is visible

2021-05-27 21:28:42 - [MESSAGE][PASSED] - Object 'Object Repository/1712612_Mattermost Object/Page_Mattermost/input_login_username' is visible

2021-05-27 21:28:42 - [TEST_STEP][PASSED] - verifyElementVisible(findTestObject("Object Repository/1712612_Mattermost Object/Page_Mattermost/input_login_password"), STOP_ON_FAILURE): Object 'Object Repository/1712612_Mattermost Object/Page_Mattermost/input_login_password' is visible

2021-05-27 21:28:43 - [MESSAGE][PASSED] - Object 'Object Repository/1712612_Mattermost Object/Page_Mattermost/input_login_password' is visible

2021-05-27 21:28:43 - [TEST_STEP][PASSED] - setText(findTestObject("Object Repository/1712612_Mattermost Object/Page_Mattermost/input_login_username"), "nghi_tran"): Text 'nghi_tran' is set on object 'Object Repository/1712612_Mattermost Object/Page_Mattermost/input_login_username'

2021-05-27 21:28:45 - [MESSAGE][PASSED] - Text 'nghi_tran' is set on object 'Object Repository/1712612_Mattermost Object/Page_Mattermost/input_login_username'

2021-05-27 21:28:45 - [TEST_STEP][PASSED] - setEncryptedText(findTestObject("Object Repository/1712612_Mattermost Object/Page_Mattermost/input_login_password"), "KBlHou+hFmnFUOUwxwboiw=="): Text ****** has been set on object 'Object Repository/1712612_Mattermost Object/Page_Mattermost/input_login_password'

2021-05-27 21:28:46 - [MESSAGE][PASSED] - Text ****** has been set on object 'Object Repository/1712612_Mattermost Object/Page_Mattermost/input_login_password'

2021-05-27 21:28:46 - [TEST_STEP][PASSED] - click(findTestObject("Object Repository/1712612_Mattermost Object/Page_Mattermost/button_Sign in")): Object: 'Object Repository/1712612_Mattermost Object/Page_Mattermost/button_Sign in' is clicked on

2021-05-27 21:28:47 - [MESSAGE][PASSED] - Object: 'Object Repository/1712612_Mattermost Object/Page_Mattermost/button_Sign in' is clicked on

2021-05-27 21:28:47 - [TEST_STEP][PASSED] - verifyElementVisible(findTestObject("Object Repository/1712612_Mattermost Object/Page_Town Square - another Mattermost/img__Avatar Avatar-lg"), STOP_ON_FAILURE): Object 'Object Repository/1712612_Mattermost Object/Page_Town Square - another Mattermost/img__Avatar Avatar-lg' is visible

2021-05-27 21:28:51 - [MESSAGE][PASSED] - Object 'Object Repository/1712612_Mattermost Object/Page_Town Square - another Mattermost/img__Avatar Avatar-lg' is visible

2021-05-27 21:28:51 - [MESSAGE][PASSED] - Call Test Case 'Test Cases/1712612/CommonTC/TC_Login' successfully

2021-05-27 21:28:51 - [TEST_STEP][PASSED] - navigateToUrl("https://mattermostwebapp.herokuapp.com/test-1712612/channels/town-square"): Navigate to 'https://mattermostwebapp.herokuapp.com/test-1712612/channels/town-square' successfully

2021-05-27 21:28:53 - [MESSAGE][PASSED] - Navigate to 'https://mattermostwebapp.herokuapp.com/test-1712612/channels/town-square' successfully

2021-05-27 21:28:53 - [TEST_STEP][FAILED] - click(findTestObject("Object Repository/1712612_Mattermost Object/Page_Town Square - Test 1712612 Mattermost/a_new channel")): Unable to click on object 'Object Repository/1712612_Mattermost Object/Page_Town Square - Test 1712612 Mattermost/a_new channel' (Root cause: com.kms.katalon.core.exception.StepFailedException: Unable to click on object 'Object Repository/1712612_Mattermost Object/Page_Town Square - Test 1712612 Mattermost/a_new channel'
	at com.kms.katalon.core.webui.keyword.internal.WebUIKeywordMain.stepFailed(WebUIKeywordMain.groovy:64)
	at com.kms.katalon.core.webui.keyword.internal.WebUIKeywordMain.runKeyword(WebUIKeywordMain.groovy:26)
	at com.kms.katalon.core.webui.keyword.builtin.ClickKeyword.click(ClickKeyword.groovy:75)
	at com.kms.katalon.core.webui.keyword.builtin.ClickKeyword.execute(ClickKeyword.groovy:42)
	at com.kms.katalon.core.keyword.internal.KeywordExecutor.executeKeywordForPlatform(KeywordExecutor.groovy:73)
	at com.kms.katalon.core.webui.keyword.WebUiBuiltInKeywords.click(WebUiBuiltInKeywords.groovy:619)
	at com.kms.katalon.core.webui.keyword.WebUiBuiltInKeywords$click$3.call(Unknown Source)
	at TC25_ConvertPublicChannelToPrivate.run(TC25_ConvertPublicChannelToPrivate:26)
	at com.kms.katalon.core.main.ScriptEngine.run(ScriptEngine.java:194)
	at com.kms.katalon.core.main.ScriptEngine.runScriptAsRawText(ScriptEngine.java:119)
	at com.kms.katalon.core.main.TestCaseExecutor.runScript(TestCaseExecutor.java:398)
	at com.kms.katalon.core.main.TestCaseExecutor.doExecute(TestCaseExecutor.java:389)
	at com.kms.katalon.core.main.TestCaseExecutor.processExecutionPhase(TestCaseExecutor.java:368)
	at com.kms.katalon.core.main.TestCaseExecutor.accessMainPhase(TestCaseExecutor.java:360)
	at com.kms.katalon.core.main.TestCaseExecutor.execute(TestCaseExecutor.java:255)
	at com.kms.katalon.core.main.TestSuiteExecutor.accessTestCaseMainPhase(TestSuiteExecutor.java:203)
	at com.kms.katalon.core.main.TestSuiteExecutor.accessTestSuiteMainPhase(TestSuiteExecutor.java:152)
	at com.kms.katalon.core.main.TestSuiteExecutor.execute(TestSuiteExecutor.java:95)
	at com.kms.katalon.core.main.TestCaseMain.startTestSuite(TestCaseMain.java:157)
	at com.kms.katalon.core.main.TestCaseMain$startTestSuite$0.call(Unknown Source)
	at TempTestSuite1622124825440.run(TempTestSuite1622124825440.groovy:39)
Caused by: com.kms.katalon.core.webui.exception.WebElementNotFoundException: Web element with id: 'Object Repository/1712612_Mattermost Object/Page_Town Square - Test 1712612 Mattermost/a_new channel' located by '//a[@id='sidebarItem_new-channel']' not found
	at com.kms.katalon.core.webui.common.WebUiCommonHelper.findWebElement(WebUiCommonHelper.java:1368)
	at com.kms.katalon.core.webui.keyword.internal.WebUIAbstractKeyword.findWebElement(WebUIAbstractKeyword.groovy:27)
	at com.kms.katalon.core.webui.keyword.internal.WebUIAbstractKeyword.findWebElement(WebUIAbstractKeyword.groovy:26)
	at com.kms.katalon.core.webui.keyword.builtin.ClickKeyword$_click_closure1.doCall(ClickKeyword.groovy:66)
	at com.kms.katalon.core.webui.keyword.builtin.ClickKeyword$_click_closure1.call(ClickKeyword.groovy)
	at com.kms.katalon.core.webui.keyword.internal.WebUIKeywordMain.runKeyword(WebUIKeywordMain.groovy:20)
	at com.kms.katalon.core.webui.keyword.builtin.ClickKeyword.click(ClickKeyword.groovy:75)
	at com.kms.katalon.core.webui.keyword.builtin.ClickKeyword.execute(ClickKeyword.groovy:42)
	at com.kms.katalon.core.keyword.internal.KeywordExecutor.executeKeywordForPlatform(KeywordExecutor.groovy:73)
	at com.kms.katalon.core.webui.keyword.WebUiBuiltInKeywords.click(WebUiBuiltInKeywords.groovy:619)
	at com.kms.katalon.core.webui.keyword.WebUiBuiltInKeywords$click$3.call(Unknown Source)
	at Script1621656968177.run(Script1621656968177.groovy:26)
	... 13 more
)

2021-05-27 21:29:25 - [MESSAGE][INFO] - Unable to find the element located by 'By.xpath: //a[@id='sidebarItem_new-channel']'. Please recheck the objects properties to make sure the desired element is located. 

2021-05-27 21:29:25 - [MESSAGE][FAILED] - Unable to click on object 'Object Repository/1712612_Mattermost Object/Page_Town Square - Test 1712612 Mattermost/a_new channel' (Root cause: com.kms.katalon.core.exception.StepFailedException: Unable to click on object 'Object Repository/1712612_Mattermost Object/Page_Town Square - Test 1712612 Mattermost/a_new channel'
	at com.kms.katalon.core.webui.keyword.internal.WebUIKeywordMain.stepFailed(WebUIKeywordMain.groovy:64)
	at com.kms.katalon.core.webui.keyword.internal.WebUIKeywordMain.runKeyword(WebUIKeywordMain.groovy:26)
	at com.kms.katalon.core.webui.keyword.builtin.ClickKeyword.click(ClickKeyword.groovy:75)
	at com.kms.katalon.core.webui.keyword.builtin.ClickKeyword.execute(ClickKeyword.groovy:42)
	at com.kms.katalon.core.keyword.internal.KeywordExecutor.executeKeywordForPlatform(KeywordExecutor.groovy:73)
	at com.kms.katalon.core.webui.keyword.WebUiBuiltInKeywords.click(WebUiBuiltInKeywords.groovy:619)
	at com.kms.katalon.core.webui.keyword.WebUiBuiltInKeywords$click$3.call(Unknown Source)
	at TC25_ConvertPublicChannelToPrivate.run(TC25_ConvertPublicChannelToPrivate:26)
	at com.kms.katalon.core.main.ScriptEngine.run(ScriptEngine.java:194)
	at com.kms.katalon.core.main.ScriptEngine.runScriptAsRawText(ScriptEngine.java:119)
	at com.kms.katalon.core.main.TestCaseExecutor.runScript(TestCaseExecutor.java:398)
	at com.kms.katalon.core.main.TestCaseExecutor.doExecute(TestCaseExecutor.java:389)
	at com.kms.katalon.core.main.TestCaseExecutor.processExecutionPhase(TestCaseExecutor.java:368)
	at com.kms.katalon.core.main.TestCaseExecutor.accessMainPhase(TestCaseExecutor.java:360)
	at com.kms.katalon.core.main.TestCaseExecutor.execute(TestCaseExecutor.java:255)
	at com.kms.katalon.core.main.TestSuiteExecutor.accessTestCaseMainPhase(TestSuiteExecutor.java:203)
	at com.kms.katalon.core.main.TestSuiteExecutor.accessTestSuiteMainPhase(TestSuiteExecutor.java:152)
	at com.kms.katalon.core.main.TestSuiteExecutor.execute(TestSuiteExecutor.java:95)
	at com.kms.katalon.core.main.TestCaseMain.startTestSuite(TestCaseMain.java:157)
	at com.kms.katalon.core.main.TestCaseMain$startTestSuite$0.call(Unknown Source)
	at TempTestSuite1622124825440.run(TempTestSuite1622124825440.groovy:39)
Caused by: com.kms.katalon.core.webui.exception.WebElementNotFoundException: Web element with id: 'Object Repository/1712612_Mattermost Object/Page_Town Square - Test 1712612 Mattermost/a_new channel' located by '//a[@id='sidebarItem_new-channel']' not found
	at com.kms.katalon.core.webui.common.WebUiCommonHelper.findWebElement(WebUiCommonHelper.java:1368)
	at com.kms.katalon.core.webui.keyword.internal.WebUIAbstractKeyword.findWebElement(WebUIAbstractKeyword.groovy:27)
	at com.kms.katalon.core.webui.keyword.internal.WebUIAbstractKeyword.findWebElement(WebUIAbstractKeyword.groovy:26)
	at com.kms.katalon.core.webui.keyword.builtin.ClickKeyword$_click_closure1.doCall(ClickKeyword.groovy:66)
	at com.kms.katalon.core.webui.keyword.builtin.ClickKeyword$_click_closure1.call(ClickKeyword.groovy)
	at com.kms.katalon.core.webui.keyword.internal.WebUIKeywordMain.runKeyword(WebUIKeywordMain.groovy:20)
	at com.kms.katalon.core.webui.keyword.builtin.ClickKeyword.click(ClickKeyword.groovy:75)
	at com.kms.katalon.core.webui.keyword.builtin.ClickKeyword.execute(ClickKeyword.groovy:42)
	at com.kms.katalon.core.keyword.internal.KeywordExecutor.executeKeywordForPlatform(KeywordExecutor.groovy:73)
	at com.kms.katalon.core.webui.keyword.WebUiBuiltInKeywords.click(WebUiBuiltInKeywords.groovy:619)
	at com.kms.katalon.core.webui.keyword.WebUiBuiltInKeywords$click$3.call(Unknown Source)
	at Script1621656968177.run(Script1621656968177.groovy:26)
	... 13 more
)
[[ATTACHMENT|E:\\Tai lieu hoc\\Nam 7\\HK2\\New Topics\\Homework 2\\New folder\\Mattermost_Autotesting_2\\Mattermost_AutoTesting\\Reports\\20210527_211345\\1412263\\Run_All_Test_Cases\\20210527_211345\\1622125765156.png]]]]></system-out>
         <system-err><![CDATA[2021-05-27 21:28:24 - [TEST_CASE][FAILED] - Test Cases/1712612/TC25_ConvertPublicChannelToPrivate: Test Cases/1712612/TC25_ConvertPublicChannelToPrivate FAILED.
Reason:
com.kms.katalon.core.exception.StepFailedException: Unable to click on object 'Object Repository/1712612_Mattermost Object/Page_Town Square - Test 1712612 Mattermost/a_new channel'
	at com.kms.katalon.core.webui.keyword.internal.WebUIKeywordMain.stepFailed(WebUIKeywordMain.groovy:64)
	at com.kms.katalon.core.webui.keyword.internal.WebUIKeywordMain.runKeyword(WebUIKeywordMain.groovy:26)
	at com.kms.katalon.core.webui.keyword.builtin.ClickKeyword.click(ClickKeyword.groovy:75)
	at com.kms.katalon.core.webui.keyword.builtin.ClickKeyword.execute(ClickKeyword.groovy:42)
	at com.kms.katalon.core.keyword.internal.KeywordExecutor.executeKeywordForPlatform(KeywordExecutor.groovy:73)
	at com.kms.katalon.core.webui.keyword.WebUiBuiltInKeywords.click(WebUiBuiltInKeywords.groovy:619)
	at com.kms.katalon.core.webui.keyword.WebUiBuiltInKeywords$click$3.call(Unknown Source)
	at TC25_ConvertPublicChannelToPrivate.run(TC25_ConvertPublicChannelToPrivate:26)
	at com.kms.katalon.core.main.ScriptEngine.run(ScriptEngine.java:194)
	at com.kms.katalon.core.main.ScriptEngine.runScriptAsRawText(ScriptEngine.java:119)
	at com.kms.katalon.core.main.TestCaseExecutor.runScript(TestCaseExecutor.java:398)
	at com.kms.katalon.core.main.TestCaseExecutor.doExecute(TestCaseExecutor.java:389)
	at com.kms.katalon.core.main.TestCaseExecutor.processExecutionPhase(TestCaseExecutor.java:368)
	at com.kms.katalon.core.main.TestCaseExecutor.accessMainPhase(TestCaseExecutor.java:360)
	at com.kms.katalon.core.main.TestCaseExecutor.execute(TestCaseExecutor.java:255)
	at com.kms.katalon.core.main.TestSuiteExecutor.accessTestCaseMainPhase(TestSuiteExecutor.java:203)
	at com.kms.katalon.core.main.TestSuiteExecutor.accessTestSuiteMainPhase(TestSuiteExecutor.java:152)
	at com.kms.katalon.core.main.TestSuiteExecutor.execute(TestSuiteExecutor.java:95)
	at com.kms.katalon.core.main.TestCaseMain.startTestSuite(TestCaseMain.java:157)
	at com.kms.katalon.core.main.TestCaseMain$startTestSuite$0.call(Unknown Source)
	at TempTestSuite1622124825440.run(TempTestSuite1622124825440.groovy:39)
Caused by: com.kms.katalon.core.webui.exception.WebElementNotFoundException: Web element with id: 'Object Repository/1712612_Mattermost Object/Page_Town Square - Test 1712612 Mattermost/a_new channel' located by '//a[@id='sidebarItem_new-channel']' not found
	at com.kms.katalon.core.webui.common.WebUiCommonHelper.findWebElement(WebUiCommonHelper.java:1368)
	at com.kms.katalon.core.webui.keyword.internal.WebUIAbstractKeyword.findWebElement(WebUIAbstractKeyword.groovy:27)
	at com.kms.katalon.core.webui.keyword.internal.WebUIAbstractKeyword.findWebElement(WebUIAbstractKeyword.groovy:26)
	at com.kms.katalon.core.webui.keyword.builtin.ClickKeyword$_click_closure1.doCall(ClickKeyword.groovy:66)
	at com.kms.katalon.core.webui.keyword.builtin.ClickKeyword$_click_closure1.call(ClickKeyword.groovy)
	at com.kms.katalon.core.webui.keyword.internal.WebUIKeywordMain.runKeyword(WebUIKeywordMain.groovy:20)
	... 19 more]]></system-err>
      </testcase>
      <testcase name="Test Cases/1712612/TC26_PinMessageInPublicChannel" time="59.234" classname="Test Cases/1712612/TC26_PinMessageInPublicChannel" status="FAILED">
         <failure type="FAILED" message="Test Cases/1712612/TC26_PinMessageInPublicChannel FAILED.
Reason:
com.kms.katalon.core.exception.StepFailedException: Unable to click on object 'Object Repository/1712612_Mattermost Object/Page_Town Square - Test 1712612 Mattermost/button_nghi_tran_CENTER_button_y84p141g8fff_63d7c5'
	at com.kms.katalon.core.webui.keyword.internal.WebUIKeywordMain.stepFailed(WebUIKeywordMain.groovy:64)
	at com.kms.katalon.core.webui.keyword.internal.WebUIKeywordMain.runKeyword(WebUIKeywordMain.groovy:26)
	at com.kms.katalon.core.webui.keyword.builtin.ClickKeyword.click(ClickKeyword.groovy:75)
	at com.kms.katalon.core.webui.keyword.builtin.ClickKeyword.execute(ClickKeyword.groovy:42)
	at com.kms.katalon.core.keyword.internal.KeywordExecutor.executeKeywordForPlatform(KeywordExecutor.groovy:73)
	at com.kms.katalon.core.webui.keyword.WebUiBuiltInKeywords.click(WebUiBuiltInKeywords.groovy:619)
	at com.kms.katalon.core.webui.keyword.WebUiBuiltInKeywords$click$3.call(Unknown Source)
	at TC26_PinMessageInPublicChannel.run(TC26_PinMessageInPublicChannel:26)
	at com.kms.katalon.core.main.ScriptEngine.run(ScriptEngine.java:194)
	at com.kms.katalon.core.main.ScriptEngine.runScriptAsRawText(ScriptEngine.java:119)
	at com.kms.katalon.core.main.TestCaseExecutor.runScript(TestCaseExecutor.java:398)
	at com.kms.katalon.core.main.TestCaseExecutor.doExecute(TestCaseExecutor.java:389)
	at com.kms.katalon.core.main.TestCaseExecutor.processExecutionPhase(TestCaseExecutor.java:368)
	at com.kms.katalon.core.main.TestCaseExecutor.accessMainPhase(TestCaseExecutor.java:360)
	at com.kms.katalon.core.main.TestCaseExecutor.execute(TestCaseExecutor.java:255)
	at com.kms.katalon.core.main.TestSuiteExecutor.accessTestCaseMainPhase(TestSuiteExecutor.java:203)
	at com.kms.katalon.core.main.TestSuiteExecutor.accessTestSuiteMainPhase(TestSuiteExecutor.java:152)
	at com.kms.katalon.core.main.TestSuiteExecutor.execute(TestSuiteExecutor.java:95)
	at com.kms.katalon.core.main.TestCaseMain.startTestSuite(TestCaseMain.java:157)
	at com.kms.katalon.core.main.TestCaseMain$startTestSuite$0.call(Unknown Source)
	at TempTestSuite1622124825440.run(TempTestSuite1622124825440.groovy:39)
Caused by: com.kms.katalon.core.webui.exception.WebElementNotFoundException: Web element with id: 'Object Repository/1712612_Mattermost Object/Page_Town Square - Test 1712612 Mattermost/button_nghi_tran_CENTER_button_y84p141g8fff_63d7c5' located by '//button[@id='CENTER_button_y84p141g8fffugwo5wnkspdt1o']' not found
	at com.kms.katalon.core.webui.common.WebUiCommonHelper.findWebElement(WebUiCommonHelper.java:1368)
	at com.kms.katalon.core.webui.keyword.internal.WebUIAbstractKeyword.findWebElement(WebUIAbstractKeyword.groovy:27)
	at com.kms.katalon.core.webui.keyword.internal.WebUIAbstractKeyword.findWebElement(WebUIAbstractKeyword.groovy:26)
	at com.kms.katalon.core.webui.keyword.builtin.ClickKeyword$_click_closure1.doCall(ClickKeyword.groovy:66)
	at com.kms.katalon.core.webui.keyword.builtin.ClickKeyword$_click_closure1.call(ClickKeyword.groovy)
	at com.kms.katalon.core.webui.keyword.internal.WebUIKeywordMain.runKeyword(WebUIKeywordMain.groovy:20)
	... 19 more
"/>
         <system-out><![CDATA[2021-05-27 21:29:25 - [TEST_CASE][FAILED] - Test Cases/1712612/TC26_PinMessageInPublicChannel: Test Cases/1712612/TC26_PinMessageInPublicChannel FAILED.
Reason:
com.kms.katalon.core.exception.StepFailedException: Unable to click on object 'Object Repository/1712612_Mattermost Object/Page_Town Square - Test 1712612 Mattermost/button_nghi_tran_CENTER_button_y84p141g8fff_63d7c5'
	at com.kms.katalon.core.webui.keyword.internal.WebUIKeywordMain.stepFailed(WebUIKeywordMain.groovy:64)
	at com.kms.katalon.core.webui.keyword.internal.WebUIKeywordMain.runKeyword(WebUIKeywordMain.groovy:26)
	at com.kms.katalon.core.webui.keyword.builtin.ClickKeyword.click(ClickKeyword.groovy:75)
	at com.kms.katalon.core.webui.keyword.builtin.ClickKeyword.execute(ClickKeyword.groovy:42)
	at com.kms.katalon.core.keyword.internal.KeywordExecutor.executeKeywordForPlatform(KeywordExecutor.groovy:73)
	at com.kms.katalon.core.webui.keyword.WebUiBuiltInKeywords.click(WebUiBuiltInKeywords.groovy:619)
	at com.kms.katalon.core.webui.keyword.WebUiBuiltInKeywords$click$3.call(Unknown Source)
	at TC26_PinMessageInPublicChannel.run(TC26_PinMessageInPublicChannel:26)
	at com.kms.katalon.core.main.ScriptEngine.run(ScriptEngine.java:194)
	at com.kms.katalon.core.main.ScriptEngine.runScriptAsRawText(ScriptEngine.java:119)
	at com.kms.katalon.core.main.TestCaseExecutor.runScript(TestCaseExecutor.java:398)
	at com.kms.katalon.core.main.TestCaseExecutor.doExecute(TestCaseExecutor.java:389)
	at com.kms.katalon.core.main.TestCaseExecutor.processExecutionPhase(TestCaseExecutor.java:368)
	at com.kms.katalon.core.main.TestCaseExecutor.accessMainPhase(TestCaseExecutor.java:360)
	at com.kms.katalon.core.main.TestCaseExecutor.execute(TestCaseExecutor.java:255)
	at com.kms.katalon.core.main.TestSuiteExecutor.accessTestCaseMainPhase(TestSuiteExecutor.java:203)
	at com.kms.katalon.core.main.TestSuiteExecutor.accessTestSuiteMainPhase(TestSuiteExecutor.java:152)
	at com.kms.katalon.core.main.TestSuiteExecutor.execute(TestSuiteExecutor.java:95)
	at com.kms.katalon.core.main.TestCaseMain.startTestSuite(TestCaseMain.java:157)
	at com.kms.katalon.core.main.TestCaseMain$startTestSuite$0.call(Unknown Source)
	at TempTestSuite1622124825440.run(TempTestSuite1622124825440.groovy:39)
Caused by: com.kms.katalon.core.webui.exception.WebElementNotFoundException: Web element with id: 'Object Repository/1712612_Mattermost Object/Page_Town Square - Test 1712612 Mattermost/button_nghi_tran_CENTER_button_y84p141g8fff_63d7c5' located by '//button[@id='CENTER_button_y84p141g8fffugwo5wnkspdt1o']' not found
	at com.kms.katalon.core.webui.common.WebUiCommonHelper.findWebElement(WebUiCommonHelper.java:1368)
	at com.kms.katalon.core.webui.keyword.internal.WebUIAbstractKeyword.findWebElement(WebUIAbstractKeyword.groovy:27)
	at com.kms.katalon.core.webui.keyword.internal.WebUIAbstractKeyword.findWebElement(WebUIAbstractKeyword.groovy:26)
	at com.kms.katalon.core.webui.keyword.builtin.ClickKeyword$_click_closure1.doCall(ClickKeyword.groovy:66)
	at com.kms.katalon.core.webui.keyword.builtin.ClickKeyword$_click_closure1.call(ClickKeyword.groovy)
	at com.kms.katalon.core.webui.keyword.internal.WebUIKeywordMain.runKeyword(WebUIKeywordMain.groovy:20)
	... 19 more


2021-05-27 21:29:26 - [TEST_STEP][PASSED] - callTestCase(findTestCase("1712612/CommonTC/TC_OpenPage"), [:], STOP_ON_FAILURE): Call Test Case 'Test Cases/1712612/CommonTC/TC_OpenPage' successfully

2021-05-27 21:29:26 - [TEST_CASE][PASSED] - Test Cases/1712612/CommonTC/TC_OpenPage: Test Cases/1712612/CommonTC/TC_OpenPage

2021-05-27 21:29:26 - [TEST_STEP][PASSED] - openBrowser(""): Browser is opened with url: ''

2021-05-27 21:29:26 - [MESSAGE][WARNING] - A browser is already opened. Closing browser and opening a new one

2021-05-27 21:29:28 - [MESSAGE][INFO] - Starting 'Chrome' driver

2021-05-27 21:29:28 - [MESSAGE][INFO] - Action delay is set to 0 milliseconds

2021-05-27 21:29:32 - [MESSAGE][PASSED] - Browser is opened with url: ''

2021-05-27 21:29:32 - [TEST_STEP][PASSED] - navigateToUrl("https://mattermostwebapp.herokuapp.com/login"): Navigate to 'https://mattermostwebapp.herokuapp.com/login' successfully

2021-05-27 21:29:37 - [MESSAGE][PASSED] - Navigate to 'https://mattermostwebapp.herokuapp.com/login' successfully

2021-05-27 21:29:37 - [MESSAGE][PASSED] - Call Test Case 'Test Cases/1712612/CommonTC/TC_OpenPage' successfully

2021-05-27 21:29:37 - [TEST_STEP][PASSED] - callTestCase(findTestCase("1712612/CommonTC/TC_Login"), [:], STOP_ON_FAILURE): Call Test Case 'Test Cases/1712612/CommonTC/TC_Login' successfully

2021-05-27 21:29:37 - [TEST_CASE][PASSED] - Test Cases/1712612/CommonTC/TC_Login: Test Cases/1712612/CommonTC/TC_Login

2021-05-27 21:29:37 - [TEST_STEP][PASSED] - verifyElementVisible(findTestObject("Object Repository/1712612_Mattermost Object/Page_Mattermost/input_login_username"), STOP_ON_FAILURE): Object 'Object Repository/1712612_Mattermost Object/Page_Mattermost/input_login_username' is visible

2021-05-27 21:29:43 - [MESSAGE][PASSED] - Object 'Object Repository/1712612_Mattermost Object/Page_Mattermost/input_login_username' is visible

2021-05-27 21:29:43 - [TEST_STEP][PASSED] - verifyElementVisible(findTestObject("Object Repository/1712612_Mattermost Object/Page_Mattermost/input_login_password"), STOP_ON_FAILURE): Object 'Object Repository/1712612_Mattermost Object/Page_Mattermost/input_login_password' is visible

2021-05-27 21:29:44 - [MESSAGE][PASSED] - Object 'Object Repository/1712612_Mattermost Object/Page_Mattermost/input_login_password' is visible

2021-05-27 21:29:44 - [TEST_STEP][PASSED] - setText(findTestObject("Object Repository/1712612_Mattermost Object/Page_Mattermost/input_login_username"), "nghi_tran"): Text 'nghi_tran' is set on object 'Object Repository/1712612_Mattermost Object/Page_Mattermost/input_login_username'

2021-05-27 21:29:45 - [MESSAGE][PASSED] - Text 'nghi_tran' is set on object 'Object Repository/1712612_Mattermost Object/Page_Mattermost/input_login_username'

2021-05-27 21:29:45 - [TEST_STEP][PASSED] - setEncryptedText(findTestObject("Object Repository/1712612_Mattermost Object/Page_Mattermost/input_login_password"), "KBlHou+hFmnFUOUwxwboiw=="): Text ****** has been set on object 'Object Repository/1712612_Mattermost Object/Page_Mattermost/input_login_password'

2021-05-27 21:29:46 - [MESSAGE][PASSED] - Text ****** has been set on object 'Object Repository/1712612_Mattermost Object/Page_Mattermost/input_login_password'

2021-05-27 21:29:46 - [TEST_STEP][PASSED] - click(findTestObject("Object Repository/1712612_Mattermost Object/Page_Mattermost/button_Sign in")): Object: 'Object Repository/1712612_Mattermost Object/Page_Mattermost/button_Sign in' is clicked on

2021-05-27 21:29:46 - [MESSAGE][PASSED] - Object: 'Object Repository/1712612_Mattermost Object/Page_Mattermost/button_Sign in' is clicked on

2021-05-27 21:29:46 - [TEST_STEP][PASSED] - verifyElementVisible(findTestObject("Object Repository/1712612_Mattermost Object/Page_Town Square - another Mattermost/img__Avatar Avatar-lg"), STOP_ON_FAILURE): Object 'Object Repository/1712612_Mattermost Object/Page_Town Square - another Mattermost/img__Avatar Avatar-lg' is visible

2021-05-27 21:29:51 - [MESSAGE][PASSED] - Object 'Object Repository/1712612_Mattermost Object/Page_Town Square - another Mattermost/img__Avatar Avatar-lg' is visible

2021-05-27 21:29:51 - [MESSAGE][PASSED] - Call Test Case 'Test Cases/1712612/CommonTC/TC_Login' successfully

2021-05-27 21:29:51 - [TEST_STEP][PASSED] - navigateToUrl("https://mattermostwebapp.herokuapp.com/test-1712612/channels/town-square"): Navigate to 'https://mattermostwebapp.herokuapp.com/test-1712612/channels/town-square' successfully

2021-05-27 21:29:52 - [MESSAGE][PASSED] - Navigate to 'https://mattermostwebapp.herokuapp.com/test-1712612/channels/town-square' successfully

2021-05-27 21:29:52 - [TEST_STEP][FAILED] - click(findTestObject("Object Repository/1712612_Mattermost Object/Page_Town Square - Test 1712612 Mattermost/button_nghi_tran_CENTER_button_y84p141g8fff_63d7c5")): Unable to click on object 'Object Repository/1712612_Mattermost Object/Page_Town Square - Test 1712612 Mattermost/button_nghi_tran_CENTER_button_y84p141g8fff_63d7c5' (Root cause: com.kms.katalon.core.exception.StepFailedException: Unable to click on object 'Object Repository/1712612_Mattermost Object/Page_Town Square - Test 1712612 Mattermost/button_nghi_tran_CENTER_button_y84p141g8fff_63d7c5'
	at com.kms.katalon.core.webui.keyword.internal.WebUIKeywordMain.stepFailed(WebUIKeywordMain.groovy:64)
	at com.kms.katalon.core.webui.keyword.internal.WebUIKeywordMain.runKeyword(WebUIKeywordMain.groovy:26)
	at com.kms.katalon.core.webui.keyword.builtin.ClickKeyword.click(ClickKeyword.groovy:75)
	at com.kms.katalon.core.webui.keyword.builtin.ClickKeyword.execute(ClickKeyword.groovy:42)
	at com.kms.katalon.core.keyword.internal.KeywordExecutor.executeKeywordForPlatform(KeywordExecutor.groovy:73)
	at com.kms.katalon.core.webui.keyword.WebUiBuiltInKeywords.click(WebUiBuiltInKeywords.groovy:619)
	at com.kms.katalon.core.webui.keyword.WebUiBuiltInKeywords$click$3.call(Unknown Source)
	at TC26_PinMessageInPublicChannel.run(TC26_PinMessageInPublicChannel:26)
	at com.kms.katalon.core.main.ScriptEngine.run(ScriptEngine.java:194)
	at com.kms.katalon.core.main.ScriptEngine.runScriptAsRawText(ScriptEngine.java:119)
	at com.kms.katalon.core.main.TestCaseExecutor.runScript(TestCaseExecutor.java:398)
	at com.kms.katalon.core.main.TestCaseExecutor.doExecute(TestCaseExecutor.java:389)
	at com.kms.katalon.core.main.TestCaseExecutor.processExecutionPhase(TestCaseExecutor.java:368)
	at com.kms.katalon.core.main.TestCaseExecutor.accessMainPhase(TestCaseExecutor.java:360)
	at com.kms.katalon.core.main.TestCaseExecutor.execute(TestCaseExecutor.java:255)
	at com.kms.katalon.core.main.TestSuiteExecutor.accessTestCaseMainPhase(TestSuiteExecutor.java:203)
	at com.kms.katalon.core.main.TestSuiteExecutor.accessTestSuiteMainPhase(TestSuiteExecutor.java:152)
	at com.kms.katalon.core.main.TestSuiteExecutor.execute(TestSuiteExecutor.java:95)
	at com.kms.katalon.core.main.TestCaseMain.startTestSuite(TestCaseMain.java:157)
	at com.kms.katalon.core.main.TestCaseMain$startTestSuite$0.call(Unknown Source)
	at TempTestSuite1622124825440.run(TempTestSuite1622124825440.groovy:39)
Caused by: com.kms.katalon.core.webui.exception.WebElementNotFoundException: Web element with id: 'Object Repository/1712612_Mattermost Object/Page_Town Square - Test 1712612 Mattermost/button_nghi_tran_CENTER_button_y84p141g8fff_63d7c5' located by '//button[@id='CENTER_button_y84p141g8fffugwo5wnkspdt1o']' not found
	at com.kms.katalon.core.webui.common.WebUiCommonHelper.findWebElement(WebUiCommonHelper.java:1368)
	at com.kms.katalon.core.webui.keyword.internal.WebUIAbstractKeyword.findWebElement(WebUIAbstractKeyword.groovy:27)
	at com.kms.katalon.core.webui.keyword.internal.WebUIAbstractKeyword.findWebElement(WebUIAbstractKeyword.groovy:26)
	at com.kms.katalon.core.webui.keyword.builtin.ClickKeyword$_click_closure1.doCall(ClickKeyword.groovy:66)
	at com.kms.katalon.core.webui.keyword.builtin.ClickKeyword$_click_closure1.call(ClickKeyword.groovy)
	at com.kms.katalon.core.webui.keyword.internal.WebUIKeywordMain.runKeyword(WebUIKeywordMain.groovy:20)
	at com.kms.katalon.core.webui.keyword.builtin.ClickKeyword.click(ClickKeyword.groovy:75)
	at com.kms.katalon.core.webui.keyword.builtin.ClickKeyword.execute(ClickKeyword.groovy:42)
	at com.kms.katalon.core.keyword.internal.KeywordExecutor.executeKeywordForPlatform(KeywordExecutor.groovy:73)
	at com.kms.katalon.core.webui.keyword.WebUiBuiltInKeywords.click(WebUiBuiltInKeywords.groovy:619)
	at com.kms.katalon.core.webui.keyword.WebUiBuiltInKeywords$click$3.call(Unknown Source)
	at Script1621657586209.run(Script1621657586209.groovy:26)
	... 13 more
)

2021-05-27 21:30:24 - [MESSAGE][INFO] - Unable to find the element located by 'By.xpath: //button[@id='CENTER_button_y84p141g8fffugwo5wnkspdt1o']'. Please recheck the objects properties to make sure the desired element is located. 

2021-05-27 21:30:24 - [MESSAGE][FAILED] - Unable to click on object 'Object Repository/1712612_Mattermost Object/Page_Town Square - Test 1712612 Mattermost/button_nghi_tran_CENTER_button_y84p141g8fff_63d7c5' (Root cause: com.kms.katalon.core.exception.StepFailedException: Unable to click on object 'Object Repository/1712612_Mattermost Object/Page_Town Square - Test 1712612 Mattermost/button_nghi_tran_CENTER_button_y84p141g8fff_63d7c5'
	at com.kms.katalon.core.webui.keyword.internal.WebUIKeywordMain.stepFailed(WebUIKeywordMain.groovy:64)
	at com.kms.katalon.core.webui.keyword.internal.WebUIKeywordMain.runKeyword(WebUIKeywordMain.groovy:26)
	at com.kms.katalon.core.webui.keyword.builtin.ClickKeyword.click(ClickKeyword.groovy:75)
	at com.kms.katalon.core.webui.keyword.builtin.ClickKeyword.execute(ClickKeyword.groovy:42)
	at com.kms.katalon.core.keyword.internal.KeywordExecutor.executeKeywordForPlatform(KeywordExecutor.groovy:73)
	at com.kms.katalon.core.webui.keyword.WebUiBuiltInKeywords.click(WebUiBuiltInKeywords.groovy:619)
	at com.kms.katalon.core.webui.keyword.WebUiBuiltInKeywords$click$3.call(Unknown Source)
	at TC26_PinMessageInPublicChannel.run(TC26_PinMessageInPublicChannel:26)
	at com.kms.katalon.core.main.ScriptEngine.run(ScriptEngine.java:194)
	at com.kms.katalon.core.main.ScriptEngine.runScriptAsRawText(ScriptEngine.java:119)
	at com.kms.katalon.core.main.TestCaseExecutor.runScript(TestCaseExecutor.java:398)
	at com.kms.katalon.core.main.TestCaseExecutor.doExecute(TestCaseExecutor.java:389)
	at com.kms.katalon.core.main.TestCaseExecutor.processExecutionPhase(TestCaseExecutor.java:368)
	at com.kms.katalon.core.main.TestCaseExecutor.accessMainPhase(TestCaseExecutor.java:360)
	at com.kms.katalon.core.main.TestCaseExecutor.execute(TestCaseExecutor.java:255)
	at com.kms.katalon.core.main.TestSuiteExecutor.accessTestCaseMainPhase(TestSuiteExecutor.java:203)
	at com.kms.katalon.core.main.TestSuiteExecutor.accessTestSuiteMainPhase(TestSuiteExecutor.java:152)
	at com.kms.katalon.core.main.TestSuiteExecutor.execute(TestSuiteExecutor.java:95)
	at com.kms.katalon.core.main.TestCaseMain.startTestSuite(TestCaseMain.java:157)
	at com.kms.katalon.core.main.TestCaseMain$startTestSuite$0.call(Unknown Source)
	at TempTestSuite1622124825440.run(TempTestSuite1622124825440.groovy:39)
Caused by: com.kms.katalon.core.webui.exception.WebElementNotFoundException: Web element with id: 'Object Repository/1712612_Mattermost Object/Page_Town Square - Test 1712612 Mattermost/button_nghi_tran_CENTER_button_y84p141g8fff_63d7c5' located by '//button[@id='CENTER_button_y84p141g8fffugwo5wnkspdt1o']' not found
	at com.kms.katalon.core.webui.common.WebUiCommonHelper.findWebElement(WebUiCommonHelper.java:1368)
	at com.kms.katalon.core.webui.keyword.internal.WebUIAbstractKeyword.findWebElement(WebUIAbstractKeyword.groovy:27)
	at com.kms.katalon.core.webui.keyword.internal.WebUIAbstractKeyword.findWebElement(WebUIAbstractKeyword.groovy:26)
	at com.kms.katalon.core.webui.keyword.builtin.ClickKeyword$_click_closure1.doCall(ClickKeyword.groovy:66)
	at com.kms.katalon.core.webui.keyword.builtin.ClickKeyword$_click_closure1.call(ClickKeyword.groovy)
	at com.kms.katalon.core.webui.keyword.internal.WebUIKeywordMain.runKeyword(WebUIKeywordMain.groovy:20)
	at com.kms.katalon.core.webui.keyword.builtin.ClickKeyword.click(ClickKeyword.groovy:75)
	at com.kms.katalon.core.webui.keyword.builtin.ClickKeyword.execute(ClickKeyword.groovy:42)
	at com.kms.katalon.core.keyword.internal.KeywordExecutor.executeKeywordForPlatform(KeywordExecutor.groovy:73)
	at com.kms.katalon.core.webui.keyword.WebUiBuiltInKeywords.click(WebUiBuiltInKeywords.groovy:619)
	at com.kms.katalon.core.webui.keyword.WebUiBuiltInKeywords$click$3.call(Unknown Source)
	at Script1621657586209.run(Script1621657586209.groovy:26)
	... 13 more
)
[[ATTACHMENT|E:\\Tai lieu hoc\\Nam 7\\HK2\\New Topics\\Homework 2\\New folder\\Mattermost_Autotesting_2\\Mattermost_AutoTesting\\Reports\\20210527_211345\\1412263\\Run_All_Test_Cases\\20210527_211345\\1622125824236.png]]]]></system-out>
         <system-err><![CDATA[2021-05-27 21:29:25 - [TEST_CASE][FAILED] - Test Cases/1712612/TC26_PinMessageInPublicChannel: Test Cases/1712612/TC26_PinMessageInPublicChannel FAILED.
Reason:
com.kms.katalon.core.exception.StepFailedException: Unable to click on object 'Object Repository/1712612_Mattermost Object/Page_Town Square - Test 1712612 Mattermost/button_nghi_tran_CENTER_button_y84p141g8fff_63d7c5'
	at com.kms.katalon.core.webui.keyword.internal.WebUIKeywordMain.stepFailed(WebUIKeywordMain.groovy:64)
	at com.kms.katalon.core.webui.keyword.internal.WebUIKeywordMain.runKeyword(WebUIKeywordMain.groovy:26)
	at com.kms.katalon.core.webui.keyword.builtin.ClickKeyword.click(ClickKeyword.groovy:75)
	at com.kms.katalon.core.webui.keyword.builtin.ClickKeyword.execute(ClickKeyword.groovy:42)
	at com.kms.katalon.core.keyword.internal.KeywordExecutor.executeKeywordForPlatform(KeywordExecutor.groovy:73)
	at com.kms.katalon.core.webui.keyword.WebUiBuiltInKeywords.click(WebUiBuiltInKeywords.groovy:619)
	at com.kms.katalon.core.webui.keyword.WebUiBuiltInKeywords$click$3.call(Unknown Source)
	at TC26_PinMessageInPublicChannel.run(TC26_PinMessageInPublicChannel:26)
	at com.kms.katalon.core.main.ScriptEngine.run(ScriptEngine.java:194)
	at com.kms.katalon.core.main.ScriptEngine.runScriptAsRawText(ScriptEngine.java:119)
	at com.kms.katalon.core.main.TestCaseExecutor.runScript(TestCaseExecutor.java:398)
	at com.kms.katalon.core.main.TestCaseExecutor.doExecute(TestCaseExecutor.java:389)
	at com.kms.katalon.core.main.TestCaseExecutor.processExecutionPhase(TestCaseExecutor.java:368)
	at com.kms.katalon.core.main.TestCaseExecutor.accessMainPhase(TestCaseExecutor.java:360)
	at com.kms.katalon.core.main.TestCaseExecutor.execute(TestCaseExecutor.java:255)
	at com.kms.katalon.core.main.TestSuiteExecutor.accessTestCaseMainPhase(TestSuiteExecutor.java:203)
	at com.kms.katalon.core.main.TestSuiteExecutor.accessTestSuiteMainPhase(TestSuiteExecutor.java:152)
	at com.kms.katalon.core.main.TestSuiteExecutor.execute(TestSuiteExecutor.java:95)
	at com.kms.katalon.core.main.TestCaseMain.startTestSuite(TestCaseMain.java:157)
	at com.kms.katalon.core.main.TestCaseMain$startTestSuite$0.call(Unknown Source)
	at TempTestSuite1622124825440.run(TempTestSuite1622124825440.groovy:39)
Caused by: com.kms.katalon.core.webui.exception.WebElementNotFoundException: Web element with id: 'Object Repository/1712612_Mattermost Object/Page_Town Square - Test 1712612 Mattermost/button_nghi_tran_CENTER_button_y84p141g8fff_63d7c5' located by '//button[@id='CENTER_button_y84p141g8fffugwo5wnkspdt1o']' not found
	at com.kms.katalon.core.webui.common.WebUiCommonHelper.findWebElement(WebUiCommonHelper.java:1368)
	at com.kms.katalon.core.webui.keyword.internal.WebUIAbstractKeyword.findWebElement(WebUIAbstractKeyword.groovy:27)
	at com.kms.katalon.core.webui.keyword.internal.WebUIAbstractKeyword.findWebElement(WebUIAbstractKeyword.groovy:26)
	at com.kms.katalon.core.webui.keyword.builtin.ClickKeyword$_click_closure1.doCall(ClickKeyword.groovy:66)
	at com.kms.katalon.core.webui.keyword.builtin.ClickKeyword$_click_closure1.call(ClickKeyword.groovy)
	at com.kms.katalon.core.webui.keyword.internal.WebUIKeywordMain.runKeyword(WebUIKeywordMain.groovy:20)
	... 19 more]]></system-err>
      </testcase>
      <testcase name="Test Cases/1712612/TC27_PinMessageInPrivateChannel" time="99.312" classname="Test Cases/1712612/TC27_PinMessageInPrivateChannel" status="FAILED">
         <failure type="FAILED" message="Test Cases/1712612/TC27_PinMessageInPrivateChannel FAILED.
Reason:
com.kms.katalon.core.exception.StepFailedException: Unable to click on object 'Object Repository/1712612_Mattermost Object/Page_test pin message - Test 1712612 Mattermost/button_nghi_tran_CENTER_button_brb8z9fihidf_f663c2'
	at com.kms.katalon.core.webui.keyword.internal.WebUIKeywordMain.stepFailed(WebUIKeywordMain.groovy:64)
	at com.kms.katalon.core.webui.keyword.internal.WebUIKeywordMain.runKeyword(WebUIKeywordMain.groovy:26)
	at com.kms.katalon.core.webui.keyword.builtin.ClickKeyword.click(ClickKeyword.groovy:75)
	at com.kms.katalon.core.webui.keyword.builtin.ClickKeyword.execute(ClickKeyword.groovy:42)
	at com.kms.katalon.core.keyword.internal.KeywordExecutor.executeKeywordForPlatform(KeywordExecutor.groovy:73)
	at com.kms.katalon.core.webui.keyword.WebUiBuiltInKeywords.click(WebUiBuiltInKeywords.groovy:619)
	at com.kms.katalon.core.webui.keyword.WebUiBuiltInKeywords$click$3.call(Unknown Source)
	at TC27_PinMessageInPrivateChannel.run(TC27_PinMessageInPrivateChannel:26)
	at com.kms.katalon.core.main.ScriptEngine.run(ScriptEngine.java:194)
	at com.kms.katalon.core.main.ScriptEngine.runScriptAsRawText(ScriptEngine.java:119)
	at com.kms.katalon.core.main.TestCaseExecutor.runScript(TestCaseExecutor.java:398)
	at com.kms.katalon.core.main.TestCaseExecutor.doExecute(TestCaseExecutor.java:389)
	at com.kms.katalon.core.main.TestCaseExecutor.processExecutionPhase(TestCaseExecutor.java:368)
	at com.kms.katalon.core.main.TestCaseExecutor.accessMainPhase(TestCaseExecutor.java:360)
	at com.kms.katalon.core.main.TestCaseExecutor.execute(TestCaseExecutor.java:255)
	at com.kms.katalon.core.main.TestSuiteExecutor.accessTestCaseMainPhase(TestSuiteExecutor.java:203)
	at com.kms.katalon.core.main.TestSuiteExecutor.accessTestSuiteMainPhase(TestSuiteExecutor.java:152)
	at com.kms.katalon.core.main.TestSuiteExecutor.execute(TestSuiteExecutor.java:95)
	at com.kms.katalon.core.main.TestCaseMain.startTestSuite(TestCaseMain.java:157)
	at com.kms.katalon.core.main.TestCaseMain$startTestSuite$0.call(Unknown Source)
	at TempTestSuite1622124825440.run(TempTestSuite1622124825440.groovy:39)
Caused by: com.kms.katalon.core.webui.exception.WebElementNotFoundException: Web element with id: 'Object Repository/1712612_Mattermost Object/Page_test pin message - Test 1712612 Mattermost/button_nghi_tran_CENTER_button_brb8z9fihidf_f663c2' located by '//button[@id='CENTER_button_brb8z9fihidfmxns5kwing6pqo']' not found
	at com.kms.katalon.core.webui.common.WebUiCommonHelper.findWebElement(WebUiCommonHelper.java:1368)
	at com.kms.katalon.core.webui.keyword.internal.WebUIAbstractKeyword.findWebElement(WebUIAbstractKeyword.groovy:27)
	at com.kms.katalon.core.webui.keyword.internal.WebUIAbstractKeyword.findWebElement(WebUIAbstractKeyword.groovy:26)
	at com.kms.katalon.core.webui.keyword.builtin.ClickKeyword$_click_closure1.doCall(ClickKeyword.groovy:66)
	at com.kms.katalon.core.webui.keyword.builtin.ClickKeyword$_click_closure1.call(ClickKeyword.groovy)
	at com.kms.katalon.core.webui.keyword.internal.WebUIKeywordMain.runKeyword(WebUIKeywordMain.groovy:20)
	... 19 more
"/>
         <system-out><![CDATA[2021-05-27 21:30:24 - [TEST_CASE][FAILED] - Test Cases/1712612/TC27_PinMessageInPrivateChannel: Test Cases/1712612/TC27_PinMessageInPrivateChannel FAILED.
Reason:
com.kms.katalon.core.exception.StepFailedException: Unable to click on object 'Object Repository/1712612_Mattermost Object/Page_test pin message - Test 1712612 Mattermost/button_nghi_tran_CENTER_button_brb8z9fihidf_f663c2'
	at com.kms.katalon.core.webui.keyword.internal.WebUIKeywordMain.stepFailed(WebUIKeywordMain.groovy:64)
	at com.kms.katalon.core.webui.keyword.internal.WebUIKeywordMain.runKeyword(WebUIKeywordMain.groovy:26)
	at com.kms.katalon.core.webui.keyword.builtin.ClickKeyword.click(ClickKeyword.groovy:75)
	at com.kms.katalon.core.webui.keyword.builtin.ClickKeyword.execute(ClickKeyword.groovy:42)
	at com.kms.katalon.core.keyword.internal.KeywordExecutor.executeKeywordForPlatform(KeywordExecutor.groovy:73)
	at com.kms.katalon.core.webui.keyword.WebUiBuiltInKeywords.click(WebUiBuiltInKeywords.groovy:619)
	at com.kms.katalon.core.webui.keyword.WebUiBuiltInKeywords$click$3.call(Unknown Source)
	at TC27_PinMessageInPrivateChannel.run(TC27_PinMessageInPrivateChannel:26)
	at com.kms.katalon.core.main.ScriptEngine.run(ScriptEngine.java:194)
	at com.kms.katalon.core.main.ScriptEngine.runScriptAsRawText(ScriptEngine.java:119)
	at com.kms.katalon.core.main.TestCaseExecutor.runScript(TestCaseExecutor.java:398)
	at com.kms.katalon.core.main.TestCaseExecutor.doExecute(TestCaseExecutor.java:389)
	at com.kms.katalon.core.main.TestCaseExecutor.processExecutionPhase(TestCaseExecutor.java:368)
	at com.kms.katalon.core.main.TestCaseExecutor.accessMainPhase(TestCaseExecutor.java:360)
	at com.kms.katalon.core.main.TestCaseExecutor.execute(TestCaseExecutor.java:255)
	at com.kms.katalon.core.main.TestSuiteExecutor.accessTestCaseMainPhase(TestSuiteExecutor.java:203)
	at com.kms.katalon.core.main.TestSuiteExecutor.accessTestSuiteMainPhase(TestSuiteExecutor.java:152)
	at com.kms.katalon.core.main.TestSuiteExecutor.execute(TestSuiteExecutor.java:95)
	at com.kms.katalon.core.main.TestCaseMain.startTestSuite(TestCaseMain.java:157)
	at com.kms.katalon.core.main.TestCaseMain$startTestSuite$0.call(Unknown Source)
	at TempTestSuite1622124825440.run(TempTestSuite1622124825440.groovy:39)
Caused by: com.kms.katalon.core.webui.exception.WebElementNotFoundException: Web element with id: 'Object Repository/1712612_Mattermost Object/Page_test pin message - Test 1712612 Mattermost/button_nghi_tran_CENTER_button_brb8z9fihidf_f663c2' located by '//button[@id='CENTER_button_brb8z9fihidfmxns5kwing6pqo']' not found
	at com.kms.katalon.core.webui.common.WebUiCommonHelper.findWebElement(WebUiCommonHelper.java:1368)
	at com.kms.katalon.core.webui.keyword.internal.WebUIAbstractKeyword.findWebElement(WebUIAbstractKeyword.groovy:27)
	at com.kms.katalon.core.webui.keyword.internal.WebUIAbstractKeyword.findWebElement(WebUIAbstractKeyword.groovy:26)
	at com.kms.katalon.core.webui.keyword.builtin.ClickKeyword$_click_closure1.doCall(ClickKeyword.groovy:66)
	at com.kms.katalon.core.webui.keyword.builtin.ClickKeyword$_click_closure1.call(ClickKeyword.groovy)
	at com.kms.katalon.core.webui.keyword.internal.WebUIKeywordMain.runKeyword(WebUIKeywordMain.groovy:20)
	... 19 more


2021-05-27 21:30:26 - [TEST_STEP][PASSED] - callTestCase(findTestCase("1712612/CommonTC/TC_OpenPage"), [:], STOP_ON_FAILURE): Call Test Case 'Test Cases/1712612/CommonTC/TC_OpenPage' successfully

2021-05-27 21:30:26 - [TEST_CASE][PASSED] - Test Cases/1712612/CommonTC/TC_OpenPage: Test Cases/1712612/CommonTC/TC_OpenPage

2021-05-27 21:30:26 - [TEST_STEP][PASSED] - openBrowser(""): Browser is opened with url: ''

2021-05-27 21:30:26 - [MESSAGE][WARNING] - A browser is already opened. Closing browser and opening a new one

2021-05-27 21:30:38 - [MESSAGE][INFO] - Starting 'Chrome' driver

2021-05-27 21:30:38 - [MESSAGE][INFO] - Action delay is set to 0 milliseconds

2021-05-27 21:30:42 - [MESSAGE][PASSED] - Browser is opened with url: ''

2021-05-27 21:30:42 - [TEST_STEP][PASSED] - navigateToUrl("https://mattermostwebapp.herokuapp.com/login"): Navigate to 'https://mattermostwebapp.herokuapp.com/login' successfully

2021-05-27 21:30:49 - [MESSAGE][PASSED] - Navigate to 'https://mattermostwebapp.herokuapp.com/login' successfully

2021-05-27 21:30:49 - [MESSAGE][PASSED] - Call Test Case 'Test Cases/1712612/CommonTC/TC_OpenPage' successfully

2021-05-27 21:30:49 - [TEST_STEP][PASSED] - callTestCase(findTestCase("1712612/CommonTC/TC_Login"), [:], STOP_ON_FAILURE): Call Test Case 'Test Cases/1712612/CommonTC/TC_Login' successfully

2021-05-27 21:30:50 - [TEST_CASE][PASSED] - Test Cases/1712612/CommonTC/TC_Login: Test Cases/1712612/CommonTC/TC_Login

2021-05-27 21:30:50 - [TEST_STEP][PASSED] - verifyElementVisible(findTestObject("Object Repository/1712612_Mattermost Object/Page_Mattermost/input_login_username"), STOP_ON_FAILURE): Object 'Object Repository/1712612_Mattermost Object/Page_Mattermost/input_login_username' is visible

2021-05-27 21:31:00 - [MESSAGE][PASSED] - Object 'Object Repository/1712612_Mattermost Object/Page_Mattermost/input_login_username' is visible

2021-05-27 21:31:00 - [TEST_STEP][PASSED] - verifyElementVisible(findTestObject("Object Repository/1712612_Mattermost Object/Page_Mattermost/input_login_password"), STOP_ON_FAILURE): Object 'Object Repository/1712612_Mattermost Object/Page_Mattermost/input_login_password' is visible

2021-05-27 21:31:04 - [MESSAGE][PASSED] - Object 'Object Repository/1712612_Mattermost Object/Page_Mattermost/input_login_password' is visible

2021-05-27 21:31:04 - [TEST_STEP][PASSED] - setText(findTestObject("Object Repository/1712612_Mattermost Object/Page_Mattermost/input_login_username"), "nghi_tran"): Text 'nghi_tran' is set on object 'Object Repository/1712612_Mattermost Object/Page_Mattermost/input_login_username'

2021-05-27 21:31:12 - [MESSAGE][PASSED] - Text 'nghi_tran' is set on object 'Object Repository/1712612_Mattermost Object/Page_Mattermost/input_login_username'

2021-05-27 21:31:12 - [TEST_STEP][PASSED] - setEncryptedText(findTestObject("Object Repository/1712612_Mattermost Object/Page_Mattermost/input_login_password"), "KBlHou+hFmnFUOUwxwboiw=="): Text ****** has been set on object 'Object Repository/1712612_Mattermost Object/Page_Mattermost/input_login_password'

2021-05-27 21:31:18 - [MESSAGE][PASSED] - Text ****** has been set on object 'Object Repository/1712612_Mattermost Object/Page_Mattermost/input_login_password'

2021-05-27 21:31:18 - [TEST_STEP][PASSED] - click(findTestObject("Object Repository/1712612_Mattermost Object/Page_Mattermost/button_Sign in")): Object: 'Object Repository/1712612_Mattermost Object/Page_Mattermost/button_Sign in' is clicked on

2021-05-27 21:31:21 - [MESSAGE][PASSED] - Object: 'Object Repository/1712612_Mattermost Object/Page_Mattermost/button_Sign in' is clicked on

2021-05-27 21:31:21 - [TEST_STEP][PASSED] - verifyElementVisible(findTestObject("Object Repository/1712612_Mattermost Object/Page_Town Square - another Mattermost/img__Avatar Avatar-lg"), STOP_ON_FAILURE): Object 'Object Repository/1712612_Mattermost Object/Page_Town Square - another Mattermost/img__Avatar Avatar-lg' is visible

2021-05-27 21:31:29 - [MESSAGE][PASSED] - Object 'Object Repository/1712612_Mattermost Object/Page_Town Square - another Mattermost/img__Avatar Avatar-lg' is visible

2021-05-27 21:31:29 - [MESSAGE][PASSED] - Call Test Case 'Test Cases/1712612/CommonTC/TC_Login' successfully

2021-05-27 21:31:29 - [TEST_STEP][PASSED] - navigateToUrl("https://mattermostwebapp.herokuapp.com/test-1712612/channels/test-pin-message"): Navigate to 'https://mattermostwebapp.herokuapp.com/test-1712612/channels/test-pin-message' successfully

2021-05-27 21:31:32 - [MESSAGE][PASSED] - Navigate to 'https://mattermostwebapp.herokuapp.com/test-1712612/channels/test-pin-message' successfully

2021-05-27 21:31:32 - [TEST_STEP][FAILED] - click(findTestObject("Object Repository/1712612_Mattermost Object/Page_test pin message - Test 1712612 Mattermost/button_nghi_tran_CENTER_button_brb8z9fihidf_f663c2")): Unable to click on object 'Object Repository/1712612_Mattermost Object/Page_test pin message - Test 1712612 Mattermost/button_nghi_tran_CENTER_button_brb8z9fihidf_f663c2' (Root cause: com.kms.katalon.core.exception.StepFailedException: Unable to click on object 'Object Repository/1712612_Mattermost Object/Page_test pin message - Test 1712612 Mattermost/button_nghi_tran_CENTER_button_brb8z9fihidf_f663c2'
	at com.kms.katalon.core.webui.keyword.internal.WebUIKeywordMain.stepFailed(WebUIKeywordMain.groovy:64)
	at com.kms.katalon.core.webui.keyword.internal.WebUIKeywordMain.runKeyword(WebUIKeywordMain.groovy:26)
	at com.kms.katalon.core.webui.keyword.builtin.ClickKeyword.click(ClickKeyword.groovy:75)
	at com.kms.katalon.core.webui.keyword.builtin.ClickKeyword.execute(ClickKeyword.groovy:42)
	at com.kms.katalon.core.keyword.internal.KeywordExecutor.executeKeywordForPlatform(KeywordExecutor.groovy:73)
	at com.kms.katalon.core.webui.keyword.WebUiBuiltInKeywords.click(WebUiBuiltInKeywords.groovy:619)
	at com.kms.katalon.core.webui.keyword.WebUiBuiltInKeywords$click$3.call(Unknown Source)
	at TC27_PinMessageInPrivateChannel.run(TC27_PinMessageInPrivateChannel:26)
	at com.kms.katalon.core.main.ScriptEngine.run(ScriptEngine.java:194)
	at com.kms.katalon.core.main.ScriptEngine.runScriptAsRawText(ScriptEngine.java:119)
	at com.kms.katalon.core.main.TestCaseExecutor.runScript(TestCaseExecutor.java:398)
	at com.kms.katalon.core.main.TestCaseExecutor.doExecute(TestCaseExecutor.java:389)
	at com.kms.katalon.core.main.TestCaseExecutor.processExecutionPhase(TestCaseExecutor.java:368)
	at com.kms.katalon.core.main.TestCaseExecutor.accessMainPhase(TestCaseExecutor.java:360)
	at com.kms.katalon.core.main.TestCaseExecutor.execute(TestCaseExecutor.java:255)
	at com.kms.katalon.core.main.TestSuiteExecutor.accessTestCaseMainPhase(TestSuiteExecutor.java:203)
	at com.kms.katalon.core.main.TestSuiteExecutor.accessTestSuiteMainPhase(TestSuiteExecutor.java:152)
	at com.kms.katalon.core.main.TestSuiteExecutor.execute(TestSuiteExecutor.java:95)
	at com.kms.katalon.core.main.TestCaseMain.startTestSuite(TestCaseMain.java:157)
	at com.kms.katalon.core.main.TestCaseMain$startTestSuite$0.call(Unknown Source)
	at TempTestSuite1622124825440.run(TempTestSuite1622124825440.groovy:39)
Caused by: com.kms.katalon.core.webui.exception.WebElementNotFoundException: Web element with id: 'Object Repository/1712612_Mattermost Object/Page_test pin message - Test 1712612 Mattermost/button_nghi_tran_CENTER_button_brb8z9fihidf_f663c2' located by '//button[@id='CENTER_button_brb8z9fihidfmxns5kwing6pqo']' not found
	at com.kms.katalon.core.webui.common.WebUiCommonHelper.findWebElement(WebUiCommonHelper.java:1368)
	at com.kms.katalon.core.webui.keyword.internal.WebUIAbstractKeyword.findWebElement(WebUIAbstractKeyword.groovy:27)
	at com.kms.katalon.core.webui.keyword.internal.WebUIAbstractKeyword.findWebElement(WebUIAbstractKeyword.groovy:26)
	at com.kms.katalon.core.webui.keyword.builtin.ClickKeyword$_click_closure1.doCall(ClickKeyword.groovy:66)
	at com.kms.katalon.core.webui.keyword.builtin.ClickKeyword$_click_closure1.call(ClickKeyword.groovy)
	at com.kms.katalon.core.webui.keyword.internal.WebUIKeywordMain.runKeyword(WebUIKeywordMain.groovy:20)
	at com.kms.katalon.core.webui.keyword.builtin.ClickKeyword.click(ClickKeyword.groovy:75)
	at com.kms.katalon.core.webui.keyword.builtin.ClickKeyword.execute(ClickKeyword.groovy:42)
	at com.kms.katalon.core.keyword.internal.KeywordExecutor.executeKeywordForPlatform(KeywordExecutor.groovy:73)
	at com.kms.katalon.core.webui.keyword.WebUiBuiltInKeywords.click(WebUiBuiltInKeywords.groovy:619)
	at com.kms.katalon.core.webui.keyword.WebUiBuiltInKeywords$click$3.call(Unknown Source)
	at Script1621658865761.run(Script1621658865761.groovy:26)
	... 13 more
)

2021-05-27 21:32:03 - [MESSAGE][INFO] - Unable to find the element located by 'By.xpath: //button[@id='CENTER_button_brb8z9fihidfmxns5kwing6pqo']'. Please recheck the objects properties to make sure the desired element is located. 

2021-05-27 21:32:03 - [MESSAGE][FAILED] - Unable to click on object 'Object Repository/1712612_Mattermost Object/Page_test pin message - Test 1712612 Mattermost/button_nghi_tran_CENTER_button_brb8z9fihidf_f663c2' (Root cause: com.kms.katalon.core.exception.StepFailedException: Unable to click on object 'Object Repository/1712612_Mattermost Object/Page_test pin message - Test 1712612 Mattermost/button_nghi_tran_CENTER_button_brb8z9fihidf_f663c2'
	at com.kms.katalon.core.webui.keyword.internal.WebUIKeywordMain.stepFailed(WebUIKeywordMain.groovy:64)
	at com.kms.katalon.core.webui.keyword.internal.WebUIKeywordMain.runKeyword(WebUIKeywordMain.groovy:26)
	at com.kms.katalon.core.webui.keyword.builtin.ClickKeyword.click(ClickKeyword.groovy:75)
	at com.kms.katalon.core.webui.keyword.builtin.ClickKeyword.execute(ClickKeyword.groovy:42)
	at com.kms.katalon.core.keyword.internal.KeywordExecutor.executeKeywordForPlatform(KeywordExecutor.groovy:73)
	at com.kms.katalon.core.webui.keyword.WebUiBuiltInKeywords.click(WebUiBuiltInKeywords.groovy:619)
	at com.kms.katalon.core.webui.keyword.WebUiBuiltInKeywords$click$3.call(Unknown Source)
	at TC27_PinMessageInPrivateChannel.run(TC27_PinMessageInPrivateChannel:26)
	at com.kms.katalon.core.main.ScriptEngine.run(ScriptEngine.java:194)
	at com.kms.katalon.core.main.ScriptEngine.runScriptAsRawText(ScriptEngine.java:119)
	at com.kms.katalon.core.main.TestCaseExecutor.runScript(TestCaseExecutor.java:398)
	at com.kms.katalon.core.main.TestCaseExecutor.doExecute(TestCaseExecutor.java:389)
	at com.kms.katalon.core.main.TestCaseExecutor.processExecutionPhase(TestCaseExecutor.java:368)
	at com.kms.katalon.core.main.TestCaseExecutor.accessMainPhase(TestCaseExecutor.java:360)
	at com.kms.katalon.core.main.TestCaseExecutor.execute(TestCaseExecutor.java:255)
	at com.kms.katalon.core.main.TestSuiteExecutor.accessTestCaseMainPhase(TestSuiteExecutor.java:203)
	at com.kms.katalon.core.main.TestSuiteExecutor.accessTestSuiteMainPhase(TestSuiteExecutor.java:152)
	at com.kms.katalon.core.main.TestSuiteExecutor.execute(TestSuiteExecutor.java:95)
	at com.kms.katalon.core.main.TestCaseMain.startTestSuite(TestCaseMain.java:157)
	at com.kms.katalon.core.main.TestCaseMain$startTestSuite$0.call(Unknown Source)
	at TempTestSuite1622124825440.run(TempTestSuite1622124825440.groovy:39)
Caused by: com.kms.katalon.core.webui.exception.WebElementNotFoundException: Web element with id: 'Object Repository/1712612_Mattermost Object/Page_test pin message - Test 1712612 Mattermost/button_nghi_tran_CENTER_button_brb8z9fihidf_f663c2' located by '//button[@id='CENTER_button_brb8z9fihidfmxns5kwing6pqo']' not found
	at com.kms.katalon.core.webui.common.WebUiCommonHelper.findWebElement(WebUiCommonHelper.java:1368)
	at com.kms.katalon.core.webui.keyword.internal.WebUIAbstractKeyword.findWebElement(WebUIAbstractKeyword.groovy:27)
	at com.kms.katalon.core.webui.keyword.internal.WebUIAbstractKeyword.findWebElement(WebUIAbstractKeyword.groovy:26)
	at com.kms.katalon.core.webui.keyword.builtin.ClickKeyword$_click_closure1.doCall(ClickKeyword.groovy:66)
	at com.kms.katalon.core.webui.keyword.builtin.ClickKeyword$_click_closure1.call(ClickKeyword.groovy)
	at com.kms.katalon.core.webui.keyword.internal.WebUIKeywordMain.runKeyword(WebUIKeywordMain.groovy:20)
	at com.kms.katalon.core.webui.keyword.builtin.ClickKeyword.click(ClickKeyword.groovy:75)
	at com.kms.katalon.core.webui.keyword.builtin.ClickKeyword.execute(ClickKeyword.groovy:42)
	at com.kms.katalon.core.keyword.internal.KeywordExecutor.executeKeywordForPlatform(KeywordExecutor.groovy:73)
	at com.kms.katalon.core.webui.keyword.WebUiBuiltInKeywords.click(WebUiBuiltInKeywords.groovy:619)
	at com.kms.katalon.core.webui.keyword.WebUiBuiltInKeywords$click$3.call(Unknown Source)
	at Script1621658865761.run(Script1621658865761.groovy:26)
	... 13 more
)
[[ATTACHMENT|E:\\Tai lieu hoc\\Nam 7\\HK2\\New Topics\\Homework 2\\New folder\\Mattermost_Autotesting_2\\Mattermost_AutoTesting\\Reports\\20210527_211345\\1412263\\Run_All_Test_Cases\\20210527_211345\\1622125923615.png]]]]></system-out>
         <system-err><![CDATA[2021-05-27 21:30:24 - [TEST_CASE][FAILED] - Test Cases/1712612/TC27_PinMessageInPrivateChannel: Test Cases/1712612/TC27_PinMessageInPrivateChannel FAILED.
Reason:
com.kms.katalon.core.exception.StepFailedException: Unable to click on object 'Object Repository/1712612_Mattermost Object/Page_test pin message - Test 1712612 Mattermost/button_nghi_tran_CENTER_button_brb8z9fihidf_f663c2'
	at com.kms.katalon.core.webui.keyword.internal.WebUIKeywordMain.stepFailed(WebUIKeywordMain.groovy:64)
	at com.kms.katalon.core.webui.keyword.internal.WebUIKeywordMain.runKeyword(WebUIKeywordMain.groovy:26)
	at com.kms.katalon.core.webui.keyword.builtin.ClickKeyword.click(ClickKeyword.groovy:75)
	at com.kms.katalon.core.webui.keyword.builtin.ClickKeyword.execute(ClickKeyword.groovy:42)
	at com.kms.katalon.core.keyword.internal.KeywordExecutor.executeKeywordForPlatform(KeywordExecutor.groovy:73)
	at com.kms.katalon.core.webui.keyword.WebUiBuiltInKeywords.click(WebUiBuiltInKeywords.groovy:619)
	at com.kms.katalon.core.webui.keyword.WebUiBuiltInKeywords$click$3.call(Unknown Source)
	at TC27_PinMessageInPrivateChannel.run(TC27_PinMessageInPrivateChannel:26)
	at com.kms.katalon.core.main.ScriptEngine.run(ScriptEngine.java:194)
	at com.kms.katalon.core.main.ScriptEngine.runScriptAsRawText(ScriptEngine.java:119)
	at com.kms.katalon.core.main.TestCaseExecutor.runScript(TestCaseExecutor.java:398)
	at com.kms.katalon.core.main.TestCaseExecutor.doExecute(TestCaseExecutor.java:389)
	at com.kms.katalon.core.main.TestCaseExecutor.processExecutionPhase(TestCaseExecutor.java:368)
	at com.kms.katalon.core.main.TestCaseExecutor.accessMainPhase(TestCaseExecutor.java:360)
	at com.kms.katalon.core.main.TestCaseExecutor.execute(TestCaseExecutor.java:255)
	at com.kms.katalon.core.main.TestSuiteExecutor.accessTestCaseMainPhase(TestSuiteExecutor.java:203)
	at com.kms.katalon.core.main.TestSuiteExecutor.accessTestSuiteMainPhase(TestSuiteExecutor.java:152)
	at com.kms.katalon.core.main.TestSuiteExecutor.execute(TestSuiteExecutor.java:95)
	at com.kms.katalon.core.main.TestCaseMain.startTestSuite(TestCaseMain.java:157)
	at com.kms.katalon.core.main.TestCaseMain$startTestSuite$0.call(Unknown Source)
	at TempTestSuite1622124825440.run(TempTestSuite1622124825440.groovy:39)
Caused by: com.kms.katalon.core.webui.exception.WebElementNotFoundException: Web element with id: 'Object Repository/1712612_Mattermost Object/Page_test pin message - Test 1712612 Mattermost/button_nghi_tran_CENTER_button_brb8z9fihidf_f663c2' located by '//button[@id='CENTER_button_brb8z9fihidfmxns5kwing6pqo']' not found
	at com.kms.katalon.core.webui.common.WebUiCommonHelper.findWebElement(WebUiCommonHelper.java:1368)
	at com.kms.katalon.core.webui.keyword.internal.WebUIAbstractKeyword.findWebElement(WebUIAbstractKeyword.groovy:27)
	at com.kms.katalon.core.webui.keyword.internal.WebUIAbstractKeyword.findWebElement(WebUIAbstractKeyword.groovy:26)
	at com.kms.katalon.core.webui.keyword.builtin.ClickKeyword$_click_closure1.doCall(ClickKeyword.groovy:66)
	at com.kms.katalon.core.webui.keyword.builtin.ClickKeyword$_click_closure1.call(ClickKeyword.groovy)
	at com.kms.katalon.core.webui.keyword.internal.WebUIKeywordMain.runKeyword(WebUIKeywordMain.groovy:20)
	... 19 more]]></system-err>
      </testcase>
      <testcase name="Test Cases/1712612/TC28_UnpinMessageInPublicChannel" time="57.7" classname="Test Cases/1712612/TC28_UnpinMessageInPublicChannel" status="FAILED">
         <failure type="FAILED" message="Test Cases/1712612/TC28_UnpinMessageInPublicChannel FAILED.
Reason:
com.kms.katalon.core.exception.StepFailedException: Call Test Case 'Test Cases/1712612/TC26_PinMessageInPublicChannel' failed
	at com.kms.katalon.core.keyword.builtin.CallTestCaseKeyword$_callTestCase_closure1.doCall(CallTestCaseKeyword.groovy:63)
	at com.kms.katalon.core.keyword.builtin.CallTestCaseKeyword$_callTestCase_closure1.call(CallTestCaseKeyword.groovy)
	at com.kms.katalon.core.keyword.internal.KeywordMain.runKeyword(KeywordMain.groovy:68)
	at com.kms.katalon.core.keyword.builtin.CallTestCaseKeyword.callTestCase(CallTestCaseKeyword.groovy:81)
	at com.kms.katalon.core.keyword.builtin.CallTestCaseKeyword.execute(CallTestCaseKeyword.groovy:44)
	at com.kms.katalon.core.keyword.internal.KeywordExecutor.executeKeywordForPlatform(KeywordExecutor.groovy:73)
	at com.kms.katalon.core.keyword.BuiltinKeywords.callTestCase(BuiltinKeywords.groovy:334)
	at TC28_UnpinMessageInPublicChannel.run(TC28_UnpinMessageInPublicChannel:20)
	at com.kms.katalon.core.main.ScriptEngine.run(ScriptEngine.java:194)
	at com.kms.katalon.core.main.ScriptEngine.runScriptAsRawText(ScriptEngine.java:119)
	at com.kms.katalon.core.main.TestCaseExecutor.runScript(TestCaseExecutor.java:398)
	at com.kms.katalon.core.main.TestCaseExecutor.doExecute(TestCaseExecutor.java:389)
	at com.kms.katalon.core.main.TestCaseExecutor.processExecutionPhase(TestCaseExecutor.java:368)
	at com.kms.katalon.core.main.TestCaseExecutor.accessMainPhase(TestCaseExecutor.java:360)
	at com.kms.katalon.core.main.TestCaseExecutor.execute(TestCaseExecutor.java:255)
	at com.kms.katalon.core.main.TestSuiteExecutor.accessTestCaseMainPhase(TestSuiteExecutor.java:203)
	at com.kms.katalon.core.main.TestSuiteExecutor.accessTestSuiteMainPhase(TestSuiteExecutor.java:152)
	at com.kms.katalon.core.main.TestSuiteExecutor.execute(TestSuiteExecutor.java:95)
	at com.kms.katalon.core.main.TestCaseMain.startTestSuite(TestCaseMain.java:157)
	at com.kms.katalon.core.main.TestCaseMain$startTestSuite$0.call(Unknown Source)
	at TempTestSuite1622124825440.run(TempTestSuite1622124825440.groovy:39)
Caused by: com.kms.katalon.core.exception.StepFailedException: Unable to click on object 'Object Repository/1712612_Mattermost Object/Page_Town Square - Test 1712612 Mattermost/button_nghi_tran_CENTER_button_y84p141g8fff_63d7c5'
	at com.kms.katalon.core.webui.keyword.internal.WebUIKeywordMain.stepFailed(WebUIKeywordMain.groovy:64)
	at com.kms.katalon.core.webui.keyword.internal.WebUIKeywordMain.runKeyword(WebUIKeywordMain.groovy:26)
	at com.kms.katalon.core.webui.keyword.builtin.ClickKeyword.click(ClickKeyword.groovy:75)
	at com.kms.katalon.core.webui.keyword.builtin.ClickKeyword.execute(ClickKeyword.groovy:42)
	at com.kms.katalon.core.keyword.internal.KeywordExecutor.executeKeywordForPlatform(KeywordExecutor.groovy:73)
	at com.kms.katalon.core.webui.keyword.WebUiBuiltInKeywords.click(WebUiBuiltInKeywords.groovy:619)
	at com.kms.katalon.core.webui.keyword.WebUiBuiltInKeywords$click$3.call(Unknown Source)
	at TC26_PinMessageInPublicChannel.run(TC26_PinMessageInPublicChannel:26)
	at com.kms.katalon.core.main.ScriptEngine.run(ScriptEngine.java:194)
	at com.kms.katalon.core.main.ScriptEngine.runScriptAsRawText(ScriptEngine.java:119)
	at com.kms.katalon.core.main.TestCaseExecutor.runScript(TestCaseExecutor.java:398)
	at com.kms.katalon.core.main.TestCaseExecutor.doExecute(TestCaseExecutor.java:389)
	at com.kms.katalon.core.main.TestCaseExecutor.processExecutionPhase(TestCaseExecutor.java:368)
	at com.kms.katalon.core.main.TestCaseExecutor.accessMainPhase(TestCaseExecutor.java:360)
	at com.kms.katalon.core.main.TestCaseExecutor.execute(TestCaseExecutor.java:255)
	at com.kms.katalon.core.main.TestCaseMain.runTestCase(TestCaseMain.java:114)
	at com.kms.katalon.core.keyword.builtin.CallTestCaseKeyword$_callTestCase_closure1.doCall(CallTestCaseKeyword.groovy:59)
	... 20 more
Caused by: com.kms.katalon.core.webui.exception.WebElementNotFoundException: Web element with id: 'Object Repository/1712612_Mattermost Object/Page_Town Square - Test 1712612 Mattermost/button_nghi_tran_CENTER_button_y84p141g8fff_63d7c5' located by '//button[@id='CENTER_button_y84p141g8fffugwo5wnkspdt1o']' not found
	at com.kms.katalon.core.webui.common.WebUiCommonHelper.findWebElement(WebUiCommonHelper.java:1368)
	at com.kms.katalon.core.webui.keyword.internal.WebUIAbstractKeyword.findWebElement(WebUIAbstractKeyword.groovy:27)
	at com.kms.katalon.core.webui.keyword.internal.WebUIAbstractKeyword.findWebElement(WebUIAbstractKeyword.groovy:26)
	at com.kms.katalon.core.webui.keyword.builtin.ClickKeyword$_click_closure1.doCall(ClickKeyword.groovy:66)
	at com.kms.katalon.core.webui.keyword.builtin.ClickKeyword$_click_closure1.call(ClickKeyword.groovy)
	at com.kms.katalon.core.webui.keyword.internal.WebUIKeywordMain.runKeyword(WebUIKeywordMain.groovy:20)
	... 35 more
"/>
         <system-out><![CDATA[2021-05-27 21:32:03 - [TEST_CASE][FAILED] - Test Cases/1712612/TC28_UnpinMessageInPublicChannel: Test Cases/1712612/TC28_UnpinMessageInPublicChannel FAILED.
Reason:
com.kms.katalon.core.exception.StepFailedException: Call Test Case 'Test Cases/1712612/TC26_PinMessageInPublicChannel' failed
	at com.kms.katalon.core.keyword.builtin.CallTestCaseKeyword$_callTestCase_closure1.doCall(CallTestCaseKeyword.groovy:63)
	at com.kms.katalon.core.keyword.builtin.CallTestCaseKeyword$_callTestCase_closure1.call(CallTestCaseKeyword.groovy)
	at com.kms.katalon.core.keyword.internal.KeywordMain.runKeyword(KeywordMain.groovy:68)
	at com.kms.katalon.core.keyword.builtin.CallTestCaseKeyword.callTestCase(CallTestCaseKeyword.groovy:81)
	at com.kms.katalon.core.keyword.builtin.CallTestCaseKeyword.execute(CallTestCaseKeyword.groovy:44)
	at com.kms.katalon.core.keyword.internal.KeywordExecutor.executeKeywordForPlatform(KeywordExecutor.groovy:73)
	at com.kms.katalon.core.keyword.BuiltinKeywords.callTestCase(BuiltinKeywords.groovy:334)
	at TC28_UnpinMessageInPublicChannel.run(TC28_UnpinMessageInPublicChannel:20)
	at com.kms.katalon.core.main.ScriptEngine.run(ScriptEngine.java:194)
	at com.kms.katalon.core.main.ScriptEngine.runScriptAsRawText(ScriptEngine.java:119)
	at com.kms.katalon.core.main.TestCaseExecutor.runScript(TestCaseExecutor.java:398)
	at com.kms.katalon.core.main.TestCaseExecutor.doExecute(TestCaseExecutor.java:389)
	at com.kms.katalon.core.main.TestCaseExecutor.processExecutionPhase(TestCaseExecutor.java:368)
	at com.kms.katalon.core.main.TestCaseExecutor.accessMainPhase(TestCaseExecutor.java:360)
	at com.kms.katalon.core.main.TestCaseExecutor.execute(TestCaseExecutor.java:255)
	at com.kms.katalon.core.main.TestSuiteExecutor.accessTestCaseMainPhase(TestSuiteExecutor.java:203)
	at com.kms.katalon.core.main.TestSuiteExecutor.accessTestSuiteMainPhase(TestSuiteExecutor.java:152)
	at com.kms.katalon.core.main.TestSuiteExecutor.execute(TestSuiteExecutor.java:95)
	at com.kms.katalon.core.main.TestCaseMain.startTestSuite(TestCaseMain.java:157)
	at com.kms.katalon.core.main.TestCaseMain$startTestSuite$0.call(Unknown Source)
	at TempTestSuite1622124825440.run(TempTestSuite1622124825440.groovy:39)
Caused by: com.kms.katalon.core.exception.StepFailedException: Unable to click on object 'Object Repository/1712612_Mattermost Object/Page_Town Square - Test 1712612 Mattermost/button_nghi_tran_CENTER_button_y84p141g8fff_63d7c5'
	at com.kms.katalon.core.webui.keyword.internal.WebUIKeywordMain.stepFailed(WebUIKeywordMain.groovy:64)
	at com.kms.katalon.core.webui.keyword.internal.WebUIKeywordMain.runKeyword(WebUIKeywordMain.groovy:26)
	at com.kms.katalon.core.webui.keyword.builtin.ClickKeyword.click(ClickKeyword.groovy:75)
	at com.kms.katalon.core.webui.keyword.builtin.ClickKeyword.execute(ClickKeyword.groovy:42)
	at com.kms.katalon.core.keyword.internal.KeywordExecutor.executeKeywordForPlatform(KeywordExecutor.groovy:73)
	at com.kms.katalon.core.webui.keyword.WebUiBuiltInKeywords.click(WebUiBuiltInKeywords.groovy:619)
	at com.kms.katalon.core.webui.keyword.WebUiBuiltInKeywords$click$3.call(Unknown Source)
	at TC26_PinMessageInPublicChannel.run(TC26_PinMessageInPublicChannel:26)
	at com.kms.katalon.core.main.ScriptEngine.run(ScriptEngine.java:194)
	at com.kms.katalon.core.main.ScriptEngine.runScriptAsRawText(ScriptEngine.java:119)
	at com.kms.katalon.core.main.TestCaseExecutor.runScript(TestCaseExecutor.java:398)
	at com.kms.katalon.core.main.TestCaseExecutor.doExecute(TestCaseExecutor.java:389)
	at com.kms.katalon.core.main.TestCaseExecutor.processExecutionPhase(TestCaseExecutor.java:368)
	at com.kms.katalon.core.main.TestCaseExecutor.accessMainPhase(TestCaseExecutor.java:360)
	at com.kms.katalon.core.main.TestCaseExecutor.execute(TestCaseExecutor.java:255)
	at com.kms.katalon.core.main.TestCaseMain.runTestCase(TestCaseMain.java:114)
	at com.kms.katalon.core.keyword.builtin.CallTestCaseKeyword$_callTestCase_closure1.doCall(CallTestCaseKeyword.groovy:59)
	... 20 more
Caused by: com.kms.katalon.core.webui.exception.WebElementNotFoundException: Web element with id: 'Object Repository/1712612_Mattermost Object/Page_Town Square - Test 1712612 Mattermost/button_nghi_tran_CENTER_button_y84p141g8fff_63d7c5' located by '//button[@id='CENTER_button_y84p141g8fffugwo5wnkspdt1o']' not found
	at com.kms.katalon.core.webui.common.WebUiCommonHelper.findWebElement(WebUiCommonHelper.java:1368)
	at com.kms.katalon.core.webui.keyword.internal.WebUIAbstractKeyword.findWebElement(WebUIAbstractKeyword.groovy:27)
	at com.kms.katalon.core.webui.keyword.internal.WebUIAbstractKeyword.findWebElement(WebUIAbstractKeyword.groovy:26)
	at com.kms.katalon.core.webui.keyword.builtin.ClickKeyword$_click_closure1.doCall(ClickKeyword.groovy:66)
	at com.kms.katalon.core.webui.keyword.builtin.ClickKeyword$_click_closure1.call(ClickKeyword.groovy)
	at com.kms.katalon.core.webui.keyword.internal.WebUIKeywordMain.runKeyword(WebUIKeywordMain.groovy:20)
	... 35 more


2021-05-27 21:32:04 - [TEST_STEP][FAILED] - callTestCase(findTestCase("1712612/TC26_PinMessageInPublicChannel"), [:], STOP_ON_FAILURE): Unable to call Test Case 'Test Cases/1712612/TC26_PinMessageInPublicChannel' (Root cause: com.kms.katalon.core.exception.StepFailedException: Call Test Case 'Test Cases/1712612/TC26_PinMessageInPublicChannel' failed
	at com.kms.katalon.core.keyword.builtin.CallTestCaseKeyword$_callTestCase_closure1.doCall(CallTestCaseKeyword.groovy:63)
	at com.kms.katalon.core.keyword.builtin.CallTestCaseKeyword$_callTestCase_closure1.call(CallTestCaseKeyword.groovy)
	at com.kms.katalon.core.keyword.internal.KeywordMain.runKeyword(KeywordMain.groovy:68)
	at com.kms.katalon.core.keyword.builtin.CallTestCaseKeyword.callTestCase(CallTestCaseKeyword.groovy:81)
	at com.kms.katalon.core.keyword.builtin.CallTestCaseKeyword.execute(CallTestCaseKeyword.groovy:44)
	at com.kms.katalon.core.keyword.internal.KeywordExecutor.executeKeywordForPlatform(KeywordExecutor.groovy:73)
	at com.kms.katalon.core.keyword.BuiltinKeywords.callTestCase(BuiltinKeywords.groovy:334)
	at TC28_UnpinMessageInPublicChannel.run(TC28_UnpinMessageInPublicChannel:20)
	at com.kms.katalon.core.main.ScriptEngine.run(ScriptEngine.java:194)
	at com.kms.katalon.core.main.ScriptEngine.runScriptAsRawText(ScriptEngine.java:119)
	at com.kms.katalon.core.main.TestCaseExecutor.runScript(TestCaseExecutor.java:398)
	at com.kms.katalon.core.main.TestCaseExecutor.doExecute(TestCaseExecutor.java:389)
	at com.kms.katalon.core.main.TestCaseExecutor.processExecutionPhase(TestCaseExecutor.java:368)
	at com.kms.katalon.core.main.TestCaseExecutor.accessMainPhase(TestCaseExecutor.java:360)
	at com.kms.katalon.core.main.TestCaseExecutor.execute(TestCaseExecutor.java:255)
	at com.kms.katalon.core.main.TestSuiteExecutor.accessTestCaseMainPhase(TestSuiteExecutor.java:203)
	at com.kms.katalon.core.main.TestSuiteExecutor.accessTestSuiteMainPhase(TestSuiteExecutor.java:152)
	at com.kms.katalon.core.main.TestSuiteExecutor.execute(TestSuiteExecutor.java:95)
	at com.kms.katalon.core.main.TestCaseMain.startTestSuite(TestCaseMain.java:157)
	at com.kms.katalon.core.main.TestCaseMain$startTestSuite$0.call(Unknown Source)
	at TempTestSuite1622124825440.run(TempTestSuite1622124825440.groovy:39)
Caused by: com.kms.katalon.core.exception.StepFailedException: Unable to click on object 'Object Repository/1712612_Mattermost Object/Page_Town Square - Test 1712612 Mattermost/button_nghi_tran_CENTER_button_y84p141g8fff_63d7c5'
	at com.kms.katalon.core.webui.keyword.internal.WebUIKeywordMain.stepFailed(WebUIKeywordMain.groovy:64)
	at com.kms.katalon.core.webui.keyword.internal.WebUIKeywordMain.runKeyword(WebUIKeywordMain.groovy:26)
	at com.kms.katalon.core.webui.keyword.builtin.ClickKeyword.click(ClickKeyword.groovy:75)
	at com.kms.katalon.core.webui.keyword.builtin.ClickKeyword.execute(ClickKeyword.groovy:42)
	at com.kms.katalon.core.keyword.internal.KeywordExecutor.executeKeywordForPlatform(KeywordExecutor.groovy:73)
	at com.kms.katalon.core.webui.keyword.WebUiBuiltInKeywords.click(WebUiBuiltInKeywords.groovy:619)
	at com.kms.katalon.core.webui.keyword.WebUiBuiltInKeywords$click$3.call(Unknown Source)
	at TC26_PinMessageInPublicChannel.run(TC26_PinMessageInPublicChannel:26)
	at com.kms.katalon.core.main.ScriptEngine.run(ScriptEngine.java:194)
	at com.kms.katalon.core.main.ScriptEngine.runScriptAsRawText(ScriptEngine.java:119)
	at com.kms.katalon.core.main.TestCaseExecutor.runScript(TestCaseExecutor.java:398)
	at com.kms.katalon.core.main.TestCaseExecutor.doExecute(TestCaseExecutor.java:389)
	at com.kms.katalon.core.main.TestCaseExecutor.processExecutionPhase(TestCaseExecutor.java:368)
	at com.kms.katalon.core.main.TestCaseExecutor.accessMainPhase(TestCaseExecutor.java:360)
	at com.kms.katalon.core.main.TestCaseExecutor.execute(TestCaseExecutor.java:255)
	at com.kms.katalon.core.main.TestCaseMain.runTestCase(TestCaseMain.java:114)
	at com.kms.katalon.core.keyword.builtin.CallTestCaseKeyword$_callTestCase_closure1.doCall(CallTestCaseKeyword.groovy:59)
	... 20 more
Caused by: com.kms.katalon.core.webui.exception.WebElementNotFoundException: Web element with id: 'Object Repository/1712612_Mattermost Object/Page_Town Square - Test 1712612 Mattermost/button_nghi_tran_CENTER_button_y84p141g8fff_63d7c5' located by '//button[@id='CENTER_button_y84p141g8fffugwo5wnkspdt1o']' not found
	at com.kms.katalon.core.webui.common.WebUiCommonHelper.findWebElement(WebUiCommonHelper.java:1368)
	at com.kms.katalon.core.webui.keyword.internal.WebUIAbstractKeyword.findWebElement(WebUIAbstractKeyword.groovy:27)
	at com.kms.katalon.core.webui.keyword.internal.WebUIAbstractKeyword.findWebElement(WebUIAbstractKeyword.groovy:26)
	at com.kms.katalon.core.webui.keyword.builtin.ClickKeyword$_click_closure1.doCall(ClickKeyword.groovy:66)
	at com.kms.katalon.core.webui.keyword.builtin.ClickKeyword$_click_closure1.call(ClickKeyword.groovy)
	at com.kms.katalon.core.webui.keyword.internal.WebUIKeywordMain.runKeyword(WebUIKeywordMain.groovy:20)
	... 35 more
)

2021-05-27 21:32:04 - [TEST_CASE][FAILED] - Test Cases/1712612/TC26_PinMessageInPublicChannel: Test Cases/1712612/TC26_PinMessageInPublicChannel FAILED.
Reason:
com.kms.katalon.core.exception.StepFailedException: Unable to click on object 'Object Repository/1712612_Mattermost Object/Page_Town Square - Test 1712612 Mattermost/button_nghi_tran_CENTER_button_y84p141g8fff_63d7c5'
	at com.kms.katalon.core.webui.keyword.internal.WebUIKeywordMain.stepFailed(WebUIKeywordMain.groovy:64)
	at com.kms.katalon.core.webui.keyword.internal.WebUIKeywordMain.runKeyword(WebUIKeywordMain.groovy:26)
	at com.kms.katalon.core.webui.keyword.builtin.ClickKeyword.click(ClickKeyword.groovy:75)
	at com.kms.katalon.core.webui.keyword.builtin.ClickKeyword.execute(ClickKeyword.groovy:42)
	at com.kms.katalon.core.keyword.internal.KeywordExecutor.executeKeywordForPlatform(KeywordExecutor.groovy:73)
	at com.kms.katalon.core.webui.keyword.WebUiBuiltInKeywords.click(WebUiBuiltInKeywords.groovy:619)
	at com.kms.katalon.core.webui.keyword.WebUiBuiltInKeywords$click$3.call(Unknown Source)
	at TC26_PinMessageInPublicChannel.run(TC26_PinMessageInPublicChannel:26)
	at com.kms.katalon.core.main.ScriptEngine.run(ScriptEngine.java:194)
	at com.kms.katalon.core.main.ScriptEngine.runScriptAsRawText(ScriptEngine.java:119)
	at com.kms.katalon.core.main.TestCaseExecutor.runScript(TestCaseExecutor.java:398)
	at com.kms.katalon.core.main.TestCaseExecutor.doExecute(TestCaseExecutor.java:389)
	at com.kms.katalon.core.main.TestCaseExecutor.processExecutionPhase(TestCaseExecutor.java:368)
	at com.kms.katalon.core.main.TestCaseExecutor.accessMainPhase(TestCaseExecutor.java:360)
	at com.kms.katalon.core.main.TestCaseExecutor.execute(TestCaseExecutor.java:255)
	at com.kms.katalon.core.main.TestCaseMain.runTestCase(TestCaseMain.java:114)
	at com.kms.katalon.core.keyword.builtin.CallTestCaseKeyword$_callTestCase_closure1.doCall(CallTestCaseKeyword.groovy:59)
	at com.kms.katalon.core.keyword.builtin.CallTestCaseKeyword$_callTestCase_closure1.call(CallTestCaseKeyword.groovy)
	at com.kms.katalon.core.keyword.internal.KeywordMain.runKeyword(KeywordMain.groovy:68)
	at com.kms.katalon.core.keyword.builtin.CallTestCaseKeyword.callTestCase(CallTestCaseKeyword.groovy:81)
	at com.kms.katalon.core.keyword.builtin.CallTestCaseKeyword.execute(CallTestCaseKeyword.groovy:44)
	at com.kms.katalon.core.keyword.internal.KeywordExecutor.executeKeywordForPlatform(KeywordExecutor.groovy:73)
	at com.kms.katalon.core.keyword.BuiltinKeywords.callTestCase(BuiltinKeywords.groovy:334)
	at TC28_UnpinMessageInPublicChannel.run(TC28_UnpinMessageInPublicChannel:20)
	at com.kms.katalon.core.main.ScriptEngine.run(ScriptEngine.java:194)
	at com.kms.katalon.core.main.ScriptEngine.runScriptAsRawText(ScriptEngine.java:119)
	at com.kms.katalon.core.main.TestCaseExecutor.runScript(TestCaseExecutor.java:398)
	at com.kms.katalon.core.main.TestCaseExecutor.doExecute(TestCaseExecutor.java:389)
	at com.kms.katalon.core.main.TestCaseExecutor.processExecutionPhase(TestCaseExecutor.java:368)
	at com.kms.katalon.core.main.TestCaseExecutor.accessMainPhase(TestCaseExecutor.java:360)
	at com.kms.katalon.core.main.TestCaseExecutor.execute(TestCaseExecutor.java:255)
	at com.kms.katalon.core.main.TestSuiteExecutor.accessTestCaseMainPhase(TestSuiteExecutor.java:203)
	at com.kms.katalon.core.main.TestSuiteExecutor.accessTestSuiteMainPhase(TestSuiteExecutor.java:152)
	at com.kms.katalon.core.main.TestSuiteExecutor.execute(TestSuiteExecutor.java:95)
	at com.kms.katalon.core.main.TestCaseMain.startTestSuite(TestCaseMain.java:157)
	at com.kms.katalon.core.main.TestCaseMain$startTestSuite$0.call(Unknown Source)
	at TempTestSuite1622124825440.run(TempTestSuite1622124825440.groovy:39)
Caused by: com.kms.katalon.core.webui.exception.WebElementNotFoundException: Web element with id: 'Object Repository/1712612_Mattermost Object/Page_Town Square - Test 1712612 Mattermost/button_nghi_tran_CENTER_button_y84p141g8fff_63d7c5' located by '//button[@id='CENTER_button_y84p141g8fffugwo5wnkspdt1o']' not found
	at com.kms.katalon.core.webui.common.WebUiCommonHelper.findWebElement(WebUiCommonHelper.java:1368)
	at com.kms.katalon.core.webui.keyword.internal.WebUIAbstractKeyword.findWebElement(WebUIAbstractKeyword.groovy:27)
	at com.kms.katalon.core.webui.keyword.internal.WebUIAbstractKeyword.findWebElement(WebUIAbstractKeyword.groovy:26)
	at com.kms.katalon.core.webui.keyword.builtin.ClickKeyword$_click_closure1.doCall(ClickKeyword.groovy:66)
	at com.kms.katalon.core.webui.keyword.builtin.ClickKeyword$_click_closure1.call(ClickKeyword.groovy)
	at com.kms.katalon.core.webui.keyword.internal.WebUIKeywordMain.runKeyword(WebUIKeywordMain.groovy:20)
	... 35 more


2021-05-27 21:32:05 - [TEST_STEP][PASSED] - callTestCase(findTestCase("1712612/CommonTC/TC_OpenPage"), [:], STOP_ON_FAILURE): Call Test Case 'Test Cases/1712612/CommonTC/TC_OpenPage' successfully

2021-05-27 21:32:05 - [TEST_CASE][PASSED] - Test Cases/1712612/CommonTC/TC_OpenPage: Test Cases/1712612/CommonTC/TC_OpenPage

2021-05-27 21:32:05 - [TEST_STEP][PASSED] - openBrowser(""): Browser is opened with url: ''

2021-05-27 21:32:05 - [MESSAGE][WARNING] - A browser is already opened. Closing browser and opening a new one

2021-05-27 21:32:06 - [MESSAGE][INFO] - Starting 'Chrome' driver

2021-05-27 21:32:06 - [MESSAGE][INFO] - Action delay is set to 0 milliseconds

2021-05-27 21:32:09 - [MESSAGE][PASSED] - Browser is opened with url: ''

2021-05-27 21:32:09 - [TEST_STEP][PASSED] - navigateToUrl("https://mattermostwebapp.herokuapp.com/login"): Navigate to 'https://mattermostwebapp.herokuapp.com/login' successfully

2021-05-27 21:32:13 - [MESSAGE][PASSED] - Navigate to 'https://mattermostwebapp.herokuapp.com/login' successfully

2021-05-27 21:32:13 - [MESSAGE][PASSED] - Call Test Case 'Test Cases/1712612/CommonTC/TC_OpenPage' successfully

2021-05-27 21:32:13 - [TEST_STEP][PASSED] - callTestCase(findTestCase("1712612/CommonTC/TC_Login"), [:], STOP_ON_FAILURE): Call Test Case 'Test Cases/1712612/CommonTC/TC_Login' successfully

2021-05-27 21:32:13 - [TEST_CASE][PASSED] - Test Cases/1712612/CommonTC/TC_Login: Test Cases/1712612/CommonTC/TC_Login

2021-05-27 21:32:13 - [TEST_STEP][PASSED] - verifyElementVisible(findTestObject("Object Repository/1712612_Mattermost Object/Page_Mattermost/input_login_username"), STOP_ON_FAILURE): Object 'Object Repository/1712612_Mattermost Object/Page_Mattermost/input_login_username' is visible

2021-05-27 21:32:20 - [MESSAGE][PASSED] - Object 'Object Repository/1712612_Mattermost Object/Page_Mattermost/input_login_username' is visible

2021-05-27 21:32:20 - [TEST_STEP][PASSED] - verifyElementVisible(findTestObject("Object Repository/1712612_Mattermost Object/Page_Mattermost/input_login_password"), STOP_ON_FAILURE): Object 'Object Repository/1712612_Mattermost Object/Page_Mattermost/input_login_password' is visible

2021-05-27 21:32:20 - [MESSAGE][PASSED] - Object 'Object Repository/1712612_Mattermost Object/Page_Mattermost/input_login_password' is visible

2021-05-27 21:32:20 - [TEST_STEP][PASSED] - setText(findTestObject("Object Repository/1712612_Mattermost Object/Page_Mattermost/input_login_username"), "nghi_tran"): Text 'nghi_tran' is set on object 'Object Repository/1712612_Mattermost Object/Page_Mattermost/input_login_username'

2021-05-27 21:32:21 - [MESSAGE][PASSED] - Text 'nghi_tran' is set on object 'Object Repository/1712612_Mattermost Object/Page_Mattermost/input_login_username'

2021-05-27 21:32:21 - [TEST_STEP][PASSED] - setEncryptedText(findTestObject("Object Repository/1712612_Mattermost Object/Page_Mattermost/input_login_password"), "KBlHou+hFmnFUOUwxwboiw=="): Text ****** has been set on object 'Object Repository/1712612_Mattermost Object/Page_Mattermost/input_login_password'

2021-05-27 21:32:22 - [MESSAGE][PASSED] - Text ****** has been set on object 'Object Repository/1712612_Mattermost Object/Page_Mattermost/input_login_password'

2021-05-27 21:32:22 - [TEST_STEP][PASSED] - click(findTestObject("Object Repository/1712612_Mattermost Object/Page_Mattermost/button_Sign in")): Object: 'Object Repository/1712612_Mattermost Object/Page_Mattermost/button_Sign in' is clicked on

2021-05-27 21:32:23 - [MESSAGE][PASSED] - Object: 'Object Repository/1712612_Mattermost Object/Page_Mattermost/button_Sign in' is clicked on

2021-05-27 21:32:23 - [TEST_STEP][PASSED] - verifyElementVisible(findTestObject("Object Repository/1712612_Mattermost Object/Page_Town Square - another Mattermost/img__Avatar Avatar-lg"), STOP_ON_FAILURE): Object 'Object Repository/1712612_Mattermost Object/Page_Town Square - another Mattermost/img__Avatar Avatar-lg' is visible

2021-05-27 21:32:28 - [MESSAGE][PASSED] - Object 'Object Repository/1712612_Mattermost Object/Page_Town Square - another Mattermost/img__Avatar Avatar-lg' is visible

2021-05-27 21:32:28 - [MESSAGE][PASSED] - Call Test Case 'Test Cases/1712612/CommonTC/TC_Login' successfully

2021-05-27 21:32:28 - [TEST_STEP][PASSED] - navigateToUrl("https://mattermostwebapp.herokuapp.com/test-1712612/channels/town-square"): Navigate to 'https://mattermostwebapp.herokuapp.com/test-1712612/channels/town-square' successfully

2021-05-27 21:32:29 - [MESSAGE][PASSED] - Navigate to 'https://mattermostwebapp.herokuapp.com/test-1712612/channels/town-square' successfully

2021-05-27 21:32:29 - [TEST_STEP][FAILED] - click(findTestObject("Object Repository/1712612_Mattermost Object/Page_Town Square - Test 1712612 Mattermost/button_nghi_tran_CENTER_button_y84p141g8fff_63d7c5")): Unable to click on object 'Object Repository/1712612_Mattermost Object/Page_Town Square - Test 1712612 Mattermost/button_nghi_tran_CENTER_button_y84p141g8fff_63d7c5' (Root cause: com.kms.katalon.core.exception.StepFailedException: Unable to click on object 'Object Repository/1712612_Mattermost Object/Page_Town Square - Test 1712612 Mattermost/button_nghi_tran_CENTER_button_y84p141g8fff_63d7c5'
	at com.kms.katalon.core.webui.keyword.internal.WebUIKeywordMain.stepFailed(WebUIKeywordMain.groovy:64)
	at com.kms.katalon.core.webui.keyword.internal.WebUIKeywordMain.runKeyword(WebUIKeywordMain.groovy:26)
	at com.kms.katalon.core.webui.keyword.builtin.ClickKeyword.click(ClickKeyword.groovy:75)
	at com.kms.katalon.core.webui.keyword.builtin.ClickKeyword.execute(ClickKeyword.groovy:42)
	at com.kms.katalon.core.keyword.internal.KeywordExecutor.executeKeywordForPlatform(KeywordExecutor.groovy:73)
	at com.kms.katalon.core.webui.keyword.WebUiBuiltInKeywords.click(WebUiBuiltInKeywords.groovy:619)
	at com.kms.katalon.core.webui.keyword.WebUiBuiltInKeywords$click$3.call(Unknown Source)
	at TC26_PinMessageInPublicChannel.run(TC26_PinMessageInPublicChannel:26)
	at com.kms.katalon.core.main.ScriptEngine.run(ScriptEngine.java:194)
	at com.kms.katalon.core.main.ScriptEngine.runScriptAsRawText(ScriptEngine.java:119)
	at com.kms.katalon.core.main.TestCaseExecutor.runScript(TestCaseExecutor.java:398)
	at com.kms.katalon.core.main.TestCaseExecutor.doExecute(TestCaseExecutor.java:389)
	at com.kms.katalon.core.main.TestCaseExecutor.processExecutionPhase(TestCaseExecutor.java:368)
	at com.kms.katalon.core.main.TestCaseExecutor.accessMainPhase(TestCaseExecutor.java:360)
	at com.kms.katalon.core.main.TestCaseExecutor.execute(TestCaseExecutor.java:255)
	at com.kms.katalon.core.main.TestCaseMain.runTestCase(TestCaseMain.java:114)
	at com.kms.katalon.core.keyword.builtin.CallTestCaseKeyword$_callTestCase_closure1.doCall(CallTestCaseKeyword.groovy:59)
	at com.kms.katalon.core.keyword.builtin.CallTestCaseKeyword$_callTestCase_closure1.call(CallTestCaseKeyword.groovy)
	at com.kms.katalon.core.keyword.internal.KeywordMain.runKeyword(KeywordMain.groovy:68)
	at com.kms.katalon.core.keyword.builtin.CallTestCaseKeyword.callTestCase(CallTestCaseKeyword.groovy:81)
	at com.kms.katalon.core.keyword.builtin.CallTestCaseKeyword.execute(CallTestCaseKeyword.groovy:44)
	at com.kms.katalon.core.keyword.internal.KeywordExecutor.executeKeywordForPlatform(KeywordExecutor.groovy:73)
	at com.kms.katalon.core.keyword.BuiltinKeywords.callTestCase(BuiltinKeywords.groovy:334)
	at TC28_UnpinMessageInPublicChannel.run(TC28_UnpinMessageInPublicChannel:20)
	at com.kms.katalon.core.main.ScriptEngine.run(ScriptEngine.java:194)
	at com.kms.katalon.core.main.ScriptEngine.runScriptAsRawText(ScriptEngine.java:119)
	at com.kms.katalon.core.main.TestCaseExecutor.runScript(TestCaseExecutor.java:398)
	at com.kms.katalon.core.main.TestCaseExecutor.doExecute(TestCaseExecutor.java:389)
	at com.kms.katalon.core.main.TestCaseExecutor.processExecutionPhase(TestCaseExecutor.java:368)
	at com.kms.katalon.core.main.TestCaseExecutor.accessMainPhase(TestCaseExecutor.java:360)
	at com.kms.katalon.core.main.TestCaseExecutor.execute(TestCaseExecutor.java:255)
	at com.kms.katalon.core.main.TestSuiteExecutor.accessTestCaseMainPhase(TestSuiteExecutor.java:203)
	at com.kms.katalon.core.main.TestSuiteExecutor.accessTestSuiteMainPhase(TestSuiteExecutor.java:152)
	at com.kms.katalon.core.main.TestSuiteExecutor.execute(TestSuiteExecutor.java:95)
	at com.kms.katalon.core.main.TestCaseMain.startTestSuite(TestCaseMain.java:157)
	at com.kms.katalon.core.main.TestCaseMain$startTestSuite$0.call(Unknown Source)
	at TempTestSuite1622124825440.run(TempTestSuite1622124825440.groovy:39)
Caused by: com.kms.katalon.core.webui.exception.WebElementNotFoundException: Web element with id: 'Object Repository/1712612_Mattermost Object/Page_Town Square - Test 1712612 Mattermost/button_nghi_tran_CENTER_button_y84p141g8fff_63d7c5' located by '//button[@id='CENTER_button_y84p141g8fffugwo5wnkspdt1o']' not found
	at com.kms.katalon.core.webui.common.WebUiCommonHelper.findWebElement(WebUiCommonHelper.java:1368)
	at com.kms.katalon.core.webui.keyword.internal.WebUIAbstractKeyword.findWebElement(WebUIAbstractKeyword.groovy:27)
	at com.kms.katalon.core.webui.keyword.internal.WebUIAbstractKeyword.findWebElement(WebUIAbstractKeyword.groovy:26)
	at com.kms.katalon.core.webui.keyword.builtin.ClickKeyword$_click_closure1.doCall(ClickKeyword.groovy:66)
	at com.kms.katalon.core.webui.keyword.builtin.ClickKeyword$_click_closure1.call(ClickKeyword.groovy)
	at com.kms.katalon.core.webui.keyword.internal.WebUIKeywordMain.runKeyword(WebUIKeywordMain.groovy:20)
	at com.kms.katalon.core.webui.keyword.builtin.ClickKeyword.click(ClickKeyword.groovy:75)
	at com.kms.katalon.core.webui.keyword.builtin.ClickKeyword.execute(ClickKeyword.groovy:42)
	at com.kms.katalon.core.keyword.internal.KeywordExecutor.executeKeywordForPlatform(KeywordExecutor.groovy:73)
	at com.kms.katalon.core.webui.keyword.WebUiBuiltInKeywords.click(WebUiBuiltInKeywords.groovy:619)
	at com.kms.katalon.core.webui.keyword.WebUiBuiltInKeywords$click$3.call(Unknown Source)
	at Script1621657586209.run(Script1621657586209.groovy:26)
	at com.kms.katalon.core.main.ScriptEngine.run(ScriptEngine.java:194)
	at com.kms.katalon.core.main.ScriptEngine.runScriptAsRawText(ScriptEngine.java:119)
	at com.kms.katalon.core.main.TestCaseExecutor.runScript(TestCaseExecutor.java:398)
	at com.kms.katalon.core.main.TestCaseExecutor.doExecute(TestCaseExecutor.java:389)
	at com.kms.katalon.core.main.TestCaseExecutor.processExecutionPhase(TestCaseExecutor.java:368)
	at com.kms.katalon.core.main.TestCaseExecutor.accessMainPhase(TestCaseExecutor.java:360)
	at com.kms.katalon.core.main.TestCaseExecutor.execute(TestCaseExecutor.java:255)
	at com.kms.katalon.core.main.TestCaseMain.runTestCase(TestCaseMain.java:114)
	at com.kms.katalon.core.keyword.builtin.CallTestCaseKeyword$_callTestCase_closure1.doCall(CallTestCaseKeyword.groovy:59)
	at com.kms.katalon.core.keyword.builtin.CallTestCaseKeyword$_callTestCase_closure1.call(CallTestCaseKeyword.groovy)
	at com.kms.katalon.core.keyword.internal.KeywordMain.runKeyword(KeywordMain.groovy:68)
	at com.kms.katalon.core.keyword.builtin.CallTestCaseKeyword.callTestCase(CallTestCaseKeyword.groovy:81)
	at com.kms.katalon.core.keyword.builtin.CallTestCaseKeyword.execute(CallTestCaseKeyword.groovy:44)
	at com.kms.katalon.core.keyword.internal.KeywordExecutor.executeKeywordForPlatform(KeywordExecutor.groovy:73)
	at com.kms.katalon.core.keyword.BuiltinKeywords.callTestCase(BuiltinKeywords.groovy:334)
	at Script1621659068522.run(Script1621659068522.groovy:20)
	... 13 more
)

2021-05-27 21:33:01 - [MESSAGE][INFO] - Unable to find the element located by 'By.xpath: //button[@id='CENTER_button_y84p141g8fffugwo5wnkspdt1o']'. Please recheck the objects properties to make sure the desired element is located. 

2021-05-27 21:33:01 - [MESSAGE][FAILED] - Unable to click on object 'Object Repository/1712612_Mattermost Object/Page_Town Square - Test 1712612 Mattermost/button_nghi_tran_CENTER_button_y84p141g8fff_63d7c5' (Root cause: com.kms.katalon.core.exception.StepFailedException: Unable to click on object 'Object Repository/1712612_Mattermost Object/Page_Town Square - Test 1712612 Mattermost/button_nghi_tran_CENTER_button_y84p141g8fff_63d7c5'
	at com.kms.katalon.core.webui.keyword.internal.WebUIKeywordMain.stepFailed(WebUIKeywordMain.groovy:64)
	at com.kms.katalon.core.webui.keyword.internal.WebUIKeywordMain.runKeyword(WebUIKeywordMain.groovy:26)
	at com.kms.katalon.core.webui.keyword.builtin.ClickKeyword.click(ClickKeyword.groovy:75)
	at com.kms.katalon.core.webui.keyword.builtin.ClickKeyword.execute(ClickKeyword.groovy:42)
	at com.kms.katalon.core.keyword.internal.KeywordExecutor.executeKeywordForPlatform(KeywordExecutor.groovy:73)
	at com.kms.katalon.core.webui.keyword.WebUiBuiltInKeywords.click(WebUiBuiltInKeywords.groovy:619)
	at com.kms.katalon.core.webui.keyword.WebUiBuiltInKeywords$click$3.call(Unknown Source)
	at TC26_PinMessageInPublicChannel.run(TC26_PinMessageInPublicChannel:26)
	at com.kms.katalon.core.main.ScriptEngine.run(ScriptEngine.java:194)
	at com.kms.katalon.core.main.ScriptEngine.runScriptAsRawText(ScriptEngine.java:119)
	at com.kms.katalon.core.main.TestCaseExecutor.runScript(TestCaseExecutor.java:398)
	at com.kms.katalon.core.main.TestCaseExecutor.doExecute(TestCaseExecutor.java:389)
	at com.kms.katalon.core.main.TestCaseExecutor.processExecutionPhase(TestCaseExecutor.java:368)
	at com.kms.katalon.core.main.TestCaseExecutor.accessMainPhase(TestCaseExecutor.java:360)
	at com.kms.katalon.core.main.TestCaseExecutor.execute(TestCaseExecutor.java:255)
	at com.kms.katalon.core.main.TestCaseMain.runTestCase(TestCaseMain.java:114)
	at com.kms.katalon.core.keyword.builtin.CallTestCaseKeyword$_callTestCase_closure1.doCall(CallTestCaseKeyword.groovy:59)
	at com.kms.katalon.core.keyword.builtin.CallTestCaseKeyword$_callTestCase_closure1.call(CallTestCaseKeyword.groovy)
	at com.kms.katalon.core.keyword.internal.KeywordMain.runKeyword(KeywordMain.groovy:68)
	at com.kms.katalon.core.keyword.builtin.CallTestCaseKeyword.callTestCase(CallTestCaseKeyword.groovy:81)
	at com.kms.katalon.core.keyword.builtin.CallTestCaseKeyword.execute(CallTestCaseKeyword.groovy:44)
	at com.kms.katalon.core.keyword.internal.KeywordExecutor.executeKeywordForPlatform(KeywordExecutor.groovy:73)
	at com.kms.katalon.core.keyword.BuiltinKeywords.callTestCase(BuiltinKeywords.groovy:334)
	at TC28_UnpinMessageInPublicChannel.run(TC28_UnpinMessageInPublicChannel:20)
	at com.kms.katalon.core.main.ScriptEngine.run(ScriptEngine.java:194)
	at com.kms.katalon.core.main.ScriptEngine.runScriptAsRawText(ScriptEngine.java:119)
	at com.kms.katalon.core.main.TestCaseExecutor.runScript(TestCaseExecutor.java:398)
	at com.kms.katalon.core.main.TestCaseExecutor.doExecute(TestCaseExecutor.java:389)
	at com.kms.katalon.core.main.TestCaseExecutor.processExecutionPhase(TestCaseExecutor.java:368)
	at com.kms.katalon.core.main.TestCaseExecutor.accessMainPhase(TestCaseExecutor.java:360)
	at com.kms.katalon.core.main.TestCaseExecutor.execute(TestCaseExecutor.java:255)
	at com.kms.katalon.core.main.TestSuiteExecutor.accessTestCaseMainPhase(TestSuiteExecutor.java:203)
	at com.kms.katalon.core.main.TestSuiteExecutor.accessTestSuiteMainPhase(TestSuiteExecutor.java:152)
	at com.kms.katalon.core.main.TestSuiteExecutor.execute(TestSuiteExecutor.java:95)
	at com.kms.katalon.core.main.TestCaseMain.startTestSuite(TestCaseMain.java:157)
	at com.kms.katalon.core.main.TestCaseMain$startTestSuite$0.call(Unknown Source)
	at TempTestSuite1622124825440.run(TempTestSuite1622124825440.groovy:39)
Caused by: com.kms.katalon.core.webui.exception.WebElementNotFoundException: Web element with id: 'Object Repository/1712612_Mattermost Object/Page_Town Square - Test 1712612 Mattermost/button_nghi_tran_CENTER_button_y84p141g8fff_63d7c5' located by '//button[@id='CENTER_button_y84p141g8fffugwo5wnkspdt1o']' not found
	at com.kms.katalon.core.webui.common.WebUiCommonHelper.findWebElement(WebUiCommonHelper.java:1368)
	at com.kms.katalon.core.webui.keyword.internal.WebUIAbstractKeyword.findWebElement(WebUIAbstractKeyword.groovy:27)
	at com.kms.katalon.core.webui.keyword.internal.WebUIAbstractKeyword.findWebElement(WebUIAbstractKeyword.groovy:26)
	at com.kms.katalon.core.webui.keyword.builtin.ClickKeyword$_click_closure1.doCall(ClickKeyword.groovy:66)
	at com.kms.katalon.core.webui.keyword.builtin.ClickKeyword$_click_closure1.call(ClickKeyword.groovy)
	at com.kms.katalon.core.webui.keyword.internal.WebUIKeywordMain.runKeyword(WebUIKeywordMain.groovy:20)
	at com.kms.katalon.core.webui.keyword.builtin.ClickKeyword.click(ClickKeyword.groovy:75)
	at com.kms.katalon.core.webui.keyword.builtin.ClickKeyword.execute(ClickKeyword.groovy:42)
	at com.kms.katalon.core.keyword.internal.KeywordExecutor.executeKeywordForPlatform(KeywordExecutor.groovy:73)
	at com.kms.katalon.core.webui.keyword.WebUiBuiltInKeywords.click(WebUiBuiltInKeywords.groovy:619)
	at com.kms.katalon.core.webui.keyword.WebUiBuiltInKeywords$click$3.call(Unknown Source)
	at Script1621657586209.run(Script1621657586209.groovy:26)
	at com.kms.katalon.core.main.ScriptEngine.run(ScriptEngine.java:194)
	at com.kms.katalon.core.main.ScriptEngine.runScriptAsRawText(ScriptEngine.java:119)
	at com.kms.katalon.core.main.TestCaseExecutor.runScript(TestCaseExecutor.java:398)
	at com.kms.katalon.core.main.TestCaseExecutor.doExecute(TestCaseExecutor.java:389)
	at com.kms.katalon.core.main.TestCaseExecutor.processExecutionPhase(TestCaseExecutor.java:368)
	at com.kms.katalon.core.main.TestCaseExecutor.accessMainPhase(TestCaseExecutor.java:360)
	at com.kms.katalon.core.main.TestCaseExecutor.execute(TestCaseExecutor.java:255)
	at com.kms.katalon.core.main.TestCaseMain.runTestCase(TestCaseMain.java:114)
	at com.kms.katalon.core.keyword.builtin.CallTestCaseKeyword$_callTestCase_closure1.doCall(CallTestCaseKeyword.groovy:59)
	at com.kms.katalon.core.keyword.builtin.CallTestCaseKeyword$_callTestCase_closure1.call(CallTestCaseKeyword.groovy)
	at com.kms.katalon.core.keyword.internal.KeywordMain.runKeyword(KeywordMain.groovy:68)
	at com.kms.katalon.core.keyword.builtin.CallTestCaseKeyword.callTestCase(CallTestCaseKeyword.groovy:81)
	at com.kms.katalon.core.keyword.builtin.CallTestCaseKeyword.execute(CallTestCaseKeyword.groovy:44)
	at com.kms.katalon.core.keyword.internal.KeywordExecutor.executeKeywordForPlatform(KeywordExecutor.groovy:73)
	at com.kms.katalon.core.keyword.BuiltinKeywords.callTestCase(BuiltinKeywords.groovy:334)
	at Script1621659068522.run(Script1621659068522.groovy:20)
	... 13 more
)
[[ATTACHMENT|E:\\Tai lieu hoc\\Nam 7\\HK2\\New Topics\\Homework 2\\New folder\\Mattermost_Autotesting_2\\Mattermost_AutoTesting\\Reports\\20210527_211345\\1412263\\Run_All_Test_Cases\\20210527_211345\\1622125981267.png]]

2021-05-27 21:33:01 - [MESSAGE][FAILED] - Unable to call Test Case 'Test Cases/1712612/TC26_PinMessageInPublicChannel' (Root cause: com.kms.katalon.core.exception.StepFailedException: Call Test Case 'Test Cases/1712612/TC26_PinMessageInPublicChannel' failed
	at com.kms.katalon.core.keyword.builtin.CallTestCaseKeyword$_callTestCase_closure1.doCall(CallTestCaseKeyword.groovy:63)
	at com.kms.katalon.core.keyword.builtin.CallTestCaseKeyword$_callTestCase_closure1.call(CallTestCaseKeyword.groovy)
	at com.kms.katalon.core.keyword.internal.KeywordMain.runKeyword(KeywordMain.groovy:68)
	at com.kms.katalon.core.keyword.builtin.CallTestCaseKeyword.callTestCase(CallTestCaseKeyword.groovy:81)
	at com.kms.katalon.core.keyword.builtin.CallTestCaseKeyword.execute(CallTestCaseKeyword.groovy:44)
	at com.kms.katalon.core.keyword.internal.KeywordExecutor.executeKeywordForPlatform(KeywordExecutor.groovy:73)
	at com.kms.katalon.core.keyword.BuiltinKeywords.callTestCase(BuiltinKeywords.groovy:334)
	at TC28_UnpinMessageInPublicChannel.run(TC28_UnpinMessageInPublicChannel:20)
	at com.kms.katalon.core.main.ScriptEngine.run(ScriptEngine.java:194)
	at com.kms.katalon.core.main.ScriptEngine.runScriptAsRawText(ScriptEngine.java:119)
	at com.kms.katalon.core.main.TestCaseExecutor.runScript(TestCaseExecutor.java:398)
	at com.kms.katalon.core.main.TestCaseExecutor.doExecute(TestCaseExecutor.java:389)
	at com.kms.katalon.core.main.TestCaseExecutor.processExecutionPhase(TestCaseExecutor.java:368)
	at com.kms.katalon.core.main.TestCaseExecutor.accessMainPhase(TestCaseExecutor.java:360)
	at com.kms.katalon.core.main.TestCaseExecutor.execute(TestCaseExecutor.java:255)
	at com.kms.katalon.core.main.TestSuiteExecutor.accessTestCaseMainPhase(TestSuiteExecutor.java:203)
	at com.kms.katalon.core.main.TestSuiteExecutor.accessTestSuiteMainPhase(TestSuiteExecutor.java:152)
	at com.kms.katalon.core.main.TestSuiteExecutor.execute(TestSuiteExecutor.java:95)
	at com.kms.katalon.core.main.TestCaseMain.startTestSuite(TestCaseMain.java:157)
	at com.kms.katalon.core.main.TestCaseMain$startTestSuite$0.call(Unknown Source)
	at TempTestSuite1622124825440.run(TempTestSuite1622124825440.groovy:39)
Caused by: com.kms.katalon.core.exception.StepFailedException: Unable to click on object 'Object Repository/1712612_Mattermost Object/Page_Town Square - Test 1712612 Mattermost/button_nghi_tran_CENTER_button_y84p141g8fff_63d7c5'
	at com.kms.katalon.core.webui.keyword.internal.WebUIKeywordMain.stepFailed(WebUIKeywordMain.groovy:64)
	at com.kms.katalon.core.webui.keyword.internal.WebUIKeywordMain.runKeyword(WebUIKeywordMain.groovy:26)
	at com.kms.katalon.core.webui.keyword.builtin.ClickKeyword.click(ClickKeyword.groovy:75)
	at com.kms.katalon.core.webui.keyword.builtin.ClickKeyword.execute(ClickKeyword.groovy:42)
	at com.kms.katalon.core.keyword.internal.KeywordExecutor.executeKeywordForPlatform(KeywordExecutor.groovy:73)
	at com.kms.katalon.core.webui.keyword.WebUiBuiltInKeywords.click(WebUiBuiltInKeywords.groovy:619)
	at com.kms.katalon.core.webui.keyword.WebUiBuiltInKeywords$click$3.call(Unknown Source)
	at TC26_PinMessageInPublicChannel.run(TC26_PinMessageInPublicChannel:26)
	at com.kms.katalon.core.main.ScriptEngine.run(ScriptEngine.java:194)
	at com.kms.katalon.core.main.ScriptEngine.runScriptAsRawText(ScriptEngine.java:119)
	at com.kms.katalon.core.main.TestCaseExecutor.runScript(TestCaseExecutor.java:398)
	at com.kms.katalon.core.main.TestCaseExecutor.doExecute(TestCaseExecutor.java:389)
	at com.kms.katalon.core.main.TestCaseExecutor.processExecutionPhase(TestCaseExecutor.java:368)
	at com.kms.katalon.core.main.TestCaseExecutor.accessMainPhase(TestCaseExecutor.java:360)
	at com.kms.katalon.core.main.TestCaseExecutor.execute(TestCaseExecutor.java:255)
	at com.kms.katalon.core.main.TestCaseMain.runTestCase(TestCaseMain.java:114)
	at com.kms.katalon.core.keyword.builtin.CallTestCaseKeyword$_callTestCase_closure1.doCall(CallTestCaseKeyword.groovy:59)
	... 20 more
Caused by: com.kms.katalon.core.webui.exception.WebElementNotFoundException: Web element with id: 'Object Repository/1712612_Mattermost Object/Page_Town Square - Test 1712612 Mattermost/button_nghi_tran_CENTER_button_y84p141g8fff_63d7c5' located by '//button[@id='CENTER_button_y84p141g8fffugwo5wnkspdt1o']' not found
	at com.kms.katalon.core.webui.common.WebUiCommonHelper.findWebElement(WebUiCommonHelper.java:1368)
	at com.kms.katalon.core.webui.keyword.internal.WebUIAbstractKeyword.findWebElement(WebUIAbstractKeyword.groovy:27)
	at com.kms.katalon.core.webui.keyword.internal.WebUIAbstractKeyword.findWebElement(WebUIAbstractKeyword.groovy:26)
	at com.kms.katalon.core.webui.keyword.builtin.ClickKeyword$_click_closure1.doCall(ClickKeyword.groovy:66)
	at com.kms.katalon.core.webui.keyword.builtin.ClickKeyword$_click_closure1.call(ClickKeyword.groovy)
	at com.kms.katalon.core.webui.keyword.internal.WebUIKeywordMain.runKeyword(WebUIKeywordMain.groovy:20)
	... 35 more
)]]></system-out>
         <system-err><![CDATA[2021-05-27 21:32:03 - [TEST_CASE][FAILED] - Test Cases/1712612/TC28_UnpinMessageInPublicChannel: Test Cases/1712612/TC28_UnpinMessageInPublicChannel FAILED.
Reason:
com.kms.katalon.core.exception.StepFailedException: Call Test Case 'Test Cases/1712612/TC26_PinMessageInPublicChannel' failed
	at com.kms.katalon.core.keyword.builtin.CallTestCaseKeyword$_callTestCase_closure1.doCall(CallTestCaseKeyword.groovy:63)
	at com.kms.katalon.core.keyword.builtin.CallTestCaseKeyword$_callTestCase_closure1.call(CallTestCaseKeyword.groovy)
	at com.kms.katalon.core.keyword.internal.KeywordMain.runKeyword(KeywordMain.groovy:68)
	at com.kms.katalon.core.keyword.builtin.CallTestCaseKeyword.callTestCase(CallTestCaseKeyword.groovy:81)
	at com.kms.katalon.core.keyword.builtin.CallTestCaseKeyword.execute(CallTestCaseKeyword.groovy:44)
	at com.kms.katalon.core.keyword.internal.KeywordExecutor.executeKeywordForPlatform(KeywordExecutor.groovy:73)
	at com.kms.katalon.core.keyword.BuiltinKeywords.callTestCase(BuiltinKeywords.groovy:334)
	at TC28_UnpinMessageInPublicChannel.run(TC28_UnpinMessageInPublicChannel:20)
	at com.kms.katalon.core.main.ScriptEngine.run(ScriptEngine.java:194)
	at com.kms.katalon.core.main.ScriptEngine.runScriptAsRawText(ScriptEngine.java:119)
	at com.kms.katalon.core.main.TestCaseExecutor.runScript(TestCaseExecutor.java:398)
	at com.kms.katalon.core.main.TestCaseExecutor.doExecute(TestCaseExecutor.java:389)
	at com.kms.katalon.core.main.TestCaseExecutor.processExecutionPhase(TestCaseExecutor.java:368)
	at com.kms.katalon.core.main.TestCaseExecutor.accessMainPhase(TestCaseExecutor.java:360)
	at com.kms.katalon.core.main.TestCaseExecutor.execute(TestCaseExecutor.java:255)
	at com.kms.katalon.core.main.TestSuiteExecutor.accessTestCaseMainPhase(TestSuiteExecutor.java:203)
	at com.kms.katalon.core.main.TestSuiteExecutor.accessTestSuiteMainPhase(TestSuiteExecutor.java:152)
	at com.kms.katalon.core.main.TestSuiteExecutor.execute(TestSuiteExecutor.java:95)
	at com.kms.katalon.core.main.TestCaseMain.startTestSuite(TestCaseMain.java:157)
	at com.kms.katalon.core.main.TestCaseMain$startTestSuite$0.call(Unknown Source)
	at TempTestSuite1622124825440.run(TempTestSuite1622124825440.groovy:39)
Caused by: com.kms.katalon.core.exception.StepFailedException: Unable to click on object 'Object Repository/1712612_Mattermost Object/Page_Town Square - Test 1712612 Mattermost/button_nghi_tran_CENTER_button_y84p141g8fff_63d7c5'
	at com.kms.katalon.core.webui.keyword.internal.WebUIKeywordMain.stepFailed(WebUIKeywordMain.groovy:64)
	at com.kms.katalon.core.webui.keyword.internal.WebUIKeywordMain.runKeyword(WebUIKeywordMain.groovy:26)
	at com.kms.katalon.core.webui.keyword.builtin.ClickKeyword.click(ClickKeyword.groovy:75)
	at com.kms.katalon.core.webui.keyword.builtin.ClickKeyword.execute(ClickKeyword.groovy:42)
	at com.kms.katalon.core.keyword.internal.KeywordExecutor.executeKeywordForPlatform(KeywordExecutor.groovy:73)
	at com.kms.katalon.core.webui.keyword.WebUiBuiltInKeywords.click(WebUiBuiltInKeywords.groovy:619)
	at com.kms.katalon.core.webui.keyword.WebUiBuiltInKeywords$click$3.call(Unknown Source)
	at TC26_PinMessageInPublicChannel.run(TC26_PinMessageInPublicChannel:26)
	at com.kms.katalon.core.main.ScriptEngine.run(ScriptEngine.java:194)
	at com.kms.katalon.core.main.ScriptEngine.runScriptAsRawText(ScriptEngine.java:119)
	at com.kms.katalon.core.main.TestCaseExecutor.runScript(TestCaseExecutor.java:398)
	at com.kms.katalon.core.main.TestCaseExecutor.doExecute(TestCaseExecutor.java:389)
	at com.kms.katalon.core.main.TestCaseExecutor.processExecutionPhase(TestCaseExecutor.java:368)
	at com.kms.katalon.core.main.TestCaseExecutor.accessMainPhase(TestCaseExecutor.java:360)
	at com.kms.katalon.core.main.TestCaseExecutor.execute(TestCaseExecutor.java:255)
	at com.kms.katalon.core.main.TestCaseMain.runTestCase(TestCaseMain.java:114)
	at com.kms.katalon.core.keyword.builtin.CallTestCaseKeyword$_callTestCase_closure1.doCall(CallTestCaseKeyword.groovy:59)
	... 20 more
Caused by: com.kms.katalon.core.webui.exception.WebElementNotFoundException: Web element with id: 'Object Repository/1712612_Mattermost Object/Page_Town Square - Test 1712612 Mattermost/button_nghi_tran_CENTER_button_y84p141g8fff_63d7c5' located by '//button[@id='CENTER_button_y84p141g8fffugwo5wnkspdt1o']' not found
	at com.kms.katalon.core.webui.common.WebUiCommonHelper.findWebElement(WebUiCommonHelper.java:1368)
	at com.kms.katalon.core.webui.keyword.internal.WebUIAbstractKeyword.findWebElement(WebUIAbstractKeyword.groovy:27)
	at com.kms.katalon.core.webui.keyword.internal.WebUIAbstractKeyword.findWebElement(WebUIAbstractKeyword.groovy:26)
	at com.kms.katalon.core.webui.keyword.builtin.ClickKeyword$_click_closure1.doCall(ClickKeyword.groovy:66)
	at com.kms.katalon.core.webui.keyword.builtin.ClickKeyword$_click_closure1.call(ClickKeyword.groovy)
	at com.kms.katalon.core.webui.keyword.internal.WebUIKeywordMain.runKeyword(WebUIKeywordMain.groovy:20)
	... 35 more]]></system-err>
      </testcase>
      <testcase name="Test Cases/1712612/TC29_UnpinMessageInPrivateChannel" time="61.572" classname="Test Cases/1712612/TC29_UnpinMessageInPrivateChannel" status="FAILED">
         <failure type="FAILED" message="Test Cases/1712612/TC29_UnpinMessageInPrivateChannel FAILED.
Reason:
com.kms.katalon.core.exception.StepFailedException: Call Test Case 'Test Cases/1712612/TC27_PinMessageInPrivateChannel' failed
	at com.kms.katalon.core.keyword.builtin.CallTestCaseKeyword$_callTestCase_closure1.doCall(CallTestCaseKeyword.groovy:63)
	at com.kms.katalon.core.keyword.builtin.CallTestCaseKeyword$_callTestCase_closure1.call(CallTestCaseKeyword.groovy)
	at com.kms.katalon.core.keyword.internal.KeywordMain.runKeyword(KeywordMain.groovy:68)
	at com.kms.katalon.core.keyword.builtin.CallTestCaseKeyword.callTestCase(CallTestCaseKeyword.groovy:81)
	at com.kms.katalon.core.keyword.builtin.CallTestCaseKeyword.execute(CallTestCaseKeyword.groovy:44)
	at com.kms.katalon.core.keyword.internal.KeywordExecutor.executeKeywordForPlatform(KeywordExecutor.groovy:73)
	at com.kms.katalon.core.keyword.BuiltinKeywords.callTestCase(BuiltinKeywords.groovy:334)
	at TC29_UnpinMessageInPrivateChannel.run(TC29_UnpinMessageInPrivateChannel:20)
	at com.kms.katalon.core.main.ScriptEngine.run(ScriptEngine.java:194)
	at com.kms.katalon.core.main.ScriptEngine.runScriptAsRawText(ScriptEngine.java:119)
	at com.kms.katalon.core.main.TestCaseExecutor.runScript(TestCaseExecutor.java:398)
	at com.kms.katalon.core.main.TestCaseExecutor.doExecute(TestCaseExecutor.java:389)
	at com.kms.katalon.core.main.TestCaseExecutor.processExecutionPhase(TestCaseExecutor.java:368)
	at com.kms.katalon.core.main.TestCaseExecutor.accessMainPhase(TestCaseExecutor.java:360)
	at com.kms.katalon.core.main.TestCaseExecutor.execute(TestCaseExecutor.java:255)
	at com.kms.katalon.core.main.TestSuiteExecutor.accessTestCaseMainPhase(TestSuiteExecutor.java:203)
	at com.kms.katalon.core.main.TestSuiteExecutor.accessTestSuiteMainPhase(TestSuiteExecutor.java:152)
	at com.kms.katalon.core.main.TestSuiteExecutor.execute(TestSuiteExecutor.java:95)
	at com.kms.katalon.core.main.TestCaseMain.startTestSuite(TestCaseMain.java:157)
	at com.kms.katalon.core.main.TestCaseMain$startTestSuite$0.call(Unknown Source)
	at TempTestSuite1622124825440.run(TempTestSuite1622124825440.groovy:39)
Caused by: com.kms.katalon.core.exception.StepFailedException: Unable to click on object 'Object Repository/1712612_Mattermost Object/Page_test pin message - Test 1712612 Mattermost/button_nghi_tran_CENTER_button_brb8z9fihidf_f663c2'
	at com.kms.katalon.core.webui.keyword.internal.WebUIKeywordMain.stepFailed(WebUIKeywordMain.groovy:64)
	at com.kms.katalon.core.webui.keyword.internal.WebUIKeywordMain.runKeyword(WebUIKeywordMain.groovy:26)
	at com.kms.katalon.core.webui.keyword.builtin.ClickKeyword.click(ClickKeyword.groovy:75)
	at com.kms.katalon.core.webui.keyword.builtin.ClickKeyword.execute(ClickKeyword.groovy:42)
	at com.kms.katalon.core.keyword.internal.KeywordExecutor.executeKeywordForPlatform(KeywordExecutor.groovy:73)
	at com.kms.katalon.core.webui.keyword.WebUiBuiltInKeywords.click(WebUiBuiltInKeywords.groovy:619)
	at com.kms.katalon.core.webui.keyword.WebUiBuiltInKeywords$click$3.call(Unknown Source)
	at TC27_PinMessageInPrivateChannel.run(TC27_PinMessageInPrivateChannel:26)
	at com.kms.katalon.core.main.ScriptEngine.run(ScriptEngine.java:194)
	at com.kms.katalon.core.main.ScriptEngine.runScriptAsRawText(ScriptEngine.java:119)
	at com.kms.katalon.core.main.TestCaseExecutor.runScript(TestCaseExecutor.java:398)
	at com.kms.katalon.core.main.TestCaseExecutor.doExecute(TestCaseExecutor.java:389)
	at com.kms.katalon.core.main.TestCaseExecutor.processExecutionPhase(TestCaseExecutor.java:368)
	at com.kms.katalon.core.main.TestCaseExecutor.accessMainPhase(TestCaseExecutor.java:360)
	at com.kms.katalon.core.main.TestCaseExecutor.execute(TestCaseExecutor.java:255)
	at com.kms.katalon.core.main.TestCaseMain.runTestCase(TestCaseMain.java:114)
	at com.kms.katalon.core.keyword.builtin.CallTestCaseKeyword$_callTestCase_closure1.doCall(CallTestCaseKeyword.groovy:59)
	... 20 more
Caused by: com.kms.katalon.core.webui.exception.WebElementNotFoundException: Web element with id: 'Object Repository/1712612_Mattermost Object/Page_test pin message - Test 1712612 Mattermost/button_nghi_tran_CENTER_button_brb8z9fihidf_f663c2' located by '//button[@id='CENTER_button_brb8z9fihidfmxns5kwing6pqo']' not found
	at com.kms.katalon.core.webui.common.WebUiCommonHelper.findWebElement(WebUiCommonHelper.java:1368)
	at com.kms.katalon.core.webui.keyword.internal.WebUIAbstractKeyword.findWebElement(WebUIAbstractKeyword.groovy:27)
	at com.kms.katalon.core.webui.keyword.internal.WebUIAbstractKeyword.findWebElement(WebUIAbstractKeyword.groovy:26)
	at com.kms.katalon.core.webui.keyword.builtin.ClickKeyword$_click_closure1.doCall(ClickKeyword.groovy:66)
	at com.kms.katalon.core.webui.keyword.builtin.ClickKeyword$_click_closure1.call(ClickKeyword.groovy)
	at com.kms.katalon.core.webui.keyword.internal.WebUIKeywordMain.runKeyword(WebUIKeywordMain.groovy:20)
	... 35 more
"/>
         <system-out><![CDATA[2021-05-27 21:33:01 - [TEST_CASE][FAILED] - Test Cases/1712612/TC29_UnpinMessageInPrivateChannel: Test Cases/1712612/TC29_UnpinMessageInPrivateChannel FAILED.
Reason:
com.kms.katalon.core.exception.StepFailedException: Call Test Case 'Test Cases/1712612/TC27_PinMessageInPrivateChannel' failed
	at com.kms.katalon.core.keyword.builtin.CallTestCaseKeyword$_callTestCase_closure1.doCall(CallTestCaseKeyword.groovy:63)
	at com.kms.katalon.core.keyword.builtin.CallTestCaseKeyword$_callTestCase_closure1.call(CallTestCaseKeyword.groovy)
	at com.kms.katalon.core.keyword.internal.KeywordMain.runKeyword(KeywordMain.groovy:68)
	at com.kms.katalon.core.keyword.builtin.CallTestCaseKeyword.callTestCase(CallTestCaseKeyword.groovy:81)
	at com.kms.katalon.core.keyword.builtin.CallTestCaseKeyword.execute(CallTestCaseKeyword.groovy:44)
	at com.kms.katalon.core.keyword.internal.KeywordExecutor.executeKeywordForPlatform(KeywordExecutor.groovy:73)
	at com.kms.katalon.core.keyword.BuiltinKeywords.callTestCase(BuiltinKeywords.groovy:334)
	at TC29_UnpinMessageInPrivateChannel.run(TC29_UnpinMessageInPrivateChannel:20)
	at com.kms.katalon.core.main.ScriptEngine.run(ScriptEngine.java:194)
	at com.kms.katalon.core.main.ScriptEngine.runScriptAsRawText(ScriptEngine.java:119)
	at com.kms.katalon.core.main.TestCaseExecutor.runScript(TestCaseExecutor.java:398)
	at com.kms.katalon.core.main.TestCaseExecutor.doExecute(TestCaseExecutor.java:389)
	at com.kms.katalon.core.main.TestCaseExecutor.processExecutionPhase(TestCaseExecutor.java:368)
	at com.kms.katalon.core.main.TestCaseExecutor.accessMainPhase(TestCaseExecutor.java:360)
	at com.kms.katalon.core.main.TestCaseExecutor.execute(TestCaseExecutor.java:255)
	at com.kms.katalon.core.main.TestSuiteExecutor.accessTestCaseMainPhase(TestSuiteExecutor.java:203)
	at com.kms.katalon.core.main.TestSuiteExecutor.accessTestSuiteMainPhase(TestSuiteExecutor.java:152)
	at com.kms.katalon.core.main.TestSuiteExecutor.execute(TestSuiteExecutor.java:95)
	at com.kms.katalon.core.main.TestCaseMain.startTestSuite(TestCaseMain.java:157)
	at com.kms.katalon.core.main.TestCaseMain$startTestSuite$0.call(Unknown Source)
	at TempTestSuite1622124825440.run(TempTestSuite1622124825440.groovy:39)
Caused by: com.kms.katalon.core.exception.StepFailedException: Unable to click on object 'Object Repository/1712612_Mattermost Object/Page_test pin message - Test 1712612 Mattermost/button_nghi_tran_CENTER_button_brb8z9fihidf_f663c2'
	at com.kms.katalon.core.webui.keyword.internal.WebUIKeywordMain.stepFailed(WebUIKeywordMain.groovy:64)
	at com.kms.katalon.core.webui.keyword.internal.WebUIKeywordMain.runKeyword(WebUIKeywordMain.groovy:26)
	at com.kms.katalon.core.webui.keyword.builtin.ClickKeyword.click(ClickKeyword.groovy:75)
	at com.kms.katalon.core.webui.keyword.builtin.ClickKeyword.execute(ClickKeyword.groovy:42)
	at com.kms.katalon.core.keyword.internal.KeywordExecutor.executeKeywordForPlatform(KeywordExecutor.groovy:73)
	at com.kms.katalon.core.webui.keyword.WebUiBuiltInKeywords.click(WebUiBuiltInKeywords.groovy:619)
	at com.kms.katalon.core.webui.keyword.WebUiBuiltInKeywords$click$3.call(Unknown Source)
	at TC27_PinMessageInPrivateChannel.run(TC27_PinMessageInPrivateChannel:26)
	at com.kms.katalon.core.main.ScriptEngine.run(ScriptEngine.java:194)
	at com.kms.katalon.core.main.ScriptEngine.runScriptAsRawText(ScriptEngine.java:119)
	at com.kms.katalon.core.main.TestCaseExecutor.runScript(TestCaseExecutor.java:398)
	at com.kms.katalon.core.main.TestCaseExecutor.doExecute(TestCaseExecutor.java:389)
	at com.kms.katalon.core.main.TestCaseExecutor.processExecutionPhase(TestCaseExecutor.java:368)
	at com.kms.katalon.core.main.TestCaseExecutor.accessMainPhase(TestCaseExecutor.java:360)
	at com.kms.katalon.core.main.TestCaseExecutor.execute(TestCaseExecutor.java:255)
	at com.kms.katalon.core.main.TestCaseMain.runTestCase(TestCaseMain.java:114)
	at com.kms.katalon.core.keyword.builtin.CallTestCaseKeyword$_callTestCase_closure1.doCall(CallTestCaseKeyword.groovy:59)
	... 20 more
Caused by: com.kms.katalon.core.webui.exception.WebElementNotFoundException: Web element with id: 'Object Repository/1712612_Mattermost Object/Page_test pin message - Test 1712612 Mattermost/button_nghi_tran_CENTER_button_brb8z9fihidf_f663c2' located by '//button[@id='CENTER_button_brb8z9fihidfmxns5kwing6pqo']' not found
	at com.kms.katalon.core.webui.common.WebUiCommonHelper.findWebElement(WebUiCommonHelper.java:1368)
	at com.kms.katalon.core.webui.keyword.internal.WebUIAbstractKeyword.findWebElement(WebUIAbstractKeyword.groovy:27)
	at com.kms.katalon.core.webui.keyword.internal.WebUIAbstractKeyword.findWebElement(WebUIAbstractKeyword.groovy:26)
	at com.kms.katalon.core.webui.keyword.builtin.ClickKeyword$_click_closure1.doCall(ClickKeyword.groovy:66)
	at com.kms.katalon.core.webui.keyword.builtin.ClickKeyword$_click_closure1.call(ClickKeyword.groovy)
	at com.kms.katalon.core.webui.keyword.internal.WebUIKeywordMain.runKeyword(WebUIKeywordMain.groovy:20)
	... 35 more


2021-05-27 21:33:02 - [TEST_STEP][FAILED] - callTestCase(findTestCase("1712612/TC27_PinMessageInPrivateChannel"), [:], STOP_ON_FAILURE): Unable to call Test Case 'Test Cases/1712612/TC27_PinMessageInPrivateChannel' (Root cause: com.kms.katalon.core.exception.StepFailedException: Call Test Case 'Test Cases/1712612/TC27_PinMessageInPrivateChannel' failed
	at com.kms.katalon.core.keyword.builtin.CallTestCaseKeyword$_callTestCase_closure1.doCall(CallTestCaseKeyword.groovy:63)
	at com.kms.katalon.core.keyword.builtin.CallTestCaseKeyword$_callTestCase_closure1.call(CallTestCaseKeyword.groovy)
	at com.kms.katalon.core.keyword.internal.KeywordMain.runKeyword(KeywordMain.groovy:68)
	at com.kms.katalon.core.keyword.builtin.CallTestCaseKeyword.callTestCase(CallTestCaseKeyword.groovy:81)
	at com.kms.katalon.core.keyword.builtin.CallTestCaseKeyword.execute(CallTestCaseKeyword.groovy:44)
	at com.kms.katalon.core.keyword.internal.KeywordExecutor.executeKeywordForPlatform(KeywordExecutor.groovy:73)
	at com.kms.katalon.core.keyword.BuiltinKeywords.callTestCase(BuiltinKeywords.groovy:334)
	at TC29_UnpinMessageInPrivateChannel.run(TC29_UnpinMessageInPrivateChannel:20)
	at com.kms.katalon.core.main.ScriptEngine.run(ScriptEngine.java:194)
	at com.kms.katalon.core.main.ScriptEngine.runScriptAsRawText(ScriptEngine.java:119)
	at com.kms.katalon.core.main.TestCaseExecutor.runScript(TestCaseExecutor.java:398)
	at com.kms.katalon.core.main.TestCaseExecutor.doExecute(TestCaseExecutor.java:389)
	at com.kms.katalon.core.main.TestCaseExecutor.processExecutionPhase(TestCaseExecutor.java:368)
	at com.kms.katalon.core.main.TestCaseExecutor.accessMainPhase(TestCaseExecutor.java:360)
	at com.kms.katalon.core.main.TestCaseExecutor.execute(TestCaseExecutor.java:255)
	at com.kms.katalon.core.main.TestSuiteExecutor.accessTestCaseMainPhase(TestSuiteExecutor.java:203)
	at com.kms.katalon.core.main.TestSuiteExecutor.accessTestSuiteMainPhase(TestSuiteExecutor.java:152)
	at com.kms.katalon.core.main.TestSuiteExecutor.execute(TestSuiteExecutor.java:95)
	at com.kms.katalon.core.main.TestCaseMain.startTestSuite(TestCaseMain.java:157)
	at com.kms.katalon.core.main.TestCaseMain$startTestSuite$0.call(Unknown Source)
	at TempTestSuite1622124825440.run(TempTestSuite1622124825440.groovy:39)
Caused by: com.kms.katalon.core.exception.StepFailedException: Unable to click on object 'Object Repository/1712612_Mattermost Object/Page_test pin message - Test 1712612 Mattermost/button_nghi_tran_CENTER_button_brb8z9fihidf_f663c2'
	at com.kms.katalon.core.webui.keyword.internal.WebUIKeywordMain.stepFailed(WebUIKeywordMain.groovy:64)
	at com.kms.katalon.core.webui.keyword.internal.WebUIKeywordMain.runKeyword(WebUIKeywordMain.groovy:26)
	at com.kms.katalon.core.webui.keyword.builtin.ClickKeyword.click(ClickKeyword.groovy:75)
	at com.kms.katalon.core.webui.keyword.builtin.ClickKeyword.execute(ClickKeyword.groovy:42)
	at com.kms.katalon.core.keyword.internal.KeywordExecutor.executeKeywordForPlatform(KeywordExecutor.groovy:73)
	at com.kms.katalon.core.webui.keyword.WebUiBuiltInKeywords.click(WebUiBuiltInKeywords.groovy:619)
	at com.kms.katalon.core.webui.keyword.WebUiBuiltInKeywords$click$3.call(Unknown Source)
	at TC27_PinMessageInPrivateChannel.run(TC27_PinMessageInPrivateChannel:26)
	at com.kms.katalon.core.main.ScriptEngine.run(ScriptEngine.java:194)
	at com.kms.katalon.core.main.ScriptEngine.runScriptAsRawText(ScriptEngine.java:119)
	at com.kms.katalon.core.main.TestCaseExecutor.runScript(TestCaseExecutor.java:398)
	at com.kms.katalon.core.main.TestCaseExecutor.doExecute(TestCaseExecutor.java:389)
	at com.kms.katalon.core.main.TestCaseExecutor.processExecutionPhase(TestCaseExecutor.java:368)
	at com.kms.katalon.core.main.TestCaseExecutor.accessMainPhase(TestCaseExecutor.java:360)
	at com.kms.katalon.core.main.TestCaseExecutor.execute(TestCaseExecutor.java:255)
	at com.kms.katalon.core.main.TestCaseMain.runTestCase(TestCaseMain.java:114)
	at com.kms.katalon.core.keyword.builtin.CallTestCaseKeyword$_callTestCase_closure1.doCall(CallTestCaseKeyword.groovy:59)
	... 20 more
Caused by: com.kms.katalon.core.webui.exception.WebElementNotFoundException: Web element with id: 'Object Repository/1712612_Mattermost Object/Page_test pin message - Test 1712612 Mattermost/button_nghi_tran_CENTER_button_brb8z9fihidf_f663c2' located by '//button[@id='CENTER_button_brb8z9fihidfmxns5kwing6pqo']' not found
	at com.kms.katalon.core.webui.common.WebUiCommonHelper.findWebElement(WebUiCommonHelper.java:1368)
	at com.kms.katalon.core.webui.keyword.internal.WebUIAbstractKeyword.findWebElement(WebUIAbstractKeyword.groovy:27)
	at com.kms.katalon.core.webui.keyword.internal.WebUIAbstractKeyword.findWebElement(WebUIAbstractKeyword.groovy:26)
	at com.kms.katalon.core.webui.keyword.builtin.ClickKeyword$_click_closure1.doCall(ClickKeyword.groovy:66)
	at com.kms.katalon.core.webui.keyword.builtin.ClickKeyword$_click_closure1.call(ClickKeyword.groovy)
	at com.kms.katalon.core.webui.keyword.internal.WebUIKeywordMain.runKeyword(WebUIKeywordMain.groovy:20)
	... 35 more
)

2021-05-27 21:33:02 - [TEST_CASE][FAILED] - Test Cases/1712612/TC27_PinMessageInPrivateChannel: Test Cases/1712612/TC27_PinMessageInPrivateChannel FAILED.
Reason:
com.kms.katalon.core.exception.StepFailedException: Unable to click on object 'Object Repository/1712612_Mattermost Object/Page_test pin message - Test 1712612 Mattermost/button_nghi_tran_CENTER_button_brb8z9fihidf_f663c2'
	at com.kms.katalon.core.webui.keyword.internal.WebUIKeywordMain.stepFailed(WebUIKeywordMain.groovy:64)
	at com.kms.katalon.core.webui.keyword.internal.WebUIKeywordMain.runKeyword(WebUIKeywordMain.groovy:26)
	at com.kms.katalon.core.webui.keyword.builtin.ClickKeyword.click(ClickKeyword.groovy:75)
	at com.kms.katalon.core.webui.keyword.builtin.ClickKeyword.execute(ClickKeyword.groovy:42)
	at com.kms.katalon.core.keyword.internal.KeywordExecutor.executeKeywordForPlatform(KeywordExecutor.groovy:73)
	at com.kms.katalon.core.webui.keyword.WebUiBuiltInKeywords.click(WebUiBuiltInKeywords.groovy:619)
	at com.kms.katalon.core.webui.keyword.WebUiBuiltInKeywords$click$3.call(Unknown Source)
	at TC27_PinMessageInPrivateChannel.run(TC27_PinMessageInPrivateChannel:26)
	at com.kms.katalon.core.main.ScriptEngine.run(ScriptEngine.java:194)
	at com.kms.katalon.core.main.ScriptEngine.runScriptAsRawText(ScriptEngine.java:119)
	at com.kms.katalon.core.main.TestCaseExecutor.runScript(TestCaseExecutor.java:398)
	at com.kms.katalon.core.main.TestCaseExecutor.doExecute(TestCaseExecutor.java:389)
	at com.kms.katalon.core.main.TestCaseExecutor.processExecutionPhase(TestCaseExecutor.java:368)
	at com.kms.katalon.core.main.TestCaseExecutor.accessMainPhase(TestCaseExecutor.java:360)
	at com.kms.katalon.core.main.TestCaseExecutor.execute(TestCaseExecutor.java:255)
	at com.kms.katalon.core.main.TestCaseMain.runTestCase(TestCaseMain.java:114)
	at com.kms.katalon.core.keyword.builtin.CallTestCaseKeyword$_callTestCase_closure1.doCall(CallTestCaseKeyword.groovy:59)
	at com.kms.katalon.core.keyword.builtin.CallTestCaseKeyword$_callTestCase_closure1.call(CallTestCaseKeyword.groovy)
	at com.kms.katalon.core.keyword.internal.KeywordMain.runKeyword(KeywordMain.groovy:68)
	at com.kms.katalon.core.keyword.builtin.CallTestCaseKeyword.callTestCase(CallTestCaseKeyword.groovy:81)
	at com.kms.katalon.core.keyword.builtin.CallTestCaseKeyword.execute(CallTestCaseKeyword.groovy:44)
	at com.kms.katalon.core.keyword.internal.KeywordExecutor.executeKeywordForPlatform(KeywordExecutor.groovy:73)
	at com.kms.katalon.core.keyword.BuiltinKeywords.callTestCase(BuiltinKeywords.groovy:334)
	at TC29_UnpinMessageInPrivateChannel.run(TC29_UnpinMessageInPrivateChannel:20)
	at com.kms.katalon.core.main.ScriptEngine.run(ScriptEngine.java:194)
	at com.kms.katalon.core.main.ScriptEngine.runScriptAsRawText(ScriptEngine.java:119)
	at com.kms.katalon.core.main.TestCaseExecutor.runScript(TestCaseExecutor.java:398)
	at com.kms.katalon.core.main.TestCaseExecutor.doExecute(TestCaseExecutor.java:389)
	at com.kms.katalon.core.main.TestCaseExecutor.processExecutionPhase(TestCaseExecutor.java:368)
	at com.kms.katalon.core.main.TestCaseExecutor.accessMainPhase(TestCaseExecutor.java:360)
	at com.kms.katalon.core.main.TestCaseExecutor.execute(TestCaseExecutor.java:255)
	at com.kms.katalon.core.main.TestSuiteExecutor.accessTestCaseMainPhase(TestSuiteExecutor.java:203)
	at com.kms.katalon.core.main.TestSuiteExecutor.accessTestSuiteMainPhase(TestSuiteExecutor.java:152)
	at com.kms.katalon.core.main.TestSuiteExecutor.execute(TestSuiteExecutor.java:95)
	at com.kms.katalon.core.main.TestCaseMain.startTestSuite(TestCaseMain.java:157)
	at com.kms.katalon.core.main.TestCaseMain$startTestSuite$0.call(Unknown Source)
	at TempTestSuite1622124825440.run(TempTestSuite1622124825440.groovy:39)
Caused by: com.kms.katalon.core.webui.exception.WebElementNotFoundException: Web element with id: 'Object Repository/1712612_Mattermost Object/Page_test pin message - Test 1712612 Mattermost/button_nghi_tran_CENTER_button_brb8z9fihidf_f663c2' located by '//button[@id='CENTER_button_brb8z9fihidfmxns5kwing6pqo']' not found
	at com.kms.katalon.core.webui.common.WebUiCommonHelper.findWebElement(WebUiCommonHelper.java:1368)
	at com.kms.katalon.core.webui.keyword.internal.WebUIAbstractKeyword.findWebElement(WebUIAbstractKeyword.groovy:27)
	at com.kms.katalon.core.webui.keyword.internal.WebUIAbstractKeyword.findWebElement(WebUIAbstractKeyword.groovy:26)
	at com.kms.katalon.core.webui.keyword.builtin.ClickKeyword$_click_closure1.doCall(ClickKeyword.groovy:66)
	at com.kms.katalon.core.webui.keyword.builtin.ClickKeyword$_click_closure1.call(ClickKeyword.groovy)
	at com.kms.katalon.core.webui.keyword.internal.WebUIKeywordMain.runKeyword(WebUIKeywordMain.groovy:20)
	... 35 more


2021-05-27 21:33:02 - [TEST_STEP][PASSED] - callTestCase(findTestCase("1712612/CommonTC/TC_OpenPage"), [:], STOP_ON_FAILURE): Call Test Case 'Test Cases/1712612/CommonTC/TC_OpenPage' successfully

2021-05-27 21:33:02 - [TEST_CASE][PASSED] - Test Cases/1712612/CommonTC/TC_OpenPage: Test Cases/1712612/CommonTC/TC_OpenPage

2021-05-27 21:33:02 - [TEST_STEP][PASSED] - openBrowser(""): Browser is opened with url: ''

2021-05-27 21:33:03 - [MESSAGE][WARNING] - A browser is already opened. Closing browser and opening a new one

2021-05-27 21:33:08 - [MESSAGE][INFO] - Starting 'Chrome' driver

2021-05-27 21:33:08 - [MESSAGE][INFO] - Action delay is set to 0 milliseconds

2021-05-27 21:33:11 - [MESSAGE][PASSED] - Browser is opened with url: ''

2021-05-27 21:33:11 - [TEST_STEP][PASSED] - navigateToUrl("https://mattermostwebapp.herokuapp.com/login"): Navigate to 'https://mattermostwebapp.herokuapp.com/login' successfully

2021-05-27 21:33:16 - [MESSAGE][PASSED] - Navigate to 'https://mattermostwebapp.herokuapp.com/login' successfully

2021-05-27 21:33:16 - [MESSAGE][PASSED] - Call Test Case 'Test Cases/1712612/CommonTC/TC_OpenPage' successfully

2021-05-27 21:33:16 - [TEST_STEP][PASSED] - callTestCase(findTestCase("1712612/CommonTC/TC_Login"), [:], STOP_ON_FAILURE): Call Test Case 'Test Cases/1712612/CommonTC/TC_Login' successfully

2021-05-27 21:33:16 - [TEST_CASE][PASSED] - Test Cases/1712612/CommonTC/TC_Login: Test Cases/1712612/CommonTC/TC_Login

2021-05-27 21:33:16 - [TEST_STEP][PASSED] - verifyElementVisible(findTestObject("Object Repository/1712612_Mattermost Object/Page_Mattermost/input_login_username"), STOP_ON_FAILURE): Object 'Object Repository/1712612_Mattermost Object/Page_Mattermost/input_login_username' is visible

2021-05-27 21:33:22 - [MESSAGE][PASSED] - Object 'Object Repository/1712612_Mattermost Object/Page_Mattermost/input_login_username' is visible

2021-05-27 21:33:22 - [TEST_STEP][PASSED] - verifyElementVisible(findTestObject("Object Repository/1712612_Mattermost Object/Page_Mattermost/input_login_password"), STOP_ON_FAILURE): Object 'Object Repository/1712612_Mattermost Object/Page_Mattermost/input_login_password' is visible

2021-05-27 21:33:22 - [MESSAGE][PASSED] - Object 'Object Repository/1712612_Mattermost Object/Page_Mattermost/input_login_password' is visible

2021-05-27 21:33:22 - [TEST_STEP][PASSED] - setText(findTestObject("Object Repository/1712612_Mattermost Object/Page_Mattermost/input_login_username"), "nghi_tran"): Text 'nghi_tran' is set on object 'Object Repository/1712612_Mattermost Object/Page_Mattermost/input_login_username'

2021-05-27 21:33:23 - [MESSAGE][PASSED] - Text 'nghi_tran' is set on object 'Object Repository/1712612_Mattermost Object/Page_Mattermost/input_login_username'

2021-05-27 21:33:23 - [TEST_STEP][PASSED] - setEncryptedText(findTestObject("Object Repository/1712612_Mattermost Object/Page_Mattermost/input_login_password"), "KBlHou+hFmnFUOUwxwboiw=="): Text ****** has been set on object 'Object Repository/1712612_Mattermost Object/Page_Mattermost/input_login_password'

2021-05-27 21:33:24 - [MESSAGE][PASSED] - Text ****** has been set on object 'Object Repository/1712612_Mattermost Object/Page_Mattermost/input_login_password'

2021-05-27 21:33:24 - [TEST_STEP][PASSED] - click(findTestObject("Object Repository/1712612_Mattermost Object/Page_Mattermost/button_Sign in")): Object: 'Object Repository/1712612_Mattermost Object/Page_Mattermost/button_Sign in' is clicked on

2021-05-27 21:33:25 - [MESSAGE][PASSED] - Object: 'Object Repository/1712612_Mattermost Object/Page_Mattermost/button_Sign in' is clicked on

2021-05-27 21:33:25 - [TEST_STEP][PASSED] - verifyElementVisible(findTestObject("Object Repository/1712612_Mattermost Object/Page_Town Square - another Mattermost/img__Avatar Avatar-lg"), STOP_ON_FAILURE): Object 'Object Repository/1712612_Mattermost Object/Page_Town Square - another Mattermost/img__Avatar Avatar-lg' is visible

2021-05-27 21:33:30 - [MESSAGE][PASSED] - Object 'Object Repository/1712612_Mattermost Object/Page_Town Square - another Mattermost/img__Avatar Avatar-lg' is visible

2021-05-27 21:33:30 - [MESSAGE][PASSED] - Call Test Case 'Test Cases/1712612/CommonTC/TC_Login' successfully

2021-05-27 21:33:30 - [TEST_STEP][PASSED] - navigateToUrl("https://mattermostwebapp.herokuapp.com/test-1712612/channels/test-pin-message"): Navigate to 'https://mattermostwebapp.herokuapp.com/test-1712612/channels/test-pin-message' successfully

2021-05-27 21:33:31 - [MESSAGE][PASSED] - Navigate to 'https://mattermostwebapp.herokuapp.com/test-1712612/channels/test-pin-message' successfully

2021-05-27 21:33:31 - [TEST_STEP][FAILED] - click(findTestObject("Object Repository/1712612_Mattermost Object/Page_test pin message - Test 1712612 Mattermost/button_nghi_tran_CENTER_button_brb8z9fihidf_f663c2")): Unable to click on object 'Object Repository/1712612_Mattermost Object/Page_test pin message - Test 1712612 Mattermost/button_nghi_tran_CENTER_button_brb8z9fihidf_f663c2' (Root cause: com.kms.katalon.core.exception.StepFailedException: Unable to click on object 'Object Repository/1712612_Mattermost Object/Page_test pin message - Test 1712612 Mattermost/button_nghi_tran_CENTER_button_brb8z9fihidf_f663c2'
	at com.kms.katalon.core.webui.keyword.internal.WebUIKeywordMain.stepFailed(WebUIKeywordMain.groovy:64)
	at com.kms.katalon.core.webui.keyword.internal.WebUIKeywordMain.runKeyword(WebUIKeywordMain.groovy:26)
	at com.kms.katalon.core.webui.keyword.builtin.ClickKeyword.click(ClickKeyword.groovy:75)
	at com.kms.katalon.core.webui.keyword.builtin.ClickKeyword.execute(ClickKeyword.groovy:42)
	at com.kms.katalon.core.keyword.internal.KeywordExecutor.executeKeywordForPlatform(KeywordExecutor.groovy:73)
	at com.kms.katalon.core.webui.keyword.WebUiBuiltInKeywords.click(WebUiBuiltInKeywords.groovy:619)
	at com.kms.katalon.core.webui.keyword.WebUiBuiltInKeywords$click$3.call(Unknown Source)
	at TC27_PinMessageInPrivateChannel.run(TC27_PinMessageInPrivateChannel:26)
	at com.kms.katalon.core.main.ScriptEngine.run(ScriptEngine.java:194)
	at com.kms.katalon.core.main.ScriptEngine.runScriptAsRawText(ScriptEngine.java:119)
	at com.kms.katalon.core.main.TestCaseExecutor.runScript(TestCaseExecutor.java:398)
	at com.kms.katalon.core.main.TestCaseExecutor.doExecute(TestCaseExecutor.java:389)
	at com.kms.katalon.core.main.TestCaseExecutor.processExecutionPhase(TestCaseExecutor.java:368)
	at com.kms.katalon.core.main.TestCaseExecutor.accessMainPhase(TestCaseExecutor.java:360)
	at com.kms.katalon.core.main.TestCaseExecutor.execute(TestCaseExecutor.java:255)
	at com.kms.katalon.core.main.TestCaseMain.runTestCase(TestCaseMain.java:114)
	at com.kms.katalon.core.keyword.builtin.CallTestCaseKeyword$_callTestCase_closure1.doCall(CallTestCaseKeyword.groovy:59)
	at com.kms.katalon.core.keyword.builtin.CallTestCaseKeyword$_callTestCase_closure1.call(CallTestCaseKeyword.groovy)
	at com.kms.katalon.core.keyword.internal.KeywordMain.runKeyword(KeywordMain.groovy:68)
	at com.kms.katalon.core.keyword.builtin.CallTestCaseKeyword.callTestCase(CallTestCaseKeyword.groovy:81)
	at com.kms.katalon.core.keyword.builtin.CallTestCaseKeyword.execute(CallTestCaseKeyword.groovy:44)
	at com.kms.katalon.core.keyword.internal.KeywordExecutor.executeKeywordForPlatform(KeywordExecutor.groovy:73)
	at com.kms.katalon.core.keyword.BuiltinKeywords.callTestCase(BuiltinKeywords.groovy:334)
	at TC29_UnpinMessageInPrivateChannel.run(TC29_UnpinMessageInPrivateChannel:20)
	at com.kms.katalon.core.main.ScriptEngine.run(ScriptEngine.java:194)
	at com.kms.katalon.core.main.ScriptEngine.runScriptAsRawText(ScriptEngine.java:119)
	at com.kms.katalon.core.main.TestCaseExecutor.runScript(TestCaseExecutor.java:398)
	at com.kms.katalon.core.main.TestCaseExecutor.doExecute(TestCaseExecutor.java:389)
	at com.kms.katalon.core.main.TestCaseExecutor.processExecutionPhase(TestCaseExecutor.java:368)
	at com.kms.katalon.core.main.TestCaseExecutor.accessMainPhase(TestCaseExecutor.java:360)
	at com.kms.katalon.core.main.TestCaseExecutor.execute(TestCaseExecutor.java:255)
	at com.kms.katalon.core.main.TestSuiteExecutor.accessTestCaseMainPhase(TestSuiteExecutor.java:203)
	at com.kms.katalon.core.main.TestSuiteExecutor.accessTestSuiteMainPhase(TestSuiteExecutor.java:152)
	at com.kms.katalon.core.main.TestSuiteExecutor.execute(TestSuiteExecutor.java:95)
	at com.kms.katalon.core.main.TestCaseMain.startTestSuite(TestCaseMain.java:157)
	at com.kms.katalon.core.main.TestCaseMain$startTestSuite$0.call(Unknown Source)
	at TempTestSuite1622124825440.run(TempTestSuite1622124825440.groovy:39)
Caused by: com.kms.katalon.core.webui.exception.WebElementNotFoundException: Web element with id: 'Object Repository/1712612_Mattermost Object/Page_test pin message - Test 1712612 Mattermost/button_nghi_tran_CENTER_button_brb8z9fihidf_f663c2' located by '//button[@id='CENTER_button_brb8z9fihidfmxns5kwing6pqo']' not found
	at com.kms.katalon.core.webui.common.WebUiCommonHelper.findWebElement(WebUiCommonHelper.java:1368)
	at com.kms.katalon.core.webui.keyword.internal.WebUIAbstractKeyword.findWebElement(WebUIAbstractKeyword.groovy:27)
	at com.kms.katalon.core.webui.keyword.internal.WebUIAbstractKeyword.findWebElement(WebUIAbstractKeyword.groovy:26)
	at com.kms.katalon.core.webui.keyword.builtin.ClickKeyword$_click_closure1.doCall(ClickKeyword.groovy:66)
	at com.kms.katalon.core.webui.keyword.builtin.ClickKeyword$_click_closure1.call(ClickKeyword.groovy)
	at com.kms.katalon.core.webui.keyword.internal.WebUIKeywordMain.runKeyword(WebUIKeywordMain.groovy:20)
	at com.kms.katalon.core.webui.keyword.builtin.ClickKeyword.click(ClickKeyword.groovy:75)
	at com.kms.katalon.core.webui.keyword.builtin.ClickKeyword.execute(ClickKeyword.groovy:42)
	at com.kms.katalon.core.keyword.internal.KeywordExecutor.executeKeywordForPlatform(KeywordExecutor.groovy:73)
	at com.kms.katalon.core.webui.keyword.WebUiBuiltInKeywords.click(WebUiBuiltInKeywords.groovy:619)
	at com.kms.katalon.core.webui.keyword.WebUiBuiltInKeywords$click$3.call(Unknown Source)
	at Script1621658865761.run(Script1621658865761.groovy:26)
	at com.kms.katalon.core.main.ScriptEngine.run(ScriptEngine.java:194)
	at com.kms.katalon.core.main.ScriptEngine.runScriptAsRawText(ScriptEngine.java:119)
	at com.kms.katalon.core.main.TestCaseExecutor.runScript(TestCaseExecutor.java:398)
	at com.kms.katalon.core.main.TestCaseExecutor.doExecute(TestCaseExecutor.java:389)
	at com.kms.katalon.core.main.TestCaseExecutor.processExecutionPhase(TestCaseExecutor.java:368)
	at com.kms.katalon.core.main.TestCaseExecutor.accessMainPhase(TestCaseExecutor.java:360)
	at com.kms.katalon.core.main.TestCaseExecutor.execute(TestCaseExecutor.java:255)
	at com.kms.katalon.core.main.TestCaseMain.runTestCase(TestCaseMain.java:114)
	at com.kms.katalon.core.keyword.builtin.CallTestCaseKeyword$_callTestCase_closure1.doCall(CallTestCaseKeyword.groovy:59)
	at com.kms.katalon.core.keyword.builtin.CallTestCaseKeyword$_callTestCase_closure1.call(CallTestCaseKeyword.groovy)
	at com.kms.katalon.core.keyword.internal.KeywordMain.runKeyword(KeywordMain.groovy:68)
	at com.kms.katalon.core.keyword.builtin.CallTestCaseKeyword.callTestCase(CallTestCaseKeyword.groovy:81)
	at com.kms.katalon.core.keyword.builtin.CallTestCaseKeyword.execute(CallTestCaseKeyword.groovy:44)
	at com.kms.katalon.core.keyword.internal.KeywordExecutor.executeKeywordForPlatform(KeywordExecutor.groovy:73)
	at com.kms.katalon.core.keyword.BuiltinKeywords.callTestCase(BuiltinKeywords.groovy:334)
	at Script1621659722693.run(Script1621659722693.groovy:20)
	... 13 more
)

2021-05-27 21:34:02 - [MESSAGE][INFO] - Unable to find the element located by 'By.xpath: //button[@id='CENTER_button_brb8z9fihidfmxns5kwing6pqo']'. Please recheck the objects properties to make sure the desired element is located. 

2021-05-27 21:34:03 - [MESSAGE][FAILED] - Unable to click on object 'Object Repository/1712612_Mattermost Object/Page_test pin message - Test 1712612 Mattermost/button_nghi_tran_CENTER_button_brb8z9fihidf_f663c2' (Root cause: com.kms.katalon.core.exception.StepFailedException: Unable to click on object 'Object Repository/1712612_Mattermost Object/Page_test pin message - Test 1712612 Mattermost/button_nghi_tran_CENTER_button_brb8z9fihidf_f663c2'
	at com.kms.katalon.core.webui.keyword.internal.WebUIKeywordMain.stepFailed(WebUIKeywordMain.groovy:64)
	at com.kms.katalon.core.webui.keyword.internal.WebUIKeywordMain.runKeyword(WebUIKeywordMain.groovy:26)
	at com.kms.katalon.core.webui.keyword.builtin.ClickKeyword.click(ClickKeyword.groovy:75)
	at com.kms.katalon.core.webui.keyword.builtin.ClickKeyword.execute(ClickKeyword.groovy:42)
	at com.kms.katalon.core.keyword.internal.KeywordExecutor.executeKeywordForPlatform(KeywordExecutor.groovy:73)
	at com.kms.katalon.core.webui.keyword.WebUiBuiltInKeywords.click(WebUiBuiltInKeywords.groovy:619)
	at com.kms.katalon.core.webui.keyword.WebUiBuiltInKeywords$click$3.call(Unknown Source)
	at TC27_PinMessageInPrivateChannel.run(TC27_PinMessageInPrivateChannel:26)
	at com.kms.katalon.core.main.ScriptEngine.run(ScriptEngine.java:194)
	at com.kms.katalon.core.main.ScriptEngine.runScriptAsRawText(ScriptEngine.java:119)
	at com.kms.katalon.core.main.TestCaseExecutor.runScript(TestCaseExecutor.java:398)
	at com.kms.katalon.core.main.TestCaseExecutor.doExecute(TestCaseExecutor.java:389)
	at com.kms.katalon.core.main.TestCaseExecutor.processExecutionPhase(TestCaseExecutor.java:368)
	at com.kms.katalon.core.main.TestCaseExecutor.accessMainPhase(TestCaseExecutor.java:360)
	at com.kms.katalon.core.main.TestCaseExecutor.execute(TestCaseExecutor.java:255)
	at com.kms.katalon.core.main.TestCaseMain.runTestCase(TestCaseMain.java:114)
	at com.kms.katalon.core.keyword.builtin.CallTestCaseKeyword$_callTestCase_closure1.doCall(CallTestCaseKeyword.groovy:59)
	at com.kms.katalon.core.keyword.builtin.CallTestCaseKeyword$_callTestCase_closure1.call(CallTestCaseKeyword.groovy)
	at com.kms.katalon.core.keyword.internal.KeywordMain.runKeyword(KeywordMain.groovy:68)
	at com.kms.katalon.core.keyword.builtin.CallTestCaseKeyword.callTestCase(CallTestCaseKeyword.groovy:81)
	at com.kms.katalon.core.keyword.builtin.CallTestCaseKeyword.execute(CallTestCaseKeyword.groovy:44)
	at com.kms.katalon.core.keyword.internal.KeywordExecutor.executeKeywordForPlatform(KeywordExecutor.groovy:73)
	at com.kms.katalon.core.keyword.BuiltinKeywords.callTestCase(BuiltinKeywords.groovy:334)
	at TC29_UnpinMessageInPrivateChannel.run(TC29_UnpinMessageInPrivateChannel:20)
	at com.kms.katalon.core.main.ScriptEngine.run(ScriptEngine.java:194)
	at com.kms.katalon.core.main.ScriptEngine.runScriptAsRawText(ScriptEngine.java:119)
	at com.kms.katalon.core.main.TestCaseExecutor.runScript(TestCaseExecutor.java:398)
	at com.kms.katalon.core.main.TestCaseExecutor.doExecute(TestCaseExecutor.java:389)
	at com.kms.katalon.core.main.TestCaseExecutor.processExecutionPhase(TestCaseExecutor.java:368)
	at com.kms.katalon.core.main.TestCaseExecutor.accessMainPhase(TestCaseExecutor.java:360)
	at com.kms.katalon.core.main.TestCaseExecutor.execute(TestCaseExecutor.java:255)
	at com.kms.katalon.core.main.TestSuiteExecutor.accessTestCaseMainPhase(TestSuiteExecutor.java:203)
	at com.kms.katalon.core.main.TestSuiteExecutor.accessTestSuiteMainPhase(TestSuiteExecutor.java:152)
	at com.kms.katalon.core.main.TestSuiteExecutor.execute(TestSuiteExecutor.java:95)
	at com.kms.katalon.core.main.TestCaseMain.startTestSuite(TestCaseMain.java:157)
	at com.kms.katalon.core.main.TestCaseMain$startTestSuite$0.call(Unknown Source)
	at TempTestSuite1622124825440.run(TempTestSuite1622124825440.groovy:39)
Caused by: com.kms.katalon.core.webui.exception.WebElementNotFoundException: Web element with id: 'Object Repository/1712612_Mattermost Object/Page_test pin message - Test 1712612 Mattermost/button_nghi_tran_CENTER_button_brb8z9fihidf_f663c2' located by '//button[@id='CENTER_button_brb8z9fihidfmxns5kwing6pqo']' not found
	at com.kms.katalon.core.webui.common.WebUiCommonHelper.findWebElement(WebUiCommonHelper.java:1368)
	at com.kms.katalon.core.webui.keyword.internal.WebUIAbstractKeyword.findWebElement(WebUIAbstractKeyword.groovy:27)
	at com.kms.katalon.core.webui.keyword.internal.WebUIAbstractKeyword.findWebElement(WebUIAbstractKeyword.groovy:26)
	at com.kms.katalon.core.webui.keyword.builtin.ClickKeyword$_click_closure1.doCall(ClickKeyword.groovy:66)
	at com.kms.katalon.core.webui.keyword.builtin.ClickKeyword$_click_closure1.call(ClickKeyword.groovy)
	at com.kms.katalon.core.webui.keyword.internal.WebUIKeywordMain.runKeyword(WebUIKeywordMain.groovy:20)
	at com.kms.katalon.core.webui.keyword.builtin.ClickKeyword.click(ClickKeyword.groovy:75)
	at com.kms.katalon.core.webui.keyword.builtin.ClickKeyword.execute(ClickKeyword.groovy:42)
	at com.kms.katalon.core.keyword.internal.KeywordExecutor.executeKeywordForPlatform(KeywordExecutor.groovy:73)
	at com.kms.katalon.core.webui.keyword.WebUiBuiltInKeywords.click(WebUiBuiltInKeywords.groovy:619)
	at com.kms.katalon.core.webui.keyword.WebUiBuiltInKeywords$click$3.call(Unknown Source)
	at Script1621658865761.run(Script1621658865761.groovy:26)
	at com.kms.katalon.core.main.ScriptEngine.run(ScriptEngine.java:194)
	at com.kms.katalon.core.main.ScriptEngine.runScriptAsRawText(ScriptEngine.java:119)
	at com.kms.katalon.core.main.TestCaseExecutor.runScript(TestCaseExecutor.java:398)
	at com.kms.katalon.core.main.TestCaseExecutor.doExecute(TestCaseExecutor.java:389)
	at com.kms.katalon.core.main.TestCaseExecutor.processExecutionPhase(TestCaseExecutor.java:368)
	at com.kms.katalon.core.main.TestCaseExecutor.accessMainPhase(TestCaseExecutor.java:360)
	at com.kms.katalon.core.main.TestCaseExecutor.execute(TestCaseExecutor.java:255)
	at com.kms.katalon.core.main.TestCaseMain.runTestCase(TestCaseMain.java:114)
	at com.kms.katalon.core.keyword.builtin.CallTestCaseKeyword$_callTestCase_closure1.doCall(CallTestCaseKeyword.groovy:59)
	at com.kms.katalon.core.keyword.builtin.CallTestCaseKeyword$_callTestCase_closure1.call(CallTestCaseKeyword.groovy)
	at com.kms.katalon.core.keyword.internal.KeywordMain.runKeyword(KeywordMain.groovy:68)
	at com.kms.katalon.core.keyword.builtin.CallTestCaseKeyword.callTestCase(CallTestCaseKeyword.groovy:81)
	at com.kms.katalon.core.keyword.builtin.CallTestCaseKeyword.execute(CallTestCaseKeyword.groovy:44)
	at com.kms.katalon.core.keyword.internal.KeywordExecutor.executeKeywordForPlatform(KeywordExecutor.groovy:73)
	at com.kms.katalon.core.keyword.BuiltinKeywords.callTestCase(BuiltinKeywords.groovy:334)
	at Script1621659722693.run(Script1621659722693.groovy:20)
	... 13 more
)
[[ATTACHMENT|E:\\Tai lieu hoc\\Nam 7\\HK2\\New Topics\\Homework 2\\New folder\\Mattermost_Autotesting_2\\Mattermost_AutoTesting\\Reports\\20210527_211345\\1412263\\Run_All_Test_Cases\\20210527_211345\\1622126042608.png]]

2021-05-27 21:34:03 - [MESSAGE][FAILED] - Unable to call Test Case 'Test Cases/1712612/TC27_PinMessageInPrivateChannel' (Root cause: com.kms.katalon.core.exception.StepFailedException: Call Test Case 'Test Cases/1712612/TC27_PinMessageInPrivateChannel' failed
	at com.kms.katalon.core.keyword.builtin.CallTestCaseKeyword$_callTestCase_closure1.doCall(CallTestCaseKeyword.groovy:63)
	at com.kms.katalon.core.keyword.builtin.CallTestCaseKeyword$_callTestCase_closure1.call(CallTestCaseKeyword.groovy)
	at com.kms.katalon.core.keyword.internal.KeywordMain.runKeyword(KeywordMain.groovy:68)
	at com.kms.katalon.core.keyword.builtin.CallTestCaseKeyword.callTestCase(CallTestCaseKeyword.groovy:81)
	at com.kms.katalon.core.keyword.builtin.CallTestCaseKeyword.execute(CallTestCaseKeyword.groovy:44)
	at com.kms.katalon.core.keyword.internal.KeywordExecutor.executeKeywordForPlatform(KeywordExecutor.groovy:73)
	at com.kms.katalon.core.keyword.BuiltinKeywords.callTestCase(BuiltinKeywords.groovy:334)
	at TC29_UnpinMessageInPrivateChannel.run(TC29_UnpinMessageInPrivateChannel:20)
	at com.kms.katalon.core.main.ScriptEngine.run(ScriptEngine.java:194)
	at com.kms.katalon.core.main.ScriptEngine.runScriptAsRawText(ScriptEngine.java:119)
	at com.kms.katalon.core.main.TestCaseExecutor.runScript(TestCaseExecutor.java:398)
	at com.kms.katalon.core.main.TestCaseExecutor.doExecute(TestCaseExecutor.java:389)
	at com.kms.katalon.core.main.TestCaseExecutor.processExecutionPhase(TestCaseExecutor.java:368)
	at com.kms.katalon.core.main.TestCaseExecutor.accessMainPhase(TestCaseExecutor.java:360)
	at com.kms.katalon.core.main.TestCaseExecutor.execute(TestCaseExecutor.java:255)
	at com.kms.katalon.core.main.TestSuiteExecutor.accessTestCaseMainPhase(TestSuiteExecutor.java:203)
	at com.kms.katalon.core.main.TestSuiteExecutor.accessTestSuiteMainPhase(TestSuiteExecutor.java:152)
	at com.kms.katalon.core.main.TestSuiteExecutor.execute(TestSuiteExecutor.java:95)
	at com.kms.katalon.core.main.TestCaseMain.startTestSuite(TestCaseMain.java:157)
	at com.kms.katalon.core.main.TestCaseMain$startTestSuite$0.call(Unknown Source)
	at TempTestSuite1622124825440.run(TempTestSuite1622124825440.groovy:39)
Caused by: com.kms.katalon.core.exception.StepFailedException: Unable to click on object 'Object Repository/1712612_Mattermost Object/Page_test pin message - Test 1712612 Mattermost/button_nghi_tran_CENTER_button_brb8z9fihidf_f663c2'
	at com.kms.katalon.core.webui.keyword.internal.WebUIKeywordMain.stepFailed(WebUIKeywordMain.groovy:64)
	at com.kms.katalon.core.webui.keyword.internal.WebUIKeywordMain.runKeyword(WebUIKeywordMain.groovy:26)
	at com.kms.katalon.core.webui.keyword.builtin.ClickKeyword.click(ClickKeyword.groovy:75)
	at com.kms.katalon.core.webui.keyword.builtin.ClickKeyword.execute(ClickKeyword.groovy:42)
	at com.kms.katalon.core.keyword.internal.KeywordExecutor.executeKeywordForPlatform(KeywordExecutor.groovy:73)
	at com.kms.katalon.core.webui.keyword.WebUiBuiltInKeywords.click(WebUiBuiltInKeywords.groovy:619)
	at com.kms.katalon.core.webui.keyword.WebUiBuiltInKeywords$click$3.call(Unknown Source)
	at TC27_PinMessageInPrivateChannel.run(TC27_PinMessageInPrivateChannel:26)
	at com.kms.katalon.core.main.ScriptEngine.run(ScriptEngine.java:194)
	at com.kms.katalon.core.main.ScriptEngine.runScriptAsRawText(ScriptEngine.java:119)
	at com.kms.katalon.core.main.TestCaseExecutor.runScript(TestCaseExecutor.java:398)
	at com.kms.katalon.core.main.TestCaseExecutor.doExecute(TestCaseExecutor.java:389)
	at com.kms.katalon.core.main.TestCaseExecutor.processExecutionPhase(TestCaseExecutor.java:368)
	at com.kms.katalon.core.main.TestCaseExecutor.accessMainPhase(TestCaseExecutor.java:360)
	at com.kms.katalon.core.main.TestCaseExecutor.execute(TestCaseExecutor.java:255)
	at com.kms.katalon.core.main.TestCaseMain.runTestCase(TestCaseMain.java:114)
	at com.kms.katalon.core.keyword.builtin.CallTestCaseKeyword$_callTestCase_closure1.doCall(CallTestCaseKeyword.groovy:59)
	... 20 more
Caused by: com.kms.katalon.core.webui.exception.WebElementNotFoundException: Web element with id: 'Object Repository/1712612_Mattermost Object/Page_test pin message - Test 1712612 Mattermost/button_nghi_tran_CENTER_button_brb8z9fihidf_f663c2' located by '//button[@id='CENTER_button_brb8z9fihidfmxns5kwing6pqo']' not found
	at com.kms.katalon.core.webui.common.WebUiCommonHelper.findWebElement(WebUiCommonHelper.java:1368)
	at com.kms.katalon.core.webui.keyword.internal.WebUIAbstractKeyword.findWebElement(WebUIAbstractKeyword.groovy:27)
	at com.kms.katalon.core.webui.keyword.internal.WebUIAbstractKeyword.findWebElement(WebUIAbstractKeyword.groovy:26)
	at com.kms.katalon.core.webui.keyword.builtin.ClickKeyword$_click_closure1.doCall(ClickKeyword.groovy:66)
	at com.kms.katalon.core.webui.keyword.builtin.ClickKeyword$_click_closure1.call(ClickKeyword.groovy)
	at com.kms.katalon.core.webui.keyword.internal.WebUIKeywordMain.runKeyword(WebUIKeywordMain.groovy:20)
	... 35 more
)]]></system-out>
         <system-err><![CDATA[2021-05-27 21:33:01 - [TEST_CASE][FAILED] - Test Cases/1712612/TC29_UnpinMessageInPrivateChannel: Test Cases/1712612/TC29_UnpinMessageInPrivateChannel FAILED.
Reason:
com.kms.katalon.core.exception.StepFailedException: Call Test Case 'Test Cases/1712612/TC27_PinMessageInPrivateChannel' failed
	at com.kms.katalon.core.keyword.builtin.CallTestCaseKeyword$_callTestCase_closure1.doCall(CallTestCaseKeyword.groovy:63)
	at com.kms.katalon.core.keyword.builtin.CallTestCaseKeyword$_callTestCase_closure1.call(CallTestCaseKeyword.groovy)
	at com.kms.katalon.core.keyword.internal.KeywordMain.runKeyword(KeywordMain.groovy:68)
	at com.kms.katalon.core.keyword.builtin.CallTestCaseKeyword.callTestCase(CallTestCaseKeyword.groovy:81)
	at com.kms.katalon.core.keyword.builtin.CallTestCaseKeyword.execute(CallTestCaseKeyword.groovy:44)
	at com.kms.katalon.core.keyword.internal.KeywordExecutor.executeKeywordForPlatform(KeywordExecutor.groovy:73)
	at com.kms.katalon.core.keyword.BuiltinKeywords.callTestCase(BuiltinKeywords.groovy:334)
	at TC29_UnpinMessageInPrivateChannel.run(TC29_UnpinMessageInPrivateChannel:20)
	at com.kms.katalon.core.main.ScriptEngine.run(ScriptEngine.java:194)
	at com.kms.katalon.core.main.ScriptEngine.runScriptAsRawText(ScriptEngine.java:119)
	at com.kms.katalon.core.main.TestCaseExecutor.runScript(TestCaseExecutor.java:398)
	at com.kms.katalon.core.main.TestCaseExecutor.doExecute(TestCaseExecutor.java:389)
	at com.kms.katalon.core.main.TestCaseExecutor.processExecutionPhase(TestCaseExecutor.java:368)
	at com.kms.katalon.core.main.TestCaseExecutor.accessMainPhase(TestCaseExecutor.java:360)
	at com.kms.katalon.core.main.TestCaseExecutor.execute(TestCaseExecutor.java:255)
	at com.kms.katalon.core.main.TestSuiteExecutor.accessTestCaseMainPhase(TestSuiteExecutor.java:203)
	at com.kms.katalon.core.main.TestSuiteExecutor.accessTestSuiteMainPhase(TestSuiteExecutor.java:152)
	at com.kms.katalon.core.main.TestSuiteExecutor.execute(TestSuiteExecutor.java:95)
	at com.kms.katalon.core.main.TestCaseMain.startTestSuite(TestCaseMain.java:157)
	at com.kms.katalon.core.main.TestCaseMain$startTestSuite$0.call(Unknown Source)
	at TempTestSuite1622124825440.run(TempTestSuite1622124825440.groovy:39)
Caused by: com.kms.katalon.core.exception.StepFailedException: Unable to click on object 'Object Repository/1712612_Mattermost Object/Page_test pin message - Test 1712612 Mattermost/button_nghi_tran_CENTER_button_brb8z9fihidf_f663c2'
	at com.kms.katalon.core.webui.keyword.internal.WebUIKeywordMain.stepFailed(WebUIKeywordMain.groovy:64)
	at com.kms.katalon.core.webui.keyword.internal.WebUIKeywordMain.runKeyword(WebUIKeywordMain.groovy:26)
	at com.kms.katalon.core.webui.keyword.builtin.ClickKeyword.click(ClickKeyword.groovy:75)
	at com.kms.katalon.core.webui.keyword.builtin.ClickKeyword.execute(ClickKeyword.groovy:42)
	at com.kms.katalon.core.keyword.internal.KeywordExecutor.executeKeywordForPlatform(KeywordExecutor.groovy:73)
	at com.kms.katalon.core.webui.keyword.WebUiBuiltInKeywords.click(WebUiBuiltInKeywords.groovy:619)
	at com.kms.katalon.core.webui.keyword.WebUiBuiltInKeywords$click$3.call(Unknown Source)
	at TC27_PinMessageInPrivateChannel.run(TC27_PinMessageInPrivateChannel:26)
	at com.kms.katalon.core.main.ScriptEngine.run(ScriptEngine.java:194)
	at com.kms.katalon.core.main.ScriptEngine.runScriptAsRawText(ScriptEngine.java:119)
	at com.kms.katalon.core.main.TestCaseExecutor.runScript(TestCaseExecutor.java:398)
	at com.kms.katalon.core.main.TestCaseExecutor.doExecute(TestCaseExecutor.java:389)
	at com.kms.katalon.core.main.TestCaseExecutor.processExecutionPhase(TestCaseExecutor.java:368)
	at com.kms.katalon.core.main.TestCaseExecutor.accessMainPhase(TestCaseExecutor.java:360)
	at com.kms.katalon.core.main.TestCaseExecutor.execute(TestCaseExecutor.java:255)
	at com.kms.katalon.core.main.TestCaseMain.runTestCase(TestCaseMain.java:114)
	at com.kms.katalon.core.keyword.builtin.CallTestCaseKeyword$_callTestCase_closure1.doCall(CallTestCaseKeyword.groovy:59)
	... 20 more
Caused by: com.kms.katalon.core.webui.exception.WebElementNotFoundException: Web element with id: 'Object Repository/1712612_Mattermost Object/Page_test pin message - Test 1712612 Mattermost/button_nghi_tran_CENTER_button_brb8z9fihidf_f663c2' located by '//button[@id='CENTER_button_brb8z9fihidfmxns5kwing6pqo']' not found
	at com.kms.katalon.core.webui.common.WebUiCommonHelper.findWebElement(WebUiCommonHelper.java:1368)
	at com.kms.katalon.core.webui.keyword.internal.WebUIAbstractKeyword.findWebElement(WebUIAbstractKeyword.groovy:27)
	at com.kms.katalon.core.webui.keyword.internal.WebUIAbstractKeyword.findWebElement(WebUIAbstractKeyword.groovy:26)
	at com.kms.katalon.core.webui.keyword.builtin.ClickKeyword$_click_closure1.doCall(ClickKeyword.groovy:66)
	at com.kms.katalon.core.webui.keyword.builtin.ClickKeyword$_click_closure1.call(ClickKeyword.groovy)
	at com.kms.katalon.core.webui.keyword.internal.WebUIKeywordMain.runKeyword(WebUIKeywordMain.groovy:20)
	... 35 more]]></system-err>
      </testcase>
      <testcase name="Test Cases/1612049/TC35_Write a direct message" time="28.913" classname="Test Cases/1612049/TC35_Write a direct message" status="ERROR">
         <error type="ERROR" message="Test Cases/1612049/TC35_Write a direct message FAILED.
Reason:
java.io.FileNotFoundException: D:\Documents\Studying Materials\Các chủ đề nâng cao trong CNPM\GA\GA1\username.csv (The system cannot find the path specified)
	at com.kms.katalon.core.testdata.reader.CSVReader.&lt;init>(CSVReader.java:23)
	at com.kms.katalon.core.testdata.CSVData.getReader(CSVData.java:23)
	at com.kms.katalon.core.testdata.CSVData.getColumnNames(CSVData.java:57)
	at com.kms.katalon.core.testdata.CSVData.getColumnNumbers(CSVData.java:82)
	at com.kms.katalon.core.testdata.AbstractTestData.verifyColumnIndex(AbstractTestData.java:60)
	at com.kms.katalon.core.testdata.AbstractTestData.getObjectValue(AbstractTestData.java:120)
	at com.kms.katalon.core.testdata.AbstractTestData.getValue(AbstractTestData.java:94)
	at com.kms.katalon.core.testdata.TestData$getValue.call(Unknown Source)
	at TC35_Write a direct message.run(TC35_Write a direct message:30)
	at com.kms.katalon.core.main.ScriptEngine.run(ScriptEngine.java:194)
	at com.kms.katalon.core.main.ScriptEngine.runScriptAsRawText(ScriptEngine.java:119)
	at com.kms.katalon.core.main.TestCaseExecutor.runScript(TestCaseExecutor.java:398)
	at com.kms.katalon.core.main.TestCaseExecutor.doExecute(TestCaseExecutor.java:389)
	at com.kms.katalon.core.main.TestCaseExecutor.processExecutionPhase(TestCaseExecutor.java:368)
	at com.kms.katalon.core.main.TestCaseExecutor.accessMainPhase(TestCaseExecutor.java:360)
	at com.kms.katalon.core.main.TestCaseExecutor.execute(TestCaseExecutor.java:255)
	at com.kms.katalon.core.main.TestSuiteExecutor.accessTestCaseMainPhase(TestSuiteExecutor.java:203)
	at com.kms.katalon.core.main.TestSuiteExecutor.accessTestSuiteMainPhase(TestSuiteExecutor.java:152)
	at com.kms.katalon.core.main.TestSuiteExecutor.execute(TestSuiteExecutor.java:95)
	at com.kms.katalon.core.main.TestCaseMain.startTestSuite(TestCaseMain.java:157)
	at com.kms.katalon.core.main.TestCaseMain$startTestSuite$0.call(Unknown Source)
	at TempTestSuite1622124825440.run(TempTestSuite1622124825440.groovy:39)
"/>
         <system-out><![CDATA[2021-05-27 21:34:03 - [TEST_CASE][ERROR] - Test Cases/1612049/TC35_Write a direct message: Test Cases/1612049/TC35_Write a direct message FAILED.
Reason:
java.io.FileNotFoundException: D:\Documents\Studying Materials\Các chủ đề nâng cao trong CNPM\GA\GA1\username.csv (The system cannot find the path specified)
	at com.kms.katalon.core.testdata.reader.CSVReader.<init>(CSVReader.java:23)
	at com.kms.katalon.core.testdata.CSVData.getReader(CSVData.java:23)
	at com.kms.katalon.core.testdata.CSVData.getColumnNames(CSVData.java:57)
	at com.kms.katalon.core.testdata.CSVData.getColumnNumbers(CSVData.java:82)
	at com.kms.katalon.core.testdata.AbstractTestData.verifyColumnIndex(AbstractTestData.java:60)
	at com.kms.katalon.core.testdata.AbstractTestData.getObjectValue(AbstractTestData.java:120)
	at com.kms.katalon.core.testdata.AbstractTestData.getValue(AbstractTestData.java:94)
	at com.kms.katalon.core.testdata.TestData$getValue.call(Unknown Source)
	at TC35_Write a direct message.run(TC35_Write a direct message:30)
	at com.kms.katalon.core.main.ScriptEngine.run(ScriptEngine.java:194)
	at com.kms.katalon.core.main.ScriptEngine.runScriptAsRawText(ScriptEngine.java:119)
	at com.kms.katalon.core.main.TestCaseExecutor.runScript(TestCaseExecutor.java:398)
	at com.kms.katalon.core.main.TestCaseExecutor.doExecute(TestCaseExecutor.java:389)
	at com.kms.katalon.core.main.TestCaseExecutor.processExecutionPhase(TestCaseExecutor.java:368)
	at com.kms.katalon.core.main.TestCaseExecutor.accessMainPhase(TestCaseExecutor.java:360)
	at com.kms.katalon.core.main.TestCaseExecutor.execute(TestCaseExecutor.java:255)
	at com.kms.katalon.core.main.TestSuiteExecutor.accessTestCaseMainPhase(TestSuiteExecutor.java:203)
	at com.kms.katalon.core.main.TestSuiteExecutor.accessTestSuiteMainPhase(TestSuiteExecutor.java:152)
	at com.kms.katalon.core.main.TestSuiteExecutor.execute(TestSuiteExecutor.java:95)
	at com.kms.katalon.core.main.TestCaseMain.startTestSuite(TestCaseMain.java:157)
	at com.kms.katalon.core.main.TestCaseMain$startTestSuite$0.call(Unknown Source)
	at TempTestSuite1622124825440.run(TempTestSuite1622124825440.groovy:39)


2021-05-27 21:34:04 - [TEST_STEP][PASSED] - openBrowser(""): Browser is opened with url: ''

2021-05-27 21:34:04 - [MESSAGE][WARNING] - A browser is already opened. Closing browser and opening a new one

2021-05-27 21:34:06 - [MESSAGE][INFO] - Starting 'Chrome' driver

2021-05-27 21:34:06 - [MESSAGE][INFO] - Action delay is set to 0 milliseconds

2021-05-27 21:34:10 - [MESSAGE][PASSED] - Browser is opened with url: ''

2021-05-27 21:34:10 - [TEST_STEP][PASSED] - navigateToUrl("https://mattermostwebapp.herokuapp.com/"): Navigate to 'https://mattermostwebapp.herokuapp.com/' successfully

2021-05-27 21:34:17 - [MESSAGE][PASSED] - Navigate to 'https://mattermostwebapp.herokuapp.com/' successfully

2021-05-27 21:34:17 - [TEST_STEP][PASSED] - callTestCase(findTestCase("1612049/CommonTC/CTC_Login"), ["username":"jooie", "password":"6z6Vi2R3i06jbzaqW0pQ8Q=="], STOP_ON_FAILURE): Call Test Case 'Test Cases/1612049/CommonTC/CTC_Login' successfully

2021-05-27 21:34:17 - [TEST_CASE][PASSED] - Test Cases/1612049/CommonTC/CTC_Login: Test Cases/1612049/CommonTC/CTC_Login

2021-05-27 21:34:17 - [TEST_STEP][PASSED] - setText(findTestObject("Object Repository/1612049/Login_Screen/Page_Mattermost/input_All team communication in one place, _dcc84b"), username): Text 'jooie' is set on object 'Object Repository/1612049/Login_Screen/Page_Mattermost/input_All team communication in one place, _dcc84b'

2021-05-27 21:34:22 - [MESSAGE][PASSED] - Text 'jooie' is set on object 'Object Repository/1612049/Login_Screen/Page_Mattermost/input_All team communication in one place, _dcc84b'

2021-05-27 21:34:22 - [TEST_STEP][PASSED] - setEncryptedText(findTestObject("Object Repository/1612049/Login_Screen/Page_Mattermost/input_All team communication in one place, _a3edc6"), password): Text ****** has been set on object 'Object Repository/1612049/Login_Screen/Page_Mattermost/input_All team communication in one place, _a3edc6'

2021-05-27 21:34:23 - [MESSAGE][PASSED] - Text ****** has been set on object 'Object Repository/1612049/Login_Screen/Page_Mattermost/input_All team communication in one place, _a3edc6'

2021-05-27 21:34:23 - [TEST_STEP][PASSED] - click(findTestObject("Object Repository/1612049/Login_Screen/Page_Mattermost/button_Sign in")): Object: 'Object Repository/1612049/Login_Screen/Page_Mattermost/button_Sign in' is clicked on

2021-05-27 21:34:24 - [MESSAGE][PASSED] - Object: 'Object Repository/1612049/Login_Screen/Page_Mattermost/button_Sign in' is clicked on

2021-05-27 21:34:24 - [MESSAGE][PASSED] - Call Test Case 'Test Cases/1612049/CommonTC/CTC_Login' successfully

2021-05-27 21:34:24 - [TEST_STEP][PASSED] - for ([i = 1, i <= 5, i += 1]): null

2021-05-27 21:34:24 - [TEST_STEP][PASSED] - click(findTestObject("Object Repository/1612049/Index_Sidebarr/Page_(1)  Town Square - noname Mattermost/span_")): Object: 'Object Repository/1612049/Index_Sidebarr/Page_(1)  Town Square - noname Mattermost/span_' is clicked on

2021-05-27 21:34:31 - [MESSAGE][PASSED] - Object: 'Object Repository/1612049/Index_Sidebarr/Page_(1)  Town Square - noname Mattermost/span_' is clicked on

2021-05-27 21:34:31 - [TEST_STEP][PASSED] - setText(findTestObject("1612049/DirectMessage_Workspace/Searchbox/input_Search Box_searchbox"), findTestData("1612049/Data TC35 Write a direct message").getValue(1, i)): null]]></system-out>
         <system-err><![CDATA[2021-05-27 21:34:03 - [TEST_CASE][ERROR] - Test Cases/1612049/TC35_Write a direct message: Test Cases/1612049/TC35_Write a direct message FAILED.
Reason:
java.io.FileNotFoundException: D:\Documents\Studying Materials\Các chủ đề nâng cao trong CNPM\GA\GA1\username.csv (The system cannot find the path specified)
	at com.kms.katalon.core.testdata.reader.CSVReader.<init>(CSVReader.java:23)
	at com.kms.katalon.core.testdata.CSVData.getReader(CSVData.java:23)
	at com.kms.katalon.core.testdata.CSVData.getColumnNames(CSVData.java:57)
	at com.kms.katalon.core.testdata.CSVData.getColumnNumbers(CSVData.java:82)
	at com.kms.katalon.core.testdata.AbstractTestData.verifyColumnIndex(AbstractTestData.java:60)
	at com.kms.katalon.core.testdata.AbstractTestData.getObjectValue(AbstractTestData.java:120)
	at com.kms.katalon.core.testdata.AbstractTestData.getValue(AbstractTestData.java:94)
	at com.kms.katalon.core.testdata.TestData$getValue.call(Unknown Source)
	at TC35_Write a direct message.run(TC35_Write a direct message:30)
	at com.kms.katalon.core.main.ScriptEngine.run(ScriptEngine.java:194)
	at com.kms.katalon.core.main.ScriptEngine.runScriptAsRawText(ScriptEngine.java:119)
	at com.kms.katalon.core.main.TestCaseExecutor.runScript(TestCaseExecutor.java:398)
	at com.kms.katalon.core.main.TestCaseExecutor.doExecute(TestCaseExecutor.java:389)
	at com.kms.katalon.core.main.TestCaseExecutor.processExecutionPhase(TestCaseExecutor.java:368)
	at com.kms.katalon.core.main.TestCaseExecutor.accessMainPhase(TestCaseExecutor.java:360)
	at com.kms.katalon.core.main.TestCaseExecutor.execute(TestCaseExecutor.java:255)
	at com.kms.katalon.core.main.TestSuiteExecutor.accessTestCaseMainPhase(TestSuiteExecutor.java:203)
	at com.kms.katalon.core.main.TestSuiteExecutor.accessTestSuiteMainPhase(TestSuiteExecutor.java:152)
	at com.kms.katalon.core.main.TestSuiteExecutor.execute(TestSuiteExecutor.java:95)
	at com.kms.katalon.core.main.TestCaseMain.startTestSuite(TestCaseMain.java:157)
	at com.kms.katalon.core.main.TestCaseMain$startTestSuite$0.call(Unknown Source)
	at TempTestSuite1622124825440.run(TempTestSuite1622124825440.groovy:39)]]></system-err>
      </testcase>
      <testcase name="Test Cases/1612049/TC36_Search messages" time="42.349" classname="Test Cases/1612049/TC36_Search messages" status="PASSED">
         <system-out><![CDATA[2021-05-27 21:34:32 - [TEST_CASE][PASSED] - Test Cases/1612049/TC36_Search messages: Test Cases/1612049/TC36_Search messages

2021-05-27 21:34:33 - [TEST_STEP][PASSED] - openBrowser(""): Browser is opened with url: ''

2021-05-27 21:34:33 - [MESSAGE][WARNING] - A browser is already opened. Closing browser and opening a new one

2021-05-27 21:34:36 - [MESSAGE][INFO] - Starting 'Chrome' driver

2021-05-27 21:34:36 - [MESSAGE][INFO] - Action delay is set to 0 milliseconds

2021-05-27 21:34:40 - [MESSAGE][PASSED] - Browser is opened with url: ''

2021-05-27 21:34:40 - [TEST_STEP][PASSED] - navigateToUrl("https://mattermostwebapp.herokuapp.com/"): Navigate to 'https://mattermostwebapp.herokuapp.com/' successfully

2021-05-27 21:34:44 - [MESSAGE][PASSED] - Navigate to 'https://mattermostwebapp.herokuapp.com/' successfully

2021-05-27 21:34:44 - [TEST_STEP][PASSED] - callTestCase(findTestCase("1612049/CommonTC/CTC_Login"), ["username":"jooie", "password":"6z6Vi2R3i06jbzaqW0pQ8Q=="], STOP_ON_FAILURE): Call Test Case 'Test Cases/1612049/CommonTC/CTC_Login' successfully

2021-05-27 21:34:44 - [TEST_CASE][PASSED] - Test Cases/1612049/CommonTC/CTC_Login: Test Cases/1612049/CommonTC/CTC_Login

2021-05-27 21:34:44 - [TEST_STEP][PASSED] - setText(findTestObject("Object Repository/1612049/Login_Screen/Page_Mattermost/input_All team communication in one place, _dcc84b"), username): Text 'jooie' is set on object 'Object Repository/1612049/Login_Screen/Page_Mattermost/input_All team communication in one place, _dcc84b'

2021-05-27 21:34:50 - [MESSAGE][PASSED] - Text 'jooie' is set on object 'Object Repository/1612049/Login_Screen/Page_Mattermost/input_All team communication in one place, _dcc84b'

2021-05-27 21:34:50 - [TEST_STEP][PASSED] - setEncryptedText(findTestObject("Object Repository/1612049/Login_Screen/Page_Mattermost/input_All team communication in one place, _a3edc6"), password): Text ****** has been set on object 'Object Repository/1612049/Login_Screen/Page_Mattermost/input_All team communication in one place, _a3edc6'

2021-05-27 21:34:52 - [MESSAGE][PASSED] - Text ****** has been set on object 'Object Repository/1612049/Login_Screen/Page_Mattermost/input_All team communication in one place, _a3edc6'

2021-05-27 21:34:52 - [TEST_STEP][PASSED] - click(findTestObject("Object Repository/1612049/Login_Screen/Page_Mattermost/button_Sign in")): Object: 'Object Repository/1612049/Login_Screen/Page_Mattermost/button_Sign in' is clicked on

2021-05-27 21:34:53 - [MESSAGE][PASSED] - Object: 'Object Repository/1612049/Login_Screen/Page_Mattermost/button_Sign in' is clicked on

2021-05-27 21:34:53 - [MESSAGE][PASSED] - Call Test Case 'Test Cases/1612049/CommonTC/CTC_Login' successfully

2021-05-27 21:34:53 - [TEST_STEP][PASSED] - click(findTestObject("1612049/DirectMessage_Workspace/Searchbox/button_(Edit)_channelHeaderSearchButton")): Object: 'Object Repository/1612049/DirectMessage_Workspace/Searchbox/button_(Edit)_channelHeaderSearchButton' is clicked on

2021-05-27 21:34:59 - [MESSAGE][PASSED] - Object: 'Object Repository/1612049/DirectMessage_Workspace/Searchbox/button_(Edit)_channelHeaderSearchButton' is clicked on

2021-05-27 21:34:59 - [TEST_STEP][PASSED] - for ([index = 1, index <= 5, (index++)]): Object: 'Object Repository/1612049/DirectMessage_Workspace/Searchbox/btn_Delete Search Text_deleteTextButton' is clicked on

2021-05-27 21:34:59 - [TEST_STEP][PASSED] - setText(findTestObject("1612049/DirectMessage_Workspace/input_(Edit)_searchBox"), findTestData("1612049/Data TC36 Search messages").getValue(1, index)): Text 'test' is set on object 'Object Repository/1612049/DirectMessage_Workspace/input_(Edit)_searchBox'

2021-05-27 21:35:00 - [MESSAGE][PASSED] - Text 'test' is set on object 'Object Repository/1612049/DirectMessage_Workspace/input_(Edit)_searchBox'

2021-05-27 21:35:00 - [TEST_STEP][PASSED] - sendKeys(findTestObject("1612049/DirectMessage_Workspace/input_(Edit)_searchBox"), Keys.chord(ENTER)): Keys 'ENTER + ' sent to object: 'Object Repository/1612049/DirectMessage_Workspace/input_(Edit)_searchBox'

2021-05-27 21:35:03 - [MESSAGE][PASSED] - Keys 'ENTER + ' sent to object: 'Object Repository/1612049/DirectMessage_Workspace/input_(Edit)_searchBox'

2021-05-27 21:35:03 - [TEST_STEP][PASSED] - click(findTestObject("1612049/DirectMessage_Workspace/Searchbox/btn_Delete Search Text_deleteTextButton")): Object: 'Object Repository/1612049/DirectMessage_Workspace/Searchbox/btn_Delete Search Text_deleteTextButton' is clicked on

2021-05-27 21:35:04 - [MESSAGE][PASSED] - Object: 'Object Repository/1612049/DirectMessage_Workspace/Searchbox/btn_Delete Search Text_deleteTextButton' is clicked on

2021-05-27 21:35:04 - [TEST_STEP][PASSED] - setText(findTestObject("1612049/DirectMessage_Workspace/input_(Edit)_searchBox"), findTestData("1612049/Data TC36 Search messages").getValue(1, index)): Text 'colo' is set on object 'Object Repository/1612049/DirectMessage_Workspace/input_(Edit)_searchBox'

2021-05-27 21:35:05 - [MESSAGE][PASSED] - Text 'colo' is set on object 'Object Repository/1612049/DirectMessage_Workspace/input_(Edit)_searchBox'

2021-05-27 21:35:05 - [TEST_STEP][PASSED] - sendKeys(findTestObject("1612049/DirectMessage_Workspace/input_(Edit)_searchBox"), Keys.chord(ENTER)): Keys 'ENTER + ' sent to object: 'Object Repository/1612049/DirectMessage_Workspace/input_(Edit)_searchBox'

2021-05-27 21:35:05 - [MESSAGE][PASSED] - Keys 'ENTER + ' sent to object: 'Object Repository/1612049/DirectMessage_Workspace/input_(Edit)_searchBox'

2021-05-27 21:35:05 - [TEST_STEP][PASSED] - click(findTestObject("1612049/DirectMessage_Workspace/Searchbox/btn_Delete Search Text_deleteTextButton")): Object: 'Object Repository/1612049/DirectMessage_Workspace/Searchbox/btn_Delete Search Text_deleteTextButton' is clicked on

2021-05-27 21:35:06 - [MESSAGE][PASSED] - Object: 'Object Repository/1612049/DirectMessage_Workspace/Searchbox/btn_Delete Search Text_deleteTextButton' is clicked on

2021-05-27 21:35:06 - [TEST_STEP][PASSED] - setText(findTestObject("1612049/DirectMessage_Workspace/input_(Edit)_searchBox"), findTestData("1612049/Data TC36 Search messages").getValue(1, index)): Text 'abc' is set on object 'Object Repository/1612049/DirectMessage_Workspace/input_(Edit)_searchBox'

2021-05-27 21:35:07 - [MESSAGE][PASSED] - Text 'abc' is set on object 'Object Repository/1612049/DirectMessage_Workspace/input_(Edit)_searchBox'

2021-05-27 21:35:07 - [TEST_STEP][PASSED] - sendKeys(findTestObject("1612049/DirectMessage_Workspace/input_(Edit)_searchBox"), Keys.chord(ENTER)): Keys 'ENTER + ' sent to object: 'Object Repository/1612049/DirectMessage_Workspace/input_(Edit)_searchBox'

2021-05-27 21:35:08 - [MESSAGE][PASSED] - Keys 'ENTER + ' sent to object: 'Object Repository/1612049/DirectMessage_Workspace/input_(Edit)_searchBox'

2021-05-27 21:35:08 - [TEST_STEP][PASSED] - click(findTestObject("1612049/DirectMessage_Workspace/Searchbox/btn_Delete Search Text_deleteTextButton")): Object: 'Object Repository/1612049/DirectMessage_Workspace/Searchbox/btn_Delete Search Text_deleteTextButton' is clicked on

2021-05-27 21:35:09 - [MESSAGE][PASSED] - Object: 'Object Repository/1612049/DirectMessage_Workspace/Searchbox/btn_Delete Search Text_deleteTextButton' is clicked on

2021-05-27 21:35:09 - [TEST_STEP][PASSED] - setText(findTestObject("1612049/DirectMessage_Workspace/input_(Edit)_searchBox"), findTestData("1612049/Data TC36 Search messages").getValue(1, index)): Text 'hello' is set on object 'Object Repository/1612049/DirectMessage_Workspace/input_(Edit)_searchBox'

2021-05-27 21:35:10 - [MESSAGE][PASSED] - Text 'hello' is set on object 'Object Repository/1612049/DirectMessage_Workspace/input_(Edit)_searchBox'

2021-05-27 21:35:10 - [TEST_STEP][PASSED] - sendKeys(findTestObject("1612049/DirectMessage_Workspace/input_(Edit)_searchBox"), Keys.chord(ENTER)): Keys 'ENTER + ' sent to object: 'Object Repository/1612049/DirectMessage_Workspace/input_(Edit)_searchBox'

2021-05-27 21:35:10 - [MESSAGE][PASSED] - Keys 'ENTER + ' sent to object: 'Object Repository/1612049/DirectMessage_Workspace/input_(Edit)_searchBox'

2021-05-27 21:35:10 - [TEST_STEP][PASSED] - click(findTestObject("1612049/DirectMessage_Workspace/Searchbox/btn_Delete Search Text_deleteTextButton")): Object: 'Object Repository/1612049/DirectMessage_Workspace/Searchbox/btn_Delete Search Text_deleteTextButton' is clicked on

2021-05-27 21:35:11 - [MESSAGE][PASSED] - Object: 'Object Repository/1612049/DirectMessage_Workspace/Searchbox/btn_Delete Search Text_deleteTextButton' is clicked on

2021-05-27 21:35:11 - [TEST_STEP][PASSED] - setText(findTestObject("1612049/DirectMessage_Workspace/input_(Edit)_searchBox"), findTestData("1612049/Data TC36 Search messages").getValue(1, index)): Text 'oscar' is set on object 'Object Repository/1612049/DirectMessage_Workspace/input_(Edit)_searchBox'

2021-05-27 21:35:12 - [MESSAGE][PASSED] - Text 'oscar' is set on object 'Object Repository/1612049/DirectMessage_Workspace/input_(Edit)_searchBox'

2021-05-27 21:35:12 - [TEST_STEP][PASSED] - sendKeys(findTestObject("1612049/DirectMessage_Workspace/input_(Edit)_searchBox"), Keys.chord(ENTER)): Keys 'ENTER + ' sent to object: 'Object Repository/1612049/DirectMessage_Workspace/input_(Edit)_searchBox'

2021-05-27 21:35:12 - [MESSAGE][PASSED] - Keys 'ENTER + ' sent to object: 'Object Repository/1612049/DirectMessage_Workspace/input_(Edit)_searchBox'

2021-05-27 21:35:12 - [TEST_STEP][PASSED] - click(findTestObject("1612049/DirectMessage_Workspace/Searchbox/btn_Delete Search Text_deleteTextButton")): Object: 'Object Repository/1612049/DirectMessage_Workspace/Searchbox/btn_Delete Search Text_deleteTextButton' is clicked on

2021-05-27 21:35:13 - [MESSAGE][PASSED] - Object: 'Object Repository/1612049/DirectMessage_Workspace/Searchbox/btn_Delete Search Text_deleteTextButton' is clicked on

2021-05-27 21:35:13 - [TEST_STEP][PASSED] - closeBrowser(): Browser is closed

2021-05-27 21:35:14 - [MESSAGE][PASSED] - Browser is closed]]></system-out>
         <system-err><![CDATA[]]></system-err>
      </testcase>
      <testcase name="Test Cases/1612049/TC37_Add mention" time="14.21" classname="Test Cases/1612049/TC37_Add mention" status="ERROR">
         <error type="ERROR" message="Test Cases/1612049/TC37_Add mention FAILED.
Reason:
java.io.FileNotFoundException: D:\Documents\Studying Materials\Các chủ đề nâng cao trong CNPM\GA\GA1\username.csv (The system cannot find the path specified)
	at com.kms.katalon.core.testdata.reader.CSVReader.&lt;init>(CSVReader.java:23)
	at com.kms.katalon.core.testdata.CSVData.getReader(CSVData.java:23)
	at com.kms.katalon.core.testdata.CSVData.getColumnNames(CSVData.java:57)
	at com.kms.katalon.core.testdata.CSVData.getColumnNumbers(CSVData.java:82)
	at com.kms.katalon.core.testdata.AbstractTestData.verifyColumnIndex(AbstractTestData.java:60)
	at com.kms.katalon.core.testdata.AbstractTestData.getObjectValue(AbstractTestData.java:120)
	at com.kms.katalon.core.testdata.AbstractTestData.getValue(AbstractTestData.java:94)
	at com.kms.katalon.core.testdata.TestData$getValue.call(Unknown Source)
	at TC37_Add mention.run(TC37_Add mention:28)
	at com.kms.katalon.core.main.ScriptEngine.run(ScriptEngine.java:194)
	at com.kms.katalon.core.main.ScriptEngine.runScriptAsRawText(ScriptEngine.java:119)
	at com.kms.katalon.core.main.TestCaseExecutor.runScript(TestCaseExecutor.java:398)
	at com.kms.katalon.core.main.TestCaseExecutor.doExecute(TestCaseExecutor.java:389)
	at com.kms.katalon.core.main.TestCaseExecutor.processExecutionPhase(TestCaseExecutor.java:368)
	at com.kms.katalon.core.main.TestCaseExecutor.accessMainPhase(TestCaseExecutor.java:360)
	at com.kms.katalon.core.main.TestCaseExecutor.execute(TestCaseExecutor.java:255)
	at com.kms.katalon.core.main.TestSuiteExecutor.accessTestCaseMainPhase(TestSuiteExecutor.java:203)
	at com.kms.katalon.core.main.TestSuiteExecutor.accessTestSuiteMainPhase(TestSuiteExecutor.java:152)
	at com.kms.katalon.core.main.TestSuiteExecutor.execute(TestSuiteExecutor.java:95)
	at com.kms.katalon.core.main.TestCaseMain.startTestSuite(TestCaseMain.java:157)
	at com.kms.katalon.core.main.TestCaseMain$startTestSuite$0.call(Unknown Source)
	at TempTestSuite1622124825440.run(TempTestSuite1622124825440.groovy:39)
"/>
         <system-out><![CDATA[2021-05-27 21:35:14 - [TEST_CASE][ERROR] - Test Cases/1612049/TC37_Add mention: Test Cases/1612049/TC37_Add mention FAILED.
Reason:
java.io.FileNotFoundException: D:\Documents\Studying Materials\Các chủ đề nâng cao trong CNPM\GA\GA1\username.csv (The system cannot find the path specified)
	at com.kms.katalon.core.testdata.reader.CSVReader.<init>(CSVReader.java:23)
	at com.kms.katalon.core.testdata.CSVData.getReader(CSVData.java:23)
	at com.kms.katalon.core.testdata.CSVData.getColumnNames(CSVData.java:57)
	at com.kms.katalon.core.testdata.CSVData.getColumnNumbers(CSVData.java:82)
	at com.kms.katalon.core.testdata.AbstractTestData.verifyColumnIndex(AbstractTestData.java:60)
	at com.kms.katalon.core.testdata.AbstractTestData.getObjectValue(AbstractTestData.java:120)
	at com.kms.katalon.core.testdata.AbstractTestData.getValue(AbstractTestData.java:94)
	at com.kms.katalon.core.testdata.TestData$getValue.call(Unknown Source)
	at TC37_Add mention.run(TC37_Add mention:28)
	at com.kms.katalon.core.main.ScriptEngine.run(ScriptEngine.java:194)
	at com.kms.katalon.core.main.ScriptEngine.runScriptAsRawText(ScriptEngine.java:119)
	at com.kms.katalon.core.main.TestCaseExecutor.runScript(TestCaseExecutor.java:398)
	at com.kms.katalon.core.main.TestCaseExecutor.doExecute(TestCaseExecutor.java:389)
	at com.kms.katalon.core.main.TestCaseExecutor.processExecutionPhase(TestCaseExecutor.java:368)
	at com.kms.katalon.core.main.TestCaseExecutor.accessMainPhase(TestCaseExecutor.java:360)
	at com.kms.katalon.core.main.TestCaseExecutor.execute(TestCaseExecutor.java:255)
	at com.kms.katalon.core.main.TestSuiteExecutor.accessTestCaseMainPhase(TestSuiteExecutor.java:203)
	at com.kms.katalon.core.main.TestSuiteExecutor.accessTestSuiteMainPhase(TestSuiteExecutor.java:152)
	at com.kms.katalon.core.main.TestSuiteExecutor.execute(TestSuiteExecutor.java:95)
	at com.kms.katalon.core.main.TestCaseMain.startTestSuite(TestCaseMain.java:157)
	at com.kms.katalon.core.main.TestCaseMain$startTestSuite$0.call(Unknown Source)
	at TempTestSuite1622124825440.run(TempTestSuite1622124825440.groovy:39)


2021-05-27 21:35:15 - [TEST_STEP][PASSED] - openBrowser(""): Browser is opened with url: ''

2021-05-27 21:35:15 - [MESSAGE][INFO] - Starting 'Chrome' driver

2021-05-27 21:35:15 - [MESSAGE][INFO] - Action delay is set to 0 milliseconds

2021-05-27 21:35:17 - [MESSAGE][PASSED] - Browser is opened with url: ''

2021-05-27 21:35:17 - [TEST_STEP][PASSED] - navigateToUrl("https://mattermostwebapp.herokuapp.com/"): Navigate to 'https://mattermostwebapp.herokuapp.com/' successfully

2021-05-27 21:35:22 - [MESSAGE][PASSED] - Navigate to 'https://mattermostwebapp.herokuapp.com/' successfully

2021-05-27 21:35:22 - [TEST_STEP][PASSED] - callTestCase(findTestCase("1612049/CommonTC/CTC_Login"), ["username":"jooie", "password":"6z6Vi2R3i06jbzaqW0pQ8Q=="], STOP_ON_FAILURE): Call Test Case 'Test Cases/1612049/CommonTC/CTC_Login' successfully

2021-05-27 21:35:22 - [TEST_CASE][PASSED] - Test Cases/1612049/CommonTC/CTC_Login: Test Cases/1612049/CommonTC/CTC_Login

2021-05-27 21:35:22 - [TEST_STEP][PASSED] - setText(findTestObject("Object Repository/1612049/Login_Screen/Page_Mattermost/input_All team communication in one place, _dcc84b"), username): Text 'jooie' is set on object 'Object Repository/1612049/Login_Screen/Page_Mattermost/input_All team communication in one place, _dcc84b'

2021-05-27 21:35:27 - [MESSAGE][PASSED] - Text 'jooie' is set on object 'Object Repository/1612049/Login_Screen/Page_Mattermost/input_All team communication in one place, _dcc84b'

2021-05-27 21:35:27 - [TEST_STEP][PASSED] - setEncryptedText(findTestObject("Object Repository/1612049/Login_Screen/Page_Mattermost/input_All team communication in one place, _a3edc6"), password): Text ****** has been set on object 'Object Repository/1612049/Login_Screen/Page_Mattermost/input_All team communication in one place, _a3edc6'

2021-05-27 21:35:27 - [MESSAGE][PASSED] - Text ****** has been set on object 'Object Repository/1612049/Login_Screen/Page_Mattermost/input_All team communication in one place, _a3edc6'

2021-05-27 21:35:27 - [TEST_STEP][PASSED] - click(findTestObject("Object Repository/1612049/Login_Screen/Page_Mattermost/button_Sign in")): Object: 'Object Repository/1612049/Login_Screen/Page_Mattermost/button_Sign in' is clicked on

2021-05-27 21:35:28 - [MESSAGE][PASSED] - Object: 'Object Repository/1612049/Login_Screen/Page_Mattermost/button_Sign in' is clicked on

2021-05-27 21:35:28 - [MESSAGE][PASSED] - Call Test Case 'Test Cases/1612049/CommonTC/CTC_Login' successfully

2021-05-27 21:35:28 - [TEST_STEP][PASSED] - for ([index = 1, index <= 5, (index++)]): null

2021-05-27 21:35:28 - [TEST_STEP][PASSED] - setText(findTestObject("1612049/inputarea_Direct Message_directMessage"), "@" + findTestData("1612049/Data TC35 Write a direct message").getValue(1, index)): null]]></system-out>
         <system-err><![CDATA[2021-05-27 21:35:14 - [TEST_CASE][ERROR] - Test Cases/1612049/TC37_Add mention: Test Cases/1612049/TC37_Add mention FAILED.
Reason:
java.io.FileNotFoundException: D:\Documents\Studying Materials\Các chủ đề nâng cao trong CNPM\GA\GA1\username.csv (The system cannot find the path specified)
	at com.kms.katalon.core.testdata.reader.CSVReader.<init>(CSVReader.java:23)
	at com.kms.katalon.core.testdata.CSVData.getReader(CSVData.java:23)
	at com.kms.katalon.core.testdata.CSVData.getColumnNames(CSVData.java:57)
	at com.kms.katalon.core.testdata.CSVData.getColumnNumbers(CSVData.java:82)
	at com.kms.katalon.core.testdata.AbstractTestData.verifyColumnIndex(AbstractTestData.java:60)
	at com.kms.katalon.core.testdata.AbstractTestData.getObjectValue(AbstractTestData.java:120)
	at com.kms.katalon.core.testdata.AbstractTestData.getValue(AbstractTestData.java:94)
	at com.kms.katalon.core.testdata.TestData$getValue.call(Unknown Source)
	at TC37_Add mention.run(TC37_Add mention:28)
	at com.kms.katalon.core.main.ScriptEngine.run(ScriptEngine.java:194)
	at com.kms.katalon.core.main.ScriptEngine.runScriptAsRawText(ScriptEngine.java:119)
	at com.kms.katalon.core.main.TestCaseExecutor.runScript(TestCaseExecutor.java:398)
	at com.kms.katalon.core.main.TestCaseExecutor.doExecute(TestCaseExecutor.java:389)
	at com.kms.katalon.core.main.TestCaseExecutor.processExecutionPhase(TestCaseExecutor.java:368)
	at com.kms.katalon.core.main.TestCaseExecutor.accessMainPhase(TestCaseExecutor.java:360)
	at com.kms.katalon.core.main.TestCaseExecutor.execute(TestCaseExecutor.java:255)
	at com.kms.katalon.core.main.TestSuiteExecutor.accessTestCaseMainPhase(TestSuiteExecutor.java:203)
	at com.kms.katalon.core.main.TestSuiteExecutor.accessTestSuiteMainPhase(TestSuiteExecutor.java:152)
	at com.kms.katalon.core.main.TestSuiteExecutor.execute(TestSuiteExecutor.java:95)
	at com.kms.katalon.core.main.TestCaseMain.startTestSuite(TestCaseMain.java:157)
	at com.kms.katalon.core.main.TestCaseMain$startTestSuite$0.call(Unknown Source)
	at TempTestSuite1622124825440.run(TempTestSuite1622124825440.groovy:39)]]></system-err>
      </testcase>
      <testcase name="Test Cases/1612049/TC38_Close direct messages" time="36.872" classname="Test Cases/1612049/TC38_Close direct messages" status="FAILED">
         <failure type="FAILED" message="Test Cases/1612049/TC38_Close direct messages FAILED.
Reason:
com.kms.katalon.core.exception.StepFailedException: com.kms.katalon.core.webui.exception.WebElementNotFoundException: Web element with id: 'Object Repository/1612049/Leff Sidebar/Page_Town Square - noname Mattermost/span_Close Direct Message_btnClose' located by '//a[@id='sidebarItem_y1qnc1o85pbwfganygz4i9cnuc__yjbkdmxupf8cdjsaxzzxttic5y']/span[3]' not found (Root cause: com.kms.katalon.core.exception.StepFailedException: com.kms.katalon.core.webui.exception.WebElementNotFoundException: Web element with id: 'Object Repository/1612049/Leff Sidebar/Page_Town Square - noname Mattermost/span_Close Direct Message_btnClose' located by '//a[@id='sidebarItem_y1qnc1o85pbwfganygz4i9cnuc__yjbkdmxupf8cdjsaxzzxttic5y']/span[3]' not found
	at com.kms.katalon.core.webui.keyword.internal.WebUIKeywordMain.stepFailed(WebUIKeywordMain.groovy:64)
	at com.kms.katalon.core.webui.keyword.builtin.VerifyElementPresentKeyword$_verifyElementPresent_closure1.doCall(VerifyElementPresentKeyword.groovy:85)
	at com.kms.katalon.core.webui.keyword.builtin.VerifyElementPresentKeyword$_verifyElementPresent_closure1.call(VerifyElementPresentKeyword.groovy)
	at com.kms.katalon.core.webui.keyword.internal.WebUIKeywordMain.runKeyword(WebUIKeywordMain.groovy:20)
	at com.kms.katalon.core.webui.keyword.builtin.VerifyElementPresentKeyword.verifyElementPresent(VerifyElementPresentKeyword.groovy:92)
	at com.kms.katalon.core.webui.keyword.builtin.VerifyElementPresentKeyword.execute(VerifyElementPresentKeyword.groovy:68)
	at com.kms.katalon.core.keyword.internal.KeywordExecutor.executeKeywordForPlatform(KeywordExecutor.groovy:73)
	at com.kms.katalon.core.webui.keyword.WebUiBuiltInKeywords.verifyElementPresent(WebUiBuiltInKeywords.groovy:1447)
	at com.kms.katalon.core.webui.keyword.WebUiBuiltInKeywords$verifyElementPresent$9.call(Unknown Source)
	at TC38_Close direct messages.run(TC38_Close direct messages:27)
	at com.kms.katalon.core.main.ScriptEngine.run(ScriptEngine.java:194)
	at com.kms.katalon.core.main.ScriptEngine.runScriptAsRawText(ScriptEngine.java:119)
	at com.kms.katalon.core.main.TestCaseExecutor.runScript(TestCaseExecutor.java:398)
	at com.kms.katalon.core.main.TestCaseExecutor.doExecute(TestCaseExecutor.java:389)
	at com.kms.katalon.core.main.TestCaseExecutor.processExecutionPhase(TestCaseExecutor.java:368)
	at com.kms.katalon.core.main.TestCaseExecutor.accessMainPhase(TestCaseExecutor.java:360)
	at com.kms.katalon.core.main.TestCaseExecutor.execute(TestCaseExecutor.java:255)
	at com.kms.katalon.core.main.TestSuiteExecutor.accessTestCaseMainPhase(TestSuiteExecutor.java:203)
	at com.kms.katalon.core.main.TestSuiteExecutor.accessTestSuiteMainPhase(TestSuiteExecutor.java:152)
	at com.kms.katalon.core.main.TestSuiteExecutor.execute(TestSuiteExecutor.java:95)
	at com.kms.katalon.core.main.TestCaseMain.startTestSuite(TestCaseMain.java:157)
	at com.kms.katalon.core.main.TestCaseMain$startTestSuite$0.call(Unknown Source)
	at TempTestSuite1622124825440.run(TempTestSuite1622124825440.groovy:39)
)
	at com.kms.katalon.core.keyword.internal.KeywordMain.stepFailed(KeywordMain.groovy:39)
	at com.kms.katalon.core.webui.keyword.internal.WebUIKeywordMain.stepFailed(WebUIKeywordMain.groovy:64)
	at com.kms.katalon.core.webui.keyword.builtin.VerifyElementPresentKeyword$_verifyElementPresent_closure1.doCall(VerifyElementPresentKeyword.groovy:85)
	at com.kms.katalon.core.webui.keyword.builtin.VerifyElementPresentKeyword$_verifyElementPresent_closure1.call(VerifyElementPresentKeyword.groovy)
	at com.kms.katalon.core.webui.keyword.internal.WebUIKeywordMain.runKeyword(WebUIKeywordMain.groovy:20)
	at com.kms.katalon.core.webui.keyword.builtin.VerifyElementPresentKeyword.verifyElementPresent(VerifyElementPresentKeyword.groovy:92)
	at com.kms.katalon.core.webui.keyword.builtin.VerifyElementPresentKeyword.execute(VerifyElementPresentKeyword.groovy:68)
	at com.kms.katalon.core.keyword.internal.KeywordExecutor.executeKeywordForPlatform(KeywordExecutor.groovy:73)
	at com.kms.katalon.core.webui.keyword.WebUiBuiltInKeywords.verifyElementPresent(WebUiBuiltInKeywords.groovy:1447)
	at com.kms.katalon.core.webui.keyword.WebUiBuiltInKeywords$verifyElementPresent$9.call(Unknown Source)
	at TC38_Close direct messages.run(TC38_Close direct messages:27)
	at com.kms.katalon.core.main.ScriptEngine.run(ScriptEngine.java:194)
	at com.kms.katalon.core.main.ScriptEngine.runScriptAsRawText(ScriptEngine.java:119)
	at com.kms.katalon.core.main.TestCaseExecutor.runScript(TestCaseExecutor.java:398)
	at com.kms.katalon.core.main.TestCaseExecutor.doExecute(TestCaseExecutor.java:389)
	at com.kms.katalon.core.main.TestCaseExecutor.processExecutionPhase(TestCaseExecutor.java:368)
	at com.kms.katalon.core.main.TestCaseExecutor.accessMainPhase(TestCaseExecutor.java:360)
	at com.kms.katalon.core.main.TestCaseExecutor.execute(TestCaseExecutor.java:255)
	at com.kms.katalon.core.main.TestSuiteExecutor.accessTestCaseMainPhase(TestSuiteExecutor.java:203)
	at com.kms.katalon.core.main.TestSuiteExecutor.accessTestSuiteMainPhase(TestSuiteExecutor.java:152)
	at com.kms.katalon.core.main.TestSuiteExecutor.execute(TestSuiteExecutor.java:95)
	at com.kms.katalon.core.main.TestCaseMain.startTestSuite(TestCaseMain.java:157)
	at com.kms.katalon.core.main.TestCaseMain$startTestSuite$0.call(Unknown Source)
	at TempTestSuite1622124825440.run(TempTestSuite1622124825440.groovy:39)
Caused by: com.kms.katalon.core.exception.StepFailedException: com.kms.katalon.core.webui.exception.WebElementNotFoundException: Web element with id: 'Object Repository/1612049/Leff Sidebar/Page_Town Square - noname Mattermost/span_Close Direct Message_btnClose' located by '//a[@id='sidebarItem_y1qnc1o85pbwfganygz4i9cnuc__yjbkdmxupf8cdjsaxzzxttic5y']/span[3]' not found
	... 23 more
"/>
         <system-out><![CDATA[2021-05-27 21:35:28 - [TEST_CASE][FAILED] - Test Cases/1612049/TC38_Close direct messages: Test Cases/1612049/TC38_Close direct messages FAILED.
Reason:
com.kms.katalon.core.exception.StepFailedException: com.kms.katalon.core.webui.exception.WebElementNotFoundException: Web element with id: 'Object Repository/1612049/Leff Sidebar/Page_Town Square - noname Mattermost/span_Close Direct Message_btnClose' located by '//a[@id='sidebarItem_y1qnc1o85pbwfganygz4i9cnuc__yjbkdmxupf8cdjsaxzzxttic5y']/span[3]' not found (Root cause: com.kms.katalon.core.exception.StepFailedException: com.kms.katalon.core.webui.exception.WebElementNotFoundException: Web element with id: 'Object Repository/1612049/Leff Sidebar/Page_Town Square - noname Mattermost/span_Close Direct Message_btnClose' located by '//a[@id='sidebarItem_y1qnc1o85pbwfganygz4i9cnuc__yjbkdmxupf8cdjsaxzzxttic5y']/span[3]' not found
	at com.kms.katalon.core.webui.keyword.internal.WebUIKeywordMain.stepFailed(WebUIKeywordMain.groovy:64)
	at com.kms.katalon.core.webui.keyword.builtin.VerifyElementPresentKeyword$_verifyElementPresent_closure1.doCall(VerifyElementPresentKeyword.groovy:85)
	at com.kms.katalon.core.webui.keyword.builtin.VerifyElementPresentKeyword$_verifyElementPresent_closure1.call(VerifyElementPresentKeyword.groovy)
	at com.kms.katalon.core.webui.keyword.internal.WebUIKeywordMain.runKeyword(WebUIKeywordMain.groovy:20)
	at com.kms.katalon.core.webui.keyword.builtin.VerifyElementPresentKeyword.verifyElementPresent(VerifyElementPresentKeyword.groovy:92)
	at com.kms.katalon.core.webui.keyword.builtin.VerifyElementPresentKeyword.execute(VerifyElementPresentKeyword.groovy:68)
	at com.kms.katalon.core.keyword.internal.KeywordExecutor.executeKeywordForPlatform(KeywordExecutor.groovy:73)
	at com.kms.katalon.core.webui.keyword.WebUiBuiltInKeywords.verifyElementPresent(WebUiBuiltInKeywords.groovy:1447)
	at com.kms.katalon.core.webui.keyword.WebUiBuiltInKeywords$verifyElementPresent$9.call(Unknown Source)
	at TC38_Close direct messages.run(TC38_Close direct messages:27)
	at com.kms.katalon.core.main.ScriptEngine.run(ScriptEngine.java:194)
	at com.kms.katalon.core.main.ScriptEngine.runScriptAsRawText(ScriptEngine.java:119)
	at com.kms.katalon.core.main.TestCaseExecutor.runScript(TestCaseExecutor.java:398)
	at com.kms.katalon.core.main.TestCaseExecutor.doExecute(TestCaseExecutor.java:389)
	at com.kms.katalon.core.main.TestCaseExecutor.processExecutionPhase(TestCaseExecutor.java:368)
	at com.kms.katalon.core.main.TestCaseExecutor.accessMainPhase(TestCaseExecutor.java:360)
	at com.kms.katalon.core.main.TestCaseExecutor.execute(TestCaseExecutor.java:255)
	at com.kms.katalon.core.main.TestSuiteExecutor.accessTestCaseMainPhase(TestSuiteExecutor.java:203)
	at com.kms.katalon.core.main.TestSuiteExecutor.accessTestSuiteMainPhase(TestSuiteExecutor.java:152)
	at com.kms.katalon.core.main.TestSuiteExecutor.execute(TestSuiteExecutor.java:95)
	at com.kms.katalon.core.main.TestCaseMain.startTestSuite(TestCaseMain.java:157)
	at com.kms.katalon.core.main.TestCaseMain$startTestSuite$0.call(Unknown Source)
	at TempTestSuite1622124825440.run(TempTestSuite1622124825440.groovy:39)
)
	at com.kms.katalon.core.keyword.internal.KeywordMain.stepFailed(KeywordMain.groovy:39)
	at com.kms.katalon.core.webui.keyword.internal.WebUIKeywordMain.stepFailed(WebUIKeywordMain.groovy:64)
	at com.kms.katalon.core.webui.keyword.builtin.VerifyElementPresentKeyword$_verifyElementPresent_closure1.doCall(VerifyElementPresentKeyword.groovy:85)
	at com.kms.katalon.core.webui.keyword.builtin.VerifyElementPresentKeyword$_verifyElementPresent_closure1.call(VerifyElementPresentKeyword.groovy)
	at com.kms.katalon.core.webui.keyword.internal.WebUIKeywordMain.runKeyword(WebUIKeywordMain.groovy:20)
	at com.kms.katalon.core.webui.keyword.builtin.VerifyElementPresentKeyword.verifyElementPresent(VerifyElementPresentKeyword.groovy:92)
	at com.kms.katalon.core.webui.keyword.builtin.VerifyElementPresentKeyword.execute(VerifyElementPresentKeyword.groovy:68)
	at com.kms.katalon.core.keyword.internal.KeywordExecutor.executeKeywordForPlatform(KeywordExecutor.groovy:73)
	at com.kms.katalon.core.webui.keyword.WebUiBuiltInKeywords.verifyElementPresent(WebUiBuiltInKeywords.groovy:1447)
	at com.kms.katalon.core.webui.keyword.WebUiBuiltInKeywords$verifyElementPresent$9.call(Unknown Source)
	at TC38_Close direct messages.run(TC38_Close direct messages:27)
	at com.kms.katalon.core.main.ScriptEngine.run(ScriptEngine.java:194)
	at com.kms.katalon.core.main.ScriptEngine.runScriptAsRawText(ScriptEngine.java:119)
	at com.kms.katalon.core.main.TestCaseExecutor.runScript(TestCaseExecutor.java:398)
	at com.kms.katalon.core.main.TestCaseExecutor.doExecute(TestCaseExecutor.java:389)
	at com.kms.katalon.core.main.TestCaseExecutor.processExecutionPhase(TestCaseExecutor.java:368)
	at com.kms.katalon.core.main.TestCaseExecutor.accessMainPhase(TestCaseExecutor.java:360)
	at com.kms.katalon.core.main.TestCaseExecutor.execute(TestCaseExecutor.java:255)
	at com.kms.katalon.core.main.TestSuiteExecutor.accessTestCaseMainPhase(TestSuiteExecutor.java:203)
	at com.kms.katalon.core.main.TestSuiteExecutor.accessTestSuiteMainPhase(TestSuiteExecutor.java:152)
	at com.kms.katalon.core.main.TestSuiteExecutor.execute(TestSuiteExecutor.java:95)
	at com.kms.katalon.core.main.TestCaseMain.startTestSuite(TestCaseMain.java:157)
	at com.kms.katalon.core.main.TestCaseMain$startTestSuite$0.call(Unknown Source)
	at TempTestSuite1622124825440.run(TempTestSuite1622124825440.groovy:39)
Caused by: com.kms.katalon.core.exception.StepFailedException: com.kms.katalon.core.webui.exception.WebElementNotFoundException: Web element with id: 'Object Repository/1612049/Leff Sidebar/Page_Town Square - noname Mattermost/span_Close Direct Message_btnClose' located by '//a[@id='sidebarItem_y1qnc1o85pbwfganygz4i9cnuc__yjbkdmxupf8cdjsaxzzxttic5y']/span[3]' not found
	... 23 more


2021-05-27 21:35:30 - [TEST_STEP][PASSED] - openBrowser(""): Browser is opened with url: ''

2021-05-27 21:35:30 - [MESSAGE][WARNING] - A browser is already opened. Closing browser and opening a new one

2021-05-27 21:35:31 - [MESSAGE][INFO] - Starting 'Chrome' driver

2021-05-27 21:35:31 - [MESSAGE][INFO] - Action delay is set to 0 milliseconds

2021-05-27 21:35:36 - [MESSAGE][PASSED] - Browser is opened with url: ''

2021-05-27 21:35:36 - [TEST_STEP][PASSED] - navigateToUrl("https://mattermostwebapp.herokuapp.com/"): Navigate to 'https://mattermostwebapp.herokuapp.com/' successfully

2021-05-27 21:35:40 - [MESSAGE][PASSED] - Navigate to 'https://mattermostwebapp.herokuapp.com/' successfully

2021-05-27 21:35:40 - [TEST_STEP][PASSED] - callTestCase(findTestCase("1612049/CommonTC/CTC_Login"), ["username":"jooie", "password":"6z6Vi2R3i06jbzaqW0pQ8Q=="], STOP_ON_FAILURE): Call Test Case 'Test Cases/1612049/CommonTC/CTC_Login' successfully

2021-05-27 21:35:40 - [TEST_CASE][PASSED] - Test Cases/1612049/CommonTC/CTC_Login: Test Cases/1612049/CommonTC/CTC_Login

2021-05-27 21:35:40 - [TEST_STEP][PASSED] - setText(findTestObject("Object Repository/1612049/Login_Screen/Page_Mattermost/input_All team communication in one place, _dcc84b"), username): Text 'jooie' is set on object 'Object Repository/1612049/Login_Screen/Page_Mattermost/input_All team communication in one place, _dcc84b'

2021-05-27 21:35:48 - [MESSAGE][PASSED] - Text 'jooie' is set on object 'Object Repository/1612049/Login_Screen/Page_Mattermost/input_All team communication in one place, _dcc84b'

2021-05-27 21:35:48 - [TEST_STEP][PASSED] - setEncryptedText(findTestObject("Object Repository/1612049/Login_Screen/Page_Mattermost/input_All team communication in one place, _a3edc6"), password): Text ****** has been set on object 'Object Repository/1612049/Login_Screen/Page_Mattermost/input_All team communication in one place, _a3edc6'

2021-05-27 21:35:49 - [MESSAGE][PASSED] - Text ****** has been set on object 'Object Repository/1612049/Login_Screen/Page_Mattermost/input_All team communication in one place, _a3edc6'

2021-05-27 21:35:49 - [TEST_STEP][PASSED] - click(findTestObject("Object Repository/1612049/Login_Screen/Page_Mattermost/button_Sign in")): Object: 'Object Repository/1612049/Login_Screen/Page_Mattermost/button_Sign in' is clicked on

2021-05-27 21:35:50 - [MESSAGE][PASSED] - Object: 'Object Repository/1612049/Login_Screen/Page_Mattermost/button_Sign in' is clicked on

2021-05-27 21:35:50 - [MESSAGE][PASSED] - Call Test Case 'Test Cases/1612049/CommonTC/CTC_Login' successfully

2021-05-27 21:35:50 - [TEST_STEP][FAILED] - if (verifyElementPresent(findTestObject("1612049/Leff Sidebar/Page_Town Square - noname Mattermost/span_Close Direct Message_btnClose"), 10, CONTINUE_ON_FAILURE)): com.kms.katalon.core.webui.exception.WebElementNotFoundException: Web element with id: 'Object Repository/1612049/Leff Sidebar/Page_Town Square - noname Mattermost/span_Close Direct Message_btnClose' located by '//a[@id='sidebarItem_y1qnc1o85pbwfganygz4i9cnuc__yjbkdmxupf8cdjsaxzzxttic5y']/span[3]' not found (Root cause: com.kms.katalon.core.exception.StepFailedException: com.kms.katalon.core.webui.exception.WebElementNotFoundException: Web element with id: 'Object Repository/1612049/Leff Sidebar/Page_Town Square - noname Mattermost/span_Close Direct Message_btnClose' located by '//a[@id='sidebarItem_y1qnc1o85pbwfganygz4i9cnuc__yjbkdmxupf8cdjsaxzzxttic5y']/span[3]' not found
	at com.kms.katalon.core.webui.keyword.internal.WebUIKeywordMain.stepFailed(WebUIKeywordMain.groovy:64)
	at com.kms.katalon.core.webui.keyword.builtin.VerifyElementPresentKeyword$_verifyElementPresent_closure1.doCall(VerifyElementPresentKeyword.groovy:85)
	at com.kms.katalon.core.webui.keyword.builtin.VerifyElementPresentKeyword$_verifyElementPresent_closure1.call(VerifyElementPresentKeyword.groovy)
	at com.kms.katalon.core.webui.keyword.internal.WebUIKeywordMain.runKeyword(WebUIKeywordMain.groovy:20)
	at com.kms.katalon.core.webui.keyword.builtin.VerifyElementPresentKeyword.verifyElementPresent(VerifyElementPresentKeyword.groovy:92)
	at com.kms.katalon.core.webui.keyword.builtin.VerifyElementPresentKeyword.execute(VerifyElementPresentKeyword.groovy:68)
	at com.kms.katalon.core.keyword.internal.KeywordExecutor.executeKeywordForPlatform(KeywordExecutor.groovy:73)
	at com.kms.katalon.core.webui.keyword.WebUiBuiltInKeywords.verifyElementPresent(WebUiBuiltInKeywords.groovy:1447)
	at com.kms.katalon.core.webui.keyword.WebUiBuiltInKeywords$verifyElementPresent$9.call(Unknown Source)
	at TC38_Close direct messages.run(TC38_Close direct messages:27)
	at com.kms.katalon.core.main.ScriptEngine.run(ScriptEngine.java:194)
	at com.kms.katalon.core.main.ScriptEngine.runScriptAsRawText(ScriptEngine.java:119)
	at com.kms.katalon.core.main.TestCaseExecutor.runScript(TestCaseExecutor.java:398)
	at com.kms.katalon.core.main.TestCaseExecutor.doExecute(TestCaseExecutor.java:389)
	at com.kms.katalon.core.main.TestCaseExecutor.processExecutionPhase(TestCaseExecutor.java:368)
	at com.kms.katalon.core.main.TestCaseExecutor.accessMainPhase(TestCaseExecutor.java:360)
	at com.kms.katalon.core.main.TestCaseExecutor.execute(TestCaseExecutor.java:255)
	at com.kms.katalon.core.main.TestSuiteExecutor.accessTestCaseMainPhase(TestSuiteExecutor.java:203)
	at com.kms.katalon.core.main.TestSuiteExecutor.accessTestSuiteMainPhase(TestSuiteExecutor.java:152)
	at com.kms.katalon.core.main.TestSuiteExecutor.execute(TestSuiteExecutor.java:95)
	at com.kms.katalon.core.main.TestCaseMain.startTestSuite(TestCaseMain.java:157)
	at com.kms.katalon.core.main.TestCaseMain$startTestSuite$0.call(Unknown Source)
	at TempTestSuite1622124825440.run(TempTestSuite1622124825440.groovy:39)
)

2021-05-27 21:36:01 - [MESSAGE][INFO] - Unable to find the element located by 'By.xpath: //a[@id='sidebarItem_y1qnc1o85pbwfganygz4i9cnuc__yjbkdmxupf8cdjsaxzzxttic5y']/span[3]'. Please recheck the objects properties to make sure the desired element is located. 

2021-05-27 21:36:02 - [MESSAGE][FAILED] - com.kms.katalon.core.webui.exception.WebElementNotFoundException: Web element with id: 'Object Repository/1612049/Leff Sidebar/Page_Town Square - noname Mattermost/span_Close Direct Message_btnClose' located by '//a[@id='sidebarItem_y1qnc1o85pbwfganygz4i9cnuc__yjbkdmxupf8cdjsaxzzxttic5y']/span[3]' not found (Root cause: com.kms.katalon.core.exception.StepFailedException: com.kms.katalon.core.webui.exception.WebElementNotFoundException: Web element with id: 'Object Repository/1612049/Leff Sidebar/Page_Town Square - noname Mattermost/span_Close Direct Message_btnClose' located by '//a[@id='sidebarItem_y1qnc1o85pbwfganygz4i9cnuc__yjbkdmxupf8cdjsaxzzxttic5y']/span[3]' not found
	at com.kms.katalon.core.webui.keyword.internal.WebUIKeywordMain.stepFailed(WebUIKeywordMain.groovy:64)
	at com.kms.katalon.core.webui.keyword.builtin.VerifyElementPresentKeyword$_verifyElementPresent_closure1.doCall(VerifyElementPresentKeyword.groovy:85)
	at com.kms.katalon.core.webui.keyword.builtin.VerifyElementPresentKeyword$_verifyElementPresent_closure1.call(VerifyElementPresentKeyword.groovy)
	at com.kms.katalon.core.webui.keyword.internal.WebUIKeywordMain.runKeyword(WebUIKeywordMain.groovy:20)
	at com.kms.katalon.core.webui.keyword.builtin.VerifyElementPresentKeyword.verifyElementPresent(VerifyElementPresentKeyword.groovy:92)
	at com.kms.katalon.core.webui.keyword.builtin.VerifyElementPresentKeyword.execute(VerifyElementPresentKeyword.groovy:68)
	at com.kms.katalon.core.keyword.internal.KeywordExecutor.executeKeywordForPlatform(KeywordExecutor.groovy:73)
	at com.kms.katalon.core.webui.keyword.WebUiBuiltInKeywords.verifyElementPresent(WebUiBuiltInKeywords.groovy:1447)
	at com.kms.katalon.core.webui.keyword.WebUiBuiltInKeywords$verifyElementPresent$9.call(Unknown Source)
	at TC38_Close direct messages.run(TC38_Close direct messages:27)
	at com.kms.katalon.core.main.ScriptEngine.run(ScriptEngine.java:194)
	at com.kms.katalon.core.main.ScriptEngine.runScriptAsRawText(ScriptEngine.java:119)
	at com.kms.katalon.core.main.TestCaseExecutor.runScript(TestCaseExecutor.java:398)
	at com.kms.katalon.core.main.TestCaseExecutor.doExecute(TestCaseExecutor.java:389)
	at com.kms.katalon.core.main.TestCaseExecutor.processExecutionPhase(TestCaseExecutor.java:368)
	at com.kms.katalon.core.main.TestCaseExecutor.accessMainPhase(TestCaseExecutor.java:360)
	at com.kms.katalon.core.main.TestCaseExecutor.execute(TestCaseExecutor.java:255)
	at com.kms.katalon.core.main.TestSuiteExecutor.accessTestCaseMainPhase(TestSuiteExecutor.java:203)
	at com.kms.katalon.core.main.TestSuiteExecutor.accessTestSuiteMainPhase(TestSuiteExecutor.java:152)
	at com.kms.katalon.core.main.TestSuiteExecutor.execute(TestSuiteExecutor.java:95)
	at com.kms.katalon.core.main.TestCaseMain.startTestSuite(TestCaseMain.java:157)
	at com.kms.katalon.core.main.TestCaseMain$startTestSuite$0.call(Unknown Source)
	at TempTestSuite1622124825440.run(TempTestSuite1622124825440.groovy:39)
)
[[ATTACHMENT|E:\\Tai lieu hoc\\Nam 7\\HK2\\New Topics\\Homework 2\\New folder\\Mattermost_Autotesting_2\\Mattermost_AutoTesting\\Reports\\20210527_211345\\1412263\\Run_All_Test_Cases\\20210527_211345\\1622126161717.png]]

2021-05-27 21:36:02 - [TEST_STEP][PASSED] - else: Browser is closed

2021-05-27 21:36:02 - [TEST_STEP][PASSED] - closeBrowser(): Browser is closed

2021-05-27 21:36:05 - [MESSAGE][PASSED] - Browser is closed]]></system-out>
         <system-err><![CDATA[2021-05-27 21:35:28 - [TEST_CASE][FAILED] - Test Cases/1612049/TC38_Close direct messages: Test Cases/1612049/TC38_Close direct messages FAILED.
Reason:
com.kms.katalon.core.exception.StepFailedException: com.kms.katalon.core.webui.exception.WebElementNotFoundException: Web element with id: 'Object Repository/1612049/Leff Sidebar/Page_Town Square - noname Mattermost/span_Close Direct Message_btnClose' located by '//a[@id='sidebarItem_y1qnc1o85pbwfganygz4i9cnuc__yjbkdmxupf8cdjsaxzzxttic5y']/span[3]' not found (Root cause: com.kms.katalon.core.exception.StepFailedException: com.kms.katalon.core.webui.exception.WebElementNotFoundException: Web element with id: 'Object Repository/1612049/Leff Sidebar/Page_Town Square - noname Mattermost/span_Close Direct Message_btnClose' located by '//a[@id='sidebarItem_y1qnc1o85pbwfganygz4i9cnuc__yjbkdmxupf8cdjsaxzzxttic5y']/span[3]' not found
	at com.kms.katalon.core.webui.keyword.internal.WebUIKeywordMain.stepFailed(WebUIKeywordMain.groovy:64)
	at com.kms.katalon.core.webui.keyword.builtin.VerifyElementPresentKeyword$_verifyElementPresent_closure1.doCall(VerifyElementPresentKeyword.groovy:85)
	at com.kms.katalon.core.webui.keyword.builtin.VerifyElementPresentKeyword$_verifyElementPresent_closure1.call(VerifyElementPresentKeyword.groovy)
	at com.kms.katalon.core.webui.keyword.internal.WebUIKeywordMain.runKeyword(WebUIKeywordMain.groovy:20)
	at com.kms.katalon.core.webui.keyword.builtin.VerifyElementPresentKeyword.verifyElementPresent(VerifyElementPresentKeyword.groovy:92)
	at com.kms.katalon.core.webui.keyword.builtin.VerifyElementPresentKeyword.execute(VerifyElementPresentKeyword.groovy:68)
	at com.kms.katalon.core.keyword.internal.KeywordExecutor.executeKeywordForPlatform(KeywordExecutor.groovy:73)
	at com.kms.katalon.core.webui.keyword.WebUiBuiltInKeywords.verifyElementPresent(WebUiBuiltInKeywords.groovy:1447)
	at com.kms.katalon.core.webui.keyword.WebUiBuiltInKeywords$verifyElementPresent$9.call(Unknown Source)
	at TC38_Close direct messages.run(TC38_Close direct messages:27)
	at com.kms.katalon.core.main.ScriptEngine.run(ScriptEngine.java:194)
	at com.kms.katalon.core.main.ScriptEngine.runScriptAsRawText(ScriptEngine.java:119)
	at com.kms.katalon.core.main.TestCaseExecutor.runScript(TestCaseExecutor.java:398)
	at com.kms.katalon.core.main.TestCaseExecutor.doExecute(TestCaseExecutor.java:389)
	at com.kms.katalon.core.main.TestCaseExecutor.processExecutionPhase(TestCaseExecutor.java:368)
	at com.kms.katalon.core.main.TestCaseExecutor.accessMainPhase(TestCaseExecutor.java:360)
	at com.kms.katalon.core.main.TestCaseExecutor.execute(TestCaseExecutor.java:255)
	at com.kms.katalon.core.main.TestSuiteExecutor.accessTestCaseMainPhase(TestSuiteExecutor.java:203)
	at com.kms.katalon.core.main.TestSuiteExecutor.accessTestSuiteMainPhase(TestSuiteExecutor.java:152)
	at com.kms.katalon.core.main.TestSuiteExecutor.execute(TestSuiteExecutor.java:95)
	at com.kms.katalon.core.main.TestCaseMain.startTestSuite(TestCaseMain.java:157)
	at com.kms.katalon.core.main.TestCaseMain$startTestSuite$0.call(Unknown Source)
	at TempTestSuite1622124825440.run(TempTestSuite1622124825440.groovy:39)
)
	at com.kms.katalon.core.keyword.internal.KeywordMain.stepFailed(KeywordMain.groovy:39)
	at com.kms.katalon.core.webui.keyword.internal.WebUIKeywordMain.stepFailed(WebUIKeywordMain.groovy:64)
	at com.kms.katalon.core.webui.keyword.builtin.VerifyElementPresentKeyword$_verifyElementPresent_closure1.doCall(VerifyElementPresentKeyword.groovy:85)
	at com.kms.katalon.core.webui.keyword.builtin.VerifyElementPresentKeyword$_verifyElementPresent_closure1.call(VerifyElementPresentKeyword.groovy)
	at com.kms.katalon.core.webui.keyword.internal.WebUIKeywordMain.runKeyword(WebUIKeywordMain.groovy:20)
	at com.kms.katalon.core.webui.keyword.builtin.VerifyElementPresentKeyword.verifyElementPresent(VerifyElementPresentKeyword.groovy:92)
	at com.kms.katalon.core.webui.keyword.builtin.VerifyElementPresentKeyword.execute(VerifyElementPresentKeyword.groovy:68)
	at com.kms.katalon.core.keyword.internal.KeywordExecutor.executeKeywordForPlatform(KeywordExecutor.groovy:73)
	at com.kms.katalon.core.webui.keyword.WebUiBuiltInKeywords.verifyElementPresent(WebUiBuiltInKeywords.groovy:1447)
	at com.kms.katalon.core.webui.keyword.WebUiBuiltInKeywords$verifyElementPresent$9.call(Unknown Source)
	at TC38_Close direct messages.run(TC38_Close direct messages:27)
	at com.kms.katalon.core.main.ScriptEngine.run(ScriptEngine.java:194)
	at com.kms.katalon.core.main.ScriptEngine.runScriptAsRawText(ScriptEngine.java:119)
	at com.kms.katalon.core.main.TestCaseExecutor.runScript(TestCaseExecutor.java:398)
	at com.kms.katalon.core.main.TestCaseExecutor.doExecute(TestCaseExecutor.java:389)
	at com.kms.katalon.core.main.TestCaseExecutor.processExecutionPhase(TestCaseExecutor.java:368)
	at com.kms.katalon.core.main.TestCaseExecutor.accessMainPhase(TestCaseExecutor.java:360)
	at com.kms.katalon.core.main.TestCaseExecutor.execute(TestCaseExecutor.java:255)
	at com.kms.katalon.core.main.TestSuiteExecutor.accessTestCaseMainPhase(TestSuiteExecutor.java:203)
	at com.kms.katalon.core.main.TestSuiteExecutor.accessTestSuiteMainPhase(TestSuiteExecutor.java:152)
	at com.kms.katalon.core.main.TestSuiteExecutor.execute(TestSuiteExecutor.java:95)
	at com.kms.katalon.core.main.TestCaseMain.startTestSuite(TestCaseMain.java:157)
	at com.kms.katalon.core.main.TestCaseMain$startTestSuite$0.call(Unknown Source)
	at TempTestSuite1622124825440.run(TempTestSuite1622124825440.groovy:39)
Caused by: com.kms.katalon.core.exception.StepFailedException: com.kms.katalon.core.webui.exception.WebElementNotFoundException: Web element with id: 'Object Repository/1612049/Leff Sidebar/Page_Town Square - noname Mattermost/span_Close Direct Message_btnClose' located by '//a[@id='sidebarItem_y1qnc1o85pbwfganygz4i9cnuc__yjbkdmxupf8cdjsaxzzxttic5y']/span[3]' not found
	... 23 more]]></system-err>
      </testcase>
      <testcase name="Test Cases/1612049/TC39_Reply to a message" time="39.357" classname="Test Cases/1612049/TC39_Reply to a message" status="PASSED">
         <system-out><![CDATA[2021-05-27 21:36:05 - [TEST_CASE][PASSED] - Test Cases/1612049/TC39_Reply to a message: Test Cases/1612049/TC39_Reply to a message

2021-05-27 21:36:06 - [TEST_STEP][PASSED] - openBrowser(""): Browser is opened with url: ''

2021-05-27 21:36:06 - [MESSAGE][INFO] - Starting 'Chrome' driver

2021-05-27 21:36:06 - [MESSAGE][INFO] - Action delay is set to 0 milliseconds

2021-05-27 21:36:17 - [MESSAGE][PASSED] - Browser is opened with url: ''

2021-05-27 21:36:17 - [TEST_STEP][PASSED] - navigateToUrl("https://mattermostwebapp.herokuapp.com/"): Navigate to 'https://mattermostwebapp.herokuapp.com/' successfully

2021-05-27 21:36:22 - [MESSAGE][PASSED] - Navigate to 'https://mattermostwebapp.herokuapp.com/' successfully

2021-05-27 21:36:22 - [TEST_STEP][PASSED] - callTestCase(findTestCase("1612049/CommonTC/CTC_Login"), ["username":"jooie", "password":"6z6Vi2R3i06jbzaqW0pQ8Q=="], STOP_ON_FAILURE): Call Test Case 'Test Cases/1612049/CommonTC/CTC_Login' successfully

2021-05-27 21:36:22 - [TEST_CASE][PASSED] - Test Cases/1612049/CommonTC/CTC_Login: Test Cases/1612049/CommonTC/CTC_Login

2021-05-27 21:36:22 - [TEST_STEP][PASSED] - setText(findTestObject("Object Repository/1612049/Login_Screen/Page_Mattermost/input_All team communication in one place, _dcc84b"), username): Text 'jooie' is set on object 'Object Repository/1612049/Login_Screen/Page_Mattermost/input_All team communication in one place, _dcc84b'

2021-05-27 21:36:29 - [MESSAGE][PASSED] - Text 'jooie' is set on object 'Object Repository/1612049/Login_Screen/Page_Mattermost/input_All team communication in one place, _dcc84b'

2021-05-27 21:36:29 - [TEST_STEP][PASSED] - setEncryptedText(findTestObject("Object Repository/1612049/Login_Screen/Page_Mattermost/input_All team communication in one place, _a3edc6"), password): Text ****** has been set on object 'Object Repository/1612049/Login_Screen/Page_Mattermost/input_All team communication in one place, _a3edc6'

2021-05-27 21:36:30 - [MESSAGE][PASSED] - Text ****** has been set on object 'Object Repository/1612049/Login_Screen/Page_Mattermost/input_All team communication in one place, _a3edc6'

2021-05-27 21:36:30 - [TEST_STEP][PASSED] - click(findTestObject("Object Repository/1612049/Login_Screen/Page_Mattermost/button_Sign in")): Object: 'Object Repository/1612049/Login_Screen/Page_Mattermost/button_Sign in' is clicked on

2021-05-27 21:36:31 - [MESSAGE][PASSED] - Object: 'Object Repository/1612049/Login_Screen/Page_Mattermost/button_Sign in' is clicked on

2021-05-27 21:36:31 - [MESSAGE][PASSED] - Call Test Case 'Test Cases/1612049/CommonTC/CTC_Login' successfully

2021-05-27 21:36:31 - [TEST_STEP][PASSED] - mouseOver(findTestObject("1612049/DirectMessage_Workspace/div_Message_divMessage")): Object: 'Object Repository/1612049/DirectMessage_Workspace/div_Message_divMessage' is hovered

2021-05-27 21:36:38 - [MESSAGE][PASSED] - Object: 'Object Repository/1612049/DirectMessage_Workspace/div_Message_divMessage' is hovered

2021-05-27 21:36:38 - [TEST_STEP][PASSED] - click(findTestObject("1612049/DirectMessage_Workspace/btn_Reply A Message_btnReply")): Object: 'Object Repository/1612049/DirectMessage_Workspace/btn_Reply A Message_btnReply' is clicked on

2021-05-27 21:36:40 - [MESSAGE][PASSED] - Object: 'Object Repository/1612049/DirectMessage_Workspace/btn_Reply A Message_btnReply' is clicked on

2021-05-27 21:36:40 - [TEST_STEP][PASSED] - setText(findTestObject("1612049/DirectMessage_Workspace/textarea_Add a comment_reply_textbox"), "I'm jooie"): Text 'I'm jooie' is set on object 'Object Repository/1612049/DirectMessage_Workspace/textarea_Add a comment_reply_textbox'

2021-05-27 21:36:42 - [MESSAGE][PASSED] - Text 'I'm jooie' is set on object 'Object Repository/1612049/DirectMessage_Workspace/textarea_Add a comment_reply_textbox'

2021-05-27 21:36:42 - [TEST_STEP][PASSED] - click(findTestObject("1612049/DirectMessage_Workspace/btn_Replied Message Button_btnAdd")): Object: 'Object Repository/1612049/DirectMessage_Workspace/btn_Replied Message Button_btnAdd' is clicked on

2021-05-27 21:36:43 - [MESSAGE][PASSED] - Object: 'Object Repository/1612049/DirectMessage_Workspace/btn_Replied Message Button_btnAdd' is clicked on

2021-05-27 21:36:43 - [TEST_STEP][PASSED] - click(findTestObject("1612049/DirectMessage_Workspace/btn_Close Comment Button_btnClose")): Object: 'Object Repository/1612049/DirectMessage_Workspace/btn_Close Comment Button_btnClose' is clicked on

2021-05-27 21:36:45 - [MESSAGE][PASSED] - Object: 'Object Repository/1612049/DirectMessage_Workspace/btn_Close Comment Button_btnClose' is clicked on]]></system-out>
         <system-err><![CDATA[]]></system-err>
      </testcase>
      <testcase name="Test Cases/1612049/TC40_Add emoji" time="62.342" classname="Test Cases/1612049/TC40_Add emoji" status="FAILED">
         <failure type="FAILED" message="Test Cases/1612049/TC40_Add emoji FAILED.
Reason:
com.kms.katalon.core.exception.StepFailedException: Unable to click on object 'Object Repository/1612049/DirectMessage_Workspace/button_Emoji Picker Button'
	at com.kms.katalon.core.webui.keyword.internal.WebUIKeywordMain.stepFailed(WebUIKeywordMain.groovy:64)
	at com.kms.katalon.core.webui.keyword.internal.WebUIKeywordMain.runKeyword(WebUIKeywordMain.groovy:26)
	at com.kms.katalon.core.webui.keyword.builtin.ClickKeyword.click(ClickKeyword.groovy:75)
	at com.kms.katalon.core.webui.keyword.builtin.ClickKeyword.execute(ClickKeyword.groovy:42)
	at com.kms.katalon.core.keyword.internal.KeywordExecutor.executeKeywordForPlatform(KeywordExecutor.groovy:73)
	at com.kms.katalon.core.webui.keyword.WebUiBuiltInKeywords.click(WebUiBuiltInKeywords.groovy:619)
	at com.kms.katalon.core.webui.keyword.WebUiBuiltInKeywords$click$3.call(Unknown Source)
	at TC40_Add emoji.run(TC40_Add emoji:27)
	at com.kms.katalon.core.main.ScriptEngine.run(ScriptEngine.java:194)
	at com.kms.katalon.core.main.ScriptEngine.runScriptAsRawText(ScriptEngine.java:119)
	at com.kms.katalon.core.main.TestCaseExecutor.runScript(TestCaseExecutor.java:398)
	at com.kms.katalon.core.main.TestCaseExecutor.doExecute(TestCaseExecutor.java:389)
	at com.kms.katalon.core.main.TestCaseExecutor.processExecutionPhase(TestCaseExecutor.java:368)
	at com.kms.katalon.core.main.TestCaseExecutor.accessMainPhase(TestCaseExecutor.java:360)
	at com.kms.katalon.core.main.TestCaseExecutor.execute(TestCaseExecutor.java:255)
	at com.kms.katalon.core.main.TestSuiteExecutor.accessTestCaseMainPhase(TestSuiteExecutor.java:203)
	at com.kms.katalon.core.main.TestSuiteExecutor.accessTestSuiteMainPhase(TestSuiteExecutor.java:152)
	at com.kms.katalon.core.main.TestSuiteExecutor.execute(TestSuiteExecutor.java:95)
	at com.kms.katalon.core.main.TestCaseMain.startTestSuite(TestCaseMain.java:157)
	at com.kms.katalon.core.main.TestCaseMain$startTestSuite$0.call(Unknown Source)
	at TempTestSuite1622124825440.run(TempTestSuite1622124825440.groovy:39)
Caused by: com.kms.katalon.core.webui.exception.WebElementNotFoundException: Web element with id: 'Object Repository/1612049/DirectMessage_Workspace/button_Emoji Picker Button' located by '//button[@class='emoji-picker__container post-action'])' not found
	at com.kms.katalon.core.webui.common.WebUiCommonHelper.findWebElement(WebUiCommonHelper.java:1368)
	at com.kms.katalon.core.webui.keyword.internal.WebUIAbstractKeyword.findWebElement(WebUIAbstractKeyword.groovy:27)
	at com.kms.katalon.core.webui.keyword.internal.WebUIAbstractKeyword.findWebElement(WebUIAbstractKeyword.groovy:26)
	at com.kms.katalon.core.webui.keyword.builtin.ClickKeyword$_click_closure1.doCall(ClickKeyword.groovy:66)
	at com.kms.katalon.core.webui.keyword.builtin.ClickKeyword$_click_closure1.call(ClickKeyword.groovy)
	at com.kms.katalon.core.webui.keyword.internal.WebUIKeywordMain.runKeyword(WebUIKeywordMain.groovy:20)
	... 19 more
"/>
         <system-out><![CDATA[2021-05-27 21:36:45 - [TEST_CASE][FAILED] - Test Cases/1612049/TC40_Add emoji: Test Cases/1612049/TC40_Add emoji FAILED.
Reason:
com.kms.katalon.core.exception.StepFailedException: Unable to click on object 'Object Repository/1612049/DirectMessage_Workspace/button_Emoji Picker Button'
	at com.kms.katalon.core.webui.keyword.internal.WebUIKeywordMain.stepFailed(WebUIKeywordMain.groovy:64)
	at com.kms.katalon.core.webui.keyword.internal.WebUIKeywordMain.runKeyword(WebUIKeywordMain.groovy:26)
	at com.kms.katalon.core.webui.keyword.builtin.ClickKeyword.click(ClickKeyword.groovy:75)
	at com.kms.katalon.core.webui.keyword.builtin.ClickKeyword.execute(ClickKeyword.groovy:42)
	at com.kms.katalon.core.keyword.internal.KeywordExecutor.executeKeywordForPlatform(KeywordExecutor.groovy:73)
	at com.kms.katalon.core.webui.keyword.WebUiBuiltInKeywords.click(WebUiBuiltInKeywords.groovy:619)
	at com.kms.katalon.core.webui.keyword.WebUiBuiltInKeywords$click$3.call(Unknown Source)
	at TC40_Add emoji.run(TC40_Add emoji:27)
	at com.kms.katalon.core.main.ScriptEngine.run(ScriptEngine.java:194)
	at com.kms.katalon.core.main.ScriptEngine.runScriptAsRawText(ScriptEngine.java:119)
	at com.kms.katalon.core.main.TestCaseExecutor.runScript(TestCaseExecutor.java:398)
	at com.kms.katalon.core.main.TestCaseExecutor.doExecute(TestCaseExecutor.java:389)
	at com.kms.katalon.core.main.TestCaseExecutor.processExecutionPhase(TestCaseExecutor.java:368)
	at com.kms.katalon.core.main.TestCaseExecutor.accessMainPhase(TestCaseExecutor.java:360)
	at com.kms.katalon.core.main.TestCaseExecutor.execute(TestCaseExecutor.java:255)
	at com.kms.katalon.core.main.TestSuiteExecutor.accessTestCaseMainPhase(TestSuiteExecutor.java:203)
	at com.kms.katalon.core.main.TestSuiteExecutor.accessTestSuiteMainPhase(TestSuiteExecutor.java:152)
	at com.kms.katalon.core.main.TestSuiteExecutor.execute(TestSuiteExecutor.java:95)
	at com.kms.katalon.core.main.TestCaseMain.startTestSuite(TestCaseMain.java:157)
	at com.kms.katalon.core.main.TestCaseMain$startTestSuite$0.call(Unknown Source)
	at TempTestSuite1622124825440.run(TempTestSuite1622124825440.groovy:39)
Caused by: com.kms.katalon.core.webui.exception.WebElementNotFoundException: Web element with id: 'Object Repository/1612049/DirectMessage_Workspace/button_Emoji Picker Button' located by '//button[@class='emoji-picker__container post-action'])' not found
	at com.kms.katalon.core.webui.common.WebUiCommonHelper.findWebElement(WebUiCommonHelper.java:1368)
	at com.kms.katalon.core.webui.keyword.internal.WebUIAbstractKeyword.findWebElement(WebUIAbstractKeyword.groovy:27)
	at com.kms.katalon.core.webui.keyword.internal.WebUIAbstractKeyword.findWebElement(WebUIAbstractKeyword.groovy:26)
	at com.kms.katalon.core.webui.keyword.builtin.ClickKeyword$_click_closure1.doCall(ClickKeyword.groovy:66)
	at com.kms.katalon.core.webui.keyword.builtin.ClickKeyword$_click_closure1.call(ClickKeyword.groovy)
	at com.kms.katalon.core.webui.keyword.internal.WebUIKeywordMain.runKeyword(WebUIKeywordMain.groovy:20)
	... 19 more


2021-05-27 21:36:46 - [TEST_STEP][PASSED] - openBrowser(""): Browser is opened with url: ''

2021-05-27 21:36:46 - [MESSAGE][WARNING] - A browser is already opened. Closing browser and opening a new one

2021-05-27 21:36:49 - [MESSAGE][INFO] - Starting 'Chrome' driver

2021-05-27 21:36:49 - [MESSAGE][INFO] - Action delay is set to 0 milliseconds

2021-05-27 21:37:03 - [MESSAGE][PASSED] - Browser is opened with url: ''

2021-05-27 21:37:03 - [TEST_STEP][PASSED] - navigateToUrl("https://mattermostwebapp.herokuapp.com/"): Navigate to 'https://mattermostwebapp.herokuapp.com/' successfully

2021-05-27 21:37:08 - [MESSAGE][PASSED] - Navigate to 'https://mattermostwebapp.herokuapp.com/' successfully

2021-05-27 21:37:08 - [TEST_STEP][PASSED] - callTestCase(findTestCase("1612049/CommonTC/CTC_Login"), ["username":"jooie", "password":"6z6Vi2R3i06jbzaqW0pQ8Q=="], STOP_ON_FAILURE): Call Test Case 'Test Cases/1612049/CommonTC/CTC_Login' successfully

2021-05-27 21:37:08 - [TEST_CASE][PASSED] - Test Cases/1612049/CommonTC/CTC_Login: Test Cases/1612049/CommonTC/CTC_Login

2021-05-27 21:37:08 - [TEST_STEP][PASSED] - setText(findTestObject("Object Repository/1612049/Login_Screen/Page_Mattermost/input_All team communication in one place, _dcc84b"), username): Text 'jooie' is set on object 'Object Repository/1612049/Login_Screen/Page_Mattermost/input_All team communication in one place, _dcc84b'

2021-05-27 21:37:14 - [MESSAGE][PASSED] - Text 'jooie' is set on object 'Object Repository/1612049/Login_Screen/Page_Mattermost/input_All team communication in one place, _dcc84b'

2021-05-27 21:37:14 - [TEST_STEP][PASSED] - setEncryptedText(findTestObject("Object Repository/1612049/Login_Screen/Page_Mattermost/input_All team communication in one place, _a3edc6"), password): Text ****** has been set on object 'Object Repository/1612049/Login_Screen/Page_Mattermost/input_All team communication in one place, _a3edc6'

2021-05-27 21:37:15 - [MESSAGE][PASSED] - Text ****** has been set on object 'Object Repository/1612049/Login_Screen/Page_Mattermost/input_All team communication in one place, _a3edc6'

2021-05-27 21:37:15 - [TEST_STEP][PASSED] - click(findTestObject("Object Repository/1612049/Login_Screen/Page_Mattermost/button_Sign in")): Object: 'Object Repository/1612049/Login_Screen/Page_Mattermost/button_Sign in' is clicked on

2021-05-27 21:37:15 - [MESSAGE][PASSED] - Object: 'Object Repository/1612049/Login_Screen/Page_Mattermost/button_Sign in' is clicked on

2021-05-27 21:37:15 - [MESSAGE][PASSED] - Call Test Case 'Test Cases/1612049/CommonTC/CTC_Login' successfully

2021-05-27 21:37:15 - [TEST_STEP][FAILED] - click(findTestObject("1612049/DirectMessage_Workspace/button_Emoji Picker Button")): Unable to click on object 'Object Repository/1612049/DirectMessage_Workspace/button_Emoji Picker Button' (Root cause: com.kms.katalon.core.exception.StepFailedException: Unable to click on object 'Object Repository/1612049/DirectMessage_Workspace/button_Emoji Picker Button'
	at com.kms.katalon.core.webui.keyword.internal.WebUIKeywordMain.stepFailed(WebUIKeywordMain.groovy:64)
	at com.kms.katalon.core.webui.keyword.internal.WebUIKeywordMain.runKeyword(WebUIKeywordMain.groovy:26)
	at com.kms.katalon.core.webui.keyword.builtin.ClickKeyword.click(ClickKeyword.groovy:75)
	at com.kms.katalon.core.webui.keyword.builtin.ClickKeyword.execute(ClickKeyword.groovy:42)
	at com.kms.katalon.core.keyword.internal.KeywordExecutor.executeKeywordForPlatform(KeywordExecutor.groovy:73)
	at com.kms.katalon.core.webui.keyword.WebUiBuiltInKeywords.click(WebUiBuiltInKeywords.groovy:619)
	at com.kms.katalon.core.webui.keyword.WebUiBuiltInKeywords$click$3.call(Unknown Source)
	at TC40_Add emoji.run(TC40_Add emoji:27)
	at com.kms.katalon.core.main.ScriptEngine.run(ScriptEngine.java:194)
	at com.kms.katalon.core.main.ScriptEngine.runScriptAsRawText(ScriptEngine.java:119)
	at com.kms.katalon.core.main.TestCaseExecutor.runScript(TestCaseExecutor.java:398)
	at com.kms.katalon.core.main.TestCaseExecutor.doExecute(TestCaseExecutor.java:389)
	at com.kms.katalon.core.main.TestCaseExecutor.processExecutionPhase(TestCaseExecutor.java:368)
	at com.kms.katalon.core.main.TestCaseExecutor.accessMainPhase(TestCaseExecutor.java:360)
	at com.kms.katalon.core.main.TestCaseExecutor.execute(TestCaseExecutor.java:255)
	at com.kms.katalon.core.main.TestSuiteExecutor.accessTestCaseMainPhase(TestSuiteExecutor.java:203)
	at com.kms.katalon.core.main.TestSuiteExecutor.accessTestSuiteMainPhase(TestSuiteExecutor.java:152)
	at com.kms.katalon.core.main.TestSuiteExecutor.execute(TestSuiteExecutor.java:95)
	at com.kms.katalon.core.main.TestCaseMain.startTestSuite(TestCaseMain.java:157)
	at com.kms.katalon.core.main.TestCaseMain$startTestSuite$0.call(Unknown Source)
	at TempTestSuite1622124825440.run(TempTestSuite1622124825440.groovy:39)
Caused by: com.kms.katalon.core.webui.exception.WebElementNotFoundException: Web element with id: 'Object Repository/1612049/DirectMessage_Workspace/button_Emoji Picker Button' located by '//button[@class='emoji-picker__container post-action'])' not found
	at com.kms.katalon.core.webui.common.WebUiCommonHelper.findWebElement(WebUiCommonHelper.java:1368)
	at com.kms.katalon.core.webui.keyword.internal.WebUIAbstractKeyword.findWebElement(WebUIAbstractKeyword.groovy:27)
	at com.kms.katalon.core.webui.keyword.internal.WebUIAbstractKeyword.findWebElement(WebUIAbstractKeyword.groovy:26)
	at com.kms.katalon.core.webui.keyword.builtin.ClickKeyword$_click_closure1.doCall(ClickKeyword.groovy:66)
	at com.kms.katalon.core.webui.keyword.builtin.ClickKeyword$_click_closure1.call(ClickKeyword.groovy)
	at com.kms.katalon.core.webui.keyword.internal.WebUIKeywordMain.runKeyword(WebUIKeywordMain.groovy:20)
	at com.kms.katalon.core.webui.keyword.builtin.ClickKeyword.click(ClickKeyword.groovy:75)
	at com.kms.katalon.core.webui.keyword.builtin.ClickKeyword.execute(ClickKeyword.groovy:42)
	at com.kms.katalon.core.keyword.internal.KeywordExecutor.executeKeywordForPlatform(KeywordExecutor.groovy:73)
	at com.kms.katalon.core.webui.keyword.WebUiBuiltInKeywords.click(WebUiBuiltInKeywords.groovy:619)
	at com.kms.katalon.core.webui.keyword.WebUiBuiltInKeywords$click$3.call(Unknown Source)
	at Script1621730314401.run(Script1621730314401.groovy:27)
	... 13 more
)

2021-05-27 21:37:47 - [MESSAGE][INFO] - Unable to find the element located by 'By.xpath: //button[@class='emoji-picker__container post-action'])'. Please recheck the objects properties to make sure the desired element is located. 

2021-05-27 21:37:47 - [MESSAGE][FAILED] - Unable to click on object 'Object Repository/1612049/DirectMessage_Workspace/button_Emoji Picker Button' (Root cause: com.kms.katalon.core.exception.StepFailedException: Unable to click on object 'Object Repository/1612049/DirectMessage_Workspace/button_Emoji Picker Button'
	at com.kms.katalon.core.webui.keyword.internal.WebUIKeywordMain.stepFailed(WebUIKeywordMain.groovy:64)
	at com.kms.katalon.core.webui.keyword.internal.WebUIKeywordMain.runKeyword(WebUIKeywordMain.groovy:26)
	at com.kms.katalon.core.webui.keyword.builtin.ClickKeyword.click(ClickKeyword.groovy:75)
	at com.kms.katalon.core.webui.keyword.builtin.ClickKeyword.execute(ClickKeyword.groovy:42)
	at com.kms.katalon.core.keyword.internal.KeywordExecutor.executeKeywordForPlatform(KeywordExecutor.groovy:73)
	at com.kms.katalon.core.webui.keyword.WebUiBuiltInKeywords.click(WebUiBuiltInKeywords.groovy:619)
	at com.kms.katalon.core.webui.keyword.WebUiBuiltInKeywords$click$3.call(Unknown Source)
	at TC40_Add emoji.run(TC40_Add emoji:27)
	at com.kms.katalon.core.main.ScriptEngine.run(ScriptEngine.java:194)
	at com.kms.katalon.core.main.ScriptEngine.runScriptAsRawText(ScriptEngine.java:119)
	at com.kms.katalon.core.main.TestCaseExecutor.runScript(TestCaseExecutor.java:398)
	at com.kms.katalon.core.main.TestCaseExecutor.doExecute(TestCaseExecutor.java:389)
	at com.kms.katalon.core.main.TestCaseExecutor.processExecutionPhase(TestCaseExecutor.java:368)
	at com.kms.katalon.core.main.TestCaseExecutor.accessMainPhase(TestCaseExecutor.java:360)
	at com.kms.katalon.core.main.TestCaseExecutor.execute(TestCaseExecutor.java:255)
	at com.kms.katalon.core.main.TestSuiteExecutor.accessTestCaseMainPhase(TestSuiteExecutor.java:203)
	at com.kms.katalon.core.main.TestSuiteExecutor.accessTestSuiteMainPhase(TestSuiteExecutor.java:152)
	at com.kms.katalon.core.main.TestSuiteExecutor.execute(TestSuiteExecutor.java:95)
	at com.kms.katalon.core.main.TestCaseMain.startTestSuite(TestCaseMain.java:157)
	at com.kms.katalon.core.main.TestCaseMain$startTestSuite$0.call(Unknown Source)
	at TempTestSuite1622124825440.run(TempTestSuite1622124825440.groovy:39)
Caused by: com.kms.katalon.core.webui.exception.WebElementNotFoundException: Web element with id: 'Object Repository/1612049/DirectMessage_Workspace/button_Emoji Picker Button' located by '//button[@class='emoji-picker__container post-action'])' not found
	at com.kms.katalon.core.webui.common.WebUiCommonHelper.findWebElement(WebUiCommonHelper.java:1368)
	at com.kms.katalon.core.webui.keyword.internal.WebUIAbstractKeyword.findWebElement(WebUIAbstractKeyword.groovy:27)
	at com.kms.katalon.core.webui.keyword.internal.WebUIAbstractKeyword.findWebElement(WebUIAbstractKeyword.groovy:26)
	at com.kms.katalon.core.webui.keyword.builtin.ClickKeyword$_click_closure1.doCall(ClickKeyword.groovy:66)
	at com.kms.katalon.core.webui.keyword.builtin.ClickKeyword$_click_closure1.call(ClickKeyword.groovy)
	at com.kms.katalon.core.webui.keyword.internal.WebUIKeywordMain.runKeyword(WebUIKeywordMain.groovy:20)
	at com.kms.katalon.core.webui.keyword.builtin.ClickKeyword.click(ClickKeyword.groovy:75)
	at com.kms.katalon.core.webui.keyword.builtin.ClickKeyword.execute(ClickKeyword.groovy:42)
	at com.kms.katalon.core.keyword.internal.KeywordExecutor.executeKeywordForPlatform(KeywordExecutor.groovy:73)
	at com.kms.katalon.core.webui.keyword.WebUiBuiltInKeywords.click(WebUiBuiltInKeywords.groovy:619)
	at com.kms.katalon.core.webui.keyword.WebUiBuiltInKeywords$click$3.call(Unknown Source)
	at Script1621730314401.run(Script1621730314401.groovy:27)
	... 13 more
)
[[ATTACHMENT|E:\\Tai lieu hoc\\Nam 7\\HK2\\New Topics\\Homework 2\\New folder\\Mattermost_Autotesting_2\\Mattermost_AutoTesting\\Reports\\20210527_211345\\1412263\\Run_All_Test_Cases\\20210527_211345\\1622126267201.png]]]]></system-out>
         <system-err><![CDATA[2021-05-27 21:36:45 - [TEST_CASE][FAILED] - Test Cases/1612049/TC40_Add emoji: Test Cases/1612049/TC40_Add emoji FAILED.
Reason:
com.kms.katalon.core.exception.StepFailedException: Unable to click on object 'Object Repository/1612049/DirectMessage_Workspace/button_Emoji Picker Button'
	at com.kms.katalon.core.webui.keyword.internal.WebUIKeywordMain.stepFailed(WebUIKeywordMain.groovy:64)
	at com.kms.katalon.core.webui.keyword.internal.WebUIKeywordMain.runKeyword(WebUIKeywordMain.groovy:26)
	at com.kms.katalon.core.webui.keyword.builtin.ClickKeyword.click(ClickKeyword.groovy:75)
	at com.kms.katalon.core.webui.keyword.builtin.ClickKeyword.execute(ClickKeyword.groovy:42)
	at com.kms.katalon.core.keyword.internal.KeywordExecutor.executeKeywordForPlatform(KeywordExecutor.groovy:73)
	at com.kms.katalon.core.webui.keyword.WebUiBuiltInKeywords.click(WebUiBuiltInKeywords.groovy:619)
	at com.kms.katalon.core.webui.keyword.WebUiBuiltInKeywords$click$3.call(Unknown Source)
	at TC40_Add emoji.run(TC40_Add emoji:27)
	at com.kms.katalon.core.main.ScriptEngine.run(ScriptEngine.java:194)
	at com.kms.katalon.core.main.ScriptEngine.runScriptAsRawText(ScriptEngine.java:119)
	at com.kms.katalon.core.main.TestCaseExecutor.runScript(TestCaseExecutor.java:398)
	at com.kms.katalon.core.main.TestCaseExecutor.doExecute(TestCaseExecutor.java:389)
	at com.kms.katalon.core.main.TestCaseExecutor.processExecutionPhase(TestCaseExecutor.java:368)
	at com.kms.katalon.core.main.TestCaseExecutor.accessMainPhase(TestCaseExecutor.java:360)
	at com.kms.katalon.core.main.TestCaseExecutor.execute(TestCaseExecutor.java:255)
	at com.kms.katalon.core.main.TestSuiteExecutor.accessTestCaseMainPhase(TestSuiteExecutor.java:203)
	at com.kms.katalon.core.main.TestSuiteExecutor.accessTestSuiteMainPhase(TestSuiteExecutor.java:152)
	at com.kms.katalon.core.main.TestSuiteExecutor.execute(TestSuiteExecutor.java:95)
	at com.kms.katalon.core.main.TestCaseMain.startTestSuite(TestCaseMain.java:157)
	at com.kms.katalon.core.main.TestCaseMain$startTestSuite$0.call(Unknown Source)
	at TempTestSuite1622124825440.run(TempTestSuite1622124825440.groovy:39)
Caused by: com.kms.katalon.core.webui.exception.WebElementNotFoundException: Web element with id: 'Object Repository/1612049/DirectMessage_Workspace/button_Emoji Picker Button' located by '//button[@class='emoji-picker__container post-action'])' not found
	at com.kms.katalon.core.webui.common.WebUiCommonHelper.findWebElement(WebUiCommonHelper.java:1368)
	at com.kms.katalon.core.webui.keyword.internal.WebUIAbstractKeyword.findWebElement(WebUIAbstractKeyword.groovy:27)
	at com.kms.katalon.core.webui.keyword.internal.WebUIAbstractKeyword.findWebElement(WebUIAbstractKeyword.groovy:26)
	at com.kms.katalon.core.webui.keyword.builtin.ClickKeyword$_click_closure1.doCall(ClickKeyword.groovy:66)
	at com.kms.katalon.core.webui.keyword.builtin.ClickKeyword$_click_closure1.call(ClickKeyword.groovy)
	at com.kms.katalon.core.webui.keyword.internal.WebUIKeywordMain.runKeyword(WebUIKeywordMain.groovy:20)
	... 19 more]]></system-err>
      </testcase>
      <testcase name="Test Cases/1612049/TC41_Edit message" time="43.757" classname="Test Cases/1612049/TC41_Edit message" status="PASSED">
         <system-out><![CDATA[2021-05-27 21:37:47 - [TEST_CASE][PASSED] - Test Cases/1612049/TC41_Edit message: Test Cases/1612049/TC41_Edit message

2021-05-27 21:37:48 - [TEST_STEP][PASSED] - openBrowser(""): Browser is opened with url: ''

2021-05-27 21:37:48 - [MESSAGE][WARNING] - A browser is already opened. Closing browser and opening a new one

2021-05-27 21:37:51 - [MESSAGE][INFO] - Starting 'Chrome' driver

2021-05-27 21:37:51 - [MESSAGE][INFO] - Action delay is set to 0 milliseconds

2021-05-27 21:38:04 - [MESSAGE][PASSED] - Browser is opened with url: ''

2021-05-27 21:38:04 - [TEST_STEP][PASSED] - navigateToUrl("https://mattermostwebapp.herokuapp.com/"): Navigate to 'https://mattermostwebapp.herokuapp.com/' successfully

2021-05-27 21:38:09 - [MESSAGE][PASSED] - Navigate to 'https://mattermostwebapp.herokuapp.com/' successfully

2021-05-27 21:38:09 - [TEST_STEP][PASSED] - callTestCase(findTestCase("1612049/CommonTC/CTC_Login"), ["username":"jooie", "password":"6z6Vi2R3i06jbzaqW0pQ8Q=="], STOP_ON_FAILURE): Call Test Case 'Test Cases/1612049/CommonTC/CTC_Login' successfully

2021-05-27 21:38:09 - [TEST_CASE][PASSED] - Test Cases/1612049/CommonTC/CTC_Login: Test Cases/1612049/CommonTC/CTC_Login

2021-05-27 21:38:09 - [TEST_STEP][PASSED] - setText(findTestObject("Object Repository/1612049/Login_Screen/Page_Mattermost/input_All team communication in one place, _dcc84b"), username): Text 'jooie' is set on object 'Object Repository/1612049/Login_Screen/Page_Mattermost/input_All team communication in one place, _dcc84b'

2021-05-27 21:38:15 - [MESSAGE][PASSED] - Text 'jooie' is set on object 'Object Repository/1612049/Login_Screen/Page_Mattermost/input_All team communication in one place, _dcc84b'

2021-05-27 21:38:15 - [TEST_STEP][PASSED] - setEncryptedText(findTestObject("Object Repository/1612049/Login_Screen/Page_Mattermost/input_All team communication in one place, _a3edc6"), password): Text ****** has been set on object 'Object Repository/1612049/Login_Screen/Page_Mattermost/input_All team communication in one place, _a3edc6'

2021-05-27 21:38:16 - [MESSAGE][PASSED] - Text ****** has been set on object 'Object Repository/1612049/Login_Screen/Page_Mattermost/input_All team communication in one place, _a3edc6'

2021-05-27 21:38:16 - [TEST_STEP][PASSED] - click(findTestObject("Object Repository/1612049/Login_Screen/Page_Mattermost/button_Sign in")): Object: 'Object Repository/1612049/Login_Screen/Page_Mattermost/button_Sign in' is clicked on

2021-05-27 21:38:17 - [MESSAGE][PASSED] - Object: 'Object Repository/1612049/Login_Screen/Page_Mattermost/button_Sign in' is clicked on

2021-05-27 21:38:17 - [MESSAGE][PASSED] - Call Test Case 'Test Cases/1612049/CommonTC/CTC_Login' successfully

2021-05-27 21:38:17 - [TEST_STEP][PASSED] - mouseOver(findTestObject("1612049/DirectMessage_Dialog/div_Message")): Object: 'Object Repository/1612049/DirectMessage_Dialog/div_Message' is hovered

2021-05-27 21:38:24 - [MESSAGE][PASSED] - Object: 'Object Repository/1612049/DirectMessage_Dialog/div_Message' is hovered

2021-05-27 21:38:24 - [TEST_STEP][PASSED] - click(findTestObject("1612049/DirectMessage_Workspace/btn_More Actions")): Object: 'Object Repository/1612049/DirectMessage_Workspace/btn_More Actions' is clicked on

2021-05-27 21:38:26 - [MESSAGE][PASSED] - Object: 'Object Repository/1612049/DirectMessage_Workspace/btn_More Actions' is clicked on

2021-05-27 21:38:26 - [TEST_STEP][PASSED] - click(findTestObject("1612049/DirectMessage_Workspace/btn_Edit Message")): Object: 'Object Repository/1612049/DirectMessage_Workspace/btn_Edit Message' is clicked on

2021-05-27 21:38:27 - [MESSAGE][PASSED] - Object: 'Object Repository/1612049/DirectMessage_Workspace/btn_Edit Message' is clicked on

2021-05-27 21:38:27 - [TEST_STEP][PASSED] - setText(findTestObject("1612049/DirectMessage_Workspace/textarea_Edit Message"), getText(findTestObject("1612049/DirectMessage_Workspace/textarea_Edit Message")) + " edited"): Text 'abcd edited edited edited edited' is set on object 'Object Repository/1612049/DirectMessage_Workspace/textarea_Edit Message'

2021-05-27 21:38:28 - [MESSAGE][PASSED] - Text of object 'Object Repository/1612049/DirectMessage_Workspace/textarea_Edit Message' is: 'abcd edited edited edited'

2021-05-27 21:38:30 - [MESSAGE][PASSED] - Text 'abcd edited edited edited edited' is set on object 'Object Repository/1612049/DirectMessage_Workspace/textarea_Edit Message'

2021-05-27 21:38:30 - [TEST_STEP][PASSED] - click(findTestObject("1612049/DirectMessage_Workspace/btn_Save Edited Message")): Object: 'Object Repository/1612049/DirectMessage_Workspace/btn_Save Edited Message' is clicked on

2021-05-27 21:38:31 - [MESSAGE][PASSED] - Object: 'Object Repository/1612049/DirectMessage_Workspace/btn_Save Edited Message' is clicked on]]></system-out>
         <system-err><![CDATA[]]></system-err>
      </testcase>
      <testcase name="Test Cases/1612049/TC42_Mark message as unread" time="69.592" classname="Test Cases/1612049/TC42_Mark message as unread" status="FAILED">
         <failure type="FAILED" message="Test Cases/1612049/TC42_Mark message as unread FAILED.
Reason:
com.kms.katalon.core.exception.StepFailedException: Unable to click on object 'Object Repository/1612049/DirectMessage_Workspace/Page_Town Square - noname Mattermost/button_Mark as Unread'
	at com.kms.katalon.core.webui.keyword.internal.WebUIKeywordMain.stepFailed(WebUIKeywordMain.groovy:64)
	at com.kms.katalon.core.webui.keyword.internal.WebUIKeywordMain.runKeyword(WebUIKeywordMain.groovy:26)
	at com.kms.katalon.core.webui.keyword.builtin.ClickKeyword.click(ClickKeyword.groovy:75)
	at com.kms.katalon.core.webui.keyword.builtin.ClickKeyword.execute(ClickKeyword.groovy:42)
	at com.kms.katalon.core.keyword.internal.KeywordExecutor.executeKeywordForPlatform(KeywordExecutor.groovy:73)
	at com.kms.katalon.core.webui.keyword.WebUiBuiltInKeywords.click(WebUiBuiltInKeywords.groovy:619)
	at com.kms.katalon.core.webui.keyword.WebUiBuiltInKeywords$click$3.call(Unknown Source)
	at TC42_Mark message as unread.run(TC42_Mark message as unread:31)
	at com.kms.katalon.core.main.ScriptEngine.run(ScriptEngine.java:194)
	at com.kms.katalon.core.main.ScriptEngine.runScriptAsRawText(ScriptEngine.java:119)
	at com.kms.katalon.core.main.TestCaseExecutor.runScript(TestCaseExecutor.java:398)
	at com.kms.katalon.core.main.TestCaseExecutor.doExecute(TestCaseExecutor.java:389)
	at com.kms.katalon.core.main.TestCaseExecutor.processExecutionPhase(TestCaseExecutor.java:368)
	at com.kms.katalon.core.main.TestCaseExecutor.accessMainPhase(TestCaseExecutor.java:360)
	at com.kms.katalon.core.main.TestCaseExecutor.execute(TestCaseExecutor.java:255)
	at com.kms.katalon.core.main.TestSuiteExecutor.accessTestCaseMainPhase(TestSuiteExecutor.java:203)
	at com.kms.katalon.core.main.TestSuiteExecutor.accessTestSuiteMainPhase(TestSuiteExecutor.java:152)
	at com.kms.katalon.core.main.TestSuiteExecutor.execute(TestSuiteExecutor.java:95)
	at com.kms.katalon.core.main.TestCaseMain.startTestSuite(TestCaseMain.java:157)
	at com.kms.katalon.core.main.TestCaseMain$startTestSuite$0.call(Unknown Source)
	at TempTestSuite1622124825440.run(TempTestSuite1622124825440.groovy:39)
Caused by: com.kms.katalon.core.webui.exception.WebElementNotFoundException: Web element with id: 'Object Repository/1612049/DirectMessage_Workspace/Page_Town Square - noname Mattermost/button_Mark as Unread' located by '//li[@id='unread_post_hpt5g3eck3nhbj91bz8rehbjte']/button' not found
	at com.kms.katalon.core.webui.common.WebUiCommonHelper.findWebElement(WebUiCommonHelper.java:1368)
	at com.kms.katalon.core.webui.keyword.internal.WebUIAbstractKeyword.findWebElement(WebUIAbstractKeyword.groovy:27)
	at com.kms.katalon.core.webui.keyword.internal.WebUIAbstractKeyword.findWebElement(WebUIAbstractKeyword.groovy:26)
	at com.kms.katalon.core.webui.keyword.builtin.ClickKeyword$_click_closure1.doCall(ClickKeyword.groovy:66)
	at com.kms.katalon.core.webui.keyword.builtin.ClickKeyword$_click_closure1.call(ClickKeyword.groovy)
	at com.kms.katalon.core.webui.keyword.internal.WebUIKeywordMain.runKeyword(WebUIKeywordMain.groovy:20)
	... 19 more
"/>
         <system-out><![CDATA[2021-05-27 21:38:31 - [TEST_CASE][FAILED] - Test Cases/1612049/TC42_Mark message as unread: Test Cases/1612049/TC42_Mark message as unread FAILED.
Reason:
com.kms.katalon.core.exception.StepFailedException: Unable to click on object 'Object Repository/1612049/DirectMessage_Workspace/Page_Town Square - noname Mattermost/button_Mark as Unread'
	at com.kms.katalon.core.webui.keyword.internal.WebUIKeywordMain.stepFailed(WebUIKeywordMain.groovy:64)
	at com.kms.katalon.core.webui.keyword.internal.WebUIKeywordMain.runKeyword(WebUIKeywordMain.groovy:26)
	at com.kms.katalon.core.webui.keyword.builtin.ClickKeyword.click(ClickKeyword.groovy:75)
	at com.kms.katalon.core.webui.keyword.builtin.ClickKeyword.execute(ClickKeyword.groovy:42)
	at com.kms.katalon.core.keyword.internal.KeywordExecutor.executeKeywordForPlatform(KeywordExecutor.groovy:73)
	at com.kms.katalon.core.webui.keyword.WebUiBuiltInKeywords.click(WebUiBuiltInKeywords.groovy:619)
	at com.kms.katalon.core.webui.keyword.WebUiBuiltInKeywords$click$3.call(Unknown Source)
	at TC42_Mark message as unread.run(TC42_Mark message as unread:31)
	at com.kms.katalon.core.main.ScriptEngine.run(ScriptEngine.java:194)
	at com.kms.katalon.core.main.ScriptEngine.runScriptAsRawText(ScriptEngine.java:119)
	at com.kms.katalon.core.main.TestCaseExecutor.runScript(TestCaseExecutor.java:398)
	at com.kms.katalon.core.main.TestCaseExecutor.doExecute(TestCaseExecutor.java:389)
	at com.kms.katalon.core.main.TestCaseExecutor.processExecutionPhase(TestCaseExecutor.java:368)
	at com.kms.katalon.core.main.TestCaseExecutor.accessMainPhase(TestCaseExecutor.java:360)
	at com.kms.katalon.core.main.TestCaseExecutor.execute(TestCaseExecutor.java:255)
	at com.kms.katalon.core.main.TestSuiteExecutor.accessTestCaseMainPhase(TestSuiteExecutor.java:203)
	at com.kms.katalon.core.main.TestSuiteExecutor.accessTestSuiteMainPhase(TestSuiteExecutor.java:152)
	at com.kms.katalon.core.main.TestSuiteExecutor.execute(TestSuiteExecutor.java:95)
	at com.kms.katalon.core.main.TestCaseMain.startTestSuite(TestCaseMain.java:157)
	at com.kms.katalon.core.main.TestCaseMain$startTestSuite$0.call(Unknown Source)
	at TempTestSuite1622124825440.run(TempTestSuite1622124825440.groovy:39)
Caused by: com.kms.katalon.core.webui.exception.WebElementNotFoundException: Web element with id: 'Object Repository/1612049/DirectMessage_Workspace/Page_Town Square - noname Mattermost/button_Mark as Unread' located by '//li[@id='unread_post_hpt5g3eck3nhbj91bz8rehbjte']/button' not found
	at com.kms.katalon.core.webui.common.WebUiCommonHelper.findWebElement(WebUiCommonHelper.java:1368)
	at com.kms.katalon.core.webui.keyword.internal.WebUIAbstractKeyword.findWebElement(WebUIAbstractKeyword.groovy:27)
	at com.kms.katalon.core.webui.keyword.internal.WebUIAbstractKeyword.findWebElement(WebUIAbstractKeyword.groovy:26)
	at com.kms.katalon.core.webui.keyword.builtin.ClickKeyword$_click_closure1.doCall(ClickKeyword.groovy:66)
	at com.kms.katalon.core.webui.keyword.builtin.ClickKeyword$_click_closure1.call(ClickKeyword.groovy)
	at com.kms.katalon.core.webui.keyword.internal.WebUIKeywordMain.runKeyword(WebUIKeywordMain.groovy:20)
	... 19 more


2021-05-27 21:38:32 - [TEST_STEP][PASSED] - openBrowser(""): Browser is opened with url: ''

2021-05-27 21:38:32 - [MESSAGE][WARNING] - A browser is already opened. Closing browser and opening a new one

2021-05-27 21:38:35 - [MESSAGE][INFO] - Starting 'Chrome' driver

2021-05-27 21:38:35 - [MESSAGE][INFO] - Action delay is set to 0 milliseconds

2021-05-27 21:38:46 - [MESSAGE][PASSED] - Browser is opened with url: ''

2021-05-27 21:38:46 - [TEST_STEP][PASSED] - navigateToUrl("https://mattermostwebapp.herokuapp.com/"): Navigate to 'https://mattermostwebapp.herokuapp.com/' successfully

2021-05-27 21:38:51 - [MESSAGE][PASSED] - Navigate to 'https://mattermostwebapp.herokuapp.com/' successfully

2021-05-27 21:38:51 - [TEST_STEP][PASSED] - callTestCase(findTestCase("1612049/CommonTC/CTC_Login"), ["username":"jooie", "password":"6z6Vi2R3i06jbzaqW0pQ8Q=="], STOP_ON_FAILURE): Call Test Case 'Test Cases/1612049/CommonTC/CTC_Login' successfully

2021-05-27 21:38:51 - [TEST_CASE][PASSED] - Test Cases/1612049/CommonTC/CTC_Login: Test Cases/1612049/CommonTC/CTC_Login

2021-05-27 21:38:51 - [TEST_STEP][PASSED] - setText(findTestObject("Object Repository/1612049/Login_Screen/Page_Mattermost/input_All team communication in one place, _dcc84b"), username): Text 'jooie' is set on object 'Object Repository/1612049/Login_Screen/Page_Mattermost/input_All team communication in one place, _dcc84b'

2021-05-27 21:38:57 - [MESSAGE][PASSED] - Text 'jooie' is set on object 'Object Repository/1612049/Login_Screen/Page_Mattermost/input_All team communication in one place, _dcc84b'

2021-05-27 21:38:57 - [TEST_STEP][PASSED] - setEncryptedText(findTestObject("Object Repository/1612049/Login_Screen/Page_Mattermost/input_All team communication in one place, _a3edc6"), password): Text ****** has been set on object 'Object Repository/1612049/Login_Screen/Page_Mattermost/input_All team communication in one place, _a3edc6'

2021-05-27 21:38:59 - [MESSAGE][PASSED] - Text ****** has been set on object 'Object Repository/1612049/Login_Screen/Page_Mattermost/input_All team communication in one place, _a3edc6'

2021-05-27 21:38:59 - [TEST_STEP][PASSED] - click(findTestObject("Object Repository/1612049/Login_Screen/Page_Mattermost/button_Sign in")): Object: 'Object Repository/1612049/Login_Screen/Page_Mattermost/button_Sign in' is clicked on

2021-05-27 21:39:00 - [MESSAGE][PASSED] - Object: 'Object Repository/1612049/Login_Screen/Page_Mattermost/button_Sign in' is clicked on

2021-05-27 21:39:00 - [MESSAGE][PASSED] - Call Test Case 'Test Cases/1612049/CommonTC/CTC_Login' successfully

2021-05-27 21:39:00 - [TEST_STEP][PASSED] - mouseOver(findTestObject("1612049/DirectMessage_Workspace/div_Emoji Message")): Object: 'Object Repository/1612049/DirectMessage_Workspace/div_Emoji Message' is hovered

2021-05-27 21:39:06 - [MESSAGE][PASSED] - Object: 'Object Repository/1612049/DirectMessage_Workspace/div_Emoji Message' is hovered

2021-05-27 21:39:06 - [TEST_STEP][PASSED] - click(findTestObject("Object Repository/1612049/DirectMessage_Workspace/Page_Town Square - noname Mattermost/button_jooie_CENTER_button_nc5r14iaktgz3811_c68c20")): Object: 'Object Repository/1612049/DirectMessage_Workspace/Page_Town Square - noname Mattermost/button_jooie_CENTER_button_nc5r14iaktgz3811_c68c20' is clicked on

2021-05-27 21:39:09 - [MESSAGE][PASSED] - Object: 'Object Repository/1612049/DirectMessage_Workspace/Page_Town Square - noname Mattermost/button_jooie_CENTER_button_nc5r14iaktgz3811_c68c20' is clicked on

2021-05-27 21:39:09 - [TEST_STEP][FAILED] - click(findTestObject("Object Repository/1612049/DirectMessage_Workspace/Page_Town Square - noname Mattermost/button_Mark as Unread")): Unable to click on object 'Object Repository/1612049/DirectMessage_Workspace/Page_Town Square - noname Mattermost/button_Mark as Unread' (Root cause: com.kms.katalon.core.exception.StepFailedException: Unable to click on object 'Object Repository/1612049/DirectMessage_Workspace/Page_Town Square - noname Mattermost/button_Mark as Unread'
	at com.kms.katalon.core.webui.keyword.internal.WebUIKeywordMain.stepFailed(WebUIKeywordMain.groovy:64)
	at com.kms.katalon.core.webui.keyword.internal.WebUIKeywordMain.runKeyword(WebUIKeywordMain.groovy:26)
	at com.kms.katalon.core.webui.keyword.builtin.ClickKeyword.click(ClickKeyword.groovy:75)
	at com.kms.katalon.core.webui.keyword.builtin.ClickKeyword.execute(ClickKeyword.groovy:42)
	at com.kms.katalon.core.keyword.internal.KeywordExecutor.executeKeywordForPlatform(KeywordExecutor.groovy:73)
	at com.kms.katalon.core.webui.keyword.WebUiBuiltInKeywords.click(WebUiBuiltInKeywords.groovy:619)
	at com.kms.katalon.core.webui.keyword.WebUiBuiltInKeywords$click$3.call(Unknown Source)
	at TC42_Mark message as unread.run(TC42_Mark message as unread:31)
	at com.kms.katalon.core.main.ScriptEngine.run(ScriptEngine.java:194)
	at com.kms.katalon.core.main.ScriptEngine.runScriptAsRawText(ScriptEngine.java:119)
	at com.kms.katalon.core.main.TestCaseExecutor.runScript(TestCaseExecutor.java:398)
	at com.kms.katalon.core.main.TestCaseExecutor.doExecute(TestCaseExecutor.java:389)
	at com.kms.katalon.core.main.TestCaseExecutor.processExecutionPhase(TestCaseExecutor.java:368)
	at com.kms.katalon.core.main.TestCaseExecutor.accessMainPhase(TestCaseExecutor.java:360)
	at com.kms.katalon.core.main.TestCaseExecutor.execute(TestCaseExecutor.java:255)
	at com.kms.katalon.core.main.TestSuiteExecutor.accessTestCaseMainPhase(TestSuiteExecutor.java:203)
	at com.kms.katalon.core.main.TestSuiteExecutor.accessTestSuiteMainPhase(TestSuiteExecutor.java:152)
	at com.kms.katalon.core.main.TestSuiteExecutor.execute(TestSuiteExecutor.java:95)
	at com.kms.katalon.core.main.TestCaseMain.startTestSuite(TestCaseMain.java:157)
	at com.kms.katalon.core.main.TestCaseMain$startTestSuite$0.call(Unknown Source)
	at TempTestSuite1622124825440.run(TempTestSuite1622124825440.groovy:39)
Caused by: com.kms.katalon.core.webui.exception.WebElementNotFoundException: Web element with id: 'Object Repository/1612049/DirectMessage_Workspace/Page_Town Square - noname Mattermost/button_Mark as Unread' located by '//li[@id='unread_post_hpt5g3eck3nhbj91bz8rehbjte']/button' not found
	at com.kms.katalon.core.webui.common.WebUiCommonHelper.findWebElement(WebUiCommonHelper.java:1368)
	at com.kms.katalon.core.webui.keyword.internal.WebUIAbstractKeyword.findWebElement(WebUIAbstractKeyword.groovy:27)
	at com.kms.katalon.core.webui.keyword.internal.WebUIAbstractKeyword.findWebElement(WebUIAbstractKeyword.groovy:26)
	at com.kms.katalon.core.webui.keyword.builtin.ClickKeyword$_click_closure1.doCall(ClickKeyword.groovy:66)
	at com.kms.katalon.core.webui.keyword.builtin.ClickKeyword$_click_closure1.call(ClickKeyword.groovy)
	at com.kms.katalon.core.webui.keyword.internal.WebUIKeywordMain.runKeyword(WebUIKeywordMain.groovy:20)
	at com.kms.katalon.core.webui.keyword.builtin.ClickKeyword.click(ClickKeyword.groovy:75)
	at com.kms.katalon.core.webui.keyword.builtin.ClickKeyword.execute(ClickKeyword.groovy:42)
	at com.kms.katalon.core.keyword.internal.KeywordExecutor.executeKeywordForPlatform(KeywordExecutor.groovy:73)
	at com.kms.katalon.core.webui.keyword.WebUiBuiltInKeywords.click(WebUiBuiltInKeywords.groovy:619)
	at com.kms.katalon.core.webui.keyword.WebUiBuiltInKeywords$click$3.call(Unknown Source)
	at Script1621734566774.run(Script1621734566774.groovy:31)
	... 13 more
)

2021-05-27 21:39:40 - [MESSAGE][INFO] - Unable to find the element located by 'By.xpath: //li[@id='unread_post_hpt5g3eck3nhbj91bz8rehbjte']/button'. Please recheck the objects properties to make sure the desired element is located. 

2021-05-27 21:39:40 - [MESSAGE][FAILED] - Unable to click on object 'Object Repository/1612049/DirectMessage_Workspace/Page_Town Square - noname Mattermost/button_Mark as Unread' (Root cause: com.kms.katalon.core.exception.StepFailedException: Unable to click on object 'Object Repository/1612049/DirectMessage_Workspace/Page_Town Square - noname Mattermost/button_Mark as Unread'
	at com.kms.katalon.core.webui.keyword.internal.WebUIKeywordMain.stepFailed(WebUIKeywordMain.groovy:64)
	at com.kms.katalon.core.webui.keyword.internal.WebUIKeywordMain.runKeyword(WebUIKeywordMain.groovy:26)
	at com.kms.katalon.core.webui.keyword.builtin.ClickKeyword.click(ClickKeyword.groovy:75)
	at com.kms.katalon.core.webui.keyword.builtin.ClickKeyword.execute(ClickKeyword.groovy:42)
	at com.kms.katalon.core.keyword.internal.KeywordExecutor.executeKeywordForPlatform(KeywordExecutor.groovy:73)
	at com.kms.katalon.core.webui.keyword.WebUiBuiltInKeywords.click(WebUiBuiltInKeywords.groovy:619)
	at com.kms.katalon.core.webui.keyword.WebUiBuiltInKeywords$click$3.call(Unknown Source)
	at TC42_Mark message as unread.run(TC42_Mark message as unread:31)
	at com.kms.katalon.core.main.ScriptEngine.run(ScriptEngine.java:194)
	at com.kms.katalon.core.main.ScriptEngine.runScriptAsRawText(ScriptEngine.java:119)
	at com.kms.katalon.core.main.TestCaseExecutor.runScript(TestCaseExecutor.java:398)
	at com.kms.katalon.core.main.TestCaseExecutor.doExecute(TestCaseExecutor.java:389)
	at com.kms.katalon.core.main.TestCaseExecutor.processExecutionPhase(TestCaseExecutor.java:368)
	at com.kms.katalon.core.main.TestCaseExecutor.accessMainPhase(TestCaseExecutor.java:360)
	at com.kms.katalon.core.main.TestCaseExecutor.execute(TestCaseExecutor.java:255)
	at com.kms.katalon.core.main.TestSuiteExecutor.accessTestCaseMainPhase(TestSuiteExecutor.java:203)
	at com.kms.katalon.core.main.TestSuiteExecutor.accessTestSuiteMainPhase(TestSuiteExecutor.java:152)
	at com.kms.katalon.core.main.TestSuiteExecutor.execute(TestSuiteExecutor.java:95)
	at com.kms.katalon.core.main.TestCaseMain.startTestSuite(TestCaseMain.java:157)
	at com.kms.katalon.core.main.TestCaseMain$startTestSuite$0.call(Unknown Source)
	at TempTestSuite1622124825440.run(TempTestSuite1622124825440.groovy:39)
Caused by: com.kms.katalon.core.webui.exception.WebElementNotFoundException: Web element with id: 'Object Repository/1612049/DirectMessage_Workspace/Page_Town Square - noname Mattermost/button_Mark as Unread' located by '//li[@id='unread_post_hpt5g3eck3nhbj91bz8rehbjte']/button' not found
	at com.kms.katalon.core.webui.common.WebUiCommonHelper.findWebElement(WebUiCommonHelper.java:1368)
	at com.kms.katalon.core.webui.keyword.internal.WebUIAbstractKeyword.findWebElement(WebUIAbstractKeyword.groovy:27)
	at com.kms.katalon.core.webui.keyword.internal.WebUIAbstractKeyword.findWebElement(WebUIAbstractKeyword.groovy:26)
	at com.kms.katalon.core.webui.keyword.builtin.ClickKeyword$_click_closure1.doCall(ClickKeyword.groovy:66)
	at com.kms.katalon.core.webui.keyword.builtin.ClickKeyword$_click_closure1.call(ClickKeyword.groovy)
	at com.kms.katalon.core.webui.keyword.internal.WebUIKeywordMain.runKeyword(WebUIKeywordMain.groovy:20)
	at com.kms.katalon.core.webui.keyword.builtin.ClickKeyword.click(ClickKeyword.groovy:75)
	at com.kms.katalon.core.webui.keyword.builtin.ClickKeyword.execute(ClickKeyword.groovy:42)
	at com.kms.katalon.core.keyword.internal.KeywordExecutor.executeKeywordForPlatform(KeywordExecutor.groovy:73)
	at com.kms.katalon.core.webui.keyword.WebUiBuiltInKeywords.click(WebUiBuiltInKeywords.groovy:619)
	at com.kms.katalon.core.webui.keyword.WebUiBuiltInKeywords$click$3.call(Unknown Source)
	at Script1621734566774.run(Script1621734566774.groovy:31)
	... 13 more
)
[[ATTACHMENT|E:\\Tai lieu hoc\\Nam 7\\HK2\\New Topics\\Homework 2\\New folder\\Mattermost_Autotesting_2\\Mattermost_AutoTesting\\Reports\\20210527_211345\\1412263\\Run_All_Test_Cases\\20210527_211345\\1622126380509.png]]]]></system-out>
         <system-err><![CDATA[2021-05-27 21:38:31 - [TEST_CASE][FAILED] - Test Cases/1612049/TC42_Mark message as unread: Test Cases/1612049/TC42_Mark message as unread FAILED.
Reason:
com.kms.katalon.core.exception.StepFailedException: Unable to click on object 'Object Repository/1612049/DirectMessage_Workspace/Page_Town Square - noname Mattermost/button_Mark as Unread'
	at com.kms.katalon.core.webui.keyword.internal.WebUIKeywordMain.stepFailed(WebUIKeywordMain.groovy:64)
	at com.kms.katalon.core.webui.keyword.internal.WebUIKeywordMain.runKeyword(WebUIKeywordMain.groovy:26)
	at com.kms.katalon.core.webui.keyword.builtin.ClickKeyword.click(ClickKeyword.groovy:75)
	at com.kms.katalon.core.webui.keyword.builtin.ClickKeyword.execute(ClickKeyword.groovy:42)
	at com.kms.katalon.core.keyword.internal.KeywordExecutor.executeKeywordForPlatform(KeywordExecutor.groovy:73)
	at com.kms.katalon.core.webui.keyword.WebUiBuiltInKeywords.click(WebUiBuiltInKeywords.groovy:619)
	at com.kms.katalon.core.webui.keyword.WebUiBuiltInKeywords$click$3.call(Unknown Source)
	at TC42_Mark message as unread.run(TC42_Mark message as unread:31)
	at com.kms.katalon.core.main.ScriptEngine.run(ScriptEngine.java:194)
	at com.kms.katalon.core.main.ScriptEngine.runScriptAsRawText(ScriptEngine.java:119)
	at com.kms.katalon.core.main.TestCaseExecutor.runScript(TestCaseExecutor.java:398)
	at com.kms.katalon.core.main.TestCaseExecutor.doExecute(TestCaseExecutor.java:389)
	at com.kms.katalon.core.main.TestCaseExecutor.processExecutionPhase(TestCaseExecutor.java:368)
	at com.kms.katalon.core.main.TestCaseExecutor.accessMainPhase(TestCaseExecutor.java:360)
	at com.kms.katalon.core.main.TestCaseExecutor.execute(TestCaseExecutor.java:255)
	at com.kms.katalon.core.main.TestSuiteExecutor.accessTestCaseMainPhase(TestSuiteExecutor.java:203)
	at com.kms.katalon.core.main.TestSuiteExecutor.accessTestSuiteMainPhase(TestSuiteExecutor.java:152)
	at com.kms.katalon.core.main.TestSuiteExecutor.execute(TestSuiteExecutor.java:95)
	at com.kms.katalon.core.main.TestCaseMain.startTestSuite(TestCaseMain.java:157)
	at com.kms.katalon.core.main.TestCaseMain$startTestSuite$0.call(Unknown Source)
	at TempTestSuite1622124825440.run(TempTestSuite1622124825440.groovy:39)
Caused by: com.kms.katalon.core.webui.exception.WebElementNotFoundException: Web element with id: 'Object Repository/1612049/DirectMessage_Workspace/Page_Town Square - noname Mattermost/button_Mark as Unread' located by '//li[@id='unread_post_hpt5g3eck3nhbj91bz8rehbjte']/button' not found
	at com.kms.katalon.core.webui.common.WebUiCommonHelper.findWebElement(WebUiCommonHelper.java:1368)
	at com.kms.katalon.core.webui.keyword.internal.WebUIAbstractKeyword.findWebElement(WebUIAbstractKeyword.groovy:27)
	at com.kms.katalon.core.webui.keyword.internal.WebUIAbstractKeyword.findWebElement(WebUIAbstractKeyword.groovy:26)
	at com.kms.katalon.core.webui.keyword.builtin.ClickKeyword$_click_closure1.doCall(ClickKeyword.groovy:66)
	at com.kms.katalon.core.webui.keyword.builtin.ClickKeyword$_click_closure1.call(ClickKeyword.groovy)
	at com.kms.katalon.core.webui.keyword.internal.WebUIKeywordMain.runKeyword(WebUIKeywordMain.groovy:20)
	... 19 more]]></system-err>
      </testcase>
      <testcase name="Test Cases/1612049/TC43_Delete message" time="60.187" classname="Test Cases/1612049/TC43_Delete message" status="FAILED">
         <failure type="FAILED" message="Test Cases/1612049/TC43_Delete message FAILED.
Reason:
com.kms.katalon.core.exception.StepFailedException: Unable to move mouse over object 'Object Repository/1612049/DirectMessage_Workspace/div_Message To Be Deleted'
	at com.kms.katalon.core.webui.keyword.internal.WebUIKeywordMain.stepFailed(WebUIKeywordMain.groovy:64)
	at com.kms.katalon.core.webui.keyword.internal.WebUIKeywordMain.runKeyword(WebUIKeywordMain.groovy:26)
	at com.kms.katalon.core.webui.keyword.builtin.MouseOverKeyword.mouseOver(MouseOverKeyword.groovy:66)
	at com.kms.katalon.core.webui.keyword.builtin.MouseOverKeyword.execute(MouseOverKeyword.groovy:40)
	at com.kms.katalon.core.keyword.internal.KeywordExecutor.executeKeywordForPlatform(KeywordExecutor.groovy:73)
	at com.kms.katalon.core.webui.keyword.WebUiBuiltInKeywords.mouseOver(WebUiBuiltInKeywords.groovy:805)
	at com.kms.katalon.core.webui.keyword.WebUiBuiltInKeywords$mouseOver$10.call(Unknown Source)
	at TC43_Delete message.run(TC43_Delete message:27)
	at com.kms.katalon.core.main.ScriptEngine.run(ScriptEngine.java:194)
	at com.kms.katalon.core.main.ScriptEngine.runScriptAsRawText(ScriptEngine.java:119)
	at com.kms.katalon.core.main.TestCaseExecutor.runScript(TestCaseExecutor.java:398)
	at com.kms.katalon.core.main.TestCaseExecutor.doExecute(TestCaseExecutor.java:389)
	at com.kms.katalon.core.main.TestCaseExecutor.processExecutionPhase(TestCaseExecutor.java:368)
	at com.kms.katalon.core.main.TestCaseExecutor.accessMainPhase(TestCaseExecutor.java:360)
	at com.kms.katalon.core.main.TestCaseExecutor.execute(TestCaseExecutor.java:255)
	at com.kms.katalon.core.main.TestSuiteExecutor.accessTestCaseMainPhase(TestSuiteExecutor.java:203)
	at com.kms.katalon.core.main.TestSuiteExecutor.accessTestSuiteMainPhase(TestSuiteExecutor.java:152)
	at com.kms.katalon.core.main.TestSuiteExecutor.execute(TestSuiteExecutor.java:95)
	at com.kms.katalon.core.main.TestCaseMain.startTestSuite(TestCaseMain.java:157)
	at com.kms.katalon.core.main.TestCaseMain$startTestSuite$0.call(Unknown Source)
	at TempTestSuite1622124825440.run(TempTestSuite1622124825440.groovy:39)
Caused by: com.kms.katalon.core.webui.exception.WebElementNotFoundException: Web element with id: 'Object Repository/1612049/DirectMessage_Workspace/div_Message To Be Deleted' located by '//div[@id='post_e9bhx6anx7gkidr1bcyzhn7oco']' not found
	at com.kms.katalon.core.webui.common.WebUiCommonHelper.findWebElement(WebUiCommonHelper.java:1368)
	at com.kms.katalon.core.webui.keyword.internal.WebUIAbstractKeyword.findWebElement(WebUIAbstractKeyword.groovy:27)
	at com.kms.katalon.core.webui.keyword.internal.WebUIAbstractKeyword.findWebElement(WebUIAbstractKeyword.groovy:26)
	at com.kms.katalon.core.webui.keyword.builtin.MouseOverKeyword$_mouseOver_closure1.doCall(MouseOverKeyword.groovy:54)
	at com.kms.katalon.core.webui.keyword.builtin.MouseOverKeyword$_mouseOver_closure1.call(MouseOverKeyword.groovy)
	at com.kms.katalon.core.webui.keyword.internal.WebUIKeywordMain.runKeyword(WebUIKeywordMain.groovy:20)
	... 19 more
"/>
         <system-out><![CDATA[2021-05-27 21:39:40 - [TEST_CASE][FAILED] - Test Cases/1612049/TC43_Delete message: Test Cases/1612049/TC43_Delete message FAILED.
Reason:
com.kms.katalon.core.exception.StepFailedException: Unable to move mouse over object 'Object Repository/1612049/DirectMessage_Workspace/div_Message To Be Deleted'
	at com.kms.katalon.core.webui.keyword.internal.WebUIKeywordMain.stepFailed(WebUIKeywordMain.groovy:64)
	at com.kms.katalon.core.webui.keyword.internal.WebUIKeywordMain.runKeyword(WebUIKeywordMain.groovy:26)
	at com.kms.katalon.core.webui.keyword.builtin.MouseOverKeyword.mouseOver(MouseOverKeyword.groovy:66)
	at com.kms.katalon.core.webui.keyword.builtin.MouseOverKeyword.execute(MouseOverKeyword.groovy:40)
	at com.kms.katalon.core.keyword.internal.KeywordExecutor.executeKeywordForPlatform(KeywordExecutor.groovy:73)
	at com.kms.katalon.core.webui.keyword.WebUiBuiltInKeywords.mouseOver(WebUiBuiltInKeywords.groovy:805)
	at com.kms.katalon.core.webui.keyword.WebUiBuiltInKeywords$mouseOver$10.call(Unknown Source)
	at TC43_Delete message.run(TC43_Delete message:27)
	at com.kms.katalon.core.main.ScriptEngine.run(ScriptEngine.java:194)
	at com.kms.katalon.core.main.ScriptEngine.runScriptAsRawText(ScriptEngine.java:119)
	at com.kms.katalon.core.main.TestCaseExecutor.runScript(TestCaseExecutor.java:398)
	at com.kms.katalon.core.main.TestCaseExecutor.doExecute(TestCaseExecutor.java:389)
	at com.kms.katalon.core.main.TestCaseExecutor.processExecutionPhase(TestCaseExecutor.java:368)
	at com.kms.katalon.core.main.TestCaseExecutor.accessMainPhase(TestCaseExecutor.java:360)
	at com.kms.katalon.core.main.TestCaseExecutor.execute(TestCaseExecutor.java:255)
	at com.kms.katalon.core.main.TestSuiteExecutor.accessTestCaseMainPhase(TestSuiteExecutor.java:203)
	at com.kms.katalon.core.main.TestSuiteExecutor.accessTestSuiteMainPhase(TestSuiteExecutor.java:152)
	at com.kms.katalon.core.main.TestSuiteExecutor.execute(TestSuiteExecutor.java:95)
	at com.kms.katalon.core.main.TestCaseMain.startTestSuite(TestCaseMain.java:157)
	at com.kms.katalon.core.main.TestCaseMain$startTestSuite$0.call(Unknown Source)
	at TempTestSuite1622124825440.run(TempTestSuite1622124825440.groovy:39)
Caused by: com.kms.katalon.core.webui.exception.WebElementNotFoundException: Web element with id: 'Object Repository/1612049/DirectMessage_Workspace/div_Message To Be Deleted' located by '//div[@id='post_e9bhx6anx7gkidr1bcyzhn7oco']' not found
	at com.kms.katalon.core.webui.common.WebUiCommonHelper.findWebElement(WebUiCommonHelper.java:1368)
	at com.kms.katalon.core.webui.keyword.internal.WebUIAbstractKeyword.findWebElement(WebUIAbstractKeyword.groovy:27)
	at com.kms.katalon.core.webui.keyword.internal.WebUIAbstractKeyword.findWebElement(WebUIAbstractKeyword.groovy:26)
	at com.kms.katalon.core.webui.keyword.builtin.MouseOverKeyword$_mouseOver_closure1.doCall(MouseOverKeyword.groovy:54)
	at com.kms.katalon.core.webui.keyword.builtin.MouseOverKeyword$_mouseOver_closure1.call(MouseOverKeyword.groovy)
	at com.kms.katalon.core.webui.keyword.internal.WebUIKeywordMain.runKeyword(WebUIKeywordMain.groovy:20)
	... 19 more


2021-05-27 21:39:41 - [TEST_STEP][PASSED] - openBrowser(""): Browser is opened with url: ''

2021-05-27 21:39:41 - [MESSAGE][WARNING] - A browser is already opened. Closing browser and opening a new one

2021-05-27 21:39:45 - [MESSAGE][INFO] - Starting 'Chrome' driver

2021-05-27 21:39:45 - [MESSAGE][INFO] - Action delay is set to 0 milliseconds

2021-05-27 21:39:55 - [MESSAGE][PASSED] - Browser is opened with url: ''

2021-05-27 21:39:55 - [TEST_STEP][PASSED] - navigateToUrl("https://mattermostwebapp.herokuapp.com/"): Navigate to 'https://mattermostwebapp.herokuapp.com/' successfully

2021-05-27 21:40:00 - [MESSAGE][PASSED] - Navigate to 'https://mattermostwebapp.herokuapp.com/' successfully

2021-05-27 21:40:00 - [TEST_STEP][PASSED] - callTestCase(findTestCase("1612049/CommonTC/CTC_Login"), ["username":"jooie", "password":"6z6Vi2R3i06jbzaqW0pQ8Q=="], STOP_ON_FAILURE): Call Test Case 'Test Cases/1612049/CommonTC/CTC_Login' successfully

2021-05-27 21:40:00 - [TEST_CASE][PASSED] - Test Cases/1612049/CommonTC/CTC_Login: Test Cases/1612049/CommonTC/CTC_Login

2021-05-27 21:40:00 - [TEST_STEP][PASSED] - setText(findTestObject("Object Repository/1612049/Login_Screen/Page_Mattermost/input_All team communication in one place, _dcc84b"), username): Text 'jooie' is set on object 'Object Repository/1612049/Login_Screen/Page_Mattermost/input_All team communication in one place, _dcc84b'

2021-05-27 21:40:06 - [MESSAGE][PASSED] - Text 'jooie' is set on object 'Object Repository/1612049/Login_Screen/Page_Mattermost/input_All team communication in one place, _dcc84b'

2021-05-27 21:40:06 - [TEST_STEP][PASSED] - setEncryptedText(findTestObject("Object Repository/1612049/Login_Screen/Page_Mattermost/input_All team communication in one place, _a3edc6"), password): Text ****** has been set on object 'Object Repository/1612049/Login_Screen/Page_Mattermost/input_All team communication in one place, _a3edc6'

2021-05-27 21:40:08 - [MESSAGE][PASSED] - Text ****** has been set on object 'Object Repository/1612049/Login_Screen/Page_Mattermost/input_All team communication in one place, _a3edc6'

2021-05-27 21:40:08 - [TEST_STEP][PASSED] - click(findTestObject("Object Repository/1612049/Login_Screen/Page_Mattermost/button_Sign in")): Object: 'Object Repository/1612049/Login_Screen/Page_Mattermost/button_Sign in' is clicked on

2021-05-27 21:40:09 - [MESSAGE][PASSED] - Object: 'Object Repository/1612049/Login_Screen/Page_Mattermost/button_Sign in' is clicked on

2021-05-27 21:40:09 - [MESSAGE][PASSED] - Call Test Case 'Test Cases/1612049/CommonTC/CTC_Login' successfully

2021-05-27 21:40:09 - [TEST_STEP][FAILED] - mouseOver(findTestObject("1612049/DirectMessage_Workspace/div_Message To Be Deleted")): Unable to move mouse over object 'Object Repository/1612049/DirectMessage_Workspace/div_Message To Be Deleted' (Root cause: com.kms.katalon.core.exception.StepFailedException: Unable to move mouse over object 'Object Repository/1612049/DirectMessage_Workspace/div_Message To Be Deleted'
	at com.kms.katalon.core.webui.keyword.internal.WebUIKeywordMain.stepFailed(WebUIKeywordMain.groovy:64)
	at com.kms.katalon.core.webui.keyword.internal.WebUIKeywordMain.runKeyword(WebUIKeywordMain.groovy:26)
	at com.kms.katalon.core.webui.keyword.builtin.MouseOverKeyword.mouseOver(MouseOverKeyword.groovy:66)
	at com.kms.katalon.core.webui.keyword.builtin.MouseOverKeyword.execute(MouseOverKeyword.groovy:40)
	at com.kms.katalon.core.keyword.internal.KeywordExecutor.executeKeywordForPlatform(KeywordExecutor.groovy:73)
	at com.kms.katalon.core.webui.keyword.WebUiBuiltInKeywords.mouseOver(WebUiBuiltInKeywords.groovy:805)
	at com.kms.katalon.core.webui.keyword.WebUiBuiltInKeywords$mouseOver$10.call(Unknown Source)
	at TC43_Delete message.run(TC43_Delete message:27)
	at com.kms.katalon.core.main.ScriptEngine.run(ScriptEngine.java:194)
	at com.kms.katalon.core.main.ScriptEngine.runScriptAsRawText(ScriptEngine.java:119)
	at com.kms.katalon.core.main.TestCaseExecutor.runScript(TestCaseExecutor.java:398)
	at com.kms.katalon.core.main.TestCaseExecutor.doExecute(TestCaseExecutor.java:389)
	at com.kms.katalon.core.main.TestCaseExecutor.processExecutionPhase(TestCaseExecutor.java:368)
	at com.kms.katalon.core.main.TestCaseExecutor.accessMainPhase(TestCaseExecutor.java:360)
	at com.kms.katalon.core.main.TestCaseExecutor.execute(TestCaseExecutor.java:255)
	at com.kms.katalon.core.main.TestSuiteExecutor.accessTestCaseMainPhase(TestSuiteExecutor.java:203)
	at com.kms.katalon.core.main.TestSuiteExecutor.accessTestSuiteMainPhase(TestSuiteExecutor.java:152)
	at com.kms.katalon.core.main.TestSuiteExecutor.execute(TestSuiteExecutor.java:95)
	at com.kms.katalon.core.main.TestCaseMain.startTestSuite(TestCaseMain.java:157)
	at com.kms.katalon.core.main.TestCaseMain$startTestSuite$0.call(Unknown Source)
	at TempTestSuite1622124825440.run(TempTestSuite1622124825440.groovy:39)
Caused by: com.kms.katalon.core.webui.exception.WebElementNotFoundException: Web element with id: 'Object Repository/1612049/DirectMessage_Workspace/div_Message To Be Deleted' located by '//div[@id='post_e9bhx6anx7gkidr1bcyzhn7oco']' not found
	at com.kms.katalon.core.webui.common.WebUiCommonHelper.findWebElement(WebUiCommonHelper.java:1368)
	at com.kms.katalon.core.webui.keyword.internal.WebUIAbstractKeyword.findWebElement(WebUIAbstractKeyword.groovy:27)
	at com.kms.katalon.core.webui.keyword.internal.WebUIAbstractKeyword.findWebElement(WebUIAbstractKeyword.groovy:26)
	at com.kms.katalon.core.webui.keyword.builtin.MouseOverKeyword$_mouseOver_closure1.doCall(MouseOverKeyword.groovy:54)
	at com.kms.katalon.core.webui.keyword.builtin.MouseOverKeyword$_mouseOver_closure1.call(MouseOverKeyword.groovy)
	at com.kms.katalon.core.webui.keyword.internal.WebUIKeywordMain.runKeyword(WebUIKeywordMain.groovy:20)
	at com.kms.katalon.core.webui.keyword.builtin.MouseOverKeyword.mouseOver(MouseOverKeyword.groovy:66)
	at com.kms.katalon.core.webui.keyword.builtin.MouseOverKeyword.execute(MouseOverKeyword.groovy:40)
	at com.kms.katalon.core.keyword.internal.KeywordExecutor.executeKeywordForPlatform(KeywordExecutor.groovy:73)
	at com.kms.katalon.core.webui.keyword.WebUiBuiltInKeywords.mouseOver(WebUiBuiltInKeywords.groovy:805)
	at com.kms.katalon.core.webui.keyword.WebUiBuiltInKeywords$mouseOver$10.call(Unknown Source)
	at Script1621734376875.run(Script1621734376875.groovy:27)
	... 13 more
)

2021-05-27 21:40:40 - [MESSAGE][INFO] - Unable to find the element located by 'By.xpath: //div[@id='post_e9bhx6anx7gkidr1bcyzhn7oco']'. Please recheck the objects properties to make sure the desired element is located. 

2021-05-27 21:40:40 - [MESSAGE][FAILED] - Unable to move mouse over object 'Object Repository/1612049/DirectMessage_Workspace/div_Message To Be Deleted' (Root cause: com.kms.katalon.core.exception.StepFailedException: Unable to move mouse over object 'Object Repository/1612049/DirectMessage_Workspace/div_Message To Be Deleted'
	at com.kms.katalon.core.webui.keyword.internal.WebUIKeywordMain.stepFailed(WebUIKeywordMain.groovy:64)
	at com.kms.katalon.core.webui.keyword.internal.WebUIKeywordMain.runKeyword(WebUIKeywordMain.groovy:26)
	at com.kms.katalon.core.webui.keyword.builtin.MouseOverKeyword.mouseOver(MouseOverKeyword.groovy:66)
	at com.kms.katalon.core.webui.keyword.builtin.MouseOverKeyword.execute(MouseOverKeyword.groovy:40)
	at com.kms.katalon.core.keyword.internal.KeywordExecutor.executeKeywordForPlatform(KeywordExecutor.groovy:73)
	at com.kms.katalon.core.webui.keyword.WebUiBuiltInKeywords.mouseOver(WebUiBuiltInKeywords.groovy:805)
	at com.kms.katalon.core.webui.keyword.WebUiBuiltInKeywords$mouseOver$10.call(Unknown Source)
	at TC43_Delete message.run(TC43_Delete message:27)
	at com.kms.katalon.core.main.ScriptEngine.run(ScriptEngine.java:194)
	at com.kms.katalon.core.main.ScriptEngine.runScriptAsRawText(ScriptEngine.java:119)
	at com.kms.katalon.core.main.TestCaseExecutor.runScript(TestCaseExecutor.java:398)
	at com.kms.katalon.core.main.TestCaseExecutor.doExecute(TestCaseExecutor.java:389)
	at com.kms.katalon.core.main.TestCaseExecutor.processExecutionPhase(TestCaseExecutor.java:368)
	at com.kms.katalon.core.main.TestCaseExecutor.accessMainPhase(TestCaseExecutor.java:360)
	at com.kms.katalon.core.main.TestCaseExecutor.execute(TestCaseExecutor.java:255)
	at com.kms.katalon.core.main.TestSuiteExecutor.accessTestCaseMainPhase(TestSuiteExecutor.java:203)
	at com.kms.katalon.core.main.TestSuiteExecutor.accessTestSuiteMainPhase(TestSuiteExecutor.java:152)
	at com.kms.katalon.core.main.TestSuiteExecutor.execute(TestSuiteExecutor.java:95)
	at com.kms.katalon.core.main.TestCaseMain.startTestSuite(TestCaseMain.java:157)
	at com.kms.katalon.core.main.TestCaseMain$startTestSuite$0.call(Unknown Source)
	at TempTestSuite1622124825440.run(TempTestSuite1622124825440.groovy:39)
Caused by: com.kms.katalon.core.webui.exception.WebElementNotFoundException: Web element with id: 'Object Repository/1612049/DirectMessage_Workspace/div_Message To Be Deleted' located by '//div[@id='post_e9bhx6anx7gkidr1bcyzhn7oco']' not found
	at com.kms.katalon.core.webui.common.WebUiCommonHelper.findWebElement(WebUiCommonHelper.java:1368)
	at com.kms.katalon.core.webui.keyword.internal.WebUIAbstractKeyword.findWebElement(WebUIAbstractKeyword.groovy:27)
	at com.kms.katalon.core.webui.keyword.internal.WebUIAbstractKeyword.findWebElement(WebUIAbstractKeyword.groovy:26)
	at com.kms.katalon.core.webui.keyword.builtin.MouseOverKeyword$_mouseOver_closure1.doCall(MouseOverKeyword.groovy:54)
	at com.kms.katalon.core.webui.keyword.builtin.MouseOverKeyword$_mouseOver_closure1.call(MouseOverKeyword.groovy)
	at com.kms.katalon.core.webui.keyword.internal.WebUIKeywordMain.runKeyword(WebUIKeywordMain.groovy:20)
	at com.kms.katalon.core.webui.keyword.builtin.MouseOverKeyword.mouseOver(MouseOverKeyword.groovy:66)
	at com.kms.katalon.core.webui.keyword.builtin.MouseOverKeyword.execute(MouseOverKeyword.groovy:40)
	at com.kms.katalon.core.keyword.internal.KeywordExecutor.executeKeywordForPlatform(KeywordExecutor.groovy:73)
	at com.kms.katalon.core.webui.keyword.WebUiBuiltInKeywords.mouseOver(WebUiBuiltInKeywords.groovy:805)
	at com.kms.katalon.core.webui.keyword.WebUiBuiltInKeywords$mouseOver$10.call(Unknown Source)
	at Script1621734376875.run(Script1621734376875.groovy:27)
	... 13 more
)
[[ATTACHMENT|E:\\Tai lieu hoc\\Nam 7\\HK2\\New Topics\\Homework 2\\New folder\\Mattermost_Autotesting_2\\Mattermost_AutoTesting\\Reports\\20210527_211345\\1412263\\Run_All_Test_Cases\\20210527_211345\\1622126440711.png]]]]></system-out>
         <system-err><![CDATA[2021-05-27 21:39:40 - [TEST_CASE][FAILED] - Test Cases/1612049/TC43_Delete message: Test Cases/1612049/TC43_Delete message FAILED.
Reason:
com.kms.katalon.core.exception.StepFailedException: Unable to move mouse over object 'Object Repository/1612049/DirectMessage_Workspace/div_Message To Be Deleted'
	at com.kms.katalon.core.webui.keyword.internal.WebUIKeywordMain.stepFailed(WebUIKeywordMain.groovy:64)
	at com.kms.katalon.core.webui.keyword.internal.WebUIKeywordMain.runKeyword(WebUIKeywordMain.groovy:26)
	at com.kms.katalon.core.webui.keyword.builtin.MouseOverKeyword.mouseOver(MouseOverKeyword.groovy:66)
	at com.kms.katalon.core.webui.keyword.builtin.MouseOverKeyword.execute(MouseOverKeyword.groovy:40)
	at com.kms.katalon.core.keyword.internal.KeywordExecutor.executeKeywordForPlatform(KeywordExecutor.groovy:73)
	at com.kms.katalon.core.webui.keyword.WebUiBuiltInKeywords.mouseOver(WebUiBuiltInKeywords.groovy:805)
	at com.kms.katalon.core.webui.keyword.WebUiBuiltInKeywords$mouseOver$10.call(Unknown Source)
	at TC43_Delete message.run(TC43_Delete message:27)
	at com.kms.katalon.core.main.ScriptEngine.run(ScriptEngine.java:194)
	at com.kms.katalon.core.main.ScriptEngine.runScriptAsRawText(ScriptEngine.java:119)
	at com.kms.katalon.core.main.TestCaseExecutor.runScript(TestCaseExecutor.java:398)
	at com.kms.katalon.core.main.TestCaseExecutor.doExecute(TestCaseExecutor.java:389)
	at com.kms.katalon.core.main.TestCaseExecutor.processExecutionPhase(TestCaseExecutor.java:368)
	at com.kms.katalon.core.main.TestCaseExecutor.accessMainPhase(TestCaseExecutor.java:360)
	at com.kms.katalon.core.main.TestCaseExecutor.execute(TestCaseExecutor.java:255)
	at com.kms.katalon.core.main.TestSuiteExecutor.accessTestCaseMainPhase(TestSuiteExecutor.java:203)
	at com.kms.katalon.core.main.TestSuiteExecutor.accessTestSuiteMainPhase(TestSuiteExecutor.java:152)
	at com.kms.katalon.core.main.TestSuiteExecutor.execute(TestSuiteExecutor.java:95)
	at com.kms.katalon.core.main.TestCaseMain.startTestSuite(TestCaseMain.java:157)
	at com.kms.katalon.core.main.TestCaseMain$startTestSuite$0.call(Unknown Source)
	at TempTestSuite1622124825440.run(TempTestSuite1622124825440.groovy:39)
Caused by: com.kms.katalon.core.webui.exception.WebElementNotFoundException: Web element with id: 'Object Repository/1612049/DirectMessage_Workspace/div_Message To Be Deleted' located by '//div[@id='post_e9bhx6anx7gkidr1bcyzhn7oco']' not found
	at com.kms.katalon.core.webui.common.WebUiCommonHelper.findWebElement(WebUiCommonHelper.java:1368)
	at com.kms.katalon.core.webui.keyword.internal.WebUIAbstractKeyword.findWebElement(WebUIAbstractKeyword.groovy:27)
	at com.kms.katalon.core.webui.keyword.internal.WebUIAbstractKeyword.findWebElement(WebUIAbstractKeyword.groovy:26)
	at com.kms.katalon.core.webui.keyword.builtin.MouseOverKeyword$_mouseOver_closure1.doCall(MouseOverKeyword.groovy:54)
	at com.kms.katalon.core.webui.keyword.builtin.MouseOverKeyword$_mouseOver_closure1.call(MouseOverKeyword.groovy)
	at com.kms.katalon.core.webui.keyword.internal.WebUIKeywordMain.runKeyword(WebUIKeywordMain.groovy:20)
	... 19 more]]></system-err>
      </testcase>
      <testcase name="Test Cases/1612049/TC44_Set header for direct message" time="38.109" classname="Test Cases/1612049/TC44_Set header for direct message" status="PASSED">
         <system-out><![CDATA[2021-05-27 21:40:40 - [TEST_CASE][PASSED] - Test Cases/1612049/TC44_Set header for direct message: Test Cases/1612049/TC44_Set header for direct message

2021-05-27 21:40:41 - [TEST_STEP][PASSED] - openBrowser(""): Browser is opened with url: ''

2021-05-27 21:40:41 - [MESSAGE][WARNING] - A browser is already opened. Closing browser and opening a new one

2021-05-27 21:40:44 - [MESSAGE][INFO] - Starting 'Chrome' driver

2021-05-27 21:40:44 - [MESSAGE][INFO] - Action delay is set to 0 milliseconds

2021-05-27 21:40:54 - [MESSAGE][PASSED] - Browser is opened with url: ''

2021-05-27 21:40:54 - [TEST_STEP][PASSED] - navigateToUrl("https://mattermostwebapp.herokuapp.com/"): Navigate to 'https://mattermostwebapp.herokuapp.com/' successfully

2021-05-27 21:40:59 - [MESSAGE][PASSED] - Navigate to 'https://mattermostwebapp.herokuapp.com/' successfully

2021-05-27 21:40:59 - [TEST_STEP][PASSED] - callTestCase(findTestCase("1612049/CommonTC/CTC_Login"), ["username":"jooie", "password":"6z6Vi2R3i06jbzaqW0pQ8Q=="], STOP_ON_FAILURE): Call Test Case 'Test Cases/1612049/CommonTC/CTC_Login' successfully

2021-05-27 21:40:59 - [TEST_CASE][PASSED] - Test Cases/1612049/CommonTC/CTC_Login: Test Cases/1612049/CommonTC/CTC_Login

2021-05-27 21:40:59 - [TEST_STEP][PASSED] - setText(findTestObject("Object Repository/1612049/Login_Screen/Page_Mattermost/input_All team communication in one place, _dcc84b"), username): Text 'jooie' is set on object 'Object Repository/1612049/Login_Screen/Page_Mattermost/input_All team communication in one place, _dcc84b'

2021-05-27 21:41:06 - [MESSAGE][PASSED] - Text 'jooie' is set on object 'Object Repository/1612049/Login_Screen/Page_Mattermost/input_All team communication in one place, _dcc84b'

2021-05-27 21:41:06 - [TEST_STEP][PASSED] - setEncryptedText(findTestObject("Object Repository/1612049/Login_Screen/Page_Mattermost/input_All team communication in one place, _a3edc6"), password): Text ****** has been set on object 'Object Repository/1612049/Login_Screen/Page_Mattermost/input_All team communication in one place, _a3edc6'

2021-05-27 21:41:08 - [MESSAGE][PASSED] - Text ****** has been set on object 'Object Repository/1612049/Login_Screen/Page_Mattermost/input_All team communication in one place, _a3edc6'

2021-05-27 21:41:08 - [TEST_STEP][PASSED] - click(findTestObject("Object Repository/1612049/Login_Screen/Page_Mattermost/button_Sign in")): Object: 'Object Repository/1612049/Login_Screen/Page_Mattermost/button_Sign in' is clicked on

2021-05-27 21:41:09 - [MESSAGE][PASSED] - Object: 'Object Repository/1612049/Login_Screen/Page_Mattermost/button_Sign in' is clicked on

2021-05-27 21:41:09 - [MESSAGE][PASSED] - Call Test Case 'Test Cases/1612049/CommonTC/CTC_Login' successfully

2021-05-27 21:41:09 - [TEST_STEP][PASSED] - click(findTestObject("Object Repository/1612049/DirectMessage_Workspace/Page_Town Square - noname Mattermost/span_nghi_tran")): Object: 'Object Repository/1612049/DirectMessage_Workspace/Page_Town Square - noname Mattermost/span_nghi_tran' is clicked on

2021-05-27 21:41:15 - [MESSAGE][PASSED] - Object: 'Object Repository/1612049/DirectMessage_Workspace/Page_Town Square - noname Mattermost/span_nghi_tran' is clicked on

2021-05-27 21:41:15 - [TEST_STEP][PASSED] - click(findTestObject("Object Repository/1612049/DirectMessage_Workspace/Page_nghi_tran - noname Mattermost/button_Set a Header")): Object: 'Object Repository/1612049/DirectMessage_Workspace/Page_nghi_tran - noname Mattermost/button_Set a Header' is clicked on

2021-05-27 21:41:17 - [MESSAGE][PASSED] - Object: 'Object Repository/1612049/DirectMessage_Workspace/Page_nghi_tran - noname Mattermost/button_Set a Header' is clicked on

2021-05-27 21:41:17 - [TEST_STEP][PASSED] - setText(findTestObject("Object Repository/1612049/DirectMessage_Workspace/Page_nghi_tran - noname Mattermost/textarea_Edit the Channel Header_edit_textbox"), "Conversation"): Text 'Conversation' is set on object 'Object Repository/1612049/DirectMessage_Workspace/Page_nghi_tran - noname Mattermost/textarea_Edit the Channel Header_edit_textbox'

2021-05-27 21:41:18 - [MESSAGE][PASSED] - Text 'Conversation' is set on object 'Object Repository/1612049/DirectMessage_Workspace/Page_nghi_tran - noname Mattermost/textarea_Edit the Channel Header_edit_textbox'

2021-05-27 21:41:18 - [TEST_STEP][PASSED] - click(findTestObject("Object Repository/1612049/DirectMessage_Workspace/Page_nghi_tran - noname Mattermost/button_Save")): Object: 'Object Repository/1612049/DirectMessage_Workspace/Page_nghi_tran - noname Mattermost/button_Save' is clicked on

2021-05-27 21:41:19 - [MESSAGE][PASSED] - Object: 'Object Repository/1612049/DirectMessage_Workspace/Page_nghi_tran - noname Mattermost/button_Save' is clicked on]]></system-out>
         <system-err><![CDATA[]]></system-err>
      </testcase>
      <testcase name="Test Cases/1612049/TC45_Pin a message" time="68.4" classname="Test Cases/1612049/TC45_Pin a message" status="FAILED">
         <failure type="FAILED" message="Test Cases/1612049/TC45_Pin a message FAILED.
Reason:
com.kms.katalon.core.exception.StepFailedException: Unable to click on object 'Object Repository/1612049/DirectMessage_Workspace/btn_Pin Message'
	at com.kms.katalon.core.webui.keyword.internal.WebUIKeywordMain.stepFailed(WebUIKeywordMain.groovy:64)
	at com.kms.katalon.core.webui.keyword.internal.WebUIKeywordMain.runKeyword(WebUIKeywordMain.groovy:26)
	at com.kms.katalon.core.webui.keyword.builtin.ClickKeyword.click(ClickKeyword.groovy:75)
	at com.kms.katalon.core.webui.keyword.builtin.ClickKeyword.execute(ClickKeyword.groovy:42)
	at com.kms.katalon.core.keyword.internal.KeywordExecutor.executeKeywordForPlatform(KeywordExecutor.groovy:73)
	at com.kms.katalon.core.webui.keyword.WebUiBuiltInKeywords.click(WebUiBuiltInKeywords.groovy:619)
	at com.kms.katalon.core.webui.keyword.WebUiBuiltInKeywords$click$3.call(Unknown Source)
	at TC45_Pin a message.run(TC45_Pin a message:31)
	at com.kms.katalon.core.main.ScriptEngine.run(ScriptEngine.java:194)
	at com.kms.katalon.core.main.ScriptEngine.runScriptAsRawText(ScriptEngine.java:119)
	at com.kms.katalon.core.main.TestCaseExecutor.runScript(TestCaseExecutor.java:398)
	at com.kms.katalon.core.main.TestCaseExecutor.doExecute(TestCaseExecutor.java:389)
	at com.kms.katalon.core.main.TestCaseExecutor.processExecutionPhase(TestCaseExecutor.java:368)
	at com.kms.katalon.core.main.TestCaseExecutor.accessMainPhase(TestCaseExecutor.java:360)
	at com.kms.katalon.core.main.TestCaseExecutor.execute(TestCaseExecutor.java:255)
	at com.kms.katalon.core.main.TestSuiteExecutor.accessTestCaseMainPhase(TestSuiteExecutor.java:203)
	at com.kms.katalon.core.main.TestSuiteExecutor.accessTestSuiteMainPhase(TestSuiteExecutor.java:152)
	at com.kms.katalon.core.main.TestSuiteExecutor.execute(TestSuiteExecutor.java:95)
	at com.kms.katalon.core.main.TestCaseMain.startTestSuite(TestCaseMain.java:157)
	at com.kms.katalon.core.main.TestCaseMain$startTestSuite$0.call(Unknown Source)
	at TempTestSuite1622124825440.run(TempTestSuite1622124825440.groovy:39)
Caused by: com.kms.katalon.core.webui.exception.WebElementNotFoundException: Web element with id: 'Object Repository/1612049/DirectMessage_Workspace/btn_Pin Message' located by '//li[@id='pin_post_t1dmqmp68ifh8rw99pwqg1b1fr']/button' not found
	at com.kms.katalon.core.webui.common.WebUiCommonHelper.findWebElement(WebUiCommonHelper.java:1368)
	at com.kms.katalon.core.webui.keyword.internal.WebUIAbstractKeyword.findWebElement(WebUIAbstractKeyword.groovy:27)
	at com.kms.katalon.core.webui.keyword.internal.WebUIAbstractKeyword.findWebElement(WebUIAbstractKeyword.groovy:26)
	at com.kms.katalon.core.webui.keyword.builtin.ClickKeyword$_click_closure1.doCall(ClickKeyword.groovy:66)
	at com.kms.katalon.core.webui.keyword.builtin.ClickKeyword$_click_closure1.call(ClickKeyword.groovy)
	at com.kms.katalon.core.webui.keyword.internal.WebUIKeywordMain.runKeyword(WebUIKeywordMain.groovy:20)
	... 19 more
"/>
         <system-out><![CDATA[2021-05-27 21:41:19 - [TEST_CASE][FAILED] - Test Cases/1612049/TC45_Pin a message: Test Cases/1612049/TC45_Pin a message FAILED.
Reason:
com.kms.katalon.core.exception.StepFailedException: Unable to click on object 'Object Repository/1612049/DirectMessage_Workspace/btn_Pin Message'
	at com.kms.katalon.core.webui.keyword.internal.WebUIKeywordMain.stepFailed(WebUIKeywordMain.groovy:64)
	at com.kms.katalon.core.webui.keyword.internal.WebUIKeywordMain.runKeyword(WebUIKeywordMain.groovy:26)
	at com.kms.katalon.core.webui.keyword.builtin.ClickKeyword.click(ClickKeyword.groovy:75)
	at com.kms.katalon.core.webui.keyword.builtin.ClickKeyword.execute(ClickKeyword.groovy:42)
	at com.kms.katalon.core.keyword.internal.KeywordExecutor.executeKeywordForPlatform(KeywordExecutor.groovy:73)
	at com.kms.katalon.core.webui.keyword.WebUiBuiltInKeywords.click(WebUiBuiltInKeywords.groovy:619)
	at com.kms.katalon.core.webui.keyword.WebUiBuiltInKeywords$click$3.call(Unknown Source)
	at TC45_Pin a message.run(TC45_Pin a message:31)
	at com.kms.katalon.core.main.ScriptEngine.run(ScriptEngine.java:194)
	at com.kms.katalon.core.main.ScriptEngine.runScriptAsRawText(ScriptEngine.java:119)
	at com.kms.katalon.core.main.TestCaseExecutor.runScript(TestCaseExecutor.java:398)
	at com.kms.katalon.core.main.TestCaseExecutor.doExecute(TestCaseExecutor.java:389)
	at com.kms.katalon.core.main.TestCaseExecutor.processExecutionPhase(TestCaseExecutor.java:368)
	at com.kms.katalon.core.main.TestCaseExecutor.accessMainPhase(TestCaseExecutor.java:360)
	at com.kms.katalon.core.main.TestCaseExecutor.execute(TestCaseExecutor.java:255)
	at com.kms.katalon.core.main.TestSuiteExecutor.accessTestCaseMainPhase(TestSuiteExecutor.java:203)
	at com.kms.katalon.core.main.TestSuiteExecutor.accessTestSuiteMainPhase(TestSuiteExecutor.java:152)
	at com.kms.katalon.core.main.TestSuiteExecutor.execute(TestSuiteExecutor.java:95)
	at com.kms.katalon.core.main.TestCaseMain.startTestSuite(TestCaseMain.java:157)
	at com.kms.katalon.core.main.TestCaseMain$startTestSuite$0.call(Unknown Source)
	at TempTestSuite1622124825440.run(TempTestSuite1622124825440.groovy:39)
Caused by: com.kms.katalon.core.webui.exception.WebElementNotFoundException: Web element with id: 'Object Repository/1612049/DirectMessage_Workspace/btn_Pin Message' located by '//li[@id='pin_post_t1dmqmp68ifh8rw99pwqg1b1fr']/button' not found
	at com.kms.katalon.core.webui.common.WebUiCommonHelper.findWebElement(WebUiCommonHelper.java:1368)
	at com.kms.katalon.core.webui.keyword.internal.WebUIAbstractKeyword.findWebElement(WebUIAbstractKeyword.groovy:27)
	at com.kms.katalon.core.webui.keyword.internal.WebUIAbstractKeyword.findWebElement(WebUIAbstractKeyword.groovy:26)
	at com.kms.katalon.core.webui.keyword.builtin.ClickKeyword$_click_closure1.doCall(ClickKeyword.groovy:66)
	at com.kms.katalon.core.webui.keyword.builtin.ClickKeyword$_click_closure1.call(ClickKeyword.groovy)
	at com.kms.katalon.core.webui.keyword.internal.WebUIKeywordMain.runKeyword(WebUIKeywordMain.groovy:20)
	... 19 more


2021-05-27 21:41:20 - [TEST_STEP][PASSED] - openBrowser(""): Browser is opened with url: ''

2021-05-27 21:41:20 - [MESSAGE][WARNING] - A browser is already opened. Closing browser and opening a new one

2021-05-27 21:41:22 - [MESSAGE][INFO] - Starting 'Chrome' driver

2021-05-27 21:41:22 - [MESSAGE][INFO] - Action delay is set to 0 milliseconds

2021-05-27 21:41:34 - [MESSAGE][PASSED] - Browser is opened with url: ''

2021-05-27 21:41:34 - [TEST_STEP][PASSED] - navigateToUrl("https://mattermostwebapp.herokuapp.com/"): Navigate to 'https://mattermostwebapp.herokuapp.com/' successfully

2021-05-27 21:41:39 - [MESSAGE][PASSED] - Navigate to 'https://mattermostwebapp.herokuapp.com/' successfully

2021-05-27 21:41:39 - [TEST_STEP][PASSED] - callTestCase(findTestCase("1612049/CommonTC/CTC_Login"), ["username":"jooie", "password":"6z6Vi2R3i06jbzaqW0pQ8Q=="], STOP_ON_FAILURE): Call Test Case 'Test Cases/1612049/CommonTC/CTC_Login' successfully

2021-05-27 21:41:39 - [TEST_CASE][PASSED] - Test Cases/1612049/CommonTC/CTC_Login: Test Cases/1612049/CommonTC/CTC_Login

2021-05-27 21:41:39 - [TEST_STEP][PASSED] - setText(findTestObject("Object Repository/1612049/Login_Screen/Page_Mattermost/input_All team communication in one place, _dcc84b"), username): Text 'jooie' is set on object 'Object Repository/1612049/Login_Screen/Page_Mattermost/input_All team communication in one place, _dcc84b'

2021-05-27 21:41:45 - [MESSAGE][PASSED] - Text 'jooie' is set on object 'Object Repository/1612049/Login_Screen/Page_Mattermost/input_All team communication in one place, _dcc84b'

2021-05-27 21:41:45 - [TEST_STEP][PASSED] - setEncryptedText(findTestObject("Object Repository/1612049/Login_Screen/Page_Mattermost/input_All team communication in one place, _a3edc6"), password): Text ****** has been set on object 'Object Repository/1612049/Login_Screen/Page_Mattermost/input_All team communication in one place, _a3edc6'

2021-05-27 21:41:47 - [MESSAGE][PASSED] - Text ****** has been set on object 'Object Repository/1612049/Login_Screen/Page_Mattermost/input_All team communication in one place, _a3edc6'

2021-05-27 21:41:47 - [TEST_STEP][PASSED] - click(findTestObject("Object Repository/1612049/Login_Screen/Page_Mattermost/button_Sign in")): Object: 'Object Repository/1612049/Login_Screen/Page_Mattermost/button_Sign in' is clicked on

2021-05-27 21:41:47 - [MESSAGE][PASSED] - Object: 'Object Repository/1612049/Login_Screen/Page_Mattermost/button_Sign in' is clicked on

2021-05-27 21:41:47 - [MESSAGE][PASSED] - Call Test Case 'Test Cases/1612049/CommonTC/CTC_Login' successfully

2021-05-27 21:41:47 - [TEST_STEP][PASSED] - mouseOver(findTestObject("1612049/DirectMessage_Workspace/div_Message To Be Pinned")): Object: 'Object Repository/1612049/DirectMessage_Workspace/div_Message To Be Pinned' is hovered

2021-05-27 21:41:53 - [MESSAGE][PASSED] - Object: 'Object Repository/1612049/DirectMessage_Workspace/div_Message To Be Pinned' is hovered

2021-05-27 21:41:53 - [TEST_STEP][PASSED] - click(findTestObject("1612049/DirectMessage_Workspace/btn_More Action Of Pin TC")): Object: 'Object Repository/1612049/DirectMessage_Workspace/btn_More Action Of Pin TC' is clicked on

2021-05-27 21:41:55 - [MESSAGE][PASSED] - Object: 'Object Repository/1612049/DirectMessage_Workspace/btn_More Action Of Pin TC' is clicked on

2021-05-27 21:41:55 - [TEST_STEP][FAILED] - click(findTestObject("1612049/DirectMessage_Workspace/btn_Pin Message")): Unable to click on object 'Object Repository/1612049/DirectMessage_Workspace/btn_Pin Message' (Root cause: com.kms.katalon.core.exception.StepFailedException: Unable to click on object 'Object Repository/1612049/DirectMessage_Workspace/btn_Pin Message'
	at com.kms.katalon.core.webui.keyword.internal.WebUIKeywordMain.stepFailed(WebUIKeywordMain.groovy:64)
	at com.kms.katalon.core.webui.keyword.internal.WebUIKeywordMain.runKeyword(WebUIKeywordMain.groovy:26)
	at com.kms.katalon.core.webui.keyword.builtin.ClickKeyword.click(ClickKeyword.groovy:75)
	at com.kms.katalon.core.webui.keyword.builtin.ClickKeyword.execute(ClickKeyword.groovy:42)
	at com.kms.katalon.core.keyword.internal.KeywordExecutor.executeKeywordForPlatform(KeywordExecutor.groovy:73)
	at com.kms.katalon.core.webui.keyword.WebUiBuiltInKeywords.click(WebUiBuiltInKeywords.groovy:619)
	at com.kms.katalon.core.webui.keyword.WebUiBuiltInKeywords$click$3.call(Unknown Source)
	at TC45_Pin a message.run(TC45_Pin a message:31)
	at com.kms.katalon.core.main.ScriptEngine.run(ScriptEngine.java:194)
	at com.kms.katalon.core.main.ScriptEngine.runScriptAsRawText(ScriptEngine.java:119)
	at com.kms.katalon.core.main.TestCaseExecutor.runScript(TestCaseExecutor.java:398)
	at com.kms.katalon.core.main.TestCaseExecutor.doExecute(TestCaseExecutor.java:389)
	at com.kms.katalon.core.main.TestCaseExecutor.processExecutionPhase(TestCaseExecutor.java:368)
	at com.kms.katalon.core.main.TestCaseExecutor.accessMainPhase(TestCaseExecutor.java:360)
	at com.kms.katalon.core.main.TestCaseExecutor.execute(TestCaseExecutor.java:255)
	at com.kms.katalon.core.main.TestSuiteExecutor.accessTestCaseMainPhase(TestSuiteExecutor.java:203)
	at com.kms.katalon.core.main.TestSuiteExecutor.accessTestSuiteMainPhase(TestSuiteExecutor.java:152)
	at com.kms.katalon.core.main.TestSuiteExecutor.execute(TestSuiteExecutor.java:95)
	at com.kms.katalon.core.main.TestCaseMain.startTestSuite(TestCaseMain.java:157)
	at com.kms.katalon.core.main.TestCaseMain$startTestSuite$0.call(Unknown Source)
	at TempTestSuite1622124825440.run(TempTestSuite1622124825440.groovy:39)
Caused by: com.kms.katalon.core.webui.exception.WebElementNotFoundException: Web element with id: 'Object Repository/1612049/DirectMessage_Workspace/btn_Pin Message' located by '//li[@id='pin_post_t1dmqmp68ifh8rw99pwqg1b1fr']/button' not found
	at com.kms.katalon.core.webui.common.WebUiCommonHelper.findWebElement(WebUiCommonHelper.java:1368)
	at com.kms.katalon.core.webui.keyword.internal.WebUIAbstractKeyword.findWebElement(WebUIAbstractKeyword.groovy:27)
	at com.kms.katalon.core.webui.keyword.internal.WebUIAbstractKeyword.findWebElement(WebUIAbstractKeyword.groovy:26)
	at com.kms.katalon.core.webui.keyword.builtin.ClickKeyword$_click_closure1.doCall(ClickKeyword.groovy:66)
	at com.kms.katalon.core.webui.keyword.builtin.ClickKeyword$_click_closure1.call(ClickKeyword.groovy)
	at com.kms.katalon.core.webui.keyword.internal.WebUIKeywordMain.runKeyword(WebUIKeywordMain.groovy:20)
	at com.kms.katalon.core.webui.keyword.builtin.ClickKeyword.click(ClickKeyword.groovy:75)
	at com.kms.katalon.core.webui.keyword.builtin.ClickKeyword.execute(ClickKeyword.groovy:42)
	at com.kms.katalon.core.keyword.internal.KeywordExecutor.executeKeywordForPlatform(KeywordExecutor.groovy:73)
	at com.kms.katalon.core.webui.keyword.WebUiBuiltInKeywords.click(WebUiBuiltInKeywords.groovy:619)
	at com.kms.katalon.core.webui.keyword.WebUiBuiltInKeywords$click$3.call(Unknown Source)
	at Script1621735642887.run(Script1621735642887.groovy:31)
	... 13 more
)

2021-05-27 21:42:27 - [MESSAGE][INFO] - Unable to find the element located by 'By.xpath: //li[@id='pin_post_t1dmqmp68ifh8rw99pwqg1b1fr']/button'. Please recheck the objects properties to make sure the desired element is located. 

2021-05-27 21:42:27 - [MESSAGE][FAILED] - Unable to click on object 'Object Repository/1612049/DirectMessage_Workspace/btn_Pin Message' (Root cause: com.kms.katalon.core.exception.StepFailedException: Unable to click on object 'Object Repository/1612049/DirectMessage_Workspace/btn_Pin Message'
	at com.kms.katalon.core.webui.keyword.internal.WebUIKeywordMain.stepFailed(WebUIKeywordMain.groovy:64)
	at com.kms.katalon.core.webui.keyword.internal.WebUIKeywordMain.runKeyword(WebUIKeywordMain.groovy:26)
	at com.kms.katalon.core.webui.keyword.builtin.ClickKeyword.click(ClickKeyword.groovy:75)
	at com.kms.katalon.core.webui.keyword.builtin.ClickKeyword.execute(ClickKeyword.groovy:42)
	at com.kms.katalon.core.keyword.internal.KeywordExecutor.executeKeywordForPlatform(KeywordExecutor.groovy:73)
	at com.kms.katalon.core.webui.keyword.WebUiBuiltInKeywords.click(WebUiBuiltInKeywords.groovy:619)
	at com.kms.katalon.core.webui.keyword.WebUiBuiltInKeywords$click$3.call(Unknown Source)
	at TC45_Pin a message.run(TC45_Pin a message:31)
	at com.kms.katalon.core.main.ScriptEngine.run(ScriptEngine.java:194)
	at com.kms.katalon.core.main.ScriptEngine.runScriptAsRawText(ScriptEngine.java:119)
	at com.kms.katalon.core.main.TestCaseExecutor.runScript(TestCaseExecutor.java:398)
	at com.kms.katalon.core.main.TestCaseExecutor.doExecute(TestCaseExecutor.java:389)
	at com.kms.katalon.core.main.TestCaseExecutor.processExecutionPhase(TestCaseExecutor.java:368)
	at com.kms.katalon.core.main.TestCaseExecutor.accessMainPhase(TestCaseExecutor.java:360)
	at com.kms.katalon.core.main.TestCaseExecutor.execute(TestCaseExecutor.java:255)
	at com.kms.katalon.core.main.TestSuiteExecutor.accessTestCaseMainPhase(TestSuiteExecutor.java:203)
	at com.kms.katalon.core.main.TestSuiteExecutor.accessTestSuiteMainPhase(TestSuiteExecutor.java:152)
	at com.kms.katalon.core.main.TestSuiteExecutor.execute(TestSuiteExecutor.java:95)
	at com.kms.katalon.core.main.TestCaseMain.startTestSuite(TestCaseMain.java:157)
	at com.kms.katalon.core.main.TestCaseMain$startTestSuite$0.call(Unknown Source)
	at TempTestSuite1622124825440.run(TempTestSuite1622124825440.groovy:39)
Caused by: com.kms.katalon.core.webui.exception.WebElementNotFoundException: Web element with id: 'Object Repository/1612049/DirectMessage_Workspace/btn_Pin Message' located by '//li[@id='pin_post_t1dmqmp68ifh8rw99pwqg1b1fr']/button' not found
	at com.kms.katalon.core.webui.common.WebUiCommonHelper.findWebElement(WebUiCommonHelper.java:1368)
	at com.kms.katalon.core.webui.keyword.internal.WebUIAbstractKeyword.findWebElement(WebUIAbstractKeyword.groovy:27)
	at com.kms.katalon.core.webui.keyword.internal.WebUIAbstractKeyword.findWebElement(WebUIAbstractKeyword.groovy:26)
	at com.kms.katalon.core.webui.keyword.builtin.ClickKeyword$_click_closure1.doCall(ClickKeyword.groovy:66)
	at com.kms.katalon.core.webui.keyword.builtin.ClickKeyword$_click_closure1.call(ClickKeyword.groovy)
	at com.kms.katalon.core.webui.keyword.internal.WebUIKeywordMain.runKeyword(WebUIKeywordMain.groovy:20)
	at com.kms.katalon.core.webui.keyword.builtin.ClickKeyword.click(ClickKeyword.groovy:75)
	at com.kms.katalon.core.webui.keyword.builtin.ClickKeyword.execute(ClickKeyword.groovy:42)
	at com.kms.katalon.core.keyword.internal.KeywordExecutor.executeKeywordForPlatform(KeywordExecutor.groovy:73)
	at com.kms.katalon.core.webui.keyword.WebUiBuiltInKeywords.click(WebUiBuiltInKeywords.groovy:619)
	at com.kms.katalon.core.webui.keyword.WebUiBuiltInKeywords$click$3.call(Unknown Source)
	at Script1621735642887.run(Script1621735642887.groovy:31)
	... 13 more
)
[[ATTACHMENT|E:\\Tai lieu hoc\\Nam 7\\HK2\\New Topics\\Homework 2\\New folder\\Mattermost_Autotesting_2\\Mattermost_AutoTesting\\Reports\\20210527_211345\\1412263\\Run_All_Test_Cases\\20210527_211345\\1622126547224.png]]]]></system-out>
         <system-err><![CDATA[2021-05-27 21:41:19 - [TEST_CASE][FAILED] - Test Cases/1612049/TC45_Pin a message: Test Cases/1612049/TC45_Pin a message FAILED.
Reason:
com.kms.katalon.core.exception.StepFailedException: Unable to click on object 'Object Repository/1612049/DirectMessage_Workspace/btn_Pin Message'
	at com.kms.katalon.core.webui.keyword.internal.WebUIKeywordMain.stepFailed(WebUIKeywordMain.groovy:64)
	at com.kms.katalon.core.webui.keyword.internal.WebUIKeywordMain.runKeyword(WebUIKeywordMain.groovy:26)
	at com.kms.katalon.core.webui.keyword.builtin.ClickKeyword.click(ClickKeyword.groovy:75)
	at com.kms.katalon.core.webui.keyword.builtin.ClickKeyword.execute(ClickKeyword.groovy:42)
	at com.kms.katalon.core.keyword.internal.KeywordExecutor.executeKeywordForPlatform(KeywordExecutor.groovy:73)
	at com.kms.katalon.core.webui.keyword.WebUiBuiltInKeywords.click(WebUiBuiltInKeywords.groovy:619)
	at com.kms.katalon.core.webui.keyword.WebUiBuiltInKeywords$click$3.call(Unknown Source)
	at TC45_Pin a message.run(TC45_Pin a message:31)
	at com.kms.katalon.core.main.ScriptEngine.run(ScriptEngine.java:194)
	at com.kms.katalon.core.main.ScriptEngine.runScriptAsRawText(ScriptEngine.java:119)
	at com.kms.katalon.core.main.TestCaseExecutor.runScript(TestCaseExecutor.java:398)
	at com.kms.katalon.core.main.TestCaseExecutor.doExecute(TestCaseExecutor.java:389)
	at com.kms.katalon.core.main.TestCaseExecutor.processExecutionPhase(TestCaseExecutor.java:368)
	at com.kms.katalon.core.main.TestCaseExecutor.accessMainPhase(TestCaseExecutor.java:360)
	at com.kms.katalon.core.main.TestCaseExecutor.execute(TestCaseExecutor.java:255)
	at com.kms.katalon.core.main.TestSuiteExecutor.accessTestCaseMainPhase(TestSuiteExecutor.java:203)
	at com.kms.katalon.core.main.TestSuiteExecutor.accessTestSuiteMainPhase(TestSuiteExecutor.java:152)
	at com.kms.katalon.core.main.TestSuiteExecutor.execute(TestSuiteExecutor.java:95)
	at com.kms.katalon.core.main.TestCaseMain.startTestSuite(TestCaseMain.java:157)
	at com.kms.katalon.core.main.TestCaseMain$startTestSuite$0.call(Unknown Source)
	at TempTestSuite1622124825440.run(TempTestSuite1622124825440.groovy:39)
Caused by: com.kms.katalon.core.webui.exception.WebElementNotFoundException: Web element with id: 'Object Repository/1612049/DirectMessage_Workspace/btn_Pin Message' located by '//li[@id='pin_post_t1dmqmp68ifh8rw99pwqg1b1fr']/button' not found
	at com.kms.katalon.core.webui.common.WebUiCommonHelper.findWebElement(WebUiCommonHelper.java:1368)
	at com.kms.katalon.core.webui.keyword.internal.WebUIAbstractKeyword.findWebElement(WebUIAbstractKeyword.groovy:27)
	at com.kms.katalon.core.webui.keyword.internal.WebUIAbstractKeyword.findWebElement(WebUIAbstractKeyword.groovy:26)
	at com.kms.katalon.core.webui.keyword.builtin.ClickKeyword$_click_closure1.doCall(ClickKeyword.groovy:66)
	at com.kms.katalon.core.webui.keyword.builtin.ClickKeyword$_click_closure1.call(ClickKeyword.groovy)
	at com.kms.katalon.core.webui.keyword.internal.WebUIKeywordMain.runKeyword(WebUIKeywordMain.groovy:20)
	... 19 more]]></system-err>
      </testcase>
      <system-out><![CDATA[2021-05-27 21:14:15 - [TEST_SUITE][FAILED] - Run_All_Test_Cases: Test Cases/1412263/TC02_UpdatePassword FAILED.
Reason:
com.kms.katalon.core.exception.StepFailedException: Unable to click on object 'Object Repository/1412263_Page_Town Square - CNC_Nhom3 Mattermost/button_Save'
	at com.kms.katalon.core.webui.keyword.internal.WebUIKeywordMain.stepFailed(WebUIKeywordMain.groovy:64)
	at com.kms.katalon.core.webui.keyword.internal.WebUIKeywordMain.runKeyword(WebUIKeywordMain.groovy:26)
	at com.kms.katalon.core.webui.keyword.builtin.ClickKeyword.click(ClickKeyword.groovy:75)
	at com.kms.katalon.core.webui.keyword.builtin.ClickKeyword.execute(ClickKeyword.groovy:42)
	at com.kms.katalon.core.keyword.internal.KeywordExecutor.executeKeywordForPlatform(KeywordExecutor.groovy:73)
	at com.kms.katalon.core.webui.keyword.WebUiBuiltInKeywords.click(WebUiBuiltInKeywords.groovy:619)
	at com.kms.katalon.core.webui.keyword.WebUiBuiltInKeywords$click$3.call(Unknown Source)
	at TC02_UpdatePassword.run(TC02_UpdatePassword:49)
	at com.kms.katalon.core.main.ScriptEngine.run(ScriptEngine.java:194)
	at com.kms.katalon.core.main.ScriptEngine.runScriptAsRawText(ScriptEngine.java:119)
	at com.kms.katalon.core.main.TestCaseExecutor.runScript(TestCaseExecutor.java:398)
	at com.kms.katalon.core.main.TestCaseExecutor.doExecute(TestCaseExecutor.java:389)
	at com.kms.katalon.core.main.TestCaseExecutor.processExecutionPhase(TestCaseExecutor.java:368)
	at com.kms.katalon.core.main.TestCaseExecutor.accessMainPhase(TestCaseExecutor.java:360)
	at com.kms.katalon.core.main.TestCaseExecutor.execute(TestCaseExecutor.java:255)
	at com.kms.katalon.core.main.TestSuiteExecutor.accessTestCaseMainPhase(TestSuiteExecutor.java:203)
	at com.kms.katalon.core.main.TestSuiteExecutor.accessTestSuiteMainPhase(TestSuiteExecutor.java:152)
	at com.kms.katalon.core.main.TestSuiteExecutor.execute(TestSuiteExecutor.java:95)
	at com.kms.katalon.core.main.TestCaseMain.startTestSuite(TestCaseMain.java:157)
	at com.kms.katalon.core.main.TestCaseMain$startTestSuite$0.call(Unknown Source)
	at TempTestSuite1622124825440.run(TempTestSuite1622124825440.groovy:39)
Caused by: com.kms.katalon.core.webui.exception.WebElementNotFoundException: Web element with id: 'Object Repository/1412263_Page_Town Square - CNC_Nhom3 Mattermost/button_Save' located by '' not found
	at com.kms.katalon.core.webui.common.WebUiCommonHelper.findWebElement(WebUiCommonHelper.java:1368)
	at com.kms.katalon.core.webui.keyword.internal.WebUIAbstractKeyword.findWebElement(WebUIAbstractKeyword.groovy:27)
	at com.kms.katalon.core.webui.keyword.internal.WebUIAbstractKeyword.findWebElement(WebUIAbstractKeyword.groovy:26)
	at com.kms.katalon.core.webui.keyword.builtin.ClickKeyword$_click_closure1.doCall(ClickKeyword.groovy:66)
	at com.kms.katalon.core.webui.keyword.builtin.ClickKeyword$_click_closure1.call(ClickKeyword.groovy)
	at com.kms.katalon.core.webui.keyword.internal.WebUIKeywordMain.runKeyword(WebUIKeywordMain.groovy:20)
	... 19 more]]></system-out>
      <system-err><![CDATA[2021-05-27 21:14:15 - [TEST_SUITE][FAILED] - Run_All_Test_Cases: Test Cases/1412263/TC02_UpdatePassword FAILED.
Reason:
com.kms.katalon.core.exception.StepFailedException: Unable to click on object 'Object Repository/1412263_Page_Town Square - CNC_Nhom3 Mattermost/button_Save'
	at com.kms.katalon.core.webui.keyword.internal.WebUIKeywordMain.stepFailed(WebUIKeywordMain.groovy:64)
	at com.kms.katalon.core.webui.keyword.internal.WebUIKeywordMain.runKeyword(WebUIKeywordMain.groovy:26)
	at com.kms.katalon.core.webui.keyword.builtin.ClickKeyword.click(ClickKeyword.groovy:75)
	at com.kms.katalon.core.webui.keyword.builtin.ClickKeyword.execute(ClickKeyword.groovy:42)
	at com.kms.katalon.core.keyword.internal.KeywordExecutor.executeKeywordForPlatform(KeywordExecutor.groovy:73)
	at com.kms.katalon.core.webui.keyword.WebUiBuiltInKeywords.click(WebUiBuiltInKeywords.groovy:619)
	at com.kms.katalon.core.webui.keyword.WebUiBuiltInKeywords$click$3.call(Unknown Source)
	at TC02_UpdatePassword.run(TC02_UpdatePassword:49)
	at com.kms.katalon.core.main.ScriptEngine.run(ScriptEngine.java:194)
	at com.kms.katalon.core.main.ScriptEngine.runScriptAsRawText(ScriptEngine.java:119)
	at com.kms.katalon.core.main.TestCaseExecutor.runScript(TestCaseExecutor.java:398)
	at com.kms.katalon.core.main.TestCaseExecutor.doExecute(TestCaseExecutor.java:389)
	at com.kms.katalon.core.main.TestCaseExecutor.processExecutionPhase(TestCaseExecutor.java:368)
	at com.kms.katalon.core.main.TestCaseExecutor.accessMainPhase(TestCaseExecutor.java:360)
	at com.kms.katalon.core.main.TestCaseExecutor.execute(TestCaseExecutor.java:255)
	at com.kms.katalon.core.main.TestSuiteExecutor.accessTestCaseMainPhase(TestSuiteExecutor.java:203)
	at com.kms.katalon.core.main.TestSuiteExecutor.accessTestSuiteMainPhase(TestSuiteExecutor.java:152)
	at com.kms.katalon.core.main.TestSuiteExecutor.execute(TestSuiteExecutor.java:95)
	at com.kms.katalon.core.main.TestCaseMain.startTestSuite(TestCaseMain.java:157)
	at com.kms.katalon.core.main.TestCaseMain$startTestSuite$0.call(Unknown Source)
	at TempTestSuite1622124825440.run(TempTestSuite1622124825440.groovy:39)
Caused by: com.kms.katalon.core.webui.exception.WebElementNotFoundException: Web element with id: 'Object Repository/1412263_Page_Town Square - CNC_Nhom3 Mattermost/button_Save' located by '' not found
	at com.kms.katalon.core.webui.common.WebUiCommonHelper.findWebElement(WebUiCommonHelper.java:1368)
	at com.kms.katalon.core.webui.keyword.internal.WebUIAbstractKeyword.findWebElement(WebUIAbstractKeyword.groovy:27)
	at com.kms.katalon.core.webui.keyword.internal.WebUIAbstractKeyword.findWebElement(WebUIAbstractKeyword.groovy:26)
	at com.kms.katalon.core.webui.keyword.builtin.ClickKeyword$_click_closure1.doCall(ClickKeyword.groovy:66)
	at com.kms.katalon.core.webui.keyword.builtin.ClickKeyword$_click_closure1.call(ClickKeyword.groovy)
	at com.kms.katalon.core.webui.keyword.internal.WebUIKeywordMain.runKeyword(WebUIKeywordMain.groovy:20)
	... 19 more]]></system-err>
   </testsuite>
</testsuites>
