<?xml version="1.0" encoding="UTF-8"?>
<testsuites name="Run_All_Test_Cases" time="2013.992" tests="67" failures="15" errors="3">
   <testsuite name="Run_All_Test_Cases" tests="67" failures="15" errors="3" time="2013.992" skipped="0" timestamp="2021-05-28 23:53:40" hostname="phuc - 192.168.0.4" id="Test Suites/1712666/Run_All_Test_Cases">
      <properties>
         <property name="deviceName" value=""/>
         <property name="devicePlatform" value=""/>
         <property name="logFolder" value="C:\\Users\\phuc\\git\\Mattermost_AutoTesting\\Reports\\20210528_235331\\1712666\\Run_All_Test_Cases\\20210528_235331"/>
         <property name="logFiles" value="C:\\Users\\phuc\\git\\Mattermost_AutoTesting\\Reports\\20210528_235331\\1712666\\Run_All_Test_Cases\\20210528_235331\\execution0.log"/>
         <property name="attachments" value="C:\\Users\\phuc\\git\\Mattermost_AutoTesting\\Reports\\20210528_235331\\1712666\\Run_All_Test_Cases\\20210528_235331\\1622221175838.png, C:\\Users\\phuc\\git\\Mattermost_AutoTesting\\Reports\\20210528_235331\\1712666\\Run_All_Test_Cases\\20210528_235331\\1622221176000.png, C:\\Users\\phuc\\git\\Mattermost_AutoTesting\\Reports\\20210528_235331\\1712666\\Run_All_Test_Cases\\20210528_235331\\1622221238681.png, C:\\Users\\phuc\\git\\Mattermost_AutoTesting\\Reports\\20210528_235331\\1712666\\Run_All_Test_Cases\\20210528_235331\\1622221238877.png, C:\\Users\\phuc\\git\\Mattermost_AutoTesting\\Reports\\20210528_235331\\1712666\\Run_All_Test_Cases\\20210528_235331\\1622221689643.png, C:\\Users\\phuc\\git\\Mattermost_AutoTesting\\Reports\\20210528_235331\\1712666\\Run_All_Test_Cases\\20210528_235331\\1622221780492.png, C:\\Users\\phuc\\git\\Mattermost_AutoTesting\\Reports\\20210528_235331\\1712666\\Run_All_Test_Cases\\20210528_235331\\1622221920522.png, C:\\Users\\phuc\\git\\Mattermost_AutoTesting\\Reports\\20210528_235331\\1712666\\Run_All_Test_Cases\\20210528_235331\\1622222006082.png, C:\\Users\\phuc\\git\\Mattermost_AutoTesting\\Reports\\20210528_235331\\1712666\\Run_All_Test_Cases\\20210528_235331\\1622222092768.png, C:\\Users\\phuc\\git\\Mattermost_AutoTesting\\Reports\\20210528_235331\\1712666\\Run_All_Test_Cases\\20210528_235331\\1622222178576.png, C:\\Users\\phuc\\git\\Mattermost_AutoTesting\\Reports\\20210528_235331\\1712666\\Run_All_Test_Cases\\20210528_235331\\1622222266246.png, C:\\Users\\phuc\\git\\Mattermost_AutoTesting\\Reports\\20210528_235331\\1712666\\Run_All_Test_Cases\\20210528_235331\\1622222449885.png, C:\\Users\\phuc\\git\\Mattermost_AutoTesting\\Reports\\20210528_235331\\1712666\\Run_All_Test_Cases\\20210528_235331\\1622222528794.png, C:\\Users\\phuc\\git\\Mattermost_AutoTesting\\Reports\\20210528_235331\\1712666\\Run_All_Test_Cases\\20210528_235331\\1622222575471.png, C:\\Users\\phuc\\git\\Mattermost_AutoTesting\\Reports\\20210528_235331\\1712666\\Run_All_Test_Cases\\20210528_235331\\1622222621853.png, C:\\Users\\phuc\\git\\Mattermost_AutoTesting\\Reports\\20210528_235331\\1712666\\Run_All_Test_Cases\\20210528_235331\\1622222668347.png, C:\\Users\\phuc\\git\\Mattermost_AutoTesting\\Reports\\20210528_235331\\1712666\\Run_All_Test_Cases\\20210528_235331\\1622222734034.png"/>
         <property name="hostName" value="phuc - 192.168.0.4"/>
         <property name="os" value="Windows 10 64bit"/>
         <property name="katalonVersion" value="8.0.0.208"/>
         <property name="browser" value="Chrome 90.0.4430.212"/>
         <property name="hostAddress" value="192.168.0.4"/>
         <property name="sessionId" value="5990daeabb1bc9b89b9421b9dbbe6826"/>
         <property name="seleniumVersion" value="3.141.59"/>
         <property name="proxyInformation" value="ProxyInformation { proxyOption=NO_PROXY, proxyServerType=HTTP, username=, password=********, proxyServerAddress=, proxyServerPort=0, executionList=&quot;&quot;, isApplyToDesiredCapabilities=true }"/>
         <property name="platform" value="Windows 10"/>
      </properties>
      <testcase name="Test Cases/1412263/TC01_Login" time="31.776" classname="Test Cases/1412263/TC01_Login" status="PASSED">
         <system-out><![CDATA[2021-05-28 23:53:41 - [TEST_CASE][PASSED] - Test Cases/1412263/TC01_Login: Test Cases/1412263/TC01_Login

2021-05-28 23:53:42 - [TEST_STEP][PASSED] - openBrowser(""): Browser is opened with url: ''

2021-05-28 23:53:42 - [MESSAGE][INFO] - Starting 'Chrome' driver

2021-05-28 23:53:42 - [MESSAGE][INFO] - Action delay is set to 0 milliseconds

2021-05-28 23:53:44 - [MESSAGE][PASSED] - Browser is opened with url: ''

2021-05-28 23:53:44 - [TEST_STEP][PASSED] - navigateToUrl("http://mattermostwebapp.herokuapp.com/"): Navigate to 'http://mattermostwebapp.herokuapp.com/' successfully

2021-05-28 23:53:47 - [MESSAGE][PASSED] - Navigate to 'http://mattermostwebapp.herokuapp.com/' successfully

2021-05-28 23:53:47 - [TEST_STEP][PASSED] - for ([rowNum = 1, rowNum <= 5, (rowNum++)]): null

2021-05-28 23:53:47 - [TEST_STEP][PASSED] - setText(findTestObject("1412263_Page_Mattermost/input_All team communication in one place, _dcc84b"), findTestData("1412263/Data TC1 Login").getValue(1, rowNum)): Text 'huykhoi263' is set on object 'Object Repository/1412263_Page_Mattermost/input_All team communication in one place, _dcc84b'

2021-05-28 23:53:52 - [MESSAGE][PASSED] - Text 'huykhoi263' is set on object 'Object Repository/1412263_Page_Mattermost/input_All team communication in one place, _dcc84b'

2021-05-28 23:53:52 - [TEST_STEP][PASSED] - setEncryptedText(findTestObject("1412263_Page_Mattermost/input_All team communication in one place, _a3edc6"), findTestData("1412263/Data TC1 Login").getValue(2, rowNum)): Text ****** has been set on object 'Object Repository/1412263_Page_Mattermost/input_All team communication in one place, _a3edc6'

2021-05-28 23:53:53 - [MESSAGE][PASSED] - Text ****** has been set on object 'Object Repository/1412263_Page_Mattermost/input_All team communication in one place, _a3edc6'

2021-05-28 23:53:53 - [TEST_STEP][PASSED] - click(findTestObject("1412263_Page_Mattermost/button_Sign in")): Object: 'Object Repository/1412263_Page_Mattermost/button_Sign in' is clicked on

2021-05-28 23:53:53 - [MESSAGE][PASSED] - Object: 'Object Repository/1412263_Page_Mattermost/button_Sign in' is clicked on

2021-05-28 23:53:53 - [TEST_STEP][PASSED] - Thread.sleep(2000): null

2021-05-28 23:53:55 - [TEST_STEP][PASSED] - setText(findTestObject("1412263_Page_Mattermost/input_All team communication in one place, _dcc84b"), findTestData("1412263/Data TC1 Login").getValue(1, rowNum)): Text 'huykhoi' is set on object 'Object Repository/1412263_Page_Mattermost/input_All team communication in one place, _dcc84b'

2021-05-28 23:53:56 - [MESSAGE][PASSED] - Text 'huykhoi' is set on object 'Object Repository/1412263_Page_Mattermost/input_All team communication in one place, _dcc84b'

2021-05-28 23:53:56 - [TEST_STEP][PASSED] - setEncryptedText(findTestObject("1412263_Page_Mattermost/input_All team communication in one place, _a3edc6"), findTestData("1412263/Data TC1 Login").getValue(2, rowNum)): Text ****** has been set on object 'Object Repository/1412263_Page_Mattermost/input_All team communication in one place, _a3edc6'

2021-05-28 23:53:57 - [MESSAGE][PASSED] - Text ****** has been set on object 'Object Repository/1412263_Page_Mattermost/input_All team communication in one place, _a3edc6'

2021-05-28 23:53:57 - [TEST_STEP][PASSED] - click(findTestObject("1412263_Page_Mattermost/button_Sign in")): Object: 'Object Repository/1412263_Page_Mattermost/button_Sign in' is clicked on

2021-05-28 23:53:57 - [MESSAGE][PASSED] - Object: 'Object Repository/1412263_Page_Mattermost/button_Sign in' is clicked on

2021-05-28 23:53:57 - [TEST_STEP][PASSED] - Thread.sleep(2000): null

2021-05-28 23:54:00 - [TEST_STEP][PASSED] - setText(findTestObject("1412263_Page_Mattermost/input_All team communication in one place, _dcc84b"), findTestData("1412263/Data TC1 Login").getValue(1, rowNum)): Text 'huykhoi' is set on object 'Object Repository/1412263_Page_Mattermost/input_All team communication in one place, _dcc84b'

2021-05-28 23:54:00 - [MESSAGE][PASSED] - Text 'huykhoi' is set on object 'Object Repository/1412263_Page_Mattermost/input_All team communication in one place, _dcc84b'

2021-05-28 23:54:00 - [TEST_STEP][PASSED] - setEncryptedText(findTestObject("1412263_Page_Mattermost/input_All team communication in one place, _a3edc6"), findTestData("1412263/Data TC1 Login").getValue(2, rowNum)): Text ****** has been set on object 'Object Repository/1412263_Page_Mattermost/input_All team communication in one place, _a3edc6'

2021-05-28 23:54:01 - [MESSAGE][PASSED] - Text ****** has been set on object 'Object Repository/1412263_Page_Mattermost/input_All team communication in one place, _a3edc6'

2021-05-28 23:54:01 - [TEST_STEP][PASSED] - click(findTestObject("1412263_Page_Mattermost/button_Sign in")): Object: 'Object Repository/1412263_Page_Mattermost/button_Sign in' is clicked on

2021-05-28 23:54:02 - [MESSAGE][PASSED] - Object: 'Object Repository/1412263_Page_Mattermost/button_Sign in' is clicked on

2021-05-28 23:54:02 - [TEST_STEP][PASSED] - Thread.sleep(2000): null

2021-05-28 23:54:04 - [TEST_STEP][PASSED] - setText(findTestObject("1412263_Page_Mattermost/input_All team communication in one place, _dcc84b"), findTestData("1412263/Data TC1 Login").getValue(1, rowNum)): Text 'huy' is set on object 'Object Repository/1412263_Page_Mattermost/input_All team communication in one place, _dcc84b'

2021-05-28 23:54:05 - [MESSAGE][PASSED] - Text 'huy' is set on object 'Object Repository/1412263_Page_Mattermost/input_All team communication in one place, _dcc84b'

2021-05-28 23:54:05 - [TEST_STEP][PASSED] - setEncryptedText(findTestObject("1412263_Page_Mattermost/input_All team communication in one place, _a3edc6"), findTestData("1412263/Data TC1 Login").getValue(2, rowNum)): Text ****** has been set on object 'Object Repository/1412263_Page_Mattermost/input_All team communication in one place, _a3edc6'

2021-05-28 23:54:05 - [MESSAGE][PASSED] - Text ****** has been set on object 'Object Repository/1412263_Page_Mattermost/input_All team communication in one place, _a3edc6'

2021-05-28 23:54:05 - [TEST_STEP][PASSED] - click(findTestObject("1412263_Page_Mattermost/button_Sign in")): Object: 'Object Repository/1412263_Page_Mattermost/button_Sign in' is clicked on

2021-05-28 23:54:06 - [MESSAGE][PASSED] - Object: 'Object Repository/1412263_Page_Mattermost/button_Sign in' is clicked on

2021-05-28 23:54:06 - [TEST_STEP][PASSED] - Thread.sleep(2000): null

2021-05-28 23:54:08 - [TEST_STEP][PASSED] - setText(findTestObject("1412263_Page_Mattermost/input_All team communication in one place, _dcc84b"), findTestData("1412263/Data TC1 Login").getValue(1, rowNum)): Text 'huykhoi263' is set on object 'Object Repository/1412263_Page_Mattermost/input_All team communication in one place, _dcc84b'

2021-05-28 23:54:09 - [MESSAGE][PASSED] - Text 'huykhoi263' is set on object 'Object Repository/1412263_Page_Mattermost/input_All team communication in one place, _dcc84b'

2021-05-28 23:54:09 - [TEST_STEP][PASSED] - setEncryptedText(findTestObject("1412263_Page_Mattermost/input_All team communication in one place, _a3edc6"), findTestData("1412263/Data TC1 Login").getValue(2, rowNum)): Text ****** has been set on object 'Object Repository/1412263_Page_Mattermost/input_All team communication in one place, _a3edc6'

2021-05-28 23:54:09 - [MESSAGE][PASSED] - Text ****** has been set on object 'Object Repository/1412263_Page_Mattermost/input_All team communication in one place, _a3edc6'

2021-05-28 23:54:09 - [TEST_STEP][PASSED] - click(findTestObject("1412263_Page_Mattermost/button_Sign in")): Object: 'Object Repository/1412263_Page_Mattermost/button_Sign in' is clicked on

2021-05-28 23:54:10 - [MESSAGE][PASSED] - Object: 'Object Repository/1412263_Page_Mattermost/button_Sign in' is clicked on

2021-05-28 23:54:10 - [TEST_STEP][PASSED] - Thread.sleep(2000): null

2021-05-28 23:54:12 - [TEST_STEP][PASSED] - closeBrowser(): Browser is closed

2021-05-28 23:54:13 - [MESSAGE][PASSED] - Browser is closed]]></system-out>
         <system-err><![CDATA[]]></system-err>
      </testcase>
      <testcase name="Test Cases/1412263/TC02_UpdatePassword" time="40.25" classname="Test Cases/1412263/TC02_UpdatePassword" status="PASSED">
         <system-out><![CDATA[2021-05-28 23:54:13 - [TEST_CASE][PASSED] - Test Cases/1412263/TC02_UpdatePassword: Test Cases/1412263/TC02_UpdatePassword

2021-05-28 23:54:13 - [TEST_STEP][PASSED] - openBrowser(""): Browser is opened with url: ''

2021-05-28 23:54:13 - [MESSAGE][INFO] - Starting 'Chrome' driver

2021-05-28 23:54:13 - [MESSAGE][INFO] - Action delay is set to 0 milliseconds

2021-05-28 23:54:14 - [MESSAGE][PASSED] - Browser is opened with url: ''

2021-05-28 23:54:14 - [TEST_STEP][PASSED] - navigateToUrl("http://mattermostwebapp.herokuapp.com/"): Navigate to 'http://mattermostwebapp.herokuapp.com/' successfully

2021-05-28 23:54:18 - [MESSAGE][PASSED] - Navigate to 'http://mattermostwebapp.herokuapp.com/' successfully

2021-05-28 23:54:18 - [TEST_STEP][PASSED] - setText(findTestObject("1412263_Page_Mattermost/input_All team communication in one place, _dcc84b"), "huykhoi263"): Text 'huykhoi263' is set on object 'Object Repository/1412263_Page_Mattermost/input_All team communication in one place, _dcc84b'

2021-05-28 23:54:22 - [MESSAGE][PASSED] - Text 'huykhoi263' is set on object 'Object Repository/1412263_Page_Mattermost/input_All team communication in one place, _dcc84b'

2021-05-28 23:54:22 - [TEST_STEP][PASSED] - setEncryptedText(findTestObject("1412263_Page_Mattermost/input_All team communication in one place, _a3edc6"), "o1rBehR+FzY2ClyWuSUtzg=="): Text ****** has been set on object 'Object Repository/1412263_Page_Mattermost/input_All team communication in one place, _a3edc6'

2021-05-28 23:54:23 - [MESSAGE][PASSED] - Text ****** has been set on object 'Object Repository/1412263_Page_Mattermost/input_All team communication in one place, _a3edc6'

2021-05-28 23:54:23 - [TEST_STEP][PASSED] - click(findTestObject("1412263_Page_Mattermost/button_Sign in")): Object: 'Object Repository/1412263_Page_Mattermost/button_Sign in' is clicked on

2021-05-28 23:54:23 - [MESSAGE][PASSED] - Object: 'Object Repository/1412263_Page_Mattermost/button_Sign in' is clicked on

2021-05-28 23:54:23 - [TEST_STEP][PASSED] - click(findTestObject("1412263_Page_Town Square - CNC_Nhom3 Mattermost/span")): Object: 'Object Repository/1412263_Page_Town Square - CNC_Nhom3 Mattermost/span' is clicked on

2021-05-28 23:54:27 - [MESSAGE][PASSED] - Object: 'Object Repository/1412263_Page_Town Square - CNC_Nhom3 Mattermost/span' is clicked on

2021-05-28 23:54:27 - [TEST_STEP][PASSED] - click(findTestObject("1412263_Page_Town Square - CNC_Nhom3 Mattermost/button_Account Settings")): Object: 'Object Repository/1412263_Page_Town Square - CNC_Nhom3 Mattermost/button_Account Settings' is clicked on

2021-05-28 23:54:28 - [MESSAGE][PASSED] - Object: 'Object Repository/1412263_Page_Town Square - CNC_Nhom3 Mattermost/button_Account Settings' is clicked on

2021-05-28 23:54:28 - [TEST_STEP][PASSED] - click(findTestObject("1412263_Page_Town Square - CNC_Nhom3 Mattermost/button_Security")): Object: 'Object Repository/1412263_Page_Town Square - CNC_Nhom3 Mattermost/button_Security' is clicked on

2021-05-28 23:54:28 - [MESSAGE][PASSED] - Object: 'Object Repository/1412263_Page_Town Square - CNC_Nhom3 Mattermost/button_Security' is clicked on

2021-05-28 23:54:28 - [TEST_STEP][PASSED] - for ([i = 1, i <= 5, (i++)]): null

2021-05-28 23:54:28 - [TEST_STEP][PASSED] - click(findTestObject("1412263_Page_Town Square - CNC_Nhom3 Mattermost/span_EditPassword")): Object: 'Object Repository/1412263_Page_Town Square - CNC_Nhom3 Mattermost/span_EditPassword' is clicked on

2021-05-28 23:54:29 - [MESSAGE][PASSED] - Object: 'Object Repository/1412263_Page_Town Square - CNC_Nhom3 Mattermost/span_EditPassword' is clicked on

2021-05-28 23:54:29 - [TEST_STEP][PASSED] - setEncryptedText(findTestObject("1412263_Page_Town Square - CNC_Nhom3 Mattermost/input_Current Password_currentPassword"), findTestData("1412263/Data TC2 UpdatePassword").getValue(1, i)): Text ****** has been set on object 'Object Repository/1412263_Page_Town Square - CNC_Nhom3 Mattermost/input_Current Password_currentPassword'

2021-05-28 23:54:30 - [MESSAGE][PASSED] - Text ****** has been set on object 'Object Repository/1412263_Page_Town Square - CNC_Nhom3 Mattermost/input_Current Password_currentPassword'

2021-05-28 23:54:30 - [TEST_STEP][PASSED] - setEncryptedText(findTestObject("1412263_Page_Town Square - CNC_Nhom3 Mattermost/input_New Password_newPassword"), findTestData("1412263/Data TC2 UpdatePassword").getValue(2, i)): Text ****** has been set on object 'Object Repository/1412263_Page_Town Square - CNC_Nhom3 Mattermost/input_New Password_newPassword'

2021-05-28 23:54:30 - [MESSAGE][PASSED] - Text ****** has been set on object 'Object Repository/1412263_Page_Town Square - CNC_Nhom3 Mattermost/input_New Password_newPassword'

2021-05-28 23:54:30 - [TEST_STEP][PASSED] - setEncryptedText(findTestObject("1412263_Page_Town Square - CNC_Nhom3 Mattermost/input_Retype New Password_confirmPassword"), findTestData("1412263/Data TC2 UpdatePassword").getValue(3, i)): Text ****** has been set on object 'Object Repository/1412263_Page_Town Square - CNC_Nhom3 Mattermost/input_Retype New Password_confirmPassword'

2021-05-28 23:54:31 - [MESSAGE][PASSED] - Text ****** has been set on object 'Object Repository/1412263_Page_Town Square - CNC_Nhom3 Mattermost/input_Retype New Password_confirmPassword'

2021-05-28 23:54:31 - [TEST_STEP][PASSED] - click(findTestObject("1412263_Page_Town Square - CNC_Nhom3 Mattermost/button_Save")): Object: 'Object Repository/1412263_Page_Town Square - CNC_Nhom3 Mattermost/button_Save' is clicked on

2021-05-28 23:54:31 - [MESSAGE][PASSED] - Object: 'Object Repository/1412263_Page_Town Square - CNC_Nhom3 Mattermost/button_Save' is clicked on

2021-05-28 23:54:31 - [TEST_STEP][PASSED] - Thread.sleep(2000): null

2021-05-28 23:54:33 - [TEST_STEP][PASSED] - click(findTestObject("1412263_Page_Town Square - CNC_Nhom3 Mattermost/span_EditPassword")): Object: 'Object Repository/1412263_Page_Town Square - CNC_Nhom3 Mattermost/span_EditPassword' is clicked on

2021-05-28 23:54:33 - [MESSAGE][PASSED] - Object: 'Object Repository/1412263_Page_Town Square - CNC_Nhom3 Mattermost/span_EditPassword' is clicked on

2021-05-28 23:54:33 - [TEST_STEP][PASSED] - setEncryptedText(findTestObject("1412263_Page_Town Square - CNC_Nhom3 Mattermost/input_Current Password_currentPassword"), findTestData("1412263/Data TC2 UpdatePassword").getValue(1, i)): Text ****** has been set on object 'Object Repository/1412263_Page_Town Square - CNC_Nhom3 Mattermost/input_Current Password_currentPassword'

2021-05-28 23:54:34 - [MESSAGE][PASSED] - Text ****** has been set on object 'Object Repository/1412263_Page_Town Square - CNC_Nhom3 Mattermost/input_Current Password_currentPassword'

2021-05-28 23:54:34 - [TEST_STEP][PASSED] - setEncryptedText(findTestObject("1412263_Page_Town Square - CNC_Nhom3 Mattermost/input_New Password_newPassword"), findTestData("1412263/Data TC2 UpdatePassword").getValue(2, i)): Text ****** has been set on object 'Object Repository/1412263_Page_Town Square - CNC_Nhom3 Mattermost/input_New Password_newPassword'

2021-05-28 23:54:35 - [MESSAGE][PASSED] - Text ****** has been set on object 'Object Repository/1412263_Page_Town Square - CNC_Nhom3 Mattermost/input_New Password_newPassword'

2021-05-28 23:54:35 - [TEST_STEP][PASSED] - setEncryptedText(findTestObject("1412263_Page_Town Square - CNC_Nhom3 Mattermost/input_Retype New Password_confirmPassword"), findTestData("1412263/Data TC2 UpdatePassword").getValue(3, i)): Text ****** has been set on object 'Object Repository/1412263_Page_Town Square - CNC_Nhom3 Mattermost/input_Retype New Password_confirmPassword'

2021-05-28 23:54:35 - [MESSAGE][PASSED] - Text ****** has been set on object 'Object Repository/1412263_Page_Town Square - CNC_Nhom3 Mattermost/input_Retype New Password_confirmPassword'

2021-05-28 23:54:35 - [TEST_STEP][PASSED] - click(findTestObject("1412263_Page_Town Square - CNC_Nhom3 Mattermost/button_Save")): Object: 'Object Repository/1412263_Page_Town Square - CNC_Nhom3 Mattermost/button_Save' is clicked on

2021-05-28 23:54:35 - [MESSAGE][PASSED] - Object: 'Object Repository/1412263_Page_Town Square - CNC_Nhom3 Mattermost/button_Save' is clicked on

2021-05-28 23:54:35 - [TEST_STEP][PASSED] - Thread.sleep(2000): null

2021-05-28 23:54:37 - [TEST_STEP][PASSED] - click(findTestObject("1412263_Page_Town Square - CNC_Nhom3 Mattermost/span_EditPassword")): Object: 'Object Repository/1412263_Page_Town Square - CNC_Nhom3 Mattermost/span_EditPassword' is clicked on

2021-05-28 23:54:38 - [MESSAGE][PASSED] - Object: 'Object Repository/1412263_Page_Town Square - CNC_Nhom3 Mattermost/span_EditPassword' is clicked on

2021-05-28 23:54:38 - [TEST_STEP][PASSED] - setEncryptedText(findTestObject("1412263_Page_Town Square - CNC_Nhom3 Mattermost/input_Current Password_currentPassword"), findTestData("1412263/Data TC2 UpdatePassword").getValue(1, i)): Text ****** has been set on object 'Object Repository/1412263_Page_Town Square - CNC_Nhom3 Mattermost/input_Current Password_currentPassword'

2021-05-28 23:54:39 - [MESSAGE][PASSED] - Text ****** has been set on object 'Object Repository/1412263_Page_Town Square - CNC_Nhom3 Mattermost/input_Current Password_currentPassword'

2021-05-28 23:54:39 - [TEST_STEP][PASSED] - setEncryptedText(findTestObject("1412263_Page_Town Square - CNC_Nhom3 Mattermost/input_New Password_newPassword"), findTestData("1412263/Data TC2 UpdatePassword").getValue(2, i)): Text ****** has been set on object 'Object Repository/1412263_Page_Town Square - CNC_Nhom3 Mattermost/input_New Password_newPassword'

2021-05-28 23:54:39 - [MESSAGE][PASSED] - Text ****** has been set on object 'Object Repository/1412263_Page_Town Square - CNC_Nhom3 Mattermost/input_New Password_newPassword'

2021-05-28 23:54:39 - [TEST_STEP][PASSED] - setEncryptedText(findTestObject("1412263_Page_Town Square - CNC_Nhom3 Mattermost/input_Retype New Password_confirmPassword"), findTestData("1412263/Data TC2 UpdatePassword").getValue(3, i)): Text ****** has been set on object 'Object Repository/1412263_Page_Town Square - CNC_Nhom3 Mattermost/input_Retype New Password_confirmPassword'

2021-05-28 23:54:40 - [MESSAGE][PASSED] - Text ****** has been set on object 'Object Repository/1412263_Page_Town Square - CNC_Nhom3 Mattermost/input_Retype New Password_confirmPassword'

2021-05-28 23:54:40 - [TEST_STEP][PASSED] - click(findTestObject("1412263_Page_Town Square - CNC_Nhom3 Mattermost/button_Save")): Object: 'Object Repository/1412263_Page_Town Square - CNC_Nhom3 Mattermost/button_Save' is clicked on

2021-05-28 23:54:40 - [MESSAGE][PASSED] - Object: 'Object Repository/1412263_Page_Town Square - CNC_Nhom3 Mattermost/button_Save' is clicked on

2021-05-28 23:54:40 - [TEST_STEP][PASSED] - Thread.sleep(2000): null

2021-05-28 23:54:42 - [TEST_STEP][PASSED] - click(findTestObject("1412263_Page_Town Square - CNC_Nhom3 Mattermost/span_EditPassword")): Object: 'Object Repository/1412263_Page_Town Square - CNC_Nhom3 Mattermost/span_EditPassword' is clicked on

2021-05-28 23:54:43 - [MESSAGE][PASSED] - Object: 'Object Repository/1412263_Page_Town Square - CNC_Nhom3 Mattermost/span_EditPassword' is clicked on

2021-05-28 23:54:43 - [TEST_STEP][PASSED] - setEncryptedText(findTestObject("1412263_Page_Town Square - CNC_Nhom3 Mattermost/input_Current Password_currentPassword"), findTestData("1412263/Data TC2 UpdatePassword").getValue(1, i)): Text ****** has been set on object 'Object Repository/1412263_Page_Town Square - CNC_Nhom3 Mattermost/input_Current Password_currentPassword'

2021-05-28 23:54:43 - [MESSAGE][PASSED] - Text ****** has been set on object 'Object Repository/1412263_Page_Town Square - CNC_Nhom3 Mattermost/input_Current Password_currentPassword'

2021-05-28 23:54:43 - [TEST_STEP][PASSED] - setEncryptedText(findTestObject("1412263_Page_Town Square - CNC_Nhom3 Mattermost/input_New Password_newPassword"), findTestData("1412263/Data TC2 UpdatePassword").getValue(2, i)): Text ****** has been set on object 'Object Repository/1412263_Page_Town Square - CNC_Nhom3 Mattermost/input_New Password_newPassword'

2021-05-28 23:54:44 - [MESSAGE][PASSED] - Text ****** has been set on object 'Object Repository/1412263_Page_Town Square - CNC_Nhom3 Mattermost/input_New Password_newPassword'

2021-05-28 23:54:44 - [TEST_STEP][PASSED] - setEncryptedText(findTestObject("1412263_Page_Town Square - CNC_Nhom3 Mattermost/input_Retype New Password_confirmPassword"), findTestData("1412263/Data TC2 UpdatePassword").getValue(3, i)): Text ****** has been set on object 'Object Repository/1412263_Page_Town Square - CNC_Nhom3 Mattermost/input_Retype New Password_confirmPassword'

2021-05-28 23:54:44 - [MESSAGE][PASSED] - Text ****** has been set on object 'Object Repository/1412263_Page_Town Square - CNC_Nhom3 Mattermost/input_Retype New Password_confirmPassword'

2021-05-28 23:54:44 - [TEST_STEP][PASSED] - click(findTestObject("1412263_Page_Town Square - CNC_Nhom3 Mattermost/button_Save")): Object: 'Object Repository/1412263_Page_Town Square - CNC_Nhom3 Mattermost/button_Save' is clicked on

2021-05-28 23:54:45 - [MESSAGE][PASSED] - Object: 'Object Repository/1412263_Page_Town Square - CNC_Nhom3 Mattermost/button_Save' is clicked on

2021-05-28 23:54:45 - [TEST_STEP][PASSED] - Thread.sleep(2000): null

2021-05-28 23:54:47 - [TEST_STEP][PASSED] - click(findTestObject("1412263_Page_Town Square - CNC_Nhom3 Mattermost/span_EditPassword")): Object: 'Object Repository/1412263_Page_Town Square - CNC_Nhom3 Mattermost/span_EditPassword' is clicked on

2021-05-28 23:54:47 - [MESSAGE][PASSED] - Object: 'Object Repository/1412263_Page_Town Square - CNC_Nhom3 Mattermost/span_EditPassword' is clicked on

2021-05-28 23:54:47 - [TEST_STEP][PASSED] - setEncryptedText(findTestObject("1412263_Page_Town Square - CNC_Nhom3 Mattermost/input_Current Password_currentPassword"), findTestData("1412263/Data TC2 UpdatePassword").getValue(1, i)): Text ****** has been set on object 'Object Repository/1412263_Page_Town Square - CNC_Nhom3 Mattermost/input_Current Password_currentPassword'

2021-05-28 23:54:48 - [MESSAGE][PASSED] - Text ****** has been set on object 'Object Repository/1412263_Page_Town Square - CNC_Nhom3 Mattermost/input_Current Password_currentPassword'

2021-05-28 23:54:48 - [TEST_STEP][PASSED] - setEncryptedText(findTestObject("1412263_Page_Town Square - CNC_Nhom3 Mattermost/input_New Password_newPassword"), findTestData("1412263/Data TC2 UpdatePassword").getValue(2, i)): Text ****** has been set on object 'Object Repository/1412263_Page_Town Square - CNC_Nhom3 Mattermost/input_New Password_newPassword'

2021-05-28 23:54:48 - [MESSAGE][PASSED] - Text ****** has been set on object 'Object Repository/1412263_Page_Town Square - CNC_Nhom3 Mattermost/input_New Password_newPassword'

2021-05-28 23:54:48 - [TEST_STEP][PASSED] - setEncryptedText(findTestObject("1412263_Page_Town Square - CNC_Nhom3 Mattermost/input_Retype New Password_confirmPassword"), findTestData("1412263/Data TC2 UpdatePassword").getValue(3, i)): Text ****** has been set on object 'Object Repository/1412263_Page_Town Square - CNC_Nhom3 Mattermost/input_Retype New Password_confirmPassword'

2021-05-28 23:54:49 - [MESSAGE][PASSED] - Text ****** has been set on object 'Object Repository/1412263_Page_Town Square - CNC_Nhom3 Mattermost/input_Retype New Password_confirmPassword'

2021-05-28 23:54:49 - [TEST_STEP][PASSED] - click(findTestObject("1412263_Page_Town Square - CNC_Nhom3 Mattermost/button_Save")): Object: 'Object Repository/1412263_Page_Town Square - CNC_Nhom3 Mattermost/button_Save' is clicked on

2021-05-28 23:54:49 - [MESSAGE][PASSED] - Object: 'Object Repository/1412263_Page_Town Square - CNC_Nhom3 Mattermost/button_Save' is clicked on

2021-05-28 23:54:49 - [TEST_STEP][PASSED] - Thread.sleep(2000): null

2021-05-28 23:54:51 - [TEST_STEP][PASSED] - click(findTestObject("1412263_Page_Town Square - CNC_Nhom3 Mattermost/span_")): Object: 'Object Repository/1412263_Page_Town Square - CNC_Nhom3 Mattermost/span_' is clicked on

2021-05-28 23:54:52 - [MESSAGE][PASSED] - Object: 'Object Repository/1412263_Page_Town Square - CNC_Nhom3 Mattermost/span_' is clicked on

2021-05-28 23:54:52 - [TEST_STEP][PASSED] - closeBrowser(): Browser is closed

2021-05-28 23:54:53 - [MESSAGE][PASSED] - Browser is closed]]></system-out>
         <system-err><![CDATA[]]></system-err>
      </testcase>
      <testcase name="Test Cases/1412263/TC03_UpdateFullName" time="39.847" classname="Test Cases/1412263/TC03_UpdateFullName" status="PASSED">
         <system-out><![CDATA[2021-05-28 23:54:53 - [TEST_CASE][PASSED] - Test Cases/1412263/TC03_UpdateFullName: Test Cases/1412263/TC03_UpdateFullName

2021-05-28 23:54:53 - [TEST_STEP][PASSED] - openBrowser(""): Browser is opened with url: ''

2021-05-28 23:54:53 - [MESSAGE][INFO] - Starting 'Chrome' driver

2021-05-28 23:54:53 - [MESSAGE][INFO] - Action delay is set to 0 milliseconds

2021-05-28 23:54:54 - [MESSAGE][PASSED] - Browser is opened with url: ''

2021-05-28 23:54:54 - [TEST_STEP][PASSED] - navigateToUrl("http://mattermostwebapp.herokuapp.com/"): Navigate to 'http://mattermostwebapp.herokuapp.com/' successfully

2021-05-28 23:54:57 - [MESSAGE][PASSED] - Navigate to 'http://mattermostwebapp.herokuapp.com/' successfully

2021-05-28 23:54:57 - [TEST_STEP][PASSED] - setText(findTestObject("1412263_Page_Mattermost/input_All team communication in one place, _dcc84b"), "huykhoi263"): Text 'huykhoi263' is set on object 'Object Repository/1412263_Page_Mattermost/input_All team communication in one place, _dcc84b'

2021-05-28 23:55:01 - [MESSAGE][PASSED] - Text 'huykhoi263' is set on object 'Object Repository/1412263_Page_Mattermost/input_All team communication in one place, _dcc84b'

2021-05-28 23:55:01 - [TEST_STEP][PASSED] - setEncryptedText(findTestObject("1412263_Page_Mattermost/input_All team communication in one place, _a3edc6"), "o1rBehR+FzY2ClyWuSUtzg=="): Text ****** has been set on object 'Object Repository/1412263_Page_Mattermost/input_All team communication in one place, _a3edc6'

2021-05-28 23:55:02 - [MESSAGE][PASSED] - Text ****** has been set on object 'Object Repository/1412263_Page_Mattermost/input_All team communication in one place, _a3edc6'

2021-05-28 23:55:02 - [TEST_STEP][PASSED] - click(findTestObject("1412263_Page_Mattermost/button_Sign in")): Object: 'Object Repository/1412263_Page_Mattermost/button_Sign in' is clicked on

2021-05-28 23:55:02 - [MESSAGE][PASSED] - Object: 'Object Repository/1412263_Page_Mattermost/button_Sign in' is clicked on

2021-05-28 23:55:02 - [TEST_STEP][PASSED] - click(findTestObject("1412263_Page_Town Square - CNC_Nhom3 Mattermost/span")): Object: 'Object Repository/1412263_Page_Town Square - CNC_Nhom3 Mattermost/span' is clicked on

2021-05-28 23:55:06 - [MESSAGE][PASSED] - Object: 'Object Repository/1412263_Page_Town Square - CNC_Nhom3 Mattermost/span' is clicked on

2021-05-28 23:55:06 - [TEST_STEP][PASSED] - click(findTestObject("1412263_Page_Town Square - CNC_Nhom3 Mattermost/button_Account Settings")): Object: 'Object Repository/1412263_Page_Town Square - CNC_Nhom3 Mattermost/button_Account Settings' is clicked on

2021-05-28 23:55:07 - [MESSAGE][PASSED] - Object: 'Object Repository/1412263_Page_Town Square - CNC_Nhom3 Mattermost/button_Account Settings' is clicked on

2021-05-28 23:55:07 - [TEST_STEP][PASSED] - for ([i = 1, i <= 5, (i++)]): null

2021-05-28 23:55:07 - [TEST_STEP][PASSED] - click(findTestObject("1412263_Page_Town Square - CNC_Nhom3 Mattermost/span_EditFullname")): Object: 'Object Repository/1412263_Page_Town Square - CNC_Nhom3 Mattermost/span_EditFullname' is clicked on

2021-05-28 23:55:08 - [MESSAGE][PASSED] - Object: 'Object Repository/1412263_Page_Town Square - CNC_Nhom3 Mattermost/span_EditFullname' is clicked on

2021-05-28 23:55:08 - [TEST_STEP][PASSED] - setText(findTestObject("1412263_Page_Town Square - CNC_Nhom3 Mattermost/input_First Name_firstName"), findTestData("1412263/Data TC3 UpdateFullName").getValue(1, i)): Text 'Nguyen' is set on object 'Object Repository/1412263_Page_Town Square - CNC_Nhom3 Mattermost/input_First Name_firstName'

2021-05-28 23:55:09 - [MESSAGE][PASSED] - Text 'Nguyen' is set on object 'Object Repository/1412263_Page_Town Square - CNC_Nhom3 Mattermost/input_First Name_firstName'

2021-05-28 23:55:09 - [TEST_STEP][PASSED] - setText(findTestObject("1412263_Page_Town Square - CNC_Nhom3 Mattermost/input_Last Name_lastName"), findTestData("1412263/Data TC3 UpdateFullName").getValue(2, i)): Text 'Huy Khoi' is set on object 'Object Repository/1412263_Page_Town Square - CNC_Nhom3 Mattermost/input_Last Name_lastName'

2021-05-28 23:55:10 - [MESSAGE][PASSED] - Text 'Huy Khoi' is set on object 'Object Repository/1412263_Page_Town Square - CNC_Nhom3 Mattermost/input_Last Name_lastName'

2021-05-28 23:55:10 - [TEST_STEP][PASSED] - click(findTestObject("1412263_Page_Town Square - CNC_Nhom3 Mattermost/span_Save")): Object: 'Object Repository/1412263_Page_Town Square - CNC_Nhom3 Mattermost/span_Save' is clicked on

2021-05-28 23:55:10 - [MESSAGE][PASSED] - Object: 'Object Repository/1412263_Page_Town Square - CNC_Nhom3 Mattermost/span_Save' is clicked on

2021-05-28 23:55:10 - [TEST_STEP][PASSED] - Thread.sleep(2000): null

2021-05-28 23:55:12 - [TEST_STEP][PASSED] - click(findTestObject("1412263_Page_Town Square - CNC_Nhom3 Mattermost/span_EditFullname")): Object: 'Object Repository/1412263_Page_Town Square - CNC_Nhom3 Mattermost/span_EditFullname' is clicked on

2021-05-28 23:55:13 - [MESSAGE][PASSED] - Object: 'Object Repository/1412263_Page_Town Square - CNC_Nhom3 Mattermost/span_EditFullname' is clicked on

2021-05-28 23:55:13 - [TEST_STEP][PASSED] - setText(findTestObject("1412263_Page_Town Square - CNC_Nhom3 Mattermost/input_First Name_firstName"), findTestData("1412263/Data TC3 UpdateFullName").getValue(1, i)): Text 'Tran' is set on object 'Object Repository/1412263_Page_Town Square - CNC_Nhom3 Mattermost/input_First Name_firstName'

2021-05-28 23:55:14 - [MESSAGE][PASSED] - Text 'Tran' is set on object 'Object Repository/1412263_Page_Town Square - CNC_Nhom3 Mattermost/input_First Name_firstName'

2021-05-28 23:55:14 - [TEST_STEP][PASSED] - setText(findTestObject("1412263_Page_Town Square - CNC_Nhom3 Mattermost/input_Last Name_lastName"), findTestData("1412263/Data TC3 UpdateFullName").getValue(2, i)): Text 'Van A' is set on object 'Object Repository/1412263_Page_Town Square - CNC_Nhom3 Mattermost/input_Last Name_lastName'

2021-05-28 23:55:15 - [MESSAGE][PASSED] - Text 'Van A' is set on object 'Object Repository/1412263_Page_Town Square - CNC_Nhom3 Mattermost/input_Last Name_lastName'

2021-05-28 23:55:15 - [TEST_STEP][PASSED] - click(findTestObject("1412263_Page_Town Square - CNC_Nhom3 Mattermost/span_Save")): Object: 'Object Repository/1412263_Page_Town Square - CNC_Nhom3 Mattermost/span_Save' is clicked on

2021-05-28 23:55:15 - [MESSAGE][PASSED] - Object: 'Object Repository/1412263_Page_Town Square - CNC_Nhom3 Mattermost/span_Save' is clicked on

2021-05-28 23:55:15 - [TEST_STEP][PASSED] - Thread.sleep(2000): null

2021-05-28 23:55:17 - [TEST_STEP][PASSED] - click(findTestObject("1412263_Page_Town Square - CNC_Nhom3 Mattermost/span_EditFullname")): Object: 'Object Repository/1412263_Page_Town Square - CNC_Nhom3 Mattermost/span_EditFullname' is clicked on

2021-05-28 23:55:18 - [MESSAGE][PASSED] - Object: 'Object Repository/1412263_Page_Town Square - CNC_Nhom3 Mattermost/span_EditFullname' is clicked on

2021-05-28 23:55:18 - [TEST_STEP][PASSED] - setText(findTestObject("1412263_Page_Town Square - CNC_Nhom3 Mattermost/input_First Name_firstName"), findTestData("1412263/Data TC3 UpdateFullName").getValue(1, i)): Text 'Nguyen' is set on object 'Object Repository/1412263_Page_Town Square - CNC_Nhom3 Mattermost/input_First Name_firstName'

2021-05-28 23:55:18 - [MESSAGE][PASSED] - Text 'Nguyen' is set on object 'Object Repository/1412263_Page_Town Square - CNC_Nhom3 Mattermost/input_First Name_firstName'

2021-05-28 23:55:18 - [TEST_STEP][PASSED] - setText(findTestObject("1412263_Page_Town Square - CNC_Nhom3 Mattermost/input_Last Name_lastName"), findTestData("1412263/Data TC3 UpdateFullName").getValue(2, i)): Text 'Thi B' is set on object 'Object Repository/1412263_Page_Town Square - CNC_Nhom3 Mattermost/input_Last Name_lastName'

2021-05-28 23:55:19 - [MESSAGE][PASSED] - Text 'Thi B' is set on object 'Object Repository/1412263_Page_Town Square - CNC_Nhom3 Mattermost/input_Last Name_lastName'

2021-05-28 23:55:19 - [TEST_STEP][PASSED] - click(findTestObject("1412263_Page_Town Square - CNC_Nhom3 Mattermost/span_Save")): Object: 'Object Repository/1412263_Page_Town Square - CNC_Nhom3 Mattermost/span_Save' is clicked on

2021-05-28 23:55:20 - [MESSAGE][PASSED] - Object: 'Object Repository/1412263_Page_Town Square - CNC_Nhom3 Mattermost/span_Save' is clicked on

2021-05-28 23:55:20 - [TEST_STEP][PASSED] - Thread.sleep(2000): null

2021-05-28 23:55:22 - [TEST_STEP][PASSED] - click(findTestObject("1412263_Page_Town Square - CNC_Nhom3 Mattermost/span_EditFullname")): Object: 'Object Repository/1412263_Page_Town Square - CNC_Nhom3 Mattermost/span_EditFullname' is clicked on

2021-05-28 23:55:22 - [MESSAGE][PASSED] - Object: 'Object Repository/1412263_Page_Town Square - CNC_Nhom3 Mattermost/span_EditFullname' is clicked on

2021-05-28 23:55:22 - [TEST_STEP][PASSED] - setText(findTestObject("1412263_Page_Town Square - CNC_Nhom3 Mattermost/input_First Name_firstName"), findTestData("1412263/Data TC3 UpdateFullName").getValue(1, i)): Text 'ABC' is set on object 'Object Repository/1412263_Page_Town Square - CNC_Nhom3 Mattermost/input_First Name_firstName'

2021-05-28 23:55:23 - [MESSAGE][PASSED] - Text 'ABC' is set on object 'Object Repository/1412263_Page_Town Square - CNC_Nhom3 Mattermost/input_First Name_firstName'

2021-05-28 23:55:23 - [TEST_STEP][PASSED] - setText(findTestObject("1412263_Page_Town Square - CNC_Nhom3 Mattermost/input_Last Name_lastName"), findTestData("1412263/Data TC3 UpdateFullName").getValue(2, i)): Text '346$%%$&><>Z?' is set on object 'Object Repository/1412263_Page_Town Square - CNC_Nhom3 Mattermost/input_Last Name_lastName'

2021-05-28 23:55:24 - [MESSAGE][PASSED] - Text '346$%%$&><>Z?' is set on object 'Object Repository/1412263_Page_Town Square - CNC_Nhom3 Mattermost/input_Last Name_lastName'

2021-05-28 23:55:24 - [TEST_STEP][PASSED] - click(findTestObject("1412263_Page_Town Square - CNC_Nhom3 Mattermost/span_Save")): Object: 'Object Repository/1412263_Page_Town Square - CNC_Nhom3 Mattermost/span_Save' is clicked on

2021-05-28 23:55:25 - [MESSAGE][PASSED] - Object: 'Object Repository/1412263_Page_Town Square - CNC_Nhom3 Mattermost/span_Save' is clicked on

2021-05-28 23:55:25 - [TEST_STEP][PASSED] - Thread.sleep(2000): null

2021-05-28 23:55:27 - [TEST_STEP][PASSED] - click(findTestObject("1412263_Page_Town Square - CNC_Nhom3 Mattermost/span_EditFullname")): Object: 'Object Repository/1412263_Page_Town Square - CNC_Nhom3 Mattermost/span_EditFullname' is clicked on

2021-05-28 23:55:27 - [MESSAGE][PASSED] - Object: 'Object Repository/1412263_Page_Town Square - CNC_Nhom3 Mattermost/span_EditFullname' is clicked on

2021-05-28 23:55:27 - [TEST_STEP][PASSED] - setText(findTestObject("1412263_Page_Town Square - CNC_Nhom3 Mattermost/input_First Name_firstName"), findTestData("1412263/Data TC3 UpdateFullName").getValue(1, i)): Text 'Huy Khoi' is set on object 'Object Repository/1412263_Page_Town Square - CNC_Nhom3 Mattermost/input_First Name_firstName'

2021-05-28 23:55:28 - [MESSAGE][PASSED] - Text 'Huy Khoi' is set on object 'Object Repository/1412263_Page_Town Square - CNC_Nhom3 Mattermost/input_First Name_firstName'

2021-05-28 23:55:28 - [TEST_STEP][PASSED] - setText(findTestObject("1412263_Page_Town Square - CNC_Nhom3 Mattermost/input_Last Name_lastName"), findTestData("1412263/Data TC3 UpdateFullName").getValue(2, i)): Text 'Nguyen' is set on object 'Object Repository/1412263_Page_Town Square - CNC_Nhom3 Mattermost/input_Last Name_lastName'

2021-05-28 23:55:29 - [MESSAGE][PASSED] - Text 'Nguyen' is set on object 'Object Repository/1412263_Page_Town Square - CNC_Nhom3 Mattermost/input_Last Name_lastName'

2021-05-28 23:55:29 - [TEST_STEP][PASSED] - click(findTestObject("1412263_Page_Town Square - CNC_Nhom3 Mattermost/span_Save")): Object: 'Object Repository/1412263_Page_Town Square - CNC_Nhom3 Mattermost/span_Save' is clicked on

2021-05-28 23:55:29 - [MESSAGE][PASSED] - Object: 'Object Repository/1412263_Page_Town Square - CNC_Nhom3 Mattermost/span_Save' is clicked on

2021-05-28 23:55:29 - [TEST_STEP][PASSED] - Thread.sleep(2000): null

2021-05-28 23:55:31 - [TEST_STEP][PASSED] - click(findTestObject("1412263_Page_Town Square - CNC_Nhom3 Mattermost/span_")): Object: 'Object Repository/1412263_Page_Town Square - CNC_Nhom3 Mattermost/span_' is clicked on

2021-05-28 23:55:32 - [MESSAGE][PASSED] - Object: 'Object Repository/1412263_Page_Town Square - CNC_Nhom3 Mattermost/span_' is clicked on

2021-05-28 23:55:32 - [TEST_STEP][PASSED] - closeBrowser(): Browser is closed

2021-05-28 23:55:33 - [MESSAGE][PASSED] - Browser is closed]]></system-out>
         <system-err><![CDATA[]]></system-err>
      </testcase>
      <testcase name="Test Cases/1412263/TC04_UpdateNickname" time="30.365" classname="Test Cases/1412263/TC04_UpdateNickname" status="PASSED">
         <system-out><![CDATA[2021-05-28 23:55:33 - [TEST_CASE][PASSED] - Test Cases/1412263/TC04_UpdateNickname: Test Cases/1412263/TC04_UpdateNickname

2021-05-28 23:55:33 - [TEST_STEP][PASSED] - openBrowser(""): Browser is opened with url: ''

2021-05-28 23:55:33 - [MESSAGE][INFO] - Starting 'Chrome' driver

2021-05-28 23:55:33 - [MESSAGE][INFO] - Action delay is set to 0 milliseconds

2021-05-28 23:55:34 - [MESSAGE][PASSED] - Browser is opened with url: ''

2021-05-28 23:55:34 - [TEST_STEP][PASSED] - navigateToUrl("http://mattermostwebapp.herokuapp.com/"): Navigate to 'http://mattermostwebapp.herokuapp.com/' successfully

2021-05-28 23:55:37 - [MESSAGE][PASSED] - Navigate to 'http://mattermostwebapp.herokuapp.com/' successfully

2021-05-28 23:55:37 - [TEST_STEP][PASSED] - setText(findTestObject("1412263_Page_Mattermost/input_All team communication in one place, _dcc84b"), "huykhoi263"): Text 'huykhoi263' is set on object 'Object Repository/1412263_Page_Mattermost/input_All team communication in one place, _dcc84b'

2021-05-28 23:55:41 - [MESSAGE][PASSED] - Text 'huykhoi263' is set on object 'Object Repository/1412263_Page_Mattermost/input_All team communication in one place, _dcc84b'

2021-05-28 23:55:41 - [TEST_STEP][PASSED] - setEncryptedText(findTestObject("1412263_Page_Mattermost/input_All team communication in one place, _a3edc6"), "o1rBehR+FzY2ClyWuSUtzg=="): Text ****** has been set on object 'Object Repository/1412263_Page_Mattermost/input_All team communication in one place, _a3edc6'

2021-05-28 23:55:42 - [MESSAGE][PASSED] - Text ****** has been set on object 'Object Repository/1412263_Page_Mattermost/input_All team communication in one place, _a3edc6'

2021-05-28 23:55:42 - [TEST_STEP][PASSED] - click(findTestObject("1412263_Page_Mattermost/button_Sign in")): Object: 'Object Repository/1412263_Page_Mattermost/button_Sign in' is clicked on

2021-05-28 23:55:42 - [MESSAGE][PASSED] - Object: 'Object Repository/1412263_Page_Mattermost/button_Sign in' is clicked on

2021-05-28 23:55:42 - [TEST_STEP][PASSED] - click(findTestObject("1412263_Page_Town Square - CNC_Nhom3 Mattermost/path")): Object: 'Object Repository/1412263_Page_Town Square - CNC_Nhom3 Mattermost/path' is clicked on

2021-05-28 23:55:46 - [MESSAGE][PASSED] - Object: 'Object Repository/1412263_Page_Town Square - CNC_Nhom3 Mattermost/path' is clicked on

2021-05-28 23:55:46 - [TEST_STEP][PASSED] - click(findTestObject("1412263_Page_Town Square - CNC_Nhom3 Mattermost/span_Account Settings")): Object: 'Object Repository/1412263_Page_Town Square - CNC_Nhom3 Mattermost/span_Account Settings' is clicked on

2021-05-28 23:55:47 - [MESSAGE][PASSED] - Object: 'Object Repository/1412263_Page_Town Square - CNC_Nhom3 Mattermost/span_Account Settings' is clicked on

2021-05-28 23:55:47 - [TEST_STEP][PASSED] - for ([i = 1, i <= 5, (i++)]): Object: 'Object Repository/1412263_Page_Town Square - CNC_Nhom3 Mattermost/span_Save' is clicked on

2021-05-28 23:55:47 - [TEST_STEP][PASSED] - click(findTestObject("1412263_Page_Town Square - CNC_Nhom3 Mattermost/span_EditNickname")): Object: 'Object Repository/1412263_Page_Town Square - CNC_Nhom3 Mattermost/span_EditNickname' is clicked on

2021-05-28 23:55:48 - [MESSAGE][PASSED] - Object: 'Object Repository/1412263_Page_Town Square - CNC_Nhom3 Mattermost/span_EditNickname' is clicked on

2021-05-28 23:55:48 - [TEST_STEP][PASSED] - setText(findTestObject("1412263_Page_Town Square - CNC_Nhom3 Mattermost/input_Nickname_nickname"), findTestData("1412263/Data TC3 UpdateFullName").getValue(2, i)): Text 'Huy Khoi' is set on object 'Object Repository/1412263_Page_Town Square - CNC_Nhom3 Mattermost/input_Nickname_nickname'

2021-05-28 23:55:49 - [MESSAGE][PASSED] - Text 'Huy Khoi' is set on object 'Object Repository/1412263_Page_Town Square - CNC_Nhom3 Mattermost/input_Nickname_nickname'

2021-05-28 23:55:49 - [TEST_STEP][PASSED] - click(findTestObject("1412263_Page_Town Square - CNC_Nhom3 Mattermost/span_Save")): Object: 'Object Repository/1412263_Page_Town Square - CNC_Nhom3 Mattermost/span_Save' is clicked on

2021-05-28 23:55:49 - [MESSAGE][PASSED] - Object: 'Object Repository/1412263_Page_Town Square - CNC_Nhom3 Mattermost/span_Save' is clicked on

2021-05-28 23:55:49 - [TEST_STEP][PASSED] - click(findTestObject("1412263_Page_Town Square - CNC_Nhom3 Mattermost/span_EditNickname")): Object: 'Object Repository/1412263_Page_Town Square - CNC_Nhom3 Mattermost/span_EditNickname' is clicked on

2021-05-28 23:55:51 - [MESSAGE][PASSED] - Object: 'Object Repository/1412263_Page_Town Square - CNC_Nhom3 Mattermost/span_EditNickname' is clicked on

2021-05-28 23:55:51 - [TEST_STEP][PASSED] - setText(findTestObject("1412263_Page_Town Square - CNC_Nhom3 Mattermost/input_Nickname_nickname"), findTestData("1412263/Data TC3 UpdateFullName").getValue(2, i)): Text 'Van A' is set on object 'Object Repository/1412263_Page_Town Square - CNC_Nhom3 Mattermost/input_Nickname_nickname'

2021-05-28 23:55:52 - [MESSAGE][PASSED] - Text 'Van A' is set on object 'Object Repository/1412263_Page_Town Square - CNC_Nhom3 Mattermost/input_Nickname_nickname'

2021-05-28 23:55:52 - [TEST_STEP][PASSED] - click(findTestObject("1412263_Page_Town Square - CNC_Nhom3 Mattermost/span_Save")): Object: 'Object Repository/1412263_Page_Town Square - CNC_Nhom3 Mattermost/span_Save' is clicked on

2021-05-28 23:55:52 - [MESSAGE][PASSED] - Object: 'Object Repository/1412263_Page_Town Square - CNC_Nhom3 Mattermost/span_Save' is clicked on

2021-05-28 23:55:52 - [TEST_STEP][PASSED] - click(findTestObject("1412263_Page_Town Square - CNC_Nhom3 Mattermost/span_EditNickname")): Object: 'Object Repository/1412263_Page_Town Square - CNC_Nhom3 Mattermost/span_EditNickname' is clicked on

2021-05-28 23:55:53 - [MESSAGE][PASSED] - Object: 'Object Repository/1412263_Page_Town Square - CNC_Nhom3 Mattermost/span_EditNickname' is clicked on

2021-05-28 23:55:53 - [TEST_STEP][PASSED] - setText(findTestObject("1412263_Page_Town Square - CNC_Nhom3 Mattermost/input_Nickname_nickname"), findTestData("1412263/Data TC3 UpdateFullName").getValue(2, i)): Text 'Thi B' is set on object 'Object Repository/1412263_Page_Town Square - CNC_Nhom3 Mattermost/input_Nickname_nickname'

2021-05-28 23:55:54 - [MESSAGE][PASSED] - Text 'Thi B' is set on object 'Object Repository/1412263_Page_Town Square - CNC_Nhom3 Mattermost/input_Nickname_nickname'

2021-05-28 23:55:54 - [TEST_STEP][PASSED] - click(findTestObject("1412263_Page_Town Square - CNC_Nhom3 Mattermost/span_Save")): Object: 'Object Repository/1412263_Page_Town Square - CNC_Nhom3 Mattermost/span_Save' is clicked on

2021-05-28 23:55:55 - [MESSAGE][PASSED] - Object: 'Object Repository/1412263_Page_Town Square - CNC_Nhom3 Mattermost/span_Save' is clicked on

2021-05-28 23:55:55 - [TEST_STEP][PASSED] - click(findTestObject("1412263_Page_Town Square - CNC_Nhom3 Mattermost/span_EditNickname")): Object: 'Object Repository/1412263_Page_Town Square - CNC_Nhom3 Mattermost/span_EditNickname' is clicked on

2021-05-28 23:55:56 - [MESSAGE][PASSED] - Object: 'Object Repository/1412263_Page_Town Square - CNC_Nhom3 Mattermost/span_EditNickname' is clicked on

2021-05-28 23:55:56 - [TEST_STEP][PASSED] - setText(findTestObject("1412263_Page_Town Square - CNC_Nhom3 Mattermost/input_Nickname_nickname"), findTestData("1412263/Data TC3 UpdateFullName").getValue(2, i)): Text '346$%%$&><>Z?' is set on object 'Object Repository/1412263_Page_Town Square - CNC_Nhom3 Mattermost/input_Nickname_nickname'

2021-05-28 23:55:57 - [MESSAGE][PASSED] - Text '346$%%$&><>Z?' is set on object 'Object Repository/1412263_Page_Town Square - CNC_Nhom3 Mattermost/input_Nickname_nickname'

2021-05-28 23:55:57 - [TEST_STEP][PASSED] - click(findTestObject("1412263_Page_Town Square - CNC_Nhom3 Mattermost/span_Save")): Object: 'Object Repository/1412263_Page_Town Square - CNC_Nhom3 Mattermost/span_Save' is clicked on

2021-05-28 23:55:58 - [MESSAGE][PASSED] - Object: 'Object Repository/1412263_Page_Town Square - CNC_Nhom3 Mattermost/span_Save' is clicked on

2021-05-28 23:55:58 - [TEST_STEP][PASSED] - click(findTestObject("1412263_Page_Town Square - CNC_Nhom3 Mattermost/span_EditNickname")): Object: 'Object Repository/1412263_Page_Town Square - CNC_Nhom3 Mattermost/span_EditNickname' is clicked on

2021-05-28 23:55:59 - [MESSAGE][PASSED] - Object: 'Object Repository/1412263_Page_Town Square - CNC_Nhom3 Mattermost/span_EditNickname' is clicked on

2021-05-28 23:55:59 - [TEST_STEP][PASSED] - setText(findTestObject("1412263_Page_Town Square - CNC_Nhom3 Mattermost/input_Nickname_nickname"), findTestData("1412263/Data TC3 UpdateFullName").getValue(2, i)): Text 'Nguyen' is set on object 'Object Repository/1412263_Page_Town Square - CNC_Nhom3 Mattermost/input_Nickname_nickname'

2021-05-28 23:56:00 - [MESSAGE][PASSED] - Text 'Nguyen' is set on object 'Object Repository/1412263_Page_Town Square - CNC_Nhom3 Mattermost/input_Nickname_nickname'

2021-05-28 23:56:00 - [TEST_STEP][PASSED] - click(findTestObject("1412263_Page_Town Square - CNC_Nhom3 Mattermost/span_Save")): Object: 'Object Repository/1412263_Page_Town Square - CNC_Nhom3 Mattermost/span_Save' is clicked on

2021-05-28 23:56:01 - [MESSAGE][PASSED] - Object: 'Object Repository/1412263_Page_Town Square - CNC_Nhom3 Mattermost/span_Save' is clicked on

2021-05-28 23:56:01 - [TEST_STEP][PASSED] - click(findTestObject("1412263_Page_Town Square - CNC_Nhom3 Mattermost/span_")): Object: 'Object Repository/1412263_Page_Town Square - CNC_Nhom3 Mattermost/span_' is clicked on

2021-05-28 23:56:02 - [MESSAGE][PASSED] - Object: 'Object Repository/1412263_Page_Town Square - CNC_Nhom3 Mattermost/span_' is clicked on

2021-05-28 23:56:02 - [TEST_STEP][PASSED] - closeBrowser(): Browser is closed

2021-05-28 23:56:03 - [MESSAGE][PASSED] - Browser is closed]]></system-out>
         <system-err><![CDATA[]]></system-err>
      </testcase>
      <testcase name="Test Cases/1412263/TC05_UpdateUsername" time="18.1" classname="Test Cases/1412263/TC05_UpdateUsername" status="PASSED">
         <system-out><![CDATA[2021-05-28 23:56:03 - [TEST_CASE][PASSED] - Test Cases/1412263/TC05_UpdateUsername: Test Cases/1412263/TC05_UpdateUsername

2021-05-28 23:56:03 - [TEST_STEP][PASSED] - openBrowser(""): Browser is opened with url: ''

2021-05-28 23:56:03 - [MESSAGE][INFO] - Starting 'Chrome' driver

2021-05-28 23:56:03 - [MESSAGE][INFO] - Action delay is set to 0 milliseconds

2021-05-28 23:56:05 - [MESSAGE][PASSED] - Browser is opened with url: ''

2021-05-28 23:56:05 - [TEST_STEP][PASSED] - navigateToUrl("http://mattermostwebapp.herokuapp.com/"): Navigate to 'http://mattermostwebapp.herokuapp.com/' successfully

2021-05-28 23:56:08 - [MESSAGE][PASSED] - Navigate to 'http://mattermostwebapp.herokuapp.com/' successfully

2021-05-28 23:56:08 - [TEST_STEP][PASSED] - setText(findTestObject("1412263_Page_Mattermost/input_All team communication in one place, _dcc84b"), "huykhoi263"): Text 'huykhoi263' is set on object 'Object Repository/1412263_Page_Mattermost/input_All team communication in one place, _dcc84b'

2021-05-28 23:56:12 - [MESSAGE][PASSED] - Text 'huykhoi263' is set on object 'Object Repository/1412263_Page_Mattermost/input_All team communication in one place, _dcc84b'

2021-05-28 23:56:12 - [TEST_STEP][PASSED] - setEncryptedText(findTestObject("1412263_Page_Mattermost/input_All team communication in one place, _a3edc6"), "o1rBehR+FzY2ClyWuSUtzg=="): Text ****** has been set on object 'Object Repository/1412263_Page_Mattermost/input_All team communication in one place, _a3edc6'

2021-05-28 23:56:12 - [MESSAGE][PASSED] - Text ****** has been set on object 'Object Repository/1412263_Page_Mattermost/input_All team communication in one place, _a3edc6'

2021-05-28 23:56:12 - [TEST_STEP][PASSED] - click(findTestObject("1412263_Page_Mattermost/span_Sign in")): Object: 'Object Repository/1412263_Page_Mattermost/span_Sign in' is clicked on

2021-05-28 23:56:13 - [MESSAGE][PASSED] - Object: 'Object Repository/1412263_Page_Mattermost/span_Sign in' is clicked on

2021-05-28 23:56:13 - [TEST_STEP][PASSED] - click(findTestObject("1412263_Page_Town Square - CNC_Nhom3 Mattermost/span")): Object: 'Object Repository/1412263_Page_Town Square - CNC_Nhom3 Mattermost/span' is clicked on

2021-05-28 23:56:17 - [MESSAGE][PASSED] - Object: 'Object Repository/1412263_Page_Town Square - CNC_Nhom3 Mattermost/span' is clicked on

2021-05-28 23:56:17 - [TEST_STEP][PASSED] - click(findTestObject("1412263_Page_Town Square - CNC_Nhom3 Mattermost/button_Account Settings")): Object: 'Object Repository/1412263_Page_Town Square - CNC_Nhom3 Mattermost/button_Account Settings' is clicked on

2021-05-28 23:56:18 - [MESSAGE][PASSED] - Object: 'Object Repository/1412263_Page_Town Square - CNC_Nhom3 Mattermost/button_Account Settings' is clicked on

2021-05-28 23:56:18 - [TEST_STEP][PASSED] - click(findTestObject("1412263_Page_Town Square - CNC_Nhom3 Mattermost/span_EditUsername")): Object: 'Object Repository/1412263_Page_Town Square - CNC_Nhom3 Mattermost/span_EditUsername' is clicked on

2021-05-28 23:56:19 - [MESSAGE][PASSED] - Object: 'Object Repository/1412263_Page_Town Square - CNC_Nhom3 Mattermost/span_EditUsername' is clicked on

2021-05-28 23:56:19 - [TEST_STEP][PASSED] - setText(findTestObject("1412263_Page_Town Square - CNC_Nhom3 Mattermost/input_Username_username"), "huykhoi263"): Text 'huykhoi263' is set on object 'Object Repository/1412263_Page_Town Square - CNC_Nhom3 Mattermost/input_Username_username'

2021-05-28 23:56:19 - [MESSAGE][PASSED] - Text 'huykhoi263' is set on object 'Object Repository/1412263_Page_Town Square - CNC_Nhom3 Mattermost/input_Username_username'

2021-05-28 23:56:19 - [TEST_STEP][PASSED] - click(findTestObject("1412263_Page_Town Square - CNC_Nhom3 Mattermost/button_Save")): Object: 'Object Repository/1412263_Page_Town Square - CNC_Nhom3 Mattermost/button_Save' is clicked on

2021-05-28 23:56:20 - [MESSAGE][PASSED] - Object: 'Object Repository/1412263_Page_Town Square - CNC_Nhom3 Mattermost/button_Save' is clicked on

2021-05-28 23:56:20 - [TEST_STEP][PASSED] - click(findTestObject("1412263_Page_Town Square - CNC_Nhom3 Mattermost/span_")): Object: 'Object Repository/1412263_Page_Town Square - CNC_Nhom3 Mattermost/span_' is clicked on

2021-05-28 23:56:20 - [MESSAGE][PASSED] - Object: 'Object Repository/1412263_Page_Town Square - CNC_Nhom3 Mattermost/span_' is clicked on

2021-05-28 23:56:20 - [TEST_STEP][PASSED] - closeBrowser(): Browser is closed

2021-05-28 23:56:21 - [MESSAGE][PASSED] - Browser is closed]]></system-out>
         <system-err><![CDATA[]]></system-err>
      </testcase>
      <testcase name="Test Cases/1412263/TC06_UpdatePosition" time="18.845" classname="Test Cases/1412263/TC06_UpdatePosition" status="PASSED">
         <system-out><![CDATA[2021-05-28 23:56:21 - [TEST_CASE][PASSED] - Test Cases/1412263/TC06_UpdatePosition: Test Cases/1412263/TC06_UpdatePosition

2021-05-28 23:56:22 - [TEST_STEP][PASSED] - openBrowser(""): Browser is opened with url: ''

2021-05-28 23:56:22 - [MESSAGE][INFO] - Starting 'Chrome' driver

2021-05-28 23:56:22 - [MESSAGE][INFO] - Action delay is set to 0 milliseconds

2021-05-28 23:56:23 - [MESSAGE][PASSED] - Browser is opened with url: ''

2021-05-28 23:56:23 - [TEST_STEP][PASSED] - navigateToUrl("http://mattermostwebapp.herokuapp.com/"): Navigate to 'http://mattermostwebapp.herokuapp.com/' successfully

2021-05-28 23:56:26 - [MESSAGE][PASSED] - Navigate to 'http://mattermostwebapp.herokuapp.com/' successfully

2021-05-28 23:56:26 - [TEST_STEP][PASSED] - setText(findTestObject("1412263_Page_Mattermost/input_All team communication in one place, _dcc84b"), "huykhoi263"): Text 'huykhoi263' is set on object 'Object Repository/1412263_Page_Mattermost/input_All team communication in one place, _dcc84b'

2021-05-28 23:56:30 - [MESSAGE][PASSED] - Text 'huykhoi263' is set on object 'Object Repository/1412263_Page_Mattermost/input_All team communication in one place, _dcc84b'

2021-05-28 23:56:30 - [TEST_STEP][PASSED] - setEncryptedText(findTestObject("1412263_Page_Mattermost/input_All team communication in one place, _a3edc6"), "o1rBehR+FzY2ClyWuSUtzg=="): Text ****** has been set on object 'Object Repository/1412263_Page_Mattermost/input_All team communication in one place, _a3edc6'

2021-05-28 23:56:31 - [MESSAGE][PASSED] - Text ****** has been set on object 'Object Repository/1412263_Page_Mattermost/input_All team communication in one place, _a3edc6'

2021-05-28 23:56:31 - [TEST_STEP][PASSED] - sendKeys(findTestObject("1412263_Page_Mattermost/input_All team communication in one place, _a3edc6"), Keys.chord(ENTER)): Keys 'ENTER + ' sent to object: 'Object Repository/1412263_Page_Mattermost/input_All team communication in one place, _a3edc6'

2021-05-28 23:56:32 - [MESSAGE][PASSED] - Keys 'ENTER + ' sent to object: 'Object Repository/1412263_Page_Mattermost/input_All team communication in one place, _a3edc6'

2021-05-28 23:56:32 - [TEST_STEP][PASSED] - click(findTestObject("1412263_Page_Town Square - CNC_Nhom3 Mattermost/button_huykhoi263_style--none sidebar-heade_fefe58")): Object: 'Object Repository/1412263_Page_Town Square - CNC_Nhom3 Mattermost/button_huykhoi263_style--none sidebar-heade_fefe58' is clicked on

2021-05-28 23:56:35 - [MESSAGE][PASSED] - Object: 'Object Repository/1412263_Page_Town Square - CNC_Nhom3 Mattermost/button_huykhoi263_style--none sidebar-heade_fefe58' is clicked on

2021-05-28 23:56:35 - [TEST_STEP][PASSED] - click(findTestObject("1412263_Page_Town Square - CNC_Nhom3 Mattermost/button_Account Settings")): Object: 'Object Repository/1412263_Page_Town Square - CNC_Nhom3 Mattermost/button_Account Settings' is clicked on

2021-05-28 23:56:36 - [MESSAGE][PASSED] - Object: 'Object Repository/1412263_Page_Town Square - CNC_Nhom3 Mattermost/button_Account Settings' is clicked on

2021-05-28 23:56:36 - [TEST_STEP][PASSED] - click(findTestObject("1412263_Page_Town Square - CNC_Nhom3 Mattermost/span_EditPosition")): Object: 'Object Repository/1412263_Page_Town Square - CNC_Nhom3 Mattermost/span_EditPosition' is clicked on

2021-05-28 23:56:37 - [MESSAGE][PASSED] - Object: 'Object Repository/1412263_Page_Town Square - CNC_Nhom3 Mattermost/span_EditPosition' is clicked on

2021-05-28 23:56:37 - [TEST_STEP][PASSED] - setText(findTestObject("1412263_Page_Town Square - CNC_Nhom3 Mattermost/input_Position_position"), "student"): Text 'student' is set on object 'Object Repository/1412263_Page_Town Square - CNC_Nhom3 Mattermost/input_Position_position'

2021-05-28 23:56:38 - [MESSAGE][PASSED] - Text 'student' is set on object 'Object Repository/1412263_Page_Town Square - CNC_Nhom3 Mattermost/input_Position_position'

2021-05-28 23:56:38 - [TEST_STEP][PASSED] - click(findTestObject("1412263_Page_Town Square - CNC_Nhom3 Mattermost/span_Save")): Object: 'Object Repository/1412263_Page_Town Square - CNC_Nhom3 Mattermost/span_Save' is clicked on

2021-05-28 23:56:39 - [MESSAGE][PASSED] - Object: 'Object Repository/1412263_Page_Town Square - CNC_Nhom3 Mattermost/span_Save' is clicked on

2021-05-28 23:56:39 - [TEST_STEP][PASSED] - click(findTestObject("1412263_Page_Town Square - CNC_Nhom3 Mattermost/span_")): Object: 'Object Repository/1412263_Page_Town Square - CNC_Nhom3 Mattermost/span_' is clicked on

2021-05-28 23:56:39 - [MESSAGE][PASSED] - Object: 'Object Repository/1412263_Page_Town Square - CNC_Nhom3 Mattermost/span_' is clicked on

2021-05-28 23:56:39 - [TEST_STEP][PASSED] - closeBrowser(): Browser is closed

2021-05-28 23:56:40 - [MESSAGE][PASSED] - Browser is closed]]></system-out>
         <system-err><![CDATA[]]></system-err>
      </testcase>
      <testcase name="Test Cases/1412263/TC07_UpdateEmail" time="22.02" classname="Test Cases/1412263/TC07_UpdateEmail" status="PASSED">
         <system-out><![CDATA[2021-05-28 23:56:40 - [TEST_CASE][PASSED] - Test Cases/1412263/TC07_UpdateEmail: Test Cases/1412263/TC07_UpdateEmail

2021-05-28 23:56:40 - [TEST_STEP][PASSED] - openBrowser(""): Browser is opened with url: ''

2021-05-28 23:56:40 - [MESSAGE][INFO] - Starting 'Chrome' driver

2021-05-28 23:56:40 - [MESSAGE][INFO] - Action delay is set to 0 milliseconds

2021-05-28 23:56:42 - [MESSAGE][PASSED] - Browser is opened with url: ''

2021-05-28 23:56:42 - [TEST_STEP][PASSED] - navigateToUrl("http://mattermostwebapp.herokuapp.com/"): Navigate to 'http://mattermostwebapp.herokuapp.com/' successfully

2021-05-28 23:56:45 - [MESSAGE][PASSED] - Navigate to 'http://mattermostwebapp.herokuapp.com/' successfully

2021-05-28 23:56:45 - [TEST_STEP][PASSED] - setText(findTestObject("1412263_Page_Mattermost/input_All team communication in one place, _dcc84b"), "huykhoi263"): Text 'huykhoi263' is set on object 'Object Repository/1412263_Page_Mattermost/input_All team communication in one place, _dcc84b'

2021-05-28 23:56:51 - [MESSAGE][PASSED] - Text 'huykhoi263' is set on object 'Object Repository/1412263_Page_Mattermost/input_All team communication in one place, _dcc84b'

2021-05-28 23:56:51 - [TEST_STEP][PASSED] - setEncryptedText(findTestObject("1412263_Page_Mattermost/input_All team communication in one place, _a3edc6"), "o1rBehR+FzY2ClyWuSUtzg=="): Text ****** has been set on object 'Object Repository/1412263_Page_Mattermost/input_All team communication in one place, _a3edc6'

2021-05-28 23:56:51 - [MESSAGE][PASSED] - Text ****** has been set on object 'Object Repository/1412263_Page_Mattermost/input_All team communication in one place, _a3edc6'

2021-05-28 23:56:51 - [TEST_STEP][PASSED] - click(findTestObject("1412263_Page_Mattermost/span_Sign in")): Object: 'Object Repository/1412263_Page_Mattermost/span_Sign in' is clicked on

2021-05-28 23:56:52 - [MESSAGE][PASSED] - Object: 'Object Repository/1412263_Page_Mattermost/span_Sign in' is clicked on

2021-05-28 23:56:52 - [TEST_STEP][PASSED] - click(findTestObject("1412263_Page_Town Square - CNC_Nhom3 Mattermost/path")): Object: 'Object Repository/1412263_Page_Town Square - CNC_Nhom3 Mattermost/path' is clicked on

2021-05-28 23:56:56 - [MESSAGE][PASSED] - Object: 'Object Repository/1412263_Page_Town Square - CNC_Nhom3 Mattermost/path' is clicked on

2021-05-28 23:56:56 - [TEST_STEP][PASSED] - click(findTestObject("1412263_Page_Town Square - CNC_Nhom3 Mattermost/button_Account Settings")): Object: 'Object Repository/1412263_Page_Town Square - CNC_Nhom3 Mattermost/button_Account Settings' is clicked on

2021-05-28 23:56:57 - [MESSAGE][PASSED] - Object: 'Object Repository/1412263_Page_Town Square - CNC_Nhom3 Mattermost/button_Account Settings' is clicked on

2021-05-28 23:56:57 - [TEST_STEP][PASSED] - click(findTestObject("1412263_Page_Town Square - CNC_Nhom3 Mattermost/span_EditEmail")): Object: 'Object Repository/1412263_Page_Town Square - CNC_Nhom3 Mattermost/span_EditEmail' is clicked on

2021-05-28 23:56:58 - [MESSAGE][PASSED] - Object: 'Object Repository/1412263_Page_Town Square - CNC_Nhom3 Mattermost/span_EditEmail' is clicked on

2021-05-28 23:56:58 - [TEST_STEP][PASSED] - setText(findTestObject("1412263_Page_Town Square - CNC_Nhom3 Mattermost/input_New Email_primaryEmail"), "huykhoiabca@gmail.com"): Text 'huykhoiabca@gmail.com' is set on object 'Object Repository/1412263_Page_Town Square - CNC_Nhom3 Mattermost/input_New Email_primaryEmail'

2021-05-28 23:56:59 - [MESSAGE][PASSED] - Text 'huykhoiabca@gmail.com' is set on object 'Object Repository/1412263_Page_Town Square - CNC_Nhom3 Mattermost/input_New Email_primaryEmail'

2021-05-28 23:56:59 - [TEST_STEP][PASSED] - setText(findTestObject("1412263_Page_Town Square - CNC_Nhom3 Mattermost/input_Confirm Email_confirmEmail"), "huykhoiabca@gmail.com"): Text 'huykhoiabca@gmail.com' is set on object 'Object Repository/1412263_Page_Town Square - CNC_Nhom3 Mattermost/input_Confirm Email_confirmEmail'

2021-05-28 23:57:00 - [MESSAGE][PASSED] - Text 'huykhoiabca@gmail.com' is set on object 'Object Repository/1412263_Page_Town Square - CNC_Nhom3 Mattermost/input_Confirm Email_confirmEmail'

2021-05-28 23:57:00 - [TEST_STEP][PASSED] - setEncryptedText(findTestObject("1412263_Page_Town Square - CNC_Nhom3 Mattermost/input_Current Password_currentPassword"), "o1rBehR+FzY2ClyWuSUtzg=="): Text ****** has been set on object 'Object Repository/1412263_Page_Town Square - CNC_Nhom3 Mattermost/input_Current Password_currentPassword'

2021-05-28 23:57:00 - [MESSAGE][PASSED] - Text ****** has been set on object 'Object Repository/1412263_Page_Town Square - CNC_Nhom3 Mattermost/input_Current Password_currentPassword'

2021-05-28 23:57:00 - [TEST_STEP][PASSED] - click(findTestObject("1412263_Page_Town Square - CNC_Nhom3 Mattermost/span_Save")): Object: 'Object Repository/1412263_Page_Town Square - CNC_Nhom3 Mattermost/span_Save' is clicked on

2021-05-28 23:57:01 - [MESSAGE][PASSED] - Object: 'Object Repository/1412263_Page_Town Square - CNC_Nhom3 Mattermost/span_Save' is clicked on

2021-05-28 23:57:01 - [TEST_STEP][PASSED] - click(findTestObject("1412263_Page_Town Square - CNC_Nhom3 Mattermost/button_Close")): Object: 'Object Repository/1412263_Page_Town Square - CNC_Nhom3 Mattermost/button_Close' is clicked on

2021-05-28 23:57:01 - [MESSAGE][PASSED] - Object: 'Object Repository/1412263_Page_Town Square - CNC_Nhom3 Mattermost/button_Close' is clicked on

2021-05-28 23:57:01 - [TEST_STEP][PASSED] - closeBrowser(): Browser is closed

2021-05-28 23:57:02 - [MESSAGE][PASSED] - Browser is closed]]></system-out>
         <system-err><![CDATA[]]></system-err>
      </testcase>
      <testcase name="Test Cases/1412263/TC08_ResetPassword" time="74.727" classname="Test Cases/1412263/TC08_ResetPassword" status="PASSED">
         <system-out><![CDATA[2021-05-28 23:57:02 - [TEST_CASE][PASSED] - Test Cases/1412263/TC08_ResetPassword: Test Cases/1412263/TC08_ResetPassword

2021-05-28 23:57:02 - [TEST_STEP][PASSED] - openBrowser(""): Browser is opened with url: ''

2021-05-28 23:57:02 - [MESSAGE][INFO] - Starting 'Chrome' driver

2021-05-28 23:57:02 - [MESSAGE][INFO] - Action delay is set to 0 milliseconds

2021-05-28 23:57:04 - [MESSAGE][PASSED] - Browser is opened with url: ''

2021-05-28 23:57:04 - [TEST_STEP][PASSED] - navigateToUrl("http://mattermostwebapp.herokuapp.com/"): Navigate to 'http://mattermostwebapp.herokuapp.com/' successfully

2021-05-28 23:57:07 - [MESSAGE][PASSED] - Navigate to 'http://mattermostwebapp.herokuapp.com/' successfully

2021-05-28 23:57:07 - [TEST_STEP][PASSED] - setText(findTestObject("1412263_Page_Mattermost/input_All team communication in one place, _dcc84b (1)"), "huykhoi263"): Text 'huykhoi263' is set on object 'Object Repository/1412263_Page_Mattermost/input_All team communication in one place, _dcc84b (1)'

2021-05-28 23:57:10 - [MESSAGE][PASSED] - Text 'huykhoi263' is set on object 'Object Repository/1412263_Page_Mattermost/input_All team communication in one place, _dcc84b (1)'

2021-05-28 23:57:10 - [TEST_STEP][PASSED] - setEncryptedText(findTestObject("1412263_Page_Mattermost/input_All team communication in one place, _a3edc6 (1)"), "o1rBehR+FzY2ClyWuSUtzg=="): Text ****** has been set on object 'Object Repository/1412263_Page_Mattermost/input_All team communication in one place, _a3edc6 (1)'

2021-05-28 23:57:11 - [MESSAGE][PASSED] - Text ****** has been set on object 'Object Repository/1412263_Page_Mattermost/input_All team communication in one place, _a3edc6 (1)'

2021-05-28 23:57:11 - [TEST_STEP][PASSED] - click(findTestObject("1412263_Page_Mattermost/span_Sign in (1)")): Object: 'Object Repository/1412263_Page_Mattermost/span_Sign in (1)' is clicked on

2021-05-28 23:57:42 - [MESSAGE][INFO] - Unable to find the element located by 'By.xpath: //button[@id='login']/span'. Please recheck the objects properties to make sure the desired element is located. 

2021-05-28 23:57:42 - [MESSAGE][WARNING] - [SELF-HEALING] Failed to find element with id 'Object Repository/1412263_Page_Mattermost/span_Sign in (1)'. Try using Self-healing.

2021-05-28 23:57:42 - [MESSAGE][ERROR] - [SELF-HEALING] com.google.gson.stream.MalformedJsonException: Expected ':' at line 75 column 10 path $.brokenTestObjects[7].<<<<<<<

2021-05-28 23:57:43 - [MESSAGE][INFO] - [SELF-HEALING] Working Locator: '//button[@id='loginButton']/span'.

2021-05-28 23:57:43 - [MESSAGE][INFO] - [SELF-HEALING] Screenshot: C:/Users/phuc/git/Mattermost_AutoTesting/Reports/Self-healing/Object Repository/1412263_Page_Mattermost/span_Sign in (1)_idRelative.png

2021-05-28 23:57:43 - [MESSAGE][ERROR] - [SELF-HEALING] com.google.gson.stream.MalformedJsonException: Expected ':' at line 75 column 10 path $.brokenTestObjects[7].<<<<<<<

2021-05-28 23:57:43 - [MESSAGE][ERROR] - [SELF-HEALING] C:\Users\phuc\git\Mattermost_AutoTesting\Reports\Self-healing\broken-test-objects.json does not exist or is provided by Self-healing Plugin!

2021-05-28 23:57:43 - [MESSAGE][WARNING] - [SELF-HEALING] The current locator of test object 'Object Repository/1412263_Page_Mattermost/span_Sign in (1)' was broken. Propose an alternative one: '//button[@id='loginButton']/span'.

2021-05-28 23:57:43 - [MESSAGE][PASSED] - Object: 'Object Repository/1412263_Page_Mattermost/span_Sign in (1)' is clicked on

2021-05-28 23:57:43 - [TEST_STEP][PASSED] - click(findTestObject("1412263_Page_Town Square - CNC_Nhom3 Mattermost/path")): Object: 'Object Repository/1412263_Page_Town Square - CNC_Nhom3 Mattermost/path' is clicked on

2021-05-28 23:57:47 - [MESSAGE][PASSED] - Object: 'Object Repository/1412263_Page_Town Square - CNC_Nhom3 Mattermost/path' is clicked on

2021-05-28 23:57:47 - [TEST_STEP][PASSED] - click(findTestObject("1412263_Page_Town Square - CNC_Nhom3 Mattermost/span_System Console")): Object: 'Object Repository/1412263_Page_Town Square - CNC_Nhom3 Mattermost/span_System Console' is clicked on

2021-05-28 23:57:47 - [MESSAGE][PASSED] - Object: 'Object Repository/1412263_Page_Town Square - CNC_Nhom3 Mattermost/span_System Console' is clicked on

2021-05-28 23:57:47 - [TEST_STEP][PASSED] - click(findTestObject("1412263_Page_System Console - Mattermost/a_Users")): Object: 'Object Repository/1412263_Page_System Console - Mattermost/a_Users' is clicked on

2021-05-28 23:57:49 - [MESSAGE][PASSED] - Object: 'Object Repository/1412263_Page_System Console - Mattermost/a_Users' is clicked on

2021-05-28 23:57:49 - [TEST_STEP][PASSED] - for ([i = 1, i <= 5, (i++)]): null

2021-05-28 23:57:49 - [TEST_STEP][PASSED] - click(findTestObject("1412263_Page_System Console - Mattermost/a_System Admin")): Object: 'Object Repository/1412263_Page_System Console - Mattermost/a_System Admin' is clicked on

2021-05-28 23:57:50 - [MESSAGE][PASSED] - Object: 'Object Repository/1412263_Page_System Console - Mattermost/a_System Admin' is clicked on

2021-05-28 23:57:50 - [TEST_STEP][PASSED] - click(findTestObject("1412263_Page_System Console - Mattermost/span_Reset Password")): Object: 'Object Repository/1412263_Page_System Console - Mattermost/span_Reset Password' is clicked on

2021-05-28 23:57:51 - [MESSAGE][PASSED] - Object: 'Object Repository/1412263_Page_System Console - Mattermost/span_Reset Password' is clicked on

2021-05-28 23:57:51 - [TEST_STEP][PASSED] - setEncryptedText(findTestObject("1412263_Page_System Console - Mattermost/input_New Password_form-control"), findTestData("1412263/Data TC8 ResetPassword").getValue(1, i)): Text ****** has been set on object 'Object Repository/1412263_Page_System Console - Mattermost/input_New Password_form-control'

2021-05-28 23:57:52 - [MESSAGE][PASSED] - Text ****** has been set on object 'Object Repository/1412263_Page_System Console - Mattermost/input_New Password_form-control'

2021-05-28 23:57:52 - [TEST_STEP][PASSED] - click(findTestObject("1412263_Page_System Console - Mattermost/button_Reset")): Object: 'Object Repository/1412263_Page_System Console - Mattermost/button_Reset' is clicked on

2021-05-28 23:57:52 - [MESSAGE][PASSED] - Object: 'Object Repository/1412263_Page_System Console - Mattermost/button_Reset' is clicked on

2021-05-28 23:57:52 - [TEST_STEP][PASSED] - Thread.sleep(3000): null

2021-05-28 23:57:55 - [TEST_STEP][PASSED] - click(findTestObject("1412263_Page_System Console - Mattermost/a_System Admin")): Object: 'Object Repository/1412263_Page_System Console - Mattermost/a_System Admin' is clicked on

2021-05-28 23:57:55 - [MESSAGE][PASSED] - Object: 'Object Repository/1412263_Page_System Console - Mattermost/a_System Admin' is clicked on

2021-05-28 23:57:55 - [TEST_STEP][PASSED] - click(findTestObject("1412263_Page_System Console - Mattermost/span_Reset Password")): Object: 'Object Repository/1412263_Page_System Console - Mattermost/span_Reset Password' is clicked on

2021-05-28 23:57:56 - [MESSAGE][PASSED] - Object: 'Object Repository/1412263_Page_System Console - Mattermost/span_Reset Password' is clicked on

2021-05-28 23:57:56 - [TEST_STEP][PASSED] - setEncryptedText(findTestObject("1412263_Page_System Console - Mattermost/input_New Password_form-control"), findTestData("1412263/Data TC8 ResetPassword").getValue(1, i)): Text ****** has been set on object 'Object Repository/1412263_Page_System Console - Mattermost/input_New Password_form-control'

2021-05-28 23:57:57 - [MESSAGE][PASSED] - Text ****** has been set on object 'Object Repository/1412263_Page_System Console - Mattermost/input_New Password_form-control'

2021-05-28 23:57:57 - [TEST_STEP][PASSED] - click(findTestObject("1412263_Page_System Console - Mattermost/button_Reset")): Object: 'Object Repository/1412263_Page_System Console - Mattermost/button_Reset' is clicked on

2021-05-28 23:57:57 - [MESSAGE][PASSED] - Object: 'Object Repository/1412263_Page_System Console - Mattermost/button_Reset' is clicked on

2021-05-28 23:57:57 - [TEST_STEP][PASSED] - Thread.sleep(3000): null

2021-05-28 23:58:00 - [TEST_STEP][PASSED] - click(findTestObject("1412263_Page_System Console - Mattermost/a_System Admin")): Object: 'Object Repository/1412263_Page_System Console - Mattermost/a_System Admin' is clicked on

2021-05-28 23:58:01 - [MESSAGE][PASSED] - Object: 'Object Repository/1412263_Page_System Console - Mattermost/a_System Admin' is clicked on

2021-05-28 23:58:01 - [TEST_STEP][PASSED] - click(findTestObject("1412263_Page_System Console - Mattermost/span_Reset Password")): Object: 'Object Repository/1412263_Page_System Console - Mattermost/span_Reset Password' is clicked on

2021-05-28 23:58:01 - [MESSAGE][PASSED] - Object: 'Object Repository/1412263_Page_System Console - Mattermost/span_Reset Password' is clicked on

2021-05-28 23:58:01 - [TEST_STEP][PASSED] - setEncryptedText(findTestObject("1412263_Page_System Console - Mattermost/input_New Password_form-control"), findTestData("1412263/Data TC8 ResetPassword").getValue(1, i)): Text ****** has been set on object 'Object Repository/1412263_Page_System Console - Mattermost/input_New Password_form-control'

2021-05-28 23:58:02 - [MESSAGE][PASSED] - Text ****** has been set on object 'Object Repository/1412263_Page_System Console - Mattermost/input_New Password_form-control'

2021-05-28 23:58:02 - [TEST_STEP][PASSED] - click(findTestObject("1412263_Page_System Console - Mattermost/button_Reset")): Object: 'Object Repository/1412263_Page_System Console - Mattermost/button_Reset' is clicked on

2021-05-28 23:58:03 - [MESSAGE][PASSED] - Object: 'Object Repository/1412263_Page_System Console - Mattermost/button_Reset' is clicked on

2021-05-28 23:58:03 - [TEST_STEP][PASSED] - Thread.sleep(3000): null

2021-05-28 23:58:06 - [TEST_STEP][PASSED] - click(findTestObject("1412263_Page_System Console - Mattermost/a_System Admin")): Object: 'Object Repository/1412263_Page_System Console - Mattermost/a_System Admin' is clicked on

2021-05-28 23:58:06 - [MESSAGE][PASSED] - Object: 'Object Repository/1412263_Page_System Console - Mattermost/a_System Admin' is clicked on

2021-05-28 23:58:06 - [TEST_STEP][PASSED] - click(findTestObject("1412263_Page_System Console - Mattermost/span_Reset Password")): Object: 'Object Repository/1412263_Page_System Console - Mattermost/span_Reset Password' is clicked on

2021-05-28 23:58:07 - [MESSAGE][PASSED] - Object: 'Object Repository/1412263_Page_System Console - Mattermost/span_Reset Password' is clicked on

2021-05-28 23:58:07 - [TEST_STEP][PASSED] - setEncryptedText(findTestObject("1412263_Page_System Console - Mattermost/input_New Password_form-control"), findTestData("1412263/Data TC8 ResetPassword").getValue(1, i)): Text ****** has been set on object 'Object Repository/1412263_Page_System Console - Mattermost/input_New Password_form-control'

2021-05-28 23:58:07 - [MESSAGE][PASSED] - Text ****** has been set on object 'Object Repository/1412263_Page_System Console - Mattermost/input_New Password_form-control'

2021-05-28 23:58:07 - [TEST_STEP][PASSED] - click(findTestObject("1412263_Page_System Console - Mattermost/button_Reset")): Object: 'Object Repository/1412263_Page_System Console - Mattermost/button_Reset' is clicked on

2021-05-28 23:58:08 - [MESSAGE][PASSED] - Object: 'Object Repository/1412263_Page_System Console - Mattermost/button_Reset' is clicked on

2021-05-28 23:58:08 - [TEST_STEP][PASSED] - Thread.sleep(3000): null

2021-05-28 23:58:11 - [TEST_STEP][PASSED] - click(findTestObject("1412263_Page_System Console - Mattermost/a_System Admin")): Object: 'Object Repository/1412263_Page_System Console - Mattermost/a_System Admin' is clicked on

2021-05-28 23:58:11 - [MESSAGE][PASSED] - Object: 'Object Repository/1412263_Page_System Console - Mattermost/a_System Admin' is clicked on

2021-05-28 23:58:11 - [TEST_STEP][PASSED] - click(findTestObject("1412263_Page_System Console - Mattermost/span_Reset Password")): Object: 'Object Repository/1412263_Page_System Console - Mattermost/span_Reset Password' is clicked on

2021-05-28 23:58:12 - [MESSAGE][PASSED] - Object: 'Object Repository/1412263_Page_System Console - Mattermost/span_Reset Password' is clicked on

2021-05-28 23:58:12 - [TEST_STEP][PASSED] - setEncryptedText(findTestObject("1412263_Page_System Console - Mattermost/input_New Password_form-control"), findTestData("1412263/Data TC8 ResetPassword").getValue(1, i)): Text ****** has been set on object 'Object Repository/1412263_Page_System Console - Mattermost/input_New Password_form-control'

2021-05-28 23:58:12 - [MESSAGE][PASSED] - Text ****** has been set on object 'Object Repository/1412263_Page_System Console - Mattermost/input_New Password_form-control'

2021-05-28 23:58:12 - [TEST_STEP][PASSED] - click(findTestObject("1412263_Page_System Console - Mattermost/button_Reset")): Object: 'Object Repository/1412263_Page_System Console - Mattermost/button_Reset' is clicked on

2021-05-28 23:58:13 - [MESSAGE][PASSED] - Object: 'Object Repository/1412263_Page_System Console - Mattermost/button_Reset' is clicked on

2021-05-28 23:58:13 - [TEST_STEP][PASSED] - Thread.sleep(3000): null

2021-05-28 23:58:16 - [TEST_STEP][PASSED] - closeBrowser(): Browser is closed

2021-05-28 23:58:17 - [MESSAGE][PASSED] - Browser is closed]]></system-out>
         <system-err><![CDATA[]]></system-err>
      </testcase>
      <testcase name="Test Cases/1412263/TC09_ChangeLoginAttempt" time="20.961" classname="Test Cases/1412263/TC09_ChangeLoginAttempt" status="PASSED">
         <system-out><![CDATA[2021-05-28 23:58:17 - [TEST_CASE][PASSED] - Test Cases/1412263/TC09_ChangeLoginAttempt: Test Cases/1412263/TC09_ChangeLoginAttempt

2021-05-28 23:58:17 - [TEST_STEP][PASSED] - openBrowser(""): Browser is opened with url: ''

2021-05-28 23:58:17 - [MESSAGE][INFO] - Starting 'Chrome' driver

2021-05-28 23:58:17 - [MESSAGE][INFO] - Action delay is set to 0 milliseconds

2021-05-28 23:58:19 - [MESSAGE][PASSED] - Browser is opened with url: ''

2021-05-28 23:58:19 - [TEST_STEP][PASSED] - navigateToUrl("http://mattermostwebapp.herokuapp.com/"): Navigate to 'http://mattermostwebapp.herokuapp.com/' successfully

2021-05-28 23:58:21 - [MESSAGE][PASSED] - Navigate to 'http://mattermostwebapp.herokuapp.com/' successfully

2021-05-28 23:58:21 - [TEST_STEP][PASSED] - setText(findTestObject("Object Repository/Page_Mattermost/input_All team communication in one place, _dcc84b"), "huykhoi263"): Text 'huykhoi263' is set on object 'Object Repository/Page_Mattermost/input_All team communication in one place, _dcc84b'

2021-05-28 23:58:26 - [MESSAGE][PASSED] - Text 'huykhoi263' is set on object 'Object Repository/Page_Mattermost/input_All team communication in one place, _dcc84b'

2021-05-28 23:58:26 - [TEST_STEP][PASSED] - setEncryptedText(findTestObject("Object Repository/Page_Mattermost/input_All team communication in one place, _a3edc6"), "o1rBehR+FzY2ClyWuSUtzg=="): Text ****** has been set on object 'Object Repository/Page_Mattermost/input_All team communication in one place, _a3edc6'

2021-05-28 23:58:27 - [MESSAGE][PASSED] - Text ****** has been set on object 'Object Repository/Page_Mattermost/input_All team communication in one place, _a3edc6'

2021-05-28 23:58:27 - [TEST_STEP][PASSED] - sendKeys(findTestObject("Object Repository/Page_Mattermost/input_All team communication in one place, _a3edc6"), Keys.chord(ENTER)): Keys 'ENTER + ' sent to object: 'Object Repository/Page_Mattermost/input_All team communication in one place, _a3edc6'

2021-05-28 23:58:27 - [MESSAGE][PASSED] - Keys 'ENTER + ' sent to object: 'Object Repository/Page_Mattermost/input_All team communication in one place, _a3edc6'

2021-05-28 23:58:27 - [TEST_STEP][PASSED] - click(findTestObject("1412263_Page_Town Square - CNC_Nhom3 Mattermost/path")): Object: 'Object Repository/1412263_Page_Town Square - CNC_Nhom3 Mattermost/path' is clicked on

2021-05-28 23:58:32 - [MESSAGE][PASSED] - Object: 'Object Repository/1412263_Page_Town Square - CNC_Nhom3 Mattermost/path' is clicked on

2021-05-28 23:58:32 - [TEST_STEP][PASSED] - click(findTestObject("1412263_Page_Town Square - CNC_Nhom3 Mattermost/span_System Console")): Object: 'Object Repository/1412263_Page_Town Square - CNC_Nhom3 Mattermost/span_System Console' is clicked on

2021-05-28 23:58:33 - [MESSAGE][PASSED] - Object: 'Object Repository/1412263_Page_Town Square - CNC_Nhom3 Mattermost/span_System Console' is clicked on

2021-05-28 23:58:33 - [TEST_STEP][PASSED] - click(findTestObject("Object Repository/Page_System Console - Mattermost/a_Password")): Object: 'Object Repository/Page_System Console - Mattermost/a_Password' is clicked on

2021-05-28 23:58:35 - [MESSAGE][PASSED] - Object: 'Object Repository/Page_System Console - Mattermost/a_Password' is clicked on

2021-05-28 23:58:35 - [TEST_STEP][PASSED] - click(findTestObject("Object Repository/Page_System Console - Mattermost/div_Maximum Login AttemptsNumber of login a_f48f8a")): Object: 'Object Repository/Page_System Console - Mattermost/div_Maximum Login AttemptsNumber of login a_f48f8a' is clicked on

2021-05-28 23:58:35 - [MESSAGE][PASSED] - Object: 'Object Repository/Page_System Console - Mattermost/div_Maximum Login AttemptsNumber of login a_f48f8a' is clicked on

2021-05-28 23:58:35 - [TEST_STEP][PASSED] - setText(findTestObject("Object Repository/Page_System Console - Mattermost/input_Maximum Login Attempts_maximumLoginAttempts"), "15"): Text '15' is set on object 'Object Repository/Page_System Console - Mattermost/input_Maximum Login Attempts_maximumLoginAttempts'

2021-05-28 23:58:36 - [MESSAGE][PASSED] - Text '15' is set on object 'Object Repository/Page_System Console - Mattermost/input_Maximum Login Attempts_maximumLoginAttempts'

2021-05-28 23:58:36 - [TEST_STEP][PASSED] - click(findTestObject("Object Repository/Page_System Console - Mattermost/button_Save")): Object: 'Object Repository/Page_System Console - Mattermost/button_Save' is clicked on

2021-05-28 23:58:37 - [MESSAGE][PASSED] - Object: 'Object Repository/Page_System Console - Mattermost/button_Save' is clicked on

2021-05-28 23:58:37 - [TEST_STEP][PASSED] - closeBrowser(): Browser is closed

2021-05-28 23:58:38 - [MESSAGE][PASSED] - Browser is closed]]></system-out>
         <system-err><![CDATA[]]></system-err>
      </testcase>
      <testcase name="Test Cases/1412263/TC10_SetPasswordLimit" time="17.812" classname="Test Cases/1412263/TC10_SetPasswordLimit" status="PASSED">
         <system-out><![CDATA[2021-05-28 23:58:38 - [TEST_CASE][PASSED] - Test Cases/1412263/TC10_SetPasswordLimit: Test Cases/1412263/TC10_SetPasswordLimit

2021-05-28 23:58:38 - [TEST_STEP][PASSED] - openBrowser(""): Browser is opened with url: ''

2021-05-28 23:58:38 - [MESSAGE][INFO] - Starting 'Chrome' driver

2021-05-28 23:58:38 - [MESSAGE][INFO] - Action delay is set to 0 milliseconds

2021-05-28 23:58:39 - [MESSAGE][PASSED] - Browser is opened with url: ''

2021-05-28 23:58:39 - [TEST_STEP][PASSED] - navigateToUrl("http://mattermostwebapp.herokuapp.com/"): Navigate to 'http://mattermostwebapp.herokuapp.com/' successfully

2021-05-28 23:58:42 - [MESSAGE][PASSED] - Navigate to 'http://mattermostwebapp.herokuapp.com/' successfully

2021-05-28 23:58:42 - [TEST_STEP][PASSED] - setText(findTestObject("1412263_Page_Mattermost/input_All team communication in one place, _dcc84b"), "huykhoi263"): Text 'huykhoi263' is set on object 'Object Repository/1412263_Page_Mattermost/input_All team communication in one place, _dcc84b'

2021-05-28 23:58:46 - [MESSAGE][PASSED] - Text 'huykhoi263' is set on object 'Object Repository/1412263_Page_Mattermost/input_All team communication in one place, _dcc84b'

2021-05-28 23:58:46 - [TEST_STEP][PASSED] - setEncryptedText(findTestObject("1412263_Page_Mattermost/input_All team communication in one place, _a3edc6"), "o1rBehR+FzY2ClyWuSUtzg=="): Text ****** has been set on object 'Object Repository/1412263_Page_Mattermost/input_All team communication in one place, _a3edc6'

2021-05-28 23:58:46 - [MESSAGE][PASSED] - Text ****** has been set on object 'Object Repository/1412263_Page_Mattermost/input_All team communication in one place, _a3edc6'

2021-05-28 23:58:46 - [TEST_STEP][PASSED] - click(findTestObject("1412263_Page_Mattermost/button_Sign in")): Object: 'Object Repository/1412263_Page_Mattermost/button_Sign in' is clicked on

2021-05-28 23:58:47 - [MESSAGE][PASSED] - Object: 'Object Repository/1412263_Page_Mattermost/button_Sign in' is clicked on

2021-05-28 23:58:47 - [TEST_STEP][PASSED] - click(findTestObject("1412263_Page_Town Square - CNC_Nhom3 Mattermost/path")): Object: 'Object Repository/1412263_Page_Town Square - CNC_Nhom3 Mattermost/path' is clicked on

2021-05-28 23:58:50 - [MESSAGE][PASSED] - Object: 'Object Repository/1412263_Page_Town Square - CNC_Nhom3 Mattermost/path' is clicked on

2021-05-28 23:58:50 - [TEST_STEP][PASSED] - click(findTestObject("1412263_Page_Town Square - CNC_Nhom3 Mattermost/span_System Console")): Object: 'Object Repository/1412263_Page_Town Square - CNC_Nhom3 Mattermost/span_System Console' is clicked on

2021-05-28 23:58:51 - [MESSAGE][PASSED] - Object: 'Object Repository/1412263_Page_Town Square - CNC_Nhom3 Mattermost/span_System Console' is clicked on

2021-05-28 23:58:51 - [TEST_STEP][PASSED] - click(findTestObject("1412263_Page_System Console - Mattermost/a_Password")): Object: 'Object Repository/1412263_Page_System Console - Mattermost/a_Password' is clicked on

2021-05-28 23:58:53 - [MESSAGE][PASSED] - Object: 'Object Repository/1412263_Page_System Console - Mattermost/a_Password' is clicked on

2021-05-28 23:58:53 - [TEST_STEP][PASSED] - setText(findTestObject("1412263_Page_System Console - Mattermost/input_Minimum Password Length_passwordMinim_e95e98"), "6"): Text '6' is set on object 'Object Repository/1412263_Page_System Console - Mattermost/input_Minimum Password Length_passwordMinim_e95e98'

2021-05-28 23:58:54 - [MESSAGE][PASSED] - Text '6' is set on object 'Object Repository/1412263_Page_System Console - Mattermost/input_Minimum Password Length_passwordMinim_e95e98'

2021-05-28 23:58:54 - [TEST_STEP][PASSED] - click(findTestObject("1412263_Page_System Console - Mattermost/button_Save")): Object: 'Object Repository/1412263_Page_System Console - Mattermost/button_Save' is clicked on

2021-05-28 23:58:55 - [MESSAGE][PASSED] - Object: 'Object Repository/1412263_Page_System Console - Mattermost/button_Save' is clicked on

2021-05-28 23:58:55 - [TEST_STEP][PASSED] - closeBrowser(): Browser is closed

2021-05-28 23:58:56 - [MESSAGE][PASSED] - Browser is closed]]></system-out>
         <system-err><![CDATA[]]></system-err>
      </testcase>
      <testcase name="Test Cases/1712666/TC11_CreateATeam" time="17.282" classname="Test Cases/1712666/TC11_CreateATeam" status="PASSED">
         <system-out><![CDATA[2021-05-28 23:58:56 - [TEST_CASE][PASSED] - Test Cases/1712666/TC11_CreateATeam: Test Cases/1712666/TC11_CreateATeam

2021-05-28 23:58:56 - [TEST_STEP][PASSED] - openBrowser(""): Browser is opened with url: ''

2021-05-28 23:58:56 - [MESSAGE][INFO] - Starting 'Chrome' driver

2021-05-28 23:58:56 - [MESSAGE][INFO] - Action delay is set to 0 milliseconds

2021-05-28 23:58:57 - [MESSAGE][PASSED] - Browser is opened with url: ''

2021-05-28 23:58:57 - [TEST_STEP][PASSED] - navigateToUrl("https://mattermostwebapp.herokuapp.com/"): Navigate to 'https://mattermostwebapp.herokuapp.com/' successfully

2021-05-28 23:59:00 - [MESSAGE][PASSED] - Navigate to 'https://mattermostwebapp.herokuapp.com/' successfully

2021-05-28 23:59:00 - [TEST_STEP][PASSED] - callTestCase(findTestCase("1712666/CommonTC/CTC_Login"), ["var_username":"phuc", "var_password":"CSt51UwWECc="], null): Call Test Case 'Test Cases/1712666/CommonTC/CTC_Login' successfully

2021-05-28 23:59:01 - [TEST_CASE][PASSED] - Test Cases/1712666/CommonTC/CTC_Login: Test Cases/1712666/CommonTC/CTC_Login

2021-05-28 23:59:01 - [TEST_STEP][PASSED] - setText(findTestObject("Object Repository/1412263_Page_Mattermost/input_All team communication in one place, _dcc84b"), var_username): Text 'phuc' is set on object 'Object Repository/1412263_Page_Mattermost/input_All team communication in one place, _dcc84b'

2021-05-28 23:59:05 - [MESSAGE][PASSED] - Text 'phuc' is set on object 'Object Repository/1412263_Page_Mattermost/input_All team communication in one place, _dcc84b'

2021-05-28 23:59:05 - [TEST_STEP][PASSED] - setEncryptedText(findTestObject("Object Repository/1412263_Page_Mattermost/input_All team communication in one place, _a3edc6"), var_password): Text ****** has been set on object 'Object Repository/1412263_Page_Mattermost/input_All team communication in one place, _a3edc6'

2021-05-28 23:59:06 - [MESSAGE][PASSED] - Text ****** has been set on object 'Object Repository/1412263_Page_Mattermost/input_All team communication in one place, _a3edc6'

2021-05-28 23:59:06 - [TEST_STEP][PASSED] - click(findTestObject("Object Repository/1412263_Page_Mattermost/span_Sign in")): Object: 'Object Repository/1412263_Page_Mattermost/span_Sign in' is clicked on

2021-05-28 23:59:06 - [MESSAGE][PASSED] - Object: 'Object Repository/1412263_Page_Mattermost/span_Sign in' is clicked on

2021-05-28 23:59:06 - [MESSAGE][PASSED] - Call Test Case 'Test Cases/1712666/CommonTC/CTC_Login' successfully

2021-05-28 23:59:06 - [TEST_STEP][PASSED] - click(findTestObject("Object Repository/Page_Town Square - abc Mattermost/div_phuc")): Object: 'Object Repository/Page_Town Square - abc Mattermost/div_phuc' is clicked on

2021-05-28 23:59:09 - [MESSAGE][PASSED] - Object: 'Object Repository/Page_Town Square - abc Mattermost/div_phuc' is clicked on

2021-05-28 23:59:09 - [TEST_STEP][PASSED] - click(findTestObject("Object Repository/Page_Town Square - abc Mattermost/span_Create a Team")): Object: 'Object Repository/Page_Town Square - abc Mattermost/span_Create a Team' is clicked on

2021-05-28 23:59:10 - [MESSAGE][PASSED] - Object: 'Object Repository/Page_Town Square - abc Mattermost/span_Create a Team' is clicked on

2021-05-28 23:59:10 - [TEST_STEP][PASSED] - setText(findTestObject("Object Repository/Page_Town Square - abc Mattermost/input_Team Name_teamNameInput"), var_teamName): Text 'test' is set on object 'Object Repository/Page_Town Square - abc Mattermost/input_Team Name_teamNameInput'

2021-05-28 23:59:11 - [MESSAGE][PASSED] - Text 'test' is set on object 'Object Repository/Page_Town Square - abc Mattermost/input_Team Name_teamNameInput'

2021-05-28 23:59:11 - [TEST_STEP][PASSED] - click(findTestObject("Object Repository/Page_Town Square - abc Mattermost/span_Next")): Object: 'Object Repository/Page_Town Square - abc Mattermost/span_Next' is clicked on

2021-05-28 23:59:11 - [MESSAGE][PASSED] - Object: 'Object Repository/Page_Town Square - abc Mattermost/span_Next' is clicked on

2021-05-28 23:59:11 - [TEST_STEP][PASSED] - click(findTestObject("Object Repository/Page_Town Square - abc Mattermost/span_Finish")): Object: 'Object Repository/Page_Town Square - abc Mattermost/span_Finish' is clicked on

2021-05-28 23:59:12 - [MESSAGE][PASSED] - Object: 'Object Repository/Page_Town Square - abc Mattermost/span_Finish' is clicked on

2021-05-28 23:59:12 - [TEST_STEP][PASSED] - if (var_statusExpected.toString() == "empty"): null

2021-05-28 23:59:12 - [TEST_STEP][PASSED] - closeBrowser(): Browser is closed

2021-05-28 23:59:13 - [MESSAGE][PASSED] - Browser is closed]]></system-out>
         <system-err><![CDATA[]]></system-err>
      </testcase>
      <testcase name="Test Cases/1712666/TC11_CreateATeam" time="22.667" classname="Test Cases/1712666/TC11_CreateATeam" status="FAILED">
         <failure type="FAILED" message="Test Cases/1712666/TC11_CreateATeam FAILED.
Reason:
com.kms.katalon.core.exception.StepFailedException: Unable to verify object 'Object Repository/Page_Town Square - abc Mattermost/label_A team with that name already exists' is not present
	at com.kms.katalon.core.webui.keyword.internal.WebUIKeywordMain.stepFailed(WebUIKeywordMain.groovy:64)
	at com.kms.katalon.core.webui.keyword.internal.WebUIKeywordMain.runKeyword(WebUIKeywordMain.groovy:26)
	at com.kms.katalon.core.webui.keyword.internal.WebUIKeywordMain$runKeyword.call(Unknown Source)
	at com.kms.katalon.core.webui.keyword.builtin.VerifyElementNotPresentKeyword.verifyElementNotPresent(VerifyElementNotPresentKeyword.groovy:117)
	at com.kms.katalon.core.webui.keyword.builtin.VerifyElementNotPresentKeyword.execute(VerifyElementNotPresentKeyword.groovy:68)
	at com.kms.katalon.core.keyword.internal.KeywordExecutor.executeKeywordForPlatform(KeywordExecutor.groovy:73)
	at com.kms.katalon.core.webui.keyword.WebUiBuiltInKeywords.verifyElementNotPresent(WebUiBuiltInKeywords.groovy:1496)
	at com.kms.katalon.core.webui.keyword.WebUiBuiltInKeywords$verifyElementNotPresent$6.call(Unknown Source)
	at TC11_CreateATeam.run(TC11_CreateATeam:38)
	at com.kms.katalon.core.main.ScriptEngine.run(ScriptEngine.java:194)
	at com.kms.katalon.core.main.ScriptEngine.runScriptAsRawText(ScriptEngine.java:119)
	at com.kms.katalon.core.main.TestCaseExecutor.runScript(TestCaseExecutor.java:398)
	at com.kms.katalon.core.main.TestCaseExecutor.doExecute(TestCaseExecutor.java:389)
	at com.kms.katalon.core.main.TestCaseExecutor.processExecutionPhase(TestCaseExecutor.java:368)
	at com.kms.katalon.core.main.TestCaseExecutor.accessMainPhase(TestCaseExecutor.java:360)
	at com.kms.katalon.core.main.TestCaseExecutor.execute(TestCaseExecutor.java:255)
	at com.kms.katalon.core.main.TestSuiteExecutor.accessTestCaseMainPhase(TestSuiteExecutor.java:203)
	at com.kms.katalon.core.main.TestSuiteExecutor.accessTestSuiteMainPhase(TestSuiteExecutor.java:152)
	at com.kms.katalon.core.main.TestSuiteExecutor.execute(TestSuiteExecutor.java:95)
	at com.kms.katalon.core.main.TestCaseMain.startTestSuite(TestCaseMain.java:157)
	at com.kms.katalon.core.main.TestCaseMain$startTestSuite$0.call(Unknown Source)
	at TempTestSuite1622220811607.run(TempTestSuite1622220811607.groovy:39)
Caused by: com.kms.katalon.core.exception.StepFailedException: Web element with id: 'Object Repository/Page_Town Square - abc Mattermost/label_A team with that name already exists' located by 'By.xpath: //div[@id='root']/div/div/div/div[3]/div/div/div/form/div/label' is present after '5' second(s)
	at com.kms.katalon.core.webui.keyword.internal.WebUIKeywordMain.stepFailed(WebUIKeywordMain.groovy:64)
	at com.kms.katalon.core.webui.keyword.internal.WebUIKeywordMain$stepFailed$0.call(Unknown Source)
	at com.kms.katalon.core.webui.keyword.builtin.VerifyElementNotPresentKeyword$_verifyElementNotPresent_closure1.doCall(VerifyElementNotPresentKeyword.groovy:106)
	at com.kms.katalon.core.webui.keyword.builtin.VerifyElementNotPresentKeyword$_verifyElementNotPresent_closure1.doCall(VerifyElementNotPresentKeyword.groovy)
	at com.kms.katalon.core.webui.keyword.internal.WebUIKeywordMain.runKeyword(WebUIKeywordMain.groovy:20)
	... 20 more
"/>
         <system-out><![CDATA[2021-05-28 23:59:13 - [TEST_CASE][FAILED] - Test Cases/1712666/TC11_CreateATeam: Test Cases/1712666/TC11_CreateATeam FAILED.
Reason:
com.kms.katalon.core.exception.StepFailedException: Unable to verify object 'Object Repository/Page_Town Square - abc Mattermost/label_A team with that name already exists' is not present
	at com.kms.katalon.core.webui.keyword.internal.WebUIKeywordMain.stepFailed(WebUIKeywordMain.groovy:64)
	at com.kms.katalon.core.webui.keyword.internal.WebUIKeywordMain.runKeyword(WebUIKeywordMain.groovy:26)
	at com.kms.katalon.core.webui.keyword.internal.WebUIKeywordMain$runKeyword.call(Unknown Source)
	at com.kms.katalon.core.webui.keyword.builtin.VerifyElementNotPresentKeyword.verifyElementNotPresent(VerifyElementNotPresentKeyword.groovy:117)
	at com.kms.katalon.core.webui.keyword.builtin.VerifyElementNotPresentKeyword.execute(VerifyElementNotPresentKeyword.groovy:68)
	at com.kms.katalon.core.keyword.internal.KeywordExecutor.executeKeywordForPlatform(KeywordExecutor.groovy:73)
	at com.kms.katalon.core.webui.keyword.WebUiBuiltInKeywords.verifyElementNotPresent(WebUiBuiltInKeywords.groovy:1496)
	at com.kms.katalon.core.webui.keyword.WebUiBuiltInKeywords$verifyElementNotPresent$6.call(Unknown Source)
	at TC11_CreateATeam.run(TC11_CreateATeam:38)
	at com.kms.katalon.core.main.ScriptEngine.run(ScriptEngine.java:194)
	at com.kms.katalon.core.main.ScriptEngine.runScriptAsRawText(ScriptEngine.java:119)
	at com.kms.katalon.core.main.TestCaseExecutor.runScript(TestCaseExecutor.java:398)
	at com.kms.katalon.core.main.TestCaseExecutor.doExecute(TestCaseExecutor.java:389)
	at com.kms.katalon.core.main.TestCaseExecutor.processExecutionPhase(TestCaseExecutor.java:368)
	at com.kms.katalon.core.main.TestCaseExecutor.accessMainPhase(TestCaseExecutor.java:360)
	at com.kms.katalon.core.main.TestCaseExecutor.execute(TestCaseExecutor.java:255)
	at com.kms.katalon.core.main.TestSuiteExecutor.accessTestCaseMainPhase(TestSuiteExecutor.java:203)
	at com.kms.katalon.core.main.TestSuiteExecutor.accessTestSuiteMainPhase(TestSuiteExecutor.java:152)
	at com.kms.katalon.core.main.TestSuiteExecutor.execute(TestSuiteExecutor.java:95)
	at com.kms.katalon.core.main.TestCaseMain.startTestSuite(TestCaseMain.java:157)
	at com.kms.katalon.core.main.TestCaseMain$startTestSuite$0.call(Unknown Source)
	at TempTestSuite1622220811607.run(TempTestSuite1622220811607.groovy:39)
Caused by: com.kms.katalon.core.exception.StepFailedException: Web element with id: 'Object Repository/Page_Town Square - abc Mattermost/label_A team with that name already exists' located by 'By.xpath: //div[@id='root']/div/div/div/div[3]/div/div/div/form/div/label' is present after '5' second(s)
	at com.kms.katalon.core.webui.keyword.internal.WebUIKeywordMain.stepFailed(WebUIKeywordMain.groovy:64)
	at com.kms.katalon.core.webui.keyword.internal.WebUIKeywordMain$stepFailed$0.call(Unknown Source)
	at com.kms.katalon.core.webui.keyword.builtin.VerifyElementNotPresentKeyword$_verifyElementNotPresent_closure1.doCall(VerifyElementNotPresentKeyword.groovy:106)
	at com.kms.katalon.core.webui.keyword.builtin.VerifyElementNotPresentKeyword$_verifyElementNotPresent_closure1.doCall(VerifyElementNotPresentKeyword.groovy)
	at com.kms.katalon.core.webui.keyword.internal.WebUIKeywordMain.runKeyword(WebUIKeywordMain.groovy:20)
	... 20 more


2021-05-28 23:59:13 - [TEST_STEP][PASSED] - openBrowser(""): Browser is opened with url: ''

2021-05-28 23:59:13 - [MESSAGE][INFO] - Starting 'Chrome' driver

2021-05-28 23:59:13 - [MESSAGE][INFO] - Action delay is set to 0 milliseconds

2021-05-28 23:59:14 - [MESSAGE][PASSED] - Browser is opened with url: ''

2021-05-28 23:59:14 - [TEST_STEP][PASSED] - navigateToUrl("https://mattermostwebapp.herokuapp.com/"): Navigate to 'https://mattermostwebapp.herokuapp.com/' successfully

2021-05-28 23:59:18 - [MESSAGE][PASSED] - Navigate to 'https://mattermostwebapp.herokuapp.com/' successfully

2021-05-28 23:59:18 - [TEST_STEP][PASSED] - callTestCase(findTestCase("1712666/CommonTC/CTC_Login"), ["var_username":"phuc", "var_password":"CSt51UwWECc="], null): Call Test Case 'Test Cases/1712666/CommonTC/CTC_Login' successfully

2021-05-28 23:59:18 - [TEST_CASE][PASSED] - Test Cases/1712666/CommonTC/CTC_Login: Test Cases/1712666/CommonTC/CTC_Login

2021-05-28 23:59:18 - [TEST_STEP][PASSED] - setText(findTestObject("Object Repository/1412263_Page_Mattermost/input_All team communication in one place, _dcc84b"), var_username): Text 'phuc' is set on object 'Object Repository/1412263_Page_Mattermost/input_All team communication in one place, _dcc84b'

2021-05-28 23:59:22 - [MESSAGE][PASSED] - Text 'phuc' is set on object 'Object Repository/1412263_Page_Mattermost/input_All team communication in one place, _dcc84b'

2021-05-28 23:59:22 - [TEST_STEP][PASSED] - setEncryptedText(findTestObject("Object Repository/1412263_Page_Mattermost/input_All team communication in one place, _a3edc6"), var_password): Text ****** has been set on object 'Object Repository/1412263_Page_Mattermost/input_All team communication in one place, _a3edc6'

2021-05-28 23:59:23 - [MESSAGE][PASSED] - Text ****** has been set on object 'Object Repository/1412263_Page_Mattermost/input_All team communication in one place, _a3edc6'

2021-05-28 23:59:23 - [TEST_STEP][PASSED] - click(findTestObject("Object Repository/1412263_Page_Mattermost/span_Sign in")): Object: 'Object Repository/1412263_Page_Mattermost/span_Sign in' is clicked on

2021-05-28 23:59:23 - [MESSAGE][PASSED] - Object: 'Object Repository/1412263_Page_Mattermost/span_Sign in' is clicked on

2021-05-28 23:59:23 - [MESSAGE][PASSED] - Call Test Case 'Test Cases/1712666/CommonTC/CTC_Login' successfully

2021-05-28 23:59:23 - [TEST_STEP][PASSED] - click(findTestObject("Object Repository/Page_Town Square - abc Mattermost/div_phuc")): Object: 'Object Repository/Page_Town Square - abc Mattermost/div_phuc' is clicked on

2021-05-28 23:59:27 - [MESSAGE][PASSED] - Object: 'Object Repository/Page_Town Square - abc Mattermost/div_phuc' is clicked on

2021-05-28 23:59:27 - [TEST_STEP][PASSED] - click(findTestObject("Object Repository/Page_Town Square - abc Mattermost/span_Create a Team")): Object: 'Object Repository/Page_Town Square - abc Mattermost/span_Create a Team' is clicked on

2021-05-28 23:59:27 - [MESSAGE][PASSED] - Object: 'Object Repository/Page_Town Square - abc Mattermost/span_Create a Team' is clicked on

2021-05-28 23:59:27 - [TEST_STEP][PASSED] - setText(findTestObject("Object Repository/Page_Town Square - abc Mattermost/input_Team Name_teamNameInput"), var_teamName): Text 'test2' is set on object 'Object Repository/Page_Town Square - abc Mattermost/input_Team Name_teamNameInput'

2021-05-28 23:59:28 - [MESSAGE][PASSED] - Text 'test2' is set on object 'Object Repository/Page_Town Square - abc Mattermost/input_Team Name_teamNameInput'

2021-05-28 23:59:28 - [TEST_STEP][PASSED] - click(findTestObject("Object Repository/Page_Town Square - abc Mattermost/span_Next")): Object: 'Object Repository/Page_Town Square - abc Mattermost/span_Next' is clicked on

2021-05-28 23:59:29 - [MESSAGE][PASSED] - Object: 'Object Repository/Page_Town Square - abc Mattermost/span_Next' is clicked on

2021-05-28 23:59:29 - [TEST_STEP][PASSED] - click(findTestObject("Object Repository/Page_Town Square - abc Mattermost/span_Finish")): Object: 'Object Repository/Page_Town Square - abc Mattermost/span_Finish' is clicked on

2021-05-28 23:59:30 - [MESSAGE][PASSED] - Object: 'Object Repository/Page_Town Square - abc Mattermost/span_Finish' is clicked on

2021-05-28 23:59:30 - [TEST_STEP][FAILED] - if (var_statusExpected.toString() == "empty"): Unable to verify object 'Object Repository/Page_Town Square - abc Mattermost/label_A team with that name already exists' is not present (Root cause: com.kms.katalon.core.exception.StepFailedException: Unable to verify object 'Object Repository/Page_Town Square - abc Mattermost/label_A team with that name already exists' is not present
	at com.kms.katalon.core.webui.keyword.internal.WebUIKeywordMain.stepFailed(WebUIKeywordMain.groovy:64)
	at com.kms.katalon.core.webui.keyword.internal.WebUIKeywordMain.runKeyword(WebUIKeywordMain.groovy:26)
	at com.kms.katalon.core.webui.keyword.internal.WebUIKeywordMain$runKeyword.call(Unknown Source)
	at com.kms.katalon.core.webui.keyword.builtin.VerifyElementNotPresentKeyword.verifyElementNotPresent(VerifyElementNotPresentKeyword.groovy:117)
	at com.kms.katalon.core.webui.keyword.builtin.VerifyElementNotPresentKeyword.execute(VerifyElementNotPresentKeyword.groovy:68)
	at com.kms.katalon.core.keyword.internal.KeywordExecutor.executeKeywordForPlatform(KeywordExecutor.groovy:73)
	at com.kms.katalon.core.webui.keyword.WebUiBuiltInKeywords.verifyElementNotPresent(WebUiBuiltInKeywords.groovy:1496)
	at com.kms.katalon.core.webui.keyword.WebUiBuiltInKeywords$verifyElementNotPresent$6.call(Unknown Source)
	at TC11_CreateATeam.run(TC11_CreateATeam:38)
	at com.kms.katalon.core.main.ScriptEngine.run(ScriptEngine.java:194)
	at com.kms.katalon.core.main.ScriptEngine.runScriptAsRawText(ScriptEngine.java:119)
	at com.kms.katalon.core.main.TestCaseExecutor.runScript(TestCaseExecutor.java:398)
	at com.kms.katalon.core.main.TestCaseExecutor.doExecute(TestCaseExecutor.java:389)
	at com.kms.katalon.core.main.TestCaseExecutor.processExecutionPhase(TestCaseExecutor.java:368)
	at com.kms.katalon.core.main.TestCaseExecutor.accessMainPhase(TestCaseExecutor.java:360)
	at com.kms.katalon.core.main.TestCaseExecutor.execute(TestCaseExecutor.java:255)
	at com.kms.katalon.core.main.TestSuiteExecutor.accessTestCaseMainPhase(TestSuiteExecutor.java:203)
	at com.kms.katalon.core.main.TestSuiteExecutor.accessTestSuiteMainPhase(TestSuiteExecutor.java:152)
	at com.kms.katalon.core.main.TestSuiteExecutor.execute(TestSuiteExecutor.java:95)
	at com.kms.katalon.core.main.TestCaseMain.startTestSuite(TestCaseMain.java:157)
	at com.kms.katalon.core.main.TestCaseMain$startTestSuite$0.call(Unknown Source)
	at TempTestSuite1622220811607.run(TempTestSuite1622220811607.groovy:39)
Caused by: com.kms.katalon.core.exception.StepFailedException: Web element with id: 'Object Repository/Page_Town Square - abc Mattermost/label_A team with that name already exists' located by 'By.xpath: //div[@id='root']/div/div/div/div[3]/div/div/div/form/div/label' is present after '5' second(s)
	at com.kms.katalon.core.webui.keyword.internal.WebUIKeywordMain.stepFailed(WebUIKeywordMain.groovy:64)
	at com.kms.katalon.core.webui.keyword.internal.WebUIKeywordMain$stepFailed$0.call(Unknown Source)
	at com.kms.katalon.core.webui.keyword.builtin.VerifyElementNotPresentKeyword$_verifyElementNotPresent_closure1.doCall(VerifyElementNotPresentKeyword.groovy:106)
	at com.kms.katalon.core.webui.keyword.builtin.VerifyElementNotPresentKeyword$_verifyElementNotPresent_closure1.doCall(VerifyElementNotPresentKeyword.groovy)
	at com.kms.katalon.core.webui.keyword.internal.WebUIKeywordMain.runKeyword(WebUIKeywordMain.groovy:20)
	... 20 more
)

2021-05-28 23:59:30 - [TEST_STEP][FAILED] - verifyElementNotPresent(findTestObject("Object Repository/Page_Town Square - abc Mattermost/label_A team with that name already exists"), 5): Unable to verify object 'Object Repository/Page_Town Square - abc Mattermost/label_A team with that name already exists' is not present (Root cause: com.kms.katalon.core.exception.StepFailedException: Unable to verify object 'Object Repository/Page_Town Square - abc Mattermost/label_A team with that name already exists' is not present
	at com.kms.katalon.core.webui.keyword.internal.WebUIKeywordMain.stepFailed(WebUIKeywordMain.groovy:64)
	at com.kms.katalon.core.webui.keyword.internal.WebUIKeywordMain.runKeyword(WebUIKeywordMain.groovy:26)
	at com.kms.katalon.core.webui.keyword.internal.WebUIKeywordMain$runKeyword.call(Unknown Source)
	at com.kms.katalon.core.webui.keyword.builtin.VerifyElementNotPresentKeyword.verifyElementNotPresent(VerifyElementNotPresentKeyword.groovy:117)
	at com.kms.katalon.core.webui.keyword.builtin.VerifyElementNotPresentKeyword.execute(VerifyElementNotPresentKeyword.groovy:68)
	at com.kms.katalon.core.keyword.internal.KeywordExecutor.executeKeywordForPlatform(KeywordExecutor.groovy:73)
	at com.kms.katalon.core.webui.keyword.WebUiBuiltInKeywords.verifyElementNotPresent(WebUiBuiltInKeywords.groovy:1496)
	at com.kms.katalon.core.webui.keyword.WebUiBuiltInKeywords$verifyElementNotPresent$6.call(Unknown Source)
	at TC11_CreateATeam.run(TC11_CreateATeam:38)
	at com.kms.katalon.core.main.ScriptEngine.run(ScriptEngine.java:194)
	at com.kms.katalon.core.main.ScriptEngine.runScriptAsRawText(ScriptEngine.java:119)
	at com.kms.katalon.core.main.TestCaseExecutor.runScript(TestCaseExecutor.java:398)
	at com.kms.katalon.core.main.TestCaseExecutor.doExecute(TestCaseExecutor.java:389)
	at com.kms.katalon.core.main.TestCaseExecutor.processExecutionPhase(TestCaseExecutor.java:368)
	at com.kms.katalon.core.main.TestCaseExecutor.accessMainPhase(TestCaseExecutor.java:360)
	at com.kms.katalon.core.main.TestCaseExecutor.execute(TestCaseExecutor.java:255)
	at com.kms.katalon.core.main.TestSuiteExecutor.accessTestCaseMainPhase(TestSuiteExecutor.java:203)
	at com.kms.katalon.core.main.TestSuiteExecutor.accessTestSuiteMainPhase(TestSuiteExecutor.java:152)
	at com.kms.katalon.core.main.TestSuiteExecutor.execute(TestSuiteExecutor.java:95)
	at com.kms.katalon.core.main.TestCaseMain.startTestSuite(TestCaseMain.java:157)
	at com.kms.katalon.core.main.TestCaseMain$startTestSuite$0.call(Unknown Source)
	at TempTestSuite1622220811607.run(TempTestSuite1622220811607.groovy:39)
Caused by: com.kms.katalon.core.exception.StepFailedException: Web element with id: 'Object Repository/Page_Town Square - abc Mattermost/label_A team with that name already exists' located by 'By.xpath: //div[@id='root']/div/div/div/div[3]/div/div/div/form/div/label' is present after '5' second(s)
	at com.kms.katalon.core.webui.keyword.internal.WebUIKeywordMain.stepFailed(WebUIKeywordMain.groovy:64)
	at com.kms.katalon.core.webui.keyword.internal.WebUIKeywordMain$stepFailed$0.call(Unknown Source)
	at com.kms.katalon.core.webui.keyword.builtin.VerifyElementNotPresentKeyword$_verifyElementNotPresent_closure1.doCall(VerifyElementNotPresentKeyword.groovy:106)
	at com.kms.katalon.core.webui.keyword.builtin.VerifyElementNotPresentKeyword$_verifyElementNotPresent_closure1.doCall(VerifyElementNotPresentKeyword.groovy)
	at com.kms.katalon.core.webui.keyword.internal.WebUIKeywordMain.runKeyword(WebUIKeywordMain.groovy:20)
	... 20 more
)

2021-05-28 23:59:35 - [MESSAGE][FAILED] - Web element with id: 'Object Repository/Page_Town Square - abc Mattermost/label_A team with that name already exists' located by 'By.xpath: //div[@id='root']/div/div/div/div[3]/div/div/div/form/div/label' is present after '5' second(s) (Root cause: com.kms.katalon.core.exception.StepFailedException: Web element with id: 'Object Repository/Page_Town Square - abc Mattermost/label_A team with that name already exists' located by 'By.xpath: //div[@id='root']/div/div/div/div[3]/div/div/div/form/div/label' is present after '5' second(s)
	at com.kms.katalon.core.webui.keyword.internal.WebUIKeywordMain.stepFailed(WebUIKeywordMain.groovy:64)
	at com.kms.katalon.core.webui.keyword.internal.WebUIKeywordMain$stepFailed$0.call(Unknown Source)
	at com.kms.katalon.core.webui.keyword.builtin.VerifyElementNotPresentKeyword$_verifyElementNotPresent_closure1.doCall(VerifyElementNotPresentKeyword.groovy:106)
	at com.kms.katalon.core.webui.keyword.builtin.VerifyElementNotPresentKeyword$_verifyElementNotPresent_closure1.doCall(VerifyElementNotPresentKeyword.groovy)
	at com.kms.katalon.core.webui.keyword.internal.WebUIKeywordMain.runKeyword(WebUIKeywordMain.groovy:20)
	at com.kms.katalon.core.webui.keyword.internal.WebUIKeywordMain$runKeyword.call(Unknown Source)
	at com.kms.katalon.core.webui.keyword.builtin.VerifyElementNotPresentKeyword.verifyElementNotPresent(VerifyElementNotPresentKeyword.groovy:117)
	at com.kms.katalon.core.webui.keyword.builtin.VerifyElementNotPresentKeyword.execute(VerifyElementNotPresentKeyword.groovy:68)
	at com.kms.katalon.core.keyword.internal.KeywordExecutor.executeKeywordForPlatform(KeywordExecutor.groovy:73)
	at com.kms.katalon.core.webui.keyword.WebUiBuiltInKeywords.verifyElementNotPresent(WebUiBuiltInKeywords.groovy:1496)
	at com.kms.katalon.core.webui.keyword.WebUiBuiltInKeywords$verifyElementNotPresent$6.call(Unknown Source)
	at TC11_CreateATeam.run(TC11_CreateATeam:38)
	at com.kms.katalon.core.main.ScriptEngine.run(ScriptEngine.java:194)
	at com.kms.katalon.core.main.ScriptEngine.runScriptAsRawText(ScriptEngine.java:119)
	at com.kms.katalon.core.main.TestCaseExecutor.runScript(TestCaseExecutor.java:398)
	at com.kms.katalon.core.main.TestCaseExecutor.doExecute(TestCaseExecutor.java:389)
	at com.kms.katalon.core.main.TestCaseExecutor.processExecutionPhase(TestCaseExecutor.java:368)
	at com.kms.katalon.core.main.TestCaseExecutor.accessMainPhase(TestCaseExecutor.java:360)
	at com.kms.katalon.core.main.TestCaseExecutor.execute(TestCaseExecutor.java:255)
	at com.kms.katalon.core.main.TestSuiteExecutor.accessTestCaseMainPhase(TestSuiteExecutor.java:203)
	at com.kms.katalon.core.main.TestSuiteExecutor.accessTestSuiteMainPhase(TestSuiteExecutor.java:152)
	at com.kms.katalon.core.main.TestSuiteExecutor.execute(TestSuiteExecutor.java:95)
	at com.kms.katalon.core.main.TestCaseMain.startTestSuite(TestCaseMain.java:157)
	at com.kms.katalon.core.main.TestCaseMain$startTestSuite$0.call(Unknown Source)
	at TempTestSuite1622220811607.run(TempTestSuite1622220811607.groovy:39)
)
[[ATTACHMENT|C:\\Users\\phuc\\git\\Mattermost_AutoTesting\\Reports\\20210528_235331\\1712666\\Run_All_Test_Cases\\20210528_235331\\1622221175838.png]]

2021-05-28 23:59:36 - [MESSAGE][FAILED] - Unable to verify object 'Object Repository/Page_Town Square - abc Mattermost/label_A team with that name already exists' is not present (Root cause: com.kms.katalon.core.exception.StepFailedException: Unable to verify object 'Object Repository/Page_Town Square - abc Mattermost/label_A team with that name already exists' is not present
	at com.kms.katalon.core.webui.keyword.internal.WebUIKeywordMain.stepFailed(WebUIKeywordMain.groovy:64)
	at com.kms.katalon.core.webui.keyword.internal.WebUIKeywordMain.runKeyword(WebUIKeywordMain.groovy:26)
	at com.kms.katalon.core.webui.keyword.internal.WebUIKeywordMain$runKeyword.call(Unknown Source)
	at com.kms.katalon.core.webui.keyword.builtin.VerifyElementNotPresentKeyword.verifyElementNotPresent(VerifyElementNotPresentKeyword.groovy:117)
	at com.kms.katalon.core.webui.keyword.builtin.VerifyElementNotPresentKeyword.execute(VerifyElementNotPresentKeyword.groovy:68)
	at com.kms.katalon.core.keyword.internal.KeywordExecutor.executeKeywordForPlatform(KeywordExecutor.groovy:73)
	at com.kms.katalon.core.webui.keyword.WebUiBuiltInKeywords.verifyElementNotPresent(WebUiBuiltInKeywords.groovy:1496)
	at com.kms.katalon.core.webui.keyword.WebUiBuiltInKeywords$verifyElementNotPresent$6.call(Unknown Source)
	at TC11_CreateATeam.run(TC11_CreateATeam:38)
	at com.kms.katalon.core.main.ScriptEngine.run(ScriptEngine.java:194)
	at com.kms.katalon.core.main.ScriptEngine.runScriptAsRawText(ScriptEngine.java:119)
	at com.kms.katalon.core.main.TestCaseExecutor.runScript(TestCaseExecutor.java:398)
	at com.kms.katalon.core.main.TestCaseExecutor.doExecute(TestCaseExecutor.java:389)
	at com.kms.katalon.core.main.TestCaseExecutor.processExecutionPhase(TestCaseExecutor.java:368)
	at com.kms.katalon.core.main.TestCaseExecutor.accessMainPhase(TestCaseExecutor.java:360)
	at com.kms.katalon.core.main.TestCaseExecutor.execute(TestCaseExecutor.java:255)
	at com.kms.katalon.core.main.TestSuiteExecutor.accessTestCaseMainPhase(TestSuiteExecutor.java:203)
	at com.kms.katalon.core.main.TestSuiteExecutor.accessTestSuiteMainPhase(TestSuiteExecutor.java:152)
	at com.kms.katalon.core.main.TestSuiteExecutor.execute(TestSuiteExecutor.java:95)
	at com.kms.katalon.core.main.TestCaseMain.startTestSuite(TestCaseMain.java:157)
	at com.kms.katalon.core.main.TestCaseMain$startTestSuite$0.call(Unknown Source)
	at TempTestSuite1622220811607.run(TempTestSuite1622220811607.groovy:39)
Caused by: com.kms.katalon.core.exception.StepFailedException: Web element with id: 'Object Repository/Page_Town Square - abc Mattermost/label_A team with that name already exists' located by 'By.xpath: //div[@id='root']/div/div/div/div[3]/div/div/div/form/div/label' is present after '5' second(s)
	at com.kms.katalon.core.webui.keyword.internal.WebUIKeywordMain.stepFailed(WebUIKeywordMain.groovy:64)
	at com.kms.katalon.core.webui.keyword.internal.WebUIKeywordMain$stepFailed$0.call(Unknown Source)
	at com.kms.katalon.core.webui.keyword.builtin.VerifyElementNotPresentKeyword$_verifyElementNotPresent_closure1.doCall(VerifyElementNotPresentKeyword.groovy:106)
	at com.kms.katalon.core.webui.keyword.builtin.VerifyElementNotPresentKeyword$_verifyElementNotPresent_closure1.doCall(VerifyElementNotPresentKeyword.groovy)
	at com.kms.katalon.core.webui.keyword.internal.WebUIKeywordMain.runKeyword(WebUIKeywordMain.groovy:20)
	... 20 more
)
[[ATTACHMENT|C:\\Users\\phuc\\git\\Mattermost_AutoTesting\\Reports\\20210528_235331\\1712666\\Run_All_Test_Cases\\20210528_235331\\1622221176000.png]]]]></system-out>
         <system-err><![CDATA[2021-05-28 23:59:13 - [TEST_CASE][FAILED] - Test Cases/1712666/TC11_CreateATeam: Test Cases/1712666/TC11_CreateATeam FAILED.
Reason:
com.kms.katalon.core.exception.StepFailedException: Unable to verify object 'Object Repository/Page_Town Square - abc Mattermost/label_A team with that name already exists' is not present
	at com.kms.katalon.core.webui.keyword.internal.WebUIKeywordMain.stepFailed(WebUIKeywordMain.groovy:64)
	at com.kms.katalon.core.webui.keyword.internal.WebUIKeywordMain.runKeyword(WebUIKeywordMain.groovy:26)
	at com.kms.katalon.core.webui.keyword.internal.WebUIKeywordMain$runKeyword.call(Unknown Source)
	at com.kms.katalon.core.webui.keyword.builtin.VerifyElementNotPresentKeyword.verifyElementNotPresent(VerifyElementNotPresentKeyword.groovy:117)
	at com.kms.katalon.core.webui.keyword.builtin.VerifyElementNotPresentKeyword.execute(VerifyElementNotPresentKeyword.groovy:68)
	at com.kms.katalon.core.keyword.internal.KeywordExecutor.executeKeywordForPlatform(KeywordExecutor.groovy:73)
	at com.kms.katalon.core.webui.keyword.WebUiBuiltInKeywords.verifyElementNotPresent(WebUiBuiltInKeywords.groovy:1496)
	at com.kms.katalon.core.webui.keyword.WebUiBuiltInKeywords$verifyElementNotPresent$6.call(Unknown Source)
	at TC11_CreateATeam.run(TC11_CreateATeam:38)
	at com.kms.katalon.core.main.ScriptEngine.run(ScriptEngine.java:194)
	at com.kms.katalon.core.main.ScriptEngine.runScriptAsRawText(ScriptEngine.java:119)
	at com.kms.katalon.core.main.TestCaseExecutor.runScript(TestCaseExecutor.java:398)
	at com.kms.katalon.core.main.TestCaseExecutor.doExecute(TestCaseExecutor.java:389)
	at com.kms.katalon.core.main.TestCaseExecutor.processExecutionPhase(TestCaseExecutor.java:368)
	at com.kms.katalon.core.main.TestCaseExecutor.accessMainPhase(TestCaseExecutor.java:360)
	at com.kms.katalon.core.main.TestCaseExecutor.execute(TestCaseExecutor.java:255)
	at com.kms.katalon.core.main.TestSuiteExecutor.accessTestCaseMainPhase(TestSuiteExecutor.java:203)
	at com.kms.katalon.core.main.TestSuiteExecutor.accessTestSuiteMainPhase(TestSuiteExecutor.java:152)
	at com.kms.katalon.core.main.TestSuiteExecutor.execute(TestSuiteExecutor.java:95)
	at com.kms.katalon.core.main.TestCaseMain.startTestSuite(TestCaseMain.java:157)
	at com.kms.katalon.core.main.TestCaseMain$startTestSuite$0.call(Unknown Source)
	at TempTestSuite1622220811607.run(TempTestSuite1622220811607.groovy:39)
Caused by: com.kms.katalon.core.exception.StepFailedException: Web element with id: 'Object Repository/Page_Town Square - abc Mattermost/label_A team with that name already exists' located by 'By.xpath: //div[@id='root']/div/div/div/div[3]/div/div/div/form/div/label' is present after '5' second(s)
	at com.kms.katalon.core.webui.keyword.internal.WebUIKeywordMain.stepFailed(WebUIKeywordMain.groovy:64)
	at com.kms.katalon.core.webui.keyword.internal.WebUIKeywordMain$stepFailed$0.call(Unknown Source)
	at com.kms.katalon.core.webui.keyword.builtin.VerifyElementNotPresentKeyword$_verifyElementNotPresent_closure1.doCall(VerifyElementNotPresentKeyword.groovy:106)
	at com.kms.katalon.core.webui.keyword.builtin.VerifyElementNotPresentKeyword$_verifyElementNotPresent_closure1.doCall(VerifyElementNotPresentKeyword.groovy)
	at com.kms.katalon.core.webui.keyword.internal.WebUIKeywordMain.runKeyword(WebUIKeywordMain.groovy:20)
	... 20 more]]></system-err>
      </testcase>
      <testcase name="Test Cases/1712666/TC11_CreateATeam" time="20.171" classname="Test Cases/1712666/TC11_CreateATeam" status="PASSED">
         <system-out><![CDATA[2021-05-28 23:59:36 - [TEST_CASE][PASSED] - Test Cases/1712666/TC11_CreateATeam: Test Cases/1712666/TC11_CreateATeam

2021-05-28 23:59:36 - [TEST_STEP][PASSED] - openBrowser(""): Browser is opened with url: ''

2021-05-28 23:59:36 - [MESSAGE][WARNING] - A browser is already opened. Closing browser and opening a new one

2021-05-28 23:59:36 - [MESSAGE][INFO] - Starting 'Chrome' driver

2021-05-28 23:59:36 - [MESSAGE][INFO] - Action delay is set to 0 milliseconds

2021-05-28 23:59:38 - [MESSAGE][PASSED] - Browser is opened with url: ''

2021-05-28 23:59:38 - [TEST_STEP][PASSED] - navigateToUrl("https://mattermostwebapp.herokuapp.com/"): Navigate to 'https://mattermostwebapp.herokuapp.com/' successfully

2021-05-28 23:59:41 - [MESSAGE][PASSED] - Navigate to 'https://mattermostwebapp.herokuapp.com/' successfully

2021-05-28 23:59:41 - [TEST_STEP][PASSED] - callTestCase(findTestCase("1712666/CommonTC/CTC_Login"), ["var_username":"phuc", "var_password":"CSt51UwWECc="], null): Call Test Case 'Test Cases/1712666/CommonTC/CTC_Login' successfully

2021-05-28 23:59:42 - [TEST_CASE][PASSED] - Test Cases/1712666/CommonTC/CTC_Login: Test Cases/1712666/CommonTC/CTC_Login

2021-05-28 23:59:42 - [TEST_STEP][PASSED] - setText(findTestObject("Object Repository/1412263_Page_Mattermost/input_All team communication in one place, _dcc84b"), var_username): Text 'phuc' is set on object 'Object Repository/1412263_Page_Mattermost/input_All team communication in one place, _dcc84b'

2021-05-28 23:59:47 - [MESSAGE][PASSED] - Text 'phuc' is set on object 'Object Repository/1412263_Page_Mattermost/input_All team communication in one place, _dcc84b'

2021-05-28 23:59:47 - [TEST_STEP][PASSED] - setEncryptedText(findTestObject("Object Repository/1412263_Page_Mattermost/input_All team communication in one place, _a3edc6"), var_password): Text ****** has been set on object 'Object Repository/1412263_Page_Mattermost/input_All team communication in one place, _a3edc6'

2021-05-28 23:59:47 - [MESSAGE][PASSED] - Text ****** has been set on object 'Object Repository/1412263_Page_Mattermost/input_All team communication in one place, _a3edc6'

2021-05-28 23:59:47 - [TEST_STEP][PASSED] - click(findTestObject("Object Repository/1412263_Page_Mattermost/span_Sign in")): Object: 'Object Repository/1412263_Page_Mattermost/span_Sign in' is clicked on

2021-05-28 23:59:48 - [MESSAGE][PASSED] - Object: 'Object Repository/1412263_Page_Mattermost/span_Sign in' is clicked on

2021-05-28 23:59:48 - [MESSAGE][PASSED] - Call Test Case 'Test Cases/1712666/CommonTC/CTC_Login' successfully

2021-05-28 23:59:48 - [TEST_STEP][PASSED] - click(findTestObject("Object Repository/Page_Town Square - abc Mattermost/div_phuc")): Object: 'Object Repository/Page_Town Square - abc Mattermost/div_phuc' is clicked on

2021-05-28 23:59:52 - [MESSAGE][PASSED] - Object: 'Object Repository/Page_Town Square - abc Mattermost/div_phuc' is clicked on

2021-05-28 23:59:52 - [TEST_STEP][PASSED] - click(findTestObject("Object Repository/Page_Town Square - abc Mattermost/span_Create a Team")): Object: 'Object Repository/Page_Town Square - abc Mattermost/span_Create a Team' is clicked on

2021-05-28 23:59:52 - [MESSAGE][PASSED] - Object: 'Object Repository/Page_Town Square - abc Mattermost/span_Create a Team' is clicked on

2021-05-28 23:59:52 - [TEST_STEP][PASSED] - setText(findTestObject("Object Repository/Page_Town Square - abc Mattermost/input_Team Name_teamNameInput"), var_teamName): Text 'test3' is set on object 'Object Repository/Page_Town Square - abc Mattermost/input_Team Name_teamNameInput'

2021-05-28 23:59:54 - [MESSAGE][PASSED] - Text 'test3' is set on object 'Object Repository/Page_Town Square - abc Mattermost/input_Team Name_teamNameInput'

2021-05-28 23:59:54 - [TEST_STEP][PASSED] - click(findTestObject("Object Repository/Page_Town Square - abc Mattermost/span_Next")): Object: 'Object Repository/Page_Town Square - abc Mattermost/span_Next' is clicked on

2021-05-28 23:59:54 - [MESSAGE][PASSED] - Object: 'Object Repository/Page_Town Square - abc Mattermost/span_Next' is clicked on

2021-05-28 23:59:54 - [TEST_STEP][PASSED] - click(findTestObject("Object Repository/Page_Town Square - abc Mattermost/span_Finish")): Object: 'Object Repository/Page_Town Square - abc Mattermost/span_Finish' is clicked on

2021-05-28 23:59:55 - [MESSAGE][PASSED] - Object: 'Object Repository/Page_Town Square - abc Mattermost/span_Finish' is clicked on

2021-05-28 23:59:55 - [TEST_STEP][PASSED] - if (var_statusExpected.toString() == "empty"): null

2021-05-28 23:59:55 - [TEST_STEP][PASSED] - closeBrowser(): Browser is closed

2021-05-28 23:59:56 - [MESSAGE][PASSED] - Browser is closed]]></system-out>
         <system-err><![CDATA[]]></system-err>
      </testcase>
      <testcase name="Test Cases/1712666/TC11_CreateATeam" time="18.412" classname="Test Cases/1712666/TC11_CreateATeam" status="PASSED">
         <system-out><![CDATA[2021-05-28 23:59:56 - [TEST_CASE][PASSED] - Test Cases/1712666/TC11_CreateATeam: Test Cases/1712666/TC11_CreateATeam

2021-05-28 23:59:56 - [TEST_STEP][PASSED] - openBrowser(""): Browser is opened with url: ''

2021-05-28 23:59:56 - [MESSAGE][INFO] - Starting 'Chrome' driver

2021-05-28 23:59:56 - [MESSAGE][INFO] - Action delay is set to 0 milliseconds

2021-05-28 23:59:57 - [MESSAGE][PASSED] - Browser is opened with url: ''

2021-05-28 23:59:57 - [TEST_STEP][PASSED] - navigateToUrl("https://mattermostwebapp.herokuapp.com/"): Navigate to 'https://mattermostwebapp.herokuapp.com/' successfully

2021-05-29 00:00:01 - [MESSAGE][PASSED] - Navigate to 'https://mattermostwebapp.herokuapp.com/' successfully

2021-05-29 00:00:01 - [TEST_STEP][PASSED] - callTestCase(findTestCase("1712666/CommonTC/CTC_Login"), ["var_username":"phuc", "var_password":"CSt51UwWECc="], null): Call Test Case 'Test Cases/1712666/CommonTC/CTC_Login' successfully

2021-05-29 00:00:01 - [TEST_CASE][PASSED] - Test Cases/1712666/CommonTC/CTC_Login: Test Cases/1712666/CommonTC/CTC_Login

2021-05-29 00:00:01 - [TEST_STEP][PASSED] - setText(findTestObject("Object Repository/1412263_Page_Mattermost/input_All team communication in one place, _dcc84b"), var_username): Text 'phuc' is set on object 'Object Repository/1412263_Page_Mattermost/input_All team communication in one place, _dcc84b'

2021-05-29 00:00:06 - [MESSAGE][PASSED] - Text 'phuc' is set on object 'Object Repository/1412263_Page_Mattermost/input_All team communication in one place, _dcc84b'

2021-05-29 00:00:06 - [TEST_STEP][PASSED] - setEncryptedText(findTestObject("Object Repository/1412263_Page_Mattermost/input_All team communication in one place, _a3edc6"), var_password): Text ****** has been set on object 'Object Repository/1412263_Page_Mattermost/input_All team communication in one place, _a3edc6'

2021-05-29 00:00:06 - [MESSAGE][PASSED] - Text ****** has been set on object 'Object Repository/1412263_Page_Mattermost/input_All team communication in one place, _a3edc6'

2021-05-29 00:00:06 - [TEST_STEP][PASSED] - click(findTestObject("Object Repository/1412263_Page_Mattermost/span_Sign in")): Object: 'Object Repository/1412263_Page_Mattermost/span_Sign in' is clicked on

2021-05-29 00:00:07 - [MESSAGE][PASSED] - Object: 'Object Repository/1412263_Page_Mattermost/span_Sign in' is clicked on

2021-05-29 00:00:07 - [MESSAGE][PASSED] - Call Test Case 'Test Cases/1712666/CommonTC/CTC_Login' successfully

2021-05-29 00:00:07 - [TEST_STEP][PASSED] - click(findTestObject("Object Repository/Page_Town Square - abc Mattermost/div_phuc")): Object: 'Object Repository/Page_Town Square - abc Mattermost/div_phuc' is clicked on

2021-05-29 00:00:10 - [MESSAGE][PASSED] - Object: 'Object Repository/Page_Town Square - abc Mattermost/div_phuc' is clicked on

2021-05-29 00:00:10 - [TEST_STEP][PASSED] - click(findTestObject("Object Repository/Page_Town Square - abc Mattermost/span_Create a Team")): Object: 'Object Repository/Page_Town Square - abc Mattermost/span_Create a Team' is clicked on

2021-05-29 00:00:11 - [MESSAGE][PASSED] - Object: 'Object Repository/Page_Town Square - abc Mattermost/span_Create a Team' is clicked on

2021-05-29 00:00:11 - [TEST_STEP][PASSED] - setText(findTestObject("Object Repository/Page_Town Square - abc Mattermost/input_Team Name_teamNameInput"), var_teamName): Text 'test4' is set on object 'Object Repository/Page_Town Square - abc Mattermost/input_Team Name_teamNameInput'

2021-05-29 00:00:12 - [MESSAGE][PASSED] - Text 'test4' is set on object 'Object Repository/Page_Town Square - abc Mattermost/input_Team Name_teamNameInput'

2021-05-29 00:00:12 - [TEST_STEP][PASSED] - click(findTestObject("Object Repository/Page_Town Square - abc Mattermost/span_Next")): Object: 'Object Repository/Page_Town Square - abc Mattermost/span_Next' is clicked on

2021-05-29 00:00:13 - [MESSAGE][PASSED] - Object: 'Object Repository/Page_Town Square - abc Mattermost/span_Next' is clicked on

2021-05-29 00:00:13 - [TEST_STEP][PASSED] - click(findTestObject("Object Repository/Page_Town Square - abc Mattermost/span_Finish")): Object: 'Object Repository/Page_Town Square - abc Mattermost/span_Finish' is clicked on

2021-05-29 00:00:13 - [MESSAGE][PASSED] - Object: 'Object Repository/Page_Town Square - abc Mattermost/span_Finish' is clicked on

2021-05-29 00:00:13 - [TEST_STEP][PASSED] - if (var_statusExpected.toString() == "empty"): null

2021-05-29 00:00:13 - [TEST_STEP][PASSED] - closeBrowser(): Browser is closed

2021-05-29 00:00:14 - [MESSAGE][PASSED] - Browser is closed]]></system-out>
         <system-err><![CDATA[]]></system-err>
      </testcase>
      <testcase name="Test Cases/1712666/TC11_CreateATeam" time="24.167" classname="Test Cases/1712666/TC11_CreateATeam" status="FAILED">
         <failure type="FAILED" message="Test Cases/1712666/TC11_CreateATeam FAILED.
Reason:
com.kms.katalon.core.exception.StepFailedException: Unable to verify object 'Object Repository/Page_Town Square - abc Mattermost/label_A team with that name already exists' is not present
	at com.kms.katalon.core.webui.keyword.internal.WebUIKeywordMain.stepFailed(WebUIKeywordMain.groovy:64)
	at com.kms.katalon.core.webui.keyword.internal.WebUIKeywordMain.runKeyword(WebUIKeywordMain.groovy:26)
	at com.kms.katalon.core.webui.keyword.internal.WebUIKeywordMain$runKeyword.call(Unknown Source)
	at com.kms.katalon.core.webui.keyword.builtin.VerifyElementNotPresentKeyword.verifyElementNotPresent(VerifyElementNotPresentKeyword.groovy:117)
	at com.kms.katalon.core.webui.keyword.builtin.VerifyElementNotPresentKeyword.execute(VerifyElementNotPresentKeyword.groovy:68)
	at com.kms.katalon.core.keyword.internal.KeywordExecutor.executeKeywordForPlatform(KeywordExecutor.groovy:73)
	at com.kms.katalon.core.webui.keyword.WebUiBuiltInKeywords.verifyElementNotPresent(WebUiBuiltInKeywords.groovy:1496)
	at com.kms.katalon.core.webui.keyword.WebUiBuiltInKeywords$verifyElementNotPresent$6.call(Unknown Source)
	at TC11_CreateATeam.run(TC11_CreateATeam:38)
	at com.kms.katalon.core.main.ScriptEngine.run(ScriptEngine.java:194)
	at com.kms.katalon.core.main.ScriptEngine.runScriptAsRawText(ScriptEngine.java:119)
	at com.kms.katalon.core.main.TestCaseExecutor.runScript(TestCaseExecutor.java:398)
	at com.kms.katalon.core.main.TestCaseExecutor.doExecute(TestCaseExecutor.java:389)
	at com.kms.katalon.core.main.TestCaseExecutor.processExecutionPhase(TestCaseExecutor.java:368)
	at com.kms.katalon.core.main.TestCaseExecutor.accessMainPhase(TestCaseExecutor.java:360)
	at com.kms.katalon.core.main.TestCaseExecutor.execute(TestCaseExecutor.java:255)
	at com.kms.katalon.core.main.TestSuiteExecutor.accessTestCaseMainPhase(TestSuiteExecutor.java:203)
	at com.kms.katalon.core.main.TestSuiteExecutor.accessTestSuiteMainPhase(TestSuiteExecutor.java:152)
	at com.kms.katalon.core.main.TestSuiteExecutor.execute(TestSuiteExecutor.java:95)
	at com.kms.katalon.core.main.TestCaseMain.startTestSuite(TestCaseMain.java:157)
	at com.kms.katalon.core.main.TestCaseMain$startTestSuite$0.call(Unknown Source)
	at TempTestSuite1622220811607.run(TempTestSuite1622220811607.groovy:39)
Caused by: com.kms.katalon.core.exception.StepFailedException: Web element with id: 'Object Repository/Page_Town Square - abc Mattermost/label_A team with that name already exists' located by 'By.xpath: //div[@id='root']/div/div/div/div[3]/div/div/div/form/div/label' is present after '5' second(s)
	at com.kms.katalon.core.webui.keyword.internal.WebUIKeywordMain.stepFailed(WebUIKeywordMain.groovy:64)
	at com.kms.katalon.core.webui.keyword.internal.WebUIKeywordMain$stepFailed$0.call(Unknown Source)
	at com.kms.katalon.core.webui.keyword.builtin.VerifyElementNotPresentKeyword$_verifyElementNotPresent_closure1.doCall(VerifyElementNotPresentKeyword.groovy:106)
	at com.kms.katalon.core.webui.keyword.builtin.VerifyElementNotPresentKeyword$_verifyElementNotPresent_closure1.doCall(VerifyElementNotPresentKeyword.groovy)
	at com.kms.katalon.core.webui.keyword.internal.WebUIKeywordMain.runKeyword(WebUIKeywordMain.groovy:20)
	... 20 more
"/>
         <system-out><![CDATA[2021-05-29 00:00:14 - [TEST_CASE][FAILED] - Test Cases/1712666/TC11_CreateATeam: Test Cases/1712666/TC11_CreateATeam FAILED.
Reason:
com.kms.katalon.core.exception.StepFailedException: Unable to verify object 'Object Repository/Page_Town Square - abc Mattermost/label_A team with that name already exists' is not present
	at com.kms.katalon.core.webui.keyword.internal.WebUIKeywordMain.stepFailed(WebUIKeywordMain.groovy:64)
	at com.kms.katalon.core.webui.keyword.internal.WebUIKeywordMain.runKeyword(WebUIKeywordMain.groovy:26)
	at com.kms.katalon.core.webui.keyword.internal.WebUIKeywordMain$runKeyword.call(Unknown Source)
	at com.kms.katalon.core.webui.keyword.builtin.VerifyElementNotPresentKeyword.verifyElementNotPresent(VerifyElementNotPresentKeyword.groovy:117)
	at com.kms.katalon.core.webui.keyword.builtin.VerifyElementNotPresentKeyword.execute(VerifyElementNotPresentKeyword.groovy:68)
	at com.kms.katalon.core.keyword.internal.KeywordExecutor.executeKeywordForPlatform(KeywordExecutor.groovy:73)
	at com.kms.katalon.core.webui.keyword.WebUiBuiltInKeywords.verifyElementNotPresent(WebUiBuiltInKeywords.groovy:1496)
	at com.kms.katalon.core.webui.keyword.WebUiBuiltInKeywords$verifyElementNotPresent$6.call(Unknown Source)
	at TC11_CreateATeam.run(TC11_CreateATeam:38)
	at com.kms.katalon.core.main.ScriptEngine.run(ScriptEngine.java:194)
	at com.kms.katalon.core.main.ScriptEngine.runScriptAsRawText(ScriptEngine.java:119)
	at com.kms.katalon.core.main.TestCaseExecutor.runScript(TestCaseExecutor.java:398)
	at com.kms.katalon.core.main.TestCaseExecutor.doExecute(TestCaseExecutor.java:389)
	at com.kms.katalon.core.main.TestCaseExecutor.processExecutionPhase(TestCaseExecutor.java:368)
	at com.kms.katalon.core.main.TestCaseExecutor.accessMainPhase(TestCaseExecutor.java:360)
	at com.kms.katalon.core.main.TestCaseExecutor.execute(TestCaseExecutor.java:255)
	at com.kms.katalon.core.main.TestSuiteExecutor.accessTestCaseMainPhase(TestSuiteExecutor.java:203)
	at com.kms.katalon.core.main.TestSuiteExecutor.accessTestSuiteMainPhase(TestSuiteExecutor.java:152)
	at com.kms.katalon.core.main.TestSuiteExecutor.execute(TestSuiteExecutor.java:95)
	at com.kms.katalon.core.main.TestCaseMain.startTestSuite(TestCaseMain.java:157)
	at com.kms.katalon.core.main.TestCaseMain$startTestSuite$0.call(Unknown Source)
	at TempTestSuite1622220811607.run(TempTestSuite1622220811607.groovy:39)
Caused by: com.kms.katalon.core.exception.StepFailedException: Web element with id: 'Object Repository/Page_Town Square - abc Mattermost/label_A team with that name already exists' located by 'By.xpath: //div[@id='root']/div/div/div/div[3]/div/div/div/form/div/label' is present after '5' second(s)
	at com.kms.katalon.core.webui.keyword.internal.WebUIKeywordMain.stepFailed(WebUIKeywordMain.groovy:64)
	at com.kms.katalon.core.webui.keyword.internal.WebUIKeywordMain$stepFailed$0.call(Unknown Source)
	at com.kms.katalon.core.webui.keyword.builtin.VerifyElementNotPresentKeyword$_verifyElementNotPresent_closure1.doCall(VerifyElementNotPresentKeyword.groovy:106)
	at com.kms.katalon.core.webui.keyword.builtin.VerifyElementNotPresentKeyword$_verifyElementNotPresent_closure1.doCall(VerifyElementNotPresentKeyword.groovy)
	at com.kms.katalon.core.webui.keyword.internal.WebUIKeywordMain.runKeyword(WebUIKeywordMain.groovy:20)
	... 20 more


2021-05-29 00:00:14 - [TEST_STEP][PASSED] - openBrowser(""): Browser is opened with url: ''

2021-05-29 00:00:14 - [MESSAGE][INFO] - Starting 'Chrome' driver

2021-05-29 00:00:14 - [MESSAGE][INFO] - Action delay is set to 0 milliseconds

2021-05-29 00:00:16 - [MESSAGE][PASSED] - Browser is opened with url: ''

2021-05-29 00:00:16 - [TEST_STEP][PASSED] - navigateToUrl("https://mattermostwebapp.herokuapp.com/"): Navigate to 'https://mattermostwebapp.herokuapp.com/' successfully

2021-05-29 00:00:19 - [MESSAGE][PASSED] - Navigate to 'https://mattermostwebapp.herokuapp.com/' successfully

2021-05-29 00:00:19 - [TEST_STEP][PASSED] - callTestCase(findTestCase("1712666/CommonTC/CTC_Login"), ["var_username":"phuc", "var_password":"CSt51UwWECc="], null): Call Test Case 'Test Cases/1712666/CommonTC/CTC_Login' successfully

2021-05-29 00:00:20 - [TEST_CASE][PASSED] - Test Cases/1712666/CommonTC/CTC_Login: Test Cases/1712666/CommonTC/CTC_Login

2021-05-29 00:00:20 - [TEST_STEP][PASSED] - setText(findTestObject("Object Repository/1412263_Page_Mattermost/input_All team communication in one place, _dcc84b"), var_username): Text 'phuc' is set on object 'Object Repository/1412263_Page_Mattermost/input_All team communication in one place, _dcc84b'

2021-05-29 00:00:24 - [MESSAGE][PASSED] - Text 'phuc' is set on object 'Object Repository/1412263_Page_Mattermost/input_All team communication in one place, _dcc84b'

2021-05-29 00:00:24 - [TEST_STEP][PASSED] - setEncryptedText(findTestObject("Object Repository/1412263_Page_Mattermost/input_All team communication in one place, _a3edc6"), var_password): Text ****** has been set on object 'Object Repository/1412263_Page_Mattermost/input_All team communication in one place, _a3edc6'

2021-05-29 00:00:24 - [MESSAGE][PASSED] - Text ****** has been set on object 'Object Repository/1412263_Page_Mattermost/input_All team communication in one place, _a3edc6'

2021-05-29 00:00:24 - [TEST_STEP][PASSED] - click(findTestObject("Object Repository/1412263_Page_Mattermost/span_Sign in")): Object: 'Object Repository/1412263_Page_Mattermost/span_Sign in' is clicked on

2021-05-29 00:00:25 - [MESSAGE][PASSED] - Object: 'Object Repository/1412263_Page_Mattermost/span_Sign in' is clicked on

2021-05-29 00:00:25 - [MESSAGE][PASSED] - Call Test Case 'Test Cases/1712666/CommonTC/CTC_Login' successfully

2021-05-29 00:00:25 - [TEST_STEP][PASSED] - click(findTestObject("Object Repository/Page_Town Square - abc Mattermost/div_phuc")): Object: 'Object Repository/Page_Town Square - abc Mattermost/div_phuc' is clicked on

2021-05-29 00:00:29 - [MESSAGE][PASSED] - Object: 'Object Repository/Page_Town Square - abc Mattermost/div_phuc' is clicked on

2021-05-29 00:00:29 - [TEST_STEP][PASSED] - click(findTestObject("Object Repository/Page_Town Square - abc Mattermost/span_Create a Team")): Object: 'Object Repository/Page_Town Square - abc Mattermost/span_Create a Team' is clicked on

2021-05-29 00:00:29 - [MESSAGE][PASSED] - Object: 'Object Repository/Page_Town Square - abc Mattermost/span_Create a Team' is clicked on

2021-05-29 00:00:29 - [TEST_STEP][PASSED] - setText(findTestObject("Object Repository/Page_Town Square - abc Mattermost/input_Team Name_teamNameInput"), var_teamName): Text 'test5' is set on object 'Object Repository/Page_Town Square - abc Mattermost/input_Team Name_teamNameInput'

2021-05-29 00:00:30 - [MESSAGE][PASSED] - Text 'test5' is set on object 'Object Repository/Page_Town Square - abc Mattermost/input_Team Name_teamNameInput'

2021-05-29 00:00:30 - [TEST_STEP][PASSED] - click(findTestObject("Object Repository/Page_Town Square - abc Mattermost/span_Next")): Object: 'Object Repository/Page_Town Square - abc Mattermost/span_Next' is clicked on

2021-05-29 00:00:31 - [MESSAGE][PASSED] - Object: 'Object Repository/Page_Town Square - abc Mattermost/span_Next' is clicked on

2021-05-29 00:00:31 - [TEST_STEP][PASSED] - click(findTestObject("Object Repository/Page_Town Square - abc Mattermost/span_Finish")): Object: 'Object Repository/Page_Town Square - abc Mattermost/span_Finish' is clicked on

2021-05-29 00:00:33 - [MESSAGE][PASSED] - Object: 'Object Repository/Page_Town Square - abc Mattermost/span_Finish' is clicked on

2021-05-29 00:00:33 - [TEST_STEP][FAILED] - if (var_statusExpected.toString() == "empty"): Unable to verify object 'Object Repository/Page_Town Square - abc Mattermost/label_A team with that name already exists' is not present (Root cause: com.kms.katalon.core.exception.StepFailedException: Unable to verify object 'Object Repository/Page_Town Square - abc Mattermost/label_A team with that name already exists' is not present
	at com.kms.katalon.core.webui.keyword.internal.WebUIKeywordMain.stepFailed(WebUIKeywordMain.groovy:64)
	at com.kms.katalon.core.webui.keyword.internal.WebUIKeywordMain.runKeyword(WebUIKeywordMain.groovy:26)
	at com.kms.katalon.core.webui.keyword.internal.WebUIKeywordMain$runKeyword.call(Unknown Source)
	at com.kms.katalon.core.webui.keyword.builtin.VerifyElementNotPresentKeyword.verifyElementNotPresent(VerifyElementNotPresentKeyword.groovy:117)
	at com.kms.katalon.core.webui.keyword.builtin.VerifyElementNotPresentKeyword.execute(VerifyElementNotPresentKeyword.groovy:68)
	at com.kms.katalon.core.keyword.internal.KeywordExecutor.executeKeywordForPlatform(KeywordExecutor.groovy:73)
	at com.kms.katalon.core.webui.keyword.WebUiBuiltInKeywords.verifyElementNotPresent(WebUiBuiltInKeywords.groovy:1496)
	at com.kms.katalon.core.webui.keyword.WebUiBuiltInKeywords$verifyElementNotPresent$6.call(Unknown Source)
	at TC11_CreateATeam.run(TC11_CreateATeam:38)
	at com.kms.katalon.core.main.ScriptEngine.run(ScriptEngine.java:194)
	at com.kms.katalon.core.main.ScriptEngine.runScriptAsRawText(ScriptEngine.java:119)
	at com.kms.katalon.core.main.TestCaseExecutor.runScript(TestCaseExecutor.java:398)
	at com.kms.katalon.core.main.TestCaseExecutor.doExecute(TestCaseExecutor.java:389)
	at com.kms.katalon.core.main.TestCaseExecutor.processExecutionPhase(TestCaseExecutor.java:368)
	at com.kms.katalon.core.main.TestCaseExecutor.accessMainPhase(TestCaseExecutor.java:360)
	at com.kms.katalon.core.main.TestCaseExecutor.execute(TestCaseExecutor.java:255)
	at com.kms.katalon.core.main.TestSuiteExecutor.accessTestCaseMainPhase(TestSuiteExecutor.java:203)
	at com.kms.katalon.core.main.TestSuiteExecutor.accessTestSuiteMainPhase(TestSuiteExecutor.java:152)
	at com.kms.katalon.core.main.TestSuiteExecutor.execute(TestSuiteExecutor.java:95)
	at com.kms.katalon.core.main.TestCaseMain.startTestSuite(TestCaseMain.java:157)
	at com.kms.katalon.core.main.TestCaseMain$startTestSuite$0.call(Unknown Source)
	at TempTestSuite1622220811607.run(TempTestSuite1622220811607.groovy:39)
Caused by: com.kms.katalon.core.exception.StepFailedException: Web element with id: 'Object Repository/Page_Town Square - abc Mattermost/label_A team with that name already exists' located by 'By.xpath: //div[@id='root']/div/div/div/div[3]/div/div/div/form/div/label' is present after '5' second(s)
	at com.kms.katalon.core.webui.keyword.internal.WebUIKeywordMain.stepFailed(WebUIKeywordMain.groovy:64)
	at com.kms.katalon.core.webui.keyword.internal.WebUIKeywordMain$stepFailed$0.call(Unknown Source)
	at com.kms.katalon.core.webui.keyword.builtin.VerifyElementNotPresentKeyword$_verifyElementNotPresent_closure1.doCall(VerifyElementNotPresentKeyword.groovy:106)
	at com.kms.katalon.core.webui.keyword.builtin.VerifyElementNotPresentKeyword$_verifyElementNotPresent_closure1.doCall(VerifyElementNotPresentKeyword.groovy)
	at com.kms.katalon.core.webui.keyword.internal.WebUIKeywordMain.runKeyword(WebUIKeywordMain.groovy:20)
	... 20 more
)

2021-05-29 00:00:33 - [TEST_STEP][FAILED] - verifyElementNotPresent(findTestObject("Object Repository/Page_Town Square - abc Mattermost/label_A team with that name already exists"), 5): Unable to verify object 'Object Repository/Page_Town Square - abc Mattermost/label_A team with that name already exists' is not present (Root cause: com.kms.katalon.core.exception.StepFailedException: Unable to verify object 'Object Repository/Page_Town Square - abc Mattermost/label_A team with that name already exists' is not present
	at com.kms.katalon.core.webui.keyword.internal.WebUIKeywordMain.stepFailed(WebUIKeywordMain.groovy:64)
	at com.kms.katalon.core.webui.keyword.internal.WebUIKeywordMain.runKeyword(WebUIKeywordMain.groovy:26)
	at com.kms.katalon.core.webui.keyword.internal.WebUIKeywordMain$runKeyword.call(Unknown Source)
	at com.kms.katalon.core.webui.keyword.builtin.VerifyElementNotPresentKeyword.verifyElementNotPresent(VerifyElementNotPresentKeyword.groovy:117)
	at com.kms.katalon.core.webui.keyword.builtin.VerifyElementNotPresentKeyword.execute(VerifyElementNotPresentKeyword.groovy:68)
	at com.kms.katalon.core.keyword.internal.KeywordExecutor.executeKeywordForPlatform(KeywordExecutor.groovy:73)
	at com.kms.katalon.core.webui.keyword.WebUiBuiltInKeywords.verifyElementNotPresent(WebUiBuiltInKeywords.groovy:1496)
	at com.kms.katalon.core.webui.keyword.WebUiBuiltInKeywords$verifyElementNotPresent$6.call(Unknown Source)
	at TC11_CreateATeam.run(TC11_CreateATeam:38)
	at com.kms.katalon.core.main.ScriptEngine.run(ScriptEngine.java:194)
	at com.kms.katalon.core.main.ScriptEngine.runScriptAsRawText(ScriptEngine.java:119)
	at com.kms.katalon.core.main.TestCaseExecutor.runScript(TestCaseExecutor.java:398)
	at com.kms.katalon.core.main.TestCaseExecutor.doExecute(TestCaseExecutor.java:389)
	at com.kms.katalon.core.main.TestCaseExecutor.processExecutionPhase(TestCaseExecutor.java:368)
	at com.kms.katalon.core.main.TestCaseExecutor.accessMainPhase(TestCaseExecutor.java:360)
	at com.kms.katalon.core.main.TestCaseExecutor.execute(TestCaseExecutor.java:255)
	at com.kms.katalon.core.main.TestSuiteExecutor.accessTestCaseMainPhase(TestSuiteExecutor.java:203)
	at com.kms.katalon.core.main.TestSuiteExecutor.accessTestSuiteMainPhase(TestSuiteExecutor.java:152)
	at com.kms.katalon.core.main.TestSuiteExecutor.execute(TestSuiteExecutor.java:95)
	at com.kms.katalon.core.main.TestCaseMain.startTestSuite(TestCaseMain.java:157)
	at com.kms.katalon.core.main.TestCaseMain$startTestSuite$0.call(Unknown Source)
	at TempTestSuite1622220811607.run(TempTestSuite1622220811607.groovy:39)
Caused by: com.kms.katalon.core.exception.StepFailedException: Web element with id: 'Object Repository/Page_Town Square - abc Mattermost/label_A team with that name already exists' located by 'By.xpath: //div[@id='root']/div/div/div/div[3]/div/div/div/form/div/label' is present after '5' second(s)
	at com.kms.katalon.core.webui.keyword.internal.WebUIKeywordMain.stepFailed(WebUIKeywordMain.groovy:64)
	at com.kms.katalon.core.webui.keyword.internal.WebUIKeywordMain$stepFailed$0.call(Unknown Source)
	at com.kms.katalon.core.webui.keyword.builtin.VerifyElementNotPresentKeyword$_verifyElementNotPresent_closure1.doCall(VerifyElementNotPresentKeyword.groovy:106)
	at com.kms.katalon.core.webui.keyword.builtin.VerifyElementNotPresentKeyword$_verifyElementNotPresent_closure1.doCall(VerifyElementNotPresentKeyword.groovy)
	at com.kms.katalon.core.webui.keyword.internal.WebUIKeywordMain.runKeyword(WebUIKeywordMain.groovy:20)
	... 20 more
)

2021-05-29 00:00:38 - [MESSAGE][FAILED] - Web element with id: 'Object Repository/Page_Town Square - abc Mattermost/label_A team with that name already exists' located by 'By.xpath: //div[@id='root']/div/div/div/div[3]/div/div/div/form/div/label' is present after '5' second(s) (Root cause: com.kms.katalon.core.exception.StepFailedException: Web element with id: 'Object Repository/Page_Town Square - abc Mattermost/label_A team with that name already exists' located by 'By.xpath: //div[@id='root']/div/div/div/div[3]/div/div/div/form/div/label' is present after '5' second(s)
	at com.kms.katalon.core.webui.keyword.internal.WebUIKeywordMain.stepFailed(WebUIKeywordMain.groovy:64)
	at com.kms.katalon.core.webui.keyword.internal.WebUIKeywordMain$stepFailed$0.call(Unknown Source)
	at com.kms.katalon.core.webui.keyword.builtin.VerifyElementNotPresentKeyword$_verifyElementNotPresent_closure1.doCall(VerifyElementNotPresentKeyword.groovy:106)
	at com.kms.katalon.core.webui.keyword.builtin.VerifyElementNotPresentKeyword$_verifyElementNotPresent_closure1.doCall(VerifyElementNotPresentKeyword.groovy)
	at com.kms.katalon.core.webui.keyword.internal.WebUIKeywordMain.runKeyword(WebUIKeywordMain.groovy:20)
	at com.kms.katalon.core.webui.keyword.internal.WebUIKeywordMain$runKeyword.call(Unknown Source)
	at com.kms.katalon.core.webui.keyword.builtin.VerifyElementNotPresentKeyword.verifyElementNotPresent(VerifyElementNotPresentKeyword.groovy:117)
	at com.kms.katalon.core.webui.keyword.builtin.VerifyElementNotPresentKeyword.execute(VerifyElementNotPresentKeyword.groovy:68)
	at com.kms.katalon.core.keyword.internal.KeywordExecutor.executeKeywordForPlatform(KeywordExecutor.groovy:73)
	at com.kms.katalon.core.webui.keyword.WebUiBuiltInKeywords.verifyElementNotPresent(WebUiBuiltInKeywords.groovy:1496)
	at com.kms.katalon.core.webui.keyword.WebUiBuiltInKeywords$verifyElementNotPresent$6.call(Unknown Source)
	at TC11_CreateATeam.run(TC11_CreateATeam:38)
	at com.kms.katalon.core.main.ScriptEngine.run(ScriptEngine.java:194)
	at com.kms.katalon.core.main.ScriptEngine.runScriptAsRawText(ScriptEngine.java:119)
	at com.kms.katalon.core.main.TestCaseExecutor.runScript(TestCaseExecutor.java:398)
	at com.kms.katalon.core.main.TestCaseExecutor.doExecute(TestCaseExecutor.java:389)
	at com.kms.katalon.core.main.TestCaseExecutor.processExecutionPhase(TestCaseExecutor.java:368)
	at com.kms.katalon.core.main.TestCaseExecutor.accessMainPhase(TestCaseExecutor.java:360)
	at com.kms.katalon.core.main.TestCaseExecutor.execute(TestCaseExecutor.java:255)
	at com.kms.katalon.core.main.TestSuiteExecutor.accessTestCaseMainPhase(TestSuiteExecutor.java:203)
	at com.kms.katalon.core.main.TestSuiteExecutor.accessTestSuiteMainPhase(TestSuiteExecutor.java:152)
	at com.kms.katalon.core.main.TestSuiteExecutor.execute(TestSuiteExecutor.java:95)
	at com.kms.katalon.core.main.TestCaseMain.startTestSuite(TestCaseMain.java:157)
	at com.kms.katalon.core.main.TestCaseMain$startTestSuite$0.call(Unknown Source)
	at TempTestSuite1622220811607.run(TempTestSuite1622220811607.groovy:39)
)
[[ATTACHMENT|C:\\Users\\phuc\\git\\Mattermost_AutoTesting\\Reports\\20210528_235331\\1712666\\Run_All_Test_Cases\\20210528_235331\\1622221238681.png]]

2021-05-29 00:00:39 - [MESSAGE][FAILED] - Unable to verify object 'Object Repository/Page_Town Square - abc Mattermost/label_A team with that name already exists' is not present (Root cause: com.kms.katalon.core.exception.StepFailedException: Unable to verify object 'Object Repository/Page_Town Square - abc Mattermost/label_A team with that name already exists' is not present
	at com.kms.katalon.core.webui.keyword.internal.WebUIKeywordMain.stepFailed(WebUIKeywordMain.groovy:64)
	at com.kms.katalon.core.webui.keyword.internal.WebUIKeywordMain.runKeyword(WebUIKeywordMain.groovy:26)
	at com.kms.katalon.core.webui.keyword.internal.WebUIKeywordMain$runKeyword.call(Unknown Source)
	at com.kms.katalon.core.webui.keyword.builtin.VerifyElementNotPresentKeyword.verifyElementNotPresent(VerifyElementNotPresentKeyword.groovy:117)
	at com.kms.katalon.core.webui.keyword.builtin.VerifyElementNotPresentKeyword.execute(VerifyElementNotPresentKeyword.groovy:68)
	at com.kms.katalon.core.keyword.internal.KeywordExecutor.executeKeywordForPlatform(KeywordExecutor.groovy:73)
	at com.kms.katalon.core.webui.keyword.WebUiBuiltInKeywords.verifyElementNotPresent(WebUiBuiltInKeywords.groovy:1496)
	at com.kms.katalon.core.webui.keyword.WebUiBuiltInKeywords$verifyElementNotPresent$6.call(Unknown Source)
	at TC11_CreateATeam.run(TC11_CreateATeam:38)
	at com.kms.katalon.core.main.ScriptEngine.run(ScriptEngine.java:194)
	at com.kms.katalon.core.main.ScriptEngine.runScriptAsRawText(ScriptEngine.java:119)
	at com.kms.katalon.core.main.TestCaseExecutor.runScript(TestCaseExecutor.java:398)
	at com.kms.katalon.core.main.TestCaseExecutor.doExecute(TestCaseExecutor.java:389)
	at com.kms.katalon.core.main.TestCaseExecutor.processExecutionPhase(TestCaseExecutor.java:368)
	at com.kms.katalon.core.main.TestCaseExecutor.accessMainPhase(TestCaseExecutor.java:360)
	at com.kms.katalon.core.main.TestCaseExecutor.execute(TestCaseExecutor.java:255)
	at com.kms.katalon.core.main.TestSuiteExecutor.accessTestCaseMainPhase(TestSuiteExecutor.java:203)
	at com.kms.katalon.core.main.TestSuiteExecutor.accessTestSuiteMainPhase(TestSuiteExecutor.java:152)
	at com.kms.katalon.core.main.TestSuiteExecutor.execute(TestSuiteExecutor.java:95)
	at com.kms.katalon.core.main.TestCaseMain.startTestSuite(TestCaseMain.java:157)
	at com.kms.katalon.core.main.TestCaseMain$startTestSuite$0.call(Unknown Source)
	at TempTestSuite1622220811607.run(TempTestSuite1622220811607.groovy:39)
Caused by: com.kms.katalon.core.exception.StepFailedException: Web element with id: 'Object Repository/Page_Town Square - abc Mattermost/label_A team with that name already exists' located by 'By.xpath: //div[@id='root']/div/div/div/div[3]/div/div/div/form/div/label' is present after '5' second(s)
	at com.kms.katalon.core.webui.keyword.internal.WebUIKeywordMain.stepFailed(WebUIKeywordMain.groovy:64)
	at com.kms.katalon.core.webui.keyword.internal.WebUIKeywordMain$stepFailed$0.call(Unknown Source)
	at com.kms.katalon.core.webui.keyword.builtin.VerifyElementNotPresentKeyword$_verifyElementNotPresent_closure1.doCall(VerifyElementNotPresentKeyword.groovy:106)
	at com.kms.katalon.core.webui.keyword.builtin.VerifyElementNotPresentKeyword$_verifyElementNotPresent_closure1.doCall(VerifyElementNotPresentKeyword.groovy)
	at com.kms.katalon.core.webui.keyword.internal.WebUIKeywordMain.runKeyword(WebUIKeywordMain.groovy:20)
	... 20 more
)
[[ATTACHMENT|C:\\Users\\phuc\\git\\Mattermost_AutoTesting\\Reports\\20210528_235331\\1712666\\Run_All_Test_Cases\\20210528_235331\\1622221238877.png]]]]></system-out>
         <system-err><![CDATA[2021-05-29 00:00:14 - [TEST_CASE][FAILED] - Test Cases/1712666/TC11_CreateATeam: Test Cases/1712666/TC11_CreateATeam FAILED.
Reason:
com.kms.katalon.core.exception.StepFailedException: Unable to verify object 'Object Repository/Page_Town Square - abc Mattermost/label_A team with that name already exists' is not present
	at com.kms.katalon.core.webui.keyword.internal.WebUIKeywordMain.stepFailed(WebUIKeywordMain.groovy:64)
	at com.kms.katalon.core.webui.keyword.internal.WebUIKeywordMain.runKeyword(WebUIKeywordMain.groovy:26)
	at com.kms.katalon.core.webui.keyword.internal.WebUIKeywordMain$runKeyword.call(Unknown Source)
	at com.kms.katalon.core.webui.keyword.builtin.VerifyElementNotPresentKeyword.verifyElementNotPresent(VerifyElementNotPresentKeyword.groovy:117)
	at com.kms.katalon.core.webui.keyword.builtin.VerifyElementNotPresentKeyword.execute(VerifyElementNotPresentKeyword.groovy:68)
	at com.kms.katalon.core.keyword.internal.KeywordExecutor.executeKeywordForPlatform(KeywordExecutor.groovy:73)
	at com.kms.katalon.core.webui.keyword.WebUiBuiltInKeywords.verifyElementNotPresent(WebUiBuiltInKeywords.groovy:1496)
	at com.kms.katalon.core.webui.keyword.WebUiBuiltInKeywords$verifyElementNotPresent$6.call(Unknown Source)
	at TC11_CreateATeam.run(TC11_CreateATeam:38)
	at com.kms.katalon.core.main.ScriptEngine.run(ScriptEngine.java:194)
	at com.kms.katalon.core.main.ScriptEngine.runScriptAsRawText(ScriptEngine.java:119)
	at com.kms.katalon.core.main.TestCaseExecutor.runScript(TestCaseExecutor.java:398)
	at com.kms.katalon.core.main.TestCaseExecutor.doExecute(TestCaseExecutor.java:389)
	at com.kms.katalon.core.main.TestCaseExecutor.processExecutionPhase(TestCaseExecutor.java:368)
	at com.kms.katalon.core.main.TestCaseExecutor.accessMainPhase(TestCaseExecutor.java:360)
	at com.kms.katalon.core.main.TestCaseExecutor.execute(TestCaseExecutor.java:255)
	at com.kms.katalon.core.main.TestSuiteExecutor.accessTestCaseMainPhase(TestSuiteExecutor.java:203)
	at com.kms.katalon.core.main.TestSuiteExecutor.accessTestSuiteMainPhase(TestSuiteExecutor.java:152)
	at com.kms.katalon.core.main.TestSuiteExecutor.execute(TestSuiteExecutor.java:95)
	at com.kms.katalon.core.main.TestCaseMain.startTestSuite(TestCaseMain.java:157)
	at com.kms.katalon.core.main.TestCaseMain$startTestSuite$0.call(Unknown Source)
	at TempTestSuite1622220811607.run(TempTestSuite1622220811607.groovy:39)
Caused by: com.kms.katalon.core.exception.StepFailedException: Web element with id: 'Object Repository/Page_Town Square - abc Mattermost/label_A team with that name already exists' located by 'By.xpath: //div[@id='root']/div/div/div/div[3]/div/div/div/form/div/label' is present after '5' second(s)
	at com.kms.katalon.core.webui.keyword.internal.WebUIKeywordMain.stepFailed(WebUIKeywordMain.groovy:64)
	at com.kms.katalon.core.webui.keyword.internal.WebUIKeywordMain$stepFailed$0.call(Unknown Source)
	at com.kms.katalon.core.webui.keyword.builtin.VerifyElementNotPresentKeyword$_verifyElementNotPresent_closure1.doCall(VerifyElementNotPresentKeyword.groovy:106)
	at com.kms.katalon.core.webui.keyword.builtin.VerifyElementNotPresentKeyword$_verifyElementNotPresent_closure1.doCall(VerifyElementNotPresentKeyword.groovy)
	at com.kms.katalon.core.webui.keyword.internal.WebUIKeywordMain.runKeyword(WebUIKeywordMain.groovy:20)
	... 20 more]]></system-err>
      </testcase>
      <testcase name="Test Cases/1712666/TC12_InvitePeopleToTeam" time="21.098" classname="Test Cases/1712666/TC12_InvitePeopleToTeam" status="PASSED">
         <system-out><![CDATA[2021-05-29 00:00:39 - [TEST_CASE][PASSED] - Test Cases/1712666/TC12_InvitePeopleToTeam: Test Cases/1712666/TC12_InvitePeopleToTeam

2021-05-29 00:00:39 - [TEST_STEP][PASSED] - openBrowser(""): Browser is opened with url: ''

2021-05-29 00:00:39 - [MESSAGE][WARNING] - A browser is already opened. Closing browser and opening a new one

2021-05-29 00:00:40 - [MESSAGE][INFO] - Starting 'Chrome' driver

2021-05-29 00:00:40 - [MESSAGE][INFO] - Action delay is set to 0 milliseconds

2021-05-29 00:00:41 - [MESSAGE][PASSED] - Browser is opened with url: ''

2021-05-29 00:00:41 - [TEST_STEP][PASSED] - navigateToUrl("https://mattermostwebapp.herokuapp.com/"): Navigate to 'https://mattermostwebapp.herokuapp.com/' successfully

2021-05-29 00:00:45 - [MESSAGE][PASSED] - Navigate to 'https://mattermostwebapp.herokuapp.com/' successfully

2021-05-29 00:00:45 - [TEST_STEP][PASSED] - callTestCase(findTestCase("1712666/CommonTC/CTC_Login"), ["var_username":"phuc", "var_password":"CSt51UwWECc="]): Call Test Case 'Test Cases/1712666/CommonTC/CTC_Login' successfully

2021-05-29 00:00:45 - [TEST_CASE][PASSED] - Test Cases/1712666/CommonTC/CTC_Login: Test Cases/1712666/CommonTC/CTC_Login

2021-05-29 00:00:45 - [TEST_STEP][PASSED] - setText(findTestObject("Object Repository/1412263_Page_Mattermost/input_All team communication in one place, _dcc84b"), var_username): Text 'phuc' is set on object 'Object Repository/1412263_Page_Mattermost/input_All team communication in one place, _dcc84b'

2021-05-29 00:00:49 - [MESSAGE][PASSED] - Text 'phuc' is set on object 'Object Repository/1412263_Page_Mattermost/input_All team communication in one place, _dcc84b'

2021-05-29 00:00:49 - [TEST_STEP][PASSED] - setEncryptedText(findTestObject("Object Repository/1412263_Page_Mattermost/input_All team communication in one place, _a3edc6"), var_password): Text ****** has been set on object 'Object Repository/1412263_Page_Mattermost/input_All team communication in one place, _a3edc6'

2021-05-29 00:00:50 - [MESSAGE][PASSED] - Text ****** has been set on object 'Object Repository/1412263_Page_Mattermost/input_All team communication in one place, _a3edc6'

2021-05-29 00:00:50 - [TEST_STEP][PASSED] - click(findTestObject("Object Repository/1412263_Page_Mattermost/span_Sign in")): Object: 'Object Repository/1412263_Page_Mattermost/span_Sign in' is clicked on

2021-05-29 00:00:50 - [MESSAGE][PASSED] - Object: 'Object Repository/1412263_Page_Mattermost/span_Sign in' is clicked on

2021-05-29 00:00:50 - [MESSAGE][PASSED] - Call Test Case 'Test Cases/1712666/CommonTC/CTC_Login' successfully

2021-05-29 00:00:50 - [TEST_STEP][PASSED] - click(findTestObject("Object Repository/Page_Town Square - abc Mattermost/div_phuc (1)")): Object: 'Object Repository/Page_Town Square - abc Mattermost/div_phuc (1)' is clicked on

2021-05-29 00:00:54 - [MESSAGE][PASSED] - Object: 'Object Repository/Page_Town Square - abc Mattermost/div_phuc (1)' is clicked on

2021-05-29 00:00:54 - [TEST_STEP][PASSED] - click(findTestObject("Object Repository/Page_Town Square - abc Mattermost/span_Invite People")): Object: 'Object Repository/Page_Town Square - abc Mattermost/span_Invite People' is clicked on

2021-05-29 00:00:54 - [MESSAGE][PASSED] - Object: 'Object Repository/Page_Town Square - abc Mattermost/span_Invite People' is clicked on

2021-05-29 00:00:54 - [TEST_STEP][PASSED] - click(findTestObject("Object Repository/Page_Town Square - abc Mattermost/div_Add members")): Object: 'Object Repository/Page_Town Square - abc Mattermost/div_Add members' is clicked on

2021-05-29 00:00:55 - [MESSAGE][PASSED] - Object: 'Object Repository/Page_Town Square - abc Mattermost/div_Add members' is clicked on

2021-05-29 00:00:55 - [TEST_STEP][PASSED] - setText(findTestObject("Object Repository/Page_Town Square - abc Mattermost/input_Add members_react-select-2-input"), var_username): Text 'nghi_tran' is set on object 'Object Repository/Page_Town Square - abc Mattermost/input_Add members_react-select-2-input'

2021-05-29 00:00:56 - [MESSAGE][PASSED] - Text 'nghi_tran' is set on object 'Object Repository/Page_Town Square - abc Mattermost/input_Add members_react-select-2-input'

2021-05-29 00:00:56 - [TEST_STEP][PASSED] - click(findTestObject("Page_Town Square - abc Mattermost/div_option_0")): Object: 'Object Repository/Page_Town Square - abc Mattermost/div_option_0' is clicked on

2021-05-29 00:00:57 - [MESSAGE][PASSED] - Object: 'Object Repository/Page_Town Square - abc Mattermost/div_option_0' is clicked on

2021-05-29 00:00:57 - [TEST_STEP][PASSED] - click(findTestObject("Object Repository/Page_Town Square - abc Mattermost/span_Invite Members")): Object: 'Object Repository/Page_Town Square - abc Mattermost/span_Invite Members' is clicked on

2021-05-29 00:00:58 - [MESSAGE][PASSED] - Object: 'Object Repository/Page_Town Square - abc Mattermost/span_Invite Members' is clicked on

2021-05-29 00:00:58 - [TEST_STEP][PASSED] - if (verifyElementPresent(findTestObject("Object Repository/Page_Town Square - abc Mattermost/span_Done"), 5)): null

2021-05-29 00:00:59 - [MESSAGE][PASSED] - Object 'Object Repository/Page_Town Square - abc Mattermost/span_Done' is present

2021-05-29 00:00:59 - [TEST_STEP][PASSED] - click(findTestObject("Object Repository/Page_Town Square - abc Mattermost/span_Done")): Object: 'Object Repository/Page_Town Square - abc Mattermost/span_Done' is clicked on

2021-05-29 00:01:00 - [MESSAGE][PASSED] - Object: 'Object Repository/Page_Town Square - abc Mattermost/span_Done' is clicked on]]></system-out>
         <system-err><![CDATA[]]></system-err>
      </testcase>
      <testcase name="Test Cases/1712666/TC12_InvitePeopleToTeam" time="20.206" classname="Test Cases/1712666/TC12_InvitePeopleToTeam" status="PASSED">
         <system-out><![CDATA[2021-05-29 00:01:00 - [TEST_CASE][PASSED] - Test Cases/1712666/TC12_InvitePeopleToTeam: Test Cases/1712666/TC12_InvitePeopleToTeam

2021-05-29 00:01:00 - [TEST_STEP][PASSED] - openBrowser(""): Browser is opened with url: ''

2021-05-29 00:01:00 - [MESSAGE][WARNING] - A browser is already opened. Closing browser and opening a new one

2021-05-29 00:01:01 - [MESSAGE][INFO] - Starting 'Chrome' driver

2021-05-29 00:01:01 - [MESSAGE][INFO] - Action delay is set to 0 milliseconds

2021-05-29 00:01:02 - [MESSAGE][PASSED] - Browser is opened with url: ''

2021-05-29 00:01:02 - [TEST_STEP][PASSED] - navigateToUrl("https://mattermostwebapp.herokuapp.com/"): Navigate to 'https://mattermostwebapp.herokuapp.com/' successfully

2021-05-29 00:01:05 - [MESSAGE][PASSED] - Navigate to 'https://mattermostwebapp.herokuapp.com/' successfully

2021-05-29 00:01:05 - [TEST_STEP][PASSED] - callTestCase(findTestCase("1712666/CommonTC/CTC_Login"), ["var_username":"phuc", "var_password":"CSt51UwWECc="]): Call Test Case 'Test Cases/1712666/CommonTC/CTC_Login' successfully

2021-05-29 00:01:05 - [TEST_CASE][PASSED] - Test Cases/1712666/CommonTC/CTC_Login: Test Cases/1712666/CommonTC/CTC_Login

2021-05-29 00:01:05 - [TEST_STEP][PASSED] - setText(findTestObject("Object Repository/1412263_Page_Mattermost/input_All team communication in one place, _dcc84b"), var_username): Text 'phuc' is set on object 'Object Repository/1412263_Page_Mattermost/input_All team communication in one place, _dcc84b'

2021-05-29 00:01:10 - [MESSAGE][PASSED] - Text 'phuc' is set on object 'Object Repository/1412263_Page_Mattermost/input_All team communication in one place, _dcc84b'

2021-05-29 00:01:10 - [TEST_STEP][PASSED] - setEncryptedText(findTestObject("Object Repository/1412263_Page_Mattermost/input_All team communication in one place, _a3edc6"), var_password): Text ****** has been set on object 'Object Repository/1412263_Page_Mattermost/input_All team communication in one place, _a3edc6'

2021-05-29 00:01:10 - [MESSAGE][PASSED] - Text ****** has been set on object 'Object Repository/1412263_Page_Mattermost/input_All team communication in one place, _a3edc6'

2021-05-29 00:01:10 - [TEST_STEP][PASSED] - click(findTestObject("Object Repository/1412263_Page_Mattermost/span_Sign in")): Object: 'Object Repository/1412263_Page_Mattermost/span_Sign in' is clicked on

2021-05-29 00:01:11 - [MESSAGE][PASSED] - Object: 'Object Repository/1412263_Page_Mattermost/span_Sign in' is clicked on

2021-05-29 00:01:11 - [MESSAGE][PASSED] - Call Test Case 'Test Cases/1712666/CommonTC/CTC_Login' successfully

2021-05-29 00:01:11 - [TEST_STEP][PASSED] - click(findTestObject("Object Repository/Page_Town Square - abc Mattermost/div_phuc (1)")): Object: 'Object Repository/Page_Town Square - abc Mattermost/div_phuc (1)' is clicked on

2021-05-29 00:01:14 - [MESSAGE][PASSED] - Object: 'Object Repository/Page_Town Square - abc Mattermost/div_phuc (1)' is clicked on

2021-05-29 00:01:14 - [TEST_STEP][PASSED] - click(findTestObject("Object Repository/Page_Town Square - abc Mattermost/span_Invite People")): Object: 'Object Repository/Page_Town Square - abc Mattermost/span_Invite People' is clicked on

2021-05-29 00:01:14 - [MESSAGE][PASSED] - Object: 'Object Repository/Page_Town Square - abc Mattermost/span_Invite People' is clicked on

2021-05-29 00:01:14 - [TEST_STEP][PASSED] - click(findTestObject("Object Repository/Page_Town Square - abc Mattermost/div_Add members")): Object: 'Object Repository/Page_Town Square - abc Mattermost/div_Add members' is clicked on

2021-05-29 00:01:15 - [MESSAGE][PASSED] - Object: 'Object Repository/Page_Town Square - abc Mattermost/div_Add members' is clicked on

2021-05-29 00:01:15 - [TEST_STEP][PASSED] - setText(findTestObject("Object Repository/Page_Town Square - abc Mattermost/input_Add members_react-select-2-input"), var_username): Text 'huy' is set on object 'Object Repository/Page_Town Square - abc Mattermost/input_Add members_react-select-2-input'

2021-05-29 00:01:16 - [MESSAGE][PASSED] - Text 'huy' is set on object 'Object Repository/Page_Town Square - abc Mattermost/input_Add members_react-select-2-input'

2021-05-29 00:01:16 - [TEST_STEP][PASSED] - click(findTestObject("Page_Town Square - abc Mattermost/div_option_0")): Object: 'Object Repository/Page_Town Square - abc Mattermost/div_option_0' is clicked on

2021-05-29 00:01:17 - [MESSAGE][PASSED] - Object: 'Object Repository/Page_Town Square - abc Mattermost/div_option_0' is clicked on

2021-05-29 00:01:17 - [TEST_STEP][PASSED] - click(findTestObject("Object Repository/Page_Town Square - abc Mattermost/span_Invite Members")): Object: 'Object Repository/Page_Town Square - abc Mattermost/span_Invite Members' is clicked on

2021-05-29 00:01:18 - [MESSAGE][PASSED] - Object: 'Object Repository/Page_Town Square - abc Mattermost/span_Invite Members' is clicked on

2021-05-29 00:01:18 - [TEST_STEP][PASSED] - if (verifyElementPresent(findTestObject("Object Repository/Page_Town Square - abc Mattermost/span_Done"), 5)): null

2021-05-29 00:01:19 - [MESSAGE][PASSED] - Object 'Object Repository/Page_Town Square - abc Mattermost/span_Done' is present

2021-05-29 00:01:19 - [TEST_STEP][PASSED] - click(findTestObject("Object Repository/Page_Town Square - abc Mattermost/span_Done")): Object: 'Object Repository/Page_Town Square - abc Mattermost/span_Done' is clicked on

2021-05-29 00:01:20 - [MESSAGE][PASSED] - Object: 'Object Repository/Page_Town Square - abc Mattermost/span_Done' is clicked on]]></system-out>
         <system-err><![CDATA[]]></system-err>
      </testcase>
      <testcase name="Test Cases/1712666/TC12_InvitePeopleToTeam" time="21.633" classname="Test Cases/1712666/TC12_InvitePeopleToTeam" status="PASSED">
         <system-out><![CDATA[2021-05-29 00:01:20 - [TEST_CASE][PASSED] - Test Cases/1712666/TC12_InvitePeopleToTeam: Test Cases/1712666/TC12_InvitePeopleToTeam

2021-05-29 00:01:20 - [TEST_STEP][PASSED] - openBrowser(""): Browser is opened with url: ''

2021-05-29 00:01:20 - [MESSAGE][WARNING] - A browser is already opened. Closing browser and opening a new one

2021-05-29 00:01:21 - [MESSAGE][INFO] - Starting 'Chrome' driver

2021-05-29 00:01:21 - [MESSAGE][INFO] - Action delay is set to 0 milliseconds

2021-05-29 00:01:22 - [MESSAGE][PASSED] - Browser is opened with url: ''

2021-05-29 00:01:22 - [TEST_STEP][PASSED] - navigateToUrl("https://mattermostwebapp.herokuapp.com/"): Navigate to 'https://mattermostwebapp.herokuapp.com/' successfully

2021-05-29 00:01:26 - [MESSAGE][PASSED] - Navigate to 'https://mattermostwebapp.herokuapp.com/' successfully

2021-05-29 00:01:26 - [TEST_STEP][PASSED] - callTestCase(findTestCase("1712666/CommonTC/CTC_Login"), ["var_username":"phuc", "var_password":"CSt51UwWECc="]): Call Test Case 'Test Cases/1712666/CommonTC/CTC_Login' successfully

2021-05-29 00:01:26 - [TEST_CASE][PASSED] - Test Cases/1712666/CommonTC/CTC_Login: Test Cases/1712666/CommonTC/CTC_Login

2021-05-29 00:01:26 - [TEST_STEP][PASSED] - setText(findTestObject("Object Repository/1412263_Page_Mattermost/input_All team communication in one place, _dcc84b"), var_username): Text 'phuc' is set on object 'Object Repository/1412263_Page_Mattermost/input_All team communication in one place, _dcc84b'

2021-05-29 00:01:31 - [MESSAGE][PASSED] - Text 'phuc' is set on object 'Object Repository/1412263_Page_Mattermost/input_All team communication in one place, _dcc84b'

2021-05-29 00:01:31 - [TEST_STEP][PASSED] - setEncryptedText(findTestObject("Object Repository/1412263_Page_Mattermost/input_All team communication in one place, _a3edc6"), var_password): Text ****** has been set on object 'Object Repository/1412263_Page_Mattermost/input_All team communication in one place, _a3edc6'

2021-05-29 00:01:31 - [MESSAGE][PASSED] - Text ****** has been set on object 'Object Repository/1412263_Page_Mattermost/input_All team communication in one place, _a3edc6'

2021-05-29 00:01:31 - [TEST_STEP][PASSED] - click(findTestObject("Object Repository/1412263_Page_Mattermost/span_Sign in")): Object: 'Object Repository/1412263_Page_Mattermost/span_Sign in' is clicked on

2021-05-29 00:01:32 - [MESSAGE][PASSED] - Object: 'Object Repository/1412263_Page_Mattermost/span_Sign in' is clicked on

2021-05-29 00:01:32 - [MESSAGE][PASSED] - Call Test Case 'Test Cases/1712666/CommonTC/CTC_Login' successfully

2021-05-29 00:01:32 - [TEST_STEP][PASSED] - click(findTestObject("Object Repository/Page_Town Square - abc Mattermost/div_phuc (1)")): Object: 'Object Repository/Page_Town Square - abc Mattermost/div_phuc (1)' is clicked on

2021-05-29 00:01:35 - [MESSAGE][PASSED] - Object: 'Object Repository/Page_Town Square - abc Mattermost/div_phuc (1)' is clicked on

2021-05-29 00:01:35 - [TEST_STEP][PASSED] - click(findTestObject("Object Repository/Page_Town Square - abc Mattermost/span_Invite People")): Object: 'Object Repository/Page_Town Square - abc Mattermost/span_Invite People' is clicked on

2021-05-29 00:01:36 - [MESSAGE][PASSED] - Object: 'Object Repository/Page_Town Square - abc Mattermost/span_Invite People' is clicked on

2021-05-29 00:01:36 - [TEST_STEP][PASSED] - click(findTestObject("Object Repository/Page_Town Square - abc Mattermost/div_Add members")): Object: 'Object Repository/Page_Town Square - abc Mattermost/div_Add members' is clicked on

2021-05-29 00:01:37 - [MESSAGE][PASSED] - Object: 'Object Repository/Page_Town Square - abc Mattermost/div_Add members' is clicked on

2021-05-29 00:01:37 - [TEST_STEP][PASSED] - setText(findTestObject("Object Repository/Page_Town Square - abc Mattermost/input_Add members_react-select-2-input"), var_username): Text 'huykhoi2507' is set on object 'Object Repository/Page_Town Square - abc Mattermost/input_Add members_react-select-2-input'

2021-05-29 00:01:38 - [MESSAGE][PASSED] - Text 'huykhoi2507' is set on object 'Object Repository/Page_Town Square - abc Mattermost/input_Add members_react-select-2-input'

2021-05-29 00:01:38 - [TEST_STEP][PASSED] - click(findTestObject("Page_Town Square - abc Mattermost/div_option_0")): Object: 'Object Repository/Page_Town Square - abc Mattermost/div_option_0' is clicked on

2021-05-29 00:01:39 - [MESSAGE][PASSED] - Object: 'Object Repository/Page_Town Square - abc Mattermost/div_option_0' is clicked on

2021-05-29 00:01:39 - [TEST_STEP][PASSED] - click(findTestObject("Object Repository/Page_Town Square - abc Mattermost/span_Invite Members")): Object: 'Object Repository/Page_Town Square - abc Mattermost/span_Invite Members' is clicked on

2021-05-29 00:01:39 - [MESSAGE][PASSED] - Object: 'Object Repository/Page_Town Square - abc Mattermost/span_Invite Members' is clicked on

2021-05-29 00:01:39 - [TEST_STEP][PASSED] - if (verifyElementPresent(findTestObject("Object Repository/Page_Town Square - abc Mattermost/span_Done"), 5)): null

2021-05-29 00:01:41 - [MESSAGE][PASSED] - Object 'Object Repository/Page_Town Square - abc Mattermost/span_Done' is present

2021-05-29 00:01:41 - [TEST_STEP][PASSED] - click(findTestObject("Object Repository/Page_Town Square - abc Mattermost/span_Done")): Object: 'Object Repository/Page_Town Square - abc Mattermost/span_Done' is clicked on

2021-05-29 00:01:42 - [MESSAGE][PASSED] - Object: 'Object Repository/Page_Town Square - abc Mattermost/span_Done' is clicked on]]></system-out>
         <system-err><![CDATA[]]></system-err>
      </testcase>
      <testcase name="Test Cases/1712666/TC12_InvitePeopleToTeam" time="20.952" classname="Test Cases/1712666/TC12_InvitePeopleToTeam" status="PASSED">
         <system-out><![CDATA[2021-05-29 00:01:42 - [TEST_CASE][PASSED] - Test Cases/1712666/TC12_InvitePeopleToTeam: Test Cases/1712666/TC12_InvitePeopleToTeam

2021-05-29 00:01:42 - [TEST_STEP][PASSED] - openBrowser(""): Browser is opened with url: ''

2021-05-29 00:01:42 - [MESSAGE][WARNING] - A browser is already opened. Closing browser and opening a new one

2021-05-29 00:01:43 - [MESSAGE][INFO] - Starting 'Chrome' driver

2021-05-29 00:01:43 - [MESSAGE][INFO] - Action delay is set to 0 milliseconds

2021-05-29 00:01:44 - [MESSAGE][PASSED] - Browser is opened with url: ''

2021-05-29 00:01:44 - [TEST_STEP][PASSED] - navigateToUrl("https://mattermostwebapp.herokuapp.com/"): Navigate to 'https://mattermostwebapp.herokuapp.com/' successfully

2021-05-29 00:01:47 - [MESSAGE][PASSED] - Navigate to 'https://mattermostwebapp.herokuapp.com/' successfully

2021-05-29 00:01:47 - [TEST_STEP][PASSED] - callTestCase(findTestCase("1712666/CommonTC/CTC_Login"), ["var_username":"phuc", "var_password":"CSt51UwWECc="]): Call Test Case 'Test Cases/1712666/CommonTC/CTC_Login' successfully

2021-05-29 00:01:47 - [TEST_CASE][PASSED] - Test Cases/1712666/CommonTC/CTC_Login: Test Cases/1712666/CommonTC/CTC_Login

2021-05-29 00:01:47 - [TEST_STEP][PASSED] - setText(findTestObject("Object Repository/1412263_Page_Mattermost/input_All team communication in one place, _dcc84b"), var_username): Text 'phuc' is set on object 'Object Repository/1412263_Page_Mattermost/input_All team communication in one place, _dcc84b'

2021-05-29 00:01:52 - [MESSAGE][PASSED] - Text 'phuc' is set on object 'Object Repository/1412263_Page_Mattermost/input_All team communication in one place, _dcc84b'

2021-05-29 00:01:52 - [TEST_STEP][PASSED] - setEncryptedText(findTestObject("Object Repository/1412263_Page_Mattermost/input_All team communication in one place, _a3edc6"), var_password): Text ****** has been set on object 'Object Repository/1412263_Page_Mattermost/input_All team communication in one place, _a3edc6'

2021-05-29 00:01:53 - [MESSAGE][PASSED] - Text ****** has been set on object 'Object Repository/1412263_Page_Mattermost/input_All team communication in one place, _a3edc6'

2021-05-29 00:01:53 - [TEST_STEP][PASSED] - click(findTestObject("Object Repository/1412263_Page_Mattermost/span_Sign in")): Object: 'Object Repository/1412263_Page_Mattermost/span_Sign in' is clicked on

2021-05-29 00:01:53 - [MESSAGE][PASSED] - Object: 'Object Repository/1412263_Page_Mattermost/span_Sign in' is clicked on

2021-05-29 00:01:53 - [MESSAGE][PASSED] - Call Test Case 'Test Cases/1712666/CommonTC/CTC_Login' successfully

2021-05-29 00:01:53 - [TEST_STEP][PASSED] - click(findTestObject("Object Repository/Page_Town Square - abc Mattermost/div_phuc (1)")): Object: 'Object Repository/Page_Town Square - abc Mattermost/div_phuc (1)' is clicked on

2021-05-29 00:01:57 - [MESSAGE][PASSED] - Object: 'Object Repository/Page_Town Square - abc Mattermost/div_phuc (1)' is clicked on

2021-05-29 00:01:57 - [TEST_STEP][PASSED] - click(findTestObject("Object Repository/Page_Town Square - abc Mattermost/span_Invite People")): Object: 'Object Repository/Page_Town Square - abc Mattermost/span_Invite People' is clicked on

2021-05-29 00:01:57 - [MESSAGE][PASSED] - Object: 'Object Repository/Page_Town Square - abc Mattermost/span_Invite People' is clicked on

2021-05-29 00:01:57 - [TEST_STEP][PASSED] - click(findTestObject("Object Repository/Page_Town Square - abc Mattermost/div_Add members")): Object: 'Object Repository/Page_Town Square - abc Mattermost/div_Add members' is clicked on

2021-05-29 00:01:58 - [MESSAGE][PASSED] - Object: 'Object Repository/Page_Town Square - abc Mattermost/div_Add members' is clicked on

2021-05-29 00:01:58 - [TEST_STEP][PASSED] - setText(findTestObject("Object Repository/Page_Town Square - abc Mattermost/input_Add members_react-select-2-input"), var_username): Text 'huykhoi263' is set on object 'Object Repository/Page_Town Square - abc Mattermost/input_Add members_react-select-2-input'

2021-05-29 00:01:59 - [MESSAGE][PASSED] - Text 'huykhoi263' is set on object 'Object Repository/Page_Town Square - abc Mattermost/input_Add members_react-select-2-input'

2021-05-29 00:01:59 - [TEST_STEP][PASSED] - click(findTestObject("Page_Town Square - abc Mattermost/div_option_0")): Object: 'Object Repository/Page_Town Square - abc Mattermost/div_option_0' is clicked on

2021-05-29 00:02:01 - [MESSAGE][PASSED] - Object: 'Object Repository/Page_Town Square - abc Mattermost/div_option_0' is clicked on

2021-05-29 00:02:01 - [TEST_STEP][PASSED] - click(findTestObject("Object Repository/Page_Town Square - abc Mattermost/span_Invite Members")): Object: 'Object Repository/Page_Town Square - abc Mattermost/span_Invite Members' is clicked on

2021-05-29 00:02:01 - [MESSAGE][PASSED] - Object: 'Object Repository/Page_Town Square - abc Mattermost/span_Invite Members' is clicked on

2021-05-29 00:02:01 - [TEST_STEP][PASSED] - if (verifyElementPresent(findTestObject("Object Repository/Page_Town Square - abc Mattermost/span_Done"), 5)): null

2021-05-29 00:02:02 - [MESSAGE][PASSED] - Object 'Object Repository/Page_Town Square - abc Mattermost/span_Done' is present

2021-05-29 00:02:02 - [TEST_STEP][PASSED] - click(findTestObject("Object Repository/Page_Town Square - abc Mattermost/span_Done")): Object: 'Object Repository/Page_Town Square - abc Mattermost/span_Done' is clicked on

2021-05-29 00:02:02 - [MESSAGE][PASSED] - Object: 'Object Repository/Page_Town Square - abc Mattermost/span_Done' is clicked on]]></system-out>
         <system-err><![CDATA[]]></system-err>
      </testcase>
      <testcase name="Test Cases/1712666/TC12_InvitePeopleToTeam" time="22.765" classname="Test Cases/1712666/TC12_InvitePeopleToTeam" status="PASSED">
         <system-out><![CDATA[2021-05-29 00:02:02 - [TEST_CASE][PASSED] - Test Cases/1712666/TC12_InvitePeopleToTeam: Test Cases/1712666/TC12_InvitePeopleToTeam

2021-05-29 00:02:03 - [TEST_STEP][PASSED] - openBrowser(""): Browser is opened with url: ''

2021-05-29 00:02:03 - [MESSAGE][WARNING] - A browser is already opened. Closing browser and opening a new one

2021-05-29 00:02:03 - [MESSAGE][INFO] - Starting 'Chrome' driver

2021-05-29 00:02:03 - [MESSAGE][INFO] - Action delay is set to 0 milliseconds

2021-05-29 00:02:05 - [MESSAGE][PASSED] - Browser is opened with url: ''

2021-05-29 00:02:05 - [TEST_STEP][PASSED] - navigateToUrl("https://mattermostwebapp.herokuapp.com/"): Navigate to 'https://mattermostwebapp.herokuapp.com/' successfully

2021-05-29 00:02:09 - [MESSAGE][PASSED] - Navigate to 'https://mattermostwebapp.herokuapp.com/' successfully

2021-05-29 00:02:09 - [TEST_STEP][PASSED] - callTestCase(findTestCase("1712666/CommonTC/CTC_Login"), ["var_username":"phuc", "var_password":"CSt51UwWECc="]): Call Test Case 'Test Cases/1712666/CommonTC/CTC_Login' successfully

2021-05-29 00:02:09 - [TEST_CASE][PASSED] - Test Cases/1712666/CommonTC/CTC_Login: Test Cases/1712666/CommonTC/CTC_Login

2021-05-29 00:02:09 - [TEST_STEP][PASSED] - setText(findTestObject("Object Repository/1412263_Page_Mattermost/input_All team communication in one place, _dcc84b"), var_username): Text 'phuc' is set on object 'Object Repository/1412263_Page_Mattermost/input_All team communication in one place, _dcc84b'

2021-05-29 00:02:14 - [MESSAGE][PASSED] - Text 'phuc' is set on object 'Object Repository/1412263_Page_Mattermost/input_All team communication in one place, _dcc84b'

2021-05-29 00:02:14 - [TEST_STEP][PASSED] - setEncryptedText(findTestObject("Object Repository/1412263_Page_Mattermost/input_All team communication in one place, _a3edc6"), var_password): Text ****** has been set on object 'Object Repository/1412263_Page_Mattermost/input_All team communication in one place, _a3edc6'

2021-05-29 00:02:14 - [MESSAGE][PASSED] - Text ****** has been set on object 'Object Repository/1412263_Page_Mattermost/input_All team communication in one place, _a3edc6'

2021-05-29 00:02:14 - [TEST_STEP][PASSED] - click(findTestObject("Object Repository/1412263_Page_Mattermost/span_Sign in")): Object: 'Object Repository/1412263_Page_Mattermost/span_Sign in' is clicked on

2021-05-29 00:02:15 - [MESSAGE][PASSED] - Object: 'Object Repository/1412263_Page_Mattermost/span_Sign in' is clicked on

2021-05-29 00:02:15 - [MESSAGE][PASSED] - Call Test Case 'Test Cases/1712666/CommonTC/CTC_Login' successfully

2021-05-29 00:02:15 - [TEST_STEP][PASSED] - click(findTestObject("Object Repository/Page_Town Square - abc Mattermost/div_phuc (1)")): Object: 'Object Repository/Page_Town Square - abc Mattermost/div_phuc (1)' is clicked on

2021-05-29 00:02:19 - [MESSAGE][PASSED] - Object: 'Object Repository/Page_Town Square - abc Mattermost/div_phuc (1)' is clicked on

2021-05-29 00:02:19 - [TEST_STEP][PASSED] - click(findTestObject("Object Repository/Page_Town Square - abc Mattermost/span_Invite People")): Object: 'Object Repository/Page_Town Square - abc Mattermost/span_Invite People' is clicked on

2021-05-29 00:02:19 - [MESSAGE][PASSED] - Object: 'Object Repository/Page_Town Square - abc Mattermost/span_Invite People' is clicked on

2021-05-29 00:02:19 - [TEST_STEP][PASSED] - click(findTestObject("Object Repository/Page_Town Square - abc Mattermost/div_Add members")): Object: 'Object Repository/Page_Town Square - abc Mattermost/div_Add members' is clicked on

2021-05-29 00:02:20 - [MESSAGE][PASSED] - Object: 'Object Repository/Page_Town Square - abc Mattermost/div_Add members' is clicked on

2021-05-29 00:02:20 - [TEST_STEP][PASSED] - setText(findTestObject("Object Repository/Page_Town Square - abc Mattermost/input_Add members_react-select-2-input"), var_username): Text 'jooie' is set on object 'Object Repository/Page_Town Square - abc Mattermost/input_Add members_react-select-2-input'

2021-05-29 00:02:21 - [MESSAGE][PASSED] - Text 'jooie' is set on object 'Object Repository/Page_Town Square - abc Mattermost/input_Add members_react-select-2-input'

2021-05-29 00:02:21 - [TEST_STEP][PASSED] - click(findTestObject("Page_Town Square - abc Mattermost/div_option_0")): Object: 'Object Repository/Page_Town Square - abc Mattermost/div_option_0' is clicked on

2021-05-29 00:02:22 - [MESSAGE][PASSED] - Object: 'Object Repository/Page_Town Square - abc Mattermost/div_option_0' is clicked on

2021-05-29 00:02:22 - [TEST_STEP][PASSED] - click(findTestObject("Object Repository/Page_Town Square - abc Mattermost/span_Invite Members")): Object: 'Object Repository/Page_Town Square - abc Mattermost/span_Invite Members' is clicked on

2021-05-29 00:02:23 - [MESSAGE][PASSED] - Object: 'Object Repository/Page_Town Square - abc Mattermost/span_Invite Members' is clicked on

2021-05-29 00:02:23 - [TEST_STEP][PASSED] - if (verifyElementPresent(findTestObject("Object Repository/Page_Town Square - abc Mattermost/span_Done"), 5)): null

2021-05-29 00:02:25 - [MESSAGE][PASSED] - Object 'Object Repository/Page_Town Square - abc Mattermost/span_Done' is present

2021-05-29 00:02:25 - [TEST_STEP][PASSED] - click(findTestObject("Object Repository/Page_Town Square - abc Mattermost/span_Done")): Object: 'Object Repository/Page_Town Square - abc Mattermost/span_Done' is clicked on

2021-05-29 00:02:25 - [MESSAGE][PASSED] - Object: 'Object Repository/Page_Town Square - abc Mattermost/span_Done' is clicked on]]></system-out>
         <system-err><![CDATA[]]></system-err>
      </testcase>
      <testcase name="Test Cases/1712666/TC13_UpdateTeamName" time="22.188" classname="Test Cases/1712666/TC13_UpdateTeamName" status="PASSED">
         <system-out><![CDATA[2021-05-29 00:02:25 - [TEST_CASE][PASSED] - Test Cases/1712666/TC13_UpdateTeamName: Test Cases/1712666/TC13_UpdateTeamName

2021-05-29 00:02:26 - [TEST_STEP][PASSED] - openBrowser(""): Browser is opened with url: ''

2021-05-29 00:02:26 - [MESSAGE][WARNING] - A browser is already opened. Closing browser and opening a new one

2021-05-29 00:02:26 - [MESSAGE][INFO] - Starting 'Chrome' driver

2021-05-29 00:02:26 - [MESSAGE][INFO] - Action delay is set to 0 milliseconds

2021-05-29 00:02:28 - [MESSAGE][PASSED] - Browser is opened with url: ''

2021-05-29 00:02:28 - [TEST_STEP][PASSED] - navigateToUrl("https://mattermostwebapp.herokuapp.com/"): Navigate to 'https://mattermostwebapp.herokuapp.com/' successfully

2021-05-29 00:02:33 - [MESSAGE][PASSED] - Navigate to 'https://mattermostwebapp.herokuapp.com/' successfully

2021-05-29 00:02:33 - [TEST_STEP][PASSED] - callTestCase(findTestCase("1712666/CommonTC/CTC_Login"), ["var_username":"phuc", "var_password":"CSt51UwWECc="]): Call Test Case 'Test Cases/1712666/CommonTC/CTC_Login' successfully

2021-05-29 00:02:33 - [TEST_CASE][PASSED] - Test Cases/1712666/CommonTC/CTC_Login: Test Cases/1712666/CommonTC/CTC_Login

2021-05-29 00:02:33 - [TEST_STEP][PASSED] - setText(findTestObject("Object Repository/1412263_Page_Mattermost/input_All team communication in one place, _dcc84b"), var_username): Text 'phuc' is set on object 'Object Repository/1412263_Page_Mattermost/input_All team communication in one place, _dcc84b'

2021-05-29 00:02:38 - [MESSAGE][PASSED] - Text 'phuc' is set on object 'Object Repository/1412263_Page_Mattermost/input_All team communication in one place, _dcc84b'

2021-05-29 00:02:38 - [TEST_STEP][PASSED] - setEncryptedText(findTestObject("Object Repository/1412263_Page_Mattermost/input_All team communication in one place, _a3edc6"), var_password): Text ****** has been set on object 'Object Repository/1412263_Page_Mattermost/input_All team communication in one place, _a3edc6'

2021-05-29 00:02:38 - [MESSAGE][PASSED] - Text ****** has been set on object 'Object Repository/1412263_Page_Mattermost/input_All team communication in one place, _a3edc6'

2021-05-29 00:02:38 - [TEST_STEP][PASSED] - click(findTestObject("Object Repository/1412263_Page_Mattermost/span_Sign in")): Object: 'Object Repository/1412263_Page_Mattermost/span_Sign in' is clicked on

2021-05-29 00:02:39 - [MESSAGE][PASSED] - Object: 'Object Repository/1412263_Page_Mattermost/span_Sign in' is clicked on

2021-05-29 00:02:39 - [MESSAGE][PASSED] - Call Test Case 'Test Cases/1712666/CommonTC/CTC_Login' successfully

2021-05-29 00:02:39 - [TEST_STEP][PASSED] - click(findTestObject("Object Repository/Page_Town Square - abc Mattermost/div_phuc (2)")): Object: 'Object Repository/Page_Town Square - abc Mattermost/div_phuc (2)' is clicked on

2021-05-29 00:02:42 - [MESSAGE][PASSED] - Object: 'Object Repository/Page_Town Square - abc Mattermost/div_phuc (2)' is clicked on

2021-05-29 00:02:42 - [TEST_STEP][PASSED] - click(findTestObject("Object Repository/Page_Town Square - abc Mattermost/span_Team Settings")): Object: 'Object Repository/Page_Town Square - abc Mattermost/span_Team Settings' is clicked on

2021-05-29 00:02:43 - [MESSAGE][PASSED] - Object: 'Object Repository/Page_Town Square - abc Mattermost/span_Team Settings' is clicked on

2021-05-29 00:02:43 - [TEST_STEP][PASSED] - click(findTestObject("Object Repository/Page_Town Square - abc Mattermost/span_Edit")): Object: 'Object Repository/Page_Town Square - abc Mattermost/span_Edit' is clicked on

2021-05-29 00:02:43 - [MESSAGE][PASSED] - Object: 'Object Repository/Page_Town Square - abc Mattermost/span_Edit' is clicked on

2021-05-29 00:02:43 - [TEST_STEP][PASSED] - doubleClick(findTestObject("Object Repository/Page_Town Square - abc Mattermost/input_Team Name_teamName")): Object: 'Object Repository/Page_Town Square - abc Mattermost/input_Team Name_teamName' is double clicked on

2021-05-29 00:02:44 - [MESSAGE][PASSED] - Object: 'Object Repository/Page_Town Square - abc Mattermost/input_Team Name_teamName' is double clicked on

2021-05-29 00:02:44 - [TEST_STEP][PASSED] - setText(findTestObject("Object Repository/Page_Town Square - abc Mattermost/input_Team Name_teamName"), var_teamname): Text 'test1' is set on object 'Object Repository/Page_Town Square - abc Mattermost/input_Team Name_teamName'

2021-05-29 00:02:45 - [MESSAGE][PASSED] - Text 'test1' is set on object 'Object Repository/Page_Town Square - abc Mattermost/input_Team Name_teamName'

2021-05-29 00:02:45 - [TEST_STEP][PASSED] - click(findTestObject("Object Repository/Page_Town Square - abc Mattermost/span_Save")): Object: 'Object Repository/Page_Town Square - abc Mattermost/span_Save' is clicked on

2021-05-29 00:02:45 - [MESSAGE][PASSED] - Object: 'Object Repository/Page_Town Square - abc Mattermost/span_Save' is clicked on

2021-05-29 00:02:45 - [TEST_STEP][PASSED] - newTeamName = getText(findTestObject("Object Repository/Page_Town Square - abc1 Mattermost/div_abc1")): Text of object 'Object Repository/Page_Town Square - abc1 Mattermost/div_abc1' is: 'test1'

2021-05-29 00:02:47 - [MESSAGE][PASSED] - Text of object 'Object Repository/Page_Town Square - abc1 Mattermost/div_abc1' is: 'test1'

2021-05-29 00:02:47 - [TEST_STEP][PASSED] - if (newTeamName != var_teamname.toString()): null

2021-05-29 00:02:47 - [TEST_STEP][PASSED] - closeBrowser(): Browser is closed

2021-05-29 00:02:47 - [MESSAGE][PASSED] - Browser is closed]]></system-out>
         <system-err><![CDATA[]]></system-err>
      </testcase>
      <testcase name="Test Cases/1712666/TC13_UpdateTeamName" time="18.604" classname="Test Cases/1712666/TC13_UpdateTeamName" status="PASSED">
         <system-out><![CDATA[2021-05-29 00:02:48 - [TEST_CASE][PASSED] - Test Cases/1712666/TC13_UpdateTeamName: Test Cases/1712666/TC13_UpdateTeamName

2021-05-29 00:02:48 - [TEST_STEP][PASSED] - openBrowser(""): Browser is opened with url: ''

2021-05-29 00:02:48 - [MESSAGE][INFO] - Starting 'Chrome' driver

2021-05-29 00:02:48 - [MESSAGE][INFO] - Action delay is set to 0 milliseconds

2021-05-29 00:02:49 - [MESSAGE][PASSED] - Browser is opened with url: ''

2021-05-29 00:02:49 - [TEST_STEP][PASSED] - navigateToUrl("https://mattermostwebapp.herokuapp.com/"): Navigate to 'https://mattermostwebapp.herokuapp.com/' successfully

2021-05-29 00:02:52 - [MESSAGE][PASSED] - Navigate to 'https://mattermostwebapp.herokuapp.com/' successfully

2021-05-29 00:02:52 - [TEST_STEP][PASSED] - callTestCase(findTestCase("1712666/CommonTC/CTC_Login"), ["var_username":"phuc", "var_password":"CSt51UwWECc="]): Call Test Case 'Test Cases/1712666/CommonTC/CTC_Login' successfully

2021-05-29 00:02:52 - [TEST_CASE][PASSED] - Test Cases/1712666/CommonTC/CTC_Login: Test Cases/1712666/CommonTC/CTC_Login

2021-05-29 00:02:52 - [TEST_STEP][PASSED] - setText(findTestObject("Object Repository/1412263_Page_Mattermost/input_All team communication in one place, _dcc84b"), var_username): Text 'phuc' is set on object 'Object Repository/1412263_Page_Mattermost/input_All team communication in one place, _dcc84b'

2021-05-29 00:02:57 - [MESSAGE][PASSED] - Text 'phuc' is set on object 'Object Repository/1412263_Page_Mattermost/input_All team communication in one place, _dcc84b'

2021-05-29 00:02:57 - [TEST_STEP][PASSED] - setEncryptedText(findTestObject("Object Repository/1412263_Page_Mattermost/input_All team communication in one place, _a3edc6"), var_password): Text ****** has been set on object 'Object Repository/1412263_Page_Mattermost/input_All team communication in one place, _a3edc6'

2021-05-29 00:02:58 - [MESSAGE][PASSED] - Text ****** has been set on object 'Object Repository/1412263_Page_Mattermost/input_All team communication in one place, _a3edc6'

2021-05-29 00:02:58 - [TEST_STEP][PASSED] - click(findTestObject("Object Repository/1412263_Page_Mattermost/span_Sign in")): Object: 'Object Repository/1412263_Page_Mattermost/span_Sign in' is clicked on

2021-05-29 00:02:58 - [MESSAGE][PASSED] - Object: 'Object Repository/1412263_Page_Mattermost/span_Sign in' is clicked on

2021-05-29 00:02:58 - [MESSAGE][PASSED] - Call Test Case 'Test Cases/1712666/CommonTC/CTC_Login' successfully

2021-05-29 00:02:58 - [TEST_STEP][PASSED] - click(findTestObject("Object Repository/Page_Town Square - abc Mattermost/div_phuc (2)")): Object: 'Object Repository/Page_Town Square - abc Mattermost/div_phuc (2)' is clicked on

2021-05-29 00:03:01 - [MESSAGE][PASSED] - Object: 'Object Repository/Page_Town Square - abc Mattermost/div_phuc (2)' is clicked on

2021-05-29 00:03:01 - [TEST_STEP][PASSED] - click(findTestObject("Object Repository/Page_Town Square - abc Mattermost/span_Team Settings")): Object: 'Object Repository/Page_Town Square - abc Mattermost/span_Team Settings' is clicked on

2021-05-29 00:03:02 - [MESSAGE][PASSED] - Object: 'Object Repository/Page_Town Square - abc Mattermost/span_Team Settings' is clicked on

2021-05-29 00:03:02 - [TEST_STEP][PASSED] - click(findTestObject("Object Repository/Page_Town Square - abc Mattermost/span_Edit")): Object: 'Object Repository/Page_Town Square - abc Mattermost/span_Edit' is clicked on

2021-05-29 00:03:03 - [MESSAGE][PASSED] - Object: 'Object Repository/Page_Town Square - abc Mattermost/span_Edit' is clicked on

2021-05-29 00:03:03 - [TEST_STEP][PASSED] - doubleClick(findTestObject("Object Repository/Page_Town Square - abc Mattermost/input_Team Name_teamName")): Object: 'Object Repository/Page_Town Square - abc Mattermost/input_Team Name_teamName' is double clicked on

2021-05-29 00:03:03 - [MESSAGE][PASSED] - Object: 'Object Repository/Page_Town Square - abc Mattermost/input_Team Name_teamName' is double clicked on

2021-05-29 00:03:03 - [TEST_STEP][PASSED] - setText(findTestObject("Object Repository/Page_Town Square - abc Mattermost/input_Team Name_teamName"), var_teamname): Text 'test2' is set on object 'Object Repository/Page_Town Square - abc Mattermost/input_Team Name_teamName'

2021-05-29 00:03:04 - [MESSAGE][PASSED] - Text 'test2' is set on object 'Object Repository/Page_Town Square - abc Mattermost/input_Team Name_teamName'

2021-05-29 00:03:04 - [TEST_STEP][PASSED] - click(findTestObject("Object Repository/Page_Town Square - abc Mattermost/span_Save")): Object: 'Object Repository/Page_Town Square - abc Mattermost/span_Save' is clicked on

2021-05-29 00:03:04 - [MESSAGE][PASSED] - Object: 'Object Repository/Page_Town Square - abc Mattermost/span_Save' is clicked on

2021-05-29 00:03:04 - [TEST_STEP][PASSED] - newTeamName = getText(findTestObject("Object Repository/Page_Town Square - abc1 Mattermost/div_abc1")): Text of object 'Object Repository/Page_Town Square - abc1 Mattermost/div_abc1' is: 'test2'

2021-05-29 00:03:05 - [MESSAGE][PASSED] - Text of object 'Object Repository/Page_Town Square - abc1 Mattermost/div_abc1' is: 'test2'

2021-05-29 00:03:05 - [TEST_STEP][PASSED] - if (newTeamName != var_teamname.toString()): null

2021-05-29 00:03:05 - [TEST_STEP][PASSED] - closeBrowser(): Browser is closed

2021-05-29 00:03:06 - [MESSAGE][PASSED] - Browser is closed]]></system-out>
         <system-err><![CDATA[]]></system-err>
      </testcase>
      <testcase name="Test Cases/1712666/TC13_UpdateTeamName" time="18.414" classname="Test Cases/1712666/TC13_UpdateTeamName" status="PASSED">
         <system-out><![CDATA[2021-05-29 00:03:06 - [TEST_CASE][PASSED] - Test Cases/1712666/TC13_UpdateTeamName: Test Cases/1712666/TC13_UpdateTeamName

2021-05-29 00:03:06 - [TEST_STEP][PASSED] - openBrowser(""): Browser is opened with url: ''

2021-05-29 00:03:06 - [MESSAGE][INFO] - Starting 'Chrome' driver

2021-05-29 00:03:06 - [MESSAGE][INFO] - Action delay is set to 0 milliseconds

2021-05-29 00:03:07 - [MESSAGE][PASSED] - Browser is opened with url: ''

2021-05-29 00:03:07 - [TEST_STEP][PASSED] - navigateToUrl("https://mattermostwebapp.herokuapp.com/"): Navigate to 'https://mattermostwebapp.herokuapp.com/' successfully

2021-05-29 00:03:11 - [MESSAGE][PASSED] - Navigate to 'https://mattermostwebapp.herokuapp.com/' successfully

2021-05-29 00:03:11 - [TEST_STEP][PASSED] - callTestCase(findTestCase("1712666/CommonTC/CTC_Login"), ["var_username":"phuc", "var_password":"CSt51UwWECc="]): Call Test Case 'Test Cases/1712666/CommonTC/CTC_Login' successfully

2021-05-29 00:03:11 - [TEST_CASE][PASSED] - Test Cases/1712666/CommonTC/CTC_Login: Test Cases/1712666/CommonTC/CTC_Login

2021-05-29 00:03:11 - [TEST_STEP][PASSED] - setText(findTestObject("Object Repository/1412263_Page_Mattermost/input_All team communication in one place, _dcc84b"), var_username): Text 'phuc' is set on object 'Object Repository/1412263_Page_Mattermost/input_All team communication in one place, _dcc84b'

2021-05-29 00:03:15 - [MESSAGE][PASSED] - Text 'phuc' is set on object 'Object Repository/1412263_Page_Mattermost/input_All team communication in one place, _dcc84b'

2021-05-29 00:03:15 - [TEST_STEP][PASSED] - setEncryptedText(findTestObject("Object Repository/1412263_Page_Mattermost/input_All team communication in one place, _a3edc6"), var_password): Text ****** has been set on object 'Object Repository/1412263_Page_Mattermost/input_All team communication in one place, _a3edc6'

2021-05-29 00:03:16 - [MESSAGE][PASSED] - Text ****** has been set on object 'Object Repository/1412263_Page_Mattermost/input_All team communication in one place, _a3edc6'

2021-05-29 00:03:16 - [TEST_STEP][PASSED] - click(findTestObject("Object Repository/1412263_Page_Mattermost/span_Sign in")): Object: 'Object Repository/1412263_Page_Mattermost/span_Sign in' is clicked on

2021-05-29 00:03:16 - [MESSAGE][PASSED] - Object: 'Object Repository/1412263_Page_Mattermost/span_Sign in' is clicked on

2021-05-29 00:03:16 - [MESSAGE][PASSED] - Call Test Case 'Test Cases/1712666/CommonTC/CTC_Login' successfully

2021-05-29 00:03:16 - [TEST_STEP][PASSED] - click(findTestObject("Object Repository/Page_Town Square - abc Mattermost/div_phuc (2)")): Object: 'Object Repository/Page_Town Square - abc Mattermost/div_phuc (2)' is clicked on

2021-05-29 00:03:20 - [MESSAGE][PASSED] - Object: 'Object Repository/Page_Town Square - abc Mattermost/div_phuc (2)' is clicked on

2021-05-29 00:03:20 - [TEST_STEP][PASSED] - click(findTestObject("Object Repository/Page_Town Square - abc Mattermost/span_Team Settings")): Object: 'Object Repository/Page_Town Square - abc Mattermost/span_Team Settings' is clicked on

2021-05-29 00:03:20 - [MESSAGE][PASSED] - Object: 'Object Repository/Page_Town Square - abc Mattermost/span_Team Settings' is clicked on

2021-05-29 00:03:20 - [TEST_STEP][PASSED] - click(findTestObject("Object Repository/Page_Town Square - abc Mattermost/span_Edit")): Object: 'Object Repository/Page_Town Square - abc Mattermost/span_Edit' is clicked on

2021-05-29 00:03:21 - [MESSAGE][PASSED] - Object: 'Object Repository/Page_Town Square - abc Mattermost/span_Edit' is clicked on

2021-05-29 00:03:21 - [TEST_STEP][PASSED] - doubleClick(findTestObject("Object Repository/Page_Town Square - abc Mattermost/input_Team Name_teamName")): Object: 'Object Repository/Page_Town Square - abc Mattermost/input_Team Name_teamName' is double clicked on

2021-05-29 00:03:22 - [MESSAGE][PASSED] - Object: 'Object Repository/Page_Town Square - abc Mattermost/input_Team Name_teamName' is double clicked on

2021-05-29 00:03:22 - [TEST_STEP][PASSED] - setText(findTestObject("Object Repository/Page_Town Square - abc Mattermost/input_Team Name_teamName"), var_teamname): Text 'test3' is set on object 'Object Repository/Page_Town Square - abc Mattermost/input_Team Name_teamName'

2021-05-29 00:03:22 - [MESSAGE][PASSED] - Text 'test3' is set on object 'Object Repository/Page_Town Square - abc Mattermost/input_Team Name_teamName'

2021-05-29 00:03:22 - [TEST_STEP][PASSED] - click(findTestObject("Object Repository/Page_Town Square - abc Mattermost/span_Save")): Object: 'Object Repository/Page_Town Square - abc Mattermost/span_Save' is clicked on

2021-05-29 00:03:23 - [MESSAGE][PASSED] - Object: 'Object Repository/Page_Town Square - abc Mattermost/span_Save' is clicked on

2021-05-29 00:03:23 - [TEST_STEP][PASSED] - newTeamName = getText(findTestObject("Object Repository/Page_Town Square - abc1 Mattermost/div_abc1")): Text of object 'Object Repository/Page_Town Square - abc1 Mattermost/div_abc1' is: 'test3'

2021-05-29 00:03:24 - [MESSAGE][PASSED] - Text of object 'Object Repository/Page_Town Square - abc1 Mattermost/div_abc1' is: 'test3'

2021-05-29 00:03:24 - [TEST_STEP][PASSED] - if (newTeamName != var_teamname.toString()): null

2021-05-29 00:03:24 - [TEST_STEP][PASSED] - closeBrowser(): Browser is closed

2021-05-29 00:03:25 - [MESSAGE][PASSED] - Browser is closed]]></system-out>
         <system-err><![CDATA[]]></system-err>
      </testcase>
      <testcase name="Test Cases/1712666/TC13_UpdateTeamName" time="19.801" classname="Test Cases/1712666/TC13_UpdateTeamName" status="PASSED">
         <system-out><![CDATA[2021-05-29 00:03:25 - [TEST_CASE][PASSED] - Test Cases/1712666/TC13_UpdateTeamName: Test Cases/1712666/TC13_UpdateTeamName

2021-05-29 00:03:25 - [TEST_STEP][PASSED] - openBrowser(""): Browser is opened with url: ''

2021-05-29 00:03:25 - [MESSAGE][INFO] - Starting 'Chrome' driver

2021-05-29 00:03:25 - [MESSAGE][INFO] - Action delay is set to 0 milliseconds

2021-05-29 00:03:26 - [MESSAGE][PASSED] - Browser is opened with url: ''

2021-05-29 00:03:26 - [TEST_STEP][PASSED] - navigateToUrl("https://mattermostwebapp.herokuapp.com/"): Navigate to 'https://mattermostwebapp.herokuapp.com/' successfully

2021-05-29 00:03:29 - [MESSAGE][PASSED] - Navigate to 'https://mattermostwebapp.herokuapp.com/' successfully

2021-05-29 00:03:29 - [TEST_STEP][PASSED] - callTestCase(findTestCase("1712666/CommonTC/CTC_Login"), ["var_username":"phuc", "var_password":"CSt51UwWECc="]): Call Test Case 'Test Cases/1712666/CommonTC/CTC_Login' successfully

2021-05-29 00:03:29 - [TEST_CASE][PASSED] - Test Cases/1712666/CommonTC/CTC_Login: Test Cases/1712666/CommonTC/CTC_Login

2021-05-29 00:03:29 - [TEST_STEP][PASSED] - setText(findTestObject("Object Repository/1412263_Page_Mattermost/input_All team communication in one place, _dcc84b"), var_username): Text 'phuc' is set on object 'Object Repository/1412263_Page_Mattermost/input_All team communication in one place, _dcc84b'

2021-05-29 00:03:34 - [MESSAGE][PASSED] - Text 'phuc' is set on object 'Object Repository/1412263_Page_Mattermost/input_All team communication in one place, _dcc84b'

2021-05-29 00:03:34 - [TEST_STEP][PASSED] - setEncryptedText(findTestObject("Object Repository/1412263_Page_Mattermost/input_All team communication in one place, _a3edc6"), var_password): Text ****** has been set on object 'Object Repository/1412263_Page_Mattermost/input_All team communication in one place, _a3edc6'

2021-05-29 00:03:34 - [MESSAGE][PASSED] - Text ****** has been set on object 'Object Repository/1412263_Page_Mattermost/input_All team communication in one place, _a3edc6'

2021-05-29 00:03:34 - [TEST_STEP][PASSED] - click(findTestObject("Object Repository/1412263_Page_Mattermost/span_Sign in")): Object: 'Object Repository/1412263_Page_Mattermost/span_Sign in' is clicked on

2021-05-29 00:03:35 - [MESSAGE][PASSED] - Object: 'Object Repository/1412263_Page_Mattermost/span_Sign in' is clicked on

2021-05-29 00:03:35 - [MESSAGE][PASSED] - Call Test Case 'Test Cases/1712666/CommonTC/CTC_Login' successfully

2021-05-29 00:03:35 - [TEST_STEP][PASSED] - click(findTestObject("Object Repository/Page_Town Square - abc Mattermost/div_phuc (2)")): Object: 'Object Repository/Page_Town Square - abc Mattermost/div_phuc (2)' is clicked on

2021-05-29 00:03:39 - [MESSAGE][PASSED] - Object: 'Object Repository/Page_Town Square - abc Mattermost/div_phuc (2)' is clicked on

2021-05-29 00:03:39 - [TEST_STEP][PASSED] - click(findTestObject("Object Repository/Page_Town Square - abc Mattermost/span_Team Settings")): Object: 'Object Repository/Page_Town Square - abc Mattermost/span_Team Settings' is clicked on

2021-05-29 00:03:40 - [MESSAGE][PASSED] - Object: 'Object Repository/Page_Town Square - abc Mattermost/span_Team Settings' is clicked on

2021-05-29 00:03:40 - [TEST_STEP][PASSED] - click(findTestObject("Object Repository/Page_Town Square - abc Mattermost/span_Edit")): Object: 'Object Repository/Page_Town Square - abc Mattermost/span_Edit' is clicked on

2021-05-29 00:03:40 - [MESSAGE][PASSED] - Object: 'Object Repository/Page_Town Square - abc Mattermost/span_Edit' is clicked on

2021-05-29 00:03:40 - [TEST_STEP][PASSED] - doubleClick(findTestObject("Object Repository/Page_Town Square - abc Mattermost/input_Team Name_teamName")): Object: 'Object Repository/Page_Town Square - abc Mattermost/input_Team Name_teamName' is double clicked on

2021-05-29 00:03:41 - [MESSAGE][PASSED] - Object: 'Object Repository/Page_Town Square - abc Mattermost/input_Team Name_teamName' is double clicked on

2021-05-29 00:03:41 - [TEST_STEP][PASSED] - setText(findTestObject("Object Repository/Page_Town Square - abc Mattermost/input_Team Name_teamName"), var_teamname): Text 'test4' is set on object 'Object Repository/Page_Town Square - abc Mattermost/input_Team Name_teamName'

2021-05-29 00:03:42 - [MESSAGE][PASSED] - Text 'test4' is set on object 'Object Repository/Page_Town Square - abc Mattermost/input_Team Name_teamName'

2021-05-29 00:03:42 - [TEST_STEP][PASSED] - click(findTestObject("Object Repository/Page_Town Square - abc Mattermost/span_Save")): Object: 'Object Repository/Page_Town Square - abc Mattermost/span_Save' is clicked on

2021-05-29 00:03:43 - [MESSAGE][PASSED] - Object: 'Object Repository/Page_Town Square - abc Mattermost/span_Save' is clicked on

2021-05-29 00:03:43 - [TEST_STEP][PASSED] - newTeamName = getText(findTestObject("Object Repository/Page_Town Square - abc1 Mattermost/div_abc1")): Text of object 'Object Repository/Page_Town Square - abc1 Mattermost/div_abc1' is: 'test4'

2021-05-29 00:03:44 - [MESSAGE][PASSED] - Text of object 'Object Repository/Page_Town Square - abc1 Mattermost/div_abc1' is: 'test4'

2021-05-29 00:03:44 - [TEST_STEP][PASSED] - if (newTeamName != var_teamname.toString()): null

2021-05-29 00:03:44 - [TEST_STEP][PASSED] - closeBrowser(): Browser is closed

2021-05-29 00:03:44 - [MESSAGE][PASSED] - Browser is closed]]></system-out>
         <system-err><![CDATA[]]></system-err>
      </testcase>
      <testcase name="Test Cases/1712666/TC13_UpdateTeamName" time="18.451" classname="Test Cases/1712666/TC13_UpdateTeamName" status="PASSED">
         <system-out><![CDATA[2021-05-29 00:03:44 - [TEST_CASE][PASSED] - Test Cases/1712666/TC13_UpdateTeamName: Test Cases/1712666/TC13_UpdateTeamName

2021-05-29 00:03:44 - [TEST_STEP][PASSED] - openBrowser(""): Browser is opened with url: ''

2021-05-29 00:03:44 - [MESSAGE][INFO] - Starting 'Chrome' driver

2021-05-29 00:03:44 - [MESSAGE][INFO] - Action delay is set to 0 milliseconds

2021-05-29 00:03:46 - [MESSAGE][PASSED] - Browser is opened with url: ''

2021-05-29 00:03:46 - [TEST_STEP][PASSED] - navigateToUrl("https://mattermostwebapp.herokuapp.com/"): Navigate to 'https://mattermostwebapp.herokuapp.com/' successfully

2021-05-29 00:03:49 - [MESSAGE][PASSED] - Navigate to 'https://mattermostwebapp.herokuapp.com/' successfully

2021-05-29 00:03:49 - [TEST_STEP][PASSED] - callTestCase(findTestCase("1712666/CommonTC/CTC_Login"), ["var_username":"phuc", "var_password":"CSt51UwWECc="]): Call Test Case 'Test Cases/1712666/CommonTC/CTC_Login' successfully

2021-05-29 00:03:49 - [TEST_CASE][PASSED] - Test Cases/1712666/CommonTC/CTC_Login: Test Cases/1712666/CommonTC/CTC_Login

2021-05-29 00:03:49 - [TEST_STEP][PASSED] - setText(findTestObject("Object Repository/1412263_Page_Mattermost/input_All team communication in one place, _dcc84b"), var_username): Text 'phuc' is set on object 'Object Repository/1412263_Page_Mattermost/input_All team communication in one place, _dcc84b'

2021-05-29 00:03:53 - [MESSAGE][PASSED] - Text 'phuc' is set on object 'Object Repository/1412263_Page_Mattermost/input_All team communication in one place, _dcc84b'

2021-05-29 00:03:53 - [TEST_STEP][PASSED] - setEncryptedText(findTestObject("Object Repository/1412263_Page_Mattermost/input_All team communication in one place, _a3edc6"), var_password): Text ****** has been set on object 'Object Repository/1412263_Page_Mattermost/input_All team communication in one place, _a3edc6'

2021-05-29 00:03:54 - [MESSAGE][PASSED] - Text ****** has been set on object 'Object Repository/1412263_Page_Mattermost/input_All team communication in one place, _a3edc6'

2021-05-29 00:03:54 - [TEST_STEP][PASSED] - click(findTestObject("Object Repository/1412263_Page_Mattermost/span_Sign in")): Object: 'Object Repository/1412263_Page_Mattermost/span_Sign in' is clicked on

2021-05-29 00:03:54 - [MESSAGE][PASSED] - Object: 'Object Repository/1412263_Page_Mattermost/span_Sign in' is clicked on

2021-05-29 00:03:54 - [MESSAGE][PASSED] - Call Test Case 'Test Cases/1712666/CommonTC/CTC_Login' successfully

2021-05-29 00:03:54 - [TEST_STEP][PASSED] - click(findTestObject("Object Repository/Page_Town Square - abc Mattermost/div_phuc (2)")): Object: 'Object Repository/Page_Town Square - abc Mattermost/div_phuc (2)' is clicked on

2021-05-29 00:03:58 - [MESSAGE][PASSED] - Object: 'Object Repository/Page_Town Square - abc Mattermost/div_phuc (2)' is clicked on

2021-05-29 00:03:58 - [TEST_STEP][PASSED] - click(findTestObject("Object Repository/Page_Town Square - abc Mattermost/span_Team Settings")): Object: 'Object Repository/Page_Town Square - abc Mattermost/span_Team Settings' is clicked on

2021-05-29 00:03:58 - [MESSAGE][PASSED] - Object: 'Object Repository/Page_Town Square - abc Mattermost/span_Team Settings' is clicked on

2021-05-29 00:03:58 - [TEST_STEP][PASSED] - click(findTestObject("Object Repository/Page_Town Square - abc Mattermost/span_Edit")): Object: 'Object Repository/Page_Town Square - abc Mattermost/span_Edit' is clicked on

2021-05-29 00:03:59 - [MESSAGE][PASSED] - Object: 'Object Repository/Page_Town Square - abc Mattermost/span_Edit' is clicked on

2021-05-29 00:03:59 - [TEST_STEP][PASSED] - doubleClick(findTestObject("Object Repository/Page_Town Square - abc Mattermost/input_Team Name_teamName")): Object: 'Object Repository/Page_Town Square - abc Mattermost/input_Team Name_teamName' is double clicked on

2021-05-29 00:04:00 - [MESSAGE][PASSED] - Object: 'Object Repository/Page_Town Square - abc Mattermost/input_Team Name_teamName' is double clicked on

2021-05-29 00:04:00 - [TEST_STEP][PASSED] - setText(findTestObject("Object Repository/Page_Town Square - abc Mattermost/input_Team Name_teamName"), var_teamname): Text 'test5' is set on object 'Object Repository/Page_Town Square - abc Mattermost/input_Team Name_teamName'

2021-05-29 00:04:01 - [MESSAGE][PASSED] - Text 'test5' is set on object 'Object Repository/Page_Town Square - abc Mattermost/input_Team Name_teamName'

2021-05-29 00:04:01 - [TEST_STEP][PASSED] - click(findTestObject("Object Repository/Page_Town Square - abc Mattermost/span_Save")): Object: 'Object Repository/Page_Town Square - abc Mattermost/span_Save' is clicked on

2021-05-29 00:04:01 - [MESSAGE][PASSED] - Object: 'Object Repository/Page_Town Square - abc Mattermost/span_Save' is clicked on

2021-05-29 00:04:01 - [TEST_STEP][PASSED] - newTeamName = getText(findTestObject("Object Repository/Page_Town Square - abc1 Mattermost/div_abc1")): Text of object 'Object Repository/Page_Town Square - abc1 Mattermost/div_abc1' is: 'test5'

2021-05-29 00:04:02 - [MESSAGE][PASSED] - Text of object 'Object Repository/Page_Town Square - abc1 Mattermost/div_abc1' is: 'test5'

2021-05-29 00:04:02 - [TEST_STEP][PASSED] - if (newTeamName != var_teamname.toString()): null

2021-05-29 00:04:02 - [TEST_STEP][PASSED] - closeBrowser(): Browser is closed

2021-05-29 00:04:03 - [MESSAGE][PASSED] - Browser is closed]]></system-out>
         <system-err><![CDATA[]]></system-err>
      </testcase>
      <testcase name="Test Cases/1712666/TC14_UpdateTeamDescription" time="19.021" classname="Test Cases/1712666/TC14_UpdateTeamDescription" status="PASSED">
         <system-out><![CDATA[2021-05-29 00:04:03 - [TEST_CASE][PASSED] - Test Cases/1712666/TC14_UpdateTeamDescription: Test Cases/1712666/TC14_UpdateTeamDescription

2021-05-29 00:04:03 - [TEST_STEP][PASSED] - openBrowser(""): Browser is opened with url: ''

2021-05-29 00:04:03 - [MESSAGE][INFO] - Starting 'Chrome' driver

2021-05-29 00:04:03 - [MESSAGE][INFO] - Action delay is set to 0 milliseconds

2021-05-29 00:04:05 - [MESSAGE][PASSED] - Browser is opened with url: ''

2021-05-29 00:04:05 - [TEST_STEP][PASSED] - navigateToUrl("https://mattermostwebapp.herokuapp.com/"): Navigate to 'https://mattermostwebapp.herokuapp.com/' successfully

2021-05-29 00:04:08 - [MESSAGE][PASSED] - Navigate to 'https://mattermostwebapp.herokuapp.com/' successfully

2021-05-29 00:04:08 - [TEST_STEP][PASSED] - callTestCase(findTestCase("1712666/CommonTC/CTC_Login"), ["var_username":"phuc", "var_password":"CSt51UwWECc="]): Call Test Case 'Test Cases/1712666/CommonTC/CTC_Login' successfully

2021-05-29 00:04:08 - [TEST_CASE][PASSED] - Test Cases/1712666/CommonTC/CTC_Login: Test Cases/1712666/CommonTC/CTC_Login

2021-05-29 00:04:08 - [TEST_STEP][PASSED] - setText(findTestObject("Object Repository/1412263_Page_Mattermost/input_All team communication in one place, _dcc84b"), var_username): Text 'phuc' is set on object 'Object Repository/1412263_Page_Mattermost/input_All team communication in one place, _dcc84b'

2021-05-29 00:04:13 - [MESSAGE][PASSED] - Text 'phuc' is set on object 'Object Repository/1412263_Page_Mattermost/input_All team communication in one place, _dcc84b'

2021-05-29 00:04:13 - [TEST_STEP][PASSED] - setEncryptedText(findTestObject("Object Repository/1412263_Page_Mattermost/input_All team communication in one place, _a3edc6"), var_password): Text ****** has been set on object 'Object Repository/1412263_Page_Mattermost/input_All team communication in one place, _a3edc6'

2021-05-29 00:04:13 - [MESSAGE][PASSED] - Text ****** has been set on object 'Object Repository/1412263_Page_Mattermost/input_All team communication in one place, _a3edc6'

2021-05-29 00:04:13 - [TEST_STEP][PASSED] - click(findTestObject("Object Repository/1412263_Page_Mattermost/span_Sign in")): Object: 'Object Repository/1412263_Page_Mattermost/span_Sign in' is clicked on

2021-05-29 00:04:14 - [MESSAGE][PASSED] - Object: 'Object Repository/1412263_Page_Mattermost/span_Sign in' is clicked on

2021-05-29 00:04:14 - [MESSAGE][PASSED] - Call Test Case 'Test Cases/1712666/CommonTC/CTC_Login' successfully

2021-05-29 00:04:14 - [TEST_STEP][PASSED] - click(findTestObject("Object Repository/Page_Town Square - test2 Mattermost/div_phuc")): Object: 'Object Repository/Page_Town Square - test2 Mattermost/div_phuc' is clicked on

2021-05-29 00:04:17 - [MESSAGE][PASSED] - Object: 'Object Repository/Page_Town Square - test2 Mattermost/div_phuc' is clicked on

2021-05-29 00:04:17 - [TEST_STEP][PASSED] - click(findTestObject("Object Repository/Page_Town Square - test2 Mattermost/span_Team Settings")): Object: 'Object Repository/Page_Town Square - test2 Mattermost/span_Team Settings' is clicked on

2021-05-29 00:04:18 - [MESSAGE][PASSED] - Object: 'Object Repository/Page_Town Square - test2 Mattermost/span_Team Settings' is clicked on

2021-05-29 00:04:18 - [TEST_STEP][PASSED] - click(findTestObject("Object Repository/Page_Town Square - test2 Mattermost/span_Edit")): Object: 'Object Repository/Page_Town Square - test2 Mattermost/span_Edit' is clicked on

2021-05-29 00:04:19 - [MESSAGE][PASSED] - Object: 'Object Repository/Page_Town Square - test2 Mattermost/span_Edit' is clicked on

2021-05-29 00:04:19 - [TEST_STEP][PASSED] - setText(findTestObject("Object Repository/Page_Town Square - test2 Mattermost/input_Team Description_teamDescription"), var_teamDescription): Text 'team description 1' is set on object 'Object Repository/Page_Town Square - test2 Mattermost/input_Team Description_teamDescription'

2021-05-29 00:04:20 - [MESSAGE][PASSED] - Text 'team description 1' is set on object 'Object Repository/Page_Town Square - test2 Mattermost/input_Team Description_teamDescription'

2021-05-29 00:04:20 - [TEST_STEP][PASSED] - click(findTestObject("Object Repository/Page_Town Square - test2 Mattermost/span_Save")): Object: 'Object Repository/Page_Town Square - test2 Mattermost/span_Save' is clicked on

2021-05-29 00:04:20 - [MESSAGE][PASSED] - Object: 'Object Repository/Page_Town Square - test2 Mattermost/span_Save' is clicked on

2021-05-29 00:04:20 - [TEST_STEP][PASSED] - newTeamDescription = getText(findTestObject("Object Repository/Page_Town Square - test2 Mattermost/div_test")): Text of object 'Object Repository/Page_Town Square - test2 Mattermost/div_test' is: 'team description 1'

2021-05-29 00:04:21 - [MESSAGE][PASSED] - Text of object 'Object Repository/Page_Town Square - test2 Mattermost/div_test' is: 'team description 1'

2021-05-29 00:04:21 - [TEST_STEP][PASSED] - if (newTeamDescription != var_teamDescription.toString()): null

2021-05-29 00:04:21 - [TEST_STEP][PASSED] - closeBrowser(): Browser is closed

2021-05-29 00:04:22 - [MESSAGE][PASSED] - Browser is closed]]></system-out>
         <system-err><![CDATA[]]></system-err>
      </testcase>
      <testcase name="Test Cases/1712666/TC14_UpdateTeamDescription" time="23.146" classname="Test Cases/1712666/TC14_UpdateTeamDescription" status="PASSED">
         <system-out><![CDATA[2021-05-29 00:04:22 - [TEST_CASE][PASSED] - Test Cases/1712666/TC14_UpdateTeamDescription: Test Cases/1712666/TC14_UpdateTeamDescription

2021-05-29 00:04:22 - [TEST_STEP][PASSED] - openBrowser(""): Browser is opened with url: ''

2021-05-29 00:04:22 - [MESSAGE][INFO] - Starting 'Chrome' driver

2021-05-29 00:04:22 - [MESSAGE][INFO] - Action delay is set to 0 milliseconds

2021-05-29 00:04:23 - [MESSAGE][PASSED] - Browser is opened with url: ''

2021-05-29 00:04:23 - [TEST_STEP][PASSED] - navigateToUrl("https://mattermostwebapp.herokuapp.com/"): Navigate to 'https://mattermostwebapp.herokuapp.com/' successfully

2021-05-29 00:04:28 - [MESSAGE][PASSED] - Navigate to 'https://mattermostwebapp.herokuapp.com/' successfully

2021-05-29 00:04:28 - [TEST_STEP][PASSED] - callTestCase(findTestCase("1712666/CommonTC/CTC_Login"), ["var_username":"phuc", "var_password":"CSt51UwWECc="]): Call Test Case 'Test Cases/1712666/CommonTC/CTC_Login' successfully

2021-05-29 00:04:28 - [TEST_CASE][PASSED] - Test Cases/1712666/CommonTC/CTC_Login: Test Cases/1712666/CommonTC/CTC_Login

2021-05-29 00:04:28 - [TEST_STEP][PASSED] - setText(findTestObject("Object Repository/1412263_Page_Mattermost/input_All team communication in one place, _dcc84b"), var_username): Text 'phuc' is set on object 'Object Repository/1412263_Page_Mattermost/input_All team communication in one place, _dcc84b'

2021-05-29 00:04:35 - [MESSAGE][PASSED] - Text 'phuc' is set on object 'Object Repository/1412263_Page_Mattermost/input_All team communication in one place, _dcc84b'

2021-05-29 00:04:35 - [TEST_STEP][PASSED] - setEncryptedText(findTestObject("Object Repository/1412263_Page_Mattermost/input_All team communication in one place, _a3edc6"), var_password): Text ****** has been set on object 'Object Repository/1412263_Page_Mattermost/input_All team communication in one place, _a3edc6'

2021-05-29 00:04:36 - [MESSAGE][PASSED] - Text ****** has been set on object 'Object Repository/1412263_Page_Mattermost/input_All team communication in one place, _a3edc6'

2021-05-29 00:04:36 - [TEST_STEP][PASSED] - click(findTestObject("Object Repository/1412263_Page_Mattermost/span_Sign in")): Object: 'Object Repository/1412263_Page_Mattermost/span_Sign in' is clicked on

2021-05-29 00:04:37 - [MESSAGE][PASSED] - Object: 'Object Repository/1412263_Page_Mattermost/span_Sign in' is clicked on

2021-05-29 00:04:37 - [MESSAGE][PASSED] - Call Test Case 'Test Cases/1712666/CommonTC/CTC_Login' successfully

2021-05-29 00:04:37 - [TEST_STEP][PASSED] - click(findTestObject("Object Repository/Page_Town Square - test2 Mattermost/div_phuc")): Object: 'Object Repository/Page_Town Square - test2 Mattermost/div_phuc' is clicked on

2021-05-29 00:04:41 - [MESSAGE][PASSED] - Object: 'Object Repository/Page_Town Square - test2 Mattermost/div_phuc' is clicked on

2021-05-29 00:04:41 - [TEST_STEP][PASSED] - click(findTestObject("Object Repository/Page_Town Square - test2 Mattermost/span_Team Settings")): Object: 'Object Repository/Page_Town Square - test2 Mattermost/span_Team Settings' is clicked on

2021-05-29 00:04:41 - [MESSAGE][PASSED] - Object: 'Object Repository/Page_Town Square - test2 Mattermost/span_Team Settings' is clicked on

2021-05-29 00:04:41 - [TEST_STEP][PASSED] - click(findTestObject("Object Repository/Page_Town Square - test2 Mattermost/span_Edit")): Object: 'Object Repository/Page_Town Square - test2 Mattermost/span_Edit' is clicked on

2021-05-29 00:04:42 - [MESSAGE][PASSED] - Object: 'Object Repository/Page_Town Square - test2 Mattermost/span_Edit' is clicked on

2021-05-29 00:04:42 - [TEST_STEP][PASSED] - setText(findTestObject("Object Repository/Page_Town Square - test2 Mattermost/input_Team Description_teamDescription"), var_teamDescription): Text 'team desciption 2' is set on object 'Object Repository/Page_Town Square - test2 Mattermost/input_Team Description_teamDescription'

2021-05-29 00:04:43 - [MESSAGE][PASSED] - Text 'team desciption 2' is set on object 'Object Repository/Page_Town Square - test2 Mattermost/input_Team Description_teamDescription'

2021-05-29 00:04:43 - [TEST_STEP][PASSED] - click(findTestObject("Object Repository/Page_Town Square - test2 Mattermost/span_Save")): Object: 'Object Repository/Page_Town Square - test2 Mattermost/span_Save' is clicked on

2021-05-29 00:04:43 - [MESSAGE][PASSED] - Object: 'Object Repository/Page_Town Square - test2 Mattermost/span_Save' is clicked on

2021-05-29 00:04:43 - [TEST_STEP][PASSED] - newTeamDescription = getText(findTestObject("Object Repository/Page_Town Square - test2 Mattermost/div_test")): Text of object 'Object Repository/Page_Town Square - test2 Mattermost/div_test' is: 'team desciption 2'

2021-05-29 00:04:44 - [MESSAGE][PASSED] - Text of object 'Object Repository/Page_Town Square - test2 Mattermost/div_test' is: 'team desciption 2'

2021-05-29 00:04:44 - [TEST_STEP][PASSED] - if (newTeamDescription != var_teamDescription.toString()): null

2021-05-29 00:04:44 - [TEST_STEP][PASSED] - closeBrowser(): Browser is closed

2021-05-29 00:04:45 - [MESSAGE][PASSED] - Browser is closed]]></system-out>
         <system-err><![CDATA[]]></system-err>
      </testcase>
      <testcase name="Test Cases/1712666/TC14_UpdateTeamDescription" time="18.831" classname="Test Cases/1712666/TC14_UpdateTeamDescription" status="PASSED">
         <system-out><![CDATA[2021-05-29 00:04:45 - [TEST_CASE][PASSED] - Test Cases/1712666/TC14_UpdateTeamDescription: Test Cases/1712666/TC14_UpdateTeamDescription

2021-05-29 00:04:45 - [TEST_STEP][PASSED] - openBrowser(""): Browser is opened with url: ''

2021-05-29 00:04:45 - [MESSAGE][INFO] - Starting 'Chrome' driver

2021-05-29 00:04:45 - [MESSAGE][INFO] - Action delay is set to 0 milliseconds

2021-05-29 00:04:47 - [MESSAGE][PASSED] - Browser is opened with url: ''

2021-05-29 00:04:47 - [TEST_STEP][PASSED] - navigateToUrl("https://mattermostwebapp.herokuapp.com/"): Navigate to 'https://mattermostwebapp.herokuapp.com/' successfully

2021-05-29 00:04:50 - [MESSAGE][PASSED] - Navigate to 'https://mattermostwebapp.herokuapp.com/' successfully

2021-05-29 00:04:50 - [TEST_STEP][PASSED] - callTestCase(findTestCase("1712666/CommonTC/CTC_Login"), ["var_username":"phuc", "var_password":"CSt51UwWECc="]): Call Test Case 'Test Cases/1712666/CommonTC/CTC_Login' successfully

2021-05-29 00:04:50 - [TEST_CASE][PASSED] - Test Cases/1712666/CommonTC/CTC_Login: Test Cases/1712666/CommonTC/CTC_Login

2021-05-29 00:04:50 - [TEST_STEP][PASSED] - setText(findTestObject("Object Repository/1412263_Page_Mattermost/input_All team communication in one place, _dcc84b"), var_username): Text 'phuc' is set on object 'Object Repository/1412263_Page_Mattermost/input_All team communication in one place, _dcc84b'

2021-05-29 00:04:55 - [MESSAGE][PASSED] - Text 'phuc' is set on object 'Object Repository/1412263_Page_Mattermost/input_All team communication in one place, _dcc84b'

2021-05-29 00:04:55 - [TEST_STEP][PASSED] - setEncryptedText(findTestObject("Object Repository/1412263_Page_Mattermost/input_All team communication in one place, _a3edc6"), var_password): Text ****** has been set on object 'Object Repository/1412263_Page_Mattermost/input_All team communication in one place, _a3edc6'

2021-05-29 00:04:55 - [MESSAGE][PASSED] - Text ****** has been set on object 'Object Repository/1412263_Page_Mattermost/input_All team communication in one place, _a3edc6'

2021-05-29 00:04:55 - [TEST_STEP][PASSED] - click(findTestObject("Object Repository/1412263_Page_Mattermost/span_Sign in")): Object: 'Object Repository/1412263_Page_Mattermost/span_Sign in' is clicked on

2021-05-29 00:04:56 - [MESSAGE][PASSED] - Object: 'Object Repository/1412263_Page_Mattermost/span_Sign in' is clicked on

2021-05-29 00:04:56 - [MESSAGE][PASSED] - Call Test Case 'Test Cases/1712666/CommonTC/CTC_Login' successfully

2021-05-29 00:04:56 - [TEST_STEP][PASSED] - click(findTestObject("Object Repository/Page_Town Square - test2 Mattermost/div_phuc")): Object: 'Object Repository/Page_Town Square - test2 Mattermost/div_phuc' is clicked on

2021-05-29 00:04:59 - [MESSAGE][PASSED] - Object: 'Object Repository/Page_Town Square - test2 Mattermost/div_phuc' is clicked on

2021-05-29 00:04:59 - [TEST_STEP][PASSED] - click(findTestObject("Object Repository/Page_Town Square - test2 Mattermost/span_Team Settings")): Object: 'Object Repository/Page_Town Square - test2 Mattermost/span_Team Settings' is clicked on

2021-05-29 00:05:00 - [MESSAGE][PASSED] - Object: 'Object Repository/Page_Town Square - test2 Mattermost/span_Team Settings' is clicked on

2021-05-29 00:05:00 - [TEST_STEP][PASSED] - click(findTestObject("Object Repository/Page_Town Square - test2 Mattermost/span_Edit")): Object: 'Object Repository/Page_Town Square - test2 Mattermost/span_Edit' is clicked on

2021-05-29 00:05:01 - [MESSAGE][PASSED] - Object: 'Object Repository/Page_Town Square - test2 Mattermost/span_Edit' is clicked on

2021-05-29 00:05:01 - [TEST_STEP][PASSED] - setText(findTestObject("Object Repository/Page_Town Square - test2 Mattermost/input_Team Description_teamDescription"), var_teamDescription): Text 'team desciption 3' is set on object 'Object Repository/Page_Town Square - test2 Mattermost/input_Team Description_teamDescription'

2021-05-29 00:05:02 - [MESSAGE][PASSED] - Text 'team desciption 3' is set on object 'Object Repository/Page_Town Square - test2 Mattermost/input_Team Description_teamDescription'

2021-05-29 00:05:02 - [TEST_STEP][PASSED] - click(findTestObject("Object Repository/Page_Town Square - test2 Mattermost/span_Save")): Object: 'Object Repository/Page_Town Square - test2 Mattermost/span_Save' is clicked on

2021-05-29 00:05:02 - [MESSAGE][PASSED] - Object: 'Object Repository/Page_Town Square - test2 Mattermost/span_Save' is clicked on

2021-05-29 00:05:02 - [TEST_STEP][PASSED] - newTeamDescription = getText(findTestObject("Object Repository/Page_Town Square - test2 Mattermost/div_test")): Text of object 'Object Repository/Page_Town Square - test2 Mattermost/div_test' is: 'team desciption 3'

2021-05-29 00:05:03 - [MESSAGE][PASSED] - Text of object 'Object Repository/Page_Town Square - test2 Mattermost/div_test' is: 'team desciption 3'

2021-05-29 00:05:03 - [TEST_STEP][PASSED] - if (newTeamDescription != var_teamDescription.toString()): null

2021-05-29 00:05:03 - [TEST_STEP][PASSED] - closeBrowser(): Browser is closed

2021-05-29 00:05:04 - [MESSAGE][PASSED] - Browser is closed]]></system-out>
         <system-err><![CDATA[]]></system-err>
      </testcase>
      <testcase name="Test Cases/1712666/TC14_UpdateTeamDescription" time="21.646" classname="Test Cases/1712666/TC14_UpdateTeamDescription" status="PASSED">
         <system-out><![CDATA[2021-05-29 00:05:04 - [TEST_CASE][PASSED] - Test Cases/1712666/TC14_UpdateTeamDescription: Test Cases/1712666/TC14_UpdateTeamDescription

2021-05-29 00:05:04 - [TEST_STEP][PASSED] - openBrowser(""): Browser is opened with url: ''

2021-05-29 00:05:04 - [MESSAGE][INFO] - Starting 'Chrome' driver

2021-05-29 00:05:04 - [MESSAGE][INFO] - Action delay is set to 0 milliseconds

2021-05-29 00:05:05 - [MESSAGE][PASSED] - Browser is opened with url: ''

2021-05-29 00:05:05 - [TEST_STEP][PASSED] - navigateToUrl("https://mattermostwebapp.herokuapp.com/"): Navigate to 'https://mattermostwebapp.herokuapp.com/' successfully

2021-05-29 00:05:11 - [MESSAGE][PASSED] - Navigate to 'https://mattermostwebapp.herokuapp.com/' successfully

2021-05-29 00:05:11 - [TEST_STEP][PASSED] - callTestCase(findTestCase("1712666/CommonTC/CTC_Login"), ["var_username":"phuc", "var_password":"CSt51UwWECc="]): Call Test Case 'Test Cases/1712666/CommonTC/CTC_Login' successfully

2021-05-29 00:05:11 - [TEST_CASE][PASSED] - Test Cases/1712666/CommonTC/CTC_Login: Test Cases/1712666/CommonTC/CTC_Login

2021-05-29 00:05:11 - [TEST_STEP][PASSED] - setText(findTestObject("Object Repository/1412263_Page_Mattermost/input_All team communication in one place, _dcc84b"), var_username): Text 'phuc' is set on object 'Object Repository/1412263_Page_Mattermost/input_All team communication in one place, _dcc84b'

2021-05-29 00:05:16 - [MESSAGE][PASSED] - Text 'phuc' is set on object 'Object Repository/1412263_Page_Mattermost/input_All team communication in one place, _dcc84b'

2021-05-29 00:05:16 - [TEST_STEP][PASSED] - setEncryptedText(findTestObject("Object Repository/1412263_Page_Mattermost/input_All team communication in one place, _a3edc6"), var_password): Text ****** has been set on object 'Object Repository/1412263_Page_Mattermost/input_All team communication in one place, _a3edc6'

2021-05-29 00:05:16 - [MESSAGE][PASSED] - Text ****** has been set on object 'Object Repository/1412263_Page_Mattermost/input_All team communication in one place, _a3edc6'

2021-05-29 00:05:16 - [TEST_STEP][PASSED] - click(findTestObject("Object Repository/1412263_Page_Mattermost/span_Sign in")): Object: 'Object Repository/1412263_Page_Mattermost/span_Sign in' is clicked on

2021-05-29 00:05:17 - [MESSAGE][PASSED] - Object: 'Object Repository/1412263_Page_Mattermost/span_Sign in' is clicked on

2021-05-29 00:05:17 - [MESSAGE][PASSED] - Call Test Case 'Test Cases/1712666/CommonTC/CTC_Login' successfully

2021-05-29 00:05:17 - [TEST_STEP][PASSED] - click(findTestObject("Object Repository/Page_Town Square - test2 Mattermost/div_phuc")): Object: 'Object Repository/Page_Town Square - test2 Mattermost/div_phuc' is clicked on

2021-05-29 00:05:21 - [MESSAGE][PASSED] - Object: 'Object Repository/Page_Town Square - test2 Mattermost/div_phuc' is clicked on

2021-05-29 00:05:21 - [TEST_STEP][PASSED] - click(findTestObject("Object Repository/Page_Town Square - test2 Mattermost/span_Team Settings")): Object: 'Object Repository/Page_Town Square - test2 Mattermost/span_Team Settings' is clicked on

2021-05-29 00:05:21 - [MESSAGE][PASSED] - Object: 'Object Repository/Page_Town Square - test2 Mattermost/span_Team Settings' is clicked on

2021-05-29 00:05:21 - [TEST_STEP][PASSED] - click(findTestObject("Object Repository/Page_Town Square - test2 Mattermost/span_Edit")): Object: 'Object Repository/Page_Town Square - test2 Mattermost/span_Edit' is clicked on

2021-05-29 00:05:22 - [MESSAGE][PASSED] - Object: 'Object Repository/Page_Town Square - test2 Mattermost/span_Edit' is clicked on

2021-05-29 00:05:22 - [TEST_STEP][PASSED] - setText(findTestObject("Object Repository/Page_Town Square - test2 Mattermost/input_Team Description_teamDescription"), var_teamDescription): Text 'team desciption 4' is set on object 'Object Repository/Page_Town Square - test2 Mattermost/input_Team Description_teamDescription'

2021-05-29 00:05:23 - [MESSAGE][PASSED] - Text 'team desciption 4' is set on object 'Object Repository/Page_Town Square - test2 Mattermost/input_Team Description_teamDescription'

2021-05-29 00:05:23 - [TEST_STEP][PASSED] - click(findTestObject("Object Repository/Page_Town Square - test2 Mattermost/span_Save")): Object: 'Object Repository/Page_Town Square - test2 Mattermost/span_Save' is clicked on

2021-05-29 00:05:24 - [MESSAGE][PASSED] - Object: 'Object Repository/Page_Town Square - test2 Mattermost/span_Save' is clicked on

2021-05-29 00:05:24 - [TEST_STEP][PASSED] - newTeamDescription = getText(findTestObject("Object Repository/Page_Town Square - test2 Mattermost/div_test")): Text of object 'Object Repository/Page_Town Square - test2 Mattermost/div_test' is: 'team desciption 4'

2021-05-29 00:05:25 - [MESSAGE][PASSED] - Text of object 'Object Repository/Page_Town Square - test2 Mattermost/div_test' is: 'team desciption 4'

2021-05-29 00:05:25 - [TEST_STEP][PASSED] - if (newTeamDescription != var_teamDescription.toString()): null

2021-05-29 00:05:25 - [TEST_STEP][PASSED] - closeBrowser(): Browser is closed

2021-05-29 00:05:26 - [MESSAGE][PASSED] - Browser is closed]]></system-out>
         <system-err><![CDATA[]]></system-err>
      </testcase>
      <testcase name="Test Cases/1712666/TC14_UpdateTeamDescription" time="19.45" classname="Test Cases/1712666/TC14_UpdateTeamDescription" status="PASSED">
         <system-out><![CDATA[2021-05-29 00:05:26 - [TEST_CASE][PASSED] - Test Cases/1712666/TC14_UpdateTeamDescription: Test Cases/1712666/TC14_UpdateTeamDescription

2021-05-29 00:05:26 - [TEST_STEP][PASSED] - openBrowser(""): Browser is opened with url: ''

2021-05-29 00:05:26 - [MESSAGE][INFO] - Starting 'Chrome' driver

2021-05-29 00:05:26 - [MESSAGE][INFO] - Action delay is set to 0 milliseconds

2021-05-29 00:05:27 - [MESSAGE][PASSED] - Browser is opened with url: ''

2021-05-29 00:05:27 - [TEST_STEP][PASSED] - navigateToUrl("https://mattermostwebapp.herokuapp.com/"): Navigate to 'https://mattermostwebapp.herokuapp.com/' successfully

2021-05-29 00:05:31 - [MESSAGE][PASSED] - Navigate to 'https://mattermostwebapp.herokuapp.com/' successfully

2021-05-29 00:05:31 - [TEST_STEP][PASSED] - callTestCase(findTestCase("1712666/CommonTC/CTC_Login"), ["var_username":"phuc", "var_password":"CSt51UwWECc="]): Call Test Case 'Test Cases/1712666/CommonTC/CTC_Login' successfully

2021-05-29 00:05:31 - [TEST_CASE][PASSED] - Test Cases/1712666/CommonTC/CTC_Login: Test Cases/1712666/CommonTC/CTC_Login

2021-05-29 00:05:31 - [TEST_STEP][PASSED] - setText(findTestObject("Object Repository/1412263_Page_Mattermost/input_All team communication in one place, _dcc84b"), var_username): Text 'phuc' is set on object 'Object Repository/1412263_Page_Mattermost/input_All team communication in one place, _dcc84b'

2021-05-29 00:05:36 - [MESSAGE][PASSED] - Text 'phuc' is set on object 'Object Repository/1412263_Page_Mattermost/input_All team communication in one place, _dcc84b'

2021-05-29 00:05:36 - [TEST_STEP][PASSED] - setEncryptedText(findTestObject("Object Repository/1412263_Page_Mattermost/input_All team communication in one place, _a3edc6"), var_password): Text ****** has been set on object 'Object Repository/1412263_Page_Mattermost/input_All team communication in one place, _a3edc6'

2021-05-29 00:05:37 - [MESSAGE][PASSED] - Text ****** has been set on object 'Object Repository/1412263_Page_Mattermost/input_All team communication in one place, _a3edc6'

2021-05-29 00:05:37 - [TEST_STEP][PASSED] - click(findTestObject("Object Repository/1412263_Page_Mattermost/span_Sign in")): Object: 'Object Repository/1412263_Page_Mattermost/span_Sign in' is clicked on

2021-05-29 00:05:37 - [MESSAGE][PASSED] - Object: 'Object Repository/1412263_Page_Mattermost/span_Sign in' is clicked on

2021-05-29 00:05:37 - [MESSAGE][PASSED] - Call Test Case 'Test Cases/1712666/CommonTC/CTC_Login' successfully

2021-05-29 00:05:37 - [TEST_STEP][PASSED] - click(findTestObject("Object Repository/Page_Town Square - test2 Mattermost/div_phuc")): Object: 'Object Repository/Page_Town Square - test2 Mattermost/div_phuc' is clicked on

2021-05-29 00:05:41 - [MESSAGE][PASSED] - Object: 'Object Repository/Page_Town Square - test2 Mattermost/div_phuc' is clicked on

2021-05-29 00:05:41 - [TEST_STEP][PASSED] - click(findTestObject("Object Repository/Page_Town Square - test2 Mattermost/span_Team Settings")): Object: 'Object Repository/Page_Town Square - test2 Mattermost/span_Team Settings' is clicked on

2021-05-29 00:05:41 - [MESSAGE][PASSED] - Object: 'Object Repository/Page_Town Square - test2 Mattermost/span_Team Settings' is clicked on

2021-05-29 00:05:41 - [TEST_STEP][PASSED] - click(findTestObject("Object Repository/Page_Town Square - test2 Mattermost/span_Edit")): Object: 'Object Repository/Page_Town Square - test2 Mattermost/span_Edit' is clicked on

2021-05-29 00:05:42 - [MESSAGE][PASSED] - Object: 'Object Repository/Page_Town Square - test2 Mattermost/span_Edit' is clicked on

2021-05-29 00:05:42 - [TEST_STEP][PASSED] - setText(findTestObject("Object Repository/Page_Town Square - test2 Mattermost/input_Team Description_teamDescription"), var_teamDescription): Text 'team desciption 5' is set on object 'Object Repository/Page_Town Square - test2 Mattermost/input_Team Description_teamDescription'

2021-05-29 00:05:43 - [MESSAGE][PASSED] - Text 'team desciption 5' is set on object 'Object Repository/Page_Town Square - test2 Mattermost/input_Team Description_teamDescription'

2021-05-29 00:05:43 - [TEST_STEP][PASSED] - click(findTestObject("Object Repository/Page_Town Square - test2 Mattermost/span_Save")): Object: 'Object Repository/Page_Town Square - test2 Mattermost/span_Save' is clicked on

2021-05-29 00:05:43 - [MESSAGE][PASSED] - Object: 'Object Repository/Page_Town Square - test2 Mattermost/span_Save' is clicked on

2021-05-29 00:05:43 - [TEST_STEP][PASSED] - newTeamDescription = getText(findTestObject("Object Repository/Page_Town Square - test2 Mattermost/div_test")): Text of object 'Object Repository/Page_Town Square - test2 Mattermost/div_test' is: 'team desciption 5'

2021-05-29 00:05:44 - [MESSAGE][PASSED] - Text of object 'Object Repository/Page_Town Square - test2 Mattermost/div_test' is: 'team desciption 5'

2021-05-29 00:05:44 - [TEST_STEP][PASSED] - if (newTeamDescription != var_teamDescription.toString()): null

2021-05-29 00:05:44 - [TEST_STEP][PASSED] - closeBrowser(): Browser is closed

2021-05-29 00:05:45 - [MESSAGE][PASSED] - Browser is closed]]></system-out>
         <system-err><![CDATA[]]></system-err>
      </testcase>
      <testcase name="Test Cases/1712666/TC15_JoinTeam" time="18.881" classname="Test Cases/1712666/TC15_JoinTeam" status="PASSED">
         <system-out><![CDATA[2021-05-29 00:05:45 - [TEST_CASE][PASSED] - Test Cases/1712666/TC15_JoinTeam: Test Cases/1712666/TC15_JoinTeam

2021-05-29 00:05:46 - [TEST_STEP][PASSED] - openBrowser(""): Browser is opened with url: ''

2021-05-29 00:05:46 - [MESSAGE][INFO] - Starting 'Chrome' driver

2021-05-29 00:05:46 - [MESSAGE][INFO] - Action delay is set to 0 milliseconds

2021-05-29 00:05:47 - [MESSAGE][PASSED] - Browser is opened with url: ''

2021-05-29 00:05:47 - [TEST_STEP][PASSED] - navigateToUrl("https://mattermostwebapp.herokuapp.com/"): Navigate to 'https://mattermostwebapp.herokuapp.com/' successfully

2021-05-29 00:05:52 - [MESSAGE][PASSED] - Navigate to 'https://mattermostwebapp.herokuapp.com/' successfully

2021-05-29 00:05:52 - [TEST_STEP][PASSED] - callTestCase(findTestCase("1712666/CommonTC/CTC_Login"), ["var_username":"phuc", "var_password":"CSt51UwWECc="]): Call Test Case 'Test Cases/1712666/CommonTC/CTC_Login' successfully

2021-05-29 00:05:52 - [TEST_CASE][PASSED] - Test Cases/1712666/CommonTC/CTC_Login: Test Cases/1712666/CommonTC/CTC_Login

2021-05-29 00:05:52 - [TEST_STEP][PASSED] - setText(findTestObject("Object Repository/1412263_Page_Mattermost/input_All team communication in one place, _dcc84b"), var_username): Text 'phuc' is set on object 'Object Repository/1412263_Page_Mattermost/input_All team communication in one place, _dcc84b'

2021-05-29 00:05:57 - [MESSAGE][PASSED] - Text 'phuc' is set on object 'Object Repository/1412263_Page_Mattermost/input_All team communication in one place, _dcc84b'

2021-05-29 00:05:57 - [TEST_STEP][PASSED] - setEncryptedText(findTestObject("Object Repository/1412263_Page_Mattermost/input_All team communication in one place, _a3edc6"), var_password): Text ****** has been set on object 'Object Repository/1412263_Page_Mattermost/input_All team communication in one place, _a3edc6'

2021-05-29 00:05:57 - [MESSAGE][PASSED] - Text ****** has been set on object 'Object Repository/1412263_Page_Mattermost/input_All team communication in one place, _a3edc6'

2021-05-29 00:05:57 - [TEST_STEP][PASSED] - click(findTestObject("Object Repository/1412263_Page_Mattermost/span_Sign in")): Object: 'Object Repository/1412263_Page_Mattermost/span_Sign in' is clicked on

2021-05-29 00:05:58 - [MESSAGE][PASSED] - Object: 'Object Repository/1412263_Page_Mattermost/span_Sign in' is clicked on

2021-05-29 00:05:58 - [MESSAGE][PASSED] - Call Test Case 'Test Cases/1712666/CommonTC/CTC_Login' successfully

2021-05-29 00:05:58 - [TEST_STEP][PASSED] - click(findTestObject("Object Repository/Page_Town Square - test9 Mattermost/div_phuc")): Object: 'Object Repository/Page_Town Square - test9 Mattermost/div_phuc' is clicked on

2021-05-29 00:06:01 - [MESSAGE][PASSED] - Object: 'Object Repository/Page_Town Square - test9 Mattermost/div_phuc' is clicked on

2021-05-29 00:06:01 - [TEST_STEP][PASSED] - click(findTestObject("Object Repository/Page_Town Square - test9 Mattermost/span_Join Another Team")): Object: 'Object Repository/Page_Town Square - test9 Mattermost/span_Join Another Team' is clicked on

2021-05-29 00:06:02 - [MESSAGE][PASSED] - Object: 'Object Repository/Page_Town Square - test9 Mattermost/span_Join Another Team' is clicked on

2021-05-29 00:06:02 - [TEST_STEP][PASSED] - click(findTestObject("Page_Town Square - test9 Mattermost/span_another")): Object: 'Object Repository/Page_Town Square - test9 Mattermost/span_another' is clicked on

2021-05-29 00:06:03 - [MESSAGE][PASSED] - Object: 'Object Repository/Page_Town Square - test9 Mattermost/span_another' is clicked on

2021-05-29 00:06:03 - [TEST_STEP][PASSED] - closeBrowser(): Browser is closed

2021-05-29 00:06:04 - [MESSAGE][PASSED] - Browser is closed]]></system-out>
         <system-err><![CDATA[]]></system-err>
      </testcase>
      <testcase name="Test Cases/1712666/TC16_LeaveTeam" time="34.292" classname="Test Cases/1712666/TC16_LeaveTeam" status="PASSED">
         <system-out><![CDATA[2021-05-29 00:06:04 - [TEST_CASE][PASSED] - Test Cases/1712666/TC16_LeaveTeam: Test Cases/1712666/TC16_LeaveTeam

2021-05-29 00:06:04 - [TEST_STEP][PASSED] - openBrowser(""): Browser is opened with url: ''

2021-05-29 00:06:04 - [MESSAGE][INFO] - Starting 'Chrome' driver

2021-05-29 00:06:04 - [MESSAGE][INFO] - Action delay is set to 0 milliseconds

2021-05-29 00:06:06 - [MESSAGE][PASSED] - Browser is opened with url: ''

2021-05-29 00:06:06 - [TEST_STEP][PASSED] - navigateToUrl("https://mattermostwebapp.herokuapp.com/"): Navigate to 'https://mattermostwebapp.herokuapp.com/' successfully

2021-05-29 00:06:09 - [MESSAGE][PASSED] - Navigate to 'https://mattermostwebapp.herokuapp.com/' successfully

2021-05-29 00:06:09 - [TEST_STEP][PASSED] - callTestCase(findTestCase("1712666/CommonTC/CTC_Login"), ["var_username":"phuc", "var_password":"CSt51UwWECc="]): Call Test Case 'Test Cases/1712666/CommonTC/CTC_Login' successfully

2021-05-29 00:06:09 - [TEST_CASE][PASSED] - Test Cases/1712666/CommonTC/CTC_Login: Test Cases/1712666/CommonTC/CTC_Login

2021-05-29 00:06:09 - [TEST_STEP][PASSED] - setText(findTestObject("Object Repository/1412263_Page_Mattermost/input_All team communication in one place, _dcc84b"), var_username): Text 'phuc' is set on object 'Object Repository/1412263_Page_Mattermost/input_All team communication in one place, _dcc84b'

2021-05-29 00:06:14 - [MESSAGE][PASSED] - Text 'phuc' is set on object 'Object Repository/1412263_Page_Mattermost/input_All team communication in one place, _dcc84b'

2021-05-29 00:06:14 - [TEST_STEP][PASSED] - setEncryptedText(findTestObject("Object Repository/1412263_Page_Mattermost/input_All team communication in one place, _a3edc6"), var_password): Text ****** has been set on object 'Object Repository/1412263_Page_Mattermost/input_All team communication in one place, _a3edc6'

2021-05-29 00:06:15 - [MESSAGE][PASSED] - Text ****** has been set on object 'Object Repository/1412263_Page_Mattermost/input_All team communication in one place, _a3edc6'

2021-05-29 00:06:15 - [TEST_STEP][PASSED] - click(findTestObject("Object Repository/1412263_Page_Mattermost/span_Sign in")): Object: 'Object Repository/1412263_Page_Mattermost/span_Sign in' is clicked on

2021-05-29 00:06:16 - [MESSAGE][PASSED] - Object: 'Object Repository/1412263_Page_Mattermost/span_Sign in' is clicked on

2021-05-29 00:06:16 - [MESSAGE][PASSED] - Call Test Case 'Test Cases/1712666/CommonTC/CTC_Login' successfully

2021-05-29 00:06:16 - [TEST_STEP][PASSED] - callTestCase(findTestCase("1712666/CommonTC/CTC_JoinTeam"), [:]): Call Test Case 'Test Cases/1712666/CommonTC/CTC_JoinTeam' successfully

2021-05-29 00:06:16 - [TEST_CASE][PASSED] - Test Cases/1712666/CommonTC/CTC_JoinTeam: Test Cases/1712666/CommonTC/CTC_JoinTeam

2021-05-29 00:06:16 - [TEST_STEP][PASSED] - openBrowser(""): Browser is opened with url: ''

2021-05-29 00:06:16 - [MESSAGE][WARNING] - A browser is already opened. Closing browser and opening a new one

2021-05-29 00:06:17 - [MESSAGE][INFO] - Starting 'Chrome' driver

2021-05-29 00:06:17 - [MESSAGE][INFO] - Action delay is set to 0 milliseconds

2021-05-29 00:06:18 - [MESSAGE][PASSED] - Browser is opened with url: ''

2021-05-29 00:06:18 - [TEST_STEP][PASSED] - navigateToUrl("https://mattermostwebapp.herokuapp.com/"): Navigate to 'https://mattermostwebapp.herokuapp.com/' successfully

2021-05-29 00:06:22 - [MESSAGE][PASSED] - Navigate to 'https://mattermostwebapp.herokuapp.com/' successfully

2021-05-29 00:06:22 - [TEST_STEP][PASSED] - callTestCase(findTestCase("1712666/CommonTC/CTC_Login"), ["var_username":"phuc", "var_password":"CSt51UwWECc="]): Call Test Case 'Test Cases/1712666/CommonTC/CTC_Login' successfully

2021-05-29 00:06:22 - [TEST_CASE][PASSED] - Test Cases/1712666/CommonTC/CTC_Login: Test Cases/1712666/CommonTC/CTC_Login

2021-05-29 00:06:22 - [TEST_STEP][PASSED] - setText(findTestObject("Object Repository/1412263_Page_Mattermost/input_All team communication in one place, _dcc84b"), var_username): Text 'phuc' is set on object 'Object Repository/1412263_Page_Mattermost/input_All team communication in one place, _dcc84b'

2021-05-29 00:06:27 - [MESSAGE][PASSED] - Text 'phuc' is set on object 'Object Repository/1412263_Page_Mattermost/input_All team communication in one place, _dcc84b'

2021-05-29 00:06:27 - [TEST_STEP][PASSED] - setEncryptedText(findTestObject("Object Repository/1412263_Page_Mattermost/input_All team communication in one place, _a3edc6"), var_password): Text ****** has been set on object 'Object Repository/1412263_Page_Mattermost/input_All team communication in one place, _a3edc6'

2021-05-29 00:06:27 - [MESSAGE][PASSED] - Text ****** has been set on object 'Object Repository/1412263_Page_Mattermost/input_All team communication in one place, _a3edc6'

2021-05-29 00:06:27 - [TEST_STEP][PASSED] - click(findTestObject("Object Repository/1412263_Page_Mattermost/span_Sign in")): Object: 'Object Repository/1412263_Page_Mattermost/span_Sign in' is clicked on

2021-05-29 00:06:28 - [MESSAGE][PASSED] - Object: 'Object Repository/1412263_Page_Mattermost/span_Sign in' is clicked on

2021-05-29 00:06:28 - [MESSAGE][PASSED] - Call Test Case 'Test Cases/1712666/CommonTC/CTC_Login' successfully

2021-05-29 00:06:28 - [TEST_STEP][PASSED] - click(findTestObject("Object Repository/Page_Town Square - test9 Mattermost/div_phuc")): Object: 'Object Repository/Page_Town Square - test9 Mattermost/div_phuc' is clicked on

2021-05-29 00:06:32 - [MESSAGE][PASSED] - Object: 'Object Repository/Page_Town Square - test9 Mattermost/div_phuc' is clicked on

2021-05-29 00:06:32 - [TEST_STEP][PASSED] - click(findTestObject("Object Repository/Page_Town Square - test9 Mattermost/span_Join Another Team")): Object: 'Object Repository/Page_Town Square - test9 Mattermost/span_Join Another Team' is clicked on

2021-05-29 00:06:32 - [MESSAGE][PASSED] - Object: 'Object Repository/Page_Town Square - test9 Mattermost/span_Join Another Team' is clicked on

2021-05-29 00:06:32 - [TEST_STEP][PASSED] - click(findTestObject("Page_Town Square - test9 Mattermost/span_another")): Object: 'Object Repository/Page_Town Square - test9 Mattermost/span_another' is clicked on

2021-05-29 00:06:34 - [MESSAGE][PASSED] - Object: 'Object Repository/Page_Town Square - test9 Mattermost/span_another' is clicked on

2021-05-29 00:06:34 - [MESSAGE][PASSED] - Call Test Case 'Test Cases/1712666/CommonTC/CTC_JoinTeam' successfully

2021-05-29 00:06:34 - [TEST_STEP][PASSED] - click(findTestObject("Object Repository/Page_Town Square - null Mattermost/div_phuc")): Object: 'Object Repository/Page_Town Square - null Mattermost/div_phuc' is clicked on

2021-05-29 00:06:36 - [MESSAGE][PASSED] - Object: 'Object Repository/Page_Town Square - null Mattermost/div_phuc' is clicked on

2021-05-29 00:06:36 - [TEST_STEP][PASSED] - click(findTestObject("Object Repository/Page_Town Square - null Mattermost/span_Leave Team")): Object: 'Object Repository/Page_Town Square - null Mattermost/span_Leave Team' is clicked on

2021-05-29 00:06:37 - [MESSAGE][PASSED] - Object: 'Object Repository/Page_Town Square - null Mattermost/span_Leave Team' is clicked on

2021-05-29 00:06:37 - [TEST_STEP][PASSED] - click(findTestObject("Object Repository/Page_Town Square - null Mattermost/span_Yes")): Object: 'Object Repository/Page_Town Square - null Mattermost/span_Yes' is clicked on

2021-05-29 00:06:38 - [MESSAGE][PASSED] - Object: 'Object Repository/Page_Town Square - null Mattermost/span_Yes' is clicked on

2021-05-29 00:06:38 - [TEST_STEP][PASSED] - closeBrowser(): Browser is closed

2021-05-29 00:06:38 - [MESSAGE][PASSED] - Browser is closed]]></system-out>
         <system-err><![CDATA[]]></system-err>
      </testcase>
      <testcase name="Test Cases/1712612/TC17_CreatePublicChannels" time="17.209" classname="Test Cases/1712612/TC17_CreatePublicChannels" status="ERROR">
         <error type="ERROR" message="Test Cases/1712612/TC17_CreatePublicChannels FAILED.
Reason:
java.lang.IllegalArgumentException: Cannot find test data with id 'Data Files/1712612/Data TC17 CreatePublicChannels' because (of) 'java.lang.IllegalArgumentException: Test data with id 'Data Files/1712612/Data TC17 CreatePublicChannels' does not exist'
	at com.kms.katalon.core.testdata.TestDataFactory.findTestData(TestDataFactory.java:132)
	at com.kms.katalon.core.testdata.TestDataFactory$findTestData.callStatic(Unknown Source)
	at TC17_CreatePublicChannels.run(TC17_CreatePublicChannels:26)
	at com.kms.katalon.core.main.ScriptEngine.run(ScriptEngine.java:194)
	at com.kms.katalon.core.main.ScriptEngine.runScriptAsRawText(ScriptEngine.java:119)
	at com.kms.katalon.core.main.TestCaseExecutor.runScript(TestCaseExecutor.java:398)
	at com.kms.katalon.core.main.TestCaseExecutor.doExecute(TestCaseExecutor.java:389)
	at com.kms.katalon.core.main.TestCaseExecutor.processExecutionPhase(TestCaseExecutor.java:368)
	at com.kms.katalon.core.main.TestCaseExecutor.accessMainPhase(TestCaseExecutor.java:360)
	at com.kms.katalon.core.main.TestCaseExecutor.execute(TestCaseExecutor.java:255)
	at com.kms.katalon.core.main.TestSuiteExecutor.accessTestCaseMainPhase(TestSuiteExecutor.java:203)
	at com.kms.katalon.core.main.TestSuiteExecutor.accessTestSuiteMainPhase(TestSuiteExecutor.java:152)
	at com.kms.katalon.core.main.TestSuiteExecutor.execute(TestSuiteExecutor.java:95)
	at com.kms.katalon.core.main.TestCaseMain.startTestSuite(TestCaseMain.java:157)
	at com.kms.katalon.core.main.TestCaseMain$startTestSuite$0.call(Unknown Source)
	at TempTestSuite1622220811607.run(TempTestSuite1622220811607.groovy:39)
"/>
         <system-out><![CDATA[2021-05-29 00:06:38 - [TEST_CASE][ERROR] - Test Cases/1712612/TC17_CreatePublicChannels: Test Cases/1712612/TC17_CreatePublicChannels FAILED.
Reason:
java.lang.IllegalArgumentException: Cannot find test data with id 'Data Files/1712612/Data TC17 CreatePublicChannels' because (of) 'java.lang.IllegalArgumentException: Test data with id 'Data Files/1712612/Data TC17 CreatePublicChannels' does not exist'
	at com.kms.katalon.core.testdata.TestDataFactory.findTestData(TestDataFactory.java:132)
	at com.kms.katalon.core.testdata.TestDataFactory$findTestData.callStatic(Unknown Source)
	at TC17_CreatePublicChannels.run(TC17_CreatePublicChannels:26)
	at com.kms.katalon.core.main.ScriptEngine.run(ScriptEngine.java:194)
	at com.kms.katalon.core.main.ScriptEngine.runScriptAsRawText(ScriptEngine.java:119)
	at com.kms.katalon.core.main.TestCaseExecutor.runScript(TestCaseExecutor.java:398)
	at com.kms.katalon.core.main.TestCaseExecutor.doExecute(TestCaseExecutor.java:389)
	at com.kms.katalon.core.main.TestCaseExecutor.processExecutionPhase(TestCaseExecutor.java:368)
	at com.kms.katalon.core.main.TestCaseExecutor.accessMainPhase(TestCaseExecutor.java:360)
	at com.kms.katalon.core.main.TestCaseExecutor.execute(TestCaseExecutor.java:255)
	at com.kms.katalon.core.main.TestSuiteExecutor.accessTestCaseMainPhase(TestSuiteExecutor.java:203)
	at com.kms.katalon.core.main.TestSuiteExecutor.accessTestSuiteMainPhase(TestSuiteExecutor.java:152)
	at com.kms.katalon.core.main.TestSuiteExecutor.execute(TestSuiteExecutor.java:95)
	at com.kms.katalon.core.main.TestCaseMain.startTestSuite(TestCaseMain.java:157)
	at com.kms.katalon.core.main.TestCaseMain$startTestSuite$0.call(Unknown Source)
	at TempTestSuite1622220811607.run(TempTestSuite1622220811607.groovy:39)


2021-05-29 00:06:39 - [TEST_STEP][PASSED] - callTestCase(findTestCase("1712612/CommonTC/TC_OpenPage"), [:], STOP_ON_FAILURE): Call Test Case 'Test Cases/1712612/CommonTC/TC_OpenPage' successfully

2021-05-29 00:06:39 - [TEST_CASE][PASSED] - Test Cases/1712612/CommonTC/TC_OpenPage: Test Cases/1712612/CommonTC/TC_OpenPage

2021-05-29 00:06:39 - [TEST_STEP][PASSED] - openBrowser(""): Browser is opened with url: ''

2021-05-29 00:06:39 - [MESSAGE][INFO] - Starting 'Chrome' driver

2021-05-29 00:06:39 - [MESSAGE][INFO] - Action delay is set to 0 milliseconds

2021-05-29 00:06:41 - [MESSAGE][PASSED] - Browser is opened with url: ''

2021-05-29 00:06:41 - [TEST_STEP][PASSED] - navigateToUrl("https://mattermostwebapp.herokuapp.com/login"): Navigate to 'https://mattermostwebapp.herokuapp.com/login' successfully

2021-05-29 00:06:44 - [MESSAGE][PASSED] - Navigate to 'https://mattermostwebapp.herokuapp.com/login' successfully

2021-05-29 00:06:44 - [MESSAGE][PASSED] - Call Test Case 'Test Cases/1712612/CommonTC/TC_OpenPage' successfully

2021-05-29 00:06:44 - [TEST_STEP][PASSED] - callTestCase(findTestCase("1712612/CommonTC/TC_Login"), [:], STOP_ON_FAILURE): Call Test Case 'Test Cases/1712612/CommonTC/TC_Login' successfully

2021-05-29 00:06:44 - [TEST_CASE][PASSED] - Test Cases/1712612/CommonTC/TC_Login: Test Cases/1712612/CommonTC/TC_Login

2021-05-29 00:06:44 - [TEST_STEP][PASSED] - verifyElementVisible(findTestObject("Object Repository/1712612_Mattermost Object/Page_Mattermost/input_login_username"), STOP_ON_FAILURE): Object 'Object Repository/1712612_Mattermost Object/Page_Mattermost/input_login_username' is visible

2021-05-29 00:06:48 - [MESSAGE][PASSED] - Object 'Object Repository/1712612_Mattermost Object/Page_Mattermost/input_login_username' is visible

2021-05-29 00:06:48 - [TEST_STEP][PASSED] - verifyElementVisible(findTestObject("Object Repository/1712612_Mattermost Object/Page_Mattermost/input_login_password"), STOP_ON_FAILURE): Object 'Object Repository/1712612_Mattermost Object/Page_Mattermost/input_login_password' is visible

2021-05-29 00:06:49 - [MESSAGE][PASSED] - Object 'Object Repository/1712612_Mattermost Object/Page_Mattermost/input_login_password' is visible

2021-05-29 00:06:49 - [TEST_STEP][PASSED] - setText(findTestObject("Object Repository/1712612_Mattermost Object/Page_Mattermost/input_login_username"), "nghi_tran"): Text 'nghi_tran' is set on object 'Object Repository/1712612_Mattermost Object/Page_Mattermost/input_login_username'

2021-05-29 00:06:49 - [MESSAGE][PASSED] - Text 'nghi_tran' is set on object 'Object Repository/1712612_Mattermost Object/Page_Mattermost/input_login_username'

2021-05-29 00:06:49 - [TEST_STEP][PASSED] - setEncryptedText(findTestObject("Object Repository/1712612_Mattermost Object/Page_Mattermost/input_login_password"), "KBlHou+hFmnFUOUwxwboiw=="): Text ****** has been set on object 'Object Repository/1712612_Mattermost Object/Page_Mattermost/input_login_password'

2021-05-29 00:06:50 - [MESSAGE][PASSED] - Text ****** has been set on object 'Object Repository/1712612_Mattermost Object/Page_Mattermost/input_login_password'

2021-05-29 00:06:50 - [TEST_STEP][PASSED] - click(findTestObject("Object Repository/1712612_Mattermost Object/Page_Mattermost/button_Sign in")): Object: 'Object Repository/1712612_Mattermost Object/Page_Mattermost/button_Sign in' is clicked on

2021-05-29 00:06:51 - [MESSAGE][PASSED] - Object: 'Object Repository/1712612_Mattermost Object/Page_Mattermost/button_Sign in' is clicked on

2021-05-29 00:06:51 - [TEST_STEP][PASSED] - verifyElementVisible(findTestObject("Object Repository/1712612_Mattermost Object/Page_Town Square - another Mattermost/img__Avatar Avatar-lg"), STOP_ON_FAILURE): Object 'Object Repository/1712612_Mattermost Object/Page_Town Square - another Mattermost/img__Avatar Avatar-lg' is visible

2021-05-29 00:06:55 - [MESSAGE][PASSED] - Object 'Object Repository/1712612_Mattermost Object/Page_Town Square - another Mattermost/img__Avatar Avatar-lg' is visible

2021-05-29 00:06:55 - [MESSAGE][PASSED] - Call Test Case 'Test Cases/1712612/CommonTC/TC_Login' successfully

2021-05-29 00:06:55 - [TEST_STEP][PASSED] - navigateToUrl("https://mattermostwebapp.herokuapp.com/test-1712612/channels/town-square"): Navigate to 'https://mattermostwebapp.herokuapp.com/test-1712612/channels/town-square' successfully

2021-05-29 00:06:56 - [MESSAGE][PASSED] - Navigate to 'https://mattermostwebapp.herokuapp.com/test-1712612/channels/town-square' successfully

2021-05-29 00:06:56 - [TEST_STEP][PASSED] - for ([rowNum = 1, rowNum <= findTestData("Data Files/1712612/Data TC17 CreatePublicChannels").getRowNumbers(), (rowNum++)]): null]]></system-out>
         <system-err><![CDATA[2021-05-29 00:06:38 - [TEST_CASE][ERROR] - Test Cases/1712612/TC17_CreatePublicChannels: Test Cases/1712612/TC17_CreatePublicChannels FAILED.
Reason:
java.lang.IllegalArgumentException: Cannot find test data with id 'Data Files/1712612/Data TC17 CreatePublicChannels' because (of) 'java.lang.IllegalArgumentException: Test data with id 'Data Files/1712612/Data TC17 CreatePublicChannels' does not exist'
	at com.kms.katalon.core.testdata.TestDataFactory.findTestData(TestDataFactory.java:132)
	at com.kms.katalon.core.testdata.TestDataFactory$findTestData.callStatic(Unknown Source)
	at TC17_CreatePublicChannels.run(TC17_CreatePublicChannels:26)
	at com.kms.katalon.core.main.ScriptEngine.run(ScriptEngine.java:194)
	at com.kms.katalon.core.main.ScriptEngine.runScriptAsRawText(ScriptEngine.java:119)
	at com.kms.katalon.core.main.TestCaseExecutor.runScript(TestCaseExecutor.java:398)
	at com.kms.katalon.core.main.TestCaseExecutor.doExecute(TestCaseExecutor.java:389)
	at com.kms.katalon.core.main.TestCaseExecutor.processExecutionPhase(TestCaseExecutor.java:368)
	at com.kms.katalon.core.main.TestCaseExecutor.accessMainPhase(TestCaseExecutor.java:360)
	at com.kms.katalon.core.main.TestCaseExecutor.execute(TestCaseExecutor.java:255)
	at com.kms.katalon.core.main.TestSuiteExecutor.accessTestCaseMainPhase(TestSuiteExecutor.java:203)
	at com.kms.katalon.core.main.TestSuiteExecutor.accessTestSuiteMainPhase(TestSuiteExecutor.java:152)
	at com.kms.katalon.core.main.TestSuiteExecutor.execute(TestSuiteExecutor.java:95)
	at com.kms.katalon.core.main.TestCaseMain.startTestSuite(TestCaseMain.java:157)
	at com.kms.katalon.core.main.TestCaseMain$startTestSuite$0.call(Unknown Source)
	at TempTestSuite1622220811607.run(TempTestSuite1622220811607.groovy:39)]]></system-err>
      </testcase>
      <testcase name="Test Cases/1712612/TC18_CreatePrivateChannels" time="17.573" classname="Test Cases/1712612/TC18_CreatePrivateChannels" status="ERROR">
         <error type="ERROR" message="Test Cases/1712612/TC18_CreatePrivateChannels FAILED.
Reason:
java.lang.IllegalArgumentException: Cannot find test data with id 'Data Files/1712612/Data TC17 CreatePublicChannels' because (of) 'java.lang.IllegalArgumentException: Test data with id 'Data Files/1712612/Data TC17 CreatePublicChannels' does not exist'
	at com.kms.katalon.core.testdata.TestDataFactory.findTestData(TestDataFactory.java:132)
	at com.kms.katalon.core.testdata.TestDataFactory$findTestData.callStatic(Unknown Source)
	at TC18_CreatePrivateChannels.run(TC18_CreatePrivateChannels:26)
	at com.kms.katalon.core.main.ScriptEngine.run(ScriptEngine.java:194)
	at com.kms.katalon.core.main.ScriptEngine.runScriptAsRawText(ScriptEngine.java:119)
	at com.kms.katalon.core.main.TestCaseExecutor.runScript(TestCaseExecutor.java:398)
	at com.kms.katalon.core.main.TestCaseExecutor.doExecute(TestCaseExecutor.java:389)
	at com.kms.katalon.core.main.TestCaseExecutor.processExecutionPhase(TestCaseExecutor.java:368)
	at com.kms.katalon.core.main.TestCaseExecutor.accessMainPhase(TestCaseExecutor.java:360)
	at com.kms.katalon.core.main.TestCaseExecutor.execute(TestCaseExecutor.java:255)
	at com.kms.katalon.core.main.TestSuiteExecutor.accessTestCaseMainPhase(TestSuiteExecutor.java:203)
	at com.kms.katalon.core.main.TestSuiteExecutor.accessTestSuiteMainPhase(TestSuiteExecutor.java:152)
	at com.kms.katalon.core.main.TestSuiteExecutor.execute(TestSuiteExecutor.java:95)
	at com.kms.katalon.core.main.TestCaseMain.startTestSuite(TestCaseMain.java:157)
	at com.kms.katalon.core.main.TestCaseMain$startTestSuite$0.call(Unknown Source)
	at TempTestSuite1622220811607.run(TempTestSuite1622220811607.groovy:39)
"/>
         <system-out><![CDATA[2021-05-29 00:06:56 - [TEST_CASE][ERROR] - Test Cases/1712612/TC18_CreatePrivateChannels: Test Cases/1712612/TC18_CreatePrivateChannels FAILED.
Reason:
java.lang.IllegalArgumentException: Cannot find test data with id 'Data Files/1712612/Data TC17 CreatePublicChannels' because (of) 'java.lang.IllegalArgumentException: Test data with id 'Data Files/1712612/Data TC17 CreatePublicChannels' does not exist'
	at com.kms.katalon.core.testdata.TestDataFactory.findTestData(TestDataFactory.java:132)
	at com.kms.katalon.core.testdata.TestDataFactory$findTestData.callStatic(Unknown Source)
	at TC18_CreatePrivateChannels.run(TC18_CreatePrivateChannels:26)
	at com.kms.katalon.core.main.ScriptEngine.run(ScriptEngine.java:194)
	at com.kms.katalon.core.main.ScriptEngine.runScriptAsRawText(ScriptEngine.java:119)
	at com.kms.katalon.core.main.TestCaseExecutor.runScript(TestCaseExecutor.java:398)
	at com.kms.katalon.core.main.TestCaseExecutor.doExecute(TestCaseExecutor.java:389)
	at com.kms.katalon.core.main.TestCaseExecutor.processExecutionPhase(TestCaseExecutor.java:368)
	at com.kms.katalon.core.main.TestCaseExecutor.accessMainPhase(TestCaseExecutor.java:360)
	at com.kms.katalon.core.main.TestCaseExecutor.execute(TestCaseExecutor.java:255)
	at com.kms.katalon.core.main.TestSuiteExecutor.accessTestCaseMainPhase(TestSuiteExecutor.java:203)
	at com.kms.katalon.core.main.TestSuiteExecutor.accessTestSuiteMainPhase(TestSuiteExecutor.java:152)
	at com.kms.katalon.core.main.TestSuiteExecutor.execute(TestSuiteExecutor.java:95)
	at com.kms.katalon.core.main.TestCaseMain.startTestSuite(TestCaseMain.java:157)
	at com.kms.katalon.core.main.TestCaseMain$startTestSuite$0.call(Unknown Source)
	at TempTestSuite1622220811607.run(TempTestSuite1622220811607.groovy:39)


2021-05-29 00:06:56 - [TEST_STEP][PASSED] - callTestCase(findTestCase("1712612/CommonTC/TC_OpenPage"), [:], STOP_ON_FAILURE): Call Test Case 'Test Cases/1712612/CommonTC/TC_OpenPage' successfully

2021-05-29 00:06:56 - [TEST_CASE][PASSED] - Test Cases/1712612/CommonTC/TC_OpenPage: Test Cases/1712612/CommonTC/TC_OpenPage

2021-05-29 00:06:56 - [TEST_STEP][PASSED] - openBrowser(""): Browser is opened with url: ''

2021-05-29 00:06:56 - [MESSAGE][WARNING] - A browser is already opened. Closing browser and opening a new one

2021-05-29 00:06:57 - [MESSAGE][INFO] - Starting 'Chrome' driver

2021-05-29 00:06:57 - [MESSAGE][INFO] - Action delay is set to 0 milliseconds

2021-05-29 00:06:58 - [MESSAGE][PASSED] - Browser is opened with url: ''

2021-05-29 00:06:58 - [TEST_STEP][PASSED] - navigateToUrl("https://mattermostwebapp.herokuapp.com/login"): Navigate to 'https://mattermostwebapp.herokuapp.com/login' successfully

2021-05-29 00:07:02 - [MESSAGE][PASSED] - Navigate to 'https://mattermostwebapp.herokuapp.com/login' successfully

2021-05-29 00:07:02 - [MESSAGE][PASSED] - Call Test Case 'Test Cases/1712612/CommonTC/TC_OpenPage' successfully

2021-05-29 00:07:02 - [TEST_STEP][PASSED] - callTestCase(findTestCase("1712612/CommonTC/TC_Login"), [:], STOP_ON_FAILURE): Call Test Case 'Test Cases/1712612/CommonTC/TC_Login' successfully

2021-05-29 00:07:02 - [TEST_CASE][PASSED] - Test Cases/1712612/CommonTC/TC_Login: Test Cases/1712612/CommonTC/TC_Login

2021-05-29 00:07:02 - [TEST_STEP][PASSED] - verifyElementVisible(findTestObject("Object Repository/1712612_Mattermost Object/Page_Mattermost/input_login_username"), STOP_ON_FAILURE): Object 'Object Repository/1712612_Mattermost Object/Page_Mattermost/input_login_username' is visible

2021-05-29 00:07:06 - [MESSAGE][PASSED] - Object 'Object Repository/1712612_Mattermost Object/Page_Mattermost/input_login_username' is visible

2021-05-29 00:07:06 - [TEST_STEP][PASSED] - verifyElementVisible(findTestObject("Object Repository/1712612_Mattermost Object/Page_Mattermost/input_login_password"), STOP_ON_FAILURE): Object 'Object Repository/1712612_Mattermost Object/Page_Mattermost/input_login_password' is visible

2021-05-29 00:07:07 - [MESSAGE][PASSED] - Object 'Object Repository/1712612_Mattermost Object/Page_Mattermost/input_login_password' is visible

2021-05-29 00:07:07 - [TEST_STEP][PASSED] - setText(findTestObject("Object Repository/1712612_Mattermost Object/Page_Mattermost/input_login_username"), "nghi_tran"): Text 'nghi_tran' is set on object 'Object Repository/1712612_Mattermost Object/Page_Mattermost/input_login_username'

2021-05-29 00:07:07 - [MESSAGE][PASSED] - Text 'nghi_tran' is set on object 'Object Repository/1712612_Mattermost Object/Page_Mattermost/input_login_username'

2021-05-29 00:07:07 - [TEST_STEP][PASSED] - setEncryptedText(findTestObject("Object Repository/1712612_Mattermost Object/Page_Mattermost/input_login_password"), "KBlHou+hFmnFUOUwxwboiw=="): Text ****** has been set on object 'Object Repository/1712612_Mattermost Object/Page_Mattermost/input_login_password'

2021-05-29 00:07:08 - [MESSAGE][PASSED] - Text ****** has been set on object 'Object Repository/1712612_Mattermost Object/Page_Mattermost/input_login_password'

2021-05-29 00:07:08 - [TEST_STEP][PASSED] - click(findTestObject("Object Repository/1712612_Mattermost Object/Page_Mattermost/button_Sign in")): Object: 'Object Repository/1712612_Mattermost Object/Page_Mattermost/button_Sign in' is clicked on

2021-05-29 00:07:09 - [MESSAGE][PASSED] - Object: 'Object Repository/1712612_Mattermost Object/Page_Mattermost/button_Sign in' is clicked on

2021-05-29 00:07:09 - [TEST_STEP][PASSED] - verifyElementVisible(findTestObject("Object Repository/1712612_Mattermost Object/Page_Town Square - another Mattermost/img__Avatar Avatar-lg"), STOP_ON_FAILURE): Object 'Object Repository/1712612_Mattermost Object/Page_Town Square - another Mattermost/img__Avatar Avatar-lg' is visible

2021-05-29 00:07:13 - [MESSAGE][PASSED] - Object 'Object Repository/1712612_Mattermost Object/Page_Town Square - another Mattermost/img__Avatar Avatar-lg' is visible

2021-05-29 00:07:13 - [MESSAGE][PASSED] - Call Test Case 'Test Cases/1712612/CommonTC/TC_Login' successfully

2021-05-29 00:07:13 - [TEST_STEP][PASSED] - navigateToUrl("https://mattermostwebapp.herokuapp.com/test-1712612/channels/town-square"): Navigate to 'https://mattermostwebapp.herokuapp.com/test-1712612/channels/town-square' successfully

2021-05-29 00:07:13 - [MESSAGE][PASSED] - Navigate to 'https://mattermostwebapp.herokuapp.com/test-1712612/channels/town-square' successfully

2021-05-29 00:07:13 - [TEST_STEP][PASSED] - for ([rowNum = 1, rowNum <= findTestData("Data Files/1712612/Data TC17 CreatePublicChannels").getRowNumbers(), (rowNum++)]): null]]></system-out>
         <system-err><![CDATA[2021-05-29 00:06:56 - [TEST_CASE][ERROR] - Test Cases/1712612/TC18_CreatePrivateChannels: Test Cases/1712612/TC18_CreatePrivateChannels FAILED.
Reason:
java.lang.IllegalArgumentException: Cannot find test data with id 'Data Files/1712612/Data TC17 CreatePublicChannels' because (of) 'java.lang.IllegalArgumentException: Test data with id 'Data Files/1712612/Data TC17 CreatePublicChannels' does not exist'
	at com.kms.katalon.core.testdata.TestDataFactory.findTestData(TestDataFactory.java:132)
	at com.kms.katalon.core.testdata.TestDataFactory$findTestData.callStatic(Unknown Source)
	at TC18_CreatePrivateChannels.run(TC18_CreatePrivateChannels:26)
	at com.kms.katalon.core.main.ScriptEngine.run(ScriptEngine.java:194)
	at com.kms.katalon.core.main.ScriptEngine.runScriptAsRawText(ScriptEngine.java:119)
	at com.kms.katalon.core.main.TestCaseExecutor.runScript(TestCaseExecutor.java:398)
	at com.kms.katalon.core.main.TestCaseExecutor.doExecute(TestCaseExecutor.java:389)
	at com.kms.katalon.core.main.TestCaseExecutor.processExecutionPhase(TestCaseExecutor.java:368)
	at com.kms.katalon.core.main.TestCaseExecutor.accessMainPhase(TestCaseExecutor.java:360)
	at com.kms.katalon.core.main.TestCaseExecutor.execute(TestCaseExecutor.java:255)
	at com.kms.katalon.core.main.TestSuiteExecutor.accessTestCaseMainPhase(TestSuiteExecutor.java:203)
	at com.kms.katalon.core.main.TestSuiteExecutor.accessTestSuiteMainPhase(TestSuiteExecutor.java:152)
	at com.kms.katalon.core.main.TestSuiteExecutor.execute(TestSuiteExecutor.java:95)
	at com.kms.katalon.core.main.TestCaseMain.startTestSuite(TestCaseMain.java:157)
	at com.kms.katalon.core.main.TestCaseMain$startTestSuite$0.call(Unknown Source)
	at TempTestSuite1622220811607.run(TempTestSuite1622220811607.groovy:39)]]></system-err>
      </testcase>
      <testcase name="Test Cases/1712612/TC19_InvitePeopleToChannel" time="56.13" classname="Test Cases/1712612/TC19_InvitePeopleToChannel" status="FAILED">
         <failure type="FAILED" message="Test Cases/1712612/TC19_InvitePeopleToChannel FAILED.
Reason:
com.kms.katalon.core.exception.StepFailedException: Unable to click on object 'Object Repository/1712612_Mattermost Object/Page_Invite people to channel - Test 171261_c46106/div_- abc string (string)_more-modal__actio_2ea070'
	at com.kms.katalon.core.webui.keyword.internal.WebUIKeywordMain.stepFailed(WebUIKeywordMain.groovy:64)
	at com.kms.katalon.core.webui.keyword.internal.WebUIKeywordMain.runKeyword(WebUIKeywordMain.groovy:26)
	at com.kms.katalon.core.webui.keyword.builtin.ClickKeyword.click(ClickKeyword.groovy:75)
	at com.kms.katalon.core.webui.keyword.builtin.ClickKeyword.execute(ClickKeyword.groovy:42)
	at com.kms.katalon.core.keyword.internal.KeywordExecutor.executeKeywordForPlatform(KeywordExecutor.groovy:73)
	at com.kms.katalon.core.webui.keyword.WebUiBuiltInKeywords.click(WebUiBuiltInKeywords.groovy:619)
	at com.kms.katalon.core.webui.keyword.WebUiBuiltInKeywords$click$3.call(Unknown Source)
	at TC19_InvitePeopleToChannel.run(TC19_InvitePeopleToChannel:28)
	at com.kms.katalon.core.main.ScriptEngine.run(ScriptEngine.java:194)
	at com.kms.katalon.core.main.ScriptEngine.runScriptAsRawText(ScriptEngine.java:119)
	at com.kms.katalon.core.main.TestCaseExecutor.runScript(TestCaseExecutor.java:398)
	at com.kms.katalon.core.main.TestCaseExecutor.doExecute(TestCaseExecutor.java:389)
	at com.kms.katalon.core.main.TestCaseExecutor.processExecutionPhase(TestCaseExecutor.java:368)
	at com.kms.katalon.core.main.TestCaseExecutor.accessMainPhase(TestCaseExecutor.java:360)
	at com.kms.katalon.core.main.TestCaseExecutor.execute(TestCaseExecutor.java:255)
	at com.kms.katalon.core.main.TestSuiteExecutor.accessTestCaseMainPhase(TestSuiteExecutor.java:203)
	at com.kms.katalon.core.main.TestSuiteExecutor.accessTestSuiteMainPhase(TestSuiteExecutor.java:152)
	at com.kms.katalon.core.main.TestSuiteExecutor.execute(TestSuiteExecutor.java:95)
	at com.kms.katalon.core.main.TestCaseMain.startTestSuite(TestCaseMain.java:157)
	at com.kms.katalon.core.main.TestCaseMain$startTestSuite$0.call(Unknown Source)
	at TempTestSuite1622220811607.run(TempTestSuite1622220811607.groovy:39)
Caused by: com.kms.katalon.core.webui.exception.WebElementNotFoundException: Web element with id: 'Object Repository/1712612_Mattermost Object/Page_Invite people to channel - Test 171261_c46106/div_- abc string (string)_more-modal__actio_2ea070' located by '//div[@id='multiSelectList']/div/div[2]/div' not found
	at com.kms.katalon.core.webui.common.WebUiCommonHelper.findWebElement(WebUiCommonHelper.java:1368)
	at com.kms.katalon.core.webui.keyword.internal.WebUIAbstractKeyword.findWebElement(WebUIAbstractKeyword.groovy:27)
	at com.kms.katalon.core.webui.keyword.internal.WebUIAbstractKeyword.findWebElement(WebUIAbstractKeyword.groovy:26)
	at com.kms.katalon.core.webui.keyword.builtin.ClickKeyword$_click_closure1.doCall(ClickKeyword.groovy:66)
	at com.kms.katalon.core.webui.keyword.builtin.ClickKeyword$_click_closure1.call(ClickKeyword.groovy)
	at com.kms.katalon.core.webui.keyword.internal.WebUIKeywordMain.runKeyword(WebUIKeywordMain.groovy:20)
	... 19 more
"/>
         <system-out><![CDATA[2021-05-29 00:07:13 - [TEST_CASE][FAILED] - Test Cases/1712612/TC19_InvitePeopleToChannel: Test Cases/1712612/TC19_InvitePeopleToChannel FAILED.
Reason:
com.kms.katalon.core.exception.StepFailedException: Unable to click on object 'Object Repository/1712612_Mattermost Object/Page_Invite people to channel - Test 171261_c46106/div_- abc string (string)_more-modal__actio_2ea070'
	at com.kms.katalon.core.webui.keyword.internal.WebUIKeywordMain.stepFailed(WebUIKeywordMain.groovy:64)
	at com.kms.katalon.core.webui.keyword.internal.WebUIKeywordMain.runKeyword(WebUIKeywordMain.groovy:26)
	at com.kms.katalon.core.webui.keyword.builtin.ClickKeyword.click(ClickKeyword.groovy:75)
	at com.kms.katalon.core.webui.keyword.builtin.ClickKeyword.execute(ClickKeyword.groovy:42)
	at com.kms.katalon.core.keyword.internal.KeywordExecutor.executeKeywordForPlatform(KeywordExecutor.groovy:73)
	at com.kms.katalon.core.webui.keyword.WebUiBuiltInKeywords.click(WebUiBuiltInKeywords.groovy:619)
	at com.kms.katalon.core.webui.keyword.WebUiBuiltInKeywords$click$3.call(Unknown Source)
	at TC19_InvitePeopleToChannel.run(TC19_InvitePeopleToChannel:28)
	at com.kms.katalon.core.main.ScriptEngine.run(ScriptEngine.java:194)
	at com.kms.katalon.core.main.ScriptEngine.runScriptAsRawText(ScriptEngine.java:119)
	at com.kms.katalon.core.main.TestCaseExecutor.runScript(TestCaseExecutor.java:398)
	at com.kms.katalon.core.main.TestCaseExecutor.doExecute(TestCaseExecutor.java:389)
	at com.kms.katalon.core.main.TestCaseExecutor.processExecutionPhase(TestCaseExecutor.java:368)
	at com.kms.katalon.core.main.TestCaseExecutor.accessMainPhase(TestCaseExecutor.java:360)
	at com.kms.katalon.core.main.TestCaseExecutor.execute(TestCaseExecutor.java:255)
	at com.kms.katalon.core.main.TestSuiteExecutor.accessTestCaseMainPhase(TestSuiteExecutor.java:203)
	at com.kms.katalon.core.main.TestSuiteExecutor.accessTestSuiteMainPhase(TestSuiteExecutor.java:152)
	at com.kms.katalon.core.main.TestSuiteExecutor.execute(TestSuiteExecutor.java:95)
	at com.kms.katalon.core.main.TestCaseMain.startTestSuite(TestCaseMain.java:157)
	at com.kms.katalon.core.main.TestCaseMain$startTestSuite$0.call(Unknown Source)
	at TempTestSuite1622220811607.run(TempTestSuite1622220811607.groovy:39)
Caused by: com.kms.katalon.core.webui.exception.WebElementNotFoundException: Web element with id: 'Object Repository/1712612_Mattermost Object/Page_Invite people to channel - Test 171261_c46106/div_- abc string (string)_more-modal__actio_2ea070' located by '//div[@id='multiSelectList']/div/div[2]/div' not found
	at com.kms.katalon.core.webui.common.WebUiCommonHelper.findWebElement(WebUiCommonHelper.java:1368)
	at com.kms.katalon.core.webui.keyword.internal.WebUIAbstractKeyword.findWebElement(WebUIAbstractKeyword.groovy:27)
	at com.kms.katalon.core.webui.keyword.internal.WebUIAbstractKeyword.findWebElement(WebUIAbstractKeyword.groovy:26)
	at com.kms.katalon.core.webui.keyword.builtin.ClickKeyword$_click_closure1.doCall(ClickKeyword.groovy:66)
	at com.kms.katalon.core.webui.keyword.builtin.ClickKeyword$_click_closure1.call(ClickKeyword.groovy)
	at com.kms.katalon.core.webui.keyword.internal.WebUIKeywordMain.runKeyword(WebUIKeywordMain.groovy:20)
	... 19 more


2021-05-29 00:07:14 - [TEST_STEP][PASSED] - callTestCase(findTestCase("1712612/CommonTC/TC_OpenPage"), [:], STOP_ON_FAILURE): Call Test Case 'Test Cases/1712612/CommonTC/TC_OpenPage' successfully

2021-05-29 00:07:14 - [TEST_CASE][PASSED] - Test Cases/1712612/CommonTC/TC_OpenPage: Test Cases/1712612/CommonTC/TC_OpenPage

2021-05-29 00:07:14 - [TEST_STEP][PASSED] - openBrowser(""): Browser is opened with url: ''

2021-05-29 00:07:14 - [MESSAGE][WARNING] - A browser is already opened. Closing browser and opening a new one

2021-05-29 00:07:14 - [MESSAGE][INFO] - Starting 'Chrome' driver

2021-05-29 00:07:14 - [MESSAGE][INFO] - Action delay is set to 0 milliseconds

2021-05-29 00:07:16 - [MESSAGE][PASSED] - Browser is opened with url: ''

2021-05-29 00:07:16 - [TEST_STEP][PASSED] - navigateToUrl("https://mattermostwebapp.herokuapp.com/login"): Navigate to 'https://mattermostwebapp.herokuapp.com/login' successfully

2021-05-29 00:07:19 - [MESSAGE][PASSED] - Navigate to 'https://mattermostwebapp.herokuapp.com/login' successfully

2021-05-29 00:07:19 - [MESSAGE][PASSED] - Call Test Case 'Test Cases/1712612/CommonTC/TC_OpenPage' successfully

2021-05-29 00:07:19 - [TEST_STEP][PASSED] - callTestCase(findTestCase("1712612/CommonTC/TC_Login"), [:], STOP_ON_FAILURE): Call Test Case 'Test Cases/1712612/CommonTC/TC_Login' successfully

2021-05-29 00:07:19 - [TEST_CASE][PASSED] - Test Cases/1712612/CommonTC/TC_Login: Test Cases/1712612/CommonTC/TC_Login

2021-05-29 00:07:19 - [TEST_STEP][PASSED] - verifyElementVisible(findTestObject("Object Repository/1712612_Mattermost Object/Page_Mattermost/input_login_username"), STOP_ON_FAILURE): Object 'Object Repository/1712612_Mattermost Object/Page_Mattermost/input_login_username' is visible

2021-05-29 00:07:24 - [MESSAGE][PASSED] - Object 'Object Repository/1712612_Mattermost Object/Page_Mattermost/input_login_username' is visible

2021-05-29 00:07:24 - [TEST_STEP][PASSED] - verifyElementVisible(findTestObject("Object Repository/1712612_Mattermost Object/Page_Mattermost/input_login_password"), STOP_ON_FAILURE): Object 'Object Repository/1712612_Mattermost Object/Page_Mattermost/input_login_password' is visible

2021-05-29 00:07:25 - [MESSAGE][PASSED] - Object 'Object Repository/1712612_Mattermost Object/Page_Mattermost/input_login_password' is visible

2021-05-29 00:07:25 - [TEST_STEP][PASSED] - setText(findTestObject("Object Repository/1712612_Mattermost Object/Page_Mattermost/input_login_username"), "nghi_tran"): Text 'nghi_tran' is set on object 'Object Repository/1712612_Mattermost Object/Page_Mattermost/input_login_username'

2021-05-29 00:07:25 - [MESSAGE][PASSED] - Text 'nghi_tran' is set on object 'Object Repository/1712612_Mattermost Object/Page_Mattermost/input_login_username'

2021-05-29 00:07:25 - [TEST_STEP][PASSED] - setEncryptedText(findTestObject("Object Repository/1712612_Mattermost Object/Page_Mattermost/input_login_password"), "KBlHou+hFmnFUOUwxwboiw=="): Text ****** has been set on object 'Object Repository/1712612_Mattermost Object/Page_Mattermost/input_login_password'

2021-05-29 00:07:26 - [MESSAGE][PASSED] - Text ****** has been set on object 'Object Repository/1712612_Mattermost Object/Page_Mattermost/input_login_password'

2021-05-29 00:07:26 - [TEST_STEP][PASSED] - click(findTestObject("Object Repository/1712612_Mattermost Object/Page_Mattermost/button_Sign in")): Object: 'Object Repository/1712612_Mattermost Object/Page_Mattermost/button_Sign in' is clicked on

2021-05-29 00:07:26 - [MESSAGE][PASSED] - Object: 'Object Repository/1712612_Mattermost Object/Page_Mattermost/button_Sign in' is clicked on

2021-05-29 00:07:26 - [TEST_STEP][PASSED] - verifyElementVisible(findTestObject("Object Repository/1712612_Mattermost Object/Page_Town Square - another Mattermost/img__Avatar Avatar-lg"), STOP_ON_FAILURE): Object 'Object Repository/1712612_Mattermost Object/Page_Town Square - another Mattermost/img__Avatar Avatar-lg' is visible

2021-05-29 00:07:30 - [MESSAGE][PASSED] - Object 'Object Repository/1712612_Mattermost Object/Page_Town Square - another Mattermost/img__Avatar Avatar-lg' is visible

2021-05-29 00:07:30 - [MESSAGE][PASSED] - Call Test Case 'Test Cases/1712612/CommonTC/TC_Login' successfully

2021-05-29 00:07:30 - [TEST_STEP][PASSED] - navigateToUrl("https://mattermostwebapp.herokuapp.com/test-1712612/channels/invite-people-to-channel"): Navigate to 'https://mattermostwebapp.herokuapp.com/test-1712612/channels/invite-people-to-channel' successfully

2021-05-29 00:07:30 - [MESSAGE][PASSED] - Navigate to 'https://mattermostwebapp.herokuapp.com/test-1712612/channels/invite-people-to-channel' successfully

2021-05-29 00:07:30 - [TEST_STEP][PASSED] - click(findTestObject("Object Repository/1712612_Mattermost Object/Page_Invite people to channel - Test 171261_c46106/button_Invite others to this channel")): Object: 'Object Repository/1712612_Mattermost Object/Page_Invite people to channel - Test 171261_c46106/button_Invite others to this channel' is clicked on

2021-05-29 00:07:34 - [MESSAGE][PASSED] - Object: 'Object Repository/1712612_Mattermost Object/Page_Invite people to channel - Test 171261_c46106/button_Invite others to this channel' is clicked on

2021-05-29 00:07:34 - [TEST_STEP][FAILED] - click(findTestObject("Object Repository/1712612_Mattermost Object/Page_Invite people to channel - Test 171261_c46106/div_- abc string (string)_more-modal__actio_2ea070")): Unable to click on object 'Object Repository/1712612_Mattermost Object/Page_Invite people to channel - Test 171261_c46106/div_- abc string (string)_more-modal__actio_2ea070' (Root cause: com.kms.katalon.core.exception.StepFailedException: Unable to click on object 'Object Repository/1712612_Mattermost Object/Page_Invite people to channel - Test 171261_c46106/div_- abc string (string)_more-modal__actio_2ea070'
	at com.kms.katalon.core.webui.keyword.internal.WebUIKeywordMain.stepFailed(WebUIKeywordMain.groovy:64)
	at com.kms.katalon.core.webui.keyword.internal.WebUIKeywordMain.runKeyword(WebUIKeywordMain.groovy:26)
	at com.kms.katalon.core.webui.keyword.builtin.ClickKeyword.click(ClickKeyword.groovy:75)
	at com.kms.katalon.core.webui.keyword.builtin.ClickKeyword.execute(ClickKeyword.groovy:42)
	at com.kms.katalon.core.keyword.internal.KeywordExecutor.executeKeywordForPlatform(KeywordExecutor.groovy:73)
	at com.kms.katalon.core.webui.keyword.WebUiBuiltInKeywords.click(WebUiBuiltInKeywords.groovy:619)
	at com.kms.katalon.core.webui.keyword.WebUiBuiltInKeywords$click$3.call(Unknown Source)
	at TC19_InvitePeopleToChannel.run(TC19_InvitePeopleToChannel:28)
	at com.kms.katalon.core.main.ScriptEngine.run(ScriptEngine.java:194)
	at com.kms.katalon.core.main.ScriptEngine.runScriptAsRawText(ScriptEngine.java:119)
	at com.kms.katalon.core.main.TestCaseExecutor.runScript(TestCaseExecutor.java:398)
	at com.kms.katalon.core.main.TestCaseExecutor.doExecute(TestCaseExecutor.java:389)
	at com.kms.katalon.core.main.TestCaseExecutor.processExecutionPhase(TestCaseExecutor.java:368)
	at com.kms.katalon.core.main.TestCaseExecutor.accessMainPhase(TestCaseExecutor.java:360)
	at com.kms.katalon.core.main.TestCaseExecutor.execute(TestCaseExecutor.java:255)
	at com.kms.katalon.core.main.TestSuiteExecutor.accessTestCaseMainPhase(TestSuiteExecutor.java:203)
	at com.kms.katalon.core.main.TestSuiteExecutor.accessTestSuiteMainPhase(TestSuiteExecutor.java:152)
	at com.kms.katalon.core.main.TestSuiteExecutor.execute(TestSuiteExecutor.java:95)
	at com.kms.katalon.core.main.TestCaseMain.startTestSuite(TestCaseMain.java:157)
	at com.kms.katalon.core.main.TestCaseMain$startTestSuite$0.call(Unknown Source)
	at TempTestSuite1622220811607.run(TempTestSuite1622220811607.groovy:39)
Caused by: com.kms.katalon.core.webui.exception.WebElementNotFoundException: Web element with id: 'Object Repository/1712612_Mattermost Object/Page_Invite people to channel - Test 171261_c46106/div_- abc string (string)_more-modal__actio_2ea070' located by '//div[@id='multiSelectList']/div/div[2]/div' not found
	at com.kms.katalon.core.webui.common.WebUiCommonHelper.findWebElement(WebUiCommonHelper.java:1368)
	at com.kms.katalon.core.webui.keyword.internal.WebUIAbstractKeyword.findWebElement(WebUIAbstractKeyword.groovy:27)
	at com.kms.katalon.core.webui.keyword.internal.WebUIAbstractKeyword.findWebElement(WebUIAbstractKeyword.groovy:26)
	at com.kms.katalon.core.webui.keyword.builtin.ClickKeyword$_click_closure1.doCall(ClickKeyword.groovy:66)
	at com.kms.katalon.core.webui.keyword.builtin.ClickKeyword$_click_closure1.call(ClickKeyword.groovy)
	at com.kms.katalon.core.webui.keyword.internal.WebUIKeywordMain.runKeyword(WebUIKeywordMain.groovy:20)
	at com.kms.katalon.core.webui.keyword.builtin.ClickKeyword.click(ClickKeyword.groovy:75)
	at com.kms.katalon.core.webui.keyword.builtin.ClickKeyword.execute(ClickKeyword.groovy:42)
	at com.kms.katalon.core.keyword.internal.KeywordExecutor.executeKeywordForPlatform(KeywordExecutor.groovy:73)
	at com.kms.katalon.core.webui.keyword.WebUiBuiltInKeywords.click(WebUiBuiltInKeywords.groovy:619)
	at com.kms.katalon.core.webui.keyword.WebUiBuiltInKeywords$click$3.call(Unknown Source)
	at Script1621599979569.run(Script1621599979569.groovy:28)
	... 13 more
)

2021-05-29 00:08:05 - [MESSAGE][INFO] - Unable to find the element located by 'By.xpath: //div[@id='multiSelectList']/div/div[2]/div'. Please recheck the objects properties to make sure the desired element is located. 

2021-05-29 00:08:05 - [MESSAGE][WARNING] - [SELF-HEALING] Failed to find element with id 'Object Repository/1712612_Mattermost Object/Page_Invite people to channel - Test 171261_c46106/div_- abc string (string)_more-modal__actio_2ea070'. Try using Self-healing.

2021-05-29 00:08:05 - [MESSAGE][ERROR] - [SELF-HEALING] com.google.gson.stream.MalformedJsonException: Expected ':' at line 75 column 10 path $.brokenTestObjects[7].<<<<<<<

2021-05-29 00:08:06 - [MESSAGE][INFO] - [SELF-HEALING] Failed Locator: '//div[@id='multiSelectList']/div/div[2]/div'.

2021-05-29 00:08:06 - [MESSAGE][INFO] - [SELF-HEALING] Failed Locator: '(.//*[normalize-space(text()) and normalize-space(.)='- abc string (string)'])[1]/following::div[2]'.

2021-05-29 00:08:06 - [MESSAGE][INFO] - [SELF-HEALING] Failed Locator: '(.//*[normalize-space(text()) and normalize-space(.)='- test first name test last name'])[1]/preceding::div[1]'.

2021-05-29 00:08:07 - [MESSAGE][INFO] - [SELF-HEALING] Failed Locator: '//div[2]/div/div/div[2]/div/div[2]/div/div[2]/div/div[2]/div'.

2021-05-29 00:08:08 - [MESSAGE][INFO] - Unable to find the element located by 'By.xpath: id("multiSelectList")/div[@class="more-modal__row clickable more-modal__row--selected"]/div[@class="more-modal__actions"]/div[@class="more-modal__actions--round"]'. Please recheck the objects properties to make sure the desired element is located. 

2021-05-29 00:08:09 - [MESSAGE][INFO] - Unable to find the element located by 'By.cssSelector: div.more-modal__actions--round'. Please recheck the objects properties to make sure the desired element is located. 

2021-05-29 00:08:09 - [MESSAGE][FAILED] - Unable to click on object 'Object Repository/1712612_Mattermost Object/Page_Invite people to channel - Test 171261_c46106/div_- abc string (string)_more-modal__actio_2ea070' (Root cause: com.kms.katalon.core.exception.StepFailedException: Unable to click on object 'Object Repository/1712612_Mattermost Object/Page_Invite people to channel - Test 171261_c46106/div_- abc string (string)_more-modal__actio_2ea070'
	at com.kms.katalon.core.webui.keyword.internal.WebUIKeywordMain.stepFailed(WebUIKeywordMain.groovy:64)
	at com.kms.katalon.core.webui.keyword.internal.WebUIKeywordMain.runKeyword(WebUIKeywordMain.groovy:26)
	at com.kms.katalon.core.webui.keyword.builtin.ClickKeyword.click(ClickKeyword.groovy:75)
	at com.kms.katalon.core.webui.keyword.builtin.ClickKeyword.execute(ClickKeyword.groovy:42)
	at com.kms.katalon.core.keyword.internal.KeywordExecutor.executeKeywordForPlatform(KeywordExecutor.groovy:73)
	at com.kms.katalon.core.webui.keyword.WebUiBuiltInKeywords.click(WebUiBuiltInKeywords.groovy:619)
	at com.kms.katalon.core.webui.keyword.WebUiBuiltInKeywords$click$3.call(Unknown Source)
	at TC19_InvitePeopleToChannel.run(TC19_InvitePeopleToChannel:28)
	at com.kms.katalon.core.main.ScriptEngine.run(ScriptEngine.java:194)
	at com.kms.katalon.core.main.ScriptEngine.runScriptAsRawText(ScriptEngine.java:119)
	at com.kms.katalon.core.main.TestCaseExecutor.runScript(TestCaseExecutor.java:398)
	at com.kms.katalon.core.main.TestCaseExecutor.doExecute(TestCaseExecutor.java:389)
	at com.kms.katalon.core.main.TestCaseExecutor.processExecutionPhase(TestCaseExecutor.java:368)
	at com.kms.katalon.core.main.TestCaseExecutor.accessMainPhase(TestCaseExecutor.java:360)
	at com.kms.katalon.core.main.TestCaseExecutor.execute(TestCaseExecutor.java:255)
	at com.kms.katalon.core.main.TestSuiteExecutor.accessTestCaseMainPhase(TestSuiteExecutor.java:203)
	at com.kms.katalon.core.main.TestSuiteExecutor.accessTestSuiteMainPhase(TestSuiteExecutor.java:152)
	at com.kms.katalon.core.main.TestSuiteExecutor.execute(TestSuiteExecutor.java:95)
	at com.kms.katalon.core.main.TestCaseMain.startTestSuite(TestCaseMain.java:157)
	at com.kms.katalon.core.main.TestCaseMain$startTestSuite$0.call(Unknown Source)
	at TempTestSuite1622220811607.run(TempTestSuite1622220811607.groovy:39)
Caused by: com.kms.katalon.core.webui.exception.WebElementNotFoundException: Web element with id: 'Object Repository/1712612_Mattermost Object/Page_Invite people to channel - Test 171261_c46106/div_- abc string (string)_more-modal__actio_2ea070' located by '//div[@id='multiSelectList']/div/div[2]/div' not found
	at com.kms.katalon.core.webui.common.WebUiCommonHelper.findWebElement(WebUiCommonHelper.java:1368)
	at com.kms.katalon.core.webui.keyword.internal.WebUIAbstractKeyword.findWebElement(WebUIAbstractKeyword.groovy:27)
	at com.kms.katalon.core.webui.keyword.internal.WebUIAbstractKeyword.findWebElement(WebUIAbstractKeyword.groovy:26)
	at com.kms.katalon.core.webui.keyword.builtin.ClickKeyword$_click_closure1.doCall(ClickKeyword.groovy:66)
	at com.kms.katalon.core.webui.keyword.builtin.ClickKeyword$_click_closure1.call(ClickKeyword.groovy)
	at com.kms.katalon.core.webui.keyword.internal.WebUIKeywordMain.runKeyword(WebUIKeywordMain.groovy:20)
	at com.kms.katalon.core.webui.keyword.builtin.ClickKeyword.click(ClickKeyword.groovy:75)
	at com.kms.katalon.core.webui.keyword.builtin.ClickKeyword.execute(ClickKeyword.groovy:42)
	at com.kms.katalon.core.keyword.internal.KeywordExecutor.executeKeywordForPlatform(KeywordExecutor.groovy:73)
	at com.kms.katalon.core.webui.keyword.WebUiBuiltInKeywords.click(WebUiBuiltInKeywords.groovy:619)
	at com.kms.katalon.core.webui.keyword.WebUiBuiltInKeywords$click$3.call(Unknown Source)
	at Script1621599979569.run(Script1621599979569.groovy:28)
	... 13 more
)
[[ATTACHMENT|C:\\Users\\phuc\\git\\Mattermost_AutoTesting\\Reports\\20210528_235331\\1712666\\Run_All_Test_Cases\\20210528_235331\\1622221689643.png]]]]></system-out>
         <system-err><![CDATA[2021-05-29 00:07:13 - [TEST_CASE][FAILED] - Test Cases/1712612/TC19_InvitePeopleToChannel: Test Cases/1712612/TC19_InvitePeopleToChannel FAILED.
Reason:
com.kms.katalon.core.exception.StepFailedException: Unable to click on object 'Object Repository/1712612_Mattermost Object/Page_Invite people to channel - Test 171261_c46106/div_- abc string (string)_more-modal__actio_2ea070'
	at com.kms.katalon.core.webui.keyword.internal.WebUIKeywordMain.stepFailed(WebUIKeywordMain.groovy:64)
	at com.kms.katalon.core.webui.keyword.internal.WebUIKeywordMain.runKeyword(WebUIKeywordMain.groovy:26)
	at com.kms.katalon.core.webui.keyword.builtin.ClickKeyword.click(ClickKeyword.groovy:75)
	at com.kms.katalon.core.webui.keyword.builtin.ClickKeyword.execute(ClickKeyword.groovy:42)
	at com.kms.katalon.core.keyword.internal.KeywordExecutor.executeKeywordForPlatform(KeywordExecutor.groovy:73)
	at com.kms.katalon.core.webui.keyword.WebUiBuiltInKeywords.click(WebUiBuiltInKeywords.groovy:619)
	at com.kms.katalon.core.webui.keyword.WebUiBuiltInKeywords$click$3.call(Unknown Source)
	at TC19_InvitePeopleToChannel.run(TC19_InvitePeopleToChannel:28)
	at com.kms.katalon.core.main.ScriptEngine.run(ScriptEngine.java:194)
	at com.kms.katalon.core.main.ScriptEngine.runScriptAsRawText(ScriptEngine.java:119)
	at com.kms.katalon.core.main.TestCaseExecutor.runScript(TestCaseExecutor.java:398)
	at com.kms.katalon.core.main.TestCaseExecutor.doExecute(TestCaseExecutor.java:389)
	at com.kms.katalon.core.main.TestCaseExecutor.processExecutionPhase(TestCaseExecutor.java:368)
	at com.kms.katalon.core.main.TestCaseExecutor.accessMainPhase(TestCaseExecutor.java:360)
	at com.kms.katalon.core.main.TestCaseExecutor.execute(TestCaseExecutor.java:255)
	at com.kms.katalon.core.main.TestSuiteExecutor.accessTestCaseMainPhase(TestSuiteExecutor.java:203)
	at com.kms.katalon.core.main.TestSuiteExecutor.accessTestSuiteMainPhase(TestSuiteExecutor.java:152)
	at com.kms.katalon.core.main.TestSuiteExecutor.execute(TestSuiteExecutor.java:95)
	at com.kms.katalon.core.main.TestCaseMain.startTestSuite(TestCaseMain.java:157)
	at com.kms.katalon.core.main.TestCaseMain$startTestSuite$0.call(Unknown Source)
	at TempTestSuite1622220811607.run(TempTestSuite1622220811607.groovy:39)
Caused by: com.kms.katalon.core.webui.exception.WebElementNotFoundException: Web element with id: 'Object Repository/1712612_Mattermost Object/Page_Invite people to channel - Test 171261_c46106/div_- abc string (string)_more-modal__actio_2ea070' located by '//div[@id='multiSelectList']/div/div[2]/div' not found
	at com.kms.katalon.core.webui.common.WebUiCommonHelper.findWebElement(WebUiCommonHelper.java:1368)
	at com.kms.katalon.core.webui.keyword.internal.WebUIAbstractKeyword.findWebElement(WebUIAbstractKeyword.groovy:27)
	at com.kms.katalon.core.webui.keyword.internal.WebUIAbstractKeyword.findWebElement(WebUIAbstractKeyword.groovy:26)
	at com.kms.katalon.core.webui.keyword.builtin.ClickKeyword$_click_closure1.doCall(ClickKeyword.groovy:66)
	at com.kms.katalon.core.webui.keyword.builtin.ClickKeyword$_click_closure1.call(ClickKeyword.groovy)
	at com.kms.katalon.core.webui.keyword.internal.WebUIKeywordMain.runKeyword(WebUIKeywordMain.groovy:20)
	... 19 more]]></system-err>
      </testcase>
      <testcase name="Test Cases/1712612/TC20_Update_channel_purpose" time="26.342" classname="Test Cases/1712612/TC20_Update_channel_purpose" status="PASSED">
         <system-out><![CDATA[2021-05-29 00:08:09 - [TEST_CASE][PASSED] - Test Cases/1712612/TC20_Update_channel_purpose: Test Cases/1712612/TC20_Update_channel_purpose

2021-05-29 00:08:10 - [TEST_STEP][PASSED] - callTestCase(findTestCase("1712612/CommonTC/TC_OpenPage"), [:], STOP_ON_FAILURE): Call Test Case 'Test Cases/1712612/CommonTC/TC_OpenPage' successfully

2021-05-29 00:08:10 - [TEST_CASE][PASSED] - Test Cases/1712612/CommonTC/TC_OpenPage: Test Cases/1712612/CommonTC/TC_OpenPage

2021-05-29 00:08:10 - [TEST_STEP][PASSED] - openBrowser(""): Browser is opened with url: ''

2021-05-29 00:08:10 - [MESSAGE][WARNING] - A browser is already opened. Closing browser and opening a new one

2021-05-29 00:08:11 - [MESSAGE][INFO] - Starting 'Chrome' driver

2021-05-29 00:08:11 - [MESSAGE][INFO] - Action delay is set to 0 milliseconds

2021-05-29 00:08:12 - [MESSAGE][PASSED] - Browser is opened with url: ''

2021-05-29 00:08:12 - [TEST_STEP][PASSED] - navigateToUrl("https://mattermostwebapp.herokuapp.com/login"): Navigate to 'https://mattermostwebapp.herokuapp.com/login' successfully

2021-05-29 00:08:16 - [MESSAGE][PASSED] - Navigate to 'https://mattermostwebapp.herokuapp.com/login' successfully

2021-05-29 00:08:16 - [MESSAGE][PASSED] - Call Test Case 'Test Cases/1712612/CommonTC/TC_OpenPage' successfully

2021-05-29 00:08:16 - [TEST_STEP][PASSED] - callTestCase(findTestCase("1712612/CommonTC/TC_Login"), [:], STOP_ON_FAILURE): Call Test Case 'Test Cases/1712612/CommonTC/TC_Login' successfully

2021-05-29 00:08:16 - [TEST_CASE][PASSED] - Test Cases/1712612/CommonTC/TC_Login: Test Cases/1712612/CommonTC/TC_Login

2021-05-29 00:08:16 - [TEST_STEP][PASSED] - verifyElementVisible(findTestObject("Object Repository/1712612_Mattermost Object/Page_Mattermost/input_login_username"), STOP_ON_FAILURE): Object 'Object Repository/1712612_Mattermost Object/Page_Mattermost/input_login_username' is visible

2021-05-29 00:08:20 - [MESSAGE][PASSED] - Object 'Object Repository/1712612_Mattermost Object/Page_Mattermost/input_login_username' is visible

2021-05-29 00:08:20 - [TEST_STEP][PASSED] - verifyElementVisible(findTestObject("Object Repository/1712612_Mattermost Object/Page_Mattermost/input_login_password"), STOP_ON_FAILURE): Object 'Object Repository/1712612_Mattermost Object/Page_Mattermost/input_login_password' is visible

2021-05-29 00:08:21 - [MESSAGE][PASSED] - Object 'Object Repository/1712612_Mattermost Object/Page_Mattermost/input_login_password' is visible

2021-05-29 00:08:21 - [TEST_STEP][PASSED] - setText(findTestObject("Object Repository/1712612_Mattermost Object/Page_Mattermost/input_login_username"), "nghi_tran"): Text 'nghi_tran' is set on object 'Object Repository/1712612_Mattermost Object/Page_Mattermost/input_login_username'

2021-05-29 00:08:21 - [MESSAGE][PASSED] - Text 'nghi_tran' is set on object 'Object Repository/1712612_Mattermost Object/Page_Mattermost/input_login_username'

2021-05-29 00:08:21 - [TEST_STEP][PASSED] - setEncryptedText(findTestObject("Object Repository/1712612_Mattermost Object/Page_Mattermost/input_login_password"), "KBlHou+hFmnFUOUwxwboiw=="): Text ****** has been set on object 'Object Repository/1712612_Mattermost Object/Page_Mattermost/input_login_password'

2021-05-29 00:08:22 - [MESSAGE][PASSED] - Text ****** has been set on object 'Object Repository/1712612_Mattermost Object/Page_Mattermost/input_login_password'

2021-05-29 00:08:22 - [TEST_STEP][PASSED] - click(findTestObject("Object Repository/1712612_Mattermost Object/Page_Mattermost/button_Sign in")): Object: 'Object Repository/1712612_Mattermost Object/Page_Mattermost/button_Sign in' is clicked on

2021-05-29 00:08:22 - [MESSAGE][PASSED] - Object: 'Object Repository/1712612_Mattermost Object/Page_Mattermost/button_Sign in' is clicked on

2021-05-29 00:08:22 - [TEST_STEP][PASSED] - verifyElementVisible(findTestObject("Object Repository/1712612_Mattermost Object/Page_Town Square - another Mattermost/img__Avatar Avatar-lg"), STOP_ON_FAILURE): Object 'Object Repository/1712612_Mattermost Object/Page_Town Square - another Mattermost/img__Avatar Avatar-lg' is visible

2021-05-29 00:08:26 - [MESSAGE][PASSED] - Object 'Object Repository/1712612_Mattermost Object/Page_Town Square - another Mattermost/img__Avatar Avatar-lg' is visible

2021-05-29 00:08:26 - [MESSAGE][PASSED] - Call Test Case 'Test Cases/1712612/CommonTC/TC_Login' successfully

2021-05-29 00:08:26 - [TEST_STEP][PASSED] - navigateToUrl("https://mattermostwebapp.herokuapp.com/test-1712612/channels/update-channel-purpose"): Navigate to 'https://mattermostwebapp.herokuapp.com/test-1712612/channels/update-channel-purpose' successfully

2021-05-29 00:08:27 - [MESSAGE][PASSED] - Navigate to 'https://mattermostwebapp.herokuapp.com/test-1712612/channels/update-channel-purpose' successfully

2021-05-29 00:08:27 - [TEST_STEP][PASSED] - click(findTestObject("Object Repository/1712612_Mattermost Object/Page_Update channel purpose - Test 1712612 _81d6bc/button_Update channel purpose")): Object: 'Object Repository/1712612_Mattermost Object/Page_Update channel purpose - Test 1712612 _81d6bc/button_Update channel purpose' is clicked on

2021-05-29 00:08:29 - [MESSAGE][PASSED] - Object: 'Object Repository/1712612_Mattermost Object/Page_Update channel purpose - Test 1712612 _81d6bc/button_Update channel purpose' is clicked on

2021-05-29 00:08:29 - [TEST_STEP][PASSED] - click(findTestObject("Object Repository/1712612_Mattermost Object/Page_Update channel purpose - Test 1712612 _81d6bc/button_Edit Channel Purpose")): Object: 'Object Repository/1712612_Mattermost Object/Page_Update channel purpose - Test 1712612 _81d6bc/button_Edit Channel Purpose' is clicked on

2021-05-29 00:08:30 - [MESSAGE][PASSED] - Object: 'Object Repository/1712612_Mattermost Object/Page_Update channel purpose - Test 1712612 _81d6bc/button_Edit Channel Purpose' is clicked on

2021-05-29 00:08:30 - [TEST_STEP][PASSED] - click(findTestObject("Object Repository/1712612_Mattermost Object/Page_Update channel purpose - Test 1712612 _81d6bc/div_CloseEdit Purpose for Update channel pu_f30fff")): Object: 'Object Repository/1712612_Mattermost Object/Page_Update channel purpose - Test 1712612 _81d6bc/div_CloseEdit Purpose for Update channel pu_f30fff' is clicked on

2021-05-29 00:08:31 - [MESSAGE][PASSED] - Object: 'Object Repository/1712612_Mattermost Object/Page_Update channel purpose - Test 1712612 _81d6bc/div_CloseEdit Purpose for Update channel pu_f30fff' is clicked on

2021-05-29 00:08:31 - [TEST_STEP][PASSED] - setText(findTestObject("Object Repository/1712612_Mattermost Object/Page_Update channel purpose - Test 1712612 _81d6bc/textarea_This is update channel purpose"), "This is update channel purpose."): Text 'This is update channel purpose.' is set on object 'Object Repository/1712612_Mattermost Object/Page_Update channel purpose - Test 1712612 _81d6bc/textarea_This is update channel purpose'

2021-05-29 00:08:32 - [MESSAGE][PASSED] - Text 'This is update channel purpose.' is set on object 'Object Repository/1712612_Mattermost Object/Page_Update channel purpose - Test 1712612 _81d6bc/textarea_This is update channel purpose'

2021-05-29 00:08:32 - [TEST_STEP][PASSED] - click(findTestObject("Object Repository/1712612_Mattermost Object/Page_Update channel purpose - Test 1712612 _81d6bc/button_Save")): Object: 'Object Repository/1712612_Mattermost Object/Page_Update channel purpose - Test 1712612 _81d6bc/button_Save' is clicked on

2021-05-29 00:08:32 - [MESSAGE][PASSED] - Object: 'Object Repository/1712612_Mattermost Object/Page_Update channel purpose - Test 1712612 _81d6bc/button_Save' is clicked on

2021-05-29 00:08:32 - [TEST_STEP][PASSED] - click(findTestObject("Object Repository/1712612_Mattermost Object/Page_Update channel purpose - Test 1712612 _81d6bc/button_Update channel purpose")): Object: 'Object Repository/1712612_Mattermost Object/Page_Update channel purpose - Test 1712612 _81d6bc/button_Update channel purpose' is clicked on

2021-05-29 00:08:33 - [MESSAGE][PASSED] - Object: 'Object Repository/1712612_Mattermost Object/Page_Update channel purpose - Test 1712612 _81d6bc/button_Update channel purpose' is clicked on

2021-05-29 00:08:33 - [TEST_STEP][PASSED] - click(findTestObject("Object Repository/1712612_Mattermost Object/Page_Update channel purpose - Test 1712612 _81d6bc/button_View Info")): Object: 'Object Repository/1712612_Mattermost Object/Page_Update channel purpose - Test 1712612 _81d6bc/button_View Info' is clicked on

2021-05-29 00:08:34 - [MESSAGE][PASSED] - Object: 'Object Repository/1712612_Mattermost Object/Page_Update channel purpose - Test 1712612 _81d6bc/button_View Info' is clicked on

2021-05-29 00:08:34 - [TEST_STEP][PASSED] - verifyTextPresent("This is update channel purpose.", false): Text 'This is update channel purpose.' is present on page 

2021-05-29 00:08:35 - [MESSAGE][PASSED] - Text 'This is update channel purpose.' is present on page 

2021-05-29 00:08:35 - [TEST_STEP][PASSED] - closeBrowser(): Browser is closed

2021-05-29 00:08:36 - [MESSAGE][PASSED] - Browser is closed]]></system-out>
         <system-err><![CDATA[]]></system-err>
      </testcase>
      <testcase name="Test Cases/1712612/TC21_RenameChannel" time="22.061" classname="Test Cases/1712612/TC21_RenameChannel" status="PASSED">
         <system-out><![CDATA[2021-05-29 00:08:36 - [TEST_CASE][PASSED] - Test Cases/1712612/TC21_RenameChannel: Test Cases/1712612/TC21_RenameChannel

2021-05-29 00:08:36 - [TEST_STEP][PASSED] - callTestCase(findTestCase("1712612/CommonTC/TC_OpenPage"), [:], STOP_ON_FAILURE): Call Test Case 'Test Cases/1712612/CommonTC/TC_OpenPage' successfully

2021-05-29 00:08:36 - [TEST_CASE][PASSED] - Test Cases/1712612/CommonTC/TC_OpenPage: Test Cases/1712612/CommonTC/TC_OpenPage

2021-05-29 00:08:36 - [TEST_STEP][PASSED] - openBrowser(""): Browser is opened with url: ''

2021-05-29 00:08:36 - [MESSAGE][INFO] - Starting 'Chrome' driver

2021-05-29 00:08:36 - [MESSAGE][INFO] - Action delay is set to 0 milliseconds

2021-05-29 00:08:38 - [MESSAGE][PASSED] - Browser is opened with url: ''

2021-05-29 00:08:38 - [TEST_STEP][PASSED] - navigateToUrl("https://mattermostwebapp.herokuapp.com/login"): Navigate to 'https://mattermostwebapp.herokuapp.com/login' successfully

2021-05-29 00:08:41 - [MESSAGE][PASSED] - Navigate to 'https://mattermostwebapp.herokuapp.com/login' successfully

2021-05-29 00:08:41 - [MESSAGE][PASSED] - Call Test Case 'Test Cases/1712612/CommonTC/TC_OpenPage' successfully

2021-05-29 00:08:41 - [TEST_STEP][PASSED] - callTestCase(findTestCase("1712612/CommonTC/TC_Login"), [:], STOP_ON_FAILURE): Call Test Case 'Test Cases/1712612/CommonTC/TC_Login' successfully

2021-05-29 00:08:41 - [TEST_CASE][PASSED] - Test Cases/1712612/CommonTC/TC_Login: Test Cases/1712612/CommonTC/TC_Login

2021-05-29 00:08:41 - [TEST_STEP][PASSED] - verifyElementVisible(findTestObject("Object Repository/1712612_Mattermost Object/Page_Mattermost/input_login_username"), STOP_ON_FAILURE): Object 'Object Repository/1712612_Mattermost Object/Page_Mattermost/input_login_username' is visible

2021-05-29 00:08:45 - [MESSAGE][PASSED] - Object 'Object Repository/1712612_Mattermost Object/Page_Mattermost/input_login_username' is visible

2021-05-29 00:08:45 - [TEST_STEP][PASSED] - verifyElementVisible(findTestObject("Object Repository/1712612_Mattermost Object/Page_Mattermost/input_login_password"), STOP_ON_FAILURE): Object 'Object Repository/1712612_Mattermost Object/Page_Mattermost/input_login_password' is visible

2021-05-29 00:08:45 - [MESSAGE][PASSED] - Object 'Object Repository/1712612_Mattermost Object/Page_Mattermost/input_login_password' is visible

2021-05-29 00:08:45 - [TEST_STEP][PASSED] - setText(findTestObject("Object Repository/1712612_Mattermost Object/Page_Mattermost/input_login_username"), "nghi_tran"): Text 'nghi_tran' is set on object 'Object Repository/1712612_Mattermost Object/Page_Mattermost/input_login_username'

2021-05-29 00:08:46 - [MESSAGE][PASSED] - Text 'nghi_tran' is set on object 'Object Repository/1712612_Mattermost Object/Page_Mattermost/input_login_username'

2021-05-29 00:08:46 - [TEST_STEP][PASSED] - setEncryptedText(findTestObject("Object Repository/1712612_Mattermost Object/Page_Mattermost/input_login_password"), "KBlHou+hFmnFUOUwxwboiw=="): Text ****** has been set on object 'Object Repository/1712612_Mattermost Object/Page_Mattermost/input_login_password'

2021-05-29 00:08:47 - [MESSAGE][PASSED] - Text ****** has been set on object 'Object Repository/1712612_Mattermost Object/Page_Mattermost/input_login_password'

2021-05-29 00:08:47 - [TEST_STEP][PASSED] - click(findTestObject("Object Repository/1712612_Mattermost Object/Page_Mattermost/button_Sign in")): Object: 'Object Repository/1712612_Mattermost Object/Page_Mattermost/button_Sign in' is clicked on

2021-05-29 00:08:48 - [MESSAGE][PASSED] - Object: 'Object Repository/1712612_Mattermost Object/Page_Mattermost/button_Sign in' is clicked on

2021-05-29 00:08:48 - [TEST_STEP][PASSED] - verifyElementVisible(findTestObject("Object Repository/1712612_Mattermost Object/Page_Town Square - another Mattermost/img__Avatar Avatar-lg"), STOP_ON_FAILURE): Object 'Object Repository/1712612_Mattermost Object/Page_Town Square - another Mattermost/img__Avatar Avatar-lg' is visible

2021-05-29 00:08:51 - [MESSAGE][PASSED] - Object 'Object Repository/1712612_Mattermost Object/Page_Town Square - another Mattermost/img__Avatar Avatar-lg' is visible

2021-05-29 00:08:51 - [MESSAGE][PASSED] - Call Test Case 'Test Cases/1712612/CommonTC/TC_Login' successfully

2021-05-29 00:08:51 - [TEST_STEP][PASSED] - navigateToUrl("https://mattermostwebapp.herokuapp.com/test-1712612/channels/channel"): Navigate to 'https://mattermostwebapp.herokuapp.com/test-1712612/channels/channel' successfully

2021-05-29 00:08:52 - [MESSAGE][PASSED] - Navigate to 'https://mattermostwebapp.herokuapp.com/test-1712612/channels/channel' successfully

2021-05-29 00:08:52 - [TEST_STEP][PASSED] - click(findTestObject("Object Repository/1712612_Mattermost Object/Page_channel - Test 1712612 Mattermost/button_channel")): Object: 'Object Repository/1712612_Mattermost Object/Page_channel - Test 1712612 Mattermost/button_channel' is clicked on

2021-05-29 00:08:55 - [MESSAGE][PASSED] - Object: 'Object Repository/1712612_Mattermost Object/Page_channel - Test 1712612 Mattermost/button_channel' is clicked on

2021-05-29 00:08:55 - [TEST_STEP][PASSED] - click(findTestObject("Object Repository/1712612_Mattermost Object/Page_channel - Test 1712612 Mattermost/button_Rename Channel")): Object: 'Object Repository/1712612_Mattermost Object/Page_channel - Test 1712612 Mattermost/button_Rename Channel' is clicked on

2021-05-29 00:08:55 - [MESSAGE][PASSED] - Object: 'Object Repository/1712612_Mattermost Object/Page_channel - Test 1712612 Mattermost/button_Rename Channel' is clicked on

2021-05-29 00:08:55 - [TEST_STEP][PASSED] - setText(findTestObject("Object Repository/1712612_Mattermost Object/Page_channel - Test 1712612 Mattermost/input_Display Name_display_name"), "channels"): Text 'channels' is set on object 'Object Repository/1712612_Mattermost Object/Page_channel - Test 1712612 Mattermost/input_Display Name_display_name'

2021-05-29 00:08:56 - [MESSAGE][PASSED] - Text 'channels' is set on object 'Object Repository/1712612_Mattermost Object/Page_channel - Test 1712612 Mattermost/input_Display Name_display_name'

2021-05-29 00:08:56 - [TEST_STEP][PASSED] - click(findTestObject("Object Repository/1712612_Mattermost Object/Page_channel - Test 1712612 Mattermost/button_Save")): Object: 'Object Repository/1712612_Mattermost Object/Page_channel - Test 1712612 Mattermost/button_Save' is clicked on

2021-05-29 00:08:57 - [MESSAGE][PASSED] - Object: 'Object Repository/1712612_Mattermost Object/Page_channel - Test 1712612 Mattermost/button_Save' is clicked on

2021-05-29 00:08:57 - [TEST_STEP][PASSED] - closeBrowser(): Browser is closed

2021-05-29 00:08:58 - [MESSAGE][PASSED] - Browser is closed]]></system-out>
         <system-err><![CDATA[]]></system-err>
      </testcase>
      <testcase name="Test Cases/1712612/TC22_UpdateChannelHeader" time="20.488" classname="Test Cases/1712612/TC22_UpdateChannelHeader" status="ERROR">
         <error type="ERROR" message="Test Cases/1712612/TC22_UpdateChannelHeader FAILED.
Reason:
java.lang.NullPointerException
	at com.kms.katalon.core.webui.keyword.builtin.VerifyElementTextKeyword.verifyElementText(VerifyElementTextKeyword.groovy:72)
	at com.kms.katalon.core.webui.keyword.builtin.VerifyElementTextKeyword.execute(VerifyElementTextKeyword.groovy:40)
	at com.kms.katalon.core.keyword.internal.KeywordExecutor.executeKeywordForPlatform(KeywordExecutor.groovy:73)
	at com.kms.katalon.core.webui.keyword.WebUiBuiltInKeywords.verifyElementText(WebUiBuiltInKeywords.groovy:4690)
	at com.kms.katalon.core.webui.keyword.WebUiBuiltInKeywords$verifyElementText$12.call(Unknown Source)
	at TC22_UpdateChannelHeader.run(TC22_UpdateChannelHeader:33)
	at com.kms.katalon.core.main.ScriptEngine.run(ScriptEngine.java:194)
	at com.kms.katalon.core.main.ScriptEngine.runScriptAsRawText(ScriptEngine.java:119)
	at com.kms.katalon.core.main.TestCaseExecutor.runScript(TestCaseExecutor.java:398)
	at com.kms.katalon.core.main.TestCaseExecutor.doExecute(TestCaseExecutor.java:389)
	at com.kms.katalon.core.main.TestCaseExecutor.processExecutionPhase(TestCaseExecutor.java:368)
	at com.kms.katalon.core.main.TestCaseExecutor.accessMainPhase(TestCaseExecutor.java:360)
	at com.kms.katalon.core.main.TestCaseExecutor.execute(TestCaseExecutor.java:255)
	at com.kms.katalon.core.main.TestSuiteExecutor.accessTestCaseMainPhase(TestSuiteExecutor.java:203)
	at com.kms.katalon.core.main.TestSuiteExecutor.accessTestSuiteMainPhase(TestSuiteExecutor.java:152)
	at com.kms.katalon.core.main.TestSuiteExecutor.execute(TestSuiteExecutor.java:95)
	at com.kms.katalon.core.main.TestCaseMain.startTestSuite(TestCaseMain.java:157)
	at com.kms.katalon.core.main.TestCaseMain$startTestSuite$0.call(Unknown Source)
	at TempTestSuite1622220811607.run(TempTestSuite1622220811607.groovy:39)
"/>
         <system-out><![CDATA[2021-05-29 00:08:58 - [TEST_CASE][ERROR] - Test Cases/1712612/TC22_UpdateChannelHeader: Test Cases/1712612/TC22_UpdateChannelHeader FAILED.
Reason:
java.lang.NullPointerException
	at com.kms.katalon.core.webui.keyword.builtin.VerifyElementTextKeyword.verifyElementText(VerifyElementTextKeyword.groovy:72)
	at com.kms.katalon.core.webui.keyword.builtin.VerifyElementTextKeyword.execute(VerifyElementTextKeyword.groovy:40)
	at com.kms.katalon.core.keyword.internal.KeywordExecutor.executeKeywordForPlatform(KeywordExecutor.groovy:73)
	at com.kms.katalon.core.webui.keyword.WebUiBuiltInKeywords.verifyElementText(WebUiBuiltInKeywords.groovy:4690)
	at com.kms.katalon.core.webui.keyword.WebUiBuiltInKeywords$verifyElementText$12.call(Unknown Source)
	at TC22_UpdateChannelHeader.run(TC22_UpdateChannelHeader:33)
	at com.kms.katalon.core.main.ScriptEngine.run(ScriptEngine.java:194)
	at com.kms.katalon.core.main.ScriptEngine.runScriptAsRawText(ScriptEngine.java:119)
	at com.kms.katalon.core.main.TestCaseExecutor.runScript(TestCaseExecutor.java:398)
	at com.kms.katalon.core.main.TestCaseExecutor.doExecute(TestCaseExecutor.java:389)
	at com.kms.katalon.core.main.TestCaseExecutor.processExecutionPhase(TestCaseExecutor.java:368)
	at com.kms.katalon.core.main.TestCaseExecutor.accessMainPhase(TestCaseExecutor.java:360)
	at com.kms.katalon.core.main.TestCaseExecutor.execute(TestCaseExecutor.java:255)
	at com.kms.katalon.core.main.TestSuiteExecutor.accessTestCaseMainPhase(TestSuiteExecutor.java:203)
	at com.kms.katalon.core.main.TestSuiteExecutor.accessTestSuiteMainPhase(TestSuiteExecutor.java:152)
	at com.kms.katalon.core.main.TestSuiteExecutor.execute(TestSuiteExecutor.java:95)
	at com.kms.katalon.core.main.TestCaseMain.startTestSuite(TestCaseMain.java:157)
	at com.kms.katalon.core.main.TestCaseMain$startTestSuite$0.call(Unknown Source)
	at TempTestSuite1622220811607.run(TempTestSuite1622220811607.groovy:39)


2021-05-29 00:08:58 - [TEST_STEP][PASSED] - callTestCase(findTestCase("1712612/CommonTC/TC_OpenPage"), [:], STOP_ON_FAILURE): Call Test Case 'Test Cases/1712612/CommonTC/TC_OpenPage' successfully

2021-05-29 00:08:58 - [TEST_CASE][PASSED] - Test Cases/1712612/CommonTC/TC_OpenPage: Test Cases/1712612/CommonTC/TC_OpenPage

2021-05-29 00:08:58 - [TEST_STEP][PASSED] - openBrowser(""): Browser is opened with url: ''

2021-05-29 00:08:58 - [MESSAGE][INFO] - Starting 'Chrome' driver

2021-05-29 00:08:58 - [MESSAGE][INFO] - Action delay is set to 0 milliseconds

2021-05-29 00:09:00 - [MESSAGE][PASSED] - Browser is opened with url: ''

2021-05-29 00:09:00 - [TEST_STEP][PASSED] - navigateToUrl("https://mattermostwebapp.herokuapp.com/login"): Navigate to 'https://mattermostwebapp.herokuapp.com/login' successfully

2021-05-29 00:09:03 - [MESSAGE][PASSED] - Navigate to 'https://mattermostwebapp.herokuapp.com/login' successfully

2021-05-29 00:09:03 - [MESSAGE][PASSED] - Call Test Case 'Test Cases/1712612/CommonTC/TC_OpenPage' successfully

2021-05-29 00:09:03 - [TEST_STEP][PASSED] - callTestCase(findTestCase("1712612/CommonTC/TC_Login"), [:], STOP_ON_FAILURE): Call Test Case 'Test Cases/1712612/CommonTC/TC_Login' successfully

2021-05-29 00:09:03 - [TEST_CASE][PASSED] - Test Cases/1712612/CommonTC/TC_Login: Test Cases/1712612/CommonTC/TC_Login

2021-05-29 00:09:03 - [TEST_STEP][PASSED] - verifyElementVisible(findTestObject("Object Repository/1712612_Mattermost Object/Page_Mattermost/input_login_username"), STOP_ON_FAILURE): Object 'Object Repository/1712612_Mattermost Object/Page_Mattermost/input_login_username' is visible

2021-05-29 00:09:07 - [MESSAGE][PASSED] - Object 'Object Repository/1712612_Mattermost Object/Page_Mattermost/input_login_username' is visible

2021-05-29 00:09:07 - [TEST_STEP][PASSED] - verifyElementVisible(findTestObject("Object Repository/1712612_Mattermost Object/Page_Mattermost/input_login_password"), STOP_ON_FAILURE): Object 'Object Repository/1712612_Mattermost Object/Page_Mattermost/input_login_password' is visible

2021-05-29 00:09:08 - [MESSAGE][PASSED] - Object 'Object Repository/1712612_Mattermost Object/Page_Mattermost/input_login_password' is visible

2021-05-29 00:09:08 - [TEST_STEP][PASSED] - setText(findTestObject("Object Repository/1712612_Mattermost Object/Page_Mattermost/input_login_username"), "nghi_tran"): Text 'nghi_tran' is set on object 'Object Repository/1712612_Mattermost Object/Page_Mattermost/input_login_username'

2021-05-29 00:09:08 - [MESSAGE][PASSED] - Text 'nghi_tran' is set on object 'Object Repository/1712612_Mattermost Object/Page_Mattermost/input_login_username'

2021-05-29 00:09:08 - [TEST_STEP][PASSED] - setEncryptedText(findTestObject("Object Repository/1712612_Mattermost Object/Page_Mattermost/input_login_password"), "KBlHou+hFmnFUOUwxwboiw=="): Text ****** has been set on object 'Object Repository/1712612_Mattermost Object/Page_Mattermost/input_login_password'

2021-05-29 00:09:09 - [MESSAGE][PASSED] - Text ****** has been set on object 'Object Repository/1712612_Mattermost Object/Page_Mattermost/input_login_password'

2021-05-29 00:09:09 - [TEST_STEP][PASSED] - click(findTestObject("Object Repository/1712612_Mattermost Object/Page_Mattermost/button_Sign in")): Object: 'Object Repository/1712612_Mattermost Object/Page_Mattermost/button_Sign in' is clicked on

2021-05-29 00:09:09 - [MESSAGE][PASSED] - Object: 'Object Repository/1712612_Mattermost Object/Page_Mattermost/button_Sign in' is clicked on

2021-05-29 00:09:09 - [TEST_STEP][PASSED] - verifyElementVisible(findTestObject("Object Repository/1712612_Mattermost Object/Page_Town Square - another Mattermost/img__Avatar Avatar-lg"), STOP_ON_FAILURE): Object 'Object Repository/1712612_Mattermost Object/Page_Town Square - another Mattermost/img__Avatar Avatar-lg' is visible

2021-05-29 00:09:13 - [MESSAGE][PASSED] - Object 'Object Repository/1712612_Mattermost Object/Page_Town Square - another Mattermost/img__Avatar Avatar-lg' is visible

2021-05-29 00:09:13 - [MESSAGE][PASSED] - Call Test Case 'Test Cases/1712612/CommonTC/TC_Login' successfully

2021-05-29 00:09:13 - [TEST_STEP][PASSED] - navigateToUrl("https://mattermostwebapp.herokuapp.com/test-1712612/channels/new-channel"): Navigate to 'https://mattermostwebapp.herokuapp.com/test-1712612/channels/new-channel' successfully

2021-05-29 00:09:13 - [MESSAGE][PASSED] - Navigate to 'https://mattermostwebapp.herokuapp.com/test-1712612/channels/new-channel' successfully

2021-05-29 00:09:13 - [TEST_STEP][PASSED] - click(findTestObject("Object Repository/1712612_Mattermost Object/Page_new channel - Test 1712612 Mattermost/button_Set a Header")): Object: 'Object Repository/1712612_Mattermost Object/Page_new channel - Test 1712612 Mattermost/button_Set a Header' is clicked on

2021-05-29 00:09:17 - [MESSAGE][PASSED] - Object: 'Object Repository/1712612_Mattermost Object/Page_new channel - Test 1712612 Mattermost/button_Set a Header' is clicked on

2021-05-29 00:09:17 - [TEST_STEP][PASSED] - setText(findTestObject("Object Repository/1712612_Mattermost Object/Page_new channel - Test 1712612 Mattermost/textarea_Hello World"), "Hello World, how are you?"): Text 'Hello World, how are you?' is set on object 'Object Repository/1712612_Mattermost Object/Page_new channel - Test 1712612 Mattermost/textarea_Hello World'

2021-05-29 00:09:18 - [MESSAGE][PASSED] - Text 'Hello World, how are you?' is set on object 'Object Repository/1712612_Mattermost Object/Page_new channel - Test 1712612 Mattermost/textarea_Hello World'

2021-05-29 00:09:18 - [TEST_STEP][PASSED] - click(findTestObject("Object Repository/1712612_Mattermost Object/Page_new channel - Test 1712612 Mattermost/button_Save")): Object: 'Object Repository/1712612_Mattermost Object/Page_new channel - Test 1712612 Mattermost/button_Save' is clicked on

2021-05-29 00:09:18 - [MESSAGE][PASSED] - Object: 'Object Repository/1712612_Mattermost Object/Page_new channel - Test 1712612 Mattermost/button_Save' is clicked on

2021-05-29 00:09:18 - [TEST_STEP][PASSED] - verifyElementText(findTestObject("Page_new channel - Test 1712612 Mattermost/p_Hello World, how are you"), "Hello World, how are you?"): Test object with id 'Object Repository/' does not exist

2021-05-29 00:09:18 - [MESSAGE][WARNING] - Test object with id 'Object Repository/Page_new channel - Test 1712612 Mattermost/p_Hello World, how are you' does not exist

2021-05-29 00:09:18 - [MESSAGE][WARNING] - Test object with id 'Object Repository/' does not exist]]></system-out>
         <system-err><![CDATA[2021-05-29 00:08:58 - [TEST_CASE][ERROR] - Test Cases/1712612/TC22_UpdateChannelHeader: Test Cases/1712612/TC22_UpdateChannelHeader FAILED.
Reason:
java.lang.NullPointerException
	at com.kms.katalon.core.webui.keyword.builtin.VerifyElementTextKeyword.verifyElementText(VerifyElementTextKeyword.groovy:72)
	at com.kms.katalon.core.webui.keyword.builtin.VerifyElementTextKeyword.execute(VerifyElementTextKeyword.groovy:40)
	at com.kms.katalon.core.keyword.internal.KeywordExecutor.executeKeywordForPlatform(KeywordExecutor.groovy:73)
	at com.kms.katalon.core.webui.keyword.WebUiBuiltInKeywords.verifyElementText(WebUiBuiltInKeywords.groovy:4690)
	at com.kms.katalon.core.webui.keyword.WebUiBuiltInKeywords$verifyElementText$12.call(Unknown Source)
	at TC22_UpdateChannelHeader.run(TC22_UpdateChannelHeader:33)
	at com.kms.katalon.core.main.ScriptEngine.run(ScriptEngine.java:194)
	at com.kms.katalon.core.main.ScriptEngine.runScriptAsRawText(ScriptEngine.java:119)
	at com.kms.katalon.core.main.TestCaseExecutor.runScript(TestCaseExecutor.java:398)
	at com.kms.katalon.core.main.TestCaseExecutor.doExecute(TestCaseExecutor.java:389)
	at com.kms.katalon.core.main.TestCaseExecutor.processExecutionPhase(TestCaseExecutor.java:368)
	at com.kms.katalon.core.main.TestCaseExecutor.accessMainPhase(TestCaseExecutor.java:360)
	at com.kms.katalon.core.main.TestCaseExecutor.execute(TestCaseExecutor.java:255)
	at com.kms.katalon.core.main.TestSuiteExecutor.accessTestCaseMainPhase(TestSuiteExecutor.java:203)
	at com.kms.katalon.core.main.TestSuiteExecutor.accessTestSuiteMainPhase(TestSuiteExecutor.java:152)
	at com.kms.katalon.core.main.TestSuiteExecutor.execute(TestSuiteExecutor.java:95)
	at com.kms.katalon.core.main.TestCaseMain.startTestSuite(TestCaseMain.java:157)
	at com.kms.katalon.core.main.TestCaseMain$startTestSuite$0.call(Unknown Source)
	at TempTestSuite1622220811607.run(TempTestSuite1622220811607.groovy:39)]]></system-err>
      </testcase>
      <testcase name="Test Cases/1712612/TC23_LeavePublicChannel" time="22.053" classname="Test Cases/1712612/TC23_LeavePublicChannel" status="FAILED">
         <failure type="FAILED" message="Test Cases/1712612/TC23_LeavePublicChannel FAILED.
Reason:
com.kms.katalon.core.exception.StepFailedException: Unable to set text
	at com.kms.katalon.core.webui.keyword.internal.WebUIKeywordMain.stepFailed(WebUIKeywordMain.groovy:64)
	at com.kms.katalon.core.webui.keyword.internal.WebUIKeywordMain.runKeyword(WebUIKeywordMain.groovy:26)
	at com.kms.katalon.core.webui.keyword.builtin.SetTextKeyword.setText(SetTextKeyword.groovy:66)
	at com.kms.katalon.core.webui.keyword.builtin.SetTextKeyword.execute(SetTextKeyword.groovy:37)
	at com.kms.katalon.core.keyword.internal.KeywordExecutor.executeKeywordForPlatform(KeywordExecutor.groovy:73)
	at com.kms.katalon.core.webui.keyword.WebUiBuiltInKeywords.setText(WebUiBuiltInKeywords.groovy:979)
	at com.kms.katalon.core.webui.keyword.WebUiBuiltInKeywords$setText$1.call(Unknown Source)
	at TC23_LeavePublicChannel.run(TC23_LeavePublicChannel:32)
	at com.kms.katalon.core.main.ScriptEngine.run(ScriptEngine.java:194)
	at com.kms.katalon.core.main.ScriptEngine.runScriptAsRawText(ScriptEngine.java:119)
	at com.kms.katalon.core.main.TestCaseExecutor.runScript(TestCaseExecutor.java:398)
	at com.kms.katalon.core.main.TestCaseExecutor.doExecute(TestCaseExecutor.java:389)
	at com.kms.katalon.core.main.TestCaseExecutor.processExecutionPhase(TestCaseExecutor.java:368)
	at com.kms.katalon.core.main.TestCaseExecutor.accessMainPhase(TestCaseExecutor.java:360)
	at com.kms.katalon.core.main.TestCaseExecutor.execute(TestCaseExecutor.java:255)
	at com.kms.katalon.core.main.TestSuiteExecutor.accessTestCaseMainPhase(TestSuiteExecutor.java:203)
	at com.kms.katalon.core.main.TestSuiteExecutor.accessTestSuiteMainPhase(TestSuiteExecutor.java:152)
	at com.kms.katalon.core.main.TestSuiteExecutor.execute(TestSuiteExecutor.java:95)
	at com.kms.katalon.core.main.TestCaseMain.startTestSuite(TestCaseMain.java:157)
	at com.kms.katalon.core.main.TestCaseMain$startTestSuite$0.call(Unknown Source)
	at TempTestSuite1622220811607.run(TempTestSuite1622220811607.groovy:39)
Caused by: java.lang.IllegalArgumentException: Object is null
	at com.kms.katalon.core.helper.KeywordHelper.checkTestObjectParameter(KeywordHelper.java:33)
	at com.kms.katalon.core.webui.keyword.builtin.SetTextKeyword$_setText_closure1.doCall(SetTextKeyword.groovy:45)
	at com.kms.katalon.core.webui.keyword.builtin.SetTextKeyword$_setText_closure1.call(SetTextKeyword.groovy)
	at com.kms.katalon.core.webui.keyword.internal.WebUIKeywordMain.runKeyword(WebUIKeywordMain.groovy:20)
	... 19 more
"/>
         <system-out><![CDATA[2021-05-29 00:09:18 - [TEST_CASE][FAILED] - Test Cases/1712612/TC23_LeavePublicChannel: Test Cases/1712612/TC23_LeavePublicChannel FAILED.
Reason:
com.kms.katalon.core.exception.StepFailedException: Unable to set text
	at com.kms.katalon.core.webui.keyword.internal.WebUIKeywordMain.stepFailed(WebUIKeywordMain.groovy:64)
	at com.kms.katalon.core.webui.keyword.internal.WebUIKeywordMain.runKeyword(WebUIKeywordMain.groovy:26)
	at com.kms.katalon.core.webui.keyword.builtin.SetTextKeyword.setText(SetTextKeyword.groovy:66)
	at com.kms.katalon.core.webui.keyword.builtin.SetTextKeyword.execute(SetTextKeyword.groovy:37)
	at com.kms.katalon.core.keyword.internal.KeywordExecutor.executeKeywordForPlatform(KeywordExecutor.groovy:73)
	at com.kms.katalon.core.webui.keyword.WebUiBuiltInKeywords.setText(WebUiBuiltInKeywords.groovy:979)
	at com.kms.katalon.core.webui.keyword.WebUiBuiltInKeywords$setText$1.call(Unknown Source)
	at TC23_LeavePublicChannel.run(TC23_LeavePublicChannel:32)
	at com.kms.katalon.core.main.ScriptEngine.run(ScriptEngine.java:194)
	at com.kms.katalon.core.main.ScriptEngine.runScriptAsRawText(ScriptEngine.java:119)
	at com.kms.katalon.core.main.TestCaseExecutor.runScript(TestCaseExecutor.java:398)
	at com.kms.katalon.core.main.TestCaseExecutor.doExecute(TestCaseExecutor.java:389)
	at com.kms.katalon.core.main.TestCaseExecutor.processExecutionPhase(TestCaseExecutor.java:368)
	at com.kms.katalon.core.main.TestCaseExecutor.accessMainPhase(TestCaseExecutor.java:360)
	at com.kms.katalon.core.main.TestCaseExecutor.execute(TestCaseExecutor.java:255)
	at com.kms.katalon.core.main.TestSuiteExecutor.accessTestCaseMainPhase(TestSuiteExecutor.java:203)
	at com.kms.katalon.core.main.TestSuiteExecutor.accessTestSuiteMainPhase(TestSuiteExecutor.java:152)
	at com.kms.katalon.core.main.TestSuiteExecutor.execute(TestSuiteExecutor.java:95)
	at com.kms.katalon.core.main.TestCaseMain.startTestSuite(TestCaseMain.java:157)
	at com.kms.katalon.core.main.TestCaseMain$startTestSuite$0.call(Unknown Source)
	at TempTestSuite1622220811607.run(TempTestSuite1622220811607.groovy:39)
Caused by: java.lang.IllegalArgumentException: Object is null
	at com.kms.katalon.core.helper.KeywordHelper.checkTestObjectParameter(KeywordHelper.java:33)
	at com.kms.katalon.core.webui.keyword.builtin.SetTextKeyword$_setText_closure1.doCall(SetTextKeyword.groovy:45)
	at com.kms.katalon.core.webui.keyword.builtin.SetTextKeyword$_setText_closure1.call(SetTextKeyword.groovy)
	at com.kms.katalon.core.webui.keyword.internal.WebUIKeywordMain.runKeyword(WebUIKeywordMain.groovy:20)
	... 19 more


2021-05-29 00:09:19 - [TEST_STEP][PASSED] - callTestCase(findTestCase("1712612/CommonTC/TC_OpenPage"), [:], STOP_ON_FAILURE): Call Test Case 'Test Cases/1712612/CommonTC/TC_OpenPage' successfully

2021-05-29 00:09:19 - [TEST_CASE][PASSED] - Test Cases/1712612/CommonTC/TC_OpenPage: Test Cases/1712612/CommonTC/TC_OpenPage

2021-05-29 00:09:19 - [TEST_STEP][PASSED] - openBrowser(""): Browser is opened with url: ''

2021-05-29 00:09:19 - [MESSAGE][WARNING] - A browser is already opened. Closing browser and opening a new one

2021-05-29 00:09:19 - [MESSAGE][INFO] - Starting 'Chrome' driver

2021-05-29 00:09:19 - [MESSAGE][INFO] - Action delay is set to 0 milliseconds

2021-05-29 00:09:21 - [MESSAGE][PASSED] - Browser is opened with url: ''

2021-05-29 00:09:21 - [TEST_STEP][PASSED] - navigateToUrl("https://mattermostwebapp.herokuapp.com/login"): Navigate to 'https://mattermostwebapp.herokuapp.com/login' successfully

2021-05-29 00:09:24 - [MESSAGE][PASSED] - Navigate to 'https://mattermostwebapp.herokuapp.com/login' successfully

2021-05-29 00:09:24 - [MESSAGE][PASSED] - Call Test Case 'Test Cases/1712612/CommonTC/TC_OpenPage' successfully

2021-05-29 00:09:24 - [TEST_STEP][PASSED] - callTestCase(findTestCase("1712612/CommonTC/TC_Login"), [:], STOP_ON_FAILURE): Call Test Case 'Test Cases/1712612/CommonTC/TC_Login' successfully

2021-05-29 00:09:24 - [TEST_CASE][PASSED] - Test Cases/1712612/CommonTC/TC_Login: Test Cases/1712612/CommonTC/TC_Login

2021-05-29 00:09:24 - [TEST_STEP][PASSED] - verifyElementVisible(findTestObject("Object Repository/1712612_Mattermost Object/Page_Mattermost/input_login_username"), STOP_ON_FAILURE): Object 'Object Repository/1712612_Mattermost Object/Page_Mattermost/input_login_username' is visible

2021-05-29 00:09:29 - [MESSAGE][PASSED] - Object 'Object Repository/1712612_Mattermost Object/Page_Mattermost/input_login_username' is visible

2021-05-29 00:09:29 - [TEST_STEP][PASSED] - verifyElementVisible(findTestObject("Object Repository/1712612_Mattermost Object/Page_Mattermost/input_login_password"), STOP_ON_FAILURE): Object 'Object Repository/1712612_Mattermost Object/Page_Mattermost/input_login_password' is visible

2021-05-29 00:09:29 - [MESSAGE][PASSED] - Object 'Object Repository/1712612_Mattermost Object/Page_Mattermost/input_login_password' is visible

2021-05-29 00:09:29 - [TEST_STEP][PASSED] - setText(findTestObject("Object Repository/1712612_Mattermost Object/Page_Mattermost/input_login_username"), "nghi_tran"): Text 'nghi_tran' is set on object 'Object Repository/1712612_Mattermost Object/Page_Mattermost/input_login_username'

2021-05-29 00:09:30 - [MESSAGE][PASSED] - Text 'nghi_tran' is set on object 'Object Repository/1712612_Mattermost Object/Page_Mattermost/input_login_username'

2021-05-29 00:09:30 - [TEST_STEP][PASSED] - setEncryptedText(findTestObject("Object Repository/1712612_Mattermost Object/Page_Mattermost/input_login_password"), "KBlHou+hFmnFUOUwxwboiw=="): Text ****** has been set on object 'Object Repository/1712612_Mattermost Object/Page_Mattermost/input_login_password'

2021-05-29 00:09:31 - [MESSAGE][PASSED] - Text ****** has been set on object 'Object Repository/1712612_Mattermost Object/Page_Mattermost/input_login_password'

2021-05-29 00:09:31 - [TEST_STEP][PASSED] - click(findTestObject("Object Repository/1712612_Mattermost Object/Page_Mattermost/button_Sign in")): Object: 'Object Repository/1712612_Mattermost Object/Page_Mattermost/button_Sign in' is clicked on

2021-05-29 00:09:31 - [MESSAGE][PASSED] - Object: 'Object Repository/1712612_Mattermost Object/Page_Mattermost/button_Sign in' is clicked on

2021-05-29 00:09:31 - [TEST_STEP][PASSED] - verifyElementVisible(findTestObject("Object Repository/1712612_Mattermost Object/Page_Town Square - another Mattermost/img__Avatar Avatar-lg"), STOP_ON_FAILURE): Object 'Object Repository/1712612_Mattermost Object/Page_Town Square - another Mattermost/img__Avatar Avatar-lg' is visible

2021-05-29 00:09:35 - [MESSAGE][PASSED] - Object 'Object Repository/1712612_Mattermost Object/Page_Town Square - another Mattermost/img__Avatar Avatar-lg' is visible

2021-05-29 00:09:35 - [MESSAGE][PASSED] - Call Test Case 'Test Cases/1712612/CommonTC/TC_Login' successfully

2021-05-29 00:09:35 - [TEST_STEP][PASSED] - navigateToUrl("https://mattermostwebapp.herokuapp.com/test-1712612/channels/leave-channel"): Navigate to 'https://mattermostwebapp.herokuapp.com/test-1712612/channels/leave-channel' successfully

2021-05-29 00:09:35 - [MESSAGE][PASSED] - Navigate to 'https://mattermostwebapp.herokuapp.com/test-1712612/channels/leave-channel' successfully

2021-05-29 00:09:35 - [TEST_STEP][PASSED] - click(findTestObject("Object Repository/1712612_Mattermost Object/Page_Leave Channel - Test 1712612 Mattermost/button_Leave Channel")): Object: 'Object Repository/1712612_Mattermost Object/Page_Leave Channel - Test 1712612 Mattermost/button_Leave Channel' is clicked on

2021-05-29 00:09:39 - [MESSAGE][PASSED] - Object: 'Object Repository/1712612_Mattermost Object/Page_Leave Channel - Test 1712612 Mattermost/button_Leave Channel' is clicked on

2021-05-29 00:09:39 - [TEST_STEP][PASSED] - click(findTestObject("Object Repository/1712612_Mattermost Object/Page_Leave Channel - Test 1712612 Mattermost/button_Leave Channel")): Object: 'Object Repository/1712612_Mattermost Object/Page_Leave Channel - Test 1712612 Mattermost/button_Leave Channel' is clicked on

2021-05-29 00:09:39 - [MESSAGE][PASSED] - Object: 'Object Repository/1712612_Mattermost Object/Page_Leave Channel - Test 1712612 Mattermost/button_Leave Channel' is clicked on

2021-05-29 00:09:39 - [TEST_STEP][PASSED] - click(findTestObject("Object Repository/1712612_Mattermost Object/Page_Town Square - Test 1712612 Mattermost/button_More")): Object: 'Object Repository/1712612_Mattermost Object/Page_Town Square - Test 1712612 Mattermost/button_More' is clicked on

2021-05-29 00:09:40 - [MESSAGE][PASSED] - Object: 'Object Repository/1712612_Mattermost Object/Page_Town Square - Test 1712612 Mattermost/button_More' is clicked on

2021-05-29 00:09:40 - [TEST_STEP][FAILED] - setText(findTestObject("Page_Town Square - Test 1712612 Mattermost/input_Create Channel_searchChannelsTextbox"), "Leave Channel"): Unable to set text (Root cause: com.kms.katalon.core.exception.StepFailedException: Unable to set text
	at com.kms.katalon.core.webui.keyword.internal.WebUIKeywordMain.stepFailed(WebUIKeywordMain.groovy:64)
	at com.kms.katalon.core.webui.keyword.internal.WebUIKeywordMain.runKeyword(WebUIKeywordMain.groovy:26)
	at com.kms.katalon.core.webui.keyword.builtin.SetTextKeyword.setText(SetTextKeyword.groovy:66)
	at com.kms.katalon.core.webui.keyword.builtin.SetTextKeyword.execute(SetTextKeyword.groovy:37)
	at com.kms.katalon.core.keyword.internal.KeywordExecutor.executeKeywordForPlatform(KeywordExecutor.groovy:73)
	at com.kms.katalon.core.webui.keyword.WebUiBuiltInKeywords.setText(WebUiBuiltInKeywords.groovy:979)
	at com.kms.katalon.core.webui.keyword.WebUiBuiltInKeywords$setText$1.call(Unknown Source)
	at TC23_LeavePublicChannel.run(TC23_LeavePublicChannel:32)
	at com.kms.katalon.core.main.ScriptEngine.run(ScriptEngine.java:194)
	at com.kms.katalon.core.main.ScriptEngine.runScriptAsRawText(ScriptEngine.java:119)
	at com.kms.katalon.core.main.TestCaseExecutor.runScript(TestCaseExecutor.java:398)
	at com.kms.katalon.core.main.TestCaseExecutor.doExecute(TestCaseExecutor.java:389)
	at com.kms.katalon.core.main.TestCaseExecutor.processExecutionPhase(TestCaseExecutor.java:368)
	at com.kms.katalon.core.main.TestCaseExecutor.accessMainPhase(TestCaseExecutor.java:360)
	at com.kms.katalon.core.main.TestCaseExecutor.execute(TestCaseExecutor.java:255)
	at com.kms.katalon.core.main.TestSuiteExecutor.accessTestCaseMainPhase(TestSuiteExecutor.java:203)
	at com.kms.katalon.core.main.TestSuiteExecutor.accessTestSuiteMainPhase(TestSuiteExecutor.java:152)
	at com.kms.katalon.core.main.TestSuiteExecutor.execute(TestSuiteExecutor.java:95)
	at com.kms.katalon.core.main.TestCaseMain.startTestSuite(TestCaseMain.java:157)
	at com.kms.katalon.core.main.TestCaseMain$startTestSuite$0.call(Unknown Source)
	at TempTestSuite1622220811607.run(TempTestSuite1622220811607.groovy:39)
Caused by: java.lang.IllegalArgumentException: Object is null
	at com.kms.katalon.core.helper.KeywordHelper.checkTestObjectParameter(KeywordHelper.java:33)
	at com.kms.katalon.core.webui.keyword.builtin.SetTextKeyword$_setText_closure1.doCall(SetTextKeyword.groovy:45)
	at com.kms.katalon.core.webui.keyword.builtin.SetTextKeyword$_setText_closure1.call(SetTextKeyword.groovy)
	at com.kms.katalon.core.webui.keyword.internal.WebUIKeywordMain.runKeyword(WebUIKeywordMain.groovy:20)
	at com.kms.katalon.core.webui.keyword.builtin.SetTextKeyword.setText(SetTextKeyword.groovy:66)
	at com.kms.katalon.core.webui.keyword.builtin.SetTextKeyword.execute(SetTextKeyword.groovy:37)
	at com.kms.katalon.core.keyword.internal.KeywordExecutor.executeKeywordForPlatform(KeywordExecutor.groovy:73)
	at com.kms.katalon.core.webui.keyword.WebUiBuiltInKeywords.setText(WebUiBuiltInKeywords.groovy:979)
	at com.kms.katalon.core.webui.keyword.WebUiBuiltInKeywords$setText$1.call(Unknown Source)
	at Script1621656510505.run(Script1621656510505.groovy:32)
	... 13 more
)

2021-05-29 00:09:40 - [MESSAGE][WARNING] - Test object with id 'Object Repository/Page_Town Square - Test 1712612 Mattermost/input_Create Channel_searchChannelsTextbox' does not exist

2021-05-29 00:09:40 - [MESSAGE][WARNING] - Test object with id 'Object Repository/' does not exist

2021-05-29 00:09:40 - [MESSAGE][FAILED] - Unable to set text (Root cause: com.kms.katalon.core.exception.StepFailedException: Unable to set text
	at com.kms.katalon.core.webui.keyword.internal.WebUIKeywordMain.stepFailed(WebUIKeywordMain.groovy:64)
	at com.kms.katalon.core.webui.keyword.internal.WebUIKeywordMain.runKeyword(WebUIKeywordMain.groovy:26)
	at com.kms.katalon.core.webui.keyword.builtin.SetTextKeyword.setText(SetTextKeyword.groovy:66)
	at com.kms.katalon.core.webui.keyword.builtin.SetTextKeyword.execute(SetTextKeyword.groovy:37)
	at com.kms.katalon.core.keyword.internal.KeywordExecutor.executeKeywordForPlatform(KeywordExecutor.groovy:73)
	at com.kms.katalon.core.webui.keyword.WebUiBuiltInKeywords.setText(WebUiBuiltInKeywords.groovy:979)
	at com.kms.katalon.core.webui.keyword.WebUiBuiltInKeywords$setText$1.call(Unknown Source)
	at TC23_LeavePublicChannel.run(TC23_LeavePublicChannel:32)
	at com.kms.katalon.core.main.ScriptEngine.run(ScriptEngine.java:194)
	at com.kms.katalon.core.main.ScriptEngine.runScriptAsRawText(ScriptEngine.java:119)
	at com.kms.katalon.core.main.TestCaseExecutor.runScript(TestCaseExecutor.java:398)
	at com.kms.katalon.core.main.TestCaseExecutor.doExecute(TestCaseExecutor.java:389)
	at com.kms.katalon.core.main.TestCaseExecutor.processExecutionPhase(TestCaseExecutor.java:368)
	at com.kms.katalon.core.main.TestCaseExecutor.accessMainPhase(TestCaseExecutor.java:360)
	at com.kms.katalon.core.main.TestCaseExecutor.execute(TestCaseExecutor.java:255)
	at com.kms.katalon.core.main.TestSuiteExecutor.accessTestCaseMainPhase(TestSuiteExecutor.java:203)
	at com.kms.katalon.core.main.TestSuiteExecutor.accessTestSuiteMainPhase(TestSuiteExecutor.java:152)
	at com.kms.katalon.core.main.TestSuiteExecutor.execute(TestSuiteExecutor.java:95)
	at com.kms.katalon.core.main.TestCaseMain.startTestSuite(TestCaseMain.java:157)
	at com.kms.katalon.core.main.TestCaseMain$startTestSuite$0.call(Unknown Source)
	at TempTestSuite1622220811607.run(TempTestSuite1622220811607.groovy:39)
Caused by: java.lang.IllegalArgumentException: Object is null
	at com.kms.katalon.core.helper.KeywordHelper.checkTestObjectParameter(KeywordHelper.java:33)
	at com.kms.katalon.core.webui.keyword.builtin.SetTextKeyword$_setText_closure1.doCall(SetTextKeyword.groovy:45)
	at com.kms.katalon.core.webui.keyword.builtin.SetTextKeyword$_setText_closure1.call(SetTextKeyword.groovy)
	at com.kms.katalon.core.webui.keyword.internal.WebUIKeywordMain.runKeyword(WebUIKeywordMain.groovy:20)
	at com.kms.katalon.core.webui.keyword.builtin.SetTextKeyword.setText(SetTextKeyword.groovy:66)
	at com.kms.katalon.core.webui.keyword.builtin.SetTextKeyword.execute(SetTextKeyword.groovy:37)
	at com.kms.katalon.core.keyword.internal.KeywordExecutor.executeKeywordForPlatform(KeywordExecutor.groovy:73)
	at com.kms.katalon.core.webui.keyword.WebUiBuiltInKeywords.setText(WebUiBuiltInKeywords.groovy:979)
	at com.kms.katalon.core.webui.keyword.WebUiBuiltInKeywords$setText$1.call(Unknown Source)
	at Script1621656510505.run(Script1621656510505.groovy:32)
	... 13 more
)
[[ATTACHMENT|C:\\Users\\phuc\\git\\Mattermost_AutoTesting\\Reports\\20210528_235331\\1712666\\Run_All_Test_Cases\\20210528_235331\\1622221780492.png]]]]></system-out>
         <system-err><![CDATA[2021-05-29 00:09:18 - [TEST_CASE][FAILED] - Test Cases/1712612/TC23_LeavePublicChannel: Test Cases/1712612/TC23_LeavePublicChannel FAILED.
Reason:
com.kms.katalon.core.exception.StepFailedException: Unable to set text
	at com.kms.katalon.core.webui.keyword.internal.WebUIKeywordMain.stepFailed(WebUIKeywordMain.groovy:64)
	at com.kms.katalon.core.webui.keyword.internal.WebUIKeywordMain.runKeyword(WebUIKeywordMain.groovy:26)
	at com.kms.katalon.core.webui.keyword.builtin.SetTextKeyword.setText(SetTextKeyword.groovy:66)
	at com.kms.katalon.core.webui.keyword.builtin.SetTextKeyword.execute(SetTextKeyword.groovy:37)
	at com.kms.katalon.core.keyword.internal.KeywordExecutor.executeKeywordForPlatform(KeywordExecutor.groovy:73)
	at com.kms.katalon.core.webui.keyword.WebUiBuiltInKeywords.setText(WebUiBuiltInKeywords.groovy:979)
	at com.kms.katalon.core.webui.keyword.WebUiBuiltInKeywords$setText$1.call(Unknown Source)
	at TC23_LeavePublicChannel.run(TC23_LeavePublicChannel:32)
	at com.kms.katalon.core.main.ScriptEngine.run(ScriptEngine.java:194)
	at com.kms.katalon.core.main.ScriptEngine.runScriptAsRawText(ScriptEngine.java:119)
	at com.kms.katalon.core.main.TestCaseExecutor.runScript(TestCaseExecutor.java:398)
	at com.kms.katalon.core.main.TestCaseExecutor.doExecute(TestCaseExecutor.java:389)
	at com.kms.katalon.core.main.TestCaseExecutor.processExecutionPhase(TestCaseExecutor.java:368)
	at com.kms.katalon.core.main.TestCaseExecutor.accessMainPhase(TestCaseExecutor.java:360)
	at com.kms.katalon.core.main.TestCaseExecutor.execute(TestCaseExecutor.java:255)
	at com.kms.katalon.core.main.TestSuiteExecutor.accessTestCaseMainPhase(TestSuiteExecutor.java:203)
	at com.kms.katalon.core.main.TestSuiteExecutor.accessTestSuiteMainPhase(TestSuiteExecutor.java:152)
	at com.kms.katalon.core.main.TestSuiteExecutor.execute(TestSuiteExecutor.java:95)
	at com.kms.katalon.core.main.TestCaseMain.startTestSuite(TestCaseMain.java:157)
	at com.kms.katalon.core.main.TestCaseMain$startTestSuite$0.call(Unknown Source)
	at TempTestSuite1622220811607.run(TempTestSuite1622220811607.groovy:39)
Caused by: java.lang.IllegalArgumentException: Object is null
	at com.kms.katalon.core.helper.KeywordHelper.checkTestObjectParameter(KeywordHelper.java:33)
	at com.kms.katalon.core.webui.keyword.builtin.SetTextKeyword$_setText_closure1.doCall(SetTextKeyword.groovy:45)
	at com.kms.katalon.core.webui.keyword.builtin.SetTextKeyword$_setText_closure1.call(SetTextKeyword.groovy)
	at com.kms.katalon.core.webui.keyword.internal.WebUIKeywordMain.runKeyword(WebUIKeywordMain.groovy:20)
	... 19 more]]></system-err>
      </testcase>
      <testcase name="Test Cases/1712612/TC24_LeavePrivateChannel" time="22.919" classname="Test Cases/1712612/TC24_LeavePrivateChannel" status="PASSED">
         <system-out><![CDATA[2021-05-29 00:09:40 - [TEST_CASE][PASSED] - Test Cases/1712612/TC24_LeavePrivateChannel: Test Cases/1712612/TC24_LeavePrivateChannel

2021-05-29 00:09:41 - [TEST_STEP][PASSED] - callTestCase(findTestCase("1712612/CommonTC/TC_OpenPage"), [:], STOP_ON_FAILURE): Call Test Case 'Test Cases/1712612/CommonTC/TC_OpenPage' successfully

2021-05-29 00:09:41 - [TEST_CASE][PASSED] - Test Cases/1712612/CommonTC/TC_OpenPage: Test Cases/1712612/CommonTC/TC_OpenPage

2021-05-29 00:09:41 - [TEST_STEP][PASSED] - openBrowser(""): Browser is opened with url: ''

2021-05-29 00:09:41 - [MESSAGE][WARNING] - A browser is already opened. Closing browser and opening a new one

2021-05-29 00:09:41 - [MESSAGE][INFO] - Starting 'Chrome' driver

2021-05-29 00:09:41 - [MESSAGE][INFO] - Action delay is set to 0 milliseconds

2021-05-29 00:09:43 - [MESSAGE][PASSED] - Browser is opened with url: ''

2021-05-29 00:09:43 - [TEST_STEP][PASSED] - navigateToUrl("https://mattermostwebapp.herokuapp.com/login"): Navigate to 'https://mattermostwebapp.herokuapp.com/login' successfully

2021-05-29 00:09:48 - [MESSAGE][PASSED] - Navigate to 'https://mattermostwebapp.herokuapp.com/login' successfully

2021-05-29 00:09:48 - [MESSAGE][PASSED] - Call Test Case 'Test Cases/1712612/CommonTC/TC_OpenPage' successfully

2021-05-29 00:09:48 - [TEST_STEP][PASSED] - callTestCase(findTestCase("1712612/CommonTC/TC_Login"), [:], STOP_ON_FAILURE): Call Test Case 'Test Cases/1712612/CommonTC/TC_Login' successfully

2021-05-29 00:09:48 - [TEST_CASE][PASSED] - Test Cases/1712612/CommonTC/TC_Login: Test Cases/1712612/CommonTC/TC_Login

2021-05-29 00:09:48 - [TEST_STEP][PASSED] - verifyElementVisible(findTestObject("Object Repository/1712612_Mattermost Object/Page_Mattermost/input_login_username"), STOP_ON_FAILURE): Object 'Object Repository/1712612_Mattermost Object/Page_Mattermost/input_login_username' is visible

2021-05-29 00:09:52 - [MESSAGE][PASSED] - Object 'Object Repository/1712612_Mattermost Object/Page_Mattermost/input_login_username' is visible

2021-05-29 00:09:52 - [TEST_STEP][PASSED] - verifyElementVisible(findTestObject("Object Repository/1712612_Mattermost Object/Page_Mattermost/input_login_password"), STOP_ON_FAILURE): Object 'Object Repository/1712612_Mattermost Object/Page_Mattermost/input_login_password' is visible

2021-05-29 00:09:52 - [MESSAGE][PASSED] - Object 'Object Repository/1712612_Mattermost Object/Page_Mattermost/input_login_password' is visible

2021-05-29 00:09:52 - [TEST_STEP][PASSED] - setText(findTestObject("Object Repository/1712612_Mattermost Object/Page_Mattermost/input_login_username"), "nghi_tran"): Text 'nghi_tran' is set on object 'Object Repository/1712612_Mattermost Object/Page_Mattermost/input_login_username'

2021-05-29 00:09:53 - [MESSAGE][PASSED] - Text 'nghi_tran' is set on object 'Object Repository/1712612_Mattermost Object/Page_Mattermost/input_login_username'

2021-05-29 00:09:53 - [TEST_STEP][PASSED] - setEncryptedText(findTestObject("Object Repository/1712612_Mattermost Object/Page_Mattermost/input_login_password"), "KBlHou+hFmnFUOUwxwboiw=="): Text ****** has been set on object 'Object Repository/1712612_Mattermost Object/Page_Mattermost/input_login_password'

2021-05-29 00:09:53 - [MESSAGE][PASSED] - Text ****** has been set on object 'Object Repository/1712612_Mattermost Object/Page_Mattermost/input_login_password'

2021-05-29 00:09:53 - [TEST_STEP][PASSED] - click(findTestObject("Object Repository/1712612_Mattermost Object/Page_Mattermost/button_Sign in")): Object: 'Object Repository/1712612_Mattermost Object/Page_Mattermost/button_Sign in' is clicked on

2021-05-29 00:09:54 - [MESSAGE][PASSED] - Object: 'Object Repository/1712612_Mattermost Object/Page_Mattermost/button_Sign in' is clicked on

2021-05-29 00:09:54 - [TEST_STEP][PASSED] - verifyElementVisible(findTestObject("Object Repository/1712612_Mattermost Object/Page_Town Square - another Mattermost/img__Avatar Avatar-lg"), STOP_ON_FAILURE): Object 'Object Repository/1712612_Mattermost Object/Page_Town Square - another Mattermost/img__Avatar Avatar-lg' is visible

2021-05-29 00:09:57 - [MESSAGE][PASSED] - Object 'Object Repository/1712612_Mattermost Object/Page_Town Square - another Mattermost/img__Avatar Avatar-lg' is visible

2021-05-29 00:09:57 - [MESSAGE][PASSED] - Call Test Case 'Test Cases/1712612/CommonTC/TC_Login' successfully

2021-05-29 00:09:57 - [TEST_STEP][PASSED] - navigateToUrl("https://mattermostwebapp.herokuapp.com/test-1712612/channels/hello"): Navigate to 'https://mattermostwebapp.herokuapp.com/test-1712612/channels/hello' successfully

2021-05-29 00:09:58 - [MESSAGE][PASSED] - Navigate to 'https://mattermostwebapp.herokuapp.com/test-1712612/channels/hello' successfully

2021-05-29 00:09:58 - [TEST_STEP][PASSED] - click(findTestObject("Object Repository/1712612_Mattermost Object/Page_hello - Test 1712612 Mattermost/span_hello_channelHeaderDropdownIcon")): Object: 'Object Repository/1712612_Mattermost Object/Page_hello - Test 1712612 Mattermost/span_hello_channelHeaderDropdownIcon' is clicked on

2021-05-29 00:10:02 - [MESSAGE][PASSED] - Object: 'Object Repository/1712612_Mattermost Object/Page_hello - Test 1712612 Mattermost/span_hello_channelHeaderDropdownIcon' is clicked on

2021-05-29 00:10:02 - [TEST_STEP][PASSED] - click(findTestObject("Object Repository/1712612_Mattermost Object/Page_hello - Test 1712612 Mattermost/button_Leave Channel")): Object: 'Object Repository/1712612_Mattermost Object/Page_hello - Test 1712612 Mattermost/button_Leave Channel' is clicked on

2021-05-29 00:10:02 - [MESSAGE][PASSED] - Object: 'Object Repository/1712612_Mattermost Object/Page_hello - Test 1712612 Mattermost/button_Leave Channel' is clicked on

2021-05-29 00:10:02 - [TEST_STEP][PASSED] - click(findTestObject("Object Repository/1712612_Mattermost Object/Page_hello - Test 1712612 Mattermost/button_Yes, leave channel")): Object: 'Object Repository/1712612_Mattermost Object/Page_hello - Test 1712612 Mattermost/button_Yes, leave channel' is clicked on

2021-05-29 00:10:03 - [MESSAGE][PASSED] - Object: 'Object Repository/1712612_Mattermost Object/Page_hello - Test 1712612 Mattermost/button_Yes, leave channel' is clicked on]]></system-out>
         <system-err><![CDATA[]]></system-err>
      </testcase>
      <testcase name="Test Cases/1712612/TC25_ConvertPublicChannelToPrivate" time="116.98" classname="Test Cases/1712612/TC25_ConvertPublicChannelToPrivate" status="FAILED">
         <failure type="FAILED" message="Test Cases/1712612/TC25_ConvertPublicChannelToPrivate FAILED.
Reason:
com.kms.katalon.core.exception.StepFailedException: Unable to click on object 'Object Repository/1712612_Mattermost Object/Page_new channel - Test 1712612 Mattermost/button_Yes, convert to private channel'
	at com.kms.katalon.core.webui.keyword.internal.WebUIKeywordMain.stepFailed(WebUIKeywordMain.groovy:64)
	at com.kms.katalon.core.webui.keyword.internal.WebUIKeywordMain.runKeyword(WebUIKeywordMain.groovy:26)
	at com.kms.katalon.core.webui.keyword.builtin.ClickKeyword.click(ClickKeyword.groovy:75)
	at com.kms.katalon.core.webui.keyword.builtin.ClickKeyword.execute(ClickKeyword.groovy:42)
	at com.kms.katalon.core.keyword.internal.KeywordExecutor.executeKeywordForPlatform(KeywordExecutor.groovy:73)
	at com.kms.katalon.core.webui.keyword.WebUiBuiltInKeywords.click(WebUiBuiltInKeywords.groovy:619)
	at com.kms.katalon.core.webui.keyword.WebUiBuiltInKeywords$click$3.call(Unknown Source)
	at TC25_ConvertPublicChannelToPrivate.run(TC25_ConvertPublicChannelToPrivate:32)
	at com.kms.katalon.core.main.ScriptEngine.run(ScriptEngine.java:194)
	at com.kms.katalon.core.main.ScriptEngine.runScriptAsRawText(ScriptEngine.java:119)
	at com.kms.katalon.core.main.TestCaseExecutor.runScript(TestCaseExecutor.java:398)
	at com.kms.katalon.core.main.TestCaseExecutor.doExecute(TestCaseExecutor.java:389)
	at com.kms.katalon.core.main.TestCaseExecutor.processExecutionPhase(TestCaseExecutor.java:368)
	at com.kms.katalon.core.main.TestCaseExecutor.accessMainPhase(TestCaseExecutor.java:360)
	at com.kms.katalon.core.main.TestCaseExecutor.execute(TestCaseExecutor.java:255)
	at com.kms.katalon.core.main.TestSuiteExecutor.accessTestCaseMainPhase(TestSuiteExecutor.java:203)
	at com.kms.katalon.core.main.TestSuiteExecutor.accessTestSuiteMainPhase(TestSuiteExecutor.java:152)
	at com.kms.katalon.core.main.TestSuiteExecutor.execute(TestSuiteExecutor.java:95)
	at com.kms.katalon.core.main.TestCaseMain.startTestSuite(TestCaseMain.java:157)
	at com.kms.katalon.core.main.TestCaseMain$startTestSuite$0.call(Unknown Source)
	at TempTestSuite1622220811607.run(TempTestSuite1622220811607.groovy:39)
Caused by: com.kms.katalon.core.webui.exception.WebElementNotFoundException: Web element with id: 'Object Repository/1712612_Mattermost Object/Page_new channel - Test 1712612 Mattermost/button_Yes, convert to private channel' located by '(//button[@type='button'])[11]' not found
	at com.kms.katalon.core.webui.common.WebUiCommonHelper.findWebElement(WebUiCommonHelper.java:1368)
	at com.kms.katalon.core.webui.keyword.internal.WebUIAbstractKeyword.findWebElement(WebUIAbstractKeyword.groovy:27)
	at com.kms.katalon.core.webui.keyword.internal.WebUIAbstractKeyword.findWebElement(WebUIAbstractKeyword.groovy:26)
	at com.kms.katalon.core.webui.keyword.builtin.ClickKeyword$_click_closure1.doCall(ClickKeyword.groovy:66)
	at com.kms.katalon.core.webui.keyword.builtin.ClickKeyword$_click_closure1.call(ClickKeyword.groovy)
	at com.kms.katalon.core.webui.keyword.internal.WebUIKeywordMain.runKeyword(WebUIKeywordMain.groovy:20)
	... 19 more
"/>
         <system-out><![CDATA[2021-05-29 00:10:03 - [TEST_CASE][FAILED] - Test Cases/1712612/TC25_ConvertPublicChannelToPrivate: Test Cases/1712612/TC25_ConvertPublicChannelToPrivate FAILED.
Reason:
com.kms.katalon.core.exception.StepFailedException: Unable to click on object 'Object Repository/1712612_Mattermost Object/Page_new channel - Test 1712612 Mattermost/button_Yes, convert to private channel'
	at com.kms.katalon.core.webui.keyword.internal.WebUIKeywordMain.stepFailed(WebUIKeywordMain.groovy:64)
	at com.kms.katalon.core.webui.keyword.internal.WebUIKeywordMain.runKeyword(WebUIKeywordMain.groovy:26)
	at com.kms.katalon.core.webui.keyword.builtin.ClickKeyword.click(ClickKeyword.groovy:75)
	at com.kms.katalon.core.webui.keyword.builtin.ClickKeyword.execute(ClickKeyword.groovy:42)
	at com.kms.katalon.core.keyword.internal.KeywordExecutor.executeKeywordForPlatform(KeywordExecutor.groovy:73)
	at com.kms.katalon.core.webui.keyword.WebUiBuiltInKeywords.click(WebUiBuiltInKeywords.groovy:619)
	at com.kms.katalon.core.webui.keyword.WebUiBuiltInKeywords$click$3.call(Unknown Source)
	at TC25_ConvertPublicChannelToPrivate.run(TC25_ConvertPublicChannelToPrivate:32)
	at com.kms.katalon.core.main.ScriptEngine.run(ScriptEngine.java:194)
	at com.kms.katalon.core.main.ScriptEngine.runScriptAsRawText(ScriptEngine.java:119)
	at com.kms.katalon.core.main.TestCaseExecutor.runScript(TestCaseExecutor.java:398)
	at com.kms.katalon.core.main.TestCaseExecutor.doExecute(TestCaseExecutor.java:389)
	at com.kms.katalon.core.main.TestCaseExecutor.processExecutionPhase(TestCaseExecutor.java:368)
	at com.kms.katalon.core.main.TestCaseExecutor.accessMainPhase(TestCaseExecutor.java:360)
	at com.kms.katalon.core.main.TestCaseExecutor.execute(TestCaseExecutor.java:255)
	at com.kms.katalon.core.main.TestSuiteExecutor.accessTestCaseMainPhase(TestSuiteExecutor.java:203)
	at com.kms.katalon.core.main.TestSuiteExecutor.accessTestSuiteMainPhase(TestSuiteExecutor.java:152)
	at com.kms.katalon.core.main.TestSuiteExecutor.execute(TestSuiteExecutor.java:95)
	at com.kms.katalon.core.main.TestCaseMain.startTestSuite(TestCaseMain.java:157)
	at com.kms.katalon.core.main.TestCaseMain$startTestSuite$0.call(Unknown Source)
	at TempTestSuite1622220811607.run(TempTestSuite1622220811607.groovy:39)
Caused by: com.kms.katalon.core.webui.exception.WebElementNotFoundException: Web element with id: 'Object Repository/1712612_Mattermost Object/Page_new channel - Test 1712612 Mattermost/button_Yes, convert to private channel' located by '(//button[@type='button'])[11]' not found
	at com.kms.katalon.core.webui.common.WebUiCommonHelper.findWebElement(WebUiCommonHelper.java:1368)
	at com.kms.katalon.core.webui.keyword.internal.WebUIAbstractKeyword.findWebElement(WebUIAbstractKeyword.groovy:27)
	at com.kms.katalon.core.webui.keyword.internal.WebUIAbstractKeyword.findWebElement(WebUIAbstractKeyword.groovy:26)
	at com.kms.katalon.core.webui.keyword.builtin.ClickKeyword$_click_closure1.doCall(ClickKeyword.groovy:66)
	at com.kms.katalon.core.webui.keyword.builtin.ClickKeyword$_click_closure1.call(ClickKeyword.groovy)
	at com.kms.katalon.core.webui.keyword.internal.WebUIKeywordMain.runKeyword(WebUIKeywordMain.groovy:20)
	... 19 more


2021-05-29 00:10:04 - [TEST_STEP][PASSED] - callTestCase(findTestCase("1712612/CommonTC/TC_OpenPage"), [:], STOP_ON_FAILURE): Call Test Case 'Test Cases/1712612/CommonTC/TC_OpenPage' successfully

2021-05-29 00:10:04 - [TEST_CASE][PASSED] - Test Cases/1712612/CommonTC/TC_OpenPage: Test Cases/1712612/CommonTC/TC_OpenPage

2021-05-29 00:10:04 - [TEST_STEP][PASSED] - openBrowser(""): Browser is opened with url: ''

2021-05-29 00:10:04 - [MESSAGE][WARNING] - A browser is already opened. Closing browser and opening a new one

2021-05-29 00:10:04 - [MESSAGE][INFO] - Starting 'Chrome' driver

2021-05-29 00:10:04 - [MESSAGE][INFO] - Action delay is set to 0 milliseconds

2021-05-29 00:10:06 - [MESSAGE][PASSED] - Browser is opened with url: ''

2021-05-29 00:10:06 - [TEST_STEP][PASSED] - navigateToUrl("https://mattermostwebapp.herokuapp.com/login"): Navigate to 'https://mattermostwebapp.herokuapp.com/login' successfully

2021-05-29 00:10:09 - [MESSAGE][PASSED] - Navigate to 'https://mattermostwebapp.herokuapp.com/login' successfully

2021-05-29 00:10:09 - [MESSAGE][PASSED] - Call Test Case 'Test Cases/1712612/CommonTC/TC_OpenPage' successfully

2021-05-29 00:10:09 - [TEST_STEP][PASSED] - callTestCase(findTestCase("1712612/CommonTC/TC_Login"), [:], STOP_ON_FAILURE): Call Test Case 'Test Cases/1712612/CommonTC/TC_Login' successfully

2021-05-29 00:10:09 - [TEST_CASE][PASSED] - Test Cases/1712612/CommonTC/TC_Login: Test Cases/1712612/CommonTC/TC_Login

2021-05-29 00:10:09 - [TEST_STEP][PASSED] - verifyElementVisible(findTestObject("Object Repository/1712612_Mattermost Object/Page_Mattermost/input_login_username"), STOP_ON_FAILURE): Object 'Object Repository/1712612_Mattermost Object/Page_Mattermost/input_login_username' is visible

2021-05-29 00:10:14 - [MESSAGE][PASSED] - Object 'Object Repository/1712612_Mattermost Object/Page_Mattermost/input_login_username' is visible

2021-05-29 00:10:14 - [TEST_STEP][PASSED] - verifyElementVisible(findTestObject("Object Repository/1712612_Mattermost Object/Page_Mattermost/input_login_password"), STOP_ON_FAILURE): Object 'Object Repository/1712612_Mattermost Object/Page_Mattermost/input_login_password' is visible

2021-05-29 00:10:14 - [MESSAGE][PASSED] - Object 'Object Repository/1712612_Mattermost Object/Page_Mattermost/input_login_password' is visible

2021-05-29 00:10:14 - [TEST_STEP][PASSED] - setText(findTestObject("Object Repository/1712612_Mattermost Object/Page_Mattermost/input_login_username"), "nghi_tran"): Text 'nghi_tran' is set on object 'Object Repository/1712612_Mattermost Object/Page_Mattermost/input_login_username'

2021-05-29 00:10:15 - [MESSAGE][PASSED] - Text 'nghi_tran' is set on object 'Object Repository/1712612_Mattermost Object/Page_Mattermost/input_login_username'

2021-05-29 00:10:15 - [TEST_STEP][PASSED] - setEncryptedText(findTestObject("Object Repository/1712612_Mattermost Object/Page_Mattermost/input_login_password"), "KBlHou+hFmnFUOUwxwboiw=="): Text ****** has been set on object 'Object Repository/1712612_Mattermost Object/Page_Mattermost/input_login_password'

2021-05-29 00:10:16 - [MESSAGE][PASSED] - Text ****** has been set on object 'Object Repository/1712612_Mattermost Object/Page_Mattermost/input_login_password'

2021-05-29 00:10:16 - [TEST_STEP][PASSED] - click(findTestObject("Object Repository/1712612_Mattermost Object/Page_Mattermost/button_Sign in")): Object: 'Object Repository/1712612_Mattermost Object/Page_Mattermost/button_Sign in' is clicked on

2021-05-29 00:10:16 - [MESSAGE][PASSED] - Object: 'Object Repository/1712612_Mattermost Object/Page_Mattermost/button_Sign in' is clicked on

2021-05-29 00:10:16 - [TEST_STEP][PASSED] - verifyElementVisible(findTestObject("Object Repository/1712612_Mattermost Object/Page_Town Square - another Mattermost/img__Avatar Avatar-lg"), STOP_ON_FAILURE): Object 'Object Repository/1712612_Mattermost Object/Page_Town Square - another Mattermost/img__Avatar Avatar-lg' is visible

2021-05-29 00:10:20 - [MESSAGE][PASSED] - Object 'Object Repository/1712612_Mattermost Object/Page_Town Square - another Mattermost/img__Avatar Avatar-lg' is visible

2021-05-29 00:10:20 - [MESSAGE][PASSED] - Call Test Case 'Test Cases/1712612/CommonTC/TC_Login' successfully

2021-05-29 00:10:20 - [TEST_STEP][PASSED] - navigateToUrl("https://mattermostwebapp.herokuapp.com/test-1712612/channels/town-square"): Navigate to 'https://mattermostwebapp.herokuapp.com/test-1712612/channels/town-square' successfully

2021-05-29 00:10:20 - [MESSAGE][PASSED] - Navigate to 'https://mattermostwebapp.herokuapp.com/test-1712612/channels/town-square' successfully

2021-05-29 00:10:20 - [TEST_STEP][PASSED] - click(findTestObject("Object Repository/1712612_Mattermost Object/Page_Town Square - Test 1712612 Mattermost/a_new channel")): Object: 'Object Repository/1712612_Mattermost Object/Page_Town Square - Test 1712612 Mattermost/a_new channel' is clicked on

2021-05-29 00:10:51 - [MESSAGE][INFO] - Unable to find the element located by 'By.xpath: //a[@id='sidebarItem_new-channel']'. Please recheck the objects properties to make sure the desired element is located. 

2021-05-29 00:10:51 - [MESSAGE][WARNING] - [SELF-HEALING] Failed to find element with id 'Object Repository/1712612_Mattermost Object/Page_Town Square - Test 1712612 Mattermost/a_new channel'. Try using Self-healing.

2021-05-29 00:10:51 - [MESSAGE][ERROR] - [SELF-HEALING] com.google.gson.stream.MalformedJsonException: Expected ':' at line 75 column 10 path $.brokenTestObjects[7].<<<<<<<

2021-05-29 00:10:52 - [MESSAGE][INFO] - [SELF-HEALING] Failed Locator: '//a[@id='sidebarItem_new-channel']'.

2021-05-29 00:10:52 - [MESSAGE][INFO] - [SELF-HEALING] Working Locator: '//ul[@id='publicChannelList']/li[7]/a'.

2021-05-29 00:10:52 - [MESSAGE][INFO] - [SELF-HEALING] Screenshot: C:/Users/phuc/git/Mattermost_AutoTesting/Reports/Self-healing/Object Repository/1712612_Mattermost Object/Page_Town Square - Test 1712612 Mattermost/a_new channel_idRelative.png

2021-05-29 00:10:52 - [MESSAGE][ERROR] - [SELF-HEALING] com.google.gson.stream.MalformedJsonException: Expected ':' at line 75 column 10 path $.brokenTestObjects[7].<<<<<<<

2021-05-29 00:10:52 - [MESSAGE][ERROR] - [SELF-HEALING] C:\Users\phuc\git\Mattermost_AutoTesting\Reports\Self-healing\broken-test-objects.json does not exist or is provided by Self-healing Plugin!

2021-05-29 00:10:52 - [MESSAGE][WARNING] - [SELF-HEALING] The current locator of test object 'Object Repository/1712612_Mattermost Object/Page_Town Square - Test 1712612 Mattermost/a_new channel' was broken. Propose an alternative one: '//ul[@id='publicChannelList']/li[7]/a'.

2021-05-29 00:10:52 - [MESSAGE][PASSED] - Object: 'Object Repository/1712612_Mattermost Object/Page_Town Square - Test 1712612 Mattermost/a_new channel' is clicked on

2021-05-29 00:10:52 - [TEST_STEP][PASSED] - click(findTestObject("Object Repository/1712612_Mattermost Object/Page_new channel - Test 1712612 Mattermost/button_new channel")): Object: 'Object Repository/1712612_Mattermost Object/Page_new channel - Test 1712612 Mattermost/button_new channel' is clicked on

2021-05-29 00:10:53 - [MESSAGE][PASSED] - Object: 'Object Repository/1712612_Mattermost Object/Page_new channel - Test 1712612 Mattermost/button_new channel' is clicked on

2021-05-29 00:10:53 - [TEST_STEP][PASSED] - click(findTestObject("Object Repository/1712612_Mattermost Object/Page_new channel - Test 1712612 Mattermost/button_Convert to Private Channel")): Object: 'Object Repository/1712612_Mattermost Object/Page_new channel - Test 1712612 Mattermost/button_Convert to Private Channel' is clicked on

2021-05-29 00:11:24 - [MESSAGE][INFO] - Unable to find the element located by 'By.xpath: //li[@id='channelCovertToPrivate']/button'. Please recheck the objects properties to make sure the desired element is located. 

2021-05-29 00:11:24 - [MESSAGE][WARNING] - [SELF-HEALING] Failed to find element with id 'Object Repository/1712612_Mattermost Object/Page_new channel - Test 1712612 Mattermost/button_Convert to Private Channel'. Try using Self-healing.

2021-05-29 00:11:24 - [MESSAGE][ERROR] - [SELF-HEALING] com.google.gson.stream.MalformedJsonException: Expected ':' at line 75 column 10 path $.brokenTestObjects[7].<<<<<<<

2021-05-29 00:11:24 - [MESSAGE][INFO] - [SELF-HEALING] Failed Locator: '//li[@id='channelCovertToPrivate']/button'.

2021-05-29 00:11:25 - [MESSAGE][INFO] - [SELF-HEALING] Working Locator: '(.//*[normalize-space(text()) and normalize-space(.)='Rename Channel'])[1]/following::button[1]'.

2021-05-29 00:11:25 - [MESSAGE][INFO] - [SELF-HEALING] Screenshot: C:/Users/phuc/git/Mattermost_AutoTesting/Reports/Self-healing/Object Repository/1712612_Mattermost Object/Page_new channel - Test 1712612 Mattermost/button_Convert to Private Channel_neighbor.png

2021-05-29 00:11:25 - [MESSAGE][ERROR] - [SELF-HEALING] com.google.gson.stream.MalformedJsonException: Expected ':' at line 75 column 10 path $.brokenTestObjects[7].<<<<<<<

2021-05-29 00:11:25 - [MESSAGE][ERROR] - [SELF-HEALING] C:\Users\phuc\git\Mattermost_AutoTesting\Reports\Self-healing\broken-test-objects.json does not exist or is provided by Self-healing Plugin!

2021-05-29 00:11:25 - [MESSAGE][WARNING] - [SELF-HEALING] The current locator of test object 'Object Repository/1712612_Mattermost Object/Page_new channel - Test 1712612 Mattermost/button_Convert to Private Channel' was broken. Propose an alternative one: '(.//*[normalize-space(text()) and normalize-space(.)='Rename Channel'])[1]/following::button[1]'.

2021-05-29 00:11:25 - [MESSAGE][PASSED] - Object: 'Object Repository/1712612_Mattermost Object/Page_new channel - Test 1712612 Mattermost/button_Convert to Private Channel' is clicked on

2021-05-29 00:11:25 - [TEST_STEP][FAILED] - click(findTestObject("Object Repository/1712612_Mattermost Object/Page_new channel - Test 1712612 Mattermost/button_Yes, convert to private channel")): Unable to click on object 'Object Repository/1712612_Mattermost Object/Page_new channel - Test 1712612 Mattermost/button_Yes, convert to private channel' (Root cause: com.kms.katalon.core.exception.StepFailedException: Unable to click on object 'Object Repository/1712612_Mattermost Object/Page_new channel - Test 1712612 Mattermost/button_Yes, convert to private channel'
	at com.kms.katalon.core.webui.keyword.internal.WebUIKeywordMain.stepFailed(WebUIKeywordMain.groovy:64)
	at com.kms.katalon.core.webui.keyword.internal.WebUIKeywordMain.runKeyword(WebUIKeywordMain.groovy:26)
	at com.kms.katalon.core.webui.keyword.builtin.ClickKeyword.click(ClickKeyword.groovy:75)
	at com.kms.katalon.core.webui.keyword.builtin.ClickKeyword.execute(ClickKeyword.groovy:42)
	at com.kms.katalon.core.keyword.internal.KeywordExecutor.executeKeywordForPlatform(KeywordExecutor.groovy:73)
	at com.kms.katalon.core.webui.keyword.WebUiBuiltInKeywords.click(WebUiBuiltInKeywords.groovy:619)
	at com.kms.katalon.core.webui.keyword.WebUiBuiltInKeywords$click$3.call(Unknown Source)
	at TC25_ConvertPublicChannelToPrivate.run(TC25_ConvertPublicChannelToPrivate:32)
	at com.kms.katalon.core.main.ScriptEngine.run(ScriptEngine.java:194)
	at com.kms.katalon.core.main.ScriptEngine.runScriptAsRawText(ScriptEngine.java:119)
	at com.kms.katalon.core.main.TestCaseExecutor.runScript(TestCaseExecutor.java:398)
	at com.kms.katalon.core.main.TestCaseExecutor.doExecute(TestCaseExecutor.java:389)
	at com.kms.katalon.core.main.TestCaseExecutor.processExecutionPhase(TestCaseExecutor.java:368)
	at com.kms.katalon.core.main.TestCaseExecutor.accessMainPhase(TestCaseExecutor.java:360)
	at com.kms.katalon.core.main.TestCaseExecutor.execute(TestCaseExecutor.java:255)
	at com.kms.katalon.core.main.TestSuiteExecutor.accessTestCaseMainPhase(TestSuiteExecutor.java:203)
	at com.kms.katalon.core.main.TestSuiteExecutor.accessTestSuiteMainPhase(TestSuiteExecutor.java:152)
	at com.kms.katalon.core.main.TestSuiteExecutor.execute(TestSuiteExecutor.java:95)
	at com.kms.katalon.core.main.TestCaseMain.startTestSuite(TestCaseMain.java:157)
	at com.kms.katalon.core.main.TestCaseMain$startTestSuite$0.call(Unknown Source)
	at TempTestSuite1622220811607.run(TempTestSuite1622220811607.groovy:39)
Caused by: com.kms.katalon.core.webui.exception.WebElementNotFoundException: Web element with id: 'Object Repository/1712612_Mattermost Object/Page_new channel - Test 1712612 Mattermost/button_Yes, convert to private channel' located by '(//button[@type='button'])[11]' not found
	at com.kms.katalon.core.webui.common.WebUiCommonHelper.findWebElement(WebUiCommonHelper.java:1368)
	at com.kms.katalon.core.webui.keyword.internal.WebUIAbstractKeyword.findWebElement(WebUIAbstractKeyword.groovy:27)
	at com.kms.katalon.core.webui.keyword.internal.WebUIAbstractKeyword.findWebElement(WebUIAbstractKeyword.groovy:26)
	at com.kms.katalon.core.webui.keyword.builtin.ClickKeyword$_click_closure1.doCall(ClickKeyword.groovy:66)
	at com.kms.katalon.core.webui.keyword.builtin.ClickKeyword$_click_closure1.call(ClickKeyword.groovy)
	at com.kms.katalon.core.webui.keyword.internal.WebUIKeywordMain.runKeyword(WebUIKeywordMain.groovy:20)
	at com.kms.katalon.core.webui.keyword.builtin.ClickKeyword.click(ClickKeyword.groovy:75)
	at com.kms.katalon.core.webui.keyword.builtin.ClickKeyword.execute(ClickKeyword.groovy:42)
	at com.kms.katalon.core.keyword.internal.KeywordExecutor.executeKeywordForPlatform(KeywordExecutor.groovy:73)
	at com.kms.katalon.core.webui.keyword.WebUiBuiltInKeywords.click(WebUiBuiltInKeywords.groovy:619)
	at com.kms.katalon.core.webui.keyword.WebUiBuiltInKeywords$click$3.call(Unknown Source)
	at Script1621656968177.run(Script1621656968177.groovy:32)
	... 13 more
)

2021-05-29 00:11:56 - [MESSAGE][INFO] - Unable to find the element located by 'By.xpath: (//button[@type='button'])[11]'. Please recheck the objects properties to make sure the desired element is located. 

2021-05-29 00:11:56 - [MESSAGE][WARNING] - [SELF-HEALING] Failed to find element with id 'Object Repository/1712612_Mattermost Object/Page_new channel - Test 1712612 Mattermost/button_Yes, convert to private channel'. Try using Self-healing.

2021-05-29 00:11:56 - [MESSAGE][ERROR] - [SELF-HEALING] com.google.gson.stream.MalformedJsonException: Expected ':' at line 75 column 10 path $.brokenTestObjects[7].<<<<<<<

2021-05-29 00:11:57 - [MESSAGE][INFO] - [SELF-HEALING] Failed Locator: '(//button[@type='button'])[11]'.

2021-05-29 00:11:57 - [MESSAGE][INFO] - [SELF-HEALING] Failed Locator: '(.//*[normalize-space(text()) and normalize-space(.)='No, cancel'])[1]/following::button[1]'.

2021-05-29 00:11:57 - [MESSAGE][INFO] - [SELF-HEALING] Failed Locator: '(.//*[normalize-space(text()) and normalize-space(.)='new channel'])[5]/following::button[2]'.

2021-05-29 00:11:58 - [MESSAGE][INFO] - [SELF-HEALING] Failed Locator: '//div[3]/button[2]'.

2021-05-29 00:11:59 - [MESSAGE][INFO] - Unable to find the element located by 'By.xpath: //*[@type = 'button' and (text() = 'Yes, convert to private channel' or . = 'Yes, convert to private channel')]'. Please recheck the objects properties to make sure the desired element is located. 

2021-05-29 00:12:00 - [MESSAGE][INFO] - Unable to find the element located by 'By.cssSelector: button.btn.btn-primary'. Please recheck the objects properties to make sure the desired element is located. 

2021-05-29 00:12:00 - [MESSAGE][FAILED] - Unable to click on object 'Object Repository/1712612_Mattermost Object/Page_new channel - Test 1712612 Mattermost/button_Yes, convert to private channel' (Root cause: com.kms.katalon.core.exception.StepFailedException: Unable to click on object 'Object Repository/1712612_Mattermost Object/Page_new channel - Test 1712612 Mattermost/button_Yes, convert to private channel'
	at com.kms.katalon.core.webui.keyword.internal.WebUIKeywordMain.stepFailed(WebUIKeywordMain.groovy:64)
	at com.kms.katalon.core.webui.keyword.internal.WebUIKeywordMain.runKeyword(WebUIKeywordMain.groovy:26)
	at com.kms.katalon.core.webui.keyword.builtin.ClickKeyword.click(ClickKeyword.groovy:75)
	at com.kms.katalon.core.webui.keyword.builtin.ClickKeyword.execute(ClickKeyword.groovy:42)
	at com.kms.katalon.core.keyword.internal.KeywordExecutor.executeKeywordForPlatform(KeywordExecutor.groovy:73)
	at com.kms.katalon.core.webui.keyword.WebUiBuiltInKeywords.click(WebUiBuiltInKeywords.groovy:619)
	at com.kms.katalon.core.webui.keyword.WebUiBuiltInKeywords$click$3.call(Unknown Source)
	at TC25_ConvertPublicChannelToPrivate.run(TC25_ConvertPublicChannelToPrivate:32)
	at com.kms.katalon.core.main.ScriptEngine.run(ScriptEngine.java:194)
	at com.kms.katalon.core.main.ScriptEngine.runScriptAsRawText(ScriptEngine.java:119)
	at com.kms.katalon.core.main.TestCaseExecutor.runScript(TestCaseExecutor.java:398)
	at com.kms.katalon.core.main.TestCaseExecutor.doExecute(TestCaseExecutor.java:389)
	at com.kms.katalon.core.main.TestCaseExecutor.processExecutionPhase(TestCaseExecutor.java:368)
	at com.kms.katalon.core.main.TestCaseExecutor.accessMainPhase(TestCaseExecutor.java:360)
	at com.kms.katalon.core.main.TestCaseExecutor.execute(TestCaseExecutor.java:255)
	at com.kms.katalon.core.main.TestSuiteExecutor.accessTestCaseMainPhase(TestSuiteExecutor.java:203)
	at com.kms.katalon.core.main.TestSuiteExecutor.accessTestSuiteMainPhase(TestSuiteExecutor.java:152)
	at com.kms.katalon.core.main.TestSuiteExecutor.execute(TestSuiteExecutor.java:95)
	at com.kms.katalon.core.main.TestCaseMain.startTestSuite(TestCaseMain.java:157)
	at com.kms.katalon.core.main.TestCaseMain$startTestSuite$0.call(Unknown Source)
	at TempTestSuite1622220811607.run(TempTestSuite1622220811607.groovy:39)
Caused by: com.kms.katalon.core.webui.exception.WebElementNotFoundException: Web element with id: 'Object Repository/1712612_Mattermost Object/Page_new channel - Test 1712612 Mattermost/button_Yes, convert to private channel' located by '(//button[@type='button'])[11]' not found
	at com.kms.katalon.core.webui.common.WebUiCommonHelper.findWebElement(WebUiCommonHelper.java:1368)
	at com.kms.katalon.core.webui.keyword.internal.WebUIAbstractKeyword.findWebElement(WebUIAbstractKeyword.groovy:27)
	at com.kms.katalon.core.webui.keyword.internal.WebUIAbstractKeyword.findWebElement(WebUIAbstractKeyword.groovy:26)
	at com.kms.katalon.core.webui.keyword.builtin.ClickKeyword$_click_closure1.doCall(ClickKeyword.groovy:66)
	at com.kms.katalon.core.webui.keyword.builtin.ClickKeyword$_click_closure1.call(ClickKeyword.groovy)
	at com.kms.katalon.core.webui.keyword.internal.WebUIKeywordMain.runKeyword(WebUIKeywordMain.groovy:20)
	at com.kms.katalon.core.webui.keyword.builtin.ClickKeyword.click(ClickKeyword.groovy:75)
	at com.kms.katalon.core.webui.keyword.builtin.ClickKeyword.execute(ClickKeyword.groovy:42)
	at com.kms.katalon.core.keyword.internal.KeywordExecutor.executeKeywordForPlatform(KeywordExecutor.groovy:73)
	at com.kms.katalon.core.webui.keyword.WebUiBuiltInKeywords.click(WebUiBuiltInKeywords.groovy:619)
	at com.kms.katalon.core.webui.keyword.WebUiBuiltInKeywords$click$3.call(Unknown Source)
	at Script1621656968177.run(Script1621656968177.groovy:32)
	... 13 more
)
[[ATTACHMENT|C:\\Users\\phuc\\git\\Mattermost_AutoTesting\\Reports\\20210528_235331\\1712666\\Run_All_Test_Cases\\20210528_235331\\1622221920522.png]]]]></system-out>
         <system-err><![CDATA[2021-05-29 00:10:03 - [TEST_CASE][FAILED] - Test Cases/1712612/TC25_ConvertPublicChannelToPrivate: Test Cases/1712612/TC25_ConvertPublicChannelToPrivate FAILED.
Reason:
com.kms.katalon.core.exception.StepFailedException: Unable to click on object 'Object Repository/1712612_Mattermost Object/Page_new channel - Test 1712612 Mattermost/button_Yes, convert to private channel'
	at com.kms.katalon.core.webui.keyword.internal.WebUIKeywordMain.stepFailed(WebUIKeywordMain.groovy:64)
	at com.kms.katalon.core.webui.keyword.internal.WebUIKeywordMain.runKeyword(WebUIKeywordMain.groovy:26)
	at com.kms.katalon.core.webui.keyword.builtin.ClickKeyword.click(ClickKeyword.groovy:75)
	at com.kms.katalon.core.webui.keyword.builtin.ClickKeyword.execute(ClickKeyword.groovy:42)
	at com.kms.katalon.core.keyword.internal.KeywordExecutor.executeKeywordForPlatform(KeywordExecutor.groovy:73)
	at com.kms.katalon.core.webui.keyword.WebUiBuiltInKeywords.click(WebUiBuiltInKeywords.groovy:619)
	at com.kms.katalon.core.webui.keyword.WebUiBuiltInKeywords$click$3.call(Unknown Source)
	at TC25_ConvertPublicChannelToPrivate.run(TC25_ConvertPublicChannelToPrivate:32)
	at com.kms.katalon.core.main.ScriptEngine.run(ScriptEngine.java:194)
	at com.kms.katalon.core.main.ScriptEngine.runScriptAsRawText(ScriptEngine.java:119)
	at com.kms.katalon.core.main.TestCaseExecutor.runScript(TestCaseExecutor.java:398)
	at com.kms.katalon.core.main.TestCaseExecutor.doExecute(TestCaseExecutor.java:389)
	at com.kms.katalon.core.main.TestCaseExecutor.processExecutionPhase(TestCaseExecutor.java:368)
	at com.kms.katalon.core.main.TestCaseExecutor.accessMainPhase(TestCaseExecutor.java:360)
	at com.kms.katalon.core.main.TestCaseExecutor.execute(TestCaseExecutor.java:255)
	at com.kms.katalon.core.main.TestSuiteExecutor.accessTestCaseMainPhase(TestSuiteExecutor.java:203)
	at com.kms.katalon.core.main.TestSuiteExecutor.accessTestSuiteMainPhase(TestSuiteExecutor.java:152)
	at com.kms.katalon.core.main.TestSuiteExecutor.execute(TestSuiteExecutor.java:95)
	at com.kms.katalon.core.main.TestCaseMain.startTestSuite(TestCaseMain.java:157)
	at com.kms.katalon.core.main.TestCaseMain$startTestSuite$0.call(Unknown Source)
	at TempTestSuite1622220811607.run(TempTestSuite1622220811607.groovy:39)
Caused by: com.kms.katalon.core.webui.exception.WebElementNotFoundException: Web element with id: 'Object Repository/1712612_Mattermost Object/Page_new channel - Test 1712612 Mattermost/button_Yes, convert to private channel' located by '(//button[@type='button'])[11]' not found
	at com.kms.katalon.core.webui.common.WebUiCommonHelper.findWebElement(WebUiCommonHelper.java:1368)
	at com.kms.katalon.core.webui.keyword.internal.WebUIAbstractKeyword.findWebElement(WebUIAbstractKeyword.groovy:27)
	at com.kms.katalon.core.webui.keyword.internal.WebUIAbstractKeyword.findWebElement(WebUIAbstractKeyword.groovy:26)
	at com.kms.katalon.core.webui.keyword.builtin.ClickKeyword$_click_closure1.doCall(ClickKeyword.groovy:66)
	at com.kms.katalon.core.webui.keyword.builtin.ClickKeyword$_click_closure1.call(ClickKeyword.groovy)
	at com.kms.katalon.core.webui.keyword.internal.WebUIKeywordMain.runKeyword(WebUIKeywordMain.groovy:20)
	... 19 more]]></system-err>
      </testcase>
      <testcase name="Test Cases/1712612/TC26_PinMessageInPublicChannel" time="85.676" classname="Test Cases/1712612/TC26_PinMessageInPublicChannel" status="FAILED">
         <failure type="FAILED" message="Test Cases/1712612/TC26_PinMessageInPublicChannel FAILED.
Reason:
com.kms.katalon.core.exception.StepFailedException: Unable to click on object 'Object Repository/1712612_Mattermost Object/Page_Town Square - Test 1712612 Mattermost/button_Pin to Channel'
	at com.kms.katalon.core.webui.keyword.internal.WebUIKeywordMain.stepFailed(WebUIKeywordMain.groovy:64)
	at com.kms.katalon.core.webui.keyword.internal.WebUIKeywordMain.runKeyword(WebUIKeywordMain.groovy:26)
	at com.kms.katalon.core.webui.keyword.builtin.ClickKeyword.click(ClickKeyword.groovy:75)
	at com.kms.katalon.core.webui.keyword.builtin.ClickKeyword.execute(ClickKeyword.groovy:42)
	at com.kms.katalon.core.keyword.internal.KeywordExecutor.executeKeywordForPlatform(KeywordExecutor.groovy:73)
	at com.kms.katalon.core.webui.keyword.WebUiBuiltInKeywords.click(WebUiBuiltInKeywords.groovy:619)
	at com.kms.katalon.core.webui.keyword.WebUiBuiltInKeywords$click$3.call(Unknown Source)
	at TC26_PinMessageInPublicChannel.run(TC26_PinMessageInPublicChannel:28)
	at com.kms.katalon.core.main.ScriptEngine.run(ScriptEngine.java:194)
	at com.kms.katalon.core.main.ScriptEngine.runScriptAsRawText(ScriptEngine.java:119)
	at com.kms.katalon.core.main.TestCaseExecutor.runScript(TestCaseExecutor.java:398)
	at com.kms.katalon.core.main.TestCaseExecutor.doExecute(TestCaseExecutor.java:389)
	at com.kms.katalon.core.main.TestCaseExecutor.processExecutionPhase(TestCaseExecutor.java:368)
	at com.kms.katalon.core.main.TestCaseExecutor.accessMainPhase(TestCaseExecutor.java:360)
	at com.kms.katalon.core.main.TestCaseExecutor.execute(TestCaseExecutor.java:255)
	at com.kms.katalon.core.main.TestSuiteExecutor.accessTestCaseMainPhase(TestSuiteExecutor.java:203)
	at com.kms.katalon.core.main.TestSuiteExecutor.accessTestSuiteMainPhase(TestSuiteExecutor.java:152)
	at com.kms.katalon.core.main.TestSuiteExecutor.execute(TestSuiteExecutor.java:95)
	at com.kms.katalon.core.main.TestCaseMain.startTestSuite(TestCaseMain.java:157)
	at com.kms.katalon.core.main.TestCaseMain$startTestSuite$0.call(Unknown Source)
	at TempTestSuite1622220811607.run(TempTestSuite1622220811607.groovy:39)
Caused by: com.kms.katalon.core.webui.exception.WebElementNotFoundException: Web element with id: 'Object Repository/1712612_Mattermost Object/Page_Town Square - Test 1712612 Mattermost/button_Pin to Channel' located by '//li[@id='pin_post_y84p141g8fffugwo5wnkspdt1o']/button' not found
	at com.kms.katalon.core.webui.common.WebUiCommonHelper.findWebElement(WebUiCommonHelper.java:1368)
	at com.kms.katalon.core.webui.keyword.internal.WebUIAbstractKeyword.findWebElement(WebUIAbstractKeyword.groovy:27)
	at com.kms.katalon.core.webui.keyword.internal.WebUIAbstractKeyword.findWebElement(WebUIAbstractKeyword.groovy:26)
	at com.kms.katalon.core.webui.keyword.builtin.ClickKeyword$_click_closure1.doCall(ClickKeyword.groovy:66)
	at com.kms.katalon.core.webui.keyword.builtin.ClickKeyword$_click_closure1.call(ClickKeyword.groovy)
	at com.kms.katalon.core.webui.keyword.internal.WebUIKeywordMain.runKeyword(WebUIKeywordMain.groovy:20)
	... 19 more
"/>
         <system-out><![CDATA[2021-05-29 00:12:00 - [TEST_CASE][FAILED] - Test Cases/1712612/TC26_PinMessageInPublicChannel: Test Cases/1712612/TC26_PinMessageInPublicChannel FAILED.
Reason:
com.kms.katalon.core.exception.StepFailedException: Unable to click on object 'Object Repository/1712612_Mattermost Object/Page_Town Square - Test 1712612 Mattermost/button_Pin to Channel'
	at com.kms.katalon.core.webui.keyword.internal.WebUIKeywordMain.stepFailed(WebUIKeywordMain.groovy:64)
	at com.kms.katalon.core.webui.keyword.internal.WebUIKeywordMain.runKeyword(WebUIKeywordMain.groovy:26)
	at com.kms.katalon.core.webui.keyword.builtin.ClickKeyword.click(ClickKeyword.groovy:75)
	at com.kms.katalon.core.webui.keyword.builtin.ClickKeyword.execute(ClickKeyword.groovy:42)
	at com.kms.katalon.core.keyword.internal.KeywordExecutor.executeKeywordForPlatform(KeywordExecutor.groovy:73)
	at com.kms.katalon.core.webui.keyword.WebUiBuiltInKeywords.click(WebUiBuiltInKeywords.groovy:619)
	at com.kms.katalon.core.webui.keyword.WebUiBuiltInKeywords$click$3.call(Unknown Source)
	at TC26_PinMessageInPublicChannel.run(TC26_PinMessageInPublicChannel:28)
	at com.kms.katalon.core.main.ScriptEngine.run(ScriptEngine.java:194)
	at com.kms.katalon.core.main.ScriptEngine.runScriptAsRawText(ScriptEngine.java:119)
	at com.kms.katalon.core.main.TestCaseExecutor.runScript(TestCaseExecutor.java:398)
	at com.kms.katalon.core.main.TestCaseExecutor.doExecute(TestCaseExecutor.java:389)
	at com.kms.katalon.core.main.TestCaseExecutor.processExecutionPhase(TestCaseExecutor.java:368)
	at com.kms.katalon.core.main.TestCaseExecutor.accessMainPhase(TestCaseExecutor.java:360)
	at com.kms.katalon.core.main.TestCaseExecutor.execute(TestCaseExecutor.java:255)
	at com.kms.katalon.core.main.TestSuiteExecutor.accessTestCaseMainPhase(TestSuiteExecutor.java:203)
	at com.kms.katalon.core.main.TestSuiteExecutor.accessTestSuiteMainPhase(TestSuiteExecutor.java:152)
	at com.kms.katalon.core.main.TestSuiteExecutor.execute(TestSuiteExecutor.java:95)
	at com.kms.katalon.core.main.TestCaseMain.startTestSuite(TestCaseMain.java:157)
	at com.kms.katalon.core.main.TestCaseMain$startTestSuite$0.call(Unknown Source)
	at TempTestSuite1622220811607.run(TempTestSuite1622220811607.groovy:39)
Caused by: com.kms.katalon.core.webui.exception.WebElementNotFoundException: Web element with id: 'Object Repository/1712612_Mattermost Object/Page_Town Square - Test 1712612 Mattermost/button_Pin to Channel' located by '//li[@id='pin_post_y84p141g8fffugwo5wnkspdt1o']/button' not found
	at com.kms.katalon.core.webui.common.WebUiCommonHelper.findWebElement(WebUiCommonHelper.java:1368)
	at com.kms.katalon.core.webui.keyword.internal.WebUIAbstractKeyword.findWebElement(WebUIAbstractKeyword.groovy:27)
	at com.kms.katalon.core.webui.keyword.internal.WebUIAbstractKeyword.findWebElement(WebUIAbstractKeyword.groovy:26)
	at com.kms.katalon.core.webui.keyword.builtin.ClickKeyword$_click_closure1.doCall(ClickKeyword.groovy:66)
	at com.kms.katalon.core.webui.keyword.builtin.ClickKeyword$_click_closure1.call(ClickKeyword.groovy)
	at com.kms.katalon.core.webui.keyword.internal.WebUIKeywordMain.runKeyword(WebUIKeywordMain.groovy:20)
	... 19 more


2021-05-29 00:12:01 - [TEST_STEP][PASSED] - callTestCase(findTestCase("1712612/CommonTC/TC_OpenPage"), [:], STOP_ON_FAILURE): Call Test Case 'Test Cases/1712612/CommonTC/TC_OpenPage' successfully

2021-05-29 00:12:01 - [TEST_CASE][PASSED] - Test Cases/1712612/CommonTC/TC_OpenPage: Test Cases/1712612/CommonTC/TC_OpenPage

2021-05-29 00:12:01 - [TEST_STEP][PASSED] - openBrowser(""): Browser is opened with url: ''

2021-05-29 00:12:01 - [MESSAGE][WARNING] - A browser is already opened. Closing browser and opening a new one

2021-05-29 00:12:01 - [MESSAGE][INFO] - Starting 'Chrome' driver

2021-05-29 00:12:01 - [MESSAGE][INFO] - Action delay is set to 0 milliseconds

2021-05-29 00:12:03 - [MESSAGE][PASSED] - Browser is opened with url: ''

2021-05-29 00:12:03 - [TEST_STEP][PASSED] - navigateToUrl("https://mattermostwebapp.herokuapp.com/login"): Navigate to 'https://mattermostwebapp.herokuapp.com/login' successfully

2021-05-29 00:12:07 - [MESSAGE][PASSED] - Navigate to 'https://mattermostwebapp.herokuapp.com/login' successfully

2021-05-29 00:12:07 - [MESSAGE][PASSED] - Call Test Case 'Test Cases/1712612/CommonTC/TC_OpenPage' successfully

2021-05-29 00:12:07 - [TEST_STEP][PASSED] - callTestCase(findTestCase("1712612/CommonTC/TC_Login"), [:], STOP_ON_FAILURE): Call Test Case 'Test Cases/1712612/CommonTC/TC_Login' successfully

2021-05-29 00:12:07 - [TEST_CASE][PASSED] - Test Cases/1712612/CommonTC/TC_Login: Test Cases/1712612/CommonTC/TC_Login

2021-05-29 00:12:07 - [TEST_STEP][PASSED] - verifyElementVisible(findTestObject("Object Repository/1712612_Mattermost Object/Page_Mattermost/input_login_username"), STOP_ON_FAILURE): Object 'Object Repository/1712612_Mattermost Object/Page_Mattermost/input_login_username' is visible

2021-05-29 00:12:11 - [MESSAGE][PASSED] - Object 'Object Repository/1712612_Mattermost Object/Page_Mattermost/input_login_username' is visible

2021-05-29 00:12:11 - [TEST_STEP][PASSED] - verifyElementVisible(findTestObject("Object Repository/1712612_Mattermost Object/Page_Mattermost/input_login_password"), STOP_ON_FAILURE): Object 'Object Repository/1712612_Mattermost Object/Page_Mattermost/input_login_password' is visible

2021-05-29 00:12:12 - [MESSAGE][PASSED] - Object 'Object Repository/1712612_Mattermost Object/Page_Mattermost/input_login_password' is visible

2021-05-29 00:12:12 - [TEST_STEP][PASSED] - setText(findTestObject("Object Repository/1712612_Mattermost Object/Page_Mattermost/input_login_username"), "nghi_tran"): Text 'nghi_tran' is set on object 'Object Repository/1712612_Mattermost Object/Page_Mattermost/input_login_username'

2021-05-29 00:12:13 - [MESSAGE][PASSED] - Text 'nghi_tran' is set on object 'Object Repository/1712612_Mattermost Object/Page_Mattermost/input_login_username'

2021-05-29 00:12:13 - [TEST_STEP][PASSED] - setEncryptedText(findTestObject("Object Repository/1712612_Mattermost Object/Page_Mattermost/input_login_password"), "KBlHou+hFmnFUOUwxwboiw=="): Text ****** has been set on object 'Object Repository/1712612_Mattermost Object/Page_Mattermost/input_login_password'

2021-05-29 00:12:13 - [MESSAGE][PASSED] - Text ****** has been set on object 'Object Repository/1712612_Mattermost Object/Page_Mattermost/input_login_password'

2021-05-29 00:12:13 - [TEST_STEP][PASSED] - click(findTestObject("Object Repository/1712612_Mattermost Object/Page_Mattermost/button_Sign in")): Object: 'Object Repository/1712612_Mattermost Object/Page_Mattermost/button_Sign in' is clicked on

2021-05-29 00:12:14 - [MESSAGE][PASSED] - Object: 'Object Repository/1712612_Mattermost Object/Page_Mattermost/button_Sign in' is clicked on

2021-05-29 00:12:14 - [TEST_STEP][PASSED] - verifyElementVisible(findTestObject("Object Repository/1712612_Mattermost Object/Page_Town Square - another Mattermost/img__Avatar Avatar-lg"), STOP_ON_FAILURE): Object 'Object Repository/1712612_Mattermost Object/Page_Town Square - another Mattermost/img__Avatar Avatar-lg' is visible

2021-05-29 00:12:17 - [MESSAGE][PASSED] - Object 'Object Repository/1712612_Mattermost Object/Page_Town Square - another Mattermost/img__Avatar Avatar-lg' is visible

2021-05-29 00:12:17 - [MESSAGE][PASSED] - Call Test Case 'Test Cases/1712612/CommonTC/TC_Login' successfully

2021-05-29 00:12:17 - [TEST_STEP][PASSED] - navigateToUrl("https://mattermostwebapp.herokuapp.com/test-1712612/channels/town-square"): Navigate to 'https://mattermostwebapp.herokuapp.com/test-1712612/channels/town-square' successfully

2021-05-29 00:12:18 - [MESSAGE][PASSED] - Navigate to 'https://mattermostwebapp.herokuapp.com/test-1712612/channels/town-square' successfully

2021-05-29 00:12:18 - [TEST_STEP][PASSED] - click(findTestObject("Object Repository/1712612_Mattermost Object/Page_Town Square - Test 1712612 Mattermost/button_nghi_tran_CENTER_button_y84p141g8fff_63d7c5")): Object: 'Object Repository/1712612_Mattermost Object/Page_Town Square - Test 1712612 Mattermost/button_nghi_tran_CENTER_button_y84p141g8fff_63d7c5' is clicked on

2021-05-29 00:12:49 - [MESSAGE][INFO] - Unable to find the element located by 'By.xpath: //button[@id='CENTER_button_y84p141g8fffugwo5wnkspdt1o']'. Please recheck the objects properties to make sure the desired element is located. 

2021-05-29 00:12:49 - [MESSAGE][WARNING] - [SELF-HEALING] Failed to find element with id 'Object Repository/1712612_Mattermost Object/Page_Town Square - Test 1712612 Mattermost/button_nghi_tran_CENTER_button_y84p141g8fff_63d7c5'. Try using Self-healing.

2021-05-29 00:12:49 - [MESSAGE][ERROR] - [SELF-HEALING] com.google.gson.stream.MalformedJsonException: Expected ':' at line 75 column 10 path $.brokenTestObjects[7].<<<<<<<

2021-05-29 00:12:49 - [MESSAGE][INFO] - [SELF-HEALING] Failed Locator: '//button[@id='CENTER_button_y84p141g8fffugwo5wnkspdt1o']'.

2021-05-29 00:12:50 - [MESSAGE][INFO] - [SELF-HEALING] Failed Locator: '//div[@id='post_y84p141g8fffugwo5wnkspdt1o']/div/div[2]/div/div[2]/div/div[2]/div/button'.

2021-05-29 00:12:50 - [MESSAGE][INFO] - [SELF-HEALING] Working Locator: '(.//*[normalize-space(text()) and normalize-space(.)='nghi_tran'])[1]/following::button[1]'.

2021-05-29 00:12:50 - [MESSAGE][INFO] - [SELF-HEALING] Screenshot: C:/Users/phuc/git/Mattermost_AutoTesting/Reports/Self-healing/Object Repository/1712612_Mattermost Object/Page_Town Square - Test 1712612 Mattermost/button_nghi_tran_CENTER_button_y84p141g8fff_63d7c5_neighbor.png

2021-05-29 00:12:50 - [MESSAGE][ERROR] - [SELF-HEALING] com.google.gson.stream.MalformedJsonException: Expected ':' at line 75 column 10 path $.brokenTestObjects[7].<<<<<<<

2021-05-29 00:12:50 - [MESSAGE][ERROR] - [SELF-HEALING] C:\Users\phuc\git\Mattermost_AutoTesting\Reports\Self-healing\broken-test-objects.json does not exist or is provided by Self-healing Plugin!

2021-05-29 00:12:50 - [MESSAGE][WARNING] - [SELF-HEALING] The current locator of test object 'Object Repository/1712612_Mattermost Object/Page_Town Square - Test 1712612 Mattermost/button_nghi_tran_CENTER_button_y84p141g8fff_63d7c5' was broken. Propose an alternative one: '(.//*[normalize-space(text()) and normalize-space(.)='nghi_tran'])[1]/following::button[1]'.

2021-05-29 00:12:50 - [MESSAGE][PASSED] - Object: 'Object Repository/1712612_Mattermost Object/Page_Town Square - Test 1712612 Mattermost/button_nghi_tran_CENTER_button_y84p141g8fff_63d7c5' is clicked on

2021-05-29 00:12:50 - [TEST_STEP][FAILED] - click(findTestObject("Object Repository/1712612_Mattermost Object/Page_Town Square - Test 1712612 Mattermost/button_Pin to Channel")): Unable to click on object 'Object Repository/1712612_Mattermost Object/Page_Town Square - Test 1712612 Mattermost/button_Pin to Channel' (Root cause: com.kms.katalon.core.exception.StepFailedException: Unable to click on object 'Object Repository/1712612_Mattermost Object/Page_Town Square - Test 1712612 Mattermost/button_Pin to Channel'
	at com.kms.katalon.core.webui.keyword.internal.WebUIKeywordMain.stepFailed(WebUIKeywordMain.groovy:64)
	at com.kms.katalon.core.webui.keyword.internal.WebUIKeywordMain.runKeyword(WebUIKeywordMain.groovy:26)
	at com.kms.katalon.core.webui.keyword.builtin.ClickKeyword.click(ClickKeyword.groovy:75)
	at com.kms.katalon.core.webui.keyword.builtin.ClickKeyword.execute(ClickKeyword.groovy:42)
	at com.kms.katalon.core.keyword.internal.KeywordExecutor.executeKeywordForPlatform(KeywordExecutor.groovy:73)
	at com.kms.katalon.core.webui.keyword.WebUiBuiltInKeywords.click(WebUiBuiltInKeywords.groovy:619)
	at com.kms.katalon.core.webui.keyword.WebUiBuiltInKeywords$click$3.call(Unknown Source)
	at TC26_PinMessageInPublicChannel.run(TC26_PinMessageInPublicChannel:28)
	at com.kms.katalon.core.main.ScriptEngine.run(ScriptEngine.java:194)
	at com.kms.katalon.core.main.ScriptEngine.runScriptAsRawText(ScriptEngine.java:119)
	at com.kms.katalon.core.main.TestCaseExecutor.runScript(TestCaseExecutor.java:398)
	at com.kms.katalon.core.main.TestCaseExecutor.doExecute(TestCaseExecutor.java:389)
	at com.kms.katalon.core.main.TestCaseExecutor.processExecutionPhase(TestCaseExecutor.java:368)
	at com.kms.katalon.core.main.TestCaseExecutor.accessMainPhase(TestCaseExecutor.java:360)
	at com.kms.katalon.core.main.TestCaseExecutor.execute(TestCaseExecutor.java:255)
	at com.kms.katalon.core.main.TestSuiteExecutor.accessTestCaseMainPhase(TestSuiteExecutor.java:203)
	at com.kms.katalon.core.main.TestSuiteExecutor.accessTestSuiteMainPhase(TestSuiteExecutor.java:152)
	at com.kms.katalon.core.main.TestSuiteExecutor.execute(TestSuiteExecutor.java:95)
	at com.kms.katalon.core.main.TestCaseMain.startTestSuite(TestCaseMain.java:157)
	at com.kms.katalon.core.main.TestCaseMain$startTestSuite$0.call(Unknown Source)
	at TempTestSuite1622220811607.run(TempTestSuite1622220811607.groovy:39)
Caused by: com.kms.katalon.core.webui.exception.WebElementNotFoundException: Web element with id: 'Object Repository/1712612_Mattermost Object/Page_Town Square - Test 1712612 Mattermost/button_Pin to Channel' located by '//li[@id='pin_post_y84p141g8fffugwo5wnkspdt1o']/button' not found
	at com.kms.katalon.core.webui.common.WebUiCommonHelper.findWebElement(WebUiCommonHelper.java:1368)
	at com.kms.katalon.core.webui.keyword.internal.WebUIAbstractKeyword.findWebElement(WebUIAbstractKeyword.groovy:27)
	at com.kms.katalon.core.webui.keyword.internal.WebUIAbstractKeyword.findWebElement(WebUIAbstractKeyword.groovy:26)
	at com.kms.katalon.core.webui.keyword.builtin.ClickKeyword$_click_closure1.doCall(ClickKeyword.groovy:66)
	at com.kms.katalon.core.webui.keyword.builtin.ClickKeyword$_click_closure1.call(ClickKeyword.groovy)
	at com.kms.katalon.core.webui.keyword.internal.WebUIKeywordMain.runKeyword(WebUIKeywordMain.groovy:20)
	at com.kms.katalon.core.webui.keyword.builtin.ClickKeyword.click(ClickKeyword.groovy:75)
	at com.kms.katalon.core.webui.keyword.builtin.ClickKeyword.execute(ClickKeyword.groovy:42)
	at com.kms.katalon.core.keyword.internal.KeywordExecutor.executeKeywordForPlatform(KeywordExecutor.groovy:73)
	at com.kms.katalon.core.webui.keyword.WebUiBuiltInKeywords.click(WebUiBuiltInKeywords.groovy:619)
	at com.kms.katalon.core.webui.keyword.WebUiBuiltInKeywords$click$3.call(Unknown Source)
	at Script1621657586209.run(Script1621657586209.groovy:28)
	... 13 more
)

2021-05-29 00:13:22 - [MESSAGE][INFO] - Unable to find the element located by 'By.xpath: //li[@id='pin_post_y84p141g8fffugwo5wnkspdt1o']/button'. Please recheck the objects properties to make sure the desired element is located. 

2021-05-29 00:13:22 - [MESSAGE][WARNING] - [SELF-HEALING] Failed to find element with id 'Object Repository/1712612_Mattermost Object/Page_Town Square - Test 1712612 Mattermost/button_Pin to Channel'. Try using Self-healing.

2021-05-29 00:13:22 - [MESSAGE][ERROR] - [SELF-HEALING] com.google.gson.stream.MalformedJsonException: Expected ':' at line 75 column 10 path $.brokenTestObjects[7].<<<<<<<

2021-05-29 00:13:22 - [MESSAGE][INFO] - [SELF-HEALING] Failed Locator: '//li[@id='pin_post_y84p141g8fffugwo5wnkspdt1o']/button'.

2021-05-29 00:13:22 - [MESSAGE][INFO] - [SELF-HEALING] Failed Locator: '(.//*[normalize-space(text()) and normalize-space(.)='Copy Link'])[1]/following::button[1]'.

2021-05-29 00:13:23 - [MESSAGE][INFO] - [SELF-HEALING] Failed Locator: '(.//*[normalize-space(text()) and normalize-space(.)='Mark as Unread'])[1]/following::button[2]'.

2021-05-29 00:13:23 - [MESSAGE][INFO] - [SELF-HEALING] Failed Locator: '(.//*[normalize-space(text()) and normalize-space(.)='Edit'])[1]/preceding::button[1]'.

2021-05-29 00:13:23 - [MESSAGE][INFO] - [SELF-HEALING] Failed Locator: '//li[4]/button'.

2021-05-29 00:13:24 - [MESSAGE][INFO] - Unable to find the element located by 'By.xpath: //*[(text() = 'Pin to Channel' or . = 'Pin to Channel')]'. Please recheck the objects properties to make sure the desired element is located. 

2021-05-29 00:13:26 - [MESSAGE][INFO] - Unable to find the element located by 'By.cssSelector: #pin_post_y84p141g8fffugwo5wnkspdt1o > button.style--none'. Please recheck the objects properties to make sure the desired element is located. 

2021-05-29 00:13:26 - [MESSAGE][FAILED] - Unable to click on object 'Object Repository/1712612_Mattermost Object/Page_Town Square - Test 1712612 Mattermost/button_Pin to Channel' (Root cause: com.kms.katalon.core.exception.StepFailedException: Unable to click on object 'Object Repository/1712612_Mattermost Object/Page_Town Square - Test 1712612 Mattermost/button_Pin to Channel'
	at com.kms.katalon.core.webui.keyword.internal.WebUIKeywordMain.stepFailed(WebUIKeywordMain.groovy:64)
	at com.kms.katalon.core.webui.keyword.internal.WebUIKeywordMain.runKeyword(WebUIKeywordMain.groovy:26)
	at com.kms.katalon.core.webui.keyword.builtin.ClickKeyword.click(ClickKeyword.groovy:75)
	at com.kms.katalon.core.webui.keyword.builtin.ClickKeyword.execute(ClickKeyword.groovy:42)
	at com.kms.katalon.core.keyword.internal.KeywordExecutor.executeKeywordForPlatform(KeywordExecutor.groovy:73)
	at com.kms.katalon.core.webui.keyword.WebUiBuiltInKeywords.click(WebUiBuiltInKeywords.groovy:619)
	at com.kms.katalon.core.webui.keyword.WebUiBuiltInKeywords$click$3.call(Unknown Source)
	at TC26_PinMessageInPublicChannel.run(TC26_PinMessageInPublicChannel:28)
	at com.kms.katalon.core.main.ScriptEngine.run(ScriptEngine.java:194)
	at com.kms.katalon.core.main.ScriptEngine.runScriptAsRawText(ScriptEngine.java:119)
	at com.kms.katalon.core.main.TestCaseExecutor.runScript(TestCaseExecutor.java:398)
	at com.kms.katalon.core.main.TestCaseExecutor.doExecute(TestCaseExecutor.java:389)
	at com.kms.katalon.core.main.TestCaseExecutor.processExecutionPhase(TestCaseExecutor.java:368)
	at com.kms.katalon.core.main.TestCaseExecutor.accessMainPhase(TestCaseExecutor.java:360)
	at com.kms.katalon.core.main.TestCaseExecutor.execute(TestCaseExecutor.java:255)
	at com.kms.katalon.core.main.TestSuiteExecutor.accessTestCaseMainPhase(TestSuiteExecutor.java:203)
	at com.kms.katalon.core.main.TestSuiteExecutor.accessTestSuiteMainPhase(TestSuiteExecutor.java:152)
	at com.kms.katalon.core.main.TestSuiteExecutor.execute(TestSuiteExecutor.java:95)
	at com.kms.katalon.core.main.TestCaseMain.startTestSuite(TestCaseMain.java:157)
	at com.kms.katalon.core.main.TestCaseMain$startTestSuite$0.call(Unknown Source)
	at TempTestSuite1622220811607.run(TempTestSuite1622220811607.groovy:39)
Caused by: com.kms.katalon.core.webui.exception.WebElementNotFoundException: Web element with id: 'Object Repository/1712612_Mattermost Object/Page_Town Square - Test 1712612 Mattermost/button_Pin to Channel' located by '//li[@id='pin_post_y84p141g8fffugwo5wnkspdt1o']/button' not found
	at com.kms.katalon.core.webui.common.WebUiCommonHelper.findWebElement(WebUiCommonHelper.java:1368)
	at com.kms.katalon.core.webui.keyword.internal.WebUIAbstractKeyword.findWebElement(WebUIAbstractKeyword.groovy:27)
	at com.kms.katalon.core.webui.keyword.internal.WebUIAbstractKeyword.findWebElement(WebUIAbstractKeyword.groovy:26)
	at com.kms.katalon.core.webui.keyword.builtin.ClickKeyword$_click_closure1.doCall(ClickKeyword.groovy:66)
	at com.kms.katalon.core.webui.keyword.builtin.ClickKeyword$_click_closure1.call(ClickKeyword.groovy)
	at com.kms.katalon.core.webui.keyword.internal.WebUIKeywordMain.runKeyword(WebUIKeywordMain.groovy:20)
	at com.kms.katalon.core.webui.keyword.builtin.ClickKeyword.click(ClickKeyword.groovy:75)
	at com.kms.katalon.core.webui.keyword.builtin.ClickKeyword.execute(ClickKeyword.groovy:42)
	at com.kms.katalon.core.keyword.internal.KeywordExecutor.executeKeywordForPlatform(KeywordExecutor.groovy:73)
	at com.kms.katalon.core.webui.keyword.WebUiBuiltInKeywords.click(WebUiBuiltInKeywords.groovy:619)
	at com.kms.katalon.core.webui.keyword.WebUiBuiltInKeywords$click$3.call(Unknown Source)
	at Script1621657586209.run(Script1621657586209.groovy:28)
	... 13 more
)
[[ATTACHMENT|C:\\Users\\phuc\\git\\Mattermost_AutoTesting\\Reports\\20210528_235331\\1712666\\Run_All_Test_Cases\\20210528_235331\\1622222006082.png]]]]></system-out>
         <system-err><![CDATA[2021-05-29 00:12:00 - [TEST_CASE][FAILED] - Test Cases/1712612/TC26_PinMessageInPublicChannel: Test Cases/1712612/TC26_PinMessageInPublicChannel FAILED.
Reason:
com.kms.katalon.core.exception.StepFailedException: Unable to click on object 'Object Repository/1712612_Mattermost Object/Page_Town Square - Test 1712612 Mattermost/button_Pin to Channel'
	at com.kms.katalon.core.webui.keyword.internal.WebUIKeywordMain.stepFailed(WebUIKeywordMain.groovy:64)
	at com.kms.katalon.core.webui.keyword.internal.WebUIKeywordMain.runKeyword(WebUIKeywordMain.groovy:26)
	at com.kms.katalon.core.webui.keyword.builtin.ClickKeyword.click(ClickKeyword.groovy:75)
	at com.kms.katalon.core.webui.keyword.builtin.ClickKeyword.execute(ClickKeyword.groovy:42)
	at com.kms.katalon.core.keyword.internal.KeywordExecutor.executeKeywordForPlatform(KeywordExecutor.groovy:73)
	at com.kms.katalon.core.webui.keyword.WebUiBuiltInKeywords.click(WebUiBuiltInKeywords.groovy:619)
	at com.kms.katalon.core.webui.keyword.WebUiBuiltInKeywords$click$3.call(Unknown Source)
	at TC26_PinMessageInPublicChannel.run(TC26_PinMessageInPublicChannel:28)
	at com.kms.katalon.core.main.ScriptEngine.run(ScriptEngine.java:194)
	at com.kms.katalon.core.main.ScriptEngine.runScriptAsRawText(ScriptEngine.java:119)
	at com.kms.katalon.core.main.TestCaseExecutor.runScript(TestCaseExecutor.java:398)
	at com.kms.katalon.core.main.TestCaseExecutor.doExecute(TestCaseExecutor.java:389)
	at com.kms.katalon.core.main.TestCaseExecutor.processExecutionPhase(TestCaseExecutor.java:368)
	at com.kms.katalon.core.main.TestCaseExecutor.accessMainPhase(TestCaseExecutor.java:360)
	at com.kms.katalon.core.main.TestCaseExecutor.execute(TestCaseExecutor.java:255)
	at com.kms.katalon.core.main.TestSuiteExecutor.accessTestCaseMainPhase(TestSuiteExecutor.java:203)
	at com.kms.katalon.core.main.TestSuiteExecutor.accessTestSuiteMainPhase(TestSuiteExecutor.java:152)
	at com.kms.katalon.core.main.TestSuiteExecutor.execute(TestSuiteExecutor.java:95)
	at com.kms.katalon.core.main.TestCaseMain.startTestSuite(TestCaseMain.java:157)
	at com.kms.katalon.core.main.TestCaseMain$startTestSuite$0.call(Unknown Source)
	at TempTestSuite1622220811607.run(TempTestSuite1622220811607.groovy:39)
Caused by: com.kms.katalon.core.webui.exception.WebElementNotFoundException: Web element with id: 'Object Repository/1712612_Mattermost Object/Page_Town Square - Test 1712612 Mattermost/button_Pin to Channel' located by '//li[@id='pin_post_y84p141g8fffugwo5wnkspdt1o']/button' not found
	at com.kms.katalon.core.webui.common.WebUiCommonHelper.findWebElement(WebUiCommonHelper.java:1368)
	at com.kms.katalon.core.webui.keyword.internal.WebUIAbstractKeyword.findWebElement(WebUIAbstractKeyword.groovy:27)
	at com.kms.katalon.core.webui.keyword.internal.WebUIAbstractKeyword.findWebElement(WebUIAbstractKeyword.groovy:26)
	at com.kms.katalon.core.webui.keyword.builtin.ClickKeyword$_click_closure1.doCall(ClickKeyword.groovy:66)
	at com.kms.katalon.core.webui.keyword.builtin.ClickKeyword$_click_closure1.call(ClickKeyword.groovy)
	at com.kms.katalon.core.webui.keyword.internal.WebUIKeywordMain.runKeyword(WebUIKeywordMain.groovy:20)
	... 19 more]]></system-err>
      </testcase>
      <testcase name="Test Cases/1712612/TC27_PinMessageInPrivateChannel" time="86.646" classname="Test Cases/1712612/TC27_PinMessageInPrivateChannel" status="FAILED">
         <failure type="FAILED" message="Test Cases/1712612/TC27_PinMessageInPrivateChannel FAILED.
Reason:
com.kms.katalon.core.exception.StepFailedException: Unable to click on object 'Object Repository/1712612_Mattermost Object/Page_test pin message - Test 1712612 Mattermost/button_Pin to Channel'
	at com.kms.katalon.core.webui.keyword.internal.WebUIKeywordMain.stepFailed(WebUIKeywordMain.groovy:64)
	at com.kms.katalon.core.webui.keyword.internal.WebUIKeywordMain.runKeyword(WebUIKeywordMain.groovy:26)
	at com.kms.katalon.core.webui.keyword.builtin.ClickKeyword.click(ClickKeyword.groovy:75)
	at com.kms.katalon.core.webui.keyword.builtin.ClickKeyword.execute(ClickKeyword.groovy:42)
	at com.kms.katalon.core.keyword.internal.KeywordExecutor.executeKeywordForPlatform(KeywordExecutor.groovy:73)
	at com.kms.katalon.core.webui.keyword.WebUiBuiltInKeywords.click(WebUiBuiltInKeywords.groovy:619)
	at com.kms.katalon.core.webui.keyword.WebUiBuiltInKeywords$click$3.call(Unknown Source)
	at TC27_PinMessageInPrivateChannel.run(TC27_PinMessageInPrivateChannel:28)
	at com.kms.katalon.core.main.ScriptEngine.run(ScriptEngine.java:194)
	at com.kms.katalon.core.main.ScriptEngine.runScriptAsRawText(ScriptEngine.java:119)
	at com.kms.katalon.core.main.TestCaseExecutor.runScript(TestCaseExecutor.java:398)
	at com.kms.katalon.core.main.TestCaseExecutor.doExecute(TestCaseExecutor.java:389)
	at com.kms.katalon.core.main.TestCaseExecutor.processExecutionPhase(TestCaseExecutor.java:368)
	at com.kms.katalon.core.main.TestCaseExecutor.accessMainPhase(TestCaseExecutor.java:360)
	at com.kms.katalon.core.main.TestCaseExecutor.execute(TestCaseExecutor.java:255)
	at com.kms.katalon.core.main.TestSuiteExecutor.accessTestCaseMainPhase(TestSuiteExecutor.java:203)
	at com.kms.katalon.core.main.TestSuiteExecutor.accessTestSuiteMainPhase(TestSuiteExecutor.java:152)
	at com.kms.katalon.core.main.TestSuiteExecutor.execute(TestSuiteExecutor.java:95)
	at com.kms.katalon.core.main.TestCaseMain.startTestSuite(TestCaseMain.java:157)
	at com.kms.katalon.core.main.TestCaseMain$startTestSuite$0.call(Unknown Source)
	at TempTestSuite1622220811607.run(TempTestSuite1622220811607.groovy:39)
Caused by: com.kms.katalon.core.webui.exception.WebElementNotFoundException: Web element with id: 'Object Repository/1712612_Mattermost Object/Page_test pin message - Test 1712612 Mattermost/button_Pin to Channel' located by '//li[@id='pin_post_brb8z9fihidfmxns5kwing6pqo']/button' not found
	at com.kms.katalon.core.webui.common.WebUiCommonHelper.findWebElement(WebUiCommonHelper.java:1368)
	at com.kms.katalon.core.webui.keyword.internal.WebUIAbstractKeyword.findWebElement(WebUIAbstractKeyword.groovy:27)
	at com.kms.katalon.core.webui.keyword.internal.WebUIAbstractKeyword.findWebElement(WebUIAbstractKeyword.groovy:26)
	at com.kms.katalon.core.webui.keyword.builtin.ClickKeyword$_click_closure1.doCall(ClickKeyword.groovy:66)
	at com.kms.katalon.core.webui.keyword.builtin.ClickKeyword$_click_closure1.call(ClickKeyword.groovy)
	at com.kms.katalon.core.webui.keyword.internal.WebUIKeywordMain.runKeyword(WebUIKeywordMain.groovy:20)
	... 19 more
"/>
         <system-out><![CDATA[2021-05-29 00:13:26 - [TEST_CASE][FAILED] - Test Cases/1712612/TC27_PinMessageInPrivateChannel: Test Cases/1712612/TC27_PinMessageInPrivateChannel FAILED.
Reason:
com.kms.katalon.core.exception.StepFailedException: Unable to click on object 'Object Repository/1712612_Mattermost Object/Page_test pin message - Test 1712612 Mattermost/button_Pin to Channel'
	at com.kms.katalon.core.webui.keyword.internal.WebUIKeywordMain.stepFailed(WebUIKeywordMain.groovy:64)
	at com.kms.katalon.core.webui.keyword.internal.WebUIKeywordMain.runKeyword(WebUIKeywordMain.groovy:26)
	at com.kms.katalon.core.webui.keyword.builtin.ClickKeyword.click(ClickKeyword.groovy:75)
	at com.kms.katalon.core.webui.keyword.builtin.ClickKeyword.execute(ClickKeyword.groovy:42)
	at com.kms.katalon.core.keyword.internal.KeywordExecutor.executeKeywordForPlatform(KeywordExecutor.groovy:73)
	at com.kms.katalon.core.webui.keyword.WebUiBuiltInKeywords.click(WebUiBuiltInKeywords.groovy:619)
	at com.kms.katalon.core.webui.keyword.WebUiBuiltInKeywords$click$3.call(Unknown Source)
	at TC27_PinMessageInPrivateChannel.run(TC27_PinMessageInPrivateChannel:28)
	at com.kms.katalon.core.main.ScriptEngine.run(ScriptEngine.java:194)
	at com.kms.katalon.core.main.ScriptEngine.runScriptAsRawText(ScriptEngine.java:119)
	at com.kms.katalon.core.main.TestCaseExecutor.runScript(TestCaseExecutor.java:398)
	at com.kms.katalon.core.main.TestCaseExecutor.doExecute(TestCaseExecutor.java:389)
	at com.kms.katalon.core.main.TestCaseExecutor.processExecutionPhase(TestCaseExecutor.java:368)
	at com.kms.katalon.core.main.TestCaseExecutor.accessMainPhase(TestCaseExecutor.java:360)
	at com.kms.katalon.core.main.TestCaseExecutor.execute(TestCaseExecutor.java:255)
	at com.kms.katalon.core.main.TestSuiteExecutor.accessTestCaseMainPhase(TestSuiteExecutor.java:203)
	at com.kms.katalon.core.main.TestSuiteExecutor.accessTestSuiteMainPhase(TestSuiteExecutor.java:152)
	at com.kms.katalon.core.main.TestSuiteExecutor.execute(TestSuiteExecutor.java:95)
	at com.kms.katalon.core.main.TestCaseMain.startTestSuite(TestCaseMain.java:157)
	at com.kms.katalon.core.main.TestCaseMain$startTestSuite$0.call(Unknown Source)
	at TempTestSuite1622220811607.run(TempTestSuite1622220811607.groovy:39)
Caused by: com.kms.katalon.core.webui.exception.WebElementNotFoundException: Web element with id: 'Object Repository/1712612_Mattermost Object/Page_test pin message - Test 1712612 Mattermost/button_Pin to Channel' located by '//li[@id='pin_post_brb8z9fihidfmxns5kwing6pqo']/button' not found
	at com.kms.katalon.core.webui.common.WebUiCommonHelper.findWebElement(WebUiCommonHelper.java:1368)
	at com.kms.katalon.core.webui.keyword.internal.WebUIAbstractKeyword.findWebElement(WebUIAbstractKeyword.groovy:27)
	at com.kms.katalon.core.webui.keyword.internal.WebUIAbstractKeyword.findWebElement(WebUIAbstractKeyword.groovy:26)
	at com.kms.katalon.core.webui.keyword.builtin.ClickKeyword$_click_closure1.doCall(ClickKeyword.groovy:66)
	at com.kms.katalon.core.webui.keyword.builtin.ClickKeyword$_click_closure1.call(ClickKeyword.groovy)
	at com.kms.katalon.core.webui.keyword.internal.WebUIKeywordMain.runKeyword(WebUIKeywordMain.groovy:20)
	... 19 more


2021-05-29 00:13:26 - [TEST_STEP][PASSED] - callTestCase(findTestCase("1712612/CommonTC/TC_OpenPage"), [:], STOP_ON_FAILURE): Call Test Case 'Test Cases/1712612/CommonTC/TC_OpenPage' successfully

2021-05-29 00:13:26 - [TEST_CASE][PASSED] - Test Cases/1712612/CommonTC/TC_OpenPage: Test Cases/1712612/CommonTC/TC_OpenPage

2021-05-29 00:13:26 - [TEST_STEP][PASSED] - openBrowser(""): Browser is opened with url: ''

2021-05-29 00:13:26 - [MESSAGE][WARNING] - A browser is already opened. Closing browser and opening a new one

2021-05-29 00:13:28 - [MESSAGE][INFO] - Starting 'Chrome' driver

2021-05-29 00:13:28 - [MESSAGE][INFO] - Action delay is set to 0 milliseconds

2021-05-29 00:13:29 - [MESSAGE][PASSED] - Browser is opened with url: ''

2021-05-29 00:13:29 - [TEST_STEP][PASSED] - navigateToUrl("https://mattermostwebapp.herokuapp.com/login"): Navigate to 'https://mattermostwebapp.herokuapp.com/login' successfully

2021-05-29 00:13:33 - [MESSAGE][PASSED] - Navigate to 'https://mattermostwebapp.herokuapp.com/login' successfully

2021-05-29 00:13:33 - [MESSAGE][PASSED] - Call Test Case 'Test Cases/1712612/CommonTC/TC_OpenPage' successfully

2021-05-29 00:13:33 - [TEST_STEP][PASSED] - callTestCase(findTestCase("1712612/CommonTC/TC_Login"), [:], STOP_ON_FAILURE): Call Test Case 'Test Cases/1712612/CommonTC/TC_Login' successfully

2021-05-29 00:13:33 - [TEST_CASE][PASSED] - Test Cases/1712612/CommonTC/TC_Login: Test Cases/1712612/CommonTC/TC_Login

2021-05-29 00:13:33 - [TEST_STEP][PASSED] - verifyElementVisible(findTestObject("Object Repository/1712612_Mattermost Object/Page_Mattermost/input_login_username"), STOP_ON_FAILURE): Object 'Object Repository/1712612_Mattermost Object/Page_Mattermost/input_login_username' is visible

2021-05-29 00:13:38 - [MESSAGE][PASSED] - Object 'Object Repository/1712612_Mattermost Object/Page_Mattermost/input_login_username' is visible

2021-05-29 00:13:38 - [TEST_STEP][PASSED] - verifyElementVisible(findTestObject("Object Repository/1712612_Mattermost Object/Page_Mattermost/input_login_password"), STOP_ON_FAILURE): Object 'Object Repository/1712612_Mattermost Object/Page_Mattermost/input_login_password' is visible

2021-05-29 00:13:38 - [MESSAGE][PASSED] - Object 'Object Repository/1712612_Mattermost Object/Page_Mattermost/input_login_password' is visible

2021-05-29 00:13:38 - [TEST_STEP][PASSED] - setText(findTestObject("Object Repository/1712612_Mattermost Object/Page_Mattermost/input_login_username"), "nghi_tran"): Text 'nghi_tran' is set on object 'Object Repository/1712612_Mattermost Object/Page_Mattermost/input_login_username'

2021-05-29 00:13:39 - [MESSAGE][PASSED] - Text 'nghi_tran' is set on object 'Object Repository/1712612_Mattermost Object/Page_Mattermost/input_login_username'

2021-05-29 00:13:39 - [TEST_STEP][PASSED] - setEncryptedText(findTestObject("Object Repository/1712612_Mattermost Object/Page_Mattermost/input_login_password"), "KBlHou+hFmnFUOUwxwboiw=="): Text ****** has been set on object 'Object Repository/1712612_Mattermost Object/Page_Mattermost/input_login_password'

2021-05-29 00:13:40 - [MESSAGE][PASSED] - Text ****** has been set on object 'Object Repository/1712612_Mattermost Object/Page_Mattermost/input_login_password'

2021-05-29 00:13:40 - [TEST_STEP][PASSED] - click(findTestObject("Object Repository/1712612_Mattermost Object/Page_Mattermost/button_Sign in")): Object: 'Object Repository/1712612_Mattermost Object/Page_Mattermost/button_Sign in' is clicked on

2021-05-29 00:13:40 - [MESSAGE][PASSED] - Object: 'Object Repository/1712612_Mattermost Object/Page_Mattermost/button_Sign in' is clicked on

2021-05-29 00:13:40 - [TEST_STEP][PASSED] - verifyElementVisible(findTestObject("Object Repository/1712612_Mattermost Object/Page_Town Square - another Mattermost/img__Avatar Avatar-lg"), STOP_ON_FAILURE): Object 'Object Repository/1712612_Mattermost Object/Page_Town Square - another Mattermost/img__Avatar Avatar-lg' is visible

2021-05-29 00:13:44 - [MESSAGE][PASSED] - Object 'Object Repository/1712612_Mattermost Object/Page_Town Square - another Mattermost/img__Avatar Avatar-lg' is visible

2021-05-29 00:13:44 - [MESSAGE][PASSED] - Call Test Case 'Test Cases/1712612/CommonTC/TC_Login' successfully

2021-05-29 00:13:44 - [TEST_STEP][PASSED] - navigateToUrl("https://mattermostwebapp.herokuapp.com/test-1712612/channels/test-pin-message"): Navigate to 'https://mattermostwebapp.herokuapp.com/test-1712612/channels/test-pin-message' successfully

2021-05-29 00:13:45 - [MESSAGE][PASSED] - Navigate to 'https://mattermostwebapp.herokuapp.com/test-1712612/channels/test-pin-message' successfully

2021-05-29 00:13:45 - [TEST_STEP][PASSED] - click(findTestObject("Object Repository/1712612_Mattermost Object/Page_test pin message - Test 1712612 Mattermost/button_nghi_tran_CENTER_button_brb8z9fihidf_f663c2")): Object: 'Object Repository/1712612_Mattermost Object/Page_test pin message - Test 1712612 Mattermost/button_nghi_tran_CENTER_button_brb8z9fihidf_f663c2' is clicked on

2021-05-29 00:14:16 - [MESSAGE][INFO] - Unable to find the element located by 'By.xpath: //button[@id='CENTER_button_brb8z9fihidfmxns5kwing6pqo']'. Please recheck the objects properties to make sure the desired element is located. 

2021-05-29 00:14:16 - [MESSAGE][WARNING] - [SELF-HEALING] Failed to find element with id 'Object Repository/1712612_Mattermost Object/Page_test pin message - Test 1712612 Mattermost/button_nghi_tran_CENTER_button_brb8z9fihidf_f663c2'. Try using Self-healing.

2021-05-29 00:14:16 - [MESSAGE][ERROR] - [SELF-HEALING] com.google.gson.stream.MalformedJsonException: Expected ':' at line 75 column 10 path $.brokenTestObjects[7].<<<<<<<

2021-05-29 00:14:16 - [MESSAGE][INFO] - [SELF-HEALING] Failed Locator: '//button[@id='CENTER_button_brb8z9fihidfmxns5kwing6pqo']'.

2021-05-29 00:14:16 - [MESSAGE][INFO] - [SELF-HEALING] Failed Locator: '//div[@id='post_brb8z9fihidfmxns5kwing6pqo']/div/div[2]/div/div[2]/div/div[2]/div/button'.

2021-05-29 00:14:17 - [MESSAGE][INFO] - [SELF-HEALING] Working Locator: '(.//*[normalize-space(text()) and normalize-space(.)='nghi_tran'])[1]/following::button[1]'.

2021-05-29 00:14:17 - [MESSAGE][INFO] - [SELF-HEALING] Screenshot: C:/Users/phuc/git/Mattermost_AutoTesting/Reports/Self-healing/Object Repository/1712612_Mattermost Object/Page_test pin message - Test 1712612 Mattermost/button_nghi_tran_CENTER_button_brb8z9fihidf_f663c2_neighbor.png

2021-05-29 00:14:17 - [MESSAGE][ERROR] - [SELF-HEALING] com.google.gson.stream.MalformedJsonException: Expected ':' at line 75 column 10 path $.brokenTestObjects[7].<<<<<<<

2021-05-29 00:14:17 - [MESSAGE][ERROR] - [SELF-HEALING] C:\Users\phuc\git\Mattermost_AutoTesting\Reports\Self-healing\broken-test-objects.json does not exist or is provided by Self-healing Plugin!

2021-05-29 00:14:17 - [MESSAGE][WARNING] - [SELF-HEALING] The current locator of test object 'Object Repository/1712612_Mattermost Object/Page_test pin message - Test 1712612 Mattermost/button_nghi_tran_CENTER_button_brb8z9fihidf_f663c2' was broken. Propose an alternative one: '(.//*[normalize-space(text()) and normalize-space(.)='nghi_tran'])[1]/following::button[1]'.

2021-05-29 00:14:17 - [MESSAGE][PASSED] - Object: 'Object Repository/1712612_Mattermost Object/Page_test pin message - Test 1712612 Mattermost/button_nghi_tran_CENTER_button_brb8z9fihidf_f663c2' is clicked on

2021-05-29 00:14:17 - [TEST_STEP][FAILED] - click(findTestObject("Object Repository/1712612_Mattermost Object/Page_test pin message - Test 1712612 Mattermost/button_Pin to Channel")): Unable to click on object 'Object Repository/1712612_Mattermost Object/Page_test pin message - Test 1712612 Mattermost/button_Pin to Channel' (Root cause: com.kms.katalon.core.exception.StepFailedException: Unable to click on object 'Object Repository/1712612_Mattermost Object/Page_test pin message - Test 1712612 Mattermost/button_Pin to Channel'
	at com.kms.katalon.core.webui.keyword.internal.WebUIKeywordMain.stepFailed(WebUIKeywordMain.groovy:64)
	at com.kms.katalon.core.webui.keyword.internal.WebUIKeywordMain.runKeyword(WebUIKeywordMain.groovy:26)
	at com.kms.katalon.core.webui.keyword.builtin.ClickKeyword.click(ClickKeyword.groovy:75)
	at com.kms.katalon.core.webui.keyword.builtin.ClickKeyword.execute(ClickKeyword.groovy:42)
	at com.kms.katalon.core.keyword.internal.KeywordExecutor.executeKeywordForPlatform(KeywordExecutor.groovy:73)
	at com.kms.katalon.core.webui.keyword.WebUiBuiltInKeywords.click(WebUiBuiltInKeywords.groovy:619)
	at com.kms.katalon.core.webui.keyword.WebUiBuiltInKeywords$click$3.call(Unknown Source)
	at TC27_PinMessageInPrivateChannel.run(TC27_PinMessageInPrivateChannel:28)
	at com.kms.katalon.core.main.ScriptEngine.run(ScriptEngine.java:194)
	at com.kms.katalon.core.main.ScriptEngine.runScriptAsRawText(ScriptEngine.java:119)
	at com.kms.katalon.core.main.TestCaseExecutor.runScript(TestCaseExecutor.java:398)
	at com.kms.katalon.core.main.TestCaseExecutor.doExecute(TestCaseExecutor.java:389)
	at com.kms.katalon.core.main.TestCaseExecutor.processExecutionPhase(TestCaseExecutor.java:368)
	at com.kms.katalon.core.main.TestCaseExecutor.accessMainPhase(TestCaseExecutor.java:360)
	at com.kms.katalon.core.main.TestCaseExecutor.execute(TestCaseExecutor.java:255)
	at com.kms.katalon.core.main.TestSuiteExecutor.accessTestCaseMainPhase(TestSuiteExecutor.java:203)
	at com.kms.katalon.core.main.TestSuiteExecutor.accessTestSuiteMainPhase(TestSuiteExecutor.java:152)
	at com.kms.katalon.core.main.TestSuiteExecutor.execute(TestSuiteExecutor.java:95)
	at com.kms.katalon.core.main.TestCaseMain.startTestSuite(TestCaseMain.java:157)
	at com.kms.katalon.core.main.TestCaseMain$startTestSuite$0.call(Unknown Source)
	at TempTestSuite1622220811607.run(TempTestSuite1622220811607.groovy:39)
Caused by: com.kms.katalon.core.webui.exception.WebElementNotFoundException: Web element with id: 'Object Repository/1712612_Mattermost Object/Page_test pin message - Test 1712612 Mattermost/button_Pin to Channel' located by '//li[@id='pin_post_brb8z9fihidfmxns5kwing6pqo']/button' not found
	at com.kms.katalon.core.webui.common.WebUiCommonHelper.findWebElement(WebUiCommonHelper.java:1368)
	at com.kms.katalon.core.webui.keyword.internal.WebUIAbstractKeyword.findWebElement(WebUIAbstractKeyword.groovy:27)
	at com.kms.katalon.core.webui.keyword.internal.WebUIAbstractKeyword.findWebElement(WebUIAbstractKeyword.groovy:26)
	at com.kms.katalon.core.webui.keyword.builtin.ClickKeyword$_click_closure1.doCall(ClickKeyword.groovy:66)
	at com.kms.katalon.core.webui.keyword.builtin.ClickKeyword$_click_closure1.call(ClickKeyword.groovy)
	at com.kms.katalon.core.webui.keyword.internal.WebUIKeywordMain.runKeyword(WebUIKeywordMain.groovy:20)
	at com.kms.katalon.core.webui.keyword.builtin.ClickKeyword.click(ClickKeyword.groovy:75)
	at com.kms.katalon.core.webui.keyword.builtin.ClickKeyword.execute(ClickKeyword.groovy:42)
	at com.kms.katalon.core.keyword.internal.KeywordExecutor.executeKeywordForPlatform(KeywordExecutor.groovy:73)
	at com.kms.katalon.core.webui.keyword.WebUiBuiltInKeywords.click(WebUiBuiltInKeywords.groovy:619)
	at com.kms.katalon.core.webui.keyword.WebUiBuiltInKeywords$click$3.call(Unknown Source)
	at Script1621658865761.run(Script1621658865761.groovy:28)
	... 13 more
)

2021-05-29 00:14:48 - [MESSAGE][INFO] - Unable to find the element located by 'By.xpath: //li[@id='pin_post_brb8z9fihidfmxns5kwing6pqo']/button'. Please recheck the objects properties to make sure the desired element is located. 

2021-05-29 00:14:48 - [MESSAGE][WARNING] - [SELF-HEALING] Failed to find element with id 'Object Repository/1712612_Mattermost Object/Page_test pin message - Test 1712612 Mattermost/button_Pin to Channel'. Try using Self-healing.

2021-05-29 00:14:48 - [MESSAGE][ERROR] - [SELF-HEALING] com.google.gson.stream.MalformedJsonException: Expected ':' at line 75 column 10 path $.brokenTestObjects[7].<<<<<<<

2021-05-29 00:14:49 - [MESSAGE][INFO] - [SELF-HEALING] Failed Locator: '//li[@id='pin_post_brb8z9fihidfmxns5kwing6pqo']/button'.

2021-05-29 00:14:49 - [MESSAGE][INFO] - [SELF-HEALING] Failed Locator: '(.//*[normalize-space(text()) and normalize-space(.)='Copy Link'])[1]/following::button[1]'.

2021-05-29 00:14:49 - [MESSAGE][INFO] - [SELF-HEALING] Failed Locator: '(.//*[normalize-space(text()) and normalize-space(.)='Mark as Unread'])[1]/following::button[2]'.

2021-05-29 00:14:49 - [MESSAGE][INFO] - [SELF-HEALING] Failed Locator: '(.//*[normalize-space(text()) and normalize-space(.)='Edit'])[1]/preceding::button[1]'.

2021-05-29 00:14:50 - [MESSAGE][INFO] - [SELF-HEALING] Failed Locator: '//li[4]/button'.

2021-05-29 00:14:51 - [MESSAGE][INFO] - Unable to find the element located by 'By.xpath: //*[(text() = 'Pin to Channel' or . = 'Pin to Channel')]'. Please recheck the objects properties to make sure the desired element is located. 

2021-05-29 00:14:52 - [MESSAGE][INFO] - Unable to find the element located by 'By.cssSelector: #pin_post_brb8z9fihidfmxns5kwing6pqo > button.style--none'. Please recheck the objects properties to make sure the desired element is located. 

2021-05-29 00:14:52 - [MESSAGE][FAILED] - Unable to click on object 'Object Repository/1712612_Mattermost Object/Page_test pin message - Test 1712612 Mattermost/button_Pin to Channel' (Root cause: com.kms.katalon.core.exception.StepFailedException: Unable to click on object 'Object Repository/1712612_Mattermost Object/Page_test pin message - Test 1712612 Mattermost/button_Pin to Channel'
	at com.kms.katalon.core.webui.keyword.internal.WebUIKeywordMain.stepFailed(WebUIKeywordMain.groovy:64)
	at com.kms.katalon.core.webui.keyword.internal.WebUIKeywordMain.runKeyword(WebUIKeywordMain.groovy:26)
	at com.kms.katalon.core.webui.keyword.builtin.ClickKeyword.click(ClickKeyword.groovy:75)
	at com.kms.katalon.core.webui.keyword.builtin.ClickKeyword.execute(ClickKeyword.groovy:42)
	at com.kms.katalon.core.keyword.internal.KeywordExecutor.executeKeywordForPlatform(KeywordExecutor.groovy:73)
	at com.kms.katalon.core.webui.keyword.WebUiBuiltInKeywords.click(WebUiBuiltInKeywords.groovy:619)
	at com.kms.katalon.core.webui.keyword.WebUiBuiltInKeywords$click$3.call(Unknown Source)
	at TC27_PinMessageInPrivateChannel.run(TC27_PinMessageInPrivateChannel:28)
	at com.kms.katalon.core.main.ScriptEngine.run(ScriptEngine.java:194)
	at com.kms.katalon.core.main.ScriptEngine.runScriptAsRawText(ScriptEngine.java:119)
	at com.kms.katalon.core.main.TestCaseExecutor.runScript(TestCaseExecutor.java:398)
	at com.kms.katalon.core.main.TestCaseExecutor.doExecute(TestCaseExecutor.java:389)
	at com.kms.katalon.core.main.TestCaseExecutor.processExecutionPhase(TestCaseExecutor.java:368)
	at com.kms.katalon.core.main.TestCaseExecutor.accessMainPhase(TestCaseExecutor.java:360)
	at com.kms.katalon.core.main.TestCaseExecutor.execute(TestCaseExecutor.java:255)
	at com.kms.katalon.core.main.TestSuiteExecutor.accessTestCaseMainPhase(TestSuiteExecutor.java:203)
	at com.kms.katalon.core.main.TestSuiteExecutor.accessTestSuiteMainPhase(TestSuiteExecutor.java:152)
	at com.kms.katalon.core.main.TestSuiteExecutor.execute(TestSuiteExecutor.java:95)
	at com.kms.katalon.core.main.TestCaseMain.startTestSuite(TestCaseMain.java:157)
	at com.kms.katalon.core.main.TestCaseMain$startTestSuite$0.call(Unknown Source)
	at TempTestSuite1622220811607.run(TempTestSuite1622220811607.groovy:39)
Caused by: com.kms.katalon.core.webui.exception.WebElementNotFoundException: Web element with id: 'Object Repository/1712612_Mattermost Object/Page_test pin message - Test 1712612 Mattermost/button_Pin to Channel' located by '//li[@id='pin_post_brb8z9fihidfmxns5kwing6pqo']/button' not found
	at com.kms.katalon.core.webui.common.WebUiCommonHelper.findWebElement(WebUiCommonHelper.java:1368)
	at com.kms.katalon.core.webui.keyword.internal.WebUIAbstractKeyword.findWebElement(WebUIAbstractKeyword.groovy:27)
	at com.kms.katalon.core.webui.keyword.internal.WebUIAbstractKeyword.findWebElement(WebUIAbstractKeyword.groovy:26)
	at com.kms.katalon.core.webui.keyword.builtin.ClickKeyword$_click_closure1.doCall(ClickKeyword.groovy:66)
	at com.kms.katalon.core.webui.keyword.builtin.ClickKeyword$_click_closure1.call(ClickKeyword.groovy)
	at com.kms.katalon.core.webui.keyword.internal.WebUIKeywordMain.runKeyword(WebUIKeywordMain.groovy:20)
	at com.kms.katalon.core.webui.keyword.builtin.ClickKeyword.click(ClickKeyword.groovy:75)
	at com.kms.katalon.core.webui.keyword.builtin.ClickKeyword.execute(ClickKeyword.groovy:42)
	at com.kms.katalon.core.keyword.internal.KeywordExecutor.executeKeywordForPlatform(KeywordExecutor.groovy:73)
	at com.kms.katalon.core.webui.keyword.WebUiBuiltInKeywords.click(WebUiBuiltInKeywords.groovy:619)
	at com.kms.katalon.core.webui.keyword.WebUiBuiltInKeywords$click$3.call(Unknown Source)
	at Script1621658865761.run(Script1621658865761.groovy:28)
	... 13 more
)
[[ATTACHMENT|C:\\Users\\phuc\\git\\Mattermost_AutoTesting\\Reports\\20210528_235331\\1712666\\Run_All_Test_Cases\\20210528_235331\\1622222092768.png]]]]></system-out>
         <system-err><![CDATA[2021-05-29 00:13:26 - [TEST_CASE][FAILED] - Test Cases/1712612/TC27_PinMessageInPrivateChannel: Test Cases/1712612/TC27_PinMessageInPrivateChannel FAILED.
Reason:
com.kms.katalon.core.exception.StepFailedException: Unable to click on object 'Object Repository/1712612_Mattermost Object/Page_test pin message - Test 1712612 Mattermost/button_Pin to Channel'
	at com.kms.katalon.core.webui.keyword.internal.WebUIKeywordMain.stepFailed(WebUIKeywordMain.groovy:64)
	at com.kms.katalon.core.webui.keyword.internal.WebUIKeywordMain.runKeyword(WebUIKeywordMain.groovy:26)
	at com.kms.katalon.core.webui.keyword.builtin.ClickKeyword.click(ClickKeyword.groovy:75)
	at com.kms.katalon.core.webui.keyword.builtin.ClickKeyword.execute(ClickKeyword.groovy:42)
	at com.kms.katalon.core.keyword.internal.KeywordExecutor.executeKeywordForPlatform(KeywordExecutor.groovy:73)
	at com.kms.katalon.core.webui.keyword.WebUiBuiltInKeywords.click(WebUiBuiltInKeywords.groovy:619)
	at com.kms.katalon.core.webui.keyword.WebUiBuiltInKeywords$click$3.call(Unknown Source)
	at TC27_PinMessageInPrivateChannel.run(TC27_PinMessageInPrivateChannel:28)
	at com.kms.katalon.core.main.ScriptEngine.run(ScriptEngine.java:194)
	at com.kms.katalon.core.main.ScriptEngine.runScriptAsRawText(ScriptEngine.java:119)
	at com.kms.katalon.core.main.TestCaseExecutor.runScript(TestCaseExecutor.java:398)
	at com.kms.katalon.core.main.TestCaseExecutor.doExecute(TestCaseExecutor.java:389)
	at com.kms.katalon.core.main.TestCaseExecutor.processExecutionPhase(TestCaseExecutor.java:368)
	at com.kms.katalon.core.main.TestCaseExecutor.accessMainPhase(TestCaseExecutor.java:360)
	at com.kms.katalon.core.main.TestCaseExecutor.execute(TestCaseExecutor.java:255)
	at com.kms.katalon.core.main.TestSuiteExecutor.accessTestCaseMainPhase(TestSuiteExecutor.java:203)
	at com.kms.katalon.core.main.TestSuiteExecutor.accessTestSuiteMainPhase(TestSuiteExecutor.java:152)
	at com.kms.katalon.core.main.TestSuiteExecutor.execute(TestSuiteExecutor.java:95)
	at com.kms.katalon.core.main.TestCaseMain.startTestSuite(TestCaseMain.java:157)
	at com.kms.katalon.core.main.TestCaseMain$startTestSuite$0.call(Unknown Source)
	at TempTestSuite1622220811607.run(TempTestSuite1622220811607.groovy:39)
Caused by: com.kms.katalon.core.webui.exception.WebElementNotFoundException: Web element with id: 'Object Repository/1712612_Mattermost Object/Page_test pin message - Test 1712612 Mattermost/button_Pin to Channel' located by '//li[@id='pin_post_brb8z9fihidfmxns5kwing6pqo']/button' not found
	at com.kms.katalon.core.webui.common.WebUiCommonHelper.findWebElement(WebUiCommonHelper.java:1368)
	at com.kms.katalon.core.webui.keyword.internal.WebUIAbstractKeyword.findWebElement(WebUIAbstractKeyword.groovy:27)
	at com.kms.katalon.core.webui.keyword.internal.WebUIAbstractKeyword.findWebElement(WebUIAbstractKeyword.groovy:26)
	at com.kms.katalon.core.webui.keyword.builtin.ClickKeyword$_click_closure1.doCall(ClickKeyword.groovy:66)
	at com.kms.katalon.core.webui.keyword.builtin.ClickKeyword$_click_closure1.call(ClickKeyword.groovy)
	at com.kms.katalon.core.webui.keyword.internal.WebUIKeywordMain.runKeyword(WebUIKeywordMain.groovy:20)
	... 19 more]]></system-err>
      </testcase>
      <testcase name="Test Cases/1712612/TC28_UnpinMessageInPublicChannel" time="85.842" classname="Test Cases/1712612/TC28_UnpinMessageInPublicChannel" status="FAILED">
         <failure type="FAILED" message="Test Cases/1712612/TC28_UnpinMessageInPublicChannel FAILED.
Reason:
com.kms.katalon.core.exception.StepFailedException: Call Test Case 'Test Cases/1712612/TC26_PinMessageInPublicChannel' failed
	at com.kms.katalon.core.keyword.builtin.CallTestCaseKeyword$_callTestCase_closure1.doCall(CallTestCaseKeyword.groovy:63)
	at com.kms.katalon.core.keyword.builtin.CallTestCaseKeyword$_callTestCase_closure1.call(CallTestCaseKeyword.groovy)
	at com.kms.katalon.core.keyword.internal.KeywordMain.runKeyword(KeywordMain.groovy:68)
	at com.kms.katalon.core.keyword.builtin.CallTestCaseKeyword.callTestCase(CallTestCaseKeyword.groovy:81)
	at com.kms.katalon.core.keyword.builtin.CallTestCaseKeyword.execute(CallTestCaseKeyword.groovy:44)
	at com.kms.katalon.core.keyword.internal.KeywordExecutor.executeKeywordForPlatform(KeywordExecutor.groovy:73)
	at com.kms.katalon.core.keyword.BuiltinKeywords.callTestCase(BuiltinKeywords.groovy:334)
	at TC28_UnpinMessageInPublicChannel.run(TC28_UnpinMessageInPublicChannel:20)
	at com.kms.katalon.core.main.ScriptEngine.run(ScriptEngine.java:194)
	at com.kms.katalon.core.main.ScriptEngine.runScriptAsRawText(ScriptEngine.java:119)
	at com.kms.katalon.core.main.TestCaseExecutor.runScript(TestCaseExecutor.java:398)
	at com.kms.katalon.core.main.TestCaseExecutor.doExecute(TestCaseExecutor.java:389)
	at com.kms.katalon.core.main.TestCaseExecutor.processExecutionPhase(TestCaseExecutor.java:368)
	at com.kms.katalon.core.main.TestCaseExecutor.accessMainPhase(TestCaseExecutor.java:360)
	at com.kms.katalon.core.main.TestCaseExecutor.execute(TestCaseExecutor.java:255)
	at com.kms.katalon.core.main.TestSuiteExecutor.accessTestCaseMainPhase(TestSuiteExecutor.java:203)
	at com.kms.katalon.core.main.TestSuiteExecutor.accessTestSuiteMainPhase(TestSuiteExecutor.java:152)
	at com.kms.katalon.core.main.TestSuiteExecutor.execute(TestSuiteExecutor.java:95)
	at com.kms.katalon.core.main.TestCaseMain.startTestSuite(TestCaseMain.java:157)
	at com.kms.katalon.core.main.TestCaseMain$startTestSuite$0.call(Unknown Source)
	at TempTestSuite1622220811607.run(TempTestSuite1622220811607.groovy:39)
Caused by: com.kms.katalon.core.exception.StepFailedException: Unable to click on object 'Object Repository/1712612_Mattermost Object/Page_Town Square - Test 1712612 Mattermost/button_Pin to Channel'
	at com.kms.katalon.core.webui.keyword.internal.WebUIKeywordMain.stepFailed(WebUIKeywordMain.groovy:64)
	at com.kms.katalon.core.webui.keyword.internal.WebUIKeywordMain.runKeyword(WebUIKeywordMain.groovy:26)
	at com.kms.katalon.core.webui.keyword.builtin.ClickKeyword.click(ClickKeyword.groovy:75)
	at com.kms.katalon.core.webui.keyword.builtin.ClickKeyword.execute(ClickKeyword.groovy:42)
	at com.kms.katalon.core.keyword.internal.KeywordExecutor.executeKeywordForPlatform(KeywordExecutor.groovy:73)
	at com.kms.katalon.core.webui.keyword.WebUiBuiltInKeywords.click(WebUiBuiltInKeywords.groovy:619)
	at com.kms.katalon.core.webui.keyword.WebUiBuiltInKeywords$click$3.call(Unknown Source)
	at TC26_PinMessageInPublicChannel.run(TC26_PinMessageInPublicChannel:28)
	at com.kms.katalon.core.main.ScriptEngine.run(ScriptEngine.java:194)
	at com.kms.katalon.core.main.ScriptEngine.runScriptAsRawText(ScriptEngine.java:119)
	at com.kms.katalon.core.main.TestCaseExecutor.runScript(TestCaseExecutor.java:398)
	at com.kms.katalon.core.main.TestCaseExecutor.doExecute(TestCaseExecutor.java:389)
	at com.kms.katalon.core.main.TestCaseExecutor.processExecutionPhase(TestCaseExecutor.java:368)
	at com.kms.katalon.core.main.TestCaseExecutor.accessMainPhase(TestCaseExecutor.java:360)
	at com.kms.katalon.core.main.TestCaseExecutor.execute(TestCaseExecutor.java:255)
	at com.kms.katalon.core.main.TestCaseMain.runTestCase(TestCaseMain.java:114)
	at com.kms.katalon.core.keyword.builtin.CallTestCaseKeyword$_callTestCase_closure1.doCall(CallTestCaseKeyword.groovy:59)
	... 20 more
Caused by: com.kms.katalon.core.webui.exception.WebElementNotFoundException: Web element with id: 'Object Repository/1712612_Mattermost Object/Page_Town Square - Test 1712612 Mattermost/button_Pin to Channel' located by '//li[@id='pin_post_y84p141g8fffugwo5wnkspdt1o']/button' not found
	at com.kms.katalon.core.webui.common.WebUiCommonHelper.findWebElement(WebUiCommonHelper.java:1368)
	at com.kms.katalon.core.webui.keyword.internal.WebUIAbstractKeyword.findWebElement(WebUIAbstractKeyword.groovy:27)
	at com.kms.katalon.core.webui.keyword.internal.WebUIAbstractKeyword.findWebElement(WebUIAbstractKeyword.groovy:26)
	at com.kms.katalon.core.webui.keyword.builtin.ClickKeyword$_click_closure1.doCall(ClickKeyword.groovy:66)
	at com.kms.katalon.core.webui.keyword.builtin.ClickKeyword$_click_closure1.call(ClickKeyword.groovy)
	at com.kms.katalon.core.webui.keyword.internal.WebUIKeywordMain.runKeyword(WebUIKeywordMain.groovy:20)
	... 35 more
"/>
         <system-out><![CDATA[2021-05-29 00:14:52 - [TEST_CASE][FAILED] - Test Cases/1712612/TC28_UnpinMessageInPublicChannel: Test Cases/1712612/TC28_UnpinMessageInPublicChannel FAILED.
Reason:
com.kms.katalon.core.exception.StepFailedException: Call Test Case 'Test Cases/1712612/TC26_PinMessageInPublicChannel' failed
	at com.kms.katalon.core.keyword.builtin.CallTestCaseKeyword$_callTestCase_closure1.doCall(CallTestCaseKeyword.groovy:63)
	at com.kms.katalon.core.keyword.builtin.CallTestCaseKeyword$_callTestCase_closure1.call(CallTestCaseKeyword.groovy)
	at com.kms.katalon.core.keyword.internal.KeywordMain.runKeyword(KeywordMain.groovy:68)
	at com.kms.katalon.core.keyword.builtin.CallTestCaseKeyword.callTestCase(CallTestCaseKeyword.groovy:81)
	at com.kms.katalon.core.keyword.builtin.CallTestCaseKeyword.execute(CallTestCaseKeyword.groovy:44)
	at com.kms.katalon.core.keyword.internal.KeywordExecutor.executeKeywordForPlatform(KeywordExecutor.groovy:73)
	at com.kms.katalon.core.keyword.BuiltinKeywords.callTestCase(BuiltinKeywords.groovy:334)
	at TC28_UnpinMessageInPublicChannel.run(TC28_UnpinMessageInPublicChannel:20)
	at com.kms.katalon.core.main.ScriptEngine.run(ScriptEngine.java:194)
	at com.kms.katalon.core.main.ScriptEngine.runScriptAsRawText(ScriptEngine.java:119)
	at com.kms.katalon.core.main.TestCaseExecutor.runScript(TestCaseExecutor.java:398)
	at com.kms.katalon.core.main.TestCaseExecutor.doExecute(TestCaseExecutor.java:389)
	at com.kms.katalon.core.main.TestCaseExecutor.processExecutionPhase(TestCaseExecutor.java:368)
	at com.kms.katalon.core.main.TestCaseExecutor.accessMainPhase(TestCaseExecutor.java:360)
	at com.kms.katalon.core.main.TestCaseExecutor.execute(TestCaseExecutor.java:255)
	at com.kms.katalon.core.main.TestSuiteExecutor.accessTestCaseMainPhase(TestSuiteExecutor.java:203)
	at com.kms.katalon.core.main.TestSuiteExecutor.accessTestSuiteMainPhase(TestSuiteExecutor.java:152)
	at com.kms.katalon.core.main.TestSuiteExecutor.execute(TestSuiteExecutor.java:95)
	at com.kms.katalon.core.main.TestCaseMain.startTestSuite(TestCaseMain.java:157)
	at com.kms.katalon.core.main.TestCaseMain$startTestSuite$0.call(Unknown Source)
	at TempTestSuite1622220811607.run(TempTestSuite1622220811607.groovy:39)
Caused by: com.kms.katalon.core.exception.StepFailedException: Unable to click on object 'Object Repository/1712612_Mattermost Object/Page_Town Square - Test 1712612 Mattermost/button_Pin to Channel'
	at com.kms.katalon.core.webui.keyword.internal.WebUIKeywordMain.stepFailed(WebUIKeywordMain.groovy:64)
	at com.kms.katalon.core.webui.keyword.internal.WebUIKeywordMain.runKeyword(WebUIKeywordMain.groovy:26)
	at com.kms.katalon.core.webui.keyword.builtin.ClickKeyword.click(ClickKeyword.groovy:75)
	at com.kms.katalon.core.webui.keyword.builtin.ClickKeyword.execute(ClickKeyword.groovy:42)
	at com.kms.katalon.core.keyword.internal.KeywordExecutor.executeKeywordForPlatform(KeywordExecutor.groovy:73)
	at com.kms.katalon.core.webui.keyword.WebUiBuiltInKeywords.click(WebUiBuiltInKeywords.groovy:619)
	at com.kms.katalon.core.webui.keyword.WebUiBuiltInKeywords$click$3.call(Unknown Source)
	at TC26_PinMessageInPublicChannel.run(TC26_PinMessageInPublicChannel:28)
	at com.kms.katalon.core.main.ScriptEngine.run(ScriptEngine.java:194)
	at com.kms.katalon.core.main.ScriptEngine.runScriptAsRawText(ScriptEngine.java:119)
	at com.kms.katalon.core.main.TestCaseExecutor.runScript(TestCaseExecutor.java:398)
	at com.kms.katalon.core.main.TestCaseExecutor.doExecute(TestCaseExecutor.java:389)
	at com.kms.katalon.core.main.TestCaseExecutor.processExecutionPhase(TestCaseExecutor.java:368)
	at com.kms.katalon.core.main.TestCaseExecutor.accessMainPhase(TestCaseExecutor.java:360)
	at com.kms.katalon.core.main.TestCaseExecutor.execute(TestCaseExecutor.java:255)
	at com.kms.katalon.core.main.TestCaseMain.runTestCase(TestCaseMain.java:114)
	at com.kms.katalon.core.keyword.builtin.CallTestCaseKeyword$_callTestCase_closure1.doCall(CallTestCaseKeyword.groovy:59)
	... 20 more
Caused by: com.kms.katalon.core.webui.exception.WebElementNotFoundException: Web element with id: 'Object Repository/1712612_Mattermost Object/Page_Town Square - Test 1712612 Mattermost/button_Pin to Channel' located by '//li[@id='pin_post_y84p141g8fffugwo5wnkspdt1o']/button' not found
	at com.kms.katalon.core.webui.common.WebUiCommonHelper.findWebElement(WebUiCommonHelper.java:1368)
	at com.kms.katalon.core.webui.keyword.internal.WebUIAbstractKeyword.findWebElement(WebUIAbstractKeyword.groovy:27)
	at com.kms.katalon.core.webui.keyword.internal.WebUIAbstractKeyword.findWebElement(WebUIAbstractKeyword.groovy:26)
	at com.kms.katalon.core.webui.keyword.builtin.ClickKeyword$_click_closure1.doCall(ClickKeyword.groovy:66)
	at com.kms.katalon.core.webui.keyword.builtin.ClickKeyword$_click_closure1.call(ClickKeyword.groovy)
	at com.kms.katalon.core.webui.keyword.internal.WebUIKeywordMain.runKeyword(WebUIKeywordMain.groovy:20)
	... 35 more


2021-05-29 00:14:53 - [TEST_STEP][FAILED] - callTestCase(findTestCase("1712612/TC26_PinMessageInPublicChannel"), [:], STOP_ON_FAILURE): Unable to call Test Case 'Test Cases/1712612/TC26_PinMessageInPublicChannel' (Root cause: com.kms.katalon.core.exception.StepFailedException: Call Test Case 'Test Cases/1712612/TC26_PinMessageInPublicChannel' failed
	at com.kms.katalon.core.keyword.builtin.CallTestCaseKeyword$_callTestCase_closure1.doCall(CallTestCaseKeyword.groovy:63)
	at com.kms.katalon.core.keyword.builtin.CallTestCaseKeyword$_callTestCase_closure1.call(CallTestCaseKeyword.groovy)
	at com.kms.katalon.core.keyword.internal.KeywordMain.runKeyword(KeywordMain.groovy:68)
	at com.kms.katalon.core.keyword.builtin.CallTestCaseKeyword.callTestCase(CallTestCaseKeyword.groovy:81)
	at com.kms.katalon.core.keyword.builtin.CallTestCaseKeyword.execute(CallTestCaseKeyword.groovy:44)
	at com.kms.katalon.core.keyword.internal.KeywordExecutor.executeKeywordForPlatform(KeywordExecutor.groovy:73)
	at com.kms.katalon.core.keyword.BuiltinKeywords.callTestCase(BuiltinKeywords.groovy:334)
	at TC28_UnpinMessageInPublicChannel.run(TC28_UnpinMessageInPublicChannel:20)
	at com.kms.katalon.core.main.ScriptEngine.run(ScriptEngine.java:194)
	at com.kms.katalon.core.main.ScriptEngine.runScriptAsRawText(ScriptEngine.java:119)
	at com.kms.katalon.core.main.TestCaseExecutor.runScript(TestCaseExecutor.java:398)
	at com.kms.katalon.core.main.TestCaseExecutor.doExecute(TestCaseExecutor.java:389)
	at com.kms.katalon.core.main.TestCaseExecutor.processExecutionPhase(TestCaseExecutor.java:368)
	at com.kms.katalon.core.main.TestCaseExecutor.accessMainPhase(TestCaseExecutor.java:360)
	at com.kms.katalon.core.main.TestCaseExecutor.execute(TestCaseExecutor.java:255)
	at com.kms.katalon.core.main.TestSuiteExecutor.accessTestCaseMainPhase(TestSuiteExecutor.java:203)
	at com.kms.katalon.core.main.TestSuiteExecutor.accessTestSuiteMainPhase(TestSuiteExecutor.java:152)
	at com.kms.katalon.core.main.TestSuiteExecutor.execute(TestSuiteExecutor.java:95)
	at com.kms.katalon.core.main.TestCaseMain.startTestSuite(TestCaseMain.java:157)
	at com.kms.katalon.core.main.TestCaseMain$startTestSuite$0.call(Unknown Source)
	at TempTestSuite1622220811607.run(TempTestSuite1622220811607.groovy:39)
Caused by: com.kms.katalon.core.exception.StepFailedException: Unable to click on object 'Object Repository/1712612_Mattermost Object/Page_Town Square - Test 1712612 Mattermost/button_Pin to Channel'
	at com.kms.katalon.core.webui.keyword.internal.WebUIKeywordMain.stepFailed(WebUIKeywordMain.groovy:64)
	at com.kms.katalon.core.webui.keyword.internal.WebUIKeywordMain.runKeyword(WebUIKeywordMain.groovy:26)
	at com.kms.katalon.core.webui.keyword.builtin.ClickKeyword.click(ClickKeyword.groovy:75)
	at com.kms.katalon.core.webui.keyword.builtin.ClickKeyword.execute(ClickKeyword.groovy:42)
	at com.kms.katalon.core.keyword.internal.KeywordExecutor.executeKeywordForPlatform(KeywordExecutor.groovy:73)
	at com.kms.katalon.core.webui.keyword.WebUiBuiltInKeywords.click(WebUiBuiltInKeywords.groovy:619)
	at com.kms.katalon.core.webui.keyword.WebUiBuiltInKeywords$click$3.call(Unknown Source)
	at TC26_PinMessageInPublicChannel.run(TC26_PinMessageInPublicChannel:28)
	at com.kms.katalon.core.main.ScriptEngine.run(ScriptEngine.java:194)
	at com.kms.katalon.core.main.ScriptEngine.runScriptAsRawText(ScriptEngine.java:119)
	at com.kms.katalon.core.main.TestCaseExecutor.runScript(TestCaseExecutor.java:398)
	at com.kms.katalon.core.main.TestCaseExecutor.doExecute(TestCaseExecutor.java:389)
	at com.kms.katalon.core.main.TestCaseExecutor.processExecutionPhase(TestCaseExecutor.java:368)
	at com.kms.katalon.core.main.TestCaseExecutor.accessMainPhase(TestCaseExecutor.java:360)
	at com.kms.katalon.core.main.TestCaseExecutor.execute(TestCaseExecutor.java:255)
	at com.kms.katalon.core.main.TestCaseMain.runTestCase(TestCaseMain.java:114)
	at com.kms.katalon.core.keyword.builtin.CallTestCaseKeyword$_callTestCase_closure1.doCall(CallTestCaseKeyword.groovy:59)
	... 20 more
Caused by: com.kms.katalon.core.webui.exception.WebElementNotFoundException: Web element with id: 'Object Repository/1712612_Mattermost Object/Page_Town Square - Test 1712612 Mattermost/button_Pin to Channel' located by '//li[@id='pin_post_y84p141g8fffugwo5wnkspdt1o']/button' not found
	at com.kms.katalon.core.webui.common.WebUiCommonHelper.findWebElement(WebUiCommonHelper.java:1368)
	at com.kms.katalon.core.webui.keyword.internal.WebUIAbstractKeyword.findWebElement(WebUIAbstractKeyword.groovy:27)
	at com.kms.katalon.core.webui.keyword.internal.WebUIAbstractKeyword.findWebElement(WebUIAbstractKeyword.groovy:26)
	at com.kms.katalon.core.webui.keyword.builtin.ClickKeyword$_click_closure1.doCall(ClickKeyword.groovy:66)
	at com.kms.katalon.core.webui.keyword.builtin.ClickKeyword$_click_closure1.call(ClickKeyword.groovy)
	at com.kms.katalon.core.webui.keyword.internal.WebUIKeywordMain.runKeyword(WebUIKeywordMain.groovy:20)
	... 35 more
)

2021-05-29 00:14:53 - [TEST_CASE][FAILED] - Test Cases/1712612/TC26_PinMessageInPublicChannel: Test Cases/1712612/TC26_PinMessageInPublicChannel FAILED.
Reason:
com.kms.katalon.core.exception.StepFailedException: Unable to click on object 'Object Repository/1712612_Mattermost Object/Page_Town Square - Test 1712612 Mattermost/button_Pin to Channel'
	at com.kms.katalon.core.webui.keyword.internal.WebUIKeywordMain.stepFailed(WebUIKeywordMain.groovy:64)
	at com.kms.katalon.core.webui.keyword.internal.WebUIKeywordMain.runKeyword(WebUIKeywordMain.groovy:26)
	at com.kms.katalon.core.webui.keyword.builtin.ClickKeyword.click(ClickKeyword.groovy:75)
	at com.kms.katalon.core.webui.keyword.builtin.ClickKeyword.execute(ClickKeyword.groovy:42)
	at com.kms.katalon.core.keyword.internal.KeywordExecutor.executeKeywordForPlatform(KeywordExecutor.groovy:73)
	at com.kms.katalon.core.webui.keyword.WebUiBuiltInKeywords.click(WebUiBuiltInKeywords.groovy:619)
	at com.kms.katalon.core.webui.keyword.WebUiBuiltInKeywords$click$3.call(Unknown Source)
	at TC26_PinMessageInPublicChannel.run(TC26_PinMessageInPublicChannel:28)
	at com.kms.katalon.core.main.ScriptEngine.run(ScriptEngine.java:194)
	at com.kms.katalon.core.main.ScriptEngine.runScriptAsRawText(ScriptEngine.java:119)
	at com.kms.katalon.core.main.TestCaseExecutor.runScript(TestCaseExecutor.java:398)
	at com.kms.katalon.core.main.TestCaseExecutor.doExecute(TestCaseExecutor.java:389)
	at com.kms.katalon.core.main.TestCaseExecutor.processExecutionPhase(TestCaseExecutor.java:368)
	at com.kms.katalon.core.main.TestCaseExecutor.accessMainPhase(TestCaseExecutor.java:360)
	at com.kms.katalon.core.main.TestCaseExecutor.execute(TestCaseExecutor.java:255)
	at com.kms.katalon.core.main.TestCaseMain.runTestCase(TestCaseMain.java:114)
	at com.kms.katalon.core.keyword.builtin.CallTestCaseKeyword$_callTestCase_closure1.doCall(CallTestCaseKeyword.groovy:59)
	at com.kms.katalon.core.keyword.builtin.CallTestCaseKeyword$_callTestCase_closure1.call(CallTestCaseKeyword.groovy)
	at com.kms.katalon.core.keyword.internal.KeywordMain.runKeyword(KeywordMain.groovy:68)
	at com.kms.katalon.core.keyword.builtin.CallTestCaseKeyword.callTestCase(CallTestCaseKeyword.groovy:81)
	at com.kms.katalon.core.keyword.builtin.CallTestCaseKeyword.execute(CallTestCaseKeyword.groovy:44)
	at com.kms.katalon.core.keyword.internal.KeywordExecutor.executeKeywordForPlatform(KeywordExecutor.groovy:73)
	at com.kms.katalon.core.keyword.BuiltinKeywords.callTestCase(BuiltinKeywords.groovy:334)
	at TC28_UnpinMessageInPublicChannel.run(TC28_UnpinMessageInPublicChannel:20)
	at com.kms.katalon.core.main.ScriptEngine.run(ScriptEngine.java:194)
	at com.kms.katalon.core.main.ScriptEngine.runScriptAsRawText(ScriptEngine.java:119)
	at com.kms.katalon.core.main.TestCaseExecutor.runScript(TestCaseExecutor.java:398)
	at com.kms.katalon.core.main.TestCaseExecutor.doExecute(TestCaseExecutor.java:389)
	at com.kms.katalon.core.main.TestCaseExecutor.processExecutionPhase(TestCaseExecutor.java:368)
	at com.kms.katalon.core.main.TestCaseExecutor.accessMainPhase(TestCaseExecutor.java:360)
	at com.kms.katalon.core.main.TestCaseExecutor.execute(TestCaseExecutor.java:255)
	at com.kms.katalon.core.main.TestSuiteExecutor.accessTestCaseMainPhase(TestSuiteExecutor.java:203)
	at com.kms.katalon.core.main.TestSuiteExecutor.accessTestSuiteMainPhase(TestSuiteExecutor.java:152)
	at com.kms.katalon.core.main.TestSuiteExecutor.execute(TestSuiteExecutor.java:95)
	at com.kms.katalon.core.main.TestCaseMain.startTestSuite(TestCaseMain.java:157)
	at com.kms.katalon.core.main.TestCaseMain$startTestSuite$0.call(Unknown Source)
	at TempTestSuite1622220811607.run(TempTestSuite1622220811607.groovy:39)
Caused by: com.kms.katalon.core.webui.exception.WebElementNotFoundException: Web element with id: 'Object Repository/1712612_Mattermost Object/Page_Town Square - Test 1712612 Mattermost/button_Pin to Channel' located by '//li[@id='pin_post_y84p141g8fffugwo5wnkspdt1o']/button' not found
	at com.kms.katalon.core.webui.common.WebUiCommonHelper.findWebElement(WebUiCommonHelper.java:1368)
	at com.kms.katalon.core.webui.keyword.internal.WebUIAbstractKeyword.findWebElement(WebUIAbstractKeyword.groovy:27)
	at com.kms.katalon.core.webui.keyword.internal.WebUIAbstractKeyword.findWebElement(WebUIAbstractKeyword.groovy:26)
	at com.kms.katalon.core.webui.keyword.builtin.ClickKeyword$_click_closure1.doCall(ClickKeyword.groovy:66)
	at com.kms.katalon.core.webui.keyword.builtin.ClickKeyword$_click_closure1.call(ClickKeyword.groovy)
	at com.kms.katalon.core.webui.keyword.internal.WebUIKeywordMain.runKeyword(WebUIKeywordMain.groovy:20)
	... 35 more


2021-05-29 00:14:53 - [TEST_STEP][PASSED] - callTestCase(findTestCase("1712612/CommonTC/TC_OpenPage"), [:], STOP_ON_FAILURE): Call Test Case 'Test Cases/1712612/CommonTC/TC_OpenPage' successfully

2021-05-29 00:14:53 - [TEST_CASE][PASSED] - Test Cases/1712612/CommonTC/TC_OpenPage: Test Cases/1712612/CommonTC/TC_OpenPage

2021-05-29 00:14:53 - [TEST_STEP][PASSED] - openBrowser(""): Browser is opened with url: ''

2021-05-29 00:14:53 - [MESSAGE][WARNING] - A browser is already opened. Closing browser and opening a new one

2021-05-29 00:14:54 - [MESSAGE][INFO] - Starting 'Chrome' driver

2021-05-29 00:14:54 - [MESSAGE][INFO] - Action delay is set to 0 milliseconds

2021-05-29 00:14:56 - [MESSAGE][PASSED] - Browser is opened with url: ''

2021-05-29 00:14:56 - [TEST_STEP][PASSED] - navigateToUrl("https://mattermostwebapp.herokuapp.com/login"): Navigate to 'https://mattermostwebapp.herokuapp.com/login' successfully

2021-05-29 00:14:59 - [MESSAGE][PASSED] - Navigate to 'https://mattermostwebapp.herokuapp.com/login' successfully

2021-05-29 00:14:59 - [MESSAGE][PASSED] - Call Test Case 'Test Cases/1712612/CommonTC/TC_OpenPage' successfully

2021-05-29 00:14:59 - [TEST_STEP][PASSED] - callTestCase(findTestCase("1712612/CommonTC/TC_Login"), [:], STOP_ON_FAILURE): Call Test Case 'Test Cases/1712612/CommonTC/TC_Login' successfully

2021-05-29 00:14:59 - [TEST_CASE][PASSED] - Test Cases/1712612/CommonTC/TC_Login: Test Cases/1712612/CommonTC/TC_Login

2021-05-29 00:14:59 - [TEST_STEP][PASSED] - verifyElementVisible(findTestObject("Object Repository/1712612_Mattermost Object/Page_Mattermost/input_login_username"), STOP_ON_FAILURE): Object 'Object Repository/1712612_Mattermost Object/Page_Mattermost/input_login_username' is visible

2021-05-29 00:15:04 - [MESSAGE][PASSED] - Object 'Object Repository/1712612_Mattermost Object/Page_Mattermost/input_login_username' is visible

2021-05-29 00:15:04 - [TEST_STEP][PASSED] - verifyElementVisible(findTestObject("Object Repository/1712612_Mattermost Object/Page_Mattermost/input_login_password"), STOP_ON_FAILURE): Object 'Object Repository/1712612_Mattermost Object/Page_Mattermost/input_login_password' is visible

2021-05-29 00:15:04 - [MESSAGE][PASSED] - Object 'Object Repository/1712612_Mattermost Object/Page_Mattermost/input_login_password' is visible

2021-05-29 00:15:04 - [TEST_STEP][PASSED] - setText(findTestObject("Object Repository/1712612_Mattermost Object/Page_Mattermost/input_login_username"), "nghi_tran"): Text 'nghi_tran' is set on object 'Object Repository/1712612_Mattermost Object/Page_Mattermost/input_login_username'

2021-05-29 00:15:05 - [MESSAGE][PASSED] - Text 'nghi_tran' is set on object 'Object Repository/1712612_Mattermost Object/Page_Mattermost/input_login_username'

2021-05-29 00:15:05 - [TEST_STEP][PASSED] - setEncryptedText(findTestObject("Object Repository/1712612_Mattermost Object/Page_Mattermost/input_login_password"), "KBlHou+hFmnFUOUwxwboiw=="): Text ****** has been set on object 'Object Repository/1712612_Mattermost Object/Page_Mattermost/input_login_password'

2021-05-29 00:15:06 - [MESSAGE][PASSED] - Text ****** has been set on object 'Object Repository/1712612_Mattermost Object/Page_Mattermost/input_login_password'

2021-05-29 00:15:06 - [TEST_STEP][PASSED] - click(findTestObject("Object Repository/1712612_Mattermost Object/Page_Mattermost/button_Sign in")): Object: 'Object Repository/1712612_Mattermost Object/Page_Mattermost/button_Sign in' is clicked on

2021-05-29 00:15:06 - [MESSAGE][PASSED] - Object: 'Object Repository/1712612_Mattermost Object/Page_Mattermost/button_Sign in' is clicked on

2021-05-29 00:15:06 - [TEST_STEP][PASSED] - verifyElementVisible(findTestObject("Object Repository/1712612_Mattermost Object/Page_Town Square - another Mattermost/img__Avatar Avatar-lg"), STOP_ON_FAILURE): Object 'Object Repository/1712612_Mattermost Object/Page_Town Square - another Mattermost/img__Avatar Avatar-lg' is visible

2021-05-29 00:15:10 - [MESSAGE][PASSED] - Object 'Object Repository/1712612_Mattermost Object/Page_Town Square - another Mattermost/img__Avatar Avatar-lg' is visible

2021-05-29 00:15:10 - [MESSAGE][PASSED] - Call Test Case 'Test Cases/1712612/CommonTC/TC_Login' successfully

2021-05-29 00:15:10 - [TEST_STEP][PASSED] - navigateToUrl("https://mattermostwebapp.herokuapp.com/test-1712612/channels/town-square"): Navigate to 'https://mattermostwebapp.herokuapp.com/test-1712612/channels/town-square' successfully

2021-05-29 00:15:11 - [MESSAGE][PASSED] - Navigate to 'https://mattermostwebapp.herokuapp.com/test-1712612/channels/town-square' successfully

2021-05-29 00:15:11 - [TEST_STEP][PASSED] - click(findTestObject("Object Repository/1712612_Mattermost Object/Page_Town Square - Test 1712612 Mattermost/button_nghi_tran_CENTER_button_y84p141g8fff_63d7c5")): Object: 'Object Repository/1712612_Mattermost Object/Page_Town Square - Test 1712612 Mattermost/button_nghi_tran_CENTER_button_y84p141g8fff_63d7c5' is clicked on

2021-05-29 00:15:42 - [MESSAGE][INFO] - Unable to find the element located by 'By.xpath: //button[@id='CENTER_button_y84p141g8fffugwo5wnkspdt1o']'. Please recheck the objects properties to make sure the desired element is located. 

2021-05-29 00:15:42 - [MESSAGE][WARNING] - [SELF-HEALING] Failed to find element with id 'Object Repository/1712612_Mattermost Object/Page_Town Square - Test 1712612 Mattermost/button_nghi_tran_CENTER_button_y84p141g8fff_63d7c5'. Try using Self-healing.

2021-05-29 00:15:42 - [MESSAGE][ERROR] - [SELF-HEALING] com.google.gson.stream.MalformedJsonException: Expected ':' at line 75 column 10 path $.brokenTestObjects[7].<<<<<<<

2021-05-29 00:15:42 - [MESSAGE][INFO] - [SELF-HEALING] Failed Locator: '//button[@id='CENTER_button_y84p141g8fffugwo5wnkspdt1o']'.

2021-05-29 00:15:42 - [MESSAGE][INFO] - [SELF-HEALING] Failed Locator: '//div[@id='post_y84p141g8fffugwo5wnkspdt1o']/div/div[2]/div/div[2]/div/div[2]/div/button'.

2021-05-29 00:15:43 - [MESSAGE][INFO] - [SELF-HEALING] Working Locator: '(.//*[normalize-space(text()) and normalize-space(.)='nghi_tran'])[1]/following::button[1]'.

2021-05-29 00:15:43 - [MESSAGE][INFO] - [SELF-HEALING] Screenshot: C:/Users/phuc/git/Mattermost_AutoTesting/Reports/Self-healing/Object Repository/1712612_Mattermost Object/Page_Town Square - Test 1712612 Mattermost/button_nghi_tran_CENTER_button_y84p141g8fff_63d7c5_neighbor.png

2021-05-29 00:15:43 - [MESSAGE][ERROR] - [SELF-HEALING] com.google.gson.stream.MalformedJsonException: Expected ':' at line 75 column 10 path $.brokenTestObjects[7].<<<<<<<

2021-05-29 00:15:43 - [MESSAGE][ERROR] - [SELF-HEALING] C:\Users\phuc\git\Mattermost_AutoTesting\Reports\Self-healing\broken-test-objects.json does not exist or is provided by Self-healing Plugin!

2021-05-29 00:15:43 - [MESSAGE][WARNING] - [SELF-HEALING] The current locator of test object 'Object Repository/1712612_Mattermost Object/Page_Town Square - Test 1712612 Mattermost/button_nghi_tran_CENTER_button_y84p141g8fff_63d7c5' was broken. Propose an alternative one: '(.//*[normalize-space(text()) and normalize-space(.)='nghi_tran'])[1]/following::button[1]'.

2021-05-29 00:15:43 - [MESSAGE][PASSED] - Object: 'Object Repository/1712612_Mattermost Object/Page_Town Square - Test 1712612 Mattermost/button_nghi_tran_CENTER_button_y84p141g8fff_63d7c5' is clicked on

2021-05-29 00:15:43 - [TEST_STEP][FAILED] - click(findTestObject("Object Repository/1712612_Mattermost Object/Page_Town Square - Test 1712612 Mattermost/button_Pin to Channel")): Unable to click on object 'Object Repository/1712612_Mattermost Object/Page_Town Square - Test 1712612 Mattermost/button_Pin to Channel' (Root cause: com.kms.katalon.core.exception.StepFailedException: Unable to click on object 'Object Repository/1712612_Mattermost Object/Page_Town Square - Test 1712612 Mattermost/button_Pin to Channel'
	at com.kms.katalon.core.webui.keyword.internal.WebUIKeywordMain.stepFailed(WebUIKeywordMain.groovy:64)
	at com.kms.katalon.core.webui.keyword.internal.WebUIKeywordMain.runKeyword(WebUIKeywordMain.groovy:26)
	at com.kms.katalon.core.webui.keyword.builtin.ClickKeyword.click(ClickKeyword.groovy:75)
	at com.kms.katalon.core.webui.keyword.builtin.ClickKeyword.execute(ClickKeyword.groovy:42)
	at com.kms.katalon.core.keyword.internal.KeywordExecutor.executeKeywordForPlatform(KeywordExecutor.groovy:73)
	at com.kms.katalon.core.webui.keyword.WebUiBuiltInKeywords.click(WebUiBuiltInKeywords.groovy:619)
	at com.kms.katalon.core.webui.keyword.WebUiBuiltInKeywords$click$3.call(Unknown Source)
	at TC26_PinMessageInPublicChannel.run(TC26_PinMessageInPublicChannel:28)
	at com.kms.katalon.core.main.ScriptEngine.run(ScriptEngine.java:194)
	at com.kms.katalon.core.main.ScriptEngine.runScriptAsRawText(ScriptEngine.java:119)
	at com.kms.katalon.core.main.TestCaseExecutor.runScript(TestCaseExecutor.java:398)
	at com.kms.katalon.core.main.TestCaseExecutor.doExecute(TestCaseExecutor.java:389)
	at com.kms.katalon.core.main.TestCaseExecutor.processExecutionPhase(TestCaseExecutor.java:368)
	at com.kms.katalon.core.main.TestCaseExecutor.accessMainPhase(TestCaseExecutor.java:360)
	at com.kms.katalon.core.main.TestCaseExecutor.execute(TestCaseExecutor.java:255)
	at com.kms.katalon.core.main.TestCaseMain.runTestCase(TestCaseMain.java:114)
	at com.kms.katalon.core.keyword.builtin.CallTestCaseKeyword$_callTestCase_closure1.doCall(CallTestCaseKeyword.groovy:59)
	at com.kms.katalon.core.keyword.builtin.CallTestCaseKeyword$_callTestCase_closure1.call(CallTestCaseKeyword.groovy)
	at com.kms.katalon.core.keyword.internal.KeywordMain.runKeyword(KeywordMain.groovy:68)
	at com.kms.katalon.core.keyword.builtin.CallTestCaseKeyword.callTestCase(CallTestCaseKeyword.groovy:81)
	at com.kms.katalon.core.keyword.builtin.CallTestCaseKeyword.execute(CallTestCaseKeyword.groovy:44)
	at com.kms.katalon.core.keyword.internal.KeywordExecutor.executeKeywordForPlatform(KeywordExecutor.groovy:73)
	at com.kms.katalon.core.keyword.BuiltinKeywords.callTestCase(BuiltinKeywords.groovy:334)
	at TC28_UnpinMessageInPublicChannel.run(TC28_UnpinMessageInPublicChannel:20)
	at com.kms.katalon.core.main.ScriptEngine.run(ScriptEngine.java:194)
	at com.kms.katalon.core.main.ScriptEngine.runScriptAsRawText(ScriptEngine.java:119)
	at com.kms.katalon.core.main.TestCaseExecutor.runScript(TestCaseExecutor.java:398)
	at com.kms.katalon.core.main.TestCaseExecutor.doExecute(TestCaseExecutor.java:389)
	at com.kms.katalon.core.main.TestCaseExecutor.processExecutionPhase(TestCaseExecutor.java:368)
	at com.kms.katalon.core.main.TestCaseExecutor.accessMainPhase(TestCaseExecutor.java:360)
	at com.kms.katalon.core.main.TestCaseExecutor.execute(TestCaseExecutor.java:255)
	at com.kms.katalon.core.main.TestSuiteExecutor.accessTestCaseMainPhase(TestSuiteExecutor.java:203)
	at com.kms.katalon.core.main.TestSuiteExecutor.accessTestSuiteMainPhase(TestSuiteExecutor.java:152)
	at com.kms.katalon.core.main.TestSuiteExecutor.execute(TestSuiteExecutor.java:95)
	at com.kms.katalon.core.main.TestCaseMain.startTestSuite(TestCaseMain.java:157)
	at com.kms.katalon.core.main.TestCaseMain$startTestSuite$0.call(Unknown Source)
	at TempTestSuite1622220811607.run(TempTestSuite1622220811607.groovy:39)
Caused by: com.kms.katalon.core.webui.exception.WebElementNotFoundException: Web element with id: 'Object Repository/1712612_Mattermost Object/Page_Town Square - Test 1712612 Mattermost/button_Pin to Channel' located by '//li[@id='pin_post_y84p141g8fffugwo5wnkspdt1o']/button' not found
	at com.kms.katalon.core.webui.common.WebUiCommonHelper.findWebElement(WebUiCommonHelper.java:1368)
	at com.kms.katalon.core.webui.keyword.internal.WebUIAbstractKeyword.findWebElement(WebUIAbstractKeyword.groovy:27)
	at com.kms.katalon.core.webui.keyword.internal.WebUIAbstractKeyword.findWebElement(WebUIAbstractKeyword.groovy:26)
	at com.kms.katalon.core.webui.keyword.builtin.ClickKeyword$_click_closure1.doCall(ClickKeyword.groovy:66)
	at com.kms.katalon.core.webui.keyword.builtin.ClickKeyword$_click_closure1.call(ClickKeyword.groovy)
	at com.kms.katalon.core.webui.keyword.internal.WebUIKeywordMain.runKeyword(WebUIKeywordMain.groovy:20)
	at com.kms.katalon.core.webui.keyword.builtin.ClickKeyword.click(ClickKeyword.groovy:75)
	at com.kms.katalon.core.webui.keyword.builtin.ClickKeyword.execute(ClickKeyword.groovy:42)
	at com.kms.katalon.core.keyword.internal.KeywordExecutor.executeKeywordForPlatform(KeywordExecutor.groovy:73)
	at com.kms.katalon.core.webui.keyword.WebUiBuiltInKeywords.click(WebUiBuiltInKeywords.groovy:619)
	at com.kms.katalon.core.webui.keyword.WebUiBuiltInKeywords$click$3.call(Unknown Source)
	at Script1621657586209.run(Script1621657586209.groovy:28)
	at com.kms.katalon.core.main.ScriptEngine.run(ScriptEngine.java:194)
	at com.kms.katalon.core.main.ScriptEngine.runScriptAsRawText(ScriptEngine.java:119)
	at com.kms.katalon.core.main.TestCaseExecutor.runScript(TestCaseExecutor.java:398)
	at com.kms.katalon.core.main.TestCaseExecutor.doExecute(TestCaseExecutor.java:389)
	at com.kms.katalon.core.main.TestCaseExecutor.processExecutionPhase(TestCaseExecutor.java:368)
	at com.kms.katalon.core.main.TestCaseExecutor.accessMainPhase(TestCaseExecutor.java:360)
	at com.kms.katalon.core.main.TestCaseExecutor.execute(TestCaseExecutor.java:255)
	at com.kms.katalon.core.main.TestCaseMain.runTestCase(TestCaseMain.java:114)
	at com.kms.katalon.core.keyword.builtin.CallTestCaseKeyword$_callTestCase_closure1.doCall(CallTestCaseKeyword.groovy:59)
	at com.kms.katalon.core.keyword.builtin.CallTestCaseKeyword$_callTestCase_closure1.call(CallTestCaseKeyword.groovy)
	at com.kms.katalon.core.keyword.internal.KeywordMain.runKeyword(KeywordMain.groovy:68)
	at com.kms.katalon.core.keyword.builtin.CallTestCaseKeyword.callTestCase(CallTestCaseKeyword.groovy:81)
	at com.kms.katalon.core.keyword.builtin.CallTestCaseKeyword.execute(CallTestCaseKeyword.groovy:44)
	at com.kms.katalon.core.keyword.internal.KeywordExecutor.executeKeywordForPlatform(KeywordExecutor.groovy:73)
	at com.kms.katalon.core.keyword.BuiltinKeywords.callTestCase(BuiltinKeywords.groovy:334)
	at Script1621659068522.run(Script1621659068522.groovy:20)
	... 13 more
)

2021-05-29 00:16:14 - [MESSAGE][INFO] - Unable to find the element located by 'By.xpath: //li[@id='pin_post_y84p141g8fffugwo5wnkspdt1o']/button'. Please recheck the objects properties to make sure the desired element is located. 

2021-05-29 00:16:14 - [MESSAGE][WARNING] - [SELF-HEALING] Failed to find element with id 'Object Repository/1712612_Mattermost Object/Page_Town Square - Test 1712612 Mattermost/button_Pin to Channel'. Try using Self-healing.

2021-05-29 00:16:14 - [MESSAGE][ERROR] - [SELF-HEALING] com.google.gson.stream.MalformedJsonException: Expected ':' at line 75 column 10 path $.brokenTestObjects[7].<<<<<<<

2021-05-29 00:16:14 - [MESSAGE][INFO] - [SELF-HEALING] Failed Locator: '//li[@id='pin_post_y84p141g8fffugwo5wnkspdt1o']/button'.

2021-05-29 00:16:15 - [MESSAGE][INFO] - [SELF-HEALING] Failed Locator: '(.//*[normalize-space(text()) and normalize-space(.)='Copy Link'])[1]/following::button[1]'.

2021-05-29 00:16:15 - [MESSAGE][INFO] - [SELF-HEALING] Failed Locator: '(.//*[normalize-space(text()) and normalize-space(.)='Mark as Unread'])[1]/following::button[2]'.

2021-05-29 00:16:15 - [MESSAGE][INFO] - [SELF-HEALING] Failed Locator: '(.//*[normalize-space(text()) and normalize-space(.)='Edit'])[1]/preceding::button[1]'.

2021-05-29 00:16:16 - [MESSAGE][INFO] - [SELF-HEALING] Failed Locator: '//li[4]/button'.

2021-05-29 00:16:17 - [MESSAGE][INFO] - Unable to find the element located by 'By.xpath: //*[(text() = 'Pin to Channel' or . = 'Pin to Channel')]'. Please recheck the objects properties to make sure the desired element is located. 

2021-05-29 00:16:18 - [MESSAGE][INFO] - Unable to find the element located by 'By.cssSelector: #pin_post_y84p141g8fffugwo5wnkspdt1o > button.style--none'. Please recheck the objects properties to make sure the desired element is located. 

2021-05-29 00:16:18 - [MESSAGE][FAILED] - Unable to click on object 'Object Repository/1712612_Mattermost Object/Page_Town Square - Test 1712612 Mattermost/button_Pin to Channel' (Root cause: com.kms.katalon.core.exception.StepFailedException: Unable to click on object 'Object Repository/1712612_Mattermost Object/Page_Town Square - Test 1712612 Mattermost/button_Pin to Channel'
	at com.kms.katalon.core.webui.keyword.internal.WebUIKeywordMain.stepFailed(WebUIKeywordMain.groovy:64)
	at com.kms.katalon.core.webui.keyword.internal.WebUIKeywordMain.runKeyword(WebUIKeywordMain.groovy:26)
	at com.kms.katalon.core.webui.keyword.builtin.ClickKeyword.click(ClickKeyword.groovy:75)
	at com.kms.katalon.core.webui.keyword.builtin.ClickKeyword.execute(ClickKeyword.groovy:42)
	at com.kms.katalon.core.keyword.internal.KeywordExecutor.executeKeywordForPlatform(KeywordExecutor.groovy:73)
	at com.kms.katalon.core.webui.keyword.WebUiBuiltInKeywords.click(WebUiBuiltInKeywords.groovy:619)
	at com.kms.katalon.core.webui.keyword.WebUiBuiltInKeywords$click$3.call(Unknown Source)
	at TC26_PinMessageInPublicChannel.run(TC26_PinMessageInPublicChannel:28)
	at com.kms.katalon.core.main.ScriptEngine.run(ScriptEngine.java:194)
	at com.kms.katalon.core.main.ScriptEngine.runScriptAsRawText(ScriptEngine.java:119)
	at com.kms.katalon.core.main.TestCaseExecutor.runScript(TestCaseExecutor.java:398)
	at com.kms.katalon.core.main.TestCaseExecutor.doExecute(TestCaseExecutor.java:389)
	at com.kms.katalon.core.main.TestCaseExecutor.processExecutionPhase(TestCaseExecutor.java:368)
	at com.kms.katalon.core.main.TestCaseExecutor.accessMainPhase(TestCaseExecutor.java:360)
	at com.kms.katalon.core.main.TestCaseExecutor.execute(TestCaseExecutor.java:255)
	at com.kms.katalon.core.main.TestCaseMain.runTestCase(TestCaseMain.java:114)
	at com.kms.katalon.core.keyword.builtin.CallTestCaseKeyword$_callTestCase_closure1.doCall(CallTestCaseKeyword.groovy:59)
	at com.kms.katalon.core.keyword.builtin.CallTestCaseKeyword$_callTestCase_closure1.call(CallTestCaseKeyword.groovy)
	at com.kms.katalon.core.keyword.internal.KeywordMain.runKeyword(KeywordMain.groovy:68)
	at com.kms.katalon.core.keyword.builtin.CallTestCaseKeyword.callTestCase(CallTestCaseKeyword.groovy:81)
	at com.kms.katalon.core.keyword.builtin.CallTestCaseKeyword.execute(CallTestCaseKeyword.groovy:44)
	at com.kms.katalon.core.keyword.internal.KeywordExecutor.executeKeywordForPlatform(KeywordExecutor.groovy:73)
	at com.kms.katalon.core.keyword.BuiltinKeywords.callTestCase(BuiltinKeywords.groovy:334)
	at TC28_UnpinMessageInPublicChannel.run(TC28_UnpinMessageInPublicChannel:20)
	at com.kms.katalon.core.main.ScriptEngine.run(ScriptEngine.java:194)
	at com.kms.katalon.core.main.ScriptEngine.runScriptAsRawText(ScriptEngine.java:119)
	at com.kms.katalon.core.main.TestCaseExecutor.runScript(TestCaseExecutor.java:398)
	at com.kms.katalon.core.main.TestCaseExecutor.doExecute(TestCaseExecutor.java:389)
	at com.kms.katalon.core.main.TestCaseExecutor.processExecutionPhase(TestCaseExecutor.java:368)
	at com.kms.katalon.core.main.TestCaseExecutor.accessMainPhase(TestCaseExecutor.java:360)
	at com.kms.katalon.core.main.TestCaseExecutor.execute(TestCaseExecutor.java:255)
	at com.kms.katalon.core.main.TestSuiteExecutor.accessTestCaseMainPhase(TestSuiteExecutor.java:203)
	at com.kms.katalon.core.main.TestSuiteExecutor.accessTestSuiteMainPhase(TestSuiteExecutor.java:152)
	at com.kms.katalon.core.main.TestSuiteExecutor.execute(TestSuiteExecutor.java:95)
	at com.kms.katalon.core.main.TestCaseMain.startTestSuite(TestCaseMain.java:157)
	at com.kms.katalon.core.main.TestCaseMain$startTestSuite$0.call(Unknown Source)
	at TempTestSuite1622220811607.run(TempTestSuite1622220811607.groovy:39)
Caused by: com.kms.katalon.core.webui.exception.WebElementNotFoundException: Web element with id: 'Object Repository/1712612_Mattermost Object/Page_Town Square - Test 1712612 Mattermost/button_Pin to Channel' located by '//li[@id='pin_post_y84p141g8fffugwo5wnkspdt1o']/button' not found
	at com.kms.katalon.core.webui.common.WebUiCommonHelper.findWebElement(WebUiCommonHelper.java:1368)
	at com.kms.katalon.core.webui.keyword.internal.WebUIAbstractKeyword.findWebElement(WebUIAbstractKeyword.groovy:27)
	at com.kms.katalon.core.webui.keyword.internal.WebUIAbstractKeyword.findWebElement(WebUIAbstractKeyword.groovy:26)
	at com.kms.katalon.core.webui.keyword.builtin.ClickKeyword$_click_closure1.doCall(ClickKeyword.groovy:66)
	at com.kms.katalon.core.webui.keyword.builtin.ClickKeyword$_click_closure1.call(ClickKeyword.groovy)
	at com.kms.katalon.core.webui.keyword.internal.WebUIKeywordMain.runKeyword(WebUIKeywordMain.groovy:20)
	at com.kms.katalon.core.webui.keyword.builtin.ClickKeyword.click(ClickKeyword.groovy:75)
	at com.kms.katalon.core.webui.keyword.builtin.ClickKeyword.execute(ClickKeyword.groovy:42)
	at com.kms.katalon.core.keyword.internal.KeywordExecutor.executeKeywordForPlatform(KeywordExecutor.groovy:73)
	at com.kms.katalon.core.webui.keyword.WebUiBuiltInKeywords.click(WebUiBuiltInKeywords.groovy:619)
	at com.kms.katalon.core.webui.keyword.WebUiBuiltInKeywords$click$3.call(Unknown Source)
	at Script1621657586209.run(Script1621657586209.groovy:28)
	at com.kms.katalon.core.main.ScriptEngine.run(ScriptEngine.java:194)
	at com.kms.katalon.core.main.ScriptEngine.runScriptAsRawText(ScriptEngine.java:119)
	at com.kms.katalon.core.main.TestCaseExecutor.runScript(TestCaseExecutor.java:398)
	at com.kms.katalon.core.main.TestCaseExecutor.doExecute(TestCaseExecutor.java:389)
	at com.kms.katalon.core.main.TestCaseExecutor.processExecutionPhase(TestCaseExecutor.java:368)
	at com.kms.katalon.core.main.TestCaseExecutor.accessMainPhase(TestCaseExecutor.java:360)
	at com.kms.katalon.core.main.TestCaseExecutor.execute(TestCaseExecutor.java:255)
	at com.kms.katalon.core.main.TestCaseMain.runTestCase(TestCaseMain.java:114)
	at com.kms.katalon.core.keyword.builtin.CallTestCaseKeyword$_callTestCase_closure1.doCall(CallTestCaseKeyword.groovy:59)
	at com.kms.katalon.core.keyword.builtin.CallTestCaseKeyword$_callTestCase_closure1.call(CallTestCaseKeyword.groovy)
	at com.kms.katalon.core.keyword.internal.KeywordMain.runKeyword(KeywordMain.groovy:68)
	at com.kms.katalon.core.keyword.builtin.CallTestCaseKeyword.callTestCase(CallTestCaseKeyword.groovy:81)
	at com.kms.katalon.core.keyword.builtin.CallTestCaseKeyword.execute(CallTestCaseKeyword.groovy:44)
	at com.kms.katalon.core.keyword.internal.KeywordExecutor.executeKeywordForPlatform(KeywordExecutor.groovy:73)
	at com.kms.katalon.core.keyword.BuiltinKeywords.callTestCase(BuiltinKeywords.groovy:334)
	at Script1621659068522.run(Script1621659068522.groovy:20)
	... 13 more
)
[[ATTACHMENT|C:\\Users\\phuc\\git\\Mattermost_AutoTesting\\Reports\\20210528_235331\\1712666\\Run_All_Test_Cases\\20210528_235331\\1622222178576.png]]

2021-05-29 00:16:18 - [MESSAGE][INFO] - 

2021-05-29 00:16:18 - [MESSAGE][INFO] - ===================== Self-healing Report ====================

2021-05-29 00:16:18 - [MESSAGE][INFO] - One of the failed test object locators has been recovered by Self-healing. Please refer to the Self-healing Insights tab for more details.

2021-05-29 00:16:18 - [MESSAGE][INFO] - To learn more about Self-healing, please read https://docs.katalon.com/katalon-studio/docs/self-healing.html

2021-05-29 00:16:18 - [MESSAGE][INFO] - ==============================================================

2021-05-29 00:16:18 - [MESSAGE][FAILED] - Unable to call Test Case 'Test Cases/1712612/TC26_PinMessageInPublicChannel' (Root cause: com.kms.katalon.core.exception.StepFailedException: Call Test Case 'Test Cases/1712612/TC26_PinMessageInPublicChannel' failed
	at com.kms.katalon.core.keyword.builtin.CallTestCaseKeyword$_callTestCase_closure1.doCall(CallTestCaseKeyword.groovy:63)
	at com.kms.katalon.core.keyword.builtin.CallTestCaseKeyword$_callTestCase_closure1.call(CallTestCaseKeyword.groovy)
	at com.kms.katalon.core.keyword.internal.KeywordMain.runKeyword(KeywordMain.groovy:68)
	at com.kms.katalon.core.keyword.builtin.CallTestCaseKeyword.callTestCase(CallTestCaseKeyword.groovy:81)
	at com.kms.katalon.core.keyword.builtin.CallTestCaseKeyword.execute(CallTestCaseKeyword.groovy:44)
	at com.kms.katalon.core.keyword.internal.KeywordExecutor.executeKeywordForPlatform(KeywordExecutor.groovy:73)
	at com.kms.katalon.core.keyword.BuiltinKeywords.callTestCase(BuiltinKeywords.groovy:334)
	at TC28_UnpinMessageInPublicChannel.run(TC28_UnpinMessageInPublicChannel:20)
	at com.kms.katalon.core.main.ScriptEngine.run(ScriptEngine.java:194)
	at com.kms.katalon.core.main.ScriptEngine.runScriptAsRawText(ScriptEngine.java:119)
	at com.kms.katalon.core.main.TestCaseExecutor.runScript(TestCaseExecutor.java:398)
	at com.kms.katalon.core.main.TestCaseExecutor.doExecute(TestCaseExecutor.java:389)
	at com.kms.katalon.core.main.TestCaseExecutor.processExecutionPhase(TestCaseExecutor.java:368)
	at com.kms.katalon.core.main.TestCaseExecutor.accessMainPhase(TestCaseExecutor.java:360)
	at com.kms.katalon.core.main.TestCaseExecutor.execute(TestCaseExecutor.java:255)
	at com.kms.katalon.core.main.TestSuiteExecutor.accessTestCaseMainPhase(TestSuiteExecutor.java:203)
	at com.kms.katalon.core.main.TestSuiteExecutor.accessTestSuiteMainPhase(TestSuiteExecutor.java:152)
	at com.kms.katalon.core.main.TestSuiteExecutor.execute(TestSuiteExecutor.java:95)
	at com.kms.katalon.core.main.TestCaseMain.startTestSuite(TestCaseMain.java:157)
	at com.kms.katalon.core.main.TestCaseMain$startTestSuite$0.call(Unknown Source)
	at TempTestSuite1622220811607.run(TempTestSuite1622220811607.groovy:39)
Caused by: com.kms.katalon.core.exception.StepFailedException: Unable to click on object 'Object Repository/1712612_Mattermost Object/Page_Town Square - Test 1712612 Mattermost/button_Pin to Channel'
	at com.kms.katalon.core.webui.keyword.internal.WebUIKeywordMain.stepFailed(WebUIKeywordMain.groovy:64)
	at com.kms.katalon.core.webui.keyword.internal.WebUIKeywordMain.runKeyword(WebUIKeywordMain.groovy:26)
	at com.kms.katalon.core.webui.keyword.builtin.ClickKeyword.click(ClickKeyword.groovy:75)
	at com.kms.katalon.core.webui.keyword.builtin.ClickKeyword.execute(ClickKeyword.groovy:42)
	at com.kms.katalon.core.keyword.internal.KeywordExecutor.executeKeywordForPlatform(KeywordExecutor.groovy:73)
	at com.kms.katalon.core.webui.keyword.WebUiBuiltInKeywords.click(WebUiBuiltInKeywords.groovy:619)
	at com.kms.katalon.core.webui.keyword.WebUiBuiltInKeywords$click$3.call(Unknown Source)
	at TC26_PinMessageInPublicChannel.run(TC26_PinMessageInPublicChannel:28)
	at com.kms.katalon.core.main.ScriptEngine.run(ScriptEngine.java:194)
	at com.kms.katalon.core.main.ScriptEngine.runScriptAsRawText(ScriptEngine.java:119)
	at com.kms.katalon.core.main.TestCaseExecutor.runScript(TestCaseExecutor.java:398)
	at com.kms.katalon.core.main.TestCaseExecutor.doExecute(TestCaseExecutor.java:389)
	at com.kms.katalon.core.main.TestCaseExecutor.processExecutionPhase(TestCaseExecutor.java:368)
	at com.kms.katalon.core.main.TestCaseExecutor.accessMainPhase(TestCaseExecutor.java:360)
	at com.kms.katalon.core.main.TestCaseExecutor.execute(TestCaseExecutor.java:255)
	at com.kms.katalon.core.main.TestCaseMain.runTestCase(TestCaseMain.java:114)
	at com.kms.katalon.core.keyword.builtin.CallTestCaseKeyword$_callTestCase_closure1.doCall(CallTestCaseKeyword.groovy:59)
	... 20 more
Caused by: com.kms.katalon.core.webui.exception.WebElementNotFoundException: Web element with id: 'Object Repository/1712612_Mattermost Object/Page_Town Square - Test 1712612 Mattermost/button_Pin to Channel' located by '//li[@id='pin_post_y84p141g8fffugwo5wnkspdt1o']/button' not found
	at com.kms.katalon.core.webui.common.WebUiCommonHelper.findWebElement(WebUiCommonHelper.java:1368)
	at com.kms.katalon.core.webui.keyword.internal.WebUIAbstractKeyword.findWebElement(WebUIAbstractKeyword.groovy:27)
	at com.kms.katalon.core.webui.keyword.internal.WebUIAbstractKeyword.findWebElement(WebUIAbstractKeyword.groovy:26)
	at com.kms.katalon.core.webui.keyword.builtin.ClickKeyword$_click_closure1.doCall(ClickKeyword.groovy:66)
	at com.kms.katalon.core.webui.keyword.builtin.ClickKeyword$_click_closure1.call(ClickKeyword.groovy)
	at com.kms.katalon.core.webui.keyword.internal.WebUIKeywordMain.runKeyword(WebUIKeywordMain.groovy:20)
	... 35 more
)]]></system-out>
         <system-err><![CDATA[2021-05-29 00:14:52 - [TEST_CASE][FAILED] - Test Cases/1712612/TC28_UnpinMessageInPublicChannel: Test Cases/1712612/TC28_UnpinMessageInPublicChannel FAILED.
Reason:
com.kms.katalon.core.exception.StepFailedException: Call Test Case 'Test Cases/1712612/TC26_PinMessageInPublicChannel' failed
	at com.kms.katalon.core.keyword.builtin.CallTestCaseKeyword$_callTestCase_closure1.doCall(CallTestCaseKeyword.groovy:63)
	at com.kms.katalon.core.keyword.builtin.CallTestCaseKeyword$_callTestCase_closure1.call(CallTestCaseKeyword.groovy)
	at com.kms.katalon.core.keyword.internal.KeywordMain.runKeyword(KeywordMain.groovy:68)
	at com.kms.katalon.core.keyword.builtin.CallTestCaseKeyword.callTestCase(CallTestCaseKeyword.groovy:81)
	at com.kms.katalon.core.keyword.builtin.CallTestCaseKeyword.execute(CallTestCaseKeyword.groovy:44)
	at com.kms.katalon.core.keyword.internal.KeywordExecutor.executeKeywordForPlatform(KeywordExecutor.groovy:73)
	at com.kms.katalon.core.keyword.BuiltinKeywords.callTestCase(BuiltinKeywords.groovy:334)
	at TC28_UnpinMessageInPublicChannel.run(TC28_UnpinMessageInPublicChannel:20)
	at com.kms.katalon.core.main.ScriptEngine.run(ScriptEngine.java:194)
	at com.kms.katalon.core.main.ScriptEngine.runScriptAsRawText(ScriptEngine.java:119)
	at com.kms.katalon.core.main.TestCaseExecutor.runScript(TestCaseExecutor.java:398)
	at com.kms.katalon.core.main.TestCaseExecutor.doExecute(TestCaseExecutor.java:389)
	at com.kms.katalon.core.main.TestCaseExecutor.processExecutionPhase(TestCaseExecutor.java:368)
	at com.kms.katalon.core.main.TestCaseExecutor.accessMainPhase(TestCaseExecutor.java:360)
	at com.kms.katalon.core.main.TestCaseExecutor.execute(TestCaseExecutor.java:255)
	at com.kms.katalon.core.main.TestSuiteExecutor.accessTestCaseMainPhase(TestSuiteExecutor.java:203)
	at com.kms.katalon.core.main.TestSuiteExecutor.accessTestSuiteMainPhase(TestSuiteExecutor.java:152)
	at com.kms.katalon.core.main.TestSuiteExecutor.execute(TestSuiteExecutor.java:95)
	at com.kms.katalon.core.main.TestCaseMain.startTestSuite(TestCaseMain.java:157)
	at com.kms.katalon.core.main.TestCaseMain$startTestSuite$0.call(Unknown Source)
	at TempTestSuite1622220811607.run(TempTestSuite1622220811607.groovy:39)
Caused by: com.kms.katalon.core.exception.StepFailedException: Unable to click on object 'Object Repository/1712612_Mattermost Object/Page_Town Square - Test 1712612 Mattermost/button_Pin to Channel'
	at com.kms.katalon.core.webui.keyword.internal.WebUIKeywordMain.stepFailed(WebUIKeywordMain.groovy:64)
	at com.kms.katalon.core.webui.keyword.internal.WebUIKeywordMain.runKeyword(WebUIKeywordMain.groovy:26)
	at com.kms.katalon.core.webui.keyword.builtin.ClickKeyword.click(ClickKeyword.groovy:75)
	at com.kms.katalon.core.webui.keyword.builtin.ClickKeyword.execute(ClickKeyword.groovy:42)
	at com.kms.katalon.core.keyword.internal.KeywordExecutor.executeKeywordForPlatform(KeywordExecutor.groovy:73)
	at com.kms.katalon.core.webui.keyword.WebUiBuiltInKeywords.click(WebUiBuiltInKeywords.groovy:619)
	at com.kms.katalon.core.webui.keyword.WebUiBuiltInKeywords$click$3.call(Unknown Source)
	at TC26_PinMessageInPublicChannel.run(TC26_PinMessageInPublicChannel:28)
	at com.kms.katalon.core.main.ScriptEngine.run(ScriptEngine.java:194)
	at com.kms.katalon.core.main.ScriptEngine.runScriptAsRawText(ScriptEngine.java:119)
	at com.kms.katalon.core.main.TestCaseExecutor.runScript(TestCaseExecutor.java:398)
	at com.kms.katalon.core.main.TestCaseExecutor.doExecute(TestCaseExecutor.java:389)
	at com.kms.katalon.core.main.TestCaseExecutor.processExecutionPhase(TestCaseExecutor.java:368)
	at com.kms.katalon.core.main.TestCaseExecutor.accessMainPhase(TestCaseExecutor.java:360)
	at com.kms.katalon.core.main.TestCaseExecutor.execute(TestCaseExecutor.java:255)
	at com.kms.katalon.core.main.TestCaseMain.runTestCase(TestCaseMain.java:114)
	at com.kms.katalon.core.keyword.builtin.CallTestCaseKeyword$_callTestCase_closure1.doCall(CallTestCaseKeyword.groovy:59)
	... 20 more
Caused by: com.kms.katalon.core.webui.exception.WebElementNotFoundException: Web element with id: 'Object Repository/1712612_Mattermost Object/Page_Town Square - Test 1712612 Mattermost/button_Pin to Channel' located by '//li[@id='pin_post_y84p141g8fffugwo5wnkspdt1o']/button' not found
	at com.kms.katalon.core.webui.common.WebUiCommonHelper.findWebElement(WebUiCommonHelper.java:1368)
	at com.kms.katalon.core.webui.keyword.internal.WebUIAbstractKeyword.findWebElement(WebUIAbstractKeyword.groovy:27)
	at com.kms.katalon.core.webui.keyword.internal.WebUIAbstractKeyword.findWebElement(WebUIAbstractKeyword.groovy:26)
	at com.kms.katalon.core.webui.keyword.builtin.ClickKeyword$_click_closure1.doCall(ClickKeyword.groovy:66)
	at com.kms.katalon.core.webui.keyword.builtin.ClickKeyword$_click_closure1.call(ClickKeyword.groovy)
	at com.kms.katalon.core.webui.keyword.internal.WebUIKeywordMain.runKeyword(WebUIKeywordMain.groovy:20)
	... 35 more]]></system-err>
      </testcase>
      <testcase name="Test Cases/1712612/TC29_UnpinMessageInPrivateChannel" time="87.636" classname="Test Cases/1712612/TC29_UnpinMessageInPrivateChannel" status="FAILED">
         <failure type="FAILED" message="Test Cases/1712612/TC29_UnpinMessageInPrivateChannel FAILED.
Reason:
com.kms.katalon.core.exception.StepFailedException: Call Test Case 'Test Cases/1712612/TC27_PinMessageInPrivateChannel' failed
	at com.kms.katalon.core.keyword.builtin.CallTestCaseKeyword$_callTestCase_closure1.doCall(CallTestCaseKeyword.groovy:63)
	at com.kms.katalon.core.keyword.builtin.CallTestCaseKeyword$_callTestCase_closure1.call(CallTestCaseKeyword.groovy)
	at com.kms.katalon.core.keyword.internal.KeywordMain.runKeyword(KeywordMain.groovy:68)
	at com.kms.katalon.core.keyword.builtin.CallTestCaseKeyword.callTestCase(CallTestCaseKeyword.groovy:81)
	at com.kms.katalon.core.keyword.builtin.CallTestCaseKeyword.execute(CallTestCaseKeyword.groovy:44)
	at com.kms.katalon.core.keyword.internal.KeywordExecutor.executeKeywordForPlatform(KeywordExecutor.groovy:73)
	at com.kms.katalon.core.keyword.BuiltinKeywords.callTestCase(BuiltinKeywords.groovy:334)
	at TC29_UnpinMessageInPrivateChannel.run(TC29_UnpinMessageInPrivateChannel:20)
	at com.kms.katalon.core.main.ScriptEngine.run(ScriptEngine.java:194)
	at com.kms.katalon.core.main.ScriptEngine.runScriptAsRawText(ScriptEngine.java:119)
	at com.kms.katalon.core.main.TestCaseExecutor.runScript(TestCaseExecutor.java:398)
	at com.kms.katalon.core.main.TestCaseExecutor.doExecute(TestCaseExecutor.java:389)
	at com.kms.katalon.core.main.TestCaseExecutor.processExecutionPhase(TestCaseExecutor.java:368)
	at com.kms.katalon.core.main.TestCaseExecutor.accessMainPhase(TestCaseExecutor.java:360)
	at com.kms.katalon.core.main.TestCaseExecutor.execute(TestCaseExecutor.java:255)
	at com.kms.katalon.core.main.TestSuiteExecutor.accessTestCaseMainPhase(TestSuiteExecutor.java:203)
	at com.kms.katalon.core.main.TestSuiteExecutor.accessTestSuiteMainPhase(TestSuiteExecutor.java:152)
	at com.kms.katalon.core.main.TestSuiteExecutor.execute(TestSuiteExecutor.java:95)
	at com.kms.katalon.core.main.TestCaseMain.startTestSuite(TestCaseMain.java:157)
	at com.kms.katalon.core.main.TestCaseMain$startTestSuite$0.call(Unknown Source)
	at TempTestSuite1622220811607.run(TempTestSuite1622220811607.groovy:39)
Caused by: com.kms.katalon.core.exception.StepFailedException: Unable to click on object 'Object Repository/1712612_Mattermost Object/Page_test pin message - Test 1712612 Mattermost/button_Pin to Channel'
	at com.kms.katalon.core.webui.keyword.internal.WebUIKeywordMain.stepFailed(WebUIKeywordMain.groovy:64)
	at com.kms.katalon.core.webui.keyword.internal.WebUIKeywordMain.runKeyword(WebUIKeywordMain.groovy:26)
	at com.kms.katalon.core.webui.keyword.builtin.ClickKeyword.click(ClickKeyword.groovy:75)
	at com.kms.katalon.core.webui.keyword.builtin.ClickKeyword.execute(ClickKeyword.groovy:42)
	at com.kms.katalon.core.keyword.internal.KeywordExecutor.executeKeywordForPlatform(KeywordExecutor.groovy:73)
	at com.kms.katalon.core.webui.keyword.WebUiBuiltInKeywords.click(WebUiBuiltInKeywords.groovy:619)
	at com.kms.katalon.core.webui.keyword.WebUiBuiltInKeywords$click$3.call(Unknown Source)
	at TC27_PinMessageInPrivateChannel.run(TC27_PinMessageInPrivateChannel:28)
	at com.kms.katalon.core.main.ScriptEngine.run(ScriptEngine.java:194)
	at com.kms.katalon.core.main.ScriptEngine.runScriptAsRawText(ScriptEngine.java:119)
	at com.kms.katalon.core.main.TestCaseExecutor.runScript(TestCaseExecutor.java:398)
	at com.kms.katalon.core.main.TestCaseExecutor.doExecute(TestCaseExecutor.java:389)
	at com.kms.katalon.core.main.TestCaseExecutor.processExecutionPhase(TestCaseExecutor.java:368)
	at com.kms.katalon.core.main.TestCaseExecutor.accessMainPhase(TestCaseExecutor.java:360)
	at com.kms.katalon.core.main.TestCaseExecutor.execute(TestCaseExecutor.java:255)
	at com.kms.katalon.core.main.TestCaseMain.runTestCase(TestCaseMain.java:114)
	at com.kms.katalon.core.keyword.builtin.CallTestCaseKeyword$_callTestCase_closure1.doCall(CallTestCaseKeyword.groovy:59)
	... 20 more
Caused by: com.kms.katalon.core.webui.exception.WebElementNotFoundException: Web element with id: 'Object Repository/1712612_Mattermost Object/Page_test pin message - Test 1712612 Mattermost/button_Pin to Channel' located by '//li[@id='pin_post_brb8z9fihidfmxns5kwing6pqo']/button' not found
	at com.kms.katalon.core.webui.common.WebUiCommonHelper.findWebElement(WebUiCommonHelper.java:1368)
	at com.kms.katalon.core.webui.keyword.internal.WebUIAbstractKeyword.findWebElement(WebUIAbstractKeyword.groovy:27)
	at com.kms.katalon.core.webui.keyword.internal.WebUIAbstractKeyword.findWebElement(WebUIAbstractKeyword.groovy:26)
	at com.kms.katalon.core.webui.keyword.builtin.ClickKeyword$_click_closure1.doCall(ClickKeyword.groovy:66)
	at com.kms.katalon.core.webui.keyword.builtin.ClickKeyword$_click_closure1.call(ClickKeyword.groovy)
	at com.kms.katalon.core.webui.keyword.internal.WebUIKeywordMain.runKeyword(WebUIKeywordMain.groovy:20)
	... 35 more
"/>
         <system-out><![CDATA[2021-05-29 00:16:18 - [TEST_CASE][FAILED] - Test Cases/1712612/TC29_UnpinMessageInPrivateChannel: Test Cases/1712612/TC29_UnpinMessageInPrivateChannel FAILED.
Reason:
com.kms.katalon.core.exception.StepFailedException: Call Test Case 'Test Cases/1712612/TC27_PinMessageInPrivateChannel' failed
	at com.kms.katalon.core.keyword.builtin.CallTestCaseKeyword$_callTestCase_closure1.doCall(CallTestCaseKeyword.groovy:63)
	at com.kms.katalon.core.keyword.builtin.CallTestCaseKeyword$_callTestCase_closure1.call(CallTestCaseKeyword.groovy)
	at com.kms.katalon.core.keyword.internal.KeywordMain.runKeyword(KeywordMain.groovy:68)
	at com.kms.katalon.core.keyword.builtin.CallTestCaseKeyword.callTestCase(CallTestCaseKeyword.groovy:81)
	at com.kms.katalon.core.keyword.builtin.CallTestCaseKeyword.execute(CallTestCaseKeyword.groovy:44)
	at com.kms.katalon.core.keyword.internal.KeywordExecutor.executeKeywordForPlatform(KeywordExecutor.groovy:73)
	at com.kms.katalon.core.keyword.BuiltinKeywords.callTestCase(BuiltinKeywords.groovy:334)
	at TC29_UnpinMessageInPrivateChannel.run(TC29_UnpinMessageInPrivateChannel:20)
	at com.kms.katalon.core.main.ScriptEngine.run(ScriptEngine.java:194)
	at com.kms.katalon.core.main.ScriptEngine.runScriptAsRawText(ScriptEngine.java:119)
	at com.kms.katalon.core.main.TestCaseExecutor.runScript(TestCaseExecutor.java:398)
	at com.kms.katalon.core.main.TestCaseExecutor.doExecute(TestCaseExecutor.java:389)
	at com.kms.katalon.core.main.TestCaseExecutor.processExecutionPhase(TestCaseExecutor.java:368)
	at com.kms.katalon.core.main.TestCaseExecutor.accessMainPhase(TestCaseExecutor.java:360)
	at com.kms.katalon.core.main.TestCaseExecutor.execute(TestCaseExecutor.java:255)
	at com.kms.katalon.core.main.TestSuiteExecutor.accessTestCaseMainPhase(TestSuiteExecutor.java:203)
	at com.kms.katalon.core.main.TestSuiteExecutor.accessTestSuiteMainPhase(TestSuiteExecutor.java:152)
	at com.kms.katalon.core.main.TestSuiteExecutor.execute(TestSuiteExecutor.java:95)
	at com.kms.katalon.core.main.TestCaseMain.startTestSuite(TestCaseMain.java:157)
	at com.kms.katalon.core.main.TestCaseMain$startTestSuite$0.call(Unknown Source)
	at TempTestSuite1622220811607.run(TempTestSuite1622220811607.groovy:39)
Caused by: com.kms.katalon.core.exception.StepFailedException: Unable to click on object 'Object Repository/1712612_Mattermost Object/Page_test pin message - Test 1712612 Mattermost/button_Pin to Channel'
	at com.kms.katalon.core.webui.keyword.internal.WebUIKeywordMain.stepFailed(WebUIKeywordMain.groovy:64)
	at com.kms.katalon.core.webui.keyword.internal.WebUIKeywordMain.runKeyword(WebUIKeywordMain.groovy:26)
	at com.kms.katalon.core.webui.keyword.builtin.ClickKeyword.click(ClickKeyword.groovy:75)
	at com.kms.katalon.core.webui.keyword.builtin.ClickKeyword.execute(ClickKeyword.groovy:42)
	at com.kms.katalon.core.keyword.internal.KeywordExecutor.executeKeywordForPlatform(KeywordExecutor.groovy:73)
	at com.kms.katalon.core.webui.keyword.WebUiBuiltInKeywords.click(WebUiBuiltInKeywords.groovy:619)
	at com.kms.katalon.core.webui.keyword.WebUiBuiltInKeywords$click$3.call(Unknown Source)
	at TC27_PinMessageInPrivateChannel.run(TC27_PinMessageInPrivateChannel:28)
	at com.kms.katalon.core.main.ScriptEngine.run(ScriptEngine.java:194)
	at com.kms.katalon.core.main.ScriptEngine.runScriptAsRawText(ScriptEngine.java:119)
	at com.kms.katalon.core.main.TestCaseExecutor.runScript(TestCaseExecutor.java:398)
	at com.kms.katalon.core.main.TestCaseExecutor.doExecute(TestCaseExecutor.java:389)
	at com.kms.katalon.core.main.TestCaseExecutor.processExecutionPhase(TestCaseExecutor.java:368)
	at com.kms.katalon.core.main.TestCaseExecutor.accessMainPhase(TestCaseExecutor.java:360)
	at com.kms.katalon.core.main.TestCaseExecutor.execute(TestCaseExecutor.java:255)
	at com.kms.katalon.core.main.TestCaseMain.runTestCase(TestCaseMain.java:114)
	at com.kms.katalon.core.keyword.builtin.CallTestCaseKeyword$_callTestCase_closure1.doCall(CallTestCaseKeyword.groovy:59)
	... 20 more
Caused by: com.kms.katalon.core.webui.exception.WebElementNotFoundException: Web element with id: 'Object Repository/1712612_Mattermost Object/Page_test pin message - Test 1712612 Mattermost/button_Pin to Channel' located by '//li[@id='pin_post_brb8z9fihidfmxns5kwing6pqo']/button' not found
	at com.kms.katalon.core.webui.common.WebUiCommonHelper.findWebElement(WebUiCommonHelper.java:1368)
	at com.kms.katalon.core.webui.keyword.internal.WebUIAbstractKeyword.findWebElement(WebUIAbstractKeyword.groovy:27)
	at com.kms.katalon.core.webui.keyword.internal.WebUIAbstractKeyword.findWebElement(WebUIAbstractKeyword.groovy:26)
	at com.kms.katalon.core.webui.keyword.builtin.ClickKeyword$_click_closure1.doCall(ClickKeyword.groovy:66)
	at com.kms.katalon.core.webui.keyword.builtin.ClickKeyword$_click_closure1.call(ClickKeyword.groovy)
	at com.kms.katalon.core.webui.keyword.internal.WebUIKeywordMain.runKeyword(WebUIKeywordMain.groovy:20)
	... 35 more


2021-05-29 00:16:19 - [TEST_STEP][FAILED] - callTestCase(findTestCase("1712612/TC27_PinMessageInPrivateChannel"), [:], STOP_ON_FAILURE): Unable to call Test Case 'Test Cases/1712612/TC27_PinMessageInPrivateChannel' (Root cause: com.kms.katalon.core.exception.StepFailedException: Call Test Case 'Test Cases/1712612/TC27_PinMessageInPrivateChannel' failed
	at com.kms.katalon.core.keyword.builtin.CallTestCaseKeyword$_callTestCase_closure1.doCall(CallTestCaseKeyword.groovy:63)
	at com.kms.katalon.core.keyword.builtin.CallTestCaseKeyword$_callTestCase_closure1.call(CallTestCaseKeyword.groovy)
	at com.kms.katalon.core.keyword.internal.KeywordMain.runKeyword(KeywordMain.groovy:68)
	at com.kms.katalon.core.keyword.builtin.CallTestCaseKeyword.callTestCase(CallTestCaseKeyword.groovy:81)
	at com.kms.katalon.core.keyword.builtin.CallTestCaseKeyword.execute(CallTestCaseKeyword.groovy:44)
	at com.kms.katalon.core.keyword.internal.KeywordExecutor.executeKeywordForPlatform(KeywordExecutor.groovy:73)
	at com.kms.katalon.core.keyword.BuiltinKeywords.callTestCase(BuiltinKeywords.groovy:334)
	at TC29_UnpinMessageInPrivateChannel.run(TC29_UnpinMessageInPrivateChannel:20)
	at com.kms.katalon.core.main.ScriptEngine.run(ScriptEngine.java:194)
	at com.kms.katalon.core.main.ScriptEngine.runScriptAsRawText(ScriptEngine.java:119)
	at com.kms.katalon.core.main.TestCaseExecutor.runScript(TestCaseExecutor.java:398)
	at com.kms.katalon.core.main.TestCaseExecutor.doExecute(TestCaseExecutor.java:389)
	at com.kms.katalon.core.main.TestCaseExecutor.processExecutionPhase(TestCaseExecutor.java:368)
	at com.kms.katalon.core.main.TestCaseExecutor.accessMainPhase(TestCaseExecutor.java:360)
	at com.kms.katalon.core.main.TestCaseExecutor.execute(TestCaseExecutor.java:255)
	at com.kms.katalon.core.main.TestSuiteExecutor.accessTestCaseMainPhase(TestSuiteExecutor.java:203)
	at com.kms.katalon.core.main.TestSuiteExecutor.accessTestSuiteMainPhase(TestSuiteExecutor.java:152)
	at com.kms.katalon.core.main.TestSuiteExecutor.execute(TestSuiteExecutor.java:95)
	at com.kms.katalon.core.main.TestCaseMain.startTestSuite(TestCaseMain.java:157)
	at com.kms.katalon.core.main.TestCaseMain$startTestSuite$0.call(Unknown Source)
	at TempTestSuite1622220811607.run(TempTestSuite1622220811607.groovy:39)
Caused by: com.kms.katalon.core.exception.StepFailedException: Unable to click on object 'Object Repository/1712612_Mattermost Object/Page_test pin message - Test 1712612 Mattermost/button_Pin to Channel'
	at com.kms.katalon.core.webui.keyword.internal.WebUIKeywordMain.stepFailed(WebUIKeywordMain.groovy:64)
	at com.kms.katalon.core.webui.keyword.internal.WebUIKeywordMain.runKeyword(WebUIKeywordMain.groovy:26)
	at com.kms.katalon.core.webui.keyword.builtin.ClickKeyword.click(ClickKeyword.groovy:75)
	at com.kms.katalon.core.webui.keyword.builtin.ClickKeyword.execute(ClickKeyword.groovy:42)
	at com.kms.katalon.core.keyword.internal.KeywordExecutor.executeKeywordForPlatform(KeywordExecutor.groovy:73)
	at com.kms.katalon.core.webui.keyword.WebUiBuiltInKeywords.click(WebUiBuiltInKeywords.groovy:619)
	at com.kms.katalon.core.webui.keyword.WebUiBuiltInKeywords$click$3.call(Unknown Source)
	at TC27_PinMessageInPrivateChannel.run(TC27_PinMessageInPrivateChannel:28)
	at com.kms.katalon.core.main.ScriptEngine.run(ScriptEngine.java:194)
	at com.kms.katalon.core.main.ScriptEngine.runScriptAsRawText(ScriptEngine.java:119)
	at com.kms.katalon.core.main.TestCaseExecutor.runScript(TestCaseExecutor.java:398)
	at com.kms.katalon.core.main.TestCaseExecutor.doExecute(TestCaseExecutor.java:389)
	at com.kms.katalon.core.main.TestCaseExecutor.processExecutionPhase(TestCaseExecutor.java:368)
	at com.kms.katalon.core.main.TestCaseExecutor.accessMainPhase(TestCaseExecutor.java:360)
	at com.kms.katalon.core.main.TestCaseExecutor.execute(TestCaseExecutor.java:255)
	at com.kms.katalon.core.main.TestCaseMain.runTestCase(TestCaseMain.java:114)
	at com.kms.katalon.core.keyword.builtin.CallTestCaseKeyword$_callTestCase_closure1.doCall(CallTestCaseKeyword.groovy:59)
	... 20 more
Caused by: com.kms.katalon.core.webui.exception.WebElementNotFoundException: Web element with id: 'Object Repository/1712612_Mattermost Object/Page_test pin message - Test 1712612 Mattermost/button_Pin to Channel' located by '//li[@id='pin_post_brb8z9fihidfmxns5kwing6pqo']/button' not found
	at com.kms.katalon.core.webui.common.WebUiCommonHelper.findWebElement(WebUiCommonHelper.java:1368)
	at com.kms.katalon.core.webui.keyword.internal.WebUIAbstractKeyword.findWebElement(WebUIAbstractKeyword.groovy:27)
	at com.kms.katalon.core.webui.keyword.internal.WebUIAbstractKeyword.findWebElement(WebUIAbstractKeyword.groovy:26)
	at com.kms.katalon.core.webui.keyword.builtin.ClickKeyword$_click_closure1.doCall(ClickKeyword.groovy:66)
	at com.kms.katalon.core.webui.keyword.builtin.ClickKeyword$_click_closure1.call(ClickKeyword.groovy)
	at com.kms.katalon.core.webui.keyword.internal.WebUIKeywordMain.runKeyword(WebUIKeywordMain.groovy:20)
	... 35 more
)

2021-05-29 00:16:19 - [TEST_CASE][FAILED] - Test Cases/1712612/TC27_PinMessageInPrivateChannel: Test Cases/1712612/TC27_PinMessageInPrivateChannel FAILED.
Reason:
com.kms.katalon.core.exception.StepFailedException: Unable to click on object 'Object Repository/1712612_Mattermost Object/Page_test pin message - Test 1712612 Mattermost/button_Pin to Channel'
	at com.kms.katalon.core.webui.keyword.internal.WebUIKeywordMain.stepFailed(WebUIKeywordMain.groovy:64)
	at com.kms.katalon.core.webui.keyword.internal.WebUIKeywordMain.runKeyword(WebUIKeywordMain.groovy:26)
	at com.kms.katalon.core.webui.keyword.builtin.ClickKeyword.click(ClickKeyword.groovy:75)
	at com.kms.katalon.core.webui.keyword.builtin.ClickKeyword.execute(ClickKeyword.groovy:42)
	at com.kms.katalon.core.keyword.internal.KeywordExecutor.executeKeywordForPlatform(KeywordExecutor.groovy:73)
	at com.kms.katalon.core.webui.keyword.WebUiBuiltInKeywords.click(WebUiBuiltInKeywords.groovy:619)
	at com.kms.katalon.core.webui.keyword.WebUiBuiltInKeywords$click$3.call(Unknown Source)
	at TC27_PinMessageInPrivateChannel.run(TC27_PinMessageInPrivateChannel:28)
	at com.kms.katalon.core.main.ScriptEngine.run(ScriptEngine.java:194)
	at com.kms.katalon.core.main.ScriptEngine.runScriptAsRawText(ScriptEngine.java:119)
	at com.kms.katalon.core.main.TestCaseExecutor.runScript(TestCaseExecutor.java:398)
	at com.kms.katalon.core.main.TestCaseExecutor.doExecute(TestCaseExecutor.java:389)
	at com.kms.katalon.core.main.TestCaseExecutor.processExecutionPhase(TestCaseExecutor.java:368)
	at com.kms.katalon.core.main.TestCaseExecutor.accessMainPhase(TestCaseExecutor.java:360)
	at com.kms.katalon.core.main.TestCaseExecutor.execute(TestCaseExecutor.java:255)
	at com.kms.katalon.core.main.TestCaseMain.runTestCase(TestCaseMain.java:114)
	at com.kms.katalon.core.keyword.builtin.CallTestCaseKeyword$_callTestCase_closure1.doCall(CallTestCaseKeyword.groovy:59)
	at com.kms.katalon.core.keyword.builtin.CallTestCaseKeyword$_callTestCase_closure1.call(CallTestCaseKeyword.groovy)
	at com.kms.katalon.core.keyword.internal.KeywordMain.runKeyword(KeywordMain.groovy:68)
	at com.kms.katalon.core.keyword.builtin.CallTestCaseKeyword.callTestCase(CallTestCaseKeyword.groovy:81)
	at com.kms.katalon.core.keyword.builtin.CallTestCaseKeyword.execute(CallTestCaseKeyword.groovy:44)
	at com.kms.katalon.core.keyword.internal.KeywordExecutor.executeKeywordForPlatform(KeywordExecutor.groovy:73)
	at com.kms.katalon.core.keyword.BuiltinKeywords.callTestCase(BuiltinKeywords.groovy:334)
	at TC29_UnpinMessageInPrivateChannel.run(TC29_UnpinMessageInPrivateChannel:20)
	at com.kms.katalon.core.main.ScriptEngine.run(ScriptEngine.java:194)
	at com.kms.katalon.core.main.ScriptEngine.runScriptAsRawText(ScriptEngine.java:119)
	at com.kms.katalon.core.main.TestCaseExecutor.runScript(TestCaseExecutor.java:398)
	at com.kms.katalon.core.main.TestCaseExecutor.doExecute(TestCaseExecutor.java:389)
	at com.kms.katalon.core.main.TestCaseExecutor.processExecutionPhase(TestCaseExecutor.java:368)
	at com.kms.katalon.core.main.TestCaseExecutor.accessMainPhase(TestCaseExecutor.java:360)
	at com.kms.katalon.core.main.TestCaseExecutor.execute(TestCaseExecutor.java:255)
	at com.kms.katalon.core.main.TestSuiteExecutor.accessTestCaseMainPhase(TestSuiteExecutor.java:203)
	at com.kms.katalon.core.main.TestSuiteExecutor.accessTestSuiteMainPhase(TestSuiteExecutor.java:152)
	at com.kms.katalon.core.main.TestSuiteExecutor.execute(TestSuiteExecutor.java:95)
	at com.kms.katalon.core.main.TestCaseMain.startTestSuite(TestCaseMain.java:157)
	at com.kms.katalon.core.main.TestCaseMain$startTestSuite$0.call(Unknown Source)
	at TempTestSuite1622220811607.run(TempTestSuite1622220811607.groovy:39)
Caused by: com.kms.katalon.core.webui.exception.WebElementNotFoundException: Web element with id: 'Object Repository/1712612_Mattermost Object/Page_test pin message - Test 1712612 Mattermost/button_Pin to Channel' located by '//li[@id='pin_post_brb8z9fihidfmxns5kwing6pqo']/button' not found
	at com.kms.katalon.core.webui.common.WebUiCommonHelper.findWebElement(WebUiCommonHelper.java:1368)
	at com.kms.katalon.core.webui.keyword.internal.WebUIAbstractKeyword.findWebElement(WebUIAbstractKeyword.groovy:27)
	at com.kms.katalon.core.webui.keyword.internal.WebUIAbstractKeyword.findWebElement(WebUIAbstractKeyword.groovy:26)
	at com.kms.katalon.core.webui.keyword.builtin.ClickKeyword$_click_closure1.doCall(ClickKeyword.groovy:66)
	at com.kms.katalon.core.webui.keyword.builtin.ClickKeyword$_click_closure1.call(ClickKeyword.groovy)
	at com.kms.katalon.core.webui.keyword.internal.WebUIKeywordMain.runKeyword(WebUIKeywordMain.groovy:20)
	... 35 more


2021-05-29 00:16:19 - [TEST_STEP][PASSED] - callTestCase(findTestCase("1712612/CommonTC/TC_OpenPage"), [:], STOP_ON_FAILURE): Call Test Case 'Test Cases/1712612/CommonTC/TC_OpenPage' successfully

2021-05-29 00:16:19 - [TEST_CASE][PASSED] - Test Cases/1712612/CommonTC/TC_OpenPage: Test Cases/1712612/CommonTC/TC_OpenPage

2021-05-29 00:16:19 - [TEST_STEP][PASSED] - openBrowser(""): Browser is opened with url: ''

2021-05-29 00:16:19 - [MESSAGE][WARNING] - A browser is already opened. Closing browser and opening a new one

2021-05-29 00:16:20 - [MESSAGE][INFO] - Starting 'Chrome' driver

2021-05-29 00:16:20 - [MESSAGE][INFO] - Action delay is set to 0 milliseconds

2021-05-29 00:16:22 - [MESSAGE][PASSED] - Browser is opened with url: ''

2021-05-29 00:16:22 - [TEST_STEP][PASSED] - navigateToUrl("https://mattermostwebapp.herokuapp.com/login"): Navigate to 'https://mattermostwebapp.herokuapp.com/login' successfully

2021-05-29 00:16:26 - [MESSAGE][PASSED] - Navigate to 'https://mattermostwebapp.herokuapp.com/login' successfully

2021-05-29 00:16:26 - [MESSAGE][PASSED] - Call Test Case 'Test Cases/1712612/CommonTC/TC_OpenPage' successfully

2021-05-29 00:16:26 - [TEST_STEP][PASSED] - callTestCase(findTestCase("1712612/CommonTC/TC_Login"), [:], STOP_ON_FAILURE): Call Test Case 'Test Cases/1712612/CommonTC/TC_Login' successfully

2021-05-29 00:16:26 - [TEST_CASE][PASSED] - Test Cases/1712612/CommonTC/TC_Login: Test Cases/1712612/CommonTC/TC_Login

2021-05-29 00:16:27 - [TEST_STEP][PASSED] - verifyElementVisible(findTestObject("Object Repository/1712612_Mattermost Object/Page_Mattermost/input_login_username"), STOP_ON_FAILURE): Object 'Object Repository/1712612_Mattermost Object/Page_Mattermost/input_login_username' is visible

2021-05-29 00:16:32 - [MESSAGE][PASSED] - Object 'Object Repository/1712612_Mattermost Object/Page_Mattermost/input_login_username' is visible

2021-05-29 00:16:32 - [TEST_STEP][PASSED] - verifyElementVisible(findTestObject("Object Repository/1712612_Mattermost Object/Page_Mattermost/input_login_password"), STOP_ON_FAILURE): Object 'Object Repository/1712612_Mattermost Object/Page_Mattermost/input_login_password' is visible

2021-05-29 00:16:32 - [MESSAGE][PASSED] - Object 'Object Repository/1712612_Mattermost Object/Page_Mattermost/input_login_password' is visible

2021-05-29 00:16:32 - [TEST_STEP][PASSED] - setText(findTestObject("Object Repository/1712612_Mattermost Object/Page_Mattermost/input_login_username"), "nghi_tran"): Text 'nghi_tran' is set on object 'Object Repository/1712612_Mattermost Object/Page_Mattermost/input_login_username'

2021-05-29 00:16:33 - [MESSAGE][PASSED] - Text 'nghi_tran' is set on object 'Object Repository/1712612_Mattermost Object/Page_Mattermost/input_login_username'

2021-05-29 00:16:33 - [TEST_STEP][PASSED] - setEncryptedText(findTestObject("Object Repository/1712612_Mattermost Object/Page_Mattermost/input_login_password"), "KBlHou+hFmnFUOUwxwboiw=="): Text ****** has been set on object 'Object Repository/1712612_Mattermost Object/Page_Mattermost/input_login_password'

2021-05-29 00:16:33 - [MESSAGE][PASSED] - Text ****** has been set on object 'Object Repository/1712612_Mattermost Object/Page_Mattermost/input_login_password'

2021-05-29 00:16:33 - [TEST_STEP][PASSED] - click(findTestObject("Object Repository/1712612_Mattermost Object/Page_Mattermost/button_Sign in")): Object: 'Object Repository/1712612_Mattermost Object/Page_Mattermost/button_Sign in' is clicked on

2021-05-29 00:16:34 - [MESSAGE][PASSED] - Object: 'Object Repository/1712612_Mattermost Object/Page_Mattermost/button_Sign in' is clicked on

2021-05-29 00:16:34 - [TEST_STEP][PASSED] - verifyElementVisible(findTestObject("Object Repository/1712612_Mattermost Object/Page_Town Square - another Mattermost/img__Avatar Avatar-lg"), STOP_ON_FAILURE): Object 'Object Repository/1712612_Mattermost Object/Page_Town Square - another Mattermost/img__Avatar Avatar-lg' is visible

2021-05-29 00:16:37 - [MESSAGE][PASSED] - Object 'Object Repository/1712612_Mattermost Object/Page_Town Square - another Mattermost/img__Avatar Avatar-lg' is visible

2021-05-29 00:16:37 - [MESSAGE][PASSED] - Call Test Case 'Test Cases/1712612/CommonTC/TC_Login' successfully

2021-05-29 00:16:37 - [TEST_STEP][PASSED] - navigateToUrl("https://mattermostwebapp.herokuapp.com/test-1712612/channels/test-pin-message"): Navigate to 'https://mattermostwebapp.herokuapp.com/test-1712612/channels/test-pin-message' successfully

2021-05-29 00:16:38 - [MESSAGE][PASSED] - Navigate to 'https://mattermostwebapp.herokuapp.com/test-1712612/channels/test-pin-message' successfully

2021-05-29 00:16:38 - [TEST_STEP][PASSED] - click(findTestObject("Object Repository/1712612_Mattermost Object/Page_test pin message - Test 1712612 Mattermost/button_nghi_tran_CENTER_button_brb8z9fihidf_f663c2")): Object: 'Object Repository/1712612_Mattermost Object/Page_test pin message - Test 1712612 Mattermost/button_nghi_tran_CENTER_button_brb8z9fihidf_f663c2' is clicked on

2021-05-29 00:17:09 - [MESSAGE][INFO] - Unable to find the element located by 'By.xpath: //button[@id='CENTER_button_brb8z9fihidfmxns5kwing6pqo']'. Please recheck the objects properties to make sure the desired element is located. 

2021-05-29 00:17:09 - [MESSAGE][WARNING] - [SELF-HEALING] Failed to find element with id 'Object Repository/1712612_Mattermost Object/Page_test pin message - Test 1712612 Mattermost/button_nghi_tran_CENTER_button_brb8z9fihidf_f663c2'. Try using Self-healing.

2021-05-29 00:17:09 - [MESSAGE][ERROR] - [SELF-HEALING] com.google.gson.stream.MalformedJsonException: Expected ':' at line 75 column 10 path $.brokenTestObjects[7].<<<<<<<

2021-05-29 00:17:10 - [MESSAGE][INFO] - [SELF-HEALING] Failed Locator: '//button[@id='CENTER_button_brb8z9fihidfmxns5kwing6pqo']'.

2021-05-29 00:17:10 - [MESSAGE][INFO] - [SELF-HEALING] Failed Locator: '//div[@id='post_brb8z9fihidfmxns5kwing6pqo']/div/div[2]/div/div[2]/div/div[2]/div/button'.

2021-05-29 00:17:10 - [MESSAGE][INFO] - [SELF-HEALING] Working Locator: '(.//*[normalize-space(text()) and normalize-space(.)='nghi_tran'])[1]/following::button[1]'.

2021-05-29 00:17:10 - [MESSAGE][INFO] - [SELF-HEALING] Screenshot: C:/Users/phuc/git/Mattermost_AutoTesting/Reports/Self-healing/Object Repository/1712612_Mattermost Object/Page_test pin message - Test 1712612 Mattermost/button_nghi_tran_CENTER_button_brb8z9fihidf_f663c2_neighbor.png

2021-05-29 00:17:10 - [MESSAGE][ERROR] - [SELF-HEALING] com.google.gson.stream.MalformedJsonException: Expected ':' at line 75 column 10 path $.brokenTestObjects[7].<<<<<<<

2021-05-29 00:17:10 - [MESSAGE][ERROR] - [SELF-HEALING] C:\Users\phuc\git\Mattermost_AutoTesting\Reports\Self-healing\broken-test-objects.json does not exist or is provided by Self-healing Plugin!

2021-05-29 00:17:10 - [MESSAGE][WARNING] - [SELF-HEALING] The current locator of test object 'Object Repository/1712612_Mattermost Object/Page_test pin message - Test 1712612 Mattermost/button_nghi_tran_CENTER_button_brb8z9fihidf_f663c2' was broken. Propose an alternative one: '(.//*[normalize-space(text()) and normalize-space(.)='nghi_tran'])[1]/following::button[1]'.

2021-05-29 00:17:10 - [MESSAGE][PASSED] - Object: 'Object Repository/1712612_Mattermost Object/Page_test pin message - Test 1712612 Mattermost/button_nghi_tran_CENTER_button_brb8z9fihidf_f663c2' is clicked on

2021-05-29 00:17:10 - [TEST_STEP][FAILED] - click(findTestObject("Object Repository/1712612_Mattermost Object/Page_test pin message - Test 1712612 Mattermost/button_Pin to Channel")): Unable to click on object 'Object Repository/1712612_Mattermost Object/Page_test pin message - Test 1712612 Mattermost/button_Pin to Channel' (Root cause: com.kms.katalon.core.exception.StepFailedException: Unable to click on object 'Object Repository/1712612_Mattermost Object/Page_test pin message - Test 1712612 Mattermost/button_Pin to Channel'
	at com.kms.katalon.core.webui.keyword.internal.WebUIKeywordMain.stepFailed(WebUIKeywordMain.groovy:64)
	at com.kms.katalon.core.webui.keyword.internal.WebUIKeywordMain.runKeyword(WebUIKeywordMain.groovy:26)
	at com.kms.katalon.core.webui.keyword.builtin.ClickKeyword.click(ClickKeyword.groovy:75)
	at com.kms.katalon.core.webui.keyword.builtin.ClickKeyword.execute(ClickKeyword.groovy:42)
	at com.kms.katalon.core.keyword.internal.KeywordExecutor.executeKeywordForPlatform(KeywordExecutor.groovy:73)
	at com.kms.katalon.core.webui.keyword.WebUiBuiltInKeywords.click(WebUiBuiltInKeywords.groovy:619)
	at com.kms.katalon.core.webui.keyword.WebUiBuiltInKeywords$click$3.call(Unknown Source)
	at TC27_PinMessageInPrivateChannel.run(TC27_PinMessageInPrivateChannel:28)
	at com.kms.katalon.core.main.ScriptEngine.run(ScriptEngine.java:194)
	at com.kms.katalon.core.main.ScriptEngine.runScriptAsRawText(ScriptEngine.java:119)
	at com.kms.katalon.core.main.TestCaseExecutor.runScript(TestCaseExecutor.java:398)
	at com.kms.katalon.core.main.TestCaseExecutor.doExecute(TestCaseExecutor.java:389)
	at com.kms.katalon.core.main.TestCaseExecutor.processExecutionPhase(TestCaseExecutor.java:368)
	at com.kms.katalon.core.main.TestCaseExecutor.accessMainPhase(TestCaseExecutor.java:360)
	at com.kms.katalon.core.main.TestCaseExecutor.execute(TestCaseExecutor.java:255)
	at com.kms.katalon.core.main.TestCaseMain.runTestCase(TestCaseMain.java:114)
	at com.kms.katalon.core.keyword.builtin.CallTestCaseKeyword$_callTestCase_closure1.doCall(CallTestCaseKeyword.groovy:59)
	at com.kms.katalon.core.keyword.builtin.CallTestCaseKeyword$_callTestCase_closure1.call(CallTestCaseKeyword.groovy)
	at com.kms.katalon.core.keyword.internal.KeywordMain.runKeyword(KeywordMain.groovy:68)
	at com.kms.katalon.core.keyword.builtin.CallTestCaseKeyword.callTestCase(CallTestCaseKeyword.groovy:81)
	at com.kms.katalon.core.keyword.builtin.CallTestCaseKeyword.execute(CallTestCaseKeyword.groovy:44)
	at com.kms.katalon.core.keyword.internal.KeywordExecutor.executeKeywordForPlatform(KeywordExecutor.groovy:73)
	at com.kms.katalon.core.keyword.BuiltinKeywords.callTestCase(BuiltinKeywords.groovy:334)
	at TC29_UnpinMessageInPrivateChannel.run(TC29_UnpinMessageInPrivateChannel:20)
	at com.kms.katalon.core.main.ScriptEngine.run(ScriptEngine.java:194)
	at com.kms.katalon.core.main.ScriptEngine.runScriptAsRawText(ScriptEngine.java:119)
	at com.kms.katalon.core.main.TestCaseExecutor.runScript(TestCaseExecutor.java:398)
	at com.kms.katalon.core.main.TestCaseExecutor.doExecute(TestCaseExecutor.java:389)
	at com.kms.katalon.core.main.TestCaseExecutor.processExecutionPhase(TestCaseExecutor.java:368)
	at com.kms.katalon.core.main.TestCaseExecutor.accessMainPhase(TestCaseExecutor.java:360)
	at com.kms.katalon.core.main.TestCaseExecutor.execute(TestCaseExecutor.java:255)
	at com.kms.katalon.core.main.TestSuiteExecutor.accessTestCaseMainPhase(TestSuiteExecutor.java:203)
	at com.kms.katalon.core.main.TestSuiteExecutor.accessTestSuiteMainPhase(TestSuiteExecutor.java:152)
	at com.kms.katalon.core.main.TestSuiteExecutor.execute(TestSuiteExecutor.java:95)
	at com.kms.katalon.core.main.TestCaseMain.startTestSuite(TestCaseMain.java:157)
	at com.kms.katalon.core.main.TestCaseMain$startTestSuite$0.call(Unknown Source)
	at TempTestSuite1622220811607.run(TempTestSuite1622220811607.groovy:39)
Caused by: com.kms.katalon.core.webui.exception.WebElementNotFoundException: Web element with id: 'Object Repository/1712612_Mattermost Object/Page_test pin message - Test 1712612 Mattermost/button_Pin to Channel' located by '//li[@id='pin_post_brb8z9fihidfmxns5kwing6pqo']/button' not found
	at com.kms.katalon.core.webui.common.WebUiCommonHelper.findWebElement(WebUiCommonHelper.java:1368)
	at com.kms.katalon.core.webui.keyword.internal.WebUIAbstractKeyword.findWebElement(WebUIAbstractKeyword.groovy:27)
	at com.kms.katalon.core.webui.keyword.internal.WebUIAbstractKeyword.findWebElement(WebUIAbstractKeyword.groovy:26)
	at com.kms.katalon.core.webui.keyword.builtin.ClickKeyword$_click_closure1.doCall(ClickKeyword.groovy:66)
	at com.kms.katalon.core.webui.keyword.builtin.ClickKeyword$_click_closure1.call(ClickKeyword.groovy)
	at com.kms.katalon.core.webui.keyword.internal.WebUIKeywordMain.runKeyword(WebUIKeywordMain.groovy:20)
	at com.kms.katalon.core.webui.keyword.builtin.ClickKeyword.click(ClickKeyword.groovy:75)
	at com.kms.katalon.core.webui.keyword.builtin.ClickKeyword.execute(ClickKeyword.groovy:42)
	at com.kms.katalon.core.keyword.internal.KeywordExecutor.executeKeywordForPlatform(KeywordExecutor.groovy:73)
	at com.kms.katalon.core.webui.keyword.WebUiBuiltInKeywords.click(WebUiBuiltInKeywords.groovy:619)
	at com.kms.katalon.core.webui.keyword.WebUiBuiltInKeywords$click$3.call(Unknown Source)
	at Script1621658865761.run(Script1621658865761.groovy:28)
	at com.kms.katalon.core.main.ScriptEngine.run(ScriptEngine.java:194)
	at com.kms.katalon.core.main.ScriptEngine.runScriptAsRawText(ScriptEngine.java:119)
	at com.kms.katalon.core.main.TestCaseExecutor.runScript(TestCaseExecutor.java:398)
	at com.kms.katalon.core.main.TestCaseExecutor.doExecute(TestCaseExecutor.java:389)
	at com.kms.katalon.core.main.TestCaseExecutor.processExecutionPhase(TestCaseExecutor.java:368)
	at com.kms.katalon.core.main.TestCaseExecutor.accessMainPhase(TestCaseExecutor.java:360)
	at com.kms.katalon.core.main.TestCaseExecutor.execute(TestCaseExecutor.java:255)
	at com.kms.katalon.core.main.TestCaseMain.runTestCase(TestCaseMain.java:114)
	at com.kms.katalon.core.keyword.builtin.CallTestCaseKeyword$_callTestCase_closure1.doCall(CallTestCaseKeyword.groovy:59)
	at com.kms.katalon.core.keyword.builtin.CallTestCaseKeyword$_callTestCase_closure1.call(CallTestCaseKeyword.groovy)
	at com.kms.katalon.core.keyword.internal.KeywordMain.runKeyword(KeywordMain.groovy:68)
	at com.kms.katalon.core.keyword.builtin.CallTestCaseKeyword.callTestCase(CallTestCaseKeyword.groovy:81)
	at com.kms.katalon.core.keyword.builtin.CallTestCaseKeyword.execute(CallTestCaseKeyword.groovy:44)
	at com.kms.katalon.core.keyword.internal.KeywordExecutor.executeKeywordForPlatform(KeywordExecutor.groovy:73)
	at com.kms.katalon.core.keyword.BuiltinKeywords.callTestCase(BuiltinKeywords.groovy:334)
	at Script1621659722693.run(Script1621659722693.groovy:20)
	... 13 more
)

2021-05-29 00:17:42 - [MESSAGE][INFO] - Unable to find the element located by 'By.xpath: //li[@id='pin_post_brb8z9fihidfmxns5kwing6pqo']/button'. Please recheck the objects properties to make sure the desired element is located. 

2021-05-29 00:17:42 - [MESSAGE][WARNING] - [SELF-HEALING] Failed to find element with id 'Object Repository/1712612_Mattermost Object/Page_test pin message - Test 1712612 Mattermost/button_Pin to Channel'. Try using Self-healing.

2021-05-29 00:17:42 - [MESSAGE][ERROR] - [SELF-HEALING] com.google.gson.stream.MalformedJsonException: Expected ':' at line 75 column 10 path $.brokenTestObjects[7].<<<<<<<

2021-05-29 00:17:42 - [MESSAGE][INFO] - [SELF-HEALING] Failed Locator: '//li[@id='pin_post_brb8z9fihidfmxns5kwing6pqo']/button'.

2021-05-29 00:17:42 - [MESSAGE][INFO] - [SELF-HEALING] Failed Locator: '(.//*[normalize-space(text()) and normalize-space(.)='Copy Link'])[1]/following::button[1]'.

2021-05-29 00:17:43 - [MESSAGE][INFO] - [SELF-HEALING] Failed Locator: '(.//*[normalize-space(text()) and normalize-space(.)='Mark as Unread'])[1]/following::button[2]'.

2021-05-29 00:17:43 - [MESSAGE][INFO] - [SELF-HEALING] Failed Locator: '(.//*[normalize-space(text()) and normalize-space(.)='Edit'])[1]/preceding::button[1]'.

2021-05-29 00:17:43 - [MESSAGE][INFO] - [SELF-HEALING] Failed Locator: '//li[4]/button'.

2021-05-29 00:17:45 - [MESSAGE][INFO] - Unable to find the element located by 'By.xpath: //*[(text() = 'Pin to Channel' or . = 'Pin to Channel')]'. Please recheck the objects properties to make sure the desired element is located. 

2021-05-29 00:17:46 - [MESSAGE][INFO] - Unable to find the element located by 'By.cssSelector: #pin_post_brb8z9fihidfmxns5kwing6pqo > button.style--none'. Please recheck the objects properties to make sure the desired element is located. 

2021-05-29 00:17:46 - [MESSAGE][FAILED] - Unable to click on object 'Object Repository/1712612_Mattermost Object/Page_test pin message - Test 1712612 Mattermost/button_Pin to Channel' (Root cause: com.kms.katalon.core.exception.StepFailedException: Unable to click on object 'Object Repository/1712612_Mattermost Object/Page_test pin message - Test 1712612 Mattermost/button_Pin to Channel'
	at com.kms.katalon.core.webui.keyword.internal.WebUIKeywordMain.stepFailed(WebUIKeywordMain.groovy:64)
	at com.kms.katalon.core.webui.keyword.internal.WebUIKeywordMain.runKeyword(WebUIKeywordMain.groovy:26)
	at com.kms.katalon.core.webui.keyword.builtin.ClickKeyword.click(ClickKeyword.groovy:75)
	at com.kms.katalon.core.webui.keyword.builtin.ClickKeyword.execute(ClickKeyword.groovy:42)
	at com.kms.katalon.core.keyword.internal.KeywordExecutor.executeKeywordForPlatform(KeywordExecutor.groovy:73)
	at com.kms.katalon.core.webui.keyword.WebUiBuiltInKeywords.click(WebUiBuiltInKeywords.groovy:619)
	at com.kms.katalon.core.webui.keyword.WebUiBuiltInKeywords$click$3.call(Unknown Source)
	at TC27_PinMessageInPrivateChannel.run(TC27_PinMessageInPrivateChannel:28)
	at com.kms.katalon.core.main.ScriptEngine.run(ScriptEngine.java:194)
	at com.kms.katalon.core.main.ScriptEngine.runScriptAsRawText(ScriptEngine.java:119)
	at com.kms.katalon.core.main.TestCaseExecutor.runScript(TestCaseExecutor.java:398)
	at com.kms.katalon.core.main.TestCaseExecutor.doExecute(TestCaseExecutor.java:389)
	at com.kms.katalon.core.main.TestCaseExecutor.processExecutionPhase(TestCaseExecutor.java:368)
	at com.kms.katalon.core.main.TestCaseExecutor.accessMainPhase(TestCaseExecutor.java:360)
	at com.kms.katalon.core.main.TestCaseExecutor.execute(TestCaseExecutor.java:255)
	at com.kms.katalon.core.main.TestCaseMain.runTestCase(TestCaseMain.java:114)
	at com.kms.katalon.core.keyword.builtin.CallTestCaseKeyword$_callTestCase_closure1.doCall(CallTestCaseKeyword.groovy:59)
	at com.kms.katalon.core.keyword.builtin.CallTestCaseKeyword$_callTestCase_closure1.call(CallTestCaseKeyword.groovy)
	at com.kms.katalon.core.keyword.internal.KeywordMain.runKeyword(KeywordMain.groovy:68)
	at com.kms.katalon.core.keyword.builtin.CallTestCaseKeyword.callTestCase(CallTestCaseKeyword.groovy:81)
	at com.kms.katalon.core.keyword.builtin.CallTestCaseKeyword.execute(CallTestCaseKeyword.groovy:44)
	at com.kms.katalon.core.keyword.internal.KeywordExecutor.executeKeywordForPlatform(KeywordExecutor.groovy:73)
	at com.kms.katalon.core.keyword.BuiltinKeywords.callTestCase(BuiltinKeywords.groovy:334)
	at TC29_UnpinMessageInPrivateChannel.run(TC29_UnpinMessageInPrivateChannel:20)
	at com.kms.katalon.core.main.ScriptEngine.run(ScriptEngine.java:194)
	at com.kms.katalon.core.main.ScriptEngine.runScriptAsRawText(ScriptEngine.java:119)
	at com.kms.katalon.core.main.TestCaseExecutor.runScript(TestCaseExecutor.java:398)
	at com.kms.katalon.core.main.TestCaseExecutor.doExecute(TestCaseExecutor.java:389)
	at com.kms.katalon.core.main.TestCaseExecutor.processExecutionPhase(TestCaseExecutor.java:368)
	at com.kms.katalon.core.main.TestCaseExecutor.accessMainPhase(TestCaseExecutor.java:360)
	at com.kms.katalon.core.main.TestCaseExecutor.execute(TestCaseExecutor.java:255)
	at com.kms.katalon.core.main.TestSuiteExecutor.accessTestCaseMainPhase(TestSuiteExecutor.java:203)
	at com.kms.katalon.core.main.TestSuiteExecutor.accessTestSuiteMainPhase(TestSuiteExecutor.java:152)
	at com.kms.katalon.core.main.TestSuiteExecutor.execute(TestSuiteExecutor.java:95)
	at com.kms.katalon.core.main.TestCaseMain.startTestSuite(TestCaseMain.java:157)
	at com.kms.katalon.core.main.TestCaseMain$startTestSuite$0.call(Unknown Source)
	at TempTestSuite1622220811607.run(TempTestSuite1622220811607.groovy:39)
Caused by: com.kms.katalon.core.webui.exception.WebElementNotFoundException: Web element with id: 'Object Repository/1712612_Mattermost Object/Page_test pin message - Test 1712612 Mattermost/button_Pin to Channel' located by '//li[@id='pin_post_brb8z9fihidfmxns5kwing6pqo']/button' not found
	at com.kms.katalon.core.webui.common.WebUiCommonHelper.findWebElement(WebUiCommonHelper.java:1368)
	at com.kms.katalon.core.webui.keyword.internal.WebUIAbstractKeyword.findWebElement(WebUIAbstractKeyword.groovy:27)
	at com.kms.katalon.core.webui.keyword.internal.WebUIAbstractKeyword.findWebElement(WebUIAbstractKeyword.groovy:26)
	at com.kms.katalon.core.webui.keyword.builtin.ClickKeyword$_click_closure1.doCall(ClickKeyword.groovy:66)
	at com.kms.katalon.core.webui.keyword.builtin.ClickKeyword$_click_closure1.call(ClickKeyword.groovy)
	at com.kms.katalon.core.webui.keyword.internal.WebUIKeywordMain.runKeyword(WebUIKeywordMain.groovy:20)
	at com.kms.katalon.core.webui.keyword.builtin.ClickKeyword.click(ClickKeyword.groovy:75)
	at com.kms.katalon.core.webui.keyword.builtin.ClickKeyword.execute(ClickKeyword.groovy:42)
	at com.kms.katalon.core.keyword.internal.KeywordExecutor.executeKeywordForPlatform(KeywordExecutor.groovy:73)
	at com.kms.katalon.core.webui.keyword.WebUiBuiltInKeywords.click(WebUiBuiltInKeywords.groovy:619)
	at com.kms.katalon.core.webui.keyword.WebUiBuiltInKeywords$click$3.call(Unknown Source)
	at Script1621658865761.run(Script1621658865761.groovy:28)
	at com.kms.katalon.core.main.ScriptEngine.run(ScriptEngine.java:194)
	at com.kms.katalon.core.main.ScriptEngine.runScriptAsRawText(ScriptEngine.java:119)
	at com.kms.katalon.core.main.TestCaseExecutor.runScript(TestCaseExecutor.java:398)
	at com.kms.katalon.core.main.TestCaseExecutor.doExecute(TestCaseExecutor.java:389)
	at com.kms.katalon.core.main.TestCaseExecutor.processExecutionPhase(TestCaseExecutor.java:368)
	at com.kms.katalon.core.main.TestCaseExecutor.accessMainPhase(TestCaseExecutor.java:360)
	at com.kms.katalon.core.main.TestCaseExecutor.execute(TestCaseExecutor.java:255)
	at com.kms.katalon.core.main.TestCaseMain.runTestCase(TestCaseMain.java:114)
	at com.kms.katalon.core.keyword.builtin.CallTestCaseKeyword$_callTestCase_closure1.doCall(CallTestCaseKeyword.groovy:59)
	at com.kms.katalon.core.keyword.builtin.CallTestCaseKeyword$_callTestCase_closure1.call(CallTestCaseKeyword.groovy)
	at com.kms.katalon.core.keyword.internal.KeywordMain.runKeyword(KeywordMain.groovy:68)
	at com.kms.katalon.core.keyword.builtin.CallTestCaseKeyword.callTestCase(CallTestCaseKeyword.groovy:81)
	at com.kms.katalon.core.keyword.builtin.CallTestCaseKeyword.execute(CallTestCaseKeyword.groovy:44)
	at com.kms.katalon.core.keyword.internal.KeywordExecutor.executeKeywordForPlatform(KeywordExecutor.groovy:73)
	at com.kms.katalon.core.keyword.BuiltinKeywords.callTestCase(BuiltinKeywords.groovy:334)
	at Script1621659722693.run(Script1621659722693.groovy:20)
	... 13 more
)
[[ATTACHMENT|C:\\Users\\phuc\\git\\Mattermost_AutoTesting\\Reports\\20210528_235331\\1712666\\Run_All_Test_Cases\\20210528_235331\\1622222266246.png]]

2021-05-29 00:17:46 - [MESSAGE][INFO] - 

2021-05-29 00:17:46 - [MESSAGE][INFO] - ===================== Self-healing Report ====================

2021-05-29 00:17:46 - [MESSAGE][INFO] - One of the failed test object locators has been recovered by Self-healing. Please refer to the Self-healing Insights tab for more details.

2021-05-29 00:17:46 - [MESSAGE][INFO] - To learn more about Self-healing, please read https://docs.katalon.com/katalon-studio/docs/self-healing.html

2021-05-29 00:17:46 - [MESSAGE][INFO] - ==============================================================

2021-05-29 00:17:46 - [MESSAGE][FAILED] - Unable to call Test Case 'Test Cases/1712612/TC27_PinMessageInPrivateChannel' (Root cause: com.kms.katalon.core.exception.StepFailedException: Call Test Case 'Test Cases/1712612/TC27_PinMessageInPrivateChannel' failed
	at com.kms.katalon.core.keyword.builtin.CallTestCaseKeyword$_callTestCase_closure1.doCall(CallTestCaseKeyword.groovy:63)
	at com.kms.katalon.core.keyword.builtin.CallTestCaseKeyword$_callTestCase_closure1.call(CallTestCaseKeyword.groovy)
	at com.kms.katalon.core.keyword.internal.KeywordMain.runKeyword(KeywordMain.groovy:68)
	at com.kms.katalon.core.keyword.builtin.CallTestCaseKeyword.callTestCase(CallTestCaseKeyword.groovy:81)
	at com.kms.katalon.core.keyword.builtin.CallTestCaseKeyword.execute(CallTestCaseKeyword.groovy:44)
	at com.kms.katalon.core.keyword.internal.KeywordExecutor.executeKeywordForPlatform(KeywordExecutor.groovy:73)
	at com.kms.katalon.core.keyword.BuiltinKeywords.callTestCase(BuiltinKeywords.groovy:334)
	at TC29_UnpinMessageInPrivateChannel.run(TC29_UnpinMessageInPrivateChannel:20)
	at com.kms.katalon.core.main.ScriptEngine.run(ScriptEngine.java:194)
	at com.kms.katalon.core.main.ScriptEngine.runScriptAsRawText(ScriptEngine.java:119)
	at com.kms.katalon.core.main.TestCaseExecutor.runScript(TestCaseExecutor.java:398)
	at com.kms.katalon.core.main.TestCaseExecutor.doExecute(TestCaseExecutor.java:389)
	at com.kms.katalon.core.main.TestCaseExecutor.processExecutionPhase(TestCaseExecutor.java:368)
	at com.kms.katalon.core.main.TestCaseExecutor.accessMainPhase(TestCaseExecutor.java:360)
	at com.kms.katalon.core.main.TestCaseExecutor.execute(TestCaseExecutor.java:255)
	at com.kms.katalon.core.main.TestSuiteExecutor.accessTestCaseMainPhase(TestSuiteExecutor.java:203)
	at com.kms.katalon.core.main.TestSuiteExecutor.accessTestSuiteMainPhase(TestSuiteExecutor.java:152)
	at com.kms.katalon.core.main.TestSuiteExecutor.execute(TestSuiteExecutor.java:95)
	at com.kms.katalon.core.main.TestCaseMain.startTestSuite(TestCaseMain.java:157)
	at com.kms.katalon.core.main.TestCaseMain$startTestSuite$0.call(Unknown Source)
	at TempTestSuite1622220811607.run(TempTestSuite1622220811607.groovy:39)
Caused by: com.kms.katalon.core.exception.StepFailedException: Unable to click on object 'Object Repository/1712612_Mattermost Object/Page_test pin message - Test 1712612 Mattermost/button_Pin to Channel'
	at com.kms.katalon.core.webui.keyword.internal.WebUIKeywordMain.stepFailed(WebUIKeywordMain.groovy:64)
	at com.kms.katalon.core.webui.keyword.internal.WebUIKeywordMain.runKeyword(WebUIKeywordMain.groovy:26)
	at com.kms.katalon.core.webui.keyword.builtin.ClickKeyword.click(ClickKeyword.groovy:75)
	at com.kms.katalon.core.webui.keyword.builtin.ClickKeyword.execute(ClickKeyword.groovy:42)
	at com.kms.katalon.core.keyword.internal.KeywordExecutor.executeKeywordForPlatform(KeywordExecutor.groovy:73)
	at com.kms.katalon.core.webui.keyword.WebUiBuiltInKeywords.click(WebUiBuiltInKeywords.groovy:619)
	at com.kms.katalon.core.webui.keyword.WebUiBuiltInKeywords$click$3.call(Unknown Source)
	at TC27_PinMessageInPrivateChannel.run(TC27_PinMessageInPrivateChannel:28)
	at com.kms.katalon.core.main.ScriptEngine.run(ScriptEngine.java:194)
	at com.kms.katalon.core.main.ScriptEngine.runScriptAsRawText(ScriptEngine.java:119)
	at com.kms.katalon.core.main.TestCaseExecutor.runScript(TestCaseExecutor.java:398)
	at com.kms.katalon.core.main.TestCaseExecutor.doExecute(TestCaseExecutor.java:389)
	at com.kms.katalon.core.main.TestCaseExecutor.processExecutionPhase(TestCaseExecutor.java:368)
	at com.kms.katalon.core.main.TestCaseExecutor.accessMainPhase(TestCaseExecutor.java:360)
	at com.kms.katalon.core.main.TestCaseExecutor.execute(TestCaseExecutor.java:255)
	at com.kms.katalon.core.main.TestCaseMain.runTestCase(TestCaseMain.java:114)
	at com.kms.katalon.core.keyword.builtin.CallTestCaseKeyword$_callTestCase_closure1.doCall(CallTestCaseKeyword.groovy:59)
	... 20 more
Caused by: com.kms.katalon.core.webui.exception.WebElementNotFoundException: Web element with id: 'Object Repository/1712612_Mattermost Object/Page_test pin message - Test 1712612 Mattermost/button_Pin to Channel' located by '//li[@id='pin_post_brb8z9fihidfmxns5kwing6pqo']/button' not found
	at com.kms.katalon.core.webui.common.WebUiCommonHelper.findWebElement(WebUiCommonHelper.java:1368)
	at com.kms.katalon.core.webui.keyword.internal.WebUIAbstractKeyword.findWebElement(WebUIAbstractKeyword.groovy:27)
	at com.kms.katalon.core.webui.keyword.internal.WebUIAbstractKeyword.findWebElement(WebUIAbstractKeyword.groovy:26)
	at com.kms.katalon.core.webui.keyword.builtin.ClickKeyword$_click_closure1.doCall(ClickKeyword.groovy:66)
	at com.kms.katalon.core.webui.keyword.builtin.ClickKeyword$_click_closure1.call(ClickKeyword.groovy)
	at com.kms.katalon.core.webui.keyword.internal.WebUIKeywordMain.runKeyword(WebUIKeywordMain.groovy:20)
	... 35 more
)]]></system-out>
         <system-err><![CDATA[2021-05-29 00:16:18 - [TEST_CASE][FAILED] - Test Cases/1712612/TC29_UnpinMessageInPrivateChannel: Test Cases/1712612/TC29_UnpinMessageInPrivateChannel FAILED.
Reason:
com.kms.katalon.core.exception.StepFailedException: Call Test Case 'Test Cases/1712612/TC27_PinMessageInPrivateChannel' failed
	at com.kms.katalon.core.keyword.builtin.CallTestCaseKeyword$_callTestCase_closure1.doCall(CallTestCaseKeyword.groovy:63)
	at com.kms.katalon.core.keyword.builtin.CallTestCaseKeyword$_callTestCase_closure1.call(CallTestCaseKeyword.groovy)
	at com.kms.katalon.core.keyword.internal.KeywordMain.runKeyword(KeywordMain.groovy:68)
	at com.kms.katalon.core.keyword.builtin.CallTestCaseKeyword.callTestCase(CallTestCaseKeyword.groovy:81)
	at com.kms.katalon.core.keyword.builtin.CallTestCaseKeyword.execute(CallTestCaseKeyword.groovy:44)
	at com.kms.katalon.core.keyword.internal.KeywordExecutor.executeKeywordForPlatform(KeywordExecutor.groovy:73)
	at com.kms.katalon.core.keyword.BuiltinKeywords.callTestCase(BuiltinKeywords.groovy:334)
	at TC29_UnpinMessageInPrivateChannel.run(TC29_UnpinMessageInPrivateChannel:20)
	at com.kms.katalon.core.main.ScriptEngine.run(ScriptEngine.java:194)
	at com.kms.katalon.core.main.ScriptEngine.runScriptAsRawText(ScriptEngine.java:119)
	at com.kms.katalon.core.main.TestCaseExecutor.runScript(TestCaseExecutor.java:398)
	at com.kms.katalon.core.main.TestCaseExecutor.doExecute(TestCaseExecutor.java:389)
	at com.kms.katalon.core.main.TestCaseExecutor.processExecutionPhase(TestCaseExecutor.java:368)
	at com.kms.katalon.core.main.TestCaseExecutor.accessMainPhase(TestCaseExecutor.java:360)
	at com.kms.katalon.core.main.TestCaseExecutor.execute(TestCaseExecutor.java:255)
	at com.kms.katalon.core.main.TestSuiteExecutor.accessTestCaseMainPhase(TestSuiteExecutor.java:203)
	at com.kms.katalon.core.main.TestSuiteExecutor.accessTestSuiteMainPhase(TestSuiteExecutor.java:152)
	at com.kms.katalon.core.main.TestSuiteExecutor.execute(TestSuiteExecutor.java:95)
	at com.kms.katalon.core.main.TestCaseMain.startTestSuite(TestCaseMain.java:157)
	at com.kms.katalon.core.main.TestCaseMain$startTestSuite$0.call(Unknown Source)
	at TempTestSuite1622220811607.run(TempTestSuite1622220811607.groovy:39)
Caused by: com.kms.katalon.core.exception.StepFailedException: Unable to click on object 'Object Repository/1712612_Mattermost Object/Page_test pin message - Test 1712612 Mattermost/button_Pin to Channel'
	at com.kms.katalon.core.webui.keyword.internal.WebUIKeywordMain.stepFailed(WebUIKeywordMain.groovy:64)
	at com.kms.katalon.core.webui.keyword.internal.WebUIKeywordMain.runKeyword(WebUIKeywordMain.groovy:26)
	at com.kms.katalon.core.webui.keyword.builtin.ClickKeyword.click(ClickKeyword.groovy:75)
	at com.kms.katalon.core.webui.keyword.builtin.ClickKeyword.execute(ClickKeyword.groovy:42)
	at com.kms.katalon.core.keyword.internal.KeywordExecutor.executeKeywordForPlatform(KeywordExecutor.groovy:73)
	at com.kms.katalon.core.webui.keyword.WebUiBuiltInKeywords.click(WebUiBuiltInKeywords.groovy:619)
	at com.kms.katalon.core.webui.keyword.WebUiBuiltInKeywords$click$3.call(Unknown Source)
	at TC27_PinMessageInPrivateChannel.run(TC27_PinMessageInPrivateChannel:28)
	at com.kms.katalon.core.main.ScriptEngine.run(ScriptEngine.java:194)
	at com.kms.katalon.core.main.ScriptEngine.runScriptAsRawText(ScriptEngine.java:119)
	at com.kms.katalon.core.main.TestCaseExecutor.runScript(TestCaseExecutor.java:398)
	at com.kms.katalon.core.main.TestCaseExecutor.doExecute(TestCaseExecutor.java:389)
	at com.kms.katalon.core.main.TestCaseExecutor.processExecutionPhase(TestCaseExecutor.java:368)
	at com.kms.katalon.core.main.TestCaseExecutor.accessMainPhase(TestCaseExecutor.java:360)
	at com.kms.katalon.core.main.TestCaseExecutor.execute(TestCaseExecutor.java:255)
	at com.kms.katalon.core.main.TestCaseMain.runTestCase(TestCaseMain.java:114)
	at com.kms.katalon.core.keyword.builtin.CallTestCaseKeyword$_callTestCase_closure1.doCall(CallTestCaseKeyword.groovy:59)
	... 20 more
Caused by: com.kms.katalon.core.webui.exception.WebElementNotFoundException: Web element with id: 'Object Repository/1712612_Mattermost Object/Page_test pin message - Test 1712612 Mattermost/button_Pin to Channel' located by '//li[@id='pin_post_brb8z9fihidfmxns5kwing6pqo']/button' not found
	at com.kms.katalon.core.webui.common.WebUiCommonHelper.findWebElement(WebUiCommonHelper.java:1368)
	at com.kms.katalon.core.webui.keyword.internal.WebUIAbstractKeyword.findWebElement(WebUIAbstractKeyword.groovy:27)
	at com.kms.katalon.core.webui.keyword.internal.WebUIAbstractKeyword.findWebElement(WebUIAbstractKeyword.groovy:26)
	at com.kms.katalon.core.webui.keyword.builtin.ClickKeyword$_click_closure1.doCall(ClickKeyword.groovy:66)
	at com.kms.katalon.core.webui.keyword.builtin.ClickKeyword$_click_closure1.call(ClickKeyword.groovy)
	at com.kms.katalon.core.webui.keyword.internal.WebUIKeywordMain.runKeyword(WebUIKeywordMain.groovy:20)
	... 35 more]]></system-err>
      </testcase>
      <testcase name="Test Cases/1612049/TC35_Write a direct message" time="65.338" classname="Test Cases/1612049/TC35_Write a direct message" status="PASSED">
         <system-out><![CDATA[2021-05-29 00:17:46 - [TEST_CASE][PASSED] - Test Cases/1612049/TC35_Write a direct message: Test Cases/1612049/TC35_Write a direct message

2021-05-29 00:17:46 - [TEST_STEP][PASSED] - openBrowser(""): Browser is opened with url: ''

2021-05-29 00:17:46 - [MESSAGE][WARNING] - A browser is already opened. Closing browser and opening a new one

2021-05-29 00:17:48 - [MESSAGE][INFO] - Starting 'Chrome' driver

2021-05-29 00:17:48 - [MESSAGE][INFO] - Action delay is set to 0 milliseconds

2021-05-29 00:17:49 - [MESSAGE][PASSED] - Browser is opened with url: ''

2021-05-29 00:17:49 - [TEST_STEP][PASSED] - navigateToUrl("https://mattermostwebapp.herokuapp.com/"): Navigate to 'https://mattermostwebapp.herokuapp.com/' successfully

2021-05-29 00:17:53 - [MESSAGE][PASSED] - Navigate to 'https://mattermostwebapp.herokuapp.com/' successfully

2021-05-29 00:17:53 - [TEST_STEP][PASSED] - callTestCase(findTestCase("1612049/CommonTC/CTC_Login"), ["username":"jooie", "password":"6z6Vi2R3i06jbzaqW0pQ8Q=="], STOP_ON_FAILURE): Call Test Case 'Test Cases/1612049/CommonTC/CTC_Login' successfully

2021-05-29 00:17:53 - [TEST_CASE][PASSED] - Test Cases/1612049/CommonTC/CTC_Login: Test Cases/1612049/CommonTC/CTC_Login

2021-05-29 00:17:54 - [TEST_STEP][PASSED] - setText(findTestObject("Object Repository/1612049/Login_Screen/Page_Mattermost/input_All team communication in one place, _dcc84b"), username): Text 'jooie' is set on object 'Object Repository/1612049/Login_Screen/Page_Mattermost/input_All team communication in one place, _dcc84b'

2021-05-29 00:17:58 - [MESSAGE][PASSED] - Text 'jooie' is set on object 'Object Repository/1612049/Login_Screen/Page_Mattermost/input_All team communication in one place, _dcc84b'

2021-05-29 00:17:58 - [TEST_STEP][PASSED] - setEncryptedText(findTestObject("Object Repository/1612049/Login_Screen/Page_Mattermost/input_All team communication in one place, _a3edc6"), password): Text ****** has been set on object 'Object Repository/1612049/Login_Screen/Page_Mattermost/input_All team communication in one place, _a3edc6'

2021-05-29 00:17:59 - [MESSAGE][PASSED] - Text ****** has been set on object 'Object Repository/1612049/Login_Screen/Page_Mattermost/input_All team communication in one place, _a3edc6'

2021-05-29 00:17:59 - [TEST_STEP][PASSED] - click(findTestObject("Object Repository/1612049/Login_Screen/Page_Mattermost/button_Sign in")): Object: 'Object Repository/1612049/Login_Screen/Page_Mattermost/button_Sign in' is clicked on

2021-05-29 00:17:59 - [MESSAGE][PASSED] - Object: 'Object Repository/1612049/Login_Screen/Page_Mattermost/button_Sign in' is clicked on

2021-05-29 00:17:59 - [MESSAGE][PASSED] - Call Test Case 'Test Cases/1612049/CommonTC/CTC_Login' successfully

2021-05-29 00:17:59 - [TEST_STEP][PASSED] - for ([i = 1, i <= 5, i += 1]): null

2021-05-29 00:17:59 - [TEST_STEP][PASSED] - click(findTestObject("Object Repository/1612049/Index_Sidebarr/Page_(1)  Town Square - noname Mattermost/span_")): Object: 'Object Repository/1612049/Index_Sidebarr/Page_(1)  Town Square - noname Mattermost/span_' is clicked on

2021-05-29 00:18:03 - [MESSAGE][PASSED] - Object: 'Object Repository/1612049/Index_Sidebarr/Page_(1)  Town Square - noname Mattermost/span_' is clicked on

2021-05-29 00:18:03 - [TEST_STEP][PASSED] - setText(findTestObject("1612049/DirectMessage_Workspace/Searchbox/input_Search Box_searchbox"), findTestData("1612049/Data TC35 Write a direct message").getValue(1, i)): Text 'huykhoi' is set on object 'Object Repository/1612049/DirectMessage_Workspace/Searchbox/input_Search Box_searchbox'

2021-05-29 00:18:05 - [MESSAGE][PASSED] - Text 'huykhoi' is set on object 'Object Repository/1612049/DirectMessage_Workspace/Searchbox/input_Search Box_searchbox'

2021-05-29 00:18:05 - [TEST_STEP][PASSED] - if (verifyElementPresent(findTestObject("1612049/DirectMessage_Dialog/div_Search Username Result_searchResult"), 10, CONTINUE_ON_FAILURE)): null

2021-05-29 00:18:06 - [MESSAGE][PASSED] - Object 'Object Repository/1612049/DirectMessage_Dialog/div_Search Username Result_searchResult' is present

2021-05-29 00:18:06 - [TEST_STEP][PASSED] - sendKeys(findTestObject("1612049/DirectMessage_Workspace/Searchbox/input_Search Box_searchbox"), Keys.chord(ENTER)): Keys 'ENTER + ' sent to object: 'Object Repository/1612049/DirectMessage_Workspace/Searchbox/input_Search Box_searchbox'

2021-05-29 00:18:07 - [MESSAGE][PASSED] - Keys 'ENTER + ' sent to object: 'Object Repository/1612049/DirectMessage_Workspace/Searchbox/input_Search Box_searchbox'

2021-05-29 00:18:07 - [TEST_STEP][PASSED] - click(findTestObject("Object Repository/1612049/DirectMessage_Workspace/Page_(1)  abchuykhoi - noname Mattermost/button_Go")): Object: 'Object Repository/1612049/DirectMessage_Workspace/Page_(1)  abchuykhoi - noname Mattermost/button_Go' is clicked on

2021-05-29 00:18:08 - [MESSAGE][PASSED] - Object: 'Object Repository/1612049/DirectMessage_Workspace/Page_(1)  abchuykhoi - noname Mattermost/button_Go' is clicked on

2021-05-29 00:18:08 - [TEST_STEP][PASSED] - if (verifyElementPresent(findTestObject("1612049/inputarea_Direct Message_directMessage"), 5, CONTINUE_ON_FAILURE)): null

2021-05-29 00:18:09 - [MESSAGE][PASSED] - Object 'Object Repository/1612049/inputarea_Direct Message_directMessage' is present

2021-05-29 00:18:09 - [TEST_STEP][PASSED] - setText(findTestObject("1612049/inputarea_Direct Message_directMessage"), "Hello, " + findTestData("1612049/Data TC35 Write a direct message").getValue(1, i)): Text 'Hello, huykhoi' is set on object 'Object Repository/1612049/inputarea_Direct Message_directMessage'

2021-05-29 00:18:10 - [MESSAGE][PASSED] - Text 'Hello, huykhoi' is set on object 'Object Repository/1612049/inputarea_Direct Message_directMessage'

2021-05-29 00:18:10 - [TEST_STEP][PASSED] - sendKeys(findTestObject("1612049/inputarea_Direct Message_directMessage"), Keys.chord(ENTER)): Keys 'ENTER + ' sent to object: 'Object Repository/1612049/inputarea_Direct Message_directMessage'

2021-05-29 00:18:11 - [MESSAGE][PASSED] - Keys 'ENTER + ' sent to object: 'Object Repository/1612049/inputarea_Direct Message_directMessage'

2021-05-29 00:18:11 - [TEST_STEP][PASSED] - Thread.sleep(2000): null

2021-05-29 00:18:13 - [TEST_STEP][PASSED] - click(findTestObject("Object Repository/1612049/Index_Sidebarr/Page_(1)  Town Square - noname Mattermost/span_")): Object: 'Object Repository/1612049/Index_Sidebarr/Page_(1)  Town Square - noname Mattermost/span_' is clicked on

2021-05-29 00:18:13 - [MESSAGE][PASSED] - Object: 'Object Repository/1612049/Index_Sidebarr/Page_(1)  Town Square - noname Mattermost/span_' is clicked on

2021-05-29 00:18:13 - [TEST_STEP][PASSED] - setText(findTestObject("1612049/DirectMessage_Workspace/Searchbox/input_Search Box_searchbox"), findTestData("1612049/Data TC35 Write a direct message").getValue(1, i)): Text 'nghi_tran' is set on object 'Object Repository/1612049/DirectMessage_Workspace/Searchbox/input_Search Box_searchbox'

2021-05-29 00:18:15 - [MESSAGE][PASSED] - Text 'nghi_tran' is set on object 'Object Repository/1612049/DirectMessage_Workspace/Searchbox/input_Search Box_searchbox'

2021-05-29 00:18:15 - [TEST_STEP][PASSED] - if (verifyElementPresent(findTestObject("1612049/DirectMessage_Dialog/div_Search Username Result_searchResult"), 10, CONTINUE_ON_FAILURE)): null

2021-05-29 00:18:16 - [MESSAGE][PASSED] - Object 'Object Repository/1612049/DirectMessage_Dialog/div_Search Username Result_searchResult' is present

2021-05-29 00:18:16 - [TEST_STEP][PASSED] - sendKeys(findTestObject("1612049/DirectMessage_Workspace/Searchbox/input_Search Box_searchbox"), Keys.chord(ENTER)): Keys 'ENTER + ' sent to object: 'Object Repository/1612049/DirectMessage_Workspace/Searchbox/input_Search Box_searchbox'

2021-05-29 00:18:17 - [MESSAGE][PASSED] - Keys 'ENTER + ' sent to object: 'Object Repository/1612049/DirectMessage_Workspace/Searchbox/input_Search Box_searchbox'

2021-05-29 00:18:17 - [TEST_STEP][PASSED] - click(findTestObject("Object Repository/1612049/DirectMessage_Workspace/Page_(1)  abchuykhoi - noname Mattermost/button_Go")): Object: 'Object Repository/1612049/DirectMessage_Workspace/Page_(1)  abchuykhoi - noname Mattermost/button_Go' is clicked on

2021-05-29 00:18:17 - [MESSAGE][PASSED] - Object: 'Object Repository/1612049/DirectMessage_Workspace/Page_(1)  abchuykhoi - noname Mattermost/button_Go' is clicked on

2021-05-29 00:18:17 - [TEST_STEP][PASSED] - if (verifyElementPresent(findTestObject("1612049/inputarea_Direct Message_directMessage"), 5, CONTINUE_ON_FAILURE)): null

2021-05-29 00:18:19 - [MESSAGE][PASSED] - Object 'Object Repository/1612049/inputarea_Direct Message_directMessage' is present

2021-05-29 00:18:19 - [TEST_STEP][PASSED] - setText(findTestObject("1612049/inputarea_Direct Message_directMessage"), "Hello, " + findTestData("1612049/Data TC35 Write a direct message").getValue(1, i)): Text 'Hello, nghi_tran' is set on object 'Object Repository/1612049/inputarea_Direct Message_directMessage'

2021-05-29 00:18:20 - [MESSAGE][PASSED] - Text 'Hello, nghi_tran' is set on object 'Object Repository/1612049/inputarea_Direct Message_directMessage'

2021-05-29 00:18:20 - [TEST_STEP][PASSED] - sendKeys(findTestObject("1612049/inputarea_Direct Message_directMessage"), Keys.chord(ENTER)): Keys 'ENTER + ' sent to object: 'Object Repository/1612049/inputarea_Direct Message_directMessage'

2021-05-29 00:18:20 - [MESSAGE][PASSED] - Keys 'ENTER + ' sent to object: 'Object Repository/1612049/inputarea_Direct Message_directMessage'

2021-05-29 00:18:20 - [TEST_STEP][PASSED] - Thread.sleep(2000): null

2021-05-29 00:18:22 - [TEST_STEP][PASSED] - click(findTestObject("Object Repository/1612049/Index_Sidebarr/Page_(1)  Town Square - noname Mattermost/span_")): Object: 'Object Repository/1612049/Index_Sidebarr/Page_(1)  Town Square - noname Mattermost/span_' is clicked on

2021-05-29 00:18:23 - [MESSAGE][PASSED] - Object: 'Object Repository/1612049/Index_Sidebarr/Page_(1)  Town Square - noname Mattermost/span_' is clicked on

2021-05-29 00:18:23 - [TEST_STEP][PASSED] - setText(findTestObject("1612049/DirectMessage_Workspace/Searchbox/input_Search Box_searchbox"), findTestData("1612049/Data TC35 Write a direct message").getValue(1, i)): Text 'phuc' is set on object 'Object Repository/1612049/DirectMessage_Workspace/Searchbox/input_Search Box_searchbox'

2021-05-29 00:18:24 - [MESSAGE][PASSED] - Text 'phuc' is set on object 'Object Repository/1612049/DirectMessage_Workspace/Searchbox/input_Search Box_searchbox'

2021-05-29 00:18:24 - [TEST_STEP][PASSED] - if (verifyElementPresent(findTestObject("1612049/DirectMessage_Dialog/div_Search Username Result_searchResult"), 10, CONTINUE_ON_FAILURE)): null

2021-05-29 00:18:26 - [MESSAGE][PASSED] - Object 'Object Repository/1612049/DirectMessage_Dialog/div_Search Username Result_searchResult' is present

2021-05-29 00:18:26 - [TEST_STEP][PASSED] - sendKeys(findTestObject("1612049/DirectMessage_Workspace/Searchbox/input_Search Box_searchbox"), Keys.chord(ENTER)): Keys 'ENTER + ' sent to object: 'Object Repository/1612049/DirectMessage_Workspace/Searchbox/input_Search Box_searchbox'

2021-05-29 00:18:26 - [MESSAGE][PASSED] - Keys 'ENTER + ' sent to object: 'Object Repository/1612049/DirectMessage_Workspace/Searchbox/input_Search Box_searchbox'

2021-05-29 00:18:26 - [TEST_STEP][PASSED] - click(findTestObject("Object Repository/1612049/DirectMessage_Workspace/Page_(1)  abchuykhoi - noname Mattermost/button_Go")): Object: 'Object Repository/1612049/DirectMessage_Workspace/Page_(1)  abchuykhoi - noname Mattermost/button_Go' is clicked on

2021-05-29 00:18:27 - [MESSAGE][PASSED] - Object: 'Object Repository/1612049/DirectMessage_Workspace/Page_(1)  abchuykhoi - noname Mattermost/button_Go' is clicked on

2021-05-29 00:18:27 - [TEST_STEP][PASSED] - if (verifyElementPresent(findTestObject("1612049/inputarea_Direct Message_directMessage"), 5, CONTINUE_ON_FAILURE)): null

2021-05-29 00:18:28 - [MESSAGE][PASSED] - Object 'Object Repository/1612049/inputarea_Direct Message_directMessage' is present

2021-05-29 00:18:28 - [TEST_STEP][PASSED] - setText(findTestObject("1612049/inputarea_Direct Message_directMessage"), "Hello, " + findTestData("1612049/Data TC35 Write a direct message").getValue(1, i)): Text 'Hello, phuc' is set on object 'Object Repository/1612049/inputarea_Direct Message_directMessage'

2021-05-29 00:18:29 - [MESSAGE][PASSED] - Text 'Hello, phuc' is set on object 'Object Repository/1612049/inputarea_Direct Message_directMessage'

2021-05-29 00:18:29 - [TEST_STEP][PASSED] - sendKeys(findTestObject("1612049/inputarea_Direct Message_directMessage"), Keys.chord(ENTER)): Keys 'ENTER + ' sent to object: 'Object Repository/1612049/inputarea_Direct Message_directMessage'

2021-05-29 00:18:29 - [MESSAGE][PASSED] - Keys 'ENTER + ' sent to object: 'Object Repository/1612049/inputarea_Direct Message_directMessage'

2021-05-29 00:18:29 - [TEST_STEP][PASSED] - Thread.sleep(2000): null

2021-05-29 00:18:31 - [TEST_STEP][PASSED] - click(findTestObject("Object Repository/1612049/Index_Sidebarr/Page_(1)  Town Square - noname Mattermost/span_")): Object: 'Object Repository/1612049/Index_Sidebarr/Page_(1)  Town Square - noname Mattermost/span_' is clicked on

2021-05-29 00:18:32 - [MESSAGE][PASSED] - Object: 'Object Repository/1612049/Index_Sidebarr/Page_(1)  Town Square - noname Mattermost/span_' is clicked on

2021-05-29 00:18:32 - [TEST_STEP][PASSED] - setText(findTestObject("1612049/DirectMessage_Workspace/Searchbox/input_Search Box_searchbox"), findTestData("1612049/Data TC35 Write a direct message").getValue(1, i)): Text 'abchuykhoi' is set on object 'Object Repository/1612049/DirectMessage_Workspace/Searchbox/input_Search Box_searchbox'

2021-05-29 00:18:34 - [MESSAGE][PASSED] - Text 'abchuykhoi' is set on object 'Object Repository/1612049/DirectMessage_Workspace/Searchbox/input_Search Box_searchbox'

2021-05-29 00:18:34 - [TEST_STEP][PASSED] - if (verifyElementPresent(findTestObject("1612049/DirectMessage_Dialog/div_Search Username Result_searchResult"), 10, CONTINUE_ON_FAILURE)): null

2021-05-29 00:18:35 - [MESSAGE][PASSED] - Object 'Object Repository/1612049/DirectMessage_Dialog/div_Search Username Result_searchResult' is present

2021-05-29 00:18:35 - [TEST_STEP][PASSED] - sendKeys(findTestObject("1612049/DirectMessage_Workspace/Searchbox/input_Search Box_searchbox"), Keys.chord(ENTER)): Keys 'ENTER + ' sent to object: 'Object Repository/1612049/DirectMessage_Workspace/Searchbox/input_Search Box_searchbox'

2021-05-29 00:18:35 - [MESSAGE][PASSED] - Keys 'ENTER + ' sent to object: 'Object Repository/1612049/DirectMessage_Workspace/Searchbox/input_Search Box_searchbox'

2021-05-29 00:18:35 - [TEST_STEP][PASSED] - click(findTestObject("Object Repository/1612049/DirectMessage_Workspace/Page_(1)  abchuykhoi - noname Mattermost/button_Go")): Object: 'Object Repository/1612049/DirectMessage_Workspace/Page_(1)  abchuykhoi - noname Mattermost/button_Go' is clicked on

2021-05-29 00:18:36 - [MESSAGE][PASSED] - Object: 'Object Repository/1612049/DirectMessage_Workspace/Page_(1)  abchuykhoi - noname Mattermost/button_Go' is clicked on

2021-05-29 00:18:36 - [TEST_STEP][PASSED] - if (verifyElementPresent(findTestObject("1612049/inputarea_Direct Message_directMessage"), 5, CONTINUE_ON_FAILURE)): null

2021-05-29 00:18:37 - [MESSAGE][PASSED] - Object 'Object Repository/1612049/inputarea_Direct Message_directMessage' is present

2021-05-29 00:18:37 - [TEST_STEP][PASSED] - setText(findTestObject("1612049/inputarea_Direct Message_directMessage"), "Hello, " + findTestData("1612049/Data TC35 Write a direct message").getValue(1, i)): Text 'Hello, abchuykhoi' is set on object 'Object Repository/1612049/inputarea_Direct Message_directMessage'

2021-05-29 00:18:38 - [MESSAGE][PASSED] - Text 'Hello, abchuykhoi' is set on object 'Object Repository/1612049/inputarea_Direct Message_directMessage'

2021-05-29 00:18:38 - [TEST_STEP][PASSED] - sendKeys(findTestObject("1612049/inputarea_Direct Message_directMessage"), Keys.chord(ENTER)): Keys 'ENTER + ' sent to object: 'Object Repository/1612049/inputarea_Direct Message_directMessage'

2021-05-29 00:18:39 - [MESSAGE][PASSED] - Keys 'ENTER + ' sent to object: 'Object Repository/1612049/inputarea_Direct Message_directMessage'

2021-05-29 00:18:39 - [TEST_STEP][PASSED] - Thread.sleep(2000): null

2021-05-29 00:18:41 - [TEST_STEP][PASSED] - click(findTestObject("Object Repository/1612049/Index_Sidebarr/Page_(1)  Town Square - noname Mattermost/span_")): Object: 'Object Repository/1612049/Index_Sidebarr/Page_(1)  Town Square - noname Mattermost/span_' is clicked on

2021-05-29 00:18:42 - [MESSAGE][PASSED] - Object: 'Object Repository/1612049/Index_Sidebarr/Page_(1)  Town Square - noname Mattermost/span_' is clicked on

2021-05-29 00:18:42 - [TEST_STEP][PASSED] - setText(findTestObject("1612049/DirectMessage_Workspace/Searchbox/input_Search Box_searchbox"), findTestData("1612049/Data TC35 Write a direct message").getValue(1, i)): Text 'huykhoi263' is set on object 'Object Repository/1612049/DirectMessage_Workspace/Searchbox/input_Search Box_searchbox'

2021-05-29 00:18:43 - [MESSAGE][PASSED] - Text 'huykhoi263' is set on object 'Object Repository/1612049/DirectMessage_Workspace/Searchbox/input_Search Box_searchbox'

2021-05-29 00:18:43 - [TEST_STEP][PASSED] - if (verifyElementPresent(findTestObject("1612049/DirectMessage_Dialog/div_Search Username Result_searchResult"), 10, CONTINUE_ON_FAILURE)): null

2021-05-29 00:18:45 - [MESSAGE][PASSED] - Object 'Object Repository/1612049/DirectMessage_Dialog/div_Search Username Result_searchResult' is present

2021-05-29 00:18:45 - [TEST_STEP][PASSED] - sendKeys(findTestObject("1612049/DirectMessage_Workspace/Searchbox/input_Search Box_searchbox"), Keys.chord(ENTER)): Keys 'ENTER + ' sent to object: 'Object Repository/1612049/DirectMessage_Workspace/Searchbox/input_Search Box_searchbox'

2021-05-29 00:18:45 - [MESSAGE][PASSED] - Keys 'ENTER + ' sent to object: 'Object Repository/1612049/DirectMessage_Workspace/Searchbox/input_Search Box_searchbox'

2021-05-29 00:18:45 - [TEST_STEP][PASSED] - click(findTestObject("Object Repository/1612049/DirectMessage_Workspace/Page_(1)  abchuykhoi - noname Mattermost/button_Go")): Object: 'Object Repository/1612049/DirectMessage_Workspace/Page_(1)  abchuykhoi - noname Mattermost/button_Go' is clicked on

2021-05-29 00:18:46 - [MESSAGE][PASSED] - Object: 'Object Repository/1612049/DirectMessage_Workspace/Page_(1)  abchuykhoi - noname Mattermost/button_Go' is clicked on

2021-05-29 00:18:46 - [TEST_STEP][PASSED] - if (verifyElementPresent(findTestObject("1612049/inputarea_Direct Message_directMessage"), 5, CONTINUE_ON_FAILURE)): null

2021-05-29 00:18:47 - [MESSAGE][PASSED] - Object 'Object Repository/1612049/inputarea_Direct Message_directMessage' is present

2021-05-29 00:18:47 - [TEST_STEP][PASSED] - setText(findTestObject("1612049/inputarea_Direct Message_directMessage"), "Hello, " + findTestData("1612049/Data TC35 Write a direct message").getValue(1, i)): Text 'Hello, huykhoi263' is set on object 'Object Repository/1612049/inputarea_Direct Message_directMessage'

2021-05-29 00:18:48 - [MESSAGE][PASSED] - Text 'Hello, huykhoi263' is set on object 'Object Repository/1612049/inputarea_Direct Message_directMessage'

2021-05-29 00:18:48 - [TEST_STEP][PASSED] - sendKeys(findTestObject("1612049/inputarea_Direct Message_directMessage"), Keys.chord(ENTER)): Keys 'ENTER + ' sent to object: 'Object Repository/1612049/inputarea_Direct Message_directMessage'

2021-05-29 00:18:48 - [MESSAGE][PASSED] - Keys 'ENTER + ' sent to object: 'Object Repository/1612049/inputarea_Direct Message_directMessage'

2021-05-29 00:18:48 - [TEST_STEP][PASSED] - Thread.sleep(2000): null

2021-05-29 00:18:50 - [TEST_STEP][PASSED] - closeBrowser(): Browser is closed

2021-05-29 00:18:51 - [MESSAGE][PASSED] - Browser is closed]]></system-out>
         <system-err><![CDATA[]]></system-err>
      </testcase>
      <testcase name="Test Cases/1612049/TC36_Search messages" time="29.901" classname="Test Cases/1612049/TC36_Search messages" status="PASSED">
         <system-out><![CDATA[2021-05-29 00:18:51 - [TEST_CASE][PASSED] - Test Cases/1612049/TC36_Search messages: Test Cases/1612049/TC36_Search messages

2021-05-29 00:18:52 - [TEST_STEP][PASSED] - openBrowser(""): Browser is opened with url: ''

2021-05-29 00:18:52 - [MESSAGE][INFO] - Starting 'Chrome' driver

2021-05-29 00:18:52 - [MESSAGE][INFO] - Action delay is set to 0 milliseconds

2021-05-29 00:18:53 - [MESSAGE][PASSED] - Browser is opened with url: ''

2021-05-29 00:18:53 - [TEST_STEP][PASSED] - navigateToUrl("https://mattermostwebapp.herokuapp.com/"): Navigate to 'https://mattermostwebapp.herokuapp.com/' successfully

2021-05-29 00:18:57 - [MESSAGE][PASSED] - Navigate to 'https://mattermostwebapp.herokuapp.com/' successfully

2021-05-29 00:18:57 - [TEST_STEP][PASSED] - callTestCase(findTestCase("1612049/CommonTC/CTC_Login"), ["username":"jooie", "password":"6z6Vi2R3i06jbzaqW0pQ8Q=="], STOP_ON_FAILURE): Call Test Case 'Test Cases/1612049/CommonTC/CTC_Login' successfully

2021-05-29 00:18:57 - [TEST_CASE][PASSED] - Test Cases/1612049/CommonTC/CTC_Login: Test Cases/1612049/CommonTC/CTC_Login

2021-05-29 00:18:57 - [TEST_STEP][PASSED] - setText(findTestObject("Object Repository/1612049/Login_Screen/Page_Mattermost/input_All team communication in one place, _dcc84b"), username): Text 'jooie' is set on object 'Object Repository/1612049/Login_Screen/Page_Mattermost/input_All team communication in one place, _dcc84b'

2021-05-29 00:19:02 - [MESSAGE][PASSED] - Text 'jooie' is set on object 'Object Repository/1612049/Login_Screen/Page_Mattermost/input_All team communication in one place, _dcc84b'

2021-05-29 00:19:02 - [TEST_STEP][PASSED] - setEncryptedText(findTestObject("Object Repository/1612049/Login_Screen/Page_Mattermost/input_All team communication in one place, _a3edc6"), password): Text ****** has been set on object 'Object Repository/1612049/Login_Screen/Page_Mattermost/input_All team communication in one place, _a3edc6'

2021-05-29 00:19:02 - [MESSAGE][PASSED] - Text ****** has been set on object 'Object Repository/1612049/Login_Screen/Page_Mattermost/input_All team communication in one place, _a3edc6'

2021-05-29 00:19:02 - [TEST_STEP][PASSED] - click(findTestObject("Object Repository/1612049/Login_Screen/Page_Mattermost/button_Sign in")): Object: 'Object Repository/1612049/Login_Screen/Page_Mattermost/button_Sign in' is clicked on

2021-05-29 00:19:03 - [MESSAGE][PASSED] - Object: 'Object Repository/1612049/Login_Screen/Page_Mattermost/button_Sign in' is clicked on

2021-05-29 00:19:03 - [MESSAGE][PASSED] - Call Test Case 'Test Cases/1612049/CommonTC/CTC_Login' successfully

2021-05-29 00:19:03 - [TEST_STEP][PASSED] - click(findTestObject("1612049/DirectMessage_Workspace/Searchbox/button_(Edit)_channelHeaderSearchButton")): Object: 'Object Repository/1612049/DirectMessage_Workspace/Searchbox/button_(Edit)_channelHeaderSearchButton' is clicked on

2021-05-29 00:19:07 - [MESSAGE][PASSED] - Object: 'Object Repository/1612049/DirectMessage_Workspace/Searchbox/button_(Edit)_channelHeaderSearchButton' is clicked on

2021-05-29 00:19:07 - [TEST_STEP][PASSED] - for ([index = 1, index <= 5, (index++)]): Object: 'Object Repository/1612049/DirectMessage_Workspace/Searchbox/btn_Delete Search Text_deleteTextButton' is clicked on

2021-05-29 00:19:07 - [TEST_STEP][PASSED] - setText(findTestObject("1612049/DirectMessage_Workspace/input_(Edit)_searchBox"), findTestData("1612049/Data TC36 Search messages").getValue(1, index)): Text 'test' is set on object 'Object Repository/1612049/DirectMessage_Workspace/input_(Edit)_searchBox'

2021-05-29 00:19:08 - [MESSAGE][PASSED] - Text 'test' is set on object 'Object Repository/1612049/DirectMessage_Workspace/input_(Edit)_searchBox'

2021-05-29 00:19:08 - [TEST_STEP][PASSED] - sendKeys(findTestObject("1612049/DirectMessage_Workspace/input_(Edit)_searchBox"), Keys.chord(ENTER)): Keys 'ENTER + ' sent to object: 'Object Repository/1612049/DirectMessage_Workspace/input_(Edit)_searchBox'

2021-05-29 00:19:09 - [MESSAGE][PASSED] - Keys 'ENTER + ' sent to object: 'Object Repository/1612049/DirectMessage_Workspace/input_(Edit)_searchBox'

2021-05-29 00:19:09 - [TEST_STEP][PASSED] - click(findTestObject("1612049/DirectMessage_Workspace/Searchbox/btn_Delete Search Text_deleteTextButton")): Object: 'Object Repository/1612049/DirectMessage_Workspace/Searchbox/btn_Delete Search Text_deleteTextButton' is clicked on

2021-05-29 00:19:10 - [MESSAGE][PASSED] - Object: 'Object Repository/1612049/DirectMessage_Workspace/Searchbox/btn_Delete Search Text_deleteTextButton' is clicked on

2021-05-29 00:19:10 - [TEST_STEP][PASSED] - setText(findTestObject("1612049/DirectMessage_Workspace/input_(Edit)_searchBox"), findTestData("1612049/Data TC36 Search messages").getValue(1, index)): Text 'colo' is set on object 'Object Repository/1612049/DirectMessage_Workspace/input_(Edit)_searchBox'

2021-05-29 00:19:11 - [MESSAGE][PASSED] - Text 'colo' is set on object 'Object Repository/1612049/DirectMessage_Workspace/input_(Edit)_searchBox'

2021-05-29 00:19:11 - [TEST_STEP][PASSED] - sendKeys(findTestObject("1612049/DirectMessage_Workspace/input_(Edit)_searchBox"), Keys.chord(ENTER)): Keys 'ENTER + ' sent to object: 'Object Repository/1612049/DirectMessage_Workspace/input_(Edit)_searchBox'

2021-05-29 00:19:11 - [MESSAGE][PASSED] - Keys 'ENTER + ' sent to object: 'Object Repository/1612049/DirectMessage_Workspace/input_(Edit)_searchBox'

2021-05-29 00:19:11 - [TEST_STEP][PASSED] - click(findTestObject("1612049/DirectMessage_Workspace/Searchbox/btn_Delete Search Text_deleteTextButton")): Object: 'Object Repository/1612049/DirectMessage_Workspace/Searchbox/btn_Delete Search Text_deleteTextButton' is clicked on

2021-05-29 00:19:12 - [MESSAGE][PASSED] - Object: 'Object Repository/1612049/DirectMessage_Workspace/Searchbox/btn_Delete Search Text_deleteTextButton' is clicked on

2021-05-29 00:19:12 - [TEST_STEP][PASSED] - setText(findTestObject("1612049/DirectMessage_Workspace/input_(Edit)_searchBox"), findTestData("1612049/Data TC36 Search messages").getValue(1, index)): Text 'abc' is set on object 'Object Repository/1612049/DirectMessage_Workspace/input_(Edit)_searchBox'

2021-05-29 00:19:13 - [MESSAGE][PASSED] - Text 'abc' is set on object 'Object Repository/1612049/DirectMessage_Workspace/input_(Edit)_searchBox'

2021-05-29 00:19:13 - [TEST_STEP][PASSED] - sendKeys(findTestObject("1612049/DirectMessage_Workspace/input_(Edit)_searchBox"), Keys.chord(ENTER)): Keys 'ENTER + ' sent to object: 'Object Repository/1612049/DirectMessage_Workspace/input_(Edit)_searchBox'

2021-05-29 00:19:14 - [MESSAGE][PASSED] - Keys 'ENTER + ' sent to object: 'Object Repository/1612049/DirectMessage_Workspace/input_(Edit)_searchBox'

2021-05-29 00:19:14 - [TEST_STEP][PASSED] - click(findTestObject("1612049/DirectMessage_Workspace/Searchbox/btn_Delete Search Text_deleteTextButton")): Object: 'Object Repository/1612049/DirectMessage_Workspace/Searchbox/btn_Delete Search Text_deleteTextButton' is clicked on

2021-05-29 00:19:15 - [MESSAGE][PASSED] - Object: 'Object Repository/1612049/DirectMessage_Workspace/Searchbox/btn_Delete Search Text_deleteTextButton' is clicked on

2021-05-29 00:19:15 - [TEST_STEP][PASSED] - setText(findTestObject("1612049/DirectMessage_Workspace/input_(Edit)_searchBox"), findTestData("1612049/Data TC36 Search messages").getValue(1, index)): Text 'hello' is set on object 'Object Repository/1612049/DirectMessage_Workspace/input_(Edit)_searchBox'

2021-05-29 00:19:16 - [MESSAGE][PASSED] - Text 'hello' is set on object 'Object Repository/1612049/DirectMessage_Workspace/input_(Edit)_searchBox'

2021-05-29 00:19:16 - [TEST_STEP][PASSED] - sendKeys(findTestObject("1612049/DirectMessage_Workspace/input_(Edit)_searchBox"), Keys.chord(ENTER)): Keys 'ENTER + ' sent to object: 'Object Repository/1612049/DirectMessage_Workspace/input_(Edit)_searchBox'

2021-05-29 00:19:17 - [MESSAGE][PASSED] - Keys 'ENTER + ' sent to object: 'Object Repository/1612049/DirectMessage_Workspace/input_(Edit)_searchBox'

2021-05-29 00:19:17 - [TEST_STEP][PASSED] - click(findTestObject("1612049/DirectMessage_Workspace/Searchbox/btn_Delete Search Text_deleteTextButton")): Object: 'Object Repository/1612049/DirectMessage_Workspace/Searchbox/btn_Delete Search Text_deleteTextButton' is clicked on

2021-05-29 00:19:18 - [MESSAGE][PASSED] - Object: 'Object Repository/1612049/DirectMessage_Workspace/Searchbox/btn_Delete Search Text_deleteTextButton' is clicked on

2021-05-29 00:19:18 - [TEST_STEP][PASSED] - setText(findTestObject("1612049/DirectMessage_Workspace/input_(Edit)_searchBox"), findTestData("1612049/Data TC36 Search messages").getValue(1, index)): Text 'oscar' is set on object 'Object Repository/1612049/DirectMessage_Workspace/input_(Edit)_searchBox'

2021-05-29 00:19:19 - [MESSAGE][PASSED] - Text 'oscar' is set on object 'Object Repository/1612049/DirectMessage_Workspace/input_(Edit)_searchBox'

2021-05-29 00:19:19 - [TEST_STEP][PASSED] - sendKeys(findTestObject("1612049/DirectMessage_Workspace/input_(Edit)_searchBox"), Keys.chord(ENTER)): Keys 'ENTER + ' sent to object: 'Object Repository/1612049/DirectMessage_Workspace/input_(Edit)_searchBox'

2021-05-29 00:19:19 - [MESSAGE][PASSED] - Keys 'ENTER + ' sent to object: 'Object Repository/1612049/DirectMessage_Workspace/input_(Edit)_searchBox'

2021-05-29 00:19:19 - [TEST_STEP][PASSED] - click(findTestObject("1612049/DirectMessage_Workspace/Searchbox/btn_Delete Search Text_deleteTextButton")): Object: 'Object Repository/1612049/DirectMessage_Workspace/Searchbox/btn_Delete Search Text_deleteTextButton' is clicked on

2021-05-29 00:19:20 - [MESSAGE][PASSED] - Object: 'Object Repository/1612049/DirectMessage_Workspace/Searchbox/btn_Delete Search Text_deleteTextButton' is clicked on

2021-05-29 00:19:20 - [TEST_STEP][PASSED] - closeBrowser(): Browser is closed

2021-05-29 00:19:21 - [MESSAGE][PASSED] - Browser is closed]]></system-out>
         <system-err><![CDATA[]]></system-err>
      </testcase>
      <testcase name="Test Cases/1612049/TC37_Add mention" time="26.556" classname="Test Cases/1612049/TC37_Add mention" status="PASSED">
         <system-out><![CDATA[2021-05-29 00:19:21 - [TEST_CASE][PASSED] - Test Cases/1612049/TC37_Add mention: Test Cases/1612049/TC37_Add mention

2021-05-29 00:19:22 - [TEST_STEP][PASSED] - openBrowser(""): Browser is opened with url: ''

2021-05-29 00:19:22 - [MESSAGE][INFO] - Starting 'Chrome' driver

2021-05-29 00:19:22 - [MESSAGE][INFO] - Action delay is set to 0 milliseconds

2021-05-29 00:19:23 - [MESSAGE][PASSED] - Browser is opened with url: ''

2021-05-29 00:19:23 - [TEST_STEP][PASSED] - navigateToUrl("https://mattermostwebapp.herokuapp.com/"): Navigate to 'https://mattermostwebapp.herokuapp.com/' successfully

2021-05-29 00:19:26 - [MESSAGE][PASSED] - Navigate to 'https://mattermostwebapp.herokuapp.com/' successfully

2021-05-29 00:19:26 - [TEST_STEP][PASSED] - callTestCase(findTestCase("1612049/CommonTC/CTC_Login"), ["username":"jooie", "password":"6z6Vi2R3i06jbzaqW0pQ8Q=="], STOP_ON_FAILURE): Call Test Case 'Test Cases/1612049/CommonTC/CTC_Login' successfully

2021-05-29 00:19:27 - [TEST_CASE][PASSED] - Test Cases/1612049/CommonTC/CTC_Login: Test Cases/1612049/CommonTC/CTC_Login

2021-05-29 00:19:27 - [TEST_STEP][PASSED] - setText(findTestObject("Object Repository/1612049/Login_Screen/Page_Mattermost/input_All team communication in one place, _dcc84b"), username): Text 'jooie' is set on object 'Object Repository/1612049/Login_Screen/Page_Mattermost/input_All team communication in one place, _dcc84b'

2021-05-29 00:19:32 - [MESSAGE][PASSED] - Text 'jooie' is set on object 'Object Repository/1612049/Login_Screen/Page_Mattermost/input_All team communication in one place, _dcc84b'

2021-05-29 00:19:32 - [TEST_STEP][PASSED] - setEncryptedText(findTestObject("Object Repository/1612049/Login_Screen/Page_Mattermost/input_All team communication in one place, _a3edc6"), password): Text ****** has been set on object 'Object Repository/1612049/Login_Screen/Page_Mattermost/input_All team communication in one place, _a3edc6'

2021-05-29 00:19:32 - [MESSAGE][PASSED] - Text ****** has been set on object 'Object Repository/1612049/Login_Screen/Page_Mattermost/input_All team communication in one place, _a3edc6'

2021-05-29 00:19:32 - [TEST_STEP][PASSED] - click(findTestObject("Object Repository/1612049/Login_Screen/Page_Mattermost/button_Sign in")): Object: 'Object Repository/1612049/Login_Screen/Page_Mattermost/button_Sign in' is clicked on

2021-05-29 00:19:33 - [MESSAGE][PASSED] - Object: 'Object Repository/1612049/Login_Screen/Page_Mattermost/button_Sign in' is clicked on

2021-05-29 00:19:33 - [MESSAGE][PASSED] - Call Test Case 'Test Cases/1612049/CommonTC/CTC_Login' successfully

2021-05-29 00:19:33 - [TEST_STEP][PASSED] - for ([index = 1, index <= 5, (index++)]): Keys 'ENTER + ' sent to object: 'Object Repository/1612049/inputarea_Direct Message_directMessage'

2021-05-29 00:19:33 - [TEST_STEP][PASSED] - setText(findTestObject("1612049/inputarea_Direct Message_directMessage"), "@" + findTestData("1612049/Data TC35 Write a direct message").getValue(1, index)): Text '@huykhoi' is set on object 'Object Repository/1612049/inputarea_Direct Message_directMessage'

2021-05-29 00:19:37 - [MESSAGE][PASSED] - Text '@huykhoi' is set on object 'Object Repository/1612049/inputarea_Direct Message_directMessage'

2021-05-29 00:19:37 - [TEST_STEP][PASSED] - sendKeys(findTestObject("1612049/inputarea_Direct Message_directMessage"), Keys.chord(ENTER)): Keys 'ENTER + ' sent to object: 'Object Repository/1612049/inputarea_Direct Message_directMessage'

2021-05-29 00:19:38 - [MESSAGE][PASSED] - Keys 'ENTER + ' sent to object: 'Object Repository/1612049/inputarea_Direct Message_directMessage'

2021-05-29 00:19:38 - [TEST_STEP][PASSED] - setText(findTestObject("1612049/inputarea_Direct Message_directMessage"), "@" + findTestData("1612049/Data TC35 Write a direct message").getValue(1, index)): Text '@nghi_tran' is set on object 'Object Repository/1612049/inputarea_Direct Message_directMessage'

2021-05-29 00:19:39 - [MESSAGE][PASSED] - Text '@nghi_tran' is set on object 'Object Repository/1612049/inputarea_Direct Message_directMessage'

2021-05-29 00:19:39 - [TEST_STEP][PASSED] - sendKeys(findTestObject("1612049/inputarea_Direct Message_directMessage"), Keys.chord(ENTER)): Keys 'ENTER + ' sent to object: 'Object Repository/1612049/inputarea_Direct Message_directMessage'

2021-05-29 00:19:40 - [MESSAGE][PASSED] - Keys 'ENTER + ' sent to object: 'Object Repository/1612049/inputarea_Direct Message_directMessage'

2021-05-29 00:19:40 - [TEST_STEP][PASSED] - setText(findTestObject("1612049/inputarea_Direct Message_directMessage"), "@" + findTestData("1612049/Data TC35 Write a direct message").getValue(1, index)): Text '@phuc' is set on object 'Object Repository/1612049/inputarea_Direct Message_directMessage'

2021-05-29 00:19:41 - [MESSAGE][PASSED] - Text '@phuc' is set on object 'Object Repository/1612049/inputarea_Direct Message_directMessage'

2021-05-29 00:19:41 - [TEST_STEP][PASSED] - sendKeys(findTestObject("1612049/inputarea_Direct Message_directMessage"), Keys.chord(ENTER)): Keys 'ENTER + ' sent to object: 'Object Repository/1612049/inputarea_Direct Message_directMessage'

2021-05-29 00:19:42 - [MESSAGE][PASSED] - Keys 'ENTER + ' sent to object: 'Object Repository/1612049/inputarea_Direct Message_directMessage'

2021-05-29 00:19:42 - [TEST_STEP][PASSED] - setText(findTestObject("1612049/inputarea_Direct Message_directMessage"), "@" + findTestData("1612049/Data TC35 Write a direct message").getValue(1, index)): Text '@abchuykhoi' is set on object 'Object Repository/1612049/inputarea_Direct Message_directMessage'

2021-05-29 00:19:43 - [MESSAGE][PASSED] - Text '@abchuykhoi' is set on object 'Object Repository/1612049/inputarea_Direct Message_directMessage'

2021-05-29 00:19:43 - [TEST_STEP][PASSED] - sendKeys(findTestObject("1612049/inputarea_Direct Message_directMessage"), Keys.chord(ENTER)): Keys 'ENTER + ' sent to object: 'Object Repository/1612049/inputarea_Direct Message_directMessage'

2021-05-29 00:19:44 - [MESSAGE][PASSED] - Keys 'ENTER + ' sent to object: 'Object Repository/1612049/inputarea_Direct Message_directMessage'

2021-05-29 00:19:44 - [TEST_STEP][PASSED] - setText(findTestObject("1612049/inputarea_Direct Message_directMessage"), "@" + findTestData("1612049/Data TC35 Write a direct message").getValue(1, index)): Text '@huykhoi263' is set on object 'Object Repository/1612049/inputarea_Direct Message_directMessage'

2021-05-29 00:19:46 - [MESSAGE][PASSED] - Text '@huykhoi263' is set on object 'Object Repository/1612049/inputarea_Direct Message_directMessage'

2021-05-29 00:19:46 - [TEST_STEP][PASSED] - sendKeys(findTestObject("1612049/inputarea_Direct Message_directMessage"), Keys.chord(ENTER)): Keys 'ENTER + ' sent to object: 'Object Repository/1612049/inputarea_Direct Message_directMessage'

2021-05-29 00:19:47 - [MESSAGE][PASSED] - Keys 'ENTER + ' sent to object: 'Object Repository/1612049/inputarea_Direct Message_directMessage'

2021-05-29 00:19:47 - [TEST_STEP][PASSED] - closeBrowser(): Browser is closed

2021-05-29 00:19:48 - [MESSAGE][PASSED] - Browser is closed]]></system-out>
         <system-err><![CDATA[]]></system-err>
      </testcase>
      <testcase name="Test Cases/1612049/TC38_Close direct messages" time="16.055" classname="Test Cases/1612049/TC38_Close direct messages" status="PASSED">
         <system-out><![CDATA[2021-05-29 00:19:48 - [TEST_CASE][PASSED] - Test Cases/1612049/TC38_Close direct messages: Test Cases/1612049/TC38_Close direct messages

2021-05-29 00:19:48 - [TEST_STEP][PASSED] - openBrowser(""): Browser is opened with url: ''

2021-05-29 00:19:48 - [MESSAGE][INFO] - Starting 'Chrome' driver

2021-05-29 00:19:48 - [MESSAGE][INFO] - Action delay is set to 0 milliseconds

2021-05-29 00:19:49 - [MESSAGE][PASSED] - Browser is opened with url: ''

2021-05-29 00:19:49 - [TEST_STEP][PASSED] - navigateToUrl("https://mattermostwebapp.herokuapp.com/"): Navigate to 'https://mattermostwebapp.herokuapp.com/' successfully

2021-05-29 00:19:53 - [MESSAGE][PASSED] - Navigate to 'https://mattermostwebapp.herokuapp.com/' successfully

2021-05-29 00:19:53 - [TEST_STEP][PASSED] - callTestCase(findTestCase("1612049/CommonTC/CTC_Login"), ["username":"jooie", "password":"6z6Vi2R3i06jbzaqW0pQ8Q=="], STOP_ON_FAILURE): Call Test Case 'Test Cases/1612049/CommonTC/CTC_Login' successfully

2021-05-29 00:19:53 - [TEST_CASE][PASSED] - Test Cases/1612049/CommonTC/CTC_Login: Test Cases/1612049/CommonTC/CTC_Login

2021-05-29 00:19:53 - [TEST_STEP][PASSED] - setText(findTestObject("Object Repository/1612049/Login_Screen/Page_Mattermost/input_All team communication in one place, _dcc84b"), username): Text 'jooie' is set on object 'Object Repository/1612049/Login_Screen/Page_Mattermost/input_All team communication in one place, _dcc84b'

2021-05-29 00:19:58 - [MESSAGE][PASSED] - Text 'jooie' is set on object 'Object Repository/1612049/Login_Screen/Page_Mattermost/input_All team communication in one place, _dcc84b'

2021-05-29 00:19:58 - [TEST_STEP][PASSED] - setEncryptedText(findTestObject("Object Repository/1612049/Login_Screen/Page_Mattermost/input_All team communication in one place, _a3edc6"), password): Text ****** has been set on object 'Object Repository/1612049/Login_Screen/Page_Mattermost/input_All team communication in one place, _a3edc6'

2021-05-29 00:19:59 - [MESSAGE][PASSED] - Text ****** has been set on object 'Object Repository/1612049/Login_Screen/Page_Mattermost/input_All team communication in one place, _a3edc6'

2021-05-29 00:19:59 - [TEST_STEP][PASSED] - click(findTestObject("Object Repository/1612049/Login_Screen/Page_Mattermost/button_Sign in")): Object: 'Object Repository/1612049/Login_Screen/Page_Mattermost/button_Sign in' is clicked on

2021-05-29 00:19:59 - [MESSAGE][PASSED] - Object: 'Object Repository/1612049/Login_Screen/Page_Mattermost/button_Sign in' is clicked on

2021-05-29 00:19:59 - [MESSAGE][PASSED] - Call Test Case 'Test Cases/1612049/CommonTC/CTC_Login' successfully

2021-05-29 00:19:59 - [TEST_STEP][PASSED] - if (verifyElementPresent(findTestObject("1612049/Leff Sidebar/Page_Town Square - noname Mattermost/span_Close Direct Message_btnClose"), 10, CONTINUE_ON_FAILURE)): null

2021-05-29 00:20:03 - [MESSAGE][PASSED] - Object 'Object Repository/1612049/Leff Sidebar/Page_Town Square - noname Mattermost/span_Close Direct Message_btnClose' is present

2021-05-29 00:20:03 - [TEST_STEP][PASSED] - mouseOver(findTestObject("1612049/Leff Sidebar/Page_Town Square - noname Mattermost/div_Direct Message Name_divUsername")): Object: 'Object Repository/1612049/Leff Sidebar/Page_Town Square - noname Mattermost/div_Direct Message Name_divUsername' is hovered

2021-05-29 00:20:03 - [MESSAGE][PASSED] - Object: 'Object Repository/1612049/Leff Sidebar/Page_Town Square - noname Mattermost/div_Direct Message Name_divUsername' is hovered

2021-05-29 00:20:03 - [TEST_STEP][PASSED] - click(findTestObject("1612049/Leff Sidebar/Page_Town Square - noname Mattermost/span_Close Direct Message_btnClose")): Object: 'Object Repository/1612049/Leff Sidebar/Page_Town Square - noname Mattermost/span_Close Direct Message_btnClose' is clicked on

2021-05-29 00:20:04 - [MESSAGE][PASSED] - Object: 'Object Repository/1612049/Leff Sidebar/Page_Town Square - noname Mattermost/span_Close Direct Message_btnClose' is clicked on]]></system-out>
         <system-err><![CDATA[]]></system-err>
      </testcase>
      <testcase name="Test Cases/1612049/TC39_Reply to a message" time="45.684" classname="Test Cases/1612049/TC39_Reply to a message" status="FAILED">
         <failure type="FAILED" message="Test Cases/1612049/TC39_Reply to a message FAILED.
Reason:
com.kms.katalon.core.exception.StepFailedException: Unable to move mouse over object 'Object Repository/1612049/DirectMessage_Workspace/div_Message_divMessage'
	at com.kms.katalon.core.webui.keyword.internal.WebUIKeywordMain.stepFailed(WebUIKeywordMain.groovy:64)
	at com.kms.katalon.core.webui.keyword.internal.WebUIKeywordMain.runKeyword(WebUIKeywordMain.groovy:26)
	at com.kms.katalon.core.webui.keyword.builtin.MouseOverKeyword.mouseOver(MouseOverKeyword.groovy:66)
	at com.kms.katalon.core.webui.keyword.builtin.MouseOverKeyword.execute(MouseOverKeyword.groovy:40)
	at com.kms.katalon.core.keyword.internal.KeywordExecutor.executeKeywordForPlatform(KeywordExecutor.groovy:73)
	at com.kms.katalon.core.webui.keyword.WebUiBuiltInKeywords.mouseOver(WebUiBuiltInKeywords.groovy:805)
	at com.kms.katalon.core.webui.keyword.WebUiBuiltInKeywords$mouseOver$14.call(Unknown Source)
	at TC39_Reply to a message.run(TC39_Reply to a message:27)
	at com.kms.katalon.core.main.ScriptEngine.run(ScriptEngine.java:194)
	at com.kms.katalon.core.main.ScriptEngine.runScriptAsRawText(ScriptEngine.java:119)
	at com.kms.katalon.core.main.TestCaseExecutor.runScript(TestCaseExecutor.java:398)
	at com.kms.katalon.core.main.TestCaseExecutor.doExecute(TestCaseExecutor.java:389)
	at com.kms.katalon.core.main.TestCaseExecutor.processExecutionPhase(TestCaseExecutor.java:368)
	at com.kms.katalon.core.main.TestCaseExecutor.accessMainPhase(TestCaseExecutor.java:360)
	at com.kms.katalon.core.main.TestCaseExecutor.execute(TestCaseExecutor.java:255)
	at com.kms.katalon.core.main.TestSuiteExecutor.accessTestCaseMainPhase(TestSuiteExecutor.java:203)
	at com.kms.katalon.core.main.TestSuiteExecutor.accessTestSuiteMainPhase(TestSuiteExecutor.java:152)
	at com.kms.katalon.core.main.TestSuiteExecutor.execute(TestSuiteExecutor.java:95)
	at com.kms.katalon.core.main.TestCaseMain.startTestSuite(TestCaseMain.java:157)
	at com.kms.katalon.core.main.TestCaseMain$startTestSuite$0.call(Unknown Source)
	at TempTestSuite1622220811607.run(TempTestSuite1622220811607.groovy:39)
Caused by: com.kms.katalon.core.webui.exception.WebElementNotFoundException: Web element with id: 'Object Repository/1612049/DirectMessage_Workspace/div_Message_divMessage' located by '//div[@id='post_t1dmqmp68ifh8rw99pwqg1b1fr']' not found
	at com.kms.katalon.core.webui.common.WebUiCommonHelper.findWebElement(WebUiCommonHelper.java:1368)
	at com.kms.katalon.core.webui.keyword.internal.WebUIAbstractKeyword.findWebElement(WebUIAbstractKeyword.groovy:27)
	at com.kms.katalon.core.webui.keyword.internal.WebUIAbstractKeyword.findWebElement(WebUIAbstractKeyword.groovy:26)
	at com.kms.katalon.core.webui.keyword.builtin.MouseOverKeyword$_mouseOver_closure1.doCall(MouseOverKeyword.groovy:54)
	at com.kms.katalon.core.webui.keyword.builtin.MouseOverKeyword$_mouseOver_closure1.call(MouseOverKeyword.groovy)
	at com.kms.katalon.core.webui.keyword.internal.WebUIKeywordMain.runKeyword(WebUIKeywordMain.groovy:20)
	... 19 more
"/>
         <system-out><![CDATA[2021-05-29 00:20:04 - [TEST_CASE][FAILED] - Test Cases/1612049/TC39_Reply to a message: Test Cases/1612049/TC39_Reply to a message FAILED.
Reason:
com.kms.katalon.core.exception.StepFailedException: Unable to move mouse over object 'Object Repository/1612049/DirectMessage_Workspace/div_Message_divMessage'
	at com.kms.katalon.core.webui.keyword.internal.WebUIKeywordMain.stepFailed(WebUIKeywordMain.groovy:64)
	at com.kms.katalon.core.webui.keyword.internal.WebUIKeywordMain.runKeyword(WebUIKeywordMain.groovy:26)
	at com.kms.katalon.core.webui.keyword.builtin.MouseOverKeyword.mouseOver(MouseOverKeyword.groovy:66)
	at com.kms.katalon.core.webui.keyword.builtin.MouseOverKeyword.execute(MouseOverKeyword.groovy:40)
	at com.kms.katalon.core.keyword.internal.KeywordExecutor.executeKeywordForPlatform(KeywordExecutor.groovy:73)
	at com.kms.katalon.core.webui.keyword.WebUiBuiltInKeywords.mouseOver(WebUiBuiltInKeywords.groovy:805)
	at com.kms.katalon.core.webui.keyword.WebUiBuiltInKeywords$mouseOver$14.call(Unknown Source)
	at TC39_Reply to a message.run(TC39_Reply to a message:27)
	at com.kms.katalon.core.main.ScriptEngine.run(ScriptEngine.java:194)
	at com.kms.katalon.core.main.ScriptEngine.runScriptAsRawText(ScriptEngine.java:119)
	at com.kms.katalon.core.main.TestCaseExecutor.runScript(TestCaseExecutor.java:398)
	at com.kms.katalon.core.main.TestCaseExecutor.doExecute(TestCaseExecutor.java:389)
	at com.kms.katalon.core.main.TestCaseExecutor.processExecutionPhase(TestCaseExecutor.java:368)
	at com.kms.katalon.core.main.TestCaseExecutor.accessMainPhase(TestCaseExecutor.java:360)
	at com.kms.katalon.core.main.TestCaseExecutor.execute(TestCaseExecutor.java:255)
	at com.kms.katalon.core.main.TestSuiteExecutor.accessTestCaseMainPhase(TestSuiteExecutor.java:203)
	at com.kms.katalon.core.main.TestSuiteExecutor.accessTestSuiteMainPhase(TestSuiteExecutor.java:152)
	at com.kms.katalon.core.main.TestSuiteExecutor.execute(TestSuiteExecutor.java:95)
	at com.kms.katalon.core.main.TestCaseMain.startTestSuite(TestCaseMain.java:157)
	at com.kms.katalon.core.main.TestCaseMain$startTestSuite$0.call(Unknown Source)
	at TempTestSuite1622220811607.run(TempTestSuite1622220811607.groovy:39)
Caused by: com.kms.katalon.core.webui.exception.WebElementNotFoundException: Web element with id: 'Object Repository/1612049/DirectMessage_Workspace/div_Message_divMessage' located by '//div[@id='post_t1dmqmp68ifh8rw99pwqg1b1fr']' not found
	at com.kms.katalon.core.webui.common.WebUiCommonHelper.findWebElement(WebUiCommonHelper.java:1368)
	at com.kms.katalon.core.webui.keyword.internal.WebUIAbstractKeyword.findWebElement(WebUIAbstractKeyword.groovy:27)
	at com.kms.katalon.core.webui.keyword.internal.WebUIAbstractKeyword.findWebElement(WebUIAbstractKeyword.groovy:26)
	at com.kms.katalon.core.webui.keyword.builtin.MouseOverKeyword$_mouseOver_closure1.doCall(MouseOverKeyword.groovy:54)
	at com.kms.katalon.core.webui.keyword.builtin.MouseOverKeyword$_mouseOver_closure1.call(MouseOverKeyword.groovy)
	at com.kms.katalon.core.webui.keyword.internal.WebUIKeywordMain.runKeyword(WebUIKeywordMain.groovy:20)
	... 19 more


2021-05-29 00:20:04 - [TEST_STEP][PASSED] - openBrowser(""): Browser is opened with url: ''

2021-05-29 00:20:04 - [MESSAGE][WARNING] - A browser is already opened. Closing browser and opening a new one

2021-05-29 00:20:05 - [MESSAGE][INFO] - Starting 'Chrome' driver

2021-05-29 00:20:05 - [MESSAGE][INFO] - Action delay is set to 0 milliseconds

2021-05-29 00:20:07 - [MESSAGE][PASSED] - Browser is opened with url: ''

2021-05-29 00:20:07 - [TEST_STEP][PASSED] - navigateToUrl("https://mattermostwebapp.herokuapp.com/"): Navigate to 'https://mattermostwebapp.herokuapp.com/' successfully

2021-05-29 00:20:10 - [MESSAGE][PASSED] - Navigate to 'https://mattermostwebapp.herokuapp.com/' successfully

2021-05-29 00:20:10 - [TEST_STEP][PASSED] - callTestCase(findTestCase("1612049/CommonTC/CTC_Login"), ["username":"jooie", "password":"6z6Vi2R3i06jbzaqW0pQ8Q=="], STOP_ON_FAILURE): Call Test Case 'Test Cases/1612049/CommonTC/CTC_Login' successfully

2021-05-29 00:20:10 - [TEST_CASE][PASSED] - Test Cases/1612049/CommonTC/CTC_Login: Test Cases/1612049/CommonTC/CTC_Login

2021-05-29 00:20:10 - [TEST_STEP][PASSED] - setText(findTestObject("Object Repository/1612049/Login_Screen/Page_Mattermost/input_All team communication in one place, _dcc84b"), username): Text 'jooie' is set on object 'Object Repository/1612049/Login_Screen/Page_Mattermost/input_All team communication in one place, _dcc84b'

2021-05-29 00:20:15 - [MESSAGE][PASSED] - Text 'jooie' is set on object 'Object Repository/1612049/Login_Screen/Page_Mattermost/input_All team communication in one place, _dcc84b'

2021-05-29 00:20:15 - [TEST_STEP][PASSED] - setEncryptedText(findTestObject("Object Repository/1612049/Login_Screen/Page_Mattermost/input_All team communication in one place, _a3edc6"), password): Text ****** has been set on object 'Object Repository/1612049/Login_Screen/Page_Mattermost/input_All team communication in one place, _a3edc6'

2021-05-29 00:20:15 - [MESSAGE][PASSED] - Text ****** has been set on object 'Object Repository/1612049/Login_Screen/Page_Mattermost/input_All team communication in one place, _a3edc6'

2021-05-29 00:20:15 - [TEST_STEP][PASSED] - click(findTestObject("Object Repository/1612049/Login_Screen/Page_Mattermost/button_Sign in")): Object: 'Object Repository/1612049/Login_Screen/Page_Mattermost/button_Sign in' is clicked on

2021-05-29 00:20:16 - [MESSAGE][PASSED] - Object: 'Object Repository/1612049/Login_Screen/Page_Mattermost/button_Sign in' is clicked on

2021-05-29 00:20:16 - [MESSAGE][PASSED] - Call Test Case 'Test Cases/1612049/CommonTC/CTC_Login' successfully

2021-05-29 00:20:16 - [TEST_STEP][FAILED] - mouseOver(findTestObject("1612049/DirectMessage_Workspace/div_Message_divMessage")): Unable to move mouse over object 'Object Repository/1612049/DirectMessage_Workspace/div_Message_divMessage' (Root cause: com.kms.katalon.core.exception.StepFailedException: Unable to move mouse over object 'Object Repository/1612049/DirectMessage_Workspace/div_Message_divMessage'
	at com.kms.katalon.core.webui.keyword.internal.WebUIKeywordMain.stepFailed(WebUIKeywordMain.groovy:64)
	at com.kms.katalon.core.webui.keyword.internal.WebUIKeywordMain.runKeyword(WebUIKeywordMain.groovy:26)
	at com.kms.katalon.core.webui.keyword.builtin.MouseOverKeyword.mouseOver(MouseOverKeyword.groovy:66)
	at com.kms.katalon.core.webui.keyword.builtin.MouseOverKeyword.execute(MouseOverKeyword.groovy:40)
	at com.kms.katalon.core.keyword.internal.KeywordExecutor.executeKeywordForPlatform(KeywordExecutor.groovy:73)
	at com.kms.katalon.core.webui.keyword.WebUiBuiltInKeywords.mouseOver(WebUiBuiltInKeywords.groovy:805)
	at com.kms.katalon.core.webui.keyword.WebUiBuiltInKeywords$mouseOver$14.call(Unknown Source)
	at TC39_Reply to a message.run(TC39_Reply to a message:27)
	at com.kms.katalon.core.main.ScriptEngine.run(ScriptEngine.java:194)
	at com.kms.katalon.core.main.ScriptEngine.runScriptAsRawText(ScriptEngine.java:119)
	at com.kms.katalon.core.main.TestCaseExecutor.runScript(TestCaseExecutor.java:398)
	at com.kms.katalon.core.main.TestCaseExecutor.doExecute(TestCaseExecutor.java:389)
	at com.kms.katalon.core.main.TestCaseExecutor.processExecutionPhase(TestCaseExecutor.java:368)
	at com.kms.katalon.core.main.TestCaseExecutor.accessMainPhase(TestCaseExecutor.java:360)
	at com.kms.katalon.core.main.TestCaseExecutor.execute(TestCaseExecutor.java:255)
	at com.kms.katalon.core.main.TestSuiteExecutor.accessTestCaseMainPhase(TestSuiteExecutor.java:203)
	at com.kms.katalon.core.main.TestSuiteExecutor.accessTestSuiteMainPhase(TestSuiteExecutor.java:152)
	at com.kms.katalon.core.main.TestSuiteExecutor.execute(TestSuiteExecutor.java:95)
	at com.kms.katalon.core.main.TestCaseMain.startTestSuite(TestCaseMain.java:157)
	at com.kms.katalon.core.main.TestCaseMain$startTestSuite$0.call(Unknown Source)
	at TempTestSuite1622220811607.run(TempTestSuite1622220811607.groovy:39)
Caused by: com.kms.katalon.core.webui.exception.WebElementNotFoundException: Web element with id: 'Object Repository/1612049/DirectMessage_Workspace/div_Message_divMessage' located by '//div[@id='post_t1dmqmp68ifh8rw99pwqg1b1fr']' not found
	at com.kms.katalon.core.webui.common.WebUiCommonHelper.findWebElement(WebUiCommonHelper.java:1368)
	at com.kms.katalon.core.webui.keyword.internal.WebUIAbstractKeyword.findWebElement(WebUIAbstractKeyword.groovy:27)
	at com.kms.katalon.core.webui.keyword.internal.WebUIAbstractKeyword.findWebElement(WebUIAbstractKeyword.groovy:26)
	at com.kms.katalon.core.webui.keyword.builtin.MouseOverKeyword$_mouseOver_closure1.doCall(MouseOverKeyword.groovy:54)
	at com.kms.katalon.core.webui.keyword.builtin.MouseOverKeyword$_mouseOver_closure1.call(MouseOverKeyword.groovy)
	at com.kms.katalon.core.webui.keyword.internal.WebUIKeywordMain.runKeyword(WebUIKeywordMain.groovy:20)
	at com.kms.katalon.core.webui.keyword.builtin.MouseOverKeyword.mouseOver(MouseOverKeyword.groovy:66)
	at com.kms.katalon.core.webui.keyword.builtin.MouseOverKeyword.execute(MouseOverKeyword.groovy:40)
	at com.kms.katalon.core.keyword.internal.KeywordExecutor.executeKeywordForPlatform(KeywordExecutor.groovy:73)
	at com.kms.katalon.core.webui.keyword.WebUiBuiltInKeywords.mouseOver(WebUiBuiltInKeywords.groovy:805)
	at com.kms.katalon.core.webui.keyword.WebUiBuiltInKeywords$mouseOver$14.call(Unknown Source)
	at Script1621728265597.run(Script1621728265597.groovy:27)
	... 13 more
)

2021-05-29 00:20:47 - [MESSAGE][INFO] - Unable to find the element located by 'By.xpath: //div[@id='post_t1dmqmp68ifh8rw99pwqg1b1fr']'. Please recheck the objects properties to make sure the desired element is located. 

2021-05-29 00:20:47 - [MESSAGE][WARNING] - [SELF-HEALING] Failed to find element with id 'Object Repository/1612049/DirectMessage_Workspace/div_Message_divMessage'. Try using Self-healing.

2021-05-29 00:20:47 - [MESSAGE][ERROR] - [SELF-HEALING] com.google.gson.stream.MalformedJsonException: Expected ':' at line 75 column 10 path $.brokenTestObjects[7].<<<<<<<

2021-05-29 00:20:48 - [MESSAGE][INFO] - [SELF-HEALING] No working XPath is found.

2021-05-29 00:20:49 - [MESSAGE][INFO] - Unable to find the element located by 'By.xpath: '. Please recheck the objects properties to make sure the desired element is located. 

2021-05-29 00:20:49 - [MESSAGE][WARNING] - [SELF-HEALING] Cannot find elements when the selector is null

2021-05-29 00:20:50 - [MESSAGE][FAILED] - Unable to move mouse over object 'Object Repository/1612049/DirectMessage_Workspace/div_Message_divMessage' (Root cause: com.kms.katalon.core.exception.StepFailedException: Unable to move mouse over object 'Object Repository/1612049/DirectMessage_Workspace/div_Message_divMessage'
	at com.kms.katalon.core.webui.keyword.internal.WebUIKeywordMain.stepFailed(WebUIKeywordMain.groovy:64)
	at com.kms.katalon.core.webui.keyword.internal.WebUIKeywordMain.runKeyword(WebUIKeywordMain.groovy:26)
	at com.kms.katalon.core.webui.keyword.builtin.MouseOverKeyword.mouseOver(MouseOverKeyword.groovy:66)
	at com.kms.katalon.core.webui.keyword.builtin.MouseOverKeyword.execute(MouseOverKeyword.groovy:40)
	at com.kms.katalon.core.keyword.internal.KeywordExecutor.executeKeywordForPlatform(KeywordExecutor.groovy:73)
	at com.kms.katalon.core.webui.keyword.WebUiBuiltInKeywords.mouseOver(WebUiBuiltInKeywords.groovy:805)
	at com.kms.katalon.core.webui.keyword.WebUiBuiltInKeywords$mouseOver$14.call(Unknown Source)
	at TC39_Reply to a message.run(TC39_Reply to a message:27)
	at com.kms.katalon.core.main.ScriptEngine.run(ScriptEngine.java:194)
	at com.kms.katalon.core.main.ScriptEngine.runScriptAsRawText(ScriptEngine.java:119)
	at com.kms.katalon.core.main.TestCaseExecutor.runScript(TestCaseExecutor.java:398)
	at com.kms.katalon.core.main.TestCaseExecutor.doExecute(TestCaseExecutor.java:389)
	at com.kms.katalon.core.main.TestCaseExecutor.processExecutionPhase(TestCaseExecutor.java:368)
	at com.kms.katalon.core.main.TestCaseExecutor.accessMainPhase(TestCaseExecutor.java:360)
	at com.kms.katalon.core.main.TestCaseExecutor.execute(TestCaseExecutor.java:255)
	at com.kms.katalon.core.main.TestSuiteExecutor.accessTestCaseMainPhase(TestSuiteExecutor.java:203)
	at com.kms.katalon.core.main.TestSuiteExecutor.accessTestSuiteMainPhase(TestSuiteExecutor.java:152)
	at com.kms.katalon.core.main.TestSuiteExecutor.execute(TestSuiteExecutor.java:95)
	at com.kms.katalon.core.main.TestCaseMain.startTestSuite(TestCaseMain.java:157)
	at com.kms.katalon.core.main.TestCaseMain$startTestSuite$0.call(Unknown Source)
	at TempTestSuite1622220811607.run(TempTestSuite1622220811607.groovy:39)
Caused by: com.kms.katalon.core.webui.exception.WebElementNotFoundException: Web element with id: 'Object Repository/1612049/DirectMessage_Workspace/div_Message_divMessage' located by '//div[@id='post_t1dmqmp68ifh8rw99pwqg1b1fr']' not found
	at com.kms.katalon.core.webui.common.WebUiCommonHelper.findWebElement(WebUiCommonHelper.java:1368)
	at com.kms.katalon.core.webui.keyword.internal.WebUIAbstractKeyword.findWebElement(WebUIAbstractKeyword.groovy:27)
	at com.kms.katalon.core.webui.keyword.internal.WebUIAbstractKeyword.findWebElement(WebUIAbstractKeyword.groovy:26)
	at com.kms.katalon.core.webui.keyword.builtin.MouseOverKeyword$_mouseOver_closure1.doCall(MouseOverKeyword.groovy:54)
	at com.kms.katalon.core.webui.keyword.builtin.MouseOverKeyword$_mouseOver_closure1.call(MouseOverKeyword.groovy)
	at com.kms.katalon.core.webui.keyword.internal.WebUIKeywordMain.runKeyword(WebUIKeywordMain.groovy:20)
	at com.kms.katalon.core.webui.keyword.builtin.MouseOverKeyword.mouseOver(MouseOverKeyword.groovy:66)
	at com.kms.katalon.core.webui.keyword.builtin.MouseOverKeyword.execute(MouseOverKeyword.groovy:40)
	at com.kms.katalon.core.keyword.internal.KeywordExecutor.executeKeywordForPlatform(KeywordExecutor.groovy:73)
	at com.kms.katalon.core.webui.keyword.WebUiBuiltInKeywords.mouseOver(WebUiBuiltInKeywords.groovy:805)
	at com.kms.katalon.core.webui.keyword.WebUiBuiltInKeywords$mouseOver$14.call(Unknown Source)
	at Script1621728265597.run(Script1621728265597.groovy:27)
	... 13 more
)
[[ATTACHMENT|C:\\Users\\phuc\\git\\Mattermost_AutoTesting\\Reports\\20210528_235331\\1712666\\Run_All_Test_Cases\\20210528_235331\\1622222449885.png]]]]></system-out>
         <system-err><![CDATA[2021-05-29 00:20:04 - [TEST_CASE][FAILED] - Test Cases/1612049/TC39_Reply to a message: Test Cases/1612049/TC39_Reply to a message FAILED.
Reason:
com.kms.katalon.core.exception.StepFailedException: Unable to move mouse over object 'Object Repository/1612049/DirectMessage_Workspace/div_Message_divMessage'
	at com.kms.katalon.core.webui.keyword.internal.WebUIKeywordMain.stepFailed(WebUIKeywordMain.groovy:64)
	at com.kms.katalon.core.webui.keyword.internal.WebUIKeywordMain.runKeyword(WebUIKeywordMain.groovy:26)
	at com.kms.katalon.core.webui.keyword.builtin.MouseOverKeyword.mouseOver(MouseOverKeyword.groovy:66)
	at com.kms.katalon.core.webui.keyword.builtin.MouseOverKeyword.execute(MouseOverKeyword.groovy:40)
	at com.kms.katalon.core.keyword.internal.KeywordExecutor.executeKeywordForPlatform(KeywordExecutor.groovy:73)
	at com.kms.katalon.core.webui.keyword.WebUiBuiltInKeywords.mouseOver(WebUiBuiltInKeywords.groovy:805)
	at com.kms.katalon.core.webui.keyword.WebUiBuiltInKeywords$mouseOver$14.call(Unknown Source)
	at TC39_Reply to a message.run(TC39_Reply to a message:27)
	at com.kms.katalon.core.main.ScriptEngine.run(ScriptEngine.java:194)
	at com.kms.katalon.core.main.ScriptEngine.runScriptAsRawText(ScriptEngine.java:119)
	at com.kms.katalon.core.main.TestCaseExecutor.runScript(TestCaseExecutor.java:398)
	at com.kms.katalon.core.main.TestCaseExecutor.doExecute(TestCaseExecutor.java:389)
	at com.kms.katalon.core.main.TestCaseExecutor.processExecutionPhase(TestCaseExecutor.java:368)
	at com.kms.katalon.core.main.TestCaseExecutor.accessMainPhase(TestCaseExecutor.java:360)
	at com.kms.katalon.core.main.TestCaseExecutor.execute(TestCaseExecutor.java:255)
	at com.kms.katalon.core.main.TestSuiteExecutor.accessTestCaseMainPhase(TestSuiteExecutor.java:203)
	at com.kms.katalon.core.main.TestSuiteExecutor.accessTestSuiteMainPhase(TestSuiteExecutor.java:152)
	at com.kms.katalon.core.main.TestSuiteExecutor.execute(TestSuiteExecutor.java:95)
	at com.kms.katalon.core.main.TestCaseMain.startTestSuite(TestCaseMain.java:157)
	at com.kms.katalon.core.main.TestCaseMain$startTestSuite$0.call(Unknown Source)
	at TempTestSuite1622220811607.run(TempTestSuite1622220811607.groovy:39)
Caused by: com.kms.katalon.core.webui.exception.WebElementNotFoundException: Web element with id: 'Object Repository/1612049/DirectMessage_Workspace/div_Message_divMessage' located by '//div[@id='post_t1dmqmp68ifh8rw99pwqg1b1fr']' not found
	at com.kms.katalon.core.webui.common.WebUiCommonHelper.findWebElement(WebUiCommonHelper.java:1368)
	at com.kms.katalon.core.webui.keyword.internal.WebUIAbstractKeyword.findWebElement(WebUIAbstractKeyword.groovy:27)
	at com.kms.katalon.core.webui.keyword.internal.WebUIAbstractKeyword.findWebElement(WebUIAbstractKeyword.groovy:26)
	at com.kms.katalon.core.webui.keyword.builtin.MouseOverKeyword$_mouseOver_closure1.doCall(MouseOverKeyword.groovy:54)
	at com.kms.katalon.core.webui.keyword.builtin.MouseOverKeyword$_mouseOver_closure1.call(MouseOverKeyword.groovy)
	at com.kms.katalon.core.webui.keyword.internal.WebUIKeywordMain.runKeyword(WebUIKeywordMain.groovy:20)
	... 19 more]]></system-err>
      </testcase>
      <testcase name="Test Cases/1612049/TC40_Add emoji" time="79.031" classname="Test Cases/1612049/TC40_Add emoji" status="FAILED">
         <failure type="FAILED" message="Test Cases/1612049/TC40_Add emoji FAILED.
Reason:
com.kms.katalon.core.exception.StepFailedException: Unable to click on object 'Object Repository/1612049/DirectMessage_Workspace/Page_Town Square - noname Mattermost/img_People_emoji-1f600'
	at com.kms.katalon.core.webui.keyword.internal.WebUIKeywordMain.stepFailed(WebUIKeywordMain.groovy:64)
	at com.kms.katalon.core.webui.keyword.internal.WebUIKeywordMain.runKeyword(WebUIKeywordMain.groovy:26)
	at com.kms.katalon.core.webui.keyword.builtin.ClickKeyword.click(ClickKeyword.groovy:75)
	at com.kms.katalon.core.webui.keyword.builtin.ClickKeyword.execute(ClickKeyword.groovy:42)
	at com.kms.katalon.core.keyword.internal.KeywordExecutor.executeKeywordForPlatform(KeywordExecutor.groovy:73)
	at com.kms.katalon.core.webui.keyword.WebUiBuiltInKeywords.click(WebUiBuiltInKeywords.groovy:619)
	at com.kms.katalon.core.webui.keyword.WebUiBuiltInKeywords$click$3.call(Unknown Source)
	at TC40_Add emoji.run(TC40_Add emoji:29)
	at com.kms.katalon.core.main.ScriptEngine.run(ScriptEngine.java:194)
	at com.kms.katalon.core.main.ScriptEngine.runScriptAsRawText(ScriptEngine.java:119)
	at com.kms.katalon.core.main.TestCaseExecutor.runScript(TestCaseExecutor.java:398)
	at com.kms.katalon.core.main.TestCaseExecutor.doExecute(TestCaseExecutor.java:389)
	at com.kms.katalon.core.main.TestCaseExecutor.processExecutionPhase(TestCaseExecutor.java:368)
	at com.kms.katalon.core.main.TestCaseExecutor.accessMainPhase(TestCaseExecutor.java:360)
	at com.kms.katalon.core.main.TestCaseExecutor.execute(TestCaseExecutor.java:255)
	at com.kms.katalon.core.main.TestSuiteExecutor.accessTestCaseMainPhase(TestSuiteExecutor.java:203)
	at com.kms.katalon.core.main.TestSuiteExecutor.accessTestSuiteMainPhase(TestSuiteExecutor.java:152)
	at com.kms.katalon.core.main.TestSuiteExecutor.execute(TestSuiteExecutor.java:95)
	at com.kms.katalon.core.main.TestCaseMain.startTestSuite(TestCaseMain.java:157)
	at com.kms.katalon.core.main.TestCaseMain$startTestSuite$0.call(Unknown Source)
	at TempTestSuite1622220811607.run(TempTestSuite1622220811607.groovy:39)
Caused by: com.kms.katalon.core.webui.exception.WebElementNotFoundException: Web element with id: 'Object Repository/1612049/DirectMessage_Workspace/Page_Town Square - noname Mattermost/img_People_emoji-1f600' located by '//img[@id='emoji-1f600']' not found
	at com.kms.katalon.core.webui.common.WebUiCommonHelper.findWebElement(WebUiCommonHelper.java:1368)
	at com.kms.katalon.core.webui.keyword.internal.WebUIAbstractKeyword.findWebElement(WebUIAbstractKeyword.groovy:27)
	at com.kms.katalon.core.webui.keyword.internal.WebUIAbstractKeyword.findWebElement(WebUIAbstractKeyword.groovy:26)
	at com.kms.katalon.core.webui.keyword.builtin.ClickKeyword$_click_closure1.doCall(ClickKeyword.groovy:66)
	at com.kms.katalon.core.webui.keyword.builtin.ClickKeyword$_click_closure1.call(ClickKeyword.groovy)
	at com.kms.katalon.core.webui.keyword.internal.WebUIKeywordMain.runKeyword(WebUIKeywordMain.groovy:20)
	... 19 more
"/>
         <system-out><![CDATA[2021-05-29 00:20:50 - [TEST_CASE][FAILED] - Test Cases/1612049/TC40_Add emoji: Test Cases/1612049/TC40_Add emoji FAILED.
Reason:
com.kms.katalon.core.exception.StepFailedException: Unable to click on object 'Object Repository/1612049/DirectMessage_Workspace/Page_Town Square - noname Mattermost/img_People_emoji-1f600'
	at com.kms.katalon.core.webui.keyword.internal.WebUIKeywordMain.stepFailed(WebUIKeywordMain.groovy:64)
	at com.kms.katalon.core.webui.keyword.internal.WebUIKeywordMain.runKeyword(WebUIKeywordMain.groovy:26)
	at com.kms.katalon.core.webui.keyword.builtin.ClickKeyword.click(ClickKeyword.groovy:75)
	at com.kms.katalon.core.webui.keyword.builtin.ClickKeyword.execute(ClickKeyword.groovy:42)
	at com.kms.katalon.core.keyword.internal.KeywordExecutor.executeKeywordForPlatform(KeywordExecutor.groovy:73)
	at com.kms.katalon.core.webui.keyword.WebUiBuiltInKeywords.click(WebUiBuiltInKeywords.groovy:619)
	at com.kms.katalon.core.webui.keyword.WebUiBuiltInKeywords$click$3.call(Unknown Source)
	at TC40_Add emoji.run(TC40_Add emoji:29)
	at com.kms.katalon.core.main.ScriptEngine.run(ScriptEngine.java:194)
	at com.kms.katalon.core.main.ScriptEngine.runScriptAsRawText(ScriptEngine.java:119)
	at com.kms.katalon.core.main.TestCaseExecutor.runScript(TestCaseExecutor.java:398)
	at com.kms.katalon.core.main.TestCaseExecutor.doExecute(TestCaseExecutor.java:389)
	at com.kms.katalon.core.main.TestCaseExecutor.processExecutionPhase(TestCaseExecutor.java:368)
	at com.kms.katalon.core.main.TestCaseExecutor.accessMainPhase(TestCaseExecutor.java:360)
	at com.kms.katalon.core.main.TestCaseExecutor.execute(TestCaseExecutor.java:255)
	at com.kms.katalon.core.main.TestSuiteExecutor.accessTestCaseMainPhase(TestSuiteExecutor.java:203)
	at com.kms.katalon.core.main.TestSuiteExecutor.accessTestSuiteMainPhase(TestSuiteExecutor.java:152)
	at com.kms.katalon.core.main.TestSuiteExecutor.execute(TestSuiteExecutor.java:95)
	at com.kms.katalon.core.main.TestCaseMain.startTestSuite(TestCaseMain.java:157)
	at com.kms.katalon.core.main.TestCaseMain$startTestSuite$0.call(Unknown Source)
	at TempTestSuite1622220811607.run(TempTestSuite1622220811607.groovy:39)
Caused by: com.kms.katalon.core.webui.exception.WebElementNotFoundException: Web element with id: 'Object Repository/1612049/DirectMessage_Workspace/Page_Town Square - noname Mattermost/img_People_emoji-1f600' located by '//img[@id='emoji-1f600']' not found
	at com.kms.katalon.core.webui.common.WebUiCommonHelper.findWebElement(WebUiCommonHelper.java:1368)
	at com.kms.katalon.core.webui.keyword.internal.WebUIAbstractKeyword.findWebElement(WebUIAbstractKeyword.groovy:27)
	at com.kms.katalon.core.webui.keyword.internal.WebUIAbstractKeyword.findWebElement(WebUIAbstractKeyword.groovy:26)
	at com.kms.katalon.core.webui.keyword.builtin.ClickKeyword$_click_closure1.doCall(ClickKeyword.groovy:66)
	at com.kms.katalon.core.webui.keyword.builtin.ClickKeyword$_click_closure1.call(ClickKeyword.groovy)
	at com.kms.katalon.core.webui.keyword.internal.WebUIKeywordMain.runKeyword(WebUIKeywordMain.groovy:20)
	... 19 more


2021-05-29 00:20:50 - [TEST_STEP][PASSED] - openBrowser(""): Browser is opened with url: ''

2021-05-29 00:20:50 - [MESSAGE][WARNING] - A browser is already opened. Closing browser and opening a new one

2021-05-29 00:20:51 - [MESSAGE][INFO] - Starting 'Chrome' driver

2021-05-29 00:20:51 - [MESSAGE][INFO] - Action delay is set to 0 milliseconds

2021-05-29 00:20:52 - [MESSAGE][PASSED] - Browser is opened with url: ''

2021-05-29 00:20:52 - [TEST_STEP][PASSED] - navigateToUrl("https://mattermostwebapp.herokuapp.com/"): Navigate to 'https://mattermostwebapp.herokuapp.com/' successfully

2021-05-29 00:20:55 - [MESSAGE][PASSED] - Navigate to 'https://mattermostwebapp.herokuapp.com/' successfully

2021-05-29 00:20:55 - [TEST_STEP][PASSED] - callTestCase(findTestCase("1612049/CommonTC/CTC_Login"), ["username":"jooie", "password":"6z6Vi2R3i06jbzaqW0pQ8Q=="], STOP_ON_FAILURE): Call Test Case 'Test Cases/1612049/CommonTC/CTC_Login' successfully

2021-05-29 00:20:55 - [TEST_CASE][PASSED] - Test Cases/1612049/CommonTC/CTC_Login: Test Cases/1612049/CommonTC/CTC_Login

2021-05-29 00:20:55 - [TEST_STEP][PASSED] - setText(findTestObject("Object Repository/1612049/Login_Screen/Page_Mattermost/input_All team communication in one place, _dcc84b"), username): Text 'jooie' is set on object 'Object Repository/1612049/Login_Screen/Page_Mattermost/input_All team communication in one place, _dcc84b'

2021-05-29 00:21:00 - [MESSAGE][PASSED] - Text 'jooie' is set on object 'Object Repository/1612049/Login_Screen/Page_Mattermost/input_All team communication in one place, _dcc84b'

2021-05-29 00:21:00 - [TEST_STEP][PASSED] - setEncryptedText(findTestObject("Object Repository/1612049/Login_Screen/Page_Mattermost/input_All team communication in one place, _a3edc6"), password): Text ****** has been set on object 'Object Repository/1612049/Login_Screen/Page_Mattermost/input_All team communication in one place, _a3edc6'

2021-05-29 00:21:01 - [MESSAGE][PASSED] - Text ****** has been set on object 'Object Repository/1612049/Login_Screen/Page_Mattermost/input_All team communication in one place, _a3edc6'

2021-05-29 00:21:01 - [TEST_STEP][PASSED] - click(findTestObject("Object Repository/1612049/Login_Screen/Page_Mattermost/button_Sign in")): Object: 'Object Repository/1612049/Login_Screen/Page_Mattermost/button_Sign in' is clicked on

2021-05-29 00:21:01 - [MESSAGE][PASSED] - Object: 'Object Repository/1612049/Login_Screen/Page_Mattermost/button_Sign in' is clicked on

2021-05-29 00:21:01 - [MESSAGE][PASSED] - Call Test Case 'Test Cases/1612049/CommonTC/CTC_Login' successfully

2021-05-29 00:21:01 - [TEST_STEP][PASSED] - click(findTestObject("1612049/DirectMessage_Workspace/button_Emoji Picker Button")): Object: 'Object Repository/1612049/DirectMessage_Workspace/button_Emoji Picker Button' is clicked on

2021-05-29 00:21:32 - [MESSAGE][INFO] - Unable to find the element located by 'By.xpath: //button[@class='emoji-picker__container post-action'])'. Please recheck the objects properties to make sure the desired element is located. 

2021-05-29 00:21:32 - [MESSAGE][WARNING] - [SELF-HEALING] Failed to find element with id 'Object Repository/1612049/DirectMessage_Workspace/button_Emoji Picker Button'. Try using Self-healing.

2021-05-29 00:21:32 - [MESSAGE][ERROR] - [SELF-HEALING] com.google.gson.stream.MalformedJsonException: Expected ':' at line 75 column 10 path $.brokenTestObjects[7].<<<<<<<

2021-05-29 00:21:33 - [MESSAGE][INFO] - [SELF-HEALING] Working Locator: '(//button[@type='button'])[8]'.

2021-05-29 00:21:33 - [MESSAGE][INFO] - [SELF-HEALING] Screenshot: C:/Users/phuc/git/Mattermost_AutoTesting/Reports/Self-healing/Object Repository/1612049/DirectMessage_Workspace/button_Emoji Picker Button_attributes.png

2021-05-29 00:21:33 - [MESSAGE][ERROR] - [SELF-HEALING] com.google.gson.stream.MalformedJsonException: Expected ':' at line 75 column 10 path $.brokenTestObjects[7].<<<<<<<

2021-05-29 00:21:33 - [MESSAGE][ERROR] - [SELF-HEALING] C:\Users\phuc\git\Mattermost_AutoTesting\Reports\Self-healing\broken-test-objects.json does not exist or is provided by Self-healing Plugin!

2021-05-29 00:21:33 - [MESSAGE][WARNING] - [SELF-HEALING] The current locator of test object 'Object Repository/1612049/DirectMessage_Workspace/button_Emoji Picker Button' was broken. Propose an alternative one: '(//button[@type='button'])[8]'.

2021-05-29 00:21:33 - [MESSAGE][PASSED] - Object: 'Object Repository/1612049/DirectMessage_Workspace/button_Emoji Picker Button' is clicked on

2021-05-29 00:21:33 - [TEST_STEP][FAILED] - click(findTestObject("Object Repository/1612049/DirectMessage_Workspace/Page_Town Square - noname Mattermost/img_People_emoji-1f600")): Unable to click on object 'Object Repository/1612049/DirectMessage_Workspace/Page_Town Square - noname Mattermost/img_People_emoji-1f600' (Root cause: com.kms.katalon.core.exception.StepFailedException: Unable to click on object 'Object Repository/1612049/DirectMessage_Workspace/Page_Town Square - noname Mattermost/img_People_emoji-1f600'
	at com.kms.katalon.core.webui.keyword.internal.WebUIKeywordMain.stepFailed(WebUIKeywordMain.groovy:64)
	at com.kms.katalon.core.webui.keyword.internal.WebUIKeywordMain.runKeyword(WebUIKeywordMain.groovy:26)
	at com.kms.katalon.core.webui.keyword.builtin.ClickKeyword.click(ClickKeyword.groovy:75)
	at com.kms.katalon.core.webui.keyword.builtin.ClickKeyword.execute(ClickKeyword.groovy:42)
	at com.kms.katalon.core.keyword.internal.KeywordExecutor.executeKeywordForPlatform(KeywordExecutor.groovy:73)
	at com.kms.katalon.core.webui.keyword.WebUiBuiltInKeywords.click(WebUiBuiltInKeywords.groovy:619)
	at com.kms.katalon.core.webui.keyword.WebUiBuiltInKeywords$click$3.call(Unknown Source)
	at TC40_Add emoji.run(TC40_Add emoji:29)
	at com.kms.katalon.core.main.ScriptEngine.run(ScriptEngine.java:194)
	at com.kms.katalon.core.main.ScriptEngine.runScriptAsRawText(ScriptEngine.java:119)
	at com.kms.katalon.core.main.TestCaseExecutor.runScript(TestCaseExecutor.java:398)
	at com.kms.katalon.core.main.TestCaseExecutor.doExecute(TestCaseExecutor.java:389)
	at com.kms.katalon.core.main.TestCaseExecutor.processExecutionPhase(TestCaseExecutor.java:368)
	at com.kms.katalon.core.main.TestCaseExecutor.accessMainPhase(TestCaseExecutor.java:360)
	at com.kms.katalon.core.main.TestCaseExecutor.execute(TestCaseExecutor.java:255)
	at com.kms.katalon.core.main.TestSuiteExecutor.accessTestCaseMainPhase(TestSuiteExecutor.java:203)
	at com.kms.katalon.core.main.TestSuiteExecutor.accessTestSuiteMainPhase(TestSuiteExecutor.java:152)
	at com.kms.katalon.core.main.TestSuiteExecutor.execute(TestSuiteExecutor.java:95)
	at com.kms.katalon.core.main.TestCaseMain.startTestSuite(TestCaseMain.java:157)
	at com.kms.katalon.core.main.TestCaseMain$startTestSuite$0.call(Unknown Source)
	at TempTestSuite1622220811607.run(TempTestSuite1622220811607.groovy:39)
Caused by: com.kms.katalon.core.webui.exception.WebElementNotFoundException: Web element with id: 'Object Repository/1612049/DirectMessage_Workspace/Page_Town Square - noname Mattermost/img_People_emoji-1f600' located by '//img[@id='emoji-1f600']' not found
	at com.kms.katalon.core.webui.common.WebUiCommonHelper.findWebElement(WebUiCommonHelper.java:1368)
	at com.kms.katalon.core.webui.keyword.internal.WebUIAbstractKeyword.findWebElement(WebUIAbstractKeyword.groovy:27)
	at com.kms.katalon.core.webui.keyword.internal.WebUIAbstractKeyword.findWebElement(WebUIAbstractKeyword.groovy:26)
	at com.kms.katalon.core.webui.keyword.builtin.ClickKeyword$_click_closure1.doCall(ClickKeyword.groovy:66)
	at com.kms.katalon.core.webui.keyword.builtin.ClickKeyword$_click_closure1.call(ClickKeyword.groovy)
	at com.kms.katalon.core.webui.keyword.internal.WebUIKeywordMain.runKeyword(WebUIKeywordMain.groovy:20)
	at com.kms.katalon.core.webui.keyword.builtin.ClickKeyword.click(ClickKeyword.groovy:75)
	at com.kms.katalon.core.webui.keyword.builtin.ClickKeyword.execute(ClickKeyword.groovy:42)
	at com.kms.katalon.core.keyword.internal.KeywordExecutor.executeKeywordForPlatform(KeywordExecutor.groovy:73)
	at com.kms.katalon.core.webui.keyword.WebUiBuiltInKeywords.click(WebUiBuiltInKeywords.groovy:619)
	at com.kms.katalon.core.webui.keyword.WebUiBuiltInKeywords$click$3.call(Unknown Source)
	at Script1621730314401.run(Script1621730314401.groovy:29)
	... 13 more
)

2021-05-29 00:22:05 - [MESSAGE][INFO] - Unable to find the element located by 'By.xpath: //img[@id='emoji-1f600']'. Please recheck the objects properties to make sure the desired element is located. 

2021-05-29 00:22:05 - [MESSAGE][WARNING] - [SELF-HEALING] Failed to find element with id 'Object Repository/1612049/DirectMessage_Workspace/Page_Town Square - noname Mattermost/img_People_emoji-1f600'. Try using Self-healing.

2021-05-29 00:22:05 - [MESSAGE][ERROR] - [SELF-HEALING] com.google.gson.stream.MalformedJsonException: Expected ':' at line 75 column 10 path $.brokenTestObjects[7].<<<<<<<

2021-05-29 00:22:05 - [MESSAGE][INFO] - [SELF-HEALING] Failed Locator: '//img[@id='emoji-1f600']'.

2021-05-29 00:22:05 - [MESSAGE][INFO] - [SELF-HEALING] Failed Locator: '//div[@id='emojiPicker']/div[2]/div[4]/div/div/div[2]/div/div/img'.

2021-05-29 00:22:06 - [MESSAGE][INFO] - [SELF-HEALING] Failed Locator: '//img[@alt='emoji image']'.

2021-05-29 00:22:06 - [MESSAGE][INFO] - [SELF-HEALING] Failed Locator: '//div[2]/div/div/img'.

2021-05-29 00:22:07 - [MESSAGE][INFO] - Unable to find the element located by 'By.xpath: //*[@alt = 'emoji image' and @src = '/static/files/bb70781ccd4fbf5f99bf8a8060f82662.gif' and @id = 'emoji-1f600']'. Please recheck the objects properties to make sure the desired element is located. 

2021-05-29 00:22:08 - [MESSAGE][INFO] - Unable to find the element located by 'By.cssSelector: #emoji-1f600'. Please recheck the objects properties to make sure the desired element is located. 

2021-05-29 00:22:09 - [MESSAGE][FAILED] - Unable to click on object 'Object Repository/1612049/DirectMessage_Workspace/Page_Town Square - noname Mattermost/img_People_emoji-1f600' (Root cause: com.kms.katalon.core.exception.StepFailedException: Unable to click on object 'Object Repository/1612049/DirectMessage_Workspace/Page_Town Square - noname Mattermost/img_People_emoji-1f600'
	at com.kms.katalon.core.webui.keyword.internal.WebUIKeywordMain.stepFailed(WebUIKeywordMain.groovy:64)
	at com.kms.katalon.core.webui.keyword.internal.WebUIKeywordMain.runKeyword(WebUIKeywordMain.groovy:26)
	at com.kms.katalon.core.webui.keyword.builtin.ClickKeyword.click(ClickKeyword.groovy:75)
	at com.kms.katalon.core.webui.keyword.builtin.ClickKeyword.execute(ClickKeyword.groovy:42)
	at com.kms.katalon.core.keyword.internal.KeywordExecutor.executeKeywordForPlatform(KeywordExecutor.groovy:73)
	at com.kms.katalon.core.webui.keyword.WebUiBuiltInKeywords.click(WebUiBuiltInKeywords.groovy:619)
	at com.kms.katalon.core.webui.keyword.WebUiBuiltInKeywords$click$3.call(Unknown Source)
	at TC40_Add emoji.run(TC40_Add emoji:29)
	at com.kms.katalon.core.main.ScriptEngine.run(ScriptEngine.java:194)
	at com.kms.katalon.core.main.ScriptEngine.runScriptAsRawText(ScriptEngine.java:119)
	at com.kms.katalon.core.main.TestCaseExecutor.runScript(TestCaseExecutor.java:398)
	at com.kms.katalon.core.main.TestCaseExecutor.doExecute(TestCaseExecutor.java:389)
	at com.kms.katalon.core.main.TestCaseExecutor.processExecutionPhase(TestCaseExecutor.java:368)
	at com.kms.katalon.core.main.TestCaseExecutor.accessMainPhase(TestCaseExecutor.java:360)
	at com.kms.katalon.core.main.TestCaseExecutor.execute(TestCaseExecutor.java:255)
	at com.kms.katalon.core.main.TestSuiteExecutor.accessTestCaseMainPhase(TestSuiteExecutor.java:203)
	at com.kms.katalon.core.main.TestSuiteExecutor.accessTestSuiteMainPhase(TestSuiteExecutor.java:152)
	at com.kms.katalon.core.main.TestSuiteExecutor.execute(TestSuiteExecutor.java:95)
	at com.kms.katalon.core.main.TestCaseMain.startTestSuite(TestCaseMain.java:157)
	at com.kms.katalon.core.main.TestCaseMain$startTestSuite$0.call(Unknown Source)
	at TempTestSuite1622220811607.run(TempTestSuite1622220811607.groovy:39)
Caused by: com.kms.katalon.core.webui.exception.WebElementNotFoundException: Web element with id: 'Object Repository/1612049/DirectMessage_Workspace/Page_Town Square - noname Mattermost/img_People_emoji-1f600' located by '//img[@id='emoji-1f600']' not found
	at com.kms.katalon.core.webui.common.WebUiCommonHelper.findWebElement(WebUiCommonHelper.java:1368)
	at com.kms.katalon.core.webui.keyword.internal.WebUIAbstractKeyword.findWebElement(WebUIAbstractKeyword.groovy:27)
	at com.kms.katalon.core.webui.keyword.internal.WebUIAbstractKeyword.findWebElement(WebUIAbstractKeyword.groovy:26)
	at com.kms.katalon.core.webui.keyword.builtin.ClickKeyword$_click_closure1.doCall(ClickKeyword.groovy:66)
	at com.kms.katalon.core.webui.keyword.builtin.ClickKeyword$_click_closure1.call(ClickKeyword.groovy)
	at com.kms.katalon.core.webui.keyword.internal.WebUIKeywordMain.runKeyword(WebUIKeywordMain.groovy:20)
	at com.kms.katalon.core.webui.keyword.builtin.ClickKeyword.click(ClickKeyword.groovy:75)
	at com.kms.katalon.core.webui.keyword.builtin.ClickKeyword.execute(ClickKeyword.groovy:42)
	at com.kms.katalon.core.keyword.internal.KeywordExecutor.executeKeywordForPlatform(KeywordExecutor.groovy:73)
	at com.kms.katalon.core.webui.keyword.WebUiBuiltInKeywords.click(WebUiBuiltInKeywords.groovy:619)
	at com.kms.katalon.core.webui.keyword.WebUiBuiltInKeywords$click$3.call(Unknown Source)
	at Script1621730314401.run(Script1621730314401.groovy:29)
	... 13 more
)
[[ATTACHMENT|C:\\Users\\phuc\\git\\Mattermost_AutoTesting\\Reports\\20210528_235331\\1712666\\Run_All_Test_Cases\\20210528_235331\\1622222528794.png]]]]></system-out>
         <system-err><![CDATA[2021-05-29 00:20:50 - [TEST_CASE][FAILED] - Test Cases/1612049/TC40_Add emoji: Test Cases/1612049/TC40_Add emoji FAILED.
Reason:
com.kms.katalon.core.exception.StepFailedException: Unable to click on object 'Object Repository/1612049/DirectMessage_Workspace/Page_Town Square - noname Mattermost/img_People_emoji-1f600'
	at com.kms.katalon.core.webui.keyword.internal.WebUIKeywordMain.stepFailed(WebUIKeywordMain.groovy:64)
	at com.kms.katalon.core.webui.keyword.internal.WebUIKeywordMain.runKeyword(WebUIKeywordMain.groovy:26)
	at com.kms.katalon.core.webui.keyword.builtin.ClickKeyword.click(ClickKeyword.groovy:75)
	at com.kms.katalon.core.webui.keyword.builtin.ClickKeyword.execute(ClickKeyword.groovy:42)
	at com.kms.katalon.core.keyword.internal.KeywordExecutor.executeKeywordForPlatform(KeywordExecutor.groovy:73)
	at com.kms.katalon.core.webui.keyword.WebUiBuiltInKeywords.click(WebUiBuiltInKeywords.groovy:619)
	at com.kms.katalon.core.webui.keyword.WebUiBuiltInKeywords$click$3.call(Unknown Source)
	at TC40_Add emoji.run(TC40_Add emoji:29)
	at com.kms.katalon.core.main.ScriptEngine.run(ScriptEngine.java:194)
	at com.kms.katalon.core.main.ScriptEngine.runScriptAsRawText(ScriptEngine.java:119)
	at com.kms.katalon.core.main.TestCaseExecutor.runScript(TestCaseExecutor.java:398)
	at com.kms.katalon.core.main.TestCaseExecutor.doExecute(TestCaseExecutor.java:389)
	at com.kms.katalon.core.main.TestCaseExecutor.processExecutionPhase(TestCaseExecutor.java:368)
	at com.kms.katalon.core.main.TestCaseExecutor.accessMainPhase(TestCaseExecutor.java:360)
	at com.kms.katalon.core.main.TestCaseExecutor.execute(TestCaseExecutor.java:255)
	at com.kms.katalon.core.main.TestSuiteExecutor.accessTestCaseMainPhase(TestSuiteExecutor.java:203)
	at com.kms.katalon.core.main.TestSuiteExecutor.accessTestSuiteMainPhase(TestSuiteExecutor.java:152)
	at com.kms.katalon.core.main.TestSuiteExecutor.execute(TestSuiteExecutor.java:95)
	at com.kms.katalon.core.main.TestCaseMain.startTestSuite(TestCaseMain.java:157)
	at com.kms.katalon.core.main.TestCaseMain$startTestSuite$0.call(Unknown Source)
	at TempTestSuite1622220811607.run(TempTestSuite1622220811607.groovy:39)
Caused by: com.kms.katalon.core.webui.exception.WebElementNotFoundException: Web element with id: 'Object Repository/1612049/DirectMessage_Workspace/Page_Town Square - noname Mattermost/img_People_emoji-1f600' located by '//img[@id='emoji-1f600']' not found
	at com.kms.katalon.core.webui.common.WebUiCommonHelper.findWebElement(WebUiCommonHelper.java:1368)
	at com.kms.katalon.core.webui.keyword.internal.WebUIAbstractKeyword.findWebElement(WebUIAbstractKeyword.groovy:27)
	at com.kms.katalon.core.webui.keyword.internal.WebUIAbstractKeyword.findWebElement(WebUIAbstractKeyword.groovy:26)
	at com.kms.katalon.core.webui.keyword.builtin.ClickKeyword$_click_closure1.doCall(ClickKeyword.groovy:66)
	at com.kms.katalon.core.webui.keyword.builtin.ClickKeyword$_click_closure1.call(ClickKeyword.groovy)
	at com.kms.katalon.core.webui.keyword.internal.WebUIKeywordMain.runKeyword(WebUIKeywordMain.groovy:20)
	... 19 more]]></system-err>
      </testcase>
      <testcase name="Test Cases/1612049/TC41_Edit message" time="46.567" classname="Test Cases/1612049/TC41_Edit message" status="FAILED">
         <failure type="FAILED" message="Test Cases/1612049/TC41_Edit message FAILED.
Reason:
com.kms.katalon.core.exception.StepFailedException: Unable to move mouse over object 'Object Repository/1612049/DirectMessage_Dialog/div_Message'
	at com.kms.katalon.core.webui.keyword.internal.WebUIKeywordMain.stepFailed(WebUIKeywordMain.groovy:64)
	at com.kms.katalon.core.webui.keyword.internal.WebUIKeywordMain.runKeyword(WebUIKeywordMain.groovy:26)
	at com.kms.katalon.core.webui.keyword.builtin.MouseOverKeyword.mouseOver(MouseOverKeyword.groovy:66)
	at com.kms.katalon.core.webui.keyword.builtin.MouseOverKeyword.execute(MouseOverKeyword.groovy:40)
	at com.kms.katalon.core.keyword.internal.KeywordExecutor.executeKeywordForPlatform(KeywordExecutor.groovy:73)
	at com.kms.katalon.core.webui.keyword.WebUiBuiltInKeywords.mouseOver(WebUiBuiltInKeywords.groovy:805)
	at com.kms.katalon.core.webui.keyword.WebUiBuiltInKeywords$mouseOver$14.call(Unknown Source)
	at TC41_Edit message.run(TC41_Edit message:27)
	at com.kms.katalon.core.main.ScriptEngine.run(ScriptEngine.java:194)
	at com.kms.katalon.core.main.ScriptEngine.runScriptAsRawText(ScriptEngine.java:119)
	at com.kms.katalon.core.main.TestCaseExecutor.runScript(TestCaseExecutor.java:398)
	at com.kms.katalon.core.main.TestCaseExecutor.doExecute(TestCaseExecutor.java:389)
	at com.kms.katalon.core.main.TestCaseExecutor.processExecutionPhase(TestCaseExecutor.java:368)
	at com.kms.katalon.core.main.TestCaseExecutor.accessMainPhase(TestCaseExecutor.java:360)
	at com.kms.katalon.core.main.TestCaseExecutor.execute(TestCaseExecutor.java:255)
	at com.kms.katalon.core.main.TestSuiteExecutor.accessTestCaseMainPhase(TestSuiteExecutor.java:203)
	at com.kms.katalon.core.main.TestSuiteExecutor.accessTestSuiteMainPhase(TestSuiteExecutor.java:152)
	at com.kms.katalon.core.main.TestSuiteExecutor.execute(TestSuiteExecutor.java:95)
	at com.kms.katalon.core.main.TestCaseMain.startTestSuite(TestCaseMain.java:157)
	at com.kms.katalon.core.main.TestCaseMain$startTestSuite$0.call(Unknown Source)
	at TempTestSuite1622220811607.run(TempTestSuite1622220811607.groovy:39)
Caused by: com.kms.katalon.core.webui.exception.WebElementNotFoundException: Web element with id: 'Object Repository/1612049/DirectMessage_Dialog/div_Message' located by '//div[@id='post_t1dmqmp68ifh8rw99pwqg1b1fr']' not found
	at com.kms.katalon.core.webui.common.WebUiCommonHelper.findWebElement(WebUiCommonHelper.java:1368)
	at com.kms.katalon.core.webui.keyword.internal.WebUIAbstractKeyword.findWebElement(WebUIAbstractKeyword.groovy:27)
	at com.kms.katalon.core.webui.keyword.internal.WebUIAbstractKeyword.findWebElement(WebUIAbstractKeyword.groovy:26)
	at com.kms.katalon.core.webui.keyword.builtin.MouseOverKeyword$_mouseOver_closure1.doCall(MouseOverKeyword.groovy:54)
	at com.kms.katalon.core.webui.keyword.builtin.MouseOverKeyword$_mouseOver_closure1.call(MouseOverKeyword.groovy)
	at com.kms.katalon.core.webui.keyword.internal.WebUIKeywordMain.runKeyword(WebUIKeywordMain.groovy:20)
	... 19 more
"/>
         <system-out><![CDATA[2021-05-29 00:22:09 - [TEST_CASE][FAILED] - Test Cases/1612049/TC41_Edit message: Test Cases/1612049/TC41_Edit message FAILED.
Reason:
com.kms.katalon.core.exception.StepFailedException: Unable to move mouse over object 'Object Repository/1612049/DirectMessage_Dialog/div_Message'
	at com.kms.katalon.core.webui.keyword.internal.WebUIKeywordMain.stepFailed(WebUIKeywordMain.groovy:64)
	at com.kms.katalon.core.webui.keyword.internal.WebUIKeywordMain.runKeyword(WebUIKeywordMain.groovy:26)
	at com.kms.katalon.core.webui.keyword.builtin.MouseOverKeyword.mouseOver(MouseOverKeyword.groovy:66)
	at com.kms.katalon.core.webui.keyword.builtin.MouseOverKeyword.execute(MouseOverKeyword.groovy:40)
	at com.kms.katalon.core.keyword.internal.KeywordExecutor.executeKeywordForPlatform(KeywordExecutor.groovy:73)
	at com.kms.katalon.core.webui.keyword.WebUiBuiltInKeywords.mouseOver(WebUiBuiltInKeywords.groovy:805)
	at com.kms.katalon.core.webui.keyword.WebUiBuiltInKeywords$mouseOver$14.call(Unknown Source)
	at TC41_Edit message.run(TC41_Edit message:27)
	at com.kms.katalon.core.main.ScriptEngine.run(ScriptEngine.java:194)
	at com.kms.katalon.core.main.ScriptEngine.runScriptAsRawText(ScriptEngine.java:119)
	at com.kms.katalon.core.main.TestCaseExecutor.runScript(TestCaseExecutor.java:398)
	at com.kms.katalon.core.main.TestCaseExecutor.doExecute(TestCaseExecutor.java:389)
	at com.kms.katalon.core.main.TestCaseExecutor.processExecutionPhase(TestCaseExecutor.java:368)
	at com.kms.katalon.core.main.TestCaseExecutor.accessMainPhase(TestCaseExecutor.java:360)
	at com.kms.katalon.core.main.TestCaseExecutor.execute(TestCaseExecutor.java:255)
	at com.kms.katalon.core.main.TestSuiteExecutor.accessTestCaseMainPhase(TestSuiteExecutor.java:203)
	at com.kms.katalon.core.main.TestSuiteExecutor.accessTestSuiteMainPhase(TestSuiteExecutor.java:152)
	at com.kms.katalon.core.main.TestSuiteExecutor.execute(TestSuiteExecutor.java:95)
	at com.kms.katalon.core.main.TestCaseMain.startTestSuite(TestCaseMain.java:157)
	at com.kms.katalon.core.main.TestCaseMain$startTestSuite$0.call(Unknown Source)
	at TempTestSuite1622220811607.run(TempTestSuite1622220811607.groovy:39)
Caused by: com.kms.katalon.core.webui.exception.WebElementNotFoundException: Web element with id: 'Object Repository/1612049/DirectMessage_Dialog/div_Message' located by '//div[@id='post_t1dmqmp68ifh8rw99pwqg1b1fr']' not found
	at com.kms.katalon.core.webui.common.WebUiCommonHelper.findWebElement(WebUiCommonHelper.java:1368)
	at com.kms.katalon.core.webui.keyword.internal.WebUIAbstractKeyword.findWebElement(WebUIAbstractKeyword.groovy:27)
	at com.kms.katalon.core.webui.keyword.internal.WebUIAbstractKeyword.findWebElement(WebUIAbstractKeyword.groovy:26)
	at com.kms.katalon.core.webui.keyword.builtin.MouseOverKeyword$_mouseOver_closure1.doCall(MouseOverKeyword.groovy:54)
	at com.kms.katalon.core.webui.keyword.builtin.MouseOverKeyword$_mouseOver_closure1.call(MouseOverKeyword.groovy)
	at com.kms.katalon.core.webui.keyword.internal.WebUIKeywordMain.runKeyword(WebUIKeywordMain.groovy:20)
	... 19 more


2021-05-29 00:22:09 - [TEST_STEP][PASSED] - openBrowser(""): Browser is opened with url: ''

2021-05-29 00:22:09 - [MESSAGE][WARNING] - A browser is already opened. Closing browser and opening a new one

2021-05-29 00:22:10 - [MESSAGE][INFO] - Starting 'Chrome' driver

2021-05-29 00:22:10 - [MESSAGE][INFO] - Action delay is set to 0 milliseconds

2021-05-29 00:22:12 - [MESSAGE][PASSED] - Browser is opened with url: ''

2021-05-29 00:22:12 - [TEST_STEP][PASSED] - navigateToUrl("https://mattermostwebapp.herokuapp.com/"): Navigate to 'https://mattermostwebapp.herokuapp.com/' successfully

2021-05-29 00:22:15 - [MESSAGE][PASSED] - Navigate to 'https://mattermostwebapp.herokuapp.com/' successfully

2021-05-29 00:22:15 - [TEST_STEP][PASSED] - callTestCase(findTestCase("1612049/CommonTC/CTC_Login"), ["username":"jooie", "password":"6z6Vi2R3i06jbzaqW0pQ8Q=="], STOP_ON_FAILURE): Call Test Case 'Test Cases/1612049/CommonTC/CTC_Login' successfully

2021-05-29 00:22:15 - [TEST_CASE][PASSED] - Test Cases/1612049/CommonTC/CTC_Login: Test Cases/1612049/CommonTC/CTC_Login

2021-05-29 00:22:15 - [TEST_STEP][PASSED] - setText(findTestObject("Object Repository/1612049/Login_Screen/Page_Mattermost/input_All team communication in one place, _dcc84b"), username): Text 'jooie' is set on object 'Object Repository/1612049/Login_Screen/Page_Mattermost/input_All team communication in one place, _dcc84b'

2021-05-29 00:22:20 - [MESSAGE][PASSED] - Text 'jooie' is set on object 'Object Repository/1612049/Login_Screen/Page_Mattermost/input_All team communication in one place, _dcc84b'

2021-05-29 00:22:20 - [TEST_STEP][PASSED] - setEncryptedText(findTestObject("Object Repository/1612049/Login_Screen/Page_Mattermost/input_All team communication in one place, _a3edc6"), password): Text ****** has been set on object 'Object Repository/1612049/Login_Screen/Page_Mattermost/input_All team communication in one place, _a3edc6'

2021-05-29 00:22:21 - [MESSAGE][PASSED] - Text ****** has been set on object 'Object Repository/1612049/Login_Screen/Page_Mattermost/input_All team communication in one place, _a3edc6'

2021-05-29 00:22:21 - [TEST_STEP][PASSED] - click(findTestObject("Object Repository/1612049/Login_Screen/Page_Mattermost/button_Sign in")): Object: 'Object Repository/1612049/Login_Screen/Page_Mattermost/button_Sign in' is clicked on

2021-05-29 00:22:22 - [MESSAGE][PASSED] - Object: 'Object Repository/1612049/Login_Screen/Page_Mattermost/button_Sign in' is clicked on

2021-05-29 00:22:22 - [MESSAGE][PASSED] - Call Test Case 'Test Cases/1612049/CommonTC/CTC_Login' successfully

2021-05-29 00:22:22 - [TEST_STEP][FAILED] - mouseOver(findTestObject("1612049/DirectMessage_Dialog/div_Message")): Unable to move mouse over object 'Object Repository/1612049/DirectMessage_Dialog/div_Message' (Root cause: com.kms.katalon.core.exception.StepFailedException: Unable to move mouse over object 'Object Repository/1612049/DirectMessage_Dialog/div_Message'
	at com.kms.katalon.core.webui.keyword.internal.WebUIKeywordMain.stepFailed(WebUIKeywordMain.groovy:64)
	at com.kms.katalon.core.webui.keyword.internal.WebUIKeywordMain.runKeyword(WebUIKeywordMain.groovy:26)
	at com.kms.katalon.core.webui.keyword.builtin.MouseOverKeyword.mouseOver(MouseOverKeyword.groovy:66)
	at com.kms.katalon.core.webui.keyword.builtin.MouseOverKeyword.execute(MouseOverKeyword.groovy:40)
	at com.kms.katalon.core.keyword.internal.KeywordExecutor.executeKeywordForPlatform(KeywordExecutor.groovy:73)
	at com.kms.katalon.core.webui.keyword.WebUiBuiltInKeywords.mouseOver(WebUiBuiltInKeywords.groovy:805)
	at com.kms.katalon.core.webui.keyword.WebUiBuiltInKeywords$mouseOver$14.call(Unknown Source)
	at TC41_Edit message.run(TC41_Edit message:27)
	at com.kms.katalon.core.main.ScriptEngine.run(ScriptEngine.java:194)
	at com.kms.katalon.core.main.ScriptEngine.runScriptAsRawText(ScriptEngine.java:119)
	at com.kms.katalon.core.main.TestCaseExecutor.runScript(TestCaseExecutor.java:398)
	at com.kms.katalon.core.main.TestCaseExecutor.doExecute(TestCaseExecutor.java:389)
	at com.kms.katalon.core.main.TestCaseExecutor.processExecutionPhase(TestCaseExecutor.java:368)
	at com.kms.katalon.core.main.TestCaseExecutor.accessMainPhase(TestCaseExecutor.java:360)
	at com.kms.katalon.core.main.TestCaseExecutor.execute(TestCaseExecutor.java:255)
	at com.kms.katalon.core.main.TestSuiteExecutor.accessTestCaseMainPhase(TestSuiteExecutor.java:203)
	at com.kms.katalon.core.main.TestSuiteExecutor.accessTestSuiteMainPhase(TestSuiteExecutor.java:152)
	at com.kms.katalon.core.main.TestSuiteExecutor.execute(TestSuiteExecutor.java:95)
	at com.kms.katalon.core.main.TestCaseMain.startTestSuite(TestCaseMain.java:157)
	at com.kms.katalon.core.main.TestCaseMain$startTestSuite$0.call(Unknown Source)
	at TempTestSuite1622220811607.run(TempTestSuite1622220811607.groovy:39)
Caused by: com.kms.katalon.core.webui.exception.WebElementNotFoundException: Web element with id: 'Object Repository/1612049/DirectMessage_Dialog/div_Message' located by '//div[@id='post_t1dmqmp68ifh8rw99pwqg1b1fr']' not found
	at com.kms.katalon.core.webui.common.WebUiCommonHelper.findWebElement(WebUiCommonHelper.java:1368)
	at com.kms.katalon.core.webui.keyword.internal.WebUIAbstractKeyword.findWebElement(WebUIAbstractKeyword.groovy:27)
	at com.kms.katalon.core.webui.keyword.internal.WebUIAbstractKeyword.findWebElement(WebUIAbstractKeyword.groovy:26)
	at com.kms.katalon.core.webui.keyword.builtin.MouseOverKeyword$_mouseOver_closure1.doCall(MouseOverKeyword.groovy:54)
	at com.kms.katalon.core.webui.keyword.builtin.MouseOverKeyword$_mouseOver_closure1.call(MouseOverKeyword.groovy)
	at com.kms.katalon.core.webui.keyword.internal.WebUIKeywordMain.runKeyword(WebUIKeywordMain.groovy:20)
	at com.kms.katalon.core.webui.keyword.builtin.MouseOverKeyword.mouseOver(MouseOverKeyword.groovy:66)
	at com.kms.katalon.core.webui.keyword.builtin.MouseOverKeyword.execute(MouseOverKeyword.groovy:40)
	at com.kms.katalon.core.keyword.internal.KeywordExecutor.executeKeywordForPlatform(KeywordExecutor.groovy:73)
	at com.kms.katalon.core.webui.keyword.WebUiBuiltInKeywords.mouseOver(WebUiBuiltInKeywords.groovy:805)
	at com.kms.katalon.core.webui.keyword.WebUiBuiltInKeywords$mouseOver$14.call(Unknown Source)
	at Script1621734545234.run(Script1621734545234.groovy:27)
	... 13 more
)

2021-05-29 00:22:53 - [MESSAGE][INFO] - Unable to find the element located by 'By.xpath: //div[@id='post_t1dmqmp68ifh8rw99pwqg1b1fr']'. Please recheck the objects properties to make sure the desired element is located. 

2021-05-29 00:22:53 - [MESSAGE][WARNING] - [SELF-HEALING] Failed to find element with id 'Object Repository/1612049/DirectMessage_Dialog/div_Message'. Try using Self-healing.

2021-05-29 00:22:53 - [MESSAGE][ERROR] - [SELF-HEALING] com.google.gson.stream.MalformedJsonException: Expected ':' at line 75 column 10 path $.brokenTestObjects[7].<<<<<<<

2021-05-29 00:22:54 - [MESSAGE][INFO] - [SELF-HEALING] No working XPath is found.

2021-05-29 00:22:55 - [MESSAGE][INFO] - Unable to find the element located by 'By.xpath: '. Please recheck the objects properties to make sure the desired element is located. 

2021-05-29 00:22:55 - [MESSAGE][WARNING] - [SELF-HEALING] Cannot find elements when the selector is null

2021-05-29 00:22:55 - [MESSAGE][FAILED] - Unable to move mouse over object 'Object Repository/1612049/DirectMessage_Dialog/div_Message' (Root cause: com.kms.katalon.core.exception.StepFailedException: Unable to move mouse over object 'Object Repository/1612049/DirectMessage_Dialog/div_Message'
	at com.kms.katalon.core.webui.keyword.internal.WebUIKeywordMain.stepFailed(WebUIKeywordMain.groovy:64)
	at com.kms.katalon.core.webui.keyword.internal.WebUIKeywordMain.runKeyword(WebUIKeywordMain.groovy:26)
	at com.kms.katalon.core.webui.keyword.builtin.MouseOverKeyword.mouseOver(MouseOverKeyword.groovy:66)
	at com.kms.katalon.core.webui.keyword.builtin.MouseOverKeyword.execute(MouseOverKeyword.groovy:40)
	at com.kms.katalon.core.keyword.internal.KeywordExecutor.executeKeywordForPlatform(KeywordExecutor.groovy:73)
	at com.kms.katalon.core.webui.keyword.WebUiBuiltInKeywords.mouseOver(WebUiBuiltInKeywords.groovy:805)
	at com.kms.katalon.core.webui.keyword.WebUiBuiltInKeywords$mouseOver$14.call(Unknown Source)
	at TC41_Edit message.run(TC41_Edit message:27)
	at com.kms.katalon.core.main.ScriptEngine.run(ScriptEngine.java:194)
	at com.kms.katalon.core.main.ScriptEngine.runScriptAsRawText(ScriptEngine.java:119)
	at com.kms.katalon.core.main.TestCaseExecutor.runScript(TestCaseExecutor.java:398)
	at com.kms.katalon.core.main.TestCaseExecutor.doExecute(TestCaseExecutor.java:389)
	at com.kms.katalon.core.main.TestCaseExecutor.processExecutionPhase(TestCaseExecutor.java:368)
	at com.kms.katalon.core.main.TestCaseExecutor.accessMainPhase(TestCaseExecutor.java:360)
	at com.kms.katalon.core.main.TestCaseExecutor.execute(TestCaseExecutor.java:255)
	at com.kms.katalon.core.main.TestSuiteExecutor.accessTestCaseMainPhase(TestSuiteExecutor.java:203)
	at com.kms.katalon.core.main.TestSuiteExecutor.accessTestSuiteMainPhase(TestSuiteExecutor.java:152)
	at com.kms.katalon.core.main.TestSuiteExecutor.execute(TestSuiteExecutor.java:95)
	at com.kms.katalon.core.main.TestCaseMain.startTestSuite(TestCaseMain.java:157)
	at com.kms.katalon.core.main.TestCaseMain$startTestSuite$0.call(Unknown Source)
	at TempTestSuite1622220811607.run(TempTestSuite1622220811607.groovy:39)
Caused by: com.kms.katalon.core.webui.exception.WebElementNotFoundException: Web element with id: 'Object Repository/1612049/DirectMessage_Dialog/div_Message' located by '//div[@id='post_t1dmqmp68ifh8rw99pwqg1b1fr']' not found
	at com.kms.katalon.core.webui.common.WebUiCommonHelper.findWebElement(WebUiCommonHelper.java:1368)
	at com.kms.katalon.core.webui.keyword.internal.WebUIAbstractKeyword.findWebElement(WebUIAbstractKeyword.groovy:27)
	at com.kms.katalon.core.webui.keyword.internal.WebUIAbstractKeyword.findWebElement(WebUIAbstractKeyword.groovy:26)
	at com.kms.katalon.core.webui.keyword.builtin.MouseOverKeyword$_mouseOver_closure1.doCall(MouseOverKeyword.groovy:54)
	at com.kms.katalon.core.webui.keyword.builtin.MouseOverKeyword$_mouseOver_closure1.call(MouseOverKeyword.groovy)
	at com.kms.katalon.core.webui.keyword.internal.WebUIKeywordMain.runKeyword(WebUIKeywordMain.groovy:20)
	at com.kms.katalon.core.webui.keyword.builtin.MouseOverKeyword.mouseOver(MouseOverKeyword.groovy:66)
	at com.kms.katalon.core.webui.keyword.builtin.MouseOverKeyword.execute(MouseOverKeyword.groovy:40)
	at com.kms.katalon.core.keyword.internal.KeywordExecutor.executeKeywordForPlatform(KeywordExecutor.groovy:73)
	at com.kms.katalon.core.webui.keyword.WebUiBuiltInKeywords.mouseOver(WebUiBuiltInKeywords.groovy:805)
	at com.kms.katalon.core.webui.keyword.WebUiBuiltInKeywords$mouseOver$14.call(Unknown Source)
	at Script1621734545234.run(Script1621734545234.groovy:27)
	... 13 more
)
[[ATTACHMENT|C:\\Users\\phuc\\git\\Mattermost_AutoTesting\\Reports\\20210528_235331\\1712666\\Run_All_Test_Cases\\20210528_235331\\1622222575471.png]]]]></system-out>
         <system-err><![CDATA[2021-05-29 00:22:09 - [TEST_CASE][FAILED] - Test Cases/1612049/TC41_Edit message: Test Cases/1612049/TC41_Edit message FAILED.
Reason:
com.kms.katalon.core.exception.StepFailedException: Unable to move mouse over object 'Object Repository/1612049/DirectMessage_Dialog/div_Message'
	at com.kms.katalon.core.webui.keyword.internal.WebUIKeywordMain.stepFailed(WebUIKeywordMain.groovy:64)
	at com.kms.katalon.core.webui.keyword.internal.WebUIKeywordMain.runKeyword(WebUIKeywordMain.groovy:26)
	at com.kms.katalon.core.webui.keyword.builtin.MouseOverKeyword.mouseOver(MouseOverKeyword.groovy:66)
	at com.kms.katalon.core.webui.keyword.builtin.MouseOverKeyword.execute(MouseOverKeyword.groovy:40)
	at com.kms.katalon.core.keyword.internal.KeywordExecutor.executeKeywordForPlatform(KeywordExecutor.groovy:73)
	at com.kms.katalon.core.webui.keyword.WebUiBuiltInKeywords.mouseOver(WebUiBuiltInKeywords.groovy:805)
	at com.kms.katalon.core.webui.keyword.WebUiBuiltInKeywords$mouseOver$14.call(Unknown Source)
	at TC41_Edit message.run(TC41_Edit message:27)
	at com.kms.katalon.core.main.ScriptEngine.run(ScriptEngine.java:194)
	at com.kms.katalon.core.main.ScriptEngine.runScriptAsRawText(ScriptEngine.java:119)
	at com.kms.katalon.core.main.TestCaseExecutor.runScript(TestCaseExecutor.java:398)
	at com.kms.katalon.core.main.TestCaseExecutor.doExecute(TestCaseExecutor.java:389)
	at com.kms.katalon.core.main.TestCaseExecutor.processExecutionPhase(TestCaseExecutor.java:368)
	at com.kms.katalon.core.main.TestCaseExecutor.accessMainPhase(TestCaseExecutor.java:360)
	at com.kms.katalon.core.main.TestCaseExecutor.execute(TestCaseExecutor.java:255)
	at com.kms.katalon.core.main.TestSuiteExecutor.accessTestCaseMainPhase(TestSuiteExecutor.java:203)
	at com.kms.katalon.core.main.TestSuiteExecutor.accessTestSuiteMainPhase(TestSuiteExecutor.java:152)
	at com.kms.katalon.core.main.TestSuiteExecutor.execute(TestSuiteExecutor.java:95)
	at com.kms.katalon.core.main.TestCaseMain.startTestSuite(TestCaseMain.java:157)
	at com.kms.katalon.core.main.TestCaseMain$startTestSuite$0.call(Unknown Source)
	at TempTestSuite1622220811607.run(TempTestSuite1622220811607.groovy:39)
Caused by: com.kms.katalon.core.webui.exception.WebElementNotFoundException: Web element with id: 'Object Repository/1612049/DirectMessage_Dialog/div_Message' located by '//div[@id='post_t1dmqmp68ifh8rw99pwqg1b1fr']' not found
	at com.kms.katalon.core.webui.common.WebUiCommonHelper.findWebElement(WebUiCommonHelper.java:1368)
	at com.kms.katalon.core.webui.keyword.internal.WebUIAbstractKeyword.findWebElement(WebUIAbstractKeyword.groovy:27)
	at com.kms.katalon.core.webui.keyword.internal.WebUIAbstractKeyword.findWebElement(WebUIAbstractKeyword.groovy:26)
	at com.kms.katalon.core.webui.keyword.builtin.MouseOverKeyword$_mouseOver_closure1.doCall(MouseOverKeyword.groovy:54)
	at com.kms.katalon.core.webui.keyword.builtin.MouseOverKeyword$_mouseOver_closure1.call(MouseOverKeyword.groovy)
	at com.kms.katalon.core.webui.keyword.internal.WebUIKeywordMain.runKeyword(WebUIKeywordMain.groovy:20)
	... 19 more]]></system-err>
      </testcase>
      <testcase name="Test Cases/1612049/TC42_Mark message as unread" time="46.382" classname="Test Cases/1612049/TC42_Mark message as unread" status="FAILED">
         <failure type="FAILED" message="Test Cases/1612049/TC42_Mark message as unread FAILED.
Reason:
com.kms.katalon.core.exception.StepFailedException: Unable to move mouse over object 'Object Repository/1612049/DirectMessage_Workspace/div_Emoji Message'
	at com.kms.katalon.core.webui.keyword.internal.WebUIKeywordMain.stepFailed(WebUIKeywordMain.groovy:64)
	at com.kms.katalon.core.webui.keyword.internal.WebUIKeywordMain.runKeyword(WebUIKeywordMain.groovy:26)
	at com.kms.katalon.core.webui.keyword.builtin.MouseOverKeyword.mouseOver(MouseOverKeyword.groovy:66)
	at com.kms.katalon.core.webui.keyword.builtin.MouseOverKeyword.execute(MouseOverKeyword.groovy:40)
	at com.kms.katalon.core.keyword.internal.KeywordExecutor.executeKeywordForPlatform(KeywordExecutor.groovy:73)
	at com.kms.katalon.core.webui.keyword.WebUiBuiltInKeywords.mouseOver(WebUiBuiltInKeywords.groovy:805)
	at com.kms.katalon.core.webui.keyword.WebUiBuiltInKeywords$mouseOver$14.call(Unknown Source)
	at TC42_Mark message as unread.run(TC42_Mark message as unread:27)
	at com.kms.katalon.core.main.ScriptEngine.run(ScriptEngine.java:194)
	at com.kms.katalon.core.main.ScriptEngine.runScriptAsRawText(ScriptEngine.java:119)
	at com.kms.katalon.core.main.TestCaseExecutor.runScript(TestCaseExecutor.java:398)
	at com.kms.katalon.core.main.TestCaseExecutor.doExecute(TestCaseExecutor.java:389)
	at com.kms.katalon.core.main.TestCaseExecutor.processExecutionPhase(TestCaseExecutor.java:368)
	at com.kms.katalon.core.main.TestCaseExecutor.accessMainPhase(TestCaseExecutor.java:360)
	at com.kms.katalon.core.main.TestCaseExecutor.execute(TestCaseExecutor.java:255)
	at com.kms.katalon.core.main.TestSuiteExecutor.accessTestCaseMainPhase(TestSuiteExecutor.java:203)
	at com.kms.katalon.core.main.TestSuiteExecutor.accessTestSuiteMainPhase(TestSuiteExecutor.java:152)
	at com.kms.katalon.core.main.TestSuiteExecutor.execute(TestSuiteExecutor.java:95)
	at com.kms.katalon.core.main.TestCaseMain.startTestSuite(TestCaseMain.java:157)
	at com.kms.katalon.core.main.TestCaseMain$startTestSuite$0.call(Unknown Source)
	at TempTestSuite1622220811607.run(TempTestSuite1622220811607.groovy:39)
Caused by: com.kms.katalon.core.webui.exception.WebElementNotFoundException: Web element with id: 'Object Repository/1612049/DirectMessage_Workspace/div_Emoji Message' located by '//div[@id='post_hpt5g3eck3nhbj91bz8rehbjte']' not found
	at com.kms.katalon.core.webui.common.WebUiCommonHelper.findWebElement(WebUiCommonHelper.java:1368)
	at com.kms.katalon.core.webui.keyword.internal.WebUIAbstractKeyword.findWebElement(WebUIAbstractKeyword.groovy:27)
	at com.kms.katalon.core.webui.keyword.internal.WebUIAbstractKeyword.findWebElement(WebUIAbstractKeyword.groovy:26)
	at com.kms.katalon.core.webui.keyword.builtin.MouseOverKeyword$_mouseOver_closure1.doCall(MouseOverKeyword.groovy:54)
	at com.kms.katalon.core.webui.keyword.builtin.MouseOverKeyword$_mouseOver_closure1.call(MouseOverKeyword.groovy)
	at com.kms.katalon.core.webui.keyword.internal.WebUIKeywordMain.runKeyword(WebUIKeywordMain.groovy:20)
	... 19 more
"/>
         <system-out><![CDATA[2021-05-29 00:22:55 - [TEST_CASE][FAILED] - Test Cases/1612049/TC42_Mark message as unread: Test Cases/1612049/TC42_Mark message as unread FAILED.
Reason:
com.kms.katalon.core.exception.StepFailedException: Unable to move mouse over object 'Object Repository/1612049/DirectMessage_Workspace/div_Emoji Message'
	at com.kms.katalon.core.webui.keyword.internal.WebUIKeywordMain.stepFailed(WebUIKeywordMain.groovy:64)
	at com.kms.katalon.core.webui.keyword.internal.WebUIKeywordMain.runKeyword(WebUIKeywordMain.groovy:26)
	at com.kms.katalon.core.webui.keyword.builtin.MouseOverKeyword.mouseOver(MouseOverKeyword.groovy:66)
	at com.kms.katalon.core.webui.keyword.builtin.MouseOverKeyword.execute(MouseOverKeyword.groovy:40)
	at com.kms.katalon.core.keyword.internal.KeywordExecutor.executeKeywordForPlatform(KeywordExecutor.groovy:73)
	at com.kms.katalon.core.webui.keyword.WebUiBuiltInKeywords.mouseOver(WebUiBuiltInKeywords.groovy:805)
	at com.kms.katalon.core.webui.keyword.WebUiBuiltInKeywords$mouseOver$14.call(Unknown Source)
	at TC42_Mark message as unread.run(TC42_Mark message as unread:27)
	at com.kms.katalon.core.main.ScriptEngine.run(ScriptEngine.java:194)
	at com.kms.katalon.core.main.ScriptEngine.runScriptAsRawText(ScriptEngine.java:119)
	at com.kms.katalon.core.main.TestCaseExecutor.runScript(TestCaseExecutor.java:398)
	at com.kms.katalon.core.main.TestCaseExecutor.doExecute(TestCaseExecutor.java:389)
	at com.kms.katalon.core.main.TestCaseExecutor.processExecutionPhase(TestCaseExecutor.java:368)
	at com.kms.katalon.core.main.TestCaseExecutor.accessMainPhase(TestCaseExecutor.java:360)
	at com.kms.katalon.core.main.TestCaseExecutor.execute(TestCaseExecutor.java:255)
	at com.kms.katalon.core.main.TestSuiteExecutor.accessTestCaseMainPhase(TestSuiteExecutor.java:203)
	at com.kms.katalon.core.main.TestSuiteExecutor.accessTestSuiteMainPhase(TestSuiteExecutor.java:152)
	at com.kms.katalon.core.main.TestSuiteExecutor.execute(TestSuiteExecutor.java:95)
	at com.kms.katalon.core.main.TestCaseMain.startTestSuite(TestCaseMain.java:157)
	at com.kms.katalon.core.main.TestCaseMain$startTestSuite$0.call(Unknown Source)
	at TempTestSuite1622220811607.run(TempTestSuite1622220811607.groovy:39)
Caused by: com.kms.katalon.core.webui.exception.WebElementNotFoundException: Web element with id: 'Object Repository/1612049/DirectMessage_Workspace/div_Emoji Message' located by '//div[@id='post_hpt5g3eck3nhbj91bz8rehbjte']' not found
	at com.kms.katalon.core.webui.common.WebUiCommonHelper.findWebElement(WebUiCommonHelper.java:1368)
	at com.kms.katalon.core.webui.keyword.internal.WebUIAbstractKeyword.findWebElement(WebUIAbstractKeyword.groovy:27)
	at com.kms.katalon.core.webui.keyword.internal.WebUIAbstractKeyword.findWebElement(WebUIAbstractKeyword.groovy:26)
	at com.kms.katalon.core.webui.keyword.builtin.MouseOverKeyword$_mouseOver_closure1.doCall(MouseOverKeyword.groovy:54)
	at com.kms.katalon.core.webui.keyword.builtin.MouseOverKeyword$_mouseOver_closure1.call(MouseOverKeyword.groovy)
	at com.kms.katalon.core.webui.keyword.internal.WebUIKeywordMain.runKeyword(WebUIKeywordMain.groovy:20)
	... 19 more


2021-05-29 00:22:55 - [TEST_STEP][PASSED] - openBrowser(""): Browser is opened with url: ''

2021-05-29 00:22:55 - [MESSAGE][WARNING] - A browser is already opened. Closing browser and opening a new one

2021-05-29 00:22:56 - [MESSAGE][INFO] - Starting 'Chrome' driver

2021-05-29 00:22:56 - [MESSAGE][INFO] - Action delay is set to 0 milliseconds

2021-05-29 00:22:58 - [MESSAGE][PASSED] - Browser is opened with url: ''

2021-05-29 00:22:58 - [TEST_STEP][PASSED] - navigateToUrl("https://mattermostwebapp.herokuapp.com/"): Navigate to 'https://mattermostwebapp.herokuapp.com/' successfully

2021-05-29 00:23:01 - [MESSAGE][PASSED] - Navigate to 'https://mattermostwebapp.herokuapp.com/' successfully

2021-05-29 00:23:01 - [TEST_STEP][PASSED] - callTestCase(findTestCase("1612049/CommonTC/CTC_Login"), ["username":"jooie", "password":"6z6Vi2R3i06jbzaqW0pQ8Q=="], STOP_ON_FAILURE): Call Test Case 'Test Cases/1612049/CommonTC/CTC_Login' successfully

2021-05-29 00:23:02 - [TEST_CASE][PASSED] - Test Cases/1612049/CommonTC/CTC_Login: Test Cases/1612049/CommonTC/CTC_Login

2021-05-29 00:23:02 - [TEST_STEP][PASSED] - setText(findTestObject("Object Repository/1612049/Login_Screen/Page_Mattermost/input_All team communication in one place, _dcc84b"), username): Text 'jooie' is set on object 'Object Repository/1612049/Login_Screen/Page_Mattermost/input_All team communication in one place, _dcc84b'

2021-05-29 00:23:07 - [MESSAGE][PASSED] - Text 'jooie' is set on object 'Object Repository/1612049/Login_Screen/Page_Mattermost/input_All team communication in one place, _dcc84b'

2021-05-29 00:23:07 - [TEST_STEP][PASSED] - setEncryptedText(findTestObject("Object Repository/1612049/Login_Screen/Page_Mattermost/input_All team communication in one place, _a3edc6"), password): Text ****** has been set on object 'Object Repository/1612049/Login_Screen/Page_Mattermost/input_All team communication in one place, _a3edc6'

2021-05-29 00:23:07 - [MESSAGE][PASSED] - Text ****** has been set on object 'Object Repository/1612049/Login_Screen/Page_Mattermost/input_All team communication in one place, _a3edc6'

2021-05-29 00:23:07 - [TEST_STEP][PASSED] - click(findTestObject("Object Repository/1612049/Login_Screen/Page_Mattermost/button_Sign in")): Object: 'Object Repository/1612049/Login_Screen/Page_Mattermost/button_Sign in' is clicked on

2021-05-29 00:23:08 - [MESSAGE][PASSED] - Object: 'Object Repository/1612049/Login_Screen/Page_Mattermost/button_Sign in' is clicked on

2021-05-29 00:23:08 - [MESSAGE][PASSED] - Call Test Case 'Test Cases/1612049/CommonTC/CTC_Login' successfully

2021-05-29 00:23:08 - [TEST_STEP][FAILED] - mouseOver(findTestObject("1612049/DirectMessage_Workspace/div_Emoji Message")): Unable to move mouse over object 'Object Repository/1612049/DirectMessage_Workspace/div_Emoji Message' (Root cause: com.kms.katalon.core.exception.StepFailedException: Unable to move mouse over object 'Object Repository/1612049/DirectMessage_Workspace/div_Emoji Message'
	at com.kms.katalon.core.webui.keyword.internal.WebUIKeywordMain.stepFailed(WebUIKeywordMain.groovy:64)
	at com.kms.katalon.core.webui.keyword.internal.WebUIKeywordMain.runKeyword(WebUIKeywordMain.groovy:26)
	at com.kms.katalon.core.webui.keyword.builtin.MouseOverKeyword.mouseOver(MouseOverKeyword.groovy:66)
	at com.kms.katalon.core.webui.keyword.builtin.MouseOverKeyword.execute(MouseOverKeyword.groovy:40)
	at com.kms.katalon.core.keyword.internal.KeywordExecutor.executeKeywordForPlatform(KeywordExecutor.groovy:73)
	at com.kms.katalon.core.webui.keyword.WebUiBuiltInKeywords.mouseOver(WebUiBuiltInKeywords.groovy:805)
	at com.kms.katalon.core.webui.keyword.WebUiBuiltInKeywords$mouseOver$14.call(Unknown Source)
	at TC42_Mark message as unread.run(TC42_Mark message as unread:27)
	at com.kms.katalon.core.main.ScriptEngine.run(ScriptEngine.java:194)
	at com.kms.katalon.core.main.ScriptEngine.runScriptAsRawText(ScriptEngine.java:119)
	at com.kms.katalon.core.main.TestCaseExecutor.runScript(TestCaseExecutor.java:398)
	at com.kms.katalon.core.main.TestCaseExecutor.doExecute(TestCaseExecutor.java:389)
	at com.kms.katalon.core.main.TestCaseExecutor.processExecutionPhase(TestCaseExecutor.java:368)
	at com.kms.katalon.core.main.TestCaseExecutor.accessMainPhase(TestCaseExecutor.java:360)
	at com.kms.katalon.core.main.TestCaseExecutor.execute(TestCaseExecutor.java:255)
	at com.kms.katalon.core.main.TestSuiteExecutor.accessTestCaseMainPhase(TestSuiteExecutor.java:203)
	at com.kms.katalon.core.main.TestSuiteExecutor.accessTestSuiteMainPhase(TestSuiteExecutor.java:152)
	at com.kms.katalon.core.main.TestSuiteExecutor.execute(TestSuiteExecutor.java:95)
	at com.kms.katalon.core.main.TestCaseMain.startTestSuite(TestCaseMain.java:157)
	at com.kms.katalon.core.main.TestCaseMain$startTestSuite$0.call(Unknown Source)
	at TempTestSuite1622220811607.run(TempTestSuite1622220811607.groovy:39)
Caused by: com.kms.katalon.core.webui.exception.WebElementNotFoundException: Web element with id: 'Object Repository/1612049/DirectMessage_Workspace/div_Emoji Message' located by '//div[@id='post_hpt5g3eck3nhbj91bz8rehbjte']' not found
	at com.kms.katalon.core.webui.common.WebUiCommonHelper.findWebElement(WebUiCommonHelper.java:1368)
	at com.kms.katalon.core.webui.keyword.internal.WebUIAbstractKeyword.findWebElement(WebUIAbstractKeyword.groovy:27)
	at com.kms.katalon.core.webui.keyword.internal.WebUIAbstractKeyword.findWebElement(WebUIAbstractKeyword.groovy:26)
	at com.kms.katalon.core.webui.keyword.builtin.MouseOverKeyword$_mouseOver_closure1.doCall(MouseOverKeyword.groovy:54)
	at com.kms.katalon.core.webui.keyword.builtin.MouseOverKeyword$_mouseOver_closure1.call(MouseOverKeyword.groovy)
	at com.kms.katalon.core.webui.keyword.internal.WebUIKeywordMain.runKeyword(WebUIKeywordMain.groovy:20)
	at com.kms.katalon.core.webui.keyword.builtin.MouseOverKeyword.mouseOver(MouseOverKeyword.groovy:66)
	at com.kms.katalon.core.webui.keyword.builtin.MouseOverKeyword.execute(MouseOverKeyword.groovy:40)
	at com.kms.katalon.core.keyword.internal.KeywordExecutor.executeKeywordForPlatform(KeywordExecutor.groovy:73)
	at com.kms.katalon.core.webui.keyword.WebUiBuiltInKeywords.mouseOver(WebUiBuiltInKeywords.groovy:805)
	at com.kms.katalon.core.webui.keyword.WebUiBuiltInKeywords$mouseOver$14.call(Unknown Source)
	at Script1621734566774.run(Script1621734566774.groovy:27)
	... 13 more
)

2021-05-29 00:23:39 - [MESSAGE][INFO] - Unable to find the element located by 'By.xpath: //div[@id='post_hpt5g3eck3nhbj91bz8rehbjte']'. Please recheck the objects properties to make sure the desired element is located. 

2021-05-29 00:23:39 - [MESSAGE][WARNING] - [SELF-HEALING] Failed to find element with id 'Object Repository/1612049/DirectMessage_Workspace/div_Emoji Message'. Try using Self-healing.

2021-05-29 00:23:39 - [MESSAGE][ERROR] - [SELF-HEALING] com.google.gson.stream.MalformedJsonException: Expected ':' at line 75 column 10 path $.brokenTestObjects[7].<<<<<<<

2021-05-29 00:23:40 - [MESSAGE][INFO] - [SELF-HEALING] No working XPath is found.

2021-05-29 00:23:41 - [MESSAGE][INFO] - Unable to find the element located by 'By.xpath: '. Please recheck the objects properties to make sure the desired element is located. 

2021-05-29 00:23:41 - [MESSAGE][WARNING] - [SELF-HEALING] Cannot find elements when the selector is null

2021-05-29 00:23:41 - [MESSAGE][FAILED] - Unable to move mouse over object 'Object Repository/1612049/DirectMessage_Workspace/div_Emoji Message' (Root cause: com.kms.katalon.core.exception.StepFailedException: Unable to move mouse over object 'Object Repository/1612049/DirectMessage_Workspace/div_Emoji Message'
	at com.kms.katalon.core.webui.keyword.internal.WebUIKeywordMain.stepFailed(WebUIKeywordMain.groovy:64)
	at com.kms.katalon.core.webui.keyword.internal.WebUIKeywordMain.runKeyword(WebUIKeywordMain.groovy:26)
	at com.kms.katalon.core.webui.keyword.builtin.MouseOverKeyword.mouseOver(MouseOverKeyword.groovy:66)
	at com.kms.katalon.core.webui.keyword.builtin.MouseOverKeyword.execute(MouseOverKeyword.groovy:40)
	at com.kms.katalon.core.keyword.internal.KeywordExecutor.executeKeywordForPlatform(KeywordExecutor.groovy:73)
	at com.kms.katalon.core.webui.keyword.WebUiBuiltInKeywords.mouseOver(WebUiBuiltInKeywords.groovy:805)
	at com.kms.katalon.core.webui.keyword.WebUiBuiltInKeywords$mouseOver$14.call(Unknown Source)
	at TC42_Mark message as unread.run(TC42_Mark message as unread:27)
	at com.kms.katalon.core.main.ScriptEngine.run(ScriptEngine.java:194)
	at com.kms.katalon.core.main.ScriptEngine.runScriptAsRawText(ScriptEngine.java:119)
	at com.kms.katalon.core.main.TestCaseExecutor.runScript(TestCaseExecutor.java:398)
	at com.kms.katalon.core.main.TestCaseExecutor.doExecute(TestCaseExecutor.java:389)
	at com.kms.katalon.core.main.TestCaseExecutor.processExecutionPhase(TestCaseExecutor.java:368)
	at com.kms.katalon.core.main.TestCaseExecutor.accessMainPhase(TestCaseExecutor.java:360)
	at com.kms.katalon.core.main.TestCaseExecutor.execute(TestCaseExecutor.java:255)
	at com.kms.katalon.core.main.TestSuiteExecutor.accessTestCaseMainPhase(TestSuiteExecutor.java:203)
	at com.kms.katalon.core.main.TestSuiteExecutor.accessTestSuiteMainPhase(TestSuiteExecutor.java:152)
	at com.kms.katalon.core.main.TestSuiteExecutor.execute(TestSuiteExecutor.java:95)
	at com.kms.katalon.core.main.TestCaseMain.startTestSuite(TestCaseMain.java:157)
	at com.kms.katalon.core.main.TestCaseMain$startTestSuite$0.call(Unknown Source)
	at TempTestSuite1622220811607.run(TempTestSuite1622220811607.groovy:39)
Caused by: com.kms.katalon.core.webui.exception.WebElementNotFoundException: Web element with id: 'Object Repository/1612049/DirectMessage_Workspace/div_Emoji Message' located by '//div[@id='post_hpt5g3eck3nhbj91bz8rehbjte']' not found
	at com.kms.katalon.core.webui.common.WebUiCommonHelper.findWebElement(WebUiCommonHelper.java:1368)
	at com.kms.katalon.core.webui.keyword.internal.WebUIAbstractKeyword.findWebElement(WebUIAbstractKeyword.groovy:27)
	at com.kms.katalon.core.webui.keyword.internal.WebUIAbstractKeyword.findWebElement(WebUIAbstractKeyword.groovy:26)
	at com.kms.katalon.core.webui.keyword.builtin.MouseOverKeyword$_mouseOver_closure1.doCall(MouseOverKeyword.groovy:54)
	at com.kms.katalon.core.webui.keyword.builtin.MouseOverKeyword$_mouseOver_closure1.call(MouseOverKeyword.groovy)
	at com.kms.katalon.core.webui.keyword.internal.WebUIKeywordMain.runKeyword(WebUIKeywordMain.groovy:20)
	at com.kms.katalon.core.webui.keyword.builtin.MouseOverKeyword.mouseOver(MouseOverKeyword.groovy:66)
	at com.kms.katalon.core.webui.keyword.builtin.MouseOverKeyword.execute(MouseOverKeyword.groovy:40)
	at com.kms.katalon.core.keyword.internal.KeywordExecutor.executeKeywordForPlatform(KeywordExecutor.groovy:73)
	at com.kms.katalon.core.webui.keyword.WebUiBuiltInKeywords.mouseOver(WebUiBuiltInKeywords.groovy:805)
	at com.kms.katalon.core.webui.keyword.WebUiBuiltInKeywords$mouseOver$14.call(Unknown Source)
	at Script1621734566774.run(Script1621734566774.groovy:27)
	... 13 more
)
[[ATTACHMENT|C:\\Users\\phuc\\git\\Mattermost_AutoTesting\\Reports\\20210528_235331\\1712666\\Run_All_Test_Cases\\20210528_235331\\1622222621853.png]]]]></system-out>
         <system-err><![CDATA[2021-05-29 00:22:55 - [TEST_CASE][FAILED] - Test Cases/1612049/TC42_Mark message as unread: Test Cases/1612049/TC42_Mark message as unread FAILED.
Reason:
com.kms.katalon.core.exception.StepFailedException: Unable to move mouse over object 'Object Repository/1612049/DirectMessage_Workspace/div_Emoji Message'
	at com.kms.katalon.core.webui.keyword.internal.WebUIKeywordMain.stepFailed(WebUIKeywordMain.groovy:64)
	at com.kms.katalon.core.webui.keyword.internal.WebUIKeywordMain.runKeyword(WebUIKeywordMain.groovy:26)
	at com.kms.katalon.core.webui.keyword.builtin.MouseOverKeyword.mouseOver(MouseOverKeyword.groovy:66)
	at com.kms.katalon.core.webui.keyword.builtin.MouseOverKeyword.execute(MouseOverKeyword.groovy:40)
	at com.kms.katalon.core.keyword.internal.KeywordExecutor.executeKeywordForPlatform(KeywordExecutor.groovy:73)
	at com.kms.katalon.core.webui.keyword.WebUiBuiltInKeywords.mouseOver(WebUiBuiltInKeywords.groovy:805)
	at com.kms.katalon.core.webui.keyword.WebUiBuiltInKeywords$mouseOver$14.call(Unknown Source)
	at TC42_Mark message as unread.run(TC42_Mark message as unread:27)
	at com.kms.katalon.core.main.ScriptEngine.run(ScriptEngine.java:194)
	at com.kms.katalon.core.main.ScriptEngine.runScriptAsRawText(ScriptEngine.java:119)
	at com.kms.katalon.core.main.TestCaseExecutor.runScript(TestCaseExecutor.java:398)
	at com.kms.katalon.core.main.TestCaseExecutor.doExecute(TestCaseExecutor.java:389)
	at com.kms.katalon.core.main.TestCaseExecutor.processExecutionPhase(TestCaseExecutor.java:368)
	at com.kms.katalon.core.main.TestCaseExecutor.accessMainPhase(TestCaseExecutor.java:360)
	at com.kms.katalon.core.main.TestCaseExecutor.execute(TestCaseExecutor.java:255)
	at com.kms.katalon.core.main.TestSuiteExecutor.accessTestCaseMainPhase(TestSuiteExecutor.java:203)
	at com.kms.katalon.core.main.TestSuiteExecutor.accessTestSuiteMainPhase(TestSuiteExecutor.java:152)
	at com.kms.katalon.core.main.TestSuiteExecutor.execute(TestSuiteExecutor.java:95)
	at com.kms.katalon.core.main.TestCaseMain.startTestSuite(TestCaseMain.java:157)
	at com.kms.katalon.core.main.TestCaseMain$startTestSuite$0.call(Unknown Source)
	at TempTestSuite1622220811607.run(TempTestSuite1622220811607.groovy:39)
Caused by: com.kms.katalon.core.webui.exception.WebElementNotFoundException: Web element with id: 'Object Repository/1612049/DirectMessage_Workspace/div_Emoji Message' located by '//div[@id='post_hpt5g3eck3nhbj91bz8rehbjte']' not found
	at com.kms.katalon.core.webui.common.WebUiCommonHelper.findWebElement(WebUiCommonHelper.java:1368)
	at com.kms.katalon.core.webui.keyword.internal.WebUIAbstractKeyword.findWebElement(WebUIAbstractKeyword.groovy:27)
	at com.kms.katalon.core.webui.keyword.internal.WebUIAbstractKeyword.findWebElement(WebUIAbstractKeyword.groovy:26)
	at com.kms.katalon.core.webui.keyword.builtin.MouseOverKeyword$_mouseOver_closure1.doCall(MouseOverKeyword.groovy:54)
	at com.kms.katalon.core.webui.keyword.builtin.MouseOverKeyword$_mouseOver_closure1.call(MouseOverKeyword.groovy)
	at com.kms.katalon.core.webui.keyword.internal.WebUIKeywordMain.runKeyword(WebUIKeywordMain.groovy:20)
	... 19 more]]></system-err>
      </testcase>
      <testcase name="Test Cases/1612049/TC43_Delete message" time="46.489" classname="Test Cases/1612049/TC43_Delete message" status="FAILED">
         <failure type="FAILED" message="Test Cases/1612049/TC43_Delete message FAILED.
Reason:
com.kms.katalon.core.exception.StepFailedException: Unable to move mouse over object 'Object Repository/1612049/DirectMessage_Workspace/div_Message To Be Deleted'
	at com.kms.katalon.core.webui.keyword.internal.WebUIKeywordMain.stepFailed(WebUIKeywordMain.groovy:64)
	at com.kms.katalon.core.webui.keyword.internal.WebUIKeywordMain.runKeyword(WebUIKeywordMain.groovy:26)
	at com.kms.katalon.core.webui.keyword.builtin.MouseOverKeyword.mouseOver(MouseOverKeyword.groovy:66)
	at com.kms.katalon.core.webui.keyword.builtin.MouseOverKeyword.execute(MouseOverKeyword.groovy:40)
	at com.kms.katalon.core.keyword.internal.KeywordExecutor.executeKeywordForPlatform(KeywordExecutor.groovy:73)
	at com.kms.katalon.core.webui.keyword.WebUiBuiltInKeywords.mouseOver(WebUiBuiltInKeywords.groovy:805)
	at com.kms.katalon.core.webui.keyword.WebUiBuiltInKeywords$mouseOver$14.call(Unknown Source)
	at TC43_Delete message.run(TC43_Delete message:27)
	at com.kms.katalon.core.main.ScriptEngine.run(ScriptEngine.java:194)
	at com.kms.katalon.core.main.ScriptEngine.runScriptAsRawText(ScriptEngine.java:119)
	at com.kms.katalon.core.main.TestCaseExecutor.runScript(TestCaseExecutor.java:398)
	at com.kms.katalon.core.main.TestCaseExecutor.doExecute(TestCaseExecutor.java:389)
	at com.kms.katalon.core.main.TestCaseExecutor.processExecutionPhase(TestCaseExecutor.java:368)
	at com.kms.katalon.core.main.TestCaseExecutor.accessMainPhase(TestCaseExecutor.java:360)
	at com.kms.katalon.core.main.TestCaseExecutor.execute(TestCaseExecutor.java:255)
	at com.kms.katalon.core.main.TestSuiteExecutor.accessTestCaseMainPhase(TestSuiteExecutor.java:203)
	at com.kms.katalon.core.main.TestSuiteExecutor.accessTestSuiteMainPhase(TestSuiteExecutor.java:152)
	at com.kms.katalon.core.main.TestSuiteExecutor.execute(TestSuiteExecutor.java:95)
	at com.kms.katalon.core.main.TestCaseMain.startTestSuite(TestCaseMain.java:157)
	at com.kms.katalon.core.main.TestCaseMain$startTestSuite$0.call(Unknown Source)
	at TempTestSuite1622220811607.run(TempTestSuite1622220811607.groovy:39)
Caused by: com.kms.katalon.core.webui.exception.WebElementNotFoundException: Web element with id: 'Object Repository/1612049/DirectMessage_Workspace/div_Message To Be Deleted' located by '//div[@id='post_e9bhx6anx7gkidr1bcyzhn7oco']' not found
	at com.kms.katalon.core.webui.common.WebUiCommonHelper.findWebElement(WebUiCommonHelper.java:1368)
	at com.kms.katalon.core.webui.keyword.internal.WebUIAbstractKeyword.findWebElement(WebUIAbstractKeyword.groovy:27)
	at com.kms.katalon.core.webui.keyword.internal.WebUIAbstractKeyword.findWebElement(WebUIAbstractKeyword.groovy:26)
	at com.kms.katalon.core.webui.keyword.builtin.MouseOverKeyword$_mouseOver_closure1.doCall(MouseOverKeyword.groovy:54)
	at com.kms.katalon.core.webui.keyword.builtin.MouseOverKeyword$_mouseOver_closure1.call(MouseOverKeyword.groovy)
	at com.kms.katalon.core.webui.keyword.internal.WebUIKeywordMain.runKeyword(WebUIKeywordMain.groovy:20)
	... 19 more
"/>
         <system-out><![CDATA[2021-05-29 00:23:42 - [TEST_CASE][FAILED] - Test Cases/1612049/TC43_Delete message: Test Cases/1612049/TC43_Delete message FAILED.
Reason:
com.kms.katalon.core.exception.StepFailedException: Unable to move mouse over object 'Object Repository/1612049/DirectMessage_Workspace/div_Message To Be Deleted'
	at com.kms.katalon.core.webui.keyword.internal.WebUIKeywordMain.stepFailed(WebUIKeywordMain.groovy:64)
	at com.kms.katalon.core.webui.keyword.internal.WebUIKeywordMain.runKeyword(WebUIKeywordMain.groovy:26)
	at com.kms.katalon.core.webui.keyword.builtin.MouseOverKeyword.mouseOver(MouseOverKeyword.groovy:66)
	at com.kms.katalon.core.webui.keyword.builtin.MouseOverKeyword.execute(MouseOverKeyword.groovy:40)
	at com.kms.katalon.core.keyword.internal.KeywordExecutor.executeKeywordForPlatform(KeywordExecutor.groovy:73)
	at com.kms.katalon.core.webui.keyword.WebUiBuiltInKeywords.mouseOver(WebUiBuiltInKeywords.groovy:805)
	at com.kms.katalon.core.webui.keyword.WebUiBuiltInKeywords$mouseOver$14.call(Unknown Source)
	at TC43_Delete message.run(TC43_Delete message:27)
	at com.kms.katalon.core.main.ScriptEngine.run(ScriptEngine.java:194)
	at com.kms.katalon.core.main.ScriptEngine.runScriptAsRawText(ScriptEngine.java:119)
	at com.kms.katalon.core.main.TestCaseExecutor.runScript(TestCaseExecutor.java:398)
	at com.kms.katalon.core.main.TestCaseExecutor.doExecute(TestCaseExecutor.java:389)
	at com.kms.katalon.core.main.TestCaseExecutor.processExecutionPhase(TestCaseExecutor.java:368)
	at com.kms.katalon.core.main.TestCaseExecutor.accessMainPhase(TestCaseExecutor.java:360)
	at com.kms.katalon.core.main.TestCaseExecutor.execute(TestCaseExecutor.java:255)
	at com.kms.katalon.core.main.TestSuiteExecutor.accessTestCaseMainPhase(TestSuiteExecutor.java:203)
	at com.kms.katalon.core.main.TestSuiteExecutor.accessTestSuiteMainPhase(TestSuiteExecutor.java:152)
	at com.kms.katalon.core.main.TestSuiteExecutor.execute(TestSuiteExecutor.java:95)
	at com.kms.katalon.core.main.TestCaseMain.startTestSuite(TestCaseMain.java:157)
	at com.kms.katalon.core.main.TestCaseMain$startTestSuite$0.call(Unknown Source)
	at TempTestSuite1622220811607.run(TempTestSuite1622220811607.groovy:39)
Caused by: com.kms.katalon.core.webui.exception.WebElementNotFoundException: Web element with id: 'Object Repository/1612049/DirectMessage_Workspace/div_Message To Be Deleted' located by '//div[@id='post_e9bhx6anx7gkidr1bcyzhn7oco']' not found
	at com.kms.katalon.core.webui.common.WebUiCommonHelper.findWebElement(WebUiCommonHelper.java:1368)
	at com.kms.katalon.core.webui.keyword.internal.WebUIAbstractKeyword.findWebElement(WebUIAbstractKeyword.groovy:27)
	at com.kms.katalon.core.webui.keyword.internal.WebUIAbstractKeyword.findWebElement(WebUIAbstractKeyword.groovy:26)
	at com.kms.katalon.core.webui.keyword.builtin.MouseOverKeyword$_mouseOver_closure1.doCall(MouseOverKeyword.groovy:54)
	at com.kms.katalon.core.webui.keyword.builtin.MouseOverKeyword$_mouseOver_closure1.call(MouseOverKeyword.groovy)
	at com.kms.katalon.core.webui.keyword.internal.WebUIKeywordMain.runKeyword(WebUIKeywordMain.groovy:20)
	... 19 more


2021-05-29 00:23:42 - [TEST_STEP][PASSED] - openBrowser(""): Browser is opened with url: ''

2021-05-29 00:23:42 - [MESSAGE][WARNING] - A browser is already opened. Closing browser and opening a new one

2021-05-29 00:23:43 - [MESSAGE][INFO] - Starting 'Chrome' driver

2021-05-29 00:23:43 - [MESSAGE][INFO] - Action delay is set to 0 milliseconds

2021-05-29 00:23:44 - [MESSAGE][PASSED] - Browser is opened with url: ''

2021-05-29 00:23:44 - [TEST_STEP][PASSED] - navigateToUrl("https://mattermostwebapp.herokuapp.com/"): Navigate to 'https://mattermostwebapp.herokuapp.com/' successfully

2021-05-29 00:23:48 - [MESSAGE][PASSED] - Navigate to 'https://mattermostwebapp.herokuapp.com/' successfully

2021-05-29 00:23:48 - [TEST_STEP][PASSED] - callTestCase(findTestCase("1612049/CommonTC/CTC_Login"), ["username":"jooie", "password":"6z6Vi2R3i06jbzaqW0pQ8Q=="], STOP_ON_FAILURE): Call Test Case 'Test Cases/1612049/CommonTC/CTC_Login' successfully

2021-05-29 00:23:48 - [TEST_CASE][PASSED] - Test Cases/1612049/CommonTC/CTC_Login: Test Cases/1612049/CommonTC/CTC_Login

2021-05-29 00:23:48 - [TEST_STEP][PASSED] - setText(findTestObject("Object Repository/1612049/Login_Screen/Page_Mattermost/input_All team communication in one place, _dcc84b"), username): Text 'jooie' is set on object 'Object Repository/1612049/Login_Screen/Page_Mattermost/input_All team communication in one place, _dcc84b'

2021-05-29 00:23:53 - [MESSAGE][PASSED] - Text 'jooie' is set on object 'Object Repository/1612049/Login_Screen/Page_Mattermost/input_All team communication in one place, _dcc84b'

2021-05-29 00:23:53 - [TEST_STEP][PASSED] - setEncryptedText(findTestObject("Object Repository/1612049/Login_Screen/Page_Mattermost/input_All team communication in one place, _a3edc6"), password): Text ****** has been set on object 'Object Repository/1612049/Login_Screen/Page_Mattermost/input_All team communication in one place, _a3edc6'

2021-05-29 00:23:54 - [MESSAGE][PASSED] - Text ****** has been set on object 'Object Repository/1612049/Login_Screen/Page_Mattermost/input_All team communication in one place, _a3edc6'

2021-05-29 00:23:54 - [TEST_STEP][PASSED] - click(findTestObject("Object Repository/1612049/Login_Screen/Page_Mattermost/button_Sign in")): Object: 'Object Repository/1612049/Login_Screen/Page_Mattermost/button_Sign in' is clicked on

2021-05-29 00:23:54 - [MESSAGE][PASSED] - Object: 'Object Repository/1612049/Login_Screen/Page_Mattermost/button_Sign in' is clicked on

2021-05-29 00:23:54 - [MESSAGE][PASSED] - Call Test Case 'Test Cases/1612049/CommonTC/CTC_Login' successfully

2021-05-29 00:23:54 - [TEST_STEP][FAILED] - mouseOver(findTestObject("1612049/DirectMessage_Workspace/div_Message To Be Deleted")): Unable to move mouse over object 'Object Repository/1612049/DirectMessage_Workspace/div_Message To Be Deleted' (Root cause: com.kms.katalon.core.exception.StepFailedException: Unable to move mouse over object 'Object Repository/1612049/DirectMessage_Workspace/div_Message To Be Deleted'
	at com.kms.katalon.core.webui.keyword.internal.WebUIKeywordMain.stepFailed(WebUIKeywordMain.groovy:64)
	at com.kms.katalon.core.webui.keyword.internal.WebUIKeywordMain.runKeyword(WebUIKeywordMain.groovy:26)
	at com.kms.katalon.core.webui.keyword.builtin.MouseOverKeyword.mouseOver(MouseOverKeyword.groovy:66)
	at com.kms.katalon.core.webui.keyword.builtin.MouseOverKeyword.execute(MouseOverKeyword.groovy:40)
	at com.kms.katalon.core.keyword.internal.KeywordExecutor.executeKeywordForPlatform(KeywordExecutor.groovy:73)
	at com.kms.katalon.core.webui.keyword.WebUiBuiltInKeywords.mouseOver(WebUiBuiltInKeywords.groovy:805)
	at com.kms.katalon.core.webui.keyword.WebUiBuiltInKeywords$mouseOver$14.call(Unknown Source)
	at TC43_Delete message.run(TC43_Delete message:27)
	at com.kms.katalon.core.main.ScriptEngine.run(ScriptEngine.java:194)
	at com.kms.katalon.core.main.ScriptEngine.runScriptAsRawText(ScriptEngine.java:119)
	at com.kms.katalon.core.main.TestCaseExecutor.runScript(TestCaseExecutor.java:398)
	at com.kms.katalon.core.main.TestCaseExecutor.doExecute(TestCaseExecutor.java:389)
	at com.kms.katalon.core.main.TestCaseExecutor.processExecutionPhase(TestCaseExecutor.java:368)
	at com.kms.katalon.core.main.TestCaseExecutor.accessMainPhase(TestCaseExecutor.java:360)
	at com.kms.katalon.core.main.TestCaseExecutor.execute(TestCaseExecutor.java:255)
	at com.kms.katalon.core.main.TestSuiteExecutor.accessTestCaseMainPhase(TestSuiteExecutor.java:203)
	at com.kms.katalon.core.main.TestSuiteExecutor.accessTestSuiteMainPhase(TestSuiteExecutor.java:152)
	at com.kms.katalon.core.main.TestSuiteExecutor.execute(TestSuiteExecutor.java:95)
	at com.kms.katalon.core.main.TestCaseMain.startTestSuite(TestCaseMain.java:157)
	at com.kms.katalon.core.main.TestCaseMain$startTestSuite$0.call(Unknown Source)
	at TempTestSuite1622220811607.run(TempTestSuite1622220811607.groovy:39)
Caused by: com.kms.katalon.core.webui.exception.WebElementNotFoundException: Web element with id: 'Object Repository/1612049/DirectMessage_Workspace/div_Message To Be Deleted' located by '//div[@id='post_e9bhx6anx7gkidr1bcyzhn7oco']' not found
	at com.kms.katalon.core.webui.common.WebUiCommonHelper.findWebElement(WebUiCommonHelper.java:1368)
	at com.kms.katalon.core.webui.keyword.internal.WebUIAbstractKeyword.findWebElement(WebUIAbstractKeyword.groovy:27)
	at com.kms.katalon.core.webui.keyword.internal.WebUIAbstractKeyword.findWebElement(WebUIAbstractKeyword.groovy:26)
	at com.kms.katalon.core.webui.keyword.builtin.MouseOverKeyword$_mouseOver_closure1.doCall(MouseOverKeyword.groovy:54)
	at com.kms.katalon.core.webui.keyword.builtin.MouseOverKeyword$_mouseOver_closure1.call(MouseOverKeyword.groovy)
	at com.kms.katalon.core.webui.keyword.internal.WebUIKeywordMain.runKeyword(WebUIKeywordMain.groovy:20)
	at com.kms.katalon.core.webui.keyword.builtin.MouseOverKeyword.mouseOver(MouseOverKeyword.groovy:66)
	at com.kms.katalon.core.webui.keyword.builtin.MouseOverKeyword.execute(MouseOverKeyword.groovy:40)
	at com.kms.katalon.core.keyword.internal.KeywordExecutor.executeKeywordForPlatform(KeywordExecutor.groovy:73)
	at com.kms.katalon.core.webui.keyword.WebUiBuiltInKeywords.mouseOver(WebUiBuiltInKeywords.groovy:805)
	at com.kms.katalon.core.webui.keyword.WebUiBuiltInKeywords$mouseOver$14.call(Unknown Source)
	at Script1621734376875.run(Script1621734376875.groovy:27)
	... 13 more
)

2021-05-29 00:24:26 - [MESSAGE][INFO] - Unable to find the element located by 'By.xpath: //div[@id='post_e9bhx6anx7gkidr1bcyzhn7oco']'. Please recheck the objects properties to make sure the desired element is located. 

2021-05-29 00:24:26 - [MESSAGE][WARNING] - [SELF-HEALING] Failed to find element with id 'Object Repository/1612049/DirectMessage_Workspace/div_Message To Be Deleted'. Try using Self-healing.

2021-05-29 00:24:26 - [MESSAGE][ERROR] - [SELF-HEALING] com.google.gson.stream.MalformedJsonException: Expected ':' at line 75 column 10 path $.brokenTestObjects[7].<<<<<<<

2021-05-29 00:24:27 - [MESSAGE][INFO] - [SELF-HEALING] No working XPath is found.

2021-05-29 00:24:28 - [MESSAGE][INFO] - Unable to find the element located by 'By.xpath: '. Please recheck the objects properties to make sure the desired element is located. 

2021-05-29 00:24:28 - [MESSAGE][WARNING] - [SELF-HEALING] Cannot find elements when the selector is null

2021-05-29 00:24:28 - [MESSAGE][FAILED] - Unable to move mouse over object 'Object Repository/1612049/DirectMessage_Workspace/div_Message To Be Deleted' (Root cause: com.kms.katalon.core.exception.StepFailedException: Unable to move mouse over object 'Object Repository/1612049/DirectMessage_Workspace/div_Message To Be Deleted'
	at com.kms.katalon.core.webui.keyword.internal.WebUIKeywordMain.stepFailed(WebUIKeywordMain.groovy:64)
	at com.kms.katalon.core.webui.keyword.internal.WebUIKeywordMain.runKeyword(WebUIKeywordMain.groovy:26)
	at com.kms.katalon.core.webui.keyword.builtin.MouseOverKeyword.mouseOver(MouseOverKeyword.groovy:66)
	at com.kms.katalon.core.webui.keyword.builtin.MouseOverKeyword.execute(MouseOverKeyword.groovy:40)
	at com.kms.katalon.core.keyword.internal.KeywordExecutor.executeKeywordForPlatform(KeywordExecutor.groovy:73)
	at com.kms.katalon.core.webui.keyword.WebUiBuiltInKeywords.mouseOver(WebUiBuiltInKeywords.groovy:805)
	at com.kms.katalon.core.webui.keyword.WebUiBuiltInKeywords$mouseOver$14.call(Unknown Source)
	at TC43_Delete message.run(TC43_Delete message:27)
	at com.kms.katalon.core.main.ScriptEngine.run(ScriptEngine.java:194)
	at com.kms.katalon.core.main.ScriptEngine.runScriptAsRawText(ScriptEngine.java:119)
	at com.kms.katalon.core.main.TestCaseExecutor.runScript(TestCaseExecutor.java:398)
	at com.kms.katalon.core.main.TestCaseExecutor.doExecute(TestCaseExecutor.java:389)
	at com.kms.katalon.core.main.TestCaseExecutor.processExecutionPhase(TestCaseExecutor.java:368)
	at com.kms.katalon.core.main.TestCaseExecutor.accessMainPhase(TestCaseExecutor.java:360)
	at com.kms.katalon.core.main.TestCaseExecutor.execute(TestCaseExecutor.java:255)
	at com.kms.katalon.core.main.TestSuiteExecutor.accessTestCaseMainPhase(TestSuiteExecutor.java:203)
	at com.kms.katalon.core.main.TestSuiteExecutor.accessTestSuiteMainPhase(TestSuiteExecutor.java:152)
	at com.kms.katalon.core.main.TestSuiteExecutor.execute(TestSuiteExecutor.java:95)
	at com.kms.katalon.core.main.TestCaseMain.startTestSuite(TestCaseMain.java:157)
	at com.kms.katalon.core.main.TestCaseMain$startTestSuite$0.call(Unknown Source)
	at TempTestSuite1622220811607.run(TempTestSuite1622220811607.groovy:39)
Caused by: com.kms.katalon.core.webui.exception.WebElementNotFoundException: Web element with id: 'Object Repository/1612049/DirectMessage_Workspace/div_Message To Be Deleted' located by '//div[@id='post_e9bhx6anx7gkidr1bcyzhn7oco']' not found
	at com.kms.katalon.core.webui.common.WebUiCommonHelper.findWebElement(WebUiCommonHelper.java:1368)
	at com.kms.katalon.core.webui.keyword.internal.WebUIAbstractKeyword.findWebElement(WebUIAbstractKeyword.groovy:27)
	at com.kms.katalon.core.webui.keyword.internal.WebUIAbstractKeyword.findWebElement(WebUIAbstractKeyword.groovy:26)
	at com.kms.katalon.core.webui.keyword.builtin.MouseOverKeyword$_mouseOver_closure1.doCall(MouseOverKeyword.groovy:54)
	at com.kms.katalon.core.webui.keyword.builtin.MouseOverKeyword$_mouseOver_closure1.call(MouseOverKeyword.groovy)
	at com.kms.katalon.core.webui.keyword.internal.WebUIKeywordMain.runKeyword(WebUIKeywordMain.groovy:20)
	at com.kms.katalon.core.webui.keyword.builtin.MouseOverKeyword.mouseOver(MouseOverKeyword.groovy:66)
	at com.kms.katalon.core.webui.keyword.builtin.MouseOverKeyword.execute(MouseOverKeyword.groovy:40)
	at com.kms.katalon.core.keyword.internal.KeywordExecutor.executeKeywordForPlatform(KeywordExecutor.groovy:73)
	at com.kms.katalon.core.webui.keyword.WebUiBuiltInKeywords.mouseOver(WebUiBuiltInKeywords.groovy:805)
	at com.kms.katalon.core.webui.keyword.WebUiBuiltInKeywords$mouseOver$14.call(Unknown Source)
	at Script1621734376875.run(Script1621734376875.groovy:27)
	... 13 more
)
[[ATTACHMENT|C:\\Users\\phuc\\git\\Mattermost_AutoTesting\\Reports\\20210528_235331\\1712666\\Run_All_Test_Cases\\20210528_235331\\1622222668347.png]]]]></system-out>
         <system-err><![CDATA[2021-05-29 00:23:42 - [TEST_CASE][FAILED] - Test Cases/1612049/TC43_Delete message: Test Cases/1612049/TC43_Delete message FAILED.
Reason:
com.kms.katalon.core.exception.StepFailedException: Unable to move mouse over object 'Object Repository/1612049/DirectMessage_Workspace/div_Message To Be Deleted'
	at com.kms.katalon.core.webui.keyword.internal.WebUIKeywordMain.stepFailed(WebUIKeywordMain.groovy:64)
	at com.kms.katalon.core.webui.keyword.internal.WebUIKeywordMain.runKeyword(WebUIKeywordMain.groovy:26)
	at com.kms.katalon.core.webui.keyword.builtin.MouseOverKeyword.mouseOver(MouseOverKeyword.groovy:66)
	at com.kms.katalon.core.webui.keyword.builtin.MouseOverKeyword.execute(MouseOverKeyword.groovy:40)
	at com.kms.katalon.core.keyword.internal.KeywordExecutor.executeKeywordForPlatform(KeywordExecutor.groovy:73)
	at com.kms.katalon.core.webui.keyword.WebUiBuiltInKeywords.mouseOver(WebUiBuiltInKeywords.groovy:805)
	at com.kms.katalon.core.webui.keyword.WebUiBuiltInKeywords$mouseOver$14.call(Unknown Source)
	at TC43_Delete message.run(TC43_Delete message:27)
	at com.kms.katalon.core.main.ScriptEngine.run(ScriptEngine.java:194)
	at com.kms.katalon.core.main.ScriptEngine.runScriptAsRawText(ScriptEngine.java:119)
	at com.kms.katalon.core.main.TestCaseExecutor.runScript(TestCaseExecutor.java:398)
	at com.kms.katalon.core.main.TestCaseExecutor.doExecute(TestCaseExecutor.java:389)
	at com.kms.katalon.core.main.TestCaseExecutor.processExecutionPhase(TestCaseExecutor.java:368)
	at com.kms.katalon.core.main.TestCaseExecutor.accessMainPhase(TestCaseExecutor.java:360)
	at com.kms.katalon.core.main.TestCaseExecutor.execute(TestCaseExecutor.java:255)
	at com.kms.katalon.core.main.TestSuiteExecutor.accessTestCaseMainPhase(TestSuiteExecutor.java:203)
	at com.kms.katalon.core.main.TestSuiteExecutor.accessTestSuiteMainPhase(TestSuiteExecutor.java:152)
	at com.kms.katalon.core.main.TestSuiteExecutor.execute(TestSuiteExecutor.java:95)
	at com.kms.katalon.core.main.TestCaseMain.startTestSuite(TestCaseMain.java:157)
	at com.kms.katalon.core.main.TestCaseMain$startTestSuite$0.call(Unknown Source)
	at TempTestSuite1622220811607.run(TempTestSuite1622220811607.groovy:39)
Caused by: com.kms.katalon.core.webui.exception.WebElementNotFoundException: Web element with id: 'Object Repository/1612049/DirectMessage_Workspace/div_Message To Be Deleted' located by '//div[@id='post_e9bhx6anx7gkidr1bcyzhn7oco']' not found
	at com.kms.katalon.core.webui.common.WebUiCommonHelper.findWebElement(WebUiCommonHelper.java:1368)
	at com.kms.katalon.core.webui.keyword.internal.WebUIAbstractKeyword.findWebElement(WebUIAbstractKeyword.groovy:27)
	at com.kms.katalon.core.webui.keyword.internal.WebUIAbstractKeyword.findWebElement(WebUIAbstractKeyword.groovy:26)
	at com.kms.katalon.core.webui.keyword.builtin.MouseOverKeyword$_mouseOver_closure1.doCall(MouseOverKeyword.groovy:54)
	at com.kms.katalon.core.webui.keyword.builtin.MouseOverKeyword$_mouseOver_closure1.call(MouseOverKeyword.groovy)
	at com.kms.katalon.core.webui.keyword.internal.WebUIKeywordMain.runKeyword(WebUIKeywordMain.groovy:20)
	... 19 more]]></system-err>
      </testcase>
      <testcase name="Test Cases/1612049/TC44_Set header for direct message" time="18.984" classname="Test Cases/1612049/TC44_Set header for direct message" status="PASSED">
         <system-out><![CDATA[2021-05-29 00:24:28 - [TEST_CASE][PASSED] - Test Cases/1612049/TC44_Set header for direct message: Test Cases/1612049/TC44_Set header for direct message

2021-05-29 00:24:28 - [TEST_STEP][PASSED] - openBrowser(""): Browser is opened with url: ''

2021-05-29 00:24:28 - [MESSAGE][WARNING] - A browser is already opened. Closing browser and opening a new one

2021-05-29 00:24:29 - [MESSAGE][INFO] - Starting 'Chrome' driver

2021-05-29 00:24:29 - [MESSAGE][INFO] - Action delay is set to 0 milliseconds

2021-05-29 00:24:31 - [MESSAGE][PASSED] - Browser is opened with url: ''

2021-05-29 00:24:31 - [TEST_STEP][PASSED] - navigateToUrl("https://mattermostwebapp.herokuapp.com/"): Navigate to 'https://mattermostwebapp.herokuapp.com/' successfully

2021-05-29 00:24:34 - [MESSAGE][PASSED] - Navigate to 'https://mattermostwebapp.herokuapp.com/' successfully

2021-05-29 00:24:34 - [TEST_STEP][PASSED] - callTestCase(findTestCase("1612049/CommonTC/CTC_Login"), ["username":"jooie", "password":"6z6Vi2R3i06jbzaqW0pQ8Q=="], STOP_ON_FAILURE): Call Test Case 'Test Cases/1612049/CommonTC/CTC_Login' successfully

2021-05-29 00:24:34 - [TEST_CASE][PASSED] - Test Cases/1612049/CommonTC/CTC_Login: Test Cases/1612049/CommonTC/CTC_Login

2021-05-29 00:24:34 - [TEST_STEP][PASSED] - setText(findTestObject("Object Repository/1612049/Login_Screen/Page_Mattermost/input_All team communication in one place, _dcc84b"), username): Text 'jooie' is set on object 'Object Repository/1612049/Login_Screen/Page_Mattermost/input_All team communication in one place, _dcc84b'

2021-05-29 00:24:39 - [MESSAGE][PASSED] - Text 'jooie' is set on object 'Object Repository/1612049/Login_Screen/Page_Mattermost/input_All team communication in one place, _dcc84b'

2021-05-29 00:24:39 - [TEST_STEP][PASSED] - setEncryptedText(findTestObject("Object Repository/1612049/Login_Screen/Page_Mattermost/input_All team communication in one place, _a3edc6"), password): Text ****** has been set on object 'Object Repository/1612049/Login_Screen/Page_Mattermost/input_All team communication in one place, _a3edc6'

2021-05-29 00:24:39 - [MESSAGE][PASSED] - Text ****** has been set on object 'Object Repository/1612049/Login_Screen/Page_Mattermost/input_All team communication in one place, _a3edc6'

2021-05-29 00:24:39 - [TEST_STEP][PASSED] - click(findTestObject("Object Repository/1612049/Login_Screen/Page_Mattermost/button_Sign in")): Object: 'Object Repository/1612049/Login_Screen/Page_Mattermost/button_Sign in' is clicked on

2021-05-29 00:24:40 - [MESSAGE][PASSED] - Object: 'Object Repository/1612049/Login_Screen/Page_Mattermost/button_Sign in' is clicked on

2021-05-29 00:24:40 - [MESSAGE][PASSED] - Call Test Case 'Test Cases/1612049/CommonTC/CTC_Login' successfully

2021-05-29 00:24:40 - [TEST_STEP][PASSED] - click(findTestObject("Object Repository/1612049/DirectMessage_Workspace/Page_Town Square - noname Mattermost/span_nghi_tran")): Object: 'Object Repository/1612049/DirectMessage_Workspace/Page_Town Square - noname Mattermost/span_nghi_tran' is clicked on

2021-05-29 00:24:44 - [MESSAGE][PASSED] - Object: 'Object Repository/1612049/DirectMessage_Workspace/Page_Town Square - noname Mattermost/span_nghi_tran' is clicked on

2021-05-29 00:24:44 - [TEST_STEP][PASSED] - click(findTestObject("Object Repository/1612049/DirectMessage_Workspace/Page_nghi_tran - noname Mattermost/button_Set a Header")): Object: 'Object Repository/1612049/DirectMessage_Workspace/Page_nghi_tran - noname Mattermost/button_Set a Header' is clicked on

2021-05-29 00:24:45 - [MESSAGE][PASSED] - Object: 'Object Repository/1612049/DirectMessage_Workspace/Page_nghi_tran - noname Mattermost/button_Set a Header' is clicked on

2021-05-29 00:24:45 - [TEST_STEP][PASSED] - setText(findTestObject("Object Repository/1612049/DirectMessage_Workspace/Page_nghi_tran - noname Mattermost/textarea_Edit the Channel Header_edit_textbox"), "Conversation"): Text 'Conversation' is set on object 'Object Repository/1612049/DirectMessage_Workspace/Page_nghi_tran - noname Mattermost/textarea_Edit the Channel Header_edit_textbox'

2021-05-29 00:24:46 - [MESSAGE][PASSED] - Text 'Conversation' is set on object 'Object Repository/1612049/DirectMessage_Workspace/Page_nghi_tran - noname Mattermost/textarea_Edit the Channel Header_edit_textbox'

2021-05-29 00:24:46 - [TEST_STEP][PASSED] - click(findTestObject("Object Repository/1612049/DirectMessage_Workspace/Page_nghi_tran - noname Mattermost/button_Save")): Object: 'Object Repository/1612049/DirectMessage_Workspace/Page_nghi_tran - noname Mattermost/button_Save' is clicked on

2021-05-29 00:24:47 - [MESSAGE][PASSED] - Object: 'Object Repository/1612049/DirectMessage_Workspace/Page_nghi_tran - noname Mattermost/button_Save' is clicked on]]></system-out>
         <system-err><![CDATA[]]></system-err>
      </testcase>
      <testcase name="Test Cases/1612049/TC45_Pin a message" time="46.686" classname="Test Cases/1612049/TC45_Pin a message" status="FAILED">
         <failure type="FAILED" message="Test Cases/1612049/TC45_Pin a message FAILED.
Reason:
com.kms.katalon.core.exception.StepFailedException: Unable to move mouse over object 'Object Repository/1612049/DirectMessage_Workspace/div_Message To Be Pinned'
	at com.kms.katalon.core.webui.keyword.internal.WebUIKeywordMain.stepFailed(WebUIKeywordMain.groovy:64)
	at com.kms.katalon.core.webui.keyword.internal.WebUIKeywordMain.runKeyword(WebUIKeywordMain.groovy:26)
	at com.kms.katalon.core.webui.keyword.builtin.MouseOverKeyword.mouseOver(MouseOverKeyword.groovy:66)
	at com.kms.katalon.core.webui.keyword.builtin.MouseOverKeyword.execute(MouseOverKeyword.groovy:40)
	at com.kms.katalon.core.keyword.internal.KeywordExecutor.executeKeywordForPlatform(KeywordExecutor.groovy:73)
	at com.kms.katalon.core.webui.keyword.WebUiBuiltInKeywords.mouseOver(WebUiBuiltInKeywords.groovy:805)
	at com.kms.katalon.core.webui.keyword.WebUiBuiltInKeywords$mouseOver$14.call(Unknown Source)
	at TC45_Pin a message.run(TC45_Pin a message:27)
	at com.kms.katalon.core.main.ScriptEngine.run(ScriptEngine.java:194)
	at com.kms.katalon.core.main.ScriptEngine.runScriptAsRawText(ScriptEngine.java:119)
	at com.kms.katalon.core.main.TestCaseExecutor.runScript(TestCaseExecutor.java:398)
	at com.kms.katalon.core.main.TestCaseExecutor.doExecute(TestCaseExecutor.java:389)
	at com.kms.katalon.core.main.TestCaseExecutor.processExecutionPhase(TestCaseExecutor.java:368)
	at com.kms.katalon.core.main.TestCaseExecutor.accessMainPhase(TestCaseExecutor.java:360)
	at com.kms.katalon.core.main.TestCaseExecutor.execute(TestCaseExecutor.java:255)
	at com.kms.katalon.core.main.TestSuiteExecutor.accessTestCaseMainPhase(TestSuiteExecutor.java:203)
	at com.kms.katalon.core.main.TestSuiteExecutor.accessTestSuiteMainPhase(TestSuiteExecutor.java:152)
	at com.kms.katalon.core.main.TestSuiteExecutor.execute(TestSuiteExecutor.java:95)
	at com.kms.katalon.core.main.TestCaseMain.startTestSuite(TestCaseMain.java:157)
	at com.kms.katalon.core.main.TestCaseMain$startTestSuite$0.call(Unknown Source)
	at TempTestSuite1622220811607.run(TempTestSuite1622220811607.groovy:39)
Caused by: com.kms.katalon.core.webui.exception.WebElementNotFoundException: Web element with id: 'Object Repository/1612049/DirectMessage_Workspace/div_Message To Be Pinned' located by '//div[@id='post_t1dmqmp68ifh8rw99pwqg1b1fr']' not found
	at com.kms.katalon.core.webui.common.WebUiCommonHelper.findWebElement(WebUiCommonHelper.java:1368)
	at com.kms.katalon.core.webui.keyword.internal.WebUIAbstractKeyword.findWebElement(WebUIAbstractKeyword.groovy:27)
	at com.kms.katalon.core.webui.keyword.internal.WebUIAbstractKeyword.findWebElement(WebUIAbstractKeyword.groovy:26)
	at com.kms.katalon.core.webui.keyword.builtin.MouseOverKeyword$_mouseOver_closure1.doCall(MouseOverKeyword.groovy:54)
	at com.kms.katalon.core.webui.keyword.builtin.MouseOverKeyword$_mouseOver_closure1.call(MouseOverKeyword.groovy)
	at com.kms.katalon.core.webui.keyword.internal.WebUIKeywordMain.runKeyword(WebUIKeywordMain.groovy:20)
	... 19 more
"/>
         <system-out><![CDATA[2021-05-29 00:24:47 - [TEST_CASE][FAILED] - Test Cases/1612049/TC45_Pin a message: Test Cases/1612049/TC45_Pin a message FAILED.
Reason:
com.kms.katalon.core.exception.StepFailedException: Unable to move mouse over object 'Object Repository/1612049/DirectMessage_Workspace/div_Message To Be Pinned'
	at com.kms.katalon.core.webui.keyword.internal.WebUIKeywordMain.stepFailed(WebUIKeywordMain.groovy:64)
	at com.kms.katalon.core.webui.keyword.internal.WebUIKeywordMain.runKeyword(WebUIKeywordMain.groovy:26)
	at com.kms.katalon.core.webui.keyword.builtin.MouseOverKeyword.mouseOver(MouseOverKeyword.groovy:66)
	at com.kms.katalon.core.webui.keyword.builtin.MouseOverKeyword.execute(MouseOverKeyword.groovy:40)
	at com.kms.katalon.core.keyword.internal.KeywordExecutor.executeKeywordForPlatform(KeywordExecutor.groovy:73)
	at com.kms.katalon.core.webui.keyword.WebUiBuiltInKeywords.mouseOver(WebUiBuiltInKeywords.groovy:805)
	at com.kms.katalon.core.webui.keyword.WebUiBuiltInKeywords$mouseOver$14.call(Unknown Source)
	at TC45_Pin a message.run(TC45_Pin a message:27)
	at com.kms.katalon.core.main.ScriptEngine.run(ScriptEngine.java:194)
	at com.kms.katalon.core.main.ScriptEngine.runScriptAsRawText(ScriptEngine.java:119)
	at com.kms.katalon.core.main.TestCaseExecutor.runScript(TestCaseExecutor.java:398)
	at com.kms.katalon.core.main.TestCaseExecutor.doExecute(TestCaseExecutor.java:389)
	at com.kms.katalon.core.main.TestCaseExecutor.processExecutionPhase(TestCaseExecutor.java:368)
	at com.kms.katalon.core.main.TestCaseExecutor.accessMainPhase(TestCaseExecutor.java:360)
	at com.kms.katalon.core.main.TestCaseExecutor.execute(TestCaseExecutor.java:255)
	at com.kms.katalon.core.main.TestSuiteExecutor.accessTestCaseMainPhase(TestSuiteExecutor.java:203)
	at com.kms.katalon.core.main.TestSuiteExecutor.accessTestSuiteMainPhase(TestSuiteExecutor.java:152)
	at com.kms.katalon.core.main.TestSuiteExecutor.execute(TestSuiteExecutor.java:95)
	at com.kms.katalon.core.main.TestCaseMain.startTestSuite(TestCaseMain.java:157)
	at com.kms.katalon.core.main.TestCaseMain$startTestSuite$0.call(Unknown Source)
	at TempTestSuite1622220811607.run(TempTestSuite1622220811607.groovy:39)
Caused by: com.kms.katalon.core.webui.exception.WebElementNotFoundException: Web element with id: 'Object Repository/1612049/DirectMessage_Workspace/div_Message To Be Pinned' located by '//div[@id='post_t1dmqmp68ifh8rw99pwqg1b1fr']' not found
	at com.kms.katalon.core.webui.common.WebUiCommonHelper.findWebElement(WebUiCommonHelper.java:1368)
	at com.kms.katalon.core.webui.keyword.internal.WebUIAbstractKeyword.findWebElement(WebUIAbstractKeyword.groovy:27)
	at com.kms.katalon.core.webui.keyword.internal.WebUIAbstractKeyword.findWebElement(WebUIAbstractKeyword.groovy:26)
	at com.kms.katalon.core.webui.keyword.builtin.MouseOverKeyword$_mouseOver_closure1.doCall(MouseOverKeyword.groovy:54)
	at com.kms.katalon.core.webui.keyword.builtin.MouseOverKeyword$_mouseOver_closure1.call(MouseOverKeyword.groovy)
	at com.kms.katalon.core.webui.keyword.internal.WebUIKeywordMain.runKeyword(WebUIKeywordMain.groovy:20)
	... 19 more


2021-05-29 00:24:47 - [TEST_STEP][PASSED] - openBrowser(""): Browser is opened with url: ''

2021-05-29 00:24:47 - [MESSAGE][WARNING] - A browser is already opened. Closing browser and opening a new one

2021-05-29 00:24:48 - [MESSAGE][INFO] - Starting 'Chrome' driver

2021-05-29 00:24:48 - [MESSAGE][INFO] - Action delay is set to 0 milliseconds

2021-05-29 00:24:49 - [MESSAGE][PASSED] - Browser is opened with url: ''

2021-05-29 00:24:49 - [TEST_STEP][PASSED] - navigateToUrl("https://mattermostwebapp.herokuapp.com/"): Navigate to 'https://mattermostwebapp.herokuapp.com/' successfully

2021-05-29 00:24:55 - [MESSAGE][PASSED] - Navigate to 'https://mattermostwebapp.herokuapp.com/' successfully

2021-05-29 00:24:55 - [TEST_STEP][PASSED] - callTestCase(findTestCase("1612049/CommonTC/CTC_Login"), ["username":"jooie", "password":"6z6Vi2R3i06jbzaqW0pQ8Q=="], STOP_ON_FAILURE): Call Test Case 'Test Cases/1612049/CommonTC/CTC_Login' successfully

2021-05-29 00:24:55 - [TEST_CASE][PASSED] - Test Cases/1612049/CommonTC/CTC_Login: Test Cases/1612049/CommonTC/CTC_Login

2021-05-29 00:24:55 - [TEST_STEP][PASSED] - setText(findTestObject("Object Repository/1612049/Login_Screen/Page_Mattermost/input_All team communication in one place, _dcc84b"), username): Text 'jooie' is set on object 'Object Repository/1612049/Login_Screen/Page_Mattermost/input_All team communication in one place, _dcc84b'

2021-05-29 00:24:59 - [MESSAGE][PASSED] - Text 'jooie' is set on object 'Object Repository/1612049/Login_Screen/Page_Mattermost/input_All team communication in one place, _dcc84b'

2021-05-29 00:24:59 - [TEST_STEP][PASSED] - setEncryptedText(findTestObject("Object Repository/1612049/Login_Screen/Page_Mattermost/input_All team communication in one place, _a3edc6"), password): Text ****** has been set on object 'Object Repository/1612049/Login_Screen/Page_Mattermost/input_All team communication in one place, _a3edc6'

2021-05-29 00:25:00 - [MESSAGE][PASSED] - Text ****** has been set on object 'Object Repository/1612049/Login_Screen/Page_Mattermost/input_All team communication in one place, _a3edc6'

2021-05-29 00:25:00 - [TEST_STEP][PASSED] - click(findTestObject("Object Repository/1612049/Login_Screen/Page_Mattermost/button_Sign in")): Object: 'Object Repository/1612049/Login_Screen/Page_Mattermost/button_Sign in' is clicked on

2021-05-29 00:25:00 - [MESSAGE][PASSED] - Object: 'Object Repository/1612049/Login_Screen/Page_Mattermost/button_Sign in' is clicked on

2021-05-29 00:25:00 - [MESSAGE][PASSED] - Call Test Case 'Test Cases/1612049/CommonTC/CTC_Login' successfully

2021-05-29 00:25:00 - [TEST_STEP][FAILED] - mouseOver(findTestObject("1612049/DirectMessage_Workspace/div_Message To Be Pinned")): Unable to move mouse over object 'Object Repository/1612049/DirectMessage_Workspace/div_Message To Be Pinned' (Root cause: com.kms.katalon.core.exception.StepFailedException: Unable to move mouse over object 'Object Repository/1612049/DirectMessage_Workspace/div_Message To Be Pinned'
	at com.kms.katalon.core.webui.keyword.internal.WebUIKeywordMain.stepFailed(WebUIKeywordMain.groovy:64)
	at com.kms.katalon.core.webui.keyword.internal.WebUIKeywordMain.runKeyword(WebUIKeywordMain.groovy:26)
	at com.kms.katalon.core.webui.keyword.builtin.MouseOverKeyword.mouseOver(MouseOverKeyword.groovy:66)
	at com.kms.katalon.core.webui.keyword.builtin.MouseOverKeyword.execute(MouseOverKeyword.groovy:40)
	at com.kms.katalon.core.keyword.internal.KeywordExecutor.executeKeywordForPlatform(KeywordExecutor.groovy:73)
	at com.kms.katalon.core.webui.keyword.WebUiBuiltInKeywords.mouseOver(WebUiBuiltInKeywords.groovy:805)
	at com.kms.katalon.core.webui.keyword.WebUiBuiltInKeywords$mouseOver$14.call(Unknown Source)
	at TC45_Pin a message.run(TC45_Pin a message:27)
	at com.kms.katalon.core.main.ScriptEngine.run(ScriptEngine.java:194)
	at com.kms.katalon.core.main.ScriptEngine.runScriptAsRawText(ScriptEngine.java:119)
	at com.kms.katalon.core.main.TestCaseExecutor.runScript(TestCaseExecutor.java:398)
	at com.kms.katalon.core.main.TestCaseExecutor.doExecute(TestCaseExecutor.java:389)
	at com.kms.katalon.core.main.TestCaseExecutor.processExecutionPhase(TestCaseExecutor.java:368)
	at com.kms.katalon.core.main.TestCaseExecutor.accessMainPhase(TestCaseExecutor.java:360)
	at com.kms.katalon.core.main.TestCaseExecutor.execute(TestCaseExecutor.java:255)
	at com.kms.katalon.core.main.TestSuiteExecutor.accessTestCaseMainPhase(TestSuiteExecutor.java:203)
	at com.kms.katalon.core.main.TestSuiteExecutor.accessTestSuiteMainPhase(TestSuiteExecutor.java:152)
	at com.kms.katalon.core.main.TestSuiteExecutor.execute(TestSuiteExecutor.java:95)
	at com.kms.katalon.core.main.TestCaseMain.startTestSuite(TestCaseMain.java:157)
	at com.kms.katalon.core.main.TestCaseMain$startTestSuite$0.call(Unknown Source)
	at TempTestSuite1622220811607.run(TempTestSuite1622220811607.groovy:39)
Caused by: com.kms.katalon.core.webui.exception.WebElementNotFoundException: Web element with id: 'Object Repository/1612049/DirectMessage_Workspace/div_Message To Be Pinned' located by '//div[@id='post_t1dmqmp68ifh8rw99pwqg1b1fr']' not found
	at com.kms.katalon.core.webui.common.WebUiCommonHelper.findWebElement(WebUiCommonHelper.java:1368)
	at com.kms.katalon.core.webui.keyword.internal.WebUIAbstractKeyword.findWebElement(WebUIAbstractKeyword.groovy:27)
	at com.kms.katalon.core.webui.keyword.internal.WebUIAbstractKeyword.findWebElement(WebUIAbstractKeyword.groovy:26)
	at com.kms.katalon.core.webui.keyword.builtin.MouseOverKeyword$_mouseOver_closure1.doCall(MouseOverKeyword.groovy:54)
	at com.kms.katalon.core.webui.keyword.builtin.MouseOverKeyword$_mouseOver_closure1.call(MouseOverKeyword.groovy)
	at com.kms.katalon.core.webui.keyword.internal.WebUIKeywordMain.runKeyword(WebUIKeywordMain.groovy:20)
	at com.kms.katalon.core.webui.keyword.builtin.MouseOverKeyword.mouseOver(MouseOverKeyword.groovy:66)
	at com.kms.katalon.core.webui.keyword.builtin.MouseOverKeyword.execute(MouseOverKeyword.groovy:40)
	at com.kms.katalon.core.keyword.internal.KeywordExecutor.executeKeywordForPlatform(KeywordExecutor.groovy:73)
	at com.kms.katalon.core.webui.keyword.WebUiBuiltInKeywords.mouseOver(WebUiBuiltInKeywords.groovy:805)
	at com.kms.katalon.core.webui.keyword.WebUiBuiltInKeywords$mouseOver$14.call(Unknown Source)
	at Script1621735642887.run(Script1621735642887.groovy:27)
	... 13 more
)

2021-05-29 00:25:31 - [MESSAGE][INFO] - Unable to find the element located by 'By.xpath: //div[@id='post_t1dmqmp68ifh8rw99pwqg1b1fr']'. Please recheck the objects properties to make sure the desired element is located. 

2021-05-29 00:25:31 - [MESSAGE][WARNING] - [SELF-HEALING] Failed to find element with id 'Object Repository/1612049/DirectMessage_Workspace/div_Message To Be Pinned'. Try using Self-healing.

2021-05-29 00:25:31 - [MESSAGE][ERROR] - [SELF-HEALING] com.google.gson.stream.MalformedJsonException: Expected ':' at line 75 column 10 path $.brokenTestObjects[7].<<<<<<<

2021-05-29 00:25:32 - [MESSAGE][INFO] - [SELF-HEALING] No working XPath is found.

2021-05-29 00:25:34 - [MESSAGE][INFO] - Unable to find the element located by 'By.xpath: '. Please recheck the objects properties to make sure the desired element is located. 

2021-05-29 00:25:34 - [MESSAGE][WARNING] - [SELF-HEALING] Cannot find elements when the selector is null

2021-05-29 00:25:34 - [MESSAGE][FAILED] - Unable to move mouse over object 'Object Repository/1612049/DirectMessage_Workspace/div_Message To Be Pinned' (Root cause: com.kms.katalon.core.exception.StepFailedException: Unable to move mouse over object 'Object Repository/1612049/DirectMessage_Workspace/div_Message To Be Pinned'
	at com.kms.katalon.core.webui.keyword.internal.WebUIKeywordMain.stepFailed(WebUIKeywordMain.groovy:64)
	at com.kms.katalon.core.webui.keyword.internal.WebUIKeywordMain.runKeyword(WebUIKeywordMain.groovy:26)
	at com.kms.katalon.core.webui.keyword.builtin.MouseOverKeyword.mouseOver(MouseOverKeyword.groovy:66)
	at com.kms.katalon.core.webui.keyword.builtin.MouseOverKeyword.execute(MouseOverKeyword.groovy:40)
	at com.kms.katalon.core.keyword.internal.KeywordExecutor.executeKeywordForPlatform(KeywordExecutor.groovy:73)
	at com.kms.katalon.core.webui.keyword.WebUiBuiltInKeywords.mouseOver(WebUiBuiltInKeywords.groovy:805)
	at com.kms.katalon.core.webui.keyword.WebUiBuiltInKeywords$mouseOver$14.call(Unknown Source)
	at TC45_Pin a message.run(TC45_Pin a message:27)
	at com.kms.katalon.core.main.ScriptEngine.run(ScriptEngine.java:194)
	at com.kms.katalon.core.main.ScriptEngine.runScriptAsRawText(ScriptEngine.java:119)
	at com.kms.katalon.core.main.TestCaseExecutor.runScript(TestCaseExecutor.java:398)
	at com.kms.katalon.core.main.TestCaseExecutor.doExecute(TestCaseExecutor.java:389)
	at com.kms.katalon.core.main.TestCaseExecutor.processExecutionPhase(TestCaseExecutor.java:368)
	at com.kms.katalon.core.main.TestCaseExecutor.accessMainPhase(TestCaseExecutor.java:360)
	at com.kms.katalon.core.main.TestCaseExecutor.execute(TestCaseExecutor.java:255)
	at com.kms.katalon.core.main.TestSuiteExecutor.accessTestCaseMainPhase(TestSuiteExecutor.java:203)
	at com.kms.katalon.core.main.TestSuiteExecutor.accessTestSuiteMainPhase(TestSuiteExecutor.java:152)
	at com.kms.katalon.core.main.TestSuiteExecutor.execute(TestSuiteExecutor.java:95)
	at com.kms.katalon.core.main.TestCaseMain.startTestSuite(TestCaseMain.java:157)
	at com.kms.katalon.core.main.TestCaseMain$startTestSuite$0.call(Unknown Source)
	at TempTestSuite1622220811607.run(TempTestSuite1622220811607.groovy:39)
Caused by: com.kms.katalon.core.webui.exception.WebElementNotFoundException: Web element with id: 'Object Repository/1612049/DirectMessage_Workspace/div_Message To Be Pinned' located by '//div[@id='post_t1dmqmp68ifh8rw99pwqg1b1fr']' not found
	at com.kms.katalon.core.webui.common.WebUiCommonHelper.findWebElement(WebUiCommonHelper.java:1368)
	at com.kms.katalon.core.webui.keyword.internal.WebUIAbstractKeyword.findWebElement(WebUIAbstractKeyword.groovy:27)
	at com.kms.katalon.core.webui.keyword.internal.WebUIAbstractKeyword.findWebElement(WebUIAbstractKeyword.groovy:26)
	at com.kms.katalon.core.webui.keyword.builtin.MouseOverKeyword$_mouseOver_closure1.doCall(MouseOverKeyword.groovy:54)
	at com.kms.katalon.core.webui.keyword.builtin.MouseOverKeyword$_mouseOver_closure1.call(MouseOverKeyword.groovy)
	at com.kms.katalon.core.webui.keyword.internal.WebUIKeywordMain.runKeyword(WebUIKeywordMain.groovy:20)
	at com.kms.katalon.core.webui.keyword.builtin.MouseOverKeyword.mouseOver(MouseOverKeyword.groovy:66)
	at com.kms.katalon.core.webui.keyword.builtin.MouseOverKeyword.execute(MouseOverKeyword.groovy:40)
	at com.kms.katalon.core.keyword.internal.KeywordExecutor.executeKeywordForPlatform(KeywordExecutor.groovy:73)
	at com.kms.katalon.core.webui.keyword.WebUiBuiltInKeywords.mouseOver(WebUiBuiltInKeywords.groovy:805)
	at com.kms.katalon.core.webui.keyword.WebUiBuiltInKeywords$mouseOver$14.call(Unknown Source)
	at Script1621735642887.run(Script1621735642887.groovy:27)
	... 13 more
)
[[ATTACHMENT|C:\\Users\\phuc\\git\\Mattermost_AutoTesting\\Reports\\20210528_235331\\1712666\\Run_All_Test_Cases\\20210528_235331\\1622222734034.png]]]]></system-out>
         <system-err><![CDATA[2021-05-29 00:24:47 - [TEST_CASE][FAILED] - Test Cases/1612049/TC45_Pin a message: Test Cases/1612049/TC45_Pin a message FAILED.
Reason:
com.kms.katalon.core.exception.StepFailedException: Unable to move mouse over object 'Object Repository/1612049/DirectMessage_Workspace/div_Message To Be Pinned'
	at com.kms.katalon.core.webui.keyword.internal.WebUIKeywordMain.stepFailed(WebUIKeywordMain.groovy:64)
	at com.kms.katalon.core.webui.keyword.internal.WebUIKeywordMain.runKeyword(WebUIKeywordMain.groovy:26)
	at com.kms.katalon.core.webui.keyword.builtin.MouseOverKeyword.mouseOver(MouseOverKeyword.groovy:66)
	at com.kms.katalon.core.webui.keyword.builtin.MouseOverKeyword.execute(MouseOverKeyword.groovy:40)
	at com.kms.katalon.core.keyword.internal.KeywordExecutor.executeKeywordForPlatform(KeywordExecutor.groovy:73)
	at com.kms.katalon.core.webui.keyword.WebUiBuiltInKeywords.mouseOver(WebUiBuiltInKeywords.groovy:805)
	at com.kms.katalon.core.webui.keyword.WebUiBuiltInKeywords$mouseOver$14.call(Unknown Source)
	at TC45_Pin a message.run(TC45_Pin a message:27)
	at com.kms.katalon.core.main.ScriptEngine.run(ScriptEngine.java:194)
	at com.kms.katalon.core.main.ScriptEngine.runScriptAsRawText(ScriptEngine.java:119)
	at com.kms.katalon.core.main.TestCaseExecutor.runScript(TestCaseExecutor.java:398)
	at com.kms.katalon.core.main.TestCaseExecutor.doExecute(TestCaseExecutor.java:389)
	at com.kms.katalon.core.main.TestCaseExecutor.processExecutionPhase(TestCaseExecutor.java:368)
	at com.kms.katalon.core.main.TestCaseExecutor.accessMainPhase(TestCaseExecutor.java:360)
	at com.kms.katalon.core.main.TestCaseExecutor.execute(TestCaseExecutor.java:255)
	at com.kms.katalon.core.main.TestSuiteExecutor.accessTestCaseMainPhase(TestSuiteExecutor.java:203)
	at com.kms.katalon.core.main.TestSuiteExecutor.accessTestSuiteMainPhase(TestSuiteExecutor.java:152)
	at com.kms.katalon.core.main.TestSuiteExecutor.execute(TestSuiteExecutor.java:95)
	at com.kms.katalon.core.main.TestCaseMain.startTestSuite(TestCaseMain.java:157)
	at com.kms.katalon.core.main.TestCaseMain$startTestSuite$0.call(Unknown Source)
	at TempTestSuite1622220811607.run(TempTestSuite1622220811607.groovy:39)
Caused by: com.kms.katalon.core.webui.exception.WebElementNotFoundException: Web element with id: 'Object Repository/1612049/DirectMessage_Workspace/div_Message To Be Pinned' located by '//div[@id='post_t1dmqmp68ifh8rw99pwqg1b1fr']' not found
	at com.kms.katalon.core.webui.common.WebUiCommonHelper.findWebElement(WebUiCommonHelper.java:1368)
	at com.kms.katalon.core.webui.keyword.internal.WebUIAbstractKeyword.findWebElement(WebUIAbstractKeyword.groovy:27)
	at com.kms.katalon.core.webui.keyword.internal.WebUIAbstractKeyword.findWebElement(WebUIAbstractKeyword.groovy:26)
	at com.kms.katalon.core.webui.keyword.builtin.MouseOverKeyword$_mouseOver_closure1.doCall(MouseOverKeyword.groovy:54)
	at com.kms.katalon.core.webui.keyword.builtin.MouseOverKeyword$_mouseOver_closure1.call(MouseOverKeyword.groovy)
	at com.kms.katalon.core.webui.keyword.internal.WebUIKeywordMain.runKeyword(WebUIKeywordMain.groovy:20)
	... 19 more]]></system-err>
      </testcase>
      <testcase name="Test Cases/1712666/TC48_SaveMessage" time="19.872" classname="Test Cases/1712666/TC48_SaveMessage" status="PASSED">
         <system-out><![CDATA[2021-05-29 00:25:34 - [TEST_CASE][PASSED] - Test Cases/1712666/TC48_SaveMessage: Test Cases/1712666/TC48_SaveMessage

2021-05-29 00:25:34 - [TEST_STEP][PASSED] - openBrowser(""): Browser is opened with url: ''

2021-05-29 00:25:34 - [MESSAGE][WARNING] - A browser is already opened. Closing browser and opening a new one

2021-05-29 00:25:35 - [MESSAGE][INFO] - Starting 'Chrome' driver

2021-05-29 00:25:35 - [MESSAGE][INFO] - Action delay is set to 0 milliseconds

2021-05-29 00:25:36 - [MESSAGE][PASSED] - Browser is opened with url: ''

2021-05-29 00:25:36 - [TEST_STEP][PASSED] - navigateToUrl("https://mattermostwebapp.herokuapp.com/"): Navigate to 'https://mattermostwebapp.herokuapp.com/' successfully

2021-05-29 00:25:40 - [MESSAGE][PASSED] - Navigate to 'https://mattermostwebapp.herokuapp.com/' successfully

2021-05-29 00:25:40 - [TEST_STEP][PASSED] - callTestCase(findTestCase("1712666/CommonTC/CTC_Login"), ["var_username":"phuc", "var_password":"CSt51UwWECc="]): Call Test Case 'Test Cases/1712666/CommonTC/CTC_Login' successfully

2021-05-29 00:25:40 - [TEST_CASE][PASSED] - Test Cases/1712666/CommonTC/CTC_Login: Test Cases/1712666/CommonTC/CTC_Login

2021-05-29 00:25:40 - [TEST_STEP][PASSED] - setText(findTestObject("Object Repository/1412263_Page_Mattermost/input_All team communication in one place, _dcc84b"), var_username): Text 'phuc' is set on object 'Object Repository/1412263_Page_Mattermost/input_All team communication in one place, _dcc84b'

2021-05-29 00:25:44 - [MESSAGE][PASSED] - Text 'phuc' is set on object 'Object Repository/1412263_Page_Mattermost/input_All team communication in one place, _dcc84b'

2021-05-29 00:25:44 - [TEST_STEP][PASSED] - setEncryptedText(findTestObject("Object Repository/1412263_Page_Mattermost/input_All team communication in one place, _a3edc6"), var_password): Text ****** has been set on object 'Object Repository/1412263_Page_Mattermost/input_All team communication in one place, _a3edc6'

2021-05-29 00:25:45 - [MESSAGE][PASSED] - Text ****** has been set on object 'Object Repository/1412263_Page_Mattermost/input_All team communication in one place, _a3edc6'

2021-05-29 00:25:45 - [TEST_STEP][PASSED] - click(findTestObject("Object Repository/1412263_Page_Mattermost/span_Sign in")): Object: 'Object Repository/1412263_Page_Mattermost/span_Sign in' is clicked on

2021-05-29 00:25:46 - [MESSAGE][PASSED] - Object: 'Object Repository/1412263_Page_Mattermost/span_Sign in' is clicked on

2021-05-29 00:25:46 - [MESSAGE][PASSED] - Call Test Case 'Test Cases/1712666/CommonTC/CTC_Login' successfully

2021-05-29 00:25:46 - [TEST_STEP][PASSED] - setText(findTestObject("Page_Town Square - noname Mattermost/textarea_Write to Town Square_post_textbox"), "save message"): Text 'save message' is set on object 'Object Repository/Page_Town Square - noname Mattermost/textarea_Write to Town Square_post_textbox'

2021-05-29 00:25:49 - [MESSAGE][PASSED] - Text 'save message' is set on object 'Object Repository/Page_Town Square - noname Mattermost/textarea_Write to Town Square_post_textbox'

2021-05-29 00:25:49 - [TEST_STEP][PASSED] - sendKeys(findTestObject("Page_Town Square - noname Mattermost/textarea_Write to Town Square_post_textbox"), Keys.chord(ENTER)): Keys 'ENTER + ' sent to object: 'Object Repository/Page_Town Square - noname Mattermost/textarea_Write to Town Square_post_textbox'

2021-05-29 00:25:50 - [MESSAGE][PASSED] - Keys 'ENTER + ' sent to object: 'Object Repository/Page_Town Square - noname Mattermost/textarea_Write to Town Square_post_textbox'

2021-05-29 00:25:50 - [TEST_STEP][PASSED] - click(findTestObject("Object Repository/Page_Town Square - noname Mattermost/p_a")): Object: 'Object Repository/Page_Town Square - noname Mattermost/p_a' is clicked on

2021-05-29 00:25:51 - [MESSAGE][PASSED] - Object: 'Object Repository/Page_Town Square - noname Mattermost/p_a' is clicked on

2021-05-29 00:25:51 - [TEST_STEP][PASSED] - click(findTestObject("Object Repository/Page_Town Square - noname Mattermost/button_phuc_CENTER_flagIcon_6g89c38yzffg7fh_29b705")): Object: 'Object Repository/Page_Town Square - noname Mattermost/button_phuc_CENTER_flagIcon_6g89c38yzffg7fh_29b705' is clicked on

2021-05-29 00:25:52 - [MESSAGE][PASSED] - Object: 'Object Repository/Page_Town Square - noname Mattermost/button_phuc_CENTER_flagIcon_6g89c38yzffg7fh_29b705' is clicked on

2021-05-29 00:25:52 - [TEST_STEP][PASSED] - savedTag = getText(findTestObject("Object Repository/Page_Town Square - noname Mattermost/saved_tag")): Text of object 'Object Repository/Page_Town Square - noname Mattermost/saved_tag' is: 'Saved'

2021-05-29 00:25:53 - [MESSAGE][PASSED] - Text of object 'Object Repository/Page_Town Square - noname Mattermost/saved_tag' is: 'Saved'

2021-05-29 00:25:53 - [TEST_STEP][PASSED] - if (savedTag != "Saved"): null

2021-05-29 00:25:53 - [TEST_STEP][PASSED] - closeBrowser(): Browser is closed

2021-05-29 00:25:54 - [MESSAGE][PASSED] - Browser is closed]]></system-out>
         <system-err><![CDATA[]]></system-err>
      </testcase>
      <testcase name="Test Cases/1712666/TC49_RemoveSaveMessage" time="21.846" classname="Test Cases/1712666/TC49_RemoveSaveMessage" status="PASSED">
         <system-out><![CDATA[2021-05-29 00:25:54 - [TEST_CASE][PASSED] - Test Cases/1712666/TC49_RemoveSaveMessage: Test Cases/1712666/TC49_RemoveSaveMessage

2021-05-29 00:25:54 - [TEST_STEP][PASSED] - openBrowser(""): Browser is opened with url: ''

2021-05-29 00:25:54 - [MESSAGE][INFO] - Starting 'Chrome' driver

2021-05-29 00:25:54 - [MESSAGE][INFO] - Action delay is set to 0 milliseconds

2021-05-29 00:25:55 - [MESSAGE][PASSED] - Browser is opened with url: ''

2021-05-29 00:25:55 - [TEST_STEP][PASSED] - navigateToUrl("https://mattermostwebapp.herokuapp.com/"): Navigate to 'https://mattermostwebapp.herokuapp.com/' successfully

2021-05-29 00:25:59 - [MESSAGE][PASSED] - Navigate to 'https://mattermostwebapp.herokuapp.com/' successfully

2021-05-29 00:25:59 - [TEST_STEP][PASSED] - callTestCase(findTestCase("1712666/CommonTC/CTC_Login"), ["var_username":"phuc", "var_password":"CSt51UwWECc="]): Call Test Case 'Test Cases/1712666/CommonTC/CTC_Login' successfully

2021-05-29 00:25:59 - [TEST_CASE][PASSED] - Test Cases/1712666/CommonTC/CTC_Login: Test Cases/1712666/CommonTC/CTC_Login

2021-05-29 00:25:59 - [TEST_STEP][PASSED] - setText(findTestObject("Object Repository/1412263_Page_Mattermost/input_All team communication in one place, _dcc84b"), var_username): Text 'phuc' is set on object 'Object Repository/1412263_Page_Mattermost/input_All team communication in one place, _dcc84b'

2021-05-29 00:26:04 - [MESSAGE][PASSED] - Text 'phuc' is set on object 'Object Repository/1412263_Page_Mattermost/input_All team communication in one place, _dcc84b'

2021-05-29 00:26:04 - [TEST_STEP][PASSED] - setEncryptedText(findTestObject("Object Repository/1412263_Page_Mattermost/input_All team communication in one place, _a3edc6"), var_password): Text ****** has been set on object 'Object Repository/1412263_Page_Mattermost/input_All team communication in one place, _a3edc6'

2021-05-29 00:26:05 - [MESSAGE][PASSED] - Text ****** has been set on object 'Object Repository/1412263_Page_Mattermost/input_All team communication in one place, _a3edc6'

2021-05-29 00:26:05 - [TEST_STEP][PASSED] - click(findTestObject("Object Repository/1412263_Page_Mattermost/span_Sign in")): Object: 'Object Repository/1412263_Page_Mattermost/span_Sign in' is clicked on

2021-05-29 00:26:06 - [MESSAGE][PASSED] - Object: 'Object Repository/1412263_Page_Mattermost/span_Sign in' is clicked on

2021-05-29 00:26:06 - [MESSAGE][PASSED] - Call Test Case 'Test Cases/1712666/CommonTC/CTC_Login' successfully

2021-05-29 00:26:06 - [TEST_STEP][PASSED] - callTestCase(findTestCase("1712666/CommonTC/CTC_SaveMessage"), [:]): Call Test Case 'Test Cases/1712666/CommonTC/CTC_SaveMessage' successfully

2021-05-29 00:26:06 - [TEST_CASE][PASSED] - Test Cases/1712666/CommonTC/CTC_SaveMessage: Test Cases/1712666/CommonTC/CTC_SaveMessage

2021-05-29 00:26:06 - [TEST_STEP][PASSED] - setText(findTestObject("Page_Town Square - noname Mattermost/textarea_Write to Town Square_post_textbox"), "save message"): Text 'save message' is set on object 'Object Repository/Page_Town Square - noname Mattermost/textarea_Write to Town Square_post_textbox'

2021-05-29 00:26:10 - [MESSAGE][PASSED] - Text 'save message' is set on object 'Object Repository/Page_Town Square - noname Mattermost/textarea_Write to Town Square_post_textbox'

2021-05-29 00:26:10 - [TEST_STEP][PASSED] - sendKeys(findTestObject("Page_Town Square - noname Mattermost/textarea_Write to Town Square_post_textbox"), Keys.chord(ENTER)): Keys 'ENTER + ' sent to object: 'Object Repository/Page_Town Square - noname Mattermost/textarea_Write to Town Square_post_textbox'

2021-05-29 00:26:10 - [MESSAGE][PASSED] - Keys 'ENTER + ' sent to object: 'Object Repository/Page_Town Square - noname Mattermost/textarea_Write to Town Square_post_textbox'

2021-05-29 00:26:10 - [TEST_STEP][PASSED] - click(findTestObject("Page_Town Square - noname Mattermost/p_a")): Object: 'Object Repository/Page_Town Square - noname Mattermost/p_a' is clicked on

2021-05-29 00:26:11 - [MESSAGE][PASSED] - Object: 'Object Repository/Page_Town Square - noname Mattermost/p_a' is clicked on

2021-05-29 00:26:11 - [TEST_STEP][PASSED] - click(findTestObject("Object Repository/Page_Town Square - noname Mattermost/button_phuc_CENTER_flagIcon_6g89c38yzffg7fh_29b705")): Object: 'Object Repository/Page_Town Square - noname Mattermost/button_phuc_CENTER_flagIcon_6g89c38yzffg7fh_29b705' is clicked on

2021-05-29 00:26:12 - [MESSAGE][PASSED] - Object: 'Object Repository/Page_Town Square - noname Mattermost/button_phuc_CENTER_flagIcon_6g89c38yzffg7fh_29b705' is clicked on

2021-05-29 00:26:12 - [TEST_STEP][PASSED] - savedTag = getText(findTestObject("Object Repository/Page_Town Square - noname Mattermost/saved_tag")): Text of object 'Object Repository/Page_Town Square - noname Mattermost/saved_tag' is: 'Saved'

2021-05-29 00:26:13 - [MESSAGE][PASSED] - Text of object 'Object Repository/Page_Town Square - noname Mattermost/saved_tag' is: 'Saved'

2021-05-29 00:26:13 - [TEST_STEP][PASSED] - if (savedTag != "Saved"): null

2021-05-29 00:26:13 - [MESSAGE][PASSED] - Call Test Case 'Test Cases/1712666/CommonTC/CTC_SaveMessage' successfully

2021-05-29 00:26:13 - [TEST_STEP][PASSED] - click(findTestObject("Page_Town Square - noname Mattermost/p_a")): Object: 'Object Repository/Page_Town Square - noname Mattermost/p_a' is clicked on

2021-05-29 00:26:13 - [MESSAGE][PASSED] - Object: 'Object Repository/Page_Town Square - noname Mattermost/p_a' is clicked on

2021-05-29 00:26:13 - [TEST_STEP][PASSED] - click(findTestObject("Object Repository/Page_Town Square - noname Mattermost/button_unsaved")): Object: 'Object Repository/Page_Town Square - noname Mattermost/button_unsaved' is clicked on

2021-05-29 00:26:14 - [MESSAGE][PASSED] - Object: 'Object Repository/Page_Town Square - noname Mattermost/button_unsaved' is clicked on

2021-05-29 00:26:14 - [TEST_STEP][PASSED] - verifyElementNotPresent(findTestObject("Object Repository/Page_Town Square - noname Mattermost/saved_tag"), 5): Web element with id: 'Object Repository/Page_Town Square - noname Mattermost/saved_tag' located by 'By.xpath: //div[@class="post-list__dynamic"]//div[@style="position: relative;"][last()]//span[text()='Saved']' is not present after '5' second(s)

2021-05-29 00:26:15 - [MESSAGE][PASSED] - Web element with id: 'Object Repository/Page_Town Square - noname Mattermost/saved_tag' located by 'By.xpath: //div[@class="post-list__dynamic"]//div[@style="position: relative;"][last()]//span[text()='Saved']' is not present after '5' second(s)

2021-05-29 00:26:15 - [TEST_STEP][PASSED] - closeBrowser(): Browser is closed

2021-05-29 00:26:15 - [MESSAGE][PASSED] - Browser is closed]]></system-out>
         <system-err><![CDATA[]]></system-err>
      </testcase>
      <testcase name="Test Cases/1712666/TC50_SendFile" time="18.102" classname="Test Cases/1712666/TC50_SendFile" status="PASSED">
         <system-out><![CDATA[2021-05-29 00:26:15 - [TEST_CASE][PASSED] - Test Cases/1712666/TC50_SendFile: Test Cases/1712666/TC50_SendFile

2021-05-29 00:26:16 - [TEST_STEP][PASSED] - openBrowser(""): Browser is opened with url: ''

2021-05-29 00:26:16 - [MESSAGE][INFO] - Starting 'Chrome' driver

2021-05-29 00:26:16 - [MESSAGE][INFO] - Action delay is set to 0 milliseconds

2021-05-29 00:26:17 - [MESSAGE][PASSED] - Browser is opened with url: ''

2021-05-29 00:26:17 - [TEST_STEP][PASSED] - navigateToUrl("https://mattermostwebapp.herokuapp.com/"): Navigate to 'https://mattermostwebapp.herokuapp.com/' successfully

2021-05-29 00:26:21 - [MESSAGE][PASSED] - Navigate to 'https://mattermostwebapp.herokuapp.com/' successfully

2021-05-29 00:26:21 - [TEST_STEP][PASSED] - callTestCase(findTestCase("1712666/CommonTC/CTC_Login"), ["var_username":"phuc", "var_password":"CSt51UwWECc="]): Call Test Case 'Test Cases/1712666/CommonTC/CTC_Login' successfully

2021-05-29 00:26:21 - [TEST_CASE][PASSED] - Test Cases/1712666/CommonTC/CTC_Login: Test Cases/1712666/CommonTC/CTC_Login

2021-05-29 00:26:21 - [TEST_STEP][PASSED] - setText(findTestObject("Object Repository/1412263_Page_Mattermost/input_All team communication in one place, _dcc84b"), var_username): Text 'phuc' is set on object 'Object Repository/1412263_Page_Mattermost/input_All team communication in one place, _dcc84b'

2021-05-29 00:26:25 - [MESSAGE][PASSED] - Text 'phuc' is set on object 'Object Repository/1412263_Page_Mattermost/input_All team communication in one place, _dcc84b'

2021-05-29 00:26:25 - [TEST_STEP][PASSED] - setEncryptedText(findTestObject("Object Repository/1412263_Page_Mattermost/input_All team communication in one place, _a3edc6"), var_password): Text ****** has been set on object 'Object Repository/1412263_Page_Mattermost/input_All team communication in one place, _a3edc6'

2021-05-29 00:26:26 - [MESSAGE][PASSED] - Text ****** has been set on object 'Object Repository/1412263_Page_Mattermost/input_All team communication in one place, _a3edc6'

2021-05-29 00:26:26 - [TEST_STEP][PASSED] - click(findTestObject("Object Repository/1412263_Page_Mattermost/span_Sign in")): Object: 'Object Repository/1412263_Page_Mattermost/span_Sign in' is clicked on

2021-05-29 00:26:26 - [MESSAGE][PASSED] - Object: 'Object Repository/1412263_Page_Mattermost/span_Sign in' is clicked on

2021-05-29 00:26:26 - [MESSAGE][PASSED] - Call Test Case 'Test Cases/1712666/CommonTC/CTC_Login' successfully

2021-05-29 00:26:26 - [TEST_STEP][PASSED] - userDir = System.getProperty("user.dir"): null

2021-05-29 00:26:26 - [TEST_STEP][PASSED] - filePath = userDir + "\Excels\DataCreateATeam.xlsx": null

2021-05-29 00:26:26 - [TEST_STEP][PASSED] - uploadFile(findTestObject("Object Repository/Page_Town Square - noname Mattermost/input_upload"), filePath): File 'C:\Users\phuc\git\Mattermost_AutoTesting\Excels\DataCreateATeam.xlsx' sent to object: 'Object Repository/Page_Town Square - noname Mattermost/input_upload'

2021-05-29 00:26:30 - [MESSAGE][PASSED] - File 'C:\Users\phuc\git\Mattermost_AutoTesting\Excels\DataCreateATeam.xlsx' sent to object: 'Object Repository/Page_Town Square - noname Mattermost/input_upload'

2021-05-29 00:26:30 - [TEST_STEP][PASSED] - sendKeys(findTestObject("Object Repository/Page_Town Square - noname Mattermost/textarea_Write to Town Square_post_textbox"), Keys.chord(ENTER)): Keys 'ENTER + ' sent to object: 'Object Repository/Page_Town Square - noname Mattermost/textarea_Write to Town Square_post_textbox'

2021-05-29 00:26:32 - [MESSAGE][PASSED] - Keys 'ENTER + ' sent to object: 'Object Repository/Page_Town Square - noname Mattermost/textarea_Write to Town Square_post_textbox'

2021-05-29 00:26:32 - [TEST_STEP][PASSED] - verifyElementPresent(findTestObject("Object Repository/Page_Town Square - noname Mattermost/div_uploaded"), 5): Object 'Object Repository/Page_Town Square - noname Mattermost/div_uploaded' is present

2021-05-29 00:26:33 - [MESSAGE][PASSED] - Object 'Object Repository/Page_Town Square - noname Mattermost/div_uploaded' is present

2021-05-29 00:26:33 - [TEST_STEP][PASSED] - closeBrowser(): Browser is closed

2021-05-29 00:26:34 - [MESSAGE][PASSED] - Browser is closed]]></system-out>
         <system-err><![CDATA[]]></system-err>
      </testcase>
      <testcase name="Test Cases/1712666/TC51_DownloadFile" time="19.694" classname="Test Cases/1712666/TC51_DownloadFile" status="PASSED">
         <system-out><![CDATA[2021-05-29 00:26:34 - [TEST_CASE][PASSED] - Test Cases/1712666/TC51_DownloadFile: Test Cases/1712666/TC51_DownloadFile

2021-05-29 00:26:34 - [TEST_STEP][PASSED] - openBrowser(""): Browser is opened with url: ''

2021-05-29 00:26:34 - [MESSAGE][INFO] - Starting 'Chrome' driver

2021-05-29 00:26:34 - [MESSAGE][INFO] - Action delay is set to 0 milliseconds

2021-05-29 00:26:35 - [MESSAGE][PASSED] - Browser is opened with url: ''

2021-05-29 00:26:35 - [TEST_STEP][PASSED] - navigateToUrl("https://mattermostwebapp.herokuapp.com/"): Navigate to 'https://mattermostwebapp.herokuapp.com/' successfully

2021-05-29 00:26:39 - [MESSAGE][PASSED] - Navigate to 'https://mattermostwebapp.herokuapp.com/' successfully

2021-05-29 00:26:39 - [TEST_STEP][PASSED] - callTestCase(findTestCase("1712666/CommonTC/CTC_Login"), ["var_username":"phuc", "var_password":"CSt51UwWECc="]): Call Test Case 'Test Cases/1712666/CommonTC/CTC_Login' successfully

2021-05-29 00:26:39 - [TEST_CASE][PASSED] - Test Cases/1712666/CommonTC/CTC_Login: Test Cases/1712666/CommonTC/CTC_Login

2021-05-29 00:26:39 - [TEST_STEP][PASSED] - setText(findTestObject("Object Repository/1412263_Page_Mattermost/input_All team communication in one place, _dcc84b"), var_username): Text 'phuc' is set on object 'Object Repository/1412263_Page_Mattermost/input_All team communication in one place, _dcc84b'

2021-05-29 00:26:43 - [MESSAGE][PASSED] - Text 'phuc' is set on object 'Object Repository/1412263_Page_Mattermost/input_All team communication in one place, _dcc84b'

2021-05-29 00:26:43 - [TEST_STEP][PASSED] - setEncryptedText(findTestObject("Object Repository/1412263_Page_Mattermost/input_All team communication in one place, _a3edc6"), var_password): Text ****** has been set on object 'Object Repository/1412263_Page_Mattermost/input_All team communication in one place, _a3edc6'

2021-05-29 00:26:44 - [MESSAGE][PASSED] - Text ****** has been set on object 'Object Repository/1412263_Page_Mattermost/input_All team communication in one place, _a3edc6'

2021-05-29 00:26:44 - [TEST_STEP][PASSED] - click(findTestObject("Object Repository/1412263_Page_Mattermost/span_Sign in")): Object: 'Object Repository/1412263_Page_Mattermost/span_Sign in' is clicked on

2021-05-29 00:26:45 - [MESSAGE][PASSED] - Object: 'Object Repository/1412263_Page_Mattermost/span_Sign in' is clicked on

2021-05-29 00:26:45 - [MESSAGE][PASSED] - Call Test Case 'Test Cases/1712666/CommonTC/CTC_Login' successfully

2021-05-29 00:26:45 - [TEST_STEP][PASSED] - callTestCase(findTestCase("1712666/CommonTC/CTC_SendFile"), [:]): Call Test Case 'Test Cases/1712666/CommonTC/CTC_SendFile' successfully

2021-05-29 00:26:45 - [TEST_CASE][PASSED] - Test Cases/1712666/CommonTC/CTC_SendFile: Test Cases/1712666/CommonTC/CTC_SendFile

2021-05-29 00:26:45 - [TEST_STEP][PASSED] - userDir = System.getProperty("user.dir"): null

2021-05-29 00:26:45 - [TEST_STEP][PASSED] - filePath = userDir + "\Excels\DataCreateATeam.xlsx": null

2021-05-29 00:26:45 - [TEST_STEP][PASSED] - uploadFile(findTestObject("Object Repository/Page_Town Square - noname Mattermost/input_upload"), filePath): File 'C:\Users\phuc\git\Mattermost_AutoTesting\Excels\DataCreateATeam.xlsx' sent to object: 'Object Repository/Page_Town Square - noname Mattermost/input_upload'

2021-05-29 00:26:48 - [MESSAGE][PASSED] - File 'C:\Users\phuc\git\Mattermost_AutoTesting\Excels\DataCreateATeam.xlsx' sent to object: 'Object Repository/Page_Town Square - noname Mattermost/input_upload'

2021-05-29 00:26:48 - [TEST_STEP][PASSED] - sendKeys(findTestObject("Object Repository/Page_Town Square - noname Mattermost/textarea_Write to Town Square_post_textbox"), Keys.chord(ENTER)): Keys 'ENTER + ' sent to object: 'Object Repository/Page_Town Square - noname Mattermost/textarea_Write to Town Square_post_textbox'

2021-05-29 00:26:49 - [MESSAGE][PASSED] - Keys 'ENTER + ' sent to object: 'Object Repository/Page_Town Square - noname Mattermost/textarea_Write to Town Square_post_textbox'

2021-05-29 00:26:49 - [TEST_STEP][PASSED] - verifyElementPresent(findTestObject("Object Repository/Page_Town Square - noname Mattermost/div_uploaded"), 5): Object 'Object Repository/Page_Town Square - noname Mattermost/div_uploaded' is present

2021-05-29 00:26:50 - [MESSAGE][PASSED] - Object 'Object Repository/Page_Town Square - noname Mattermost/div_uploaded' is present

2021-05-29 00:26:50 - [MESSAGE][PASSED] - Call Test Case 'Test Cases/1712666/CommonTC/CTC_SendFile' successfully

2021-05-29 00:26:50 - [TEST_STEP][PASSED] - click(findTestObject("Object Repository/Page_Town Square - noname Mattermost/div_uploaded")): Object: 'Object Repository/Page_Town Square - noname Mattermost/div_uploaded' is clicked on

2021-05-29 00:26:51 - [MESSAGE][PASSED] - Object: 'Object Repository/Page_Town Square - noname Mattermost/div_uploaded' is clicked on

2021-05-29 00:26:51 - [TEST_STEP][PASSED] - click(findTestObject("Object Repository/Page_Town Square - noname Mattermost/button_download")): Object: 'Object Repository/Page_Town Square - noname Mattermost/button_download' is clicked on

2021-05-29 00:26:51 - [MESSAGE][PASSED] - Object: 'Object Repository/Page_Town Square - noname Mattermost/button_download' is clicked on

2021-05-29 00:26:51 - [TEST_STEP][PASSED] - filename = getText(findTestObject("Object Repository/Page_Town Square - noname Mattermost/name_file_uploaded")): Text of object 'Object Repository/Page_Town Square - noname Mattermost/name_file_uploaded' is: 'DataCreateATeam.xlsx'

2021-05-29 00:26:52 - [MESSAGE][PASSED] - Text of object 'Object Repository/Page_Town Square - noname Mattermost/name_file_uploaded' is: 'DataCreateATeam.xlsx'

2021-05-29 00:26:52 - [TEST_STEP][PASSED] - if (!(isFileDownloaded(filename))): null

2021-05-29 00:26:52 - [TEST_STEP][PASSED] - home = System.getProperty("user.home"): null

2021-05-29 00:26:52 - [TEST_STEP][PASSED] - dir = new java.io.File((home + /Downloads/)): null

2021-05-29 00:26:52 - [TEST_STEP][PASSED] - dirContents = dir.listFiles(): null

2021-05-29 00:26:52 - [TEST_STEP][PASSED] - for ([i = 0, i < length, (i++)]): null

2021-05-29 00:26:52 - [TEST_STEP][PASSED] - if (getName().equals(fileName)): null

2021-05-29 00:26:52 - [TEST_STEP][PASSED] - if (getName().equals(fileName)): null

2021-05-29 00:26:52 - [TEST_STEP][PASSED] - if (getName().equals(fileName)): null

2021-05-29 00:26:52 - [TEST_STEP][PASSED] - dirContents[i].delete(): null

2021-05-29 00:26:52 - [TEST_STEP][PASSED] - return true: null

2021-05-29 00:26:52 - [TEST_STEP][PASSED] - closeBrowser(): Browser is closed

2021-05-29 00:26:53 - [MESSAGE][PASSED] - Browser is closed]]></system-out>
         <system-err><![CDATA[]]></system-err>
      </testcase>
      <testcase name="Test Cases/1712666/TC55_ChangeNameAPI" time="4.534" classname="Test Cases/1712666/TC55_ChangeNameAPI" status="PASSED">
         <system-out><![CDATA[2021-05-29 00:26:53 - [TEST_CASE][PASSED] - Test Cases/1712666/TC55_ChangeNameAPI: Test Cases/1712666/TC55_ChangeNameAPI

2021-05-29 00:26:54 - [TEST_STEP][PASSED] - loginResponse = sendRequest(findTestObject("Object Repository/1712666_API_Mattermost/CommonAPI/Common_LoginAPI")): Send request successfully

2021-05-29 00:26:56 - [MESSAGE][INFO] - HAR: C:\Users\phuc\git\Mattermost_AutoTesting\Reports\20210528_235331\1712666\Run_All_Test_Cases\20210528_235331\requests\main\0.har

2021-05-29 00:26:56 - [MESSAGE][PASSED] - Send request successfully

2021-05-29 00:26:56 - [TEST_STEP][PASSED] - parsed = loginResponse.getHeaderFields(): null

2021-05-29 00:26:56 - [TEST_STEP][PASSED] - tokenAPI = Token: null

2021-05-29 00:26:56 - [TEST_STEP][PASSED] - token = "Bearer " + tokenAPI.substring(1, tokenAPI.length() - 1): null

2021-05-29 00:26:56 - [TEST_STEP][PASSED] - changeNameRequest = findTestObject("1712666_API_Mattermost/ChangeNameAPI"): null

2021-05-29 00:26:56 - [TEST_STEP][PASSED] - HTTPHeader = new java.util.ArrayList(): null

2021-05-29 00:26:56 - [TEST_STEP][PASSED] - authorizationTest = new com.kms.katalon.core.testobject.TestObjectProperty(Authorization, com.kms.katalon.core.testobject.ConditionType.EQUALS, token): null

2021-05-29 00:26:56 - [TEST_STEP][PASSED] - HTTPHeader.add(authorizationTest): null

2021-05-29 00:26:56 - [TEST_STEP][PASSED] - changeNameRequest.setHttpHeaderProperties(HTTPHeader): null

2021-05-29 00:26:56 - [TEST_STEP][PASSED] - response = sendRequest(changeNameRequest): Send request successfully

2021-05-29 00:26:58 - [MESSAGE][INFO] - HAR: C:\Users\phuc\git\Mattermost_AutoTesting\Reports\20210528_235331\1712666\Run_All_Test_Cases\20210528_235331\requests\main\1.har

2021-05-29 00:26:58 - [MESSAGE][PASSED] - Send request successfully

2021-05-29 00:26:58 - [TEST_STEP][PASSED] - verifyElementPropertyValue(response, "first_name", "test first name"): Verify element property value successfully

2021-05-29 00:26:58 - [MESSAGE][PASSED] - Verify element property value successfully

2021-05-29 00:26:58 - [TEST_STEP][PASSED] - verifyElementPropertyValue(response, "last_name", "test last name"): Verify element property value successfully

2021-05-29 00:26:58 - [MESSAGE][PASSED] - Verify element property value successfully]]></system-out>
         <system-err><![CDATA[]]></system-err>
      </testcase>
      <testcase name="Test Cases/1712666/TC56_SearchUserAPI" time="3.125" classname="Test Cases/1712666/TC56_SearchUserAPI" status="PASSED">
         <system-out><![CDATA[2021-05-29 00:26:58 - [TEST_CASE][PASSED] - Test Cases/1712666/TC56_SearchUserAPI: Test Cases/1712666/TC56_SearchUserAPI

2021-05-29 00:26:58 - [TEST_STEP][PASSED] - loginResponse = sendRequest(findTestObject("Object Repository/1712666_API_Mattermost/CommonAPI/Common_LoginAPI")): Send request successfully

2021-05-29 00:27:00 - [MESSAGE][INFO] - HAR: C:\Users\phuc\git\Mattermost_AutoTesting\Reports\20210528_235331\1712666\Run_All_Test_Cases\20210528_235331\requests\main\2.har

2021-05-29 00:27:00 - [MESSAGE][PASSED] - Send request successfully

2021-05-29 00:27:00 - [TEST_STEP][PASSED] - parsed = loginResponse.getHeaderFields(): null

2021-05-29 00:27:00 - [TEST_STEP][PASSED] - tokenAPI = Token: null

2021-05-29 00:27:00 - [TEST_STEP][PASSED] - token = "Bearer " + tokenAPI.substring(1, tokenAPI.length() - 1): null

2021-05-29 00:27:00 - [TEST_STEP][PASSED] - searchUserRequest = findTestObject("1712666_API_Mattermost/SearchUserAPI"): null

2021-05-29 00:27:00 - [TEST_STEP][PASSED] - HTTPHeader = new java.util.ArrayList(): null

2021-05-29 00:27:00 - [TEST_STEP][PASSED] - authorizationTest = new com.kms.katalon.core.testobject.TestObjectProperty(Authorization, com.kms.katalon.core.testobject.ConditionType.EQUALS, token): null

2021-05-29 00:27:00 - [TEST_STEP][PASSED] - HTTPHeader.add(authorizationTest): null

2021-05-29 00:27:00 - [TEST_STEP][PASSED] - searchUserRequest.setHttpHeaderProperties(HTTPHeader): null

2021-05-29 00:27:00 - [TEST_STEP][PASSED] - response = sendRequest(searchUserRequest): Send request successfully

2021-05-29 00:27:01 - [MESSAGE][INFO] - HAR: C:\Users\phuc\git\Mattermost_AutoTesting\Reports\20210528_235331\1712666\Run_All_Test_Cases\20210528_235331\requests\main\3.har

2021-05-29 00:27:01 - [MESSAGE][PASSED] - Send request successfully

2021-05-29 00:27:01 - [TEST_STEP][PASSED] - verifyElementPropertyValue(response, "[0].username", "phuc"): Verify element property value successfully

2021-05-29 00:27:01 - [MESSAGE][PASSED] - Verify element property value successfully]]></system-out>
         <system-err><![CDATA[]]></system-err>
      </testcase>
      <testcase name="Test Cases/1712666/TC57_SearchPublicChannelAPI" time="3.182" classname="Test Cases/1712666/TC57_SearchPublicChannelAPI" status="PASSED">
         <system-out><![CDATA[2021-05-29 00:27:01 - [TEST_CASE][PASSED] - Test Cases/1712666/TC57_SearchPublicChannelAPI: Test Cases/1712666/TC57_SearchPublicChannelAPI

2021-05-29 00:27:01 - [TEST_STEP][PASSED] - loginResponse = sendRequest(findTestObject("Object Repository/1712666_API_Mattermost/CommonAPI/Common_LoginAPI")): Send request successfully

2021-05-29 00:27:03 - [MESSAGE][INFO] - HAR: C:\Users\phuc\git\Mattermost_AutoTesting\Reports\20210528_235331\1712666\Run_All_Test_Cases\20210528_235331\requests\main\4.har

2021-05-29 00:27:03 - [MESSAGE][PASSED] - Send request successfully

2021-05-29 00:27:03 - [TEST_STEP][PASSED] - parsed = loginResponse.getHeaderFields(): null

2021-05-29 00:27:03 - [TEST_STEP][PASSED] - tokenAPI = Token: null

2021-05-29 00:27:03 - [TEST_STEP][PASSED] - token = "Bearer " + tokenAPI.substring(1, tokenAPI.length() - 1): null

2021-05-29 00:27:03 - [TEST_STEP][PASSED] - searchPublicChannelRequest = findTestObject("1712666_API_Mattermost/SearchPublicChannelAPI"): null

2021-05-29 00:27:03 - [TEST_STEP][PASSED] - HTTPHeader = new java.util.ArrayList(): null

2021-05-29 00:27:03 - [TEST_STEP][PASSED] - authorizationTest = new com.kms.katalon.core.testobject.TestObjectProperty(Authorization, com.kms.katalon.core.testobject.ConditionType.EQUALS, token): null

2021-05-29 00:27:03 - [TEST_STEP][PASSED] - HTTPHeader.add(authorizationTest): null

2021-05-29 00:27:03 - [TEST_STEP][PASSED] - searchPublicChannelRequest.setHttpHeaderProperties(HTTPHeader): null

2021-05-29 00:27:03 - [TEST_STEP][PASSED] - response = sendRequest(searchPublicChannelRequest): Send request successfully

2021-05-29 00:27:04 - [MESSAGE][INFO] - HAR: C:\Users\phuc\git\Mattermost_AutoTesting\Reports\20210528_235331\1712666\Run_All_Test_Cases\20210528_235331\requests\main\5.har

2021-05-29 00:27:04 - [MESSAGE][PASSED] - Send request successfully

2021-05-29 00:27:04 - [TEST_STEP][PASSED] - verifyElementPropertyValue(response, "[0].name", "test1"): Verify element property value successfully

2021-05-29 00:27:04 - [MESSAGE][PASSED] - Verify element property value successfully]]></system-out>
         <system-err><![CDATA[]]></system-err>
      </testcase>
      <testcase name="Test Cases/1712666/TC58_LogoutAPI" time="3.038" classname="Test Cases/1712666/TC58_LogoutAPI" status="PASSED">
         <system-out><![CDATA[2021-05-29 00:27:04 - [TEST_CASE][PASSED] - Test Cases/1712666/TC58_LogoutAPI: Test Cases/1712666/TC58_LogoutAPI

2021-05-29 00:27:04 - [TEST_STEP][PASSED] - loginResponse = sendRequest(findTestObject("Object Repository/1712666_API_Mattermost/CommonAPI/Common_LoginAPI")): Send request successfully

2021-05-29 00:27:06 - [MESSAGE][INFO] - HAR: C:\Users\phuc\git\Mattermost_AutoTesting\Reports\20210528_235331\1712666\Run_All_Test_Cases\20210528_235331\requests\main\6.har

2021-05-29 00:27:06 - [MESSAGE][PASSED] - Send request successfully

2021-05-29 00:27:06 - [TEST_STEP][PASSED] - parsed = loginResponse.getHeaderFields(): null

2021-05-29 00:27:06 - [TEST_STEP][PASSED] - tokenAPI = Token: null

2021-05-29 00:27:06 - [TEST_STEP][PASSED] - token = "Bearer " + tokenAPI.substring(1, tokenAPI.length() - 1): null

2021-05-29 00:27:06 - [TEST_STEP][PASSED] - logoutRequest = findTestObject("1712666_API_Mattermost/LogoutAPI"): null

2021-05-29 00:27:06 - [TEST_STEP][PASSED] - HTTPHeader = new java.util.ArrayList(): null

2021-05-29 00:27:06 - [TEST_STEP][PASSED] - authorizationTest = new com.kms.katalon.core.testobject.TestObjectProperty(Authorization, com.kms.katalon.core.testobject.ConditionType.EQUALS, token): null

2021-05-29 00:27:06 - [TEST_STEP][PASSED] - HTTPHeader.add(authorizationTest): null

2021-05-29 00:27:06 - [TEST_STEP][PASSED] - logoutRequest.setHttpHeaderProperties(HTTPHeader): null

2021-05-29 00:27:06 - [TEST_STEP][PASSED] - response = sendRequest(logoutRequest): Send request successfully

2021-05-29 00:27:07 - [MESSAGE][INFO] - HAR: C:\Users\phuc\git\Mattermost_AutoTesting\Reports\20210528_235331\1712666\Run_All_Test_Cases\20210528_235331\requests\main\7.har

2021-05-29 00:27:07 - [MESSAGE][PASSED] - Send request successfully

2021-05-29 00:27:07 - [TEST_STEP][PASSED] - verifyElementPropertyValue(response, "status", "OK"): Verify element property value successfully

2021-05-29 00:27:07 - [MESSAGE][PASSED] - Verify element property value successfully]]></system-out>
         <system-err><![CDATA[]]></system-err>
      </testcase>
      <testcase name="Test Cases/1412263/TC52_APILogin" time="1.656" classname="Test Cases/1412263/TC52_APILogin" status="PASSED">
         <system-out><![CDATA[2021-05-29 00:27:07 - [TEST_CASE][PASSED] - Test Cases/1412263/TC52_APILogin: Test Cases/1412263/TC52_APILogin

2021-05-29 00:27:07 - [TEST_STEP][PASSED] - sendRequest(findTestObject("1412263_API_Mattermost/API_Login")): Send request successfully

2021-05-29 00:27:09 - [MESSAGE][INFO] - HAR: C:\Users\phuc\git\Mattermost_AutoTesting\Reports\20210528_235331\1712666\Run_All_Test_Cases\20210528_235331\requests\main\8.har

2021-05-29 00:27:09 - [MESSAGE][PASSED] - Send request successfully]]></system-out>
         <system-err><![CDATA[]]></system-err>
      </testcase>
      <testcase name="Test Cases/1412263/TC53_APISignUp" time="1.539" classname="Test Cases/1412263/TC53_APISignUp" status="PASSED">
         <system-out><![CDATA[2021-05-29 00:27:09 - [TEST_CASE][PASSED] - Test Cases/1412263/TC53_APISignUp: Test Cases/1412263/TC53_APISignUp

2021-05-29 00:27:09 - [TEST_STEP][PASSED] - sendRequest(findTestObject("1412263_API_Mattermost/API_SignUp")): Send request successfully

2021-05-29 00:27:10 - [MESSAGE][INFO] - HAR: C:\Users\phuc\git\Mattermost_AutoTesting\Reports\20210528_235331\1712666\Run_All_Test_Cases\20210528_235331\requests\main\9.har

2021-05-29 00:27:10 - [MESSAGE][PASSED] - Send request successfully]]></system-out>
         <system-err><![CDATA[]]></system-err>
      </testcase>
      <testcase name="Test Cases/1412263/TC54_APISendMessage" time="2.489" classname="Test Cases/1412263/TC54_APISendMessage" status="PASSED">
         <system-out><![CDATA[2021-05-29 00:27:10 - [TEST_CASE][PASSED] - Test Cases/1412263/TC54_APISendMessage: Test Cases/1412263/TC54_APISendMessage

2021-05-29 00:27:11 - [TEST_STEP][PASSED] - loginResponse = sendRequest(findTestObject("Object Repository/1412263_API_Mattermost/API_Login")): Send request successfully

2021-05-29 00:27:12 - [MESSAGE][INFO] - HAR: C:\Users\phuc\git\Mattermost_AutoTesting\Reports\20210528_235331\1712666\Run_All_Test_Cases\20210528_235331\requests\main\10.har

2021-05-29 00:27:12 - [MESSAGE][PASSED] - Send request successfully

2021-05-29 00:27:12 - [TEST_STEP][PASSED] - parsed = loginResponse.getHeaderFields(): null

2021-05-29 00:27:12 - [TEST_STEP][PASSED] - tokenAPI = Token: null

2021-05-29 00:27:12 - [TEST_STEP][PASSED] - token = "Bearer " + tokenAPI.substring(1, tokenAPI.length() - 1): null

2021-05-29 00:27:12 - [TEST_STEP][PASSED] - sendMessageRequest = findTestObject("Object Repository/1412263_API_Mattermost/API_SendMessage_2"): null

2021-05-29 00:27:12 - [TEST_STEP][PASSED] - HTTPHeader = new java.util.ArrayList(): null

2021-05-29 00:27:12 - [TEST_STEP][PASSED] - authorizationTest = new com.kms.katalon.core.testobject.TestObjectProperty(Authorization, com.kms.katalon.core.testobject.ConditionType.EQUALS, token): null

2021-05-29 00:27:12 - [TEST_STEP][PASSED] - HTTPHeader.add(authorizationTest): null

2021-05-29 00:27:12 - [TEST_STEP][PASSED] - sendMessageRequest.setHttpHeaderProperties(HTTPHeader): null

2021-05-29 00:27:12 - [TEST_STEP][PASSED] - response = sendRequest(sendMessageRequest): Send request successfully

2021-05-29 00:27:13 - [MESSAGE][INFO] - HAR: C:\Users\phuc\git\Mattermost_AutoTesting\Reports\20210528_235331\1712666\Run_All_Test_Cases\20210528_235331\requests\main\11.har

2021-05-29 00:27:13 - [MESSAGE][PASSED] - Send request successfully

2021-05-29 00:27:13 - [TEST_STEP][PASSED] - verifyElementPropertyValue(response, "channel_id", "3bba45je8pyjtp8s4cgk6iei3c"): Verify element property value successfully

2021-05-29 00:27:13 - [MESSAGE][PASSED] - Verify element property value successfully

2021-05-29 00:27:13 - [TEST_STEP][PASSED] - verifyElementPropertyValue(response, "message", "Coco Jambo"): Verify element property value successfully

2021-05-29 00:27:13 - [MESSAGE][PASSED] - Verify element property value successfully]]></system-out>
         <system-err><![CDATA[]]></system-err>
      </testcase>
      <system-out><![CDATA[2021-05-28 23:53:40 - [TEST_SUITE][FAILED] - Run_All_Test_Cases: Test Cases/1712666/TC11_CreateATeam FAILED.
Reason:
com.kms.katalon.core.exception.StepFailedException: Unable to verify object 'Object Repository/Page_Town Square - abc Mattermost/label_A team with that name already exists' is not present
	at com.kms.katalon.core.webui.keyword.internal.WebUIKeywordMain.stepFailed(WebUIKeywordMain.groovy:64)
	at com.kms.katalon.core.webui.keyword.internal.WebUIKeywordMain.runKeyword(WebUIKeywordMain.groovy:26)
	at com.kms.katalon.core.webui.keyword.internal.WebUIKeywordMain$runKeyword.call(Unknown Source)
	at com.kms.katalon.core.webui.keyword.builtin.VerifyElementNotPresentKeyword.verifyElementNotPresent(VerifyElementNotPresentKeyword.groovy:117)
	at com.kms.katalon.core.webui.keyword.builtin.VerifyElementNotPresentKeyword.execute(VerifyElementNotPresentKeyword.groovy:68)
	at com.kms.katalon.core.keyword.internal.KeywordExecutor.executeKeywordForPlatform(KeywordExecutor.groovy:73)
	at com.kms.katalon.core.webui.keyword.WebUiBuiltInKeywords.verifyElementNotPresent(WebUiBuiltInKeywords.groovy:1496)
	at com.kms.katalon.core.webui.keyword.WebUiBuiltInKeywords$verifyElementNotPresent$6.call(Unknown Source)
	at TC11_CreateATeam.run(TC11_CreateATeam:38)
	at com.kms.katalon.core.main.ScriptEngine.run(ScriptEngine.java:194)
	at com.kms.katalon.core.main.ScriptEngine.runScriptAsRawText(ScriptEngine.java:119)
	at com.kms.katalon.core.main.TestCaseExecutor.runScript(TestCaseExecutor.java:398)
	at com.kms.katalon.core.main.TestCaseExecutor.doExecute(TestCaseExecutor.java:389)
	at com.kms.katalon.core.main.TestCaseExecutor.processExecutionPhase(TestCaseExecutor.java:368)
	at com.kms.katalon.core.main.TestCaseExecutor.accessMainPhase(TestCaseExecutor.java:360)
	at com.kms.katalon.core.main.TestCaseExecutor.execute(TestCaseExecutor.java:255)
	at com.kms.katalon.core.main.TestSuiteExecutor.accessTestCaseMainPhase(TestSuiteExecutor.java:203)
	at com.kms.katalon.core.main.TestSuiteExecutor.accessTestSuiteMainPhase(TestSuiteExecutor.java:152)
	at com.kms.katalon.core.main.TestSuiteExecutor.execute(TestSuiteExecutor.java:95)
	at com.kms.katalon.core.main.TestCaseMain.startTestSuite(TestCaseMain.java:157)
	at com.kms.katalon.core.main.TestCaseMain$startTestSuite$0.call(Unknown Source)
	at TempTestSuite1622220811607.run(TempTestSuite1622220811607.groovy:39)
Caused by: com.kms.katalon.core.exception.StepFailedException: Web element with id: 'Object Repository/Page_Town Square - abc Mattermost/label_A team with that name already exists' located by 'By.xpath: //div[@id='root']/div/div/div/div[3]/div/div/div/form/div/label' is present after '5' second(s)
	at com.kms.katalon.core.webui.keyword.internal.WebUIKeywordMain.stepFailed(WebUIKeywordMain.groovy:64)
	at com.kms.katalon.core.webui.keyword.internal.WebUIKeywordMain$stepFailed$0.call(Unknown Source)
	at com.kms.katalon.core.webui.keyword.builtin.VerifyElementNotPresentKeyword$_verifyElementNotPresent_closure1.doCall(VerifyElementNotPresentKeyword.groovy:106)
	at com.kms.katalon.core.webui.keyword.builtin.VerifyElementNotPresentKeyword$_verifyElementNotPresent_closure1.doCall(VerifyElementNotPresentKeyword.groovy)
	at com.kms.katalon.core.webui.keyword.internal.WebUIKeywordMain.runKeyword(WebUIKeywordMain.groovy:20)
	... 20 more]]></system-out>
      <system-err><![CDATA[2021-05-28 23:53:40 - [TEST_SUITE][FAILED] - Run_All_Test_Cases: Test Cases/1712666/TC11_CreateATeam FAILED.
Reason:
com.kms.katalon.core.exception.StepFailedException: Unable to verify object 'Object Repository/Page_Town Square - abc Mattermost/label_A team with that name already exists' is not present
	at com.kms.katalon.core.webui.keyword.internal.WebUIKeywordMain.stepFailed(WebUIKeywordMain.groovy:64)
	at com.kms.katalon.core.webui.keyword.internal.WebUIKeywordMain.runKeyword(WebUIKeywordMain.groovy:26)
	at com.kms.katalon.core.webui.keyword.internal.WebUIKeywordMain$runKeyword.call(Unknown Source)
	at com.kms.katalon.core.webui.keyword.builtin.VerifyElementNotPresentKeyword.verifyElementNotPresent(VerifyElementNotPresentKeyword.groovy:117)
	at com.kms.katalon.core.webui.keyword.builtin.VerifyElementNotPresentKeyword.execute(VerifyElementNotPresentKeyword.groovy:68)
	at com.kms.katalon.core.keyword.internal.KeywordExecutor.executeKeywordForPlatform(KeywordExecutor.groovy:73)
	at com.kms.katalon.core.webui.keyword.WebUiBuiltInKeywords.verifyElementNotPresent(WebUiBuiltInKeywords.groovy:1496)
	at com.kms.katalon.core.webui.keyword.WebUiBuiltInKeywords$verifyElementNotPresent$6.call(Unknown Source)
	at TC11_CreateATeam.run(TC11_CreateATeam:38)
	at com.kms.katalon.core.main.ScriptEngine.run(ScriptEngine.java:194)
	at com.kms.katalon.core.main.ScriptEngine.runScriptAsRawText(ScriptEngine.java:119)
	at com.kms.katalon.core.main.TestCaseExecutor.runScript(TestCaseExecutor.java:398)
	at com.kms.katalon.core.main.TestCaseExecutor.doExecute(TestCaseExecutor.java:389)
	at com.kms.katalon.core.main.TestCaseExecutor.processExecutionPhase(TestCaseExecutor.java:368)
	at com.kms.katalon.core.main.TestCaseExecutor.accessMainPhase(TestCaseExecutor.java:360)
	at com.kms.katalon.core.main.TestCaseExecutor.execute(TestCaseExecutor.java:255)
	at com.kms.katalon.core.main.TestSuiteExecutor.accessTestCaseMainPhase(TestSuiteExecutor.java:203)
	at com.kms.katalon.core.main.TestSuiteExecutor.accessTestSuiteMainPhase(TestSuiteExecutor.java:152)
	at com.kms.katalon.core.main.TestSuiteExecutor.execute(TestSuiteExecutor.java:95)
	at com.kms.katalon.core.main.TestCaseMain.startTestSuite(TestCaseMain.java:157)
	at com.kms.katalon.core.main.TestCaseMain$startTestSuite$0.call(Unknown Source)
	at TempTestSuite1622220811607.run(TempTestSuite1622220811607.groovy:39)
Caused by: com.kms.katalon.core.exception.StepFailedException: Web element with id: 'Object Repository/Page_Town Square - abc Mattermost/label_A team with that name already exists' located by 'By.xpath: //div[@id='root']/div/div/div/div[3]/div/div/div/form/div/label' is present after '5' second(s)
	at com.kms.katalon.core.webui.keyword.internal.WebUIKeywordMain.stepFailed(WebUIKeywordMain.groovy:64)
	at com.kms.katalon.core.webui.keyword.internal.WebUIKeywordMain$stepFailed$0.call(Unknown Source)
	at com.kms.katalon.core.webui.keyword.builtin.VerifyElementNotPresentKeyword$_verifyElementNotPresent_closure1.doCall(VerifyElementNotPresentKeyword.groovy:106)
	at com.kms.katalon.core.webui.keyword.builtin.VerifyElementNotPresentKeyword$_verifyElementNotPresent_closure1.doCall(VerifyElementNotPresentKeyword.groovy)
	at com.kms.katalon.core.webui.keyword.internal.WebUIKeywordMain.runKeyword(WebUIKeywordMain.groovy:20)
	... 20 more]]></system-err>
   </testsuite>
</testsuites>
