<?xml version="1.0" encoding="UTF-8"?>
<testsuites name="Run_All_Test_Cases" time="1258.066" tests="36" failures="5" skips="0" errors="2">
   <testsuite name="Run_All_Test_Cases" tests="36" failures="5" errors="2" time="1258.066" skips="0" timestamp="2021-05-29 10:02:50" hostname="asus pc - host.docker.internal" id="Test Suites/1412263/Run_All_Test_Cases">
      <properties>
         <property name="deviceName" value=""/>
         <property name="devicePlatform" value=""/>
         <property name="logFolder" value="E:\\Tai lieu hoc\\Nam 7\\HK2\\New Topics\\Homework 2\\New folder\\Mattermost_Autotesting\\Reports\\20210529_100241\\1412263\\Run_All_Test_Cases\\20210529_100241"/>
         <property name="logFiles" value="E:\\Tai lieu hoc\\Nam 7\\HK2\\New Topics\\Homework 2\\New folder\\Mattermost_Autotesting\\Reports\\20210529_100241\\1412263\\Run_All_Test_Cases\\20210529_100241\\execution0.log"/>
         <property name="attachments" value="E:\\Tai lieu hoc\\Nam 7\\HK2\\New Topics\\Homework 2\\New folder\\Mattermost_Autotesting\\Reports\\20210529_100241\\1412263\\Run_All_Test_Cases\\20210529_100241\\1622257807047.png, E:\\Tai lieu hoc\\Nam 7\\HK2\\New Topics\\Homework 2\\New folder\\Mattermost_Autotesting\\Reports\\20210529_100241\\1412263\\Run_All_Test_Cases\\20210529_100241\\1622257807179.png, E:\\Tai lieu hoc\\Nam 7\\HK2\\New Topics\\Homework 2\\New folder\\Mattermost_Autotesting\\Reports\\20210529_100241\\1412263\\Run_All_Test_Cases\\20210529_100241\\1622257883832.png, E:\\Tai lieu hoc\\Nam 7\\HK2\\New Topics\\Homework 2\\New folder\\Mattermost_Autotesting\\Reports\\20210529_100241\\1412263\\Run_All_Test_Cases\\20210529_100241\\1622257883976.png, E:\\Tai lieu hoc\\Nam 7\\HK2\\New Topics\\Homework 2\\New folder\\Mattermost_Autotesting\\Reports\\20210529_100241\\1412263\\Run_All_Test_Cases\\20210529_100241\\1622258363604.png, E:\\Tai lieu hoc\\Nam 7\\HK2\\New Topics\\Homework 2\\New folder\\Mattermost_Autotesting\\Reports\\20210529_100241\\1412263\\Run_All_Test_Cases\\20210529_100241\\1622258472823.png, E:\\Tai lieu hoc\\Nam 7\\HK2\\New Topics\\Homework 2\\New folder\\Mattermost_Autotesting\\Reports\\20210529_100241\\1412263\\Run_All_Test_Cases\\20210529_100241\\1622258591913.png"/>
         <property name="hostName" value="asus pc - host.docker.internal"/>
         <property name="os" value="Windows 10 64bit"/>
         <property name="katalonVersion" value="7.9.1.208"/>
         <property name="browser" value="Chrome 90.0.4430.212"/>
         <property name="hostAddress" value="192.168.1.15"/>
         <property name="sessionId" value="85a0846617bada14705d34422430b512"/>
         <property name="seleniumVersion" value="3.141.59"/>
         <property name="proxyInformation" value="ProxyInformation { proxyOption=NO_PROXY, proxyServerType=HTTP, username=, password=********, proxyServerAddress=, proxyServerPort=0, executionList=&quot;&quot;, isApplyToDesiredCapabilities=true }"/>
         <property name="platform" value="Windows 10"/>
      </properties>
      <testcase name="Test Cases/1412263/TC01_Login" time="34.763" classname="Test Cases/1412263/TC01_Login" status="PASSED">
         <system-out><![CDATA[2021-05-29 10:02:53 - [TEST_CASE][PASSED] - Test Cases/1412263/TC01_Login: Test Cases/1412263/TC01_Login

2021-05-29 10:02:55 - [TEST_STEP][PASSED] - openBrowser(""): Browser is opened with url: ''

2021-05-29 10:02:55 - [MESSAGE][INFO] - Starting 'Chrome' driver

2021-05-29 10:02:55 - [MESSAGE][INFO] - Action delay is set to 0 milliseconds

2021-05-29 10:02:59 - [MESSAGE][PASSED] - Browser is opened with url: ''

2021-05-29 10:02:59 - [TEST_STEP][PASSED] - navigateToUrl("http://mattermostwebapp.herokuapp.com/"): Navigate to 'http://mattermostwebapp.herokuapp.com/' successfully

2021-05-29 10:03:02 - [MESSAGE][PASSED] - Navigate to 'http://mattermostwebapp.herokuapp.com/' successfully

2021-05-29 10:03:02 - [TEST_STEP][PASSED] - for ([rowNum = 1, rowNum <= 5, (rowNum++)]): null

2021-05-29 10:03:02 - [TEST_STEP][PASSED] - setText(findTestObject("1412263_Page_Mattermost/input_All team communication in one place, _dcc84b"), findTestData("1412263/Data TC1 Login").getValue(1, rowNum)): Text 'huykhoi263' is set on object 'Object Repository/1412263_Page_Mattermost/input_All team communication in one place, _dcc84b'

2021-05-29 10:03:07 - [MESSAGE][PASSED] - Text 'huykhoi263' is set on object 'Object Repository/1412263_Page_Mattermost/input_All team communication in one place, _dcc84b'

2021-05-29 10:03:07 - [TEST_STEP][PASSED] - setEncryptedText(findTestObject("1412263_Page_Mattermost/input_All team communication in one place, _a3edc6"), findTestData("1412263/Data TC1 Login").getValue(2, rowNum)): Text ****** has been set on object 'Object Repository/1412263_Page_Mattermost/input_All team communication in one place, _a3edc6'

2021-05-29 10:03:08 - [MESSAGE][PASSED] - Text ****** has been set on object 'Object Repository/1412263_Page_Mattermost/input_All team communication in one place, _a3edc6'

2021-05-29 10:03:08 - [TEST_STEP][PASSED] - click(findTestObject("1412263_Page_Mattermost/button_Sign in")): Object: 'Object Repository/1412263_Page_Mattermost/button_Sign in' is clicked on

2021-05-29 10:03:09 - [MESSAGE][PASSED] - Object: 'Object Repository/1412263_Page_Mattermost/button_Sign in' is clicked on

2021-05-29 10:03:09 - [TEST_STEP][PASSED] - Thread.sleep(2000): null

2021-05-29 10:03:11 - [TEST_STEP][PASSED] - setText(findTestObject("1412263_Page_Mattermost/input_All team communication in one place, _dcc84b"), findTestData("1412263/Data TC1 Login").getValue(1, rowNum)): Text 'huykhoi' is set on object 'Object Repository/1412263_Page_Mattermost/input_All team communication in one place, _dcc84b'

2021-05-29 10:03:11 - [MESSAGE][PASSED] - Text 'huykhoi' is set on object 'Object Repository/1412263_Page_Mattermost/input_All team communication in one place, _dcc84b'

2021-05-29 10:03:11 - [TEST_STEP][PASSED] - setEncryptedText(findTestObject("1412263_Page_Mattermost/input_All team communication in one place, _a3edc6"), findTestData("1412263/Data TC1 Login").getValue(2, rowNum)): Text ****** has been set on object 'Object Repository/1412263_Page_Mattermost/input_All team communication in one place, _a3edc6'

2021-05-29 10:03:12 - [MESSAGE][PASSED] - Text ****** has been set on object 'Object Repository/1412263_Page_Mattermost/input_All team communication in one place, _a3edc6'

2021-05-29 10:03:12 - [TEST_STEP][PASSED] - click(findTestObject("1412263_Page_Mattermost/button_Sign in")): Object: 'Object Repository/1412263_Page_Mattermost/button_Sign in' is clicked on

2021-05-29 10:03:12 - [MESSAGE][PASSED] - Object: 'Object Repository/1412263_Page_Mattermost/button_Sign in' is clicked on

2021-05-29 10:03:12 - [TEST_STEP][PASSED] - Thread.sleep(2000): null

2021-05-29 10:03:14 - [TEST_STEP][PASSED] - setText(findTestObject("1412263_Page_Mattermost/input_All team communication in one place, _dcc84b"), findTestData("1412263/Data TC1 Login").getValue(1, rowNum)): Text 'huykhoi' is set on object 'Object Repository/1412263_Page_Mattermost/input_All team communication in one place, _dcc84b'

2021-05-29 10:03:16 - [MESSAGE][PASSED] - Text 'huykhoi' is set on object 'Object Repository/1412263_Page_Mattermost/input_All team communication in one place, _dcc84b'

2021-05-29 10:03:16 - [TEST_STEP][PASSED] - setEncryptedText(findTestObject("1412263_Page_Mattermost/input_All team communication in one place, _a3edc6"), findTestData("1412263/Data TC1 Login").getValue(2, rowNum)): Text ****** has been set on object 'Object Repository/1412263_Page_Mattermost/input_All team communication in one place, _a3edc6'

2021-05-29 10:03:16 - [MESSAGE][PASSED] - Text ****** has been set on object 'Object Repository/1412263_Page_Mattermost/input_All team communication in one place, _a3edc6'

2021-05-29 10:03:16 - [TEST_STEP][PASSED] - click(findTestObject("1412263_Page_Mattermost/button_Sign in")): Object: 'Object Repository/1412263_Page_Mattermost/button_Sign in' is clicked on

2021-05-29 10:03:17 - [MESSAGE][PASSED] - Object: 'Object Repository/1412263_Page_Mattermost/button_Sign in' is clicked on

2021-05-29 10:03:17 - [TEST_STEP][PASSED] - Thread.sleep(2000): null

2021-05-29 10:03:19 - [TEST_STEP][PASSED] - setText(findTestObject("1412263_Page_Mattermost/input_All team communication in one place, _dcc84b"), findTestData("1412263/Data TC1 Login").getValue(1, rowNum)): Text 'huy' is set on object 'Object Repository/1412263_Page_Mattermost/input_All team communication in one place, _dcc84b'

2021-05-29 10:03:20 - [MESSAGE][PASSED] - Text 'huy' is set on object 'Object Repository/1412263_Page_Mattermost/input_All team communication in one place, _dcc84b'

2021-05-29 10:03:20 - [TEST_STEP][PASSED] - setEncryptedText(findTestObject("1412263_Page_Mattermost/input_All team communication in one place, _a3edc6"), findTestData("1412263/Data TC1 Login").getValue(2, rowNum)): Text ****** has been set on object 'Object Repository/1412263_Page_Mattermost/input_All team communication in one place, _a3edc6'

2021-05-29 10:03:20 - [MESSAGE][PASSED] - Text ****** has been set on object 'Object Repository/1412263_Page_Mattermost/input_All team communication in one place, _a3edc6'

2021-05-29 10:03:20 - [TEST_STEP][PASSED] - click(findTestObject("1412263_Page_Mattermost/button_Sign in")): Object: 'Object Repository/1412263_Page_Mattermost/button_Sign in' is clicked on

2021-05-29 10:03:21 - [MESSAGE][PASSED] - Object: 'Object Repository/1412263_Page_Mattermost/button_Sign in' is clicked on

2021-05-29 10:03:21 - [TEST_STEP][PASSED] - Thread.sleep(2000): null

2021-05-29 10:03:23 - [TEST_STEP][PASSED] - setText(findTestObject("1412263_Page_Mattermost/input_All team communication in one place, _dcc84b"), findTestData("1412263/Data TC1 Login").getValue(1, rowNum)): Text 'huykhoi263' is set on object 'Object Repository/1412263_Page_Mattermost/input_All team communication in one place, _dcc84b'

2021-05-29 10:03:24 - [MESSAGE][PASSED] - Text 'huykhoi263' is set on object 'Object Repository/1412263_Page_Mattermost/input_All team communication in one place, _dcc84b'

2021-05-29 10:03:24 - [TEST_STEP][PASSED] - setEncryptedText(findTestObject("1412263_Page_Mattermost/input_All team communication in one place, _a3edc6"), findTestData("1412263/Data TC1 Login").getValue(2, rowNum)): Text ****** has been set on object 'Object Repository/1412263_Page_Mattermost/input_All team communication in one place, _a3edc6'

2021-05-29 10:03:24 - [MESSAGE][PASSED] - Text ****** has been set on object 'Object Repository/1412263_Page_Mattermost/input_All team communication in one place, _a3edc6'

2021-05-29 10:03:24 - [TEST_STEP][PASSED] - click(findTestObject("1412263_Page_Mattermost/button_Sign in")): Object: 'Object Repository/1412263_Page_Mattermost/button_Sign in' is clicked on

2021-05-29 10:03:25 - [MESSAGE][PASSED] - Object: 'Object Repository/1412263_Page_Mattermost/button_Sign in' is clicked on

2021-05-29 10:03:25 - [TEST_STEP][PASSED] - Thread.sleep(2000): null

2021-05-29 10:03:27 - [TEST_STEP][PASSED] - closeBrowser(): Browser is closed

2021-05-29 10:03:28 - [MESSAGE][PASSED] - Browser is closed]]></system-out>
         <system-err><![CDATA[]]></system-err>
      </testcase>
      <testcase name="Test Cases/1412263/TC02_UpdatePassword" time="48.528" classname="Test Cases/1412263/TC02_UpdatePassword" status="PASSED">
         <system-out><![CDATA[2021-05-29 10:03:28 - [TEST_CASE][PASSED] - Test Cases/1412263/TC02_UpdatePassword: Test Cases/1412263/TC02_UpdatePassword

2021-05-29 10:03:29 - [TEST_STEP][PASSED] - openBrowser(""): Browser is opened with url: ''

2021-05-29 10:03:29 - [MESSAGE][INFO] - Starting 'Chrome' driver

2021-05-29 10:03:29 - [MESSAGE][INFO] - Action delay is set to 0 milliseconds

2021-05-29 10:03:31 - [MESSAGE][PASSED] - Browser is opened with url: ''

2021-05-29 10:03:31 - [TEST_STEP][PASSED] - navigateToUrl("http://mattermostwebapp.herokuapp.com/"): Navigate to 'http://mattermostwebapp.herokuapp.com/' successfully

2021-05-29 10:03:36 - [MESSAGE][PASSED] - Navigate to 'http://mattermostwebapp.herokuapp.com/' successfully

2021-05-29 10:03:36 - [TEST_STEP][PASSED] - setText(findTestObject("1412263_Page_Mattermost/input_All team communication in one place, _dcc84b"), "huykhoi263"): Text 'huykhoi263' is set on object 'Object Repository/1412263_Page_Mattermost/input_All team communication in one place, _dcc84b'

2021-05-29 10:03:41 - [MESSAGE][PASSED] - Text 'huykhoi263' is set on object 'Object Repository/1412263_Page_Mattermost/input_All team communication in one place, _dcc84b'

2021-05-29 10:03:41 - [TEST_STEP][PASSED] - setEncryptedText(findTestObject("1412263_Page_Mattermost/input_All team communication in one place, _a3edc6"), "o1rBehR+FzY2ClyWuSUtzg=="): Text ****** has been set on object 'Object Repository/1412263_Page_Mattermost/input_All team communication in one place, _a3edc6'

2021-05-29 10:03:42 - [MESSAGE][PASSED] - Text ****** has been set on object 'Object Repository/1412263_Page_Mattermost/input_All team communication in one place, _a3edc6'

2021-05-29 10:03:42 - [TEST_STEP][PASSED] - click(findTestObject("1412263_Page_Mattermost/button_Sign in")): Object: 'Object Repository/1412263_Page_Mattermost/button_Sign in' is clicked on

2021-05-29 10:03:43 - [MESSAGE][PASSED] - Object: 'Object Repository/1412263_Page_Mattermost/button_Sign in' is clicked on

2021-05-29 10:03:43 - [TEST_STEP][PASSED] - click(findTestObject("1412263_Page_Town Square - CNC_Nhom3 Mattermost/span")): Object: 'Object Repository/1412263_Page_Town Square - CNC_Nhom3 Mattermost/span' is clicked on

2021-05-29 10:03:47 - [MESSAGE][PASSED] - Object: 'Object Repository/1412263_Page_Town Square - CNC_Nhom3 Mattermost/span' is clicked on

2021-05-29 10:03:47 - [TEST_STEP][PASSED] - click(findTestObject("1412263_Page_Town Square - CNC_Nhom3 Mattermost/button_Account Settings")): Object: 'Object Repository/1412263_Page_Town Square - CNC_Nhom3 Mattermost/button_Account Settings' is clicked on

2021-05-29 10:03:48 - [MESSAGE][PASSED] - Object: 'Object Repository/1412263_Page_Town Square - CNC_Nhom3 Mattermost/button_Account Settings' is clicked on

2021-05-29 10:03:48 - [TEST_STEP][PASSED] - click(findTestObject("1412263_Page_Town Square - CNC_Nhom3 Mattermost/button_Security")): Object: 'Object Repository/1412263_Page_Town Square - CNC_Nhom3 Mattermost/button_Security' is clicked on

2021-05-29 10:03:49 - [MESSAGE][PASSED] - Object: 'Object Repository/1412263_Page_Town Square - CNC_Nhom3 Mattermost/button_Security' is clicked on

2021-05-29 10:03:49 - [TEST_STEP][PASSED] - for ([i = 1, i <= 5, (i++)]): null

2021-05-29 10:03:49 - [TEST_STEP][PASSED] - click(findTestObject("1412263_Page_Town Square - CNC_Nhom3 Mattermost/span_EditPassword")): Object: 'Object Repository/1412263_Page_Town Square - CNC_Nhom3 Mattermost/span_EditPassword' is clicked on

2021-05-29 10:03:49 - [MESSAGE][PASSED] - Object: 'Object Repository/1412263_Page_Town Square - CNC_Nhom3 Mattermost/span_EditPassword' is clicked on

2021-05-29 10:03:49 - [TEST_STEP][PASSED] - setEncryptedText(findTestObject("1412263_Page_Town Square - CNC_Nhom3 Mattermost/input_Current Password_currentPassword"), findTestData("1412263/Data TC2 UpdatePassword").getValue(1, i)): Text ****** has been set on object 'Object Repository/1412263_Page_Town Square - CNC_Nhom3 Mattermost/input_Current Password_currentPassword'

2021-05-29 10:03:50 - [MESSAGE][PASSED] - Text ****** has been set on object 'Object Repository/1412263_Page_Town Square - CNC_Nhom3 Mattermost/input_Current Password_currentPassword'

2021-05-29 10:03:50 - [TEST_STEP][PASSED] - setEncryptedText(findTestObject("1412263_Page_Town Square - CNC_Nhom3 Mattermost/input_New Password_newPassword"), findTestData("1412263/Data TC2 UpdatePassword").getValue(2, i)): Text ****** has been set on object 'Object Repository/1412263_Page_Town Square - CNC_Nhom3 Mattermost/input_New Password_newPassword'

2021-05-29 10:03:51 - [MESSAGE][PASSED] - Text ****** has been set on object 'Object Repository/1412263_Page_Town Square - CNC_Nhom3 Mattermost/input_New Password_newPassword'

2021-05-29 10:03:51 - [TEST_STEP][PASSED] - setEncryptedText(findTestObject("1412263_Page_Town Square - CNC_Nhom3 Mattermost/input_Retype New Password_confirmPassword"), findTestData("1412263/Data TC2 UpdatePassword").getValue(3, i)): Text ****** has been set on object 'Object Repository/1412263_Page_Town Square - CNC_Nhom3 Mattermost/input_Retype New Password_confirmPassword'

2021-05-29 10:03:52 - [MESSAGE][PASSED] - Text ****** has been set on object 'Object Repository/1412263_Page_Town Square - CNC_Nhom3 Mattermost/input_Retype New Password_confirmPassword'

2021-05-29 10:03:52 - [TEST_STEP][PASSED] - click(findTestObject("1412263_Page_Town Square - CNC_Nhom3 Mattermost/button_Save")): Object: 'Object Repository/1412263_Page_Town Square - CNC_Nhom3 Mattermost/button_Save' is clicked on

2021-05-29 10:03:52 - [MESSAGE][PASSED] - Object: 'Object Repository/1412263_Page_Town Square - CNC_Nhom3 Mattermost/button_Save' is clicked on

2021-05-29 10:03:52 - [TEST_STEP][PASSED] - Thread.sleep(2000): null

2021-05-29 10:03:54 - [TEST_STEP][PASSED] - click(findTestObject("1412263_Page_Town Square - CNC_Nhom3 Mattermost/span_EditPassword")): Object: 'Object Repository/1412263_Page_Town Square - CNC_Nhom3 Mattermost/span_EditPassword' is clicked on

2021-05-29 10:03:55 - [MESSAGE][PASSED] - Object: 'Object Repository/1412263_Page_Town Square - CNC_Nhom3 Mattermost/span_EditPassword' is clicked on

2021-05-29 10:03:55 - [TEST_STEP][PASSED] - setEncryptedText(findTestObject("1412263_Page_Town Square - CNC_Nhom3 Mattermost/input_Current Password_currentPassword"), findTestData("1412263/Data TC2 UpdatePassword").getValue(1, i)): Text ****** has been set on object 'Object Repository/1412263_Page_Town Square - CNC_Nhom3 Mattermost/input_Current Password_currentPassword'

2021-05-29 10:03:55 - [MESSAGE][PASSED] - Text ****** has been set on object 'Object Repository/1412263_Page_Town Square - CNC_Nhom3 Mattermost/input_Current Password_currentPassword'

2021-05-29 10:03:55 - [TEST_STEP][PASSED] - setEncryptedText(findTestObject("1412263_Page_Town Square - CNC_Nhom3 Mattermost/input_New Password_newPassword"), findTestData("1412263/Data TC2 UpdatePassword").getValue(2, i)): Text ****** has been set on object 'Object Repository/1412263_Page_Town Square - CNC_Nhom3 Mattermost/input_New Password_newPassword'

2021-05-29 10:03:56 - [MESSAGE][PASSED] - Text ****** has been set on object 'Object Repository/1412263_Page_Town Square - CNC_Nhom3 Mattermost/input_New Password_newPassword'

2021-05-29 10:03:56 - [TEST_STEP][PASSED] - setEncryptedText(findTestObject("1412263_Page_Town Square - CNC_Nhom3 Mattermost/input_Retype New Password_confirmPassword"), findTestData("1412263/Data TC2 UpdatePassword").getValue(3, i)): Text ****** has been set on object 'Object Repository/1412263_Page_Town Square - CNC_Nhom3 Mattermost/input_Retype New Password_confirmPassword'

2021-05-29 10:03:57 - [MESSAGE][PASSED] - Text ****** has been set on object 'Object Repository/1412263_Page_Town Square - CNC_Nhom3 Mattermost/input_Retype New Password_confirmPassword'

2021-05-29 10:03:57 - [TEST_STEP][PASSED] - click(findTestObject("1412263_Page_Town Square - CNC_Nhom3 Mattermost/button_Save")): Object: 'Object Repository/1412263_Page_Town Square - CNC_Nhom3 Mattermost/button_Save' is clicked on

2021-05-29 10:03:57 - [MESSAGE][PASSED] - Object: 'Object Repository/1412263_Page_Town Square - CNC_Nhom3 Mattermost/button_Save' is clicked on

2021-05-29 10:03:57 - [TEST_STEP][PASSED] - Thread.sleep(2000): null

2021-05-29 10:03:59 - [TEST_STEP][PASSED] - click(findTestObject("1412263_Page_Town Square - CNC_Nhom3 Mattermost/span_EditPassword")): Object: 'Object Repository/1412263_Page_Town Square - CNC_Nhom3 Mattermost/span_EditPassword' is clicked on

2021-05-29 10:04:00 - [MESSAGE][PASSED] - Object: 'Object Repository/1412263_Page_Town Square - CNC_Nhom3 Mattermost/span_EditPassword' is clicked on

2021-05-29 10:04:00 - [TEST_STEP][PASSED] - setEncryptedText(findTestObject("1412263_Page_Town Square - CNC_Nhom3 Mattermost/input_Current Password_currentPassword"), findTestData("1412263/Data TC2 UpdatePassword").getValue(1, i)): Text ****** has been set on object 'Object Repository/1412263_Page_Town Square - CNC_Nhom3 Mattermost/input_Current Password_currentPassword'

2021-05-29 10:04:00 - [MESSAGE][PASSED] - Text ****** has been set on object 'Object Repository/1412263_Page_Town Square - CNC_Nhom3 Mattermost/input_Current Password_currentPassword'

2021-05-29 10:04:00 - [TEST_STEP][PASSED] - setEncryptedText(findTestObject("1412263_Page_Town Square - CNC_Nhom3 Mattermost/input_New Password_newPassword"), findTestData("1412263/Data TC2 UpdatePassword").getValue(2, i)): Text ****** has been set on object 'Object Repository/1412263_Page_Town Square - CNC_Nhom3 Mattermost/input_New Password_newPassword'

2021-05-29 10:04:01 - [MESSAGE][PASSED] - Text ****** has been set on object 'Object Repository/1412263_Page_Town Square - CNC_Nhom3 Mattermost/input_New Password_newPassword'

2021-05-29 10:04:01 - [TEST_STEP][PASSED] - setEncryptedText(findTestObject("1412263_Page_Town Square - CNC_Nhom3 Mattermost/input_Retype New Password_confirmPassword"), findTestData("1412263/Data TC2 UpdatePassword").getValue(3, i)): Text ****** has been set on object 'Object Repository/1412263_Page_Town Square - CNC_Nhom3 Mattermost/input_Retype New Password_confirmPassword'

2021-05-29 10:04:02 - [MESSAGE][PASSED] - Text ****** has been set on object 'Object Repository/1412263_Page_Town Square - CNC_Nhom3 Mattermost/input_Retype New Password_confirmPassword'

2021-05-29 10:04:02 - [TEST_STEP][PASSED] - click(findTestObject("1412263_Page_Town Square - CNC_Nhom3 Mattermost/button_Save")): Object: 'Object Repository/1412263_Page_Town Square - CNC_Nhom3 Mattermost/button_Save' is clicked on

2021-05-29 10:04:03 - [MESSAGE][PASSED] - Object: 'Object Repository/1412263_Page_Town Square - CNC_Nhom3 Mattermost/button_Save' is clicked on

2021-05-29 10:04:03 - [TEST_STEP][PASSED] - Thread.sleep(2000): null

2021-05-29 10:04:05 - [TEST_STEP][PASSED] - click(findTestObject("1412263_Page_Town Square - CNC_Nhom3 Mattermost/span_EditPassword")): Object: 'Object Repository/1412263_Page_Town Square - CNC_Nhom3 Mattermost/span_EditPassword' is clicked on

2021-05-29 10:04:06 - [MESSAGE][PASSED] - Object: 'Object Repository/1412263_Page_Town Square - CNC_Nhom3 Mattermost/span_EditPassword' is clicked on

2021-05-29 10:04:06 - [TEST_STEP][PASSED] - setEncryptedText(findTestObject("1412263_Page_Town Square - CNC_Nhom3 Mattermost/input_Current Password_currentPassword"), findTestData("1412263/Data TC2 UpdatePassword").getValue(1, i)): Text ****** has been set on object 'Object Repository/1412263_Page_Town Square - CNC_Nhom3 Mattermost/input_Current Password_currentPassword'

2021-05-29 10:04:06 - [MESSAGE][PASSED] - Text ****** has been set on object 'Object Repository/1412263_Page_Town Square - CNC_Nhom3 Mattermost/input_Current Password_currentPassword'

2021-05-29 10:04:06 - [TEST_STEP][PASSED] - setEncryptedText(findTestObject("1412263_Page_Town Square - CNC_Nhom3 Mattermost/input_New Password_newPassword"), findTestData("1412263/Data TC2 UpdatePassword").getValue(2, i)): Text ****** has been set on object 'Object Repository/1412263_Page_Town Square - CNC_Nhom3 Mattermost/input_New Password_newPassword'

2021-05-29 10:04:07 - [MESSAGE][PASSED] - Text ****** has been set on object 'Object Repository/1412263_Page_Town Square - CNC_Nhom3 Mattermost/input_New Password_newPassword'

2021-05-29 10:04:07 - [TEST_STEP][PASSED] - setEncryptedText(findTestObject("1412263_Page_Town Square - CNC_Nhom3 Mattermost/input_Retype New Password_confirmPassword"), findTestData("1412263/Data TC2 UpdatePassword").getValue(3, i)): Text ****** has been set on object 'Object Repository/1412263_Page_Town Square - CNC_Nhom3 Mattermost/input_Retype New Password_confirmPassword'

2021-05-29 10:04:08 - [MESSAGE][PASSED] - Text ****** has been set on object 'Object Repository/1412263_Page_Town Square - CNC_Nhom3 Mattermost/input_Retype New Password_confirmPassword'

2021-05-29 10:04:08 - [TEST_STEP][PASSED] - click(findTestObject("1412263_Page_Town Square - CNC_Nhom3 Mattermost/button_Save")): Object: 'Object Repository/1412263_Page_Town Square - CNC_Nhom3 Mattermost/button_Save' is clicked on

2021-05-29 10:04:09 - [MESSAGE][PASSED] - Object: 'Object Repository/1412263_Page_Town Square - CNC_Nhom3 Mattermost/button_Save' is clicked on

2021-05-29 10:04:09 - [TEST_STEP][PASSED] - Thread.sleep(2000): null

2021-05-29 10:04:11 - [TEST_STEP][PASSED] - click(findTestObject("1412263_Page_Town Square - CNC_Nhom3 Mattermost/span_EditPassword")): Object: 'Object Repository/1412263_Page_Town Square - CNC_Nhom3 Mattermost/span_EditPassword' is clicked on

2021-05-29 10:04:11 - [MESSAGE][PASSED] - Object: 'Object Repository/1412263_Page_Town Square - CNC_Nhom3 Mattermost/span_EditPassword' is clicked on

2021-05-29 10:04:11 - [TEST_STEP][PASSED] - setEncryptedText(findTestObject("1412263_Page_Town Square - CNC_Nhom3 Mattermost/input_Current Password_currentPassword"), findTestData("1412263/Data TC2 UpdatePassword").getValue(1, i)): Text ****** has been set on object 'Object Repository/1412263_Page_Town Square - CNC_Nhom3 Mattermost/input_Current Password_currentPassword'

2021-05-29 10:04:12 - [MESSAGE][PASSED] - Text ****** has been set on object 'Object Repository/1412263_Page_Town Square - CNC_Nhom3 Mattermost/input_Current Password_currentPassword'

2021-05-29 10:04:12 - [TEST_STEP][PASSED] - setEncryptedText(findTestObject("1412263_Page_Town Square - CNC_Nhom3 Mattermost/input_New Password_newPassword"), findTestData("1412263/Data TC2 UpdatePassword").getValue(2, i)): Text ****** has been set on object 'Object Repository/1412263_Page_Town Square - CNC_Nhom3 Mattermost/input_New Password_newPassword'

2021-05-29 10:04:12 - [MESSAGE][PASSED] - Text ****** has been set on object 'Object Repository/1412263_Page_Town Square - CNC_Nhom3 Mattermost/input_New Password_newPassword'

2021-05-29 10:04:12 - [TEST_STEP][PASSED] - setEncryptedText(findTestObject("1412263_Page_Town Square - CNC_Nhom3 Mattermost/input_Retype New Password_confirmPassword"), findTestData("1412263/Data TC2 UpdatePassword").getValue(3, i)): Text ****** has been set on object 'Object Repository/1412263_Page_Town Square - CNC_Nhom3 Mattermost/input_Retype New Password_confirmPassword'

2021-05-29 10:04:13 - [MESSAGE][PASSED] - Text ****** has been set on object 'Object Repository/1412263_Page_Town Square - CNC_Nhom3 Mattermost/input_Retype New Password_confirmPassword'

2021-05-29 10:04:13 - [TEST_STEP][PASSED] - click(findTestObject("1412263_Page_Town Square - CNC_Nhom3 Mattermost/button_Save")): Object: 'Object Repository/1412263_Page_Town Square - CNC_Nhom3 Mattermost/button_Save' is clicked on

2021-05-29 10:04:13 - [MESSAGE][PASSED] - Object: 'Object Repository/1412263_Page_Town Square - CNC_Nhom3 Mattermost/button_Save' is clicked on

2021-05-29 10:04:13 - [TEST_STEP][PASSED] - Thread.sleep(2000): null

2021-05-29 10:04:15 - [TEST_STEP][PASSED] - click(findTestObject("1412263_Page_Town Square - CNC_Nhom3 Mattermost/span_")): Object: 'Object Repository/1412263_Page_Town Square - CNC_Nhom3 Mattermost/span_' is clicked on

2021-05-29 10:04:15 - [MESSAGE][PASSED] - Object: 'Object Repository/1412263_Page_Town Square - CNC_Nhom3 Mattermost/span_' is clicked on

2021-05-29 10:04:15 - [TEST_STEP][PASSED] - closeBrowser(): Browser is closed

2021-05-29 10:04:16 - [MESSAGE][PASSED] - Browser is closed]]></system-out>
         <system-err><![CDATA[]]></system-err>
      </testcase>
      <testcase name="Test Cases/1412263/TC03_UpdateFullName" time="44.56" classname="Test Cases/1412263/TC03_UpdateFullName" status="PASSED">
         <system-out><![CDATA[2021-05-29 10:04:16 - [TEST_CASE][PASSED] - Test Cases/1412263/TC03_UpdateFullName: Test Cases/1412263/TC03_UpdateFullName

2021-05-29 10:04:17 - [TEST_STEP][PASSED] - openBrowser(""): Browser is opened with url: ''

2021-05-29 10:04:17 - [MESSAGE][INFO] - Starting 'Chrome' driver

2021-05-29 10:04:17 - [MESSAGE][INFO] - Action delay is set to 0 milliseconds

2021-05-29 10:04:20 - [MESSAGE][PASSED] - Browser is opened with url: ''

2021-05-29 10:04:20 - [TEST_STEP][PASSED] - navigateToUrl("http://mattermostwebapp.herokuapp.com/"): Navigate to 'http://mattermostwebapp.herokuapp.com/' successfully

2021-05-29 10:04:23 - [MESSAGE][PASSED] - Navigate to 'http://mattermostwebapp.herokuapp.com/' successfully

2021-05-29 10:04:23 - [TEST_STEP][PASSED] - setText(findTestObject("1412263_Page_Mattermost/input_All team communication in one place, _dcc84b"), "huykhoi263"): Text 'huykhoi263' is set on object 'Object Repository/1412263_Page_Mattermost/input_All team communication in one place, _dcc84b'

2021-05-29 10:04:29 - [MESSAGE][PASSED] - Text 'huykhoi263' is set on object 'Object Repository/1412263_Page_Mattermost/input_All team communication in one place, _dcc84b'

2021-05-29 10:04:29 - [TEST_STEP][PASSED] - setEncryptedText(findTestObject("1412263_Page_Mattermost/input_All team communication in one place, _a3edc6"), "o1rBehR+FzY2ClyWuSUtzg=="): Text ****** has been set on object 'Object Repository/1412263_Page_Mattermost/input_All team communication in one place, _a3edc6'

2021-05-29 10:04:29 - [MESSAGE][PASSED] - Text ****** has been set on object 'Object Repository/1412263_Page_Mattermost/input_All team communication in one place, _a3edc6'

2021-05-29 10:04:29 - [TEST_STEP][PASSED] - click(findTestObject("1412263_Page_Mattermost/button_Sign in")): Object: 'Object Repository/1412263_Page_Mattermost/button_Sign in' is clicked on

2021-05-29 10:04:30 - [MESSAGE][PASSED] - Object: 'Object Repository/1412263_Page_Mattermost/button_Sign in' is clicked on

2021-05-29 10:04:30 - [TEST_STEP][PASSED] - click(findTestObject("1412263_Page_Town Square - CNC_Nhom3 Mattermost/span")): Object: 'Object Repository/1412263_Page_Town Square - CNC_Nhom3 Mattermost/span' is clicked on

2021-05-29 10:04:35 - [MESSAGE][PASSED] - Object: 'Object Repository/1412263_Page_Town Square - CNC_Nhom3 Mattermost/span' is clicked on

2021-05-29 10:04:35 - [TEST_STEP][PASSED] - click(findTestObject("1412263_Page_Town Square - CNC_Nhom3 Mattermost/button_Account Settings")): Object: 'Object Repository/1412263_Page_Town Square - CNC_Nhom3 Mattermost/button_Account Settings' is clicked on

2021-05-29 10:04:36 - [MESSAGE][PASSED] - Object: 'Object Repository/1412263_Page_Town Square - CNC_Nhom3 Mattermost/button_Account Settings' is clicked on

2021-05-29 10:04:36 - [TEST_STEP][PASSED] - for ([i = 1, i <= 5, (i++)]): null

2021-05-29 10:04:36 - [TEST_STEP][PASSED] - click(findTestObject("1412263_Page_Town Square - CNC_Nhom3 Mattermost/span_EditFullname")): Object: 'Object Repository/1412263_Page_Town Square - CNC_Nhom3 Mattermost/span_EditFullname' is clicked on

2021-05-29 10:04:36 - [MESSAGE][PASSED] - Object: 'Object Repository/1412263_Page_Town Square - CNC_Nhom3 Mattermost/span_EditFullname' is clicked on

2021-05-29 10:04:36 - [TEST_STEP][PASSED] - setText(findTestObject("1412263_Page_Town Square - CNC_Nhom3 Mattermost/input_First Name_firstName"), findTestData("1412263/Data TC3 UpdateFullName").getValue(1, i)): Text 'Nguyen' is set on object 'Object Repository/1412263_Page_Town Square - CNC_Nhom3 Mattermost/input_First Name_firstName'

2021-05-29 10:04:37 - [MESSAGE][PASSED] - Text 'Nguyen' is set on object 'Object Repository/1412263_Page_Town Square - CNC_Nhom3 Mattermost/input_First Name_firstName'

2021-05-29 10:04:37 - [TEST_STEP][PASSED] - setText(findTestObject("1412263_Page_Town Square - CNC_Nhom3 Mattermost/input_Last Name_lastName"), findTestData("1412263/Data TC3 UpdateFullName").getValue(2, i)): Text 'Huy Khoi' is set on object 'Object Repository/1412263_Page_Town Square - CNC_Nhom3 Mattermost/input_Last Name_lastName'

2021-05-29 10:04:38 - [MESSAGE][PASSED] - Text 'Huy Khoi' is set on object 'Object Repository/1412263_Page_Town Square - CNC_Nhom3 Mattermost/input_Last Name_lastName'

2021-05-29 10:04:38 - [TEST_STEP][PASSED] - click(findTestObject("1412263_Page_Town Square - CNC_Nhom3 Mattermost/span_Save")): Object: 'Object Repository/1412263_Page_Town Square - CNC_Nhom3 Mattermost/span_Save' is clicked on

2021-05-29 10:04:39 - [MESSAGE][PASSED] - Object: 'Object Repository/1412263_Page_Town Square - CNC_Nhom3 Mattermost/span_Save' is clicked on

2021-05-29 10:04:39 - [TEST_STEP][PASSED] - Thread.sleep(2000): null

2021-05-29 10:04:41 - [TEST_STEP][PASSED] - click(findTestObject("1412263_Page_Town Square - CNC_Nhom3 Mattermost/span_EditFullname")): Object: 'Object Repository/1412263_Page_Town Square - CNC_Nhom3 Mattermost/span_EditFullname' is clicked on

2021-05-29 10:04:41 - [MESSAGE][PASSED] - Object: 'Object Repository/1412263_Page_Town Square - CNC_Nhom3 Mattermost/span_EditFullname' is clicked on

2021-05-29 10:04:41 - [TEST_STEP][PASSED] - setText(findTestObject("1412263_Page_Town Square - CNC_Nhom3 Mattermost/input_First Name_firstName"), findTestData("1412263/Data TC3 UpdateFullName").getValue(1, i)): Text 'Tran' is set on object 'Object Repository/1412263_Page_Town Square - CNC_Nhom3 Mattermost/input_First Name_firstName'

2021-05-29 10:04:42 - [MESSAGE][PASSED] - Text 'Tran' is set on object 'Object Repository/1412263_Page_Town Square - CNC_Nhom3 Mattermost/input_First Name_firstName'

2021-05-29 10:04:42 - [TEST_STEP][PASSED] - setText(findTestObject("1412263_Page_Town Square - CNC_Nhom3 Mattermost/input_Last Name_lastName"), findTestData("1412263/Data TC3 UpdateFullName").getValue(2, i)): Text 'Van A' is set on object 'Object Repository/1412263_Page_Town Square - CNC_Nhom3 Mattermost/input_Last Name_lastName'

2021-05-29 10:04:43 - [MESSAGE][PASSED] - Text 'Van A' is set on object 'Object Repository/1412263_Page_Town Square - CNC_Nhom3 Mattermost/input_Last Name_lastName'

2021-05-29 10:04:43 - [TEST_STEP][PASSED] - click(findTestObject("1412263_Page_Town Square - CNC_Nhom3 Mattermost/span_Save")): Object: 'Object Repository/1412263_Page_Town Square - CNC_Nhom3 Mattermost/span_Save' is clicked on

2021-05-29 10:04:43 - [MESSAGE][PASSED] - Object: 'Object Repository/1412263_Page_Town Square - CNC_Nhom3 Mattermost/span_Save' is clicked on

2021-05-29 10:04:43 - [TEST_STEP][PASSED] - Thread.sleep(2000): null

2021-05-29 10:04:45 - [TEST_STEP][PASSED] - click(findTestObject("1412263_Page_Town Square - CNC_Nhom3 Mattermost/span_EditFullname")): Object: 'Object Repository/1412263_Page_Town Square - CNC_Nhom3 Mattermost/span_EditFullname' is clicked on

2021-05-29 10:04:46 - [MESSAGE][PASSED] - Object: 'Object Repository/1412263_Page_Town Square - CNC_Nhom3 Mattermost/span_EditFullname' is clicked on

2021-05-29 10:04:46 - [TEST_STEP][PASSED] - setText(findTestObject("1412263_Page_Town Square - CNC_Nhom3 Mattermost/input_First Name_firstName"), findTestData("1412263/Data TC3 UpdateFullName").getValue(1, i)): Text 'Nguyen' is set on object 'Object Repository/1412263_Page_Town Square - CNC_Nhom3 Mattermost/input_First Name_firstName'

2021-05-29 10:04:47 - [MESSAGE][PASSED] - Text 'Nguyen' is set on object 'Object Repository/1412263_Page_Town Square - CNC_Nhom3 Mattermost/input_First Name_firstName'

2021-05-29 10:04:47 - [TEST_STEP][PASSED] - setText(findTestObject("1412263_Page_Town Square - CNC_Nhom3 Mattermost/input_Last Name_lastName"), findTestData("1412263/Data TC3 UpdateFullName").getValue(2, i)): Text 'Thi B' is set on object 'Object Repository/1412263_Page_Town Square - CNC_Nhom3 Mattermost/input_Last Name_lastName'

2021-05-29 10:04:48 - [MESSAGE][PASSED] - Text 'Thi B' is set on object 'Object Repository/1412263_Page_Town Square - CNC_Nhom3 Mattermost/input_Last Name_lastName'

2021-05-29 10:04:48 - [TEST_STEP][PASSED] - click(findTestObject("1412263_Page_Town Square - CNC_Nhom3 Mattermost/span_Save")): Object: 'Object Repository/1412263_Page_Town Square - CNC_Nhom3 Mattermost/span_Save' is clicked on

2021-05-29 10:04:48 - [MESSAGE][PASSED] - Object: 'Object Repository/1412263_Page_Town Square - CNC_Nhom3 Mattermost/span_Save' is clicked on

2021-05-29 10:04:48 - [TEST_STEP][PASSED] - Thread.sleep(2000): null

2021-05-29 10:04:50 - [TEST_STEP][PASSED] - click(findTestObject("1412263_Page_Town Square - CNC_Nhom3 Mattermost/span_EditFullname")): Object: 'Object Repository/1412263_Page_Town Square - CNC_Nhom3 Mattermost/span_EditFullname' is clicked on

2021-05-29 10:04:50 - [MESSAGE][PASSED] - Object: 'Object Repository/1412263_Page_Town Square - CNC_Nhom3 Mattermost/span_EditFullname' is clicked on

2021-05-29 10:04:51 - [TEST_STEP][PASSED] - setText(findTestObject("1412263_Page_Town Square - CNC_Nhom3 Mattermost/input_First Name_firstName"), findTestData("1412263/Data TC3 UpdateFullName").getValue(1, i)): Text 'ABC' is set on object 'Object Repository/1412263_Page_Town Square - CNC_Nhom3 Mattermost/input_First Name_firstName'

2021-05-29 10:04:51 - [MESSAGE][PASSED] - Text 'ABC' is set on object 'Object Repository/1412263_Page_Town Square - CNC_Nhom3 Mattermost/input_First Name_firstName'

2021-05-29 10:04:51 - [TEST_STEP][PASSED] - setText(findTestObject("1412263_Page_Town Square - CNC_Nhom3 Mattermost/input_Last Name_lastName"), findTestData("1412263/Data TC3 UpdateFullName").getValue(2, i)): Text '346$%%$&><>Z?' is set on object 'Object Repository/1412263_Page_Town Square - CNC_Nhom3 Mattermost/input_Last Name_lastName'

2021-05-29 10:04:52 - [MESSAGE][PASSED] - Text '346$%%$&><>Z?' is set on object 'Object Repository/1412263_Page_Town Square - CNC_Nhom3 Mattermost/input_Last Name_lastName'

2021-05-29 10:04:52 - [TEST_STEP][PASSED] - click(findTestObject("1412263_Page_Town Square - CNC_Nhom3 Mattermost/span_Save")): Object: 'Object Repository/1412263_Page_Town Square - CNC_Nhom3 Mattermost/span_Save' is clicked on

2021-05-29 10:04:53 - [MESSAGE][PASSED] - Object: 'Object Repository/1412263_Page_Town Square - CNC_Nhom3 Mattermost/span_Save' is clicked on

2021-05-29 10:04:53 - [TEST_STEP][PASSED] - Thread.sleep(2000): null

2021-05-29 10:04:55 - [TEST_STEP][PASSED] - click(findTestObject("1412263_Page_Town Square - CNC_Nhom3 Mattermost/span_EditFullname")): Object: 'Object Repository/1412263_Page_Town Square - CNC_Nhom3 Mattermost/span_EditFullname' is clicked on

2021-05-29 10:04:55 - [MESSAGE][PASSED] - Object: 'Object Repository/1412263_Page_Town Square - CNC_Nhom3 Mattermost/span_EditFullname' is clicked on

2021-05-29 10:04:55 - [TEST_STEP][PASSED] - setText(findTestObject("1412263_Page_Town Square - CNC_Nhom3 Mattermost/input_First Name_firstName"), findTestData("1412263/Data TC3 UpdateFullName").getValue(1, i)): Text 'Huy Khoi' is set on object 'Object Repository/1412263_Page_Town Square - CNC_Nhom3 Mattermost/input_First Name_firstName'

2021-05-29 10:04:56 - [MESSAGE][PASSED] - Text 'Huy Khoi' is set on object 'Object Repository/1412263_Page_Town Square - CNC_Nhom3 Mattermost/input_First Name_firstName'

2021-05-29 10:04:56 - [TEST_STEP][PASSED] - setText(findTestObject("1412263_Page_Town Square - CNC_Nhom3 Mattermost/input_Last Name_lastName"), findTestData("1412263/Data TC3 UpdateFullName").getValue(2, i)): Text 'Nguyen' is set on object 'Object Repository/1412263_Page_Town Square - CNC_Nhom3 Mattermost/input_Last Name_lastName'

2021-05-29 10:04:57 - [MESSAGE][PASSED] - Text 'Nguyen' is set on object 'Object Repository/1412263_Page_Town Square - CNC_Nhom3 Mattermost/input_Last Name_lastName'

2021-05-29 10:04:57 - [TEST_STEP][PASSED] - click(findTestObject("1412263_Page_Town Square - CNC_Nhom3 Mattermost/span_Save")): Object: 'Object Repository/1412263_Page_Town Square - CNC_Nhom3 Mattermost/span_Save' is clicked on

2021-05-29 10:04:57 - [MESSAGE][PASSED] - Object: 'Object Repository/1412263_Page_Town Square - CNC_Nhom3 Mattermost/span_Save' is clicked on

2021-05-29 10:04:57 - [TEST_STEP][PASSED] - Thread.sleep(2000): null

2021-05-29 10:04:59 - [TEST_STEP][PASSED] - click(findTestObject("1412263_Page_Town Square - CNC_Nhom3 Mattermost/span_")): Object: 'Object Repository/1412263_Page_Town Square - CNC_Nhom3 Mattermost/span_' is clicked on

2021-05-29 10:05:00 - [MESSAGE][PASSED] - Object: 'Object Repository/1412263_Page_Town Square - CNC_Nhom3 Mattermost/span_' is clicked on

2021-05-29 10:05:00 - [TEST_STEP][PASSED] - closeBrowser(): Browser is closed

2021-05-29 10:05:01 - [MESSAGE][PASSED] - Browser is closed]]></system-out>
         <system-err><![CDATA[]]></system-err>
      </testcase>
      <testcase name="Test Cases/1412263/TC04_UpdateNickname" time="34.503" classname="Test Cases/1412263/TC04_UpdateNickname" status="PASSED">
         <system-out><![CDATA[2021-05-29 10:05:01 - [TEST_CASE][PASSED] - Test Cases/1412263/TC04_UpdateNickname: Test Cases/1412263/TC04_UpdateNickname

2021-05-29 10:05:02 - [TEST_STEP][PASSED] - openBrowser(""): Browser is opened with url: ''

2021-05-29 10:05:02 - [MESSAGE][INFO] - Starting 'Chrome' driver

2021-05-29 10:05:02 - [MESSAGE][INFO] - Action delay is set to 0 milliseconds

2021-05-29 10:05:04 - [MESSAGE][PASSED] - Browser is opened with url: ''

2021-05-29 10:05:04 - [TEST_STEP][PASSED] - navigateToUrl("http://mattermostwebapp.herokuapp.com/"): Navigate to 'http://mattermostwebapp.herokuapp.com/' successfully

2021-05-29 10:05:07 - [MESSAGE][PASSED] - Navigate to 'http://mattermostwebapp.herokuapp.com/' successfully

2021-05-29 10:05:07 - [TEST_STEP][PASSED] - setText(findTestObject("1412263_Page_Mattermost/input_All team communication in one place, _dcc84b"), "huykhoi263"): Text 'huykhoi263' is set on object 'Object Repository/1412263_Page_Mattermost/input_All team communication in one place, _dcc84b'

2021-05-29 10:05:12 - [MESSAGE][PASSED] - Text 'huykhoi263' is set on object 'Object Repository/1412263_Page_Mattermost/input_All team communication in one place, _dcc84b'

2021-05-29 10:05:12 - [TEST_STEP][PASSED] - setEncryptedText(findTestObject("1412263_Page_Mattermost/input_All team communication in one place, _a3edc6"), "o1rBehR+FzY2ClyWuSUtzg=="): Text ****** has been set on object 'Object Repository/1412263_Page_Mattermost/input_All team communication in one place, _a3edc6'

2021-05-29 10:05:13 - [MESSAGE][PASSED] - Text ****** has been set on object 'Object Repository/1412263_Page_Mattermost/input_All team communication in one place, _a3edc6'

2021-05-29 10:05:13 - [TEST_STEP][PASSED] - click(findTestObject("1412263_Page_Mattermost/button_Sign in")): Object: 'Object Repository/1412263_Page_Mattermost/button_Sign in' is clicked on

2021-05-29 10:05:13 - [MESSAGE][PASSED] - Object: 'Object Repository/1412263_Page_Mattermost/button_Sign in' is clicked on

2021-05-29 10:05:13 - [TEST_STEP][PASSED] - click(findTestObject("1412263_Page_Town Square - CNC_Nhom3 Mattermost/path")): Object: 'Object Repository/1412263_Page_Town Square - CNC_Nhom3 Mattermost/path' is clicked on

2021-05-29 10:05:19 - [MESSAGE][PASSED] - Object: 'Object Repository/1412263_Page_Town Square - CNC_Nhom3 Mattermost/path' is clicked on

2021-05-29 10:05:19 - [TEST_STEP][PASSED] - click(findTestObject("1412263_Page_Town Square - CNC_Nhom3 Mattermost/span_Account Settings")): Object: 'Object Repository/1412263_Page_Town Square - CNC_Nhom3 Mattermost/span_Account Settings' is clicked on

2021-05-29 10:05:20 - [MESSAGE][PASSED] - Object: 'Object Repository/1412263_Page_Town Square - CNC_Nhom3 Mattermost/span_Account Settings' is clicked on

2021-05-29 10:05:20 - [TEST_STEP][PASSED] - for ([i = 1, i <= 5, (i++)]): Object: 'Object Repository/1412263_Page_Town Square - CNC_Nhom3 Mattermost/span_Save' is clicked on

2021-05-29 10:05:20 - [TEST_STEP][PASSED] - click(findTestObject("1412263_Page_Town Square - CNC_Nhom3 Mattermost/span_EditNickname")): Object: 'Object Repository/1412263_Page_Town Square - CNC_Nhom3 Mattermost/span_EditNickname' is clicked on

2021-05-29 10:05:20 - [MESSAGE][PASSED] - Object: 'Object Repository/1412263_Page_Town Square - CNC_Nhom3 Mattermost/span_EditNickname' is clicked on

2021-05-29 10:05:20 - [TEST_STEP][PASSED] - setText(findTestObject("1412263_Page_Town Square - CNC_Nhom3 Mattermost/input_Nickname_nickname"), findTestData("1412263/Data TC3 UpdateFullName").getValue(2, i)): Text 'Huy Khoi' is set on object 'Object Repository/1412263_Page_Town Square - CNC_Nhom3 Mattermost/input_Nickname_nickname'

2021-05-29 10:05:21 - [MESSAGE][PASSED] - Text 'Huy Khoi' is set on object 'Object Repository/1412263_Page_Town Square - CNC_Nhom3 Mattermost/input_Nickname_nickname'

2021-05-29 10:05:21 - [TEST_STEP][PASSED] - click(findTestObject("1412263_Page_Town Square - CNC_Nhom3 Mattermost/span_Save")): Object: 'Object Repository/1412263_Page_Town Square - CNC_Nhom3 Mattermost/span_Save' is clicked on

2021-05-29 10:05:22 - [MESSAGE][PASSED] - Object: 'Object Repository/1412263_Page_Town Square - CNC_Nhom3 Mattermost/span_Save' is clicked on

2021-05-29 10:05:22 - [TEST_STEP][PASSED] - click(findTestObject("1412263_Page_Town Square - CNC_Nhom3 Mattermost/span_EditNickname")): Object: 'Object Repository/1412263_Page_Town Square - CNC_Nhom3 Mattermost/span_EditNickname' is clicked on

2021-05-29 10:05:23 - [MESSAGE][PASSED] - Object: 'Object Repository/1412263_Page_Town Square - CNC_Nhom3 Mattermost/span_EditNickname' is clicked on

2021-05-29 10:05:23 - [TEST_STEP][PASSED] - setText(findTestObject("1412263_Page_Town Square - CNC_Nhom3 Mattermost/input_Nickname_nickname"), findTestData("1412263/Data TC3 UpdateFullName").getValue(2, i)): Text 'Van A' is set on object 'Object Repository/1412263_Page_Town Square - CNC_Nhom3 Mattermost/input_Nickname_nickname'

2021-05-29 10:05:24 - [MESSAGE][PASSED] - Text 'Van A' is set on object 'Object Repository/1412263_Page_Town Square - CNC_Nhom3 Mattermost/input_Nickname_nickname'

2021-05-29 10:05:24 - [TEST_STEP][PASSED] - click(findTestObject("1412263_Page_Town Square - CNC_Nhom3 Mattermost/span_Save")): Object: 'Object Repository/1412263_Page_Town Square - CNC_Nhom3 Mattermost/span_Save' is clicked on

2021-05-29 10:05:25 - [MESSAGE][PASSED] - Object: 'Object Repository/1412263_Page_Town Square - CNC_Nhom3 Mattermost/span_Save' is clicked on

2021-05-29 10:05:25 - [TEST_STEP][PASSED] - click(findTestObject("1412263_Page_Town Square - CNC_Nhom3 Mattermost/span_EditNickname")): Object: 'Object Repository/1412263_Page_Town Square - CNC_Nhom3 Mattermost/span_EditNickname' is clicked on

2021-05-29 10:05:26 - [MESSAGE][PASSED] - Object: 'Object Repository/1412263_Page_Town Square - CNC_Nhom3 Mattermost/span_EditNickname' is clicked on

2021-05-29 10:05:26 - [TEST_STEP][PASSED] - setText(findTestObject("1412263_Page_Town Square - CNC_Nhom3 Mattermost/input_Nickname_nickname"), findTestData("1412263/Data TC3 UpdateFullName").getValue(2, i)): Text 'Thi B' is set on object 'Object Repository/1412263_Page_Town Square - CNC_Nhom3 Mattermost/input_Nickname_nickname'

2021-05-29 10:05:27 - [MESSAGE][PASSED] - Text 'Thi B' is set on object 'Object Repository/1412263_Page_Town Square - CNC_Nhom3 Mattermost/input_Nickname_nickname'

2021-05-29 10:05:27 - [TEST_STEP][PASSED] - click(findTestObject("1412263_Page_Town Square - CNC_Nhom3 Mattermost/span_Save")): Object: 'Object Repository/1412263_Page_Town Square - CNC_Nhom3 Mattermost/span_Save' is clicked on

2021-05-29 10:05:28 - [MESSAGE][PASSED] - Object: 'Object Repository/1412263_Page_Town Square - CNC_Nhom3 Mattermost/span_Save' is clicked on

2021-05-29 10:05:28 - [TEST_STEP][PASSED] - click(findTestObject("1412263_Page_Town Square - CNC_Nhom3 Mattermost/span_EditNickname")): Object: 'Object Repository/1412263_Page_Town Square - CNC_Nhom3 Mattermost/span_EditNickname' is clicked on

2021-05-29 10:05:29 - [MESSAGE][PASSED] - Object: 'Object Repository/1412263_Page_Town Square - CNC_Nhom3 Mattermost/span_EditNickname' is clicked on

2021-05-29 10:05:29 - [TEST_STEP][PASSED] - setText(findTestObject("1412263_Page_Town Square - CNC_Nhom3 Mattermost/input_Nickname_nickname"), findTestData("1412263/Data TC3 UpdateFullName").getValue(2, i)): Text '346$%%$&><>Z?' is set on object 'Object Repository/1412263_Page_Town Square - CNC_Nhom3 Mattermost/input_Nickname_nickname'

2021-05-29 10:05:30 - [MESSAGE][PASSED] - Text '346$%%$&><>Z?' is set on object 'Object Repository/1412263_Page_Town Square - CNC_Nhom3 Mattermost/input_Nickname_nickname'

2021-05-29 10:05:30 - [TEST_STEP][PASSED] - click(findTestObject("1412263_Page_Town Square - CNC_Nhom3 Mattermost/span_Save")): Object: 'Object Repository/1412263_Page_Town Square - CNC_Nhom3 Mattermost/span_Save' is clicked on

2021-05-29 10:05:30 - [MESSAGE][PASSED] - Object: 'Object Repository/1412263_Page_Town Square - CNC_Nhom3 Mattermost/span_Save' is clicked on

2021-05-29 10:05:30 - [TEST_STEP][PASSED] - click(findTestObject("1412263_Page_Town Square - CNC_Nhom3 Mattermost/span_EditNickname")): Object: 'Object Repository/1412263_Page_Town Square - CNC_Nhom3 Mattermost/span_EditNickname' is clicked on

2021-05-29 10:05:32 - [MESSAGE][PASSED] - Object: 'Object Repository/1412263_Page_Town Square - CNC_Nhom3 Mattermost/span_EditNickname' is clicked on

2021-05-29 10:05:32 - [TEST_STEP][PASSED] - setText(findTestObject("1412263_Page_Town Square - CNC_Nhom3 Mattermost/input_Nickname_nickname"), findTestData("1412263/Data TC3 UpdateFullName").getValue(2, i)): Text 'Nguyen' is set on object 'Object Repository/1412263_Page_Town Square - CNC_Nhom3 Mattermost/input_Nickname_nickname'

2021-05-29 10:05:33 - [MESSAGE][PASSED] - Text 'Nguyen' is set on object 'Object Repository/1412263_Page_Town Square - CNC_Nhom3 Mattermost/input_Nickname_nickname'

2021-05-29 10:05:33 - [TEST_STEP][PASSED] - click(findTestObject("1412263_Page_Town Square - CNC_Nhom3 Mattermost/span_Save")): Object: 'Object Repository/1412263_Page_Town Square - CNC_Nhom3 Mattermost/span_Save' is clicked on

2021-05-29 10:05:33 - [MESSAGE][PASSED] - Object: 'Object Repository/1412263_Page_Town Square - CNC_Nhom3 Mattermost/span_Save' is clicked on

2021-05-29 10:05:33 - [TEST_STEP][PASSED] - click(findTestObject("1412263_Page_Town Square - CNC_Nhom3 Mattermost/span_")): Object: 'Object Repository/1412263_Page_Town Square - CNC_Nhom3 Mattermost/span_' is clicked on

2021-05-29 10:05:34 - [MESSAGE][PASSED] - Object: 'Object Repository/1412263_Page_Town Square - CNC_Nhom3 Mattermost/span_' is clicked on

2021-05-29 10:05:34 - [TEST_STEP][PASSED] - closeBrowser(): Browser is closed

2021-05-29 10:05:35 - [MESSAGE][PASSED] - Browser is closed]]></system-out>
         <system-err><![CDATA[]]></system-err>
      </testcase>
      <testcase name="Test Cases/1412263/TC05_UpdateUsername" time="28.187" classname="Test Cases/1412263/TC05_UpdateUsername" status="PASSED">
         <system-out><![CDATA[2021-05-29 10:05:35 - [TEST_CASE][PASSED] - Test Cases/1412263/TC05_UpdateUsername: Test Cases/1412263/TC05_UpdateUsername

2021-05-29 10:05:36 - [TEST_STEP][PASSED] - openBrowser(""): Browser is opened with url: ''

2021-05-29 10:05:36 - [MESSAGE][INFO] - Starting 'Chrome' driver

2021-05-29 10:05:36 - [MESSAGE][INFO] - Action delay is set to 0 milliseconds

2021-05-29 10:05:38 - [MESSAGE][PASSED] - Browser is opened with url: ''

2021-05-29 10:05:38 - [TEST_STEP][PASSED] - navigateToUrl("http://mattermostwebapp.herokuapp.com/"): Navigate to 'http://mattermostwebapp.herokuapp.com/' successfully

2021-05-29 10:05:45 - [MESSAGE][PASSED] - Navigate to 'http://mattermostwebapp.herokuapp.com/' successfully

2021-05-29 10:05:45 - [TEST_STEP][PASSED] - setText(findTestObject("1412263_Page_Mattermost/input_All team communication in one place, _dcc84b"), "huykhoi263"): Text 'huykhoi263' is set on object 'Object Repository/1412263_Page_Mattermost/input_All team communication in one place, _dcc84b'

2021-05-29 10:05:50 - [MESSAGE][PASSED] - Text 'huykhoi263' is set on object 'Object Repository/1412263_Page_Mattermost/input_All team communication in one place, _dcc84b'

2021-05-29 10:05:50 - [TEST_STEP][PASSED] - setEncryptedText(findTestObject("1412263_Page_Mattermost/input_All team communication in one place, _a3edc6"), "o1rBehR+FzY2ClyWuSUtzg=="): Text ****** has been set on object 'Object Repository/1412263_Page_Mattermost/input_All team communication in one place, _a3edc6'

2021-05-29 10:05:51 - [MESSAGE][PASSED] - Text ****** has been set on object 'Object Repository/1412263_Page_Mattermost/input_All team communication in one place, _a3edc6'

2021-05-29 10:05:51 - [TEST_STEP][PASSED] - click(findTestObject("1412263_Page_Mattermost/span_Sign in")): Object: 'Object Repository/1412263_Page_Mattermost/span_Sign in' is clicked on

2021-05-29 10:05:52 - [MESSAGE][PASSED] - Object: 'Object Repository/1412263_Page_Mattermost/span_Sign in' is clicked on

2021-05-29 10:05:52 - [TEST_STEP][PASSED] - click(findTestObject("1412263_Page_Town Square - CNC_Nhom3 Mattermost/span")): Object: 'Object Repository/1412263_Page_Town Square - CNC_Nhom3 Mattermost/span' is clicked on

2021-05-29 10:05:57 - [MESSAGE][PASSED] - Object: 'Object Repository/1412263_Page_Town Square - CNC_Nhom3 Mattermost/span' is clicked on

2021-05-29 10:05:57 - [TEST_STEP][PASSED] - click(findTestObject("1412263_Page_Town Square - CNC_Nhom3 Mattermost/button_Account Settings")): Object: 'Object Repository/1412263_Page_Town Square - CNC_Nhom3 Mattermost/button_Account Settings' is clicked on

2021-05-29 10:05:58 - [MESSAGE][PASSED] - Object: 'Object Repository/1412263_Page_Town Square - CNC_Nhom3 Mattermost/button_Account Settings' is clicked on

2021-05-29 10:05:58 - [TEST_STEP][PASSED] - click(findTestObject("1412263_Page_Town Square - CNC_Nhom3 Mattermost/span_EditUsername")): Object: 'Object Repository/1412263_Page_Town Square - CNC_Nhom3 Mattermost/span_EditUsername' is clicked on

2021-05-29 10:05:59 - [MESSAGE][PASSED] - Object: 'Object Repository/1412263_Page_Town Square - CNC_Nhom3 Mattermost/span_EditUsername' is clicked on

2021-05-29 10:05:59 - [TEST_STEP][PASSED] - setText(findTestObject("1412263_Page_Town Square - CNC_Nhom3 Mattermost/input_Username_username"), "huykhoi263"): Text 'huykhoi263' is set on object 'Object Repository/1412263_Page_Town Square - CNC_Nhom3 Mattermost/input_Username_username'

2021-05-29 10:06:00 - [MESSAGE][PASSED] - Text 'huykhoi263' is set on object 'Object Repository/1412263_Page_Town Square - CNC_Nhom3 Mattermost/input_Username_username'

2021-05-29 10:06:00 - [TEST_STEP][PASSED] - click(findTestObject("1412263_Page_Town Square - CNC_Nhom3 Mattermost/button_Save")): Object: 'Object Repository/1412263_Page_Town Square - CNC_Nhom3 Mattermost/button_Save' is clicked on

2021-05-29 10:06:01 - [MESSAGE][PASSED] - Object: 'Object Repository/1412263_Page_Town Square - CNC_Nhom3 Mattermost/button_Save' is clicked on

2021-05-29 10:06:01 - [TEST_STEP][PASSED] - click(findTestObject("1412263_Page_Town Square - CNC_Nhom3 Mattermost/span_")): Object: 'Object Repository/1412263_Page_Town Square - CNC_Nhom3 Mattermost/span_' is clicked on

2021-05-29 10:06:01 - [MESSAGE][PASSED] - Object: 'Object Repository/1412263_Page_Town Square - CNC_Nhom3 Mattermost/span_' is clicked on

2021-05-29 10:06:01 - [TEST_STEP][PASSED] - closeBrowser(): Browser is closed

2021-05-29 10:06:04 - [MESSAGE][PASSED] - Browser is closed]]></system-out>
         <system-err><![CDATA[]]></system-err>
      </testcase>
      <testcase name="Test Cases/1412263/TC06_UpdatePosition" time="23.467" classname="Test Cases/1412263/TC06_UpdatePosition" status="PASSED">
         <system-out><![CDATA[2021-05-29 10:06:04 - [TEST_CASE][PASSED] - Test Cases/1412263/TC06_UpdatePosition: Test Cases/1412263/TC06_UpdatePosition

2021-05-29 10:06:05 - [TEST_STEP][PASSED] - openBrowser(""): Browser is opened with url: ''

2021-05-29 10:06:05 - [MESSAGE][INFO] - Starting 'Chrome' driver

2021-05-29 10:06:05 - [MESSAGE][INFO] - Action delay is set to 0 milliseconds

2021-05-29 10:06:07 - [MESSAGE][PASSED] - Browser is opened with url: ''

2021-05-29 10:06:07 - [TEST_STEP][PASSED] - navigateToUrl("http://mattermostwebapp.herokuapp.com/"): Navigate to 'http://mattermostwebapp.herokuapp.com/' successfully

2021-05-29 10:06:11 - [MESSAGE][PASSED] - Navigate to 'http://mattermostwebapp.herokuapp.com/' successfully

2021-05-29 10:06:11 - [TEST_STEP][PASSED] - setText(findTestObject("1412263_Page_Mattermost/input_All team communication in one place, _dcc84b"), "huykhoi263"): Text 'huykhoi263' is set on object 'Object Repository/1412263_Page_Mattermost/input_All team communication in one place, _dcc84b'

2021-05-29 10:06:16 - [MESSAGE][PASSED] - Text 'huykhoi263' is set on object 'Object Repository/1412263_Page_Mattermost/input_All team communication in one place, _dcc84b'

2021-05-29 10:06:16 - [TEST_STEP][PASSED] - setEncryptedText(findTestObject("1412263_Page_Mattermost/input_All team communication in one place, _a3edc6"), "o1rBehR+FzY2ClyWuSUtzg=="): Text ****** has been set on object 'Object Repository/1412263_Page_Mattermost/input_All team communication in one place, _a3edc6'

2021-05-29 10:06:17 - [MESSAGE][PASSED] - Text ****** has been set on object 'Object Repository/1412263_Page_Mattermost/input_All team communication in one place, _a3edc6'

2021-05-29 10:06:17 - [TEST_STEP][PASSED] - sendKeys(findTestObject("1412263_Page_Mattermost/input_All team communication in one place, _a3edc6"), Keys.chord(ENTER)): Keys 'ENTER + ' sent to object: 'Object Repository/1412263_Page_Mattermost/input_All team communication in one place, _a3edc6'

2021-05-29 10:06:17 - [MESSAGE][PASSED] - Keys 'ENTER + ' sent to object: 'Object Repository/1412263_Page_Mattermost/input_All team communication in one place, _a3edc6'

2021-05-29 10:06:17 - [TEST_STEP][PASSED] - click(findTestObject("1412263_Page_Town Square - CNC_Nhom3 Mattermost/button_huykhoi263_style--none sidebar-heade_fefe58")): Object: 'Object Repository/1412263_Page_Town Square - CNC_Nhom3 Mattermost/button_huykhoi263_style--none sidebar-heade_fefe58' is clicked on

2021-05-29 10:06:23 - [MESSAGE][PASSED] - Object: 'Object Repository/1412263_Page_Town Square - CNC_Nhom3 Mattermost/button_huykhoi263_style--none sidebar-heade_fefe58' is clicked on

2021-05-29 10:06:23 - [TEST_STEP][PASSED] - click(findTestObject("1412263_Page_Town Square - CNC_Nhom3 Mattermost/button_Account Settings")): Object: 'Object Repository/1412263_Page_Town Square - CNC_Nhom3 Mattermost/button_Account Settings' is clicked on

2021-05-29 10:06:24 - [MESSAGE][PASSED] - Object: 'Object Repository/1412263_Page_Town Square - CNC_Nhom3 Mattermost/button_Account Settings' is clicked on

2021-05-29 10:06:24 - [TEST_STEP][PASSED] - click(findTestObject("1412263_Page_Town Square - CNC_Nhom3 Mattermost/span_EditPosition")): Object: 'Object Repository/1412263_Page_Town Square - CNC_Nhom3 Mattermost/span_EditPosition' is clicked on

2021-05-29 10:06:24 - [MESSAGE][PASSED] - Object: 'Object Repository/1412263_Page_Town Square - CNC_Nhom3 Mattermost/span_EditPosition' is clicked on

2021-05-29 10:06:24 - [TEST_STEP][PASSED] - setText(findTestObject("1412263_Page_Town Square - CNC_Nhom3 Mattermost/input_Position_position"), "student"): Text 'student' is set on object 'Object Repository/1412263_Page_Town Square - CNC_Nhom3 Mattermost/input_Position_position'

2021-05-29 10:06:25 - [MESSAGE][PASSED] - Text 'student' is set on object 'Object Repository/1412263_Page_Town Square - CNC_Nhom3 Mattermost/input_Position_position'

2021-05-29 10:06:25 - [TEST_STEP][PASSED] - click(findTestObject("1412263_Page_Town Square - CNC_Nhom3 Mattermost/span_Save")): Object: 'Object Repository/1412263_Page_Town Square - CNC_Nhom3 Mattermost/span_Save' is clicked on

2021-05-29 10:06:26 - [MESSAGE][PASSED] - Object: 'Object Repository/1412263_Page_Town Square - CNC_Nhom3 Mattermost/span_Save' is clicked on

2021-05-29 10:06:26 - [TEST_STEP][PASSED] - click(findTestObject("1412263_Page_Town Square - CNC_Nhom3 Mattermost/span_")): Object: 'Object Repository/1412263_Page_Town Square - CNC_Nhom3 Mattermost/span_' is clicked on

2021-05-29 10:06:26 - [MESSAGE][PASSED] - Object: 'Object Repository/1412263_Page_Town Square - CNC_Nhom3 Mattermost/span_' is clicked on

2021-05-29 10:06:26 - [TEST_STEP][PASSED] - closeBrowser(): Browser is closed

2021-05-29 10:06:27 - [MESSAGE][PASSED] - Browser is closed]]></system-out>
         <system-err><![CDATA[]]></system-err>
      </testcase>
      <testcase name="Test Cases/1412263/TC07_UpdateEmail" time="23.325" classname="Test Cases/1412263/TC07_UpdateEmail" status="PASSED">
         <system-out><![CDATA[2021-05-29 10:06:27 - [TEST_CASE][PASSED] - Test Cases/1412263/TC07_UpdateEmail: Test Cases/1412263/TC07_UpdateEmail

2021-05-29 10:06:28 - [TEST_STEP][PASSED] - openBrowser(""): Browser is opened with url: ''

2021-05-29 10:06:28 - [MESSAGE][INFO] - Starting 'Chrome' driver

2021-05-29 10:06:28 - [MESSAGE][INFO] - Action delay is set to 0 milliseconds

2021-05-29 10:06:30 - [MESSAGE][PASSED] - Browser is opened with url: ''

2021-05-29 10:06:30 - [TEST_STEP][PASSED] - navigateToUrl("http://mattermostwebapp.herokuapp.com/"): Navigate to 'http://mattermostwebapp.herokuapp.com/' successfully

2021-05-29 10:06:33 - [MESSAGE][PASSED] - Navigate to 'http://mattermostwebapp.herokuapp.com/' successfully

2021-05-29 10:06:33 - [TEST_STEP][PASSED] - setText(findTestObject("1412263_Page_Mattermost/input_All team communication in one place, _dcc84b"), "huykhoi263"): Text 'huykhoi263' is set on object 'Object Repository/1412263_Page_Mattermost/input_All team communication in one place, _dcc84b'

2021-05-29 10:06:37 - [MESSAGE][PASSED] - Text 'huykhoi263' is set on object 'Object Repository/1412263_Page_Mattermost/input_All team communication in one place, _dcc84b'

2021-05-29 10:06:37 - [TEST_STEP][PASSED] - setEncryptedText(findTestObject("1412263_Page_Mattermost/input_All team communication in one place, _a3edc6"), "o1rBehR+FzY2ClyWuSUtzg=="): Text ****** has been set on object 'Object Repository/1412263_Page_Mattermost/input_All team communication in one place, _a3edc6'

2021-05-29 10:06:38 - [MESSAGE][PASSED] - Text ****** has been set on object 'Object Repository/1412263_Page_Mattermost/input_All team communication in one place, _a3edc6'

2021-05-29 10:06:38 - [TEST_STEP][PASSED] - click(findTestObject("1412263_Page_Mattermost/span_Sign in")): Object: 'Object Repository/1412263_Page_Mattermost/span_Sign in' is clicked on

2021-05-29 10:06:38 - [MESSAGE][PASSED] - Object: 'Object Repository/1412263_Page_Mattermost/span_Sign in' is clicked on

2021-05-29 10:06:38 - [TEST_STEP][PASSED] - click(findTestObject("1412263_Page_Town Square - CNC_Nhom3 Mattermost/path")): Object: 'Object Repository/1412263_Page_Town Square - CNC_Nhom3 Mattermost/path' is clicked on

2021-05-29 10:06:45 - [MESSAGE][PASSED] - Object: 'Object Repository/1412263_Page_Town Square - CNC_Nhom3 Mattermost/path' is clicked on

2021-05-29 10:06:45 - [TEST_STEP][PASSED] - click(findTestObject("1412263_Page_Town Square - CNC_Nhom3 Mattermost/button_Account Settings")): Object: 'Object Repository/1412263_Page_Town Square - CNC_Nhom3 Mattermost/button_Account Settings' is clicked on

2021-05-29 10:06:46 - [MESSAGE][PASSED] - Object: 'Object Repository/1412263_Page_Town Square - CNC_Nhom3 Mattermost/button_Account Settings' is clicked on

2021-05-29 10:06:46 - [TEST_STEP][PASSED] - click(findTestObject("1412263_Page_Town Square - CNC_Nhom3 Mattermost/span_EditEmail")): Object: 'Object Repository/1412263_Page_Town Square - CNC_Nhom3 Mattermost/span_EditEmail' is clicked on

2021-05-29 10:06:46 - [MESSAGE][PASSED] - Object: 'Object Repository/1412263_Page_Town Square - CNC_Nhom3 Mattermost/span_EditEmail' is clicked on

2021-05-29 10:06:46 - [TEST_STEP][PASSED] - setText(findTestObject("1412263_Page_Town Square - CNC_Nhom3 Mattermost/input_New Email_primaryEmail"), "huykhoiabca@gmail.com"): Text 'huykhoiabca@gmail.com' is set on object 'Object Repository/1412263_Page_Town Square - CNC_Nhom3 Mattermost/input_New Email_primaryEmail'

2021-05-29 10:06:47 - [MESSAGE][PASSED] - Text 'huykhoiabca@gmail.com' is set on object 'Object Repository/1412263_Page_Town Square - CNC_Nhom3 Mattermost/input_New Email_primaryEmail'

2021-05-29 10:06:47 - [TEST_STEP][PASSED] - setText(findTestObject("1412263_Page_Town Square - CNC_Nhom3 Mattermost/input_Confirm Email_confirmEmail"), "huykhoiabca@gmail.com"): Text 'huykhoiabca@gmail.com' is set on object 'Object Repository/1412263_Page_Town Square - CNC_Nhom3 Mattermost/input_Confirm Email_confirmEmail'

2021-05-29 10:06:48 - [MESSAGE][PASSED] - Text 'huykhoiabca@gmail.com' is set on object 'Object Repository/1412263_Page_Town Square - CNC_Nhom3 Mattermost/input_Confirm Email_confirmEmail'

2021-05-29 10:06:48 - [TEST_STEP][PASSED] - setEncryptedText(findTestObject("1412263_Page_Town Square - CNC_Nhom3 Mattermost/input_Current Password_currentPassword"), "o1rBehR+FzY2ClyWuSUtzg=="): Text ****** has been set on object 'Object Repository/1412263_Page_Town Square - CNC_Nhom3 Mattermost/input_Current Password_currentPassword'

2021-05-29 10:06:49 - [MESSAGE][PASSED] - Text ****** has been set on object 'Object Repository/1412263_Page_Town Square - CNC_Nhom3 Mattermost/input_Current Password_currentPassword'

2021-05-29 10:06:49 - [TEST_STEP][PASSED] - click(findTestObject("1412263_Page_Town Square - CNC_Nhom3 Mattermost/span_Save")): Object: 'Object Repository/1412263_Page_Town Square - CNC_Nhom3 Mattermost/span_Save' is clicked on

2021-05-29 10:06:49 - [MESSAGE][PASSED] - Object: 'Object Repository/1412263_Page_Town Square - CNC_Nhom3 Mattermost/span_Save' is clicked on

2021-05-29 10:06:49 - [TEST_STEP][PASSED] - click(findTestObject("1412263_Page_Town Square - CNC_Nhom3 Mattermost/button_Close")): Object: 'Object Repository/1412263_Page_Town Square - CNC_Nhom3 Mattermost/button_Close' is clicked on

2021-05-29 10:06:50 - [MESSAGE][PASSED] - Object: 'Object Repository/1412263_Page_Town Square - CNC_Nhom3 Mattermost/button_Close' is clicked on

2021-05-29 10:06:50 - [TEST_STEP][PASSED] - closeBrowser(): Browser is closed

2021-05-29 10:06:50 - [MESSAGE][PASSED] - Browser is closed]]></system-out>
         <system-err><![CDATA[]]></system-err>
      </testcase>
      <testcase name="Test Cases/1412263/TC08_ResetPassword" time="104.709" classname="Test Cases/1412263/TC08_ResetPassword" status="PASSED">
         <system-out><![CDATA[2021-05-29 10:06:50 - [TEST_CASE][PASSED] - Test Cases/1412263/TC08_ResetPassword: Test Cases/1412263/TC08_ResetPassword

2021-05-29 10:06:51 - [TEST_STEP][PASSED] - openBrowser(""): Browser is opened with url: ''

2021-05-29 10:06:51 - [MESSAGE][INFO] - Starting 'Chrome' driver

2021-05-29 10:06:51 - [MESSAGE][INFO] - Action delay is set to 0 milliseconds

2021-05-29 10:06:53 - [MESSAGE][PASSED] - Browser is opened with url: ''

2021-05-29 10:06:53 - [TEST_STEP][PASSED] - navigateToUrl("http://mattermostwebapp.herokuapp.com/"): Navigate to 'http://mattermostwebapp.herokuapp.com/' successfully

2021-05-29 10:07:17 - [MESSAGE][PASSED] - Navigate to 'http://mattermostwebapp.herokuapp.com/' successfully

2021-05-29 10:07:17 - [TEST_STEP][PASSED] - setText(findTestObject("1412263_Page_Mattermost/input_All team communication in one place, _dcc84b (1)"), "huykhoi263"): Text 'huykhoi263' is set on object 'Object Repository/1412263_Page_Mattermost/input_All team communication in one place, _dcc84b (1)'

2021-05-29 10:07:25 - [MESSAGE][PASSED] - Text 'huykhoi263' is set on object 'Object Repository/1412263_Page_Mattermost/input_All team communication in one place, _dcc84b (1)'

2021-05-29 10:07:25 - [TEST_STEP][PASSED] - setEncryptedText(findTestObject("1412263_Page_Mattermost/input_All team communication in one place, _a3edc6 (1)"), "o1rBehR+FzY2ClyWuSUtzg=="): Text ****** has been set on object 'Object Repository/1412263_Page_Mattermost/input_All team communication in one place, _a3edc6 (1)'

2021-05-29 10:07:26 - [MESSAGE][PASSED] - Text ****** has been set on object 'Object Repository/1412263_Page_Mattermost/input_All team communication in one place, _a3edc6 (1)'

2021-05-29 10:07:26 - [TEST_STEP][PASSED] - click(findTestObject("1412263_Page_Mattermost/span_Sign in (1)")): Object: 'Object Repository/1412263_Page_Mattermost/span_Sign in (1)' is clicked on

2021-05-29 10:07:57 - [MESSAGE][INFO] - Unable to find the element located by 'By.xpath: //button[@id='login']/span'. Please recheck the objects properties to make sure the desired element is located. 

2021-05-29 10:07:57 - [MESSAGE][WARNING] - [SELF-HEALING] Failed to find element with id 'Object Repository/1412263_Page_Mattermost/span_Sign in (1)'. Try using Self-healing.

2021-05-29 10:07:57 - [MESSAGE][ERROR] - [SELF-HEALING] com.google.gson.stream.MalformedJsonException: Expected ':' at line 75 column 10 path $.brokenTestObjects[7].<<<<<<<

2021-05-29 10:07:58 - [MESSAGE][INFO] - [SELF-HEALING] Working Locator: '//button[@id='loginButton']/span'.

2021-05-29 10:07:58 - [MESSAGE][INFO] - [SELF-HEALING] Screenshot: E:/Tai lieu hoc/Nam 7/HK2/New Topics/Homework 2/New folder/Mattermost_Autotesting/Reports/Self-healing/Object Repository/1412263_Page_Mattermost/span_Sign in (1)_idRelative.png

2021-05-29 10:07:58 - [MESSAGE][ERROR] - [SELF-HEALING] com.google.gson.stream.MalformedJsonException: Expected ':' at line 75 column 10 path $.brokenTestObjects[7].<<<<<<<

2021-05-29 10:07:58 - [MESSAGE][ERROR] - [SELF-HEALING] E:\Tai lieu hoc\Nam 7\HK2\New Topics\Homework 2\New folder\Mattermost_Autotesting\Reports\Self-healing\broken-test-objects.json does not exist or is provided by Self-healing Plugin!

2021-05-29 10:07:58 - [MESSAGE][WARNING] - [SELF-HEALING] The current locator of test object 'Object Repository/1412263_Page_Mattermost/span_Sign in (1)' was broken. Propose an alternative one: '//button[@id='loginButton']/span'.

2021-05-29 10:07:58 - [MESSAGE][PASSED] - Object: 'Object Repository/1412263_Page_Mattermost/span_Sign in (1)' is clicked on

2021-05-29 10:07:58 - [TEST_STEP][PASSED] - click(findTestObject("1412263_Page_Town Square - CNC_Nhom3 Mattermost/path")): Object: 'Object Repository/1412263_Page_Town Square - CNC_Nhom3 Mattermost/path' is clicked on

2021-05-29 10:08:04 - [MESSAGE][PASSED] - Object: 'Object Repository/1412263_Page_Town Square - CNC_Nhom3 Mattermost/path' is clicked on

2021-05-29 10:08:04 - [TEST_STEP][PASSED] - click(findTestObject("1412263_Page_Town Square - CNC_Nhom3 Mattermost/span_System Console")): Object: 'Object Repository/1412263_Page_Town Square - CNC_Nhom3 Mattermost/span_System Console' is clicked on

2021-05-29 10:08:05 - [MESSAGE][PASSED] - Object: 'Object Repository/1412263_Page_Town Square - CNC_Nhom3 Mattermost/span_System Console' is clicked on

2021-05-29 10:08:05 - [TEST_STEP][PASSED] - click(findTestObject("1412263_Page_System Console - Mattermost/a_Users")): Object: 'Object Repository/1412263_Page_System Console - Mattermost/a_Users' is clicked on

2021-05-29 10:08:08 - [MESSAGE][PASSED] - Object: 'Object Repository/1412263_Page_System Console - Mattermost/a_Users' is clicked on

2021-05-29 10:08:08 - [TEST_STEP][PASSED] - for ([i = 1, i <= 5, (i++)]): null

2021-05-29 10:08:08 - [TEST_STEP][PASSED] - click(findTestObject("1412263_Page_System Console - Mattermost/a_System Admin")): Object: 'Object Repository/1412263_Page_System Console - Mattermost/a_System Admin' is clicked on

2021-05-29 10:08:09 - [MESSAGE][PASSED] - Object: 'Object Repository/1412263_Page_System Console - Mattermost/a_System Admin' is clicked on

2021-05-29 10:08:09 - [TEST_STEP][PASSED] - click(findTestObject("1412263_Page_System Console - Mattermost/span_Reset Password")): Object: 'Object Repository/1412263_Page_System Console - Mattermost/span_Reset Password' is clicked on

2021-05-29 10:08:10 - [MESSAGE][PASSED] - Object: 'Object Repository/1412263_Page_System Console - Mattermost/span_Reset Password' is clicked on

2021-05-29 10:08:10 - [TEST_STEP][PASSED] - setEncryptedText(findTestObject("1412263_Page_System Console - Mattermost/input_New Password_form-control"), findTestData("1412263/Data TC8 ResetPassword").getValue(1, i)): Text ****** has been set on object 'Object Repository/1412263_Page_System Console - Mattermost/input_New Password_form-control'

2021-05-29 10:08:10 - [MESSAGE][PASSED] - Text ****** has been set on object 'Object Repository/1412263_Page_System Console - Mattermost/input_New Password_form-control'

2021-05-29 10:08:10 - [TEST_STEP][PASSED] - click(findTestObject("1412263_Page_System Console - Mattermost/button_Reset")): Object: 'Object Repository/1412263_Page_System Console - Mattermost/button_Reset' is clicked on

2021-05-29 10:08:11 - [MESSAGE][PASSED] - Object: 'Object Repository/1412263_Page_System Console - Mattermost/button_Reset' is clicked on

2021-05-29 10:08:11 - [TEST_STEP][PASSED] - Thread.sleep(3000): null

2021-05-29 10:08:14 - [TEST_STEP][PASSED] - click(findTestObject("1412263_Page_System Console - Mattermost/a_System Admin")): Object: 'Object Repository/1412263_Page_System Console - Mattermost/a_System Admin' is clicked on

2021-05-29 10:08:14 - [MESSAGE][PASSED] - Object: 'Object Repository/1412263_Page_System Console - Mattermost/a_System Admin' is clicked on

2021-05-29 10:08:14 - [TEST_STEP][PASSED] - click(findTestObject("1412263_Page_System Console - Mattermost/span_Reset Password")): Object: 'Object Repository/1412263_Page_System Console - Mattermost/span_Reset Password' is clicked on

2021-05-29 10:08:15 - [MESSAGE][PASSED] - Object: 'Object Repository/1412263_Page_System Console - Mattermost/span_Reset Password' is clicked on

2021-05-29 10:08:15 - [TEST_STEP][PASSED] - setEncryptedText(findTestObject("1412263_Page_System Console - Mattermost/input_New Password_form-control"), findTestData("1412263/Data TC8 ResetPassword").getValue(1, i)): Text ****** has been set on object 'Object Repository/1412263_Page_System Console - Mattermost/input_New Password_form-control'

2021-05-29 10:08:16 - [MESSAGE][PASSED] - Text ****** has been set on object 'Object Repository/1412263_Page_System Console - Mattermost/input_New Password_form-control'

2021-05-29 10:08:16 - [TEST_STEP][PASSED] - click(findTestObject("1412263_Page_System Console - Mattermost/button_Reset")): Object: 'Object Repository/1412263_Page_System Console - Mattermost/button_Reset' is clicked on

2021-05-29 10:08:16 - [MESSAGE][PASSED] - Object: 'Object Repository/1412263_Page_System Console - Mattermost/button_Reset' is clicked on

2021-05-29 10:08:16 - [TEST_STEP][PASSED] - Thread.sleep(3000): null

2021-05-29 10:08:19 - [TEST_STEP][PASSED] - click(findTestObject("1412263_Page_System Console - Mattermost/a_System Admin")): Object: 'Object Repository/1412263_Page_System Console - Mattermost/a_System Admin' is clicked on

2021-05-29 10:08:19 - [MESSAGE][PASSED] - Object: 'Object Repository/1412263_Page_System Console - Mattermost/a_System Admin' is clicked on

2021-05-29 10:08:19 - [TEST_STEP][PASSED] - click(findTestObject("1412263_Page_System Console - Mattermost/span_Reset Password")): Object: 'Object Repository/1412263_Page_System Console - Mattermost/span_Reset Password' is clicked on

2021-05-29 10:08:20 - [MESSAGE][PASSED] - Object: 'Object Repository/1412263_Page_System Console - Mattermost/span_Reset Password' is clicked on

2021-05-29 10:08:20 - [TEST_STEP][PASSED] - setEncryptedText(findTestObject("1412263_Page_System Console - Mattermost/input_New Password_form-control"), findTestData("1412263/Data TC8 ResetPassword").getValue(1, i)): Text ****** has been set on object 'Object Repository/1412263_Page_System Console - Mattermost/input_New Password_form-control'

2021-05-29 10:08:21 - [MESSAGE][PASSED] - Text ****** has been set on object 'Object Repository/1412263_Page_System Console - Mattermost/input_New Password_form-control'

2021-05-29 10:08:21 - [TEST_STEP][PASSED] - click(findTestObject("1412263_Page_System Console - Mattermost/button_Reset")): Object: 'Object Repository/1412263_Page_System Console - Mattermost/button_Reset' is clicked on

2021-05-29 10:08:21 - [MESSAGE][PASSED] - Object: 'Object Repository/1412263_Page_System Console - Mattermost/button_Reset' is clicked on

2021-05-29 10:08:21 - [TEST_STEP][PASSED] - Thread.sleep(3000): null

2021-05-29 10:08:24 - [TEST_STEP][PASSED] - click(findTestObject("1412263_Page_System Console - Mattermost/a_System Admin")): Object: 'Object Repository/1412263_Page_System Console - Mattermost/a_System Admin' is clicked on

2021-05-29 10:08:25 - [MESSAGE][PASSED] - Object: 'Object Repository/1412263_Page_System Console - Mattermost/a_System Admin' is clicked on

2021-05-29 10:08:25 - [TEST_STEP][PASSED] - click(findTestObject("1412263_Page_System Console - Mattermost/span_Reset Password")): Object: 'Object Repository/1412263_Page_System Console - Mattermost/span_Reset Password' is clicked on

2021-05-29 10:08:25 - [MESSAGE][PASSED] - Object: 'Object Repository/1412263_Page_System Console - Mattermost/span_Reset Password' is clicked on

2021-05-29 10:08:25 - [TEST_STEP][PASSED] - setEncryptedText(findTestObject("1412263_Page_System Console - Mattermost/input_New Password_form-control"), findTestData("1412263/Data TC8 ResetPassword").getValue(1, i)): Text ****** has been set on object 'Object Repository/1412263_Page_System Console - Mattermost/input_New Password_form-control'

2021-05-29 10:08:26 - [MESSAGE][PASSED] - Text ****** has been set on object 'Object Repository/1412263_Page_System Console - Mattermost/input_New Password_form-control'

2021-05-29 10:08:26 - [TEST_STEP][PASSED] - click(findTestObject("1412263_Page_System Console - Mattermost/button_Reset")): Object: 'Object Repository/1412263_Page_System Console - Mattermost/button_Reset' is clicked on

2021-05-29 10:08:26 - [MESSAGE][PASSED] - Object: 'Object Repository/1412263_Page_System Console - Mattermost/button_Reset' is clicked on

2021-05-29 10:08:26 - [TEST_STEP][PASSED] - Thread.sleep(3000): null

2021-05-29 10:08:29 - [TEST_STEP][PASSED] - click(findTestObject("1412263_Page_System Console - Mattermost/a_System Admin")): Object: 'Object Repository/1412263_Page_System Console - Mattermost/a_System Admin' is clicked on

2021-05-29 10:08:30 - [MESSAGE][PASSED] - Object: 'Object Repository/1412263_Page_System Console - Mattermost/a_System Admin' is clicked on

2021-05-29 10:08:30 - [TEST_STEP][PASSED] - click(findTestObject("1412263_Page_System Console - Mattermost/span_Reset Password")): Object: 'Object Repository/1412263_Page_System Console - Mattermost/span_Reset Password' is clicked on

2021-05-29 10:08:30 - [MESSAGE][PASSED] - Object: 'Object Repository/1412263_Page_System Console - Mattermost/span_Reset Password' is clicked on

2021-05-29 10:08:30 - [TEST_STEP][PASSED] - setEncryptedText(findTestObject("1412263_Page_System Console - Mattermost/input_New Password_form-control"), findTestData("1412263/Data TC8 ResetPassword").getValue(1, i)): Text ****** has been set on object 'Object Repository/1412263_Page_System Console - Mattermost/input_New Password_form-control'

2021-05-29 10:08:31 - [MESSAGE][PASSED] - Text ****** has been set on object 'Object Repository/1412263_Page_System Console - Mattermost/input_New Password_form-control'

2021-05-29 10:08:31 - [TEST_STEP][PASSED] - click(findTestObject("1412263_Page_System Console - Mattermost/button_Reset")): Object: 'Object Repository/1412263_Page_System Console - Mattermost/button_Reset' is clicked on

2021-05-29 10:08:31 - [MESSAGE][PASSED] - Object: 'Object Repository/1412263_Page_System Console - Mattermost/button_Reset' is clicked on

2021-05-29 10:08:31 - [TEST_STEP][PASSED] - Thread.sleep(3000): null

2021-05-29 10:08:34 - [TEST_STEP][PASSED] - closeBrowser(): Browser is closed

2021-05-29 10:08:35 - [MESSAGE][PASSED] - Browser is closed]]></system-out>
         <system-err><![CDATA[]]></system-err>
      </testcase>
      <testcase name="Test Cases/1412263/TC09_ChangeLoginAttempt" time="22.852" classname="Test Cases/1412263/TC09_ChangeLoginAttempt" status="PASSED">
         <system-out><![CDATA[2021-05-29 10:08:35 - [TEST_CASE][PASSED] - Test Cases/1412263/TC09_ChangeLoginAttempt: Test Cases/1412263/TC09_ChangeLoginAttempt

2021-05-29 10:08:36 - [TEST_STEP][PASSED] - openBrowser(""): Browser is opened with url: ''

2021-05-29 10:08:36 - [MESSAGE][INFO] - Starting 'Chrome' driver

2021-05-29 10:08:36 - [MESSAGE][INFO] - Action delay is set to 0 milliseconds

2021-05-29 10:08:38 - [MESSAGE][PASSED] - Browser is opened with url: ''

2021-05-29 10:08:38 - [TEST_STEP][PASSED] - navigateToUrl("http://mattermostwebapp.herokuapp.com/"): Navigate to 'http://mattermostwebapp.herokuapp.com/' successfully

2021-05-29 10:08:41 - [MESSAGE][PASSED] - Navigate to 'http://mattermostwebapp.herokuapp.com/' successfully

2021-05-29 10:08:41 - [TEST_STEP][PASSED] - setText(findTestObject("Object Repository/Page_Mattermost/input_All team communication in one place, _dcc84b"), "huykhoi263"): Text 'huykhoi263' is set on object 'Object Repository/Page_Mattermost/input_All team communication in one place, _dcc84b'

2021-05-29 10:08:45 - [MESSAGE][PASSED] - Text 'huykhoi263' is set on object 'Object Repository/Page_Mattermost/input_All team communication in one place, _dcc84b'

2021-05-29 10:08:45 - [TEST_STEP][PASSED] - setEncryptedText(findTestObject("Object Repository/Page_Mattermost/input_All team communication in one place, _a3edc6"), "o1rBehR+FzY2ClyWuSUtzg=="): Text ****** has been set on object 'Object Repository/Page_Mattermost/input_All team communication in one place, _a3edc6'

2021-05-29 10:08:46 - [MESSAGE][PASSED] - Text ****** has been set on object 'Object Repository/Page_Mattermost/input_All team communication in one place, _a3edc6'

2021-05-29 10:08:46 - [TEST_STEP][PASSED] - sendKeys(findTestObject("Object Repository/Page_Mattermost/input_All team communication in one place, _a3edc6"), Keys.chord(ENTER)): Keys 'ENTER + ' sent to object: 'Object Repository/Page_Mattermost/input_All team communication in one place, _a3edc6'

2021-05-29 10:08:47 - [MESSAGE][PASSED] - Keys 'ENTER + ' sent to object: 'Object Repository/Page_Mattermost/input_All team communication in one place, _a3edc6'

2021-05-29 10:08:47 - [TEST_STEP][PASSED] - click(findTestObject("1412263_Page_Town Square - CNC_Nhom3 Mattermost/path")): Object: 'Object Repository/1412263_Page_Town Square - CNC_Nhom3 Mattermost/path' is clicked on

2021-05-29 10:08:51 - [MESSAGE][PASSED] - Object: 'Object Repository/1412263_Page_Town Square - CNC_Nhom3 Mattermost/path' is clicked on

2021-05-29 10:08:51 - [TEST_STEP][PASSED] - click(findTestObject("1412263_Page_Town Square - CNC_Nhom3 Mattermost/span_System Console")): Object: 'Object Repository/1412263_Page_Town Square - CNC_Nhom3 Mattermost/span_System Console' is clicked on

2021-05-29 10:08:52 - [MESSAGE][PASSED] - Object: 'Object Repository/1412263_Page_Town Square - CNC_Nhom3 Mattermost/span_System Console' is clicked on

2021-05-29 10:08:52 - [TEST_STEP][PASSED] - click(findTestObject("Object Repository/Page_System Console - Mattermost/a_Password")): Object: 'Object Repository/Page_System Console - Mattermost/a_Password' is clicked on

2021-05-29 10:08:55 - [MESSAGE][PASSED] - Object: 'Object Repository/Page_System Console - Mattermost/a_Password' is clicked on

2021-05-29 10:08:55 - [TEST_STEP][PASSED] - click(findTestObject("Object Repository/Page_System Console - Mattermost/div_Maximum Login AttemptsNumber of login a_f48f8a")): Object: 'Object Repository/Page_System Console - Mattermost/div_Maximum Login AttemptsNumber of login a_f48f8a' is clicked on

2021-05-29 10:08:55 - [MESSAGE][PASSED] - Object: 'Object Repository/Page_System Console - Mattermost/div_Maximum Login AttemptsNumber of login a_f48f8a' is clicked on

2021-05-29 10:08:55 - [TEST_STEP][PASSED] - setText(findTestObject("Object Repository/Page_System Console - Mattermost/input_Maximum Login Attempts_maximumLoginAttempts"), "15"): Text '15' is set on object 'Object Repository/Page_System Console - Mattermost/input_Maximum Login Attempts_maximumLoginAttempts'

2021-05-29 10:08:56 - [MESSAGE][PASSED] - Text '15' is set on object 'Object Repository/Page_System Console - Mattermost/input_Maximum Login Attempts_maximumLoginAttempts'

2021-05-29 10:08:56 - [TEST_STEP][PASSED] - click(findTestObject("Object Repository/Page_System Console - Mattermost/button_Save")): Object: 'Object Repository/Page_System Console - Mattermost/button_Save' is clicked on

2021-05-29 10:08:57 - [MESSAGE][PASSED] - Object: 'Object Repository/Page_System Console - Mattermost/button_Save' is clicked on

2021-05-29 10:08:57 - [TEST_STEP][PASSED] - closeBrowser(): Browser is closed

2021-05-29 10:08:58 - [MESSAGE][PASSED] - Browser is closed]]></system-out>
         <system-err><![CDATA[]]></system-err>
      </testcase>
      <testcase name="Test Cases/1412263/TC10_SetPasswordLimit" time="21.686" classname="Test Cases/1412263/TC10_SetPasswordLimit" status="PASSED">
         <system-out><![CDATA[2021-05-29 10:08:58 - [TEST_CASE][PASSED] - Test Cases/1412263/TC10_SetPasswordLimit: Test Cases/1412263/TC10_SetPasswordLimit

2021-05-29 10:08:59 - [TEST_STEP][PASSED] - openBrowser(""): Browser is opened with url: ''

2021-05-29 10:08:59 - [MESSAGE][INFO] - Starting 'Chrome' driver

2021-05-29 10:08:59 - [MESSAGE][INFO] - Action delay is set to 0 milliseconds

2021-05-29 10:09:02 - [MESSAGE][PASSED] - Browser is opened with url: ''

2021-05-29 10:09:02 - [TEST_STEP][PASSED] - navigateToUrl("http://mattermostwebapp.herokuapp.com/"): Navigate to 'http://mattermostwebapp.herokuapp.com/' successfully

2021-05-29 10:09:05 - [MESSAGE][PASSED] - Navigate to 'http://mattermostwebapp.herokuapp.com/' successfully

2021-05-29 10:09:05 - [TEST_STEP][PASSED] - setText(findTestObject("1412263_Page_Mattermost/input_All team communication in one place, _dcc84b"), "huykhoi263"): Text 'huykhoi263' is set on object 'Object Repository/1412263_Page_Mattermost/input_All team communication in one place, _dcc84b'

2021-05-29 10:09:09 - [MESSAGE][PASSED] - Text 'huykhoi263' is set on object 'Object Repository/1412263_Page_Mattermost/input_All team communication in one place, _dcc84b'

2021-05-29 10:09:09 - [TEST_STEP][PASSED] - setEncryptedText(findTestObject("1412263_Page_Mattermost/input_All team communication in one place, _a3edc6"), "o1rBehR+FzY2ClyWuSUtzg=="): Text ****** has been set on object 'Object Repository/1412263_Page_Mattermost/input_All team communication in one place, _a3edc6'

2021-05-29 10:09:10 - [MESSAGE][PASSED] - Text ****** has been set on object 'Object Repository/1412263_Page_Mattermost/input_All team communication in one place, _a3edc6'

2021-05-29 10:09:10 - [TEST_STEP][PASSED] - click(findTestObject("1412263_Page_Mattermost/button_Sign in")): Object: 'Object Repository/1412263_Page_Mattermost/button_Sign in' is clicked on

2021-05-29 10:09:10 - [MESSAGE][PASSED] - Object: 'Object Repository/1412263_Page_Mattermost/button_Sign in' is clicked on

2021-05-29 10:09:10 - [TEST_STEP][PASSED] - click(findTestObject("1412263_Page_Town Square - CNC_Nhom3 Mattermost/path")): Object: 'Object Repository/1412263_Page_Town Square - CNC_Nhom3 Mattermost/path' is clicked on

2021-05-29 10:09:14 - [MESSAGE][PASSED] - Object: 'Object Repository/1412263_Page_Town Square - CNC_Nhom3 Mattermost/path' is clicked on

2021-05-29 10:09:14 - [TEST_STEP][PASSED] - click(findTestObject("1412263_Page_Town Square - CNC_Nhom3 Mattermost/span_System Console")): Object: 'Object Repository/1412263_Page_Town Square - CNC_Nhom3 Mattermost/span_System Console' is clicked on

2021-05-29 10:09:15 - [MESSAGE][PASSED] - Object: 'Object Repository/1412263_Page_Town Square - CNC_Nhom3 Mattermost/span_System Console' is clicked on

2021-05-29 10:09:15 - [TEST_STEP][PASSED] - click(findTestObject("1412263_Page_System Console - Mattermost/a_Password")): Object: 'Object Repository/1412263_Page_System Console - Mattermost/a_Password' is clicked on

2021-05-29 10:09:17 - [MESSAGE][PASSED] - Object: 'Object Repository/1412263_Page_System Console - Mattermost/a_Password' is clicked on

2021-05-29 10:09:17 - [TEST_STEP][PASSED] - setText(findTestObject("1412263_Page_System Console - Mattermost/input_Minimum Password Length_passwordMinim_e95e98"), "6"): Text '6' is set on object 'Object Repository/1412263_Page_System Console - Mattermost/input_Minimum Password Length_passwordMinim_e95e98'

2021-05-29 10:09:18 - [MESSAGE][PASSED] - Text '6' is set on object 'Object Repository/1412263_Page_System Console - Mattermost/input_Minimum Password Length_passwordMinim_e95e98'

2021-05-29 10:09:18 - [TEST_STEP][PASSED] - click(findTestObject("1412263_Page_System Console - Mattermost/button_Save")): Object: 'Object Repository/1412263_Page_System Console - Mattermost/button_Save' is clicked on

2021-05-29 10:09:19 - [MESSAGE][PASSED] - Object: 'Object Repository/1412263_Page_System Console - Mattermost/button_Save' is clicked on

2021-05-29 10:09:19 - [TEST_STEP][PASSED] - closeBrowser(): Browser is closed

2021-05-29 10:09:20 - [MESSAGE][PASSED] - Browser is closed]]></system-out>
         <system-err><![CDATA[]]></system-err>
      </testcase>
      <testcase name="Test Cases/1712666/TC11_CreateATeam" time="19.256" classname="Test Cases/1712666/TC11_CreateATeam" status="PASSED">
         <system-out><![CDATA[2021-05-29 10:09:20 - [TEST_CASE][PASSED] - Test Cases/1712666/TC11_CreateATeam: Test Cases/1712666/TC11_CreateATeam

2021-05-29 10:09:20 - [TEST_STEP][PASSED] - openBrowser(""): Browser is opened with url: ''

2021-05-29 10:09:20 - [MESSAGE][INFO] - Starting 'Chrome' driver

2021-05-29 10:09:20 - [MESSAGE][INFO] - Action delay is set to 0 milliseconds

2021-05-29 10:09:22 - [MESSAGE][PASSED] - Browser is opened with url: ''

2021-05-29 10:09:22 - [TEST_STEP][PASSED] - navigateToUrl("https://mattermostwebapp.herokuapp.com/"): Navigate to 'https://mattermostwebapp.herokuapp.com/' successfully

2021-05-29 10:09:25 - [MESSAGE][PASSED] - Navigate to 'https://mattermostwebapp.herokuapp.com/' successfully

2021-05-29 10:09:25 - [TEST_STEP][PASSED] - callTestCase(findTestCase("1712666/CommonTC/CTC_Login"), ["var_username":"phuc", "var_password":"CSt51UwWECc="], null): Call Test Case 'Test Cases/1712666/CommonTC/CTC_Login' successfully

2021-05-29 10:09:25 - [TEST_CASE][PASSED] - Test Cases/1712666/CommonTC/CTC_Login: Test Cases/1712666/CommonTC/CTC_Login

2021-05-29 10:09:26 - [TEST_STEP][PASSED] - setText(findTestObject("Object Repository/1412263_Page_Mattermost/input_All team communication in one place, _dcc84b"), var_username): Text 'phuc' is set on object 'Object Repository/1412263_Page_Mattermost/input_All team communication in one place, _dcc84b'

2021-05-29 10:09:30 - [MESSAGE][PASSED] - Text 'phuc' is set on object 'Object Repository/1412263_Page_Mattermost/input_All team communication in one place, _dcc84b'

2021-05-29 10:09:30 - [TEST_STEP][PASSED] - setEncryptedText(findTestObject("Object Repository/1412263_Page_Mattermost/input_All team communication in one place, _a3edc6"), var_password): Text ****** has been set on object 'Object Repository/1412263_Page_Mattermost/input_All team communication in one place, _a3edc6'

2021-05-29 10:09:31 - [MESSAGE][PASSED] - Text ****** has been set on object 'Object Repository/1412263_Page_Mattermost/input_All team communication in one place, _a3edc6'

2021-05-29 10:09:31 - [TEST_STEP][PASSED] - click(findTestObject("Object Repository/1412263_Page_Mattermost/span_Sign in")): Object: 'Object Repository/1412263_Page_Mattermost/span_Sign in' is clicked on

2021-05-29 10:09:31 - [MESSAGE][PASSED] - Object: 'Object Repository/1412263_Page_Mattermost/span_Sign in' is clicked on

2021-05-29 10:09:31 - [MESSAGE][PASSED] - Call Test Case 'Test Cases/1712666/CommonTC/CTC_Login' successfully

2021-05-29 10:09:31 - [TEST_STEP][PASSED] - click(findTestObject("Object Repository/Page_Town Square - abc Mattermost/div_phuc")): Object: 'Object Repository/Page_Town Square - abc Mattermost/div_phuc' is clicked on

2021-05-29 10:09:35 - [MESSAGE][PASSED] - Object: 'Object Repository/Page_Town Square - abc Mattermost/div_phuc' is clicked on

2021-05-29 10:09:35 - [TEST_STEP][PASSED] - click(findTestObject("Object Repository/Page_Town Square - abc Mattermost/span_Create a Team")): Object: 'Object Repository/Page_Town Square - abc Mattermost/span_Create a Team' is clicked on

2021-05-29 10:09:35 - [MESSAGE][PASSED] - Object: 'Object Repository/Page_Town Square - abc Mattermost/span_Create a Team' is clicked on

2021-05-29 10:09:35 - [TEST_STEP][PASSED] - setText(findTestObject("Object Repository/Page_Town Square - abc Mattermost/input_Team Name_teamNameInput"), var_teamName): Text 'test' is set on object 'Object Repository/Page_Town Square - abc Mattermost/input_Team Name_teamNameInput'

2021-05-29 10:09:37 - [MESSAGE][PASSED] - Text 'test' is set on object 'Object Repository/Page_Town Square - abc Mattermost/input_Team Name_teamNameInput'

2021-05-29 10:09:37 - [TEST_STEP][PASSED] - click(findTestObject("Object Repository/Page_Town Square - abc Mattermost/span_Next")): Object: 'Object Repository/Page_Town Square - abc Mattermost/span_Next' is clicked on

2021-05-29 10:09:37 - [MESSAGE][PASSED] - Object: 'Object Repository/Page_Town Square - abc Mattermost/span_Next' is clicked on

2021-05-29 10:09:37 - [TEST_STEP][PASSED] - click(findTestObject("Object Repository/Page_Town Square - abc Mattermost/span_Finish")): Object: 'Object Repository/Page_Town Square - abc Mattermost/span_Finish' is clicked on

2021-05-29 10:09:38 - [MESSAGE][PASSED] - Object: 'Object Repository/Page_Town Square - abc Mattermost/span_Finish' is clicked on

2021-05-29 10:09:38 - [TEST_STEP][PASSED] - if (var_statusExpected.toString() == "empty"): null

2021-05-29 10:09:38 - [TEST_STEP][PASSED] - closeBrowser(): Browser is closed

2021-05-29 10:09:39 - [MESSAGE][PASSED] - Browser is closed]]></system-out>
         <system-err><![CDATA[]]></system-err>
      </testcase>
      <testcase name="Test Cases/1712666/TC11_CreateATeam" time="27.776" classname="Test Cases/1712666/TC11_CreateATeam" status="FAILED">
         <failure type="FAILED" message="Test Cases/1712666/TC11_CreateATeam FAILED.
Reason:
com.kms.katalon.core.exception.StepFailedException: Unable to verify object 'Object Repository/Page_Town Square - abc Mattermost/label_A team with that name already exists' is not present
	at com.kms.katalon.core.webui.keyword.internal.WebUIKeywordMain.stepFailed(WebUIKeywordMain.groovy:64)
	at com.kms.katalon.core.webui.keyword.internal.WebUIKeywordMain.runKeyword(WebUIKeywordMain.groovy:26)
	at com.kms.katalon.core.webui.keyword.internal.WebUIKeywordMain$runKeyword.call(Unknown Source)
	at com.kms.katalon.core.webui.keyword.builtin.VerifyElementNotPresentKeyword.verifyElementNotPresent(VerifyElementNotPresentKeyword.groovy:117)
	at com.kms.katalon.core.webui.keyword.builtin.VerifyElementNotPresentKeyword.execute(VerifyElementNotPresentKeyword.groovy:68)
	at com.kms.katalon.core.keyword.internal.KeywordExecutor.executeKeywordForPlatform(KeywordExecutor.groovy:73)
	at com.kms.katalon.core.webui.keyword.WebUiBuiltInKeywords.verifyElementNotPresent(WebUiBuiltInKeywords.groovy:1496)
	at com.kms.katalon.core.webui.keyword.WebUiBuiltInKeywords$verifyElementNotPresent$6.call(Unknown Source)
	at TC11_CreateATeam.run(TC11_CreateATeam:38)
	at com.kms.katalon.core.main.ScriptEngine.run(ScriptEngine.java:194)
	at com.kms.katalon.core.main.ScriptEngine.runScriptAsRawText(ScriptEngine.java:119)
	at com.kms.katalon.core.main.TestCaseExecutor.runScript(TestCaseExecutor.java:398)
	at com.kms.katalon.core.main.TestCaseExecutor.doExecute(TestCaseExecutor.java:389)
	at com.kms.katalon.core.main.TestCaseExecutor.processExecutionPhase(TestCaseExecutor.java:368)
	at com.kms.katalon.core.main.TestCaseExecutor.accessMainPhase(TestCaseExecutor.java:360)
	at com.kms.katalon.core.main.TestCaseExecutor.execute(TestCaseExecutor.java:255)
	at com.kms.katalon.core.main.TestSuiteExecutor.accessTestCaseMainPhase(TestSuiteExecutor.java:203)
	at com.kms.katalon.core.main.TestSuiteExecutor.accessTestSuiteMainPhase(TestSuiteExecutor.java:152)
	at com.kms.katalon.core.main.TestSuiteExecutor.execute(TestSuiteExecutor.java:95)
	at com.kms.katalon.core.main.TestCaseMain.startTestSuite(TestCaseMain.java:157)
	at com.kms.katalon.core.main.TestCaseMain$startTestSuite$0.call(Unknown Source)
	at TempTestSuite1622257361884.run(TempTestSuite1622257361884.groovy:39)
Caused by: com.kms.katalon.core.exception.StepFailedException: Web element with id: 'Object Repository/Page_Town Square - abc Mattermost/label_A team with that name already exists' located by 'By.xpath: //div[@id='root']/div/div/div/div[3]/div/div/div/form/div/label' is present after '5' second(s)
	at com.kms.katalon.core.webui.keyword.internal.WebUIKeywordMain.stepFailed(WebUIKeywordMain.groovy:64)
	at com.kms.katalon.core.webui.keyword.internal.WebUIKeywordMain$stepFailed$0.call(Unknown Source)
	at com.kms.katalon.core.webui.keyword.builtin.VerifyElementNotPresentKeyword$_verifyElementNotPresent_closure1.doCall(VerifyElementNotPresentKeyword.groovy:106)
	at com.kms.katalon.core.webui.keyword.builtin.VerifyElementNotPresentKeyword$_verifyElementNotPresent_closure1.doCall(VerifyElementNotPresentKeyword.groovy)
	at com.kms.katalon.core.webui.keyword.internal.WebUIKeywordMain.runKeyword(WebUIKeywordMain.groovy:20)
	... 20 more
"/>
         <system-out><![CDATA[2021-05-29 10:09:39 - [TEST_CASE][FAILED] - Test Cases/1712666/TC11_CreateATeam: Test Cases/1712666/TC11_CreateATeam FAILED.
Reason:
com.kms.katalon.core.exception.StepFailedException: Unable to verify object 'Object Repository/Page_Town Square - abc Mattermost/label_A team with that name already exists' is not present
	at com.kms.katalon.core.webui.keyword.internal.WebUIKeywordMain.stepFailed(WebUIKeywordMain.groovy:64)
	at com.kms.katalon.core.webui.keyword.internal.WebUIKeywordMain.runKeyword(WebUIKeywordMain.groovy:26)
	at com.kms.katalon.core.webui.keyword.internal.WebUIKeywordMain$runKeyword.call(Unknown Source)
	at com.kms.katalon.core.webui.keyword.builtin.VerifyElementNotPresentKeyword.verifyElementNotPresent(VerifyElementNotPresentKeyword.groovy:117)
	at com.kms.katalon.core.webui.keyword.builtin.VerifyElementNotPresentKeyword.execute(VerifyElementNotPresentKeyword.groovy:68)
	at com.kms.katalon.core.keyword.internal.KeywordExecutor.executeKeywordForPlatform(KeywordExecutor.groovy:73)
	at com.kms.katalon.core.webui.keyword.WebUiBuiltInKeywords.verifyElementNotPresent(WebUiBuiltInKeywords.groovy:1496)
	at com.kms.katalon.core.webui.keyword.WebUiBuiltInKeywords$verifyElementNotPresent$6.call(Unknown Source)
	at TC11_CreateATeam.run(TC11_CreateATeam:38)
	at com.kms.katalon.core.main.ScriptEngine.run(ScriptEngine.java:194)
	at com.kms.katalon.core.main.ScriptEngine.runScriptAsRawText(ScriptEngine.java:119)
	at com.kms.katalon.core.main.TestCaseExecutor.runScript(TestCaseExecutor.java:398)
	at com.kms.katalon.core.main.TestCaseExecutor.doExecute(TestCaseExecutor.java:389)
	at com.kms.katalon.core.main.TestCaseExecutor.processExecutionPhase(TestCaseExecutor.java:368)
	at com.kms.katalon.core.main.TestCaseExecutor.accessMainPhase(TestCaseExecutor.java:360)
	at com.kms.katalon.core.main.TestCaseExecutor.execute(TestCaseExecutor.java:255)
	at com.kms.katalon.core.main.TestSuiteExecutor.accessTestCaseMainPhase(TestSuiteExecutor.java:203)
	at com.kms.katalon.core.main.TestSuiteExecutor.accessTestSuiteMainPhase(TestSuiteExecutor.java:152)
	at com.kms.katalon.core.main.TestSuiteExecutor.execute(TestSuiteExecutor.java:95)
	at com.kms.katalon.core.main.TestCaseMain.startTestSuite(TestCaseMain.java:157)
	at com.kms.katalon.core.main.TestCaseMain$startTestSuite$0.call(Unknown Source)
	at TempTestSuite1622257361884.run(TempTestSuite1622257361884.groovy:39)
Caused by: com.kms.katalon.core.exception.StepFailedException: Web element with id: 'Object Repository/Page_Town Square - abc Mattermost/label_A team with that name already exists' located by 'By.xpath: //div[@id='root']/div/div/div/div[3]/div/div/div/form/div/label' is present after '5' second(s)
	at com.kms.katalon.core.webui.keyword.internal.WebUIKeywordMain.stepFailed(WebUIKeywordMain.groovy:64)
	at com.kms.katalon.core.webui.keyword.internal.WebUIKeywordMain$stepFailed$0.call(Unknown Source)
	at com.kms.katalon.core.webui.keyword.builtin.VerifyElementNotPresentKeyword$_verifyElementNotPresent_closure1.doCall(VerifyElementNotPresentKeyword.groovy:106)
	at com.kms.katalon.core.webui.keyword.builtin.VerifyElementNotPresentKeyword$_verifyElementNotPresent_closure1.doCall(VerifyElementNotPresentKeyword.groovy)
	at com.kms.katalon.core.webui.keyword.internal.WebUIKeywordMain.runKeyword(WebUIKeywordMain.groovy:20)
	... 20 more


2021-05-29 10:09:39 - [TEST_STEP][PASSED] - openBrowser(""): Browser is opened with url: ''

2021-05-29 10:09:39 - [MESSAGE][INFO] - Starting 'Chrome' driver

2021-05-29 10:09:39 - [MESSAGE][INFO] - Action delay is set to 0 milliseconds

2021-05-29 10:09:41 - [MESSAGE][PASSED] - Browser is opened with url: ''

2021-05-29 10:09:41 - [TEST_STEP][PASSED] - navigateToUrl("https://mattermostwebapp.herokuapp.com/"): Navigate to 'https://mattermostwebapp.herokuapp.com/' successfully

2021-05-29 10:09:45 - [MESSAGE][PASSED] - Navigate to 'https://mattermostwebapp.herokuapp.com/' successfully

2021-05-29 10:09:45 - [TEST_STEP][PASSED] - callTestCase(findTestCase("1712666/CommonTC/CTC_Login"), ["var_username":"phuc", "var_password":"CSt51UwWECc="], null): Call Test Case 'Test Cases/1712666/CommonTC/CTC_Login' successfully

2021-05-29 10:09:45 - [TEST_CASE][PASSED] - Test Cases/1712666/CommonTC/CTC_Login: Test Cases/1712666/CommonTC/CTC_Login

2021-05-29 10:09:45 - [TEST_STEP][PASSED] - setText(findTestObject("Object Repository/1412263_Page_Mattermost/input_All team communication in one place, _dcc84b"), var_username): Text 'phuc' is set on object 'Object Repository/1412263_Page_Mattermost/input_All team communication in one place, _dcc84b'

2021-05-29 10:09:51 - [MESSAGE][PASSED] - Text 'phuc' is set on object 'Object Repository/1412263_Page_Mattermost/input_All team communication in one place, _dcc84b'

2021-05-29 10:09:51 - [TEST_STEP][PASSED] - setEncryptedText(findTestObject("Object Repository/1412263_Page_Mattermost/input_All team communication in one place, _a3edc6"), var_password): Text ****** has been set on object 'Object Repository/1412263_Page_Mattermost/input_All team communication in one place, _a3edc6'

2021-05-29 10:09:52 - [MESSAGE][PASSED] - Text ****** has been set on object 'Object Repository/1412263_Page_Mattermost/input_All team communication in one place, _a3edc6'

2021-05-29 10:09:52 - [TEST_STEP][PASSED] - click(findTestObject("Object Repository/1412263_Page_Mattermost/span_Sign in")): Object: 'Object Repository/1412263_Page_Mattermost/span_Sign in' is clicked on

2021-05-29 10:09:53 - [MESSAGE][PASSED] - Object: 'Object Repository/1412263_Page_Mattermost/span_Sign in' is clicked on

2021-05-29 10:09:53 - [MESSAGE][PASSED] - Call Test Case 'Test Cases/1712666/CommonTC/CTC_Login' successfully

2021-05-29 10:09:53 - [TEST_STEP][PASSED] - click(findTestObject("Object Repository/Page_Town Square - abc Mattermost/div_phuc")): Object: 'Object Repository/Page_Town Square - abc Mattermost/div_phuc' is clicked on

2021-05-29 10:09:57 - [MESSAGE][PASSED] - Object: 'Object Repository/Page_Town Square - abc Mattermost/div_phuc' is clicked on

2021-05-29 10:09:57 - [TEST_STEP][PASSED] - click(findTestObject("Object Repository/Page_Town Square - abc Mattermost/span_Create a Team")): Object: 'Object Repository/Page_Town Square - abc Mattermost/span_Create a Team' is clicked on

2021-05-29 10:09:58 - [MESSAGE][PASSED] - Object: 'Object Repository/Page_Town Square - abc Mattermost/span_Create a Team' is clicked on

2021-05-29 10:09:58 - [TEST_STEP][PASSED] - setText(findTestObject("Object Repository/Page_Town Square - abc Mattermost/input_Team Name_teamNameInput"), var_teamName): Text 'test2' is set on object 'Object Repository/Page_Town Square - abc Mattermost/input_Team Name_teamNameInput'

2021-05-29 10:09:59 - [MESSAGE][PASSED] - Text 'test2' is set on object 'Object Repository/Page_Town Square - abc Mattermost/input_Team Name_teamNameInput'

2021-05-29 10:09:59 - [TEST_STEP][PASSED] - click(findTestObject("Object Repository/Page_Town Square - abc Mattermost/span_Next")): Object: 'Object Repository/Page_Town Square - abc Mattermost/span_Next' is clicked on

2021-05-29 10:10:00 - [MESSAGE][PASSED] - Object: 'Object Repository/Page_Town Square - abc Mattermost/span_Next' is clicked on

2021-05-29 10:10:00 - [TEST_STEP][PASSED] - click(findTestObject("Object Repository/Page_Town Square - abc Mattermost/span_Finish")): Object: 'Object Repository/Page_Town Square - abc Mattermost/span_Finish' is clicked on

2021-05-29 10:10:01 - [MESSAGE][PASSED] - Object: 'Object Repository/Page_Town Square - abc Mattermost/span_Finish' is clicked on

2021-05-29 10:10:01 - [TEST_STEP][FAILED] - if (var_statusExpected.toString() == "empty"): Unable to verify object 'Object Repository/Page_Town Square - abc Mattermost/label_A team with that name already exists' is not present (Root cause: com.kms.katalon.core.exception.StepFailedException: Unable to verify object 'Object Repository/Page_Town Square - abc Mattermost/label_A team with that name already exists' is not present
	at com.kms.katalon.core.webui.keyword.internal.WebUIKeywordMain.stepFailed(WebUIKeywordMain.groovy:64)
	at com.kms.katalon.core.webui.keyword.internal.WebUIKeywordMain.runKeyword(WebUIKeywordMain.groovy:26)
	at com.kms.katalon.core.webui.keyword.internal.WebUIKeywordMain$runKeyword.call(Unknown Source)
	at com.kms.katalon.core.webui.keyword.builtin.VerifyElementNotPresentKeyword.verifyElementNotPresent(VerifyElementNotPresentKeyword.groovy:117)
	at com.kms.katalon.core.webui.keyword.builtin.VerifyElementNotPresentKeyword.execute(VerifyElementNotPresentKeyword.groovy:68)
	at com.kms.katalon.core.keyword.internal.KeywordExecutor.executeKeywordForPlatform(KeywordExecutor.groovy:73)
	at com.kms.katalon.core.webui.keyword.WebUiBuiltInKeywords.verifyElementNotPresent(WebUiBuiltInKeywords.groovy:1496)
	at com.kms.katalon.core.webui.keyword.WebUiBuiltInKeywords$verifyElementNotPresent$6.call(Unknown Source)
	at TC11_CreateATeam.run(TC11_CreateATeam:38)
	at com.kms.katalon.core.main.ScriptEngine.run(ScriptEngine.java:194)
	at com.kms.katalon.core.main.ScriptEngine.runScriptAsRawText(ScriptEngine.java:119)
	at com.kms.katalon.core.main.TestCaseExecutor.runScript(TestCaseExecutor.java:398)
	at com.kms.katalon.core.main.TestCaseExecutor.doExecute(TestCaseExecutor.java:389)
	at com.kms.katalon.core.main.TestCaseExecutor.processExecutionPhase(TestCaseExecutor.java:368)
	at com.kms.katalon.core.main.TestCaseExecutor.accessMainPhase(TestCaseExecutor.java:360)
	at com.kms.katalon.core.main.TestCaseExecutor.execute(TestCaseExecutor.java:255)
	at com.kms.katalon.core.main.TestSuiteExecutor.accessTestCaseMainPhase(TestSuiteExecutor.java:203)
	at com.kms.katalon.core.main.TestSuiteExecutor.accessTestSuiteMainPhase(TestSuiteExecutor.java:152)
	at com.kms.katalon.core.main.TestSuiteExecutor.execute(TestSuiteExecutor.java:95)
	at com.kms.katalon.core.main.TestCaseMain.startTestSuite(TestCaseMain.java:157)
	at com.kms.katalon.core.main.TestCaseMain$startTestSuite$0.call(Unknown Source)
	at TempTestSuite1622257361884.run(TempTestSuite1622257361884.groovy:39)
Caused by: com.kms.katalon.core.exception.StepFailedException: Web element with id: 'Object Repository/Page_Town Square - abc Mattermost/label_A team with that name already exists' located by 'By.xpath: //div[@id='root']/div/div/div/div[3]/div/div/div/form/div/label' is present after '5' second(s)
	at com.kms.katalon.core.webui.keyword.internal.WebUIKeywordMain.stepFailed(WebUIKeywordMain.groovy:64)
	at com.kms.katalon.core.webui.keyword.internal.WebUIKeywordMain$stepFailed$0.call(Unknown Source)
	at com.kms.katalon.core.webui.keyword.builtin.VerifyElementNotPresentKeyword$_verifyElementNotPresent_closure1.doCall(VerifyElementNotPresentKeyword.groovy:106)
	at com.kms.katalon.core.webui.keyword.builtin.VerifyElementNotPresentKeyword$_verifyElementNotPresent_closure1.doCall(VerifyElementNotPresentKeyword.groovy)
	at com.kms.katalon.core.webui.keyword.internal.WebUIKeywordMain.runKeyword(WebUIKeywordMain.groovy:20)
	... 20 more
)

2021-05-29 10:10:01 - [TEST_STEP][FAILED] - verifyElementNotPresent(findTestObject("Object Repository/Page_Town Square - abc Mattermost/label_A team with that name already exists"), 5): Unable to verify object 'Object Repository/Page_Town Square - abc Mattermost/label_A team with that name already exists' is not present (Root cause: com.kms.katalon.core.exception.StepFailedException: Unable to verify object 'Object Repository/Page_Town Square - abc Mattermost/label_A team with that name already exists' is not present
	at com.kms.katalon.core.webui.keyword.internal.WebUIKeywordMain.stepFailed(WebUIKeywordMain.groovy:64)
	at com.kms.katalon.core.webui.keyword.internal.WebUIKeywordMain.runKeyword(WebUIKeywordMain.groovy:26)
	at com.kms.katalon.core.webui.keyword.internal.WebUIKeywordMain$runKeyword.call(Unknown Source)
	at com.kms.katalon.core.webui.keyword.builtin.VerifyElementNotPresentKeyword.verifyElementNotPresent(VerifyElementNotPresentKeyword.groovy:117)
	at com.kms.katalon.core.webui.keyword.builtin.VerifyElementNotPresentKeyword.execute(VerifyElementNotPresentKeyword.groovy:68)
	at com.kms.katalon.core.keyword.internal.KeywordExecutor.executeKeywordForPlatform(KeywordExecutor.groovy:73)
	at com.kms.katalon.core.webui.keyword.WebUiBuiltInKeywords.verifyElementNotPresent(WebUiBuiltInKeywords.groovy:1496)
	at com.kms.katalon.core.webui.keyword.WebUiBuiltInKeywords$verifyElementNotPresent$6.call(Unknown Source)
	at TC11_CreateATeam.run(TC11_CreateATeam:38)
	at com.kms.katalon.core.main.ScriptEngine.run(ScriptEngine.java:194)
	at com.kms.katalon.core.main.ScriptEngine.runScriptAsRawText(ScriptEngine.java:119)
	at com.kms.katalon.core.main.TestCaseExecutor.runScript(TestCaseExecutor.java:398)
	at com.kms.katalon.core.main.TestCaseExecutor.doExecute(TestCaseExecutor.java:389)
	at com.kms.katalon.core.main.TestCaseExecutor.processExecutionPhase(TestCaseExecutor.java:368)
	at com.kms.katalon.core.main.TestCaseExecutor.accessMainPhase(TestCaseExecutor.java:360)
	at com.kms.katalon.core.main.TestCaseExecutor.execute(TestCaseExecutor.java:255)
	at com.kms.katalon.core.main.TestSuiteExecutor.accessTestCaseMainPhase(TestSuiteExecutor.java:203)
	at com.kms.katalon.core.main.TestSuiteExecutor.accessTestSuiteMainPhase(TestSuiteExecutor.java:152)
	at com.kms.katalon.core.main.TestSuiteExecutor.execute(TestSuiteExecutor.java:95)
	at com.kms.katalon.core.main.TestCaseMain.startTestSuite(TestCaseMain.java:157)
	at com.kms.katalon.core.main.TestCaseMain$startTestSuite$0.call(Unknown Source)
	at TempTestSuite1622257361884.run(TempTestSuite1622257361884.groovy:39)
Caused by: com.kms.katalon.core.exception.StepFailedException: Web element with id: 'Object Repository/Page_Town Square - abc Mattermost/label_A team with that name already exists' located by 'By.xpath: //div[@id='root']/div/div/div/div[3]/div/div/div/form/div/label' is present after '5' second(s)
	at com.kms.katalon.core.webui.keyword.internal.WebUIKeywordMain.stepFailed(WebUIKeywordMain.groovy:64)
	at com.kms.katalon.core.webui.keyword.internal.WebUIKeywordMain$stepFailed$0.call(Unknown Source)
	at com.kms.katalon.core.webui.keyword.builtin.VerifyElementNotPresentKeyword$_verifyElementNotPresent_closure1.doCall(VerifyElementNotPresentKeyword.groovy:106)
	at com.kms.katalon.core.webui.keyword.builtin.VerifyElementNotPresentKeyword$_verifyElementNotPresent_closure1.doCall(VerifyElementNotPresentKeyword.groovy)
	at com.kms.katalon.core.webui.keyword.internal.WebUIKeywordMain.runKeyword(WebUIKeywordMain.groovy:20)
	... 20 more
)

2021-05-29 10:10:07 - [MESSAGE][FAILED] - Web element with id: 'Object Repository/Page_Town Square - abc Mattermost/label_A team with that name already exists' located by 'By.xpath: //div[@id='root']/div/div/div/div[3]/div/div/div/form/div/label' is present after '5' second(s) (Root cause: com.kms.katalon.core.exception.StepFailedException: Web element with id: 'Object Repository/Page_Town Square - abc Mattermost/label_A team with that name already exists' located by 'By.xpath: //div[@id='root']/div/div/div/div[3]/div/div/div/form/div/label' is present after '5' second(s)
	at com.kms.katalon.core.webui.keyword.internal.WebUIKeywordMain.stepFailed(WebUIKeywordMain.groovy:64)
	at com.kms.katalon.core.webui.keyword.internal.WebUIKeywordMain$stepFailed$0.call(Unknown Source)
	at com.kms.katalon.core.webui.keyword.builtin.VerifyElementNotPresentKeyword$_verifyElementNotPresent_closure1.doCall(VerifyElementNotPresentKeyword.groovy:106)
	at com.kms.katalon.core.webui.keyword.builtin.VerifyElementNotPresentKeyword$_verifyElementNotPresent_closure1.doCall(VerifyElementNotPresentKeyword.groovy)
	at com.kms.katalon.core.webui.keyword.internal.WebUIKeywordMain.runKeyword(WebUIKeywordMain.groovy:20)
	at com.kms.katalon.core.webui.keyword.internal.WebUIKeywordMain$runKeyword.call(Unknown Source)
	at com.kms.katalon.core.webui.keyword.builtin.VerifyElementNotPresentKeyword.verifyElementNotPresent(VerifyElementNotPresentKeyword.groovy:117)
	at com.kms.katalon.core.webui.keyword.builtin.VerifyElementNotPresentKeyword.execute(VerifyElementNotPresentKeyword.groovy:68)
	at com.kms.katalon.core.keyword.internal.KeywordExecutor.executeKeywordForPlatform(KeywordExecutor.groovy:73)
	at com.kms.katalon.core.webui.keyword.WebUiBuiltInKeywords.verifyElementNotPresent(WebUiBuiltInKeywords.groovy:1496)
	at com.kms.katalon.core.webui.keyword.WebUiBuiltInKeywords$verifyElementNotPresent$6.call(Unknown Source)
	at TC11_CreateATeam.run(TC11_CreateATeam:38)
	at com.kms.katalon.core.main.ScriptEngine.run(ScriptEngine.java:194)
	at com.kms.katalon.core.main.ScriptEngine.runScriptAsRawText(ScriptEngine.java:119)
	at com.kms.katalon.core.main.TestCaseExecutor.runScript(TestCaseExecutor.java:398)
	at com.kms.katalon.core.main.TestCaseExecutor.doExecute(TestCaseExecutor.java:389)
	at com.kms.katalon.core.main.TestCaseExecutor.processExecutionPhase(TestCaseExecutor.java:368)
	at com.kms.katalon.core.main.TestCaseExecutor.accessMainPhase(TestCaseExecutor.java:360)
	at com.kms.katalon.core.main.TestCaseExecutor.execute(TestCaseExecutor.java:255)
	at com.kms.katalon.core.main.TestSuiteExecutor.accessTestCaseMainPhase(TestSuiteExecutor.java:203)
	at com.kms.katalon.core.main.TestSuiteExecutor.accessTestSuiteMainPhase(TestSuiteExecutor.java:152)
	at com.kms.katalon.core.main.TestSuiteExecutor.execute(TestSuiteExecutor.java:95)
	at com.kms.katalon.core.main.TestCaseMain.startTestSuite(TestCaseMain.java:157)
	at com.kms.katalon.core.main.TestCaseMain$startTestSuite$0.call(Unknown Source)
	at TempTestSuite1622257361884.run(TempTestSuite1622257361884.groovy:39)
)
[[ATTACHMENT|E:\\Tai lieu hoc\\Nam 7\\HK2\\New Topics\\Homework 2\\New folder\\Mattermost_Autotesting\\Reports\\20210529_100241\\1412263\\Run_All_Test_Cases\\20210529_100241\\1622257807047.png]]

2021-05-29 10:10:07 - [MESSAGE][FAILED] - Unable to verify object 'Object Repository/Page_Town Square - abc Mattermost/label_A team with that name already exists' is not present (Root cause: com.kms.katalon.core.exception.StepFailedException: Unable to verify object 'Object Repository/Page_Town Square - abc Mattermost/label_A team with that name already exists' is not present
	at com.kms.katalon.core.webui.keyword.internal.WebUIKeywordMain.stepFailed(WebUIKeywordMain.groovy:64)
	at com.kms.katalon.core.webui.keyword.internal.WebUIKeywordMain.runKeyword(WebUIKeywordMain.groovy:26)
	at com.kms.katalon.core.webui.keyword.internal.WebUIKeywordMain$runKeyword.call(Unknown Source)
	at com.kms.katalon.core.webui.keyword.builtin.VerifyElementNotPresentKeyword.verifyElementNotPresent(VerifyElementNotPresentKeyword.groovy:117)
	at com.kms.katalon.core.webui.keyword.builtin.VerifyElementNotPresentKeyword.execute(VerifyElementNotPresentKeyword.groovy:68)
	at com.kms.katalon.core.keyword.internal.KeywordExecutor.executeKeywordForPlatform(KeywordExecutor.groovy:73)
	at com.kms.katalon.core.webui.keyword.WebUiBuiltInKeywords.verifyElementNotPresent(WebUiBuiltInKeywords.groovy:1496)
	at com.kms.katalon.core.webui.keyword.WebUiBuiltInKeywords$verifyElementNotPresent$6.call(Unknown Source)
	at TC11_CreateATeam.run(TC11_CreateATeam:38)
	at com.kms.katalon.core.main.ScriptEngine.run(ScriptEngine.java:194)
	at com.kms.katalon.core.main.ScriptEngine.runScriptAsRawText(ScriptEngine.java:119)
	at com.kms.katalon.core.main.TestCaseExecutor.runScript(TestCaseExecutor.java:398)
	at com.kms.katalon.core.main.TestCaseExecutor.doExecute(TestCaseExecutor.java:389)
	at com.kms.katalon.core.main.TestCaseExecutor.processExecutionPhase(TestCaseExecutor.java:368)
	at com.kms.katalon.core.main.TestCaseExecutor.accessMainPhase(TestCaseExecutor.java:360)
	at com.kms.katalon.core.main.TestCaseExecutor.execute(TestCaseExecutor.java:255)
	at com.kms.katalon.core.main.TestSuiteExecutor.accessTestCaseMainPhase(TestSuiteExecutor.java:203)
	at com.kms.katalon.core.main.TestSuiteExecutor.accessTestSuiteMainPhase(TestSuiteExecutor.java:152)
	at com.kms.katalon.core.main.TestSuiteExecutor.execute(TestSuiteExecutor.java:95)
	at com.kms.katalon.core.main.TestCaseMain.startTestSuite(TestCaseMain.java:157)
	at com.kms.katalon.core.main.TestCaseMain$startTestSuite$0.call(Unknown Source)
	at TempTestSuite1622257361884.run(TempTestSuite1622257361884.groovy:39)
Caused by: com.kms.katalon.core.exception.StepFailedException: Web element with id: 'Object Repository/Page_Town Square - abc Mattermost/label_A team with that name already exists' located by 'By.xpath: //div[@id='root']/div/div/div/div[3]/div/div/div/form/div/label' is present after '5' second(s)
	at com.kms.katalon.core.webui.keyword.internal.WebUIKeywordMain.stepFailed(WebUIKeywordMain.groovy:64)
	at com.kms.katalon.core.webui.keyword.internal.WebUIKeywordMain$stepFailed$0.call(Unknown Source)
	at com.kms.katalon.core.webui.keyword.builtin.VerifyElementNotPresentKeyword$_verifyElementNotPresent_closure1.doCall(VerifyElementNotPresentKeyword.groovy:106)
	at com.kms.katalon.core.webui.keyword.builtin.VerifyElementNotPresentKeyword$_verifyElementNotPresent_closure1.doCall(VerifyElementNotPresentKeyword.groovy)
	at com.kms.katalon.core.webui.keyword.internal.WebUIKeywordMain.runKeyword(WebUIKeywordMain.groovy:20)
	... 20 more
)
[[ATTACHMENT|E:\\Tai lieu hoc\\Nam 7\\HK2\\New Topics\\Homework 2\\New folder\\Mattermost_Autotesting\\Reports\\20210529_100241\\1412263\\Run_All_Test_Cases\\20210529_100241\\1622257807179.png]]]]></system-out>
         <system-err><![CDATA[2021-05-29 10:09:39 - [TEST_CASE][FAILED] - Test Cases/1712666/TC11_CreateATeam: Test Cases/1712666/TC11_CreateATeam FAILED.
Reason:
com.kms.katalon.core.exception.StepFailedException: Unable to verify object 'Object Repository/Page_Town Square - abc Mattermost/label_A team with that name already exists' is not present
	at com.kms.katalon.core.webui.keyword.internal.WebUIKeywordMain.stepFailed(WebUIKeywordMain.groovy:64)
	at com.kms.katalon.core.webui.keyword.internal.WebUIKeywordMain.runKeyword(WebUIKeywordMain.groovy:26)
	at com.kms.katalon.core.webui.keyword.internal.WebUIKeywordMain$runKeyword.call(Unknown Source)
	at com.kms.katalon.core.webui.keyword.builtin.VerifyElementNotPresentKeyword.verifyElementNotPresent(VerifyElementNotPresentKeyword.groovy:117)
	at com.kms.katalon.core.webui.keyword.builtin.VerifyElementNotPresentKeyword.execute(VerifyElementNotPresentKeyword.groovy:68)
	at com.kms.katalon.core.keyword.internal.KeywordExecutor.executeKeywordForPlatform(KeywordExecutor.groovy:73)
	at com.kms.katalon.core.webui.keyword.WebUiBuiltInKeywords.verifyElementNotPresent(WebUiBuiltInKeywords.groovy:1496)
	at com.kms.katalon.core.webui.keyword.WebUiBuiltInKeywords$verifyElementNotPresent$6.call(Unknown Source)
	at TC11_CreateATeam.run(TC11_CreateATeam:38)
	at com.kms.katalon.core.main.ScriptEngine.run(ScriptEngine.java:194)
	at com.kms.katalon.core.main.ScriptEngine.runScriptAsRawText(ScriptEngine.java:119)
	at com.kms.katalon.core.main.TestCaseExecutor.runScript(TestCaseExecutor.java:398)
	at com.kms.katalon.core.main.TestCaseExecutor.doExecute(TestCaseExecutor.java:389)
	at com.kms.katalon.core.main.TestCaseExecutor.processExecutionPhase(TestCaseExecutor.java:368)
	at com.kms.katalon.core.main.TestCaseExecutor.accessMainPhase(TestCaseExecutor.java:360)
	at com.kms.katalon.core.main.TestCaseExecutor.execute(TestCaseExecutor.java:255)
	at com.kms.katalon.core.main.TestSuiteExecutor.accessTestCaseMainPhase(TestSuiteExecutor.java:203)
	at com.kms.katalon.core.main.TestSuiteExecutor.accessTestSuiteMainPhase(TestSuiteExecutor.java:152)
	at com.kms.katalon.core.main.TestSuiteExecutor.execute(TestSuiteExecutor.java:95)
	at com.kms.katalon.core.main.TestCaseMain.startTestSuite(TestCaseMain.java:157)
	at com.kms.katalon.core.main.TestCaseMain$startTestSuite$0.call(Unknown Source)
	at TempTestSuite1622257361884.run(TempTestSuite1622257361884.groovy:39)
Caused by: com.kms.katalon.core.exception.StepFailedException: Web element with id: 'Object Repository/Page_Town Square - abc Mattermost/label_A team with that name already exists' located by 'By.xpath: //div[@id='root']/div/div/div/div[3]/div/div/div/form/div/label' is present after '5' second(s)
	at com.kms.katalon.core.webui.keyword.internal.WebUIKeywordMain.stepFailed(WebUIKeywordMain.groovy:64)
	at com.kms.katalon.core.webui.keyword.internal.WebUIKeywordMain$stepFailed$0.call(Unknown Source)
	at com.kms.katalon.core.webui.keyword.builtin.VerifyElementNotPresentKeyword$_verifyElementNotPresent_closure1.doCall(VerifyElementNotPresentKeyword.groovy:106)
	at com.kms.katalon.core.webui.keyword.builtin.VerifyElementNotPresentKeyword$_verifyElementNotPresent_closure1.doCall(VerifyElementNotPresentKeyword.groovy)
	at com.kms.katalon.core.webui.keyword.internal.WebUIKeywordMain.runKeyword(WebUIKeywordMain.groovy:20)
	... 20 more]]></system-err>
      </testcase>
      <testcase name="Test Cases/1712666/TC11_CreateATeam" time="22.838" classname="Test Cases/1712666/TC11_CreateATeam" status="PASSED">
         <system-out><![CDATA[2021-05-29 10:10:07 - [TEST_CASE][PASSED] - Test Cases/1712666/TC11_CreateATeam: Test Cases/1712666/TC11_CreateATeam

2021-05-29 10:10:07 - [TEST_STEP][PASSED] - openBrowser(""): Browser is opened with url: ''

2021-05-29 10:10:07 - [MESSAGE][WARNING] - A browser is already opened. Closing browser and opening a new one

2021-05-29 10:10:08 - [MESSAGE][INFO] - Starting 'Chrome' driver

2021-05-29 10:10:08 - [MESSAGE][INFO] - Action delay is set to 0 milliseconds

2021-05-29 10:10:10 - [MESSAGE][PASSED] - Browser is opened with url: ''

2021-05-29 10:10:10 - [TEST_STEP][PASSED] - navigateToUrl("https://mattermostwebapp.herokuapp.com/"): Navigate to 'https://mattermostwebapp.herokuapp.com/' successfully

2021-05-29 10:10:14 - [MESSAGE][PASSED] - Navigate to 'https://mattermostwebapp.herokuapp.com/' successfully

2021-05-29 10:10:14 - [TEST_STEP][PASSED] - callTestCase(findTestCase("1712666/CommonTC/CTC_Login"), ["var_username":"phuc", "var_password":"CSt51UwWECc="], null): Call Test Case 'Test Cases/1712666/CommonTC/CTC_Login' successfully

2021-05-29 10:10:14 - [TEST_CASE][PASSED] - Test Cases/1712666/CommonTC/CTC_Login: Test Cases/1712666/CommonTC/CTC_Login

2021-05-29 10:10:14 - [TEST_STEP][PASSED] - setText(findTestObject("Object Repository/1412263_Page_Mattermost/input_All team communication in one place, _dcc84b"), var_username): Text 'phuc' is set on object 'Object Repository/1412263_Page_Mattermost/input_All team communication in one place, _dcc84b'

2021-05-29 10:10:18 - [MESSAGE][PASSED] - Text 'phuc' is set on object 'Object Repository/1412263_Page_Mattermost/input_All team communication in one place, _dcc84b'

2021-05-29 10:10:18 - [TEST_STEP][PASSED] - setEncryptedText(findTestObject("Object Repository/1412263_Page_Mattermost/input_All team communication in one place, _a3edc6"), var_password): Text ****** has been set on object 'Object Repository/1412263_Page_Mattermost/input_All team communication in one place, _a3edc6'

2021-05-29 10:10:19 - [MESSAGE][PASSED] - Text ****** has been set on object 'Object Repository/1412263_Page_Mattermost/input_All team communication in one place, _a3edc6'

2021-05-29 10:10:19 - [TEST_STEP][PASSED] - click(findTestObject("Object Repository/1412263_Page_Mattermost/span_Sign in")): Object: 'Object Repository/1412263_Page_Mattermost/span_Sign in' is clicked on

2021-05-29 10:10:20 - [MESSAGE][PASSED] - Object: 'Object Repository/1412263_Page_Mattermost/span_Sign in' is clicked on

2021-05-29 10:10:20 - [MESSAGE][PASSED] - Call Test Case 'Test Cases/1712666/CommonTC/CTC_Login' successfully

2021-05-29 10:10:20 - [TEST_STEP][PASSED] - click(findTestObject("Object Repository/Page_Town Square - abc Mattermost/div_phuc")): Object: 'Object Repository/Page_Town Square - abc Mattermost/div_phuc' is clicked on

2021-05-29 10:10:25 - [MESSAGE][PASSED] - Object: 'Object Repository/Page_Town Square - abc Mattermost/div_phuc' is clicked on

2021-05-29 10:10:25 - [TEST_STEP][PASSED] - click(findTestObject("Object Repository/Page_Town Square - abc Mattermost/span_Create a Team")): Object: 'Object Repository/Page_Town Square - abc Mattermost/span_Create a Team' is clicked on

2021-05-29 10:10:26 - [MESSAGE][PASSED] - Object: 'Object Repository/Page_Town Square - abc Mattermost/span_Create a Team' is clicked on

2021-05-29 10:10:26 - [TEST_STEP][PASSED] - setText(findTestObject("Object Repository/Page_Town Square - abc Mattermost/input_Team Name_teamNameInput"), var_teamName): Text 'test3' is set on object 'Object Repository/Page_Town Square - abc Mattermost/input_Team Name_teamNameInput'

2021-05-29 10:10:27 - [MESSAGE][PASSED] - Text 'test3' is set on object 'Object Repository/Page_Town Square - abc Mattermost/input_Team Name_teamNameInput'

2021-05-29 10:10:27 - [TEST_STEP][PASSED] - click(findTestObject("Object Repository/Page_Town Square - abc Mattermost/span_Next")): Object: 'Object Repository/Page_Town Square - abc Mattermost/span_Next' is clicked on

2021-05-29 10:10:27 - [MESSAGE][PASSED] - Object: 'Object Repository/Page_Town Square - abc Mattermost/span_Next' is clicked on

2021-05-29 10:10:27 - [TEST_STEP][PASSED] - click(findTestObject("Object Repository/Page_Town Square - abc Mattermost/span_Finish")): Object: 'Object Repository/Page_Town Square - abc Mattermost/span_Finish' is clicked on

2021-05-29 10:10:28 - [MESSAGE][PASSED] - Object: 'Object Repository/Page_Town Square - abc Mattermost/span_Finish' is clicked on

2021-05-29 10:10:28 - [TEST_STEP][PASSED] - if (var_statusExpected.toString() == "empty"): null

2021-05-29 10:10:28 - [TEST_STEP][PASSED] - closeBrowser(): Browser is closed

2021-05-29 10:10:30 - [MESSAGE][PASSED] - Browser is closed]]></system-out>
         <system-err><![CDATA[]]></system-err>
      </testcase>
      <testcase name="Test Cases/1712666/TC11_CreateATeam" time="23.41" classname="Test Cases/1712666/TC11_CreateATeam" status="PASSED">
         <system-out><![CDATA[2021-05-29 10:10:30 - [TEST_CASE][PASSED] - Test Cases/1712666/TC11_CreateATeam: Test Cases/1712666/TC11_CreateATeam

2021-05-29 10:10:30 - [TEST_STEP][PASSED] - openBrowser(""): Browser is opened with url: ''

2021-05-29 10:10:30 - [MESSAGE][INFO] - Starting 'Chrome' driver

2021-05-29 10:10:30 - [MESSAGE][INFO] - Action delay is set to 0 milliseconds

2021-05-29 10:10:32 - [MESSAGE][PASSED] - Browser is opened with url: ''

2021-05-29 10:10:32 - [TEST_STEP][PASSED] - navigateToUrl("https://mattermostwebapp.herokuapp.com/"): Navigate to 'https://mattermostwebapp.herokuapp.com/' successfully

2021-05-29 10:10:38 - [MESSAGE][PASSED] - Navigate to 'https://mattermostwebapp.herokuapp.com/' successfully

2021-05-29 10:10:38 - [TEST_STEP][PASSED] - callTestCase(findTestCase("1712666/CommonTC/CTC_Login"), ["var_username":"phuc", "var_password":"CSt51UwWECc="], null): Call Test Case 'Test Cases/1712666/CommonTC/CTC_Login' successfully

2021-05-29 10:10:38 - [TEST_CASE][PASSED] - Test Cases/1712666/CommonTC/CTC_Login: Test Cases/1712666/CommonTC/CTC_Login

2021-05-29 10:10:38 - [TEST_STEP][PASSED] - setText(findTestObject("Object Repository/1412263_Page_Mattermost/input_All team communication in one place, _dcc84b"), var_username): Text 'phuc' is set on object 'Object Repository/1412263_Page_Mattermost/input_All team communication in one place, _dcc84b'

2021-05-29 10:10:43 - [MESSAGE][PASSED] - Text 'phuc' is set on object 'Object Repository/1412263_Page_Mattermost/input_All team communication in one place, _dcc84b'

2021-05-29 10:10:43 - [TEST_STEP][PASSED] - setEncryptedText(findTestObject("Object Repository/1412263_Page_Mattermost/input_All team communication in one place, _a3edc6"), var_password): Text ****** has been set on object 'Object Repository/1412263_Page_Mattermost/input_All team communication in one place, _a3edc6'

2021-05-29 10:10:43 - [MESSAGE][PASSED] - Text ****** has been set on object 'Object Repository/1412263_Page_Mattermost/input_All team communication in one place, _a3edc6'

2021-05-29 10:10:43 - [TEST_STEP][PASSED] - click(findTestObject("Object Repository/1412263_Page_Mattermost/span_Sign in")): Object: 'Object Repository/1412263_Page_Mattermost/span_Sign in' is clicked on

2021-05-29 10:10:44 - [MESSAGE][PASSED] - Object: 'Object Repository/1412263_Page_Mattermost/span_Sign in' is clicked on

2021-05-29 10:10:44 - [MESSAGE][PASSED] - Call Test Case 'Test Cases/1712666/CommonTC/CTC_Login' successfully

2021-05-29 10:10:44 - [TEST_STEP][PASSED] - click(findTestObject("Object Repository/Page_Town Square - abc Mattermost/div_phuc")): Object: 'Object Repository/Page_Town Square - abc Mattermost/div_phuc' is clicked on

2021-05-29 10:10:49 - [MESSAGE][PASSED] - Object: 'Object Repository/Page_Town Square - abc Mattermost/div_phuc' is clicked on

2021-05-29 10:10:49 - [TEST_STEP][PASSED] - click(findTestObject("Object Repository/Page_Town Square - abc Mattermost/span_Create a Team")): Object: 'Object Repository/Page_Town Square - abc Mattermost/span_Create a Team' is clicked on

2021-05-29 10:10:49 - [MESSAGE][PASSED] - Object: 'Object Repository/Page_Town Square - abc Mattermost/span_Create a Team' is clicked on

2021-05-29 10:10:49 - [TEST_STEP][PASSED] - setText(findTestObject("Object Repository/Page_Town Square - abc Mattermost/input_Team Name_teamNameInput"), var_teamName): Text 'test4' is set on object 'Object Repository/Page_Town Square - abc Mattermost/input_Team Name_teamNameInput'

2021-05-29 10:10:51 - [MESSAGE][PASSED] - Text 'test4' is set on object 'Object Repository/Page_Town Square - abc Mattermost/input_Team Name_teamNameInput'

2021-05-29 10:10:51 - [TEST_STEP][PASSED] - click(findTestObject("Object Repository/Page_Town Square - abc Mattermost/span_Next")): Object: 'Object Repository/Page_Town Square - abc Mattermost/span_Next' is clicked on

2021-05-29 10:10:51 - [MESSAGE][PASSED] - Object: 'Object Repository/Page_Town Square - abc Mattermost/span_Next' is clicked on

2021-05-29 10:10:51 - [TEST_STEP][PASSED] - click(findTestObject("Object Repository/Page_Town Square - abc Mattermost/span_Finish")): Object: 'Object Repository/Page_Town Square - abc Mattermost/span_Finish' is clicked on

2021-05-29 10:10:52 - [MESSAGE][PASSED] - Object: 'Object Repository/Page_Town Square - abc Mattermost/span_Finish' is clicked on

2021-05-29 10:10:52 - [TEST_STEP][PASSED] - if (var_statusExpected.toString() == "empty"): null

2021-05-29 10:10:52 - [TEST_STEP][PASSED] - closeBrowser(): Browser is closed

2021-05-29 10:10:53 - [MESSAGE][PASSED] - Browser is closed]]></system-out>
         <system-err><![CDATA[]]></system-err>
      </testcase>
      <testcase name="Test Cases/1712666/TC11_CreateATeam" time="30.397" classname="Test Cases/1712666/TC11_CreateATeam" status="FAILED">
         <failure type="FAILED" message="Test Cases/1712666/TC11_CreateATeam FAILED.
Reason:
com.kms.katalon.core.exception.StepFailedException: Unable to verify object 'Object Repository/Page_Town Square - abc Mattermost/label_A team with that name already exists' is not present
	at com.kms.katalon.core.webui.keyword.internal.WebUIKeywordMain.stepFailed(WebUIKeywordMain.groovy:64)
	at com.kms.katalon.core.webui.keyword.internal.WebUIKeywordMain.runKeyword(WebUIKeywordMain.groovy:26)
	at com.kms.katalon.core.webui.keyword.internal.WebUIKeywordMain$runKeyword.call(Unknown Source)
	at com.kms.katalon.core.webui.keyword.builtin.VerifyElementNotPresentKeyword.verifyElementNotPresent(VerifyElementNotPresentKeyword.groovy:117)
	at com.kms.katalon.core.webui.keyword.builtin.VerifyElementNotPresentKeyword.execute(VerifyElementNotPresentKeyword.groovy:68)
	at com.kms.katalon.core.keyword.internal.KeywordExecutor.executeKeywordForPlatform(KeywordExecutor.groovy:73)
	at com.kms.katalon.core.webui.keyword.WebUiBuiltInKeywords.verifyElementNotPresent(WebUiBuiltInKeywords.groovy:1496)
	at com.kms.katalon.core.webui.keyword.WebUiBuiltInKeywords$verifyElementNotPresent$6.call(Unknown Source)
	at TC11_CreateATeam.run(TC11_CreateATeam:38)
	at com.kms.katalon.core.main.ScriptEngine.run(ScriptEngine.java:194)
	at com.kms.katalon.core.main.ScriptEngine.runScriptAsRawText(ScriptEngine.java:119)
	at com.kms.katalon.core.main.TestCaseExecutor.runScript(TestCaseExecutor.java:398)
	at com.kms.katalon.core.main.TestCaseExecutor.doExecute(TestCaseExecutor.java:389)
	at com.kms.katalon.core.main.TestCaseExecutor.processExecutionPhase(TestCaseExecutor.java:368)
	at com.kms.katalon.core.main.TestCaseExecutor.accessMainPhase(TestCaseExecutor.java:360)
	at com.kms.katalon.core.main.TestCaseExecutor.execute(TestCaseExecutor.java:255)
	at com.kms.katalon.core.main.TestSuiteExecutor.accessTestCaseMainPhase(TestSuiteExecutor.java:203)
	at com.kms.katalon.core.main.TestSuiteExecutor.accessTestSuiteMainPhase(TestSuiteExecutor.java:152)
	at com.kms.katalon.core.main.TestSuiteExecutor.execute(TestSuiteExecutor.java:95)
	at com.kms.katalon.core.main.TestCaseMain.startTestSuite(TestCaseMain.java:157)
	at com.kms.katalon.core.main.TestCaseMain$startTestSuite$0.call(Unknown Source)
	at TempTestSuite1622257361884.run(TempTestSuite1622257361884.groovy:39)
Caused by: com.kms.katalon.core.exception.StepFailedException: Web element with id: 'Object Repository/Page_Town Square - abc Mattermost/label_A team with that name already exists' located by 'By.xpath: //div[@id='root']/div/div/div/div[3]/div/div/div/form/div/label' is present after '5' second(s)
	at com.kms.katalon.core.webui.keyword.internal.WebUIKeywordMain.stepFailed(WebUIKeywordMain.groovy:64)
	at com.kms.katalon.core.webui.keyword.internal.WebUIKeywordMain$stepFailed$0.call(Unknown Source)
	at com.kms.katalon.core.webui.keyword.builtin.VerifyElementNotPresentKeyword$_verifyElementNotPresent_closure1.doCall(VerifyElementNotPresentKeyword.groovy:106)
	at com.kms.katalon.core.webui.keyword.builtin.VerifyElementNotPresentKeyword$_verifyElementNotPresent_closure1.doCall(VerifyElementNotPresentKeyword.groovy)
	at com.kms.katalon.core.webui.keyword.internal.WebUIKeywordMain.runKeyword(WebUIKeywordMain.groovy:20)
	... 20 more
"/>
         <system-out><![CDATA[2021-05-29 10:10:53 - [TEST_CASE][FAILED] - Test Cases/1712666/TC11_CreateATeam: Test Cases/1712666/TC11_CreateATeam FAILED.
Reason:
com.kms.katalon.core.exception.StepFailedException: Unable to verify object 'Object Repository/Page_Town Square - abc Mattermost/label_A team with that name already exists' is not present
	at com.kms.katalon.core.webui.keyword.internal.WebUIKeywordMain.stepFailed(WebUIKeywordMain.groovy:64)
	at com.kms.katalon.core.webui.keyword.internal.WebUIKeywordMain.runKeyword(WebUIKeywordMain.groovy:26)
	at com.kms.katalon.core.webui.keyword.internal.WebUIKeywordMain$runKeyword.call(Unknown Source)
	at com.kms.katalon.core.webui.keyword.builtin.VerifyElementNotPresentKeyword.verifyElementNotPresent(VerifyElementNotPresentKeyword.groovy:117)
	at com.kms.katalon.core.webui.keyword.builtin.VerifyElementNotPresentKeyword.execute(VerifyElementNotPresentKeyword.groovy:68)
	at com.kms.katalon.core.keyword.internal.KeywordExecutor.executeKeywordForPlatform(KeywordExecutor.groovy:73)
	at com.kms.katalon.core.webui.keyword.WebUiBuiltInKeywords.verifyElementNotPresent(WebUiBuiltInKeywords.groovy:1496)
	at com.kms.katalon.core.webui.keyword.WebUiBuiltInKeywords$verifyElementNotPresent$6.call(Unknown Source)
	at TC11_CreateATeam.run(TC11_CreateATeam:38)
	at com.kms.katalon.core.main.ScriptEngine.run(ScriptEngine.java:194)
	at com.kms.katalon.core.main.ScriptEngine.runScriptAsRawText(ScriptEngine.java:119)
	at com.kms.katalon.core.main.TestCaseExecutor.runScript(TestCaseExecutor.java:398)
	at com.kms.katalon.core.main.TestCaseExecutor.doExecute(TestCaseExecutor.java:389)
	at com.kms.katalon.core.main.TestCaseExecutor.processExecutionPhase(TestCaseExecutor.java:368)
	at com.kms.katalon.core.main.TestCaseExecutor.accessMainPhase(TestCaseExecutor.java:360)
	at com.kms.katalon.core.main.TestCaseExecutor.execute(TestCaseExecutor.java:255)
	at com.kms.katalon.core.main.TestSuiteExecutor.accessTestCaseMainPhase(TestSuiteExecutor.java:203)
	at com.kms.katalon.core.main.TestSuiteExecutor.accessTestSuiteMainPhase(TestSuiteExecutor.java:152)
	at com.kms.katalon.core.main.TestSuiteExecutor.execute(TestSuiteExecutor.java:95)
	at com.kms.katalon.core.main.TestCaseMain.startTestSuite(TestCaseMain.java:157)
	at com.kms.katalon.core.main.TestCaseMain$startTestSuite$0.call(Unknown Source)
	at TempTestSuite1622257361884.run(TempTestSuite1622257361884.groovy:39)
Caused by: com.kms.katalon.core.exception.StepFailedException: Web element with id: 'Object Repository/Page_Town Square - abc Mattermost/label_A team with that name already exists' located by 'By.xpath: //div[@id='root']/div/div/div/div[3]/div/div/div/form/div/label' is present after '5' second(s)
	at com.kms.katalon.core.webui.keyword.internal.WebUIKeywordMain.stepFailed(WebUIKeywordMain.groovy:64)
	at com.kms.katalon.core.webui.keyword.internal.WebUIKeywordMain$stepFailed$0.call(Unknown Source)
	at com.kms.katalon.core.webui.keyword.builtin.VerifyElementNotPresentKeyword$_verifyElementNotPresent_closure1.doCall(VerifyElementNotPresentKeyword.groovy:106)
	at com.kms.katalon.core.webui.keyword.builtin.VerifyElementNotPresentKeyword$_verifyElementNotPresent_closure1.doCall(VerifyElementNotPresentKeyword.groovy)
	at com.kms.katalon.core.webui.keyword.internal.WebUIKeywordMain.runKeyword(WebUIKeywordMain.groovy:20)
	... 20 more


2021-05-29 10:10:53 - [TEST_STEP][PASSED] - openBrowser(""): Browser is opened with url: ''

2021-05-29 10:10:53 - [MESSAGE][INFO] - Starting 'Chrome' driver

2021-05-29 10:10:53 - [MESSAGE][INFO] - Action delay is set to 0 milliseconds

2021-05-29 10:10:56 - [MESSAGE][PASSED] - Browser is opened with url: ''

2021-05-29 10:10:56 - [TEST_STEP][PASSED] - navigateToUrl("https://mattermostwebapp.herokuapp.com/"): Navigate to 'https://mattermostwebapp.herokuapp.com/' successfully

2021-05-29 10:11:00 - [MESSAGE][PASSED] - Navigate to 'https://mattermostwebapp.herokuapp.com/' successfully

2021-05-29 10:11:00 - [TEST_STEP][PASSED] - callTestCase(findTestCase("1712666/CommonTC/CTC_Login"), ["var_username":"phuc", "var_password":"CSt51UwWECc="], null): Call Test Case 'Test Cases/1712666/CommonTC/CTC_Login' successfully

2021-05-29 10:11:00 - [TEST_CASE][PASSED] - Test Cases/1712666/CommonTC/CTC_Login: Test Cases/1712666/CommonTC/CTC_Login

2021-05-29 10:11:00 - [TEST_STEP][PASSED] - setText(findTestObject("Object Repository/1412263_Page_Mattermost/input_All team communication in one place, _dcc84b"), var_username): Text 'phuc' is set on object 'Object Repository/1412263_Page_Mattermost/input_All team communication in one place, _dcc84b'

2021-05-29 10:11:06 - [MESSAGE][PASSED] - Text 'phuc' is set on object 'Object Repository/1412263_Page_Mattermost/input_All team communication in one place, _dcc84b'

2021-05-29 10:11:06 - [TEST_STEP][PASSED] - setEncryptedText(findTestObject("Object Repository/1412263_Page_Mattermost/input_All team communication in one place, _a3edc6"), var_password): Text ****** has been set on object 'Object Repository/1412263_Page_Mattermost/input_All team communication in one place, _a3edc6'

2021-05-29 10:11:07 - [MESSAGE][PASSED] - Text ****** has been set on object 'Object Repository/1412263_Page_Mattermost/input_All team communication in one place, _a3edc6'

2021-05-29 10:11:07 - [TEST_STEP][PASSED] - click(findTestObject("Object Repository/1412263_Page_Mattermost/span_Sign in")): Object: 'Object Repository/1412263_Page_Mattermost/span_Sign in' is clicked on

2021-05-29 10:11:08 - [MESSAGE][PASSED] - Object: 'Object Repository/1412263_Page_Mattermost/span_Sign in' is clicked on

2021-05-29 10:11:08 - [MESSAGE][PASSED] - Call Test Case 'Test Cases/1712666/CommonTC/CTC_Login' successfully

2021-05-29 10:11:08 - [TEST_STEP][PASSED] - click(findTestObject("Object Repository/Page_Town Square - abc Mattermost/div_phuc")): Object: 'Object Repository/Page_Town Square - abc Mattermost/div_phuc' is clicked on

2021-05-29 10:11:13 - [MESSAGE][PASSED] - Object: 'Object Repository/Page_Town Square - abc Mattermost/div_phuc' is clicked on

2021-05-29 10:11:13 - [TEST_STEP][PASSED] - click(findTestObject("Object Repository/Page_Town Square - abc Mattermost/span_Create a Team")): Object: 'Object Repository/Page_Town Square - abc Mattermost/span_Create a Team' is clicked on

2021-05-29 10:11:14 - [MESSAGE][PASSED] - Object: 'Object Repository/Page_Town Square - abc Mattermost/span_Create a Team' is clicked on

2021-05-29 10:11:14 - [TEST_STEP][PASSED] - setText(findTestObject("Object Repository/Page_Town Square - abc Mattermost/input_Team Name_teamNameInput"), var_teamName): Text 'test5' is set on object 'Object Repository/Page_Town Square - abc Mattermost/input_Team Name_teamNameInput'

2021-05-29 10:11:16 - [MESSAGE][PASSED] - Text 'test5' is set on object 'Object Repository/Page_Town Square - abc Mattermost/input_Team Name_teamNameInput'

2021-05-29 10:11:16 - [TEST_STEP][PASSED] - click(findTestObject("Object Repository/Page_Town Square - abc Mattermost/span_Next")): Object: 'Object Repository/Page_Town Square - abc Mattermost/span_Next' is clicked on

2021-05-29 10:11:17 - [MESSAGE][PASSED] - Object: 'Object Repository/Page_Town Square - abc Mattermost/span_Next' is clicked on

2021-05-29 10:11:17 - [TEST_STEP][PASSED] - click(findTestObject("Object Repository/Page_Town Square - abc Mattermost/span_Finish")): Object: 'Object Repository/Page_Town Square - abc Mattermost/span_Finish' is clicked on

2021-05-29 10:11:18 - [MESSAGE][PASSED] - Object: 'Object Repository/Page_Town Square - abc Mattermost/span_Finish' is clicked on

2021-05-29 10:11:18 - [TEST_STEP][FAILED] - if (var_statusExpected.toString() == "empty"): Unable to verify object 'Object Repository/Page_Town Square - abc Mattermost/label_A team with that name already exists' is not present (Root cause: com.kms.katalon.core.exception.StepFailedException: Unable to verify object 'Object Repository/Page_Town Square - abc Mattermost/label_A team with that name already exists' is not present
	at com.kms.katalon.core.webui.keyword.internal.WebUIKeywordMain.stepFailed(WebUIKeywordMain.groovy:64)
	at com.kms.katalon.core.webui.keyword.internal.WebUIKeywordMain.runKeyword(WebUIKeywordMain.groovy:26)
	at com.kms.katalon.core.webui.keyword.internal.WebUIKeywordMain$runKeyword.call(Unknown Source)
	at com.kms.katalon.core.webui.keyword.builtin.VerifyElementNotPresentKeyword.verifyElementNotPresent(VerifyElementNotPresentKeyword.groovy:117)
	at com.kms.katalon.core.webui.keyword.builtin.VerifyElementNotPresentKeyword.execute(VerifyElementNotPresentKeyword.groovy:68)
	at com.kms.katalon.core.keyword.internal.KeywordExecutor.executeKeywordForPlatform(KeywordExecutor.groovy:73)
	at com.kms.katalon.core.webui.keyword.WebUiBuiltInKeywords.verifyElementNotPresent(WebUiBuiltInKeywords.groovy:1496)
	at com.kms.katalon.core.webui.keyword.WebUiBuiltInKeywords$verifyElementNotPresent$6.call(Unknown Source)
	at TC11_CreateATeam.run(TC11_CreateATeam:38)
	at com.kms.katalon.core.main.ScriptEngine.run(ScriptEngine.java:194)
	at com.kms.katalon.core.main.ScriptEngine.runScriptAsRawText(ScriptEngine.java:119)
	at com.kms.katalon.core.main.TestCaseExecutor.runScript(TestCaseExecutor.java:398)
	at com.kms.katalon.core.main.TestCaseExecutor.doExecute(TestCaseExecutor.java:389)
	at com.kms.katalon.core.main.TestCaseExecutor.processExecutionPhase(TestCaseExecutor.java:368)
	at com.kms.katalon.core.main.TestCaseExecutor.accessMainPhase(TestCaseExecutor.java:360)
	at com.kms.katalon.core.main.TestCaseExecutor.execute(TestCaseExecutor.java:255)
	at com.kms.katalon.core.main.TestSuiteExecutor.accessTestCaseMainPhase(TestSuiteExecutor.java:203)
	at com.kms.katalon.core.main.TestSuiteExecutor.accessTestSuiteMainPhase(TestSuiteExecutor.java:152)
	at com.kms.katalon.core.main.TestSuiteExecutor.execute(TestSuiteExecutor.java:95)
	at com.kms.katalon.core.main.TestCaseMain.startTestSuite(TestCaseMain.java:157)
	at com.kms.katalon.core.main.TestCaseMain$startTestSuite$0.call(Unknown Source)
	at TempTestSuite1622257361884.run(TempTestSuite1622257361884.groovy:39)
Caused by: com.kms.katalon.core.exception.StepFailedException: Web element with id: 'Object Repository/Page_Town Square - abc Mattermost/label_A team with that name already exists' located by 'By.xpath: //div[@id='root']/div/div/div/div[3]/div/div/div/form/div/label' is present after '5' second(s)
	at com.kms.katalon.core.webui.keyword.internal.WebUIKeywordMain.stepFailed(WebUIKeywordMain.groovy:64)
	at com.kms.katalon.core.webui.keyword.internal.WebUIKeywordMain$stepFailed$0.call(Unknown Source)
	at com.kms.katalon.core.webui.keyword.builtin.VerifyElementNotPresentKeyword$_verifyElementNotPresent_closure1.doCall(VerifyElementNotPresentKeyword.groovy:106)
	at com.kms.katalon.core.webui.keyword.builtin.VerifyElementNotPresentKeyword$_verifyElementNotPresent_closure1.doCall(VerifyElementNotPresentKeyword.groovy)
	at com.kms.katalon.core.webui.keyword.internal.WebUIKeywordMain.runKeyword(WebUIKeywordMain.groovy:20)
	... 20 more
)

2021-05-29 10:11:18 - [TEST_STEP][FAILED] - verifyElementNotPresent(findTestObject("Object Repository/Page_Town Square - abc Mattermost/label_A team with that name already exists"), 5): Unable to verify object 'Object Repository/Page_Town Square - abc Mattermost/label_A team with that name already exists' is not present (Root cause: com.kms.katalon.core.exception.StepFailedException: Unable to verify object 'Object Repository/Page_Town Square - abc Mattermost/label_A team with that name already exists' is not present
	at com.kms.katalon.core.webui.keyword.internal.WebUIKeywordMain.stepFailed(WebUIKeywordMain.groovy:64)
	at com.kms.katalon.core.webui.keyword.internal.WebUIKeywordMain.runKeyword(WebUIKeywordMain.groovy:26)
	at com.kms.katalon.core.webui.keyword.internal.WebUIKeywordMain$runKeyword.call(Unknown Source)
	at com.kms.katalon.core.webui.keyword.builtin.VerifyElementNotPresentKeyword.verifyElementNotPresent(VerifyElementNotPresentKeyword.groovy:117)
	at com.kms.katalon.core.webui.keyword.builtin.VerifyElementNotPresentKeyword.execute(VerifyElementNotPresentKeyword.groovy:68)
	at com.kms.katalon.core.keyword.internal.KeywordExecutor.executeKeywordForPlatform(KeywordExecutor.groovy:73)
	at com.kms.katalon.core.webui.keyword.WebUiBuiltInKeywords.verifyElementNotPresent(WebUiBuiltInKeywords.groovy:1496)
	at com.kms.katalon.core.webui.keyword.WebUiBuiltInKeywords$verifyElementNotPresent$6.call(Unknown Source)
	at TC11_CreateATeam.run(TC11_CreateATeam:38)
	at com.kms.katalon.core.main.ScriptEngine.run(ScriptEngine.java:194)
	at com.kms.katalon.core.main.ScriptEngine.runScriptAsRawText(ScriptEngine.java:119)
	at com.kms.katalon.core.main.TestCaseExecutor.runScript(TestCaseExecutor.java:398)
	at com.kms.katalon.core.main.TestCaseExecutor.doExecute(TestCaseExecutor.java:389)
	at com.kms.katalon.core.main.TestCaseExecutor.processExecutionPhase(TestCaseExecutor.java:368)
	at com.kms.katalon.core.main.TestCaseExecutor.accessMainPhase(TestCaseExecutor.java:360)
	at com.kms.katalon.core.main.TestCaseExecutor.execute(TestCaseExecutor.java:255)
	at com.kms.katalon.core.main.TestSuiteExecutor.accessTestCaseMainPhase(TestSuiteExecutor.java:203)
	at com.kms.katalon.core.main.TestSuiteExecutor.accessTestSuiteMainPhase(TestSuiteExecutor.java:152)
	at com.kms.katalon.core.main.TestSuiteExecutor.execute(TestSuiteExecutor.java:95)
	at com.kms.katalon.core.main.TestCaseMain.startTestSuite(TestCaseMain.java:157)
	at com.kms.katalon.core.main.TestCaseMain$startTestSuite$0.call(Unknown Source)
	at TempTestSuite1622257361884.run(TempTestSuite1622257361884.groovy:39)
Caused by: com.kms.katalon.core.exception.StepFailedException: Web element with id: 'Object Repository/Page_Town Square - abc Mattermost/label_A team with that name already exists' located by 'By.xpath: //div[@id='root']/div/div/div/div[3]/div/div/div/form/div/label' is present after '5' second(s)
	at com.kms.katalon.core.webui.keyword.internal.WebUIKeywordMain.stepFailed(WebUIKeywordMain.groovy:64)
	at com.kms.katalon.core.webui.keyword.internal.WebUIKeywordMain$stepFailed$0.call(Unknown Source)
	at com.kms.katalon.core.webui.keyword.builtin.VerifyElementNotPresentKeyword$_verifyElementNotPresent_closure1.doCall(VerifyElementNotPresentKeyword.groovy:106)
	at com.kms.katalon.core.webui.keyword.builtin.VerifyElementNotPresentKeyword$_verifyElementNotPresent_closure1.doCall(VerifyElementNotPresentKeyword.groovy)
	at com.kms.katalon.core.webui.keyword.internal.WebUIKeywordMain.runKeyword(WebUIKeywordMain.groovy:20)
	... 20 more
)

2021-05-29 10:11:23 - [MESSAGE][FAILED] - Web element with id: 'Object Repository/Page_Town Square - abc Mattermost/label_A team with that name already exists' located by 'By.xpath: //div[@id='root']/div/div/div/div[3]/div/div/div/form/div/label' is present after '5' second(s) (Root cause: com.kms.katalon.core.exception.StepFailedException: Web element with id: 'Object Repository/Page_Town Square - abc Mattermost/label_A team with that name already exists' located by 'By.xpath: //div[@id='root']/div/div/div/div[3]/div/div/div/form/div/label' is present after '5' second(s)
	at com.kms.katalon.core.webui.keyword.internal.WebUIKeywordMain.stepFailed(WebUIKeywordMain.groovy:64)
	at com.kms.katalon.core.webui.keyword.internal.WebUIKeywordMain$stepFailed$0.call(Unknown Source)
	at com.kms.katalon.core.webui.keyword.builtin.VerifyElementNotPresentKeyword$_verifyElementNotPresent_closure1.doCall(VerifyElementNotPresentKeyword.groovy:106)
	at com.kms.katalon.core.webui.keyword.builtin.VerifyElementNotPresentKeyword$_verifyElementNotPresent_closure1.doCall(VerifyElementNotPresentKeyword.groovy)
	at com.kms.katalon.core.webui.keyword.internal.WebUIKeywordMain.runKeyword(WebUIKeywordMain.groovy:20)
	at com.kms.katalon.core.webui.keyword.internal.WebUIKeywordMain$runKeyword.call(Unknown Source)
	at com.kms.katalon.core.webui.keyword.builtin.VerifyElementNotPresentKeyword.verifyElementNotPresent(VerifyElementNotPresentKeyword.groovy:117)
	at com.kms.katalon.core.webui.keyword.builtin.VerifyElementNotPresentKeyword.execute(VerifyElementNotPresentKeyword.groovy:68)
	at com.kms.katalon.core.keyword.internal.KeywordExecutor.executeKeywordForPlatform(KeywordExecutor.groovy:73)
	at com.kms.katalon.core.webui.keyword.WebUiBuiltInKeywords.verifyElementNotPresent(WebUiBuiltInKeywords.groovy:1496)
	at com.kms.katalon.core.webui.keyword.WebUiBuiltInKeywords$verifyElementNotPresent$6.call(Unknown Source)
	at TC11_CreateATeam.run(TC11_CreateATeam:38)
	at com.kms.katalon.core.main.ScriptEngine.run(ScriptEngine.java:194)
	at com.kms.katalon.core.main.ScriptEngine.runScriptAsRawText(ScriptEngine.java:119)
	at com.kms.katalon.core.main.TestCaseExecutor.runScript(TestCaseExecutor.java:398)
	at com.kms.katalon.core.main.TestCaseExecutor.doExecute(TestCaseExecutor.java:389)
	at com.kms.katalon.core.main.TestCaseExecutor.processExecutionPhase(TestCaseExecutor.java:368)
	at com.kms.katalon.core.main.TestCaseExecutor.accessMainPhase(TestCaseExecutor.java:360)
	at com.kms.katalon.core.main.TestCaseExecutor.execute(TestCaseExecutor.java:255)
	at com.kms.katalon.core.main.TestSuiteExecutor.accessTestCaseMainPhase(TestSuiteExecutor.java:203)
	at com.kms.katalon.core.main.TestSuiteExecutor.accessTestSuiteMainPhase(TestSuiteExecutor.java:152)
	at com.kms.katalon.core.main.TestSuiteExecutor.execute(TestSuiteExecutor.java:95)
	at com.kms.katalon.core.main.TestCaseMain.startTestSuite(TestCaseMain.java:157)
	at com.kms.katalon.core.main.TestCaseMain$startTestSuite$0.call(Unknown Source)
	at TempTestSuite1622257361884.run(TempTestSuite1622257361884.groovy:39)
)
[[ATTACHMENT|E:\\Tai lieu hoc\\Nam 7\\HK2\\New Topics\\Homework 2\\New folder\\Mattermost_Autotesting\\Reports\\20210529_100241\\1412263\\Run_All_Test_Cases\\20210529_100241\\1622257883832.png]]

2021-05-29 10:11:24 - [MESSAGE][FAILED] - Unable to verify object 'Object Repository/Page_Town Square - abc Mattermost/label_A team with that name already exists' is not present (Root cause: com.kms.katalon.core.exception.StepFailedException: Unable to verify object 'Object Repository/Page_Town Square - abc Mattermost/label_A team with that name already exists' is not present
	at com.kms.katalon.core.webui.keyword.internal.WebUIKeywordMain.stepFailed(WebUIKeywordMain.groovy:64)
	at com.kms.katalon.core.webui.keyword.internal.WebUIKeywordMain.runKeyword(WebUIKeywordMain.groovy:26)
	at com.kms.katalon.core.webui.keyword.internal.WebUIKeywordMain$runKeyword.call(Unknown Source)
	at com.kms.katalon.core.webui.keyword.builtin.VerifyElementNotPresentKeyword.verifyElementNotPresent(VerifyElementNotPresentKeyword.groovy:117)
	at com.kms.katalon.core.webui.keyword.builtin.VerifyElementNotPresentKeyword.execute(VerifyElementNotPresentKeyword.groovy:68)
	at com.kms.katalon.core.keyword.internal.KeywordExecutor.executeKeywordForPlatform(KeywordExecutor.groovy:73)
	at com.kms.katalon.core.webui.keyword.WebUiBuiltInKeywords.verifyElementNotPresent(WebUiBuiltInKeywords.groovy:1496)
	at com.kms.katalon.core.webui.keyword.WebUiBuiltInKeywords$verifyElementNotPresent$6.call(Unknown Source)
	at TC11_CreateATeam.run(TC11_CreateATeam:38)
	at com.kms.katalon.core.main.ScriptEngine.run(ScriptEngine.java:194)
	at com.kms.katalon.core.main.ScriptEngine.runScriptAsRawText(ScriptEngine.java:119)
	at com.kms.katalon.core.main.TestCaseExecutor.runScript(TestCaseExecutor.java:398)
	at com.kms.katalon.core.main.TestCaseExecutor.doExecute(TestCaseExecutor.java:389)
	at com.kms.katalon.core.main.TestCaseExecutor.processExecutionPhase(TestCaseExecutor.java:368)
	at com.kms.katalon.core.main.TestCaseExecutor.accessMainPhase(TestCaseExecutor.java:360)
	at com.kms.katalon.core.main.TestCaseExecutor.execute(TestCaseExecutor.java:255)
	at com.kms.katalon.core.main.TestSuiteExecutor.accessTestCaseMainPhase(TestSuiteExecutor.java:203)
	at com.kms.katalon.core.main.TestSuiteExecutor.accessTestSuiteMainPhase(TestSuiteExecutor.java:152)
	at com.kms.katalon.core.main.TestSuiteExecutor.execute(TestSuiteExecutor.java:95)
	at com.kms.katalon.core.main.TestCaseMain.startTestSuite(TestCaseMain.java:157)
	at com.kms.katalon.core.main.TestCaseMain$startTestSuite$0.call(Unknown Source)
	at TempTestSuite1622257361884.run(TempTestSuite1622257361884.groovy:39)
Caused by: com.kms.katalon.core.exception.StepFailedException: Web element with id: 'Object Repository/Page_Town Square - abc Mattermost/label_A team with that name already exists' located by 'By.xpath: //div[@id='root']/div/div/div/div[3]/div/div/div/form/div/label' is present after '5' second(s)
	at com.kms.katalon.core.webui.keyword.internal.WebUIKeywordMain.stepFailed(WebUIKeywordMain.groovy:64)
	at com.kms.katalon.core.webui.keyword.internal.WebUIKeywordMain$stepFailed$0.call(Unknown Source)
	at com.kms.katalon.core.webui.keyword.builtin.VerifyElementNotPresentKeyword$_verifyElementNotPresent_closure1.doCall(VerifyElementNotPresentKeyword.groovy:106)
	at com.kms.katalon.core.webui.keyword.builtin.VerifyElementNotPresentKeyword$_verifyElementNotPresent_closure1.doCall(VerifyElementNotPresentKeyword.groovy)
	at com.kms.katalon.core.webui.keyword.internal.WebUIKeywordMain.runKeyword(WebUIKeywordMain.groovy:20)
	... 20 more
)
[[ATTACHMENT|E:\\Tai lieu hoc\\Nam 7\\HK2\\New Topics\\Homework 2\\New folder\\Mattermost_Autotesting\\Reports\\20210529_100241\\1412263\\Run_All_Test_Cases\\20210529_100241\\1622257883976.png]]]]></system-out>
         <system-err><![CDATA[2021-05-29 10:10:53 - [TEST_CASE][FAILED] - Test Cases/1712666/TC11_CreateATeam: Test Cases/1712666/TC11_CreateATeam FAILED.
Reason:
com.kms.katalon.core.exception.StepFailedException: Unable to verify object 'Object Repository/Page_Town Square - abc Mattermost/label_A team with that name already exists' is not present
	at com.kms.katalon.core.webui.keyword.internal.WebUIKeywordMain.stepFailed(WebUIKeywordMain.groovy:64)
	at com.kms.katalon.core.webui.keyword.internal.WebUIKeywordMain.runKeyword(WebUIKeywordMain.groovy:26)
	at com.kms.katalon.core.webui.keyword.internal.WebUIKeywordMain$runKeyword.call(Unknown Source)
	at com.kms.katalon.core.webui.keyword.builtin.VerifyElementNotPresentKeyword.verifyElementNotPresent(VerifyElementNotPresentKeyword.groovy:117)
	at com.kms.katalon.core.webui.keyword.builtin.VerifyElementNotPresentKeyword.execute(VerifyElementNotPresentKeyword.groovy:68)
	at com.kms.katalon.core.keyword.internal.KeywordExecutor.executeKeywordForPlatform(KeywordExecutor.groovy:73)
	at com.kms.katalon.core.webui.keyword.WebUiBuiltInKeywords.verifyElementNotPresent(WebUiBuiltInKeywords.groovy:1496)
	at com.kms.katalon.core.webui.keyword.WebUiBuiltInKeywords$verifyElementNotPresent$6.call(Unknown Source)
	at TC11_CreateATeam.run(TC11_CreateATeam:38)
	at com.kms.katalon.core.main.ScriptEngine.run(ScriptEngine.java:194)
	at com.kms.katalon.core.main.ScriptEngine.runScriptAsRawText(ScriptEngine.java:119)
	at com.kms.katalon.core.main.TestCaseExecutor.runScript(TestCaseExecutor.java:398)
	at com.kms.katalon.core.main.TestCaseExecutor.doExecute(TestCaseExecutor.java:389)
	at com.kms.katalon.core.main.TestCaseExecutor.processExecutionPhase(TestCaseExecutor.java:368)
	at com.kms.katalon.core.main.TestCaseExecutor.accessMainPhase(TestCaseExecutor.java:360)
	at com.kms.katalon.core.main.TestCaseExecutor.execute(TestCaseExecutor.java:255)
	at com.kms.katalon.core.main.TestSuiteExecutor.accessTestCaseMainPhase(TestSuiteExecutor.java:203)
	at com.kms.katalon.core.main.TestSuiteExecutor.accessTestSuiteMainPhase(TestSuiteExecutor.java:152)
	at com.kms.katalon.core.main.TestSuiteExecutor.execute(TestSuiteExecutor.java:95)
	at com.kms.katalon.core.main.TestCaseMain.startTestSuite(TestCaseMain.java:157)
	at com.kms.katalon.core.main.TestCaseMain$startTestSuite$0.call(Unknown Source)
	at TempTestSuite1622257361884.run(TempTestSuite1622257361884.groovy:39)
Caused by: com.kms.katalon.core.exception.StepFailedException: Web element with id: 'Object Repository/Page_Town Square - abc Mattermost/label_A team with that name already exists' located by 'By.xpath: //div[@id='root']/div/div/div/div[3]/div/div/div/form/div/label' is present after '5' second(s)
	at com.kms.katalon.core.webui.keyword.internal.WebUIKeywordMain.stepFailed(WebUIKeywordMain.groovy:64)
	at com.kms.katalon.core.webui.keyword.internal.WebUIKeywordMain$stepFailed$0.call(Unknown Source)
	at com.kms.katalon.core.webui.keyword.builtin.VerifyElementNotPresentKeyword$_verifyElementNotPresent_closure1.doCall(VerifyElementNotPresentKeyword.groovy:106)
	at com.kms.katalon.core.webui.keyword.builtin.VerifyElementNotPresentKeyword$_verifyElementNotPresent_closure1.doCall(VerifyElementNotPresentKeyword.groovy)
	at com.kms.katalon.core.webui.keyword.internal.WebUIKeywordMain.runKeyword(WebUIKeywordMain.groovy:20)
	... 20 more]]></system-err>
      </testcase>
      <testcase name="Test Cases/1712666/TC12_InvitePeopleToTeam" time="29.095" classname="Test Cases/1712666/TC12_InvitePeopleToTeam" status="PASSED">
         <system-out><![CDATA[2021-05-29 10:11:24 - [TEST_CASE][PASSED] - Test Cases/1712666/TC12_InvitePeopleToTeam: Test Cases/1712666/TC12_InvitePeopleToTeam

2021-05-29 10:11:25 - [TEST_STEP][PASSED] - openBrowser(""): Browser is opened with url: ''

2021-05-29 10:11:25 - [MESSAGE][WARNING] - A browser is already opened. Closing browser and opening a new one

2021-05-29 10:11:26 - [MESSAGE][INFO] - Starting 'Chrome' driver

2021-05-29 10:11:26 - [MESSAGE][INFO] - Action delay is set to 0 milliseconds

2021-05-29 10:11:29 - [MESSAGE][PASSED] - Browser is opened with url: ''

2021-05-29 10:11:29 - [TEST_STEP][PASSED] - navigateToUrl("https://mattermostwebapp.herokuapp.com/"): Navigate to 'https://mattermostwebapp.herokuapp.com/' successfully

2021-05-29 10:11:34 - [MESSAGE][PASSED] - Navigate to 'https://mattermostwebapp.herokuapp.com/' successfully

2021-05-29 10:11:34 - [TEST_STEP][PASSED] - callTestCase(findTestCase("1712666/CommonTC/CTC_Login"), ["var_username":"phuc", "var_password":"CSt51UwWECc="]): Call Test Case 'Test Cases/1712666/CommonTC/CTC_Login' successfully

2021-05-29 10:11:34 - [TEST_CASE][PASSED] - Test Cases/1712666/CommonTC/CTC_Login: Test Cases/1712666/CommonTC/CTC_Login

2021-05-29 10:11:34 - [TEST_STEP][PASSED] - setText(findTestObject("Object Repository/1412263_Page_Mattermost/input_All team communication in one place, _dcc84b"), var_username): Text 'phuc' is set on object 'Object Repository/1412263_Page_Mattermost/input_All team communication in one place, _dcc84b'

2021-05-29 10:11:39 - [MESSAGE][PASSED] - Text 'phuc' is set on object 'Object Repository/1412263_Page_Mattermost/input_All team communication in one place, _dcc84b'

2021-05-29 10:11:39 - [TEST_STEP][PASSED] - setEncryptedText(findTestObject("Object Repository/1412263_Page_Mattermost/input_All team communication in one place, _a3edc6"), var_password): Text ****** has been set on object 'Object Repository/1412263_Page_Mattermost/input_All team communication in one place, _a3edc6'

2021-05-29 10:11:40 - [MESSAGE][PASSED] - Text ****** has been set on object 'Object Repository/1412263_Page_Mattermost/input_All team communication in one place, _a3edc6'

2021-05-29 10:11:40 - [TEST_STEP][PASSED] - click(findTestObject("Object Repository/1412263_Page_Mattermost/span_Sign in")): Object: 'Object Repository/1412263_Page_Mattermost/span_Sign in' is clicked on

2021-05-29 10:11:41 - [MESSAGE][PASSED] - Object: 'Object Repository/1412263_Page_Mattermost/span_Sign in' is clicked on

2021-05-29 10:11:41 - [MESSAGE][PASSED] - Call Test Case 'Test Cases/1712666/CommonTC/CTC_Login' successfully

2021-05-29 10:11:41 - [TEST_STEP][PASSED] - click(findTestObject("Object Repository/Page_Town Square - abc Mattermost/div_phuc (1)")): Object: 'Object Repository/Page_Town Square - abc Mattermost/div_phuc (1)' is clicked on

2021-05-29 10:11:46 - [MESSAGE][PASSED] - Object: 'Object Repository/Page_Town Square - abc Mattermost/div_phuc (1)' is clicked on

2021-05-29 10:11:46 - [TEST_STEP][PASSED] - click(findTestObject("Object Repository/Page_Town Square - abc Mattermost/span_Invite People")): Object: 'Object Repository/Page_Town Square - abc Mattermost/span_Invite People' is clicked on

2021-05-29 10:11:47 - [MESSAGE][PASSED] - Object: 'Object Repository/Page_Town Square - abc Mattermost/span_Invite People' is clicked on

2021-05-29 10:11:47 - [TEST_STEP][PASSED] - click(findTestObject("Object Repository/Page_Town Square - abc Mattermost/div_Add members")): Object: 'Object Repository/Page_Town Square - abc Mattermost/div_Add members' is clicked on

2021-05-29 10:11:48 - [MESSAGE][PASSED] - Object: 'Object Repository/Page_Town Square - abc Mattermost/div_Add members' is clicked on

2021-05-29 10:11:48 - [TEST_STEP][PASSED] - setText(findTestObject("Object Repository/Page_Town Square - abc Mattermost/input_Add members_react-select-2-input"), var_username): Text 'nghi_tran' is set on object 'Object Repository/Page_Town Square - abc Mattermost/input_Add members_react-select-2-input'

2021-05-29 10:11:49 - [MESSAGE][PASSED] - Text 'nghi_tran' is set on object 'Object Repository/Page_Town Square - abc Mattermost/input_Add members_react-select-2-input'

2021-05-29 10:11:49 - [TEST_STEP][PASSED] - click(findTestObject("Page_Town Square - abc Mattermost/div_option_0")): Object: 'Object Repository/Page_Town Square - abc Mattermost/div_option_0' is clicked on

2021-05-29 10:11:50 - [MESSAGE][PASSED] - Object: 'Object Repository/Page_Town Square - abc Mattermost/div_option_0' is clicked on

2021-05-29 10:11:50 - [TEST_STEP][PASSED] - click(findTestObject("Object Repository/Page_Town Square - abc Mattermost/span_Invite Members")): Object: 'Object Repository/Page_Town Square - abc Mattermost/span_Invite Members' is clicked on

2021-05-29 10:11:50 - [MESSAGE][PASSED] - Object: 'Object Repository/Page_Town Square - abc Mattermost/span_Invite Members' is clicked on

2021-05-29 10:11:50 - [TEST_STEP][PASSED] - if (verifyElementPresent(findTestObject("Object Repository/Page_Town Square - abc Mattermost/span_Done"), 5)): null

2021-05-29 10:11:52 - [MESSAGE][PASSED] - Object 'Object Repository/Page_Town Square - abc Mattermost/span_Done' is present

2021-05-29 10:11:52 - [TEST_STEP][PASSED] - click(findTestObject("Object Repository/Page_Town Square - abc Mattermost/span_Done")): Object: 'Object Repository/Page_Town Square - abc Mattermost/span_Done' is clicked on

2021-05-29 10:11:53 - [MESSAGE][PASSED] - Object: 'Object Repository/Page_Town Square - abc Mattermost/span_Done' is clicked on]]></system-out>
         <system-err><![CDATA[]]></system-err>
      </testcase>
      <testcase name="Test Cases/1712666/TC12_InvitePeopleToTeam" time="25.006" classname="Test Cases/1712666/TC12_InvitePeopleToTeam" status="PASSED">
         <system-out><![CDATA[2021-05-29 10:11:53 - [TEST_CASE][PASSED] - Test Cases/1712666/TC12_InvitePeopleToTeam: Test Cases/1712666/TC12_InvitePeopleToTeam

2021-05-29 10:11:53 - [TEST_STEP][PASSED] - openBrowser(""): Browser is opened with url: ''

2021-05-29 10:11:53 - [MESSAGE][WARNING] - A browser is already opened. Closing browser and opening a new one

2021-05-29 10:11:54 - [MESSAGE][INFO] - Starting 'Chrome' driver

2021-05-29 10:11:54 - [MESSAGE][INFO] - Action delay is set to 0 milliseconds

2021-05-29 10:11:56 - [MESSAGE][PASSED] - Browser is opened with url: ''

2021-05-29 10:11:56 - [TEST_STEP][PASSED] - navigateToUrl("https://mattermostwebapp.herokuapp.com/"): Navigate to 'https://mattermostwebapp.herokuapp.com/' successfully

2021-05-29 10:12:01 - [MESSAGE][PASSED] - Navigate to 'https://mattermostwebapp.herokuapp.com/' successfully

2021-05-29 10:12:01 - [TEST_STEP][PASSED] - callTestCase(findTestCase("1712666/CommonTC/CTC_Login"), ["var_username":"phuc", "var_password":"CSt51UwWECc="]): Call Test Case 'Test Cases/1712666/CommonTC/CTC_Login' successfully

2021-05-29 10:12:01 - [TEST_CASE][PASSED] - Test Cases/1712666/CommonTC/CTC_Login: Test Cases/1712666/CommonTC/CTC_Login

2021-05-29 10:12:01 - [TEST_STEP][PASSED] - setText(findTestObject("Object Repository/1412263_Page_Mattermost/input_All team communication in one place, _dcc84b"), var_username): Text 'phuc' is set on object 'Object Repository/1412263_Page_Mattermost/input_All team communication in one place, _dcc84b'

2021-05-29 10:12:06 - [MESSAGE][PASSED] - Text 'phuc' is set on object 'Object Repository/1412263_Page_Mattermost/input_All team communication in one place, _dcc84b'

2021-05-29 10:12:06 - [TEST_STEP][PASSED] - setEncryptedText(findTestObject("Object Repository/1412263_Page_Mattermost/input_All team communication in one place, _a3edc6"), var_password): Text ****** has been set on object 'Object Repository/1412263_Page_Mattermost/input_All team communication in one place, _a3edc6'

2021-05-29 10:12:07 - [MESSAGE][PASSED] - Text ****** has been set on object 'Object Repository/1412263_Page_Mattermost/input_All team communication in one place, _a3edc6'

2021-05-29 10:12:07 - [TEST_STEP][PASSED] - click(findTestObject("Object Repository/1412263_Page_Mattermost/span_Sign in")): Object: 'Object Repository/1412263_Page_Mattermost/span_Sign in' is clicked on

2021-05-29 10:12:07 - [MESSAGE][PASSED] - Object: 'Object Repository/1412263_Page_Mattermost/span_Sign in' is clicked on

2021-05-29 10:12:07 - [MESSAGE][PASSED] - Call Test Case 'Test Cases/1712666/CommonTC/CTC_Login' successfully

2021-05-29 10:12:07 - [TEST_STEP][PASSED] - click(findTestObject("Object Repository/Page_Town Square - abc Mattermost/div_phuc (1)")): Object: 'Object Repository/Page_Town Square - abc Mattermost/div_phuc (1)' is clicked on

2021-05-29 10:12:12 - [MESSAGE][PASSED] - Object: 'Object Repository/Page_Town Square - abc Mattermost/div_phuc (1)' is clicked on

2021-05-29 10:12:12 - [TEST_STEP][PASSED] - click(findTestObject("Object Repository/Page_Town Square - abc Mattermost/span_Invite People")): Object: 'Object Repository/Page_Town Square - abc Mattermost/span_Invite People' is clicked on

2021-05-29 10:12:12 - [MESSAGE][PASSED] - Object: 'Object Repository/Page_Town Square - abc Mattermost/span_Invite People' is clicked on

2021-05-29 10:12:12 - [TEST_STEP][PASSED] - click(findTestObject("Object Repository/Page_Town Square - abc Mattermost/div_Add members")): Object: 'Object Repository/Page_Town Square - abc Mattermost/div_Add members' is clicked on

2021-05-29 10:12:13 - [MESSAGE][PASSED] - Object: 'Object Repository/Page_Town Square - abc Mattermost/div_Add members' is clicked on

2021-05-29 10:12:13 - [TEST_STEP][PASSED] - setText(findTestObject("Object Repository/Page_Town Square - abc Mattermost/input_Add members_react-select-2-input"), var_username): Text 'huy' is set on object 'Object Repository/Page_Town Square - abc Mattermost/input_Add members_react-select-2-input'

2021-05-29 10:12:14 - [MESSAGE][PASSED] - Text 'huy' is set on object 'Object Repository/Page_Town Square - abc Mattermost/input_Add members_react-select-2-input'

2021-05-29 10:12:14 - [TEST_STEP][PASSED] - click(findTestObject("Page_Town Square - abc Mattermost/div_option_0")): Object: 'Object Repository/Page_Town Square - abc Mattermost/div_option_0' is clicked on

2021-05-29 10:12:15 - [MESSAGE][PASSED] - Object: 'Object Repository/Page_Town Square - abc Mattermost/div_option_0' is clicked on

2021-05-29 10:12:15 - [TEST_STEP][PASSED] - click(findTestObject("Object Repository/Page_Town Square - abc Mattermost/span_Invite Members")): Object: 'Object Repository/Page_Town Square - abc Mattermost/span_Invite Members' is clicked on

2021-05-29 10:12:16 - [MESSAGE][PASSED] - Object: 'Object Repository/Page_Town Square - abc Mattermost/span_Invite Members' is clicked on

2021-05-29 10:12:16 - [TEST_STEP][PASSED] - if (verifyElementPresent(findTestObject("Object Repository/Page_Town Square - abc Mattermost/span_Done"), 5)): null

2021-05-29 10:12:17 - [MESSAGE][PASSED] - Object 'Object Repository/Page_Town Square - abc Mattermost/span_Done' is present

2021-05-29 10:12:17 - [TEST_STEP][PASSED] - click(findTestObject("Object Repository/Page_Town Square - abc Mattermost/span_Done")): Object: 'Object Repository/Page_Town Square - abc Mattermost/span_Done' is clicked on

2021-05-29 10:12:18 - [MESSAGE][PASSED] - Object: 'Object Repository/Page_Town Square - abc Mattermost/span_Done' is clicked on]]></system-out>
         <system-err><![CDATA[]]></system-err>
      </testcase>
      <testcase name="Test Cases/1712666/TC12_InvitePeopleToTeam" time="26.32" classname="Test Cases/1712666/TC12_InvitePeopleToTeam" status="PASSED">
         <system-out><![CDATA[2021-05-29 10:12:18 - [TEST_CASE][PASSED] - Test Cases/1712666/TC12_InvitePeopleToTeam: Test Cases/1712666/TC12_InvitePeopleToTeam

2021-05-29 10:12:18 - [TEST_STEP][PASSED] - openBrowser(""): Browser is opened with url: ''

2021-05-29 10:12:18 - [MESSAGE][WARNING] - A browser is already opened. Closing browser and opening a new one

2021-05-29 10:12:19 - [MESSAGE][INFO] - Starting 'Chrome' driver

2021-05-29 10:12:19 - [MESSAGE][INFO] - Action delay is set to 0 milliseconds

2021-05-29 10:12:21 - [MESSAGE][PASSED] - Browser is opened with url: ''

2021-05-29 10:12:21 - [TEST_STEP][PASSED] - navigateToUrl("https://mattermostwebapp.herokuapp.com/"): Navigate to 'https://mattermostwebapp.herokuapp.com/' successfully

2021-05-29 10:12:26 - [MESSAGE][PASSED] - Navigate to 'https://mattermostwebapp.herokuapp.com/' successfully

2021-05-29 10:12:26 - [TEST_STEP][PASSED] - callTestCase(findTestCase("1712666/CommonTC/CTC_Login"), ["var_username":"phuc", "var_password":"CSt51UwWECc="]): Call Test Case 'Test Cases/1712666/CommonTC/CTC_Login' successfully

2021-05-29 10:12:26 - [TEST_CASE][PASSED] - Test Cases/1712666/CommonTC/CTC_Login: Test Cases/1712666/CommonTC/CTC_Login

2021-05-29 10:12:26 - [TEST_STEP][PASSED] - setText(findTestObject("Object Repository/1412263_Page_Mattermost/input_All team communication in one place, _dcc84b"), var_username): Text 'phuc' is set on object 'Object Repository/1412263_Page_Mattermost/input_All team communication in one place, _dcc84b'

2021-05-29 10:12:32 - [MESSAGE][PASSED] - Text 'phuc' is set on object 'Object Repository/1412263_Page_Mattermost/input_All team communication in one place, _dcc84b'

2021-05-29 10:12:32 - [TEST_STEP][PASSED] - setEncryptedText(findTestObject("Object Repository/1412263_Page_Mattermost/input_All team communication in one place, _a3edc6"), var_password): Text ****** has been set on object 'Object Repository/1412263_Page_Mattermost/input_All team communication in one place, _a3edc6'

2021-05-29 10:12:32 - [MESSAGE][PASSED] - Text ****** has been set on object 'Object Repository/1412263_Page_Mattermost/input_All team communication in one place, _a3edc6'

2021-05-29 10:12:32 - [TEST_STEP][PASSED] - click(findTestObject("Object Repository/1412263_Page_Mattermost/span_Sign in")): Object: 'Object Repository/1412263_Page_Mattermost/span_Sign in' is clicked on

2021-05-29 10:12:33 - [MESSAGE][PASSED] - Object: 'Object Repository/1412263_Page_Mattermost/span_Sign in' is clicked on

2021-05-29 10:12:33 - [MESSAGE][PASSED] - Call Test Case 'Test Cases/1712666/CommonTC/CTC_Login' successfully

2021-05-29 10:12:33 - [TEST_STEP][PASSED] - click(findTestObject("Object Repository/Page_Town Square - abc Mattermost/div_phuc (1)")): Object: 'Object Repository/Page_Town Square - abc Mattermost/div_phuc (1)' is clicked on

2021-05-29 10:12:37 - [MESSAGE][PASSED] - Object: 'Object Repository/Page_Town Square - abc Mattermost/div_phuc (1)' is clicked on

2021-05-29 10:12:37 - [TEST_STEP][PASSED] - click(findTestObject("Object Repository/Page_Town Square - abc Mattermost/span_Invite People")): Object: 'Object Repository/Page_Town Square - abc Mattermost/span_Invite People' is clicked on

2021-05-29 10:12:38 - [MESSAGE][PASSED] - Object: 'Object Repository/Page_Town Square - abc Mattermost/span_Invite People' is clicked on

2021-05-29 10:12:38 - [TEST_STEP][PASSED] - click(findTestObject("Object Repository/Page_Town Square - abc Mattermost/div_Add members")): Object: 'Object Repository/Page_Town Square - abc Mattermost/div_Add members' is clicked on

2021-05-29 10:12:39 - [MESSAGE][PASSED] - Object: 'Object Repository/Page_Town Square - abc Mattermost/div_Add members' is clicked on

2021-05-29 10:12:39 - [TEST_STEP][PASSED] - setText(findTestObject("Object Repository/Page_Town Square - abc Mattermost/input_Add members_react-select-2-input"), var_username): Text 'huykhoi2507' is set on object 'Object Repository/Page_Town Square - abc Mattermost/input_Add members_react-select-2-input'

2021-05-29 10:12:40 - [MESSAGE][PASSED] - Text 'huykhoi2507' is set on object 'Object Repository/Page_Town Square - abc Mattermost/input_Add members_react-select-2-input'

2021-05-29 10:12:40 - [TEST_STEP][PASSED] - click(findTestObject("Page_Town Square - abc Mattermost/div_option_0")): Object: 'Object Repository/Page_Town Square - abc Mattermost/div_option_0' is clicked on

2021-05-29 10:12:41 - [MESSAGE][PASSED] - Object: 'Object Repository/Page_Town Square - abc Mattermost/div_option_0' is clicked on

2021-05-29 10:12:41 - [TEST_STEP][PASSED] - click(findTestObject("Object Repository/Page_Town Square - abc Mattermost/span_Invite Members")): Object: 'Object Repository/Page_Town Square - abc Mattermost/span_Invite Members' is clicked on

2021-05-29 10:12:42 - [MESSAGE][PASSED] - Object: 'Object Repository/Page_Town Square - abc Mattermost/span_Invite Members' is clicked on

2021-05-29 10:12:42 - [TEST_STEP][PASSED] - if (verifyElementPresent(findTestObject("Object Repository/Page_Town Square - abc Mattermost/span_Done"), 5)): null

2021-05-29 10:12:44 - [MESSAGE][PASSED] - Object 'Object Repository/Page_Town Square - abc Mattermost/span_Done' is present

2021-05-29 10:12:44 - [TEST_STEP][PASSED] - click(findTestObject("Object Repository/Page_Town Square - abc Mattermost/span_Done")): Object: 'Object Repository/Page_Town Square - abc Mattermost/span_Done' is clicked on

2021-05-29 10:12:44 - [MESSAGE][PASSED] - Object: 'Object Repository/Page_Town Square - abc Mattermost/span_Done' is clicked on]]></system-out>
         <system-err><![CDATA[]]></system-err>
      </testcase>
      <testcase name="Test Cases/1712666/TC12_InvitePeopleToTeam" time="27.209" classname="Test Cases/1712666/TC12_InvitePeopleToTeam" status="PASSED">
         <system-out><![CDATA[2021-05-29 10:12:44 - [TEST_CASE][PASSED] - Test Cases/1712666/TC12_InvitePeopleToTeam: Test Cases/1712666/TC12_InvitePeopleToTeam

2021-05-29 10:12:44 - [TEST_STEP][PASSED] - openBrowser(""): Browser is opened with url: ''

2021-05-29 10:12:44 - [MESSAGE][WARNING] - A browser is already opened. Closing browser and opening a new one

2021-05-29 10:12:45 - [MESSAGE][INFO] - Starting 'Chrome' driver

2021-05-29 10:12:45 - [MESSAGE][INFO] - Action delay is set to 0 milliseconds

2021-05-29 10:12:48 - [MESSAGE][PASSED] - Browser is opened with url: ''

2021-05-29 10:12:48 - [TEST_STEP][PASSED] - navigateToUrl("https://mattermostwebapp.herokuapp.com/"): Navigate to 'https://mattermostwebapp.herokuapp.com/' successfully

2021-05-29 10:12:52 - [MESSAGE][PASSED] - Navigate to 'https://mattermostwebapp.herokuapp.com/' successfully

2021-05-29 10:12:52 - [TEST_STEP][PASSED] - callTestCase(findTestCase("1712666/CommonTC/CTC_Login"), ["var_username":"phuc", "var_password":"CSt51UwWECc="]): Call Test Case 'Test Cases/1712666/CommonTC/CTC_Login' successfully

2021-05-29 10:12:52 - [TEST_CASE][PASSED] - Test Cases/1712666/CommonTC/CTC_Login: Test Cases/1712666/CommonTC/CTC_Login

2021-05-29 10:12:52 - [TEST_STEP][PASSED] - setText(findTestObject("Object Repository/1412263_Page_Mattermost/input_All team communication in one place, _dcc84b"), var_username): Text 'phuc' is set on object 'Object Repository/1412263_Page_Mattermost/input_All team communication in one place, _dcc84b'

2021-05-29 10:12:57 - [MESSAGE][PASSED] - Text 'phuc' is set on object 'Object Repository/1412263_Page_Mattermost/input_All team communication in one place, _dcc84b'

2021-05-29 10:12:57 - [TEST_STEP][PASSED] - setEncryptedText(findTestObject("Object Repository/1412263_Page_Mattermost/input_All team communication in one place, _a3edc6"), var_password): Text ****** has been set on object 'Object Repository/1412263_Page_Mattermost/input_All team communication in one place, _a3edc6'

2021-05-29 10:12:58 - [MESSAGE][PASSED] - Text ****** has been set on object 'Object Repository/1412263_Page_Mattermost/input_All team communication in one place, _a3edc6'

2021-05-29 10:12:58 - [TEST_STEP][PASSED] - click(findTestObject("Object Repository/1412263_Page_Mattermost/span_Sign in")): Object: 'Object Repository/1412263_Page_Mattermost/span_Sign in' is clicked on

2021-05-29 10:12:59 - [MESSAGE][PASSED] - Object: 'Object Repository/1412263_Page_Mattermost/span_Sign in' is clicked on

2021-05-29 10:12:59 - [MESSAGE][PASSED] - Call Test Case 'Test Cases/1712666/CommonTC/CTC_Login' successfully

2021-05-29 10:12:59 - [TEST_STEP][PASSED] - click(findTestObject("Object Repository/Page_Town Square - abc Mattermost/div_phuc (1)")): Object: 'Object Repository/Page_Town Square - abc Mattermost/div_phuc (1)' is clicked on

2021-05-29 10:13:04 - [MESSAGE][PASSED] - Object: 'Object Repository/Page_Town Square - abc Mattermost/div_phuc (1)' is clicked on

2021-05-29 10:13:04 - [TEST_STEP][PASSED] - click(findTestObject("Object Repository/Page_Town Square - abc Mattermost/span_Invite People")): Object: 'Object Repository/Page_Town Square - abc Mattermost/span_Invite People' is clicked on

2021-05-29 10:13:06 - [MESSAGE][PASSED] - Object: 'Object Repository/Page_Town Square - abc Mattermost/span_Invite People' is clicked on

2021-05-29 10:13:06 - [TEST_STEP][PASSED] - click(findTestObject("Object Repository/Page_Town Square - abc Mattermost/div_Add members")): Object: 'Object Repository/Page_Town Square - abc Mattermost/div_Add members' is clicked on

2021-05-29 10:13:07 - [MESSAGE][PASSED] - Object: 'Object Repository/Page_Town Square - abc Mattermost/div_Add members' is clicked on

2021-05-29 10:13:07 - [TEST_STEP][PASSED] - setText(findTestObject("Object Repository/Page_Town Square - abc Mattermost/input_Add members_react-select-2-input"), var_username): Text 'huykhoi263' is set on object 'Object Repository/Page_Town Square - abc Mattermost/input_Add members_react-select-2-input'

2021-05-29 10:13:08 - [MESSAGE][PASSED] - Text 'huykhoi263' is set on object 'Object Repository/Page_Town Square - abc Mattermost/input_Add members_react-select-2-input'

2021-05-29 10:13:08 - [TEST_STEP][PASSED] - click(findTestObject("Page_Town Square - abc Mattermost/div_option_0")): Object: 'Object Repository/Page_Town Square - abc Mattermost/div_option_0' is clicked on

2021-05-29 10:13:09 - [MESSAGE][PASSED] - Object: 'Object Repository/Page_Town Square - abc Mattermost/div_option_0' is clicked on

2021-05-29 10:13:09 - [TEST_STEP][PASSED] - click(findTestObject("Object Repository/Page_Town Square - abc Mattermost/span_Invite Members")): Object: 'Object Repository/Page_Town Square - abc Mattermost/span_Invite Members' is clicked on

2021-05-29 10:13:10 - [MESSAGE][PASSED] - Object: 'Object Repository/Page_Town Square - abc Mattermost/span_Invite Members' is clicked on

2021-05-29 10:13:10 - [TEST_STEP][PASSED] - if (verifyElementPresent(findTestObject("Object Repository/Page_Town Square - abc Mattermost/span_Done"), 5)): null

2021-05-29 10:13:11 - [MESSAGE][PASSED] - Object 'Object Repository/Page_Town Square - abc Mattermost/span_Done' is present

2021-05-29 10:13:11 - [TEST_STEP][PASSED] - click(findTestObject("Object Repository/Page_Town Square - abc Mattermost/span_Done")): Object: 'Object Repository/Page_Town Square - abc Mattermost/span_Done' is clicked on

2021-05-29 10:13:11 - [MESSAGE][PASSED] - Object: 'Object Repository/Page_Town Square - abc Mattermost/span_Done' is clicked on]]></system-out>
         <system-err><![CDATA[]]></system-err>
      </testcase>
      <testcase name="Test Cases/1712666/TC12_InvitePeopleToTeam" time="31.028" classname="Test Cases/1712666/TC12_InvitePeopleToTeam" status="PASSED">
         <system-out><![CDATA[2021-05-29 10:13:11 - [TEST_CASE][PASSED] - Test Cases/1712666/TC12_InvitePeopleToTeam: Test Cases/1712666/TC12_InvitePeopleToTeam

2021-05-29 10:13:11 - [TEST_STEP][PASSED] - openBrowser(""): Browser is opened with url: ''

2021-05-29 10:13:11 - [MESSAGE][WARNING] - A browser is already opened. Closing browser and opening a new one

2021-05-29 10:13:14 - [MESSAGE][INFO] - Starting 'Chrome' driver

2021-05-29 10:13:14 - [MESSAGE][INFO] - Action delay is set to 0 milliseconds

2021-05-29 10:13:17 - [MESSAGE][PASSED] - Browser is opened with url: ''

2021-05-29 10:13:17 - [TEST_STEP][PASSED] - navigateToUrl("https://mattermostwebapp.herokuapp.com/"): Navigate to 'https://mattermostwebapp.herokuapp.com/' successfully

2021-05-29 10:13:22 - [MESSAGE][PASSED] - Navigate to 'https://mattermostwebapp.herokuapp.com/' successfully

2021-05-29 10:13:22 - [TEST_STEP][PASSED] - callTestCase(findTestCase("1712666/CommonTC/CTC_Login"), ["var_username":"phuc", "var_password":"CSt51UwWECc="]): Call Test Case 'Test Cases/1712666/CommonTC/CTC_Login' successfully

2021-05-29 10:13:22 - [TEST_CASE][PASSED] - Test Cases/1712666/CommonTC/CTC_Login: Test Cases/1712666/CommonTC/CTC_Login

2021-05-29 10:13:22 - [TEST_STEP][PASSED] - setText(findTestObject("Object Repository/1412263_Page_Mattermost/input_All team communication in one place, _dcc84b"), var_username): Text 'phuc' is set on object 'Object Repository/1412263_Page_Mattermost/input_All team communication in one place, _dcc84b'

2021-05-29 10:13:28 - [MESSAGE][PASSED] - Text 'phuc' is set on object 'Object Repository/1412263_Page_Mattermost/input_All team communication in one place, _dcc84b'

2021-05-29 10:13:28 - [TEST_STEP][PASSED] - setEncryptedText(findTestObject("Object Repository/1412263_Page_Mattermost/input_All team communication in one place, _a3edc6"), var_password): Text ****** has been set on object 'Object Repository/1412263_Page_Mattermost/input_All team communication in one place, _a3edc6'

2021-05-29 10:13:29 - [MESSAGE][PASSED] - Text ****** has been set on object 'Object Repository/1412263_Page_Mattermost/input_All team communication in one place, _a3edc6'

2021-05-29 10:13:29 - [TEST_STEP][PASSED] - click(findTestObject("Object Repository/1412263_Page_Mattermost/span_Sign in")): Object: 'Object Repository/1412263_Page_Mattermost/span_Sign in' is clicked on

2021-05-29 10:13:30 - [MESSAGE][PASSED] - Object: 'Object Repository/1412263_Page_Mattermost/span_Sign in' is clicked on

2021-05-29 10:13:30 - [MESSAGE][PASSED] - Call Test Case 'Test Cases/1712666/CommonTC/CTC_Login' successfully

2021-05-29 10:13:30 - [TEST_STEP][PASSED] - click(findTestObject("Object Repository/Page_Town Square - abc Mattermost/div_phuc (1)")): Object: 'Object Repository/Page_Town Square - abc Mattermost/div_phuc (1)' is clicked on

2021-05-29 10:13:35 - [MESSAGE][PASSED] - Object: 'Object Repository/Page_Town Square - abc Mattermost/div_phuc (1)' is clicked on

2021-05-29 10:13:35 - [TEST_STEP][PASSED] - click(findTestObject("Object Repository/Page_Town Square - abc Mattermost/span_Invite People")): Object: 'Object Repository/Page_Town Square - abc Mattermost/span_Invite People' is clicked on

2021-05-29 10:13:36 - [MESSAGE][PASSED] - Object: 'Object Repository/Page_Town Square - abc Mattermost/span_Invite People' is clicked on

2021-05-29 10:13:36 - [TEST_STEP][PASSED] - click(findTestObject("Object Repository/Page_Town Square - abc Mattermost/div_Add members")): Object: 'Object Repository/Page_Town Square - abc Mattermost/div_Add members' is clicked on

2021-05-29 10:13:37 - [MESSAGE][PASSED] - Object: 'Object Repository/Page_Town Square - abc Mattermost/div_Add members' is clicked on

2021-05-29 10:13:37 - [TEST_STEP][PASSED] - setText(findTestObject("Object Repository/Page_Town Square - abc Mattermost/input_Add members_react-select-2-input"), var_username): Text 'jooie' is set on object 'Object Repository/Page_Town Square - abc Mattermost/input_Add members_react-select-2-input'

2021-05-29 10:13:38 - [MESSAGE][PASSED] - Text 'jooie' is set on object 'Object Repository/Page_Town Square - abc Mattermost/input_Add members_react-select-2-input'

2021-05-29 10:13:38 - [TEST_STEP][PASSED] - click(findTestObject("Page_Town Square - abc Mattermost/div_option_0")): Object: 'Object Repository/Page_Town Square - abc Mattermost/div_option_0' is clicked on

2021-05-29 10:13:39 - [MESSAGE][PASSED] - Object: 'Object Repository/Page_Town Square - abc Mattermost/div_option_0' is clicked on

2021-05-29 10:13:39 - [TEST_STEP][PASSED] - click(findTestObject("Object Repository/Page_Town Square - abc Mattermost/span_Invite Members")): Object: 'Object Repository/Page_Town Square - abc Mattermost/span_Invite Members' is clicked on

2021-05-29 10:13:40 - [MESSAGE][PASSED] - Object: 'Object Repository/Page_Town Square - abc Mattermost/span_Invite Members' is clicked on

2021-05-29 10:13:40 - [TEST_STEP][PASSED] - if (verifyElementPresent(findTestObject("Object Repository/Page_Town Square - abc Mattermost/span_Done"), 5)): null

2021-05-29 10:13:42 - [MESSAGE][PASSED] - Object 'Object Repository/Page_Town Square - abc Mattermost/span_Done' is present

2021-05-29 10:13:42 - [TEST_STEP][PASSED] - click(findTestObject("Object Repository/Page_Town Square - abc Mattermost/span_Done")): Object: 'Object Repository/Page_Town Square - abc Mattermost/span_Done' is clicked on

2021-05-29 10:13:42 - [MESSAGE][PASSED] - Object: 'Object Repository/Page_Town Square - abc Mattermost/span_Done' is clicked on]]></system-out>
         <system-err><![CDATA[]]></system-err>
      </testcase>
      <testcase name="Test Cases/1712666/TC13_UpdateTeamName" time="25.211" classname="Test Cases/1712666/TC13_UpdateTeamName" status="PASSED">
         <system-out><![CDATA[2021-05-29 10:13:42 - [TEST_CASE][PASSED] - Test Cases/1712666/TC13_UpdateTeamName: Test Cases/1712666/TC13_UpdateTeamName

2021-05-29 10:13:44 - [TEST_STEP][PASSED] - openBrowser(""): Browser is opened with url: ''

2021-05-29 10:13:44 - [MESSAGE][WARNING] - A browser is already opened. Closing browser and opening a new one

2021-05-29 10:13:45 - [MESSAGE][INFO] - Starting 'Chrome' driver

2021-05-29 10:13:45 - [MESSAGE][INFO] - Action delay is set to 0 milliseconds

2021-05-29 10:13:47 - [MESSAGE][PASSED] - Browser is opened with url: ''

2021-05-29 10:13:47 - [TEST_STEP][PASSED] - navigateToUrl("https://mattermostwebapp.herokuapp.com/"): Navigate to 'https://mattermostwebapp.herokuapp.com/' successfully

2021-05-29 10:13:52 - [MESSAGE][PASSED] - Navigate to 'https://mattermostwebapp.herokuapp.com/' successfully

2021-05-29 10:13:52 - [TEST_STEP][PASSED] - callTestCase(findTestCase("1712666/CommonTC/CTC_Login"), ["var_username":"phuc", "var_password":"CSt51UwWECc="]): Call Test Case 'Test Cases/1712666/CommonTC/CTC_Login' successfully

2021-05-29 10:13:52 - [TEST_CASE][PASSED] - Test Cases/1712666/CommonTC/CTC_Login: Test Cases/1712666/CommonTC/CTC_Login

2021-05-29 10:13:52 - [TEST_STEP][PASSED] - setText(findTestObject("Object Repository/1412263_Page_Mattermost/input_All team communication in one place, _dcc84b"), var_username): Text 'phuc' is set on object 'Object Repository/1412263_Page_Mattermost/input_All team communication in one place, _dcc84b'

2021-05-29 10:13:57 - [MESSAGE][PASSED] - Text 'phuc' is set on object 'Object Repository/1412263_Page_Mattermost/input_All team communication in one place, _dcc84b'

2021-05-29 10:13:57 - [TEST_STEP][PASSED] - setEncryptedText(findTestObject("Object Repository/1412263_Page_Mattermost/input_All team communication in one place, _a3edc6"), var_password): Text ****** has been set on object 'Object Repository/1412263_Page_Mattermost/input_All team communication in one place, _a3edc6'

2021-05-29 10:13:57 - [MESSAGE][PASSED] - Text ****** has been set on object 'Object Repository/1412263_Page_Mattermost/input_All team communication in one place, _a3edc6'

2021-05-29 10:13:57 - [TEST_STEP][PASSED] - click(findTestObject("Object Repository/1412263_Page_Mattermost/span_Sign in")): Object: 'Object Repository/1412263_Page_Mattermost/span_Sign in' is clicked on

2021-05-29 10:13:58 - [MESSAGE][PASSED] - Object: 'Object Repository/1412263_Page_Mattermost/span_Sign in' is clicked on

2021-05-29 10:13:58 - [MESSAGE][PASSED] - Call Test Case 'Test Cases/1712666/CommonTC/CTC_Login' successfully

2021-05-29 10:13:58 - [TEST_STEP][PASSED] - click(findTestObject("Object Repository/Page_Town Square - abc Mattermost/div_phuc (2)")): Object: 'Object Repository/Page_Town Square - abc Mattermost/div_phuc (2)' is clicked on

2021-05-29 10:14:02 - [MESSAGE][PASSED] - Object: 'Object Repository/Page_Town Square - abc Mattermost/div_phuc (2)' is clicked on

2021-05-29 10:14:02 - [TEST_STEP][PASSED] - click(findTestObject("Object Repository/Page_Town Square - abc Mattermost/span_Team Settings")): Object: 'Object Repository/Page_Town Square - abc Mattermost/span_Team Settings' is clicked on

2021-05-29 10:14:03 - [MESSAGE][PASSED] - Object: 'Object Repository/Page_Town Square - abc Mattermost/span_Team Settings' is clicked on

2021-05-29 10:14:03 - [TEST_STEP][PASSED] - click(findTestObject("Object Repository/Page_Town Square - abc Mattermost/span_Edit")): Object: 'Object Repository/Page_Town Square - abc Mattermost/span_Edit' is clicked on

2021-05-29 10:14:03 - [MESSAGE][PASSED] - Object: 'Object Repository/Page_Town Square - abc Mattermost/span_Edit' is clicked on

2021-05-29 10:14:03 - [TEST_STEP][PASSED] - doubleClick(findTestObject("Object Repository/Page_Town Square - abc Mattermost/input_Team Name_teamName")): Object: 'Object Repository/Page_Town Square - abc Mattermost/input_Team Name_teamName' is double clicked on

2021-05-29 10:14:04 - [MESSAGE][PASSED] - Object: 'Object Repository/Page_Town Square - abc Mattermost/input_Team Name_teamName' is double clicked on

2021-05-29 10:14:04 - [TEST_STEP][PASSED] - setText(findTestObject("Object Repository/Page_Town Square - abc Mattermost/input_Team Name_teamName"), var_teamname): Text 'test1' is set on object 'Object Repository/Page_Town Square - abc Mattermost/input_Team Name_teamName'

2021-05-29 10:14:05 - [MESSAGE][PASSED] - Text 'test1' is set on object 'Object Repository/Page_Town Square - abc Mattermost/input_Team Name_teamName'

2021-05-29 10:14:05 - [TEST_STEP][PASSED] - click(findTestObject("Object Repository/Page_Town Square - abc Mattermost/span_Save")): Object: 'Object Repository/Page_Town Square - abc Mattermost/span_Save' is clicked on

2021-05-29 10:14:06 - [MESSAGE][PASSED] - Object: 'Object Repository/Page_Town Square - abc Mattermost/span_Save' is clicked on

2021-05-29 10:14:06 - [TEST_STEP][PASSED] - newTeamName = getText(findTestObject("Object Repository/Page_Town Square - abc1 Mattermost/div_abc1")): Text of object 'Object Repository/Page_Town Square - abc1 Mattermost/div_abc1' is: 'test1'

2021-05-29 10:14:07 - [MESSAGE][PASSED] - Text of object 'Object Repository/Page_Town Square - abc1 Mattermost/div_abc1' is: 'test1'

2021-05-29 10:14:07 - [TEST_STEP][PASSED] - if (newTeamName != var_teamname.toString()): null

2021-05-29 10:14:07 - [TEST_STEP][PASSED] - closeBrowser(): Browser is closed

2021-05-29 10:14:08 - [MESSAGE][PASSED] - Browser is closed]]></system-out>
         <system-err><![CDATA[]]></system-err>
      </testcase>
      <testcase name="Test Cases/1712666/TC13_UpdateTeamName" time="27.143" classname="Test Cases/1712666/TC13_UpdateTeamName" status="PASSED">
         <system-out><![CDATA[2021-05-29 10:14:08 - [TEST_CASE][PASSED] - Test Cases/1712666/TC13_UpdateTeamName: Test Cases/1712666/TC13_UpdateTeamName

2021-05-29 10:14:08 - [TEST_STEP][PASSED] - openBrowser(""): Browser is opened with url: ''

2021-05-29 10:14:08 - [MESSAGE][INFO] - Starting 'Chrome' driver

2021-05-29 10:14:08 - [MESSAGE][INFO] - Action delay is set to 0 milliseconds

2021-05-29 10:14:11 - [MESSAGE][PASSED] - Browser is opened with url: ''

2021-05-29 10:14:11 - [TEST_STEP][PASSED] - navigateToUrl("https://mattermostwebapp.herokuapp.com/"): Navigate to 'https://mattermostwebapp.herokuapp.com/' successfully

2021-05-29 10:14:15 - [MESSAGE][PASSED] - Navigate to 'https://mattermostwebapp.herokuapp.com/' successfully

2021-05-29 10:14:15 - [TEST_STEP][PASSED] - callTestCase(findTestCase("1712666/CommonTC/CTC_Login"), ["var_username":"phuc", "var_password":"CSt51UwWECc="]): Call Test Case 'Test Cases/1712666/CommonTC/CTC_Login' successfully

2021-05-29 10:14:15 - [TEST_CASE][PASSED] - Test Cases/1712666/CommonTC/CTC_Login: Test Cases/1712666/CommonTC/CTC_Login

2021-05-29 10:14:16 - [TEST_STEP][PASSED] - setText(findTestObject("Object Repository/1412263_Page_Mattermost/input_All team communication in one place, _dcc84b"), var_username): Text 'phuc' is set on object 'Object Repository/1412263_Page_Mattermost/input_All team communication in one place, _dcc84b'

2021-05-29 10:14:21 - [MESSAGE][PASSED] - Text 'phuc' is set on object 'Object Repository/1412263_Page_Mattermost/input_All team communication in one place, _dcc84b'

2021-05-29 10:14:21 - [TEST_STEP][PASSED] - setEncryptedText(findTestObject("Object Repository/1412263_Page_Mattermost/input_All team communication in one place, _a3edc6"), var_password): Text ****** has been set on object 'Object Repository/1412263_Page_Mattermost/input_All team communication in one place, _a3edc6'

2021-05-29 10:14:22 - [MESSAGE][PASSED] - Text ****** has been set on object 'Object Repository/1412263_Page_Mattermost/input_All team communication in one place, _a3edc6'

2021-05-29 10:14:22 - [TEST_STEP][PASSED] - click(findTestObject("Object Repository/1412263_Page_Mattermost/span_Sign in")): Object: 'Object Repository/1412263_Page_Mattermost/span_Sign in' is clicked on

2021-05-29 10:14:23 - [MESSAGE][PASSED] - Object: 'Object Repository/1412263_Page_Mattermost/span_Sign in' is clicked on

2021-05-29 10:14:23 - [MESSAGE][PASSED] - Call Test Case 'Test Cases/1712666/CommonTC/CTC_Login' successfully

2021-05-29 10:14:23 - [TEST_STEP][PASSED] - click(findTestObject("Object Repository/Page_Town Square - abc Mattermost/div_phuc (2)")): Object: 'Object Repository/Page_Town Square - abc Mattermost/div_phuc (2)' is clicked on

2021-05-29 10:14:28 - [MESSAGE][PASSED] - Object: 'Object Repository/Page_Town Square - abc Mattermost/div_phuc (2)' is clicked on

2021-05-29 10:14:28 - [TEST_STEP][PASSED] - click(findTestObject("Object Repository/Page_Town Square - abc Mattermost/span_Team Settings")): Object: 'Object Repository/Page_Town Square - abc Mattermost/span_Team Settings' is clicked on

2021-05-29 10:14:29 - [MESSAGE][PASSED] - Object: 'Object Repository/Page_Town Square - abc Mattermost/span_Team Settings' is clicked on

2021-05-29 10:14:29 - [TEST_STEP][PASSED] - click(findTestObject("Object Repository/Page_Town Square - abc Mattermost/span_Edit")): Object: 'Object Repository/Page_Town Square - abc Mattermost/span_Edit' is clicked on

2021-05-29 10:14:30 - [MESSAGE][PASSED] - Object: 'Object Repository/Page_Town Square - abc Mattermost/span_Edit' is clicked on

2021-05-29 10:14:30 - [TEST_STEP][PASSED] - doubleClick(findTestObject("Object Repository/Page_Town Square - abc Mattermost/input_Team Name_teamName")): Object: 'Object Repository/Page_Town Square - abc Mattermost/input_Team Name_teamName' is double clicked on

2021-05-29 10:14:31 - [MESSAGE][PASSED] - Object: 'Object Repository/Page_Town Square - abc Mattermost/input_Team Name_teamName' is double clicked on

2021-05-29 10:14:31 - [TEST_STEP][PASSED] - setText(findTestObject("Object Repository/Page_Town Square - abc Mattermost/input_Team Name_teamName"), var_teamname): Text 'test2' is set on object 'Object Repository/Page_Town Square - abc Mattermost/input_Team Name_teamName'

2021-05-29 10:14:32 - [MESSAGE][PASSED] - Text 'test2' is set on object 'Object Repository/Page_Town Square - abc Mattermost/input_Team Name_teamName'

2021-05-29 10:14:32 - [TEST_STEP][PASSED] - click(findTestObject("Object Repository/Page_Town Square - abc Mattermost/span_Save")): Object: 'Object Repository/Page_Town Square - abc Mattermost/span_Save' is clicked on

2021-05-29 10:14:32 - [MESSAGE][PASSED] - Object: 'Object Repository/Page_Town Square - abc Mattermost/span_Save' is clicked on

2021-05-29 10:14:32 - [TEST_STEP][PASSED] - newTeamName = getText(findTestObject("Object Repository/Page_Town Square - abc1 Mattermost/div_abc1")): Text of object 'Object Repository/Page_Town Square - abc1 Mattermost/div_abc1' is: 'test2'

2021-05-29 10:14:33 - [MESSAGE][PASSED] - Text of object 'Object Repository/Page_Town Square - abc1 Mattermost/div_abc1' is: 'test2'

2021-05-29 10:14:33 - [TEST_STEP][PASSED] - if (newTeamName != var_teamname.toString()): null

2021-05-29 10:14:33 - [TEST_STEP][PASSED] - closeBrowser(): Browser is closed

2021-05-29 10:14:35 - [MESSAGE][PASSED] - Browser is closed]]></system-out>
         <system-err><![CDATA[]]></system-err>
      </testcase>
      <testcase name="Test Cases/1712666/TC13_UpdateTeamName" time="26.424" classname="Test Cases/1712666/TC13_UpdateTeamName" status="PASSED">
         <system-out><![CDATA[2021-05-29 10:14:35 - [TEST_CASE][PASSED] - Test Cases/1712666/TC13_UpdateTeamName: Test Cases/1712666/TC13_UpdateTeamName

2021-05-29 10:14:35 - [TEST_STEP][PASSED] - openBrowser(""): Browser is opened with url: ''

2021-05-29 10:14:35 - [MESSAGE][INFO] - Starting 'Chrome' driver

2021-05-29 10:14:35 - [MESSAGE][INFO] - Action delay is set to 0 milliseconds

2021-05-29 10:14:37 - [MESSAGE][PASSED] - Browser is opened with url: ''

2021-05-29 10:14:37 - [TEST_STEP][PASSED] - navigateToUrl("https://mattermostwebapp.herokuapp.com/"): Navigate to 'https://mattermostwebapp.herokuapp.com/' successfully

2021-05-29 10:14:41 - [MESSAGE][PASSED] - Navigate to 'https://mattermostwebapp.herokuapp.com/' successfully

2021-05-29 10:14:41 - [TEST_STEP][PASSED] - callTestCase(findTestCase("1712666/CommonTC/CTC_Login"), ["var_username":"phuc", "var_password":"CSt51UwWECc="]): Call Test Case 'Test Cases/1712666/CommonTC/CTC_Login' successfully

2021-05-29 10:14:41 - [TEST_CASE][PASSED] - Test Cases/1712666/CommonTC/CTC_Login: Test Cases/1712666/CommonTC/CTC_Login

2021-05-29 10:14:41 - [TEST_STEP][PASSED] - setText(findTestObject("Object Repository/1412263_Page_Mattermost/input_All team communication in one place, _dcc84b"), var_username): Text 'phuc' is set on object 'Object Repository/1412263_Page_Mattermost/input_All team communication in one place, _dcc84b'

2021-05-29 10:14:47 - [MESSAGE][PASSED] - Text 'phuc' is set on object 'Object Repository/1412263_Page_Mattermost/input_All team communication in one place, _dcc84b'

2021-05-29 10:14:47 - [TEST_STEP][PASSED] - setEncryptedText(findTestObject("Object Repository/1412263_Page_Mattermost/input_All team communication in one place, _a3edc6"), var_password): Text ****** has been set on object 'Object Repository/1412263_Page_Mattermost/input_All team communication in one place, _a3edc6'

2021-05-29 10:14:48 - [MESSAGE][PASSED] - Text ****** has been set on object 'Object Repository/1412263_Page_Mattermost/input_All team communication in one place, _a3edc6'

2021-05-29 10:14:48 - [TEST_STEP][PASSED] - click(findTestObject("Object Repository/1412263_Page_Mattermost/span_Sign in")): Object: 'Object Repository/1412263_Page_Mattermost/span_Sign in' is clicked on

2021-05-29 10:14:48 - [MESSAGE][PASSED] - Object: 'Object Repository/1412263_Page_Mattermost/span_Sign in' is clicked on

2021-05-29 10:14:48 - [MESSAGE][PASSED] - Call Test Case 'Test Cases/1712666/CommonTC/CTC_Login' successfully

2021-05-29 10:14:48 - [TEST_STEP][PASSED] - click(findTestObject("Object Repository/Page_Town Square - abc Mattermost/div_phuc (2)")): Object: 'Object Repository/Page_Town Square - abc Mattermost/div_phuc (2)' is clicked on

2021-05-29 10:14:54 - [MESSAGE][PASSED] - Object: 'Object Repository/Page_Town Square - abc Mattermost/div_phuc (2)' is clicked on

2021-05-29 10:14:54 - [TEST_STEP][PASSED] - click(findTestObject("Object Repository/Page_Town Square - abc Mattermost/span_Team Settings")): Object: 'Object Repository/Page_Town Square - abc Mattermost/span_Team Settings' is clicked on

2021-05-29 10:14:55 - [MESSAGE][PASSED] - Object: 'Object Repository/Page_Town Square - abc Mattermost/span_Team Settings' is clicked on

2021-05-29 10:14:55 - [TEST_STEP][PASSED] - click(findTestObject("Object Repository/Page_Town Square - abc Mattermost/span_Edit")): Object: 'Object Repository/Page_Town Square - abc Mattermost/span_Edit' is clicked on

2021-05-29 10:14:56 - [MESSAGE][PASSED] - Object: 'Object Repository/Page_Town Square - abc Mattermost/span_Edit' is clicked on

2021-05-29 10:14:56 - [TEST_STEP][PASSED] - doubleClick(findTestObject("Object Repository/Page_Town Square - abc Mattermost/input_Team Name_teamName")): Object: 'Object Repository/Page_Town Square - abc Mattermost/input_Team Name_teamName' is double clicked on

2021-05-29 10:14:57 - [MESSAGE][PASSED] - Object: 'Object Repository/Page_Town Square - abc Mattermost/input_Team Name_teamName' is double clicked on

2021-05-29 10:14:57 - [TEST_STEP][PASSED] - setText(findTestObject("Object Repository/Page_Town Square - abc Mattermost/input_Team Name_teamName"), var_teamname): Text 'test3' is set on object 'Object Repository/Page_Town Square - abc Mattermost/input_Team Name_teamName'

2021-05-29 10:14:58 - [MESSAGE][PASSED] - Text 'test3' is set on object 'Object Repository/Page_Town Square - abc Mattermost/input_Team Name_teamName'

2021-05-29 10:14:58 - [TEST_STEP][PASSED] - click(findTestObject("Object Repository/Page_Town Square - abc Mattermost/span_Save")): Object: 'Object Repository/Page_Town Square - abc Mattermost/span_Save' is clicked on

2021-05-29 10:14:58 - [MESSAGE][PASSED] - Object: 'Object Repository/Page_Town Square - abc Mattermost/span_Save' is clicked on

2021-05-29 10:14:58 - [TEST_STEP][PASSED] - newTeamName = getText(findTestObject("Object Repository/Page_Town Square - abc1 Mattermost/div_abc1")): Text of object 'Object Repository/Page_Town Square - abc1 Mattermost/div_abc1' is: 'test3'

2021-05-29 10:14:59 - [MESSAGE][PASSED] - Text of object 'Object Repository/Page_Town Square - abc1 Mattermost/div_abc1' is: 'test3'

2021-05-29 10:14:59 - [TEST_STEP][PASSED] - if (newTeamName != var_teamname.toString()): null

2021-05-29 10:14:59 - [TEST_STEP][PASSED] - closeBrowser(): Browser is closed

2021-05-29 10:15:01 - [MESSAGE][PASSED] - Browser is closed]]></system-out>
         <system-err><![CDATA[]]></system-err>
      </testcase>
      <testcase name="Test Cases/1712666/TC13_UpdateTeamName" time="25.329" classname="Test Cases/1712666/TC13_UpdateTeamName" status="PASSED">
         <system-out><![CDATA[2021-05-29 10:15:01 - [TEST_CASE][PASSED] - Test Cases/1712666/TC13_UpdateTeamName: Test Cases/1712666/TC13_UpdateTeamName

2021-05-29 10:15:01 - [TEST_STEP][PASSED] - openBrowser(""): Browser is opened with url: ''

2021-05-29 10:15:01 - [MESSAGE][INFO] - Starting 'Chrome' driver

2021-05-29 10:15:01 - [MESSAGE][INFO] - Action delay is set to 0 milliseconds

2021-05-29 10:15:05 - [MESSAGE][PASSED] - Browser is opened with url: ''

2021-05-29 10:15:05 - [TEST_STEP][PASSED] - navigateToUrl("https://mattermostwebapp.herokuapp.com/"): Navigate to 'https://mattermostwebapp.herokuapp.com/' successfully

2021-05-29 10:15:09 - [MESSAGE][PASSED] - Navigate to 'https://mattermostwebapp.herokuapp.com/' successfully

2021-05-29 10:15:09 - [TEST_STEP][PASSED] - callTestCase(findTestCase("1712666/CommonTC/CTC_Login"), ["var_username":"phuc", "var_password":"CSt51UwWECc="]): Call Test Case 'Test Cases/1712666/CommonTC/CTC_Login' successfully

2021-05-29 10:15:09 - [TEST_CASE][PASSED] - Test Cases/1712666/CommonTC/CTC_Login: Test Cases/1712666/CommonTC/CTC_Login

2021-05-29 10:15:09 - [TEST_STEP][PASSED] - setText(findTestObject("Object Repository/1412263_Page_Mattermost/input_All team communication in one place, _dcc84b"), var_username): Text 'phuc' is set on object 'Object Repository/1412263_Page_Mattermost/input_All team communication in one place, _dcc84b'

2021-05-29 10:15:15 - [MESSAGE][PASSED] - Text 'phuc' is set on object 'Object Repository/1412263_Page_Mattermost/input_All team communication in one place, _dcc84b'

2021-05-29 10:15:15 - [TEST_STEP][PASSED] - setEncryptedText(findTestObject("Object Repository/1412263_Page_Mattermost/input_All team communication in one place, _a3edc6"), var_password): Text ****** has been set on object 'Object Repository/1412263_Page_Mattermost/input_All team communication in one place, _a3edc6'

2021-05-29 10:15:16 - [MESSAGE][PASSED] - Text ****** has been set on object 'Object Repository/1412263_Page_Mattermost/input_All team communication in one place, _a3edc6'

2021-05-29 10:15:16 - [TEST_STEP][PASSED] - click(findTestObject("Object Repository/1412263_Page_Mattermost/span_Sign in")): Object: 'Object Repository/1412263_Page_Mattermost/span_Sign in' is clicked on

2021-05-29 10:15:17 - [MESSAGE][PASSED] - Object: 'Object Repository/1412263_Page_Mattermost/span_Sign in' is clicked on

2021-05-29 10:15:17 - [MESSAGE][PASSED] - Call Test Case 'Test Cases/1712666/CommonTC/CTC_Login' successfully

2021-05-29 10:15:17 - [TEST_STEP][PASSED] - click(findTestObject("Object Repository/Page_Town Square - abc Mattermost/div_phuc (2)")): Object: 'Object Repository/Page_Town Square - abc Mattermost/div_phuc (2)' is clicked on

2021-05-29 10:15:21 - [MESSAGE][PASSED] - Object: 'Object Repository/Page_Town Square - abc Mattermost/div_phuc (2)' is clicked on

2021-05-29 10:15:21 - [TEST_STEP][PASSED] - click(findTestObject("Object Repository/Page_Town Square - abc Mattermost/span_Team Settings")): Object: 'Object Repository/Page_Town Square - abc Mattermost/span_Team Settings' is clicked on

2021-05-29 10:15:22 - [MESSAGE][PASSED] - Object: 'Object Repository/Page_Town Square - abc Mattermost/span_Team Settings' is clicked on

2021-05-29 10:15:22 - [TEST_STEP][PASSED] - click(findTestObject("Object Repository/Page_Town Square - abc Mattermost/span_Edit")): Object: 'Object Repository/Page_Town Square - abc Mattermost/span_Edit' is clicked on

2021-05-29 10:15:23 - [MESSAGE][PASSED] - Object: 'Object Repository/Page_Town Square - abc Mattermost/span_Edit' is clicked on

2021-05-29 10:15:23 - [TEST_STEP][PASSED] - doubleClick(findTestObject("Object Repository/Page_Town Square - abc Mattermost/input_Team Name_teamName")): Object: 'Object Repository/Page_Town Square - abc Mattermost/input_Team Name_teamName' is double clicked on

2021-05-29 10:15:23 - [MESSAGE][PASSED] - Object: 'Object Repository/Page_Town Square - abc Mattermost/input_Team Name_teamName' is double clicked on

2021-05-29 10:15:23 - [TEST_STEP][PASSED] - setText(findTestObject("Object Repository/Page_Town Square - abc Mattermost/input_Team Name_teamName"), var_teamname): Text 'test4' is set on object 'Object Repository/Page_Town Square - abc Mattermost/input_Team Name_teamName'

2021-05-29 10:15:24 - [MESSAGE][PASSED] - Text 'test4' is set on object 'Object Repository/Page_Town Square - abc Mattermost/input_Team Name_teamName'

2021-05-29 10:15:24 - [TEST_STEP][PASSED] - click(findTestObject("Object Repository/Page_Town Square - abc Mattermost/span_Save")): Object: 'Object Repository/Page_Town Square - abc Mattermost/span_Save' is clicked on

2021-05-29 10:15:25 - [MESSAGE][PASSED] - Object: 'Object Repository/Page_Town Square - abc Mattermost/span_Save' is clicked on

2021-05-29 10:15:25 - [TEST_STEP][PASSED] - newTeamName = getText(findTestObject("Object Repository/Page_Town Square - abc1 Mattermost/div_abc1")): Text of object 'Object Repository/Page_Town Square - abc1 Mattermost/div_abc1' is: 'test4'

2021-05-29 10:15:26 - [MESSAGE][PASSED] - Text of object 'Object Repository/Page_Town Square - abc1 Mattermost/div_abc1' is: 'test4'

2021-05-29 10:15:26 - [TEST_STEP][PASSED] - if (newTeamName != var_teamname.toString()): null

2021-05-29 10:15:26 - [TEST_STEP][PASSED] - closeBrowser(): Browser is closed

2021-05-29 10:15:27 - [MESSAGE][PASSED] - Browser is closed]]></system-out>
         <system-err><![CDATA[]]></system-err>
      </testcase>
      <testcase name="Test Cases/1712666/TC13_UpdateTeamName" time="23.796" classname="Test Cases/1712666/TC13_UpdateTeamName" status="PASSED">
         <system-out><![CDATA[2021-05-29 10:15:27 - [TEST_CASE][PASSED] - Test Cases/1712666/TC13_UpdateTeamName: Test Cases/1712666/TC13_UpdateTeamName

2021-05-29 10:15:27 - [TEST_STEP][PASSED] - openBrowser(""): Browser is opened with url: ''

2021-05-29 10:15:27 - [MESSAGE][INFO] - Starting 'Chrome' driver

2021-05-29 10:15:27 - [MESSAGE][INFO] - Action delay is set to 0 milliseconds

2021-05-29 10:15:29 - [MESSAGE][PASSED] - Browser is opened with url: ''

2021-05-29 10:15:29 - [TEST_STEP][PASSED] - navigateToUrl("https://mattermostwebapp.herokuapp.com/"): Navigate to 'https://mattermostwebapp.herokuapp.com/' successfully

2021-05-29 10:15:33 - [MESSAGE][PASSED] - Navigate to 'https://mattermostwebapp.herokuapp.com/' successfully

2021-05-29 10:15:33 - [TEST_STEP][PASSED] - callTestCase(findTestCase("1712666/CommonTC/CTC_Login"), ["var_username":"phuc", "var_password":"CSt51UwWECc="]): Call Test Case 'Test Cases/1712666/CommonTC/CTC_Login' successfully

2021-05-29 10:15:33 - [TEST_CASE][PASSED] - Test Cases/1712666/CommonTC/CTC_Login: Test Cases/1712666/CommonTC/CTC_Login

2021-05-29 10:15:33 - [TEST_STEP][PASSED] - setText(findTestObject("Object Repository/1412263_Page_Mattermost/input_All team communication in one place, _dcc84b"), var_username): Text 'phuc' is set on object 'Object Repository/1412263_Page_Mattermost/input_All team communication in one place, _dcc84b'

2021-05-29 10:15:39 - [MESSAGE][PASSED] - Text 'phuc' is set on object 'Object Repository/1412263_Page_Mattermost/input_All team communication in one place, _dcc84b'

2021-05-29 10:15:39 - [TEST_STEP][PASSED] - setEncryptedText(findTestObject("Object Repository/1412263_Page_Mattermost/input_All team communication in one place, _a3edc6"), var_password): Text ****** has been set on object 'Object Repository/1412263_Page_Mattermost/input_All team communication in one place, _a3edc6'

2021-05-29 10:15:40 - [MESSAGE][PASSED] - Text ****** has been set on object 'Object Repository/1412263_Page_Mattermost/input_All team communication in one place, _a3edc6'

2021-05-29 10:15:40 - [TEST_STEP][PASSED] - click(findTestObject("Object Repository/1412263_Page_Mattermost/span_Sign in")): Object: 'Object Repository/1412263_Page_Mattermost/span_Sign in' is clicked on

2021-05-29 10:15:40 - [MESSAGE][PASSED] - Object: 'Object Repository/1412263_Page_Mattermost/span_Sign in' is clicked on

2021-05-29 10:15:40 - [MESSAGE][PASSED] - Call Test Case 'Test Cases/1712666/CommonTC/CTC_Login' successfully

2021-05-29 10:15:40 - [TEST_STEP][PASSED] - click(findTestObject("Object Repository/Page_Town Square - abc Mattermost/div_phuc (2)")): Object: 'Object Repository/Page_Town Square - abc Mattermost/div_phuc (2)' is clicked on

2021-05-29 10:15:45 - [MESSAGE][PASSED] - Object: 'Object Repository/Page_Town Square - abc Mattermost/div_phuc (2)' is clicked on

2021-05-29 10:15:45 - [TEST_STEP][PASSED] - click(findTestObject("Object Repository/Page_Town Square - abc Mattermost/span_Team Settings")): Object: 'Object Repository/Page_Town Square - abc Mattermost/span_Team Settings' is clicked on

2021-05-29 10:15:46 - [MESSAGE][PASSED] - Object: 'Object Repository/Page_Town Square - abc Mattermost/span_Team Settings' is clicked on

2021-05-29 10:15:46 - [TEST_STEP][PASSED] - click(findTestObject("Object Repository/Page_Town Square - abc Mattermost/span_Edit")): Object: 'Object Repository/Page_Town Square - abc Mattermost/span_Edit' is clicked on

2021-05-29 10:15:46 - [MESSAGE][PASSED] - Object: 'Object Repository/Page_Town Square - abc Mattermost/span_Edit' is clicked on

2021-05-29 10:15:46 - [TEST_STEP][PASSED] - doubleClick(findTestObject("Object Repository/Page_Town Square - abc Mattermost/input_Team Name_teamName")): Object: 'Object Repository/Page_Town Square - abc Mattermost/input_Team Name_teamName' is double clicked on

2021-05-29 10:15:47 - [MESSAGE][PASSED] - Object: 'Object Repository/Page_Town Square - abc Mattermost/input_Team Name_teamName' is double clicked on

2021-05-29 10:15:47 - [TEST_STEP][PASSED] - setText(findTestObject("Object Repository/Page_Town Square - abc Mattermost/input_Team Name_teamName"), var_teamname): Text 'test5' is set on object 'Object Repository/Page_Town Square - abc Mattermost/input_Team Name_teamName'

2021-05-29 10:15:48 - [MESSAGE][PASSED] - Text 'test5' is set on object 'Object Repository/Page_Town Square - abc Mattermost/input_Team Name_teamName'

2021-05-29 10:15:48 - [TEST_STEP][PASSED] - click(findTestObject("Object Repository/Page_Town Square - abc Mattermost/span_Save")): Object: 'Object Repository/Page_Town Square - abc Mattermost/span_Save' is clicked on

2021-05-29 10:15:48 - [MESSAGE][PASSED] - Object: 'Object Repository/Page_Town Square - abc Mattermost/span_Save' is clicked on

2021-05-29 10:15:48 - [TEST_STEP][PASSED] - newTeamName = getText(findTestObject("Object Repository/Page_Town Square - abc1 Mattermost/div_abc1")): Text of object 'Object Repository/Page_Town Square - abc1 Mattermost/div_abc1' is: 'test5'

2021-05-29 10:15:49 - [MESSAGE][PASSED] - Text of object 'Object Repository/Page_Town Square - abc1 Mattermost/div_abc1' is: 'test5'

2021-05-29 10:15:49 - [TEST_STEP][PASSED] - if (newTeamName != var_teamname.toString()): null

2021-05-29 10:15:49 - [TEST_STEP][PASSED] - closeBrowser(): Browser is closed

2021-05-29 10:15:50 - [MESSAGE][PASSED] - Browser is closed]]></system-out>
         <system-err><![CDATA[]]></system-err>
      </testcase>
      <testcase name="Test Cases/1712666/TC14_UpdateTeamDescription" time="27.611" classname="Test Cases/1712666/TC14_UpdateTeamDescription" status="PASSED">
         <system-out><![CDATA[2021-05-29 10:15:50 - [TEST_CASE][PASSED] - Test Cases/1712666/TC14_UpdateTeamDescription: Test Cases/1712666/TC14_UpdateTeamDescription

2021-05-29 10:15:51 - [TEST_STEP][PASSED] - openBrowser(""): Browser is opened with url: ''

2021-05-29 10:15:51 - [MESSAGE][INFO] - Starting 'Chrome' driver

2021-05-29 10:15:51 - [MESSAGE][INFO] - Action delay is set to 0 milliseconds

2021-05-29 10:15:54 - [MESSAGE][PASSED] - Browser is opened with url: ''

2021-05-29 10:15:54 - [TEST_STEP][PASSED] - navigateToUrl("https://mattermostwebapp.herokuapp.com/"): Navigate to 'https://mattermostwebapp.herokuapp.com/' successfully

2021-05-29 10:15:59 - [MESSAGE][PASSED] - Navigate to 'https://mattermostwebapp.herokuapp.com/' successfully

2021-05-29 10:15:59 - [TEST_STEP][PASSED] - callTestCase(findTestCase("1712666/CommonTC/CTC_Login"), ["var_username":"phuc", "var_password":"CSt51UwWECc="]): Call Test Case 'Test Cases/1712666/CommonTC/CTC_Login' successfully

2021-05-29 10:15:59 - [TEST_CASE][PASSED] - Test Cases/1712666/CommonTC/CTC_Login: Test Cases/1712666/CommonTC/CTC_Login

2021-05-29 10:15:59 - [TEST_STEP][PASSED] - setText(findTestObject("Object Repository/1412263_Page_Mattermost/input_All team communication in one place, _dcc84b"), var_username): Text 'phuc' is set on object 'Object Repository/1412263_Page_Mattermost/input_All team communication in one place, _dcc84b'

2021-05-29 10:16:04 - [MESSAGE][PASSED] - Text 'phuc' is set on object 'Object Repository/1412263_Page_Mattermost/input_All team communication in one place, _dcc84b'

2021-05-29 10:16:04 - [TEST_STEP][PASSED] - setEncryptedText(findTestObject("Object Repository/1412263_Page_Mattermost/input_All team communication in one place, _a3edc6"), var_password): Text ****** has been set on object 'Object Repository/1412263_Page_Mattermost/input_All team communication in one place, _a3edc6'

2021-05-29 10:16:05 - [MESSAGE][PASSED] - Text ****** has been set on object 'Object Repository/1412263_Page_Mattermost/input_All team communication in one place, _a3edc6'

2021-05-29 10:16:05 - [TEST_STEP][PASSED] - click(findTestObject("Object Repository/1412263_Page_Mattermost/span_Sign in")): Object: 'Object Repository/1412263_Page_Mattermost/span_Sign in' is clicked on

2021-05-29 10:16:06 - [MESSAGE][PASSED] - Object: 'Object Repository/1412263_Page_Mattermost/span_Sign in' is clicked on

2021-05-29 10:16:06 - [MESSAGE][PASSED] - Call Test Case 'Test Cases/1712666/CommonTC/CTC_Login' successfully

2021-05-29 10:16:06 - [TEST_STEP][PASSED] - click(findTestObject("Object Repository/Page_Town Square - test2 Mattermost/div_phuc")): Object: 'Object Repository/Page_Town Square - test2 Mattermost/div_phuc' is clicked on

2021-05-29 10:16:12 - [MESSAGE][PASSED] - Object: 'Object Repository/Page_Town Square - test2 Mattermost/div_phuc' is clicked on

2021-05-29 10:16:12 - [TEST_STEP][PASSED] - click(findTestObject("Object Repository/Page_Town Square - test2 Mattermost/span_Team Settings")): Object: 'Object Repository/Page_Town Square - test2 Mattermost/span_Team Settings' is clicked on

2021-05-29 10:16:13 - [MESSAGE][PASSED] - Object: 'Object Repository/Page_Town Square - test2 Mattermost/span_Team Settings' is clicked on

2021-05-29 10:16:13 - [TEST_STEP][PASSED] - click(findTestObject("Object Repository/Page_Town Square - test2 Mattermost/span_Edit")): Object: 'Object Repository/Page_Town Square - test2 Mattermost/span_Edit' is clicked on

2021-05-29 10:16:14 - [MESSAGE][PASSED] - Object: 'Object Repository/Page_Town Square - test2 Mattermost/span_Edit' is clicked on

2021-05-29 10:16:14 - [TEST_STEP][PASSED] - setText(findTestObject("Object Repository/Page_Town Square - test2 Mattermost/input_Team Description_teamDescription"), var_teamDescription): Text 'team description 1' is set on object 'Object Repository/Page_Town Square - test2 Mattermost/input_Team Description_teamDescription'

2021-05-29 10:16:15 - [MESSAGE][PASSED] - Text 'team description 1' is set on object 'Object Repository/Page_Town Square - test2 Mattermost/input_Team Description_teamDescription'

2021-05-29 10:16:15 - [TEST_STEP][PASSED] - click(findTestObject("Object Repository/Page_Town Square - test2 Mattermost/span_Save")): Object: 'Object Repository/Page_Town Square - test2 Mattermost/span_Save' is clicked on

2021-05-29 10:16:16 - [MESSAGE][PASSED] - Object: 'Object Repository/Page_Town Square - test2 Mattermost/span_Save' is clicked on

2021-05-29 10:16:16 - [TEST_STEP][PASSED] - newTeamDescription = getText(findTestObject("Object Repository/Page_Town Square - test2 Mattermost/div_test")): Text of object 'Object Repository/Page_Town Square - test2 Mattermost/div_test' is: 'team description 1'

2021-05-29 10:16:17 - [MESSAGE][PASSED] - Text of object 'Object Repository/Page_Town Square - test2 Mattermost/div_test' is: 'team description 1'

2021-05-29 10:16:17 - [TEST_STEP][PASSED] - if (newTeamDescription != var_teamDescription.toString()): null

2021-05-29 10:16:17 - [TEST_STEP][PASSED] - closeBrowser(): Browser is closed

2021-05-29 10:16:18 - [MESSAGE][PASSED] - Browser is closed]]></system-out>
         <system-err><![CDATA[]]></system-err>
      </testcase>
      <testcase name="Test Cases/1712666/TC14_UpdateTeamDescription" time="25.953" classname="Test Cases/1712666/TC14_UpdateTeamDescription" status="PASSED">
         <system-out><![CDATA[2021-05-29 10:16:18 - [TEST_CASE][PASSED] - Test Cases/1712666/TC14_UpdateTeamDescription: Test Cases/1712666/TC14_UpdateTeamDescription

2021-05-29 10:16:18 - [TEST_STEP][PASSED] - openBrowser(""): Browser is opened with url: ''

2021-05-29 10:16:18 - [MESSAGE][INFO] - Starting 'Chrome' driver

2021-05-29 10:16:18 - [MESSAGE][INFO] - Action delay is set to 0 milliseconds

2021-05-29 10:16:22 - [MESSAGE][PASSED] - Browser is opened with url: ''

2021-05-29 10:16:22 - [TEST_STEP][PASSED] - navigateToUrl("https://mattermostwebapp.herokuapp.com/"): Navigate to 'https://mattermostwebapp.herokuapp.com/' successfully

2021-05-29 10:16:26 - [MESSAGE][PASSED] - Navigate to 'https://mattermostwebapp.herokuapp.com/' successfully

2021-05-29 10:16:26 - [TEST_STEP][PASSED] - callTestCase(findTestCase("1712666/CommonTC/CTC_Login"), ["var_username":"phuc", "var_password":"CSt51UwWECc="]): Call Test Case 'Test Cases/1712666/CommonTC/CTC_Login' successfully

2021-05-29 10:16:26 - [TEST_CASE][PASSED] - Test Cases/1712666/CommonTC/CTC_Login: Test Cases/1712666/CommonTC/CTC_Login

2021-05-29 10:16:26 - [TEST_STEP][PASSED] - setText(findTestObject("Object Repository/1412263_Page_Mattermost/input_All team communication in one place, _dcc84b"), var_username): Text 'phuc' is set on object 'Object Repository/1412263_Page_Mattermost/input_All team communication in one place, _dcc84b'

2021-05-29 10:16:31 - [MESSAGE][PASSED] - Text 'phuc' is set on object 'Object Repository/1412263_Page_Mattermost/input_All team communication in one place, _dcc84b'

2021-05-29 10:16:31 - [TEST_STEP][PASSED] - setEncryptedText(findTestObject("Object Repository/1412263_Page_Mattermost/input_All team communication in one place, _a3edc6"), var_password): Text ****** has been set on object 'Object Repository/1412263_Page_Mattermost/input_All team communication in one place, _a3edc6'

2021-05-29 10:16:32 - [MESSAGE][PASSED] - Text ****** has been set on object 'Object Repository/1412263_Page_Mattermost/input_All team communication in one place, _a3edc6'

2021-05-29 10:16:32 - [TEST_STEP][PASSED] - click(findTestObject("Object Repository/1412263_Page_Mattermost/span_Sign in")): Object: 'Object Repository/1412263_Page_Mattermost/span_Sign in' is clicked on

2021-05-29 10:16:33 - [MESSAGE][PASSED] - Object: 'Object Repository/1412263_Page_Mattermost/span_Sign in' is clicked on

2021-05-29 10:16:33 - [MESSAGE][PASSED] - Call Test Case 'Test Cases/1712666/CommonTC/CTC_Login' successfully

2021-05-29 10:16:33 - [TEST_STEP][PASSED] - click(findTestObject("Object Repository/Page_Town Square - test2 Mattermost/div_phuc")): Object: 'Object Repository/Page_Town Square - test2 Mattermost/div_phuc' is clicked on

2021-05-29 10:16:38 - [MESSAGE][PASSED] - Object: 'Object Repository/Page_Town Square - test2 Mattermost/div_phuc' is clicked on

2021-05-29 10:16:38 - [TEST_STEP][PASSED] - click(findTestObject("Object Repository/Page_Town Square - test2 Mattermost/span_Team Settings")): Object: 'Object Repository/Page_Town Square - test2 Mattermost/span_Team Settings' is clicked on

2021-05-29 10:16:40 - [MESSAGE][PASSED] - Object: 'Object Repository/Page_Town Square - test2 Mattermost/span_Team Settings' is clicked on

2021-05-29 10:16:40 - [TEST_STEP][PASSED] - click(findTestObject("Object Repository/Page_Town Square - test2 Mattermost/span_Edit")): Object: 'Object Repository/Page_Town Square - test2 Mattermost/span_Edit' is clicked on

2021-05-29 10:16:40 - [MESSAGE][PASSED] - Object: 'Object Repository/Page_Town Square - test2 Mattermost/span_Edit' is clicked on

2021-05-29 10:16:40 - [TEST_STEP][PASSED] - setText(findTestObject("Object Repository/Page_Town Square - test2 Mattermost/input_Team Description_teamDescription"), var_teamDescription): Text 'team desciption 2' is set on object 'Object Repository/Page_Town Square - test2 Mattermost/input_Team Description_teamDescription'

2021-05-29 10:16:41 - [MESSAGE][PASSED] - Text 'team desciption 2' is set on object 'Object Repository/Page_Town Square - test2 Mattermost/input_Team Description_teamDescription'

2021-05-29 10:16:41 - [TEST_STEP][PASSED] - click(findTestObject("Object Repository/Page_Town Square - test2 Mattermost/span_Save")): Object: 'Object Repository/Page_Town Square - test2 Mattermost/span_Save' is clicked on

2021-05-29 10:16:42 - [MESSAGE][PASSED] - Object: 'Object Repository/Page_Town Square - test2 Mattermost/span_Save' is clicked on

2021-05-29 10:16:42 - [TEST_STEP][PASSED] - newTeamDescription = getText(findTestObject("Object Repository/Page_Town Square - test2 Mattermost/div_test")): Text of object 'Object Repository/Page_Town Square - test2 Mattermost/div_test' is: 'team desciption 2'

2021-05-29 10:16:43 - [MESSAGE][PASSED] - Text of object 'Object Repository/Page_Town Square - test2 Mattermost/div_test' is: 'team desciption 2'

2021-05-29 10:16:43 - [TEST_STEP][PASSED] - if (newTeamDescription != var_teamDescription.toString()): null

2021-05-29 10:16:43 - [TEST_STEP][PASSED] - closeBrowser(): Browser is closed

2021-05-29 10:16:44 - [MESSAGE][PASSED] - Browser is closed]]></system-out>
         <system-err><![CDATA[]]></system-err>
      </testcase>
      <testcase name="Test Cases/1712666/TC14_UpdateTeamDescription" time="24.895" classname="Test Cases/1712666/TC14_UpdateTeamDescription" status="PASSED">
         <system-out><![CDATA[2021-05-29 10:16:44 - [TEST_CASE][PASSED] - Test Cases/1712666/TC14_UpdateTeamDescription: Test Cases/1712666/TC14_UpdateTeamDescription

2021-05-29 10:16:44 - [TEST_STEP][PASSED] - openBrowser(""): Browser is opened with url: ''

2021-05-29 10:16:44 - [MESSAGE][INFO] - Starting 'Chrome' driver

2021-05-29 10:16:44 - [MESSAGE][INFO] - Action delay is set to 0 milliseconds

2021-05-29 10:16:46 - [MESSAGE][PASSED] - Browser is opened with url: ''

2021-05-29 10:16:46 - [TEST_STEP][PASSED] - navigateToUrl("https://mattermostwebapp.herokuapp.com/"): Navigate to 'https://mattermostwebapp.herokuapp.com/' successfully

2021-05-29 10:16:51 - [MESSAGE][PASSED] - Navigate to 'https://mattermostwebapp.herokuapp.com/' successfully

2021-05-29 10:16:51 - [TEST_STEP][PASSED] - callTestCase(findTestCase("1712666/CommonTC/CTC_Login"), ["var_username":"phuc", "var_password":"CSt51UwWECc="]): Call Test Case 'Test Cases/1712666/CommonTC/CTC_Login' successfully

2021-05-29 10:16:51 - [TEST_CASE][PASSED] - Test Cases/1712666/CommonTC/CTC_Login: Test Cases/1712666/CommonTC/CTC_Login

2021-05-29 10:16:51 - [TEST_STEP][PASSED] - setText(findTestObject("Object Repository/1412263_Page_Mattermost/input_All team communication in one place, _dcc84b"), var_username): Text 'phuc' is set on object 'Object Repository/1412263_Page_Mattermost/input_All team communication in one place, _dcc84b'

2021-05-29 10:16:56 - [MESSAGE][PASSED] - Text 'phuc' is set on object 'Object Repository/1412263_Page_Mattermost/input_All team communication in one place, _dcc84b'

2021-05-29 10:16:56 - [TEST_STEP][PASSED] - setEncryptedText(findTestObject("Object Repository/1412263_Page_Mattermost/input_All team communication in one place, _a3edc6"), var_password): Text ****** has been set on object 'Object Repository/1412263_Page_Mattermost/input_All team communication in one place, _a3edc6'

2021-05-29 10:16:56 - [MESSAGE][PASSED] - Text ****** has been set on object 'Object Repository/1412263_Page_Mattermost/input_All team communication in one place, _a3edc6'

2021-05-29 10:16:56 - [TEST_STEP][PASSED] - click(findTestObject("Object Repository/1412263_Page_Mattermost/span_Sign in")): Object: 'Object Repository/1412263_Page_Mattermost/span_Sign in' is clicked on

2021-05-29 10:16:57 - [MESSAGE][PASSED] - Object: 'Object Repository/1412263_Page_Mattermost/span_Sign in' is clicked on

2021-05-29 10:16:57 - [MESSAGE][PASSED] - Call Test Case 'Test Cases/1712666/CommonTC/CTC_Login' successfully

2021-05-29 10:16:57 - [TEST_STEP][PASSED] - click(findTestObject("Object Repository/Page_Town Square - test2 Mattermost/div_phuc")): Object: 'Object Repository/Page_Town Square - test2 Mattermost/div_phuc' is clicked on

2021-05-29 10:17:04 - [MESSAGE][PASSED] - Object: 'Object Repository/Page_Town Square - test2 Mattermost/div_phuc' is clicked on

2021-05-29 10:17:04 - [TEST_STEP][PASSED] - click(findTestObject("Object Repository/Page_Town Square - test2 Mattermost/span_Team Settings")): Object: 'Object Repository/Page_Town Square - test2 Mattermost/span_Team Settings' is clicked on

2021-05-29 10:17:05 - [MESSAGE][PASSED] - Object: 'Object Repository/Page_Town Square - test2 Mattermost/span_Team Settings' is clicked on

2021-05-29 10:17:05 - [TEST_STEP][PASSED] - click(findTestObject("Object Repository/Page_Town Square - test2 Mattermost/span_Edit")): Object: 'Object Repository/Page_Town Square - test2 Mattermost/span_Edit' is clicked on

2021-05-29 10:17:05 - [MESSAGE][PASSED] - Object: 'Object Repository/Page_Town Square - test2 Mattermost/span_Edit' is clicked on

2021-05-29 10:17:05 - [TEST_STEP][PASSED] - setText(findTestObject("Object Repository/Page_Town Square - test2 Mattermost/input_Team Description_teamDescription"), var_teamDescription): Text 'team desciption 3' is set on object 'Object Repository/Page_Town Square - test2 Mattermost/input_Team Description_teamDescription'

2021-05-29 10:17:06 - [MESSAGE][PASSED] - Text 'team desciption 3' is set on object 'Object Repository/Page_Town Square - test2 Mattermost/input_Team Description_teamDescription'

2021-05-29 10:17:06 - [TEST_STEP][PASSED] - click(findTestObject("Object Repository/Page_Town Square - test2 Mattermost/span_Save")): Object: 'Object Repository/Page_Town Square - test2 Mattermost/span_Save' is clicked on

2021-05-29 10:17:07 - [MESSAGE][PASSED] - Object: 'Object Repository/Page_Town Square - test2 Mattermost/span_Save' is clicked on

2021-05-29 10:17:07 - [TEST_STEP][PASSED] - newTeamDescription = getText(findTestObject("Object Repository/Page_Town Square - test2 Mattermost/div_test")): Text of object 'Object Repository/Page_Town Square - test2 Mattermost/div_test' is: 'team desciption 3'

2021-05-29 10:17:08 - [MESSAGE][PASSED] - Text of object 'Object Repository/Page_Town Square - test2 Mattermost/div_test' is: 'team desciption 3'

2021-05-29 10:17:08 - [TEST_STEP][PASSED] - if (newTeamDescription != var_teamDescription.toString()): null

2021-05-29 10:17:08 - [TEST_STEP][PASSED] - closeBrowser(): Browser is closed

2021-05-29 10:17:09 - [MESSAGE][PASSED] - Browser is closed]]></system-out>
         <system-err><![CDATA[]]></system-err>
      </testcase>
      <testcase name="Test Cases/1712666/TC14_UpdateTeamDescription" time="24.277" classname="Test Cases/1712666/TC14_UpdateTeamDescription" status="PASSED">
         <system-out><![CDATA[2021-05-29 10:17:09 - [TEST_CASE][PASSED] - Test Cases/1712666/TC14_UpdateTeamDescription: Test Cases/1712666/TC14_UpdateTeamDescription

2021-05-29 10:17:09 - [TEST_STEP][PASSED] - openBrowser(""): Browser is opened with url: ''

2021-05-29 10:17:09 - [MESSAGE][INFO] - Starting 'Chrome' driver

2021-05-29 10:17:09 - [MESSAGE][INFO] - Action delay is set to 0 milliseconds

2021-05-29 10:17:12 - [MESSAGE][PASSED] - Browser is opened with url: ''

2021-05-29 10:17:12 - [TEST_STEP][PASSED] - navigateToUrl("https://mattermostwebapp.herokuapp.com/"): Navigate to 'https://mattermostwebapp.herokuapp.com/' successfully

2021-05-29 10:17:16 - [MESSAGE][PASSED] - Navigate to 'https://mattermostwebapp.herokuapp.com/' successfully

2021-05-29 10:17:16 - [TEST_STEP][PASSED] - callTestCase(findTestCase("1712666/CommonTC/CTC_Login"), ["var_username":"phuc", "var_password":"CSt51UwWECc="]): Call Test Case 'Test Cases/1712666/CommonTC/CTC_Login' successfully

2021-05-29 10:17:16 - [TEST_CASE][PASSED] - Test Cases/1712666/CommonTC/CTC_Login: Test Cases/1712666/CommonTC/CTC_Login

2021-05-29 10:17:16 - [TEST_STEP][PASSED] - setText(findTestObject("Object Repository/1412263_Page_Mattermost/input_All team communication in one place, _dcc84b"), var_username): Text 'phuc' is set on object 'Object Repository/1412263_Page_Mattermost/input_All team communication in one place, _dcc84b'

2021-05-29 10:17:21 - [MESSAGE][PASSED] - Text 'phuc' is set on object 'Object Repository/1412263_Page_Mattermost/input_All team communication in one place, _dcc84b'

2021-05-29 10:17:21 - [TEST_STEP][PASSED] - setEncryptedText(findTestObject("Object Repository/1412263_Page_Mattermost/input_All team communication in one place, _a3edc6"), var_password): Text ****** has been set on object 'Object Repository/1412263_Page_Mattermost/input_All team communication in one place, _a3edc6'

2021-05-29 10:17:22 - [MESSAGE][PASSED] - Text ****** has been set on object 'Object Repository/1412263_Page_Mattermost/input_All team communication in one place, _a3edc6'

2021-05-29 10:17:22 - [TEST_STEP][PASSED] - click(findTestObject("Object Repository/1412263_Page_Mattermost/span_Sign in")): Object: 'Object Repository/1412263_Page_Mattermost/span_Sign in' is clicked on

2021-05-29 10:17:22 - [MESSAGE][PASSED] - Object: 'Object Repository/1412263_Page_Mattermost/span_Sign in' is clicked on

2021-05-29 10:17:22 - [MESSAGE][PASSED] - Call Test Case 'Test Cases/1712666/CommonTC/CTC_Login' successfully

2021-05-29 10:17:22 - [TEST_STEP][PASSED] - click(findTestObject("Object Repository/Page_Town Square - test2 Mattermost/div_phuc")): Object: 'Object Repository/Page_Town Square - test2 Mattermost/div_phuc' is clicked on

2021-05-29 10:17:28 - [MESSAGE][PASSED] - Object: 'Object Repository/Page_Town Square - test2 Mattermost/div_phuc' is clicked on

2021-05-29 10:17:28 - [TEST_STEP][PASSED] - click(findTestObject("Object Repository/Page_Town Square - test2 Mattermost/span_Team Settings")): Object: 'Object Repository/Page_Town Square - test2 Mattermost/span_Team Settings' is clicked on

2021-05-29 10:17:29 - [MESSAGE][PASSED] - Object: 'Object Repository/Page_Town Square - test2 Mattermost/span_Team Settings' is clicked on

2021-05-29 10:17:29 - [TEST_STEP][PASSED] - click(findTestObject("Object Repository/Page_Town Square - test2 Mattermost/span_Edit")): Object: 'Object Repository/Page_Town Square - test2 Mattermost/span_Edit' is clicked on

2021-05-29 10:17:30 - [MESSAGE][PASSED] - Object: 'Object Repository/Page_Town Square - test2 Mattermost/span_Edit' is clicked on

2021-05-29 10:17:30 - [TEST_STEP][PASSED] - setText(findTestObject("Object Repository/Page_Town Square - test2 Mattermost/input_Team Description_teamDescription"), var_teamDescription): Text 'team desciption 4' is set on object 'Object Repository/Page_Town Square - test2 Mattermost/input_Team Description_teamDescription'

2021-05-29 10:17:31 - [MESSAGE][PASSED] - Text 'team desciption 4' is set on object 'Object Repository/Page_Town Square - test2 Mattermost/input_Team Description_teamDescription'

2021-05-29 10:17:31 - [TEST_STEP][PASSED] - click(findTestObject("Object Repository/Page_Town Square - test2 Mattermost/span_Save")): Object: 'Object Repository/Page_Town Square - test2 Mattermost/span_Save' is clicked on

2021-05-29 10:17:31 - [MESSAGE][PASSED] - Object: 'Object Repository/Page_Town Square - test2 Mattermost/span_Save' is clicked on

2021-05-29 10:17:31 - [TEST_STEP][PASSED] - newTeamDescription = getText(findTestObject("Object Repository/Page_Town Square - test2 Mattermost/div_test")): Text of object 'Object Repository/Page_Town Square - test2 Mattermost/div_test' is: 'team desciption 4'

2021-05-29 10:17:32 - [MESSAGE][PASSED] - Text of object 'Object Repository/Page_Town Square - test2 Mattermost/div_test' is: 'team desciption 4'

2021-05-29 10:17:32 - [TEST_STEP][PASSED] - if (newTeamDescription != var_teamDescription.toString()): null

2021-05-29 10:17:32 - [TEST_STEP][PASSED] - closeBrowser(): Browser is closed

2021-05-29 10:17:33 - [MESSAGE][PASSED] - Browser is closed]]></system-out>
         <system-err><![CDATA[]]></system-err>
      </testcase>
      <testcase name="Test Cases/1712666/TC14_UpdateTeamDescription" time="24.959" classname="Test Cases/1712666/TC14_UpdateTeamDescription" status="PASSED">
         <system-out><![CDATA[2021-05-29 10:17:33 - [TEST_CASE][PASSED] - Test Cases/1712666/TC14_UpdateTeamDescription: Test Cases/1712666/TC14_UpdateTeamDescription

2021-05-29 10:17:33 - [TEST_STEP][PASSED] - openBrowser(""): Browser is opened with url: ''

2021-05-29 10:17:33 - [MESSAGE][INFO] - Starting 'Chrome' driver

2021-05-29 10:17:33 - [MESSAGE][INFO] - Action delay is set to 0 milliseconds

2021-05-29 10:17:36 - [MESSAGE][PASSED] - Browser is opened with url: ''

2021-05-29 10:17:36 - [TEST_STEP][PASSED] - navigateToUrl("https://mattermostwebapp.herokuapp.com/"): Navigate to 'https://mattermostwebapp.herokuapp.com/' successfully

2021-05-29 10:17:41 - [MESSAGE][PASSED] - Navigate to 'https://mattermostwebapp.herokuapp.com/' successfully

2021-05-29 10:17:41 - [TEST_STEP][PASSED] - callTestCase(findTestCase("1712666/CommonTC/CTC_Login"), ["var_username":"phuc", "var_password":"CSt51UwWECc="]): Call Test Case 'Test Cases/1712666/CommonTC/CTC_Login' successfully

2021-05-29 10:17:41 - [TEST_CASE][PASSED] - Test Cases/1712666/CommonTC/CTC_Login: Test Cases/1712666/CommonTC/CTC_Login

2021-05-29 10:17:41 - [TEST_STEP][PASSED] - setText(findTestObject("Object Repository/1412263_Page_Mattermost/input_All team communication in one place, _dcc84b"), var_username): Text 'phuc' is set on object 'Object Repository/1412263_Page_Mattermost/input_All team communication in one place, _dcc84b'

2021-05-29 10:17:47 - [MESSAGE][PASSED] - Text 'phuc' is set on object 'Object Repository/1412263_Page_Mattermost/input_All team communication in one place, _dcc84b'

2021-05-29 10:17:47 - [TEST_STEP][PASSED] - setEncryptedText(findTestObject("Object Repository/1412263_Page_Mattermost/input_All team communication in one place, _a3edc6"), var_password): Text ****** has been set on object 'Object Repository/1412263_Page_Mattermost/input_All team communication in one place, _a3edc6'

2021-05-29 10:17:48 - [MESSAGE][PASSED] - Text ****** has been set on object 'Object Repository/1412263_Page_Mattermost/input_All team communication in one place, _a3edc6'

2021-05-29 10:17:48 - [TEST_STEP][PASSED] - click(findTestObject("Object Repository/1412263_Page_Mattermost/span_Sign in")): Object: 'Object Repository/1412263_Page_Mattermost/span_Sign in' is clicked on

2021-05-29 10:17:48 - [MESSAGE][PASSED] - Object: 'Object Repository/1412263_Page_Mattermost/span_Sign in' is clicked on

2021-05-29 10:17:48 - [MESSAGE][PASSED] - Call Test Case 'Test Cases/1712666/CommonTC/CTC_Login' successfully

2021-05-29 10:17:48 - [TEST_STEP][PASSED] - click(findTestObject("Object Repository/Page_Town Square - test2 Mattermost/div_phuc")): Object: 'Object Repository/Page_Town Square - test2 Mattermost/div_phuc' is clicked on

2021-05-29 10:17:54 - [MESSAGE][PASSED] - Object: 'Object Repository/Page_Town Square - test2 Mattermost/div_phuc' is clicked on

2021-05-29 10:17:54 - [TEST_STEP][PASSED] - click(findTestObject("Object Repository/Page_Town Square - test2 Mattermost/span_Team Settings")): Object: 'Object Repository/Page_Town Square - test2 Mattermost/span_Team Settings' is clicked on

2021-05-29 10:17:54 - [MESSAGE][PASSED] - Object: 'Object Repository/Page_Town Square - test2 Mattermost/span_Team Settings' is clicked on

2021-05-29 10:17:54 - [TEST_STEP][PASSED] - click(findTestObject("Object Repository/Page_Town Square - test2 Mattermost/span_Edit")): Object: 'Object Repository/Page_Town Square - test2 Mattermost/span_Edit' is clicked on

2021-05-29 10:17:55 - [MESSAGE][PASSED] - Object: 'Object Repository/Page_Town Square - test2 Mattermost/span_Edit' is clicked on

2021-05-29 10:17:55 - [TEST_STEP][PASSED] - setText(findTestObject("Object Repository/Page_Town Square - test2 Mattermost/input_Team Description_teamDescription"), var_teamDescription): Text 'team desciption 5' is set on object 'Object Repository/Page_Town Square - test2 Mattermost/input_Team Description_teamDescription'

2021-05-29 10:17:56 - [MESSAGE][PASSED] - Text 'team desciption 5' is set on object 'Object Repository/Page_Town Square - test2 Mattermost/input_Team Description_teamDescription'

2021-05-29 10:17:56 - [TEST_STEP][PASSED] - click(findTestObject("Object Repository/Page_Town Square - test2 Mattermost/span_Save")): Object: 'Object Repository/Page_Town Square - test2 Mattermost/span_Save' is clicked on

2021-05-29 10:17:56 - [MESSAGE][PASSED] - Object: 'Object Repository/Page_Town Square - test2 Mattermost/span_Save' is clicked on

2021-05-29 10:17:56 - [TEST_STEP][PASSED] - newTeamDescription = getText(findTestObject("Object Repository/Page_Town Square - test2 Mattermost/div_test")): Text of object 'Object Repository/Page_Town Square - test2 Mattermost/div_test' is: 'team desciption 5'

2021-05-29 10:17:57 - [MESSAGE][PASSED] - Text of object 'Object Repository/Page_Town Square - test2 Mattermost/div_test' is: 'team desciption 5'

2021-05-29 10:17:57 - [TEST_STEP][PASSED] - if (newTeamDescription != var_teamDescription.toString()): null

2021-05-29 10:17:57 - [TEST_STEP][PASSED] - closeBrowser(): Browser is closed

2021-05-29 10:17:58 - [MESSAGE][PASSED] - Browser is closed]]></system-out>
         <system-err><![CDATA[]]></system-err>
      </testcase>
      <testcase name="Test Cases/1712666/TC15_JoinTeam" time="85.004" classname="Test Cases/1712666/TC15_JoinTeam" status="FAILED">
         <failure type="FAILED" message="Test Cases/1712666/TC15_JoinTeam FAILED.
Reason:
com.kms.katalon.core.exception.StepFailedException: Unable to click on object 'Object Repository/Page_Town Square - test9 Mattermost/span_another'
	at com.kms.katalon.core.webui.keyword.internal.WebUIKeywordMain.stepFailed(WebUIKeywordMain.groovy:64)
	at com.kms.katalon.core.webui.keyword.internal.WebUIKeywordMain.runKeyword(WebUIKeywordMain.groovy:26)
	at com.kms.katalon.core.webui.keyword.builtin.ClickKeyword.click(ClickKeyword.groovy:75)
	at com.kms.katalon.core.webui.keyword.builtin.ClickKeyword.execute(ClickKeyword.groovy:42)
	at com.kms.katalon.core.keyword.internal.KeywordExecutor.executeKeywordForPlatform(KeywordExecutor.groovy:73)
	at com.kms.katalon.core.webui.keyword.WebUiBuiltInKeywords.click(WebUiBuiltInKeywords.groovy:619)
	at com.kms.katalon.core.webui.keyword.WebUiBuiltInKeywords$click$3.call(Unknown Source)
	at TC15_JoinTeam.run(TC15_JoinTeam:30)
	at com.kms.katalon.core.main.ScriptEngine.run(ScriptEngine.java:194)
	at com.kms.katalon.core.main.ScriptEngine.runScriptAsRawText(ScriptEngine.java:119)
	at com.kms.katalon.core.main.TestCaseExecutor.runScript(TestCaseExecutor.java:398)
	at com.kms.katalon.core.main.TestCaseExecutor.doExecute(TestCaseExecutor.java:389)
	at com.kms.katalon.core.main.TestCaseExecutor.processExecutionPhase(TestCaseExecutor.java:368)
	at com.kms.katalon.core.main.TestCaseExecutor.accessMainPhase(TestCaseExecutor.java:360)
	at com.kms.katalon.core.main.TestCaseExecutor.execute(TestCaseExecutor.java:255)
	at com.kms.katalon.core.main.TestSuiteExecutor.accessTestCaseMainPhase(TestSuiteExecutor.java:203)
	at com.kms.katalon.core.main.TestSuiteExecutor.accessTestSuiteMainPhase(TestSuiteExecutor.java:152)
	at com.kms.katalon.core.main.TestSuiteExecutor.execute(TestSuiteExecutor.java:95)
	at com.kms.katalon.core.main.TestCaseMain.startTestSuite(TestCaseMain.java:157)
	at com.kms.katalon.core.main.TestCaseMain$startTestSuite$0.call(Unknown Source)
	at TempTestSuite1622257361884.run(TempTestSuite1622257361884.groovy:39)
Caused by: com.kms.katalon.core.webui.exception.WebElementNotFoundException: Web element with id: 'Object Repository/Page_Town Square - test9 Mattermost/span_another' located by '//div[@class=&quot;signup-team-dir&quot;][1]/a' not found
	at com.kms.katalon.core.webui.common.WebUiCommonHelper.findWebElement(WebUiCommonHelper.java:1368)
	at com.kms.katalon.core.webui.keyword.internal.WebUIAbstractKeyword.findWebElement(WebUIAbstractKeyword.groovy:27)
	at com.kms.katalon.core.webui.keyword.internal.WebUIAbstractKeyword.findWebElement(WebUIAbstractKeyword.groovy:26)
	at com.kms.katalon.core.webui.keyword.builtin.ClickKeyword$_click_closure1.doCall(ClickKeyword.groovy:66)
	at com.kms.katalon.core.webui.keyword.builtin.ClickKeyword$_click_closure1.call(ClickKeyword.groovy)
	at com.kms.katalon.core.webui.keyword.internal.WebUIKeywordMain.runKeyword(WebUIKeywordMain.groovy:20)
	... 19 more
"/>
         <system-out><![CDATA[2021-05-29 10:17:58 - [TEST_CASE][FAILED] - Test Cases/1712666/TC15_JoinTeam: Test Cases/1712666/TC15_JoinTeam FAILED.
Reason:
com.kms.katalon.core.exception.StepFailedException: Unable to click on object 'Object Repository/Page_Town Square - test9 Mattermost/span_another'
	at com.kms.katalon.core.webui.keyword.internal.WebUIKeywordMain.stepFailed(WebUIKeywordMain.groovy:64)
	at com.kms.katalon.core.webui.keyword.internal.WebUIKeywordMain.runKeyword(WebUIKeywordMain.groovy:26)
	at com.kms.katalon.core.webui.keyword.builtin.ClickKeyword.click(ClickKeyword.groovy:75)
	at com.kms.katalon.core.webui.keyword.builtin.ClickKeyword.execute(ClickKeyword.groovy:42)
	at com.kms.katalon.core.keyword.internal.KeywordExecutor.executeKeywordForPlatform(KeywordExecutor.groovy:73)
	at com.kms.katalon.core.webui.keyword.WebUiBuiltInKeywords.click(WebUiBuiltInKeywords.groovy:619)
	at com.kms.katalon.core.webui.keyword.WebUiBuiltInKeywords$click$3.call(Unknown Source)
	at TC15_JoinTeam.run(TC15_JoinTeam:30)
	at com.kms.katalon.core.main.ScriptEngine.run(ScriptEngine.java:194)
	at com.kms.katalon.core.main.ScriptEngine.runScriptAsRawText(ScriptEngine.java:119)
	at com.kms.katalon.core.main.TestCaseExecutor.runScript(TestCaseExecutor.java:398)
	at com.kms.katalon.core.main.TestCaseExecutor.doExecute(TestCaseExecutor.java:389)
	at com.kms.katalon.core.main.TestCaseExecutor.processExecutionPhase(TestCaseExecutor.java:368)
	at com.kms.katalon.core.main.TestCaseExecutor.accessMainPhase(TestCaseExecutor.java:360)
	at com.kms.katalon.core.main.TestCaseExecutor.execute(TestCaseExecutor.java:255)
	at com.kms.katalon.core.main.TestSuiteExecutor.accessTestCaseMainPhase(TestSuiteExecutor.java:203)
	at com.kms.katalon.core.main.TestSuiteExecutor.accessTestSuiteMainPhase(TestSuiteExecutor.java:152)
	at com.kms.katalon.core.main.TestSuiteExecutor.execute(TestSuiteExecutor.java:95)
	at com.kms.katalon.core.main.TestCaseMain.startTestSuite(TestCaseMain.java:157)
	at com.kms.katalon.core.main.TestCaseMain$startTestSuite$0.call(Unknown Source)
	at TempTestSuite1622257361884.run(TempTestSuite1622257361884.groovy:39)
Caused by: com.kms.katalon.core.webui.exception.WebElementNotFoundException: Web element with id: 'Object Repository/Page_Town Square - test9 Mattermost/span_another' located by '//div[@class="signup-team-dir"][1]/a' not found
	at com.kms.katalon.core.webui.common.WebUiCommonHelper.findWebElement(WebUiCommonHelper.java:1368)
	at com.kms.katalon.core.webui.keyword.internal.WebUIAbstractKeyword.findWebElement(WebUIAbstractKeyword.groovy:27)
	at com.kms.katalon.core.webui.keyword.internal.WebUIAbstractKeyword.findWebElement(WebUIAbstractKeyword.groovy:26)
	at com.kms.katalon.core.webui.keyword.builtin.ClickKeyword$_click_closure1.doCall(ClickKeyword.groovy:66)
	at com.kms.katalon.core.webui.keyword.builtin.ClickKeyword$_click_closure1.call(ClickKeyword.groovy)
	at com.kms.katalon.core.webui.keyword.internal.WebUIKeywordMain.runKeyword(WebUIKeywordMain.groovy:20)
	... 19 more


2021-05-29 10:17:59 - [TEST_STEP][PASSED] - openBrowser(""): Browser is opened with url: ''

2021-05-29 10:17:59 - [MESSAGE][INFO] - Starting 'Chrome' driver

2021-05-29 10:17:59 - [MESSAGE][INFO] - Action delay is set to 0 milliseconds

2021-05-29 10:18:01 - [MESSAGE][PASSED] - Browser is opened with url: ''

2021-05-29 10:18:01 - [TEST_STEP][PASSED] - navigateToUrl("https://mattermostwebapp.herokuapp.com/"): Navigate to 'https://mattermostwebapp.herokuapp.com/' successfully

2021-05-29 10:18:05 - [MESSAGE][PASSED] - Navigate to 'https://mattermostwebapp.herokuapp.com/' successfully

2021-05-29 10:18:05 - [TEST_STEP][PASSED] - callTestCase(findTestCase("1712666/CommonTC/CTC_Login"), ["var_username":"phuc", "var_password":"CSt51UwWECc="]): Call Test Case 'Test Cases/1712666/CommonTC/CTC_Login' successfully

2021-05-29 10:18:05 - [TEST_CASE][PASSED] - Test Cases/1712666/CommonTC/CTC_Login: Test Cases/1712666/CommonTC/CTC_Login

2021-05-29 10:18:05 - [TEST_STEP][PASSED] - setText(findTestObject("Object Repository/1412263_Page_Mattermost/input_All team communication in one place, _dcc84b"), var_username): Text 'phuc' is set on object 'Object Repository/1412263_Page_Mattermost/input_All team communication in one place, _dcc84b'

2021-05-29 10:18:10 - [MESSAGE][PASSED] - Text 'phuc' is set on object 'Object Repository/1412263_Page_Mattermost/input_All team communication in one place, _dcc84b'

2021-05-29 10:18:10 - [TEST_STEP][PASSED] - setEncryptedText(findTestObject("Object Repository/1412263_Page_Mattermost/input_All team communication in one place, _a3edc6"), var_password): Text ****** has been set on object 'Object Repository/1412263_Page_Mattermost/input_All team communication in one place, _a3edc6'

2021-05-29 10:18:11 - [MESSAGE][PASSED] - Text ****** has been set on object 'Object Repository/1412263_Page_Mattermost/input_All team communication in one place, _a3edc6'

2021-05-29 10:18:11 - [TEST_STEP][PASSED] - click(findTestObject("Object Repository/1412263_Page_Mattermost/span_Sign in")): Object: 'Object Repository/1412263_Page_Mattermost/span_Sign in' is clicked on

2021-05-29 10:18:12 - [MESSAGE][PASSED] - Object: 'Object Repository/1412263_Page_Mattermost/span_Sign in' is clicked on

2021-05-29 10:18:12 - [MESSAGE][PASSED] - Call Test Case 'Test Cases/1712666/CommonTC/CTC_Login' successfully

2021-05-29 10:18:12 - [TEST_STEP][PASSED] - click(findTestObject("Object Repository/Page_Town Square - test9 Mattermost/div_phuc")): Object: 'Object Repository/Page_Town Square - test9 Mattermost/div_phuc' is clicked on

2021-05-29 10:18:16 - [MESSAGE][PASSED] - Object: 'Object Repository/Page_Town Square - test9 Mattermost/div_phuc' is clicked on

2021-05-29 10:18:16 - [TEST_STEP][PASSED] - click(findTestObject("Object Repository/Page_Town Square - test9 Mattermost/span_Join Another Team")): Object: 'Object Repository/Page_Town Square - test9 Mattermost/span_Join Another Team' is clicked on

2021-05-29 10:18:47 - [MESSAGE][INFO] - Unable to find the element located by 'By.xpath: //li[@id='joinTeam']/a/span'. Please recheck the objects properties to make sure the desired element is located. 

2021-05-29 10:18:47 - [MESSAGE][WARNING] - [SELF-HEALING] Failed to find element with id 'Object Repository/Page_Town Square - test9 Mattermost/span_Join Another Team'. Try using Self-healing.

2021-05-29 10:18:47 - [MESSAGE][ERROR] - [SELF-HEALING] com.google.gson.stream.MalformedJsonException: Expected ':' at line 75 column 10 path $.brokenTestObjects[7].<<<<<<<

2021-05-29 10:18:48 - [MESSAGE][INFO] - [SELF-HEALING] Failed Locator: '//li[@id='joinTeam']/a/span'.

2021-05-29 10:18:48 - [MESSAGE][INFO] - [SELF-HEALING] Working Locator: '(.//*[normalize-space(text()) and normalize-space(.)='Create a Team'])[1]/following::span[1]'.

2021-05-29 10:18:48 - [MESSAGE][INFO] - [SELF-HEALING] Screenshot: E:/Tai lieu hoc/Nam 7/HK2/New Topics/Homework 2/New folder/Mattermost_Autotesting/Reports/Self-healing/Object Repository/Page_Town Square - test9 Mattermost/span_Join Another Team_neighbor.png

2021-05-29 10:18:48 - [MESSAGE][ERROR] - [SELF-HEALING] com.google.gson.stream.MalformedJsonException: Expected ':' at line 75 column 10 path $.brokenTestObjects[7].<<<<<<<

2021-05-29 10:18:48 - [MESSAGE][ERROR] - [SELF-HEALING] E:\Tai lieu hoc\Nam 7\HK2\New Topics\Homework 2\New folder\Mattermost_Autotesting\Reports\Self-healing\broken-test-objects.json does not exist or is provided by Self-healing Plugin!

2021-05-29 10:18:48 - [MESSAGE][WARNING] - [SELF-HEALING] The current locator of test object 'Object Repository/Page_Town Square - test9 Mattermost/span_Join Another Team' was broken. Propose an alternative one: '(.//*[normalize-space(text()) and normalize-space(.)='Create a Team'])[1]/following::span[1]'.

2021-05-29 10:18:48 - [MESSAGE][PASSED] - Object: 'Object Repository/Page_Town Square - test9 Mattermost/span_Join Another Team' is clicked on

2021-05-29 10:18:48 - [TEST_STEP][FAILED] - click(findTestObject("Page_Town Square - test9 Mattermost/span_another")): Unable to click on object 'Object Repository/Page_Town Square - test9 Mattermost/span_another' (Root cause: com.kms.katalon.core.exception.StepFailedException: Unable to click on object 'Object Repository/Page_Town Square - test9 Mattermost/span_another'
	at com.kms.katalon.core.webui.keyword.internal.WebUIKeywordMain.stepFailed(WebUIKeywordMain.groovy:64)
	at com.kms.katalon.core.webui.keyword.internal.WebUIKeywordMain.runKeyword(WebUIKeywordMain.groovy:26)
	at com.kms.katalon.core.webui.keyword.builtin.ClickKeyword.click(ClickKeyword.groovy:75)
	at com.kms.katalon.core.webui.keyword.builtin.ClickKeyword.execute(ClickKeyword.groovy:42)
	at com.kms.katalon.core.keyword.internal.KeywordExecutor.executeKeywordForPlatform(KeywordExecutor.groovy:73)
	at com.kms.katalon.core.webui.keyword.WebUiBuiltInKeywords.click(WebUiBuiltInKeywords.groovy:619)
	at com.kms.katalon.core.webui.keyword.WebUiBuiltInKeywords$click$3.call(Unknown Source)
	at TC15_JoinTeam.run(TC15_JoinTeam:30)
	at com.kms.katalon.core.main.ScriptEngine.run(ScriptEngine.java:194)
	at com.kms.katalon.core.main.ScriptEngine.runScriptAsRawText(ScriptEngine.java:119)
	at com.kms.katalon.core.main.TestCaseExecutor.runScript(TestCaseExecutor.java:398)
	at com.kms.katalon.core.main.TestCaseExecutor.doExecute(TestCaseExecutor.java:389)
	at com.kms.katalon.core.main.TestCaseExecutor.processExecutionPhase(TestCaseExecutor.java:368)
	at com.kms.katalon.core.main.TestCaseExecutor.accessMainPhase(TestCaseExecutor.java:360)
	at com.kms.katalon.core.main.TestCaseExecutor.execute(TestCaseExecutor.java:255)
	at com.kms.katalon.core.main.TestSuiteExecutor.accessTestCaseMainPhase(TestSuiteExecutor.java:203)
	at com.kms.katalon.core.main.TestSuiteExecutor.accessTestSuiteMainPhase(TestSuiteExecutor.java:152)
	at com.kms.katalon.core.main.TestSuiteExecutor.execute(TestSuiteExecutor.java:95)
	at com.kms.katalon.core.main.TestCaseMain.startTestSuite(TestCaseMain.java:157)
	at com.kms.katalon.core.main.TestCaseMain$startTestSuite$0.call(Unknown Source)
	at TempTestSuite1622257361884.run(TempTestSuite1622257361884.groovy:39)
Caused by: com.kms.katalon.core.webui.exception.WebElementNotFoundException: Web element with id: 'Object Repository/Page_Town Square - test9 Mattermost/span_another' located by '//div[@class="signup-team-dir"][1]/a' not found
	at com.kms.katalon.core.webui.common.WebUiCommonHelper.findWebElement(WebUiCommonHelper.java:1368)
	at com.kms.katalon.core.webui.keyword.internal.WebUIAbstractKeyword.findWebElement(WebUIAbstractKeyword.groovy:27)
	at com.kms.katalon.core.webui.keyword.internal.WebUIAbstractKeyword.findWebElement(WebUIAbstractKeyword.groovy:26)
	at com.kms.katalon.core.webui.keyword.builtin.ClickKeyword$_click_closure1.doCall(ClickKeyword.groovy:66)
	at com.kms.katalon.core.webui.keyword.builtin.ClickKeyword$_click_closure1.call(ClickKeyword.groovy)
	at com.kms.katalon.core.webui.keyword.internal.WebUIKeywordMain.runKeyword(WebUIKeywordMain.groovy:20)
	at com.kms.katalon.core.webui.keyword.builtin.ClickKeyword.click(ClickKeyword.groovy:75)
	at com.kms.katalon.core.webui.keyword.builtin.ClickKeyword.execute(ClickKeyword.groovy:42)
	at com.kms.katalon.core.keyword.internal.KeywordExecutor.executeKeywordForPlatform(KeywordExecutor.groovy:73)
	at com.kms.katalon.core.webui.keyword.WebUiBuiltInKeywords.click(WebUiBuiltInKeywords.groovy:619)
	at com.kms.katalon.core.webui.keyword.WebUiBuiltInKeywords$click$3.call(Unknown Source)
	at Script1621524622752.run(Script1621524622752.groovy:30)
	... 13 more
)

2021-05-29 10:19:20 - [MESSAGE][INFO] - Unable to find the element located by 'By.xpath: //div[@class="signup-team-dir"][1]/a'. Please recheck the objects properties to make sure the desired element is located. 

2021-05-29 10:19:20 - [MESSAGE][WARNING] - [SELF-HEALING] Failed to find element with id 'Object Repository/Page_Town Square - test9 Mattermost/span_another'. Try using Self-healing.

2021-05-29 10:19:20 - [MESSAGE][ERROR] - [SELF-HEALING] com.google.gson.stream.MalformedJsonException: Expected ':' at line 75 column 10 path $.brokenTestObjects[7].<<<<<<<

2021-05-29 10:19:20 - [MESSAGE][INFO] - [SELF-HEALING] Failed Locator: '//div[@class="signup-team-dir"][1]/a/span
'.

2021-05-29 10:19:20 - [MESSAGE][INFO] - [SELF-HEALING] Failed Locator: '//div[@class="signup-team-dir"][1]/a/span
'.

2021-05-29 10:19:21 - [MESSAGE][INFO] - [SELF-HEALING] Failed Locator: '//div[@class="signup-team-dir"][1]/a/span
'.

2021-05-29 10:19:21 - [MESSAGE][INFO] - [SELF-HEALING] Failed Locator: '//div[@class="signup-team-dir"][1]/a/span
'.

2021-05-29 10:19:22 - [MESSAGE][INFO] - Unable to find the element located by 'By.xpath: //*[(text() = 'another' or . = 'another')]'. Please recheck the objects properties to make sure the desired element is located. 

2021-05-29 10:19:23 - [MESSAGE][INFO] - Unable to find the element located by 'By.cssSelector: span.signup-team-dir__name'. Please recheck the objects properties to make sure the desired element is located. 

2021-05-29 10:19:23 - [MESSAGE][FAILED] - Unable to click on object 'Object Repository/Page_Town Square - test9 Mattermost/span_another' (Root cause: com.kms.katalon.core.exception.StepFailedException: Unable to click on object 'Object Repository/Page_Town Square - test9 Mattermost/span_another'
	at com.kms.katalon.core.webui.keyword.internal.WebUIKeywordMain.stepFailed(WebUIKeywordMain.groovy:64)
	at com.kms.katalon.core.webui.keyword.internal.WebUIKeywordMain.runKeyword(WebUIKeywordMain.groovy:26)
	at com.kms.katalon.core.webui.keyword.builtin.ClickKeyword.click(ClickKeyword.groovy:75)
	at com.kms.katalon.core.webui.keyword.builtin.ClickKeyword.execute(ClickKeyword.groovy:42)
	at com.kms.katalon.core.keyword.internal.KeywordExecutor.executeKeywordForPlatform(KeywordExecutor.groovy:73)
	at com.kms.katalon.core.webui.keyword.WebUiBuiltInKeywords.click(WebUiBuiltInKeywords.groovy:619)
	at com.kms.katalon.core.webui.keyword.WebUiBuiltInKeywords$click$3.call(Unknown Source)
	at TC15_JoinTeam.run(TC15_JoinTeam:30)
	at com.kms.katalon.core.main.ScriptEngine.run(ScriptEngine.java:194)
	at com.kms.katalon.core.main.ScriptEngine.runScriptAsRawText(ScriptEngine.java:119)
	at com.kms.katalon.core.main.TestCaseExecutor.runScript(TestCaseExecutor.java:398)
	at com.kms.katalon.core.main.TestCaseExecutor.doExecute(TestCaseExecutor.java:389)
	at com.kms.katalon.core.main.TestCaseExecutor.processExecutionPhase(TestCaseExecutor.java:368)
	at com.kms.katalon.core.main.TestCaseExecutor.accessMainPhase(TestCaseExecutor.java:360)
	at com.kms.katalon.core.main.TestCaseExecutor.execute(TestCaseExecutor.java:255)
	at com.kms.katalon.core.main.TestSuiteExecutor.accessTestCaseMainPhase(TestSuiteExecutor.java:203)
	at com.kms.katalon.core.main.TestSuiteExecutor.accessTestSuiteMainPhase(TestSuiteExecutor.java:152)
	at com.kms.katalon.core.main.TestSuiteExecutor.execute(TestSuiteExecutor.java:95)
	at com.kms.katalon.core.main.TestCaseMain.startTestSuite(TestCaseMain.java:157)
	at com.kms.katalon.core.main.TestCaseMain$startTestSuite$0.call(Unknown Source)
	at TempTestSuite1622257361884.run(TempTestSuite1622257361884.groovy:39)
Caused by: com.kms.katalon.core.webui.exception.WebElementNotFoundException: Web element with id: 'Object Repository/Page_Town Square - test9 Mattermost/span_another' located by '//div[@class="signup-team-dir"][1]/a' not found
	at com.kms.katalon.core.webui.common.WebUiCommonHelper.findWebElement(WebUiCommonHelper.java:1368)
	at com.kms.katalon.core.webui.keyword.internal.WebUIAbstractKeyword.findWebElement(WebUIAbstractKeyword.groovy:27)
	at com.kms.katalon.core.webui.keyword.internal.WebUIAbstractKeyword.findWebElement(WebUIAbstractKeyword.groovy:26)
	at com.kms.katalon.core.webui.keyword.builtin.ClickKeyword$_click_closure1.doCall(ClickKeyword.groovy:66)
	at com.kms.katalon.core.webui.keyword.builtin.ClickKeyword$_click_closure1.call(ClickKeyword.groovy)
	at com.kms.katalon.core.webui.keyword.internal.WebUIKeywordMain.runKeyword(WebUIKeywordMain.groovy:20)
	at com.kms.katalon.core.webui.keyword.builtin.ClickKeyword.click(ClickKeyword.groovy:75)
	at com.kms.katalon.core.webui.keyword.builtin.ClickKeyword.execute(ClickKeyword.groovy:42)
	at com.kms.katalon.core.keyword.internal.KeywordExecutor.executeKeywordForPlatform(KeywordExecutor.groovy:73)
	at com.kms.katalon.core.webui.keyword.WebUiBuiltInKeywords.click(WebUiBuiltInKeywords.groovy:619)
	at com.kms.katalon.core.webui.keyword.WebUiBuiltInKeywords$click$3.call(Unknown Source)
	at Script1621524622752.run(Script1621524622752.groovy:30)
	... 13 more
)
[[ATTACHMENT|E:\\Tai lieu hoc\\Nam 7\\HK2\\New Topics\\Homework 2\\New folder\\Mattermost_Autotesting\\Reports\\20210529_100241\\1412263\\Run_All_Test_Cases\\20210529_100241\\1622258363604.png]]]]></system-out>
         <system-err><![CDATA[2021-05-29 10:17:58 - [TEST_CASE][FAILED] - Test Cases/1712666/TC15_JoinTeam: Test Cases/1712666/TC15_JoinTeam FAILED.
Reason:
com.kms.katalon.core.exception.StepFailedException: Unable to click on object 'Object Repository/Page_Town Square - test9 Mattermost/span_another'
	at com.kms.katalon.core.webui.keyword.internal.WebUIKeywordMain.stepFailed(WebUIKeywordMain.groovy:64)
	at com.kms.katalon.core.webui.keyword.internal.WebUIKeywordMain.runKeyword(WebUIKeywordMain.groovy:26)
	at com.kms.katalon.core.webui.keyword.builtin.ClickKeyword.click(ClickKeyword.groovy:75)
	at com.kms.katalon.core.webui.keyword.builtin.ClickKeyword.execute(ClickKeyword.groovy:42)
	at com.kms.katalon.core.keyword.internal.KeywordExecutor.executeKeywordForPlatform(KeywordExecutor.groovy:73)
	at com.kms.katalon.core.webui.keyword.WebUiBuiltInKeywords.click(WebUiBuiltInKeywords.groovy:619)
	at com.kms.katalon.core.webui.keyword.WebUiBuiltInKeywords$click$3.call(Unknown Source)
	at TC15_JoinTeam.run(TC15_JoinTeam:30)
	at com.kms.katalon.core.main.ScriptEngine.run(ScriptEngine.java:194)
	at com.kms.katalon.core.main.ScriptEngine.runScriptAsRawText(ScriptEngine.java:119)
	at com.kms.katalon.core.main.TestCaseExecutor.runScript(TestCaseExecutor.java:398)
	at com.kms.katalon.core.main.TestCaseExecutor.doExecute(TestCaseExecutor.java:389)
	at com.kms.katalon.core.main.TestCaseExecutor.processExecutionPhase(TestCaseExecutor.java:368)
	at com.kms.katalon.core.main.TestCaseExecutor.accessMainPhase(TestCaseExecutor.java:360)
	at com.kms.katalon.core.main.TestCaseExecutor.execute(TestCaseExecutor.java:255)
	at com.kms.katalon.core.main.TestSuiteExecutor.accessTestCaseMainPhase(TestSuiteExecutor.java:203)
	at com.kms.katalon.core.main.TestSuiteExecutor.accessTestSuiteMainPhase(TestSuiteExecutor.java:152)
	at com.kms.katalon.core.main.TestSuiteExecutor.execute(TestSuiteExecutor.java:95)
	at com.kms.katalon.core.main.TestCaseMain.startTestSuite(TestCaseMain.java:157)
	at com.kms.katalon.core.main.TestCaseMain$startTestSuite$0.call(Unknown Source)
	at TempTestSuite1622257361884.run(TempTestSuite1622257361884.groovy:39)
Caused by: com.kms.katalon.core.webui.exception.WebElementNotFoundException: Web element with id: 'Object Repository/Page_Town Square - test9 Mattermost/span_another' located by '//div[@class="signup-team-dir"][1]/a' not found
	at com.kms.katalon.core.webui.common.WebUiCommonHelper.findWebElement(WebUiCommonHelper.java:1368)
	at com.kms.katalon.core.webui.keyword.internal.WebUIAbstractKeyword.findWebElement(WebUIAbstractKeyword.groovy:27)
	at com.kms.katalon.core.webui.keyword.internal.WebUIAbstractKeyword.findWebElement(WebUIAbstractKeyword.groovy:26)
	at com.kms.katalon.core.webui.keyword.builtin.ClickKeyword$_click_closure1.doCall(ClickKeyword.groovy:66)
	at com.kms.katalon.core.webui.keyword.builtin.ClickKeyword$_click_closure1.call(ClickKeyword.groovy)
	at com.kms.katalon.core.webui.keyword.internal.WebUIKeywordMain.runKeyword(WebUIKeywordMain.groovy:20)
	... 19 more]]></system-err>
      </testcase>
      <testcase name="Test Cases/1712666/TC16_LeaveTeam" time="109.659" classname="Test Cases/1712666/TC16_LeaveTeam" status="FAILED">
         <failure type="FAILED" message="Test Cases/1712666/TC16_LeaveTeam FAILED.
Reason:
com.kms.katalon.core.exception.StepFailedException: Call Test Case 'Test Cases/1712666/CommonTC/CTC_JoinTeam' failed
	at com.kms.katalon.core.keyword.builtin.CallTestCaseKeyword$_callTestCase_closure1.doCall(CallTestCaseKeyword.groovy:63)
	at com.kms.katalon.core.keyword.builtin.CallTestCaseKeyword$_callTestCase_closure1.call(CallTestCaseKeyword.groovy)
	at com.kms.katalon.core.keyword.internal.KeywordMain.runKeyword(KeywordMain.groovy:68)
	at com.kms.katalon.core.keyword.builtin.CallTestCaseKeyword.callTestCase(CallTestCaseKeyword.groovy:81)
	at com.kms.katalon.core.keyword.builtin.CallTestCaseKeyword.execute(CallTestCaseKeyword.groovy:44)
	at com.kms.katalon.core.keyword.internal.KeywordExecutor.executeKeywordForPlatform(KeywordExecutor.groovy:73)
	at com.kms.katalon.core.keyword.BuiltinKeywords.callTestCase(BuiltinKeywords.groovy:350)
	at TC16_LeaveTeam.run(TC16_LeaveTeam:26)
	at com.kms.katalon.core.main.ScriptEngine.run(ScriptEngine.java:194)
	at com.kms.katalon.core.main.ScriptEngine.runScriptAsRawText(ScriptEngine.java:119)
	at com.kms.katalon.core.main.TestCaseExecutor.runScript(TestCaseExecutor.java:398)
	at com.kms.katalon.core.main.TestCaseExecutor.doExecute(TestCaseExecutor.java:389)
	at com.kms.katalon.core.main.TestCaseExecutor.processExecutionPhase(TestCaseExecutor.java:368)
	at com.kms.katalon.core.main.TestCaseExecutor.accessMainPhase(TestCaseExecutor.java:360)
	at com.kms.katalon.core.main.TestCaseExecutor.execute(TestCaseExecutor.java:255)
	at com.kms.katalon.core.main.TestSuiteExecutor.accessTestCaseMainPhase(TestSuiteExecutor.java:203)
	at com.kms.katalon.core.main.TestSuiteExecutor.accessTestSuiteMainPhase(TestSuiteExecutor.java:152)
	at com.kms.katalon.core.main.TestSuiteExecutor.execute(TestSuiteExecutor.java:95)
	at com.kms.katalon.core.main.TestCaseMain.startTestSuite(TestCaseMain.java:157)
	at com.kms.katalon.core.main.TestCaseMain$startTestSuite$0.call(Unknown Source)
	at TempTestSuite1622257361884.run(TempTestSuite1622257361884.groovy:39)
Caused by: com.kms.katalon.core.exception.StepFailedException: Unable to click on object 'Object Repository/Page_Town Square - test9 Mattermost/span_another'
	at com.kms.katalon.core.webui.keyword.internal.WebUIKeywordMain.stepFailed(WebUIKeywordMain.groovy:64)
	at com.kms.katalon.core.webui.keyword.internal.WebUIKeywordMain.runKeyword(WebUIKeywordMain.groovy:26)
	at com.kms.katalon.core.webui.keyword.builtin.ClickKeyword.click(ClickKeyword.groovy:75)
	at com.kms.katalon.core.webui.keyword.builtin.ClickKeyword.execute(ClickKeyword.groovy:42)
	at com.kms.katalon.core.keyword.internal.KeywordExecutor.executeKeywordForPlatform(KeywordExecutor.groovy:73)
	at com.kms.katalon.core.webui.keyword.WebUiBuiltInKeywords.click(WebUiBuiltInKeywords.groovy:619)
	at com.kms.katalon.core.webui.keyword.WebUiBuiltInKeywords$click$3.call(Unknown Source)
	at CTC_JoinTeam.run(CTC_JoinTeam:49)
	at com.kms.katalon.core.main.ScriptEngine.run(ScriptEngine.java:194)
	at com.kms.katalon.core.main.ScriptEngine.runScriptAsRawText(ScriptEngine.java:119)
	at com.kms.katalon.core.main.TestCaseExecutor.runScript(TestCaseExecutor.java:398)
	at com.kms.katalon.core.main.TestCaseExecutor.doExecute(TestCaseExecutor.java:389)
	at com.kms.katalon.core.main.TestCaseExecutor.processExecutionPhase(TestCaseExecutor.java:368)
	at com.kms.katalon.core.main.TestCaseExecutor.accessMainPhase(TestCaseExecutor.java:360)
	at com.kms.katalon.core.main.TestCaseExecutor.execute(TestCaseExecutor.java:255)
	at com.kms.katalon.core.main.TestCaseMain.runTestCase(TestCaseMain.java:114)
	at com.kms.katalon.core.keyword.builtin.CallTestCaseKeyword$_callTestCase_closure1.doCall(CallTestCaseKeyword.groovy:59)
	... 20 more
Caused by: com.kms.katalon.core.webui.exception.WebElementNotFoundException: Web element with id: 'Object Repository/Page_Town Square - test9 Mattermost/span_another' located by '//div[@class=&quot;signup-team-dir&quot;][1]/a' not found
	at com.kms.katalon.core.webui.common.WebUiCommonHelper.findWebElement(WebUiCommonHelper.java:1368)
	at com.kms.katalon.core.webui.keyword.internal.WebUIAbstractKeyword.findWebElement(WebUIAbstractKeyword.groovy:27)
	at com.kms.katalon.core.webui.keyword.internal.WebUIAbstractKeyword.findWebElement(WebUIAbstractKeyword.groovy:26)
	at com.kms.katalon.core.webui.keyword.builtin.ClickKeyword$_click_closure1.doCall(ClickKeyword.groovy:66)
	at com.kms.katalon.core.webui.keyword.builtin.ClickKeyword$_click_closure1.call(ClickKeyword.groovy)
	at com.kms.katalon.core.webui.keyword.internal.WebUIKeywordMain.runKeyword(WebUIKeywordMain.groovy:20)
	... 35 more
"/>
         <system-out><![CDATA[2021-05-29 10:19:23 - [TEST_CASE][FAILED] - Test Cases/1712666/TC16_LeaveTeam: Test Cases/1712666/TC16_LeaveTeam FAILED.
Reason:
com.kms.katalon.core.exception.StepFailedException: Call Test Case 'Test Cases/1712666/CommonTC/CTC_JoinTeam' failed
	at com.kms.katalon.core.keyword.builtin.CallTestCaseKeyword$_callTestCase_closure1.doCall(CallTestCaseKeyword.groovy:63)
	at com.kms.katalon.core.keyword.builtin.CallTestCaseKeyword$_callTestCase_closure1.call(CallTestCaseKeyword.groovy)
	at com.kms.katalon.core.keyword.internal.KeywordMain.runKeyword(KeywordMain.groovy:68)
	at com.kms.katalon.core.keyword.builtin.CallTestCaseKeyword.callTestCase(CallTestCaseKeyword.groovy:81)
	at com.kms.katalon.core.keyword.builtin.CallTestCaseKeyword.execute(CallTestCaseKeyword.groovy:44)
	at com.kms.katalon.core.keyword.internal.KeywordExecutor.executeKeywordForPlatform(KeywordExecutor.groovy:73)
	at com.kms.katalon.core.keyword.BuiltinKeywords.callTestCase(BuiltinKeywords.groovy:350)
	at TC16_LeaveTeam.run(TC16_LeaveTeam:26)
	at com.kms.katalon.core.main.ScriptEngine.run(ScriptEngine.java:194)
	at com.kms.katalon.core.main.ScriptEngine.runScriptAsRawText(ScriptEngine.java:119)
	at com.kms.katalon.core.main.TestCaseExecutor.runScript(TestCaseExecutor.java:398)
	at com.kms.katalon.core.main.TestCaseExecutor.doExecute(TestCaseExecutor.java:389)
	at com.kms.katalon.core.main.TestCaseExecutor.processExecutionPhase(TestCaseExecutor.java:368)
	at com.kms.katalon.core.main.TestCaseExecutor.accessMainPhase(TestCaseExecutor.java:360)
	at com.kms.katalon.core.main.TestCaseExecutor.execute(TestCaseExecutor.java:255)
	at com.kms.katalon.core.main.TestSuiteExecutor.accessTestCaseMainPhase(TestSuiteExecutor.java:203)
	at com.kms.katalon.core.main.TestSuiteExecutor.accessTestSuiteMainPhase(TestSuiteExecutor.java:152)
	at com.kms.katalon.core.main.TestSuiteExecutor.execute(TestSuiteExecutor.java:95)
	at com.kms.katalon.core.main.TestCaseMain.startTestSuite(TestCaseMain.java:157)
	at com.kms.katalon.core.main.TestCaseMain$startTestSuite$0.call(Unknown Source)
	at TempTestSuite1622257361884.run(TempTestSuite1622257361884.groovy:39)
Caused by: com.kms.katalon.core.exception.StepFailedException: Unable to click on object 'Object Repository/Page_Town Square - test9 Mattermost/span_another'
	at com.kms.katalon.core.webui.keyword.internal.WebUIKeywordMain.stepFailed(WebUIKeywordMain.groovy:64)
	at com.kms.katalon.core.webui.keyword.internal.WebUIKeywordMain.runKeyword(WebUIKeywordMain.groovy:26)
	at com.kms.katalon.core.webui.keyword.builtin.ClickKeyword.click(ClickKeyword.groovy:75)
	at com.kms.katalon.core.webui.keyword.builtin.ClickKeyword.execute(ClickKeyword.groovy:42)
	at com.kms.katalon.core.keyword.internal.KeywordExecutor.executeKeywordForPlatform(KeywordExecutor.groovy:73)
	at com.kms.katalon.core.webui.keyword.WebUiBuiltInKeywords.click(WebUiBuiltInKeywords.groovy:619)
	at com.kms.katalon.core.webui.keyword.WebUiBuiltInKeywords$click$3.call(Unknown Source)
	at CTC_JoinTeam.run(CTC_JoinTeam:49)
	at com.kms.katalon.core.main.ScriptEngine.run(ScriptEngine.java:194)
	at com.kms.katalon.core.main.ScriptEngine.runScriptAsRawText(ScriptEngine.java:119)
	at com.kms.katalon.core.main.TestCaseExecutor.runScript(TestCaseExecutor.java:398)
	at com.kms.katalon.core.main.TestCaseExecutor.doExecute(TestCaseExecutor.java:389)
	at com.kms.katalon.core.main.TestCaseExecutor.processExecutionPhase(TestCaseExecutor.java:368)
	at com.kms.katalon.core.main.TestCaseExecutor.accessMainPhase(TestCaseExecutor.java:360)
	at com.kms.katalon.core.main.TestCaseExecutor.execute(TestCaseExecutor.java:255)
	at com.kms.katalon.core.main.TestCaseMain.runTestCase(TestCaseMain.java:114)
	at com.kms.katalon.core.keyword.builtin.CallTestCaseKeyword$_callTestCase_closure1.doCall(CallTestCaseKeyword.groovy:59)
	... 20 more
Caused by: com.kms.katalon.core.webui.exception.WebElementNotFoundException: Web element with id: 'Object Repository/Page_Town Square - test9 Mattermost/span_another' located by '//div[@class="signup-team-dir"][1]/a' not found
	at com.kms.katalon.core.webui.common.WebUiCommonHelper.findWebElement(WebUiCommonHelper.java:1368)
	at com.kms.katalon.core.webui.keyword.internal.WebUIAbstractKeyword.findWebElement(WebUIAbstractKeyword.groovy:27)
	at com.kms.katalon.core.webui.keyword.internal.WebUIAbstractKeyword.findWebElement(WebUIAbstractKeyword.groovy:26)
	at com.kms.katalon.core.webui.keyword.builtin.ClickKeyword$_click_closure1.doCall(ClickKeyword.groovy:66)
	at com.kms.katalon.core.webui.keyword.builtin.ClickKeyword$_click_closure1.call(ClickKeyword.groovy)
	at com.kms.katalon.core.webui.keyword.internal.WebUIKeywordMain.runKeyword(WebUIKeywordMain.groovy:20)
	... 35 more


2021-05-29 10:19:24 - [TEST_STEP][PASSED] - openBrowser(""): Browser is opened with url: ''

2021-05-29 10:19:24 - [MESSAGE][WARNING] - A browser is already opened. Closing browser and opening a new one

2021-05-29 10:19:25 - [MESSAGE][INFO] - Starting 'Chrome' driver

2021-05-29 10:19:25 - [MESSAGE][INFO] - Action delay is set to 0 milliseconds

2021-05-29 10:19:27 - [MESSAGE][PASSED] - Browser is opened with url: ''

2021-05-29 10:19:27 - [TEST_STEP][PASSED] - navigateToUrl("https://mattermostwebapp.herokuapp.com/"): Navigate to 'https://mattermostwebapp.herokuapp.com/' successfully

2021-05-29 10:19:31 - [MESSAGE][PASSED] - Navigate to 'https://mattermostwebapp.herokuapp.com/' successfully

2021-05-29 10:19:31 - [TEST_STEP][PASSED] - callTestCase(findTestCase("1712666/CommonTC/CTC_Login"), ["var_username":"phuc", "var_password":"CSt51UwWECc="]): Call Test Case 'Test Cases/1712666/CommonTC/CTC_Login' successfully

2021-05-29 10:19:31 - [TEST_CASE][PASSED] - Test Cases/1712666/CommonTC/CTC_Login: Test Cases/1712666/CommonTC/CTC_Login

2021-05-29 10:19:31 - [TEST_STEP][PASSED] - setText(findTestObject("Object Repository/1412263_Page_Mattermost/input_All team communication in one place, _dcc84b"), var_username): Text 'phuc' is set on object 'Object Repository/1412263_Page_Mattermost/input_All team communication in one place, _dcc84b'

2021-05-29 10:19:36 - [MESSAGE][PASSED] - Text 'phuc' is set on object 'Object Repository/1412263_Page_Mattermost/input_All team communication in one place, _dcc84b'

2021-05-29 10:19:36 - [TEST_STEP][PASSED] - setEncryptedText(findTestObject("Object Repository/1412263_Page_Mattermost/input_All team communication in one place, _a3edc6"), var_password): Text ****** has been set on object 'Object Repository/1412263_Page_Mattermost/input_All team communication in one place, _a3edc6'

2021-05-29 10:19:37 - [MESSAGE][PASSED] - Text ****** has been set on object 'Object Repository/1412263_Page_Mattermost/input_All team communication in one place, _a3edc6'

2021-05-29 10:19:37 - [TEST_STEP][PASSED] - click(findTestObject("Object Repository/1412263_Page_Mattermost/span_Sign in")): Object: 'Object Repository/1412263_Page_Mattermost/span_Sign in' is clicked on

2021-05-29 10:19:38 - [MESSAGE][PASSED] - Object: 'Object Repository/1412263_Page_Mattermost/span_Sign in' is clicked on

2021-05-29 10:19:38 - [MESSAGE][PASSED] - Call Test Case 'Test Cases/1712666/CommonTC/CTC_Login' successfully

2021-05-29 10:19:38 - [TEST_STEP][FAILED] - callTestCase(findTestCase("1712666/CommonTC/CTC_JoinTeam"), [:]): Unable to call Test Case 'Test Cases/1712666/CommonTC/CTC_JoinTeam' (Root cause: com.kms.katalon.core.exception.StepFailedException: Call Test Case 'Test Cases/1712666/CommonTC/CTC_JoinTeam' failed
	at com.kms.katalon.core.keyword.builtin.CallTestCaseKeyword$_callTestCase_closure1.doCall(CallTestCaseKeyword.groovy:63)
	at com.kms.katalon.core.keyword.builtin.CallTestCaseKeyword$_callTestCase_closure1.call(CallTestCaseKeyword.groovy)
	at com.kms.katalon.core.keyword.internal.KeywordMain.runKeyword(KeywordMain.groovy:68)
	at com.kms.katalon.core.keyword.builtin.CallTestCaseKeyword.callTestCase(CallTestCaseKeyword.groovy:81)
	at com.kms.katalon.core.keyword.builtin.CallTestCaseKeyword.execute(CallTestCaseKeyword.groovy:44)
	at com.kms.katalon.core.keyword.internal.KeywordExecutor.executeKeywordForPlatform(KeywordExecutor.groovy:73)
	at com.kms.katalon.core.keyword.BuiltinKeywords.callTestCase(BuiltinKeywords.groovy:350)
	at TC16_LeaveTeam.run(TC16_LeaveTeam:26)
	at com.kms.katalon.core.main.ScriptEngine.run(ScriptEngine.java:194)
	at com.kms.katalon.core.main.ScriptEngine.runScriptAsRawText(ScriptEngine.java:119)
	at com.kms.katalon.core.main.TestCaseExecutor.runScript(TestCaseExecutor.java:398)
	at com.kms.katalon.core.main.TestCaseExecutor.doExecute(TestCaseExecutor.java:389)
	at com.kms.katalon.core.main.TestCaseExecutor.processExecutionPhase(TestCaseExecutor.java:368)
	at com.kms.katalon.core.main.TestCaseExecutor.accessMainPhase(TestCaseExecutor.java:360)
	at com.kms.katalon.core.main.TestCaseExecutor.execute(TestCaseExecutor.java:255)
	at com.kms.katalon.core.main.TestSuiteExecutor.accessTestCaseMainPhase(TestSuiteExecutor.java:203)
	at com.kms.katalon.core.main.TestSuiteExecutor.accessTestSuiteMainPhase(TestSuiteExecutor.java:152)
	at com.kms.katalon.core.main.TestSuiteExecutor.execute(TestSuiteExecutor.java:95)
	at com.kms.katalon.core.main.TestCaseMain.startTestSuite(TestCaseMain.java:157)
	at com.kms.katalon.core.main.TestCaseMain$startTestSuite$0.call(Unknown Source)
	at TempTestSuite1622257361884.run(TempTestSuite1622257361884.groovy:39)
Caused by: com.kms.katalon.core.exception.StepFailedException: Unable to click on object 'Object Repository/Page_Town Square - test9 Mattermost/span_another'
	at com.kms.katalon.core.webui.keyword.internal.WebUIKeywordMain.stepFailed(WebUIKeywordMain.groovy:64)
	at com.kms.katalon.core.webui.keyword.internal.WebUIKeywordMain.runKeyword(WebUIKeywordMain.groovy:26)
	at com.kms.katalon.core.webui.keyword.builtin.ClickKeyword.click(ClickKeyword.groovy:75)
	at com.kms.katalon.core.webui.keyword.builtin.ClickKeyword.execute(ClickKeyword.groovy:42)
	at com.kms.katalon.core.keyword.internal.KeywordExecutor.executeKeywordForPlatform(KeywordExecutor.groovy:73)
	at com.kms.katalon.core.webui.keyword.WebUiBuiltInKeywords.click(WebUiBuiltInKeywords.groovy:619)
	at com.kms.katalon.core.webui.keyword.WebUiBuiltInKeywords$click$3.call(Unknown Source)
	at CTC_JoinTeam.run(CTC_JoinTeam:49)
	at com.kms.katalon.core.main.ScriptEngine.run(ScriptEngine.java:194)
	at com.kms.katalon.core.main.ScriptEngine.runScriptAsRawText(ScriptEngine.java:119)
	at com.kms.katalon.core.main.TestCaseExecutor.runScript(TestCaseExecutor.java:398)
	at com.kms.katalon.core.main.TestCaseExecutor.doExecute(TestCaseExecutor.java:389)
	at com.kms.katalon.core.main.TestCaseExecutor.processExecutionPhase(TestCaseExecutor.java:368)
	at com.kms.katalon.core.main.TestCaseExecutor.accessMainPhase(TestCaseExecutor.java:360)
	at com.kms.katalon.core.main.TestCaseExecutor.execute(TestCaseExecutor.java:255)
	at com.kms.katalon.core.main.TestCaseMain.runTestCase(TestCaseMain.java:114)
	at com.kms.katalon.core.keyword.builtin.CallTestCaseKeyword$_callTestCase_closure1.doCall(CallTestCaseKeyword.groovy:59)
	... 20 more
Caused by: com.kms.katalon.core.webui.exception.WebElementNotFoundException: Web element with id: 'Object Repository/Page_Town Square - test9 Mattermost/span_another' located by '//div[@class="signup-team-dir"][1]/a' not found
	at com.kms.katalon.core.webui.common.WebUiCommonHelper.findWebElement(WebUiCommonHelper.java:1368)
	at com.kms.katalon.core.webui.keyword.internal.WebUIAbstractKeyword.findWebElement(WebUIAbstractKeyword.groovy:27)
	at com.kms.katalon.core.webui.keyword.internal.WebUIAbstractKeyword.findWebElement(WebUIAbstractKeyword.groovy:26)
	at com.kms.katalon.core.webui.keyword.builtin.ClickKeyword$_click_closure1.doCall(ClickKeyword.groovy:66)
	at com.kms.katalon.core.webui.keyword.builtin.ClickKeyword$_click_closure1.call(ClickKeyword.groovy)
	at com.kms.katalon.core.webui.keyword.internal.WebUIKeywordMain.runKeyword(WebUIKeywordMain.groovy:20)
	... 35 more
)

2021-05-29 10:19:38 - [TEST_CASE][FAILED] - Test Cases/1712666/CommonTC/CTC_JoinTeam: Test Cases/1712666/CommonTC/CTC_JoinTeam FAILED.
Reason:
com.kms.katalon.core.exception.StepFailedException: Unable to click on object 'Object Repository/Page_Town Square - test9 Mattermost/span_another'
	at com.kms.katalon.core.webui.keyword.internal.WebUIKeywordMain.stepFailed(WebUIKeywordMain.groovy:64)
	at com.kms.katalon.core.webui.keyword.internal.WebUIKeywordMain.runKeyword(WebUIKeywordMain.groovy:26)
	at com.kms.katalon.core.webui.keyword.builtin.ClickKeyword.click(ClickKeyword.groovy:75)
	at com.kms.katalon.core.webui.keyword.builtin.ClickKeyword.execute(ClickKeyword.groovy:42)
	at com.kms.katalon.core.keyword.internal.KeywordExecutor.executeKeywordForPlatform(KeywordExecutor.groovy:73)
	at com.kms.katalon.core.webui.keyword.WebUiBuiltInKeywords.click(WebUiBuiltInKeywords.groovy:619)
	at com.kms.katalon.core.webui.keyword.WebUiBuiltInKeywords$click$3.call(Unknown Source)
	at CTC_JoinTeam.run(CTC_JoinTeam:49)
	at com.kms.katalon.core.main.ScriptEngine.run(ScriptEngine.java:194)
	at com.kms.katalon.core.main.ScriptEngine.runScriptAsRawText(ScriptEngine.java:119)
	at com.kms.katalon.core.main.TestCaseExecutor.runScript(TestCaseExecutor.java:398)
	at com.kms.katalon.core.main.TestCaseExecutor.doExecute(TestCaseExecutor.java:389)
	at com.kms.katalon.core.main.TestCaseExecutor.processExecutionPhase(TestCaseExecutor.java:368)
	at com.kms.katalon.core.main.TestCaseExecutor.accessMainPhase(TestCaseExecutor.java:360)
	at com.kms.katalon.core.main.TestCaseExecutor.execute(TestCaseExecutor.java:255)
	at com.kms.katalon.core.main.TestCaseMain.runTestCase(TestCaseMain.java:114)
	at com.kms.katalon.core.keyword.builtin.CallTestCaseKeyword$_callTestCase_closure1.doCall(CallTestCaseKeyword.groovy:59)
	at com.kms.katalon.core.keyword.builtin.CallTestCaseKeyword$_callTestCase_closure1.call(CallTestCaseKeyword.groovy)
	at com.kms.katalon.core.keyword.internal.KeywordMain.runKeyword(KeywordMain.groovy:68)
	at com.kms.katalon.core.keyword.builtin.CallTestCaseKeyword.callTestCase(CallTestCaseKeyword.groovy:81)
	at com.kms.katalon.core.keyword.builtin.CallTestCaseKeyword.execute(CallTestCaseKeyword.groovy:44)
	at com.kms.katalon.core.keyword.internal.KeywordExecutor.executeKeywordForPlatform(KeywordExecutor.groovy:73)
	at com.kms.katalon.core.keyword.BuiltinKeywords.callTestCase(BuiltinKeywords.groovy:350)
	at TC16_LeaveTeam.run(TC16_LeaveTeam:26)
	at com.kms.katalon.core.main.ScriptEngine.run(ScriptEngine.java:194)
	at com.kms.katalon.core.main.ScriptEngine.runScriptAsRawText(ScriptEngine.java:119)
	at com.kms.katalon.core.main.TestCaseExecutor.runScript(TestCaseExecutor.java:398)
	at com.kms.katalon.core.main.TestCaseExecutor.doExecute(TestCaseExecutor.java:389)
	at com.kms.katalon.core.main.TestCaseExecutor.processExecutionPhase(TestCaseExecutor.java:368)
	at com.kms.katalon.core.main.TestCaseExecutor.accessMainPhase(TestCaseExecutor.java:360)
	at com.kms.katalon.core.main.TestCaseExecutor.execute(TestCaseExecutor.java:255)
	at com.kms.katalon.core.main.TestSuiteExecutor.accessTestCaseMainPhase(TestSuiteExecutor.java:203)
	at com.kms.katalon.core.main.TestSuiteExecutor.accessTestSuiteMainPhase(TestSuiteExecutor.java:152)
	at com.kms.katalon.core.main.TestSuiteExecutor.execute(TestSuiteExecutor.java:95)
	at com.kms.katalon.core.main.TestCaseMain.startTestSuite(TestCaseMain.java:157)
	at com.kms.katalon.core.main.TestCaseMain$startTestSuite$0.call(Unknown Source)
	at TempTestSuite1622257361884.run(TempTestSuite1622257361884.groovy:39)
Caused by: com.kms.katalon.core.webui.exception.WebElementNotFoundException: Web element with id: 'Object Repository/Page_Town Square - test9 Mattermost/span_another' located by '//div[@class="signup-team-dir"][1]/a' not found
	at com.kms.katalon.core.webui.common.WebUiCommonHelper.findWebElement(WebUiCommonHelper.java:1368)
	at com.kms.katalon.core.webui.keyword.internal.WebUIAbstractKeyword.findWebElement(WebUIAbstractKeyword.groovy:27)
	at com.kms.katalon.core.webui.keyword.internal.WebUIAbstractKeyword.findWebElement(WebUIAbstractKeyword.groovy:26)
	at com.kms.katalon.core.webui.keyword.builtin.ClickKeyword$_click_closure1.doCall(ClickKeyword.groovy:66)
	at com.kms.katalon.core.webui.keyword.builtin.ClickKeyword$_click_closure1.call(ClickKeyword.groovy)
	at com.kms.katalon.core.webui.keyword.internal.WebUIKeywordMain.runKeyword(WebUIKeywordMain.groovy:20)
	... 35 more


2021-05-29 10:19:39 - [TEST_STEP][PASSED] - openBrowser(""): Browser is opened with url: ''

2021-05-29 10:19:39 - [MESSAGE][WARNING] - A browser is already opened. Closing browser and opening a new one

2021-05-29 10:19:42 - [MESSAGE][INFO] - Starting 'Chrome' driver

2021-05-29 10:19:42 - [MESSAGE][INFO] - Action delay is set to 0 milliseconds

2021-05-29 10:19:46 - [MESSAGE][PASSED] - Browser is opened with url: ''

2021-05-29 10:19:46 - [TEST_STEP][PASSED] - navigateToUrl("https://mattermostwebapp.herokuapp.com/"): Navigate to 'https://mattermostwebapp.herokuapp.com/' successfully

2021-05-29 10:19:51 - [MESSAGE][PASSED] - Navigate to 'https://mattermostwebapp.herokuapp.com/' successfully

2021-05-29 10:19:51 - [TEST_STEP][PASSED] - callTestCase(findTestCase("1712666/CommonTC/CTC_Login"), ["var_username":"phuc", "var_password":"CSt51UwWECc="]): Call Test Case 'Test Cases/1712666/CommonTC/CTC_Login' successfully

2021-05-29 10:19:51 - [TEST_CASE][PASSED] - Test Cases/1712666/CommonTC/CTC_Login: Test Cases/1712666/CommonTC/CTC_Login

2021-05-29 10:19:51 - [TEST_STEP][PASSED] - setText(findTestObject("Object Repository/1412263_Page_Mattermost/input_All team communication in one place, _dcc84b"), var_username): Text 'phuc' is set on object 'Object Repository/1412263_Page_Mattermost/input_All team communication in one place, _dcc84b'

2021-05-29 10:19:57 - [MESSAGE][PASSED] - Text 'phuc' is set on object 'Object Repository/1412263_Page_Mattermost/input_All team communication in one place, _dcc84b'

2021-05-29 10:19:57 - [TEST_STEP][PASSED] - setEncryptedText(findTestObject("Object Repository/1412263_Page_Mattermost/input_All team communication in one place, _a3edc6"), var_password): Text ****** has been set on object 'Object Repository/1412263_Page_Mattermost/input_All team communication in one place, _a3edc6'

2021-05-29 10:19:58 - [MESSAGE][PASSED] - Text ****** has been set on object 'Object Repository/1412263_Page_Mattermost/input_All team communication in one place, _a3edc6'

2021-05-29 10:19:58 - [TEST_STEP][PASSED] - click(findTestObject("Object Repository/1412263_Page_Mattermost/span_Sign in")): Object: 'Object Repository/1412263_Page_Mattermost/span_Sign in' is clicked on

2021-05-29 10:19:59 - [MESSAGE][PASSED] - Object: 'Object Repository/1412263_Page_Mattermost/span_Sign in' is clicked on

2021-05-29 10:19:59 - [MESSAGE][PASSED] - Call Test Case 'Test Cases/1712666/CommonTC/CTC_Login' successfully

2021-05-29 10:19:59 - [TEST_STEP][PASSED] - click(findTestObject("Object Repository/Page_Town Square - test9 Mattermost/div_phuc")): Object: 'Object Repository/Page_Town Square - test9 Mattermost/div_phuc' is clicked on

2021-05-29 10:20:05 - [MESSAGE][PASSED] - Object: 'Object Repository/Page_Town Square - test9 Mattermost/div_phuc' is clicked on

2021-05-29 10:20:05 - [TEST_STEP][PASSED] - click(findTestObject("Object Repository/Page_Town Square - test9 Mattermost/span_Join Another Team")): Object: 'Object Repository/Page_Town Square - test9 Mattermost/span_Join Another Team' is clicked on

2021-05-29 10:20:37 - [MESSAGE][INFO] - Unable to find the element located by 'By.xpath: //li[@id='joinTeam']/a/span'. Please recheck the objects properties to make sure the desired element is located. 

2021-05-29 10:20:37 - [MESSAGE][WARNING] - [SELF-HEALING] Failed to find element with id 'Object Repository/Page_Town Square - test9 Mattermost/span_Join Another Team'. Try using Self-healing.

2021-05-29 10:20:37 - [MESSAGE][ERROR] - [SELF-HEALING] com.google.gson.stream.MalformedJsonException: Expected ':' at line 75 column 10 path $.brokenTestObjects[7].<<<<<<<

2021-05-29 10:20:37 - [MESSAGE][INFO] - [SELF-HEALING] Failed Locator: '//li[@id='joinTeam']/a/span'.

2021-05-29 10:20:37 - [MESSAGE][INFO] - [SELF-HEALING] Working Locator: '(.//*[normalize-space(text()) and normalize-space(.)='Create a Team'])[1]/following::span[1]'.

2021-05-29 10:20:37 - [MESSAGE][INFO] - [SELF-HEALING] Screenshot: E:/Tai lieu hoc/Nam 7/HK2/New Topics/Homework 2/New folder/Mattermost_Autotesting/Reports/Self-healing/Object Repository/Page_Town Square - test9 Mattermost/span_Join Another Team_neighbor.png

2021-05-29 10:20:37 - [MESSAGE][ERROR] - [SELF-HEALING] com.google.gson.stream.MalformedJsonException: Expected ':' at line 75 column 10 path $.brokenTestObjects[7].<<<<<<<

2021-05-29 10:20:37 - [MESSAGE][ERROR] - [SELF-HEALING] E:\Tai lieu hoc\Nam 7\HK2\New Topics\Homework 2\New folder\Mattermost_Autotesting\Reports\Self-healing\broken-test-objects.json does not exist or is provided by Self-healing Plugin!

2021-05-29 10:20:37 - [MESSAGE][WARNING] - [SELF-HEALING] The current locator of test object 'Object Repository/Page_Town Square - test9 Mattermost/span_Join Another Team' was broken. Propose an alternative one: '(.//*[normalize-space(text()) and normalize-space(.)='Create a Team'])[1]/following::span[1]'.

2021-05-29 10:20:37 - [MESSAGE][PASSED] - Object: 'Object Repository/Page_Town Square - test9 Mattermost/span_Join Another Team' is clicked on

2021-05-29 10:20:37 - [TEST_STEP][FAILED] - click(findTestObject("Page_Town Square - test9 Mattermost/span_another")): Unable to click on object 'Object Repository/Page_Town Square - test9 Mattermost/span_another' (Root cause: com.kms.katalon.core.exception.StepFailedException: Unable to click on object 'Object Repository/Page_Town Square - test9 Mattermost/span_another'
	at com.kms.katalon.core.webui.keyword.internal.WebUIKeywordMain.stepFailed(WebUIKeywordMain.groovy:64)
	at com.kms.katalon.core.webui.keyword.internal.WebUIKeywordMain.runKeyword(WebUIKeywordMain.groovy:26)
	at com.kms.katalon.core.webui.keyword.builtin.ClickKeyword.click(ClickKeyword.groovy:75)
	at com.kms.katalon.core.webui.keyword.builtin.ClickKeyword.execute(ClickKeyword.groovy:42)
	at com.kms.katalon.core.keyword.internal.KeywordExecutor.executeKeywordForPlatform(KeywordExecutor.groovy:73)
	at com.kms.katalon.core.webui.keyword.WebUiBuiltInKeywords.click(WebUiBuiltInKeywords.groovy:619)
	at com.kms.katalon.core.webui.keyword.WebUiBuiltInKeywords$click$3.call(Unknown Source)
	at CTC_JoinTeam.run(CTC_JoinTeam:49)
	at com.kms.katalon.core.main.ScriptEngine.run(ScriptEngine.java:194)
	at com.kms.katalon.core.main.ScriptEngine.runScriptAsRawText(ScriptEngine.java:119)
	at com.kms.katalon.core.main.TestCaseExecutor.runScript(TestCaseExecutor.java:398)
	at com.kms.katalon.core.main.TestCaseExecutor.doExecute(TestCaseExecutor.java:389)
	at com.kms.katalon.core.main.TestCaseExecutor.processExecutionPhase(TestCaseExecutor.java:368)
	at com.kms.katalon.core.main.TestCaseExecutor.accessMainPhase(TestCaseExecutor.java:360)
	at com.kms.katalon.core.main.TestCaseExecutor.execute(TestCaseExecutor.java:255)
	at com.kms.katalon.core.main.TestCaseMain.runTestCase(TestCaseMain.java:114)
	at com.kms.katalon.core.keyword.builtin.CallTestCaseKeyword$_callTestCase_closure1.doCall(CallTestCaseKeyword.groovy:59)
	at com.kms.katalon.core.keyword.builtin.CallTestCaseKeyword$_callTestCase_closure1.call(CallTestCaseKeyword.groovy)
	at com.kms.katalon.core.keyword.internal.KeywordMain.runKeyword(KeywordMain.groovy:68)
	at com.kms.katalon.core.keyword.builtin.CallTestCaseKeyword.callTestCase(CallTestCaseKeyword.groovy:81)
	at com.kms.katalon.core.keyword.builtin.CallTestCaseKeyword.execute(CallTestCaseKeyword.groovy:44)
	at com.kms.katalon.core.keyword.internal.KeywordExecutor.executeKeywordForPlatform(KeywordExecutor.groovy:73)
	at com.kms.katalon.core.keyword.BuiltinKeywords.callTestCase(BuiltinKeywords.groovy:350)
	at TC16_LeaveTeam.run(TC16_LeaveTeam:26)
	at com.kms.katalon.core.main.ScriptEngine.run(ScriptEngine.java:194)
	at com.kms.katalon.core.main.ScriptEngine.runScriptAsRawText(ScriptEngine.java:119)
	at com.kms.katalon.core.main.TestCaseExecutor.runScript(TestCaseExecutor.java:398)
	at com.kms.katalon.core.main.TestCaseExecutor.doExecute(TestCaseExecutor.java:389)
	at com.kms.katalon.core.main.TestCaseExecutor.processExecutionPhase(TestCaseExecutor.java:368)
	at com.kms.katalon.core.main.TestCaseExecutor.accessMainPhase(TestCaseExecutor.java:360)
	at com.kms.katalon.core.main.TestCaseExecutor.execute(TestCaseExecutor.java:255)
	at com.kms.katalon.core.main.TestSuiteExecutor.accessTestCaseMainPhase(TestSuiteExecutor.java:203)
	at com.kms.katalon.core.main.TestSuiteExecutor.accessTestSuiteMainPhase(TestSuiteExecutor.java:152)
	at com.kms.katalon.core.main.TestSuiteExecutor.execute(TestSuiteExecutor.java:95)
	at com.kms.katalon.core.main.TestCaseMain.startTestSuite(TestCaseMain.java:157)
	at com.kms.katalon.core.main.TestCaseMain$startTestSuite$0.call(Unknown Source)
	at TempTestSuite1622257361884.run(TempTestSuite1622257361884.groovy:39)
Caused by: com.kms.katalon.core.webui.exception.WebElementNotFoundException: Web element with id: 'Object Repository/Page_Town Square - test9 Mattermost/span_another' located by '//div[@class="signup-team-dir"][1]/a' not found
	at com.kms.katalon.core.webui.common.WebUiCommonHelper.findWebElement(WebUiCommonHelper.java:1368)
	at com.kms.katalon.core.webui.keyword.internal.WebUIAbstractKeyword.findWebElement(WebUIAbstractKeyword.groovy:27)
	at com.kms.katalon.core.webui.keyword.internal.WebUIAbstractKeyword.findWebElement(WebUIAbstractKeyword.groovy:26)
	at com.kms.katalon.core.webui.keyword.builtin.ClickKeyword$_click_closure1.doCall(ClickKeyword.groovy:66)
	at com.kms.katalon.core.webui.keyword.builtin.ClickKeyword$_click_closure1.call(ClickKeyword.groovy)
	at com.kms.katalon.core.webui.keyword.internal.WebUIKeywordMain.runKeyword(WebUIKeywordMain.groovy:20)
	at com.kms.katalon.core.webui.keyword.builtin.ClickKeyword.click(ClickKeyword.groovy:75)
	at com.kms.katalon.core.webui.keyword.builtin.ClickKeyword.execute(ClickKeyword.groovy:42)
	at com.kms.katalon.core.keyword.internal.KeywordExecutor.executeKeywordForPlatform(KeywordExecutor.groovy:73)
	at com.kms.katalon.core.webui.keyword.WebUiBuiltInKeywords.click(WebUiBuiltInKeywords.groovy:619)
	at com.kms.katalon.core.webui.keyword.WebUiBuiltInKeywords$click$3.call(Unknown Source)
	at Script1621528105330.run(Script1621528105330.groovy:49)
	at com.kms.katalon.core.main.ScriptEngine.run(ScriptEngine.java:194)
	at com.kms.katalon.core.main.ScriptEngine.runScriptAsRawText(ScriptEngine.java:119)
	at com.kms.katalon.core.main.TestCaseExecutor.runScript(TestCaseExecutor.java:398)
	at com.kms.katalon.core.main.TestCaseExecutor.doExecute(TestCaseExecutor.java:389)
	at com.kms.katalon.core.main.TestCaseExecutor.processExecutionPhase(TestCaseExecutor.java:368)
	at com.kms.katalon.core.main.TestCaseExecutor.accessMainPhase(TestCaseExecutor.java:360)
	at com.kms.katalon.core.main.TestCaseExecutor.execute(TestCaseExecutor.java:255)
	at com.kms.katalon.core.main.TestCaseMain.runTestCase(TestCaseMain.java:114)
	at com.kms.katalon.core.keyword.builtin.CallTestCaseKeyword$_callTestCase_closure1.doCall(CallTestCaseKeyword.groovy:59)
	at com.kms.katalon.core.keyword.builtin.CallTestCaseKeyword$_callTestCase_closure1.call(CallTestCaseKeyword.groovy)
	at com.kms.katalon.core.keyword.internal.KeywordMain.runKeyword(KeywordMain.groovy:68)
	at com.kms.katalon.core.keyword.builtin.CallTestCaseKeyword.callTestCase(CallTestCaseKeyword.groovy:81)
	at com.kms.katalon.core.keyword.builtin.CallTestCaseKeyword.execute(CallTestCaseKeyword.groovy:44)
	at com.kms.katalon.core.keyword.internal.KeywordExecutor.executeKeywordForPlatform(KeywordExecutor.groovy:73)
	at com.kms.katalon.core.keyword.BuiltinKeywords.callTestCase(BuiltinKeywords.groovy:350)
	at Script1621527516217.run(Script1621527516217.groovy:26)
	... 13 more
)

2021-05-29 10:21:09 - [MESSAGE][INFO] - Unable to find the element located by 'By.xpath: //div[@class="signup-team-dir"][1]/a'. Please recheck the objects properties to make sure the desired element is located. 

2021-05-29 10:21:09 - [MESSAGE][WARNING] - [SELF-HEALING] Failed to find element with id 'Object Repository/Page_Town Square - test9 Mattermost/span_another'. Try using Self-healing.

2021-05-29 10:21:09 - [MESSAGE][ERROR] - [SELF-HEALING] com.google.gson.stream.MalformedJsonException: Expected ':' at line 75 column 10 path $.brokenTestObjects[7].<<<<<<<

2021-05-29 10:21:09 - [MESSAGE][INFO] - [SELF-HEALING] Failed Locator: '//div[@class="signup-team-dir"][1]/a/span
'.

2021-05-29 10:21:09 - [MESSAGE][INFO] - [SELF-HEALING] Failed Locator: '//div[@class="signup-team-dir"][1]/a/span
'.

2021-05-29 10:21:10 - [MESSAGE][INFO] - [SELF-HEALING] Failed Locator: '//div[@class="signup-team-dir"][1]/a/span
'.

2021-05-29 10:21:10 - [MESSAGE][INFO] - [SELF-HEALING] Failed Locator: '//div[@class="signup-team-dir"][1]/a/span
'.

2021-05-29 10:21:11 - [MESSAGE][INFO] - Unable to find the element located by 'By.xpath: //*[(text() = 'another' or . = 'another')]'. Please recheck the objects properties to make sure the desired element is located. 

2021-05-29 10:21:12 - [MESSAGE][INFO] - Unable to find the element located by 'By.cssSelector: span.signup-team-dir__name'. Please recheck the objects properties to make sure the desired element is located. 

2021-05-29 10:21:13 - [MESSAGE][FAILED] - Unable to click on object 'Object Repository/Page_Town Square - test9 Mattermost/span_another' (Root cause: com.kms.katalon.core.exception.StepFailedException: Unable to click on object 'Object Repository/Page_Town Square - test9 Mattermost/span_another'
	at com.kms.katalon.core.webui.keyword.internal.WebUIKeywordMain.stepFailed(WebUIKeywordMain.groovy:64)
	at com.kms.katalon.core.webui.keyword.internal.WebUIKeywordMain.runKeyword(WebUIKeywordMain.groovy:26)
	at com.kms.katalon.core.webui.keyword.builtin.ClickKeyword.click(ClickKeyword.groovy:75)
	at com.kms.katalon.core.webui.keyword.builtin.ClickKeyword.execute(ClickKeyword.groovy:42)
	at com.kms.katalon.core.keyword.internal.KeywordExecutor.executeKeywordForPlatform(KeywordExecutor.groovy:73)
	at com.kms.katalon.core.webui.keyword.WebUiBuiltInKeywords.click(WebUiBuiltInKeywords.groovy:619)
	at com.kms.katalon.core.webui.keyword.WebUiBuiltInKeywords$click$3.call(Unknown Source)
	at CTC_JoinTeam.run(CTC_JoinTeam:49)
	at com.kms.katalon.core.main.ScriptEngine.run(ScriptEngine.java:194)
	at com.kms.katalon.core.main.ScriptEngine.runScriptAsRawText(ScriptEngine.java:119)
	at com.kms.katalon.core.main.TestCaseExecutor.runScript(TestCaseExecutor.java:398)
	at com.kms.katalon.core.main.TestCaseExecutor.doExecute(TestCaseExecutor.java:389)
	at com.kms.katalon.core.main.TestCaseExecutor.processExecutionPhase(TestCaseExecutor.java:368)
	at com.kms.katalon.core.main.TestCaseExecutor.accessMainPhase(TestCaseExecutor.java:360)
	at com.kms.katalon.core.main.TestCaseExecutor.execute(TestCaseExecutor.java:255)
	at com.kms.katalon.core.main.TestCaseMain.runTestCase(TestCaseMain.java:114)
	at com.kms.katalon.core.keyword.builtin.CallTestCaseKeyword$_callTestCase_closure1.doCall(CallTestCaseKeyword.groovy:59)
	at com.kms.katalon.core.keyword.builtin.CallTestCaseKeyword$_callTestCase_closure1.call(CallTestCaseKeyword.groovy)
	at com.kms.katalon.core.keyword.internal.KeywordMain.runKeyword(KeywordMain.groovy:68)
	at com.kms.katalon.core.keyword.builtin.CallTestCaseKeyword.callTestCase(CallTestCaseKeyword.groovy:81)
	at com.kms.katalon.core.keyword.builtin.CallTestCaseKeyword.execute(CallTestCaseKeyword.groovy:44)
	at com.kms.katalon.core.keyword.internal.KeywordExecutor.executeKeywordForPlatform(KeywordExecutor.groovy:73)
	at com.kms.katalon.core.keyword.BuiltinKeywords.callTestCase(BuiltinKeywords.groovy:350)
	at TC16_LeaveTeam.run(TC16_LeaveTeam:26)
	at com.kms.katalon.core.main.ScriptEngine.run(ScriptEngine.java:194)
	at com.kms.katalon.core.main.ScriptEngine.runScriptAsRawText(ScriptEngine.java:119)
	at com.kms.katalon.core.main.TestCaseExecutor.runScript(TestCaseExecutor.java:398)
	at com.kms.katalon.core.main.TestCaseExecutor.doExecute(TestCaseExecutor.java:389)
	at com.kms.katalon.core.main.TestCaseExecutor.processExecutionPhase(TestCaseExecutor.java:368)
	at com.kms.katalon.core.main.TestCaseExecutor.accessMainPhase(TestCaseExecutor.java:360)
	at com.kms.katalon.core.main.TestCaseExecutor.execute(TestCaseExecutor.java:255)
	at com.kms.katalon.core.main.TestSuiteExecutor.accessTestCaseMainPhase(TestSuiteExecutor.java:203)
	at com.kms.katalon.core.main.TestSuiteExecutor.accessTestSuiteMainPhase(TestSuiteExecutor.java:152)
	at com.kms.katalon.core.main.TestSuiteExecutor.execute(TestSuiteExecutor.java:95)
	at com.kms.katalon.core.main.TestCaseMain.startTestSuite(TestCaseMain.java:157)
	at com.kms.katalon.core.main.TestCaseMain$startTestSuite$0.call(Unknown Source)
	at TempTestSuite1622257361884.run(TempTestSuite1622257361884.groovy:39)
Caused by: com.kms.katalon.core.webui.exception.WebElementNotFoundException: Web element with id: 'Object Repository/Page_Town Square - test9 Mattermost/span_another' located by '//div[@class="signup-team-dir"][1]/a' not found
	at com.kms.katalon.core.webui.common.WebUiCommonHelper.findWebElement(WebUiCommonHelper.java:1368)
	at com.kms.katalon.core.webui.keyword.internal.WebUIAbstractKeyword.findWebElement(WebUIAbstractKeyword.groovy:27)
	at com.kms.katalon.core.webui.keyword.internal.WebUIAbstractKeyword.findWebElement(WebUIAbstractKeyword.groovy:26)
	at com.kms.katalon.core.webui.keyword.builtin.ClickKeyword$_click_closure1.doCall(ClickKeyword.groovy:66)
	at com.kms.katalon.core.webui.keyword.builtin.ClickKeyword$_click_closure1.call(ClickKeyword.groovy)
	at com.kms.katalon.core.webui.keyword.internal.WebUIKeywordMain.runKeyword(WebUIKeywordMain.groovy:20)
	at com.kms.katalon.core.webui.keyword.builtin.ClickKeyword.click(ClickKeyword.groovy:75)
	at com.kms.katalon.core.webui.keyword.builtin.ClickKeyword.execute(ClickKeyword.groovy:42)
	at com.kms.katalon.core.keyword.internal.KeywordExecutor.executeKeywordForPlatform(KeywordExecutor.groovy:73)
	at com.kms.katalon.core.webui.keyword.WebUiBuiltInKeywords.click(WebUiBuiltInKeywords.groovy:619)
	at com.kms.katalon.core.webui.keyword.WebUiBuiltInKeywords$click$3.call(Unknown Source)
	at Script1621528105330.run(Script1621528105330.groovy:49)
	at com.kms.katalon.core.main.ScriptEngine.run(ScriptEngine.java:194)
	at com.kms.katalon.core.main.ScriptEngine.runScriptAsRawText(ScriptEngine.java:119)
	at com.kms.katalon.core.main.TestCaseExecutor.runScript(TestCaseExecutor.java:398)
	at com.kms.katalon.core.main.TestCaseExecutor.doExecute(TestCaseExecutor.java:389)
	at com.kms.katalon.core.main.TestCaseExecutor.processExecutionPhase(TestCaseExecutor.java:368)
	at com.kms.katalon.core.main.TestCaseExecutor.accessMainPhase(TestCaseExecutor.java:360)
	at com.kms.katalon.core.main.TestCaseExecutor.execute(TestCaseExecutor.java:255)
	at com.kms.katalon.core.main.TestCaseMain.runTestCase(TestCaseMain.java:114)
	at com.kms.katalon.core.keyword.builtin.CallTestCaseKeyword$_callTestCase_closure1.doCall(CallTestCaseKeyword.groovy:59)
	at com.kms.katalon.core.keyword.builtin.CallTestCaseKeyword$_callTestCase_closure1.call(CallTestCaseKeyword.groovy)
	at com.kms.katalon.core.keyword.internal.KeywordMain.runKeyword(KeywordMain.groovy:68)
	at com.kms.katalon.core.keyword.builtin.CallTestCaseKeyword.callTestCase(CallTestCaseKeyword.groovy:81)
	at com.kms.katalon.core.keyword.builtin.CallTestCaseKeyword.execute(CallTestCaseKeyword.groovy:44)
	at com.kms.katalon.core.keyword.internal.KeywordExecutor.executeKeywordForPlatform(KeywordExecutor.groovy:73)
	at com.kms.katalon.core.keyword.BuiltinKeywords.callTestCase(BuiltinKeywords.groovy:350)
	at Script1621527516217.run(Script1621527516217.groovy:26)
	... 13 more
)
[[ATTACHMENT|E:\\Tai lieu hoc\\Nam 7\\HK2\\New Topics\\Homework 2\\New folder\\Mattermost_Autotesting\\Reports\\20210529_100241\\1412263\\Run_All_Test_Cases\\20210529_100241\\1622258472823.png]]

2021-05-29 10:21:13 - [MESSAGE][INFO] - 

2021-05-29 10:21:13 - [MESSAGE][INFO] - ===================== Self-healing Report ====================

2021-05-29 10:21:13 - [MESSAGE][INFO] - One of the failed test object locators has been recovered by Self-healing. Please refer to the Self-healing Insights tab for more details.

2021-05-29 10:21:13 - [MESSAGE][INFO] - To learn more about Self-healing, please read https://docs.katalon.com/katalon-studio/docs/self-healing.html

2021-05-29 10:21:13 - [MESSAGE][INFO] - ==============================================================

2021-05-29 10:21:13 - [MESSAGE][FAILED] - Unable to call Test Case 'Test Cases/1712666/CommonTC/CTC_JoinTeam' (Root cause: com.kms.katalon.core.exception.StepFailedException: Call Test Case 'Test Cases/1712666/CommonTC/CTC_JoinTeam' failed
	at com.kms.katalon.core.keyword.builtin.CallTestCaseKeyword$_callTestCase_closure1.doCall(CallTestCaseKeyword.groovy:63)
	at com.kms.katalon.core.keyword.builtin.CallTestCaseKeyword$_callTestCase_closure1.call(CallTestCaseKeyword.groovy)
	at com.kms.katalon.core.keyword.internal.KeywordMain.runKeyword(KeywordMain.groovy:68)
	at com.kms.katalon.core.keyword.builtin.CallTestCaseKeyword.callTestCase(CallTestCaseKeyword.groovy:81)
	at com.kms.katalon.core.keyword.builtin.CallTestCaseKeyword.execute(CallTestCaseKeyword.groovy:44)
	at com.kms.katalon.core.keyword.internal.KeywordExecutor.executeKeywordForPlatform(KeywordExecutor.groovy:73)
	at com.kms.katalon.core.keyword.BuiltinKeywords.callTestCase(BuiltinKeywords.groovy:350)
	at TC16_LeaveTeam.run(TC16_LeaveTeam:26)
	at com.kms.katalon.core.main.ScriptEngine.run(ScriptEngine.java:194)
	at com.kms.katalon.core.main.ScriptEngine.runScriptAsRawText(ScriptEngine.java:119)
	at com.kms.katalon.core.main.TestCaseExecutor.runScript(TestCaseExecutor.java:398)
	at com.kms.katalon.core.main.TestCaseExecutor.doExecute(TestCaseExecutor.java:389)
	at com.kms.katalon.core.main.TestCaseExecutor.processExecutionPhase(TestCaseExecutor.java:368)
	at com.kms.katalon.core.main.TestCaseExecutor.accessMainPhase(TestCaseExecutor.java:360)
	at com.kms.katalon.core.main.TestCaseExecutor.execute(TestCaseExecutor.java:255)
	at com.kms.katalon.core.main.TestSuiteExecutor.accessTestCaseMainPhase(TestSuiteExecutor.java:203)
	at com.kms.katalon.core.main.TestSuiteExecutor.accessTestSuiteMainPhase(TestSuiteExecutor.java:152)
	at com.kms.katalon.core.main.TestSuiteExecutor.execute(TestSuiteExecutor.java:95)
	at com.kms.katalon.core.main.TestCaseMain.startTestSuite(TestCaseMain.java:157)
	at com.kms.katalon.core.main.TestCaseMain$startTestSuite$0.call(Unknown Source)
	at TempTestSuite1622257361884.run(TempTestSuite1622257361884.groovy:39)
Caused by: com.kms.katalon.core.exception.StepFailedException: Unable to click on object 'Object Repository/Page_Town Square - test9 Mattermost/span_another'
	at com.kms.katalon.core.webui.keyword.internal.WebUIKeywordMain.stepFailed(WebUIKeywordMain.groovy:64)
	at com.kms.katalon.core.webui.keyword.internal.WebUIKeywordMain.runKeyword(WebUIKeywordMain.groovy:26)
	at com.kms.katalon.core.webui.keyword.builtin.ClickKeyword.click(ClickKeyword.groovy:75)
	at com.kms.katalon.core.webui.keyword.builtin.ClickKeyword.execute(ClickKeyword.groovy:42)
	at com.kms.katalon.core.keyword.internal.KeywordExecutor.executeKeywordForPlatform(KeywordExecutor.groovy:73)
	at com.kms.katalon.core.webui.keyword.WebUiBuiltInKeywords.click(WebUiBuiltInKeywords.groovy:619)
	at com.kms.katalon.core.webui.keyword.WebUiBuiltInKeywords$click$3.call(Unknown Source)
	at CTC_JoinTeam.run(CTC_JoinTeam:49)
	at com.kms.katalon.core.main.ScriptEngine.run(ScriptEngine.java:194)
	at com.kms.katalon.core.main.ScriptEngine.runScriptAsRawText(ScriptEngine.java:119)
	at com.kms.katalon.core.main.TestCaseExecutor.runScript(TestCaseExecutor.java:398)
	at com.kms.katalon.core.main.TestCaseExecutor.doExecute(TestCaseExecutor.java:389)
	at com.kms.katalon.core.main.TestCaseExecutor.processExecutionPhase(TestCaseExecutor.java:368)
	at com.kms.katalon.core.main.TestCaseExecutor.accessMainPhase(TestCaseExecutor.java:360)
	at com.kms.katalon.core.main.TestCaseExecutor.execute(TestCaseExecutor.java:255)
	at com.kms.katalon.core.main.TestCaseMain.runTestCase(TestCaseMain.java:114)
	at com.kms.katalon.core.keyword.builtin.CallTestCaseKeyword$_callTestCase_closure1.doCall(CallTestCaseKeyword.groovy:59)
	... 20 more
Caused by: com.kms.katalon.core.webui.exception.WebElementNotFoundException: Web element with id: 'Object Repository/Page_Town Square - test9 Mattermost/span_another' located by '//div[@class="signup-team-dir"][1]/a' not found
	at com.kms.katalon.core.webui.common.WebUiCommonHelper.findWebElement(WebUiCommonHelper.java:1368)
	at com.kms.katalon.core.webui.keyword.internal.WebUIAbstractKeyword.findWebElement(WebUIAbstractKeyword.groovy:27)
	at com.kms.katalon.core.webui.keyword.internal.WebUIAbstractKeyword.findWebElement(WebUIAbstractKeyword.groovy:26)
	at com.kms.katalon.core.webui.keyword.builtin.ClickKeyword$_click_closure1.doCall(ClickKeyword.groovy:66)
	at com.kms.katalon.core.webui.keyword.builtin.ClickKeyword$_click_closure1.call(ClickKeyword.groovy)
	at com.kms.katalon.core.webui.keyword.internal.WebUIKeywordMain.runKeyword(WebUIKeywordMain.groovy:20)
	... 35 more
)]]></system-out>
         <system-err><![CDATA[2021-05-29 10:19:23 - [TEST_CASE][FAILED] - Test Cases/1712666/TC16_LeaveTeam: Test Cases/1712666/TC16_LeaveTeam FAILED.
Reason:
com.kms.katalon.core.exception.StepFailedException: Call Test Case 'Test Cases/1712666/CommonTC/CTC_JoinTeam' failed
	at com.kms.katalon.core.keyword.builtin.CallTestCaseKeyword$_callTestCase_closure1.doCall(CallTestCaseKeyword.groovy:63)
	at com.kms.katalon.core.keyword.builtin.CallTestCaseKeyword$_callTestCase_closure1.call(CallTestCaseKeyword.groovy)
	at com.kms.katalon.core.keyword.internal.KeywordMain.runKeyword(KeywordMain.groovy:68)
	at com.kms.katalon.core.keyword.builtin.CallTestCaseKeyword.callTestCase(CallTestCaseKeyword.groovy:81)
	at com.kms.katalon.core.keyword.builtin.CallTestCaseKeyword.execute(CallTestCaseKeyword.groovy:44)
	at com.kms.katalon.core.keyword.internal.KeywordExecutor.executeKeywordForPlatform(KeywordExecutor.groovy:73)
	at com.kms.katalon.core.keyword.BuiltinKeywords.callTestCase(BuiltinKeywords.groovy:350)
	at TC16_LeaveTeam.run(TC16_LeaveTeam:26)
	at com.kms.katalon.core.main.ScriptEngine.run(ScriptEngine.java:194)
	at com.kms.katalon.core.main.ScriptEngine.runScriptAsRawText(ScriptEngine.java:119)
	at com.kms.katalon.core.main.TestCaseExecutor.runScript(TestCaseExecutor.java:398)
	at com.kms.katalon.core.main.TestCaseExecutor.doExecute(TestCaseExecutor.java:389)
	at com.kms.katalon.core.main.TestCaseExecutor.processExecutionPhase(TestCaseExecutor.java:368)
	at com.kms.katalon.core.main.TestCaseExecutor.accessMainPhase(TestCaseExecutor.java:360)
	at com.kms.katalon.core.main.TestCaseExecutor.execute(TestCaseExecutor.java:255)
	at com.kms.katalon.core.main.TestSuiteExecutor.accessTestCaseMainPhase(TestSuiteExecutor.java:203)
	at com.kms.katalon.core.main.TestSuiteExecutor.accessTestSuiteMainPhase(TestSuiteExecutor.java:152)
	at com.kms.katalon.core.main.TestSuiteExecutor.execute(TestSuiteExecutor.java:95)
	at com.kms.katalon.core.main.TestCaseMain.startTestSuite(TestCaseMain.java:157)
	at com.kms.katalon.core.main.TestCaseMain$startTestSuite$0.call(Unknown Source)
	at TempTestSuite1622257361884.run(TempTestSuite1622257361884.groovy:39)
Caused by: com.kms.katalon.core.exception.StepFailedException: Unable to click on object 'Object Repository/Page_Town Square - test9 Mattermost/span_another'
	at com.kms.katalon.core.webui.keyword.internal.WebUIKeywordMain.stepFailed(WebUIKeywordMain.groovy:64)
	at com.kms.katalon.core.webui.keyword.internal.WebUIKeywordMain.runKeyword(WebUIKeywordMain.groovy:26)
	at com.kms.katalon.core.webui.keyword.builtin.ClickKeyword.click(ClickKeyword.groovy:75)
	at com.kms.katalon.core.webui.keyword.builtin.ClickKeyword.execute(ClickKeyword.groovy:42)
	at com.kms.katalon.core.keyword.internal.KeywordExecutor.executeKeywordForPlatform(KeywordExecutor.groovy:73)
	at com.kms.katalon.core.webui.keyword.WebUiBuiltInKeywords.click(WebUiBuiltInKeywords.groovy:619)
	at com.kms.katalon.core.webui.keyword.WebUiBuiltInKeywords$click$3.call(Unknown Source)
	at CTC_JoinTeam.run(CTC_JoinTeam:49)
	at com.kms.katalon.core.main.ScriptEngine.run(ScriptEngine.java:194)
	at com.kms.katalon.core.main.ScriptEngine.runScriptAsRawText(ScriptEngine.java:119)
	at com.kms.katalon.core.main.TestCaseExecutor.runScript(TestCaseExecutor.java:398)
	at com.kms.katalon.core.main.TestCaseExecutor.doExecute(TestCaseExecutor.java:389)
	at com.kms.katalon.core.main.TestCaseExecutor.processExecutionPhase(TestCaseExecutor.java:368)
	at com.kms.katalon.core.main.TestCaseExecutor.accessMainPhase(TestCaseExecutor.java:360)
	at com.kms.katalon.core.main.TestCaseExecutor.execute(TestCaseExecutor.java:255)
	at com.kms.katalon.core.main.TestCaseMain.runTestCase(TestCaseMain.java:114)
	at com.kms.katalon.core.keyword.builtin.CallTestCaseKeyword$_callTestCase_closure1.doCall(CallTestCaseKeyword.groovy:59)
	... 20 more
Caused by: com.kms.katalon.core.webui.exception.WebElementNotFoundException: Web element with id: 'Object Repository/Page_Town Square - test9 Mattermost/span_another' located by '//div[@class="signup-team-dir"][1]/a' not found
	at com.kms.katalon.core.webui.common.WebUiCommonHelper.findWebElement(WebUiCommonHelper.java:1368)
	at com.kms.katalon.core.webui.keyword.internal.WebUIAbstractKeyword.findWebElement(WebUIAbstractKeyword.groovy:27)
	at com.kms.katalon.core.webui.keyword.internal.WebUIAbstractKeyword.findWebElement(WebUIAbstractKeyword.groovy:26)
	at com.kms.katalon.core.webui.keyword.builtin.ClickKeyword$_click_closure1.doCall(ClickKeyword.groovy:66)
	at com.kms.katalon.core.webui.keyword.builtin.ClickKeyword$_click_closure1.call(ClickKeyword.groovy)
	at com.kms.katalon.core.webui.keyword.internal.WebUIKeywordMain.runKeyword(WebUIKeywordMain.groovy:20)
	... 35 more]]></system-err>
      </testcase>
      <testcase name="Test Cases/1712612/TC17_CreatePublicChannels" time="25.956" classname="Test Cases/1712612/TC17_CreatePublicChannels" status="ERROR">
         <error type="ERROR" message="Test Cases/1712612/TC17_CreatePublicChannels FAILED.
Reason:
java.lang.IllegalArgumentException: Cannot find test data with id 'Data Files/1712612/Data TC17 CreatePublicChannels' because (of) 'java.lang.IllegalArgumentException: Test data with id 'Data Files/1712612/Data TC17 CreatePublicChannels' does not exist'
	at com.kms.katalon.core.testdata.TestDataFactory.findTestData(TestDataFactory.java:131)
	at com.kms.katalon.core.testdata.TestDataFactory$findTestData.callStatic(Unknown Source)
	at TC17_CreatePublicChannels.run(TC17_CreatePublicChannels:26)
	at com.kms.katalon.core.main.ScriptEngine.run(ScriptEngine.java:194)
	at com.kms.katalon.core.main.ScriptEngine.runScriptAsRawText(ScriptEngine.java:119)
	at com.kms.katalon.core.main.TestCaseExecutor.runScript(TestCaseExecutor.java:398)
	at com.kms.katalon.core.main.TestCaseExecutor.doExecute(TestCaseExecutor.java:389)
	at com.kms.katalon.core.main.TestCaseExecutor.processExecutionPhase(TestCaseExecutor.java:368)
	at com.kms.katalon.core.main.TestCaseExecutor.accessMainPhase(TestCaseExecutor.java:360)
	at com.kms.katalon.core.main.TestCaseExecutor.execute(TestCaseExecutor.java:255)
	at com.kms.katalon.core.main.TestSuiteExecutor.accessTestCaseMainPhase(TestSuiteExecutor.java:203)
	at com.kms.katalon.core.main.TestSuiteExecutor.accessTestSuiteMainPhase(TestSuiteExecutor.java:152)
	at com.kms.katalon.core.main.TestSuiteExecutor.execute(TestSuiteExecutor.java:95)
	at com.kms.katalon.core.main.TestCaseMain.startTestSuite(TestCaseMain.java:157)
	at com.kms.katalon.core.main.TestCaseMain$startTestSuite$0.call(Unknown Source)
	at TempTestSuite1622257361884.run(TempTestSuite1622257361884.groovy:39)
"/>
         <system-out><![CDATA[2021-05-29 10:21:13 - [TEST_CASE][ERROR] - Test Cases/1712612/TC17_CreatePublicChannels: Test Cases/1712612/TC17_CreatePublicChannels FAILED.
Reason:
java.lang.IllegalArgumentException: Cannot find test data with id 'Data Files/1712612/Data TC17 CreatePublicChannels' because (of) 'java.lang.IllegalArgumentException: Test data with id 'Data Files/1712612/Data TC17 CreatePublicChannels' does not exist'
	at com.kms.katalon.core.testdata.TestDataFactory.findTestData(TestDataFactory.java:131)
	at com.kms.katalon.core.testdata.TestDataFactory$findTestData.callStatic(Unknown Source)
	at TC17_CreatePublicChannels.run(TC17_CreatePublicChannels:26)
	at com.kms.katalon.core.main.ScriptEngine.run(ScriptEngine.java:194)
	at com.kms.katalon.core.main.ScriptEngine.runScriptAsRawText(ScriptEngine.java:119)
	at com.kms.katalon.core.main.TestCaseExecutor.runScript(TestCaseExecutor.java:398)
	at com.kms.katalon.core.main.TestCaseExecutor.doExecute(TestCaseExecutor.java:389)
	at com.kms.katalon.core.main.TestCaseExecutor.processExecutionPhase(TestCaseExecutor.java:368)
	at com.kms.katalon.core.main.TestCaseExecutor.accessMainPhase(TestCaseExecutor.java:360)
	at com.kms.katalon.core.main.TestCaseExecutor.execute(TestCaseExecutor.java:255)
	at com.kms.katalon.core.main.TestSuiteExecutor.accessTestCaseMainPhase(TestSuiteExecutor.java:203)
	at com.kms.katalon.core.main.TestSuiteExecutor.accessTestSuiteMainPhase(TestSuiteExecutor.java:152)
	at com.kms.katalon.core.main.TestSuiteExecutor.execute(TestSuiteExecutor.java:95)
	at com.kms.katalon.core.main.TestCaseMain.startTestSuite(TestCaseMain.java:157)
	at com.kms.katalon.core.main.TestCaseMain$startTestSuite$0.call(Unknown Source)
	at TempTestSuite1622257361884.run(TempTestSuite1622257361884.groovy:39)


2021-05-29 10:21:14 - [TEST_STEP][PASSED] - callTestCase(findTestCase("1712612/CommonTC/TC_OpenPage"), [:], STOP_ON_FAILURE): Call Test Case 'Test Cases/1712612/CommonTC/TC_OpenPage' successfully

2021-05-29 10:21:14 - [TEST_CASE][PASSED] - Test Cases/1712612/CommonTC/TC_OpenPage: Test Cases/1712612/CommonTC/TC_OpenPage

2021-05-29 10:21:15 - [TEST_STEP][PASSED] - openBrowser(""): Browser is opened with url: ''

2021-05-29 10:21:15 - [MESSAGE][WARNING] - A browser is already opened. Closing browser and opening a new one

2021-05-29 10:21:16 - [MESSAGE][INFO] - Starting 'Chrome' driver

2021-05-29 10:21:16 - [MESSAGE][INFO] - Action delay is set to 0 milliseconds

2021-05-29 10:21:20 - [MESSAGE][PASSED] - Browser is opened with url: ''

2021-05-29 10:21:20 - [TEST_STEP][PASSED] - navigateToUrl("https://mattermostwebapp.herokuapp.com/login"): Navigate to 'https://mattermostwebapp.herokuapp.com/login' successfully

2021-05-29 10:21:24 - [MESSAGE][PASSED] - Navigate to 'https://mattermostwebapp.herokuapp.com/login' successfully

2021-05-29 10:21:24 - [MESSAGE][PASSED] - Call Test Case 'Test Cases/1712612/CommonTC/TC_OpenPage' successfully

2021-05-29 10:21:24 - [TEST_STEP][PASSED] - callTestCase(findTestCase("1712612/CommonTC/TC_Login"), [:], STOP_ON_FAILURE): Call Test Case 'Test Cases/1712612/CommonTC/TC_Login' successfully

2021-05-29 10:21:24 - [TEST_CASE][PASSED] - Test Cases/1712612/CommonTC/TC_Login: Test Cases/1712612/CommonTC/TC_Login

2021-05-29 10:21:26 - [TEST_STEP][PASSED] - verifyElementVisible(findTestObject("Object Repository/1712612_Mattermost Object/Page_Mattermost/input_login_username"), STOP_ON_FAILURE): Object 'Object Repository/1712612_Mattermost Object/Page_Mattermost/input_login_username' is visible

2021-05-29 10:21:30 - [MESSAGE][PASSED] - Object 'Object Repository/1712612_Mattermost Object/Page_Mattermost/input_login_username' is visible

2021-05-29 10:21:30 - [TEST_STEP][PASSED] - verifyElementVisible(findTestObject("Object Repository/1712612_Mattermost Object/Page_Mattermost/input_login_password"), STOP_ON_FAILURE): Object 'Object Repository/1712612_Mattermost Object/Page_Mattermost/input_login_password' is visible

2021-05-29 10:21:30 - [MESSAGE][PASSED] - Object 'Object Repository/1712612_Mattermost Object/Page_Mattermost/input_login_password' is visible

2021-05-29 10:21:30 - [TEST_STEP][PASSED] - setText(findTestObject("Object Repository/1712612_Mattermost Object/Page_Mattermost/input_login_username"), "nghi_tran"): Text 'nghi_tran' is set on object 'Object Repository/1712612_Mattermost Object/Page_Mattermost/input_login_username'

2021-05-29 10:21:31 - [MESSAGE][PASSED] - Text 'nghi_tran' is set on object 'Object Repository/1712612_Mattermost Object/Page_Mattermost/input_login_username'

2021-05-29 10:21:31 - [TEST_STEP][PASSED] - setEncryptedText(findTestObject("Object Repository/1712612_Mattermost Object/Page_Mattermost/input_login_password"), "KBlHou+hFmnFUOUwxwboiw=="): Text ****** has been set on object 'Object Repository/1712612_Mattermost Object/Page_Mattermost/input_login_password'

2021-05-29 10:21:32 - [MESSAGE][PASSED] - Text ****** has been set on object 'Object Repository/1712612_Mattermost Object/Page_Mattermost/input_login_password'

2021-05-29 10:21:32 - [TEST_STEP][PASSED] - click(findTestObject("Object Repository/1712612_Mattermost Object/Page_Mattermost/button_Sign in")): Object: 'Object Repository/1712612_Mattermost Object/Page_Mattermost/button_Sign in' is clicked on

2021-05-29 10:21:33 - [MESSAGE][PASSED] - Object: 'Object Repository/1712612_Mattermost Object/Page_Mattermost/button_Sign in' is clicked on

2021-05-29 10:21:33 - [TEST_STEP][PASSED] - verifyElementVisible(findTestObject("Object Repository/1712612_Mattermost Object/Page_Town Square - another Mattermost/img__Avatar Avatar-lg"), STOP_ON_FAILURE): Object 'Object Repository/1712612_Mattermost Object/Page_Town Square - another Mattermost/img__Avatar Avatar-lg' is visible

2021-05-29 10:21:38 - [MESSAGE][PASSED] - Object 'Object Repository/1712612_Mattermost Object/Page_Town Square - another Mattermost/img__Avatar Avatar-lg' is visible

2021-05-29 10:21:38 - [MESSAGE][PASSED] - Call Test Case 'Test Cases/1712612/CommonTC/TC_Login' successfully

2021-05-29 10:21:38 - [TEST_STEP][PASSED] - navigateToUrl("https://mattermostwebapp.herokuapp.com/test-1712612/channels/town-square"): Navigate to 'https://mattermostwebapp.herokuapp.com/test-1712612/channels/town-square' successfully

2021-05-29 10:21:39 - [MESSAGE][PASSED] - Navigate to 'https://mattermostwebapp.herokuapp.com/test-1712612/channels/town-square' successfully

2021-05-29 10:21:39 - [TEST_STEP][PASSED] - for ([rowNum = 1, rowNum <= findTestData("Data Files/1712612/Data TC17 CreatePublicChannels").getRowNumbers(), (rowNum++)]): null]]></system-out>
         <system-err><![CDATA[2021-05-29 10:21:13 - [TEST_CASE][ERROR] - Test Cases/1712612/TC17_CreatePublicChannels: Test Cases/1712612/TC17_CreatePublicChannels FAILED.
Reason:
java.lang.IllegalArgumentException: Cannot find test data with id 'Data Files/1712612/Data TC17 CreatePublicChannels' because (of) 'java.lang.IllegalArgumentException: Test data with id 'Data Files/1712612/Data TC17 CreatePublicChannels' does not exist'
	at com.kms.katalon.core.testdata.TestDataFactory.findTestData(TestDataFactory.java:131)
	at com.kms.katalon.core.testdata.TestDataFactory$findTestData.callStatic(Unknown Source)
	at TC17_CreatePublicChannels.run(TC17_CreatePublicChannels:26)
	at com.kms.katalon.core.main.ScriptEngine.run(ScriptEngine.java:194)
	at com.kms.katalon.core.main.ScriptEngine.runScriptAsRawText(ScriptEngine.java:119)
	at com.kms.katalon.core.main.TestCaseExecutor.runScript(TestCaseExecutor.java:398)
	at com.kms.katalon.core.main.TestCaseExecutor.doExecute(TestCaseExecutor.java:389)
	at com.kms.katalon.core.main.TestCaseExecutor.processExecutionPhase(TestCaseExecutor.java:368)
	at com.kms.katalon.core.main.TestCaseExecutor.accessMainPhase(TestCaseExecutor.java:360)
	at com.kms.katalon.core.main.TestCaseExecutor.execute(TestCaseExecutor.java:255)
	at com.kms.katalon.core.main.TestSuiteExecutor.accessTestCaseMainPhase(TestSuiteExecutor.java:203)
	at com.kms.katalon.core.main.TestSuiteExecutor.accessTestSuiteMainPhase(TestSuiteExecutor.java:152)
	at com.kms.katalon.core.main.TestSuiteExecutor.execute(TestSuiteExecutor.java:95)
	at com.kms.katalon.core.main.TestCaseMain.startTestSuite(TestCaseMain.java:157)
	at com.kms.katalon.core.main.TestCaseMain$startTestSuite$0.call(Unknown Source)
	at TempTestSuite1622257361884.run(TempTestSuite1622257361884.groovy:39)]]></system-err>
      </testcase>
      <testcase name="Test Cases/1712612/TC18_CreatePrivateChannels" time="26.7" classname="Test Cases/1712612/TC18_CreatePrivateChannels" status="ERROR">
         <error type="ERROR" message="Test Cases/1712612/TC18_CreatePrivateChannels FAILED.
Reason:
java.lang.IllegalArgumentException: Cannot find test data with id 'Data Files/1712612/Data TC17 CreatePublicChannels' because (of) 'java.lang.IllegalArgumentException: Test data with id 'Data Files/1712612/Data TC17 CreatePublicChannels' does not exist'
	at com.kms.katalon.core.testdata.TestDataFactory.findTestData(TestDataFactory.java:131)
	at com.kms.katalon.core.testdata.TestDataFactory$findTestData.callStatic(Unknown Source)
	at TC18_CreatePrivateChannels.run(TC18_CreatePrivateChannels:26)
	at com.kms.katalon.core.main.ScriptEngine.run(ScriptEngine.java:194)
	at com.kms.katalon.core.main.ScriptEngine.runScriptAsRawText(ScriptEngine.java:119)
	at com.kms.katalon.core.main.TestCaseExecutor.runScript(TestCaseExecutor.java:398)
	at com.kms.katalon.core.main.TestCaseExecutor.doExecute(TestCaseExecutor.java:389)
	at com.kms.katalon.core.main.TestCaseExecutor.processExecutionPhase(TestCaseExecutor.java:368)
	at com.kms.katalon.core.main.TestCaseExecutor.accessMainPhase(TestCaseExecutor.java:360)
	at com.kms.katalon.core.main.TestCaseExecutor.execute(TestCaseExecutor.java:255)
	at com.kms.katalon.core.main.TestSuiteExecutor.accessTestCaseMainPhase(TestSuiteExecutor.java:203)
	at com.kms.katalon.core.main.TestSuiteExecutor.accessTestSuiteMainPhase(TestSuiteExecutor.java:152)
	at com.kms.katalon.core.main.TestSuiteExecutor.execute(TestSuiteExecutor.java:95)
	at com.kms.katalon.core.main.TestCaseMain.startTestSuite(TestCaseMain.java:157)
	at com.kms.katalon.core.main.TestCaseMain$startTestSuite$0.call(Unknown Source)
	at TempTestSuite1622257361884.run(TempTestSuite1622257361884.groovy:39)
"/>
         <system-out><![CDATA[2021-05-29 10:21:39 - [TEST_CASE][ERROR] - Test Cases/1712612/TC18_CreatePrivateChannels: Test Cases/1712612/TC18_CreatePrivateChannels FAILED.
Reason:
java.lang.IllegalArgumentException: Cannot find test data with id 'Data Files/1712612/Data TC17 CreatePublicChannels' because (of) 'java.lang.IllegalArgumentException: Test data with id 'Data Files/1712612/Data TC17 CreatePublicChannels' does not exist'
	at com.kms.katalon.core.testdata.TestDataFactory.findTestData(TestDataFactory.java:131)
	at com.kms.katalon.core.testdata.TestDataFactory$findTestData.callStatic(Unknown Source)
	at TC18_CreatePrivateChannels.run(TC18_CreatePrivateChannels:26)
	at com.kms.katalon.core.main.ScriptEngine.run(ScriptEngine.java:194)
	at com.kms.katalon.core.main.ScriptEngine.runScriptAsRawText(ScriptEngine.java:119)
	at com.kms.katalon.core.main.TestCaseExecutor.runScript(TestCaseExecutor.java:398)
	at com.kms.katalon.core.main.TestCaseExecutor.doExecute(TestCaseExecutor.java:389)
	at com.kms.katalon.core.main.TestCaseExecutor.processExecutionPhase(TestCaseExecutor.java:368)
	at com.kms.katalon.core.main.TestCaseExecutor.accessMainPhase(TestCaseExecutor.java:360)
	at com.kms.katalon.core.main.TestCaseExecutor.execute(TestCaseExecutor.java:255)
	at com.kms.katalon.core.main.TestSuiteExecutor.accessTestCaseMainPhase(TestSuiteExecutor.java:203)
	at com.kms.katalon.core.main.TestSuiteExecutor.accessTestSuiteMainPhase(TestSuiteExecutor.java:152)
	at com.kms.katalon.core.main.TestSuiteExecutor.execute(TestSuiteExecutor.java:95)
	at com.kms.katalon.core.main.TestCaseMain.startTestSuite(TestCaseMain.java:157)
	at com.kms.katalon.core.main.TestCaseMain$startTestSuite$0.call(Unknown Source)
	at TempTestSuite1622257361884.run(TempTestSuite1622257361884.groovy:39)


2021-05-29 10:21:40 - [TEST_STEP][PASSED] - callTestCase(findTestCase("1712612/CommonTC/TC_OpenPage"), [:], STOP_ON_FAILURE): Call Test Case 'Test Cases/1712612/CommonTC/TC_OpenPage' successfully

2021-05-29 10:21:40 - [TEST_CASE][PASSED] - Test Cases/1712612/CommonTC/TC_OpenPage: Test Cases/1712612/CommonTC/TC_OpenPage

2021-05-29 10:21:40 - [TEST_STEP][PASSED] - openBrowser(""): Browser is opened with url: ''

2021-05-29 10:21:40 - [MESSAGE][WARNING] - A browser is already opened. Closing browser and opening a new one

2021-05-29 10:21:41 - [MESSAGE][INFO] - Starting 'Chrome' driver

2021-05-29 10:21:41 - [MESSAGE][INFO] - Action delay is set to 0 milliseconds

2021-05-29 10:21:45 - [MESSAGE][PASSED] - Browser is opened with url: ''

2021-05-29 10:21:45 - [TEST_STEP][PASSED] - navigateToUrl("https://mattermostwebapp.herokuapp.com/login"): Navigate to 'https://mattermostwebapp.herokuapp.com/login' successfully

2021-05-29 10:21:49 - [MESSAGE][PASSED] - Navigate to 'https://mattermostwebapp.herokuapp.com/login' successfully

2021-05-29 10:21:49 - [MESSAGE][PASSED] - Call Test Case 'Test Cases/1712612/CommonTC/TC_OpenPage' successfully

2021-05-29 10:21:49 - [TEST_STEP][PASSED] - callTestCase(findTestCase("1712612/CommonTC/TC_Login"), [:], STOP_ON_FAILURE): Call Test Case 'Test Cases/1712612/CommonTC/TC_Login' successfully

2021-05-29 10:21:49 - [TEST_CASE][PASSED] - Test Cases/1712612/CommonTC/TC_Login: Test Cases/1712612/CommonTC/TC_Login

2021-05-29 10:21:49 - [TEST_STEP][PASSED] - verifyElementVisible(findTestObject("Object Repository/1712612_Mattermost Object/Page_Mattermost/input_login_username"), STOP_ON_FAILURE): Object 'Object Repository/1712612_Mattermost Object/Page_Mattermost/input_login_username' is visible

2021-05-29 10:21:55 - [MESSAGE][PASSED] - Object 'Object Repository/1712612_Mattermost Object/Page_Mattermost/input_login_username' is visible

2021-05-29 10:21:55 - [TEST_STEP][PASSED] - verifyElementVisible(findTestObject("Object Repository/1712612_Mattermost Object/Page_Mattermost/input_login_password"), STOP_ON_FAILURE): Object 'Object Repository/1712612_Mattermost Object/Page_Mattermost/input_login_password' is visible

2021-05-29 10:21:55 - [MESSAGE][PASSED] - Object 'Object Repository/1712612_Mattermost Object/Page_Mattermost/input_login_password' is visible

2021-05-29 10:21:55 - [TEST_STEP][PASSED] - setText(findTestObject("Object Repository/1712612_Mattermost Object/Page_Mattermost/input_login_username"), "nghi_tran"): Text 'nghi_tran' is set on object 'Object Repository/1712612_Mattermost Object/Page_Mattermost/input_login_username'

2021-05-29 10:21:56 - [MESSAGE][PASSED] - Text 'nghi_tran' is set on object 'Object Repository/1712612_Mattermost Object/Page_Mattermost/input_login_username'

2021-05-29 10:21:56 - [TEST_STEP][PASSED] - setEncryptedText(findTestObject("Object Repository/1712612_Mattermost Object/Page_Mattermost/input_login_password"), "KBlHou+hFmnFUOUwxwboiw=="): Text ****** has been set on object 'Object Repository/1712612_Mattermost Object/Page_Mattermost/input_login_password'

2021-05-29 10:21:57 - [MESSAGE][PASSED] - Text ****** has been set on object 'Object Repository/1712612_Mattermost Object/Page_Mattermost/input_login_password'

2021-05-29 10:21:57 - [TEST_STEP][PASSED] - click(findTestObject("Object Repository/1712612_Mattermost Object/Page_Mattermost/button_Sign in")): Object: 'Object Repository/1712612_Mattermost Object/Page_Mattermost/button_Sign in' is clicked on

2021-05-29 10:21:58 - [MESSAGE][PASSED] - Object: 'Object Repository/1712612_Mattermost Object/Page_Mattermost/button_Sign in' is clicked on

2021-05-29 10:21:58 - [TEST_STEP][PASSED] - verifyElementVisible(findTestObject("Object Repository/1712612_Mattermost Object/Page_Town Square - another Mattermost/img__Avatar Avatar-lg"), STOP_ON_FAILURE): Object 'Object Repository/1712612_Mattermost Object/Page_Town Square - another Mattermost/img__Avatar Avatar-lg' is visible

2021-05-29 10:22:04 - [MESSAGE][PASSED] - Object 'Object Repository/1712612_Mattermost Object/Page_Town Square - another Mattermost/img__Avatar Avatar-lg' is visible

2021-05-29 10:22:04 - [MESSAGE][PASSED] - Call Test Case 'Test Cases/1712612/CommonTC/TC_Login' successfully

2021-05-29 10:22:04 - [TEST_STEP][PASSED] - navigateToUrl("https://mattermostwebapp.herokuapp.com/test-1712612/channels/town-square"): Navigate to 'https://mattermostwebapp.herokuapp.com/test-1712612/channels/town-square' successfully

2021-05-29 10:22:06 - [MESSAGE][PASSED] - Navigate to 'https://mattermostwebapp.herokuapp.com/test-1712612/channels/town-square' successfully

2021-05-29 10:22:06 - [TEST_STEP][PASSED] - for ([rowNum = 1, rowNum <= findTestData("Data Files/1712612/Data TC17 CreatePublicChannels").getRowNumbers(), (rowNum++)]): null]]></system-out>
         <system-err><![CDATA[2021-05-29 10:21:39 - [TEST_CASE][ERROR] - Test Cases/1712612/TC18_CreatePrivateChannels: Test Cases/1712612/TC18_CreatePrivateChannels FAILED.
Reason:
java.lang.IllegalArgumentException: Cannot find test data with id 'Data Files/1712612/Data TC17 CreatePublicChannels' because (of) 'java.lang.IllegalArgumentException: Test data with id 'Data Files/1712612/Data TC17 CreatePublicChannels' does not exist'
	at com.kms.katalon.core.testdata.TestDataFactory.findTestData(TestDataFactory.java:131)
	at com.kms.katalon.core.testdata.TestDataFactory$findTestData.callStatic(Unknown Source)
	at TC18_CreatePrivateChannels.run(TC18_CreatePrivateChannels:26)
	at com.kms.katalon.core.main.ScriptEngine.run(ScriptEngine.java:194)
	at com.kms.katalon.core.main.ScriptEngine.runScriptAsRawText(ScriptEngine.java:119)
	at com.kms.katalon.core.main.TestCaseExecutor.runScript(TestCaseExecutor.java:398)
	at com.kms.katalon.core.main.TestCaseExecutor.doExecute(TestCaseExecutor.java:389)
	at com.kms.katalon.core.main.TestCaseExecutor.processExecutionPhase(TestCaseExecutor.java:368)
	at com.kms.katalon.core.main.TestCaseExecutor.accessMainPhase(TestCaseExecutor.java:360)
	at com.kms.katalon.core.main.TestCaseExecutor.execute(TestCaseExecutor.java:255)
	at com.kms.katalon.core.main.TestSuiteExecutor.accessTestCaseMainPhase(TestSuiteExecutor.java:203)
	at com.kms.katalon.core.main.TestSuiteExecutor.accessTestSuiteMainPhase(TestSuiteExecutor.java:152)
	at com.kms.katalon.core.main.TestSuiteExecutor.execute(TestSuiteExecutor.java:95)
	at com.kms.katalon.core.main.TestCaseMain.startTestSuite(TestCaseMain.java:157)
	at com.kms.katalon.core.main.TestCaseMain$startTestSuite$0.call(Unknown Source)
	at TempTestSuite1622257361884.run(TempTestSuite1622257361884.groovy:39)]]></system-err>
      </testcase>
      <testcase name="Test Cases/1712612/TC19_InvitePeopleToChannel" time="66.092" classname="Test Cases/1712612/TC19_InvitePeopleToChannel" status="FAILED">
         <failure type="FAILED" message="Test Cases/1712612/TC19_InvitePeopleToChannel FAILED.
Reason:
com.kms.katalon.core.exception.StepFailedException: Unable to click on object 'Object Repository/1712612_Mattermost Object/Page_Invite people to channel - Test 171261_c46106/div_- abc string (string)_more-modal__actio_2ea070'
	at com.kms.katalon.core.webui.keyword.internal.WebUIKeywordMain.stepFailed(WebUIKeywordMain.groovy:64)
	at com.kms.katalon.core.webui.keyword.internal.WebUIKeywordMain.runKeyword(WebUIKeywordMain.groovy:26)
	at com.kms.katalon.core.webui.keyword.builtin.ClickKeyword.click(ClickKeyword.groovy:75)
	at com.kms.katalon.core.webui.keyword.builtin.ClickKeyword.execute(ClickKeyword.groovy:42)
	at com.kms.katalon.core.keyword.internal.KeywordExecutor.executeKeywordForPlatform(KeywordExecutor.groovy:73)
	at com.kms.katalon.core.webui.keyword.WebUiBuiltInKeywords.click(WebUiBuiltInKeywords.groovy:619)
	at com.kms.katalon.core.webui.keyword.WebUiBuiltInKeywords$click$3.call(Unknown Source)
	at TC19_InvitePeopleToChannel.run(TC19_InvitePeopleToChannel:28)
	at com.kms.katalon.core.main.ScriptEngine.run(ScriptEngine.java:194)
	at com.kms.katalon.core.main.ScriptEngine.runScriptAsRawText(ScriptEngine.java:119)
	at com.kms.katalon.core.main.TestCaseExecutor.runScript(TestCaseExecutor.java:398)
	at com.kms.katalon.core.main.TestCaseExecutor.doExecute(TestCaseExecutor.java:389)
	at com.kms.katalon.core.main.TestCaseExecutor.processExecutionPhase(TestCaseExecutor.java:368)
	at com.kms.katalon.core.main.TestCaseExecutor.accessMainPhase(TestCaseExecutor.java:360)
	at com.kms.katalon.core.main.TestCaseExecutor.execute(TestCaseExecutor.java:255)
	at com.kms.katalon.core.main.TestSuiteExecutor.accessTestCaseMainPhase(TestSuiteExecutor.java:203)
	at com.kms.katalon.core.main.TestSuiteExecutor.accessTestSuiteMainPhase(TestSuiteExecutor.java:152)
	at com.kms.katalon.core.main.TestSuiteExecutor.execute(TestSuiteExecutor.java:95)
	at com.kms.katalon.core.main.TestCaseMain.startTestSuite(TestCaseMain.java:157)
	at com.kms.katalon.core.main.TestCaseMain$startTestSuite$0.call(Unknown Source)
	at TempTestSuite1622257361884.run(TempTestSuite1622257361884.groovy:39)
Caused by: com.kms.katalon.core.webui.exception.WebElementNotFoundException: Web element with id: 'Object Repository/1712612_Mattermost Object/Page_Invite people to channel - Test 171261_c46106/div_- abc string (string)_more-modal__actio_2ea070' located by '//div[@id='multiSelectList']/div/div[2]/div' not found
	at com.kms.katalon.core.webui.common.WebUiCommonHelper.findWebElement(WebUiCommonHelper.java:1368)
	at com.kms.katalon.core.webui.keyword.internal.WebUIAbstractKeyword.findWebElement(WebUIAbstractKeyword.groovy:27)
	at com.kms.katalon.core.webui.keyword.internal.WebUIAbstractKeyword.findWebElement(WebUIAbstractKeyword.groovy:26)
	at com.kms.katalon.core.webui.keyword.builtin.ClickKeyword$_click_closure1.doCall(ClickKeyword.groovy:66)
	at com.kms.katalon.core.webui.keyword.builtin.ClickKeyword$_click_closure1.call(ClickKeyword.groovy)
	at com.kms.katalon.core.webui.keyword.internal.WebUIKeywordMain.runKeyword(WebUIKeywordMain.groovy:20)
	... 19 more
"/>
         <system-out><![CDATA[2021-05-29 10:22:06 - [TEST_CASE][FAILED] - Test Cases/1712612/TC19_InvitePeopleToChannel: Test Cases/1712612/TC19_InvitePeopleToChannel FAILED.
Reason:
com.kms.katalon.core.exception.StepFailedException: Unable to click on object 'Object Repository/1712612_Mattermost Object/Page_Invite people to channel - Test 171261_c46106/div_- abc string (string)_more-modal__actio_2ea070'
	at com.kms.katalon.core.webui.keyword.internal.WebUIKeywordMain.stepFailed(WebUIKeywordMain.groovy:64)
	at com.kms.katalon.core.webui.keyword.internal.WebUIKeywordMain.runKeyword(WebUIKeywordMain.groovy:26)
	at com.kms.katalon.core.webui.keyword.builtin.ClickKeyword.click(ClickKeyword.groovy:75)
	at com.kms.katalon.core.webui.keyword.builtin.ClickKeyword.execute(ClickKeyword.groovy:42)
	at com.kms.katalon.core.keyword.internal.KeywordExecutor.executeKeywordForPlatform(KeywordExecutor.groovy:73)
	at com.kms.katalon.core.webui.keyword.WebUiBuiltInKeywords.click(WebUiBuiltInKeywords.groovy:619)
	at com.kms.katalon.core.webui.keyword.WebUiBuiltInKeywords$click$3.call(Unknown Source)
	at TC19_InvitePeopleToChannel.run(TC19_InvitePeopleToChannel:28)
	at com.kms.katalon.core.main.ScriptEngine.run(ScriptEngine.java:194)
	at com.kms.katalon.core.main.ScriptEngine.runScriptAsRawText(ScriptEngine.java:119)
	at com.kms.katalon.core.main.TestCaseExecutor.runScript(TestCaseExecutor.java:398)
	at com.kms.katalon.core.main.TestCaseExecutor.doExecute(TestCaseExecutor.java:389)
	at com.kms.katalon.core.main.TestCaseExecutor.processExecutionPhase(TestCaseExecutor.java:368)
	at com.kms.katalon.core.main.TestCaseExecutor.accessMainPhase(TestCaseExecutor.java:360)
	at com.kms.katalon.core.main.TestCaseExecutor.execute(TestCaseExecutor.java:255)
	at com.kms.katalon.core.main.TestSuiteExecutor.accessTestCaseMainPhase(TestSuiteExecutor.java:203)
	at com.kms.katalon.core.main.TestSuiteExecutor.accessTestSuiteMainPhase(TestSuiteExecutor.java:152)
	at com.kms.katalon.core.main.TestSuiteExecutor.execute(TestSuiteExecutor.java:95)
	at com.kms.katalon.core.main.TestCaseMain.startTestSuite(TestCaseMain.java:157)
	at com.kms.katalon.core.main.TestCaseMain$startTestSuite$0.call(Unknown Source)
	at TempTestSuite1622257361884.run(TempTestSuite1622257361884.groovy:39)
Caused by: com.kms.katalon.core.webui.exception.WebElementNotFoundException: Web element with id: 'Object Repository/1712612_Mattermost Object/Page_Invite people to channel - Test 171261_c46106/div_- abc string (string)_more-modal__actio_2ea070' located by '//div[@id='multiSelectList']/div/div[2]/div' not found
	at com.kms.katalon.core.webui.common.WebUiCommonHelper.findWebElement(WebUiCommonHelper.java:1368)
	at com.kms.katalon.core.webui.keyword.internal.WebUIAbstractKeyword.findWebElement(WebUIAbstractKeyword.groovy:27)
	at com.kms.katalon.core.webui.keyword.internal.WebUIAbstractKeyword.findWebElement(WebUIAbstractKeyword.groovy:26)
	at com.kms.katalon.core.webui.keyword.builtin.ClickKeyword$_click_closure1.doCall(ClickKeyword.groovy:66)
	at com.kms.katalon.core.webui.keyword.builtin.ClickKeyword$_click_closure1.call(ClickKeyword.groovy)
	at com.kms.katalon.core.webui.keyword.internal.WebUIKeywordMain.runKeyword(WebUIKeywordMain.groovy:20)
	... 19 more


2021-05-29 10:22:07 - [TEST_STEP][PASSED] - callTestCase(findTestCase("1712612/CommonTC/TC_OpenPage"), [:], STOP_ON_FAILURE): Call Test Case 'Test Cases/1712612/CommonTC/TC_OpenPage' successfully

2021-05-29 10:22:07 - [TEST_CASE][PASSED] - Test Cases/1712612/CommonTC/TC_OpenPage: Test Cases/1712612/CommonTC/TC_OpenPage

2021-05-29 10:22:07 - [TEST_STEP][PASSED] - openBrowser(""): Browser is opened with url: ''

2021-05-29 10:22:07 - [MESSAGE][WARNING] - A browser is already opened. Closing browser and opening a new one

2021-05-29 10:22:09 - [MESSAGE][INFO] - Starting 'Chrome' driver

2021-05-29 10:22:09 - [MESSAGE][INFO] - Action delay is set to 0 milliseconds

2021-05-29 10:22:14 - [MESSAGE][PASSED] - Browser is opened with url: ''

2021-05-29 10:22:14 - [TEST_STEP][PASSED] - navigateToUrl("https://mattermostwebapp.herokuapp.com/login"): Navigate to 'https://mattermostwebapp.herokuapp.com/login' successfully

2021-05-29 10:22:19 - [MESSAGE][PASSED] - Navigate to 'https://mattermostwebapp.herokuapp.com/login' successfully

2021-05-29 10:22:19 - [MESSAGE][PASSED] - Call Test Case 'Test Cases/1712612/CommonTC/TC_OpenPage' successfully

2021-05-29 10:22:19 - [TEST_STEP][PASSED] - callTestCase(findTestCase("1712612/CommonTC/TC_Login"), [:], STOP_ON_FAILURE): Call Test Case 'Test Cases/1712612/CommonTC/TC_Login' successfully

2021-05-29 10:22:19 - [TEST_CASE][PASSED] - Test Cases/1712612/CommonTC/TC_Login: Test Cases/1712612/CommonTC/TC_Login

2021-05-29 10:22:19 - [TEST_STEP][PASSED] - verifyElementVisible(findTestObject("Object Repository/1712612_Mattermost Object/Page_Mattermost/input_login_username"), STOP_ON_FAILURE): Object 'Object Repository/1712612_Mattermost Object/Page_Mattermost/input_login_username' is visible

2021-05-29 10:22:23 - [MESSAGE][PASSED] - Object 'Object Repository/1712612_Mattermost Object/Page_Mattermost/input_login_username' is visible

2021-05-29 10:22:23 - [TEST_STEP][PASSED] - verifyElementVisible(findTestObject("Object Repository/1712612_Mattermost Object/Page_Mattermost/input_login_password"), STOP_ON_FAILURE): Object 'Object Repository/1712612_Mattermost Object/Page_Mattermost/input_login_password' is visible

2021-05-29 10:22:24 - [MESSAGE][PASSED] - Object 'Object Repository/1712612_Mattermost Object/Page_Mattermost/input_login_password' is visible

2021-05-29 10:22:24 - [TEST_STEP][PASSED] - setText(findTestObject("Object Repository/1712612_Mattermost Object/Page_Mattermost/input_login_username"), "nghi_tran"): Text 'nghi_tran' is set on object 'Object Repository/1712612_Mattermost Object/Page_Mattermost/input_login_username'

2021-05-29 10:22:25 - [MESSAGE][PASSED] - Text 'nghi_tran' is set on object 'Object Repository/1712612_Mattermost Object/Page_Mattermost/input_login_username'

2021-05-29 10:22:25 - [TEST_STEP][PASSED] - setEncryptedText(findTestObject("Object Repository/1712612_Mattermost Object/Page_Mattermost/input_login_password"), "KBlHou+hFmnFUOUwxwboiw=="): Text ****** has been set on object 'Object Repository/1712612_Mattermost Object/Page_Mattermost/input_login_password'

2021-05-29 10:22:26 - [MESSAGE][PASSED] - Text ****** has been set on object 'Object Repository/1712612_Mattermost Object/Page_Mattermost/input_login_password'

2021-05-29 10:22:26 - [TEST_STEP][PASSED] - click(findTestObject("Object Repository/1712612_Mattermost Object/Page_Mattermost/button_Sign in")): Object: 'Object Repository/1712612_Mattermost Object/Page_Mattermost/button_Sign in' is clicked on

2021-05-29 10:22:27 - [MESSAGE][PASSED] - Object: 'Object Repository/1712612_Mattermost Object/Page_Mattermost/button_Sign in' is clicked on

2021-05-29 10:22:27 - [TEST_STEP][PASSED] - verifyElementVisible(findTestObject("Object Repository/1712612_Mattermost Object/Page_Town Square - another Mattermost/img__Avatar Avatar-lg"), STOP_ON_FAILURE): Object 'Object Repository/1712612_Mattermost Object/Page_Town Square - another Mattermost/img__Avatar Avatar-lg' is visible

2021-05-29 10:22:32 - [MESSAGE][PASSED] - Object 'Object Repository/1712612_Mattermost Object/Page_Town Square - another Mattermost/img__Avatar Avatar-lg' is visible

2021-05-29 10:22:32 - [MESSAGE][PASSED] - Call Test Case 'Test Cases/1712612/CommonTC/TC_Login' successfully

2021-05-29 10:22:32 - [TEST_STEP][PASSED] - navigateToUrl("https://mattermostwebapp.herokuapp.com/test-1712612/channels/invite-people-to-channel"): Navigate to 'https://mattermostwebapp.herokuapp.com/test-1712612/channels/invite-people-to-channel' successfully

2021-05-29 10:22:33 - [MESSAGE][PASSED] - Navigate to 'https://mattermostwebapp.herokuapp.com/test-1712612/channels/invite-people-to-channel' successfully

2021-05-29 10:22:33 - [TEST_STEP][PASSED] - click(findTestObject("Object Repository/1712612_Mattermost Object/Page_Invite people to channel - Test 171261_c46106/button_Invite others to this channel")): Object: 'Object Repository/1712612_Mattermost Object/Page_Invite people to channel - Test 171261_c46106/button_Invite others to this channel' is clicked on

2021-05-29 10:22:37 - [MESSAGE][PASSED] - Object: 'Object Repository/1712612_Mattermost Object/Page_Invite people to channel - Test 171261_c46106/button_Invite others to this channel' is clicked on

2021-05-29 10:22:37 - [TEST_STEP][FAILED] - click(findTestObject("Object Repository/1712612_Mattermost Object/Page_Invite people to channel - Test 171261_c46106/div_- abc string (string)_more-modal__actio_2ea070")): Unable to click on object 'Object Repository/1712612_Mattermost Object/Page_Invite people to channel - Test 171261_c46106/div_- abc string (string)_more-modal__actio_2ea070' (Root cause: com.kms.katalon.core.exception.StepFailedException: Unable to click on object 'Object Repository/1712612_Mattermost Object/Page_Invite people to channel - Test 171261_c46106/div_- abc string (string)_more-modal__actio_2ea070'
	at com.kms.katalon.core.webui.keyword.internal.WebUIKeywordMain.stepFailed(WebUIKeywordMain.groovy:64)
	at com.kms.katalon.core.webui.keyword.internal.WebUIKeywordMain.runKeyword(WebUIKeywordMain.groovy:26)
	at com.kms.katalon.core.webui.keyword.builtin.ClickKeyword.click(ClickKeyword.groovy:75)
	at com.kms.katalon.core.webui.keyword.builtin.ClickKeyword.execute(ClickKeyword.groovy:42)
	at com.kms.katalon.core.keyword.internal.KeywordExecutor.executeKeywordForPlatform(KeywordExecutor.groovy:73)
	at com.kms.katalon.core.webui.keyword.WebUiBuiltInKeywords.click(WebUiBuiltInKeywords.groovy:619)
	at com.kms.katalon.core.webui.keyword.WebUiBuiltInKeywords$click$3.call(Unknown Source)
	at TC19_InvitePeopleToChannel.run(TC19_InvitePeopleToChannel:28)
	at com.kms.katalon.core.main.ScriptEngine.run(ScriptEngine.java:194)
	at com.kms.katalon.core.main.ScriptEngine.runScriptAsRawText(ScriptEngine.java:119)
	at com.kms.katalon.core.main.TestCaseExecutor.runScript(TestCaseExecutor.java:398)
	at com.kms.katalon.core.main.TestCaseExecutor.doExecute(TestCaseExecutor.java:389)
	at com.kms.katalon.core.main.TestCaseExecutor.processExecutionPhase(TestCaseExecutor.java:368)
	at com.kms.katalon.core.main.TestCaseExecutor.accessMainPhase(TestCaseExecutor.java:360)
	at com.kms.katalon.core.main.TestCaseExecutor.execute(TestCaseExecutor.java:255)
	at com.kms.katalon.core.main.TestSuiteExecutor.accessTestCaseMainPhase(TestSuiteExecutor.java:203)
	at com.kms.katalon.core.main.TestSuiteExecutor.accessTestSuiteMainPhase(TestSuiteExecutor.java:152)
	at com.kms.katalon.core.main.TestSuiteExecutor.execute(TestSuiteExecutor.java:95)
	at com.kms.katalon.core.main.TestCaseMain.startTestSuite(TestCaseMain.java:157)
	at com.kms.katalon.core.main.TestCaseMain$startTestSuite$0.call(Unknown Source)
	at TempTestSuite1622257361884.run(TempTestSuite1622257361884.groovy:39)
Caused by: com.kms.katalon.core.webui.exception.WebElementNotFoundException: Web element with id: 'Object Repository/1712612_Mattermost Object/Page_Invite people to channel - Test 171261_c46106/div_- abc string (string)_more-modal__actio_2ea070' located by '//div[@id='multiSelectList']/div/div[2]/div' not found
	at com.kms.katalon.core.webui.common.WebUiCommonHelper.findWebElement(WebUiCommonHelper.java:1368)
	at com.kms.katalon.core.webui.keyword.internal.WebUIAbstractKeyword.findWebElement(WebUIAbstractKeyword.groovy:27)
	at com.kms.katalon.core.webui.keyword.internal.WebUIAbstractKeyword.findWebElement(WebUIAbstractKeyword.groovy:26)
	at com.kms.katalon.core.webui.keyword.builtin.ClickKeyword$_click_closure1.doCall(ClickKeyword.groovy:66)
	at com.kms.katalon.core.webui.keyword.builtin.ClickKeyword$_click_closure1.call(ClickKeyword.groovy)
	at com.kms.katalon.core.webui.keyword.internal.WebUIKeywordMain.runKeyword(WebUIKeywordMain.groovy:20)
	at com.kms.katalon.core.webui.keyword.builtin.ClickKeyword.click(ClickKeyword.groovy:75)
	at com.kms.katalon.core.webui.keyword.builtin.ClickKeyword.execute(ClickKeyword.groovy:42)
	at com.kms.katalon.core.keyword.internal.KeywordExecutor.executeKeywordForPlatform(KeywordExecutor.groovy:73)
	at com.kms.katalon.core.webui.keyword.WebUiBuiltInKeywords.click(WebUiBuiltInKeywords.groovy:619)
	at com.kms.katalon.core.webui.keyword.WebUiBuiltInKeywords$click$3.call(Unknown Source)
	at Script1621599979569.run(Script1621599979569.groovy:28)
	... 13 more
)

2021-05-29 10:23:08 - [MESSAGE][INFO] - Unable to find the element located by 'By.xpath: //div[@id='multiSelectList']/div/div[2]/div'. Please recheck the objects properties to make sure the desired element is located. 

2021-05-29 10:23:08 - [MESSAGE][WARNING] - [SELF-HEALING] Failed to find element with id 'Object Repository/1712612_Mattermost Object/Page_Invite people to channel - Test 171261_c46106/div_- abc string (string)_more-modal__actio_2ea070'. Try using Self-healing.

2021-05-29 10:23:08 - [MESSAGE][ERROR] - [SELF-HEALING] com.google.gson.stream.MalformedJsonException: Expected ':' at line 75 column 10 path $.brokenTestObjects[7].<<<<<<<

2021-05-29 10:23:08 - [MESSAGE][INFO] - [SELF-HEALING] Failed Locator: '//div[@id='multiSelectList']/div/div[2]/div'.

2021-05-29 10:23:09 - [MESSAGE][INFO] - [SELF-HEALING] Failed Locator: '(.//*[normalize-space(text()) and normalize-space(.)='- abc string (string)'])[1]/following::div[2]'.

2021-05-29 10:23:09 - [MESSAGE][INFO] - [SELF-HEALING] Failed Locator: '(.//*[normalize-space(text()) and normalize-space(.)='- test first name test last name'])[1]/preceding::div[1]'.

2021-05-29 10:23:09 - [MESSAGE][INFO] - [SELF-HEALING] Failed Locator: '//div[2]/div/div/div[2]/div/div[2]/div/div[2]/div/div[2]/div'.

2021-05-29 10:23:10 - [MESSAGE][INFO] - Unable to find the element located by 'By.xpath: id("multiSelectList")/div[@class="more-modal__row clickable more-modal__row--selected"]/div[@class="more-modal__actions"]/div[@class="more-modal__actions--round"]'. Please recheck the objects properties to make sure the desired element is located. 

2021-05-29 10:23:11 - [MESSAGE][INFO] - Unable to find the element located by 'By.cssSelector: div.more-modal__actions--round'. Please recheck the objects properties to make sure the desired element is located. 

2021-05-29 10:23:12 - [MESSAGE][FAILED] - Unable to click on object 'Object Repository/1712612_Mattermost Object/Page_Invite people to channel - Test 171261_c46106/div_- abc string (string)_more-modal__actio_2ea070' (Root cause: com.kms.katalon.core.exception.StepFailedException: Unable to click on object 'Object Repository/1712612_Mattermost Object/Page_Invite people to channel - Test 171261_c46106/div_- abc string (string)_more-modal__actio_2ea070'
	at com.kms.katalon.core.webui.keyword.internal.WebUIKeywordMain.stepFailed(WebUIKeywordMain.groovy:64)
	at com.kms.katalon.core.webui.keyword.internal.WebUIKeywordMain.runKeyword(WebUIKeywordMain.groovy:26)
	at com.kms.katalon.core.webui.keyword.builtin.ClickKeyword.click(ClickKeyword.groovy:75)
	at com.kms.katalon.core.webui.keyword.builtin.ClickKeyword.execute(ClickKeyword.groovy:42)
	at com.kms.katalon.core.keyword.internal.KeywordExecutor.executeKeywordForPlatform(KeywordExecutor.groovy:73)
	at com.kms.katalon.core.webui.keyword.WebUiBuiltInKeywords.click(WebUiBuiltInKeywords.groovy:619)
	at com.kms.katalon.core.webui.keyword.WebUiBuiltInKeywords$click$3.call(Unknown Source)
	at TC19_InvitePeopleToChannel.run(TC19_InvitePeopleToChannel:28)
	at com.kms.katalon.core.main.ScriptEngine.run(ScriptEngine.java:194)
	at com.kms.katalon.core.main.ScriptEngine.runScriptAsRawText(ScriptEngine.java:119)
	at com.kms.katalon.core.main.TestCaseExecutor.runScript(TestCaseExecutor.java:398)
	at com.kms.katalon.core.main.TestCaseExecutor.doExecute(TestCaseExecutor.java:389)
	at com.kms.katalon.core.main.TestCaseExecutor.processExecutionPhase(TestCaseExecutor.java:368)
	at com.kms.katalon.core.main.TestCaseExecutor.accessMainPhase(TestCaseExecutor.java:360)
	at com.kms.katalon.core.main.TestCaseExecutor.execute(TestCaseExecutor.java:255)
	at com.kms.katalon.core.main.TestSuiteExecutor.accessTestCaseMainPhase(TestSuiteExecutor.java:203)
	at com.kms.katalon.core.main.TestSuiteExecutor.accessTestSuiteMainPhase(TestSuiteExecutor.java:152)
	at com.kms.katalon.core.main.TestSuiteExecutor.execute(TestSuiteExecutor.java:95)
	at com.kms.katalon.core.main.TestCaseMain.startTestSuite(TestCaseMain.java:157)
	at com.kms.katalon.core.main.TestCaseMain$startTestSuite$0.call(Unknown Source)
	at TempTestSuite1622257361884.run(TempTestSuite1622257361884.groovy:39)
Caused by: com.kms.katalon.core.webui.exception.WebElementNotFoundException: Web element with id: 'Object Repository/1712612_Mattermost Object/Page_Invite people to channel - Test 171261_c46106/div_- abc string (string)_more-modal__actio_2ea070' located by '//div[@id='multiSelectList']/div/div[2]/div' not found
	at com.kms.katalon.core.webui.common.WebUiCommonHelper.findWebElement(WebUiCommonHelper.java:1368)
	at com.kms.katalon.core.webui.keyword.internal.WebUIAbstractKeyword.findWebElement(WebUIAbstractKeyword.groovy:27)
	at com.kms.katalon.core.webui.keyword.internal.WebUIAbstractKeyword.findWebElement(WebUIAbstractKeyword.groovy:26)
	at com.kms.katalon.core.webui.keyword.builtin.ClickKeyword$_click_closure1.doCall(ClickKeyword.groovy:66)
	at com.kms.katalon.core.webui.keyword.builtin.ClickKeyword$_click_closure1.call(ClickKeyword.groovy)
	at com.kms.katalon.core.webui.keyword.internal.WebUIKeywordMain.runKeyword(WebUIKeywordMain.groovy:20)
	at com.kms.katalon.core.webui.keyword.builtin.ClickKeyword.click(ClickKeyword.groovy:75)
	at com.kms.katalon.core.webui.keyword.builtin.ClickKeyword.execute(ClickKeyword.groovy:42)
	at com.kms.katalon.core.keyword.internal.KeywordExecutor.executeKeywordForPlatform(KeywordExecutor.groovy:73)
	at com.kms.katalon.core.webui.keyword.WebUiBuiltInKeywords.click(WebUiBuiltInKeywords.groovy:619)
	at com.kms.katalon.core.webui.keyword.WebUiBuiltInKeywords$click$3.call(Unknown Source)
	at Script1621599979569.run(Script1621599979569.groovy:28)
	... 13 more
)
[[ATTACHMENT|E:\\Tai lieu hoc\\Nam 7\\HK2\\New Topics\\Homework 2\\New folder\\Mattermost_Autotesting\\Reports\\20210529_100241\\1412263\\Run_All_Test_Cases\\20210529_100241\\1622258591913.png]]]]></system-out>
         <system-err><![CDATA[2021-05-29 10:22:06 - [TEST_CASE][FAILED] - Test Cases/1712612/TC19_InvitePeopleToChannel: Test Cases/1712612/TC19_InvitePeopleToChannel FAILED.
Reason:
com.kms.katalon.core.exception.StepFailedException: Unable to click on object 'Object Repository/1712612_Mattermost Object/Page_Invite people to channel - Test 171261_c46106/div_- abc string (string)_more-modal__actio_2ea070'
	at com.kms.katalon.core.webui.keyword.internal.WebUIKeywordMain.stepFailed(WebUIKeywordMain.groovy:64)
	at com.kms.katalon.core.webui.keyword.internal.WebUIKeywordMain.runKeyword(WebUIKeywordMain.groovy:26)
	at com.kms.katalon.core.webui.keyword.builtin.ClickKeyword.click(ClickKeyword.groovy:75)
	at com.kms.katalon.core.webui.keyword.builtin.ClickKeyword.execute(ClickKeyword.groovy:42)
	at com.kms.katalon.core.keyword.internal.KeywordExecutor.executeKeywordForPlatform(KeywordExecutor.groovy:73)
	at com.kms.katalon.core.webui.keyword.WebUiBuiltInKeywords.click(WebUiBuiltInKeywords.groovy:619)
	at com.kms.katalon.core.webui.keyword.WebUiBuiltInKeywords$click$3.call(Unknown Source)
	at TC19_InvitePeopleToChannel.run(TC19_InvitePeopleToChannel:28)
	at com.kms.katalon.core.main.ScriptEngine.run(ScriptEngine.java:194)
	at com.kms.katalon.core.main.ScriptEngine.runScriptAsRawText(ScriptEngine.java:119)
	at com.kms.katalon.core.main.TestCaseExecutor.runScript(TestCaseExecutor.java:398)
	at com.kms.katalon.core.main.TestCaseExecutor.doExecute(TestCaseExecutor.java:389)
	at com.kms.katalon.core.main.TestCaseExecutor.processExecutionPhase(TestCaseExecutor.java:368)
	at com.kms.katalon.core.main.TestCaseExecutor.accessMainPhase(TestCaseExecutor.java:360)
	at com.kms.katalon.core.main.TestCaseExecutor.execute(TestCaseExecutor.java:255)
	at com.kms.katalon.core.main.TestSuiteExecutor.accessTestCaseMainPhase(TestSuiteExecutor.java:203)
	at com.kms.katalon.core.main.TestSuiteExecutor.accessTestSuiteMainPhase(TestSuiteExecutor.java:152)
	at com.kms.katalon.core.main.TestSuiteExecutor.execute(TestSuiteExecutor.java:95)
	at com.kms.katalon.core.main.TestCaseMain.startTestSuite(TestCaseMain.java:157)
	at com.kms.katalon.core.main.TestCaseMain$startTestSuite$0.call(Unknown Source)
	at TempTestSuite1622257361884.run(TempTestSuite1622257361884.groovy:39)
Caused by: com.kms.katalon.core.webui.exception.WebElementNotFoundException: Web element with id: 'Object Repository/1712612_Mattermost Object/Page_Invite people to channel - Test 171261_c46106/div_- abc string (string)_more-modal__actio_2ea070' located by '//div[@id='multiSelectList']/div/div[2]/div' not found
	at com.kms.katalon.core.webui.common.WebUiCommonHelper.findWebElement(WebUiCommonHelper.java:1368)
	at com.kms.katalon.core.webui.keyword.internal.WebUIAbstractKeyword.findWebElement(WebUIAbstractKeyword.groovy:27)
	at com.kms.katalon.core.webui.keyword.internal.WebUIAbstractKeyword.findWebElement(WebUIAbstractKeyword.groovy:26)
	at com.kms.katalon.core.webui.keyword.builtin.ClickKeyword$_click_closure1.doCall(ClickKeyword.groovy:66)
	at com.kms.katalon.core.webui.keyword.builtin.ClickKeyword$_click_closure1.call(ClickKeyword.groovy)
	at com.kms.katalon.core.webui.keyword.internal.WebUIKeywordMain.runKeyword(WebUIKeywordMain.groovy:20)
	... 19 more]]></system-err>
      </testcase>
      <testcase name="Test Cases/1712612/TC20_Update_channel_purpose" time="34.724" classname="Test Cases/1712612/TC20_Update_channel_purpose" status="PASSED">
         <system-out><![CDATA[2021-05-29 10:23:12 - [TEST_CASE][PASSED] - Test Cases/1712612/TC20_Update_channel_purpose: Test Cases/1712612/TC20_Update_channel_purpose

2021-05-29 10:23:13 - [TEST_STEP][PASSED] - callTestCase(findTestCase("1712612/CommonTC/TC_OpenPage"), [:], STOP_ON_FAILURE): Call Test Case 'Test Cases/1712612/CommonTC/TC_OpenPage' successfully

2021-05-29 10:23:13 - [TEST_CASE][PASSED] - Test Cases/1712612/CommonTC/TC_OpenPage: Test Cases/1712612/CommonTC/TC_OpenPage

2021-05-29 10:23:13 - [TEST_STEP][PASSED] - openBrowser(""): Browser is opened with url: ''

2021-05-29 10:23:13 - [MESSAGE][WARNING] - A browser is already opened. Closing browser and opening a new one

2021-05-29 10:23:16 - [MESSAGE][INFO] - Starting 'Chrome' driver

2021-05-29 10:23:16 - [MESSAGE][INFO] - Action delay is set to 0 milliseconds

2021-05-29 10:23:19 - [MESSAGE][PASSED] - Browser is opened with url: ''

2021-05-29 10:23:19 - [TEST_STEP][PASSED] - navigateToUrl("https://mattermostwebapp.herokuapp.com/login"): Navigate to 'https://mattermostwebapp.herokuapp.com/login' successfully

2021-05-29 10:23:24 - [MESSAGE][PASSED] - Navigate to 'https://mattermostwebapp.herokuapp.com/login' successfully

2021-05-29 10:23:24 - [MESSAGE][PASSED] - Call Test Case 'Test Cases/1712612/CommonTC/TC_OpenPage' successfully

2021-05-29 10:23:24 - [TEST_STEP][PASSED] - callTestCase(findTestCase("1712612/CommonTC/TC_Login"), [:], STOP_ON_FAILURE): Call Test Case 'Test Cases/1712612/CommonTC/TC_Login' successfully

2021-05-29 10:23:24 - [TEST_CASE][PASSED] - Test Cases/1712612/CommonTC/TC_Login: Test Cases/1712612/CommonTC/TC_Login

2021-05-29 10:23:24 - [TEST_STEP][PASSED] - verifyElementVisible(findTestObject("Object Repository/1712612_Mattermost Object/Page_Mattermost/input_login_username"), STOP_ON_FAILURE): Object 'Object Repository/1712612_Mattermost Object/Page_Mattermost/input_login_username' is visible

2021-05-29 10:23:28 - [MESSAGE][PASSED] - Object 'Object Repository/1712612_Mattermost Object/Page_Mattermost/input_login_username' is visible

2021-05-29 10:23:28 - [TEST_STEP][PASSED] - verifyElementVisible(findTestObject("Object Repository/1712612_Mattermost Object/Page_Mattermost/input_login_password"), STOP_ON_FAILURE): Object 'Object Repository/1712612_Mattermost Object/Page_Mattermost/input_login_password' is visible

2021-05-29 10:23:29 - [MESSAGE][PASSED] - Object 'Object Repository/1712612_Mattermost Object/Page_Mattermost/input_login_password' is visible

2021-05-29 10:23:29 - [TEST_STEP][PASSED] - setText(findTestObject("Object Repository/1712612_Mattermost Object/Page_Mattermost/input_login_username"), "nghi_tran"): Text 'nghi_tran' is set on object 'Object Repository/1712612_Mattermost Object/Page_Mattermost/input_login_username'

2021-05-29 10:23:30 - [MESSAGE][PASSED] - Text 'nghi_tran' is set on object 'Object Repository/1712612_Mattermost Object/Page_Mattermost/input_login_username'

2021-05-29 10:23:30 - [TEST_STEP][PASSED] - setEncryptedText(findTestObject("Object Repository/1712612_Mattermost Object/Page_Mattermost/input_login_password"), "KBlHou+hFmnFUOUwxwboiw=="): Text ****** has been set on object 'Object Repository/1712612_Mattermost Object/Page_Mattermost/input_login_password'

2021-05-29 10:23:30 - [MESSAGE][PASSED] - Text ****** has been set on object 'Object Repository/1712612_Mattermost Object/Page_Mattermost/input_login_password'

2021-05-29 10:23:30 - [TEST_STEP][PASSED] - click(findTestObject("Object Repository/1712612_Mattermost Object/Page_Mattermost/button_Sign in")): Object: 'Object Repository/1712612_Mattermost Object/Page_Mattermost/button_Sign in' is clicked on

2021-05-29 10:23:31 - [MESSAGE][PASSED] - Object: 'Object Repository/1712612_Mattermost Object/Page_Mattermost/button_Sign in' is clicked on

2021-05-29 10:23:31 - [TEST_STEP][PASSED] - verifyElementVisible(findTestObject("Object Repository/1712612_Mattermost Object/Page_Town Square - another Mattermost/img__Avatar Avatar-lg"), STOP_ON_FAILURE): Object 'Object Repository/1712612_Mattermost Object/Page_Town Square - another Mattermost/img__Avatar Avatar-lg' is visible

2021-05-29 10:23:36 - [MESSAGE][PASSED] - Object 'Object Repository/1712612_Mattermost Object/Page_Town Square - another Mattermost/img__Avatar Avatar-lg' is visible

2021-05-29 10:23:36 - [MESSAGE][PASSED] - Call Test Case 'Test Cases/1712612/CommonTC/TC_Login' successfully

2021-05-29 10:23:36 - [TEST_STEP][PASSED] - navigateToUrl("https://mattermostwebapp.herokuapp.com/test-1712612/channels/update-channel-purpose"): Navigate to 'https://mattermostwebapp.herokuapp.com/test-1712612/channels/update-channel-purpose' successfully

2021-05-29 10:23:36 - [MESSAGE][PASSED] - Navigate to 'https://mattermostwebapp.herokuapp.com/test-1712612/channels/update-channel-purpose' successfully

2021-05-29 10:23:36 - [TEST_STEP][PASSED] - click(findTestObject("Object Repository/1712612_Mattermost Object/Page_Update channel purpose - Test 1712612 _81d6bc/button_Update channel purpose")): Object: 'Object Repository/1712612_Mattermost Object/Page_Update channel purpose - Test 1712612 _81d6bc/button_Update channel purpose' is clicked on

2021-05-29 10:23:40 - [MESSAGE][PASSED] - Object: 'Object Repository/1712612_Mattermost Object/Page_Update channel purpose - Test 1712612 _81d6bc/button_Update channel purpose' is clicked on

2021-05-29 10:23:40 - [TEST_STEP][PASSED] - click(findTestObject("Object Repository/1712612_Mattermost Object/Page_Update channel purpose - Test 1712612 _81d6bc/button_Edit Channel Purpose")): Object: 'Object Repository/1712612_Mattermost Object/Page_Update channel purpose - Test 1712612 _81d6bc/button_Edit Channel Purpose' is clicked on

2021-05-29 10:23:41 - [MESSAGE][PASSED] - Object: 'Object Repository/1712612_Mattermost Object/Page_Update channel purpose - Test 1712612 _81d6bc/button_Edit Channel Purpose' is clicked on

2021-05-29 10:23:41 - [TEST_STEP][PASSED] - click(findTestObject("Object Repository/1712612_Mattermost Object/Page_Update channel purpose - Test 1712612 _81d6bc/div_CloseEdit Purpose for Update channel pu_f30fff")): Object: 'Object Repository/1712612_Mattermost Object/Page_Update channel purpose - Test 1712612 _81d6bc/div_CloseEdit Purpose for Update channel pu_f30fff' is clicked on

2021-05-29 10:23:41 - [MESSAGE][PASSED] - Object: 'Object Repository/1712612_Mattermost Object/Page_Update channel purpose - Test 1712612 _81d6bc/div_CloseEdit Purpose for Update channel pu_f30fff' is clicked on

2021-05-29 10:23:41 - [TEST_STEP][PASSED] - setText(findTestObject("Object Repository/1712612_Mattermost Object/Page_Update channel purpose - Test 1712612 _81d6bc/textarea_This is update channel purpose"), "This is update channel purpose."): Text 'This is update channel purpose.' is set on object 'Object Repository/1712612_Mattermost Object/Page_Update channel purpose - Test 1712612 _81d6bc/textarea_This is update channel purpose'

2021-05-29 10:23:42 - [MESSAGE][PASSED] - Text 'This is update channel purpose.' is set on object 'Object Repository/1712612_Mattermost Object/Page_Update channel purpose - Test 1712612 _81d6bc/textarea_This is update channel purpose'

2021-05-29 10:23:42 - [TEST_STEP][PASSED] - click(findTestObject("Object Repository/1712612_Mattermost Object/Page_Update channel purpose - Test 1712612 _81d6bc/button_Save")): Object: 'Object Repository/1712612_Mattermost Object/Page_Update channel purpose - Test 1712612 _81d6bc/button_Save' is clicked on

2021-05-29 10:23:43 - [MESSAGE][PASSED] - Object: 'Object Repository/1712612_Mattermost Object/Page_Update channel purpose - Test 1712612 _81d6bc/button_Save' is clicked on

2021-05-29 10:23:43 - [TEST_STEP][PASSED] - click(findTestObject("Object Repository/1712612_Mattermost Object/Page_Update channel purpose - Test 1712612 _81d6bc/button_Update channel purpose")): Object: 'Object Repository/1712612_Mattermost Object/Page_Update channel purpose - Test 1712612 _81d6bc/button_Update channel purpose' is clicked on

2021-05-29 10:23:44 - [MESSAGE][PASSED] - Object: 'Object Repository/1712612_Mattermost Object/Page_Update channel purpose - Test 1712612 _81d6bc/button_Update channel purpose' is clicked on

2021-05-29 10:23:44 - [TEST_STEP][PASSED] - click(findTestObject("Object Repository/1712612_Mattermost Object/Page_Update channel purpose - Test 1712612 _81d6bc/button_View Info")): Object: 'Object Repository/1712612_Mattermost Object/Page_Update channel purpose - Test 1712612 _81d6bc/button_View Info' is clicked on

2021-05-29 10:23:45 - [MESSAGE][PASSED] - Object: 'Object Repository/1712612_Mattermost Object/Page_Update channel purpose - Test 1712612 _81d6bc/button_View Info' is clicked on

2021-05-29 10:23:45 - [TEST_STEP][PASSED] - verifyTextPresent("This is update channel purpose.", false): Text 'This is update channel purpose.' is present on page 

2021-05-29 10:23:45 - [MESSAGE][PASSED] - Text 'This is update channel purpose.' is present on page 

2021-05-29 10:23:45 - [TEST_STEP][PASSED] - closeBrowser(): Browser is closed

2021-05-29 10:23:46 - [MESSAGE][PASSED] - Browser is closed]]></system-out>
         <system-err><![CDATA[]]></system-err>
      </testcase>
      <system-out><![CDATA[2021-05-29 10:02:50 - [TEST_SUITE][FAILED] - Run_All_Test_Cases: Test Cases/1712666/TC11_CreateATeam FAILED.
Reason:
com.kms.katalon.core.exception.StepFailedException: Unable to verify object 'Object Repository/Page_Town Square - abc Mattermost/label_A team with that name already exists' is not present
	at com.kms.katalon.core.webui.keyword.internal.WebUIKeywordMain.stepFailed(WebUIKeywordMain.groovy:64)
	at com.kms.katalon.core.webui.keyword.internal.WebUIKeywordMain.runKeyword(WebUIKeywordMain.groovy:26)
	at com.kms.katalon.core.webui.keyword.internal.WebUIKeywordMain$runKeyword.call(Unknown Source)
	at com.kms.katalon.core.webui.keyword.builtin.VerifyElementNotPresentKeyword.verifyElementNotPresent(VerifyElementNotPresentKeyword.groovy:117)
	at com.kms.katalon.core.webui.keyword.builtin.VerifyElementNotPresentKeyword.execute(VerifyElementNotPresentKeyword.groovy:68)
	at com.kms.katalon.core.keyword.internal.KeywordExecutor.executeKeywordForPlatform(KeywordExecutor.groovy:73)
	at com.kms.katalon.core.webui.keyword.WebUiBuiltInKeywords.verifyElementNotPresent(WebUiBuiltInKeywords.groovy:1496)
	at com.kms.katalon.core.webui.keyword.WebUiBuiltInKeywords$verifyElementNotPresent$6.call(Unknown Source)
	at TC11_CreateATeam.run(TC11_CreateATeam:38)
	at com.kms.katalon.core.main.ScriptEngine.run(ScriptEngine.java:194)
	at com.kms.katalon.core.main.ScriptEngine.runScriptAsRawText(ScriptEngine.java:119)
	at com.kms.katalon.core.main.TestCaseExecutor.runScript(TestCaseExecutor.java:398)
	at com.kms.katalon.core.main.TestCaseExecutor.doExecute(TestCaseExecutor.java:389)
	at com.kms.katalon.core.main.TestCaseExecutor.processExecutionPhase(TestCaseExecutor.java:368)
	at com.kms.katalon.core.main.TestCaseExecutor.accessMainPhase(TestCaseExecutor.java:360)
	at com.kms.katalon.core.main.TestCaseExecutor.execute(TestCaseExecutor.java:255)
	at com.kms.katalon.core.main.TestSuiteExecutor.accessTestCaseMainPhase(TestSuiteExecutor.java:203)
	at com.kms.katalon.core.main.TestSuiteExecutor.accessTestSuiteMainPhase(TestSuiteExecutor.java:152)
	at com.kms.katalon.core.main.TestSuiteExecutor.execute(TestSuiteExecutor.java:95)
	at com.kms.katalon.core.main.TestCaseMain.startTestSuite(TestCaseMain.java:157)
	at com.kms.katalon.core.main.TestCaseMain$startTestSuite$0.call(Unknown Source)
	at TempTestSuite1622257361884.run(TempTestSuite1622257361884.groovy:39)
Caused by: com.kms.katalon.core.exception.StepFailedException: Web element with id: 'Object Repository/Page_Town Square - abc Mattermost/label_A team with that name already exists' located by 'By.xpath: //div[@id='root']/div/div/div/div[3]/div/div/div/form/div/label' is present after '5' second(s)
	at com.kms.katalon.core.webui.keyword.internal.WebUIKeywordMain.stepFailed(WebUIKeywordMain.groovy:64)
	at com.kms.katalon.core.webui.keyword.internal.WebUIKeywordMain$stepFailed$0.call(Unknown Source)
	at com.kms.katalon.core.webui.keyword.builtin.VerifyElementNotPresentKeyword$_verifyElementNotPresent_closure1.doCall(VerifyElementNotPresentKeyword.groovy:106)
	at com.kms.katalon.core.webui.keyword.builtin.VerifyElementNotPresentKeyword$_verifyElementNotPresent_closure1.doCall(VerifyElementNotPresentKeyword.groovy)
	at com.kms.katalon.core.webui.keyword.internal.WebUIKeywordMain.runKeyword(WebUIKeywordMain.groovy:20)
	... 20 more]]></system-out>
      <system-err><![CDATA[2021-05-29 10:02:50 - [TEST_SUITE][FAILED] - Run_All_Test_Cases: Test Cases/1712666/TC11_CreateATeam FAILED.
Reason:
com.kms.katalon.core.exception.StepFailedException: Unable to verify object 'Object Repository/Page_Town Square - abc Mattermost/label_A team with that name already exists' is not present
	at com.kms.katalon.core.webui.keyword.internal.WebUIKeywordMain.stepFailed(WebUIKeywordMain.groovy:64)
	at com.kms.katalon.core.webui.keyword.internal.WebUIKeywordMain.runKeyword(WebUIKeywordMain.groovy:26)
	at com.kms.katalon.core.webui.keyword.internal.WebUIKeywordMain$runKeyword.call(Unknown Source)
	at com.kms.katalon.core.webui.keyword.builtin.VerifyElementNotPresentKeyword.verifyElementNotPresent(VerifyElementNotPresentKeyword.groovy:117)
	at com.kms.katalon.core.webui.keyword.builtin.VerifyElementNotPresentKeyword.execute(VerifyElementNotPresentKeyword.groovy:68)
	at com.kms.katalon.core.keyword.internal.KeywordExecutor.executeKeywordForPlatform(KeywordExecutor.groovy:73)
	at com.kms.katalon.core.webui.keyword.WebUiBuiltInKeywords.verifyElementNotPresent(WebUiBuiltInKeywords.groovy:1496)
	at com.kms.katalon.core.webui.keyword.WebUiBuiltInKeywords$verifyElementNotPresent$6.call(Unknown Source)
	at TC11_CreateATeam.run(TC11_CreateATeam:38)
	at com.kms.katalon.core.main.ScriptEngine.run(ScriptEngine.java:194)
	at com.kms.katalon.core.main.ScriptEngine.runScriptAsRawText(ScriptEngine.java:119)
	at com.kms.katalon.core.main.TestCaseExecutor.runScript(TestCaseExecutor.java:398)
	at com.kms.katalon.core.main.TestCaseExecutor.doExecute(TestCaseExecutor.java:389)
	at com.kms.katalon.core.main.TestCaseExecutor.processExecutionPhase(TestCaseExecutor.java:368)
	at com.kms.katalon.core.main.TestCaseExecutor.accessMainPhase(TestCaseExecutor.java:360)
	at com.kms.katalon.core.main.TestCaseExecutor.execute(TestCaseExecutor.java:255)
	at com.kms.katalon.core.main.TestSuiteExecutor.accessTestCaseMainPhase(TestSuiteExecutor.java:203)
	at com.kms.katalon.core.main.TestSuiteExecutor.accessTestSuiteMainPhase(TestSuiteExecutor.java:152)
	at com.kms.katalon.core.main.TestSuiteExecutor.execute(TestSuiteExecutor.java:95)
	at com.kms.katalon.core.main.TestCaseMain.startTestSuite(TestCaseMain.java:157)
	at com.kms.katalon.core.main.TestCaseMain$startTestSuite$0.call(Unknown Source)
	at TempTestSuite1622257361884.run(TempTestSuite1622257361884.groovy:39)
Caused by: com.kms.katalon.core.exception.StepFailedException: Web element with id: 'Object Repository/Page_Town Square - abc Mattermost/label_A team with that name already exists' located by 'By.xpath: //div[@id='root']/div/div/div/div[3]/div/div/div/form/div/label' is present after '5' second(s)
	at com.kms.katalon.core.webui.keyword.internal.WebUIKeywordMain.stepFailed(WebUIKeywordMain.groovy:64)
	at com.kms.katalon.core.webui.keyword.internal.WebUIKeywordMain$stepFailed$0.call(Unknown Source)
	at com.kms.katalon.core.webui.keyword.builtin.VerifyElementNotPresentKeyword$_verifyElementNotPresent_closure1.doCall(VerifyElementNotPresentKeyword.groovy:106)
	at com.kms.katalon.core.webui.keyword.builtin.VerifyElementNotPresentKeyword$_verifyElementNotPresent_closure1.doCall(VerifyElementNotPresentKeyword.groovy)
	at com.kms.katalon.core.webui.keyword.internal.WebUIKeywordMain.runKeyword(WebUIKeywordMain.groovy:20)
	... 20 more]]></system-err>
   </testsuite>
</testsuites>
