<?xml version="1.0" encoding="UTF-8"?>
<testsuites name="Run all test cases" time="1351.485" tests="56" failures="4" errors="2">
   <testsuite name="Run all test cases" tests="56" failures="4" errors="2" time="1351.485" skipped="0" timestamp="2021-05-29 12:35:41" hostname="BaoChau - LAPTOP-4BGN0MAP" id="Test Suites/1612049/Run all test cases">
      <properties>
         <property name="deviceName" value=""/>
         <property name="devicePlatform" value=""/>
         <property name="logFolder" value="C:\\Users\\Bao Chau\\Katalon Studio\\Mattermost_AutoTesting\\Reports\\20210529_123529\\1612049\\Run all test cases\\20210529_123529"/>
         <property name="logFiles" value="C:\\Users\\Bao Chau\\Katalon Studio\\Mattermost_AutoTesting\\Reports\\20210529_123529\\1612049\\Run all test cases\\20210529_123529\\execution0.log"/>
         <property name="attachments" value="C:\\Users\\Bao Chau\\Katalon Studio\\Mattermost_AutoTesting\\Reports\\20210529_123529\\1612049\\Run all test cases\\20210529_123529\\1622267013341.png, C:\\Users\\Bao Chau\\Katalon Studio\\Mattermost_AutoTesting\\Reports\\20210529_123529\\1612049\\Run all test cases\\20210529_123529\\1622267013466.png, C:\\Users\\Bao Chau\\Katalon Studio\\Mattermost_AutoTesting\\Reports\\20210529_123529\\1612049\\Run all test cases\\20210529_123529\\1622267099985.png, C:\\Users\\Bao Chau\\Katalon Studio\\Mattermost_AutoTesting\\Reports\\20210529_123529\\1612049\\Run all test cases\\20210529_123529\\1622267100094.png, C:\\Users\\Bao Chau\\Katalon Studio\\Mattermost_AutoTesting\\Reports\\20210529_123529\\1612049\\Run all test cases\\20210529_123529\\1622267685085.png, C:\\Users\\Bao Chau\\Katalon Studio\\Mattermost_AutoTesting\\Reports\\20210529_123529\\1612049\\Run all test cases\\20210529_123529\\1622267738696.png"/>
         <property name="hostName" value="BaoChau - LAPTOP-4BGN0MAP"/>
         <property name="os" value="Windows 10 64bit"/>
         <property name="katalonVersion" value="8.0.1.208"/>
         <property name="browser" value="Chrome 90.0.4430.212"/>
         <property name="hostAddress" value="169.254.181.242"/>
         <property name="sessionId" value="d665e5bbdcecbea9fb2f495b385add89"/>
         <property name="seleniumVersion" value="3.141.59"/>
         <property name="proxyInformation" value="ProxyInformation { proxyOption=NO_PROXY, proxyServerType=HTTP, username=, password=********, proxyServerAddress=, proxyServerPort=0, executionList=&quot;&quot;, isApplyToDesiredCapabilities=true }"/>
         <property name="platform" value="Windows 10"/>
      </properties>
      <testcase name="Test Cases/1412263/TC01_Login" time="30.787" classname="Test Cases/1412263/TC01_Login" status="PASSED">
         <system-out><![CDATA[2021-05-29 12:35:42 - [TEST_CASE][PASSED] - Test Cases/1412263/TC01_Login: Test Cases/1412263/TC01_Login

2021-05-29 12:35:43 - [TEST_STEP][PASSED] - openBrowser(""): Browser is opened with url: ''

2021-05-29 12:35:43 - [MESSAGE][INFO] - Starting 'Chrome' driver

2021-05-29 12:35:43 - [MESSAGE][INFO] - Action delay is set to 0 milliseconds

2021-05-29 12:35:45 - [MESSAGE][PASSED] - Browser is opened with url: ''

2021-05-29 12:35:45 - [TEST_STEP][PASSED] - navigateToUrl("http://mattermostwebapp.herokuapp.com/"): Navigate to 'http://mattermostwebapp.herokuapp.com/' successfully

2021-05-29 12:35:48 - [MESSAGE][PASSED] - Navigate to 'http://mattermostwebapp.herokuapp.com/' successfully

2021-05-29 12:35:48 - [TEST_STEP][PASSED] - for ([rowNum = 1, rowNum <= 5, (rowNum++)]): null

2021-05-29 12:35:48 - [TEST_STEP][PASSED] - setText(findTestObject("1412263_Page_Mattermost/input_All team communication in one place, _dcc84b"), findTestData("1412263/Data TC1 Login").getValue(1, rowNum)): Text 'huykhoi263' is set on object 'Object Repository/1412263_Page_Mattermost/input_All team communication in one place, _dcc84b'

2021-05-29 12:35:54 - [MESSAGE][PASSED] - Text 'huykhoi263' is set on object 'Object Repository/1412263_Page_Mattermost/input_All team communication in one place, _dcc84b'

2021-05-29 12:35:54 - [TEST_STEP][PASSED] - setEncryptedText(findTestObject("1412263_Page_Mattermost/input_All team communication in one place, _a3edc6"), findTestData("1412263/Data TC1 Login").getValue(2, rowNum)): Text ****** has been set on object 'Object Repository/1412263_Page_Mattermost/input_All team communication in one place, _a3edc6'

2021-05-29 12:35:54 - [MESSAGE][PASSED] - Text ****** has been set on object 'Object Repository/1412263_Page_Mattermost/input_All team communication in one place, _a3edc6'

2021-05-29 12:35:54 - [TEST_STEP][PASSED] - click(findTestObject("1412263_Page_Mattermost/button_Sign in")): Object: 'Object Repository/1412263_Page_Mattermost/button_Sign in' is clicked on

2021-05-29 12:35:55 - [MESSAGE][PASSED] - Object: 'Object Repository/1412263_Page_Mattermost/button_Sign in' is clicked on

2021-05-29 12:35:55 - [TEST_STEP][PASSED] - Thread.sleep(2000): null

2021-05-29 12:35:57 - [TEST_STEP][PASSED] - setText(findTestObject("1412263_Page_Mattermost/input_All team communication in one place, _dcc84b"), findTestData("1412263/Data TC1 Login").getValue(1, rowNum)): Text 'huykhoi' is set on object 'Object Repository/1412263_Page_Mattermost/input_All team communication in one place, _dcc84b'

2021-05-29 12:35:58 - [MESSAGE][PASSED] - Text 'huykhoi' is set on object 'Object Repository/1412263_Page_Mattermost/input_All team communication in one place, _dcc84b'

2021-05-29 12:35:58 - [TEST_STEP][PASSED] - setEncryptedText(findTestObject("1412263_Page_Mattermost/input_All team communication in one place, _a3edc6"), findTestData("1412263/Data TC1 Login").getValue(2, rowNum)): Text ****** has been set on object 'Object Repository/1412263_Page_Mattermost/input_All team communication in one place, _a3edc6'

2021-05-29 12:35:58 - [MESSAGE][PASSED] - Text ****** has been set on object 'Object Repository/1412263_Page_Mattermost/input_All team communication in one place, _a3edc6'

2021-05-29 12:35:58 - [TEST_STEP][PASSED] - click(findTestObject("1412263_Page_Mattermost/button_Sign in")): Object: 'Object Repository/1412263_Page_Mattermost/button_Sign in' is clicked on

2021-05-29 12:35:59 - [MESSAGE][PASSED] - Object: 'Object Repository/1412263_Page_Mattermost/button_Sign in' is clicked on

2021-05-29 12:35:59 - [TEST_STEP][PASSED] - Thread.sleep(2000): null

2021-05-29 12:36:01 - [TEST_STEP][PASSED] - setText(findTestObject("1412263_Page_Mattermost/input_All team communication in one place, _dcc84b"), findTestData("1412263/Data TC1 Login").getValue(1, rowNum)): Text 'huykhoi' is set on object 'Object Repository/1412263_Page_Mattermost/input_All team communication in one place, _dcc84b'

2021-05-29 12:36:02 - [MESSAGE][PASSED] - Text 'huykhoi' is set on object 'Object Repository/1412263_Page_Mattermost/input_All team communication in one place, _dcc84b'

2021-05-29 12:36:02 - [TEST_STEP][PASSED] - setEncryptedText(findTestObject("1412263_Page_Mattermost/input_All team communication in one place, _a3edc6"), findTestData("1412263/Data TC1 Login").getValue(2, rowNum)): Text ****** has been set on object 'Object Repository/1412263_Page_Mattermost/input_All team communication in one place, _a3edc6'

2021-05-29 12:36:02 - [MESSAGE][PASSED] - Text ****** has been set on object 'Object Repository/1412263_Page_Mattermost/input_All team communication in one place, _a3edc6'

2021-05-29 12:36:02 - [TEST_STEP][PASSED] - click(findTestObject("1412263_Page_Mattermost/button_Sign in")): Object: 'Object Repository/1412263_Page_Mattermost/button_Sign in' is clicked on

2021-05-29 12:36:03 - [MESSAGE][PASSED] - Object: 'Object Repository/1412263_Page_Mattermost/button_Sign in' is clicked on

2021-05-29 12:36:03 - [TEST_STEP][PASSED] - Thread.sleep(2000): null

2021-05-29 12:36:05 - [TEST_STEP][PASSED] - setText(findTestObject("1412263_Page_Mattermost/input_All team communication in one place, _dcc84b"), findTestData("1412263/Data TC1 Login").getValue(1, rowNum)): Text 'huy' is set on object 'Object Repository/1412263_Page_Mattermost/input_All team communication in one place, _dcc84b'

2021-05-29 12:36:05 - [MESSAGE][PASSED] - Text 'huy' is set on object 'Object Repository/1412263_Page_Mattermost/input_All team communication in one place, _dcc84b'

2021-05-29 12:36:05 - [TEST_STEP][PASSED] - setEncryptedText(findTestObject("1412263_Page_Mattermost/input_All team communication in one place, _a3edc6"), findTestData("1412263/Data TC1 Login").getValue(2, rowNum)): Text ****** has been set on object 'Object Repository/1412263_Page_Mattermost/input_All team communication in one place, _a3edc6'

2021-05-29 12:36:06 - [MESSAGE][PASSED] - Text ****** has been set on object 'Object Repository/1412263_Page_Mattermost/input_All team communication in one place, _a3edc6'

2021-05-29 12:36:06 - [TEST_STEP][PASSED] - click(findTestObject("1412263_Page_Mattermost/button_Sign in")): Object: 'Object Repository/1412263_Page_Mattermost/button_Sign in' is clicked on

2021-05-29 12:36:06 - [MESSAGE][PASSED] - Object: 'Object Repository/1412263_Page_Mattermost/button_Sign in' is clicked on

2021-05-29 12:36:06 - [TEST_STEP][PASSED] - Thread.sleep(2000): null

2021-05-29 12:36:09 - [TEST_STEP][PASSED] - setText(findTestObject("1412263_Page_Mattermost/input_All team communication in one place, _dcc84b"), findTestData("1412263/Data TC1 Login").getValue(1, rowNum)): Text 'huykhoi263' is set on object 'Object Repository/1412263_Page_Mattermost/input_All team communication in one place, _dcc84b'

2021-05-29 12:36:09 - [MESSAGE][PASSED] - Text 'huykhoi263' is set on object 'Object Repository/1412263_Page_Mattermost/input_All team communication in one place, _dcc84b'

2021-05-29 12:36:09 - [TEST_STEP][PASSED] - setEncryptedText(findTestObject("1412263_Page_Mattermost/input_All team communication in one place, _a3edc6"), findTestData("1412263/Data TC1 Login").getValue(2, rowNum)): Text ****** has been set on object 'Object Repository/1412263_Page_Mattermost/input_All team communication in one place, _a3edc6'

2021-05-29 12:36:10 - [MESSAGE][PASSED] - Text ****** has been set on object 'Object Repository/1412263_Page_Mattermost/input_All team communication in one place, _a3edc6'

2021-05-29 12:36:10 - [TEST_STEP][PASSED] - click(findTestObject("1412263_Page_Mattermost/button_Sign in")): Object: 'Object Repository/1412263_Page_Mattermost/button_Sign in' is clicked on

2021-05-29 12:36:10 - [MESSAGE][PASSED] - Object: 'Object Repository/1412263_Page_Mattermost/button_Sign in' is clicked on

2021-05-29 12:36:10 - [TEST_STEP][PASSED] - Thread.sleep(2000): null

2021-05-29 12:36:12 - [TEST_STEP][PASSED] - closeBrowser(): Browser is closed

2021-05-29 12:36:13 - [MESSAGE][PASSED] - Browser is closed]]></system-out>
         <system-err><![CDATA[]]></system-err>
      </testcase>
      <testcase name="Test Cases/1412263/TC02_UpdatePassword" time="46.024" classname="Test Cases/1412263/TC02_UpdatePassword" status="PASSED">
         <system-out><![CDATA[2021-05-29 12:36:13 - [TEST_CASE][PASSED] - Test Cases/1412263/TC02_UpdatePassword: Test Cases/1412263/TC02_UpdatePassword

2021-05-29 12:36:13 - [TEST_STEP][PASSED] - openBrowser(""): Browser is opened with url: ''

2021-05-29 12:36:13 - [MESSAGE][INFO] - Starting 'Chrome' driver

2021-05-29 12:36:13 - [MESSAGE][INFO] - Action delay is set to 0 milliseconds

2021-05-29 12:36:15 - [MESSAGE][PASSED] - Browser is opened with url: ''

2021-05-29 12:36:15 - [TEST_STEP][PASSED] - navigateToUrl("http://mattermostwebapp.herokuapp.com/"): Navigate to 'http://mattermostwebapp.herokuapp.com/' successfully

2021-05-29 12:36:21 - [MESSAGE][PASSED] - Navigate to 'http://mattermostwebapp.herokuapp.com/' successfully

2021-05-29 12:36:21 - [TEST_STEP][PASSED] - setText(findTestObject("1412263_Page_Mattermost/input_All team communication in one place, _dcc84b"), "huykhoi263"): Text 'huykhoi263' is set on object 'Object Repository/1412263_Page_Mattermost/input_All team communication in one place, _dcc84b'

2021-05-29 12:36:28 - [MESSAGE][PASSED] - Text 'huykhoi263' is set on object 'Object Repository/1412263_Page_Mattermost/input_All team communication in one place, _dcc84b'

2021-05-29 12:36:28 - [TEST_STEP][PASSED] - setEncryptedText(findTestObject("1412263_Page_Mattermost/input_All team communication in one place, _a3edc6"), "o1rBehR+FzY2ClyWuSUtzg=="): Text ****** has been set on object 'Object Repository/1412263_Page_Mattermost/input_All team communication in one place, _a3edc6'

2021-05-29 12:36:29 - [MESSAGE][PASSED] - Text ****** has been set on object 'Object Repository/1412263_Page_Mattermost/input_All team communication in one place, _a3edc6'

2021-05-29 12:36:29 - [TEST_STEP][PASSED] - click(findTestObject("1412263_Page_Mattermost/button_Sign in")): Object: 'Object Repository/1412263_Page_Mattermost/button_Sign in' is clicked on

2021-05-29 12:36:29 - [MESSAGE][PASSED] - Object: 'Object Repository/1412263_Page_Mattermost/button_Sign in' is clicked on

2021-05-29 12:36:29 - [TEST_STEP][PASSED] - click(findTestObject("1412263_Page_Town Square - CNC_Nhom3 Mattermost/span")): Object: 'Object Repository/1412263_Page_Town Square - CNC_Nhom3 Mattermost/span' is clicked on

2021-05-29 12:36:36 - [MESSAGE][PASSED] - Object: 'Object Repository/1412263_Page_Town Square - CNC_Nhom3 Mattermost/span' is clicked on

2021-05-29 12:36:36 - [TEST_STEP][PASSED] - click(findTestObject("1412263_Page_Town Square - CNC_Nhom3 Mattermost/button_Account Settings")): Object: 'Object Repository/1412263_Page_Town Square - CNC_Nhom3 Mattermost/button_Account Settings' is clicked on

2021-05-29 12:36:36 - [MESSAGE][PASSED] - Object: 'Object Repository/1412263_Page_Town Square - CNC_Nhom3 Mattermost/button_Account Settings' is clicked on

2021-05-29 12:36:36 - [TEST_STEP][PASSED] - click(findTestObject("1412263_Page_Town Square - CNC_Nhom3 Mattermost/button_Security")): Object: 'Object Repository/1412263_Page_Town Square - CNC_Nhom3 Mattermost/button_Security' is clicked on

2021-05-29 12:36:37 - [MESSAGE][PASSED] - Object: 'Object Repository/1412263_Page_Town Square - CNC_Nhom3 Mattermost/button_Security' is clicked on

2021-05-29 12:36:37 - [TEST_STEP][PASSED] - for ([i = 1, i <= 5, (i++)]): null

2021-05-29 12:36:37 - [TEST_STEP][PASSED] - click(findTestObject("1412263_Page_Town Square - CNC_Nhom3 Mattermost/span_EditPassword")): Object: 'Object Repository/1412263_Page_Town Square - CNC_Nhom3 Mattermost/span_EditPassword' is clicked on

2021-05-29 12:36:37 - [MESSAGE][PASSED] - Object: 'Object Repository/1412263_Page_Town Square - CNC_Nhom3 Mattermost/span_EditPassword' is clicked on

2021-05-29 12:36:37 - [TEST_STEP][PASSED] - setEncryptedText(findTestObject("1412263_Page_Town Square - CNC_Nhom3 Mattermost/input_Current Password_currentPassword"), findTestData("1412263/Data TC2 UpdatePassword").getValue(1, i)): Text ****** has been set on object 'Object Repository/1412263_Page_Town Square - CNC_Nhom3 Mattermost/input_Current Password_currentPassword'

2021-05-29 12:36:38 - [MESSAGE][PASSED] - Text ****** has been set on object 'Object Repository/1412263_Page_Town Square - CNC_Nhom3 Mattermost/input_Current Password_currentPassword'

2021-05-29 12:36:38 - [TEST_STEP][PASSED] - setEncryptedText(findTestObject("1412263_Page_Town Square - CNC_Nhom3 Mattermost/input_New Password_newPassword"), findTestData("1412263/Data TC2 UpdatePassword").getValue(2, i)): Text ****** has been set on object 'Object Repository/1412263_Page_Town Square - CNC_Nhom3 Mattermost/input_New Password_newPassword'

2021-05-29 12:36:38 - [MESSAGE][PASSED] - Text ****** has been set on object 'Object Repository/1412263_Page_Town Square - CNC_Nhom3 Mattermost/input_New Password_newPassword'

2021-05-29 12:36:38 - [TEST_STEP][PASSED] - setEncryptedText(findTestObject("1412263_Page_Town Square - CNC_Nhom3 Mattermost/input_Retype New Password_confirmPassword"), findTestData("1412263/Data TC2 UpdatePassword").getValue(3, i)): Text ****** has been set on object 'Object Repository/1412263_Page_Town Square - CNC_Nhom3 Mattermost/input_Retype New Password_confirmPassword'

2021-05-29 12:36:39 - [MESSAGE][PASSED] - Text ****** has been set on object 'Object Repository/1412263_Page_Town Square - CNC_Nhom3 Mattermost/input_Retype New Password_confirmPassword'

2021-05-29 12:36:39 - [TEST_STEP][PASSED] - click(findTestObject("1412263_Page_Town Square - CNC_Nhom3 Mattermost/button_Save")): Object: 'Object Repository/1412263_Page_Town Square - CNC_Nhom3 Mattermost/button_Save' is clicked on

2021-05-29 12:36:39 - [MESSAGE][PASSED] - Object: 'Object Repository/1412263_Page_Town Square - CNC_Nhom3 Mattermost/button_Save' is clicked on

2021-05-29 12:36:39 - [TEST_STEP][PASSED] - Thread.sleep(2000): null

2021-05-29 12:36:41 - [TEST_STEP][PASSED] - click(findTestObject("1412263_Page_Town Square - CNC_Nhom3 Mattermost/span_EditPassword")): Object: 'Object Repository/1412263_Page_Town Square - CNC_Nhom3 Mattermost/span_EditPassword' is clicked on

2021-05-29 12:36:42 - [MESSAGE][PASSED] - Object: 'Object Repository/1412263_Page_Town Square - CNC_Nhom3 Mattermost/span_EditPassword' is clicked on

2021-05-29 12:36:42 - [TEST_STEP][PASSED] - setEncryptedText(findTestObject("1412263_Page_Town Square - CNC_Nhom3 Mattermost/input_Current Password_currentPassword"), findTestData("1412263/Data TC2 UpdatePassword").getValue(1, i)): Text ****** has been set on object 'Object Repository/1412263_Page_Town Square - CNC_Nhom3 Mattermost/input_Current Password_currentPassword'

2021-05-29 12:36:42 - [MESSAGE][PASSED] - Text ****** has been set on object 'Object Repository/1412263_Page_Town Square - CNC_Nhom3 Mattermost/input_Current Password_currentPassword'

2021-05-29 12:36:42 - [TEST_STEP][PASSED] - setEncryptedText(findTestObject("1412263_Page_Town Square - CNC_Nhom3 Mattermost/input_New Password_newPassword"), findTestData("1412263/Data TC2 UpdatePassword").getValue(2, i)): Text ****** has been set on object 'Object Repository/1412263_Page_Town Square - CNC_Nhom3 Mattermost/input_New Password_newPassword'

2021-05-29 12:36:43 - [MESSAGE][PASSED] - Text ****** has been set on object 'Object Repository/1412263_Page_Town Square - CNC_Nhom3 Mattermost/input_New Password_newPassword'

2021-05-29 12:36:43 - [TEST_STEP][PASSED] - setEncryptedText(findTestObject("1412263_Page_Town Square - CNC_Nhom3 Mattermost/input_Retype New Password_confirmPassword"), findTestData("1412263/Data TC2 UpdatePassword").getValue(3, i)): Text ****** has been set on object 'Object Repository/1412263_Page_Town Square - CNC_Nhom3 Mattermost/input_Retype New Password_confirmPassword'

2021-05-29 12:36:43 - [MESSAGE][PASSED] - Text ****** has been set on object 'Object Repository/1412263_Page_Town Square - CNC_Nhom3 Mattermost/input_Retype New Password_confirmPassword'

2021-05-29 12:36:43 - [TEST_STEP][PASSED] - click(findTestObject("1412263_Page_Town Square - CNC_Nhom3 Mattermost/button_Save")): Object: 'Object Repository/1412263_Page_Town Square - CNC_Nhom3 Mattermost/button_Save' is clicked on

2021-05-29 12:36:43 - [MESSAGE][PASSED] - Object: 'Object Repository/1412263_Page_Town Square - CNC_Nhom3 Mattermost/button_Save' is clicked on

2021-05-29 12:36:43 - [TEST_STEP][PASSED] - Thread.sleep(2000): null

2021-05-29 12:36:45 - [TEST_STEP][PASSED] - click(findTestObject("1412263_Page_Town Square - CNC_Nhom3 Mattermost/span_EditPassword")): Object: 'Object Repository/1412263_Page_Town Square - CNC_Nhom3 Mattermost/span_EditPassword' is clicked on

2021-05-29 12:36:46 - [MESSAGE][PASSED] - Object: 'Object Repository/1412263_Page_Town Square - CNC_Nhom3 Mattermost/span_EditPassword' is clicked on

2021-05-29 12:36:46 - [TEST_STEP][PASSED] - setEncryptedText(findTestObject("1412263_Page_Town Square - CNC_Nhom3 Mattermost/input_Current Password_currentPassword"), findTestData("1412263/Data TC2 UpdatePassword").getValue(1, i)): Text ****** has been set on object 'Object Repository/1412263_Page_Town Square - CNC_Nhom3 Mattermost/input_Current Password_currentPassword'

2021-05-29 12:36:46 - [MESSAGE][PASSED] - Text ****** has been set on object 'Object Repository/1412263_Page_Town Square - CNC_Nhom3 Mattermost/input_Current Password_currentPassword'

2021-05-29 12:36:46 - [TEST_STEP][PASSED] - setEncryptedText(findTestObject("1412263_Page_Town Square - CNC_Nhom3 Mattermost/input_New Password_newPassword"), findTestData("1412263/Data TC2 UpdatePassword").getValue(2, i)): Text ****** has been set on object 'Object Repository/1412263_Page_Town Square - CNC_Nhom3 Mattermost/input_New Password_newPassword'

2021-05-29 12:36:47 - [MESSAGE][PASSED] - Text ****** has been set on object 'Object Repository/1412263_Page_Town Square - CNC_Nhom3 Mattermost/input_New Password_newPassword'

2021-05-29 12:36:47 - [TEST_STEP][PASSED] - setEncryptedText(findTestObject("1412263_Page_Town Square - CNC_Nhom3 Mattermost/input_Retype New Password_confirmPassword"), findTestData("1412263/Data TC2 UpdatePassword").getValue(3, i)): Text ****** has been set on object 'Object Repository/1412263_Page_Town Square - CNC_Nhom3 Mattermost/input_Retype New Password_confirmPassword'

2021-05-29 12:36:47 - [MESSAGE][PASSED] - Text ****** has been set on object 'Object Repository/1412263_Page_Town Square - CNC_Nhom3 Mattermost/input_Retype New Password_confirmPassword'

2021-05-29 12:36:47 - [TEST_STEP][PASSED] - click(findTestObject("1412263_Page_Town Square - CNC_Nhom3 Mattermost/button_Save")): Object: 'Object Repository/1412263_Page_Town Square - CNC_Nhom3 Mattermost/button_Save' is clicked on

2021-05-29 12:36:48 - [MESSAGE][PASSED] - Object: 'Object Repository/1412263_Page_Town Square - CNC_Nhom3 Mattermost/button_Save' is clicked on

2021-05-29 12:36:48 - [TEST_STEP][PASSED] - Thread.sleep(2000): null

2021-05-29 12:36:50 - [TEST_STEP][PASSED] - click(findTestObject("1412263_Page_Town Square - CNC_Nhom3 Mattermost/span_EditPassword")): Object: 'Object Repository/1412263_Page_Town Square - CNC_Nhom3 Mattermost/span_EditPassword' is clicked on

2021-05-29 12:36:50 - [MESSAGE][PASSED] - Object: 'Object Repository/1412263_Page_Town Square - CNC_Nhom3 Mattermost/span_EditPassword' is clicked on

2021-05-29 12:36:50 - [TEST_STEP][PASSED] - setEncryptedText(findTestObject("1412263_Page_Town Square - CNC_Nhom3 Mattermost/input_Current Password_currentPassword"), findTestData("1412263/Data TC2 UpdatePassword").getValue(1, i)): Text ****** has been set on object 'Object Repository/1412263_Page_Town Square - CNC_Nhom3 Mattermost/input_Current Password_currentPassword'

2021-05-29 12:36:50 - [MESSAGE][PASSED] - Text ****** has been set on object 'Object Repository/1412263_Page_Town Square - CNC_Nhom3 Mattermost/input_Current Password_currentPassword'

2021-05-29 12:36:50 - [TEST_STEP][PASSED] - setEncryptedText(findTestObject("1412263_Page_Town Square - CNC_Nhom3 Mattermost/input_New Password_newPassword"), findTestData("1412263/Data TC2 UpdatePassword").getValue(2, i)): Text ****** has been set on object 'Object Repository/1412263_Page_Town Square - CNC_Nhom3 Mattermost/input_New Password_newPassword'

2021-05-29 12:36:51 - [MESSAGE][PASSED] - Text ****** has been set on object 'Object Repository/1412263_Page_Town Square - CNC_Nhom3 Mattermost/input_New Password_newPassword'

2021-05-29 12:36:51 - [TEST_STEP][PASSED] - setEncryptedText(findTestObject("1412263_Page_Town Square - CNC_Nhom3 Mattermost/input_Retype New Password_confirmPassword"), findTestData("1412263/Data TC2 UpdatePassword").getValue(3, i)): Text ****** has been set on object 'Object Repository/1412263_Page_Town Square - CNC_Nhom3 Mattermost/input_Retype New Password_confirmPassword'

2021-05-29 12:36:51 - [MESSAGE][PASSED] - Text ****** has been set on object 'Object Repository/1412263_Page_Town Square - CNC_Nhom3 Mattermost/input_Retype New Password_confirmPassword'

2021-05-29 12:36:51 - [TEST_STEP][PASSED] - click(findTestObject("1412263_Page_Town Square - CNC_Nhom3 Mattermost/button_Save")): Object: 'Object Repository/1412263_Page_Town Square - CNC_Nhom3 Mattermost/button_Save' is clicked on

2021-05-29 12:36:52 - [MESSAGE][PASSED] - Object: 'Object Repository/1412263_Page_Town Square - CNC_Nhom3 Mattermost/button_Save' is clicked on

2021-05-29 12:36:52 - [TEST_STEP][PASSED] - Thread.sleep(2000): null

2021-05-29 12:36:54 - [TEST_STEP][PASSED] - click(findTestObject("1412263_Page_Town Square - CNC_Nhom3 Mattermost/span_EditPassword")): Object: 'Object Repository/1412263_Page_Town Square - CNC_Nhom3 Mattermost/span_EditPassword' is clicked on

2021-05-29 12:36:54 - [MESSAGE][PASSED] - Object: 'Object Repository/1412263_Page_Town Square - CNC_Nhom3 Mattermost/span_EditPassword' is clicked on

2021-05-29 12:36:54 - [TEST_STEP][PASSED] - setEncryptedText(findTestObject("1412263_Page_Town Square - CNC_Nhom3 Mattermost/input_Current Password_currentPassword"), findTestData("1412263/Data TC2 UpdatePassword").getValue(1, i)): Text ****** has been set on object 'Object Repository/1412263_Page_Town Square - CNC_Nhom3 Mattermost/input_Current Password_currentPassword'

2021-05-29 12:36:55 - [MESSAGE][PASSED] - Text ****** has been set on object 'Object Repository/1412263_Page_Town Square - CNC_Nhom3 Mattermost/input_Current Password_currentPassword'

2021-05-29 12:36:55 - [TEST_STEP][PASSED] - setEncryptedText(findTestObject("1412263_Page_Town Square - CNC_Nhom3 Mattermost/input_New Password_newPassword"), findTestData("1412263/Data TC2 UpdatePassword").getValue(2, i)): Text ****** has been set on object 'Object Repository/1412263_Page_Town Square - CNC_Nhom3 Mattermost/input_New Password_newPassword'

2021-05-29 12:36:55 - [MESSAGE][PASSED] - Text ****** has been set on object 'Object Repository/1412263_Page_Town Square - CNC_Nhom3 Mattermost/input_New Password_newPassword'

2021-05-29 12:36:55 - [TEST_STEP][PASSED] - setEncryptedText(findTestObject("1412263_Page_Town Square - CNC_Nhom3 Mattermost/input_Retype New Password_confirmPassword"), findTestData("1412263/Data TC2 UpdatePassword").getValue(3, i)): Text ****** has been set on object 'Object Repository/1412263_Page_Town Square - CNC_Nhom3 Mattermost/input_Retype New Password_confirmPassword'

2021-05-29 12:36:56 - [MESSAGE][PASSED] - Text ****** has been set on object 'Object Repository/1412263_Page_Town Square - CNC_Nhom3 Mattermost/input_Retype New Password_confirmPassword'

2021-05-29 12:36:56 - [TEST_STEP][PASSED] - click(findTestObject("1412263_Page_Town Square - CNC_Nhom3 Mattermost/button_Save")): Object: 'Object Repository/1412263_Page_Town Square - CNC_Nhom3 Mattermost/button_Save' is clicked on

2021-05-29 12:36:56 - [MESSAGE][PASSED] - Object: 'Object Repository/1412263_Page_Town Square - CNC_Nhom3 Mattermost/button_Save' is clicked on

2021-05-29 12:36:56 - [TEST_STEP][PASSED] - Thread.sleep(2000): null

2021-05-29 12:36:58 - [TEST_STEP][PASSED] - click(findTestObject("1412263_Page_Town Square - CNC_Nhom3 Mattermost/span_")): Object: 'Object Repository/1412263_Page_Town Square - CNC_Nhom3 Mattermost/span_' is clicked on

2021-05-29 12:36:58 - [MESSAGE][PASSED] - Object: 'Object Repository/1412263_Page_Town Square - CNC_Nhom3 Mattermost/span_' is clicked on

2021-05-29 12:36:58 - [TEST_STEP][PASSED] - closeBrowser(): Browser is closed

2021-05-29 12:36:59 - [MESSAGE][PASSED] - Browser is closed]]></system-out>
         <system-err><![CDATA[]]></system-err>
      </testcase>
      <testcase name="Test Cases/1412263/TC03_UpdateFullName" time="39.501" classname="Test Cases/1412263/TC03_UpdateFullName" status="PASSED">
         <system-out><![CDATA[2021-05-29 12:36:59 - [TEST_CASE][PASSED] - Test Cases/1412263/TC03_UpdateFullName: Test Cases/1412263/TC03_UpdateFullName

2021-05-29 12:36:59 - [TEST_STEP][PASSED] - openBrowser(""): Browser is opened with url: ''

2021-05-29 12:36:59 - [MESSAGE][INFO] - Starting 'Chrome' driver

2021-05-29 12:36:59 - [MESSAGE][INFO] - Action delay is set to 0 milliseconds

2021-05-29 12:37:01 - [MESSAGE][PASSED] - Browser is opened with url: ''

2021-05-29 12:37:01 - [TEST_STEP][PASSED] - navigateToUrl("http://mattermostwebapp.herokuapp.com/"): Navigate to 'http://mattermostwebapp.herokuapp.com/' successfully

2021-05-29 12:37:05 - [MESSAGE][PASSED] - Navigate to 'http://mattermostwebapp.herokuapp.com/' successfully

2021-05-29 12:37:05 - [TEST_STEP][PASSED] - setText(findTestObject("1412263_Page_Mattermost/input_All team communication in one place, _dcc84b"), "huykhoi263"): Text 'huykhoi263' is set on object 'Object Repository/1412263_Page_Mattermost/input_All team communication in one place, _dcc84b'

2021-05-29 12:37:10 - [MESSAGE][PASSED] - Text 'huykhoi263' is set on object 'Object Repository/1412263_Page_Mattermost/input_All team communication in one place, _dcc84b'

2021-05-29 12:37:10 - [TEST_STEP][PASSED] - setEncryptedText(findTestObject("1412263_Page_Mattermost/input_All team communication in one place, _a3edc6"), "o1rBehR+FzY2ClyWuSUtzg=="): Text ****** has been set on object 'Object Repository/1412263_Page_Mattermost/input_All team communication in one place, _a3edc6'

2021-05-29 12:37:10 - [MESSAGE][PASSED] - Text ****** has been set on object 'Object Repository/1412263_Page_Mattermost/input_All team communication in one place, _a3edc6'

2021-05-29 12:37:10 - [TEST_STEP][PASSED] - click(findTestObject("1412263_Page_Mattermost/button_Sign in")): Object: 'Object Repository/1412263_Page_Mattermost/button_Sign in' is clicked on

2021-05-29 12:37:11 - [MESSAGE][PASSED] - Object: 'Object Repository/1412263_Page_Mattermost/button_Sign in' is clicked on

2021-05-29 12:37:11 - [TEST_STEP][PASSED] - click(findTestObject("1412263_Page_Town Square - CNC_Nhom3 Mattermost/span")): Object: 'Object Repository/1412263_Page_Town Square - CNC_Nhom3 Mattermost/span' is clicked on

2021-05-29 12:37:15 - [MESSAGE][PASSED] - Object: 'Object Repository/1412263_Page_Town Square - CNC_Nhom3 Mattermost/span' is clicked on

2021-05-29 12:37:15 - [TEST_STEP][PASSED] - click(findTestObject("1412263_Page_Town Square - CNC_Nhom3 Mattermost/button_Account Settings")): Object: 'Object Repository/1412263_Page_Town Square - CNC_Nhom3 Mattermost/button_Account Settings' is clicked on

2021-05-29 12:37:16 - [MESSAGE][PASSED] - Object: 'Object Repository/1412263_Page_Town Square - CNC_Nhom3 Mattermost/button_Account Settings' is clicked on

2021-05-29 12:37:16 - [TEST_STEP][PASSED] - for ([i = 1, i <= 5, (i++)]): null

2021-05-29 12:37:16 - [TEST_STEP][PASSED] - click(findTestObject("1412263_Page_Town Square - CNC_Nhom3 Mattermost/span_EditFullname")): Object: 'Object Repository/1412263_Page_Town Square - CNC_Nhom3 Mattermost/span_EditFullname' is clicked on

2021-05-29 12:37:16 - [MESSAGE][PASSED] - Object: 'Object Repository/1412263_Page_Town Square - CNC_Nhom3 Mattermost/span_EditFullname' is clicked on

2021-05-29 12:37:16 - [TEST_STEP][PASSED] - setText(findTestObject("1412263_Page_Town Square - CNC_Nhom3 Mattermost/input_First Name_firstName"), findTestData("1412263/Data TC3 UpdateFullName").getValue(1, i)): Text 'Nguyen' is set on object 'Object Repository/1412263_Page_Town Square - CNC_Nhom3 Mattermost/input_First Name_firstName'

2021-05-29 12:37:17 - [MESSAGE][PASSED] - Text 'Nguyen' is set on object 'Object Repository/1412263_Page_Town Square - CNC_Nhom3 Mattermost/input_First Name_firstName'

2021-05-29 12:37:17 - [TEST_STEP][PASSED] - setText(findTestObject("1412263_Page_Town Square - CNC_Nhom3 Mattermost/input_Last Name_lastName"), findTestData("1412263/Data TC3 UpdateFullName").getValue(2, i)): Text 'Huy Khoi' is set on object 'Object Repository/1412263_Page_Town Square - CNC_Nhom3 Mattermost/input_Last Name_lastName'

2021-05-29 12:37:18 - [MESSAGE][PASSED] - Text 'Huy Khoi' is set on object 'Object Repository/1412263_Page_Town Square - CNC_Nhom3 Mattermost/input_Last Name_lastName'

2021-05-29 12:37:18 - [TEST_STEP][PASSED] - click(findTestObject("1412263_Page_Town Square - CNC_Nhom3 Mattermost/span_Save")): Object: 'Object Repository/1412263_Page_Town Square - CNC_Nhom3 Mattermost/span_Save' is clicked on

2021-05-29 12:37:18 - [MESSAGE][PASSED] - Object: 'Object Repository/1412263_Page_Town Square - CNC_Nhom3 Mattermost/span_Save' is clicked on

2021-05-29 12:37:18 - [TEST_STEP][PASSED] - Thread.sleep(2000): null

2021-05-29 12:37:20 - [TEST_STEP][PASSED] - click(findTestObject("1412263_Page_Town Square - CNC_Nhom3 Mattermost/span_EditFullname")): Object: 'Object Repository/1412263_Page_Town Square - CNC_Nhom3 Mattermost/span_EditFullname' is clicked on

2021-05-29 12:37:21 - [MESSAGE][PASSED] - Object: 'Object Repository/1412263_Page_Town Square - CNC_Nhom3 Mattermost/span_EditFullname' is clicked on

2021-05-29 12:37:21 - [TEST_STEP][PASSED] - setText(findTestObject("1412263_Page_Town Square - CNC_Nhom3 Mattermost/input_First Name_firstName"), findTestData("1412263/Data TC3 UpdateFullName").getValue(1, i)): Text 'Tran' is set on object 'Object Repository/1412263_Page_Town Square - CNC_Nhom3 Mattermost/input_First Name_firstName'

2021-05-29 12:37:21 - [MESSAGE][PASSED] - Text 'Tran' is set on object 'Object Repository/1412263_Page_Town Square - CNC_Nhom3 Mattermost/input_First Name_firstName'

2021-05-29 12:37:21 - [TEST_STEP][PASSED] - setText(findTestObject("1412263_Page_Town Square - CNC_Nhom3 Mattermost/input_Last Name_lastName"), findTestData("1412263/Data TC3 UpdateFullName").getValue(2, i)): Text 'Van A' is set on object 'Object Repository/1412263_Page_Town Square - CNC_Nhom3 Mattermost/input_Last Name_lastName'

2021-05-29 12:37:22 - [MESSAGE][PASSED] - Text 'Van A' is set on object 'Object Repository/1412263_Page_Town Square - CNC_Nhom3 Mattermost/input_Last Name_lastName'

2021-05-29 12:37:22 - [TEST_STEP][PASSED] - click(findTestObject("1412263_Page_Town Square - CNC_Nhom3 Mattermost/span_Save")): Object: 'Object Repository/1412263_Page_Town Square - CNC_Nhom3 Mattermost/span_Save' is clicked on

2021-05-29 12:37:22 - [MESSAGE][PASSED] - Object: 'Object Repository/1412263_Page_Town Square - CNC_Nhom3 Mattermost/span_Save' is clicked on

2021-05-29 12:37:22 - [TEST_STEP][PASSED] - Thread.sleep(2000): null

2021-05-29 12:37:24 - [TEST_STEP][PASSED] - click(findTestObject("1412263_Page_Town Square - CNC_Nhom3 Mattermost/span_EditFullname")): Object: 'Object Repository/1412263_Page_Town Square - CNC_Nhom3 Mattermost/span_EditFullname' is clicked on

2021-05-29 12:37:25 - [MESSAGE][PASSED] - Object: 'Object Repository/1412263_Page_Town Square - CNC_Nhom3 Mattermost/span_EditFullname' is clicked on

2021-05-29 12:37:25 - [TEST_STEP][PASSED] - setText(findTestObject("1412263_Page_Town Square - CNC_Nhom3 Mattermost/input_First Name_firstName"), findTestData("1412263/Data TC3 UpdateFullName").getValue(1, i)): Text 'Nguyen' is set on object 'Object Repository/1412263_Page_Town Square - CNC_Nhom3 Mattermost/input_First Name_firstName'

2021-05-29 12:37:26 - [MESSAGE][PASSED] - Text 'Nguyen' is set on object 'Object Repository/1412263_Page_Town Square - CNC_Nhom3 Mattermost/input_First Name_firstName'

2021-05-29 12:37:26 - [TEST_STEP][PASSED] - setText(findTestObject("1412263_Page_Town Square - CNC_Nhom3 Mattermost/input_Last Name_lastName"), findTestData("1412263/Data TC3 UpdateFullName").getValue(2, i)): Text 'Thi B' is set on object 'Object Repository/1412263_Page_Town Square - CNC_Nhom3 Mattermost/input_Last Name_lastName'

2021-05-29 12:37:26 - [MESSAGE][PASSED] - Text 'Thi B' is set on object 'Object Repository/1412263_Page_Town Square - CNC_Nhom3 Mattermost/input_Last Name_lastName'

2021-05-29 12:37:26 - [TEST_STEP][PASSED] - click(findTestObject("1412263_Page_Town Square - CNC_Nhom3 Mattermost/span_Save")): Object: 'Object Repository/1412263_Page_Town Square - CNC_Nhom3 Mattermost/span_Save' is clicked on

2021-05-29 12:37:27 - [MESSAGE][PASSED] - Object: 'Object Repository/1412263_Page_Town Square - CNC_Nhom3 Mattermost/span_Save' is clicked on

2021-05-29 12:37:27 - [TEST_STEP][PASSED] - Thread.sleep(2000): null

2021-05-29 12:37:29 - [TEST_STEP][PASSED] - click(findTestObject("1412263_Page_Town Square - CNC_Nhom3 Mattermost/span_EditFullname")): Object: 'Object Repository/1412263_Page_Town Square - CNC_Nhom3 Mattermost/span_EditFullname' is clicked on

2021-05-29 12:37:29 - [MESSAGE][PASSED] - Object: 'Object Repository/1412263_Page_Town Square - CNC_Nhom3 Mattermost/span_EditFullname' is clicked on

2021-05-29 12:37:29 - [TEST_STEP][PASSED] - setText(findTestObject("1412263_Page_Town Square - CNC_Nhom3 Mattermost/input_First Name_firstName"), findTestData("1412263/Data TC3 UpdateFullName").getValue(1, i)): Text 'ABC' is set on object 'Object Repository/1412263_Page_Town Square - CNC_Nhom3 Mattermost/input_First Name_firstName'

2021-05-29 12:37:30 - [MESSAGE][PASSED] - Text 'ABC' is set on object 'Object Repository/1412263_Page_Town Square - CNC_Nhom3 Mattermost/input_First Name_firstName'

2021-05-29 12:37:30 - [TEST_STEP][PASSED] - setText(findTestObject("1412263_Page_Town Square - CNC_Nhom3 Mattermost/input_Last Name_lastName"), findTestData("1412263/Data TC3 UpdateFullName").getValue(2, i)): Text '346$%%$&><>Z?' is set on object 'Object Repository/1412263_Page_Town Square - CNC_Nhom3 Mattermost/input_Last Name_lastName'

2021-05-29 12:37:31 - [MESSAGE][PASSED] - Text '346$%%$&><>Z?' is set on object 'Object Repository/1412263_Page_Town Square - CNC_Nhom3 Mattermost/input_Last Name_lastName'

2021-05-29 12:37:31 - [TEST_STEP][PASSED] - click(findTestObject("1412263_Page_Town Square - CNC_Nhom3 Mattermost/span_Save")): Object: 'Object Repository/1412263_Page_Town Square - CNC_Nhom3 Mattermost/span_Save' is clicked on

2021-05-29 12:37:31 - [MESSAGE][PASSED] - Object: 'Object Repository/1412263_Page_Town Square - CNC_Nhom3 Mattermost/span_Save' is clicked on

2021-05-29 12:37:31 - [TEST_STEP][PASSED] - Thread.sleep(2000): null

2021-05-29 12:37:33 - [TEST_STEP][PASSED] - click(findTestObject("1412263_Page_Town Square - CNC_Nhom3 Mattermost/span_EditFullname")): Object: 'Object Repository/1412263_Page_Town Square - CNC_Nhom3 Mattermost/span_EditFullname' is clicked on

2021-05-29 12:37:34 - [MESSAGE][PASSED] - Object: 'Object Repository/1412263_Page_Town Square - CNC_Nhom3 Mattermost/span_EditFullname' is clicked on

2021-05-29 12:37:34 - [TEST_STEP][PASSED] - setText(findTestObject("1412263_Page_Town Square - CNC_Nhom3 Mattermost/input_First Name_firstName"), findTestData("1412263/Data TC3 UpdateFullName").getValue(1, i)): Text 'Huy Khoi' is set on object 'Object Repository/1412263_Page_Town Square - CNC_Nhom3 Mattermost/input_First Name_firstName'

2021-05-29 12:37:34 - [MESSAGE][PASSED] - Text 'Huy Khoi' is set on object 'Object Repository/1412263_Page_Town Square - CNC_Nhom3 Mattermost/input_First Name_firstName'

2021-05-29 12:37:34 - [TEST_STEP][PASSED] - setText(findTestObject("1412263_Page_Town Square - CNC_Nhom3 Mattermost/input_Last Name_lastName"), findTestData("1412263/Data TC3 UpdateFullName").getValue(2, i)): Text 'Nguyen' is set on object 'Object Repository/1412263_Page_Town Square - CNC_Nhom3 Mattermost/input_Last Name_lastName'

2021-05-29 12:37:35 - [MESSAGE][PASSED] - Text 'Nguyen' is set on object 'Object Repository/1412263_Page_Town Square - CNC_Nhom3 Mattermost/input_Last Name_lastName'

2021-05-29 12:37:35 - [TEST_STEP][PASSED] - click(findTestObject("1412263_Page_Town Square - CNC_Nhom3 Mattermost/span_Save")): Object: 'Object Repository/1412263_Page_Town Square - CNC_Nhom3 Mattermost/span_Save' is clicked on

2021-05-29 12:37:35 - [MESSAGE][PASSED] - Object: 'Object Repository/1412263_Page_Town Square - CNC_Nhom3 Mattermost/span_Save' is clicked on

2021-05-29 12:37:35 - [TEST_STEP][PASSED] - Thread.sleep(2000): null

2021-05-29 12:37:37 - [TEST_STEP][PASSED] - click(findTestObject("1412263_Page_Town Square - CNC_Nhom3 Mattermost/span_")): Object: 'Object Repository/1412263_Page_Town Square - CNC_Nhom3 Mattermost/span_' is clicked on

2021-05-29 12:37:38 - [MESSAGE][PASSED] - Object: 'Object Repository/1412263_Page_Town Square - CNC_Nhom3 Mattermost/span_' is clicked on

2021-05-29 12:37:38 - [TEST_STEP][PASSED] - closeBrowser(): Browser is closed

2021-05-29 12:37:38 - [MESSAGE][PASSED] - Browser is closed]]></system-out>
         <system-err><![CDATA[]]></system-err>
      </testcase>
      <testcase name="Test Cases/1412263/TC04_UpdateNickname" time="28.102" classname="Test Cases/1412263/TC04_UpdateNickname" status="PASSED">
         <system-out><![CDATA[2021-05-29 12:37:39 - [TEST_CASE][PASSED] - Test Cases/1412263/TC04_UpdateNickname: Test Cases/1412263/TC04_UpdateNickname

2021-05-29 12:37:39 - [TEST_STEP][PASSED] - openBrowser(""): Browser is opened with url: ''

2021-05-29 12:37:39 - [MESSAGE][INFO] - Starting 'Chrome' driver

2021-05-29 12:37:39 - [MESSAGE][INFO] - Action delay is set to 0 milliseconds

2021-05-29 12:37:40 - [MESSAGE][PASSED] - Browser is opened with url: ''

2021-05-29 12:37:40 - [TEST_STEP][PASSED] - navigateToUrl("http://mattermostwebapp.herokuapp.com/"): Navigate to 'http://mattermostwebapp.herokuapp.com/' successfully

2021-05-29 12:37:43 - [MESSAGE][PASSED] - Navigate to 'http://mattermostwebapp.herokuapp.com/' successfully

2021-05-29 12:37:43 - [TEST_STEP][PASSED] - setText(findTestObject("1412263_Page_Mattermost/input_All team communication in one place, _dcc84b"), "huykhoi263"): Text 'huykhoi263' is set on object 'Object Repository/1412263_Page_Mattermost/input_All team communication in one place, _dcc84b'

2021-05-29 12:37:47 - [MESSAGE][PASSED] - Text 'huykhoi263' is set on object 'Object Repository/1412263_Page_Mattermost/input_All team communication in one place, _dcc84b'

2021-05-29 12:37:47 - [TEST_STEP][PASSED] - setEncryptedText(findTestObject("1412263_Page_Mattermost/input_All team communication in one place, _a3edc6"), "o1rBehR+FzY2ClyWuSUtzg=="): Text ****** has been set on object 'Object Repository/1412263_Page_Mattermost/input_All team communication in one place, _a3edc6'

2021-05-29 12:37:48 - [MESSAGE][PASSED] - Text ****** has been set on object 'Object Repository/1412263_Page_Mattermost/input_All team communication in one place, _a3edc6'

2021-05-29 12:37:48 - [TEST_STEP][PASSED] - click(findTestObject("1412263_Page_Mattermost/button_Sign in")): Object: 'Object Repository/1412263_Page_Mattermost/button_Sign in' is clicked on

2021-05-29 12:37:48 - [MESSAGE][PASSED] - Object: 'Object Repository/1412263_Page_Mattermost/button_Sign in' is clicked on

2021-05-29 12:37:48 - [TEST_STEP][PASSED] - click(findTestObject("1412263_Page_Town Square - CNC_Nhom3 Mattermost/path")): Object: 'Object Repository/1412263_Page_Town Square - CNC_Nhom3 Mattermost/path' is clicked on

2021-05-29 12:37:52 - [MESSAGE][PASSED] - Object: 'Object Repository/1412263_Page_Town Square - CNC_Nhom3 Mattermost/path' is clicked on

2021-05-29 12:37:52 - [TEST_STEP][PASSED] - click(findTestObject("1412263_Page_Town Square - CNC_Nhom3 Mattermost/span_Account Settings")): Object: 'Object Repository/1412263_Page_Town Square - CNC_Nhom3 Mattermost/span_Account Settings' is clicked on

2021-05-29 12:37:53 - [MESSAGE][PASSED] - Object: 'Object Repository/1412263_Page_Town Square - CNC_Nhom3 Mattermost/span_Account Settings' is clicked on

2021-05-29 12:37:53 - [TEST_STEP][PASSED] - for ([i = 1, i <= 5, (i++)]): Object: 'Object Repository/1412263_Page_Town Square - CNC_Nhom3 Mattermost/span_Save' is clicked on

2021-05-29 12:37:53 - [TEST_STEP][PASSED] - click(findTestObject("1412263_Page_Town Square - CNC_Nhom3 Mattermost/span_EditNickname")): Object: 'Object Repository/1412263_Page_Town Square - CNC_Nhom3 Mattermost/span_EditNickname' is clicked on

2021-05-29 12:37:53 - [MESSAGE][PASSED] - Object: 'Object Repository/1412263_Page_Town Square - CNC_Nhom3 Mattermost/span_EditNickname' is clicked on

2021-05-29 12:37:53 - [TEST_STEP][PASSED] - setText(findTestObject("1412263_Page_Town Square - CNC_Nhom3 Mattermost/input_Nickname_nickname"), findTestData("1412263/Data TC3 UpdateFullName").getValue(2, i)): Text 'Huy Khoi' is set on object 'Object Repository/1412263_Page_Town Square - CNC_Nhom3 Mattermost/input_Nickname_nickname'

2021-05-29 12:37:54 - [MESSAGE][PASSED] - Text 'Huy Khoi' is set on object 'Object Repository/1412263_Page_Town Square - CNC_Nhom3 Mattermost/input_Nickname_nickname'

2021-05-29 12:37:54 - [TEST_STEP][PASSED] - click(findTestObject("1412263_Page_Town Square - CNC_Nhom3 Mattermost/span_Save")): Object: 'Object Repository/1412263_Page_Town Square - CNC_Nhom3 Mattermost/span_Save' is clicked on

2021-05-29 12:37:54 - [MESSAGE][PASSED] - Object: 'Object Repository/1412263_Page_Town Square - CNC_Nhom3 Mattermost/span_Save' is clicked on

2021-05-29 12:37:54 - [TEST_STEP][PASSED] - click(findTestObject("1412263_Page_Town Square - CNC_Nhom3 Mattermost/span_EditNickname")): Object: 'Object Repository/1412263_Page_Town Square - CNC_Nhom3 Mattermost/span_EditNickname' is clicked on

2021-05-29 12:37:56 - [MESSAGE][PASSED] - Object: 'Object Repository/1412263_Page_Town Square - CNC_Nhom3 Mattermost/span_EditNickname' is clicked on

2021-05-29 12:37:56 - [TEST_STEP][PASSED] - setText(findTestObject("1412263_Page_Town Square - CNC_Nhom3 Mattermost/input_Nickname_nickname"), findTestData("1412263/Data TC3 UpdateFullName").getValue(2, i)): Text 'Van A' is set on object 'Object Repository/1412263_Page_Town Square - CNC_Nhom3 Mattermost/input_Nickname_nickname'

2021-05-29 12:37:57 - [MESSAGE][PASSED] - Text 'Van A' is set on object 'Object Repository/1412263_Page_Town Square - CNC_Nhom3 Mattermost/input_Nickname_nickname'

2021-05-29 12:37:57 - [TEST_STEP][PASSED] - click(findTestObject("1412263_Page_Town Square - CNC_Nhom3 Mattermost/span_Save")): Object: 'Object Repository/1412263_Page_Town Square - CNC_Nhom3 Mattermost/span_Save' is clicked on

2021-05-29 12:37:57 - [MESSAGE][PASSED] - Object: 'Object Repository/1412263_Page_Town Square - CNC_Nhom3 Mattermost/span_Save' is clicked on

2021-05-29 12:37:57 - [TEST_STEP][PASSED] - click(findTestObject("1412263_Page_Town Square - CNC_Nhom3 Mattermost/span_EditNickname")): Object: 'Object Repository/1412263_Page_Town Square - CNC_Nhom3 Mattermost/span_EditNickname' is clicked on

2021-05-29 12:37:58 - [MESSAGE][PASSED] - Object: 'Object Repository/1412263_Page_Town Square - CNC_Nhom3 Mattermost/span_EditNickname' is clicked on

2021-05-29 12:37:58 - [TEST_STEP][PASSED] - setText(findTestObject("1412263_Page_Town Square - CNC_Nhom3 Mattermost/input_Nickname_nickname"), findTestData("1412263/Data TC3 UpdateFullName").getValue(2, i)): Text 'Thi B' is set on object 'Object Repository/1412263_Page_Town Square - CNC_Nhom3 Mattermost/input_Nickname_nickname'

2021-05-29 12:37:59 - [MESSAGE][PASSED] - Text 'Thi B' is set on object 'Object Repository/1412263_Page_Town Square - CNC_Nhom3 Mattermost/input_Nickname_nickname'

2021-05-29 12:37:59 - [TEST_STEP][PASSED] - click(findTestObject("1412263_Page_Town Square - CNC_Nhom3 Mattermost/span_Save")): Object: 'Object Repository/1412263_Page_Town Square - CNC_Nhom3 Mattermost/span_Save' is clicked on

2021-05-29 12:38:00 - [MESSAGE][PASSED] - Object: 'Object Repository/1412263_Page_Town Square - CNC_Nhom3 Mattermost/span_Save' is clicked on

2021-05-29 12:38:00 - [TEST_STEP][PASSED] - click(findTestObject("1412263_Page_Town Square - CNC_Nhom3 Mattermost/span_EditNickname")): Object: 'Object Repository/1412263_Page_Town Square - CNC_Nhom3 Mattermost/span_EditNickname' is clicked on

2021-05-29 12:38:01 - [MESSAGE][PASSED] - Object: 'Object Repository/1412263_Page_Town Square - CNC_Nhom3 Mattermost/span_EditNickname' is clicked on

2021-05-29 12:38:01 - [TEST_STEP][PASSED] - setText(findTestObject("1412263_Page_Town Square - CNC_Nhom3 Mattermost/input_Nickname_nickname"), findTestData("1412263/Data TC3 UpdateFullName").getValue(2, i)): Text '346$%%$&><>Z?' is set on object 'Object Repository/1412263_Page_Town Square - CNC_Nhom3 Mattermost/input_Nickname_nickname'

2021-05-29 12:38:02 - [MESSAGE][PASSED] - Text '346$%%$&><>Z?' is set on object 'Object Repository/1412263_Page_Town Square - CNC_Nhom3 Mattermost/input_Nickname_nickname'

2021-05-29 12:38:02 - [TEST_STEP][PASSED] - click(findTestObject("1412263_Page_Town Square - CNC_Nhom3 Mattermost/span_Save")): Object: 'Object Repository/1412263_Page_Town Square - CNC_Nhom3 Mattermost/span_Save' is clicked on

2021-05-29 12:38:02 - [MESSAGE][PASSED] - Object: 'Object Repository/1412263_Page_Town Square - CNC_Nhom3 Mattermost/span_Save' is clicked on

2021-05-29 12:38:02 - [TEST_STEP][PASSED] - click(findTestObject("1412263_Page_Town Square - CNC_Nhom3 Mattermost/span_EditNickname")): Object: 'Object Repository/1412263_Page_Town Square - CNC_Nhom3 Mattermost/span_EditNickname' is clicked on

2021-05-29 12:38:03 - [MESSAGE][PASSED] - Object: 'Object Repository/1412263_Page_Town Square - CNC_Nhom3 Mattermost/span_EditNickname' is clicked on

2021-05-29 12:38:03 - [TEST_STEP][PASSED] - setText(findTestObject("1412263_Page_Town Square - CNC_Nhom3 Mattermost/input_Nickname_nickname"), findTestData("1412263/Data TC3 UpdateFullName").getValue(2, i)): Text 'Nguyen' is set on object 'Object Repository/1412263_Page_Town Square - CNC_Nhom3 Mattermost/input_Nickname_nickname'

2021-05-29 12:38:04 - [MESSAGE][PASSED] - Text 'Nguyen' is set on object 'Object Repository/1412263_Page_Town Square - CNC_Nhom3 Mattermost/input_Nickname_nickname'

2021-05-29 12:38:04 - [TEST_STEP][PASSED] - click(findTestObject("1412263_Page_Town Square - CNC_Nhom3 Mattermost/span_Save")): Object: 'Object Repository/1412263_Page_Town Square - CNC_Nhom3 Mattermost/span_Save' is clicked on

2021-05-29 12:38:05 - [MESSAGE][PASSED] - Object: 'Object Repository/1412263_Page_Town Square - CNC_Nhom3 Mattermost/span_Save' is clicked on

2021-05-29 12:38:05 - [TEST_STEP][PASSED] - click(findTestObject("1412263_Page_Town Square - CNC_Nhom3 Mattermost/span_")): Object: 'Object Repository/1412263_Page_Town Square - CNC_Nhom3 Mattermost/span_' is clicked on

2021-05-29 12:38:06 - [MESSAGE][PASSED] - Object: 'Object Repository/1412263_Page_Town Square - CNC_Nhom3 Mattermost/span_' is clicked on

2021-05-29 12:38:06 - [TEST_STEP][PASSED] - closeBrowser(): Browser is closed

2021-05-29 12:38:07 - [MESSAGE][PASSED] - Browser is closed]]></system-out>
         <system-err><![CDATA[]]></system-err>
      </testcase>
      <testcase name="Test Cases/1412263/TC05_UpdateUsername" time="18.721" classname="Test Cases/1412263/TC05_UpdateUsername" status="PASSED">
         <system-out><![CDATA[2021-05-29 12:38:07 - [TEST_CASE][PASSED] - Test Cases/1412263/TC05_UpdateUsername: Test Cases/1412263/TC05_UpdateUsername

2021-05-29 12:38:07 - [TEST_STEP][PASSED] - openBrowser(""): Browser is opened with url: ''

2021-05-29 12:38:07 - [MESSAGE][INFO] - Starting 'Chrome' driver

2021-05-29 12:38:07 - [MESSAGE][INFO] - Action delay is set to 0 milliseconds

2021-05-29 12:38:08 - [MESSAGE][PASSED] - Browser is opened with url: ''

2021-05-29 12:38:08 - [TEST_STEP][PASSED] - navigateToUrl("http://mattermostwebapp.herokuapp.com/"): Navigate to 'http://mattermostwebapp.herokuapp.com/' successfully

2021-05-29 12:38:11 - [MESSAGE][PASSED] - Navigate to 'http://mattermostwebapp.herokuapp.com/' successfully

2021-05-29 12:38:11 - [TEST_STEP][PASSED] - setText(findTestObject("1412263_Page_Mattermost/input_All team communication in one place, _dcc84b"), "huykhoi263"): Text 'huykhoi263' is set on object 'Object Repository/1412263_Page_Mattermost/input_All team communication in one place, _dcc84b'

2021-05-29 12:38:16 - [MESSAGE][PASSED] - Text 'huykhoi263' is set on object 'Object Repository/1412263_Page_Mattermost/input_All team communication in one place, _dcc84b'

2021-05-29 12:38:16 - [TEST_STEP][PASSED] - setEncryptedText(findTestObject("1412263_Page_Mattermost/input_All team communication in one place, _a3edc6"), "o1rBehR+FzY2ClyWuSUtzg=="): Text ****** has been set on object 'Object Repository/1412263_Page_Mattermost/input_All team communication in one place, _a3edc6'

2021-05-29 12:38:17 - [MESSAGE][PASSED] - Text ****** has been set on object 'Object Repository/1412263_Page_Mattermost/input_All team communication in one place, _a3edc6'

2021-05-29 12:38:17 - [TEST_STEP][PASSED] - click(findTestObject("1412263_Page_Mattermost/span_Sign in")): Object: 'Object Repository/1412263_Page_Mattermost/span_Sign in' is clicked on

2021-05-29 12:38:17 - [MESSAGE][PASSED] - Object: 'Object Repository/1412263_Page_Mattermost/span_Sign in' is clicked on

2021-05-29 12:38:17 - [TEST_STEP][PASSED] - click(findTestObject("1412263_Page_Town Square - CNC_Nhom3 Mattermost/span")): Object: 'Object Repository/1412263_Page_Town Square - CNC_Nhom3 Mattermost/span' is clicked on

2021-05-29 12:38:22 - [MESSAGE][PASSED] - Object: 'Object Repository/1412263_Page_Town Square - CNC_Nhom3 Mattermost/span' is clicked on

2021-05-29 12:38:22 - [TEST_STEP][PASSED] - click(findTestObject("1412263_Page_Town Square - CNC_Nhom3 Mattermost/button_Account Settings")): Object: 'Object Repository/1412263_Page_Town Square - CNC_Nhom3 Mattermost/button_Account Settings' is clicked on

2021-05-29 12:38:22 - [MESSAGE][PASSED] - Object: 'Object Repository/1412263_Page_Town Square - CNC_Nhom3 Mattermost/button_Account Settings' is clicked on

2021-05-29 12:38:22 - [TEST_STEP][PASSED] - click(findTestObject("1412263_Page_Town Square - CNC_Nhom3 Mattermost/span_EditUsername")): Object: 'Object Repository/1412263_Page_Town Square - CNC_Nhom3 Mattermost/span_EditUsername' is clicked on

2021-05-29 12:38:23 - [MESSAGE][PASSED] - Object: 'Object Repository/1412263_Page_Town Square - CNC_Nhom3 Mattermost/span_EditUsername' is clicked on

2021-05-29 12:38:23 - [TEST_STEP][PASSED] - setText(findTestObject("1412263_Page_Town Square - CNC_Nhom3 Mattermost/input_Username_username"), "huykhoi263"): Text 'huykhoi263' is set on object 'Object Repository/1412263_Page_Town Square - CNC_Nhom3 Mattermost/input_Username_username'

2021-05-29 12:38:24 - [MESSAGE][PASSED] - Text 'huykhoi263' is set on object 'Object Repository/1412263_Page_Town Square - CNC_Nhom3 Mattermost/input_Username_username'

2021-05-29 12:38:24 - [TEST_STEP][PASSED] - click(findTestObject("1412263_Page_Town Square - CNC_Nhom3 Mattermost/button_Save")): Object: 'Object Repository/1412263_Page_Town Square - CNC_Nhom3 Mattermost/button_Save' is clicked on

2021-05-29 12:38:24 - [MESSAGE][PASSED] - Object: 'Object Repository/1412263_Page_Town Square - CNC_Nhom3 Mattermost/button_Save' is clicked on

2021-05-29 12:38:24 - [TEST_STEP][PASSED] - click(findTestObject("1412263_Page_Town Square - CNC_Nhom3 Mattermost/span_")): Object: 'Object Repository/1412263_Page_Town Square - CNC_Nhom3 Mattermost/span_' is clicked on

2021-05-29 12:38:25 - [MESSAGE][PASSED] - Object: 'Object Repository/1412263_Page_Town Square - CNC_Nhom3 Mattermost/span_' is clicked on

2021-05-29 12:38:25 - [TEST_STEP][PASSED] - closeBrowser(): Browser is closed

2021-05-29 12:38:25 - [MESSAGE][PASSED] - Browser is closed]]></system-out>
         <system-err><![CDATA[]]></system-err>
      </testcase>
      <testcase name="Test Cases/1412263/TC06_UpdatePosition" time="17.085" classname="Test Cases/1412263/TC06_UpdatePosition" status="PASSED">
         <system-out><![CDATA[2021-05-29 12:38:25 - [TEST_CASE][PASSED] - Test Cases/1412263/TC06_UpdatePosition: Test Cases/1412263/TC06_UpdatePosition

2021-05-29 12:38:26 - [TEST_STEP][PASSED] - openBrowser(""): Browser is opened with url: ''

2021-05-29 12:38:26 - [MESSAGE][INFO] - Starting 'Chrome' driver

2021-05-29 12:38:26 - [MESSAGE][INFO] - Action delay is set to 0 milliseconds

2021-05-29 12:38:27 - [MESSAGE][PASSED] - Browser is opened with url: ''

2021-05-29 12:38:27 - [TEST_STEP][PASSED] - navigateToUrl("http://mattermostwebapp.herokuapp.com/"): Navigate to 'http://mattermostwebapp.herokuapp.com/' successfully

2021-05-29 12:38:30 - [MESSAGE][PASSED] - Navigate to 'http://mattermostwebapp.herokuapp.com/' successfully

2021-05-29 12:38:30 - [TEST_STEP][PASSED] - setText(findTestObject("1412263_Page_Mattermost/input_All team communication in one place, _dcc84b"), "huykhoi263"): Text 'huykhoi263' is set on object 'Object Repository/1412263_Page_Mattermost/input_All team communication in one place, _dcc84b'

2021-05-29 12:38:34 - [MESSAGE][PASSED] - Text 'huykhoi263' is set on object 'Object Repository/1412263_Page_Mattermost/input_All team communication in one place, _dcc84b'

2021-05-29 12:38:34 - [TEST_STEP][PASSED] - setEncryptedText(findTestObject("1412263_Page_Mattermost/input_All team communication in one place, _a3edc6"), "o1rBehR+FzY2ClyWuSUtzg=="): Text ****** has been set on object 'Object Repository/1412263_Page_Mattermost/input_All team communication in one place, _a3edc6'

2021-05-29 12:38:34 - [MESSAGE][PASSED] - Text ****** has been set on object 'Object Repository/1412263_Page_Mattermost/input_All team communication in one place, _a3edc6'

2021-05-29 12:38:34 - [TEST_STEP][PASSED] - sendKeys(findTestObject("1412263_Page_Mattermost/input_All team communication in one place, _a3edc6"), Keys.chord(ENTER)): Keys 'ENTER + ' sent to object: 'Object Repository/1412263_Page_Mattermost/input_All team communication in one place, _a3edc6'

2021-05-29 12:38:35 - [MESSAGE][PASSED] - Keys 'ENTER + ' sent to object: 'Object Repository/1412263_Page_Mattermost/input_All team communication in one place, _a3edc6'

2021-05-29 12:38:35 - [TEST_STEP][PASSED] - click(findTestObject("1412263_Page_Town Square - CNC_Nhom3 Mattermost/button_huykhoi263_style--none sidebar-heade_fefe58")): Object: 'Object Repository/1412263_Page_Town Square - CNC_Nhom3 Mattermost/button_huykhoi263_style--none sidebar-heade_fefe58' is clicked on

2021-05-29 12:38:39 - [MESSAGE][PASSED] - Object: 'Object Repository/1412263_Page_Town Square - CNC_Nhom3 Mattermost/button_huykhoi263_style--none sidebar-heade_fefe58' is clicked on

2021-05-29 12:38:39 - [TEST_STEP][PASSED] - click(findTestObject("1412263_Page_Town Square - CNC_Nhom3 Mattermost/button_Account Settings")): Object: 'Object Repository/1412263_Page_Town Square - CNC_Nhom3 Mattermost/button_Account Settings' is clicked on

2021-05-29 12:38:39 - [MESSAGE][PASSED] - Object: 'Object Repository/1412263_Page_Town Square - CNC_Nhom3 Mattermost/button_Account Settings' is clicked on

2021-05-29 12:38:39 - [TEST_STEP][PASSED] - click(findTestObject("1412263_Page_Town Square - CNC_Nhom3 Mattermost/span_EditPosition")): Object: 'Object Repository/1412263_Page_Town Square - CNC_Nhom3 Mattermost/span_EditPosition' is clicked on

2021-05-29 12:38:40 - [MESSAGE][PASSED] - Object: 'Object Repository/1412263_Page_Town Square - CNC_Nhom3 Mattermost/span_EditPosition' is clicked on

2021-05-29 12:38:40 - [TEST_STEP][PASSED] - setText(findTestObject("1412263_Page_Town Square - CNC_Nhom3 Mattermost/input_Position_position"), "student"): Text 'student' is set on object 'Object Repository/1412263_Page_Town Square - CNC_Nhom3 Mattermost/input_Position_position'

2021-05-29 12:38:41 - [MESSAGE][PASSED] - Text 'student' is set on object 'Object Repository/1412263_Page_Town Square - CNC_Nhom3 Mattermost/input_Position_position'

2021-05-29 12:38:41 - [TEST_STEP][PASSED] - click(findTestObject("1412263_Page_Town Square - CNC_Nhom3 Mattermost/span_Save")): Object: 'Object Repository/1412263_Page_Town Square - CNC_Nhom3 Mattermost/span_Save' is clicked on

2021-05-29 12:38:41 - [MESSAGE][PASSED] - Object: 'Object Repository/1412263_Page_Town Square - CNC_Nhom3 Mattermost/span_Save' is clicked on

2021-05-29 12:38:41 - [TEST_STEP][PASSED] - click(findTestObject("1412263_Page_Town Square - CNC_Nhom3 Mattermost/span_")): Object: 'Object Repository/1412263_Page_Town Square - CNC_Nhom3 Mattermost/span_' is clicked on

2021-05-29 12:38:42 - [MESSAGE][PASSED] - Object: 'Object Repository/1412263_Page_Town Square - CNC_Nhom3 Mattermost/span_' is clicked on

2021-05-29 12:38:42 - [TEST_STEP][PASSED] - closeBrowser(): Browser is closed

2021-05-29 12:38:42 - [MESSAGE][PASSED] - Browser is closed]]></system-out>
         <system-err><![CDATA[]]></system-err>
      </testcase>
      <testcase name="Test Cases/1412263/TC07_UpdateEmail" time="18.1" classname="Test Cases/1412263/TC07_UpdateEmail" status="PASSED">
         <system-out><![CDATA[2021-05-29 12:38:42 - [TEST_CASE][PASSED] - Test Cases/1412263/TC07_UpdateEmail: Test Cases/1412263/TC07_UpdateEmail

2021-05-29 12:38:43 - [TEST_STEP][PASSED] - openBrowser(""): Browser is opened with url: ''

2021-05-29 12:38:43 - [MESSAGE][INFO] - Starting 'Chrome' driver

2021-05-29 12:38:43 - [MESSAGE][INFO] - Action delay is set to 0 milliseconds

2021-05-29 12:38:44 - [MESSAGE][PASSED] - Browser is opened with url: ''

2021-05-29 12:38:44 - [TEST_STEP][PASSED] - navigateToUrl("http://mattermostwebapp.herokuapp.com/"): Navigate to 'http://mattermostwebapp.herokuapp.com/' successfully

2021-05-29 12:38:47 - [MESSAGE][PASSED] - Navigate to 'http://mattermostwebapp.herokuapp.com/' successfully

2021-05-29 12:38:47 - [TEST_STEP][PASSED] - setText(findTestObject("1412263_Page_Mattermost/input_All team communication in one place, _dcc84b"), "huykhoi263"): Text 'huykhoi263' is set on object 'Object Repository/1412263_Page_Mattermost/input_All team communication in one place, _dcc84b'

2021-05-29 12:38:50 - [MESSAGE][PASSED] - Text 'huykhoi263' is set on object 'Object Repository/1412263_Page_Mattermost/input_All team communication in one place, _dcc84b'

2021-05-29 12:38:50 - [TEST_STEP][PASSED] - setEncryptedText(findTestObject("1412263_Page_Mattermost/input_All team communication in one place, _a3edc6"), "o1rBehR+FzY2ClyWuSUtzg=="): Text ****** has been set on object 'Object Repository/1412263_Page_Mattermost/input_All team communication in one place, _a3edc6'

2021-05-29 12:38:51 - [MESSAGE][PASSED] - Text ****** has been set on object 'Object Repository/1412263_Page_Mattermost/input_All team communication in one place, _a3edc6'

2021-05-29 12:38:51 - [TEST_STEP][PASSED] - click(findTestObject("1412263_Page_Mattermost/span_Sign in")): Object: 'Object Repository/1412263_Page_Mattermost/span_Sign in' is clicked on

2021-05-29 12:38:52 - [MESSAGE][PASSED] - Object: 'Object Repository/1412263_Page_Mattermost/span_Sign in' is clicked on

2021-05-29 12:38:52 - [TEST_STEP][PASSED] - click(findTestObject("1412263_Page_Town Square - CNC_Nhom3 Mattermost/path")): Object: 'Object Repository/1412263_Page_Town Square - CNC_Nhom3 Mattermost/path' is clicked on

2021-05-29 12:38:56 - [MESSAGE][PASSED] - Object: 'Object Repository/1412263_Page_Town Square - CNC_Nhom3 Mattermost/path' is clicked on

2021-05-29 12:38:56 - [TEST_STEP][PASSED] - click(findTestObject("1412263_Page_Town Square - CNC_Nhom3 Mattermost/button_Account Settings")): Object: 'Object Repository/1412263_Page_Town Square - CNC_Nhom3 Mattermost/button_Account Settings' is clicked on

2021-05-29 12:38:56 - [MESSAGE][PASSED] - Object: 'Object Repository/1412263_Page_Town Square - CNC_Nhom3 Mattermost/button_Account Settings' is clicked on

2021-05-29 12:38:56 - [TEST_STEP][PASSED] - click(findTestObject("1412263_Page_Town Square - CNC_Nhom3 Mattermost/span_EditEmail")): Object: 'Object Repository/1412263_Page_Town Square - CNC_Nhom3 Mattermost/span_EditEmail' is clicked on

2021-05-29 12:38:57 - [MESSAGE][PASSED] - Object: 'Object Repository/1412263_Page_Town Square - CNC_Nhom3 Mattermost/span_EditEmail' is clicked on

2021-05-29 12:38:57 - [TEST_STEP][PASSED] - setText(findTestObject("1412263_Page_Town Square - CNC_Nhom3 Mattermost/input_New Email_primaryEmail"), "huykhoiabca@gmail.com"): Text 'huykhoiabca@gmail.com' is set on object 'Object Repository/1412263_Page_Town Square - CNC_Nhom3 Mattermost/input_New Email_primaryEmail'

2021-05-29 12:38:58 - [MESSAGE][PASSED] - Text 'huykhoiabca@gmail.com' is set on object 'Object Repository/1412263_Page_Town Square - CNC_Nhom3 Mattermost/input_New Email_primaryEmail'

2021-05-29 12:38:58 - [TEST_STEP][PASSED] - setText(findTestObject("1412263_Page_Town Square - CNC_Nhom3 Mattermost/input_Confirm Email_confirmEmail"), "huykhoiabca@gmail.com"): Text 'huykhoiabca@gmail.com' is set on object 'Object Repository/1412263_Page_Town Square - CNC_Nhom3 Mattermost/input_Confirm Email_confirmEmail'

2021-05-29 12:38:59 - [MESSAGE][PASSED] - Text 'huykhoiabca@gmail.com' is set on object 'Object Repository/1412263_Page_Town Square - CNC_Nhom3 Mattermost/input_Confirm Email_confirmEmail'

2021-05-29 12:38:59 - [TEST_STEP][PASSED] - setEncryptedText(findTestObject("1412263_Page_Town Square - CNC_Nhom3 Mattermost/input_Current Password_currentPassword"), "o1rBehR+FzY2ClyWuSUtzg=="): Text ****** has been set on object 'Object Repository/1412263_Page_Town Square - CNC_Nhom3 Mattermost/input_Current Password_currentPassword'

2021-05-29 12:38:59 - [MESSAGE][PASSED] - Text ****** has been set on object 'Object Repository/1412263_Page_Town Square - CNC_Nhom3 Mattermost/input_Current Password_currentPassword'

2021-05-29 12:38:59 - [TEST_STEP][PASSED] - click(findTestObject("1412263_Page_Town Square - CNC_Nhom3 Mattermost/span_Save")): Object: 'Object Repository/1412263_Page_Town Square - CNC_Nhom3 Mattermost/span_Save' is clicked on

2021-05-29 12:38:59 - [MESSAGE][PASSED] - Object: 'Object Repository/1412263_Page_Town Square - CNC_Nhom3 Mattermost/span_Save' is clicked on

2021-05-29 12:38:59 - [TEST_STEP][PASSED] - click(findTestObject("1412263_Page_Town Square - CNC_Nhom3 Mattermost/button_Close")): Object: 'Object Repository/1412263_Page_Town Square - CNC_Nhom3 Mattermost/button_Close' is clicked on

2021-05-29 12:39:00 - [MESSAGE][PASSED] - Object: 'Object Repository/1412263_Page_Town Square - CNC_Nhom3 Mattermost/button_Close' is clicked on

2021-05-29 12:39:00 - [TEST_STEP][PASSED] - closeBrowser(): Browser is closed

2021-05-29 12:39:01 - [MESSAGE][PASSED] - Browser is closed]]></system-out>
         <system-err><![CDATA[]]></system-err>
      </testcase>
      <testcase name="Test Cases/1412263/TC08_ResetPassword" time="42.036" classname="Test Cases/1412263/TC08_ResetPassword" status="PASSED">
         <system-out><![CDATA[2021-05-29 12:39:01 - [TEST_CASE][PASSED] - Test Cases/1412263/TC08_ResetPassword: Test Cases/1412263/TC08_ResetPassword

2021-05-29 12:39:01 - [TEST_STEP][PASSED] - openBrowser(""): Browser is opened with url: ''

2021-05-29 12:39:01 - [MESSAGE][INFO] - Starting 'Chrome' driver

2021-05-29 12:39:01 - [MESSAGE][INFO] - Action delay is set to 0 milliseconds

2021-05-29 12:39:02 - [MESSAGE][PASSED] - Browser is opened with url: ''

2021-05-29 12:39:02 - [TEST_STEP][PASSED] - navigateToUrl("http://mattermostwebapp.herokuapp.com/"): Navigate to 'http://mattermostwebapp.herokuapp.com/' successfully

2021-05-29 12:39:05 - [MESSAGE][PASSED] - Navigate to 'http://mattermostwebapp.herokuapp.com/' successfully

2021-05-29 12:39:05 - [TEST_STEP][PASSED] - setText(findTestObject("1412263_Page_Mattermost/input_All team communication in one place, _dcc84b (1)"), "huykhoi263"): Text 'huykhoi263' is set on object 'Object Repository/1412263_Page_Mattermost/input_All team communication in one place, _dcc84b (1)'

2021-05-29 12:39:10 - [MESSAGE][PASSED] - Text 'huykhoi263' is set on object 'Object Repository/1412263_Page_Mattermost/input_All team communication in one place, _dcc84b (1)'

2021-05-29 12:39:10 - [TEST_STEP][PASSED] - setEncryptedText(findTestObject("1412263_Page_Mattermost/input_All team communication in one place, _a3edc6 (1)"), "o1rBehR+FzY2ClyWuSUtzg=="): Text ****** has been set on object 'Object Repository/1412263_Page_Mattermost/input_All team communication in one place, _a3edc6 (1)'

2021-05-29 12:39:10 - [MESSAGE][PASSED] - Text ****** has been set on object 'Object Repository/1412263_Page_Mattermost/input_All team communication in one place, _a3edc6 (1)'

2021-05-29 12:39:10 - [TEST_STEP][PASSED] - click(findTestObject("1612049/Login_Screen/btn_Signin")): Object: 'Object Repository/1612049/Login_Screen/btn_Signin' is clicked on

2021-05-29 12:39:11 - [MESSAGE][PASSED] - Object: 'Object Repository/1612049/Login_Screen/btn_Signin' is clicked on

2021-05-29 12:39:11 - [TEST_STEP][PASSED] - click(findTestObject("1412263_Page_Town Square - CNC_Nhom3 Mattermost/path")): Object: 'Object Repository/1412263_Page_Town Square - CNC_Nhom3 Mattermost/path' is clicked on

2021-05-29 12:39:15 - [MESSAGE][PASSED] - Object: 'Object Repository/1412263_Page_Town Square - CNC_Nhom3 Mattermost/path' is clicked on

2021-05-29 12:39:15 - [TEST_STEP][PASSED] - click(findTestObject("1412263_Page_Town Square - CNC_Nhom3 Mattermost/span_System Console")): Object: 'Object Repository/1412263_Page_Town Square - CNC_Nhom3 Mattermost/span_System Console' is clicked on

2021-05-29 12:39:15 - [MESSAGE][PASSED] - Object: 'Object Repository/1412263_Page_Town Square - CNC_Nhom3 Mattermost/span_System Console' is clicked on

2021-05-29 12:39:15 - [TEST_STEP][PASSED] - click(findTestObject("1412263_Page_System Console - Mattermost/a_Users")): Object: 'Object Repository/1412263_Page_System Console - Mattermost/a_Users' is clicked on

2021-05-29 12:39:17 - [MESSAGE][PASSED] - Object: 'Object Repository/1412263_Page_System Console - Mattermost/a_Users' is clicked on

2021-05-29 12:39:17 - [TEST_STEP][PASSED] - for ([i = 1, i <= 5, (i++)]): null

2021-05-29 12:39:17 - [TEST_STEP][PASSED] - click(findTestObject("1412263_Page_System Console - Mattermost/a_System Admin")): Object: 'Object Repository/1412263_Page_System Console - Mattermost/a_System Admin' is clicked on

2021-05-29 12:39:18 - [MESSAGE][PASSED] - Object: 'Object Repository/1412263_Page_System Console - Mattermost/a_System Admin' is clicked on

2021-05-29 12:39:18 - [TEST_STEP][PASSED] - click(findTestObject("1412263_Page_System Console - Mattermost/span_Reset Password")): Object: 'Object Repository/1412263_Page_System Console - Mattermost/span_Reset Password' is clicked on

2021-05-29 12:39:18 - [MESSAGE][PASSED] - Object: 'Object Repository/1412263_Page_System Console - Mattermost/span_Reset Password' is clicked on

2021-05-29 12:39:18 - [TEST_STEP][PASSED] - setEncryptedText(findTestObject("1412263_Page_System Console - Mattermost/input_New Password_form-control"), findTestData("1412263/Data TC8 ResetPassword").getValue(1, i)): Text ****** has been set on object 'Object Repository/1412263_Page_System Console - Mattermost/input_New Password_form-control'

2021-05-29 12:39:19 - [MESSAGE][PASSED] - Text ****** has been set on object 'Object Repository/1412263_Page_System Console - Mattermost/input_New Password_form-control'

2021-05-29 12:39:19 - [TEST_STEP][PASSED] - click(findTestObject("1412263_Page_System Console - Mattermost/button_Reset")): Object: 'Object Repository/1412263_Page_System Console - Mattermost/button_Reset' is clicked on

2021-05-29 12:39:19 - [MESSAGE][PASSED] - Object: 'Object Repository/1412263_Page_System Console - Mattermost/button_Reset' is clicked on

2021-05-29 12:39:19 - [TEST_STEP][PASSED] - Thread.sleep(3000): null

2021-05-29 12:39:22 - [TEST_STEP][PASSED] - click(findTestObject("1412263_Page_System Console - Mattermost/a_System Admin")): Object: 'Object Repository/1412263_Page_System Console - Mattermost/a_System Admin' is clicked on

2021-05-29 12:39:23 - [MESSAGE][PASSED] - Object: 'Object Repository/1412263_Page_System Console - Mattermost/a_System Admin' is clicked on

2021-05-29 12:39:23 - [TEST_STEP][PASSED] - click(findTestObject("1412263_Page_System Console - Mattermost/span_Reset Password")): Object: 'Object Repository/1412263_Page_System Console - Mattermost/span_Reset Password' is clicked on

2021-05-29 12:39:23 - [MESSAGE][PASSED] - Object: 'Object Repository/1412263_Page_System Console - Mattermost/span_Reset Password' is clicked on

2021-05-29 12:39:23 - [TEST_STEP][PASSED] - setEncryptedText(findTestObject("1412263_Page_System Console - Mattermost/input_New Password_form-control"), findTestData("1412263/Data TC8 ResetPassword").getValue(1, i)): Text ****** has been set on object 'Object Repository/1412263_Page_System Console - Mattermost/input_New Password_form-control'

2021-05-29 12:39:24 - [MESSAGE][PASSED] - Text ****** has been set on object 'Object Repository/1412263_Page_System Console - Mattermost/input_New Password_form-control'

2021-05-29 12:39:24 - [TEST_STEP][PASSED] - click(findTestObject("1412263_Page_System Console - Mattermost/button_Reset")): Object: 'Object Repository/1412263_Page_System Console - Mattermost/button_Reset' is clicked on

2021-05-29 12:39:24 - [MESSAGE][PASSED] - Object: 'Object Repository/1412263_Page_System Console - Mattermost/button_Reset' is clicked on

2021-05-29 12:39:24 - [TEST_STEP][PASSED] - Thread.sleep(3000): null

2021-05-29 12:39:27 - [TEST_STEP][PASSED] - click(findTestObject("1412263_Page_System Console - Mattermost/a_System Admin")): Object: 'Object Repository/1412263_Page_System Console - Mattermost/a_System Admin' is clicked on

2021-05-29 12:39:28 - [MESSAGE][PASSED] - Object: 'Object Repository/1412263_Page_System Console - Mattermost/a_System Admin' is clicked on

2021-05-29 12:39:28 - [TEST_STEP][PASSED] - click(findTestObject("1412263_Page_System Console - Mattermost/span_Reset Password")): Object: 'Object Repository/1412263_Page_System Console - Mattermost/span_Reset Password' is clicked on

2021-05-29 12:39:28 - [MESSAGE][PASSED] - Object: 'Object Repository/1412263_Page_System Console - Mattermost/span_Reset Password' is clicked on

2021-05-29 12:39:28 - [TEST_STEP][PASSED] - setEncryptedText(findTestObject("1412263_Page_System Console - Mattermost/input_New Password_form-control"), findTestData("1412263/Data TC8 ResetPassword").getValue(1, i)): Text ****** has been set on object 'Object Repository/1412263_Page_System Console - Mattermost/input_New Password_form-control'

2021-05-29 12:39:29 - [MESSAGE][PASSED] - Text ****** has been set on object 'Object Repository/1412263_Page_System Console - Mattermost/input_New Password_form-control'

2021-05-29 12:39:29 - [TEST_STEP][PASSED] - click(findTestObject("1412263_Page_System Console - Mattermost/button_Reset")): Object: 'Object Repository/1412263_Page_System Console - Mattermost/button_Reset' is clicked on

2021-05-29 12:39:29 - [MESSAGE][PASSED] - Object: 'Object Repository/1412263_Page_System Console - Mattermost/button_Reset' is clicked on

2021-05-29 12:39:29 - [TEST_STEP][PASSED] - Thread.sleep(3000): null

2021-05-29 12:39:32 - [TEST_STEP][PASSED] - click(findTestObject("1412263_Page_System Console - Mattermost/a_System Admin")): Object: 'Object Repository/1412263_Page_System Console - Mattermost/a_System Admin' is clicked on

2021-05-29 12:39:32 - [MESSAGE][PASSED] - Object: 'Object Repository/1412263_Page_System Console - Mattermost/a_System Admin' is clicked on

2021-05-29 12:39:32 - [TEST_STEP][PASSED] - click(findTestObject("1412263_Page_System Console - Mattermost/span_Reset Password")): Object: 'Object Repository/1412263_Page_System Console - Mattermost/span_Reset Password' is clicked on

2021-05-29 12:39:33 - [MESSAGE][PASSED] - Object: 'Object Repository/1412263_Page_System Console - Mattermost/span_Reset Password' is clicked on

2021-05-29 12:39:33 - [TEST_STEP][PASSED] - setEncryptedText(findTestObject("1412263_Page_System Console - Mattermost/input_New Password_form-control"), findTestData("1412263/Data TC8 ResetPassword").getValue(1, i)): Text ****** has been set on object 'Object Repository/1412263_Page_System Console - Mattermost/input_New Password_form-control'

2021-05-29 12:39:34 - [MESSAGE][PASSED] - Text ****** has been set on object 'Object Repository/1412263_Page_System Console - Mattermost/input_New Password_form-control'

2021-05-29 12:39:34 - [TEST_STEP][PASSED] - click(findTestObject("1412263_Page_System Console - Mattermost/button_Reset")): Object: 'Object Repository/1412263_Page_System Console - Mattermost/button_Reset' is clicked on

2021-05-29 12:39:34 - [MESSAGE][PASSED] - Object: 'Object Repository/1412263_Page_System Console - Mattermost/button_Reset' is clicked on

2021-05-29 12:39:34 - [TEST_STEP][PASSED] - Thread.sleep(3000): null

2021-05-29 12:39:37 - [TEST_STEP][PASSED] - click(findTestObject("1412263_Page_System Console - Mattermost/a_System Admin")): Object: 'Object Repository/1412263_Page_System Console - Mattermost/a_System Admin' is clicked on

2021-05-29 12:39:37 - [MESSAGE][PASSED] - Object: 'Object Repository/1412263_Page_System Console - Mattermost/a_System Admin' is clicked on

2021-05-29 12:39:37 - [TEST_STEP][PASSED] - click(findTestObject("1412263_Page_System Console - Mattermost/span_Reset Password")): Object: 'Object Repository/1412263_Page_System Console - Mattermost/span_Reset Password' is clicked on

2021-05-29 12:39:38 - [MESSAGE][PASSED] - Object: 'Object Repository/1412263_Page_System Console - Mattermost/span_Reset Password' is clicked on

2021-05-29 12:39:38 - [TEST_STEP][PASSED] - setEncryptedText(findTestObject("1412263_Page_System Console - Mattermost/input_New Password_form-control"), findTestData("1412263/Data TC8 ResetPassword").getValue(1, i)): Text ****** has been set on object 'Object Repository/1412263_Page_System Console - Mattermost/input_New Password_form-control'

2021-05-29 12:39:39 - [MESSAGE][PASSED] - Text ****** has been set on object 'Object Repository/1412263_Page_System Console - Mattermost/input_New Password_form-control'

2021-05-29 12:39:39 - [TEST_STEP][PASSED] - click(findTestObject("1412263_Page_System Console - Mattermost/button_Reset")): Object: 'Object Repository/1412263_Page_System Console - Mattermost/button_Reset' is clicked on

2021-05-29 12:39:39 - [MESSAGE][PASSED] - Object: 'Object Repository/1412263_Page_System Console - Mattermost/button_Reset' is clicked on

2021-05-29 12:39:39 - [TEST_STEP][PASSED] - Thread.sleep(3000): null

2021-05-29 12:39:42 - [TEST_STEP][PASSED] - closeBrowser(): Browser is closed

2021-05-29 12:39:43 - [MESSAGE][PASSED] - Browser is closed]]></system-out>
         <system-err><![CDATA[]]></system-err>
      </testcase>
      <testcase name="Test Cases/1412263/TC10_SetPasswordLimit" time="32.18" classname="Test Cases/1412263/TC10_SetPasswordLimit" status="PASSED">
         <system-out><![CDATA[2021-05-29 12:39:43 - [TEST_CASE][PASSED] - Test Cases/1412263/TC10_SetPasswordLimit: Test Cases/1412263/TC10_SetPasswordLimit

2021-05-29 12:39:43 - [TEST_STEP][PASSED] - openBrowser(""): Browser is opened with url: ''

2021-05-29 12:39:43 - [MESSAGE][INFO] - Starting 'Chrome' driver

2021-05-29 12:39:43 - [MESSAGE][INFO] - Action delay is set to 0 milliseconds

2021-05-29 12:39:44 - [MESSAGE][PASSED] - Browser is opened with url: ''

2021-05-29 12:39:44 - [TEST_STEP][PASSED] - navigateToUrl("http://mattermostwebapp.herokuapp.com/"): Navigate to 'http://mattermostwebapp.herokuapp.com/' successfully

2021-05-29 12:39:53 - [MESSAGE][PASSED] - Navigate to 'http://mattermostwebapp.herokuapp.com/' successfully

2021-05-29 12:39:53 - [TEST_STEP][PASSED] - setText(findTestObject("1412263_Page_Mattermost/input_All team communication in one place, _dcc84b"), "huykhoi263"): Text 'huykhoi263' is set on object 'Object Repository/1412263_Page_Mattermost/input_All team communication in one place, _dcc84b'

2021-05-29 12:40:01 - [MESSAGE][PASSED] - Text 'huykhoi263' is set on object 'Object Repository/1412263_Page_Mattermost/input_All team communication in one place, _dcc84b'

2021-05-29 12:40:01 - [TEST_STEP][PASSED] - setEncryptedText(findTestObject("1412263_Page_Mattermost/input_All team communication in one place, _a3edc6"), "o1rBehR+FzY2ClyWuSUtzg=="): Text ****** has been set on object 'Object Repository/1412263_Page_Mattermost/input_All team communication in one place, _a3edc6'

2021-05-29 12:40:01 - [MESSAGE][PASSED] - Text ****** has been set on object 'Object Repository/1412263_Page_Mattermost/input_All team communication in one place, _a3edc6'

2021-05-29 12:40:01 - [TEST_STEP][PASSED] - click(findTestObject("1412263_Page_Mattermost/button_Sign in")): Object: 'Object Repository/1412263_Page_Mattermost/button_Sign in' is clicked on

2021-05-29 12:40:02 - [MESSAGE][PASSED] - Object: 'Object Repository/1412263_Page_Mattermost/button_Sign in' is clicked on

2021-05-29 12:40:02 - [TEST_STEP][PASSED] - click(findTestObject("1412263_Page_Town Square - CNC_Nhom3 Mattermost/path")): Object: 'Object Repository/1412263_Page_Town Square - CNC_Nhom3 Mattermost/path' is clicked on

2021-05-29 12:40:07 - [MESSAGE][PASSED] - Object: 'Object Repository/1412263_Page_Town Square - CNC_Nhom3 Mattermost/path' is clicked on

2021-05-29 12:40:07 - [TEST_STEP][PASSED] - click(findTestObject("1412263_Page_Town Square - CNC_Nhom3 Mattermost/span_System Console")): Object: 'Object Repository/1412263_Page_Town Square - CNC_Nhom3 Mattermost/span_System Console' is clicked on

2021-05-29 12:40:07 - [MESSAGE][PASSED] - Object: 'Object Repository/1412263_Page_Town Square - CNC_Nhom3 Mattermost/span_System Console' is clicked on

2021-05-29 12:40:07 - [TEST_STEP][PASSED] - click(findTestObject("1412263_Page_System Console - Mattermost/a_Password")): Object: 'Object Repository/1412263_Page_System Console - Mattermost/a_Password' is clicked on

2021-05-29 12:40:12 - [MESSAGE][PASSED] - Object: 'Object Repository/1412263_Page_System Console - Mattermost/a_Password' is clicked on

2021-05-29 12:40:12 - [TEST_STEP][PASSED] - setText(findTestObject("1412263_Page_System Console - Mattermost/input_Minimum Password Length_passwordMinim_e95e98"), "6"): Text '6' is set on object 'Object Repository/1412263_Page_System Console - Mattermost/input_Minimum Password Length_passwordMinim_e95e98'

2021-05-29 12:40:14 - [MESSAGE][PASSED] - Text '6' is set on object 'Object Repository/1412263_Page_System Console - Mattermost/input_Minimum Password Length_passwordMinim_e95e98'

2021-05-29 12:40:14 - [TEST_STEP][PASSED] - click(findTestObject("1412263_Page_System Console - Mattermost/button_Save")): Object: 'Object Repository/1412263_Page_System Console - Mattermost/button_Save' is clicked on

2021-05-29 12:40:14 - [MESSAGE][PASSED] - Object: 'Object Repository/1412263_Page_System Console - Mattermost/button_Save' is clicked on

2021-05-29 12:40:14 - [TEST_STEP][PASSED] - closeBrowser(): Browser is closed

2021-05-29 12:40:15 - [MESSAGE][PASSED] - Browser is closed]]></system-out>
         <system-err><![CDATA[]]></system-err>
      </testcase>
      <testcase name="Test Cases/1412263/TC52_APILogin" time="2.549" classname="Test Cases/1412263/TC52_APILogin" status="PASSED">
         <system-out><![CDATA[2021-05-29 12:40:15 - [TEST_CASE][PASSED] - Test Cases/1412263/TC52_APILogin: Test Cases/1412263/TC52_APILogin

2021-05-29 12:40:15 - [TEST_STEP][PASSED] - sendRequest(findTestObject("1412263_API_Mattermost/API_Login")): Send request successfully

2021-05-29 12:40:17 - [MESSAGE][INFO] - HAR: C:\Users\Bao Chau\Katalon Studio\Mattermost_AutoTesting\Reports\20210529_123529\1612049\Run all test cases\20210529_123529\requests\main\0.har

2021-05-29 12:40:17 - [MESSAGE][PASSED] - Send request successfully]]></system-out>
         <system-err><![CDATA[]]></system-err>
      </testcase>
      <testcase name="Test Cases/1412263/TC53_APISignUp" time="1.596" classname="Test Cases/1412263/TC53_APISignUp" status="PASSED">
         <system-out><![CDATA[2021-05-29 12:40:17 - [TEST_CASE][PASSED] - Test Cases/1412263/TC53_APISignUp: Test Cases/1412263/TC53_APISignUp

2021-05-29 12:40:18 - [TEST_STEP][PASSED] - sendRequest(findTestObject("1412263_API_Mattermost/API_SignUp")): Send request successfully

2021-05-29 12:40:19 - [MESSAGE][INFO] - HAR: C:\Users\Bao Chau\Katalon Studio\Mattermost_AutoTesting\Reports\20210529_123529\1612049\Run all test cases\20210529_123529\requests\main\1.har

2021-05-29 12:40:19 - [MESSAGE][PASSED] - Send request successfully]]></system-out>
         <system-err><![CDATA[]]></system-err>
      </testcase>
      <testcase name="Test Cases/1412263/TC54_APISendMessage" time="2.841" classname="Test Cases/1412263/TC54_APISendMessage" status="PASSED">
         <system-out><![CDATA[2021-05-29 12:40:19 - [TEST_CASE][PASSED] - Test Cases/1412263/TC54_APISendMessage: Test Cases/1412263/TC54_APISendMessage

2021-05-29 12:40:19 - [TEST_STEP][PASSED] - loginResponse = sendRequest(findTestObject("Object Repository/1412263_API_Mattermost/API_Login")): Send request successfully

2021-05-29 12:40:21 - [MESSAGE][INFO] - HAR: C:\Users\Bao Chau\Katalon Studio\Mattermost_AutoTesting\Reports\20210529_123529\1612049\Run all test cases\20210529_123529\requests\main\2.har

2021-05-29 12:40:21 - [MESSAGE][PASSED] - Send request successfully

2021-05-29 12:40:21 - [TEST_STEP][PASSED] - parsed = loginResponse.getHeaderFields(): null

2021-05-29 12:40:21 - [TEST_STEP][PASSED] - tokenAPI = Token: null

2021-05-29 12:40:21 - [TEST_STEP][PASSED] - token = "Bearer " + tokenAPI.substring(1, tokenAPI.length() - 1): null

2021-05-29 12:40:21 - [TEST_STEP][PASSED] - sendMessageRequest = findTestObject("Object Repository/1412263_API_Mattermost/API_SendMessage_2"): null

2021-05-29 12:40:21 - [TEST_STEP][PASSED] - HTTPHeader = new java.util.ArrayList(): null

2021-05-29 12:40:21 - [TEST_STEP][PASSED] - authorizationTest = new com.kms.katalon.core.testobject.TestObjectProperty(Authorization, com.kms.katalon.core.testobject.ConditionType.EQUALS, token): null

2021-05-29 12:40:21 - [TEST_STEP][PASSED] - HTTPHeader.add(authorizationTest): null

2021-05-29 12:40:21 - [TEST_STEP][PASSED] - sendMessageRequest.setHttpHeaderProperties(HTTPHeader): null

2021-05-29 12:40:21 - [TEST_STEP][PASSED] - response = sendRequest(sendMessageRequest): Send request successfully

2021-05-29 12:40:22 - [MESSAGE][INFO] - HAR: C:\Users\Bao Chau\Katalon Studio\Mattermost_AutoTesting\Reports\20210529_123529\1612049\Run all test cases\20210529_123529\requests\main\3.har

2021-05-29 12:40:22 - [MESSAGE][PASSED] - Send request successfully

2021-05-29 12:40:22 - [TEST_STEP][PASSED] - verifyElementPropertyValue(response, "channel_id", "3bba45je8pyjtp8s4cgk6iei3c"): Verify element property value successfully

2021-05-29 12:40:22 - [MESSAGE][PASSED] - Verify element property value successfully

2021-05-29 12:40:22 - [TEST_STEP][PASSED] - verifyElementPropertyValue(response, "message", "Coco Jambo"): Verify element property value successfully

2021-05-29 12:40:22 - [MESSAGE][PASSED] - Verify element property value successfully]]></system-out>
         <system-err><![CDATA[]]></system-err>
      </testcase>
      <testcase name="Test Cases/1712666/TC55_ChangeNameAPI" time="3.067" classname="Test Cases/1712666/TC55_ChangeNameAPI" status="PASSED">
         <system-out><![CDATA[2021-05-29 12:40:22 - [TEST_CASE][PASSED] - Test Cases/1712666/TC55_ChangeNameAPI: Test Cases/1712666/TC55_ChangeNameAPI

2021-05-29 12:40:22 - [TEST_STEP][PASSED] - loginResponse = sendRequest(findTestObject("Object Repository/1712666_API_Mattermost/CommonAPI/Common_LoginAPI")): Send request successfully

2021-05-29 12:40:24 - [MESSAGE][INFO] - HAR: C:\Users\Bao Chau\Katalon Studio\Mattermost_AutoTesting\Reports\20210529_123529\1612049\Run all test cases\20210529_123529\requests\main\4.har

2021-05-29 12:40:24 - [MESSAGE][PASSED] - Send request successfully

2021-05-29 12:40:24 - [TEST_STEP][PASSED] - parsed = loginResponse.getHeaderFields(): null

2021-05-29 12:40:24 - [TEST_STEP][PASSED] - tokenAPI = Token: null

2021-05-29 12:40:24 - [TEST_STEP][PASSED] - token = "Bearer " + tokenAPI.substring(1, tokenAPI.length() - 1): null

2021-05-29 12:40:24 - [TEST_STEP][PASSED] - changeNameRequest = findTestObject("1712666_API_Mattermost/ChangeNameAPI"): null

2021-05-29 12:40:24 - [TEST_STEP][PASSED] - HTTPHeader = new java.util.ArrayList(): null

2021-05-29 12:40:24 - [TEST_STEP][PASSED] - authorizationTest = new com.kms.katalon.core.testobject.TestObjectProperty(Authorization, com.kms.katalon.core.testobject.ConditionType.EQUALS, token): null

2021-05-29 12:40:24 - [TEST_STEP][PASSED] - HTTPHeader.add(authorizationTest): null

2021-05-29 12:40:24 - [TEST_STEP][PASSED] - changeNameRequest.setHttpHeaderProperties(HTTPHeader): null

2021-05-29 12:40:24 - [TEST_STEP][PASSED] - response = sendRequest(changeNameRequest): Send request successfully

2021-05-29 12:40:25 - [MESSAGE][INFO] - HAR: C:\Users\Bao Chau\Katalon Studio\Mattermost_AutoTesting\Reports\20210529_123529\1612049\Run all test cases\20210529_123529\requests\main\5.har

2021-05-29 12:40:25 - [MESSAGE][PASSED] - Send request successfully

2021-05-29 12:40:25 - [TEST_STEP][PASSED] - verifyElementPropertyValue(response, "first_name", "test first name"): Verify element property value successfully

2021-05-29 12:40:25 - [MESSAGE][PASSED] - Verify element property value successfully

2021-05-29 12:40:25 - [TEST_STEP][PASSED] - verifyElementPropertyValue(response, "last_name", "test last name"): Verify element property value successfully

2021-05-29 12:40:25 - [MESSAGE][PASSED] - Verify element property value successfully]]></system-out>
         <system-err><![CDATA[]]></system-err>
      </testcase>
      <testcase name="Test Cases/1712666/TC56_SearchUserAPI" time="2.989" classname="Test Cases/1712666/TC56_SearchUserAPI" status="PASSED">
         <system-out><![CDATA[2021-05-29 12:40:25 - [TEST_CASE][PASSED] - Test Cases/1712666/TC56_SearchUserAPI: Test Cases/1712666/TC56_SearchUserAPI

2021-05-29 12:40:25 - [TEST_STEP][PASSED] - loginResponse = sendRequest(findTestObject("Object Repository/1712666_API_Mattermost/CommonAPI/Common_LoginAPI")): Send request successfully

2021-05-29 12:40:27 - [MESSAGE][INFO] - HAR: C:\Users\Bao Chau\Katalon Studio\Mattermost_AutoTesting\Reports\20210529_123529\1612049\Run all test cases\20210529_123529\requests\main\6.har

2021-05-29 12:40:27 - [MESSAGE][PASSED] - Send request successfully

2021-05-29 12:40:27 - [TEST_STEP][PASSED] - parsed = loginResponse.getHeaderFields(): null

2021-05-29 12:40:27 - [TEST_STEP][PASSED] - tokenAPI = Token: null

2021-05-29 12:40:27 - [TEST_STEP][PASSED] - token = "Bearer " + tokenAPI.substring(1, tokenAPI.length() - 1): null

2021-05-29 12:40:27 - [TEST_STEP][PASSED] - searchUserRequest = findTestObject("1712666_API_Mattermost/SearchUserAPI"): null

2021-05-29 12:40:27 - [TEST_STEP][PASSED] - HTTPHeader = new java.util.ArrayList(): null

2021-05-29 12:40:27 - [TEST_STEP][PASSED] - authorizationTest = new com.kms.katalon.core.testobject.TestObjectProperty(Authorization, com.kms.katalon.core.testobject.ConditionType.EQUALS, token): null

2021-05-29 12:40:27 - [TEST_STEP][PASSED] - HTTPHeader.add(authorizationTest): null

2021-05-29 12:40:27 - [TEST_STEP][PASSED] - searchUserRequest.setHttpHeaderProperties(HTTPHeader): null

2021-05-29 12:40:27 - [TEST_STEP][PASSED] - response = sendRequest(searchUserRequest): Send request successfully

2021-05-29 12:40:28 - [MESSAGE][INFO] - HAR: C:\Users\Bao Chau\Katalon Studio\Mattermost_AutoTesting\Reports\20210529_123529\1612049\Run all test cases\20210529_123529\requests\main\7.har

2021-05-29 12:40:28 - [MESSAGE][PASSED] - Send request successfully

2021-05-29 12:40:28 - [TEST_STEP][PASSED] - verifyElementPropertyValue(response, "[0].username", "phuc"): Verify element property value successfully

2021-05-29 12:40:28 - [MESSAGE][PASSED] - Verify element property value successfully]]></system-out>
         <system-err><![CDATA[]]></system-err>
      </testcase>
      <testcase name="Test Cases/1712666/TC57_SearchPublicChannelAPI" time="2.898" classname="Test Cases/1712666/TC57_SearchPublicChannelAPI" status="PASSED">
         <system-out><![CDATA[2021-05-29 12:40:28 - [TEST_CASE][PASSED] - Test Cases/1712666/TC57_SearchPublicChannelAPI: Test Cases/1712666/TC57_SearchPublicChannelAPI

2021-05-29 12:40:28 - [TEST_STEP][PASSED] - loginResponse = sendRequest(findTestObject("Object Repository/1712666_API_Mattermost/CommonAPI/Common_LoginAPI")): Send request successfully

2021-05-29 12:40:30 - [MESSAGE][INFO] - HAR: C:\Users\Bao Chau\Katalon Studio\Mattermost_AutoTesting\Reports\20210529_123529\1612049\Run all test cases\20210529_123529\requests\main\8.har

2021-05-29 12:40:30 - [MESSAGE][PASSED] - Send request successfully

2021-05-29 12:40:30 - [TEST_STEP][PASSED] - parsed = loginResponse.getHeaderFields(): null

2021-05-29 12:40:30 - [TEST_STEP][PASSED] - tokenAPI = Token: null

2021-05-29 12:40:30 - [TEST_STEP][PASSED] - token = "Bearer " + tokenAPI.substring(1, tokenAPI.length() - 1): null

2021-05-29 12:40:30 - [TEST_STEP][PASSED] - searchPublicChannelRequest = findTestObject("1712666_API_Mattermost/SearchPublicChannelAPI"): null

2021-05-29 12:40:30 - [TEST_STEP][PASSED] - HTTPHeader = new java.util.ArrayList(): null

2021-05-29 12:40:30 - [TEST_STEP][PASSED] - authorizationTest = new com.kms.katalon.core.testobject.TestObjectProperty(Authorization, com.kms.katalon.core.testobject.ConditionType.EQUALS, token): null

2021-05-29 12:40:30 - [TEST_STEP][PASSED] - HTTPHeader.add(authorizationTest): null

2021-05-29 12:40:30 - [TEST_STEP][PASSED] - searchPublicChannelRequest.setHttpHeaderProperties(HTTPHeader): null

2021-05-29 12:40:30 - [TEST_STEP][PASSED] - response = sendRequest(searchPublicChannelRequest): Send request successfully

2021-05-29 12:40:31 - [MESSAGE][INFO] - HAR: C:\Users\Bao Chau\Katalon Studio\Mattermost_AutoTesting\Reports\20210529_123529\1612049\Run all test cases\20210529_123529\requests\main\9.har

2021-05-29 12:40:31 - [MESSAGE][PASSED] - Send request successfully

2021-05-29 12:40:31 - [TEST_STEP][PASSED] - verifyElementPropertyValue(response, "[0].name", "test1"): Verify element property value successfully

2021-05-29 12:40:31 - [MESSAGE][PASSED] - Verify element property value successfully]]></system-out>
         <system-err><![CDATA[]]></system-err>
      </testcase>
      <testcase name="Test Cases/1712666/TC58_LogoutAPI" time="3.5" classname="Test Cases/1712666/TC58_LogoutAPI" status="PASSED">
         <system-out><![CDATA[2021-05-29 12:40:31 - [TEST_CASE][PASSED] - Test Cases/1712666/TC58_LogoutAPI: Test Cases/1712666/TC58_LogoutAPI

2021-05-29 12:40:31 - [TEST_STEP][PASSED] - loginResponse = sendRequest(findTestObject("Object Repository/1712666_API_Mattermost/CommonAPI/Common_LoginAPI")): Send request successfully

2021-05-29 12:40:33 - [MESSAGE][INFO] - HAR: C:\Users\Bao Chau\Katalon Studio\Mattermost_AutoTesting\Reports\20210529_123529\1612049\Run all test cases\20210529_123529\requests\main\10.har

2021-05-29 12:40:33 - [MESSAGE][PASSED] - Send request successfully

2021-05-29 12:40:33 - [TEST_STEP][PASSED] - parsed = loginResponse.getHeaderFields(): null

2021-05-29 12:40:33 - [TEST_STEP][PASSED] - tokenAPI = Token: null

2021-05-29 12:40:33 - [TEST_STEP][PASSED] - token = "Bearer " + tokenAPI.substring(1, tokenAPI.length() - 1): null

2021-05-29 12:40:33 - [TEST_STEP][PASSED] - logoutRequest = findTestObject("1712666_API_Mattermost/LogoutAPI"): null

2021-05-29 12:40:33 - [TEST_STEP][PASSED] - HTTPHeader = new java.util.ArrayList(): null

2021-05-29 12:40:33 - [TEST_STEP][PASSED] - authorizationTest = new com.kms.katalon.core.testobject.TestObjectProperty(Authorization, com.kms.katalon.core.testobject.ConditionType.EQUALS, token): null

2021-05-29 12:40:33 - [TEST_STEP][PASSED] - HTTPHeader.add(authorizationTest): null

2021-05-29 12:40:33 - [TEST_STEP][PASSED] - logoutRequest.setHttpHeaderProperties(HTTPHeader): null

2021-05-29 12:40:33 - [TEST_STEP][PASSED] - response = sendRequest(logoutRequest): Send request successfully

2021-05-29 12:40:34 - [MESSAGE][INFO] - HAR: C:\Users\Bao Chau\Katalon Studio\Mattermost_AutoTesting\Reports\20210529_123529\1612049\Run all test cases\20210529_123529\requests\main\11.har

2021-05-29 12:40:34 - [MESSAGE][PASSED] - Send request successfully

2021-05-29 12:40:34 - [TEST_STEP][PASSED] - verifyElementPropertyValue(response, "status", "OK"): Verify element property value successfully

2021-05-29 12:40:34 - [MESSAGE][PASSED] - Verify element property value successfully]]></system-out>
         <system-err><![CDATA[]]></system-err>
      </testcase>
      <testcase name="Test Cases/1712612/TC20_Update_channel_purpose" time="26.156" classname="Test Cases/1712612/TC20_Update_channel_purpose" status="PASSED">
         <system-out><![CDATA[2021-05-29 12:40:34 - [TEST_CASE][PASSED] - Test Cases/1712612/TC20_Update_channel_purpose: Test Cases/1712612/TC20_Update_channel_purpose

2021-05-29 12:40:35 - [TEST_STEP][PASSED] - callTestCase(findTestCase("1712612/CommonTC/TC_OpenPage"), [:], STOP_ON_FAILURE): Call Test Case 'Test Cases/1712612/CommonTC/TC_OpenPage' successfully

2021-05-29 12:40:35 - [TEST_CASE][PASSED] - Test Cases/1712612/CommonTC/TC_OpenPage: Test Cases/1712612/CommonTC/TC_OpenPage

2021-05-29 12:40:35 - [TEST_STEP][PASSED] - openBrowser(""): Browser is opened with url: ''

2021-05-29 12:40:35 - [MESSAGE][INFO] - Starting 'Chrome' driver

2021-05-29 12:40:35 - [MESSAGE][INFO] - Action delay is set to 0 milliseconds

2021-05-29 12:40:36 - [MESSAGE][PASSED] - Browser is opened with url: ''

2021-05-29 12:40:36 - [TEST_STEP][PASSED] - navigateToUrl("https://mattermostwebapp.herokuapp.com/login"): Navigate to 'https://mattermostwebapp.herokuapp.com/login' successfully

2021-05-29 12:40:41 - [MESSAGE][PASSED] - Navigate to 'https://mattermostwebapp.herokuapp.com/login' successfully

2021-05-29 12:40:41 - [MESSAGE][PASSED] - Call Test Case 'Test Cases/1712612/CommonTC/TC_OpenPage' successfully

2021-05-29 12:40:41 - [TEST_STEP][PASSED] - callTestCase(findTestCase("1712612/CommonTC/TC_Login"), [:], STOP_ON_FAILURE): Call Test Case 'Test Cases/1712612/CommonTC/TC_Login' successfully

2021-05-29 12:40:41 - [TEST_CASE][PASSED] - Test Cases/1712612/CommonTC/TC_Login: Test Cases/1712612/CommonTC/TC_Login

2021-05-29 12:40:41 - [TEST_STEP][PASSED] - verifyElementVisible(findTestObject("Object Repository/1712612_Mattermost Object/Page_Mattermost/input_login_username"), STOP_ON_FAILURE): Object 'Object Repository/1712612_Mattermost Object/Page_Mattermost/input_login_username' is visible

2021-05-29 12:40:45 - [MESSAGE][PASSED] - Object 'Object Repository/1712612_Mattermost Object/Page_Mattermost/input_login_username' is visible

2021-05-29 12:40:45 - [TEST_STEP][PASSED] - verifyElementVisible(findTestObject("Object Repository/1712612_Mattermost Object/Page_Mattermost/input_login_password"), STOP_ON_FAILURE): Object 'Object Repository/1712612_Mattermost Object/Page_Mattermost/input_login_password' is visible

2021-05-29 12:40:46 - [MESSAGE][PASSED] - Object 'Object Repository/1712612_Mattermost Object/Page_Mattermost/input_login_password' is visible

2021-05-29 12:40:46 - [TEST_STEP][PASSED] - setText(findTestObject("Object Repository/1712612_Mattermost Object/Page_Mattermost/input_login_username"), "nghi_tran"): Text 'nghi_tran' is set on object 'Object Repository/1712612_Mattermost Object/Page_Mattermost/input_login_username'

2021-05-29 12:40:46 - [MESSAGE][PASSED] - Text 'nghi_tran' is set on object 'Object Repository/1712612_Mattermost Object/Page_Mattermost/input_login_username'

2021-05-29 12:40:46 - [TEST_STEP][PASSED] - setEncryptedText(findTestObject("Object Repository/1712612_Mattermost Object/Page_Mattermost/input_login_password"), "KBlHou+hFmnFUOUwxwboiw=="): Text ****** has been set on object 'Object Repository/1712612_Mattermost Object/Page_Mattermost/input_login_password'

2021-05-29 12:40:47 - [MESSAGE][PASSED] - Text ****** has been set on object 'Object Repository/1712612_Mattermost Object/Page_Mattermost/input_login_password'

2021-05-29 12:40:47 - [TEST_STEP][PASSED] - click(findTestObject("Object Repository/1712612_Mattermost Object/Page_Mattermost/button_Sign in")): Object: 'Object Repository/1712612_Mattermost Object/Page_Mattermost/button_Sign in' is clicked on

2021-05-29 12:40:47 - [MESSAGE][PASSED] - Object: 'Object Repository/1712612_Mattermost Object/Page_Mattermost/button_Sign in' is clicked on

2021-05-29 12:40:47 - [TEST_STEP][PASSED] - verifyElementVisible(findTestObject("Object Repository/1712612_Mattermost Object/Page_Town Square - another Mattermost/img__Avatar Avatar-lg"), STOP_ON_FAILURE): Object 'Object Repository/1712612_Mattermost Object/Page_Town Square - another Mattermost/img__Avatar Avatar-lg' is visible

2021-05-29 12:40:51 - [MESSAGE][PASSED] - Object 'Object Repository/1712612_Mattermost Object/Page_Town Square - another Mattermost/img__Avatar Avatar-lg' is visible

2021-05-29 12:40:51 - [MESSAGE][PASSED] - Call Test Case 'Test Cases/1712612/CommonTC/TC_Login' successfully

2021-05-29 12:40:51 - [TEST_STEP][PASSED] - navigateToUrl("https://mattermostwebapp.herokuapp.com/test-1712612/channels/update-channel-purpose"): Navigate to 'https://mattermostwebapp.herokuapp.com/test-1712612/channels/update-channel-purpose' successfully

2021-05-29 12:40:52 - [MESSAGE][PASSED] - Navigate to 'https://mattermostwebapp.herokuapp.com/test-1712612/channels/update-channel-purpose' successfully

2021-05-29 12:40:52 - [TEST_STEP][PASSED] - click(findTestObject("Object Repository/1712612_Mattermost Object/Page_Update channel purpose - Test 1712612 _81d6bc/button_Update channel purpose")): Object: 'Object Repository/1712612_Mattermost Object/Page_Update channel purpose - Test 1712612 _81d6bc/button_Update channel purpose' is clicked on

2021-05-29 12:40:55 - [MESSAGE][PASSED] - Object: 'Object Repository/1712612_Mattermost Object/Page_Update channel purpose - Test 1712612 _81d6bc/button_Update channel purpose' is clicked on

2021-05-29 12:40:55 - [TEST_STEP][PASSED] - click(findTestObject("Object Repository/1712612_Mattermost Object/Page_Update channel purpose - Test 1712612 _81d6bc/button_Edit Channel Purpose")): Object: 'Object Repository/1712612_Mattermost Object/Page_Update channel purpose - Test 1712612 _81d6bc/button_Edit Channel Purpose' is clicked on

2021-05-29 12:40:55 - [MESSAGE][PASSED] - Object: 'Object Repository/1712612_Mattermost Object/Page_Update channel purpose - Test 1712612 _81d6bc/button_Edit Channel Purpose' is clicked on

2021-05-29 12:40:55 - [TEST_STEP][PASSED] - click(findTestObject("Object Repository/1712612_Mattermost Object/Page_Update channel purpose - Test 1712612 _81d6bc/div_CloseEdit Purpose for Update channel pu_f30fff")): Object: 'Object Repository/1712612_Mattermost Object/Page_Update channel purpose - Test 1712612 _81d6bc/div_CloseEdit Purpose for Update channel pu_f30fff' is clicked on

2021-05-29 12:40:56 - [MESSAGE][PASSED] - Object: 'Object Repository/1712612_Mattermost Object/Page_Update channel purpose - Test 1712612 _81d6bc/div_CloseEdit Purpose for Update channel pu_f30fff' is clicked on

2021-05-29 12:40:56 - [TEST_STEP][PASSED] - setText(findTestObject("Object Repository/1712612_Mattermost Object/Page_Update channel purpose - Test 1712612 _81d6bc/textarea_This is update channel purpose"), "This is update channel purpose."): Text 'This is update channel purpose.' is set on object 'Object Repository/1712612_Mattermost Object/Page_Update channel purpose - Test 1712612 _81d6bc/textarea_This is update channel purpose'

2021-05-29 12:40:57 - [MESSAGE][PASSED] - Text 'This is update channel purpose.' is set on object 'Object Repository/1712612_Mattermost Object/Page_Update channel purpose - Test 1712612 _81d6bc/textarea_This is update channel purpose'

2021-05-29 12:40:57 - [TEST_STEP][PASSED] - click(findTestObject("Object Repository/1712612_Mattermost Object/Page_Update channel purpose - Test 1712612 _81d6bc/button_Save")): Object: 'Object Repository/1712612_Mattermost Object/Page_Update channel purpose - Test 1712612 _81d6bc/button_Save' is clicked on

2021-05-29 12:40:57 - [MESSAGE][PASSED] - Object: 'Object Repository/1712612_Mattermost Object/Page_Update channel purpose - Test 1712612 _81d6bc/button_Save' is clicked on

2021-05-29 12:40:57 - [TEST_STEP][PASSED] - click(findTestObject("Object Repository/1712612_Mattermost Object/Page_Update channel purpose - Test 1712612 _81d6bc/button_Update channel purpose")): Object: 'Object Repository/1712612_Mattermost Object/Page_Update channel purpose - Test 1712612 _81d6bc/button_Update channel purpose' is clicked on

2021-05-29 12:40:58 - [MESSAGE][PASSED] - Object: 'Object Repository/1712612_Mattermost Object/Page_Update channel purpose - Test 1712612 _81d6bc/button_Update channel purpose' is clicked on

2021-05-29 12:40:58 - [TEST_STEP][PASSED] - click(findTestObject("Object Repository/1712612_Mattermost Object/Page_Update channel purpose - Test 1712612 _81d6bc/button_View Info")): Object: 'Object Repository/1712612_Mattermost Object/Page_Update channel purpose - Test 1712612 _81d6bc/button_View Info' is clicked on

2021-05-29 12:40:59 - [MESSAGE][PASSED] - Object: 'Object Repository/1712612_Mattermost Object/Page_Update channel purpose - Test 1712612 _81d6bc/button_View Info' is clicked on

2021-05-29 12:40:59 - [TEST_STEP][PASSED] - verifyTextPresent("This is update channel purpose.", false): Text 'This is update channel purpose.' is present on page 

2021-05-29 12:41:00 - [MESSAGE][PASSED] - Text 'This is update channel purpose.' is present on page 

2021-05-29 12:41:00 - [TEST_STEP][PASSED] - closeBrowser(): Browser is closed

2021-05-29 12:41:00 - [MESSAGE][PASSED] - Browser is closed]]></system-out>
         <system-err><![CDATA[]]></system-err>
      </testcase>
      <testcase name="Test Cases/1712612/TC21_RenameChannel" time="24.086" classname="Test Cases/1712612/TC21_RenameChannel" status="PASSED">
         <system-out><![CDATA[2021-05-29 12:41:00 - [TEST_CASE][PASSED] - Test Cases/1712612/TC21_RenameChannel: Test Cases/1712612/TC21_RenameChannel

2021-05-29 12:41:01 - [TEST_STEP][PASSED] - callTestCase(findTestCase("1712612/CommonTC/TC_OpenPage"), [:], STOP_ON_FAILURE): Call Test Case 'Test Cases/1712612/CommonTC/TC_OpenPage' successfully

2021-05-29 12:41:01 - [TEST_CASE][PASSED] - Test Cases/1712612/CommonTC/TC_OpenPage: Test Cases/1712612/CommonTC/TC_OpenPage

2021-05-29 12:41:01 - [TEST_STEP][PASSED] - openBrowser(""): Browser is opened with url: ''

2021-05-29 12:41:01 - [MESSAGE][INFO] - Starting 'Chrome' driver

2021-05-29 12:41:01 - [MESSAGE][INFO] - Action delay is set to 0 milliseconds

2021-05-29 12:41:02 - [MESSAGE][PASSED] - Browser is opened with url: ''

2021-05-29 12:41:02 - [TEST_STEP][PASSED] - navigateToUrl("https://mattermostwebapp.herokuapp.com/login"): Navigate to 'https://mattermostwebapp.herokuapp.com/login' successfully

2021-05-29 12:41:07 - [MESSAGE][PASSED] - Navigate to 'https://mattermostwebapp.herokuapp.com/login' successfully

2021-05-29 12:41:07 - [MESSAGE][PASSED] - Call Test Case 'Test Cases/1712612/CommonTC/TC_OpenPage' successfully

2021-05-29 12:41:07 - [TEST_STEP][PASSED] - callTestCase(findTestCase("1712612/CommonTC/TC_Login"), [:], STOP_ON_FAILURE): Call Test Case 'Test Cases/1712612/CommonTC/TC_Login' successfully

2021-05-29 12:41:08 - [TEST_CASE][PASSED] - Test Cases/1712612/CommonTC/TC_Login: Test Cases/1712612/CommonTC/TC_Login

2021-05-29 12:41:08 - [TEST_STEP][PASSED] - verifyElementVisible(findTestObject("Object Repository/1712612_Mattermost Object/Page_Mattermost/input_login_username"), STOP_ON_FAILURE): Object 'Object Repository/1712612_Mattermost Object/Page_Mattermost/input_login_username' is visible

2021-05-29 12:41:12 - [MESSAGE][PASSED] - Object 'Object Repository/1712612_Mattermost Object/Page_Mattermost/input_login_username' is visible

2021-05-29 12:41:12 - [TEST_STEP][PASSED] - verifyElementVisible(findTestObject("Object Repository/1712612_Mattermost Object/Page_Mattermost/input_login_password"), STOP_ON_FAILURE): Object 'Object Repository/1712612_Mattermost Object/Page_Mattermost/input_login_password' is visible

2021-05-29 12:41:12 - [MESSAGE][PASSED] - Object 'Object Repository/1712612_Mattermost Object/Page_Mattermost/input_login_password' is visible

2021-05-29 12:41:12 - [TEST_STEP][PASSED] - setText(findTestObject("Object Repository/1712612_Mattermost Object/Page_Mattermost/input_login_username"), "nghi_tran"): Text 'nghi_tran' is set on object 'Object Repository/1712612_Mattermost Object/Page_Mattermost/input_login_username'

2021-05-29 12:41:13 - [MESSAGE][PASSED] - Text 'nghi_tran' is set on object 'Object Repository/1712612_Mattermost Object/Page_Mattermost/input_login_username'

2021-05-29 12:41:13 - [TEST_STEP][PASSED] - setEncryptedText(findTestObject("Object Repository/1712612_Mattermost Object/Page_Mattermost/input_login_password"), "KBlHou+hFmnFUOUwxwboiw=="): Text ****** has been set on object 'Object Repository/1712612_Mattermost Object/Page_Mattermost/input_login_password'

2021-05-29 12:41:14 - [MESSAGE][PASSED] - Text ****** has been set on object 'Object Repository/1712612_Mattermost Object/Page_Mattermost/input_login_password'

2021-05-29 12:41:14 - [TEST_STEP][PASSED] - click(findTestObject("Object Repository/1712612_Mattermost Object/Page_Mattermost/button_Sign in")): Object: 'Object Repository/1712612_Mattermost Object/Page_Mattermost/button_Sign in' is clicked on

2021-05-29 12:41:14 - [MESSAGE][PASSED] - Object: 'Object Repository/1712612_Mattermost Object/Page_Mattermost/button_Sign in' is clicked on

2021-05-29 12:41:14 - [TEST_STEP][PASSED] - verifyElementVisible(findTestObject("Object Repository/1712612_Mattermost Object/Page_Town Square - another Mattermost/img__Avatar Avatar-lg"), STOP_ON_FAILURE): Object 'Object Repository/1712612_Mattermost Object/Page_Town Square - another Mattermost/img__Avatar Avatar-lg' is visible

2021-05-29 12:41:19 - [MESSAGE][PASSED] - Object 'Object Repository/1712612_Mattermost Object/Page_Town Square - another Mattermost/img__Avatar Avatar-lg' is visible

2021-05-29 12:41:19 - [MESSAGE][PASSED] - Call Test Case 'Test Cases/1712612/CommonTC/TC_Login' successfully

2021-05-29 12:41:19 - [TEST_STEP][PASSED] - navigateToUrl("https://mattermostwebapp.herokuapp.com/test-1712612/channels/channel"): Navigate to 'https://mattermostwebapp.herokuapp.com/test-1712612/channels/channel' successfully

2021-05-29 12:41:19 - [MESSAGE][PASSED] - Navigate to 'https://mattermostwebapp.herokuapp.com/test-1712612/channels/channel' successfully

2021-05-29 12:41:19 - [TEST_STEP][PASSED] - click(findTestObject("Object Repository/1712612_Mattermost Object/Page_channel - Test 1712612 Mattermost/button_channel")): Object: 'Object Repository/1712612_Mattermost Object/Page_channel - Test 1712612 Mattermost/button_channel' is clicked on

2021-05-29 12:41:22 - [MESSAGE][PASSED] - Object: 'Object Repository/1712612_Mattermost Object/Page_channel - Test 1712612 Mattermost/button_channel' is clicked on

2021-05-29 12:41:22 - [TEST_STEP][PASSED] - click(findTestObject("Object Repository/1712612_Mattermost Object/Page_channel - Test 1712612 Mattermost/button_Rename Channel")): Object: 'Object Repository/1712612_Mattermost Object/Page_channel - Test 1712612 Mattermost/button_Rename Channel' is clicked on

2021-05-29 12:41:22 - [MESSAGE][PASSED] - Object: 'Object Repository/1712612_Mattermost Object/Page_channel - Test 1712612 Mattermost/button_Rename Channel' is clicked on

2021-05-29 12:41:22 - [TEST_STEP][PASSED] - setText(findTestObject("Object Repository/1712612_Mattermost Object/Page_channel - Test 1712612 Mattermost/input_Display Name_display_name"), "channels"): Text 'channels' is set on object 'Object Repository/1712612_Mattermost Object/Page_channel - Test 1712612 Mattermost/input_Display Name_display_name'

2021-05-29 12:41:23 - [MESSAGE][PASSED] - Text 'channels' is set on object 'Object Repository/1712612_Mattermost Object/Page_channel - Test 1712612 Mattermost/input_Display Name_display_name'

2021-05-29 12:41:23 - [TEST_STEP][PASSED] - click(findTestObject("Object Repository/1712612_Mattermost Object/Page_channel - Test 1712612 Mattermost/button_Save")): Object: 'Object Repository/1712612_Mattermost Object/Page_channel - Test 1712612 Mattermost/button_Save' is clicked on

2021-05-29 12:41:24 - [MESSAGE][PASSED] - Object: 'Object Repository/1712612_Mattermost Object/Page_channel - Test 1712612 Mattermost/button_Save' is clicked on

2021-05-29 12:41:24 - [TEST_STEP][PASSED] - closeBrowser(): Browser is closed

2021-05-29 12:41:24 - [MESSAGE][PASSED] - Browser is closed]]></system-out>
         <system-err><![CDATA[]]></system-err>
      </testcase>
      <testcase name="Test Cases/1612049/TC36_SearchMessages" time="41.143" classname="Test Cases/1612049/TC36_SearchMessages" status="PASSED">
         <system-out><![CDATA[2021-05-29 12:41:24 - [TEST_CASE][PASSED] - Test Cases/1612049/TC36_SearchMessages: Test Cases/1612049/TC36_SearchMessages

2021-05-29 12:41:25 - [TEST_STEP][PASSED] - openBrowser(""): Browser is opened with url: ''

2021-05-29 12:41:25 - [MESSAGE][INFO] - Starting 'Chrome' driver

2021-05-29 12:41:25 - [MESSAGE][INFO] - Action delay is set to 0 milliseconds

2021-05-29 12:41:26 - [MESSAGE][PASSED] - Browser is opened with url: ''

2021-05-29 12:41:26 - [TEST_STEP][PASSED] - navigateToUrl("https://mattermostwebapp.herokuapp.com/"): Navigate to 'https://mattermostwebapp.herokuapp.com/' successfully

2021-05-29 12:41:30 - [MESSAGE][PASSED] - Navigate to 'https://mattermostwebapp.herokuapp.com/' successfully

2021-05-29 12:41:30 - [TEST_STEP][PASSED] - callTestCase(findTestCase("1612049/CommonTC/CTC_Login"), ["username":"jooie", "password":"6z6Vi2R3i06jbzaqW0pQ8Q=="], STOP_ON_FAILURE): Call Test Case 'Test Cases/1612049/CommonTC/CTC_Login' successfully

2021-05-29 12:41:30 - [TEST_CASE][PASSED] - Test Cases/1612049/CommonTC/CTC_Login: Test Cases/1612049/CommonTC/CTC_Login

2021-05-29 12:41:30 - [TEST_STEP][PASSED] - setText(findTestObject("1612049/Login_Screen/input_LoginID"), username): Text 'jooie' is set on object 'Object Repository/1612049/Login_Screen/input_LoginID'

2021-05-29 12:41:35 - [MESSAGE][PASSED] - Text 'jooie' is set on object 'Object Repository/1612049/Login_Screen/input_LoginID'

2021-05-29 12:41:35 - [TEST_STEP][PASSED] - setEncryptedText(findTestObject("1612049/Login_Screen/input_LoginPassword"), password): Text ****** has been set on object 'Object Repository/1612049/Login_Screen/input_LoginPassword'

2021-05-29 12:41:35 - [MESSAGE][PASSED] - Text ****** has been set on object 'Object Repository/1612049/Login_Screen/input_LoginPassword'

2021-05-29 12:41:35 - [TEST_STEP][PASSED] - click(findTestObject("1612049/Login_Screen/btn_Signin")): Object: 'Object Repository/1612049/Login_Screen/btn_Signin' is clicked on

2021-05-29 12:41:36 - [MESSAGE][PASSED] - Object: 'Object Repository/1612049/Login_Screen/btn_Signin' is clicked on

2021-05-29 12:41:36 - [MESSAGE][PASSED] - Call Test Case 'Test Cases/1612049/CommonTC/CTC_Login' successfully

2021-05-29 12:41:36 - [TEST_STEP][PASSED] - click(findTestObject("1612049/Posts_Area/Posts_Area_Header/Search_Box/btn_SearchMessageButton")): Object: 'Object Repository/1612049/Posts_Area/Posts_Area_Header/Search_Box/btn_SearchMessageButton' is clicked on

2021-05-29 12:41:40 - [MESSAGE][PASSED] - Object: 'Object Repository/1612049/Posts_Area/Posts_Area_Header/Search_Box/btn_SearchMessageButton' is clicked on

2021-05-29 12:41:40 - [TEST_STEP][PASSED] - for ([index = 1, index <= 5, (index++)]): null

2021-05-29 12:41:40 - [TEST_STEP][PASSED] - setText(findTestObject("1612049/Posts_Area/Posts_Area_Header/Search_Box/input_SearchMessageBox"), findTestData("1612049/Data TC36 SearchMessages").getValue(1, index)): Text 'test' is set on object 'Object Repository/1612049/Posts_Area/Posts_Area_Header/Search_Box/input_SearchMessageBox'

2021-05-29 12:41:42 - [MESSAGE][PASSED] - Text 'test' is set on object 'Object Repository/1612049/Posts_Area/Posts_Area_Header/Search_Box/input_SearchMessageBox'

2021-05-29 12:41:42 - [TEST_STEP][PASSED] - sendKeys(findTestObject("1612049/Posts_Area/Posts_Area_Header/Search_Box/input_SearchMessageBox"), Keys.chord(ENTER)): Keys 'ENTER + ' sent to object: 'Object Repository/1612049/Posts_Area/Posts_Area_Header/Search_Box/input_SearchMessageBox'

2021-05-29 12:41:42 - [MESSAGE][PASSED] - Keys 'ENTER + ' sent to object: 'Object Repository/1612049/Posts_Area/Posts_Area_Header/Search_Box/input_SearchMessageBox'

2021-05-29 12:41:42 - [TEST_STEP][PASSED] - verifyElementPresent(findTestObject("1612049/Right_Popup/SearchResults_Popup/div_Search Results"), 5): Object 'Object Repository/1612049/Right_Popup/SearchResults_Popup/div_Search Results' is present

2021-05-29 12:41:43 - [MESSAGE][PASSED] - Object 'Object Repository/1612049/Right_Popup/SearchResults_Popup/div_Search Results' is present

2021-05-29 12:41:43 - [TEST_STEP][PASSED] - click(findTestObject("1612049/Posts_Area/Posts_Area_Header/Search_Box/btn_DeleteSearchText")): Object: 'Object Repository/1612049/Posts_Area/Posts_Area_Header/Search_Box/btn_DeleteSearchText' is clicked on

2021-05-29 12:41:44 - [MESSAGE][PASSED] - Object: 'Object Repository/1612049/Posts_Area/Posts_Area_Header/Search_Box/btn_DeleteSearchText' is clicked on

2021-05-29 12:41:44 - [TEST_STEP][PASSED] - Thread.sleep(2000): null

2021-05-29 12:41:46 - [TEST_STEP][PASSED] - setText(findTestObject("1612049/Posts_Area/Posts_Area_Header/Search_Box/input_SearchMessageBox"), findTestData("1612049/Data TC36 SearchMessages").getValue(1, index)): Text 'colo' is set on object 'Object Repository/1612049/Posts_Area/Posts_Area_Header/Search_Box/input_SearchMessageBox'

2021-05-29 12:41:46 - [MESSAGE][PASSED] - Text 'colo' is set on object 'Object Repository/1612049/Posts_Area/Posts_Area_Header/Search_Box/input_SearchMessageBox'

2021-05-29 12:41:46 - [TEST_STEP][PASSED] - sendKeys(findTestObject("1612049/Posts_Area/Posts_Area_Header/Search_Box/input_SearchMessageBox"), Keys.chord(ENTER)): Keys 'ENTER + ' sent to object: 'Object Repository/1612049/Posts_Area/Posts_Area_Header/Search_Box/input_SearchMessageBox'

2021-05-29 12:41:47 - [MESSAGE][PASSED] - Keys 'ENTER + ' sent to object: 'Object Repository/1612049/Posts_Area/Posts_Area_Header/Search_Box/input_SearchMessageBox'

2021-05-29 12:41:47 - [TEST_STEP][PASSED] - verifyElementPresent(findTestObject("1612049/Right_Popup/SearchResults_Popup/div_Search Results"), 5): Object 'Object Repository/1612049/Right_Popup/SearchResults_Popup/div_Search Results' is present

2021-05-29 12:41:48 - [MESSAGE][PASSED] - Object 'Object Repository/1612049/Right_Popup/SearchResults_Popup/div_Search Results' is present

2021-05-29 12:41:48 - [TEST_STEP][PASSED] - click(findTestObject("1612049/Posts_Area/Posts_Area_Header/Search_Box/btn_DeleteSearchText")): Object: 'Object Repository/1612049/Posts_Area/Posts_Area_Header/Search_Box/btn_DeleteSearchText' is clicked on

2021-05-29 12:41:48 - [MESSAGE][PASSED] - Object: 'Object Repository/1612049/Posts_Area/Posts_Area_Header/Search_Box/btn_DeleteSearchText' is clicked on

2021-05-29 12:41:48 - [TEST_STEP][PASSED] - Thread.sleep(2000): null

2021-05-29 12:41:50 - [TEST_STEP][PASSED] - setText(findTestObject("1612049/Posts_Area/Posts_Area_Header/Search_Box/input_SearchMessageBox"), findTestData("1612049/Data TC36 SearchMessages").getValue(1, index)): Text 'abc' is set on object 'Object Repository/1612049/Posts_Area/Posts_Area_Header/Search_Box/input_SearchMessageBox'

2021-05-29 12:41:51 - [MESSAGE][PASSED] - Text 'abc' is set on object 'Object Repository/1612049/Posts_Area/Posts_Area_Header/Search_Box/input_SearchMessageBox'

2021-05-29 12:41:51 - [TEST_STEP][PASSED] - sendKeys(findTestObject("1612049/Posts_Area/Posts_Area_Header/Search_Box/input_SearchMessageBox"), Keys.chord(ENTER)): Keys 'ENTER + ' sent to object: 'Object Repository/1612049/Posts_Area/Posts_Area_Header/Search_Box/input_SearchMessageBox'

2021-05-29 12:41:52 - [MESSAGE][PASSED] - Keys 'ENTER + ' sent to object: 'Object Repository/1612049/Posts_Area/Posts_Area_Header/Search_Box/input_SearchMessageBox'

2021-05-29 12:41:52 - [TEST_STEP][PASSED] - verifyElementPresent(findTestObject("1612049/Right_Popup/SearchResults_Popup/div_Search Results"), 5): Object 'Object Repository/1612049/Right_Popup/SearchResults_Popup/div_Search Results' is present

2021-05-29 12:41:52 - [MESSAGE][PASSED] - Object 'Object Repository/1612049/Right_Popup/SearchResults_Popup/div_Search Results' is present

2021-05-29 12:41:52 - [TEST_STEP][PASSED] - click(findTestObject("1612049/Posts_Area/Posts_Area_Header/Search_Box/btn_DeleteSearchText")): Object: 'Object Repository/1612049/Posts_Area/Posts_Area_Header/Search_Box/btn_DeleteSearchText' is clicked on

2021-05-29 12:41:53 - [MESSAGE][PASSED] - Object: 'Object Repository/1612049/Posts_Area/Posts_Area_Header/Search_Box/btn_DeleteSearchText' is clicked on

2021-05-29 12:41:53 - [TEST_STEP][PASSED] - Thread.sleep(2000): null

2021-05-29 12:41:55 - [TEST_STEP][PASSED] - setText(findTestObject("1612049/Posts_Area/Posts_Area_Header/Search_Box/input_SearchMessageBox"), findTestData("1612049/Data TC36 SearchMessages").getValue(1, index)): Text 'hello' is set on object 'Object Repository/1612049/Posts_Area/Posts_Area_Header/Search_Box/input_SearchMessageBox'

2021-05-29 12:41:56 - [MESSAGE][PASSED] - Text 'hello' is set on object 'Object Repository/1612049/Posts_Area/Posts_Area_Header/Search_Box/input_SearchMessageBox'

2021-05-29 12:41:56 - [TEST_STEP][PASSED] - sendKeys(findTestObject("1612049/Posts_Area/Posts_Area_Header/Search_Box/input_SearchMessageBox"), Keys.chord(ENTER)): Keys 'ENTER + ' sent to object: 'Object Repository/1612049/Posts_Area/Posts_Area_Header/Search_Box/input_SearchMessageBox'

2021-05-29 12:41:56 - [MESSAGE][PASSED] - Keys 'ENTER + ' sent to object: 'Object Repository/1612049/Posts_Area/Posts_Area_Header/Search_Box/input_SearchMessageBox'

2021-05-29 12:41:56 - [TEST_STEP][PASSED] - verifyElementPresent(findTestObject("1612049/Right_Popup/SearchResults_Popup/div_Search Results"), 5): Object 'Object Repository/1612049/Right_Popup/SearchResults_Popup/div_Search Results' is present

2021-05-29 12:41:58 - [MESSAGE][PASSED] - Object 'Object Repository/1612049/Right_Popup/SearchResults_Popup/div_Search Results' is present

2021-05-29 12:41:58 - [TEST_STEP][PASSED] - click(findTestObject("1612049/Posts_Area/Posts_Area_Header/Search_Box/btn_DeleteSearchText")): Object: 'Object Repository/1612049/Posts_Area/Posts_Area_Header/Search_Box/btn_DeleteSearchText' is clicked on

2021-05-29 12:41:58 - [MESSAGE][PASSED] - Object: 'Object Repository/1612049/Posts_Area/Posts_Area_Header/Search_Box/btn_DeleteSearchText' is clicked on

2021-05-29 12:41:58 - [TEST_STEP][PASSED] - Thread.sleep(2000): null

2021-05-29 12:42:00 - [TEST_STEP][PASSED] - setText(findTestObject("1612049/Posts_Area/Posts_Area_Header/Search_Box/input_SearchMessageBox"), findTestData("1612049/Data TC36 SearchMessages").getValue(1, index)): Text 'oscar' is set on object 'Object Repository/1612049/Posts_Area/Posts_Area_Header/Search_Box/input_SearchMessageBox'

2021-05-29 12:42:01 - [MESSAGE][PASSED] - Text 'oscar' is set on object 'Object Repository/1612049/Posts_Area/Posts_Area_Header/Search_Box/input_SearchMessageBox'

2021-05-29 12:42:01 - [TEST_STEP][PASSED] - sendKeys(findTestObject("1612049/Posts_Area/Posts_Area_Header/Search_Box/input_SearchMessageBox"), Keys.chord(ENTER)): Keys 'ENTER + ' sent to object: 'Object Repository/1612049/Posts_Area/Posts_Area_Header/Search_Box/input_SearchMessageBox'

2021-05-29 12:42:02 - [MESSAGE][PASSED] - Keys 'ENTER + ' sent to object: 'Object Repository/1612049/Posts_Area/Posts_Area_Header/Search_Box/input_SearchMessageBox'

2021-05-29 12:42:02 - [TEST_STEP][PASSED] - verifyElementPresent(findTestObject("1612049/Right_Popup/SearchResults_Popup/div_Search Results"), 5): Object 'Object Repository/1612049/Right_Popup/SearchResults_Popup/div_Search Results' is present

2021-05-29 12:42:03 - [MESSAGE][PASSED] - Object 'Object Repository/1612049/Right_Popup/SearchResults_Popup/div_Search Results' is present

2021-05-29 12:42:03 - [TEST_STEP][PASSED] - click(findTestObject("1612049/Posts_Area/Posts_Area_Header/Search_Box/btn_DeleteSearchText")): Object: 'Object Repository/1612049/Posts_Area/Posts_Area_Header/Search_Box/btn_DeleteSearchText' is clicked on

2021-05-29 12:42:03 - [MESSAGE][PASSED] - Object: 'Object Repository/1612049/Posts_Area/Posts_Area_Header/Search_Box/btn_DeleteSearchText' is clicked on

2021-05-29 12:42:03 - [TEST_STEP][PASSED] - Thread.sleep(2000): null

2021-05-29 12:42:05 - [TEST_STEP][PASSED] - closeBrowser(): Browser is closed

2021-05-29 12:42:06 - [MESSAGE][PASSED] - Browser is closed]]></system-out>
         <system-err><![CDATA[]]></system-err>
      </testcase>
      <testcase name="Test Cases/1612049/TC44_SetHeaderForDirectMessage" time="42.298" classname="Test Cases/1612049/TC44_SetHeaderForDirectMessage" status="PASSED">
         <system-out><![CDATA[2021-05-29 12:42:06 - [TEST_CASE][PASSED] - Test Cases/1612049/TC44_SetHeaderForDirectMessage: Test Cases/1612049/TC44_SetHeaderForDirectMessage

2021-05-29 12:42:06 - [TEST_STEP][PASSED] - openBrowser(""): Browser is opened with url: ''

2021-05-29 12:42:06 - [MESSAGE][INFO] - Starting 'Chrome' driver

2021-05-29 12:42:06 - [MESSAGE][INFO] - Action delay is set to 0 milliseconds

2021-05-29 12:42:07 - [MESSAGE][PASSED] - Browser is opened with url: ''

2021-05-29 12:42:07 - [TEST_STEP][PASSED] - navigateToUrl("https://mattermostwebapp.herokuapp.com/"): Navigate to 'https://mattermostwebapp.herokuapp.com/' successfully

2021-05-29 12:42:11 - [MESSAGE][PASSED] - Navigate to 'https://mattermostwebapp.herokuapp.com/' successfully

2021-05-29 12:42:11 - [TEST_STEP][PASSED] - callTestCase(findTestCase("1612049/CommonTC/CTC_Login"), ["username":"jooie", "password":"6z6Vi2R3i06jbzaqW0pQ8Q=="], STOP_ON_FAILURE): Call Test Case 'Test Cases/1612049/CommonTC/CTC_Login' successfully

2021-05-29 12:42:11 - [TEST_CASE][PASSED] - Test Cases/1612049/CommonTC/CTC_Login: Test Cases/1612049/CommonTC/CTC_Login

2021-05-29 12:42:11 - [TEST_STEP][PASSED] - setText(findTestObject("1612049/Login_Screen/input_LoginID"), username): Text 'jooie' is set on object 'Object Repository/1612049/Login_Screen/input_LoginID'

2021-05-29 12:42:16 - [MESSAGE][PASSED] - Text 'jooie' is set on object 'Object Repository/1612049/Login_Screen/input_LoginID'

2021-05-29 12:42:16 - [TEST_STEP][PASSED] - setEncryptedText(findTestObject("1612049/Login_Screen/input_LoginPassword"), password): Text ****** has been set on object 'Object Repository/1612049/Login_Screen/input_LoginPassword'

2021-05-29 12:42:17 - [MESSAGE][PASSED] - Text ****** has been set on object 'Object Repository/1612049/Login_Screen/input_LoginPassword'

2021-05-29 12:42:17 - [TEST_STEP][PASSED] - click(findTestObject("1612049/Login_Screen/btn_Signin")): Object: 'Object Repository/1612049/Login_Screen/btn_Signin' is clicked on

2021-05-29 12:42:17 - [MESSAGE][PASSED] - Object: 'Object Repository/1612049/Login_Screen/btn_Signin' is clicked on

2021-05-29 12:42:17 - [MESSAGE][PASSED] - Call Test Case 'Test Cases/1612049/CommonTC/CTC_Login' successfully

2021-05-29 12:42:17 - [TEST_STEP][PASSED] - callTestCase(findTestCase("1612049/CommonTC/CTC_OpenDirectMessage"), [:], STOP_ON_FAILURE): Call Test Case 'Test Cases/1612049/CommonTC/CTC_OpenDirectMessage' successfully

2021-05-29 12:42:17 - [TEST_CASE][PASSED] - Test Cases/1612049/CommonTC/CTC_OpenDirectMessage: Test Cases/1612049/CommonTC/CTC_OpenDirectMessage

2021-05-29 12:42:18 - [TEST_STEP][PASSED] - click(findTestObject("1612049/Left_Sidebar/Direct_Messages/btn_AddDirectMessage")): Object: 'Object Repository/1612049/Left_Sidebar/Direct_Messages/btn_AddDirectMessage' is clicked on

2021-05-29 12:42:21 - [MESSAGE][PASSED] - Object: 'Object Repository/1612049/Left_Sidebar/Direct_Messages/btn_AddDirectMessage' is clicked on

2021-05-29 12:42:21 - [TEST_STEP][PASSED] - setText(findTestObject("1612049/Left_Sidebar/Direct_Messages/AddDirectMessage_Dialog/input_UsernameForDirectMessage"), "nghi_tran"): Text 'nghi_tran' is set on object 'Object Repository/1612049/Left_Sidebar/Direct_Messages/AddDirectMessage_Dialog/input_UsernameForDirectMessage'

2021-05-29 12:42:23 - [MESSAGE][PASSED] - Text 'nghi_tran' is set on object 'Object Repository/1612049/Left_Sidebar/Direct_Messages/AddDirectMessage_Dialog/input_UsernameForDirectMessage'

2021-05-29 12:42:23 - [TEST_STEP][PASSED] - if (verifyElementPresent(findTestObject("1612049/Left_Sidebar/Direct_Messages/AddDirectMessage_Dialog/div_FirstSearchUsernameResult"), 10, CONTINUE_ON_FAILURE)): null

2021-05-29 12:42:24 - [MESSAGE][PASSED] - Object 'Object Repository/1612049/Left_Sidebar/Direct_Messages/AddDirectMessage_Dialog/div_FirstSearchUsernameResult' is present

2021-05-29 12:42:24 - [TEST_STEP][PASSED] - sendKeys(findTestObject("1612049/Left_Sidebar/Direct_Messages/AddDirectMessage_Dialog/input_UsernameForDirectMessage"), Keys.chord(ENTER)): Keys 'ENTER + ' sent to object: 'Object Repository/1612049/Left_Sidebar/Direct_Messages/AddDirectMessage_Dialog/input_UsernameForDirectMessage'

2021-05-29 12:42:25 - [MESSAGE][PASSED] - Keys 'ENTER + ' sent to object: 'Object Repository/1612049/Left_Sidebar/Direct_Messages/AddDirectMessage_Dialog/input_UsernameForDirectMessage'

2021-05-29 12:42:25 - [TEST_STEP][PASSED] - click(findTestObject("1612049/Left_Sidebar/Direct_Messages/AddDirectMessage_Dialog/btn_SubmitUsernameForDirectMessage")): Object: 'Object Repository/1612049/Left_Sidebar/Direct_Messages/AddDirectMessage_Dialog/btn_SubmitUsernameForDirectMessage' is clicked on

2021-05-29 12:42:25 - [MESSAGE][PASSED] - Object: 'Object Repository/1612049/Left_Sidebar/Direct_Messages/AddDirectMessage_Dialog/btn_SubmitUsernameForDirectMessage' is clicked on

2021-05-29 12:42:25 - [MESSAGE][PASSED] - Call Test Case 'Test Cases/1612049/CommonTC/CTC_OpenDirectMessage' successfully

2021-05-29 12:42:25 - [TEST_STEP][PASSED] - for ([i = 1, i <= 5, i += 1]): null

2021-05-29 12:42:25 - [TEST_STEP][PASSED] - click(findTestObject("1612049/Posts_Area/Channel_Intro/btn_SetHeader")): Object: 'Object Repository/1612049/Posts_Area/Channel_Intro/btn_SetHeader' is clicked on

2021-05-29 12:42:28 - [MESSAGE][PASSED] - Object: 'Object Repository/1612049/Posts_Area/Channel_Intro/btn_SetHeader' is clicked on

2021-05-29 12:42:28 - [TEST_STEP][PASSED] - setText(findTestObject("1612049/Posts_Area/Channel_Intro/EditHeader_Dialog/textarea_EditChannelHeader"), findTestData("1612049/Data TC44 SetHeaderForDirectMessage").getValue(1, i)): Text 'Meeting' is set on object 'Object Repository/1612049/Posts_Area/Channel_Intro/EditHeader_Dialog/textarea_EditChannelHeader'

2021-05-29 12:42:29 - [MESSAGE][PASSED] - Text 'Meeting' is set on object 'Object Repository/1612049/Posts_Area/Channel_Intro/EditHeader_Dialog/textarea_EditChannelHeader'

2021-05-29 12:42:29 - [TEST_STEP][PASSED] - click(findTestObject("1612049/Posts_Area/Channel_Intro/EditHeader_Dialog/btn_SaveNewHeader")): Object: 'Object Repository/1612049/Posts_Area/Channel_Intro/EditHeader_Dialog/btn_SaveNewHeader' is clicked on

2021-05-29 12:42:30 - [MESSAGE][PASSED] - Object: 'Object Repository/1612049/Posts_Area/Channel_Intro/EditHeader_Dialog/btn_SaveNewHeader' is clicked on

2021-05-29 12:42:30 - [TEST_STEP][PASSED] - Thread.sleep(2000): null

2021-05-29 12:42:32 - [TEST_STEP][PASSED] - click(findTestObject("1612049/Posts_Area/Channel_Intro/btn_SetHeader")): Object: 'Object Repository/1612049/Posts_Area/Channel_Intro/btn_SetHeader' is clicked on

2021-05-29 12:42:32 - [MESSAGE][PASSED] - Object: 'Object Repository/1612049/Posts_Area/Channel_Intro/btn_SetHeader' is clicked on

2021-05-29 12:42:32 - [TEST_STEP][PASSED] - setText(findTestObject("1612049/Posts_Area/Channel_Intro/EditHeader_Dialog/textarea_EditChannelHeader"), findTestData("1612049/Data TC44 SetHeaderForDirectMessage").getValue(1, i)): Text 'Lecture' is set on object 'Object Repository/1612049/Posts_Area/Channel_Intro/EditHeader_Dialog/textarea_EditChannelHeader'

2021-05-29 12:42:33 - [MESSAGE][PASSED] - Text 'Lecture' is set on object 'Object Repository/1612049/Posts_Area/Channel_Intro/EditHeader_Dialog/textarea_EditChannelHeader'

2021-05-29 12:42:33 - [TEST_STEP][PASSED] - click(findTestObject("1612049/Posts_Area/Channel_Intro/EditHeader_Dialog/btn_SaveNewHeader")): Object: 'Object Repository/1612049/Posts_Area/Channel_Intro/EditHeader_Dialog/btn_SaveNewHeader' is clicked on

2021-05-29 12:42:33 - [MESSAGE][PASSED] - Object: 'Object Repository/1612049/Posts_Area/Channel_Intro/EditHeader_Dialog/btn_SaveNewHeader' is clicked on

2021-05-29 12:42:33 - [TEST_STEP][PASSED] - Thread.sleep(2000): null

2021-05-29 12:42:35 - [TEST_STEP][PASSED] - click(findTestObject("1612049/Posts_Area/Channel_Intro/btn_SetHeader")): Object: 'Object Repository/1612049/Posts_Area/Channel_Intro/btn_SetHeader' is clicked on

2021-05-29 12:42:36 - [MESSAGE][PASSED] - Object: 'Object Repository/1612049/Posts_Area/Channel_Intro/btn_SetHeader' is clicked on

2021-05-29 12:42:36 - [TEST_STEP][PASSED] - setText(findTestObject("1612049/Posts_Area/Channel_Intro/EditHeader_Dialog/textarea_EditChannelHeader"), findTestData("1612049/Data TC44 SetHeaderForDirectMessage").getValue(1, i)): Text 'Conversation' is set on object 'Object Repository/1612049/Posts_Area/Channel_Intro/EditHeader_Dialog/textarea_EditChannelHeader'

2021-05-29 12:42:37 - [MESSAGE][PASSED] - Text 'Conversation' is set on object 'Object Repository/1612049/Posts_Area/Channel_Intro/EditHeader_Dialog/textarea_EditChannelHeader'

2021-05-29 12:42:37 - [TEST_STEP][PASSED] - click(findTestObject("1612049/Posts_Area/Channel_Intro/EditHeader_Dialog/btn_SaveNewHeader")): Object: 'Object Repository/1612049/Posts_Area/Channel_Intro/EditHeader_Dialog/btn_SaveNewHeader' is clicked on

2021-05-29 12:42:37 - [MESSAGE][PASSED] - Object: 'Object Repository/1612049/Posts_Area/Channel_Intro/EditHeader_Dialog/btn_SaveNewHeader' is clicked on

2021-05-29 12:42:37 - [TEST_STEP][PASSED] - Thread.sleep(2000): null

2021-05-29 12:42:39 - [TEST_STEP][PASSED] - click(findTestObject("1612049/Posts_Area/Channel_Intro/btn_SetHeader")): Object: 'Object Repository/1612049/Posts_Area/Channel_Intro/btn_SetHeader' is clicked on

2021-05-29 12:42:40 - [MESSAGE][PASSED] - Object: 'Object Repository/1612049/Posts_Area/Channel_Intro/btn_SetHeader' is clicked on

2021-05-29 12:42:40 - [TEST_STEP][PASSED] - setText(findTestObject("1612049/Posts_Area/Channel_Intro/EditHeader_Dialog/textarea_EditChannelHeader"), findTestData("1612049/Data TC44 SetHeaderForDirectMessage").getValue(1, i)): Text 'Chit-chat' is set on object 'Object Repository/1612049/Posts_Area/Channel_Intro/EditHeader_Dialog/textarea_EditChannelHeader'

2021-05-29 12:42:40 - [MESSAGE][PASSED] - Text 'Chit-chat' is set on object 'Object Repository/1612049/Posts_Area/Channel_Intro/EditHeader_Dialog/textarea_EditChannelHeader'

2021-05-29 12:42:40 - [TEST_STEP][PASSED] - click(findTestObject("1612049/Posts_Area/Channel_Intro/EditHeader_Dialog/btn_SaveNewHeader")): Object: 'Object Repository/1612049/Posts_Area/Channel_Intro/EditHeader_Dialog/btn_SaveNewHeader' is clicked on

2021-05-29 12:42:41 - [MESSAGE][PASSED] - Object: 'Object Repository/1612049/Posts_Area/Channel_Intro/EditHeader_Dialog/btn_SaveNewHeader' is clicked on

2021-05-29 12:42:41 - [TEST_STEP][PASSED] - Thread.sleep(2000): null

2021-05-29 12:42:43 - [TEST_STEP][PASSED] - click(findTestObject("1612049/Posts_Area/Channel_Intro/btn_SetHeader")): Object: 'Object Repository/1612049/Posts_Area/Channel_Intro/btn_SetHeader' is clicked on

2021-05-29 12:42:43 - [MESSAGE][PASSED] - Object: 'Object Repository/1612049/Posts_Area/Channel_Intro/btn_SetHeader' is clicked on

2021-05-29 12:42:43 - [TEST_STEP][PASSED] - setText(findTestObject("1612049/Posts_Area/Channel_Intro/EditHeader_Dialog/textarea_EditChannelHeader"), findTestData("1612049/Data TC44 SetHeaderForDirectMessage").getValue(1, i)): Text 'Group Learning' is set on object 'Object Repository/1612049/Posts_Area/Channel_Intro/EditHeader_Dialog/textarea_EditChannelHeader'

2021-05-29 12:42:44 - [MESSAGE][PASSED] - Text 'Group Learning' is set on object 'Object Repository/1612049/Posts_Area/Channel_Intro/EditHeader_Dialog/textarea_EditChannelHeader'

2021-05-29 12:42:44 - [TEST_STEP][PASSED] - click(findTestObject("1612049/Posts_Area/Channel_Intro/EditHeader_Dialog/btn_SaveNewHeader")): Object: 'Object Repository/1612049/Posts_Area/Channel_Intro/EditHeader_Dialog/btn_SaveNewHeader' is clicked on

2021-05-29 12:42:45 - [MESSAGE][PASSED] - Object: 'Object Repository/1612049/Posts_Area/Channel_Intro/EditHeader_Dialog/btn_SaveNewHeader' is clicked on

2021-05-29 12:42:45 - [TEST_STEP][PASSED] - Thread.sleep(2000): null

2021-05-29 12:42:47 - [TEST_STEP][PASSED] - closeBrowser(): Browser is closed

2021-05-29 12:42:48 - [MESSAGE][PASSED] - Browser is closed]]></system-out>
         <system-err><![CDATA[]]></system-err>
      </testcase>
      <testcase name="Test Cases/1712666/TC11_CreateATeam" time="20.682" classname="Test Cases/1712666/TC11_CreateATeam" status="PASSED">
         <system-out><![CDATA[2021-05-29 12:42:48 - [TEST_CASE][PASSED] - Test Cases/1712666/TC11_CreateATeam: Test Cases/1712666/TC11_CreateATeam

2021-05-29 12:42:48 - [TEST_STEP][PASSED] - openBrowser(""): Browser is opened with url: ''

2021-05-29 12:42:48 - [MESSAGE][INFO] - Starting 'Chrome' driver

2021-05-29 12:42:48 - [MESSAGE][INFO] - Action delay is set to 0 milliseconds

2021-05-29 12:42:49 - [MESSAGE][PASSED] - Browser is opened with url: ''

2021-05-29 12:42:49 - [TEST_STEP][PASSED] - navigateToUrl("https://mattermostwebapp.herokuapp.com/"): Navigate to 'https://mattermostwebapp.herokuapp.com/' successfully

2021-05-29 12:42:53 - [MESSAGE][PASSED] - Navigate to 'https://mattermostwebapp.herokuapp.com/' successfully

2021-05-29 12:42:53 - [TEST_STEP][PASSED] - callTestCase(findTestCase("1712666/CommonTC/CTC_Login"), ["var_username":"phuc", "var_password":"CSt51UwWECc="], null): Call Test Case 'Test Cases/1712666/CommonTC/CTC_Login' successfully

2021-05-29 12:42:53 - [TEST_CASE][PASSED] - Test Cases/1712666/CommonTC/CTC_Login: Test Cases/1712666/CommonTC/CTC_Login

2021-05-29 12:42:54 - [TEST_STEP][PASSED] - setText(findTestObject("Object Repository/1412263_Page_Mattermost/input_All team communication in one place, _dcc84b"), var_username): Text 'phuc' is set on object 'Object Repository/1412263_Page_Mattermost/input_All team communication in one place, _dcc84b'

2021-05-29 12:43:00 - [MESSAGE][PASSED] - Text 'phuc' is set on object 'Object Repository/1412263_Page_Mattermost/input_All team communication in one place, _dcc84b'

2021-05-29 12:43:00 - [TEST_STEP][PASSED] - setEncryptedText(findTestObject("Object Repository/1412263_Page_Mattermost/input_All team communication in one place, _a3edc6"), var_password): Text ****** has been set on object 'Object Repository/1412263_Page_Mattermost/input_All team communication in one place, _a3edc6'

2021-05-29 12:43:00 - [MESSAGE][PASSED] - Text ****** has been set on object 'Object Repository/1412263_Page_Mattermost/input_All team communication in one place, _a3edc6'

2021-05-29 12:43:00 - [TEST_STEP][PASSED] - click(findTestObject("Object Repository/1412263_Page_Mattermost/span_Sign in")): Object: 'Object Repository/1412263_Page_Mattermost/span_Sign in' is clicked on

2021-05-29 12:43:01 - [MESSAGE][PASSED] - Object: 'Object Repository/1412263_Page_Mattermost/span_Sign in' is clicked on

2021-05-29 12:43:01 - [MESSAGE][PASSED] - Call Test Case 'Test Cases/1712666/CommonTC/CTC_Login' successfully

2021-05-29 12:43:01 - [TEST_STEP][PASSED] - click(findTestObject("Object Repository/Page_Town Square - abc Mattermost/div_phuc")): Object: 'Object Repository/Page_Town Square - abc Mattermost/div_phuc' is clicked on

2021-05-29 12:43:05 - [MESSAGE][PASSED] - Object: 'Object Repository/Page_Town Square - abc Mattermost/div_phuc' is clicked on

2021-05-29 12:43:05 - [TEST_STEP][PASSED] - click(findTestObject("Object Repository/Page_Town Square - abc Mattermost/span_Create a Team")): Object: 'Object Repository/Page_Town Square - abc Mattermost/span_Create a Team' is clicked on

2021-05-29 12:43:05 - [MESSAGE][PASSED] - Object: 'Object Repository/Page_Town Square - abc Mattermost/span_Create a Team' is clicked on

2021-05-29 12:43:05 - [TEST_STEP][PASSED] - setText(findTestObject("Object Repository/Page_Town Square - abc Mattermost/input_Team Name_teamNameInput"), var_teamName): Text 'test' is set on object 'Object Repository/Page_Town Square - abc Mattermost/input_Team Name_teamNameInput'

2021-05-29 12:43:06 - [MESSAGE][PASSED] - Text 'test' is set on object 'Object Repository/Page_Town Square - abc Mattermost/input_Team Name_teamNameInput'

2021-05-29 12:43:06 - [TEST_STEP][PASSED] - click(findTestObject("Object Repository/Page_Town Square - abc Mattermost/span_Next")): Object: 'Object Repository/Page_Town Square - abc Mattermost/span_Next' is clicked on

2021-05-29 12:43:07 - [MESSAGE][PASSED] - Object: 'Object Repository/Page_Town Square - abc Mattermost/span_Next' is clicked on

2021-05-29 12:43:07 - [TEST_STEP][PASSED] - click(findTestObject("Object Repository/Page_Town Square - abc Mattermost/span_Finish")): Object: 'Object Repository/Page_Town Square - abc Mattermost/span_Finish' is clicked on

2021-05-29 12:43:08 - [MESSAGE][PASSED] - Object: 'Object Repository/Page_Town Square - abc Mattermost/span_Finish' is clicked on

2021-05-29 12:43:08 - [TEST_STEP][PASSED] - if (var_statusExpected.toString() == "empty"): null

2021-05-29 12:43:08 - [TEST_STEP][PASSED] - closeBrowser(): Browser is closed

2021-05-29 12:43:09 - [MESSAGE][PASSED] - Browser is closed]]></system-out>
         <system-err><![CDATA[]]></system-err>
      </testcase>
      <testcase name="Test Cases/1712666/TC11_CreateATeam" time="24.43" classname="Test Cases/1712666/TC11_CreateATeam" status="FAILED">
         <failure type="FAILED" message="Test Cases/1712666/TC11_CreateATeam FAILED.
Reason:
com.kms.katalon.core.exception.StepFailedException: Unable to verify object 'Object Repository/Page_Town Square - abc Mattermost/label_A team with that name already exists' is not present
	at com.kms.katalon.core.webui.keyword.internal.WebUIKeywordMain.stepFailed(WebUIKeywordMain.groovy:64)
	at com.kms.katalon.core.webui.keyword.internal.WebUIKeywordMain.runKeyword(WebUIKeywordMain.groovy:26)
	at com.kms.katalon.core.webui.keyword.internal.WebUIKeywordMain$runKeyword.call(Unknown Source)
	at com.kms.katalon.core.webui.keyword.builtin.VerifyElementNotPresentKeyword.verifyElementNotPresent(VerifyElementNotPresentKeyword.groovy:117)
	at com.kms.katalon.core.webui.keyword.builtin.VerifyElementNotPresentKeyword.execute(VerifyElementNotPresentKeyword.groovy:68)
	at com.kms.katalon.core.keyword.internal.KeywordExecutor.executeKeywordForPlatform(KeywordExecutor.groovy:73)
	at com.kms.katalon.core.webui.keyword.WebUiBuiltInKeywords.verifyElementNotPresent(WebUiBuiltInKeywords.groovy:1496)
	at com.kms.katalon.core.webui.keyword.WebUiBuiltInKeywords$verifyElementNotPresent$10.call(Unknown Source)
	at TC11_CreateATeam.run(TC11_CreateATeam:38)
	at com.kms.katalon.core.main.ScriptEngine.run(ScriptEngine.java:194)
	at com.kms.katalon.core.main.ScriptEngine.runScriptAsRawText(ScriptEngine.java:119)
	at com.kms.katalon.core.main.TestCaseExecutor.runScript(TestCaseExecutor.java:398)
	at com.kms.katalon.core.main.TestCaseExecutor.doExecute(TestCaseExecutor.java:389)
	at com.kms.katalon.core.main.TestCaseExecutor.processExecutionPhase(TestCaseExecutor.java:368)
	at com.kms.katalon.core.main.TestCaseExecutor.accessMainPhase(TestCaseExecutor.java:360)
	at com.kms.katalon.core.main.TestCaseExecutor.execute(TestCaseExecutor.java:255)
	at com.kms.katalon.core.main.TestSuiteExecutor.accessTestCaseMainPhase(TestSuiteExecutor.java:203)
	at com.kms.katalon.core.main.TestSuiteExecutor.accessTestSuiteMainPhase(TestSuiteExecutor.java:152)
	at com.kms.katalon.core.main.TestSuiteExecutor.execute(TestSuiteExecutor.java:95)
	at com.kms.katalon.core.main.TestCaseMain.startTestSuite(TestCaseMain.java:157)
	at com.kms.katalon.core.main.TestCaseMain$startTestSuite$0.call(Unknown Source)
	at TempTestSuite1622266529644.run(TempTestSuite1622266529644.groovy:39)
Caused by: com.kms.katalon.core.exception.StepFailedException: Web element with id: 'Object Repository/Page_Town Square - abc Mattermost/label_A team with that name already exists' located by 'By.xpath: //div[@id='root']/div/div/div/div[3]/div/div/div/form/div/label' is present after '5' second(s)
	at com.kms.katalon.core.webui.keyword.internal.WebUIKeywordMain.stepFailed(WebUIKeywordMain.groovy:64)
	at com.kms.katalon.core.webui.keyword.internal.WebUIKeywordMain$stepFailed$0.call(Unknown Source)
	at com.kms.katalon.core.webui.keyword.builtin.VerifyElementNotPresentKeyword$_verifyElementNotPresent_closure1.doCall(VerifyElementNotPresentKeyword.groovy:106)
	at com.kms.katalon.core.webui.keyword.builtin.VerifyElementNotPresentKeyword$_verifyElementNotPresent_closure1.doCall(VerifyElementNotPresentKeyword.groovy)
	at com.kms.katalon.core.webui.keyword.internal.WebUIKeywordMain.runKeyword(WebUIKeywordMain.groovy:20)
	... 20 more
"/>
         <system-out><![CDATA[2021-05-29 12:43:09 - [TEST_CASE][FAILED] - Test Cases/1712666/TC11_CreateATeam: Test Cases/1712666/TC11_CreateATeam FAILED.
Reason:
com.kms.katalon.core.exception.StepFailedException: Unable to verify object 'Object Repository/Page_Town Square - abc Mattermost/label_A team with that name already exists' is not present
	at com.kms.katalon.core.webui.keyword.internal.WebUIKeywordMain.stepFailed(WebUIKeywordMain.groovy:64)
	at com.kms.katalon.core.webui.keyword.internal.WebUIKeywordMain.runKeyword(WebUIKeywordMain.groovy:26)
	at com.kms.katalon.core.webui.keyword.internal.WebUIKeywordMain$runKeyword.call(Unknown Source)
	at com.kms.katalon.core.webui.keyword.builtin.VerifyElementNotPresentKeyword.verifyElementNotPresent(VerifyElementNotPresentKeyword.groovy:117)
	at com.kms.katalon.core.webui.keyword.builtin.VerifyElementNotPresentKeyword.execute(VerifyElementNotPresentKeyword.groovy:68)
	at com.kms.katalon.core.keyword.internal.KeywordExecutor.executeKeywordForPlatform(KeywordExecutor.groovy:73)
	at com.kms.katalon.core.webui.keyword.WebUiBuiltInKeywords.verifyElementNotPresent(WebUiBuiltInKeywords.groovy:1496)
	at com.kms.katalon.core.webui.keyword.WebUiBuiltInKeywords$verifyElementNotPresent$10.call(Unknown Source)
	at TC11_CreateATeam.run(TC11_CreateATeam:38)
	at com.kms.katalon.core.main.ScriptEngine.run(ScriptEngine.java:194)
	at com.kms.katalon.core.main.ScriptEngine.runScriptAsRawText(ScriptEngine.java:119)
	at com.kms.katalon.core.main.TestCaseExecutor.runScript(TestCaseExecutor.java:398)
	at com.kms.katalon.core.main.TestCaseExecutor.doExecute(TestCaseExecutor.java:389)
	at com.kms.katalon.core.main.TestCaseExecutor.processExecutionPhase(TestCaseExecutor.java:368)
	at com.kms.katalon.core.main.TestCaseExecutor.accessMainPhase(TestCaseExecutor.java:360)
	at com.kms.katalon.core.main.TestCaseExecutor.execute(TestCaseExecutor.java:255)
	at com.kms.katalon.core.main.TestSuiteExecutor.accessTestCaseMainPhase(TestSuiteExecutor.java:203)
	at com.kms.katalon.core.main.TestSuiteExecutor.accessTestSuiteMainPhase(TestSuiteExecutor.java:152)
	at com.kms.katalon.core.main.TestSuiteExecutor.execute(TestSuiteExecutor.java:95)
	at com.kms.katalon.core.main.TestCaseMain.startTestSuite(TestCaseMain.java:157)
	at com.kms.katalon.core.main.TestCaseMain$startTestSuite$0.call(Unknown Source)
	at TempTestSuite1622266529644.run(TempTestSuite1622266529644.groovy:39)
Caused by: com.kms.katalon.core.exception.StepFailedException: Web element with id: 'Object Repository/Page_Town Square - abc Mattermost/label_A team with that name already exists' located by 'By.xpath: //div[@id='root']/div/div/div/div[3]/div/div/div/form/div/label' is present after '5' second(s)
	at com.kms.katalon.core.webui.keyword.internal.WebUIKeywordMain.stepFailed(WebUIKeywordMain.groovy:64)
	at com.kms.katalon.core.webui.keyword.internal.WebUIKeywordMain$stepFailed$0.call(Unknown Source)
	at com.kms.katalon.core.webui.keyword.builtin.VerifyElementNotPresentKeyword$_verifyElementNotPresent_closure1.doCall(VerifyElementNotPresentKeyword.groovy:106)
	at com.kms.katalon.core.webui.keyword.builtin.VerifyElementNotPresentKeyword$_verifyElementNotPresent_closure1.doCall(VerifyElementNotPresentKeyword.groovy)
	at com.kms.katalon.core.webui.keyword.internal.WebUIKeywordMain.runKeyword(WebUIKeywordMain.groovy:20)
	... 20 more


2021-05-29 12:43:09 - [TEST_STEP][PASSED] - openBrowser(""): Browser is opened with url: ''

2021-05-29 12:43:09 - [MESSAGE][INFO] - Starting 'Chrome' driver

2021-05-29 12:43:09 - [MESSAGE][INFO] - Action delay is set to 0 milliseconds

2021-05-29 12:43:10 - [MESSAGE][PASSED] - Browser is opened with url: ''

2021-05-29 12:43:10 - [TEST_STEP][PASSED] - navigateToUrl("https://mattermostwebapp.herokuapp.com/"): Navigate to 'https://mattermostwebapp.herokuapp.com/' successfully

2021-05-29 12:43:13 - [MESSAGE][PASSED] - Navigate to 'https://mattermostwebapp.herokuapp.com/' successfully

2021-05-29 12:43:13 - [TEST_STEP][PASSED] - callTestCase(findTestCase("1712666/CommonTC/CTC_Login"), ["var_username":"phuc", "var_password":"CSt51UwWECc="], null): Call Test Case 'Test Cases/1712666/CommonTC/CTC_Login' successfully

2021-05-29 12:43:13 - [TEST_CASE][PASSED] - Test Cases/1712666/CommonTC/CTC_Login: Test Cases/1712666/CommonTC/CTC_Login

2021-05-29 12:43:13 - [TEST_STEP][PASSED] - setText(findTestObject("Object Repository/1412263_Page_Mattermost/input_All team communication in one place, _dcc84b"), var_username): Text 'phuc' is set on object 'Object Repository/1412263_Page_Mattermost/input_All team communication in one place, _dcc84b'

2021-05-29 12:43:18 - [MESSAGE][PASSED] - Text 'phuc' is set on object 'Object Repository/1412263_Page_Mattermost/input_All team communication in one place, _dcc84b'

2021-05-29 12:43:18 - [TEST_STEP][PASSED] - setEncryptedText(findTestObject("Object Repository/1412263_Page_Mattermost/input_All team communication in one place, _a3edc6"), var_password): Text ****** has been set on object 'Object Repository/1412263_Page_Mattermost/input_All team communication in one place, _a3edc6'

2021-05-29 12:43:19 - [MESSAGE][PASSED] - Text ****** has been set on object 'Object Repository/1412263_Page_Mattermost/input_All team communication in one place, _a3edc6'

2021-05-29 12:43:19 - [TEST_STEP][PASSED] - click(findTestObject("Object Repository/1412263_Page_Mattermost/span_Sign in")): Object: 'Object Repository/1412263_Page_Mattermost/span_Sign in' is clicked on

2021-05-29 12:43:20 - [MESSAGE][PASSED] - Object: 'Object Repository/1412263_Page_Mattermost/span_Sign in' is clicked on

2021-05-29 12:43:20 - [MESSAGE][PASSED] - Call Test Case 'Test Cases/1712666/CommonTC/CTC_Login' successfully

2021-05-29 12:43:20 - [TEST_STEP][PASSED] - click(findTestObject("Object Repository/Page_Town Square - abc Mattermost/div_phuc")): Object: 'Object Repository/Page_Town Square - abc Mattermost/div_phuc' is clicked on

2021-05-29 12:43:23 - [MESSAGE][PASSED] - Object: 'Object Repository/Page_Town Square - abc Mattermost/div_phuc' is clicked on

2021-05-29 12:43:23 - [TEST_STEP][PASSED] - click(findTestObject("Object Repository/Page_Town Square - abc Mattermost/span_Create a Team")): Object: 'Object Repository/Page_Town Square - abc Mattermost/span_Create a Team' is clicked on

2021-05-29 12:43:24 - [MESSAGE][PASSED] - Object: 'Object Repository/Page_Town Square - abc Mattermost/span_Create a Team' is clicked on

2021-05-29 12:43:24 - [TEST_STEP][PASSED] - setText(findTestObject("Object Repository/Page_Town Square - abc Mattermost/input_Team Name_teamNameInput"), var_teamName): Text 'test2' is set on object 'Object Repository/Page_Town Square - abc Mattermost/input_Team Name_teamNameInput'

2021-05-29 12:43:25 - [MESSAGE][PASSED] - Text 'test2' is set on object 'Object Repository/Page_Town Square - abc Mattermost/input_Team Name_teamNameInput'

2021-05-29 12:43:25 - [TEST_STEP][PASSED] - click(findTestObject("Object Repository/Page_Town Square - abc Mattermost/span_Next")): Object: 'Object Repository/Page_Town Square - abc Mattermost/span_Next' is clicked on

2021-05-29 12:43:25 - [MESSAGE][PASSED] - Object: 'Object Repository/Page_Town Square - abc Mattermost/span_Next' is clicked on

2021-05-29 12:43:25 - [TEST_STEP][PASSED] - click(findTestObject("Object Repository/Page_Town Square - abc Mattermost/span_Finish")): Object: 'Object Repository/Page_Town Square - abc Mattermost/span_Finish' is clicked on

2021-05-29 12:43:27 - [MESSAGE][PASSED] - Object: 'Object Repository/Page_Town Square - abc Mattermost/span_Finish' is clicked on

2021-05-29 12:43:27 - [TEST_STEP][FAILED] - if (var_statusExpected.toString() == "empty"): Unable to verify object 'Object Repository/Page_Town Square - abc Mattermost/label_A team with that name already exists' is not present (Root cause: com.kms.katalon.core.exception.StepFailedException: Unable to verify object 'Object Repository/Page_Town Square - abc Mattermost/label_A team with that name already exists' is not present
	at com.kms.katalon.core.webui.keyword.internal.WebUIKeywordMain.stepFailed(WebUIKeywordMain.groovy:64)
	at com.kms.katalon.core.webui.keyword.internal.WebUIKeywordMain.runKeyword(WebUIKeywordMain.groovy:26)
	at com.kms.katalon.core.webui.keyword.internal.WebUIKeywordMain$runKeyword.call(Unknown Source)
	at com.kms.katalon.core.webui.keyword.builtin.VerifyElementNotPresentKeyword.verifyElementNotPresent(VerifyElementNotPresentKeyword.groovy:117)
	at com.kms.katalon.core.webui.keyword.builtin.VerifyElementNotPresentKeyword.execute(VerifyElementNotPresentKeyword.groovy:68)
	at com.kms.katalon.core.keyword.internal.KeywordExecutor.executeKeywordForPlatform(KeywordExecutor.groovy:73)
	at com.kms.katalon.core.webui.keyword.WebUiBuiltInKeywords.verifyElementNotPresent(WebUiBuiltInKeywords.groovy:1496)
	at com.kms.katalon.core.webui.keyword.WebUiBuiltInKeywords$verifyElementNotPresent$10.call(Unknown Source)
	at TC11_CreateATeam.run(TC11_CreateATeam:38)
	at com.kms.katalon.core.main.ScriptEngine.run(ScriptEngine.java:194)
	at com.kms.katalon.core.main.ScriptEngine.runScriptAsRawText(ScriptEngine.java:119)
	at com.kms.katalon.core.main.TestCaseExecutor.runScript(TestCaseExecutor.java:398)
	at com.kms.katalon.core.main.TestCaseExecutor.doExecute(TestCaseExecutor.java:389)
	at com.kms.katalon.core.main.TestCaseExecutor.processExecutionPhase(TestCaseExecutor.java:368)
	at com.kms.katalon.core.main.TestCaseExecutor.accessMainPhase(TestCaseExecutor.java:360)
	at com.kms.katalon.core.main.TestCaseExecutor.execute(TestCaseExecutor.java:255)
	at com.kms.katalon.core.main.TestSuiteExecutor.accessTestCaseMainPhase(TestSuiteExecutor.java:203)
	at com.kms.katalon.core.main.TestSuiteExecutor.accessTestSuiteMainPhase(TestSuiteExecutor.java:152)
	at com.kms.katalon.core.main.TestSuiteExecutor.execute(TestSuiteExecutor.java:95)
	at com.kms.katalon.core.main.TestCaseMain.startTestSuite(TestCaseMain.java:157)
	at com.kms.katalon.core.main.TestCaseMain$startTestSuite$0.call(Unknown Source)
	at TempTestSuite1622266529644.run(TempTestSuite1622266529644.groovy:39)
Caused by: com.kms.katalon.core.exception.StepFailedException: Web element with id: 'Object Repository/Page_Town Square - abc Mattermost/label_A team with that name already exists' located by 'By.xpath: //div[@id='root']/div/div/div/div[3]/div/div/div/form/div/label' is present after '5' second(s)
	at com.kms.katalon.core.webui.keyword.internal.WebUIKeywordMain.stepFailed(WebUIKeywordMain.groovy:64)
	at com.kms.katalon.core.webui.keyword.internal.WebUIKeywordMain$stepFailed$0.call(Unknown Source)
	at com.kms.katalon.core.webui.keyword.builtin.VerifyElementNotPresentKeyword$_verifyElementNotPresent_closure1.doCall(VerifyElementNotPresentKeyword.groovy:106)
	at com.kms.katalon.core.webui.keyword.builtin.VerifyElementNotPresentKeyword$_verifyElementNotPresent_closure1.doCall(VerifyElementNotPresentKeyword.groovy)
	at com.kms.katalon.core.webui.keyword.internal.WebUIKeywordMain.runKeyword(WebUIKeywordMain.groovy:20)
	... 20 more
)

2021-05-29 12:43:27 - [TEST_STEP][FAILED] - verifyElementNotPresent(findTestObject("Object Repository/Page_Town Square - abc Mattermost/label_A team with that name already exists"), 5): Unable to verify object 'Object Repository/Page_Town Square - abc Mattermost/label_A team with that name already exists' is not present (Root cause: com.kms.katalon.core.exception.StepFailedException: Unable to verify object 'Object Repository/Page_Town Square - abc Mattermost/label_A team with that name already exists' is not present
	at com.kms.katalon.core.webui.keyword.internal.WebUIKeywordMain.stepFailed(WebUIKeywordMain.groovy:64)
	at com.kms.katalon.core.webui.keyword.internal.WebUIKeywordMain.runKeyword(WebUIKeywordMain.groovy:26)
	at com.kms.katalon.core.webui.keyword.internal.WebUIKeywordMain$runKeyword.call(Unknown Source)
	at com.kms.katalon.core.webui.keyword.builtin.VerifyElementNotPresentKeyword.verifyElementNotPresent(VerifyElementNotPresentKeyword.groovy:117)
	at com.kms.katalon.core.webui.keyword.builtin.VerifyElementNotPresentKeyword.execute(VerifyElementNotPresentKeyword.groovy:68)
	at com.kms.katalon.core.keyword.internal.KeywordExecutor.executeKeywordForPlatform(KeywordExecutor.groovy:73)
	at com.kms.katalon.core.webui.keyword.WebUiBuiltInKeywords.verifyElementNotPresent(WebUiBuiltInKeywords.groovy:1496)
	at com.kms.katalon.core.webui.keyword.WebUiBuiltInKeywords$verifyElementNotPresent$10.call(Unknown Source)
	at TC11_CreateATeam.run(TC11_CreateATeam:38)
	at com.kms.katalon.core.main.ScriptEngine.run(ScriptEngine.java:194)
	at com.kms.katalon.core.main.ScriptEngine.runScriptAsRawText(ScriptEngine.java:119)
	at com.kms.katalon.core.main.TestCaseExecutor.runScript(TestCaseExecutor.java:398)
	at com.kms.katalon.core.main.TestCaseExecutor.doExecute(TestCaseExecutor.java:389)
	at com.kms.katalon.core.main.TestCaseExecutor.processExecutionPhase(TestCaseExecutor.java:368)
	at com.kms.katalon.core.main.TestCaseExecutor.accessMainPhase(TestCaseExecutor.java:360)
	at com.kms.katalon.core.main.TestCaseExecutor.execute(TestCaseExecutor.java:255)
	at com.kms.katalon.core.main.TestSuiteExecutor.accessTestCaseMainPhase(TestSuiteExecutor.java:203)
	at com.kms.katalon.core.main.TestSuiteExecutor.accessTestSuiteMainPhase(TestSuiteExecutor.java:152)
	at com.kms.katalon.core.main.TestSuiteExecutor.execute(TestSuiteExecutor.java:95)
	at com.kms.katalon.core.main.TestCaseMain.startTestSuite(TestCaseMain.java:157)
	at com.kms.katalon.core.main.TestCaseMain$startTestSuite$0.call(Unknown Source)
	at TempTestSuite1622266529644.run(TempTestSuite1622266529644.groovy:39)
Caused by: com.kms.katalon.core.exception.StepFailedException: Web element with id: 'Object Repository/Page_Town Square - abc Mattermost/label_A team with that name already exists' located by 'By.xpath: //div[@id='root']/div/div/div/div[3]/div/div/div/form/div/label' is present after '5' second(s)
	at com.kms.katalon.core.webui.keyword.internal.WebUIKeywordMain.stepFailed(WebUIKeywordMain.groovy:64)
	at com.kms.katalon.core.webui.keyword.internal.WebUIKeywordMain$stepFailed$0.call(Unknown Source)
	at com.kms.katalon.core.webui.keyword.builtin.VerifyElementNotPresentKeyword$_verifyElementNotPresent_closure1.doCall(VerifyElementNotPresentKeyword.groovy:106)
	at com.kms.katalon.core.webui.keyword.builtin.VerifyElementNotPresentKeyword$_verifyElementNotPresent_closure1.doCall(VerifyElementNotPresentKeyword.groovy)
	at com.kms.katalon.core.webui.keyword.internal.WebUIKeywordMain.runKeyword(WebUIKeywordMain.groovy:20)
	... 20 more
)

2021-05-29 12:43:33 - [MESSAGE][FAILED] - Web element with id: 'Object Repository/Page_Town Square - abc Mattermost/label_A team with that name already exists' located by 'By.xpath: //div[@id='root']/div/div/div/div[3]/div/div/div/form/div/label' is present after '5' second(s) (Root cause: com.kms.katalon.core.exception.StepFailedException: Web element with id: 'Object Repository/Page_Town Square - abc Mattermost/label_A team with that name already exists' located by 'By.xpath: //div[@id='root']/div/div/div/div[3]/div/div/div/form/div/label' is present after '5' second(s)
	at com.kms.katalon.core.webui.keyword.internal.WebUIKeywordMain.stepFailed(WebUIKeywordMain.groovy:64)
	at com.kms.katalon.core.webui.keyword.internal.WebUIKeywordMain$stepFailed$0.call(Unknown Source)
	at com.kms.katalon.core.webui.keyword.builtin.VerifyElementNotPresentKeyword$_verifyElementNotPresent_closure1.doCall(VerifyElementNotPresentKeyword.groovy:106)
	at com.kms.katalon.core.webui.keyword.builtin.VerifyElementNotPresentKeyword$_verifyElementNotPresent_closure1.doCall(VerifyElementNotPresentKeyword.groovy)
	at com.kms.katalon.core.webui.keyword.internal.WebUIKeywordMain.runKeyword(WebUIKeywordMain.groovy:20)
	at com.kms.katalon.core.webui.keyword.internal.WebUIKeywordMain$runKeyword.call(Unknown Source)
	at com.kms.katalon.core.webui.keyword.builtin.VerifyElementNotPresentKeyword.verifyElementNotPresent(VerifyElementNotPresentKeyword.groovy:117)
	at com.kms.katalon.core.webui.keyword.builtin.VerifyElementNotPresentKeyword.execute(VerifyElementNotPresentKeyword.groovy:68)
	at com.kms.katalon.core.keyword.internal.KeywordExecutor.executeKeywordForPlatform(KeywordExecutor.groovy:73)
	at com.kms.katalon.core.webui.keyword.WebUiBuiltInKeywords.verifyElementNotPresent(WebUiBuiltInKeywords.groovy:1496)
	at com.kms.katalon.core.webui.keyword.WebUiBuiltInKeywords$verifyElementNotPresent$10.call(Unknown Source)
	at TC11_CreateATeam.run(TC11_CreateATeam:38)
	at com.kms.katalon.core.main.ScriptEngine.run(ScriptEngine.java:194)
	at com.kms.katalon.core.main.ScriptEngine.runScriptAsRawText(ScriptEngine.java:119)
	at com.kms.katalon.core.main.TestCaseExecutor.runScript(TestCaseExecutor.java:398)
	at com.kms.katalon.core.main.TestCaseExecutor.doExecute(TestCaseExecutor.java:389)
	at com.kms.katalon.core.main.TestCaseExecutor.processExecutionPhase(TestCaseExecutor.java:368)
	at com.kms.katalon.core.main.TestCaseExecutor.accessMainPhase(TestCaseExecutor.java:360)
	at com.kms.katalon.core.main.TestCaseExecutor.execute(TestCaseExecutor.java:255)
	at com.kms.katalon.core.main.TestSuiteExecutor.accessTestCaseMainPhase(TestSuiteExecutor.java:203)
	at com.kms.katalon.core.main.TestSuiteExecutor.accessTestSuiteMainPhase(TestSuiteExecutor.java:152)
	at com.kms.katalon.core.main.TestSuiteExecutor.execute(TestSuiteExecutor.java:95)
	at com.kms.katalon.core.main.TestCaseMain.startTestSuite(TestCaseMain.java:157)
	at com.kms.katalon.core.main.TestCaseMain$startTestSuite$0.call(Unknown Source)
	at TempTestSuite1622266529644.run(TempTestSuite1622266529644.groovy:39)
)
[[ATTACHMENT|C:\\Users\\Bao Chau\\Katalon Studio\\Mattermost_AutoTesting\\Reports\\20210529_123529\\1612049\\Run all test cases\\20210529_123529\\1622267013341.png]]

2021-05-29 12:43:33 - [MESSAGE][FAILED] - Unable to verify object 'Object Repository/Page_Town Square - abc Mattermost/label_A team with that name already exists' is not present (Root cause: com.kms.katalon.core.exception.StepFailedException: Unable to verify object 'Object Repository/Page_Town Square - abc Mattermost/label_A team with that name already exists' is not present
	at com.kms.katalon.core.webui.keyword.internal.WebUIKeywordMain.stepFailed(WebUIKeywordMain.groovy:64)
	at com.kms.katalon.core.webui.keyword.internal.WebUIKeywordMain.runKeyword(WebUIKeywordMain.groovy:26)
	at com.kms.katalon.core.webui.keyword.internal.WebUIKeywordMain$runKeyword.call(Unknown Source)
	at com.kms.katalon.core.webui.keyword.builtin.VerifyElementNotPresentKeyword.verifyElementNotPresent(VerifyElementNotPresentKeyword.groovy:117)
	at com.kms.katalon.core.webui.keyword.builtin.VerifyElementNotPresentKeyword.execute(VerifyElementNotPresentKeyword.groovy:68)
	at com.kms.katalon.core.keyword.internal.KeywordExecutor.executeKeywordForPlatform(KeywordExecutor.groovy:73)
	at com.kms.katalon.core.webui.keyword.WebUiBuiltInKeywords.verifyElementNotPresent(WebUiBuiltInKeywords.groovy:1496)
	at com.kms.katalon.core.webui.keyword.WebUiBuiltInKeywords$verifyElementNotPresent$10.call(Unknown Source)
	at TC11_CreateATeam.run(TC11_CreateATeam:38)
	at com.kms.katalon.core.main.ScriptEngine.run(ScriptEngine.java:194)
	at com.kms.katalon.core.main.ScriptEngine.runScriptAsRawText(ScriptEngine.java:119)
	at com.kms.katalon.core.main.TestCaseExecutor.runScript(TestCaseExecutor.java:398)
	at com.kms.katalon.core.main.TestCaseExecutor.doExecute(TestCaseExecutor.java:389)
	at com.kms.katalon.core.main.TestCaseExecutor.processExecutionPhase(TestCaseExecutor.java:368)
	at com.kms.katalon.core.main.TestCaseExecutor.accessMainPhase(TestCaseExecutor.java:360)
	at com.kms.katalon.core.main.TestCaseExecutor.execute(TestCaseExecutor.java:255)
	at com.kms.katalon.core.main.TestSuiteExecutor.accessTestCaseMainPhase(TestSuiteExecutor.java:203)
	at com.kms.katalon.core.main.TestSuiteExecutor.accessTestSuiteMainPhase(TestSuiteExecutor.java:152)
	at com.kms.katalon.core.main.TestSuiteExecutor.execute(TestSuiteExecutor.java:95)
	at com.kms.katalon.core.main.TestCaseMain.startTestSuite(TestCaseMain.java:157)
	at com.kms.katalon.core.main.TestCaseMain$startTestSuite$0.call(Unknown Source)
	at TempTestSuite1622266529644.run(TempTestSuite1622266529644.groovy:39)
Caused by: com.kms.katalon.core.exception.StepFailedException: Web element with id: 'Object Repository/Page_Town Square - abc Mattermost/label_A team with that name already exists' located by 'By.xpath: //div[@id='root']/div/div/div/div[3]/div/div/div/form/div/label' is present after '5' second(s)
	at com.kms.katalon.core.webui.keyword.internal.WebUIKeywordMain.stepFailed(WebUIKeywordMain.groovy:64)
	at com.kms.katalon.core.webui.keyword.internal.WebUIKeywordMain$stepFailed$0.call(Unknown Source)
	at com.kms.katalon.core.webui.keyword.builtin.VerifyElementNotPresentKeyword$_verifyElementNotPresent_closure1.doCall(VerifyElementNotPresentKeyword.groovy:106)
	at com.kms.katalon.core.webui.keyword.builtin.VerifyElementNotPresentKeyword$_verifyElementNotPresent_closure1.doCall(VerifyElementNotPresentKeyword.groovy)
	at com.kms.katalon.core.webui.keyword.internal.WebUIKeywordMain.runKeyword(WebUIKeywordMain.groovy:20)
	... 20 more
)
[[ATTACHMENT|C:\\Users\\Bao Chau\\Katalon Studio\\Mattermost_AutoTesting\\Reports\\20210529_123529\\1612049\\Run all test cases\\20210529_123529\\1622267013466.png]]]]></system-out>
         <system-err><![CDATA[2021-05-29 12:43:09 - [TEST_CASE][FAILED] - Test Cases/1712666/TC11_CreateATeam: Test Cases/1712666/TC11_CreateATeam FAILED.
Reason:
com.kms.katalon.core.exception.StepFailedException: Unable to verify object 'Object Repository/Page_Town Square - abc Mattermost/label_A team with that name already exists' is not present
	at com.kms.katalon.core.webui.keyword.internal.WebUIKeywordMain.stepFailed(WebUIKeywordMain.groovy:64)
	at com.kms.katalon.core.webui.keyword.internal.WebUIKeywordMain.runKeyword(WebUIKeywordMain.groovy:26)
	at com.kms.katalon.core.webui.keyword.internal.WebUIKeywordMain$runKeyword.call(Unknown Source)
	at com.kms.katalon.core.webui.keyword.builtin.VerifyElementNotPresentKeyword.verifyElementNotPresent(VerifyElementNotPresentKeyword.groovy:117)
	at com.kms.katalon.core.webui.keyword.builtin.VerifyElementNotPresentKeyword.execute(VerifyElementNotPresentKeyword.groovy:68)
	at com.kms.katalon.core.keyword.internal.KeywordExecutor.executeKeywordForPlatform(KeywordExecutor.groovy:73)
	at com.kms.katalon.core.webui.keyword.WebUiBuiltInKeywords.verifyElementNotPresent(WebUiBuiltInKeywords.groovy:1496)
	at com.kms.katalon.core.webui.keyword.WebUiBuiltInKeywords$verifyElementNotPresent$10.call(Unknown Source)
	at TC11_CreateATeam.run(TC11_CreateATeam:38)
	at com.kms.katalon.core.main.ScriptEngine.run(ScriptEngine.java:194)
	at com.kms.katalon.core.main.ScriptEngine.runScriptAsRawText(ScriptEngine.java:119)
	at com.kms.katalon.core.main.TestCaseExecutor.runScript(TestCaseExecutor.java:398)
	at com.kms.katalon.core.main.TestCaseExecutor.doExecute(TestCaseExecutor.java:389)
	at com.kms.katalon.core.main.TestCaseExecutor.processExecutionPhase(TestCaseExecutor.java:368)
	at com.kms.katalon.core.main.TestCaseExecutor.accessMainPhase(TestCaseExecutor.java:360)
	at com.kms.katalon.core.main.TestCaseExecutor.execute(TestCaseExecutor.java:255)
	at com.kms.katalon.core.main.TestSuiteExecutor.accessTestCaseMainPhase(TestSuiteExecutor.java:203)
	at com.kms.katalon.core.main.TestSuiteExecutor.accessTestSuiteMainPhase(TestSuiteExecutor.java:152)
	at com.kms.katalon.core.main.TestSuiteExecutor.execute(TestSuiteExecutor.java:95)
	at com.kms.katalon.core.main.TestCaseMain.startTestSuite(TestCaseMain.java:157)
	at com.kms.katalon.core.main.TestCaseMain$startTestSuite$0.call(Unknown Source)
	at TempTestSuite1622266529644.run(TempTestSuite1622266529644.groovy:39)
Caused by: com.kms.katalon.core.exception.StepFailedException: Web element with id: 'Object Repository/Page_Town Square - abc Mattermost/label_A team with that name already exists' located by 'By.xpath: //div[@id='root']/div/div/div/div[3]/div/div/div/form/div/label' is present after '5' second(s)
	at com.kms.katalon.core.webui.keyword.internal.WebUIKeywordMain.stepFailed(WebUIKeywordMain.groovy:64)
	at com.kms.katalon.core.webui.keyword.internal.WebUIKeywordMain$stepFailed$0.call(Unknown Source)
	at com.kms.katalon.core.webui.keyword.builtin.VerifyElementNotPresentKeyword$_verifyElementNotPresent_closure1.doCall(VerifyElementNotPresentKeyword.groovy:106)
	at com.kms.katalon.core.webui.keyword.builtin.VerifyElementNotPresentKeyword$_verifyElementNotPresent_closure1.doCall(VerifyElementNotPresentKeyword.groovy)
	at com.kms.katalon.core.webui.keyword.internal.WebUIKeywordMain.runKeyword(WebUIKeywordMain.groovy:20)
	... 20 more]]></system-err>
      </testcase>
      <testcase name="Test Cases/1712666/TC11_CreateATeam" time="31.506" classname="Test Cases/1712666/TC11_CreateATeam" status="PASSED">
         <system-out><![CDATA[2021-05-29 12:43:33 - [TEST_CASE][PASSED] - Test Cases/1712666/TC11_CreateATeam: Test Cases/1712666/TC11_CreateATeam

2021-05-29 12:43:33 - [TEST_STEP][PASSED] - openBrowser(""): Browser is opened with url: ''

2021-05-29 12:43:33 - [MESSAGE][WARNING] - A browser is already opened. Closing browser and opening a new one

2021-05-29 12:43:34 - [MESSAGE][INFO] - Starting 'Chrome' driver

2021-05-29 12:43:34 - [MESSAGE][INFO] - Action delay is set to 0 milliseconds

2021-05-29 12:43:35 - [MESSAGE][PASSED] - Browser is opened with url: ''

2021-05-29 12:43:35 - [TEST_STEP][PASSED] - navigateToUrl("https://mattermostwebapp.herokuapp.com/"): Navigate to 'https://mattermostwebapp.herokuapp.com/' successfully

2021-05-29 12:43:38 - [MESSAGE][PASSED] - Navigate to 'https://mattermostwebapp.herokuapp.com/' successfully

2021-05-29 12:43:38 - [TEST_STEP][PASSED] - callTestCase(findTestCase("1712666/CommonTC/CTC_Login"), ["var_username":"phuc", "var_password":"CSt51UwWECc="], null): Call Test Case 'Test Cases/1712666/CommonTC/CTC_Login' successfully

2021-05-29 12:43:38 - [TEST_CASE][PASSED] - Test Cases/1712666/CommonTC/CTC_Login: Test Cases/1712666/CommonTC/CTC_Login

2021-05-29 12:43:38 - [TEST_STEP][PASSED] - setText(findTestObject("Object Repository/1412263_Page_Mattermost/input_All team communication in one place, _dcc84b"), var_username): Text 'phuc' is set on object 'Object Repository/1412263_Page_Mattermost/input_All team communication in one place, _dcc84b'

2021-05-29 12:43:46 - [MESSAGE][PASSED] - Text 'phuc' is set on object 'Object Repository/1412263_Page_Mattermost/input_All team communication in one place, _dcc84b'

2021-05-29 12:43:46 - [TEST_STEP][PASSED] - setEncryptedText(findTestObject("Object Repository/1412263_Page_Mattermost/input_All team communication in one place, _a3edc6"), var_password): Text ****** has been set on object 'Object Repository/1412263_Page_Mattermost/input_All team communication in one place, _a3edc6'

2021-05-29 12:43:48 - [MESSAGE][PASSED] - Text ****** has been set on object 'Object Repository/1412263_Page_Mattermost/input_All team communication in one place, _a3edc6'

2021-05-29 12:43:48 - [TEST_STEP][PASSED] - click(findTestObject("Object Repository/1412263_Page_Mattermost/span_Sign in")): Object: 'Object Repository/1412263_Page_Mattermost/span_Sign in' is clicked on

2021-05-29 12:43:50 - [MESSAGE][PASSED] - Object: 'Object Repository/1412263_Page_Mattermost/span_Sign in' is clicked on

2021-05-29 12:43:50 - [MESSAGE][PASSED] - Call Test Case 'Test Cases/1712666/CommonTC/CTC_Login' successfully

2021-05-29 12:43:50 - [TEST_STEP][PASSED] - click(findTestObject("Object Repository/Page_Town Square - abc Mattermost/div_phuc")): Object: 'Object Repository/Page_Town Square - abc Mattermost/div_phuc' is clicked on

2021-05-29 12:43:53 - [MESSAGE][PASSED] - Object: 'Object Repository/Page_Town Square - abc Mattermost/div_phuc' is clicked on

2021-05-29 12:43:53 - [TEST_STEP][PASSED] - click(findTestObject("Object Repository/Page_Town Square - abc Mattermost/span_Create a Team")): Object: 'Object Repository/Page_Town Square - abc Mattermost/span_Create a Team' is clicked on

2021-05-29 12:43:55 - [MESSAGE][PASSED] - Object: 'Object Repository/Page_Town Square - abc Mattermost/span_Create a Team' is clicked on

2021-05-29 12:43:55 - [TEST_STEP][PASSED] - setText(findTestObject("Object Repository/Page_Town Square - abc Mattermost/input_Team Name_teamNameInput"), var_teamName): Text 'test3' is set on object 'Object Repository/Page_Town Square - abc Mattermost/input_Team Name_teamNameInput'

2021-05-29 12:44:00 - [MESSAGE][PASSED] - Text 'test3' is set on object 'Object Repository/Page_Town Square - abc Mattermost/input_Team Name_teamNameInput'

2021-05-29 12:44:00 - [TEST_STEP][PASSED] - click(findTestObject("Object Repository/Page_Town Square - abc Mattermost/span_Next")): Object: 'Object Repository/Page_Town Square - abc Mattermost/span_Next' is clicked on

2021-05-29 12:44:02 - [MESSAGE][PASSED] - Object: 'Object Repository/Page_Town Square - abc Mattermost/span_Next' is clicked on

2021-05-29 12:44:02 - [TEST_STEP][PASSED] - click(findTestObject("Object Repository/Page_Town Square - abc Mattermost/span_Finish")): Object: 'Object Repository/Page_Town Square - abc Mattermost/span_Finish' is clicked on

2021-05-29 12:44:04 - [MESSAGE][PASSED] - Object: 'Object Repository/Page_Town Square - abc Mattermost/span_Finish' is clicked on

2021-05-29 12:44:04 - [TEST_STEP][PASSED] - if (var_statusExpected.toString() == "empty"): null

2021-05-29 12:44:04 - [TEST_STEP][PASSED] - closeBrowser(): Browser is closed

2021-05-29 12:44:05 - [MESSAGE][PASSED] - Browser is closed]]></system-out>
         <system-err><![CDATA[]]></system-err>
      </testcase>
      <testcase name="Test Cases/1712666/TC11_CreateATeam" time="31.941" classname="Test Cases/1712666/TC11_CreateATeam" status="PASSED">
         <system-out><![CDATA[2021-05-29 12:44:05 - [TEST_CASE][PASSED] - Test Cases/1712666/TC11_CreateATeam: Test Cases/1712666/TC11_CreateATeam

2021-05-29 12:44:05 - [TEST_STEP][PASSED] - openBrowser(""): Browser is opened with url: ''

2021-05-29 12:44:05 - [MESSAGE][INFO] - Starting 'Chrome' driver

2021-05-29 12:44:05 - [MESSAGE][INFO] - Action delay is set to 0 milliseconds

2021-05-29 12:44:06 - [MESSAGE][PASSED] - Browser is opened with url: ''

2021-05-29 12:44:06 - [TEST_STEP][PASSED] - navigateToUrl("https://mattermostwebapp.herokuapp.com/"): Navigate to 'https://mattermostwebapp.herokuapp.com/' successfully

2021-05-29 12:44:09 - [MESSAGE][PASSED] - Navigate to 'https://mattermostwebapp.herokuapp.com/' successfully

2021-05-29 12:44:09 - [TEST_STEP][PASSED] - callTestCase(findTestCase("1712666/CommonTC/CTC_Login"), ["var_username":"phuc", "var_password":"CSt51UwWECc="], null): Call Test Case 'Test Cases/1712666/CommonTC/CTC_Login' successfully

2021-05-29 12:44:09 - [TEST_CASE][PASSED] - Test Cases/1712666/CommonTC/CTC_Login: Test Cases/1712666/CommonTC/CTC_Login

2021-05-29 12:44:09 - [TEST_STEP][PASSED] - setText(findTestObject("Object Repository/1412263_Page_Mattermost/input_All team communication in one place, _dcc84b"), var_username): Text 'phuc' is set on object 'Object Repository/1412263_Page_Mattermost/input_All team communication in one place, _dcc84b'

2021-05-29 12:44:17 - [MESSAGE][PASSED] - Text 'phuc' is set on object 'Object Repository/1412263_Page_Mattermost/input_All team communication in one place, _dcc84b'

2021-05-29 12:44:17 - [TEST_STEP][PASSED] - setEncryptedText(findTestObject("Object Repository/1412263_Page_Mattermost/input_All team communication in one place, _a3edc6"), var_password): Text ****** has been set on object 'Object Repository/1412263_Page_Mattermost/input_All team communication in one place, _a3edc6'

2021-05-29 12:44:19 - [MESSAGE][PASSED] - Text ****** has been set on object 'Object Repository/1412263_Page_Mattermost/input_All team communication in one place, _a3edc6'

2021-05-29 12:44:19 - [TEST_STEP][PASSED] - click(findTestObject("Object Repository/1412263_Page_Mattermost/span_Sign in")): Object: 'Object Repository/1412263_Page_Mattermost/span_Sign in' is clicked on

2021-05-29 12:44:21 - [MESSAGE][PASSED] - Object: 'Object Repository/1412263_Page_Mattermost/span_Sign in' is clicked on

2021-05-29 12:44:21 - [MESSAGE][PASSED] - Call Test Case 'Test Cases/1712666/CommonTC/CTC_Login' successfully

2021-05-29 12:44:21 - [TEST_STEP][PASSED] - click(findTestObject("Object Repository/Page_Town Square - abc Mattermost/div_phuc")): Object: 'Object Repository/Page_Town Square - abc Mattermost/div_phuc' is clicked on

2021-05-29 12:44:26 - [MESSAGE][PASSED] - Object: 'Object Repository/Page_Town Square - abc Mattermost/div_phuc' is clicked on

2021-05-29 12:44:26 - [TEST_STEP][PASSED] - click(findTestObject("Object Repository/Page_Town Square - abc Mattermost/span_Create a Team")): Object: 'Object Repository/Page_Town Square - abc Mattermost/span_Create a Team' is clicked on

2021-05-29 12:44:28 - [MESSAGE][PASSED] - Object: 'Object Repository/Page_Town Square - abc Mattermost/span_Create a Team' is clicked on

2021-05-29 12:44:28 - [TEST_STEP][PASSED] - setText(findTestObject("Object Repository/Page_Town Square - abc Mattermost/input_Team Name_teamNameInput"), var_teamName): Text 'test4' is set on object 'Object Repository/Page_Town Square - abc Mattermost/input_Team Name_teamNameInput'

2021-05-29 12:44:32 - [MESSAGE][PASSED] - Text 'test4' is set on object 'Object Repository/Page_Town Square - abc Mattermost/input_Team Name_teamNameInput'

2021-05-29 12:44:32 - [TEST_STEP][PASSED] - click(findTestObject("Object Repository/Page_Town Square - abc Mattermost/span_Next")): Object: 'Object Repository/Page_Town Square - abc Mattermost/span_Next' is clicked on

2021-05-29 12:44:34 - [MESSAGE][PASSED] - Object: 'Object Repository/Page_Town Square - abc Mattermost/span_Next' is clicked on

2021-05-29 12:44:34 - [TEST_STEP][PASSED] - click(findTestObject("Object Repository/Page_Town Square - abc Mattermost/span_Finish")): Object: 'Object Repository/Page_Town Square - abc Mattermost/span_Finish' is clicked on

2021-05-29 12:44:36 - [MESSAGE][PASSED] - Object: 'Object Repository/Page_Town Square - abc Mattermost/span_Finish' is clicked on

2021-05-29 12:44:36 - [TEST_STEP][PASSED] - if (var_statusExpected.toString() == "empty"): null

2021-05-29 12:44:36 - [TEST_STEP][PASSED] - closeBrowser(): Browser is closed

2021-05-29 12:44:37 - [MESSAGE][PASSED] - Browser is closed]]></system-out>
         <system-err><![CDATA[]]></system-err>
      </testcase>
      <testcase name="Test Cases/1712666/TC11_CreateATeam" time="23.071" classname="Test Cases/1712666/TC11_CreateATeam" status="FAILED">
         <failure type="FAILED" message="Test Cases/1712666/TC11_CreateATeam FAILED.
Reason:
com.kms.katalon.core.exception.StepFailedException: Unable to verify object 'Object Repository/Page_Town Square - abc Mattermost/label_A team with that name already exists' is not present
	at com.kms.katalon.core.webui.keyword.internal.WebUIKeywordMain.stepFailed(WebUIKeywordMain.groovy:64)
	at com.kms.katalon.core.webui.keyword.internal.WebUIKeywordMain.runKeyword(WebUIKeywordMain.groovy:26)
	at com.kms.katalon.core.webui.keyword.internal.WebUIKeywordMain$runKeyword.call(Unknown Source)
	at com.kms.katalon.core.webui.keyword.builtin.VerifyElementNotPresentKeyword.verifyElementNotPresent(VerifyElementNotPresentKeyword.groovy:117)
	at com.kms.katalon.core.webui.keyword.builtin.VerifyElementNotPresentKeyword.execute(VerifyElementNotPresentKeyword.groovy:68)
	at com.kms.katalon.core.keyword.internal.KeywordExecutor.executeKeywordForPlatform(KeywordExecutor.groovy:73)
	at com.kms.katalon.core.webui.keyword.WebUiBuiltInKeywords.verifyElementNotPresent(WebUiBuiltInKeywords.groovy:1496)
	at com.kms.katalon.core.webui.keyword.WebUiBuiltInKeywords$verifyElementNotPresent$10.call(Unknown Source)
	at TC11_CreateATeam.run(TC11_CreateATeam:38)
	at com.kms.katalon.core.main.ScriptEngine.run(ScriptEngine.java:194)
	at com.kms.katalon.core.main.ScriptEngine.runScriptAsRawText(ScriptEngine.java:119)
	at com.kms.katalon.core.main.TestCaseExecutor.runScript(TestCaseExecutor.java:398)
	at com.kms.katalon.core.main.TestCaseExecutor.doExecute(TestCaseExecutor.java:389)
	at com.kms.katalon.core.main.TestCaseExecutor.processExecutionPhase(TestCaseExecutor.java:368)
	at com.kms.katalon.core.main.TestCaseExecutor.accessMainPhase(TestCaseExecutor.java:360)
	at com.kms.katalon.core.main.TestCaseExecutor.execute(TestCaseExecutor.java:255)
	at com.kms.katalon.core.main.TestSuiteExecutor.accessTestCaseMainPhase(TestSuiteExecutor.java:203)
	at com.kms.katalon.core.main.TestSuiteExecutor.accessTestSuiteMainPhase(TestSuiteExecutor.java:152)
	at com.kms.katalon.core.main.TestSuiteExecutor.execute(TestSuiteExecutor.java:95)
	at com.kms.katalon.core.main.TestCaseMain.startTestSuite(TestCaseMain.java:157)
	at com.kms.katalon.core.main.TestCaseMain$startTestSuite$0.call(Unknown Source)
	at TempTestSuite1622266529644.run(TempTestSuite1622266529644.groovy:39)
Caused by: com.kms.katalon.core.exception.StepFailedException: Web element with id: 'Object Repository/Page_Town Square - abc Mattermost/label_A team with that name already exists' located by 'By.xpath: //div[@id='root']/div/div/div/div[3]/div/div/div/form/div/label' is present after '5' second(s)
	at com.kms.katalon.core.webui.keyword.internal.WebUIKeywordMain.stepFailed(WebUIKeywordMain.groovy:64)
	at com.kms.katalon.core.webui.keyword.internal.WebUIKeywordMain$stepFailed$0.call(Unknown Source)
	at com.kms.katalon.core.webui.keyword.builtin.VerifyElementNotPresentKeyword$_verifyElementNotPresent_closure1.doCall(VerifyElementNotPresentKeyword.groovy:106)
	at com.kms.katalon.core.webui.keyword.builtin.VerifyElementNotPresentKeyword$_verifyElementNotPresent_closure1.doCall(VerifyElementNotPresentKeyword.groovy)
	at com.kms.katalon.core.webui.keyword.internal.WebUIKeywordMain.runKeyword(WebUIKeywordMain.groovy:20)
	... 20 more
"/>
         <system-out><![CDATA[2021-05-29 12:44:37 - [TEST_CASE][FAILED] - Test Cases/1712666/TC11_CreateATeam: Test Cases/1712666/TC11_CreateATeam FAILED.
Reason:
com.kms.katalon.core.exception.StepFailedException: Unable to verify object 'Object Repository/Page_Town Square - abc Mattermost/label_A team with that name already exists' is not present
	at com.kms.katalon.core.webui.keyword.internal.WebUIKeywordMain.stepFailed(WebUIKeywordMain.groovy:64)
	at com.kms.katalon.core.webui.keyword.internal.WebUIKeywordMain.runKeyword(WebUIKeywordMain.groovy:26)
	at com.kms.katalon.core.webui.keyword.internal.WebUIKeywordMain$runKeyword.call(Unknown Source)
	at com.kms.katalon.core.webui.keyword.builtin.VerifyElementNotPresentKeyword.verifyElementNotPresent(VerifyElementNotPresentKeyword.groovy:117)
	at com.kms.katalon.core.webui.keyword.builtin.VerifyElementNotPresentKeyword.execute(VerifyElementNotPresentKeyword.groovy:68)
	at com.kms.katalon.core.keyword.internal.KeywordExecutor.executeKeywordForPlatform(KeywordExecutor.groovy:73)
	at com.kms.katalon.core.webui.keyword.WebUiBuiltInKeywords.verifyElementNotPresent(WebUiBuiltInKeywords.groovy:1496)
	at com.kms.katalon.core.webui.keyword.WebUiBuiltInKeywords$verifyElementNotPresent$10.call(Unknown Source)
	at TC11_CreateATeam.run(TC11_CreateATeam:38)
	at com.kms.katalon.core.main.ScriptEngine.run(ScriptEngine.java:194)
	at com.kms.katalon.core.main.ScriptEngine.runScriptAsRawText(ScriptEngine.java:119)
	at com.kms.katalon.core.main.TestCaseExecutor.runScript(TestCaseExecutor.java:398)
	at com.kms.katalon.core.main.TestCaseExecutor.doExecute(TestCaseExecutor.java:389)
	at com.kms.katalon.core.main.TestCaseExecutor.processExecutionPhase(TestCaseExecutor.java:368)
	at com.kms.katalon.core.main.TestCaseExecutor.accessMainPhase(TestCaseExecutor.java:360)
	at com.kms.katalon.core.main.TestCaseExecutor.execute(TestCaseExecutor.java:255)
	at com.kms.katalon.core.main.TestSuiteExecutor.accessTestCaseMainPhase(TestSuiteExecutor.java:203)
	at com.kms.katalon.core.main.TestSuiteExecutor.accessTestSuiteMainPhase(TestSuiteExecutor.java:152)
	at com.kms.katalon.core.main.TestSuiteExecutor.execute(TestSuiteExecutor.java:95)
	at com.kms.katalon.core.main.TestCaseMain.startTestSuite(TestCaseMain.java:157)
	at com.kms.katalon.core.main.TestCaseMain$startTestSuite$0.call(Unknown Source)
	at TempTestSuite1622266529644.run(TempTestSuite1622266529644.groovy:39)
Caused by: com.kms.katalon.core.exception.StepFailedException: Web element with id: 'Object Repository/Page_Town Square - abc Mattermost/label_A team with that name already exists' located by 'By.xpath: //div[@id='root']/div/div/div/div[3]/div/div/div/form/div/label' is present after '5' second(s)
	at com.kms.katalon.core.webui.keyword.internal.WebUIKeywordMain.stepFailed(WebUIKeywordMain.groovy:64)
	at com.kms.katalon.core.webui.keyword.internal.WebUIKeywordMain$stepFailed$0.call(Unknown Source)
	at com.kms.katalon.core.webui.keyword.builtin.VerifyElementNotPresentKeyword$_verifyElementNotPresent_closure1.doCall(VerifyElementNotPresentKeyword.groovy:106)
	at com.kms.katalon.core.webui.keyword.builtin.VerifyElementNotPresentKeyword$_verifyElementNotPresent_closure1.doCall(VerifyElementNotPresentKeyword.groovy)
	at com.kms.katalon.core.webui.keyword.internal.WebUIKeywordMain.runKeyword(WebUIKeywordMain.groovy:20)
	... 20 more


2021-05-29 12:44:37 - [TEST_STEP][PASSED] - openBrowser(""): Browser is opened with url: ''

2021-05-29 12:44:37 - [MESSAGE][INFO] - Starting 'Chrome' driver

2021-05-29 12:44:37 - [MESSAGE][INFO] - Action delay is set to 0 milliseconds

2021-05-29 12:44:38 - [MESSAGE][PASSED] - Browser is opened with url: ''

2021-05-29 12:44:38 - [TEST_STEP][PASSED] - navigateToUrl("https://mattermostwebapp.herokuapp.com/"): Navigate to 'https://mattermostwebapp.herokuapp.com/' successfully

2021-05-29 12:44:41 - [MESSAGE][PASSED] - Navigate to 'https://mattermostwebapp.herokuapp.com/' successfully

2021-05-29 12:44:41 - [TEST_STEP][PASSED] - callTestCase(findTestCase("1712666/CommonTC/CTC_Login"), ["var_username":"phuc", "var_password":"CSt51UwWECc="], null): Call Test Case 'Test Cases/1712666/CommonTC/CTC_Login' successfully

2021-05-29 12:44:41 - [TEST_CASE][PASSED] - Test Cases/1712666/CommonTC/CTC_Login: Test Cases/1712666/CommonTC/CTC_Login

2021-05-29 12:44:41 - [TEST_STEP][PASSED] - setText(findTestObject("Object Repository/1412263_Page_Mattermost/input_All team communication in one place, _dcc84b"), var_username): Text 'phuc' is set on object 'Object Repository/1412263_Page_Mattermost/input_All team communication in one place, _dcc84b'

2021-05-29 12:44:46 - [MESSAGE][PASSED] - Text 'phuc' is set on object 'Object Repository/1412263_Page_Mattermost/input_All team communication in one place, _dcc84b'

2021-05-29 12:44:46 - [TEST_STEP][PASSED] - setEncryptedText(findTestObject("Object Repository/1412263_Page_Mattermost/input_All team communication in one place, _a3edc6"), var_password): Text ****** has been set on object 'Object Repository/1412263_Page_Mattermost/input_All team communication in one place, _a3edc6'

2021-05-29 12:44:47 - [MESSAGE][PASSED] - Text ****** has been set on object 'Object Repository/1412263_Page_Mattermost/input_All team communication in one place, _a3edc6'

2021-05-29 12:44:47 - [TEST_STEP][PASSED] - click(findTestObject("Object Repository/1412263_Page_Mattermost/span_Sign in")): Object: 'Object Repository/1412263_Page_Mattermost/span_Sign in' is clicked on

2021-05-29 12:44:47 - [MESSAGE][PASSED] - Object: 'Object Repository/1412263_Page_Mattermost/span_Sign in' is clicked on

2021-05-29 12:44:47 - [MESSAGE][PASSED] - Call Test Case 'Test Cases/1712666/CommonTC/CTC_Login' successfully

2021-05-29 12:44:47 - [TEST_STEP][PASSED] - click(findTestObject("Object Repository/Page_Town Square - abc Mattermost/div_phuc")): Object: 'Object Repository/Page_Town Square - abc Mattermost/div_phuc' is clicked on

2021-05-29 12:44:51 - [MESSAGE][PASSED] - Object: 'Object Repository/Page_Town Square - abc Mattermost/div_phuc' is clicked on

2021-05-29 12:44:51 - [TEST_STEP][PASSED] - click(findTestObject("Object Repository/Page_Town Square - abc Mattermost/span_Create a Team")): Object: 'Object Repository/Page_Town Square - abc Mattermost/span_Create a Team' is clicked on

2021-05-29 12:44:51 - [MESSAGE][PASSED] - Object: 'Object Repository/Page_Town Square - abc Mattermost/span_Create a Team' is clicked on

2021-05-29 12:44:51 - [TEST_STEP][PASSED] - setText(findTestObject("Object Repository/Page_Town Square - abc Mattermost/input_Team Name_teamNameInput"), var_teamName): Text 'test5' is set on object 'Object Repository/Page_Town Square - abc Mattermost/input_Team Name_teamNameInput'

2021-05-29 12:44:52 - [MESSAGE][PASSED] - Text 'test5' is set on object 'Object Repository/Page_Town Square - abc Mattermost/input_Team Name_teamNameInput'

2021-05-29 12:44:52 - [TEST_STEP][PASSED] - click(findTestObject("Object Repository/Page_Town Square - abc Mattermost/span_Next")): Object: 'Object Repository/Page_Town Square - abc Mattermost/span_Next' is clicked on

2021-05-29 12:44:53 - [MESSAGE][PASSED] - Object: 'Object Repository/Page_Town Square - abc Mattermost/span_Next' is clicked on

2021-05-29 12:44:53 - [TEST_STEP][PASSED] - click(findTestObject("Object Repository/Page_Town Square - abc Mattermost/span_Finish")): Object: 'Object Repository/Page_Town Square - abc Mattermost/span_Finish' is clicked on

2021-05-29 12:44:54 - [MESSAGE][PASSED] - Object: 'Object Repository/Page_Town Square - abc Mattermost/span_Finish' is clicked on

2021-05-29 12:44:54 - [TEST_STEP][FAILED] - if (var_statusExpected.toString() == "empty"): Unable to verify object 'Object Repository/Page_Town Square - abc Mattermost/label_A team with that name already exists' is not present (Root cause: com.kms.katalon.core.exception.StepFailedException: Unable to verify object 'Object Repository/Page_Town Square - abc Mattermost/label_A team with that name already exists' is not present
	at com.kms.katalon.core.webui.keyword.internal.WebUIKeywordMain.stepFailed(WebUIKeywordMain.groovy:64)
	at com.kms.katalon.core.webui.keyword.internal.WebUIKeywordMain.runKeyword(WebUIKeywordMain.groovy:26)
	at com.kms.katalon.core.webui.keyword.internal.WebUIKeywordMain$runKeyword.call(Unknown Source)
	at com.kms.katalon.core.webui.keyword.builtin.VerifyElementNotPresentKeyword.verifyElementNotPresent(VerifyElementNotPresentKeyword.groovy:117)
	at com.kms.katalon.core.webui.keyword.builtin.VerifyElementNotPresentKeyword.execute(VerifyElementNotPresentKeyword.groovy:68)
	at com.kms.katalon.core.keyword.internal.KeywordExecutor.executeKeywordForPlatform(KeywordExecutor.groovy:73)
	at com.kms.katalon.core.webui.keyword.WebUiBuiltInKeywords.verifyElementNotPresent(WebUiBuiltInKeywords.groovy:1496)
	at com.kms.katalon.core.webui.keyword.WebUiBuiltInKeywords$verifyElementNotPresent$10.call(Unknown Source)
	at TC11_CreateATeam.run(TC11_CreateATeam:38)
	at com.kms.katalon.core.main.ScriptEngine.run(ScriptEngine.java:194)
	at com.kms.katalon.core.main.ScriptEngine.runScriptAsRawText(ScriptEngine.java:119)
	at com.kms.katalon.core.main.TestCaseExecutor.runScript(TestCaseExecutor.java:398)
	at com.kms.katalon.core.main.TestCaseExecutor.doExecute(TestCaseExecutor.java:389)
	at com.kms.katalon.core.main.TestCaseExecutor.processExecutionPhase(TestCaseExecutor.java:368)
	at com.kms.katalon.core.main.TestCaseExecutor.accessMainPhase(TestCaseExecutor.java:360)
	at com.kms.katalon.core.main.TestCaseExecutor.execute(TestCaseExecutor.java:255)
	at com.kms.katalon.core.main.TestSuiteExecutor.accessTestCaseMainPhase(TestSuiteExecutor.java:203)
	at com.kms.katalon.core.main.TestSuiteExecutor.accessTestSuiteMainPhase(TestSuiteExecutor.java:152)
	at com.kms.katalon.core.main.TestSuiteExecutor.execute(TestSuiteExecutor.java:95)
	at com.kms.katalon.core.main.TestCaseMain.startTestSuite(TestCaseMain.java:157)
	at com.kms.katalon.core.main.TestCaseMain$startTestSuite$0.call(Unknown Source)
	at TempTestSuite1622266529644.run(TempTestSuite1622266529644.groovy:39)
Caused by: com.kms.katalon.core.exception.StepFailedException: Web element with id: 'Object Repository/Page_Town Square - abc Mattermost/label_A team with that name already exists' located by 'By.xpath: //div[@id='root']/div/div/div/div[3]/div/div/div/form/div/label' is present after '5' second(s)
	at com.kms.katalon.core.webui.keyword.internal.WebUIKeywordMain.stepFailed(WebUIKeywordMain.groovy:64)
	at com.kms.katalon.core.webui.keyword.internal.WebUIKeywordMain$stepFailed$0.call(Unknown Source)
	at com.kms.katalon.core.webui.keyword.builtin.VerifyElementNotPresentKeyword$_verifyElementNotPresent_closure1.doCall(VerifyElementNotPresentKeyword.groovy:106)
	at com.kms.katalon.core.webui.keyword.builtin.VerifyElementNotPresentKeyword$_verifyElementNotPresent_closure1.doCall(VerifyElementNotPresentKeyword.groovy)
	at com.kms.katalon.core.webui.keyword.internal.WebUIKeywordMain.runKeyword(WebUIKeywordMain.groovy:20)
	... 20 more
)

2021-05-29 12:44:54 - [TEST_STEP][FAILED] - verifyElementNotPresent(findTestObject("Object Repository/Page_Town Square - abc Mattermost/label_A team with that name already exists"), 5): Unable to verify object 'Object Repository/Page_Town Square - abc Mattermost/label_A team with that name already exists' is not present (Root cause: com.kms.katalon.core.exception.StepFailedException: Unable to verify object 'Object Repository/Page_Town Square - abc Mattermost/label_A team with that name already exists' is not present
	at com.kms.katalon.core.webui.keyword.internal.WebUIKeywordMain.stepFailed(WebUIKeywordMain.groovy:64)
	at com.kms.katalon.core.webui.keyword.internal.WebUIKeywordMain.runKeyword(WebUIKeywordMain.groovy:26)
	at com.kms.katalon.core.webui.keyword.internal.WebUIKeywordMain$runKeyword.call(Unknown Source)
	at com.kms.katalon.core.webui.keyword.builtin.VerifyElementNotPresentKeyword.verifyElementNotPresent(VerifyElementNotPresentKeyword.groovy:117)
	at com.kms.katalon.core.webui.keyword.builtin.VerifyElementNotPresentKeyword.execute(VerifyElementNotPresentKeyword.groovy:68)
	at com.kms.katalon.core.keyword.internal.KeywordExecutor.executeKeywordForPlatform(KeywordExecutor.groovy:73)
	at com.kms.katalon.core.webui.keyword.WebUiBuiltInKeywords.verifyElementNotPresent(WebUiBuiltInKeywords.groovy:1496)
	at com.kms.katalon.core.webui.keyword.WebUiBuiltInKeywords$verifyElementNotPresent$10.call(Unknown Source)
	at TC11_CreateATeam.run(TC11_CreateATeam:38)
	at com.kms.katalon.core.main.ScriptEngine.run(ScriptEngine.java:194)
	at com.kms.katalon.core.main.ScriptEngine.runScriptAsRawText(ScriptEngine.java:119)
	at com.kms.katalon.core.main.TestCaseExecutor.runScript(TestCaseExecutor.java:398)
	at com.kms.katalon.core.main.TestCaseExecutor.doExecute(TestCaseExecutor.java:389)
	at com.kms.katalon.core.main.TestCaseExecutor.processExecutionPhase(TestCaseExecutor.java:368)
	at com.kms.katalon.core.main.TestCaseExecutor.accessMainPhase(TestCaseExecutor.java:360)
	at com.kms.katalon.core.main.TestCaseExecutor.execute(TestCaseExecutor.java:255)
	at com.kms.katalon.core.main.TestSuiteExecutor.accessTestCaseMainPhase(TestSuiteExecutor.java:203)
	at com.kms.katalon.core.main.TestSuiteExecutor.accessTestSuiteMainPhase(TestSuiteExecutor.java:152)
	at com.kms.katalon.core.main.TestSuiteExecutor.execute(TestSuiteExecutor.java:95)
	at com.kms.katalon.core.main.TestCaseMain.startTestSuite(TestCaseMain.java:157)
	at com.kms.katalon.core.main.TestCaseMain$startTestSuite$0.call(Unknown Source)
	at TempTestSuite1622266529644.run(TempTestSuite1622266529644.groovy:39)
Caused by: com.kms.katalon.core.exception.StepFailedException: Web element with id: 'Object Repository/Page_Town Square - abc Mattermost/label_A team with that name already exists' located by 'By.xpath: //div[@id='root']/div/div/div/div[3]/div/div/div/form/div/label' is present after '5' second(s)
	at com.kms.katalon.core.webui.keyword.internal.WebUIKeywordMain.stepFailed(WebUIKeywordMain.groovy:64)
	at com.kms.katalon.core.webui.keyword.internal.WebUIKeywordMain$stepFailed$0.call(Unknown Source)
	at com.kms.katalon.core.webui.keyword.builtin.VerifyElementNotPresentKeyword$_verifyElementNotPresent_closure1.doCall(VerifyElementNotPresentKeyword.groovy:106)
	at com.kms.katalon.core.webui.keyword.builtin.VerifyElementNotPresentKeyword$_verifyElementNotPresent_closure1.doCall(VerifyElementNotPresentKeyword.groovy)
	at com.kms.katalon.core.webui.keyword.internal.WebUIKeywordMain.runKeyword(WebUIKeywordMain.groovy:20)
	... 20 more
)

2021-05-29 12:45:00 - [MESSAGE][FAILED] - Web element with id: 'Object Repository/Page_Town Square - abc Mattermost/label_A team with that name already exists' located by 'By.xpath: //div[@id='root']/div/div/div/div[3]/div/div/div/form/div/label' is present after '5' second(s) (Root cause: com.kms.katalon.core.exception.StepFailedException: Web element with id: 'Object Repository/Page_Town Square - abc Mattermost/label_A team with that name already exists' located by 'By.xpath: //div[@id='root']/div/div/div/div[3]/div/div/div/form/div/label' is present after '5' second(s)
	at com.kms.katalon.core.webui.keyword.internal.WebUIKeywordMain.stepFailed(WebUIKeywordMain.groovy:64)
	at com.kms.katalon.core.webui.keyword.internal.WebUIKeywordMain$stepFailed$0.call(Unknown Source)
	at com.kms.katalon.core.webui.keyword.builtin.VerifyElementNotPresentKeyword$_verifyElementNotPresent_closure1.doCall(VerifyElementNotPresentKeyword.groovy:106)
	at com.kms.katalon.core.webui.keyword.builtin.VerifyElementNotPresentKeyword$_verifyElementNotPresent_closure1.doCall(VerifyElementNotPresentKeyword.groovy)
	at com.kms.katalon.core.webui.keyword.internal.WebUIKeywordMain.runKeyword(WebUIKeywordMain.groovy:20)
	at com.kms.katalon.core.webui.keyword.internal.WebUIKeywordMain$runKeyword.call(Unknown Source)
	at com.kms.katalon.core.webui.keyword.builtin.VerifyElementNotPresentKeyword.verifyElementNotPresent(VerifyElementNotPresentKeyword.groovy:117)
	at com.kms.katalon.core.webui.keyword.builtin.VerifyElementNotPresentKeyword.execute(VerifyElementNotPresentKeyword.groovy:68)
	at com.kms.katalon.core.keyword.internal.KeywordExecutor.executeKeywordForPlatform(KeywordExecutor.groovy:73)
	at com.kms.katalon.core.webui.keyword.WebUiBuiltInKeywords.verifyElementNotPresent(WebUiBuiltInKeywords.groovy:1496)
	at com.kms.katalon.core.webui.keyword.WebUiBuiltInKeywords$verifyElementNotPresent$10.call(Unknown Source)
	at TC11_CreateATeam.run(TC11_CreateATeam:38)
	at com.kms.katalon.core.main.ScriptEngine.run(ScriptEngine.java:194)
	at com.kms.katalon.core.main.ScriptEngine.runScriptAsRawText(ScriptEngine.java:119)
	at com.kms.katalon.core.main.TestCaseExecutor.runScript(TestCaseExecutor.java:398)
	at com.kms.katalon.core.main.TestCaseExecutor.doExecute(TestCaseExecutor.java:389)
	at com.kms.katalon.core.main.TestCaseExecutor.processExecutionPhase(TestCaseExecutor.java:368)
	at com.kms.katalon.core.main.TestCaseExecutor.accessMainPhase(TestCaseExecutor.java:360)
	at com.kms.katalon.core.main.TestCaseExecutor.execute(TestCaseExecutor.java:255)
	at com.kms.katalon.core.main.TestSuiteExecutor.accessTestCaseMainPhase(TestSuiteExecutor.java:203)
	at com.kms.katalon.core.main.TestSuiteExecutor.accessTestSuiteMainPhase(TestSuiteExecutor.java:152)
	at com.kms.katalon.core.main.TestSuiteExecutor.execute(TestSuiteExecutor.java:95)
	at com.kms.katalon.core.main.TestCaseMain.startTestSuite(TestCaseMain.java:157)
	at com.kms.katalon.core.main.TestCaseMain$startTestSuite$0.call(Unknown Source)
	at TempTestSuite1622266529644.run(TempTestSuite1622266529644.groovy:39)
)
[[ATTACHMENT|C:\\Users\\Bao Chau\\Katalon Studio\\Mattermost_AutoTesting\\Reports\\20210529_123529\\1612049\\Run all test cases\\20210529_123529\\1622267099985.png]]

2021-05-29 12:45:00 - [MESSAGE][FAILED] - Unable to verify object 'Object Repository/Page_Town Square - abc Mattermost/label_A team with that name already exists' is not present (Root cause: com.kms.katalon.core.exception.StepFailedException: Unable to verify object 'Object Repository/Page_Town Square - abc Mattermost/label_A team with that name already exists' is not present
	at com.kms.katalon.core.webui.keyword.internal.WebUIKeywordMain.stepFailed(WebUIKeywordMain.groovy:64)
	at com.kms.katalon.core.webui.keyword.internal.WebUIKeywordMain.runKeyword(WebUIKeywordMain.groovy:26)
	at com.kms.katalon.core.webui.keyword.internal.WebUIKeywordMain$runKeyword.call(Unknown Source)
	at com.kms.katalon.core.webui.keyword.builtin.VerifyElementNotPresentKeyword.verifyElementNotPresent(VerifyElementNotPresentKeyword.groovy:117)
	at com.kms.katalon.core.webui.keyword.builtin.VerifyElementNotPresentKeyword.execute(VerifyElementNotPresentKeyword.groovy:68)
	at com.kms.katalon.core.keyword.internal.KeywordExecutor.executeKeywordForPlatform(KeywordExecutor.groovy:73)
	at com.kms.katalon.core.webui.keyword.WebUiBuiltInKeywords.verifyElementNotPresent(WebUiBuiltInKeywords.groovy:1496)
	at com.kms.katalon.core.webui.keyword.WebUiBuiltInKeywords$verifyElementNotPresent$10.call(Unknown Source)
	at TC11_CreateATeam.run(TC11_CreateATeam:38)
	at com.kms.katalon.core.main.ScriptEngine.run(ScriptEngine.java:194)
	at com.kms.katalon.core.main.ScriptEngine.runScriptAsRawText(ScriptEngine.java:119)
	at com.kms.katalon.core.main.TestCaseExecutor.runScript(TestCaseExecutor.java:398)
	at com.kms.katalon.core.main.TestCaseExecutor.doExecute(TestCaseExecutor.java:389)
	at com.kms.katalon.core.main.TestCaseExecutor.processExecutionPhase(TestCaseExecutor.java:368)
	at com.kms.katalon.core.main.TestCaseExecutor.accessMainPhase(TestCaseExecutor.java:360)
	at com.kms.katalon.core.main.TestCaseExecutor.execute(TestCaseExecutor.java:255)
	at com.kms.katalon.core.main.TestSuiteExecutor.accessTestCaseMainPhase(TestSuiteExecutor.java:203)
	at com.kms.katalon.core.main.TestSuiteExecutor.accessTestSuiteMainPhase(TestSuiteExecutor.java:152)
	at com.kms.katalon.core.main.TestSuiteExecutor.execute(TestSuiteExecutor.java:95)
	at com.kms.katalon.core.main.TestCaseMain.startTestSuite(TestCaseMain.java:157)
	at com.kms.katalon.core.main.TestCaseMain$startTestSuite$0.call(Unknown Source)
	at TempTestSuite1622266529644.run(TempTestSuite1622266529644.groovy:39)
Caused by: com.kms.katalon.core.exception.StepFailedException: Web element with id: 'Object Repository/Page_Town Square - abc Mattermost/label_A team with that name already exists' located by 'By.xpath: //div[@id='root']/div/div/div/div[3]/div/div/div/form/div/label' is present after '5' second(s)
	at com.kms.katalon.core.webui.keyword.internal.WebUIKeywordMain.stepFailed(WebUIKeywordMain.groovy:64)
	at com.kms.katalon.core.webui.keyword.internal.WebUIKeywordMain$stepFailed$0.call(Unknown Source)
	at com.kms.katalon.core.webui.keyword.builtin.VerifyElementNotPresentKeyword$_verifyElementNotPresent_closure1.doCall(VerifyElementNotPresentKeyword.groovy:106)
	at com.kms.katalon.core.webui.keyword.builtin.VerifyElementNotPresentKeyword$_verifyElementNotPresent_closure1.doCall(VerifyElementNotPresentKeyword.groovy)
	at com.kms.katalon.core.webui.keyword.internal.WebUIKeywordMain.runKeyword(WebUIKeywordMain.groovy:20)
	... 20 more
)
[[ATTACHMENT|C:\\Users\\Bao Chau\\Katalon Studio\\Mattermost_AutoTesting\\Reports\\20210529_123529\\1612049\\Run all test cases\\20210529_123529\\1622267100094.png]]]]></system-out>
         <system-err><![CDATA[2021-05-29 12:44:37 - [TEST_CASE][FAILED] - Test Cases/1712666/TC11_CreateATeam: Test Cases/1712666/TC11_CreateATeam FAILED.
Reason:
com.kms.katalon.core.exception.StepFailedException: Unable to verify object 'Object Repository/Page_Town Square - abc Mattermost/label_A team with that name already exists' is not present
	at com.kms.katalon.core.webui.keyword.internal.WebUIKeywordMain.stepFailed(WebUIKeywordMain.groovy:64)
	at com.kms.katalon.core.webui.keyword.internal.WebUIKeywordMain.runKeyword(WebUIKeywordMain.groovy:26)
	at com.kms.katalon.core.webui.keyword.internal.WebUIKeywordMain$runKeyword.call(Unknown Source)
	at com.kms.katalon.core.webui.keyword.builtin.VerifyElementNotPresentKeyword.verifyElementNotPresent(VerifyElementNotPresentKeyword.groovy:117)
	at com.kms.katalon.core.webui.keyword.builtin.VerifyElementNotPresentKeyword.execute(VerifyElementNotPresentKeyword.groovy:68)
	at com.kms.katalon.core.keyword.internal.KeywordExecutor.executeKeywordForPlatform(KeywordExecutor.groovy:73)
	at com.kms.katalon.core.webui.keyword.WebUiBuiltInKeywords.verifyElementNotPresent(WebUiBuiltInKeywords.groovy:1496)
	at com.kms.katalon.core.webui.keyword.WebUiBuiltInKeywords$verifyElementNotPresent$10.call(Unknown Source)
	at TC11_CreateATeam.run(TC11_CreateATeam:38)
	at com.kms.katalon.core.main.ScriptEngine.run(ScriptEngine.java:194)
	at com.kms.katalon.core.main.ScriptEngine.runScriptAsRawText(ScriptEngine.java:119)
	at com.kms.katalon.core.main.TestCaseExecutor.runScript(TestCaseExecutor.java:398)
	at com.kms.katalon.core.main.TestCaseExecutor.doExecute(TestCaseExecutor.java:389)
	at com.kms.katalon.core.main.TestCaseExecutor.processExecutionPhase(TestCaseExecutor.java:368)
	at com.kms.katalon.core.main.TestCaseExecutor.accessMainPhase(TestCaseExecutor.java:360)
	at com.kms.katalon.core.main.TestCaseExecutor.execute(TestCaseExecutor.java:255)
	at com.kms.katalon.core.main.TestSuiteExecutor.accessTestCaseMainPhase(TestSuiteExecutor.java:203)
	at com.kms.katalon.core.main.TestSuiteExecutor.accessTestSuiteMainPhase(TestSuiteExecutor.java:152)
	at com.kms.katalon.core.main.TestSuiteExecutor.execute(TestSuiteExecutor.java:95)
	at com.kms.katalon.core.main.TestCaseMain.startTestSuite(TestCaseMain.java:157)
	at com.kms.katalon.core.main.TestCaseMain$startTestSuite$0.call(Unknown Source)
	at TempTestSuite1622266529644.run(TempTestSuite1622266529644.groovy:39)
Caused by: com.kms.katalon.core.exception.StepFailedException: Web element with id: 'Object Repository/Page_Town Square - abc Mattermost/label_A team with that name already exists' located by 'By.xpath: //div[@id='root']/div/div/div/div[3]/div/div/div/form/div/label' is present after '5' second(s)
	at com.kms.katalon.core.webui.keyword.internal.WebUIKeywordMain.stepFailed(WebUIKeywordMain.groovy:64)
	at com.kms.katalon.core.webui.keyword.internal.WebUIKeywordMain$stepFailed$0.call(Unknown Source)
	at com.kms.katalon.core.webui.keyword.builtin.VerifyElementNotPresentKeyword$_verifyElementNotPresent_closure1.doCall(VerifyElementNotPresentKeyword.groovy:106)
	at com.kms.katalon.core.webui.keyword.builtin.VerifyElementNotPresentKeyword$_verifyElementNotPresent_closure1.doCall(VerifyElementNotPresentKeyword.groovy)
	at com.kms.katalon.core.webui.keyword.internal.WebUIKeywordMain.runKeyword(WebUIKeywordMain.groovy:20)
	... 20 more]]></system-err>
      </testcase>
      <testcase name="Test Cases/1712666/TC14_UpdateTeamDescription" time="19.371" classname="Test Cases/1712666/TC14_UpdateTeamDescription" status="PASSED">
         <system-out><![CDATA[2021-05-29 12:45:00 - [TEST_CASE][PASSED] - Test Cases/1712666/TC14_UpdateTeamDescription: Test Cases/1712666/TC14_UpdateTeamDescription

2021-05-29 12:45:00 - [TEST_STEP][PASSED] - openBrowser(""): Browser is opened with url: ''

2021-05-29 12:45:00 - [MESSAGE][WARNING] - A browser is already opened. Closing browser and opening a new one

2021-05-29 12:45:01 - [MESSAGE][INFO] - Starting 'Chrome' driver

2021-05-29 12:45:01 - [MESSAGE][INFO] - Action delay is set to 0 milliseconds

2021-05-29 12:45:02 - [MESSAGE][PASSED] - Browser is opened with url: ''

2021-05-29 12:45:02 - [TEST_STEP][PASSED] - navigateToUrl("https://mattermostwebapp.herokuapp.com/"): Navigate to 'https://mattermostwebapp.herokuapp.com/' successfully

2021-05-29 12:45:05 - [MESSAGE][PASSED] - Navigate to 'https://mattermostwebapp.herokuapp.com/' successfully

2021-05-29 12:45:05 - [TEST_STEP][PASSED] - callTestCase(findTestCase("1712666/CommonTC/CTC_Login"), ["var_username":"phuc", "var_password":"CSt51UwWECc="]): Call Test Case 'Test Cases/1712666/CommonTC/CTC_Login' successfully

2021-05-29 12:45:05 - [TEST_CASE][PASSED] - Test Cases/1712666/CommonTC/CTC_Login: Test Cases/1712666/CommonTC/CTC_Login

2021-05-29 12:45:05 - [TEST_STEP][PASSED] - setText(findTestObject("Object Repository/1412263_Page_Mattermost/input_All team communication in one place, _dcc84b"), var_username): Text 'phuc' is set on object 'Object Repository/1412263_Page_Mattermost/input_All team communication in one place, _dcc84b'

2021-05-29 12:45:10 - [MESSAGE][PASSED] - Text 'phuc' is set on object 'Object Repository/1412263_Page_Mattermost/input_All team communication in one place, _dcc84b'

2021-05-29 12:45:10 - [TEST_STEP][PASSED] - setEncryptedText(findTestObject("Object Repository/1412263_Page_Mattermost/input_All team communication in one place, _a3edc6"), var_password): Text ****** has been set on object 'Object Repository/1412263_Page_Mattermost/input_All team communication in one place, _a3edc6'

2021-05-29 12:45:11 - [MESSAGE][PASSED] - Text ****** has been set on object 'Object Repository/1412263_Page_Mattermost/input_All team communication in one place, _a3edc6'

2021-05-29 12:45:11 - [TEST_STEP][PASSED] - click(findTestObject("Object Repository/1412263_Page_Mattermost/span_Sign in")): Object: 'Object Repository/1412263_Page_Mattermost/span_Sign in' is clicked on

2021-05-29 12:45:11 - [MESSAGE][PASSED] - Object: 'Object Repository/1412263_Page_Mattermost/span_Sign in' is clicked on

2021-05-29 12:45:11 - [MESSAGE][PASSED] - Call Test Case 'Test Cases/1712666/CommonTC/CTC_Login' successfully

2021-05-29 12:45:11 - [TEST_STEP][PASSED] - click(findTestObject("Object Repository/Page_Town Square - test2 Mattermost/div_phuc")): Object: 'Object Repository/Page_Town Square - test2 Mattermost/div_phuc' is clicked on

2021-05-29 12:45:15 - [MESSAGE][PASSED] - Object: 'Object Repository/Page_Town Square - test2 Mattermost/div_phuc' is clicked on

2021-05-29 12:45:15 - [TEST_STEP][PASSED] - click(findTestObject("Object Repository/Page_Town Square - test2 Mattermost/span_Team Settings")): Object: 'Object Repository/Page_Town Square - test2 Mattermost/span_Team Settings' is clicked on

2021-05-29 12:45:16 - [MESSAGE][PASSED] - Object: 'Object Repository/Page_Town Square - test2 Mattermost/span_Team Settings' is clicked on

2021-05-29 12:45:16 - [TEST_STEP][PASSED] - click(findTestObject("Object Repository/Page_Town Square - test2 Mattermost/span_Edit")): Object: 'Object Repository/Page_Town Square - test2 Mattermost/span_Edit' is clicked on

2021-05-29 12:45:16 - [MESSAGE][PASSED] - Object: 'Object Repository/Page_Town Square - test2 Mattermost/span_Edit' is clicked on

2021-05-29 12:45:16 - [TEST_STEP][PASSED] - setText(findTestObject("Object Repository/Page_Town Square - test2 Mattermost/input_Team Description_teamDescription"), var_teamDescription): Text 'team description 1' is set on object 'Object Repository/Page_Town Square - test2 Mattermost/input_Team Description_teamDescription'

2021-05-29 12:45:17 - [MESSAGE][PASSED] - Text 'team description 1' is set on object 'Object Repository/Page_Town Square - test2 Mattermost/input_Team Description_teamDescription'

2021-05-29 12:45:17 - [TEST_STEP][PASSED] - click(findTestObject("Object Repository/Page_Town Square - test2 Mattermost/span_Save")): Object: 'Object Repository/Page_Town Square - test2 Mattermost/span_Save' is clicked on

2021-05-29 12:45:18 - [MESSAGE][PASSED] - Object: 'Object Repository/Page_Town Square - test2 Mattermost/span_Save' is clicked on

2021-05-29 12:45:18 - [TEST_STEP][PASSED] - newTeamDescription = getText(findTestObject("Object Repository/Page_Town Square - test2 Mattermost/div_test")): Text of object 'Object Repository/Page_Town Square - test2 Mattermost/div_test' is: 'team description 1'

2021-05-29 12:45:18 - [MESSAGE][PASSED] - Text of object 'Object Repository/Page_Town Square - test2 Mattermost/div_test' is: 'team description 1'

2021-05-29 12:45:18 - [TEST_STEP][PASSED] - if (newTeamDescription != var_teamDescription.toString()): null

2021-05-29 12:45:18 - [TEST_STEP][PASSED] - closeBrowser(): Browser is closed

2021-05-29 12:45:19 - [MESSAGE][PASSED] - Browser is closed]]></system-out>
         <system-err><![CDATA[]]></system-err>
      </testcase>
      <testcase name="Test Cases/1712666/TC14_UpdateTeamDescription" time="19.628" classname="Test Cases/1712666/TC14_UpdateTeamDescription" status="PASSED">
         <system-out><![CDATA[2021-05-29 12:45:19 - [TEST_CASE][PASSED] - Test Cases/1712666/TC14_UpdateTeamDescription: Test Cases/1712666/TC14_UpdateTeamDescription

2021-05-29 12:45:19 - [TEST_STEP][PASSED] - openBrowser(""): Browser is opened with url: ''

2021-05-29 12:45:19 - [MESSAGE][INFO] - Starting 'Chrome' driver

2021-05-29 12:45:19 - [MESSAGE][INFO] - Action delay is set to 0 milliseconds

2021-05-29 12:45:20 - [MESSAGE][PASSED] - Browser is opened with url: ''

2021-05-29 12:45:20 - [TEST_STEP][PASSED] - navigateToUrl("https://mattermostwebapp.herokuapp.com/"): Navigate to 'https://mattermostwebapp.herokuapp.com/' successfully

2021-05-29 12:45:24 - [MESSAGE][PASSED] - Navigate to 'https://mattermostwebapp.herokuapp.com/' successfully

2021-05-29 12:45:24 - [TEST_STEP][PASSED] - callTestCase(findTestCase("1712666/CommonTC/CTC_Login"), ["var_username":"phuc", "var_password":"CSt51UwWECc="]): Call Test Case 'Test Cases/1712666/CommonTC/CTC_Login' successfully

2021-05-29 12:45:24 - [TEST_CASE][PASSED] - Test Cases/1712666/CommonTC/CTC_Login: Test Cases/1712666/CommonTC/CTC_Login

2021-05-29 12:45:24 - [TEST_STEP][PASSED] - setText(findTestObject("Object Repository/1412263_Page_Mattermost/input_All team communication in one place, _dcc84b"), var_username): Text 'phuc' is set on object 'Object Repository/1412263_Page_Mattermost/input_All team communication in one place, _dcc84b'

2021-05-29 12:45:30 - [MESSAGE][PASSED] - Text 'phuc' is set on object 'Object Repository/1412263_Page_Mattermost/input_All team communication in one place, _dcc84b'

2021-05-29 12:45:30 - [TEST_STEP][PASSED] - setEncryptedText(findTestObject("Object Repository/1412263_Page_Mattermost/input_All team communication in one place, _a3edc6"), var_password): Text ****** has been set on object 'Object Repository/1412263_Page_Mattermost/input_All team communication in one place, _a3edc6'

2021-05-29 12:45:31 - [MESSAGE][PASSED] - Text ****** has been set on object 'Object Repository/1412263_Page_Mattermost/input_All team communication in one place, _a3edc6'

2021-05-29 12:45:31 - [TEST_STEP][PASSED] - click(findTestObject("Object Repository/1412263_Page_Mattermost/span_Sign in")): Object: 'Object Repository/1412263_Page_Mattermost/span_Sign in' is clicked on

2021-05-29 12:45:31 - [MESSAGE][PASSED] - Object: 'Object Repository/1412263_Page_Mattermost/span_Sign in' is clicked on

2021-05-29 12:45:31 - [MESSAGE][PASSED] - Call Test Case 'Test Cases/1712666/CommonTC/CTC_Login' successfully

2021-05-29 12:45:31 - [TEST_STEP][PASSED] - click(findTestObject("Object Repository/Page_Town Square - test2 Mattermost/div_phuc")): Object: 'Object Repository/Page_Town Square - test2 Mattermost/div_phuc' is clicked on

2021-05-29 12:45:35 - [MESSAGE][PASSED] - Object: 'Object Repository/Page_Town Square - test2 Mattermost/div_phuc' is clicked on

2021-05-29 12:45:35 - [TEST_STEP][PASSED] - click(findTestObject("Object Repository/Page_Town Square - test2 Mattermost/span_Team Settings")): Object: 'Object Repository/Page_Town Square - test2 Mattermost/span_Team Settings' is clicked on

2021-05-29 12:45:35 - [MESSAGE][PASSED] - Object: 'Object Repository/Page_Town Square - test2 Mattermost/span_Team Settings' is clicked on

2021-05-29 12:45:35 - [TEST_STEP][PASSED] - click(findTestObject("Object Repository/Page_Town Square - test2 Mattermost/span_Edit")): Object: 'Object Repository/Page_Town Square - test2 Mattermost/span_Edit' is clicked on

2021-05-29 12:45:36 - [MESSAGE][PASSED] - Object: 'Object Repository/Page_Town Square - test2 Mattermost/span_Edit' is clicked on

2021-05-29 12:45:36 - [TEST_STEP][PASSED] - setText(findTestObject("Object Repository/Page_Town Square - test2 Mattermost/input_Team Description_teamDescription"), var_teamDescription): Text 'team desciption 2' is set on object 'Object Repository/Page_Town Square - test2 Mattermost/input_Team Description_teamDescription'

2021-05-29 12:45:37 - [MESSAGE][PASSED] - Text 'team desciption 2' is set on object 'Object Repository/Page_Town Square - test2 Mattermost/input_Team Description_teamDescription'

2021-05-29 12:45:37 - [TEST_STEP][PASSED] - click(findTestObject("Object Repository/Page_Town Square - test2 Mattermost/span_Save")): Object: 'Object Repository/Page_Town Square - test2 Mattermost/span_Save' is clicked on

2021-05-29 12:45:37 - [MESSAGE][PASSED] - Object: 'Object Repository/Page_Town Square - test2 Mattermost/span_Save' is clicked on

2021-05-29 12:45:37 - [TEST_STEP][PASSED] - newTeamDescription = getText(findTestObject("Object Repository/Page_Town Square - test2 Mattermost/div_test")): Text of object 'Object Repository/Page_Town Square - test2 Mattermost/div_test' is: 'team desciption 2'

2021-05-29 12:45:38 - [MESSAGE][PASSED] - Text of object 'Object Repository/Page_Town Square - test2 Mattermost/div_test' is: 'team desciption 2'

2021-05-29 12:45:38 - [TEST_STEP][PASSED] - if (newTeamDescription != var_teamDescription.toString()): null

2021-05-29 12:45:38 - [TEST_STEP][PASSED] - closeBrowser(): Browser is closed

2021-05-29 12:45:39 - [MESSAGE][PASSED] - Browser is closed]]></system-out>
         <system-err><![CDATA[]]></system-err>
      </testcase>
      <testcase name="Test Cases/1712666/TC14_UpdateTeamDescription" time="22.948" classname="Test Cases/1712666/TC14_UpdateTeamDescription" status="PASSED">
         <system-out><![CDATA[2021-05-29 12:45:39 - [TEST_CASE][PASSED] - Test Cases/1712666/TC14_UpdateTeamDescription: Test Cases/1712666/TC14_UpdateTeamDescription

2021-05-29 12:45:39 - [TEST_STEP][PASSED] - openBrowser(""): Browser is opened with url: ''

2021-05-29 12:45:39 - [MESSAGE][INFO] - Starting 'Chrome' driver

2021-05-29 12:45:39 - [MESSAGE][INFO] - Action delay is set to 0 milliseconds

2021-05-29 12:45:40 - [MESSAGE][PASSED] - Browser is opened with url: ''

2021-05-29 12:45:40 - [TEST_STEP][PASSED] - navigateToUrl("https://mattermostwebapp.herokuapp.com/"): Navigate to 'https://mattermostwebapp.herokuapp.com/' successfully

2021-05-29 12:45:48 - [MESSAGE][PASSED] - Navigate to 'https://mattermostwebapp.herokuapp.com/' successfully

2021-05-29 12:45:48 - [TEST_STEP][PASSED] - callTestCase(findTestCase("1712666/CommonTC/CTC_Login"), ["var_username":"phuc", "var_password":"CSt51UwWECc="]): Call Test Case 'Test Cases/1712666/CommonTC/CTC_Login' successfully

2021-05-29 12:45:48 - [TEST_CASE][PASSED] - Test Cases/1712666/CommonTC/CTC_Login: Test Cases/1712666/CommonTC/CTC_Login

2021-05-29 12:45:48 - [TEST_STEP][PASSED] - setText(findTestObject("Object Repository/1412263_Page_Mattermost/input_All team communication in one place, _dcc84b"), var_username): Text 'phuc' is set on object 'Object Repository/1412263_Page_Mattermost/input_All team communication in one place, _dcc84b'

2021-05-29 12:45:53 - [MESSAGE][PASSED] - Text 'phuc' is set on object 'Object Repository/1412263_Page_Mattermost/input_All team communication in one place, _dcc84b'

2021-05-29 12:45:53 - [TEST_STEP][PASSED] - setEncryptedText(findTestObject("Object Repository/1412263_Page_Mattermost/input_All team communication in one place, _a3edc6"), var_password): Text ****** has been set on object 'Object Repository/1412263_Page_Mattermost/input_All team communication in one place, _a3edc6'

2021-05-29 12:45:53 - [MESSAGE][PASSED] - Text ****** has been set on object 'Object Repository/1412263_Page_Mattermost/input_All team communication in one place, _a3edc6'

2021-05-29 12:45:53 - [TEST_STEP][PASSED] - click(findTestObject("Object Repository/1412263_Page_Mattermost/span_Sign in")): Object: 'Object Repository/1412263_Page_Mattermost/span_Sign in' is clicked on

2021-05-29 12:45:54 - [MESSAGE][PASSED] - Object: 'Object Repository/1412263_Page_Mattermost/span_Sign in' is clicked on

2021-05-29 12:45:54 - [MESSAGE][PASSED] - Call Test Case 'Test Cases/1712666/CommonTC/CTC_Login' successfully

2021-05-29 12:45:54 - [TEST_STEP][PASSED] - click(findTestObject("Object Repository/Page_Town Square - test2 Mattermost/div_phuc")): Object: 'Object Repository/Page_Town Square - test2 Mattermost/div_phuc' is clicked on

2021-05-29 12:45:58 - [MESSAGE][PASSED] - Object: 'Object Repository/Page_Town Square - test2 Mattermost/div_phuc' is clicked on

2021-05-29 12:45:58 - [TEST_STEP][PASSED] - click(findTestObject("Object Repository/Page_Town Square - test2 Mattermost/span_Team Settings")): Object: 'Object Repository/Page_Town Square - test2 Mattermost/span_Team Settings' is clicked on

2021-05-29 12:45:58 - [MESSAGE][PASSED] - Object: 'Object Repository/Page_Town Square - test2 Mattermost/span_Team Settings' is clicked on

2021-05-29 12:45:58 - [TEST_STEP][PASSED] - click(findTestObject("Object Repository/Page_Town Square - test2 Mattermost/span_Edit")): Object: 'Object Repository/Page_Town Square - test2 Mattermost/span_Edit' is clicked on

2021-05-29 12:45:59 - [MESSAGE][PASSED] - Object: 'Object Repository/Page_Town Square - test2 Mattermost/span_Edit' is clicked on

2021-05-29 12:45:59 - [TEST_STEP][PASSED] - setText(findTestObject("Object Repository/Page_Town Square - test2 Mattermost/input_Team Description_teamDescription"), var_teamDescription): Text 'team desciption 3' is set on object 'Object Repository/Page_Town Square - test2 Mattermost/input_Team Description_teamDescription'

2021-05-29 12:46:00 - [MESSAGE][PASSED] - Text 'team desciption 3' is set on object 'Object Repository/Page_Town Square - test2 Mattermost/input_Team Description_teamDescription'

2021-05-29 12:46:00 - [TEST_STEP][PASSED] - click(findTestObject("Object Repository/Page_Town Square - test2 Mattermost/span_Save")): Object: 'Object Repository/Page_Town Square - test2 Mattermost/span_Save' is clicked on

2021-05-29 12:46:00 - [MESSAGE][PASSED] - Object: 'Object Repository/Page_Town Square - test2 Mattermost/span_Save' is clicked on

2021-05-29 12:46:00 - [TEST_STEP][PASSED] - newTeamDescription = getText(findTestObject("Object Repository/Page_Town Square - test2 Mattermost/div_test")): Text of object 'Object Repository/Page_Town Square - test2 Mattermost/div_test' is: 'team desciption 3'

2021-05-29 12:46:01 - [MESSAGE][PASSED] - Text of object 'Object Repository/Page_Town Square - test2 Mattermost/div_test' is: 'team desciption 3'

2021-05-29 12:46:01 - [TEST_STEP][PASSED] - if (newTeamDescription != var_teamDescription.toString()): null

2021-05-29 12:46:01 - [TEST_STEP][PASSED] - closeBrowser(): Browser is closed

2021-05-29 12:46:02 - [MESSAGE][PASSED] - Browser is closed]]></system-out>
         <system-err><![CDATA[]]></system-err>
      </testcase>
      <testcase name="Test Cases/1712666/TC14_UpdateTeamDescription" time="17.805" classname="Test Cases/1712666/TC14_UpdateTeamDescription" status="PASSED">
         <system-out><![CDATA[2021-05-29 12:46:02 - [TEST_CASE][PASSED] - Test Cases/1712666/TC14_UpdateTeamDescription: Test Cases/1712666/TC14_UpdateTeamDescription

2021-05-29 12:46:02 - [TEST_STEP][PASSED] - openBrowser(""): Browser is opened with url: ''

2021-05-29 12:46:02 - [MESSAGE][INFO] - Starting 'Chrome' driver

2021-05-29 12:46:02 - [MESSAGE][INFO] - Action delay is set to 0 milliseconds

2021-05-29 12:46:03 - [MESSAGE][PASSED] - Browser is opened with url: ''

2021-05-29 12:46:03 - [TEST_STEP][PASSED] - navigateToUrl("https://mattermostwebapp.herokuapp.com/"): Navigate to 'https://mattermostwebapp.herokuapp.com/' successfully

2021-05-29 12:46:07 - [MESSAGE][PASSED] - Navigate to 'https://mattermostwebapp.herokuapp.com/' successfully

2021-05-29 12:46:07 - [TEST_STEP][PASSED] - callTestCase(findTestCase("1712666/CommonTC/CTC_Login"), ["var_username":"phuc", "var_password":"CSt51UwWECc="]): Call Test Case 'Test Cases/1712666/CommonTC/CTC_Login' successfully

2021-05-29 12:46:07 - [TEST_CASE][PASSED] - Test Cases/1712666/CommonTC/CTC_Login: Test Cases/1712666/CommonTC/CTC_Login

2021-05-29 12:46:07 - [TEST_STEP][PASSED] - setText(findTestObject("Object Repository/1412263_Page_Mattermost/input_All team communication in one place, _dcc84b"), var_username): Text 'phuc' is set on object 'Object Repository/1412263_Page_Mattermost/input_All team communication in one place, _dcc84b'

2021-05-29 12:46:11 - [MESSAGE][PASSED] - Text 'phuc' is set on object 'Object Repository/1412263_Page_Mattermost/input_All team communication in one place, _dcc84b'

2021-05-29 12:46:11 - [TEST_STEP][PASSED] - setEncryptedText(findTestObject("Object Repository/1412263_Page_Mattermost/input_All team communication in one place, _a3edc6"), var_password): Text ****** has been set on object 'Object Repository/1412263_Page_Mattermost/input_All team communication in one place, _a3edc6'

2021-05-29 12:46:12 - [MESSAGE][PASSED] - Text ****** has been set on object 'Object Repository/1412263_Page_Mattermost/input_All team communication in one place, _a3edc6'

2021-05-29 12:46:12 - [TEST_STEP][PASSED] - click(findTestObject("Object Repository/1412263_Page_Mattermost/span_Sign in")): Object: 'Object Repository/1412263_Page_Mattermost/span_Sign in' is clicked on

2021-05-29 12:46:12 - [MESSAGE][PASSED] - Object: 'Object Repository/1412263_Page_Mattermost/span_Sign in' is clicked on

2021-05-29 12:46:12 - [MESSAGE][PASSED] - Call Test Case 'Test Cases/1712666/CommonTC/CTC_Login' successfully

2021-05-29 12:46:12 - [TEST_STEP][PASSED] - click(findTestObject("Object Repository/Page_Town Square - test2 Mattermost/div_phuc")): Object: 'Object Repository/Page_Town Square - test2 Mattermost/div_phuc' is clicked on

2021-05-29 12:46:16 - [MESSAGE][PASSED] - Object: 'Object Repository/Page_Town Square - test2 Mattermost/div_phuc' is clicked on

2021-05-29 12:46:16 - [TEST_STEP][PASSED] - click(findTestObject("Object Repository/Page_Town Square - test2 Mattermost/span_Team Settings")): Object: 'Object Repository/Page_Town Square - test2 Mattermost/span_Team Settings' is clicked on

2021-05-29 12:46:16 - [MESSAGE][PASSED] - Object: 'Object Repository/Page_Town Square - test2 Mattermost/span_Team Settings' is clicked on

2021-05-29 12:46:16 - [TEST_STEP][PASSED] - click(findTestObject("Object Repository/Page_Town Square - test2 Mattermost/span_Edit")): Object: 'Object Repository/Page_Town Square - test2 Mattermost/span_Edit' is clicked on

2021-05-29 12:46:17 - [MESSAGE][PASSED] - Object: 'Object Repository/Page_Town Square - test2 Mattermost/span_Edit' is clicked on

2021-05-29 12:46:17 - [TEST_STEP][PASSED] - setText(findTestObject("Object Repository/Page_Town Square - test2 Mattermost/input_Team Description_teamDescription"), var_teamDescription): Text 'team desciption 4' is set on object 'Object Repository/Page_Town Square - test2 Mattermost/input_Team Description_teamDescription'

2021-05-29 12:46:18 - [MESSAGE][PASSED] - Text 'team desciption 4' is set on object 'Object Repository/Page_Town Square - test2 Mattermost/input_Team Description_teamDescription'

2021-05-29 12:46:18 - [TEST_STEP][PASSED] - click(findTestObject("Object Repository/Page_Town Square - test2 Mattermost/span_Save")): Object: 'Object Repository/Page_Town Square - test2 Mattermost/span_Save' is clicked on

2021-05-29 12:46:18 - [MESSAGE][PASSED] - Object: 'Object Repository/Page_Town Square - test2 Mattermost/span_Save' is clicked on

2021-05-29 12:46:18 - [TEST_STEP][PASSED] - newTeamDescription = getText(findTestObject("Object Repository/Page_Town Square - test2 Mattermost/div_test")): Text of object 'Object Repository/Page_Town Square - test2 Mattermost/div_test' is: 'team desciption 4'

2021-05-29 12:46:19 - [MESSAGE][PASSED] - Text of object 'Object Repository/Page_Town Square - test2 Mattermost/div_test' is: 'team desciption 4'

2021-05-29 12:46:19 - [TEST_STEP][PASSED] - if (newTeamDescription != var_teamDescription.toString()): null

2021-05-29 12:46:19 - [TEST_STEP][PASSED] - closeBrowser(): Browser is closed

2021-05-29 12:46:20 - [MESSAGE][PASSED] - Browser is closed]]></system-out>
         <system-err><![CDATA[]]></system-err>
      </testcase>
      <testcase name="Test Cases/1712666/TC14_UpdateTeamDescription" time="17.541" classname="Test Cases/1712666/TC14_UpdateTeamDescription" status="PASSED">
         <system-out><![CDATA[2021-05-29 12:46:20 - [TEST_CASE][PASSED] - Test Cases/1712666/TC14_UpdateTeamDescription: Test Cases/1712666/TC14_UpdateTeamDescription

2021-05-29 12:46:20 - [TEST_STEP][PASSED] - openBrowser(""): Browser is opened with url: ''

2021-05-29 12:46:20 - [MESSAGE][INFO] - Starting 'Chrome' driver

2021-05-29 12:46:20 - [MESSAGE][INFO] - Action delay is set to 0 milliseconds

2021-05-29 12:46:21 - [MESSAGE][PASSED] - Browser is opened with url: ''

2021-05-29 12:46:21 - [TEST_STEP][PASSED] - navigateToUrl("https://mattermostwebapp.herokuapp.com/"): Navigate to 'https://mattermostwebapp.herokuapp.com/' successfully

2021-05-29 12:46:24 - [MESSAGE][PASSED] - Navigate to 'https://mattermostwebapp.herokuapp.com/' successfully

2021-05-29 12:46:24 - [TEST_STEP][PASSED] - callTestCase(findTestCase("1712666/CommonTC/CTC_Login"), ["var_username":"phuc", "var_password":"CSt51UwWECc="]): Call Test Case 'Test Cases/1712666/CommonTC/CTC_Login' successfully

2021-05-29 12:46:24 - [TEST_CASE][PASSED] - Test Cases/1712666/CommonTC/CTC_Login: Test Cases/1712666/CommonTC/CTC_Login

2021-05-29 12:46:24 - [TEST_STEP][PASSED] - setText(findTestObject("Object Repository/1412263_Page_Mattermost/input_All team communication in one place, _dcc84b"), var_username): Text 'phuc' is set on object 'Object Repository/1412263_Page_Mattermost/input_All team communication in one place, _dcc84b'

2021-05-29 12:46:29 - [MESSAGE][PASSED] - Text 'phuc' is set on object 'Object Repository/1412263_Page_Mattermost/input_All team communication in one place, _dcc84b'

2021-05-29 12:46:29 - [TEST_STEP][PASSED] - setEncryptedText(findTestObject("Object Repository/1412263_Page_Mattermost/input_All team communication in one place, _a3edc6"), var_password): Text ****** has been set on object 'Object Repository/1412263_Page_Mattermost/input_All team communication in one place, _a3edc6'

2021-05-29 12:46:29 - [MESSAGE][PASSED] - Text ****** has been set on object 'Object Repository/1412263_Page_Mattermost/input_All team communication in one place, _a3edc6'

2021-05-29 12:46:29 - [TEST_STEP][PASSED] - click(findTestObject("Object Repository/1412263_Page_Mattermost/span_Sign in")): Object: 'Object Repository/1412263_Page_Mattermost/span_Sign in' is clicked on

2021-05-29 12:46:30 - [MESSAGE][PASSED] - Object: 'Object Repository/1412263_Page_Mattermost/span_Sign in' is clicked on

2021-05-29 12:46:30 - [MESSAGE][PASSED] - Call Test Case 'Test Cases/1712666/CommonTC/CTC_Login' successfully

2021-05-29 12:46:30 - [TEST_STEP][PASSED] - click(findTestObject("Object Repository/Page_Town Square - test2 Mattermost/div_phuc")): Object: 'Object Repository/Page_Town Square - test2 Mattermost/div_phuc' is clicked on

2021-05-29 12:46:33 - [MESSAGE][PASSED] - Object: 'Object Repository/Page_Town Square - test2 Mattermost/div_phuc' is clicked on

2021-05-29 12:46:33 - [TEST_STEP][PASSED] - click(findTestObject("Object Repository/Page_Town Square - test2 Mattermost/span_Team Settings")): Object: 'Object Repository/Page_Town Square - test2 Mattermost/span_Team Settings' is clicked on

2021-05-29 12:46:34 - [MESSAGE][PASSED] - Object: 'Object Repository/Page_Town Square - test2 Mattermost/span_Team Settings' is clicked on

2021-05-29 12:46:34 - [TEST_STEP][PASSED] - click(findTestObject("Object Repository/Page_Town Square - test2 Mattermost/span_Edit")): Object: 'Object Repository/Page_Town Square - test2 Mattermost/span_Edit' is clicked on

2021-05-29 12:46:34 - [MESSAGE][PASSED] - Object: 'Object Repository/Page_Town Square - test2 Mattermost/span_Edit' is clicked on

2021-05-29 12:46:34 - [TEST_STEP][PASSED] - setText(findTestObject("Object Repository/Page_Town Square - test2 Mattermost/input_Team Description_teamDescription"), var_teamDescription): Text 'team desciption 5' is set on object 'Object Repository/Page_Town Square - test2 Mattermost/input_Team Description_teamDescription'

2021-05-29 12:46:35 - [MESSAGE][PASSED] - Text 'team desciption 5' is set on object 'Object Repository/Page_Town Square - test2 Mattermost/input_Team Description_teamDescription'

2021-05-29 12:46:35 - [TEST_STEP][PASSED] - click(findTestObject("Object Repository/Page_Town Square - test2 Mattermost/span_Save")): Object: 'Object Repository/Page_Town Square - test2 Mattermost/span_Save' is clicked on

2021-05-29 12:46:36 - [MESSAGE][PASSED] - Object: 'Object Repository/Page_Town Square - test2 Mattermost/span_Save' is clicked on

2021-05-29 12:46:36 - [TEST_STEP][PASSED] - newTeamDescription = getText(findTestObject("Object Repository/Page_Town Square - test2 Mattermost/div_test")): Text of object 'Object Repository/Page_Town Square - test2 Mattermost/div_test' is: 'team desciption 5'

2021-05-29 12:46:36 - [MESSAGE][PASSED] - Text of object 'Object Repository/Page_Town Square - test2 Mattermost/div_test' is: 'team desciption 5'

2021-05-29 12:46:36 - [TEST_STEP][PASSED] - if (newTeamDescription != var_teamDescription.toString()): null

2021-05-29 12:46:36 - [TEST_STEP][PASSED] - closeBrowser(): Browser is closed

2021-05-29 12:46:37 - [MESSAGE][PASSED] - Browser is closed]]></system-out>
         <system-err><![CDATA[]]></system-err>
      </testcase>
      <testcase name="Test Cases/1712666/TC13_UpdateTeamName" time="18.602" classname="Test Cases/1712666/TC13_UpdateTeamName" status="PASSED">
         <system-out><![CDATA[2021-05-29 12:46:37 - [TEST_CASE][PASSED] - Test Cases/1712666/TC13_UpdateTeamName: Test Cases/1712666/TC13_UpdateTeamName

2021-05-29 12:46:37 - [TEST_STEP][PASSED] - openBrowser(""): Browser is opened with url: ''

2021-05-29 12:46:37 - [MESSAGE][INFO] - Starting 'Chrome' driver

2021-05-29 12:46:37 - [MESSAGE][INFO] - Action delay is set to 0 milliseconds

2021-05-29 12:46:39 - [MESSAGE][PASSED] - Browser is opened with url: ''

2021-05-29 12:46:39 - [TEST_STEP][PASSED] - navigateToUrl("https://mattermostwebapp.herokuapp.com/"): Navigate to 'https://mattermostwebapp.herokuapp.com/' successfully

2021-05-29 12:46:42 - [MESSAGE][PASSED] - Navigate to 'https://mattermostwebapp.herokuapp.com/' successfully

2021-05-29 12:46:42 - [TEST_STEP][PASSED] - callTestCase(findTestCase("1712666/CommonTC/CTC_Login"), ["var_username":"phuc", "var_password":"CSt51UwWECc="]): Call Test Case 'Test Cases/1712666/CommonTC/CTC_Login' successfully

2021-05-29 12:46:42 - [TEST_CASE][PASSED] - Test Cases/1712666/CommonTC/CTC_Login: Test Cases/1712666/CommonTC/CTC_Login

2021-05-29 12:46:42 - [TEST_STEP][PASSED] - setText(findTestObject("Object Repository/1412263_Page_Mattermost/input_All team communication in one place, _dcc84b"), var_username): Text 'phuc' is set on object 'Object Repository/1412263_Page_Mattermost/input_All team communication in one place, _dcc84b'

2021-05-29 12:46:47 - [MESSAGE][PASSED] - Text 'phuc' is set on object 'Object Repository/1412263_Page_Mattermost/input_All team communication in one place, _dcc84b'

2021-05-29 12:46:47 - [TEST_STEP][PASSED] - setEncryptedText(findTestObject("Object Repository/1412263_Page_Mattermost/input_All team communication in one place, _a3edc6"), var_password): Text ****** has been set on object 'Object Repository/1412263_Page_Mattermost/input_All team communication in one place, _a3edc6'

2021-05-29 12:46:47 - [MESSAGE][PASSED] - Text ****** has been set on object 'Object Repository/1412263_Page_Mattermost/input_All team communication in one place, _a3edc6'

2021-05-29 12:46:47 - [TEST_STEP][PASSED] - click(findTestObject("Object Repository/1412263_Page_Mattermost/span_Sign in")): Object: 'Object Repository/1412263_Page_Mattermost/span_Sign in' is clicked on

2021-05-29 12:46:48 - [MESSAGE][PASSED] - Object: 'Object Repository/1412263_Page_Mattermost/span_Sign in' is clicked on

2021-05-29 12:46:48 - [MESSAGE][PASSED] - Call Test Case 'Test Cases/1712666/CommonTC/CTC_Login' successfully

2021-05-29 12:46:48 - [TEST_STEP][PASSED] - click(findTestObject("Object Repository/Page_Town Square - abc Mattermost/div_phuc (2)")): Object: 'Object Repository/Page_Town Square - abc Mattermost/div_phuc (2)' is clicked on

2021-05-29 12:46:51 - [MESSAGE][PASSED] - Object: 'Object Repository/Page_Town Square - abc Mattermost/div_phuc (2)' is clicked on

2021-05-29 12:46:51 - [TEST_STEP][PASSED] - click(findTestObject("Object Repository/Page_Town Square - abc Mattermost/span_Team Settings")): Object: 'Object Repository/Page_Town Square - abc Mattermost/span_Team Settings' is clicked on

2021-05-29 12:46:52 - [MESSAGE][PASSED] - Object: 'Object Repository/Page_Town Square - abc Mattermost/span_Team Settings' is clicked on

2021-05-29 12:46:52 - [TEST_STEP][PASSED] - click(findTestObject("Object Repository/Page_Town Square - abc Mattermost/span_Edit")): Object: 'Object Repository/Page_Town Square - abc Mattermost/span_Edit' is clicked on

2021-05-29 12:46:52 - [MESSAGE][PASSED] - Object: 'Object Repository/Page_Town Square - abc Mattermost/span_Edit' is clicked on

2021-05-29 12:46:52 - [TEST_STEP][PASSED] - doubleClick(findTestObject("Object Repository/Page_Town Square - abc Mattermost/input_Team Name_teamName")): Object: 'Object Repository/Page_Town Square - abc Mattermost/input_Team Name_teamName' is double clicked on

2021-05-29 12:46:53 - [MESSAGE][PASSED] - Object: 'Object Repository/Page_Town Square - abc Mattermost/input_Team Name_teamName' is double clicked on

2021-05-29 12:46:53 - [TEST_STEP][PASSED] - setText(findTestObject("Object Repository/Page_Town Square - abc Mattermost/input_Team Name_teamName"), var_teamname): Text 'test1' is set on object 'Object Repository/Page_Town Square - abc Mattermost/input_Team Name_teamName'

2021-05-29 12:46:54 - [MESSAGE][PASSED] - Text 'test1' is set on object 'Object Repository/Page_Town Square - abc Mattermost/input_Team Name_teamName'

2021-05-29 12:46:54 - [TEST_STEP][PASSED] - click(findTestObject("Object Repository/Page_Town Square - abc Mattermost/span_Save")): Object: 'Object Repository/Page_Town Square - abc Mattermost/span_Save' is clicked on

2021-05-29 12:46:54 - [MESSAGE][PASSED] - Object: 'Object Repository/Page_Town Square - abc Mattermost/span_Save' is clicked on

2021-05-29 12:46:54 - [TEST_STEP][PASSED] - newTeamName = getText(findTestObject("Object Repository/Page_Town Square - abc1 Mattermost/div_abc1")): Text of object 'Object Repository/Page_Town Square - abc1 Mattermost/div_abc1' is: 'test1'

2021-05-29 12:46:55 - [MESSAGE][PASSED] - Text of object 'Object Repository/Page_Town Square - abc1 Mattermost/div_abc1' is: 'test1'

2021-05-29 12:46:55 - [TEST_STEP][PASSED] - if (newTeamName != var_teamname.toString()): null

2021-05-29 12:46:55 - [TEST_STEP][PASSED] - closeBrowser(): Browser is closed

2021-05-29 12:46:56 - [MESSAGE][PASSED] - Browser is closed]]></system-out>
         <system-err><![CDATA[]]></system-err>
      </testcase>
      <testcase name="Test Cases/1712666/TC13_UpdateTeamName" time="17.828" classname="Test Cases/1712666/TC13_UpdateTeamName" status="PASSED">
         <system-out><![CDATA[2021-05-29 12:46:56 - [TEST_CASE][PASSED] - Test Cases/1712666/TC13_UpdateTeamName: Test Cases/1712666/TC13_UpdateTeamName

2021-05-29 12:46:56 - [TEST_STEP][PASSED] - openBrowser(""): Browser is opened with url: ''

2021-05-29 12:46:56 - [MESSAGE][INFO] - Starting 'Chrome' driver

2021-05-29 12:46:56 - [MESSAGE][INFO] - Action delay is set to 0 milliseconds

2021-05-29 12:46:57 - [MESSAGE][PASSED] - Browser is opened with url: ''

2021-05-29 12:46:57 - [TEST_STEP][PASSED] - navigateToUrl("https://mattermostwebapp.herokuapp.com/"): Navigate to 'https://mattermostwebapp.herokuapp.com/' successfully

2021-05-29 12:47:00 - [MESSAGE][PASSED] - Navigate to 'https://mattermostwebapp.herokuapp.com/' successfully

2021-05-29 12:47:00 - [TEST_STEP][PASSED] - callTestCase(findTestCase("1712666/CommonTC/CTC_Login"), ["var_username":"phuc", "var_password":"CSt51UwWECc="]): Call Test Case 'Test Cases/1712666/CommonTC/CTC_Login' successfully

2021-05-29 12:47:00 - [TEST_CASE][PASSED] - Test Cases/1712666/CommonTC/CTC_Login: Test Cases/1712666/CommonTC/CTC_Login

2021-05-29 12:47:00 - [TEST_STEP][PASSED] - setText(findTestObject("Object Repository/1412263_Page_Mattermost/input_All team communication in one place, _dcc84b"), var_username): Text 'phuc' is set on object 'Object Repository/1412263_Page_Mattermost/input_All team communication in one place, _dcc84b'

2021-05-29 12:47:05 - [MESSAGE][PASSED] - Text 'phuc' is set on object 'Object Repository/1412263_Page_Mattermost/input_All team communication in one place, _dcc84b'

2021-05-29 12:47:05 - [TEST_STEP][PASSED] - setEncryptedText(findTestObject("Object Repository/1412263_Page_Mattermost/input_All team communication in one place, _a3edc6"), var_password): Text ****** has been set on object 'Object Repository/1412263_Page_Mattermost/input_All team communication in one place, _a3edc6'

2021-05-29 12:47:05 - [MESSAGE][PASSED] - Text ****** has been set on object 'Object Repository/1412263_Page_Mattermost/input_All team communication in one place, _a3edc6'

2021-05-29 12:47:05 - [TEST_STEP][PASSED] - click(findTestObject("Object Repository/1412263_Page_Mattermost/span_Sign in")): Object: 'Object Repository/1412263_Page_Mattermost/span_Sign in' is clicked on

2021-05-29 12:47:06 - [MESSAGE][PASSED] - Object: 'Object Repository/1412263_Page_Mattermost/span_Sign in' is clicked on

2021-05-29 12:47:06 - [MESSAGE][PASSED] - Call Test Case 'Test Cases/1712666/CommonTC/CTC_Login' successfully

2021-05-29 12:47:06 - [TEST_STEP][PASSED] - click(findTestObject("Object Repository/Page_Town Square - abc Mattermost/div_phuc (2)")): Object: 'Object Repository/Page_Town Square - abc Mattermost/div_phuc (2)' is clicked on

2021-05-29 12:47:09 - [MESSAGE][PASSED] - Object: 'Object Repository/Page_Town Square - abc Mattermost/div_phuc (2)' is clicked on

2021-05-29 12:47:09 - [TEST_STEP][PASSED] - click(findTestObject("Object Repository/Page_Town Square - abc Mattermost/span_Team Settings")): Object: 'Object Repository/Page_Town Square - abc Mattermost/span_Team Settings' is clicked on

2021-05-29 12:47:10 - [MESSAGE][PASSED] - Object: 'Object Repository/Page_Town Square - abc Mattermost/span_Team Settings' is clicked on

2021-05-29 12:47:10 - [TEST_STEP][PASSED] - click(findTestObject("Object Repository/Page_Town Square - abc Mattermost/span_Edit")): Object: 'Object Repository/Page_Town Square - abc Mattermost/span_Edit' is clicked on

2021-05-29 12:47:10 - [MESSAGE][PASSED] - Object: 'Object Repository/Page_Town Square - abc Mattermost/span_Edit' is clicked on

2021-05-29 12:47:10 - [TEST_STEP][PASSED] - doubleClick(findTestObject("Object Repository/Page_Town Square - abc Mattermost/input_Team Name_teamName")): Object: 'Object Repository/Page_Town Square - abc Mattermost/input_Team Name_teamName' is double clicked on

2021-05-29 12:47:11 - [MESSAGE][PASSED] - Object: 'Object Repository/Page_Town Square - abc Mattermost/input_Team Name_teamName' is double clicked on

2021-05-29 12:47:11 - [TEST_STEP][PASSED] - setText(findTestObject("Object Repository/Page_Town Square - abc Mattermost/input_Team Name_teamName"), var_teamname): Text 'test2' is set on object 'Object Repository/Page_Town Square - abc Mattermost/input_Team Name_teamName'

2021-05-29 12:47:12 - [MESSAGE][PASSED] - Text 'test2' is set on object 'Object Repository/Page_Town Square - abc Mattermost/input_Team Name_teamName'

2021-05-29 12:47:12 - [TEST_STEP][PASSED] - click(findTestObject("Object Repository/Page_Town Square - abc Mattermost/span_Save")): Object: 'Object Repository/Page_Town Square - abc Mattermost/span_Save' is clicked on

2021-05-29 12:47:12 - [MESSAGE][PASSED] - Object: 'Object Repository/Page_Town Square - abc Mattermost/span_Save' is clicked on

2021-05-29 12:47:12 - [TEST_STEP][PASSED] - newTeamName = getText(findTestObject("Object Repository/Page_Town Square - abc1 Mattermost/div_abc1")): Text of object 'Object Repository/Page_Town Square - abc1 Mattermost/div_abc1' is: 'test2'

2021-05-29 12:47:13 - [MESSAGE][PASSED] - Text of object 'Object Repository/Page_Town Square - abc1 Mattermost/div_abc1' is: 'test2'

2021-05-29 12:47:13 - [TEST_STEP][PASSED] - if (newTeamName != var_teamname.toString()): null

2021-05-29 12:47:13 - [TEST_STEP][PASSED] - closeBrowser(): Browser is closed

2021-05-29 12:47:14 - [MESSAGE][PASSED] - Browser is closed]]></system-out>
         <system-err><![CDATA[]]></system-err>
      </testcase>
      <testcase name="Test Cases/1712666/TC13_UpdateTeamName" time="18.69" classname="Test Cases/1712666/TC13_UpdateTeamName" status="PASSED">
         <system-out><![CDATA[2021-05-29 12:47:14 - [TEST_CASE][PASSED] - Test Cases/1712666/TC13_UpdateTeamName: Test Cases/1712666/TC13_UpdateTeamName

2021-05-29 12:47:14 - [TEST_STEP][PASSED] - openBrowser(""): Browser is opened with url: ''

2021-05-29 12:47:14 - [MESSAGE][INFO] - Starting 'Chrome' driver

2021-05-29 12:47:14 - [MESSAGE][INFO] - Action delay is set to 0 milliseconds

2021-05-29 12:47:15 - [MESSAGE][PASSED] - Browser is opened with url: ''

2021-05-29 12:47:15 - [TEST_STEP][PASSED] - navigateToUrl("https://mattermostwebapp.herokuapp.com/"): Navigate to 'https://mattermostwebapp.herokuapp.com/' successfully

2021-05-29 12:47:18 - [MESSAGE][PASSED] - Navigate to 'https://mattermostwebapp.herokuapp.com/' successfully

2021-05-29 12:47:18 - [TEST_STEP][PASSED] - callTestCase(findTestCase("1712666/CommonTC/CTC_Login"), ["var_username":"phuc", "var_password":"CSt51UwWECc="]): Call Test Case 'Test Cases/1712666/CommonTC/CTC_Login' successfully

2021-05-29 12:47:18 - [TEST_CASE][PASSED] - Test Cases/1712666/CommonTC/CTC_Login: Test Cases/1712666/CommonTC/CTC_Login

2021-05-29 12:47:18 - [TEST_STEP][PASSED] - setText(findTestObject("Object Repository/1412263_Page_Mattermost/input_All team communication in one place, _dcc84b"), var_username): Text 'phuc' is set on object 'Object Repository/1412263_Page_Mattermost/input_All team communication in one place, _dcc84b'

2021-05-29 12:47:23 - [MESSAGE][PASSED] - Text 'phuc' is set on object 'Object Repository/1412263_Page_Mattermost/input_All team communication in one place, _dcc84b'

2021-05-29 12:47:23 - [TEST_STEP][PASSED] - setEncryptedText(findTestObject("Object Repository/1412263_Page_Mattermost/input_All team communication in one place, _a3edc6"), var_password): Text ****** has been set on object 'Object Repository/1412263_Page_Mattermost/input_All team communication in one place, _a3edc6'

2021-05-29 12:47:24 - [MESSAGE][PASSED] - Text ****** has been set on object 'Object Repository/1412263_Page_Mattermost/input_All team communication in one place, _a3edc6'

2021-05-29 12:47:24 - [TEST_STEP][PASSED] - click(findTestObject("Object Repository/1412263_Page_Mattermost/span_Sign in")): Object: 'Object Repository/1412263_Page_Mattermost/span_Sign in' is clicked on

2021-05-29 12:47:24 - [MESSAGE][PASSED] - Object: 'Object Repository/1412263_Page_Mattermost/span_Sign in' is clicked on

2021-05-29 12:47:24 - [MESSAGE][PASSED] - Call Test Case 'Test Cases/1712666/CommonTC/CTC_Login' successfully

2021-05-29 12:47:24 - [TEST_STEP][PASSED] - click(findTestObject("Object Repository/Page_Town Square - abc Mattermost/div_phuc (2)")): Object: 'Object Repository/Page_Town Square - abc Mattermost/div_phuc (2)' is clicked on

2021-05-29 12:47:27 - [MESSAGE][PASSED] - Object: 'Object Repository/Page_Town Square - abc Mattermost/div_phuc (2)' is clicked on

2021-05-29 12:47:27 - [TEST_STEP][PASSED] - click(findTestObject("Object Repository/Page_Town Square - abc Mattermost/span_Team Settings")): Object: 'Object Repository/Page_Town Square - abc Mattermost/span_Team Settings' is clicked on

2021-05-29 12:47:28 - [MESSAGE][PASSED] - Object: 'Object Repository/Page_Town Square - abc Mattermost/span_Team Settings' is clicked on

2021-05-29 12:47:28 - [TEST_STEP][PASSED] - click(findTestObject("Object Repository/Page_Town Square - abc Mattermost/span_Edit")): Object: 'Object Repository/Page_Town Square - abc Mattermost/span_Edit' is clicked on

2021-05-29 12:47:29 - [MESSAGE][PASSED] - Object: 'Object Repository/Page_Town Square - abc Mattermost/span_Edit' is clicked on

2021-05-29 12:47:29 - [TEST_STEP][PASSED] - doubleClick(findTestObject("Object Repository/Page_Town Square - abc Mattermost/input_Team Name_teamName")): Object: 'Object Repository/Page_Town Square - abc Mattermost/input_Team Name_teamName' is double clicked on

2021-05-29 12:47:29 - [MESSAGE][PASSED] - Object: 'Object Repository/Page_Town Square - abc Mattermost/input_Team Name_teamName' is double clicked on

2021-05-29 12:47:29 - [TEST_STEP][PASSED] - setText(findTestObject("Object Repository/Page_Town Square - abc Mattermost/input_Team Name_teamName"), var_teamname): Text 'test3' is set on object 'Object Repository/Page_Town Square - abc Mattermost/input_Team Name_teamName'

2021-05-29 12:47:30 - [MESSAGE][PASSED] - Text 'test3' is set on object 'Object Repository/Page_Town Square - abc Mattermost/input_Team Name_teamName'

2021-05-29 12:47:30 - [TEST_STEP][PASSED] - click(findTestObject("Object Repository/Page_Town Square - abc Mattermost/span_Save")): Object: 'Object Repository/Page_Town Square - abc Mattermost/span_Save' is clicked on

2021-05-29 12:47:30 - [MESSAGE][PASSED] - Object: 'Object Repository/Page_Town Square - abc Mattermost/span_Save' is clicked on

2021-05-29 12:47:30 - [TEST_STEP][PASSED] - newTeamName = getText(findTestObject("Object Repository/Page_Town Square - abc1 Mattermost/div_abc1")): Text of object 'Object Repository/Page_Town Square - abc1 Mattermost/div_abc1' is: 'test3'

2021-05-29 12:47:32 - [MESSAGE][PASSED] - Text of object 'Object Repository/Page_Town Square - abc1 Mattermost/div_abc1' is: 'test3'

2021-05-29 12:47:32 - [TEST_STEP][PASSED] - if (newTeamName != var_teamname.toString()): null

2021-05-29 12:47:32 - [TEST_STEP][PASSED] - closeBrowser(): Browser is closed

2021-05-29 12:47:32 - [MESSAGE][PASSED] - Browser is closed]]></system-out>
         <system-err><![CDATA[]]></system-err>
      </testcase>
      <testcase name="Test Cases/1712666/TC13_UpdateTeamName" time="18.652" classname="Test Cases/1712666/TC13_UpdateTeamName" status="PASSED">
         <system-out><![CDATA[2021-05-29 12:47:32 - [TEST_CASE][PASSED] - Test Cases/1712666/TC13_UpdateTeamName: Test Cases/1712666/TC13_UpdateTeamName

2021-05-29 12:47:32 - [TEST_STEP][PASSED] - openBrowser(""): Browser is opened with url: ''

2021-05-29 12:47:32 - [MESSAGE][INFO] - Starting 'Chrome' driver

2021-05-29 12:47:32 - [MESSAGE][INFO] - Action delay is set to 0 milliseconds

2021-05-29 12:47:33 - [MESSAGE][PASSED] - Browser is opened with url: ''

2021-05-29 12:47:33 - [TEST_STEP][PASSED] - navigateToUrl("https://mattermostwebapp.herokuapp.com/"): Navigate to 'https://mattermostwebapp.herokuapp.com/' successfully

2021-05-29 12:47:37 - [MESSAGE][PASSED] - Navigate to 'https://mattermostwebapp.herokuapp.com/' successfully

2021-05-29 12:47:37 - [TEST_STEP][PASSED] - callTestCase(findTestCase("1712666/CommonTC/CTC_Login"), ["var_username":"phuc", "var_password":"CSt51UwWECc="]): Call Test Case 'Test Cases/1712666/CommonTC/CTC_Login' successfully

2021-05-29 12:47:37 - [TEST_CASE][PASSED] - Test Cases/1712666/CommonTC/CTC_Login: Test Cases/1712666/CommonTC/CTC_Login

2021-05-29 12:47:37 - [TEST_STEP][PASSED] - setText(findTestObject("Object Repository/1412263_Page_Mattermost/input_All team communication in one place, _dcc84b"), var_username): Text 'phuc' is set on object 'Object Repository/1412263_Page_Mattermost/input_All team communication in one place, _dcc84b'

2021-05-29 12:47:42 - [MESSAGE][PASSED] - Text 'phuc' is set on object 'Object Repository/1412263_Page_Mattermost/input_All team communication in one place, _dcc84b'

2021-05-29 12:47:42 - [TEST_STEP][PASSED] - setEncryptedText(findTestObject("Object Repository/1412263_Page_Mattermost/input_All team communication in one place, _a3edc6"), var_password): Text ****** has been set on object 'Object Repository/1412263_Page_Mattermost/input_All team communication in one place, _a3edc6'

2021-05-29 12:47:42 - [MESSAGE][PASSED] - Text ****** has been set on object 'Object Repository/1412263_Page_Mattermost/input_All team communication in one place, _a3edc6'

2021-05-29 12:47:42 - [TEST_STEP][PASSED] - click(findTestObject("Object Repository/1412263_Page_Mattermost/span_Sign in")): Object: 'Object Repository/1412263_Page_Mattermost/span_Sign in' is clicked on

2021-05-29 12:47:43 - [MESSAGE][PASSED] - Object: 'Object Repository/1412263_Page_Mattermost/span_Sign in' is clicked on

2021-05-29 12:47:43 - [MESSAGE][PASSED] - Call Test Case 'Test Cases/1712666/CommonTC/CTC_Login' successfully

2021-05-29 12:47:43 - [TEST_STEP][PASSED] - click(findTestObject("Object Repository/Page_Town Square - abc Mattermost/div_phuc (2)")): Object: 'Object Repository/Page_Town Square - abc Mattermost/div_phuc (2)' is clicked on

2021-05-29 12:47:46 - [MESSAGE][PASSED] - Object: 'Object Repository/Page_Town Square - abc Mattermost/div_phuc (2)' is clicked on

2021-05-29 12:47:46 - [TEST_STEP][PASSED] - click(findTestObject("Object Repository/Page_Town Square - abc Mattermost/span_Team Settings")): Object: 'Object Repository/Page_Town Square - abc Mattermost/span_Team Settings' is clicked on

2021-05-29 12:47:47 - [MESSAGE][PASSED] - Object: 'Object Repository/Page_Town Square - abc Mattermost/span_Team Settings' is clicked on

2021-05-29 12:47:47 - [TEST_STEP][PASSED] - click(findTestObject("Object Repository/Page_Town Square - abc Mattermost/span_Edit")): Object: 'Object Repository/Page_Town Square - abc Mattermost/span_Edit' is clicked on

2021-05-29 12:47:47 - [MESSAGE][PASSED] - Object: 'Object Repository/Page_Town Square - abc Mattermost/span_Edit' is clicked on

2021-05-29 12:47:47 - [TEST_STEP][PASSED] - doubleClick(findTestObject("Object Repository/Page_Town Square - abc Mattermost/input_Team Name_teamName")): Object: 'Object Repository/Page_Town Square - abc Mattermost/input_Team Name_teamName' is double clicked on

2021-05-29 12:47:48 - [MESSAGE][PASSED] - Object: 'Object Repository/Page_Town Square - abc Mattermost/input_Team Name_teamName' is double clicked on

2021-05-29 12:47:48 - [TEST_STEP][PASSED] - setText(findTestObject("Object Repository/Page_Town Square - abc Mattermost/input_Team Name_teamName"), var_teamname): Text 'test4' is set on object 'Object Repository/Page_Town Square - abc Mattermost/input_Team Name_teamName'

2021-05-29 12:47:49 - [MESSAGE][PASSED] - Text 'test4' is set on object 'Object Repository/Page_Town Square - abc Mattermost/input_Team Name_teamName'

2021-05-29 12:47:49 - [TEST_STEP][PASSED] - click(findTestObject("Object Repository/Page_Town Square - abc Mattermost/span_Save")): Object: 'Object Repository/Page_Town Square - abc Mattermost/span_Save' is clicked on

2021-05-29 12:47:49 - [MESSAGE][PASSED] - Object: 'Object Repository/Page_Town Square - abc Mattermost/span_Save' is clicked on

2021-05-29 12:47:49 - [TEST_STEP][PASSED] - newTeamName = getText(findTestObject("Object Repository/Page_Town Square - abc1 Mattermost/div_abc1")): Text of object 'Object Repository/Page_Town Square - abc1 Mattermost/div_abc1' is: 'test4'

2021-05-29 12:47:50 - [MESSAGE][PASSED] - Text of object 'Object Repository/Page_Town Square - abc1 Mattermost/div_abc1' is: 'test4'

2021-05-29 12:47:50 - [TEST_STEP][PASSED] - if (newTeamName != var_teamname.toString()): null

2021-05-29 12:47:50 - [TEST_STEP][PASSED] - closeBrowser(): Browser is closed

2021-05-29 12:47:51 - [MESSAGE][PASSED] - Browser is closed]]></system-out>
         <system-err><![CDATA[]]></system-err>
      </testcase>
      <testcase name="Test Cases/1712666/TC13_UpdateTeamName" time="28.501" classname="Test Cases/1712666/TC13_UpdateTeamName" status="PASSED">
         <system-out><![CDATA[2021-05-29 12:47:51 - [TEST_CASE][PASSED] - Test Cases/1712666/TC13_UpdateTeamName: Test Cases/1712666/TC13_UpdateTeamName

2021-05-29 12:47:51 - [TEST_STEP][PASSED] - openBrowser(""): Browser is opened with url: ''

2021-05-29 12:47:51 - [MESSAGE][INFO] - Starting 'Chrome' driver

2021-05-29 12:47:51 - [MESSAGE][INFO] - Action delay is set to 0 milliseconds

2021-05-29 12:47:52 - [MESSAGE][PASSED] - Browser is opened with url: ''

2021-05-29 12:47:52 - [TEST_STEP][PASSED] - navigateToUrl("https://mattermostwebapp.herokuapp.com/"): Navigate to 'https://mattermostwebapp.herokuapp.com/' successfully

2021-05-29 12:48:02 - [MESSAGE][PASSED] - Navigate to 'https://mattermostwebapp.herokuapp.com/' successfully

2021-05-29 12:48:02 - [TEST_STEP][PASSED] - callTestCase(findTestCase("1712666/CommonTC/CTC_Login"), ["var_username":"phuc", "var_password":"CSt51UwWECc="]): Call Test Case 'Test Cases/1712666/CommonTC/CTC_Login' successfully

2021-05-29 12:48:02 - [TEST_CASE][PASSED] - Test Cases/1712666/CommonTC/CTC_Login: Test Cases/1712666/CommonTC/CTC_Login

2021-05-29 12:48:02 - [TEST_STEP][PASSED] - setText(findTestObject("Object Repository/1412263_Page_Mattermost/input_All team communication in one place, _dcc84b"), var_username): Text 'phuc' is set on object 'Object Repository/1412263_Page_Mattermost/input_All team communication in one place, _dcc84b'

2021-05-29 12:48:11 - [MESSAGE][PASSED] - Text 'phuc' is set on object 'Object Repository/1412263_Page_Mattermost/input_All team communication in one place, _dcc84b'

2021-05-29 12:48:11 - [TEST_STEP][PASSED] - setEncryptedText(findTestObject("Object Repository/1412263_Page_Mattermost/input_All team communication in one place, _a3edc6"), var_password): Text ****** has been set on object 'Object Repository/1412263_Page_Mattermost/input_All team communication in one place, _a3edc6'

2021-05-29 12:48:11 - [MESSAGE][PASSED] - Text ****** has been set on object 'Object Repository/1412263_Page_Mattermost/input_All team communication in one place, _a3edc6'

2021-05-29 12:48:11 - [TEST_STEP][PASSED] - click(findTestObject("Object Repository/1412263_Page_Mattermost/span_Sign in")): Object: 'Object Repository/1412263_Page_Mattermost/span_Sign in' is clicked on

2021-05-29 12:48:12 - [MESSAGE][PASSED] - Object: 'Object Repository/1412263_Page_Mattermost/span_Sign in' is clicked on

2021-05-29 12:48:12 - [MESSAGE][PASSED] - Call Test Case 'Test Cases/1712666/CommonTC/CTC_Login' successfully

2021-05-29 12:48:12 - [TEST_STEP][PASSED] - click(findTestObject("Object Repository/Page_Town Square - abc Mattermost/div_phuc (2)")): Object: 'Object Repository/Page_Town Square - abc Mattermost/div_phuc (2)' is clicked on

2021-05-29 12:48:15 - [MESSAGE][PASSED] - Object: 'Object Repository/Page_Town Square - abc Mattermost/div_phuc (2)' is clicked on

2021-05-29 12:48:15 - [TEST_STEP][PASSED] - click(findTestObject("Object Repository/Page_Town Square - abc Mattermost/span_Team Settings")): Object: 'Object Repository/Page_Town Square - abc Mattermost/span_Team Settings' is clicked on

2021-05-29 12:48:16 - [MESSAGE][PASSED] - Object: 'Object Repository/Page_Town Square - abc Mattermost/span_Team Settings' is clicked on

2021-05-29 12:48:16 - [TEST_STEP][PASSED] - click(findTestObject("Object Repository/Page_Town Square - abc Mattermost/span_Edit")): Object: 'Object Repository/Page_Town Square - abc Mattermost/span_Edit' is clicked on

2021-05-29 12:48:16 - [MESSAGE][PASSED] - Object: 'Object Repository/Page_Town Square - abc Mattermost/span_Edit' is clicked on

2021-05-29 12:48:16 - [TEST_STEP][PASSED] - doubleClick(findTestObject("Object Repository/Page_Town Square - abc Mattermost/input_Team Name_teamName")): Object: 'Object Repository/Page_Town Square - abc Mattermost/input_Team Name_teamName' is double clicked on

2021-05-29 12:48:17 - [MESSAGE][PASSED] - Object: 'Object Repository/Page_Town Square - abc Mattermost/input_Team Name_teamName' is double clicked on

2021-05-29 12:48:17 - [TEST_STEP][PASSED] - setText(findTestObject("Object Repository/Page_Town Square - abc Mattermost/input_Team Name_teamName"), var_teamname): Text 'test5' is set on object 'Object Repository/Page_Town Square - abc Mattermost/input_Team Name_teamName'

2021-05-29 12:48:18 - [MESSAGE][PASSED] - Text 'test5' is set on object 'Object Repository/Page_Town Square - abc Mattermost/input_Team Name_teamName'

2021-05-29 12:48:18 - [TEST_STEP][PASSED] - click(findTestObject("Object Repository/Page_Town Square - abc Mattermost/span_Save")): Object: 'Object Repository/Page_Town Square - abc Mattermost/span_Save' is clicked on

2021-05-29 12:48:18 - [MESSAGE][PASSED] - Object: 'Object Repository/Page_Town Square - abc Mattermost/span_Save' is clicked on

2021-05-29 12:48:18 - [TEST_STEP][PASSED] - newTeamName = getText(findTestObject("Object Repository/Page_Town Square - abc1 Mattermost/div_abc1")): Text of object 'Object Repository/Page_Town Square - abc1 Mattermost/div_abc1' is: 'test5'

2021-05-29 12:48:19 - [MESSAGE][PASSED] - Text of object 'Object Repository/Page_Town Square - abc1 Mattermost/div_abc1' is: 'test5'

2021-05-29 12:48:19 - [TEST_STEP][PASSED] - if (newTeamName != var_teamname.toString()): null

2021-05-29 12:48:19 - [TEST_STEP][PASSED] - closeBrowser(): Browser is closed

2021-05-29 12:48:19 - [MESSAGE][PASSED] - Browser is closed]]></system-out>
         <system-err><![CDATA[]]></system-err>
      </testcase>
      <testcase name="Test Cases/1712666/TC12_InvitePeopleToTeam" time="19.807" classname="Test Cases/1712666/TC12_InvitePeopleToTeam" status="PASSED">
         <system-out><![CDATA[2021-05-29 12:48:19 - [TEST_CASE][PASSED] - Test Cases/1712666/TC12_InvitePeopleToTeam: Test Cases/1712666/TC12_InvitePeopleToTeam

2021-05-29 12:48:20 - [TEST_STEP][PASSED] - openBrowser(""): Browser is opened with url: ''

2021-05-29 12:48:20 - [MESSAGE][INFO] - Starting 'Chrome' driver

2021-05-29 12:48:20 - [MESSAGE][INFO] - Action delay is set to 0 milliseconds

2021-05-29 12:48:21 - [MESSAGE][PASSED] - Browser is opened with url: ''

2021-05-29 12:48:21 - [TEST_STEP][PASSED] - navigateToUrl("https://mattermostwebapp.herokuapp.com/"): Navigate to 'https://mattermostwebapp.herokuapp.com/' successfully

2021-05-29 12:48:25 - [MESSAGE][PASSED] - Navigate to 'https://mattermostwebapp.herokuapp.com/' successfully

2021-05-29 12:48:25 - [TEST_STEP][PASSED] - callTestCase(findTestCase("1712666/CommonTC/CTC_Login"), ["var_username":"phuc", "var_password":"CSt51UwWECc="]): Call Test Case 'Test Cases/1712666/CommonTC/CTC_Login' successfully

2021-05-29 12:48:25 - [TEST_CASE][PASSED] - Test Cases/1712666/CommonTC/CTC_Login: Test Cases/1712666/CommonTC/CTC_Login

2021-05-29 12:48:25 - [TEST_STEP][PASSED] - setText(findTestObject("Object Repository/1412263_Page_Mattermost/input_All team communication in one place, _dcc84b"), var_username): Text 'phuc' is set on object 'Object Repository/1412263_Page_Mattermost/input_All team communication in one place, _dcc84b'

2021-05-29 12:48:30 - [MESSAGE][PASSED] - Text 'phuc' is set on object 'Object Repository/1412263_Page_Mattermost/input_All team communication in one place, _dcc84b'

2021-05-29 12:48:30 - [TEST_STEP][PASSED] - setEncryptedText(findTestObject("Object Repository/1412263_Page_Mattermost/input_All team communication in one place, _a3edc6"), var_password): Text ****** has been set on object 'Object Repository/1412263_Page_Mattermost/input_All team communication in one place, _a3edc6'

2021-05-29 12:48:30 - [MESSAGE][PASSED] - Text ****** has been set on object 'Object Repository/1412263_Page_Mattermost/input_All team communication in one place, _a3edc6'

2021-05-29 12:48:30 - [TEST_STEP][PASSED] - click(findTestObject("Object Repository/1412263_Page_Mattermost/span_Sign in")): Object: 'Object Repository/1412263_Page_Mattermost/span_Sign in' is clicked on

2021-05-29 12:48:31 - [MESSAGE][PASSED] - Object: 'Object Repository/1412263_Page_Mattermost/span_Sign in' is clicked on

2021-05-29 12:48:31 - [MESSAGE][PASSED] - Call Test Case 'Test Cases/1712666/CommonTC/CTC_Login' successfully

2021-05-29 12:48:31 - [TEST_STEP][PASSED] - click(findTestObject("Object Repository/Page_Town Square - abc Mattermost/div_phuc (1)")): Object: 'Object Repository/Page_Town Square - abc Mattermost/div_phuc (1)' is clicked on

2021-05-29 12:48:35 - [MESSAGE][PASSED] - Object: 'Object Repository/Page_Town Square - abc Mattermost/div_phuc (1)' is clicked on

2021-05-29 12:48:35 - [TEST_STEP][PASSED] - click(findTestObject("Object Repository/Page_Town Square - abc Mattermost/span_Invite People")): Object: 'Object Repository/Page_Town Square - abc Mattermost/span_Invite People' is clicked on

2021-05-29 12:48:35 - [MESSAGE][PASSED] - Object: 'Object Repository/Page_Town Square - abc Mattermost/span_Invite People' is clicked on

2021-05-29 12:48:35 - [TEST_STEP][PASSED] - click(findTestObject("Object Repository/Page_Town Square - abc Mattermost/div_Add members")): Object: 'Object Repository/Page_Town Square - abc Mattermost/div_Add members' is clicked on

2021-05-29 12:48:36 - [MESSAGE][PASSED] - Object: 'Object Repository/Page_Town Square - abc Mattermost/div_Add members' is clicked on

2021-05-29 12:48:36 - [TEST_STEP][PASSED] - setText(findTestObject("Object Repository/Page_Town Square - abc Mattermost/input_Add members_react-select-2-input"), var_username): Text 'nghi_tran' is set on object 'Object Repository/Page_Town Square - abc Mattermost/input_Add members_react-select-2-input'

2021-05-29 12:48:37 - [MESSAGE][PASSED] - Text 'nghi_tran' is set on object 'Object Repository/Page_Town Square - abc Mattermost/input_Add members_react-select-2-input'

2021-05-29 12:48:37 - [TEST_STEP][PASSED] - click(findTestObject("Page_Town Square - abc Mattermost/div_option_0")): Object: 'Object Repository/Page_Town Square - abc Mattermost/div_option_0' is clicked on

2021-05-29 12:48:38 - [MESSAGE][PASSED] - Object: 'Object Repository/Page_Town Square - abc Mattermost/div_option_0' is clicked on

2021-05-29 12:48:38 - [TEST_STEP][PASSED] - click(findTestObject("Object Repository/Page_Town Square - abc Mattermost/span_Invite Members")): Object: 'Object Repository/Page_Town Square - abc Mattermost/span_Invite Members' is clicked on

2021-05-29 12:48:38 - [MESSAGE][PASSED] - Object: 'Object Repository/Page_Town Square - abc Mattermost/span_Invite Members' is clicked on

2021-05-29 12:48:38 - [TEST_STEP][PASSED] - if (verifyElementPresent(findTestObject("Object Repository/Page_Town Square - abc Mattermost/span_Done"), 5)): null

2021-05-29 12:48:39 - [MESSAGE][PASSED] - Object 'Object Repository/Page_Town Square - abc Mattermost/span_Done' is present

2021-05-29 12:48:39 - [TEST_STEP][PASSED] - click(findTestObject("Object Repository/Page_Town Square - abc Mattermost/span_Done")): Object: 'Object Repository/Page_Town Square - abc Mattermost/span_Done' is clicked on

2021-05-29 12:48:39 - [MESSAGE][PASSED] - Object: 'Object Repository/Page_Town Square - abc Mattermost/span_Done' is clicked on]]></system-out>
         <system-err><![CDATA[]]></system-err>
      </testcase>
      <testcase name="Test Cases/1712666/TC12_InvitePeopleToTeam" time="21.527" classname="Test Cases/1712666/TC12_InvitePeopleToTeam" status="PASSED">
         <system-out><![CDATA[2021-05-29 12:48:39 - [TEST_CASE][PASSED] - Test Cases/1712666/TC12_InvitePeopleToTeam: Test Cases/1712666/TC12_InvitePeopleToTeam

2021-05-29 12:48:39 - [TEST_STEP][PASSED] - openBrowser(""): Browser is opened with url: ''

2021-05-29 12:48:39 - [MESSAGE][WARNING] - A browser is already opened. Closing browser and opening a new one

2021-05-29 12:48:40 - [MESSAGE][INFO] - Starting 'Chrome' driver

2021-05-29 12:48:40 - [MESSAGE][INFO] - Action delay is set to 0 milliseconds

2021-05-29 12:48:41 - [MESSAGE][PASSED] - Browser is opened with url: ''

2021-05-29 12:48:41 - [TEST_STEP][PASSED] - navigateToUrl("https://mattermostwebapp.herokuapp.com/"): Navigate to 'https://mattermostwebapp.herokuapp.com/' successfully

2021-05-29 12:48:45 - [MESSAGE][PASSED] - Navigate to 'https://mattermostwebapp.herokuapp.com/' successfully

2021-05-29 12:48:45 - [TEST_STEP][PASSED] - callTestCase(findTestCase("1712666/CommonTC/CTC_Login"), ["var_username":"phuc", "var_password":"CSt51UwWECc="]): Call Test Case 'Test Cases/1712666/CommonTC/CTC_Login' successfully

2021-05-29 12:48:45 - [TEST_CASE][PASSED] - Test Cases/1712666/CommonTC/CTC_Login: Test Cases/1712666/CommonTC/CTC_Login

2021-05-29 12:48:45 - [TEST_STEP][PASSED] - setText(findTestObject("Object Repository/1412263_Page_Mattermost/input_All team communication in one place, _dcc84b"), var_username): Text 'phuc' is set on object 'Object Repository/1412263_Page_Mattermost/input_All team communication in one place, _dcc84b'

2021-05-29 12:48:51 - [MESSAGE][PASSED] - Text 'phuc' is set on object 'Object Repository/1412263_Page_Mattermost/input_All team communication in one place, _dcc84b'

2021-05-29 12:48:51 - [TEST_STEP][PASSED] - setEncryptedText(findTestObject("Object Repository/1412263_Page_Mattermost/input_All team communication in one place, _a3edc6"), var_password): Text ****** has been set on object 'Object Repository/1412263_Page_Mattermost/input_All team communication in one place, _a3edc6'

2021-05-29 12:48:51 - [MESSAGE][PASSED] - Text ****** has been set on object 'Object Repository/1412263_Page_Mattermost/input_All team communication in one place, _a3edc6'

2021-05-29 12:48:51 - [TEST_STEP][PASSED] - click(findTestObject("Object Repository/1412263_Page_Mattermost/span_Sign in")): Object: 'Object Repository/1412263_Page_Mattermost/span_Sign in' is clicked on

2021-05-29 12:48:52 - [MESSAGE][PASSED] - Object: 'Object Repository/1412263_Page_Mattermost/span_Sign in' is clicked on

2021-05-29 12:48:52 - [MESSAGE][PASSED] - Call Test Case 'Test Cases/1712666/CommonTC/CTC_Login' successfully

2021-05-29 12:48:52 - [TEST_STEP][PASSED] - click(findTestObject("Object Repository/Page_Town Square - abc Mattermost/div_phuc (1)")): Object: 'Object Repository/Page_Town Square - abc Mattermost/div_phuc (1)' is clicked on

2021-05-29 12:48:54 - [MESSAGE][PASSED] - Object: 'Object Repository/Page_Town Square - abc Mattermost/div_phuc (1)' is clicked on

2021-05-29 12:48:54 - [TEST_STEP][PASSED] - click(findTestObject("Object Repository/Page_Town Square - abc Mattermost/span_Invite People")): Object: 'Object Repository/Page_Town Square - abc Mattermost/span_Invite People' is clicked on

2021-05-29 12:48:57 - [MESSAGE][PASSED] - Object: 'Object Repository/Page_Town Square - abc Mattermost/span_Invite People' is clicked on

2021-05-29 12:48:57 - [TEST_STEP][PASSED] - click(findTestObject("Object Repository/Page_Town Square - abc Mattermost/div_Add members")): Object: 'Object Repository/Page_Town Square - abc Mattermost/div_Add members' is clicked on

2021-05-29 12:48:57 - [MESSAGE][PASSED] - Object: 'Object Repository/Page_Town Square - abc Mattermost/div_Add members' is clicked on

2021-05-29 12:48:57 - [TEST_STEP][PASSED] - setText(findTestObject("Object Repository/Page_Town Square - abc Mattermost/input_Add members_react-select-2-input"), var_username): Text 'huy' is set on object 'Object Repository/Page_Town Square - abc Mattermost/input_Add members_react-select-2-input'

2021-05-29 12:48:58 - [MESSAGE][PASSED] - Text 'huy' is set on object 'Object Repository/Page_Town Square - abc Mattermost/input_Add members_react-select-2-input'

2021-05-29 12:48:58 - [TEST_STEP][PASSED] - click(findTestObject("Page_Town Square - abc Mattermost/div_option_0")): Object: 'Object Repository/Page_Town Square - abc Mattermost/div_option_0' is clicked on

2021-05-29 12:48:59 - [MESSAGE][PASSED] - Object: 'Object Repository/Page_Town Square - abc Mattermost/div_option_0' is clicked on

2021-05-29 12:48:59 - [TEST_STEP][PASSED] - click(findTestObject("Object Repository/Page_Town Square - abc Mattermost/span_Invite Members")): Object: 'Object Repository/Page_Town Square - abc Mattermost/span_Invite Members' is clicked on

2021-05-29 12:49:00 - [MESSAGE][PASSED] - Object: 'Object Repository/Page_Town Square - abc Mattermost/span_Invite Members' is clicked on

2021-05-29 12:49:00 - [TEST_STEP][PASSED] - if (verifyElementPresent(findTestObject("Object Repository/Page_Town Square - abc Mattermost/span_Done"), 5)): null

2021-05-29 12:49:00 - [MESSAGE][PASSED] - Object 'Object Repository/Page_Town Square - abc Mattermost/span_Done' is present

2021-05-29 12:49:00 - [TEST_STEP][PASSED] - click(findTestObject("Object Repository/Page_Town Square - abc Mattermost/span_Done")): Object: 'Object Repository/Page_Town Square - abc Mattermost/span_Done' is clicked on

2021-05-29 12:49:01 - [MESSAGE][PASSED] - Object: 'Object Repository/Page_Town Square - abc Mattermost/span_Done' is clicked on]]></system-out>
         <system-err><![CDATA[]]></system-err>
      </testcase>
      <testcase name="Test Cases/1712666/TC12_InvitePeopleToTeam" time="19.759" classname="Test Cases/1712666/TC12_InvitePeopleToTeam" status="PASSED">
         <system-out><![CDATA[2021-05-29 12:49:01 - [TEST_CASE][PASSED] - Test Cases/1712666/TC12_InvitePeopleToTeam: Test Cases/1712666/TC12_InvitePeopleToTeam

2021-05-29 12:49:01 - [TEST_STEP][PASSED] - openBrowser(""): Browser is opened with url: ''

2021-05-29 12:49:01 - [MESSAGE][WARNING] - A browser is already opened. Closing browser and opening a new one

2021-05-29 12:49:01 - [MESSAGE][INFO] - Starting 'Chrome' driver

2021-05-29 12:49:01 - [MESSAGE][INFO] - Action delay is set to 0 milliseconds

2021-05-29 12:49:03 - [MESSAGE][PASSED] - Browser is opened with url: ''

2021-05-29 12:49:03 - [TEST_STEP][PASSED] - navigateToUrl("https://mattermostwebapp.herokuapp.com/"): Navigate to 'https://mattermostwebapp.herokuapp.com/' successfully

2021-05-29 12:49:06 - [MESSAGE][PASSED] - Navigate to 'https://mattermostwebapp.herokuapp.com/' successfully

2021-05-29 12:49:06 - [TEST_STEP][PASSED] - callTestCase(findTestCase("1712666/CommonTC/CTC_Login"), ["var_username":"phuc", "var_password":"CSt51UwWECc="]): Call Test Case 'Test Cases/1712666/CommonTC/CTC_Login' successfully

2021-05-29 12:49:06 - [TEST_CASE][PASSED] - Test Cases/1712666/CommonTC/CTC_Login: Test Cases/1712666/CommonTC/CTC_Login

2021-05-29 12:49:06 - [TEST_STEP][PASSED] - setText(findTestObject("Object Repository/1412263_Page_Mattermost/input_All team communication in one place, _dcc84b"), var_username): Text 'phuc' is set on object 'Object Repository/1412263_Page_Mattermost/input_All team communication in one place, _dcc84b'

2021-05-29 12:49:11 - [MESSAGE][PASSED] - Text 'phuc' is set on object 'Object Repository/1412263_Page_Mattermost/input_All team communication in one place, _dcc84b'

2021-05-29 12:49:11 - [TEST_STEP][PASSED] - setEncryptedText(findTestObject("Object Repository/1412263_Page_Mattermost/input_All team communication in one place, _a3edc6"), var_password): Text ****** has been set on object 'Object Repository/1412263_Page_Mattermost/input_All team communication in one place, _a3edc6'

2021-05-29 12:49:12 - [MESSAGE][PASSED] - Text ****** has been set on object 'Object Repository/1412263_Page_Mattermost/input_All team communication in one place, _a3edc6'

2021-05-29 12:49:12 - [TEST_STEP][PASSED] - click(findTestObject("Object Repository/1412263_Page_Mattermost/span_Sign in")): Object: 'Object Repository/1412263_Page_Mattermost/span_Sign in' is clicked on

2021-05-29 12:49:12 - [MESSAGE][PASSED] - Object: 'Object Repository/1412263_Page_Mattermost/span_Sign in' is clicked on

2021-05-29 12:49:12 - [MESSAGE][PASSED] - Call Test Case 'Test Cases/1712666/CommonTC/CTC_Login' successfully

2021-05-29 12:49:12 - [TEST_STEP][PASSED] - click(findTestObject("Object Repository/Page_Town Square - abc Mattermost/div_phuc (1)")): Object: 'Object Repository/Page_Town Square - abc Mattermost/div_phuc (1)' is clicked on

2021-05-29 12:49:16 - [MESSAGE][PASSED] - Object: 'Object Repository/Page_Town Square - abc Mattermost/div_phuc (1)' is clicked on

2021-05-29 12:49:16 - [TEST_STEP][PASSED] - click(findTestObject("Object Repository/Page_Town Square - abc Mattermost/span_Invite People")): Object: 'Object Repository/Page_Town Square - abc Mattermost/span_Invite People' is clicked on

2021-05-29 12:49:16 - [MESSAGE][PASSED] - Object: 'Object Repository/Page_Town Square - abc Mattermost/span_Invite People' is clicked on

2021-05-29 12:49:16 - [TEST_STEP][PASSED] - click(findTestObject("Object Repository/Page_Town Square - abc Mattermost/div_Add members")): Object: 'Object Repository/Page_Town Square - abc Mattermost/div_Add members' is clicked on

2021-05-29 12:49:17 - [MESSAGE][PASSED] - Object: 'Object Repository/Page_Town Square - abc Mattermost/div_Add members' is clicked on

2021-05-29 12:49:17 - [TEST_STEP][PASSED] - setText(findTestObject("Object Repository/Page_Town Square - abc Mattermost/input_Add members_react-select-2-input"), var_username): Text 'huykhoi2507' is set on object 'Object Repository/Page_Town Square - abc Mattermost/input_Add members_react-select-2-input'

2021-05-29 12:49:18 - [MESSAGE][PASSED] - Text 'huykhoi2507' is set on object 'Object Repository/Page_Town Square - abc Mattermost/input_Add members_react-select-2-input'

2021-05-29 12:49:18 - [TEST_STEP][PASSED] - click(findTestObject("Page_Town Square - abc Mattermost/div_option_0")): Object: 'Object Repository/Page_Town Square - abc Mattermost/div_option_0' is clicked on

2021-05-29 12:49:19 - [MESSAGE][PASSED] - Object: 'Object Repository/Page_Town Square - abc Mattermost/div_option_0' is clicked on

2021-05-29 12:49:19 - [TEST_STEP][PASSED] - click(findTestObject("Object Repository/Page_Town Square - abc Mattermost/span_Invite Members")): Object: 'Object Repository/Page_Town Square - abc Mattermost/span_Invite Members' is clicked on

2021-05-29 12:49:19 - [MESSAGE][PASSED] - Object: 'Object Repository/Page_Town Square - abc Mattermost/span_Invite Members' is clicked on

2021-05-29 12:49:19 - [TEST_STEP][PASSED] - if (verifyElementPresent(findTestObject("Object Repository/Page_Town Square - abc Mattermost/span_Done"), 5)): null

2021-05-29 12:49:20 - [MESSAGE][PASSED] - Object 'Object Repository/Page_Town Square - abc Mattermost/span_Done' is present

2021-05-29 12:49:20 - [TEST_STEP][PASSED] - click(findTestObject("Object Repository/Page_Town Square - abc Mattermost/span_Done")): Object: 'Object Repository/Page_Town Square - abc Mattermost/span_Done' is clicked on

2021-05-29 12:49:21 - [MESSAGE][PASSED] - Object: 'Object Repository/Page_Town Square - abc Mattermost/span_Done' is clicked on]]></system-out>
         <system-err><![CDATA[]]></system-err>
      </testcase>
      <testcase name="Test Cases/1712666/TC12_InvitePeopleToTeam" time="19.953" classname="Test Cases/1712666/TC12_InvitePeopleToTeam" status="PASSED">
         <system-out><![CDATA[2021-05-29 12:49:21 - [TEST_CASE][PASSED] - Test Cases/1712666/TC12_InvitePeopleToTeam: Test Cases/1712666/TC12_InvitePeopleToTeam

2021-05-29 12:49:21 - [TEST_STEP][PASSED] - openBrowser(""): Browser is opened with url: ''

2021-05-29 12:49:21 - [MESSAGE][WARNING] - A browser is already opened. Closing browser and opening a new one

2021-05-29 12:49:21 - [MESSAGE][INFO] - Starting 'Chrome' driver

2021-05-29 12:49:21 - [MESSAGE][INFO] - Action delay is set to 0 milliseconds

2021-05-29 12:49:22 - [MESSAGE][PASSED] - Browser is opened with url: ''

2021-05-29 12:49:22 - [TEST_STEP][PASSED] - navigateToUrl("https://mattermostwebapp.herokuapp.com/"): Navigate to 'https://mattermostwebapp.herokuapp.com/' successfully

2021-05-29 12:49:26 - [MESSAGE][PASSED] - Navigate to 'https://mattermostwebapp.herokuapp.com/' successfully

2021-05-29 12:49:26 - [TEST_STEP][PASSED] - callTestCase(findTestCase("1712666/CommonTC/CTC_Login"), ["var_username":"phuc", "var_password":"CSt51UwWECc="]): Call Test Case 'Test Cases/1712666/CommonTC/CTC_Login' successfully

2021-05-29 12:49:26 - [TEST_CASE][PASSED] - Test Cases/1712666/CommonTC/CTC_Login: Test Cases/1712666/CommonTC/CTC_Login

2021-05-29 12:49:26 - [TEST_STEP][PASSED] - setText(findTestObject("Object Repository/1412263_Page_Mattermost/input_All team communication in one place, _dcc84b"), var_username): Text 'phuc' is set on object 'Object Repository/1412263_Page_Mattermost/input_All team communication in one place, _dcc84b'

2021-05-29 12:49:31 - [MESSAGE][PASSED] - Text 'phuc' is set on object 'Object Repository/1412263_Page_Mattermost/input_All team communication in one place, _dcc84b'

2021-05-29 12:49:31 - [TEST_STEP][PASSED] - setEncryptedText(findTestObject("Object Repository/1412263_Page_Mattermost/input_All team communication in one place, _a3edc6"), var_password): Text ****** has been set on object 'Object Repository/1412263_Page_Mattermost/input_All team communication in one place, _a3edc6'

2021-05-29 12:49:31 - [MESSAGE][PASSED] - Text ****** has been set on object 'Object Repository/1412263_Page_Mattermost/input_All team communication in one place, _a3edc6'

2021-05-29 12:49:31 - [TEST_STEP][PASSED] - click(findTestObject("Object Repository/1412263_Page_Mattermost/span_Sign in")): Object: 'Object Repository/1412263_Page_Mattermost/span_Sign in' is clicked on

2021-05-29 12:49:32 - [MESSAGE][PASSED] - Object: 'Object Repository/1412263_Page_Mattermost/span_Sign in' is clicked on

2021-05-29 12:49:32 - [MESSAGE][PASSED] - Call Test Case 'Test Cases/1712666/CommonTC/CTC_Login' successfully

2021-05-29 12:49:32 - [TEST_STEP][PASSED] - click(findTestObject("Object Repository/Page_Town Square - abc Mattermost/div_phuc (1)")): Object: 'Object Repository/Page_Town Square - abc Mattermost/div_phuc (1)' is clicked on

2021-05-29 12:49:35 - [MESSAGE][PASSED] - Object: 'Object Repository/Page_Town Square - abc Mattermost/div_phuc (1)' is clicked on

2021-05-29 12:49:35 - [TEST_STEP][PASSED] - click(findTestObject("Object Repository/Page_Town Square - abc Mattermost/span_Invite People")): Object: 'Object Repository/Page_Town Square - abc Mattermost/span_Invite People' is clicked on

2021-05-29 12:49:36 - [MESSAGE][PASSED] - Object: 'Object Repository/Page_Town Square - abc Mattermost/span_Invite People' is clicked on

2021-05-29 12:49:36 - [TEST_STEP][PASSED] - click(findTestObject("Object Repository/Page_Town Square - abc Mattermost/div_Add members")): Object: 'Object Repository/Page_Town Square - abc Mattermost/div_Add members' is clicked on

2021-05-29 12:49:37 - [MESSAGE][PASSED] - Object: 'Object Repository/Page_Town Square - abc Mattermost/div_Add members' is clicked on

2021-05-29 12:49:37 - [TEST_STEP][PASSED] - setText(findTestObject("Object Repository/Page_Town Square - abc Mattermost/input_Add members_react-select-2-input"), var_username): Text 'huykhoi263' is set on object 'Object Repository/Page_Town Square - abc Mattermost/input_Add members_react-select-2-input'

2021-05-29 12:49:37 - [MESSAGE][PASSED] - Text 'huykhoi263' is set on object 'Object Repository/Page_Town Square - abc Mattermost/input_Add members_react-select-2-input'

2021-05-29 12:49:37 - [TEST_STEP][PASSED] - click(findTestObject("Page_Town Square - abc Mattermost/div_option_0")): Object: 'Object Repository/Page_Town Square - abc Mattermost/div_option_0' is clicked on

2021-05-29 12:49:38 - [MESSAGE][PASSED] - Object: 'Object Repository/Page_Town Square - abc Mattermost/div_option_0' is clicked on

2021-05-29 12:49:38 - [TEST_STEP][PASSED] - click(findTestObject("Object Repository/Page_Town Square - abc Mattermost/span_Invite Members")): Object: 'Object Repository/Page_Town Square - abc Mattermost/span_Invite Members' is clicked on

2021-05-29 12:49:39 - [MESSAGE][PASSED] - Object: 'Object Repository/Page_Town Square - abc Mattermost/span_Invite Members' is clicked on

2021-05-29 12:49:39 - [TEST_STEP][PASSED] - if (verifyElementPresent(findTestObject("Object Repository/Page_Town Square - abc Mattermost/span_Done"), 5)): null

2021-05-29 12:49:40 - [MESSAGE][PASSED] - Object 'Object Repository/Page_Town Square - abc Mattermost/span_Done' is present

2021-05-29 12:49:40 - [TEST_STEP][PASSED] - click(findTestObject("Object Repository/Page_Town Square - abc Mattermost/span_Done")): Object: 'Object Repository/Page_Town Square - abc Mattermost/span_Done' is clicked on

2021-05-29 12:49:41 - [MESSAGE][PASSED] - Object: 'Object Repository/Page_Town Square - abc Mattermost/span_Done' is clicked on]]></system-out>
         <system-err><![CDATA[]]></system-err>
      </testcase>
      <testcase name="Test Cases/1712666/TC12_InvitePeopleToTeam" time="20.36" classname="Test Cases/1712666/TC12_InvitePeopleToTeam" status="PASSED">
         <system-out><![CDATA[2021-05-29 12:49:41 - [TEST_CASE][PASSED] - Test Cases/1712666/TC12_InvitePeopleToTeam: Test Cases/1712666/TC12_InvitePeopleToTeam

2021-05-29 12:49:41 - [TEST_STEP][PASSED] - openBrowser(""): Browser is opened with url: ''

2021-05-29 12:49:41 - [MESSAGE][WARNING] - A browser is already opened. Closing browser and opening a new one

2021-05-29 12:49:41 - [MESSAGE][INFO] - Starting 'Chrome' driver

2021-05-29 12:49:41 - [MESSAGE][INFO] - Action delay is set to 0 milliseconds

2021-05-29 12:49:42 - [MESSAGE][PASSED] - Browser is opened with url: ''

2021-05-29 12:49:42 - [TEST_STEP][PASSED] - navigateToUrl("https://mattermostwebapp.herokuapp.com/"): Navigate to 'https://mattermostwebapp.herokuapp.com/' successfully

2021-05-29 12:49:47 - [MESSAGE][PASSED] - Navigate to 'https://mattermostwebapp.herokuapp.com/' successfully

2021-05-29 12:49:47 - [TEST_STEP][PASSED] - callTestCase(findTestCase("1712666/CommonTC/CTC_Login"), ["var_username":"phuc", "var_password":"CSt51UwWECc="]): Call Test Case 'Test Cases/1712666/CommonTC/CTC_Login' successfully

2021-05-29 12:49:47 - [TEST_CASE][PASSED] - Test Cases/1712666/CommonTC/CTC_Login: Test Cases/1712666/CommonTC/CTC_Login

2021-05-29 12:49:47 - [TEST_STEP][PASSED] - setText(findTestObject("Object Repository/1412263_Page_Mattermost/input_All team communication in one place, _dcc84b"), var_username): Text 'phuc' is set on object 'Object Repository/1412263_Page_Mattermost/input_All team communication in one place, _dcc84b'

2021-05-29 12:49:51 - [MESSAGE][PASSED] - Text 'phuc' is set on object 'Object Repository/1412263_Page_Mattermost/input_All team communication in one place, _dcc84b'

2021-05-29 12:49:51 - [TEST_STEP][PASSED] - setEncryptedText(findTestObject("Object Repository/1412263_Page_Mattermost/input_All team communication in one place, _a3edc6"), var_password): Text ****** has been set on object 'Object Repository/1412263_Page_Mattermost/input_All team communication in one place, _a3edc6'

2021-05-29 12:49:52 - [MESSAGE][PASSED] - Text ****** has been set on object 'Object Repository/1412263_Page_Mattermost/input_All team communication in one place, _a3edc6'

2021-05-29 12:49:52 - [TEST_STEP][PASSED] - click(findTestObject("Object Repository/1412263_Page_Mattermost/span_Sign in")): Object: 'Object Repository/1412263_Page_Mattermost/span_Sign in' is clicked on

2021-05-29 12:49:52 - [MESSAGE][PASSED] - Object: 'Object Repository/1412263_Page_Mattermost/span_Sign in' is clicked on

2021-05-29 12:49:52 - [MESSAGE][PASSED] - Call Test Case 'Test Cases/1712666/CommonTC/CTC_Login' successfully

2021-05-29 12:49:52 - [TEST_STEP][PASSED] - click(findTestObject("Object Repository/Page_Town Square - abc Mattermost/div_phuc (1)")): Object: 'Object Repository/Page_Town Square - abc Mattermost/div_phuc (1)' is clicked on

2021-05-29 12:49:55 - [MESSAGE][PASSED] - Object: 'Object Repository/Page_Town Square - abc Mattermost/div_phuc (1)' is clicked on

2021-05-29 12:49:55 - [TEST_STEP][PASSED] - click(findTestObject("Object Repository/Page_Town Square - abc Mattermost/span_Invite People")): Object: 'Object Repository/Page_Town Square - abc Mattermost/span_Invite People' is clicked on

2021-05-29 12:49:56 - [MESSAGE][PASSED] - Object: 'Object Repository/Page_Town Square - abc Mattermost/span_Invite People' is clicked on

2021-05-29 12:49:56 - [TEST_STEP][PASSED] - click(findTestObject("Object Repository/Page_Town Square - abc Mattermost/div_Add members")): Object: 'Object Repository/Page_Town Square - abc Mattermost/div_Add members' is clicked on

2021-05-29 12:49:57 - [MESSAGE][PASSED] - Object: 'Object Repository/Page_Town Square - abc Mattermost/div_Add members' is clicked on

2021-05-29 12:49:57 - [TEST_STEP][PASSED] - setText(findTestObject("Object Repository/Page_Town Square - abc Mattermost/input_Add members_react-select-2-input"), var_username): Text 'jooie' is set on object 'Object Repository/Page_Town Square - abc Mattermost/input_Add members_react-select-2-input'

2021-05-29 12:49:58 - [MESSAGE][PASSED] - Text 'jooie' is set on object 'Object Repository/Page_Town Square - abc Mattermost/input_Add members_react-select-2-input'

2021-05-29 12:49:58 - [TEST_STEP][PASSED] - click(findTestObject("Page_Town Square - abc Mattermost/div_option_0")): Object: 'Object Repository/Page_Town Square - abc Mattermost/div_option_0' is clicked on

2021-05-29 12:49:59 - [MESSAGE][PASSED] - Object: 'Object Repository/Page_Town Square - abc Mattermost/div_option_0' is clicked on

2021-05-29 12:49:59 - [TEST_STEP][PASSED] - click(findTestObject("Object Repository/Page_Town Square - abc Mattermost/span_Invite Members")): Object: 'Object Repository/Page_Town Square - abc Mattermost/span_Invite Members' is clicked on

2021-05-29 12:50:00 - [MESSAGE][PASSED] - Object: 'Object Repository/Page_Town Square - abc Mattermost/span_Invite Members' is clicked on

2021-05-29 12:50:00 - [TEST_STEP][PASSED] - if (verifyElementPresent(findTestObject("Object Repository/Page_Town Square - abc Mattermost/span_Done"), 5)): null

2021-05-29 12:50:01 - [MESSAGE][PASSED] - Object 'Object Repository/Page_Town Square - abc Mattermost/span_Done' is present

2021-05-29 12:50:01 - [TEST_STEP][PASSED] - click(findTestObject("Object Repository/Page_Town Square - abc Mattermost/span_Done")): Object: 'Object Repository/Page_Town Square - abc Mattermost/span_Done' is clicked on

2021-05-29 12:50:01 - [MESSAGE][PASSED] - Object: 'Object Repository/Page_Town Square - abc Mattermost/span_Done' is clicked on]]></system-out>
         <system-err><![CDATA[]]></system-err>
      </testcase>
      <testcase name="Test Cases/1712666/TC48_SaveMessage" time="22.564" classname="Test Cases/1712666/TC48_SaveMessage" status="PASSED">
         <system-out><![CDATA[2021-05-29 12:50:01 - [TEST_CASE][PASSED] - Test Cases/1712666/TC48_SaveMessage: Test Cases/1712666/TC48_SaveMessage

2021-05-29 12:50:01 - [TEST_STEP][PASSED] - openBrowser(""): Browser is opened with url: ''

2021-05-29 12:50:01 - [MESSAGE][WARNING] - A browser is already opened. Closing browser and opening a new one

2021-05-29 12:50:02 - [MESSAGE][INFO] - Starting 'Chrome' driver

2021-05-29 12:50:02 - [MESSAGE][INFO] - Action delay is set to 0 milliseconds

2021-05-29 12:50:03 - [MESSAGE][PASSED] - Browser is opened with url: ''

2021-05-29 12:50:03 - [TEST_STEP][PASSED] - navigateToUrl("https://mattermostwebapp.herokuapp.com/"): Navigate to 'https://mattermostwebapp.herokuapp.com/' successfully

2021-05-29 12:50:07 - [MESSAGE][PASSED] - Navigate to 'https://mattermostwebapp.herokuapp.com/' successfully

2021-05-29 12:50:07 - [TEST_STEP][PASSED] - callTestCase(findTestCase("1712666/CommonTC/CTC_Login"), ["var_username":"phuc", "var_password":"CSt51UwWECc="]): Call Test Case 'Test Cases/1712666/CommonTC/CTC_Login' successfully

2021-05-29 12:50:07 - [TEST_CASE][PASSED] - Test Cases/1712666/CommonTC/CTC_Login: Test Cases/1712666/CommonTC/CTC_Login

2021-05-29 12:50:07 - [TEST_STEP][PASSED] - setText(findTestObject("Object Repository/1412263_Page_Mattermost/input_All team communication in one place, _dcc84b"), var_username): Text 'phuc' is set on object 'Object Repository/1412263_Page_Mattermost/input_All team communication in one place, _dcc84b'

2021-05-29 12:50:15 - [MESSAGE][PASSED] - Text 'phuc' is set on object 'Object Repository/1412263_Page_Mattermost/input_All team communication in one place, _dcc84b'

2021-05-29 12:50:15 - [TEST_STEP][PASSED] - setEncryptedText(findTestObject("Object Repository/1412263_Page_Mattermost/input_All team communication in one place, _a3edc6"), var_password): Text ****** has been set on object 'Object Repository/1412263_Page_Mattermost/input_All team communication in one place, _a3edc6'

2021-05-29 12:50:15 - [MESSAGE][PASSED] - Text ****** has been set on object 'Object Repository/1412263_Page_Mattermost/input_All team communication in one place, _a3edc6'

2021-05-29 12:50:15 - [TEST_STEP][PASSED] - click(findTestObject("Object Repository/1412263_Page_Mattermost/span_Sign in")): Object: 'Object Repository/1412263_Page_Mattermost/span_Sign in' is clicked on

2021-05-29 12:50:16 - [MESSAGE][PASSED] - Object: 'Object Repository/1412263_Page_Mattermost/span_Sign in' is clicked on

2021-05-29 12:50:16 - [MESSAGE][PASSED] - Call Test Case 'Test Cases/1712666/CommonTC/CTC_Login' successfully

2021-05-29 12:50:16 - [TEST_STEP][PASSED] - setText(findTestObject("Page_Town Square - noname Mattermost/textarea_Write to Town Square_post_textbox"), "save message"): Text 'save message' is set on object 'Object Repository/Page_Town Square - noname Mattermost/textarea_Write to Town Square_post_textbox'

2021-05-29 12:50:20 - [MESSAGE][PASSED] - Text 'save message' is set on object 'Object Repository/Page_Town Square - noname Mattermost/textarea_Write to Town Square_post_textbox'

2021-05-29 12:50:20 - [TEST_STEP][PASSED] - sendKeys(findTestObject("Page_Town Square - noname Mattermost/textarea_Write to Town Square_post_textbox"), Keys.chord(ENTER)): Keys 'ENTER + ' sent to object: 'Object Repository/Page_Town Square - noname Mattermost/textarea_Write to Town Square_post_textbox'

2021-05-29 12:50:21 - [MESSAGE][PASSED] - Keys 'ENTER + ' sent to object: 'Object Repository/Page_Town Square - noname Mattermost/textarea_Write to Town Square_post_textbox'

2021-05-29 12:50:21 - [TEST_STEP][PASSED] - click(findTestObject("Object Repository/Page_Town Square - noname Mattermost/p_a")): Object: 'Object Repository/Page_Town Square - noname Mattermost/p_a' is clicked on

2021-05-29 12:50:21 - [MESSAGE][PASSED] - Object: 'Object Repository/Page_Town Square - noname Mattermost/p_a' is clicked on

2021-05-29 12:50:21 - [TEST_STEP][PASSED] - click(findTestObject("Object Repository/Page_Town Square - noname Mattermost/button_phuc_CENTER_flagIcon_6g89c38yzffg7fh_29b705")): Object: 'Object Repository/Page_Town Square - noname Mattermost/button_phuc_CENTER_flagIcon_6g89c38yzffg7fh_29b705' is clicked on

2021-05-29 12:50:22 - [MESSAGE][PASSED] - Object: 'Object Repository/Page_Town Square - noname Mattermost/button_phuc_CENTER_flagIcon_6g89c38yzffg7fh_29b705' is clicked on

2021-05-29 12:50:22 - [TEST_STEP][PASSED] - savedTag = getText(findTestObject("Object Repository/Page_Town Square - noname Mattermost/saved_tag")): Text of object 'Object Repository/Page_Town Square - noname Mattermost/saved_tag' is: 'Saved'

2021-05-29 12:50:23 - [MESSAGE][PASSED] - Text of object 'Object Repository/Page_Town Square - noname Mattermost/saved_tag' is: 'Saved'

2021-05-29 12:50:23 - [TEST_STEP][PASSED] - if (savedTag != "Saved"): null

2021-05-29 12:50:23 - [TEST_STEP][PASSED] - closeBrowser(): Browser is closed

2021-05-29 12:50:24 - [MESSAGE][PASSED] - Browser is closed]]></system-out>
         <system-err><![CDATA[]]></system-err>
      </testcase>
      <testcase name="Test Cases/1712666/TC49_RemoveSaveMessage" time="21.441" classname="Test Cases/1712666/TC49_RemoveSaveMessage" status="PASSED">
         <system-out><![CDATA[2021-05-29 12:50:24 - [TEST_CASE][PASSED] - Test Cases/1712666/TC49_RemoveSaveMessage: Test Cases/1712666/TC49_RemoveSaveMessage

2021-05-29 12:50:24 - [TEST_STEP][PASSED] - openBrowser(""): Browser is opened with url: ''

2021-05-29 12:50:24 - [MESSAGE][INFO] - Starting 'Chrome' driver

2021-05-29 12:50:24 - [MESSAGE][INFO] - Action delay is set to 0 milliseconds

2021-05-29 12:50:25 - [MESSAGE][PASSED] - Browser is opened with url: ''

2021-05-29 12:50:25 - [TEST_STEP][PASSED] - navigateToUrl("https://mattermostwebapp.herokuapp.com/"): Navigate to 'https://mattermostwebapp.herokuapp.com/' successfully

2021-05-29 12:50:29 - [MESSAGE][PASSED] - Navigate to 'https://mattermostwebapp.herokuapp.com/' successfully

2021-05-29 12:50:29 - [TEST_STEP][PASSED] - callTestCase(findTestCase("1712666/CommonTC/CTC_Login"), ["var_username":"phuc", "var_password":"CSt51UwWECc="]): Call Test Case 'Test Cases/1712666/CommonTC/CTC_Login' successfully

2021-05-29 12:50:29 - [TEST_CASE][PASSED] - Test Cases/1712666/CommonTC/CTC_Login: Test Cases/1712666/CommonTC/CTC_Login

2021-05-29 12:50:29 - [TEST_STEP][PASSED] - setText(findTestObject("Object Repository/1412263_Page_Mattermost/input_All team communication in one place, _dcc84b"), var_username): Text 'phuc' is set on object 'Object Repository/1412263_Page_Mattermost/input_All team communication in one place, _dcc84b'

2021-05-29 12:50:35 - [MESSAGE][PASSED] - Text 'phuc' is set on object 'Object Repository/1412263_Page_Mattermost/input_All team communication in one place, _dcc84b'

2021-05-29 12:50:35 - [TEST_STEP][PASSED] - setEncryptedText(findTestObject("Object Repository/1412263_Page_Mattermost/input_All team communication in one place, _a3edc6"), var_password): Text ****** has been set on object 'Object Repository/1412263_Page_Mattermost/input_All team communication in one place, _a3edc6'

2021-05-29 12:50:35 - [MESSAGE][PASSED] - Text ****** has been set on object 'Object Repository/1412263_Page_Mattermost/input_All team communication in one place, _a3edc6'

2021-05-29 12:50:35 - [TEST_STEP][PASSED] - click(findTestObject("Object Repository/1412263_Page_Mattermost/span_Sign in")): Object: 'Object Repository/1412263_Page_Mattermost/span_Sign in' is clicked on

2021-05-29 12:50:36 - [MESSAGE][PASSED] - Object: 'Object Repository/1412263_Page_Mattermost/span_Sign in' is clicked on

2021-05-29 12:50:36 - [MESSAGE][PASSED] - Call Test Case 'Test Cases/1712666/CommonTC/CTC_Login' successfully

2021-05-29 12:50:36 - [TEST_STEP][PASSED] - callTestCase(findTestCase("1712666/CommonTC/CTC_SaveMessage"), [:]): Call Test Case 'Test Cases/1712666/CommonTC/CTC_SaveMessage' successfully

2021-05-29 12:50:36 - [TEST_CASE][PASSED] - Test Cases/1712666/CommonTC/CTC_SaveMessage: Test Cases/1712666/CommonTC/CTC_SaveMessage

2021-05-29 12:50:36 - [TEST_STEP][PASSED] - setText(findTestObject("Page_Town Square - noname Mattermost/textarea_Write to Town Square_post_textbox"), "save message"): Text 'save message' is set on object 'Object Repository/Page_Town Square - noname Mattermost/textarea_Write to Town Square_post_textbox'

2021-05-29 12:50:40 - [MESSAGE][PASSED] - Text 'save message' is set on object 'Object Repository/Page_Town Square - noname Mattermost/textarea_Write to Town Square_post_textbox'

2021-05-29 12:50:40 - [TEST_STEP][PASSED] - sendKeys(findTestObject("Page_Town Square - noname Mattermost/textarea_Write to Town Square_post_textbox"), Keys.chord(ENTER)): Keys 'ENTER + ' sent to object: 'Object Repository/Page_Town Square - noname Mattermost/textarea_Write to Town Square_post_textbox'

2021-05-29 12:50:40 - [MESSAGE][PASSED] - Keys 'ENTER + ' sent to object: 'Object Repository/Page_Town Square - noname Mattermost/textarea_Write to Town Square_post_textbox'

2021-05-29 12:50:40 - [TEST_STEP][PASSED] - click(findTestObject("Page_Town Square - noname Mattermost/p_a")): Object: 'Object Repository/Page_Town Square - noname Mattermost/p_a' is clicked on

2021-05-29 12:50:41 - [MESSAGE][PASSED] - Object: 'Object Repository/Page_Town Square - noname Mattermost/p_a' is clicked on

2021-05-29 12:50:41 - [TEST_STEP][PASSED] - click(findTestObject("Object Repository/Page_Town Square - noname Mattermost/button_phuc_CENTER_flagIcon_6g89c38yzffg7fh_29b705")): Object: 'Object Repository/Page_Town Square - noname Mattermost/button_phuc_CENTER_flagIcon_6g89c38yzffg7fh_29b705' is clicked on

2021-05-29 12:50:42 - [MESSAGE][PASSED] - Object: 'Object Repository/Page_Town Square - noname Mattermost/button_phuc_CENTER_flagIcon_6g89c38yzffg7fh_29b705' is clicked on

2021-05-29 12:50:42 - [TEST_STEP][PASSED] - savedTag = getText(findTestObject("Object Repository/Page_Town Square - noname Mattermost/saved_tag")): Text of object 'Object Repository/Page_Town Square - noname Mattermost/saved_tag' is: 'Saved'

2021-05-29 12:50:43 - [MESSAGE][PASSED] - Text of object 'Object Repository/Page_Town Square - noname Mattermost/saved_tag' is: 'Saved'

2021-05-29 12:50:43 - [TEST_STEP][PASSED] - if (savedTag != "Saved"): null

2021-05-29 12:50:43 - [MESSAGE][PASSED] - Call Test Case 'Test Cases/1712666/CommonTC/CTC_SaveMessage' successfully

2021-05-29 12:50:43 - [TEST_STEP][PASSED] - click(findTestObject("Page_Town Square - noname Mattermost/p_a")): Object: 'Object Repository/Page_Town Square - noname Mattermost/p_a' is clicked on

2021-05-29 12:50:43 - [MESSAGE][PASSED] - Object: 'Object Repository/Page_Town Square - noname Mattermost/p_a' is clicked on

2021-05-29 12:50:43 - [TEST_STEP][PASSED] - click(findTestObject("Object Repository/Page_Town Square - noname Mattermost/button_unsaved")): Object: 'Object Repository/Page_Town Square - noname Mattermost/button_unsaved' is clicked on

2021-05-29 12:50:43 - [MESSAGE][PASSED] - Object: 'Object Repository/Page_Town Square - noname Mattermost/button_unsaved' is clicked on

2021-05-29 12:50:43 - [TEST_STEP][PASSED] - verifyElementNotPresent(findTestObject("Object Repository/Page_Town Square - noname Mattermost/saved_tag"), 5): Web element with id: 'Object Repository/Page_Town Square - noname Mattermost/saved_tag' located by 'By.xpath: //div[@class="post-list__dynamic"]//div[@style="position: relative;"][last()]//span[text()='Saved']' is not present after '5' second(s)

2021-05-29 12:50:44 - [MESSAGE][PASSED] - Web element with id: 'Object Repository/Page_Town Square - noname Mattermost/saved_tag' located by 'By.xpath: //div[@class="post-list__dynamic"]//div[@style="position: relative;"][last()]//span[text()='Saved']' is not present after '5' second(s)

2021-05-29 12:50:44 - [TEST_STEP][PASSED] - closeBrowser(): Browser is closed

2021-05-29 12:50:45 - [MESSAGE][PASSED] - Browser is closed]]></system-out>
         <system-err><![CDATA[]]></system-err>
      </testcase>
      <testcase name="Test Cases/1612049/TC26_PinMessageInPublicChannel" time="23.385" classname="Test Cases/1612049/TC26_PinMessageInPublicChannel" status="PASSED">
         <system-out><![CDATA[2021-05-29 12:50:45 - [TEST_CASE][PASSED] - Test Cases/1612049/TC26_PinMessageInPublicChannel: Test Cases/1612049/TC26_PinMessageInPublicChannel

2021-05-29 12:50:45 - [TEST_STEP][PASSED] - openBrowser(""): Browser is opened with url: ''

2021-05-29 12:50:45 - [MESSAGE][INFO] - Starting 'Chrome' driver

2021-05-29 12:50:45 - [MESSAGE][INFO] - Action delay is set to 0 milliseconds

2021-05-29 12:50:46 - [MESSAGE][PASSED] - Browser is opened with url: ''

2021-05-29 12:50:46 - [TEST_STEP][PASSED] - navigateToUrl("https://mattermostwebapp.herokuapp.com/"): Navigate to 'https://mattermostwebapp.herokuapp.com/' successfully

2021-05-29 12:50:50 - [MESSAGE][PASSED] - Navigate to 'https://mattermostwebapp.herokuapp.com/' successfully

2021-05-29 12:50:50 - [TEST_STEP][PASSED] - callTestCase(findTestCase("1612049/CommonTC/CTC_Login"), ["username":"jooie", "password":"6z6Vi2R3i06jbzaqW0pQ8Q=="], STOP_ON_FAILURE): Call Test Case 'Test Cases/1612049/CommonTC/CTC_Login' successfully

2021-05-29 12:50:50 - [TEST_CASE][PASSED] - Test Cases/1612049/CommonTC/CTC_Login: Test Cases/1612049/CommonTC/CTC_Login

2021-05-29 12:50:50 - [TEST_STEP][PASSED] - setText(findTestObject("1612049/Login_Screen/input_LoginID"), username): Text 'jooie' is set on object 'Object Repository/1612049/Login_Screen/input_LoginID'

2021-05-29 12:50:55 - [MESSAGE][PASSED] - Text 'jooie' is set on object 'Object Repository/1612049/Login_Screen/input_LoginID'

2021-05-29 12:50:55 - [TEST_STEP][PASSED] - setEncryptedText(findTestObject("1612049/Login_Screen/input_LoginPassword"), password): Text ****** has been set on object 'Object Repository/1612049/Login_Screen/input_LoginPassword'

2021-05-29 12:50:56 - [MESSAGE][PASSED] - Text ****** has been set on object 'Object Repository/1612049/Login_Screen/input_LoginPassword'

2021-05-29 12:50:56 - [TEST_STEP][PASSED] - click(findTestObject("1612049/Login_Screen/btn_Signin")): Object: 'Object Repository/1612049/Login_Screen/btn_Signin' is clicked on

2021-05-29 12:50:56 - [MESSAGE][PASSED] - Object: 'Object Repository/1612049/Login_Screen/btn_Signin' is clicked on

2021-05-29 12:50:56 - [MESSAGE][PASSED] - Call Test Case 'Test Cases/1612049/CommonTC/CTC_Login' successfully

2021-05-29 12:50:56 - [TEST_STEP][PASSED] - callTestCase(findTestCase("1612049/CommonTC/CTC_SendMessageInPublicChannel"), [:], STOP_ON_FAILURE): Call Test Case 'Test Cases/1612049/CommonTC/CTC_SendMessageInPublicChannel' successfully

2021-05-29 12:50:56 - [TEST_CASE][PASSED] - Test Cases/1612049/CommonTC/CTC_SendMessageInPublicChannel: Test Cases/1612049/CommonTC/CTC_SendMessageInPublicChannel

2021-05-29 12:50:57 - [TEST_STEP][PASSED] - click(findTestObject("1612049/Left_Sidebar/Public_Channels/a_FirstPublicChannel")): Object: 'Object Repository/1612049/Left_Sidebar/Public_Channels/a_FirstPublicChannel' is clicked on

2021-05-29 12:51:00 - [MESSAGE][PASSED] - Object: 'Object Repository/1612049/Left_Sidebar/Public_Channels/a_FirstPublicChannel' is clicked on

2021-05-29 12:51:00 - [TEST_STEP][PASSED] - setText(findTestObject("1612049/Posts_Area/Posts_Create/input_Message"), "Hello, world"): Text 'Hello, world' is set on object 'Object Repository/1612049/Posts_Area/Posts_Create/input_Message'

2021-05-29 12:51:02 - [MESSAGE][PASSED] - Text 'Hello, world' is set on object 'Object Repository/1612049/Posts_Area/Posts_Create/input_Message'

2021-05-29 12:51:02 - [TEST_STEP][PASSED] - sendKeys(findTestObject("1612049/Posts_Area/Posts_Create/input_Message"), Keys.chord(ENTER)): Keys 'ENTER + ' sent to object: 'Object Repository/1612049/Posts_Area/Posts_Create/input_Message'

2021-05-29 12:51:02 - [MESSAGE][PASSED] - Keys 'ENTER + ' sent to object: 'Object Repository/1612049/Posts_Area/Posts_Create/input_Message'

2021-05-29 12:51:02 - [MESSAGE][PASSED] - Call Test Case 'Test Cases/1612049/CommonTC/CTC_SendMessageInPublicChannel' successfully

2021-05-29 12:51:02 - [TEST_STEP][PASSED] - if (verifyElementNotPresent(findTestObject("1612049/Posts_Area/Posts_List/div_LastPinnedPost"), 0, CONTINUE_ON_FAILURE)): null

2021-05-29 12:51:02 - [MESSAGE][WARNING] - Timeout '0' is invalid. Using default page load timeout: '30'

2021-05-29 12:51:03 - [MESSAGE][PASSED] - Web element with id: 'Object Repository/1612049/Posts_Area/Posts_List/div_LastPinnedPost' located by 'By.xpath: //div[@class="post-list__dynamic"]//div[@style="position: relative;"][last()]/div/div/div[@class="post-pre-header"]' is not present after '30' second(s)

2021-05-29 12:51:03 - [TEST_STEP][PASSED] - mouseOver(findTestObject("1612049/Posts_Area/Posts_List/div_LastPost")): Object: 'Object Repository/1612049/Posts_Area/Posts_List/div_LastPost' is hovered

2021-05-29 12:51:04 - [MESSAGE][PASSED] - Object: 'Object Repository/1612049/Posts_Area/Posts_List/div_LastPost' is hovered

2021-05-29 12:51:04 - [TEST_STEP][PASSED] - click(findTestObject("1612049/Posts_Area/Posts_List/Post_Menu/btn_MoreActions")): Object: 'Object Repository/1612049/Posts_Area/Posts_List/Post_Menu/btn_MoreActions' is clicked on

2021-05-29 12:51:04 - [MESSAGE][PASSED] - Object: 'Object Repository/1612049/Posts_Area/Posts_List/Post_Menu/btn_MoreActions' is clicked on

2021-05-29 12:51:04 - [TEST_STEP][PASSED] - click(findTestObject("1612049/Posts_Area/Posts_List/Post_Menu/btn_PinMessage")): Object: 'Object Repository/1612049/Posts_Area/Posts_List/Post_Menu/btn_PinMessage' is clicked on

2021-05-29 12:51:05 - [MESSAGE][PASSED] - Object: 'Object Repository/1612049/Posts_Area/Posts_List/Post_Menu/btn_PinMessage' is clicked on

2021-05-29 12:51:05 - [TEST_STEP][PASSED] - if (verifyElementPresent(findTestObject("1612049/Posts_Area/Posts_List/div_LastPinnedPost"), 5, STOP_ON_FAILURE)): Object 'Object Repository/1612049/Posts_Area/Posts_List/div_LastPinnedPost' is present

2021-05-29 12:51:06 - [MESSAGE][PASSED] - Object 'Object Repository/1612049/Posts_Area/Posts_List/div_LastPinnedPost' is present

2021-05-29 12:51:06 - [TEST_STEP][PASSED] - Thread.sleep(2000): null

2021-05-29 12:51:08 - [TEST_STEP][PASSED] - closeBrowser(): Browser is closed

2021-05-29 12:51:08 - [MESSAGE][PASSED] - Browser is closed]]></system-out>
         <system-err><![CDATA[]]></system-err>
      </testcase>
      <testcase name="Test Cases/1612049/TC27_PinMessageInPrivateChannel" time="24.901" classname="Test Cases/1612049/TC27_PinMessageInPrivateChannel" status="PASSED">
         <system-out><![CDATA[2021-05-29 12:51:08 - [TEST_CASE][PASSED] - Test Cases/1612049/TC27_PinMessageInPrivateChannel: Test Cases/1612049/TC27_PinMessageInPrivateChannel

2021-05-29 12:51:09 - [TEST_STEP][PASSED] - openBrowser(""): Browser is opened with url: ''

2021-05-29 12:51:09 - [MESSAGE][INFO] - Starting 'Chrome' driver

2021-05-29 12:51:09 - [MESSAGE][INFO] - Action delay is set to 0 milliseconds

2021-05-29 12:51:10 - [MESSAGE][PASSED] - Browser is opened with url: ''

2021-05-29 12:51:10 - [TEST_STEP][PASSED] - navigateToUrl("https://mattermostwebapp.herokuapp.com/"): Navigate to 'https://mattermostwebapp.herokuapp.com/' successfully

2021-05-29 12:51:14 - [MESSAGE][PASSED] - Navigate to 'https://mattermostwebapp.herokuapp.com/' successfully

2021-05-29 12:51:14 - [TEST_STEP][PASSED] - callTestCase(findTestCase("1612049/CommonTC/CTC_Login"), ["username":"jooie", "password":"6z6Vi2R3i06jbzaqW0pQ8Q=="], STOP_ON_FAILURE): Call Test Case 'Test Cases/1612049/CommonTC/CTC_Login' successfully

2021-05-29 12:51:14 - [TEST_CASE][PASSED] - Test Cases/1612049/CommonTC/CTC_Login: Test Cases/1612049/CommonTC/CTC_Login

2021-05-29 12:51:14 - [TEST_STEP][PASSED] - setText(findTestObject("1612049/Login_Screen/input_LoginID"), username): Text 'jooie' is set on object 'Object Repository/1612049/Login_Screen/input_LoginID'

2021-05-29 12:51:19 - [MESSAGE][PASSED] - Text 'jooie' is set on object 'Object Repository/1612049/Login_Screen/input_LoginID'

2021-05-29 12:51:19 - [TEST_STEP][PASSED] - setEncryptedText(findTestObject("1612049/Login_Screen/input_LoginPassword"), password): Text ****** has been set on object 'Object Repository/1612049/Login_Screen/input_LoginPassword'

2021-05-29 12:51:20 - [MESSAGE][PASSED] - Text ****** has been set on object 'Object Repository/1612049/Login_Screen/input_LoginPassword'

2021-05-29 12:51:20 - [TEST_STEP][PASSED] - click(findTestObject("1612049/Login_Screen/btn_Signin")): Object: 'Object Repository/1612049/Login_Screen/btn_Signin' is clicked on

2021-05-29 12:51:20 - [MESSAGE][PASSED] - Object: 'Object Repository/1612049/Login_Screen/btn_Signin' is clicked on

2021-05-29 12:51:20 - [MESSAGE][PASSED] - Call Test Case 'Test Cases/1612049/CommonTC/CTC_Login' successfully

2021-05-29 12:51:20 - [TEST_STEP][PASSED] - callTestCase(findTestCase("1612049/CommonTC/CTC_SendMessageInPrivateChannel"), [:], STOP_ON_FAILURE): Call Test Case 'Test Cases/1612049/CommonTC/CTC_SendMessageInPrivateChannel' successfully

2021-05-29 12:51:20 - [TEST_CASE][PASSED] - Test Cases/1612049/CommonTC/CTC_SendMessageInPrivateChannel: Test Cases/1612049/CommonTC/CTC_SendMessageInPrivateChannel

2021-05-29 12:51:21 - [TEST_STEP][PASSED] - if (verifyElementPresent(findTestObject("1612049/Left_Sidebar/Private_Channels/a_firstPrivateChannel"), 5, CONTINUE_ON_FAILURE)): null

2021-05-29 12:51:24 - [MESSAGE][PASSED] - Object 'Object Repository/1612049/Left_Sidebar/Private_Channels/a_firstPrivateChannel' is present

2021-05-29 12:51:24 - [TEST_STEP][PASSED] - click(findTestObject("1612049/Left_Sidebar/Private_Channels/a_firstPrivateChannel")): Object: 'Object Repository/1612049/Left_Sidebar/Private_Channels/a_firstPrivateChannel' is clicked on

2021-05-29 12:51:25 - [MESSAGE][PASSED] - Object: 'Object Repository/1612049/Left_Sidebar/Private_Channels/a_firstPrivateChannel' is clicked on

2021-05-29 12:51:25 - [TEST_STEP][PASSED] - setText(findTestObject("1612049/Posts_Area/Posts_Create/input_Message"), "Hello, anonymous"): Text 'Hello, anonymous' is set on object 'Object Repository/1612049/Posts_Area/Posts_Create/input_Message'

2021-05-29 12:51:27 - [MESSAGE][PASSED] - Text 'Hello, anonymous' is set on object 'Object Repository/1612049/Posts_Area/Posts_Create/input_Message'

2021-05-29 12:51:27 - [TEST_STEP][PASSED] - sendKeys(findTestObject("1612049/Posts_Area/Posts_Create/input_Message"), Keys.chord(ENTER)): Keys 'ENTER + ' sent to object: 'Object Repository/1612049/Posts_Area/Posts_Create/input_Message'

2021-05-29 12:51:27 - [MESSAGE][PASSED] - Keys 'ENTER + ' sent to object: 'Object Repository/1612049/Posts_Area/Posts_Create/input_Message'

2021-05-29 12:51:27 - [MESSAGE][PASSED] - Call Test Case 'Test Cases/1612049/CommonTC/CTC_SendMessageInPrivateChannel' successfully

2021-05-29 12:51:27 - [TEST_STEP][PASSED] - if (verifyElementNotPresent(findTestObject("1612049/Posts_Area/Posts_List/div_LastPinnedPost"), 10, CONTINUE_ON_FAILURE)): null

2021-05-29 12:51:28 - [MESSAGE][PASSED] - Web element with id: 'Object Repository/1612049/Posts_Area/Posts_List/div_LastPinnedPost' located by 'By.xpath: //div[@class="post-list__dynamic"]//div[@style="position: relative;"][last()]/div/div/div[@class="post-pre-header"]' is not present after '10' second(s)

2021-05-29 12:51:28 - [TEST_STEP][PASSED] - mouseOver(findTestObject("1612049/Posts_Area/Posts_List/div_LastPost")): Object: 'Object Repository/1612049/Posts_Area/Posts_List/div_LastPost' is hovered

2021-05-29 12:51:29 - [MESSAGE][PASSED] - Object: 'Object Repository/1612049/Posts_Area/Posts_List/div_LastPost' is hovered

2021-05-29 12:51:29 - [TEST_STEP][PASSED] - click(findTestObject("1612049/Posts_Area/Posts_List/Post_Menu/btn_MoreActions")): Object: 'Object Repository/1612049/Posts_Area/Posts_List/Post_Menu/btn_MoreActions' is clicked on

2021-05-29 12:51:29 - [MESSAGE][PASSED] - Object: 'Object Repository/1612049/Posts_Area/Posts_List/Post_Menu/btn_MoreActions' is clicked on

2021-05-29 12:51:29 - [TEST_STEP][PASSED] - click(findTestObject("1612049/Posts_Area/Posts_List/Post_Menu/btn_PinMessage")): Object: 'Object Repository/1612049/Posts_Area/Posts_List/Post_Menu/btn_PinMessage' is clicked on

2021-05-29 12:51:29 - [MESSAGE][PASSED] - Object: 'Object Repository/1612049/Posts_Area/Posts_List/Post_Menu/btn_PinMessage' is clicked on

2021-05-29 12:51:29 - [TEST_STEP][PASSED] - if (verifyElementPresent(findTestObject("1612049/Posts_Area/Posts_List/div_LastPinnedPost"), 10, STOP_ON_FAILURE)): Object 'Object Repository/1612049/Posts_Area/Posts_List/div_LastPinnedPost' is present

2021-05-29 12:51:31 - [MESSAGE][PASSED] - Object 'Object Repository/1612049/Posts_Area/Posts_List/div_LastPinnedPost' is present

2021-05-29 12:51:31 - [TEST_STEP][PASSED] - Thread.sleep(2000): null

2021-05-29 12:51:33 - [TEST_STEP][PASSED] - closeBrowser(): Browser is closed

2021-05-29 12:51:33 - [MESSAGE][PASSED] - Browser is closed]]></system-out>
         <system-err><![CDATA[]]></system-err>
      </testcase>
      <testcase name="Test Cases/1612049/TC28_UnpinMessageInPublicChannel" time="19.635" classname="Test Cases/1612049/TC28_UnpinMessageInPublicChannel" status="PASSED">
         <system-out><![CDATA[2021-05-29 12:51:33 - [TEST_CASE][PASSED] - Test Cases/1612049/TC28_UnpinMessageInPublicChannel: Test Cases/1612049/TC28_UnpinMessageInPublicChannel

2021-05-29 12:51:34 - [TEST_STEP][PASSED] - openBrowser(""): Browser is opened with url: ''

2021-05-29 12:51:34 - [MESSAGE][INFO] - Starting 'Chrome' driver

2021-05-29 12:51:34 - [MESSAGE][INFO] - Action delay is set to 0 milliseconds

2021-05-29 12:51:35 - [MESSAGE][PASSED] - Browser is opened with url: ''

2021-05-29 12:51:35 - [TEST_STEP][PASSED] - navigateToUrl("https://mattermostwebapp.herokuapp.com/"): Navigate to 'https://mattermostwebapp.herokuapp.com/' successfully

2021-05-29 12:51:38 - [MESSAGE][PASSED] - Navigate to 'https://mattermostwebapp.herokuapp.com/' successfully

2021-05-29 12:51:38 - [TEST_STEP][PASSED] - callTestCase(findTestCase("1612049/CommonTC/CTC_Login"), ["username":"jooie", "password":"6z6Vi2R3i06jbzaqW0pQ8Q=="], STOP_ON_FAILURE): Call Test Case 'Test Cases/1612049/CommonTC/CTC_Login' successfully

2021-05-29 12:51:38 - [TEST_CASE][PASSED] - Test Cases/1612049/CommonTC/CTC_Login: Test Cases/1612049/CommonTC/CTC_Login

2021-05-29 12:51:38 - [TEST_STEP][PASSED] - setText(findTestObject("1612049/Login_Screen/input_LoginID"), username): Text 'jooie' is set on object 'Object Repository/1612049/Login_Screen/input_LoginID'

2021-05-29 12:51:42 - [MESSAGE][PASSED] - Text 'jooie' is set on object 'Object Repository/1612049/Login_Screen/input_LoginID'

2021-05-29 12:51:42 - [TEST_STEP][PASSED] - setEncryptedText(findTestObject("1612049/Login_Screen/input_LoginPassword"), password): Text ****** has been set on object 'Object Repository/1612049/Login_Screen/input_LoginPassword'

2021-05-29 12:51:43 - [MESSAGE][PASSED] - Text ****** has been set on object 'Object Repository/1612049/Login_Screen/input_LoginPassword'

2021-05-29 12:51:43 - [TEST_STEP][PASSED] - click(findTestObject("1612049/Login_Screen/btn_Signin")): Object: 'Object Repository/1612049/Login_Screen/btn_Signin' is clicked on

2021-05-29 12:51:44 - [MESSAGE][PASSED] - Object: 'Object Repository/1612049/Login_Screen/btn_Signin' is clicked on

2021-05-29 12:51:44 - [MESSAGE][PASSED] - Call Test Case 'Test Cases/1612049/CommonTC/CTC_Login' successfully

2021-05-29 12:51:44 - [TEST_STEP][PASSED] - click(findTestObject("1612049/Left_Sidebar/Public_Channels/a_FirstPublicChannel")): Object: 'Object Repository/1612049/Left_Sidebar/Public_Channels/a_FirstPublicChannel' is clicked on

2021-05-29 12:51:47 - [MESSAGE][PASSED] - Object: 'Object Repository/1612049/Left_Sidebar/Public_Channels/a_FirstPublicChannel' is clicked on

2021-05-29 12:51:47 - [TEST_STEP][PASSED] - if (verifyElementPresent(findTestObject("1612049/Posts_Area/Posts_List/div_LastPinnedPost"), 0, STOP_ON_FAILURE)): null

2021-05-29 12:51:47 - [MESSAGE][WARNING] - Timeout '0' is invalid. Using default page load timeout: '30'

2021-05-29 12:51:48 - [MESSAGE][PASSED] - Object 'Object Repository/1612049/Posts_Area/Posts_List/div_LastPinnedPost' is present

2021-05-29 12:51:48 - [TEST_STEP][PASSED] - mouseOver(findTestObject("1612049/Posts_Area/Posts_List/div_LastPost")): Object: 'Object Repository/1612049/Posts_Area/Posts_List/div_LastPost' is hovered

2021-05-29 12:51:48 - [MESSAGE][PASSED] - Object: 'Object Repository/1612049/Posts_Area/Posts_List/div_LastPost' is hovered

2021-05-29 12:51:48 - [TEST_STEP][PASSED] - click(findTestObject("1612049/Posts_Area/Posts_List/Post_Menu/btn_MoreActions")): Object: 'Object Repository/1612049/Posts_Area/Posts_List/Post_Menu/btn_MoreActions' is clicked on

2021-05-29 12:51:49 - [MESSAGE][PASSED] - Object: 'Object Repository/1612049/Posts_Area/Posts_List/Post_Menu/btn_MoreActions' is clicked on

2021-05-29 12:51:49 - [TEST_STEP][PASSED] - click(findTestObject("1612049/Posts_Area/Posts_List/Post_Menu/btn_PinMessage")): Object: 'Object Repository/1612049/Posts_Area/Posts_List/Post_Menu/btn_PinMessage' is clicked on

2021-05-29 12:51:49 - [MESSAGE][PASSED] - Object: 'Object Repository/1612049/Posts_Area/Posts_List/Post_Menu/btn_PinMessage' is clicked on

2021-05-29 12:51:49 - [TEST_STEP][PASSED] - if (verifyElementNotPresent(findTestObject("1612049/Posts_Area/Posts_List/div_LastPinnedPost"), 5, STOP_ON_FAILURE)): Web element with id: 'Object Repository/1612049/Posts_Area/Posts_List/div_LastPinnedPost' located by 'By.xpath: //div[@class="post-list__dynamic"]//div[@style="position: relative;"][last()]/div/div/div[@class="post-pre-header"]' is not present after '5' second(s)

2021-05-29 12:51:50 - [MESSAGE][PASSED] - Web element with id: 'Object Repository/1612049/Posts_Area/Posts_List/div_LastPinnedPost' located by 'By.xpath: //div[@class="post-list__dynamic"]//div[@style="position: relative;"][last()]/div/div/div[@class="post-pre-header"]' is not present after '5' second(s)

2021-05-29 12:51:50 - [TEST_STEP][PASSED] - Thread.sleep(2000): null

2021-05-29 12:51:52 - [TEST_STEP][PASSED] - closeBrowser(): Browser is closed

2021-05-29 12:51:53 - [MESSAGE][PASSED] - Browser is closed]]></system-out>
         <system-err><![CDATA[]]></system-err>
      </testcase>
      <testcase name="Test Cases/1612049/TC29_UnpinMessageInPrivateChannel" time="19.895" classname="Test Cases/1612049/TC29_UnpinMessageInPrivateChannel" status="PASSED">
         <system-out><![CDATA[2021-05-29 12:51:53 - [TEST_CASE][PASSED] - Test Cases/1612049/TC29_UnpinMessageInPrivateChannel: Test Cases/1612049/TC29_UnpinMessageInPrivateChannel

2021-05-29 12:51:53 - [TEST_STEP][PASSED] - openBrowser(""): Browser is opened with url: ''

2021-05-29 12:51:53 - [MESSAGE][INFO] - Starting 'Chrome' driver

2021-05-29 12:51:53 - [MESSAGE][INFO] - Action delay is set to 0 milliseconds

2021-05-29 12:51:54 - [MESSAGE][PASSED] - Browser is opened with url: ''

2021-05-29 12:51:54 - [TEST_STEP][PASSED] - navigateToUrl("https://mattermostwebapp.herokuapp.com/"): Navigate to 'https://mattermostwebapp.herokuapp.com/' successfully

2021-05-29 12:51:58 - [MESSAGE][PASSED] - Navigate to 'https://mattermostwebapp.herokuapp.com/' successfully

2021-05-29 12:51:58 - [TEST_STEP][PASSED] - callTestCase(findTestCase("1612049/CommonTC/CTC_Login"), ["username":"jooie", "password":"6z6Vi2R3i06jbzaqW0pQ8Q=="], STOP_ON_FAILURE): Call Test Case 'Test Cases/1612049/CommonTC/CTC_Login' successfully

2021-05-29 12:51:58 - [TEST_CASE][PASSED] - Test Cases/1612049/CommonTC/CTC_Login: Test Cases/1612049/CommonTC/CTC_Login

2021-05-29 12:51:58 - [TEST_STEP][PASSED] - setText(findTestObject("1612049/Login_Screen/input_LoginID"), username): Text 'jooie' is set on object 'Object Repository/1612049/Login_Screen/input_LoginID'

2021-05-29 12:52:02 - [MESSAGE][PASSED] - Text 'jooie' is set on object 'Object Repository/1612049/Login_Screen/input_LoginID'

2021-05-29 12:52:02 - [TEST_STEP][PASSED] - setEncryptedText(findTestObject("1612049/Login_Screen/input_LoginPassword"), password): Text ****** has been set on object 'Object Repository/1612049/Login_Screen/input_LoginPassword'

2021-05-29 12:52:03 - [MESSAGE][PASSED] - Text ****** has been set on object 'Object Repository/1612049/Login_Screen/input_LoginPassword'

2021-05-29 12:52:03 - [TEST_STEP][PASSED] - click(findTestObject("1612049/Login_Screen/btn_Signin")): Object: 'Object Repository/1612049/Login_Screen/btn_Signin' is clicked on

2021-05-29 12:52:03 - [MESSAGE][PASSED] - Object: 'Object Repository/1612049/Login_Screen/btn_Signin' is clicked on

2021-05-29 12:52:03 - [MESSAGE][PASSED] - Call Test Case 'Test Cases/1612049/CommonTC/CTC_Login' successfully

2021-05-29 12:52:03 - [TEST_STEP][PASSED] - click(findTestObject("1612049/Left_Sidebar/Private_Channels/a_FirstPrivateChannel")): Object: 'Object Repository/1612049/Left_Sidebar/Private_Channels/a_FirstPrivateChannel' is clicked on

2021-05-29 12:52:07 - [MESSAGE][PASSED] - Object: 'Object Repository/1612049/Left_Sidebar/Private_Channels/a_FirstPrivateChannel' is clicked on

2021-05-29 12:52:07 - [TEST_STEP][PASSED] - if (verifyElementPresent(findTestObject("1612049/Posts_Area/Posts_List/div_LastPinnedPost"), 0, STOP_ON_FAILURE)): null

2021-05-29 12:52:07 - [MESSAGE][WARNING] - Timeout '0' is invalid. Using default page load timeout: '30'

2021-05-29 12:52:08 - [MESSAGE][PASSED] - Object 'Object Repository/1612049/Posts_Area/Posts_List/div_LastPinnedPost' is present

2021-05-29 12:52:08 - [TEST_STEP][PASSED] - mouseOver(findTestObject("1612049/Posts_Area/Posts_List/div_LastPost")): Object: 'Object Repository/1612049/Posts_Area/Posts_List/div_LastPost' is hovered

2021-05-29 12:52:08 - [MESSAGE][PASSED] - Object: 'Object Repository/1612049/Posts_Area/Posts_List/div_LastPost' is hovered

2021-05-29 12:52:08 - [TEST_STEP][PASSED] - click(findTestObject("1612049/Posts_Area/Posts_List/Post_Menu/btn_MoreActions")): Object: 'Object Repository/1612049/Posts_Area/Posts_List/Post_Menu/btn_MoreActions' is clicked on

2021-05-29 12:52:09 - [MESSAGE][PASSED] - Object: 'Object Repository/1612049/Posts_Area/Posts_List/Post_Menu/btn_MoreActions' is clicked on

2021-05-29 12:52:09 - [TEST_STEP][PASSED] - click(findTestObject("1612049/Posts_Area/Posts_List/Post_Menu/btn_PinMessage")): Object: 'Object Repository/1612049/Posts_Area/Posts_List/Post_Menu/btn_PinMessage' is clicked on

2021-05-29 12:52:09 - [MESSAGE][PASSED] - Object: 'Object Repository/1612049/Posts_Area/Posts_List/Post_Menu/btn_PinMessage' is clicked on

2021-05-29 12:52:09 - [TEST_STEP][PASSED] - if (verifyElementNotPresent(findTestObject("1612049/Posts_Area/Posts_List/div_LastPinnedPost"), 5, STOP_ON_FAILURE)): Web element with id: 'Object Repository/1612049/Posts_Area/Posts_List/div_LastPinnedPost' located by 'By.xpath: //div[@class="post-list__dynamic"]//div[@style="position: relative;"][last()]/div/div/div[@class="post-pre-header"]' is not present after '5' second(s)

2021-05-29 12:52:10 - [MESSAGE][PASSED] - Web element with id: 'Object Repository/1612049/Posts_Area/Posts_List/div_LastPinnedPost' located by 'By.xpath: //div[@class="post-list__dynamic"]//div[@style="position: relative;"][last()]/div/div/div[@class="post-pre-header"]' is not present after '5' second(s)

2021-05-29 12:52:10 - [TEST_STEP][PASSED] - Thread.sleep(2000): null

2021-05-29 12:52:12 - [TEST_STEP][PASSED] - closeBrowser(): Browser is closed

2021-05-29 12:52:13 - [MESSAGE][PASSED] - Browser is closed]]></system-out>
         <system-err><![CDATA[]]></system-err>
      </testcase>
      <testcase name="Test Cases/1712612/TC17_CreatePublicChannels" time="47.043" classname="Test Cases/1712612/TC17_CreatePublicChannels" status="PASSED">
         <system-out><![CDATA[2021-05-29 12:52:13 - [TEST_CASE][PASSED] - Test Cases/1712612/TC17_CreatePublicChannels: Test Cases/1712612/TC17_CreatePublicChannels

2021-05-29 12:52:13 - [TEST_STEP][PASSED] - callTestCase(findTestCase("1712612/CommonTC/TC_OpenPage"), [:], STOP_ON_FAILURE): Call Test Case 'Test Cases/1712612/CommonTC/TC_OpenPage' successfully

2021-05-29 12:52:13 - [TEST_CASE][PASSED] - Test Cases/1712612/CommonTC/TC_OpenPage: Test Cases/1712612/CommonTC/TC_OpenPage

2021-05-29 12:52:13 - [TEST_STEP][PASSED] - openBrowser(""): Browser is opened with url: ''

2021-05-29 12:52:13 - [MESSAGE][INFO] - Starting 'Chrome' driver

2021-05-29 12:52:13 - [MESSAGE][INFO] - Action delay is set to 0 milliseconds

2021-05-29 12:52:14 - [MESSAGE][PASSED] - Browser is opened with url: ''

2021-05-29 12:52:14 - [TEST_STEP][PASSED] - navigateToUrl("https://mattermostwebapp.herokuapp.com/login"): Navigate to 'https://mattermostwebapp.herokuapp.com/login' successfully

2021-05-29 12:52:18 - [MESSAGE][PASSED] - Navigate to 'https://mattermostwebapp.herokuapp.com/login' successfully

2021-05-29 12:52:18 - [MESSAGE][PASSED] - Call Test Case 'Test Cases/1712612/CommonTC/TC_OpenPage' successfully

2021-05-29 12:52:18 - [TEST_STEP][PASSED] - callTestCase(findTestCase("1712612/CommonTC/TC_Login"), [:], STOP_ON_FAILURE): Call Test Case 'Test Cases/1712612/CommonTC/TC_Login' successfully

2021-05-29 12:52:18 - [TEST_CASE][PASSED] - Test Cases/1712612/CommonTC/TC_Login: Test Cases/1712612/CommonTC/TC_Login

2021-05-29 12:52:18 - [TEST_STEP][PASSED] - verifyElementVisible(findTestObject("Object Repository/1712612_Mattermost Object/Page_Mattermost/input_login_username"), STOP_ON_FAILURE): Object 'Object Repository/1712612_Mattermost Object/Page_Mattermost/input_login_username' is visible

2021-05-29 12:52:23 - [MESSAGE][PASSED] - Object 'Object Repository/1712612_Mattermost Object/Page_Mattermost/input_login_username' is visible

2021-05-29 12:52:23 - [TEST_STEP][PASSED] - verifyElementVisible(findTestObject("Object Repository/1712612_Mattermost Object/Page_Mattermost/input_login_password"), STOP_ON_FAILURE): Object 'Object Repository/1712612_Mattermost Object/Page_Mattermost/input_login_password' is visible

2021-05-29 12:52:23 - [MESSAGE][PASSED] - Object 'Object Repository/1712612_Mattermost Object/Page_Mattermost/input_login_password' is visible

2021-05-29 12:52:23 - [TEST_STEP][PASSED] - setText(findTestObject("Object Repository/1712612_Mattermost Object/Page_Mattermost/input_login_username"), "nghi_tran"): Text 'nghi_tran' is set on object 'Object Repository/1712612_Mattermost Object/Page_Mattermost/input_login_username'

2021-05-29 12:52:24 - [MESSAGE][PASSED] - Text 'nghi_tran' is set on object 'Object Repository/1712612_Mattermost Object/Page_Mattermost/input_login_username'

2021-05-29 12:52:24 - [TEST_STEP][PASSED] - setEncryptedText(findTestObject("Object Repository/1712612_Mattermost Object/Page_Mattermost/input_login_password"), "KBlHou+hFmnFUOUwxwboiw=="): Text ****** has been set on object 'Object Repository/1712612_Mattermost Object/Page_Mattermost/input_login_password'

2021-05-29 12:52:25 - [MESSAGE][PASSED] - Text ****** has been set on object 'Object Repository/1712612_Mattermost Object/Page_Mattermost/input_login_password'

2021-05-29 12:52:25 - [TEST_STEP][PASSED] - click(findTestObject("Object Repository/1712612_Mattermost Object/Page_Mattermost/button_Sign in")): Object: 'Object Repository/1712612_Mattermost Object/Page_Mattermost/button_Sign in' is clicked on

2021-05-29 12:52:25 - [MESSAGE][PASSED] - Object: 'Object Repository/1712612_Mattermost Object/Page_Mattermost/button_Sign in' is clicked on

2021-05-29 12:52:25 - [TEST_STEP][PASSED] - verifyElementVisible(findTestObject("Object Repository/1712612_Mattermost Object/Page_Town Square - another Mattermost/img__Avatar Avatar-lg"), STOP_ON_FAILURE): Object 'Object Repository/1712612_Mattermost Object/Page_Town Square - another Mattermost/img__Avatar Avatar-lg' is visible

2021-05-29 12:52:29 - [MESSAGE][PASSED] - Object 'Object Repository/1712612_Mattermost Object/Page_Town Square - another Mattermost/img__Avatar Avatar-lg' is visible

2021-05-29 12:52:29 - [MESSAGE][PASSED] - Call Test Case 'Test Cases/1712612/CommonTC/TC_Login' successfully

2021-05-29 12:52:29 - [TEST_STEP][PASSED] - navigateToUrl("https://mattermostwebapp.herokuapp.com/test-1712612/channels/town-square"): Navigate to 'https://mattermostwebapp.herokuapp.com/test-1712612/channels/town-square' successfully

2021-05-29 12:52:29 - [MESSAGE][PASSED] - Navigate to 'https://mattermostwebapp.herokuapp.com/test-1712612/channels/town-square' successfully

2021-05-29 12:52:29 - [TEST_STEP][PASSED] - for ([rowNum = 1, rowNum <= findTestData("Data Files/1712612/Data TC 17 CreatePublicChannels").getRowNumbers(), (rowNum++)]): Refresh successfully

2021-05-29 12:52:29 - [TEST_STEP][PASSED] - click(findTestObject("Object Repository/1712612_Mattermost Object/Page_Town Square - Test 1712612 Mattermost/btn_create a public channel")): Object: 'Object Repository/1712612_Mattermost Object/Page_Town Square - Test 1712612 Mattermost/btn_create a public channel' is clicked on

2021-05-29 12:52:32 - [MESSAGE][PASSED] - Object: 'Object Repository/1712612_Mattermost Object/Page_Town Square - Test 1712612 Mattermost/btn_create a public channel' is clicked on

2021-05-29 12:52:32 - [TEST_STEP][PASSED] - verifyElementChecked(findTestObject("Object Repository/1712612_Mattermost Object/Page_Town Square - Test 1712612 Mattermost/input_Type Public"), 0, STOP_ON_FAILURE): Object 'Object Repository/1712612_Mattermost Object/Page_Town Square - Test 1712612 Mattermost/input_Type Public' is checked

2021-05-29 12:52:32 - [MESSAGE][WARNING] - Timeout '0' is invalid. Using default page load timeout: '30'

2021-05-29 12:52:33 - [MESSAGE][PASSED] - Object 'Object Repository/1712612_Mattermost Object/Page_Town Square - Test 1712612 Mattermost/input_Type Public' is checked

2021-05-29 12:52:33 - [TEST_STEP][PASSED] - newChannelName = findTestData("Data Files/1712612/Data TC 17 CreatePublicChannels").getValue(1, rowNum): null

2021-05-29 12:52:33 - [TEST_STEP][PASSED] - setText(findTestObject("Object Repository/1712612_Mattermost Object/Page_Town Square - Test 1712612 Mattermost/input_Name_newChannelName"), newChannelName): Text 'a' is set on object 'Object Repository/1712612_Mattermost Object/Page_Town Square - Test 1712612 Mattermost/input_Name_newChannelName'

2021-05-29 12:52:33 - [MESSAGE][PASSED] - Text 'a' is set on object 'Object Repository/1712612_Mattermost Object/Page_Town Square - Test 1712612 Mattermost/input_Name_newChannelName'

2021-05-29 12:52:33 - [TEST_STEP][PASSED] - click(findTestObject("Object Repository/1712612_Mattermost Object/Page_Town Square - Test 1712612 Mattermost/button_Create Channel")): Object: 'Object Repository/1712612_Mattermost Object/Page_Town Square - Test 1712612 Mattermost/button_Create Channel' is clicked on

2021-05-29 12:52:34 - [MESSAGE][PASSED] - Object: 'Object Repository/1712612_Mattermost Object/Page_Town Square - Test 1712612 Mattermost/button_Create Channel' is clicked on

2021-05-29 12:52:34 - [TEST_STEP][PASSED] - switch (newChannelName.length()): null

2021-05-29 12:52:34 - [TEST_STEP][PASSED] - case 1:: null

2021-05-29 12:52:34 - [TEST_STEP][PASSED] - verifyTextPresent("Display name must have at least 2 characters.", false, STOP_ON_FAILURE): Text 'Display name must have at least 2 characters.' is present on page 

2021-05-29 12:52:35 - [MESSAGE][PASSED] - Text 'Display name must have at least 2 characters.' is present on page 

2021-05-29 12:52:35 - [TEST_STEP][PASSED] - break: null

2021-05-29 12:52:35 - [TEST_STEP][PASSED] - refresh(): Refresh successfully

2021-05-29 12:52:35 - [MESSAGE][PASSED] - Refresh successfully

2021-05-29 12:52:35 - [TEST_STEP][PASSED] - click(findTestObject("Object Repository/1712612_Mattermost Object/Page_Town Square - Test 1712612 Mattermost/btn_create a public channel")): Object: 'Object Repository/1712612_Mattermost Object/Page_Town Square - Test 1712612 Mattermost/btn_create a public channel' is clicked on

2021-05-29 12:52:38 - [MESSAGE][PASSED] - Object: 'Object Repository/1712612_Mattermost Object/Page_Town Square - Test 1712612 Mattermost/btn_create a public channel' is clicked on

2021-05-29 12:52:38 - [TEST_STEP][PASSED] - verifyElementChecked(findTestObject("Object Repository/1712612_Mattermost Object/Page_Town Square - Test 1712612 Mattermost/input_Type Public"), 0, STOP_ON_FAILURE): Object 'Object Repository/1712612_Mattermost Object/Page_Town Square - Test 1712612 Mattermost/input_Type Public' is checked

2021-05-29 12:52:38 - [MESSAGE][WARNING] - Timeout '0' is invalid. Using default page load timeout: '30'

2021-05-29 12:52:39 - [MESSAGE][PASSED] - Object 'Object Repository/1712612_Mattermost Object/Page_Town Square - Test 1712612 Mattermost/input_Type Public' is checked

2021-05-29 12:52:39 - [TEST_STEP][PASSED] - newChannelName = findTestData("Data Files/1712612/Data TC 17 CreatePublicChannels").getValue(1, rowNum): null

2021-05-29 12:52:39 - [TEST_STEP][PASSED] - setText(findTestObject("Object Repository/1712612_Mattermost Object/Page_Town Square - Test 1712612 Mattermost/input_Name_newChannelName"), newChannelName): Text 'h' is set on object 'Object Repository/1712612_Mattermost Object/Page_Town Square - Test 1712612 Mattermost/input_Name_newChannelName'

2021-05-29 12:52:39 - [MESSAGE][PASSED] - Text 'h' is set on object 'Object Repository/1712612_Mattermost Object/Page_Town Square - Test 1712612 Mattermost/input_Name_newChannelName'

2021-05-29 12:52:39 - [TEST_STEP][PASSED] - click(findTestObject("Object Repository/1712612_Mattermost Object/Page_Town Square - Test 1712612 Mattermost/button_Create Channel")): Object: 'Object Repository/1712612_Mattermost Object/Page_Town Square - Test 1712612 Mattermost/button_Create Channel' is clicked on

2021-05-29 12:52:40 - [MESSAGE][PASSED] - Object: 'Object Repository/1712612_Mattermost Object/Page_Town Square - Test 1712612 Mattermost/button_Create Channel' is clicked on

2021-05-29 12:52:40 - [TEST_STEP][PASSED] - switch (newChannelName.length()): null

2021-05-29 12:52:40 - [TEST_STEP][PASSED] - case 1:: null

2021-05-29 12:52:40 - [TEST_STEP][PASSED] - verifyTextPresent("Display name must have at least 2 characters.", false, STOP_ON_FAILURE): Text 'Display name must have at least 2 characters.' is present on page 

2021-05-29 12:52:41 - [MESSAGE][PASSED] - Text 'Display name must have at least 2 characters.' is present on page 

2021-05-29 12:52:41 - [TEST_STEP][PASSED] - break: null

2021-05-29 12:52:41 - [TEST_STEP][PASSED] - refresh(): Refresh successfully

2021-05-29 12:52:41 - [MESSAGE][PASSED] - Refresh successfully

2021-05-29 12:52:41 - [TEST_STEP][PASSED] - click(findTestObject("Object Repository/1712612_Mattermost Object/Page_Town Square - Test 1712612 Mattermost/btn_create a public channel")): Object: 'Object Repository/1712612_Mattermost Object/Page_Town Square - Test 1712612 Mattermost/btn_create a public channel' is clicked on

2021-05-29 12:52:44 - [MESSAGE][PASSED] - Object: 'Object Repository/1712612_Mattermost Object/Page_Town Square - Test 1712612 Mattermost/btn_create a public channel' is clicked on

2021-05-29 12:52:44 - [TEST_STEP][PASSED] - verifyElementChecked(findTestObject("Object Repository/1712612_Mattermost Object/Page_Town Square - Test 1712612 Mattermost/input_Type Public"), 0, STOP_ON_FAILURE): Object 'Object Repository/1712612_Mattermost Object/Page_Town Square - Test 1712612 Mattermost/input_Type Public' is checked

2021-05-29 12:52:44 - [MESSAGE][WARNING] - Timeout '0' is invalid. Using default page load timeout: '30'

2021-05-29 12:52:45 - [MESSAGE][PASSED] - Object 'Object Repository/1712612_Mattermost Object/Page_Town Square - Test 1712612 Mattermost/input_Type Public' is checked

2021-05-29 12:52:45 - [TEST_STEP][PASSED] - newChannelName = findTestData("Data Files/1712612/Data TC 17 CreatePublicChannels").getValue(1, rowNum): null

2021-05-29 12:52:45 - [TEST_STEP][PASSED] - setText(findTestObject("Object Repository/1712612_Mattermost Object/Page_Town Square - Test 1712612 Mattermost/input_Name_newChannelName"), newChannelName): Text 'new channel' is set on object 'Object Repository/1712612_Mattermost Object/Page_Town Square - Test 1712612 Mattermost/input_Name_newChannelName'

2021-05-29 12:52:45 - [MESSAGE][PASSED] - Text 'new channel' is set on object 'Object Repository/1712612_Mattermost Object/Page_Town Square - Test 1712612 Mattermost/input_Name_newChannelName'

2021-05-29 12:52:45 - [TEST_STEP][PASSED] - click(findTestObject("Object Repository/1712612_Mattermost Object/Page_Town Square - Test 1712612 Mattermost/button_Create Channel")): Object: 'Object Repository/1712612_Mattermost Object/Page_Town Square - Test 1712612 Mattermost/button_Create Channel' is clicked on

2021-05-29 12:52:46 - [MESSAGE][PASSED] - Object: 'Object Repository/1712612_Mattermost Object/Page_Town Square - Test 1712612 Mattermost/button_Create Channel' is clicked on

2021-05-29 12:52:46 - [TEST_STEP][PASSED] - switch (newChannelName.length()): Object 'Object Repository/1712612_Mattermost Object/Page_Town Square - Test 1712612 Mattermost/button_Create Channel_1' is present

2021-05-29 12:52:46 - [TEST_STEP][PASSED] - Default: Object 'Object Repository/1712612_Mattermost Object/Page_Town Square - Test 1712612 Mattermost/button_Create Channel_1' is present

2021-05-29 12:52:46 - [TEST_STEP][PASSED] - if (verifyElementPresent(findTestObject("Object Repository/1712612_Mattermost Object/Page_Town Square - Test 1712612 Mattermost/button_Create Channel_1"), 0, OPTIONAL)): Object 'Object Repository/1712612_Mattermost Object/Page_Town Square - Test 1712612 Mattermost/button_Create Channel_1' is present

2021-05-29 12:52:46 - [MESSAGE][WARNING] - Timeout '0' is invalid. Using default page load timeout: '30'

2021-05-29 12:52:47 - [MESSAGE][PASSED] - Object 'Object Repository/1712612_Mattermost Object/Page_Town Square - Test 1712612 Mattermost/button_Create Channel_1' is present

2021-05-29 12:52:47 - [TEST_STEP][PASSED] - refresh(): Refresh successfully

2021-05-29 12:52:47 - [MESSAGE][PASSED] - Refresh successfully

2021-05-29 12:52:47 - [TEST_STEP][PASSED] - click(findTestObject("Object Repository/1712612_Mattermost Object/Page_Town Square - Test 1712612 Mattermost/btn_create a public channel")): Object: 'Object Repository/1712612_Mattermost Object/Page_Town Square - Test 1712612 Mattermost/btn_create a public channel' is clicked on

2021-05-29 12:52:50 - [MESSAGE][PASSED] - Object: 'Object Repository/1712612_Mattermost Object/Page_Town Square - Test 1712612 Mattermost/btn_create a public channel' is clicked on

2021-05-29 12:52:50 - [TEST_STEP][PASSED] - verifyElementChecked(findTestObject("Object Repository/1712612_Mattermost Object/Page_Town Square - Test 1712612 Mattermost/input_Type Public"), 0, STOP_ON_FAILURE): Object 'Object Repository/1712612_Mattermost Object/Page_Town Square - Test 1712612 Mattermost/input_Type Public' is checked

2021-05-29 12:52:50 - [MESSAGE][WARNING] - Timeout '0' is invalid. Using default page load timeout: '30'

2021-05-29 12:52:50 - [MESSAGE][PASSED] - Object 'Object Repository/1712612_Mattermost Object/Page_Town Square - Test 1712612 Mattermost/input_Type Public' is checked

2021-05-29 12:52:50 - [TEST_STEP][PASSED] - newChannelName = findTestData("Data Files/1712612/Data TC 17 CreatePublicChannels").getValue(1, rowNum): null

2021-05-29 12:52:50 - [TEST_STEP][PASSED] - setText(findTestObject("Object Repository/1712612_Mattermost Object/Page_Town Square - Test 1712612 Mattermost/input_Name_newChannelName"), newChannelName): Text 'test 1' is set on object 'Object Repository/1712612_Mattermost Object/Page_Town Square - Test 1712612 Mattermost/input_Name_newChannelName'

2021-05-29 12:52:51 - [MESSAGE][PASSED] - Text 'test 1' is set on object 'Object Repository/1712612_Mattermost Object/Page_Town Square - Test 1712612 Mattermost/input_Name_newChannelName'

2021-05-29 12:52:51 - [TEST_STEP][PASSED] - click(findTestObject("Object Repository/1712612_Mattermost Object/Page_Town Square - Test 1712612 Mattermost/button_Create Channel")): Object: 'Object Repository/1712612_Mattermost Object/Page_Town Square - Test 1712612 Mattermost/button_Create Channel' is clicked on

2021-05-29 12:52:52 - [MESSAGE][PASSED] - Object: 'Object Repository/1712612_Mattermost Object/Page_Town Square - Test 1712612 Mattermost/button_Create Channel' is clicked on

2021-05-29 12:52:52 - [TEST_STEP][PASSED] - switch (newChannelName.length()): Object 'Object Repository/1712612_Mattermost Object/Page_Town Square - Test 1712612 Mattermost/button_Create Channel_1' is present

2021-05-29 12:52:52 - [TEST_STEP][PASSED] - Default: Object 'Object Repository/1712612_Mattermost Object/Page_Town Square - Test 1712612 Mattermost/button_Create Channel_1' is present

2021-05-29 12:52:52 - [TEST_STEP][PASSED] - if (verifyElementPresent(findTestObject("Object Repository/1712612_Mattermost Object/Page_Town Square - Test 1712612 Mattermost/button_Create Channel_1"), 0, OPTIONAL)): Object 'Object Repository/1712612_Mattermost Object/Page_Town Square - Test 1712612 Mattermost/button_Create Channel_1' is present

2021-05-29 12:52:52 - [MESSAGE][WARNING] - Timeout '0' is invalid. Using default page load timeout: '30'

2021-05-29 12:52:52 - [MESSAGE][PASSED] - Object 'Object Repository/1712612_Mattermost Object/Page_Town Square - Test 1712612 Mattermost/button_Create Channel_1' is present

2021-05-29 12:52:52 - [TEST_STEP][PASSED] - refresh(): Refresh successfully

2021-05-29 12:52:52 - [MESSAGE][PASSED] - Refresh successfully

2021-05-29 12:52:52 - [TEST_STEP][PASSED] - click(findTestObject("Object Repository/1712612_Mattermost Object/Page_Town Square - Test 1712612 Mattermost/btn_create a public channel")): Object: 'Object Repository/1712612_Mattermost Object/Page_Town Square - Test 1712612 Mattermost/btn_create a public channel' is clicked on

2021-05-29 12:52:56 - [MESSAGE][PASSED] - Object: 'Object Repository/1712612_Mattermost Object/Page_Town Square - Test 1712612 Mattermost/btn_create a public channel' is clicked on

2021-05-29 12:52:56 - [TEST_STEP][PASSED] - verifyElementChecked(findTestObject("Object Repository/1712612_Mattermost Object/Page_Town Square - Test 1712612 Mattermost/input_Type Public"), 0, STOP_ON_FAILURE): Object 'Object Repository/1712612_Mattermost Object/Page_Town Square - Test 1712612 Mattermost/input_Type Public' is checked

2021-05-29 12:52:56 - [MESSAGE][WARNING] - Timeout '0' is invalid. Using default page load timeout: '30'

2021-05-29 12:52:57 - [MESSAGE][PASSED] - Object 'Object Repository/1712612_Mattermost Object/Page_Town Square - Test 1712612 Mattermost/input_Type Public' is checked

2021-05-29 12:52:57 - [TEST_STEP][PASSED] - newChannelName = findTestData("Data Files/1712612/Data TC 17 CreatePublicChannels").getValue(1, rowNum): null

2021-05-29 12:52:57 - [TEST_STEP][PASSED] - setText(findTestObject("Object Repository/1712612_Mattermost Object/Page_Town Square - Test 1712612 Mattermost/input_Name_newChannelName"), newChannelName): Text 'test public channel' is set on object 'Object Repository/1712612_Mattermost Object/Page_Town Square - Test 1712612 Mattermost/input_Name_newChannelName'

2021-05-29 12:52:58 - [MESSAGE][PASSED] - Text 'test public channel' is set on object 'Object Repository/1712612_Mattermost Object/Page_Town Square - Test 1712612 Mattermost/input_Name_newChannelName'

2021-05-29 12:52:58 - [TEST_STEP][PASSED] - click(findTestObject("Object Repository/1712612_Mattermost Object/Page_Town Square - Test 1712612 Mattermost/button_Create Channel")): Object: 'Object Repository/1712612_Mattermost Object/Page_Town Square - Test 1712612 Mattermost/button_Create Channel' is clicked on

2021-05-29 12:52:59 - [MESSAGE][PASSED] - Object: 'Object Repository/1712612_Mattermost Object/Page_Town Square - Test 1712612 Mattermost/button_Create Channel' is clicked on

2021-05-29 12:52:59 - [TEST_STEP][PASSED] - switch (newChannelName.length()): Object 'Object Repository/1712612_Mattermost Object/Page_Town Square - Test 1712612 Mattermost/button_Create Channel_1' is present

2021-05-29 12:52:59 - [TEST_STEP][PASSED] - Default: Object 'Object Repository/1712612_Mattermost Object/Page_Town Square - Test 1712612 Mattermost/button_Create Channel_1' is present

2021-05-29 12:52:59 - [TEST_STEP][PASSED] - if (verifyElementPresent(findTestObject("Object Repository/1712612_Mattermost Object/Page_Town Square - Test 1712612 Mattermost/button_Create Channel_1"), 0, OPTIONAL)): Object 'Object Repository/1712612_Mattermost Object/Page_Town Square - Test 1712612 Mattermost/button_Create Channel_1' is present

2021-05-29 12:52:59 - [MESSAGE][WARNING] - Timeout '0' is invalid. Using default page load timeout: '30'

2021-05-29 12:52:59 - [MESSAGE][PASSED] - Object 'Object Repository/1712612_Mattermost Object/Page_Town Square - Test 1712612 Mattermost/button_Create Channel_1' is present

2021-05-29 12:52:59 - [TEST_STEP][PASSED] - refresh(): Refresh successfully

2021-05-29 12:52:59 - [MESSAGE][PASSED] - Refresh successfully

2021-05-29 12:52:59 - [TEST_STEP][PASSED] - closeBrowser(): Browser is closed

2021-05-29 12:53:00 - [MESSAGE][PASSED] - Browser is closed]]></system-out>
         <system-err><![CDATA[]]></system-err>
      </testcase>
      <testcase name="Test Cases/1712612/TC18_CreatePrivateChannels" time="54.358" classname="Test Cases/1712612/TC18_CreatePrivateChannels" status="PASSED">
         <system-out><![CDATA[2021-05-29 12:53:00 - [TEST_CASE][PASSED] - Test Cases/1712612/TC18_CreatePrivateChannels: Test Cases/1712612/TC18_CreatePrivateChannels

2021-05-29 12:53:00 - [TEST_STEP][PASSED] - callTestCase(findTestCase("1712612/CommonTC/TC_OpenPage"), [:], STOP_ON_FAILURE): Call Test Case 'Test Cases/1712612/CommonTC/TC_OpenPage' successfully

2021-05-29 12:53:00 - [TEST_CASE][PASSED] - Test Cases/1712612/CommonTC/TC_OpenPage: Test Cases/1712612/CommonTC/TC_OpenPage

2021-05-29 12:53:00 - [TEST_STEP][PASSED] - openBrowser(""): Browser is opened with url: ''

2021-05-29 12:53:00 - [MESSAGE][INFO] - Starting 'Chrome' driver

2021-05-29 12:53:00 - [MESSAGE][INFO] - Action delay is set to 0 milliseconds

2021-05-29 12:53:01 - [MESSAGE][PASSED] - Browser is opened with url: ''

2021-05-29 12:53:01 - [TEST_STEP][PASSED] - navigateToUrl("https://mattermostwebapp.herokuapp.com/login"): Navigate to 'https://mattermostwebapp.herokuapp.com/login' successfully

2021-05-29 12:53:05 - [MESSAGE][PASSED] - Navigate to 'https://mattermostwebapp.herokuapp.com/login' successfully

2021-05-29 12:53:05 - [MESSAGE][PASSED] - Call Test Case 'Test Cases/1712612/CommonTC/TC_OpenPage' successfully

2021-05-29 12:53:05 - [TEST_STEP][PASSED] - callTestCase(findTestCase("1712612/CommonTC/TC_Login"), [:], STOP_ON_FAILURE): Call Test Case 'Test Cases/1712612/CommonTC/TC_Login' successfully

2021-05-29 12:53:05 - [TEST_CASE][PASSED] - Test Cases/1712612/CommonTC/TC_Login: Test Cases/1712612/CommonTC/TC_Login

2021-05-29 12:53:05 - [TEST_STEP][PASSED] - verifyElementVisible(findTestObject("Object Repository/1712612_Mattermost Object/Page_Mattermost/input_login_username"), STOP_ON_FAILURE): Object 'Object Repository/1712612_Mattermost Object/Page_Mattermost/input_login_username' is visible

2021-05-29 12:53:10 - [MESSAGE][PASSED] - Object 'Object Repository/1712612_Mattermost Object/Page_Mattermost/input_login_username' is visible

2021-05-29 12:53:10 - [TEST_STEP][PASSED] - verifyElementVisible(findTestObject("Object Repository/1712612_Mattermost Object/Page_Mattermost/input_login_password"), STOP_ON_FAILURE): Object 'Object Repository/1712612_Mattermost Object/Page_Mattermost/input_login_password' is visible

2021-05-29 12:53:10 - [MESSAGE][PASSED] - Object 'Object Repository/1712612_Mattermost Object/Page_Mattermost/input_login_password' is visible

2021-05-29 12:53:10 - [TEST_STEP][PASSED] - setText(findTestObject("Object Repository/1712612_Mattermost Object/Page_Mattermost/input_login_username"), "nghi_tran"): Text 'nghi_tran' is set on object 'Object Repository/1712612_Mattermost Object/Page_Mattermost/input_login_username'

2021-05-29 12:53:11 - [MESSAGE][PASSED] - Text 'nghi_tran' is set on object 'Object Repository/1712612_Mattermost Object/Page_Mattermost/input_login_username'

2021-05-29 12:53:11 - [TEST_STEP][PASSED] - setEncryptedText(findTestObject("Object Repository/1712612_Mattermost Object/Page_Mattermost/input_login_password"), "KBlHou+hFmnFUOUwxwboiw=="): Text ****** has been set on object 'Object Repository/1712612_Mattermost Object/Page_Mattermost/input_login_password'

2021-05-29 12:53:11 - [MESSAGE][PASSED] - Text ****** has been set on object 'Object Repository/1712612_Mattermost Object/Page_Mattermost/input_login_password'

2021-05-29 12:53:11 - [TEST_STEP][PASSED] - click(findTestObject("Object Repository/1712612_Mattermost Object/Page_Mattermost/button_Sign in")): Object: 'Object Repository/1712612_Mattermost Object/Page_Mattermost/button_Sign in' is clicked on

2021-05-29 12:53:12 - [MESSAGE][PASSED] - Object: 'Object Repository/1712612_Mattermost Object/Page_Mattermost/button_Sign in' is clicked on

2021-05-29 12:53:12 - [TEST_STEP][PASSED] - verifyElementVisible(findTestObject("Object Repository/1712612_Mattermost Object/Page_Town Square - another Mattermost/img__Avatar Avatar-lg"), STOP_ON_FAILURE): Object 'Object Repository/1712612_Mattermost Object/Page_Town Square - another Mattermost/img__Avatar Avatar-lg' is visible

2021-05-29 12:53:21 - [MESSAGE][PASSED] - Object 'Object Repository/1712612_Mattermost Object/Page_Town Square - another Mattermost/img__Avatar Avatar-lg' is visible

2021-05-29 12:53:21 - [MESSAGE][PASSED] - Call Test Case 'Test Cases/1712612/CommonTC/TC_Login' successfully

2021-05-29 12:53:21 - [TEST_STEP][PASSED] - navigateToUrl("https://mattermostwebapp.herokuapp.com/test-1712612/channels/town-square"): Navigate to 'https://mattermostwebapp.herokuapp.com/test-1712612/channels/town-square' successfully

2021-05-29 12:53:22 - [MESSAGE][PASSED] - Navigate to 'https://mattermostwebapp.herokuapp.com/test-1712612/channels/town-square' successfully

2021-05-29 12:53:22 - [TEST_STEP][PASSED] - for ([rowNum = 1, rowNum <= findTestData("Data Files/1712612/Data TC 18 CreatePrivateChannels").getRowNumbers(), (rowNum++)]): Refresh successfully

2021-05-29 12:53:22 - [TEST_STEP][PASSED] - click(findTestObject("Object Repository/1712612_Mattermost Object/Page_Town Square - Test 1712612 Mattermost/span_Create a private channel")): Object: 'Object Repository/1712612_Mattermost Object/Page_Town Square - Test 1712612 Mattermost/span_Create a private channel' is clicked on

2021-05-29 12:53:25 - [MESSAGE][PASSED] - Object: 'Object Repository/1712612_Mattermost Object/Page_Town Square - Test 1712612 Mattermost/span_Create a private channel' is clicked on

2021-05-29 12:53:25 - [TEST_STEP][PASSED] - newChannelName = findTestData("Data Files/1712612/Data TC 18 CreatePrivateChannels").getValue(1, rowNum): null

2021-05-29 12:53:25 - [TEST_STEP][PASSED] - setText(findTestObject("Object Repository/1712612_Mattermost Object/Page_Town Square - Test 1712612 Mattermost/input_Name_newChannelName"), newChannelName): Text 'b' is set on object 'Object Repository/1712612_Mattermost Object/Page_Town Square - Test 1712612 Mattermost/input_Name_newChannelName'

2021-05-29 12:53:26 - [MESSAGE][PASSED] - Text 'b' is set on object 'Object Repository/1712612_Mattermost Object/Page_Town Square - Test 1712612 Mattermost/input_Name_newChannelName'

2021-05-29 12:53:26 - [TEST_STEP][PASSED] - click(findTestObject("Object Repository/1712612_Mattermost Object/Page_Town Square - Test 1712612 Mattermost/button_Create Channel")): Object: 'Object Repository/1712612_Mattermost Object/Page_Town Square - Test 1712612 Mattermost/button_Create Channel' is clicked on

2021-05-29 12:53:27 - [MESSAGE][PASSED] - Object: 'Object Repository/1712612_Mattermost Object/Page_Town Square - Test 1712612 Mattermost/button_Create Channel' is clicked on

2021-05-29 12:53:27 - [TEST_STEP][PASSED] - switch (newChannelName.length()): null

2021-05-29 12:53:27 - [TEST_STEP][PASSED] - case 1:: null

2021-05-29 12:53:27 - [TEST_STEP][PASSED] - verifyTextPresent("Display name must have at least 2 characters.", false, STOP_ON_FAILURE): Text 'Display name must have at least 2 characters.' is present on page 

2021-05-29 12:53:27 - [MESSAGE][PASSED] - Text 'Display name must have at least 2 characters.' is present on page 

2021-05-29 12:53:27 - [TEST_STEP][PASSED] - break: null

2021-05-29 12:53:27 - [TEST_STEP][PASSED] - refresh(): Refresh successfully

2021-05-29 12:53:27 - [MESSAGE][PASSED] - Refresh successfully

2021-05-29 12:53:27 - [TEST_STEP][PASSED] - click(findTestObject("Object Repository/1712612_Mattermost Object/Page_Town Square - Test 1712612 Mattermost/span_Create a private channel")): Object: 'Object Repository/1712612_Mattermost Object/Page_Town Square - Test 1712612 Mattermost/span_Create a private channel' is clicked on

2021-05-29 12:53:31 - [MESSAGE][PASSED] - Object: 'Object Repository/1712612_Mattermost Object/Page_Town Square - Test 1712612 Mattermost/span_Create a private channel' is clicked on

2021-05-29 12:53:31 - [TEST_STEP][PASSED] - newChannelName = findTestData("Data Files/1712612/Data TC 18 CreatePrivateChannels").getValue(1, rowNum): null

2021-05-29 12:53:31 - [TEST_STEP][PASSED] - setText(findTestObject("Object Repository/1712612_Mattermost Object/Page_Town Square - Test 1712612 Mattermost/input_Name_newChannelName"), newChannelName): Text 'c' is set on object 'Object Repository/1712612_Mattermost Object/Page_Town Square - Test 1712612 Mattermost/input_Name_newChannelName'

2021-05-29 12:53:31 - [MESSAGE][PASSED] - Text 'c' is set on object 'Object Repository/1712612_Mattermost Object/Page_Town Square - Test 1712612 Mattermost/input_Name_newChannelName'

2021-05-29 12:53:31 - [TEST_STEP][PASSED] - click(findTestObject("Object Repository/1712612_Mattermost Object/Page_Town Square - Test 1712612 Mattermost/button_Create Channel")): Object: 'Object Repository/1712612_Mattermost Object/Page_Town Square - Test 1712612 Mattermost/button_Create Channel' is clicked on

2021-05-29 12:53:32 - [MESSAGE][PASSED] - Object: 'Object Repository/1712612_Mattermost Object/Page_Town Square - Test 1712612 Mattermost/button_Create Channel' is clicked on

2021-05-29 12:53:32 - [TEST_STEP][PASSED] - switch (newChannelName.length()): null

2021-05-29 12:53:32 - [TEST_STEP][PASSED] - case 1:: null

2021-05-29 12:53:32 - [TEST_STEP][PASSED] - verifyTextPresent("Display name must have at least 2 characters.", false, STOP_ON_FAILURE): Text 'Display name must have at least 2 characters.' is present on page 

2021-05-29 12:53:33 - [MESSAGE][PASSED] - Text 'Display name must have at least 2 characters.' is present on page 

2021-05-29 12:53:33 - [TEST_STEP][PASSED] - break: null

2021-05-29 12:53:33 - [TEST_STEP][PASSED] - refresh(): Refresh successfully

2021-05-29 12:53:33 - [MESSAGE][PASSED] - Refresh successfully

2021-05-29 12:53:33 - [TEST_STEP][PASSED] - click(findTestObject("Object Repository/1712612_Mattermost Object/Page_Town Square - Test 1712612 Mattermost/span_Create a private channel")): Object: 'Object Repository/1712612_Mattermost Object/Page_Town Square - Test 1712612 Mattermost/span_Create a private channel' is clicked on

2021-05-29 12:53:36 - [MESSAGE][PASSED] - Object: 'Object Repository/1712612_Mattermost Object/Page_Town Square - Test 1712612 Mattermost/span_Create a private channel' is clicked on

2021-05-29 12:53:36 - [TEST_STEP][PASSED] - newChannelName = findTestData("Data Files/1712612/Data TC 18 CreatePrivateChannels").getValue(1, rowNum): null

2021-05-29 12:53:36 - [TEST_STEP][PASSED] - setText(findTestObject("Object Repository/1712612_Mattermost Object/Page_Town Square - Test 1712612 Mattermost/input_Name_newChannelName"), newChannelName): Text 'private' is set on object 'Object Repository/1712612_Mattermost Object/Page_Town Square - Test 1712612 Mattermost/input_Name_newChannelName'

2021-05-29 12:53:37 - [MESSAGE][PASSED] - Text 'private' is set on object 'Object Repository/1712612_Mattermost Object/Page_Town Square - Test 1712612 Mattermost/input_Name_newChannelName'

2021-05-29 12:53:37 - [TEST_STEP][PASSED] - click(findTestObject("Object Repository/1712612_Mattermost Object/Page_Town Square - Test 1712612 Mattermost/button_Create Channel")): Object: 'Object Repository/1712612_Mattermost Object/Page_Town Square - Test 1712612 Mattermost/button_Create Channel' is clicked on

2021-05-29 12:53:37 - [MESSAGE][PASSED] - Object: 'Object Repository/1712612_Mattermost Object/Page_Town Square - Test 1712612 Mattermost/button_Create Channel' is clicked on

2021-05-29 12:53:37 - [TEST_STEP][PASSED] - switch (newChannelName.length()): Object 'Object Repository/1712612_Mattermost Object/Page_Town Square - Test 1712612 Mattermost/button_Create Channel_1' is present

2021-05-29 12:53:37 - [TEST_STEP][PASSED] - Default: Object 'Object Repository/1712612_Mattermost Object/Page_Town Square - Test 1712612 Mattermost/button_Create Channel_1' is present

2021-05-29 12:53:37 - [TEST_STEP][PASSED] - if (verifyElementPresent(findTestObject("Object Repository/1712612_Mattermost Object/Page_Town Square - Test 1712612 Mattermost/button_Create Channel_1"), 0, OPTIONAL)): Object 'Object Repository/1712612_Mattermost Object/Page_Town Square - Test 1712612 Mattermost/button_Create Channel_1' is present

2021-05-29 12:53:37 - [MESSAGE][WARNING] - Timeout '0' is invalid. Using default page load timeout: '30'

2021-05-29 12:53:38 - [MESSAGE][PASSED] - Object 'Object Repository/1712612_Mattermost Object/Page_Town Square - Test 1712612 Mattermost/button_Create Channel_1' is present

2021-05-29 12:53:38 - [TEST_STEP][PASSED] - refresh(): Refresh successfully

2021-05-29 12:53:38 - [MESSAGE][PASSED] - Refresh successfully

2021-05-29 12:53:38 - [TEST_STEP][PASSED] - click(findTestObject("Object Repository/1712612_Mattermost Object/Page_Town Square - Test 1712612 Mattermost/span_Create a private channel")): Object: 'Object Repository/1712612_Mattermost Object/Page_Town Square - Test 1712612 Mattermost/span_Create a private channel' is clicked on

2021-05-29 12:53:41 - [MESSAGE][PASSED] - Object: 'Object Repository/1712612_Mattermost Object/Page_Town Square - Test 1712612 Mattermost/span_Create a private channel' is clicked on

2021-05-29 12:53:41 - [TEST_STEP][PASSED] - newChannelName = findTestData("Data Files/1712612/Data TC 18 CreatePrivateChannels").getValue(1, rowNum): null

2021-05-29 12:53:41 - [TEST_STEP][PASSED] - setText(findTestObject("Object Repository/1712612_Mattermost Object/Page_Town Square - Test 1712612 Mattermost/input_Name_newChannelName"), newChannelName): Text 'old' is set on object 'Object Repository/1712612_Mattermost Object/Page_Town Square - Test 1712612 Mattermost/input_Name_newChannelName'

2021-05-29 12:53:42 - [MESSAGE][PASSED] - Text 'old' is set on object 'Object Repository/1712612_Mattermost Object/Page_Town Square - Test 1712612 Mattermost/input_Name_newChannelName'

2021-05-29 12:53:42 - [TEST_STEP][PASSED] - click(findTestObject("Object Repository/1712612_Mattermost Object/Page_Town Square - Test 1712612 Mattermost/button_Create Channel")): Object: 'Object Repository/1712612_Mattermost Object/Page_Town Square - Test 1712612 Mattermost/button_Create Channel' is clicked on

2021-05-29 12:53:42 - [MESSAGE][PASSED] - Object: 'Object Repository/1712612_Mattermost Object/Page_Town Square - Test 1712612 Mattermost/button_Create Channel' is clicked on

2021-05-29 12:53:42 - [TEST_STEP][PASSED] - switch (newChannelName.length()): Object 'Object Repository/1712612_Mattermost Object/Page_Town Square - Test 1712612 Mattermost/button_Create Channel_1' is present

2021-05-29 12:53:42 - [TEST_STEP][PASSED] - Default: Object 'Object Repository/1712612_Mattermost Object/Page_Town Square - Test 1712612 Mattermost/button_Create Channel_1' is present

2021-05-29 12:53:42 - [TEST_STEP][PASSED] - if (verifyElementPresent(findTestObject("Object Repository/1712612_Mattermost Object/Page_Town Square - Test 1712612 Mattermost/button_Create Channel_1"), 0, OPTIONAL)): Object 'Object Repository/1712612_Mattermost Object/Page_Town Square - Test 1712612 Mattermost/button_Create Channel_1' is present

2021-05-29 12:53:42 - [MESSAGE][WARNING] - Timeout '0' is invalid. Using default page load timeout: '30'

2021-05-29 12:53:43 - [MESSAGE][PASSED] - Object 'Object Repository/1712612_Mattermost Object/Page_Town Square - Test 1712612 Mattermost/button_Create Channel_1' is present

2021-05-29 12:53:43 - [TEST_STEP][PASSED] - refresh(): Refresh successfully

2021-05-29 12:53:43 - [MESSAGE][PASSED] - Refresh successfully

2021-05-29 12:53:43 - [TEST_STEP][PASSED] - click(findTestObject("Object Repository/1712612_Mattermost Object/Page_Town Square - Test 1712612 Mattermost/span_Create a private channel")): Object: 'Object Repository/1712612_Mattermost Object/Page_Town Square - Test 1712612 Mattermost/span_Create a private channel' is clicked on

2021-05-29 12:53:46 - [MESSAGE][PASSED] - Object: 'Object Repository/1712612_Mattermost Object/Page_Town Square - Test 1712612 Mattermost/span_Create a private channel' is clicked on

2021-05-29 12:53:46 - [TEST_STEP][PASSED] - newChannelName = findTestData("Data Files/1712612/Data TC 18 CreatePrivateChannels").getValue(1, rowNum): null

2021-05-29 12:53:46 - [TEST_STEP][PASSED] - setText(findTestObject("Object Repository/1712612_Mattermost Object/Page_Town Square - Test 1712612 Mattermost/input_Name_newChannelName"), newChannelName): Text 'old' is set on object 'Object Repository/1712612_Mattermost Object/Page_Town Square - Test 1712612 Mattermost/input_Name_newChannelName'

2021-05-29 12:53:47 - [MESSAGE][PASSED] - Text 'old' is set on object 'Object Repository/1712612_Mattermost Object/Page_Town Square - Test 1712612 Mattermost/input_Name_newChannelName'

2021-05-29 12:53:47 - [TEST_STEP][PASSED] - click(findTestObject("Object Repository/1712612_Mattermost Object/Page_Town Square - Test 1712612 Mattermost/button_Create Channel")): Object: 'Object Repository/1712612_Mattermost Object/Page_Town Square - Test 1712612 Mattermost/button_Create Channel' is clicked on

2021-05-29 12:53:48 - [MESSAGE][PASSED] - Object: 'Object Repository/1712612_Mattermost Object/Page_Town Square - Test 1712612 Mattermost/button_Create Channel' is clicked on

2021-05-29 12:53:48 - [TEST_STEP][PASSED] - switch (newChannelName.length()): Object 'Object Repository/1712612_Mattermost Object/Page_Town Square - Test 1712612 Mattermost/button_Create Channel_1' is present

2021-05-29 12:53:48 - [TEST_STEP][PASSED] - Default: Object 'Object Repository/1712612_Mattermost Object/Page_Town Square - Test 1712612 Mattermost/button_Create Channel_1' is present

2021-05-29 12:53:48 - [TEST_STEP][PASSED] - if (verifyElementPresent(findTestObject("Object Repository/1712612_Mattermost Object/Page_Town Square - Test 1712612 Mattermost/button_Create Channel_1"), 0, OPTIONAL)): Object 'Object Repository/1712612_Mattermost Object/Page_Town Square - Test 1712612 Mattermost/button_Create Channel_1' is present

2021-05-29 12:53:48 - [MESSAGE][WARNING] - Timeout '0' is invalid. Using default page load timeout: '30'

2021-05-29 12:53:48 - [MESSAGE][PASSED] - Object 'Object Repository/1712612_Mattermost Object/Page_Town Square - Test 1712612 Mattermost/button_Create Channel_1' is present

2021-05-29 12:53:48 - [TEST_STEP][PASSED] - refresh(): Refresh successfully

2021-05-29 12:53:48 - [MESSAGE][PASSED] - Refresh successfully

2021-05-29 12:53:48 - [TEST_STEP][PASSED] - click(findTestObject("Object Repository/1712612_Mattermost Object/Page_Town Square - Test 1712612 Mattermost/span_Create a private channel")): Object: 'Object Repository/1712612_Mattermost Object/Page_Town Square - Test 1712612 Mattermost/span_Create a private channel' is clicked on

2021-05-29 12:53:52 - [MESSAGE][PASSED] - Object: 'Object Repository/1712612_Mattermost Object/Page_Town Square - Test 1712612 Mattermost/span_Create a private channel' is clicked on

2021-05-29 12:53:52 - [TEST_STEP][PASSED] - newChannelName = findTestData("Data Files/1712612/Data TC 18 CreatePrivateChannels").getValue(1, rowNum): null

2021-05-29 12:53:52 - [TEST_STEP][PASSED] - setText(findTestObject("Object Repository/1712612_Mattermost Object/Page_Town Square - Test 1712612 Mattermost/input_Name_newChannelName"), newChannelName): Text '' is set on object 'Object Repository/1712612_Mattermost Object/Page_Town Square - Test 1712612 Mattermost/input_Name_newChannelName'

2021-05-29 12:53:52 - [MESSAGE][PASSED] - Text '' is set on object 'Object Repository/1712612_Mattermost Object/Page_Town Square - Test 1712612 Mattermost/input_Name_newChannelName'

2021-05-29 12:53:52 - [TEST_STEP][PASSED] - click(findTestObject("Object Repository/1712612_Mattermost Object/Page_Town Square - Test 1712612 Mattermost/button_Create Channel")): Object: 'Object Repository/1712612_Mattermost Object/Page_Town Square - Test 1712612 Mattermost/button_Create Channel' is clicked on

2021-05-29 12:53:53 - [MESSAGE][PASSED] - Object: 'Object Repository/1712612_Mattermost Object/Page_Town Square - Test 1712612 Mattermost/button_Create Channel' is clicked on

2021-05-29 12:53:53 - [TEST_STEP][PASSED] - switch (newChannelName.length()): null

2021-05-29 12:53:53 - [TEST_STEP][PASSED] - case 1:: null

2021-05-29 12:53:53 - [TEST_STEP][PASSED] - verifyTextPresent("Display name must have at least 2 characters.", false, STOP_ON_FAILURE): Text 'Display name must have at least 2 characters.' is present on page 

2021-05-29 12:53:53 - [MESSAGE][PASSED] - Text 'Display name must have at least 2 characters.' is present on page 

2021-05-29 12:53:53 - [TEST_STEP][PASSED] - break: null

2021-05-29 12:53:53 - [TEST_STEP][PASSED] - refresh(): Refresh successfully

2021-05-29 12:53:54 - [MESSAGE][PASSED] - Refresh successfully

2021-05-29 12:53:54 - [TEST_STEP][PASSED] - closeBrowser(): Browser is closed

2021-05-29 12:53:54 - [MESSAGE][PASSED] - Browser is closed]]></system-out>
         <system-err><![CDATA[]]></system-err>
      </testcase>
      <testcase name="Test Cases/1712612/TC19_InvitePeopleToChannel" time="50.516" classname="Test Cases/1712612/TC19_InvitePeopleToChannel" status="FAILED">
         <failure type="FAILED" message="Test Cases/1712612/TC19_InvitePeopleToChannel FAILED.
Reason:
com.kms.katalon.core.exception.StepFailedException: Unable to click on object 'Object Repository/1712612_Mattermost Object/Page_Invite people to channel - Test 171261_c46106/div_- abc string (string)_more-modal__actio_2ea070'
	at com.kms.katalon.core.webui.keyword.internal.WebUIKeywordMain.stepFailed(WebUIKeywordMain.groovy:64)
	at com.kms.katalon.core.webui.keyword.internal.WebUIKeywordMain.runKeyword(WebUIKeywordMain.groovy:26)
	at com.kms.katalon.core.webui.keyword.builtin.ClickKeyword.click(ClickKeyword.groovy:75)
	at com.kms.katalon.core.webui.keyword.builtin.ClickKeyword.execute(ClickKeyword.groovy:42)
	at com.kms.katalon.core.keyword.internal.KeywordExecutor.executeKeywordForPlatform(KeywordExecutor.groovy:73)
	at com.kms.katalon.core.webui.keyword.WebUiBuiltInKeywords.click(WebUiBuiltInKeywords.groovy:619)
	at com.kms.katalon.core.webui.keyword.WebUiBuiltInKeywords$click$3.call(Unknown Source)
	at TC19_InvitePeopleToChannel.run(TC19_InvitePeopleToChannel:28)
	at com.kms.katalon.core.main.ScriptEngine.run(ScriptEngine.java:194)
	at com.kms.katalon.core.main.ScriptEngine.runScriptAsRawText(ScriptEngine.java:119)
	at com.kms.katalon.core.main.TestCaseExecutor.runScript(TestCaseExecutor.java:398)
	at com.kms.katalon.core.main.TestCaseExecutor.doExecute(TestCaseExecutor.java:389)
	at com.kms.katalon.core.main.TestCaseExecutor.processExecutionPhase(TestCaseExecutor.java:368)
	at com.kms.katalon.core.main.TestCaseExecutor.accessMainPhase(TestCaseExecutor.java:360)
	at com.kms.katalon.core.main.TestCaseExecutor.execute(TestCaseExecutor.java:255)
	at com.kms.katalon.core.main.TestSuiteExecutor.accessTestCaseMainPhase(TestSuiteExecutor.java:203)
	at com.kms.katalon.core.main.TestSuiteExecutor.accessTestSuiteMainPhase(TestSuiteExecutor.java:152)
	at com.kms.katalon.core.main.TestSuiteExecutor.execute(TestSuiteExecutor.java:95)
	at com.kms.katalon.core.main.TestCaseMain.startTestSuite(TestCaseMain.java:157)
	at com.kms.katalon.core.main.TestCaseMain$startTestSuite$0.call(Unknown Source)
	at TempTestSuite1622266529644.run(TempTestSuite1622266529644.groovy:39)
Caused by: com.kms.katalon.core.webui.exception.WebElementNotFoundException: Web element with id: 'Object Repository/1712612_Mattermost Object/Page_Invite people to channel - Test 171261_c46106/div_- abc string (string)_more-modal__actio_2ea070' located by '//div[@id='multiSelectList']/div/div[2]/div' not found
	at com.kms.katalon.core.webui.common.WebUiCommonHelper.findWebElement(WebUiCommonHelper.java:1368)
	at com.kms.katalon.core.webui.keyword.internal.WebUIAbstractKeyword.findWebElement(WebUIAbstractKeyword.groovy:27)
	at com.kms.katalon.core.webui.keyword.internal.WebUIAbstractKeyword.findWebElement(WebUIAbstractKeyword.groovy:26)
	at com.kms.katalon.core.webui.keyword.builtin.ClickKeyword$_click_closure1.doCall(ClickKeyword.groovy:66)
	at com.kms.katalon.core.webui.keyword.builtin.ClickKeyword$_click_closure1.call(ClickKeyword.groovy)
	at com.kms.katalon.core.webui.keyword.internal.WebUIKeywordMain.runKeyword(WebUIKeywordMain.groovy:20)
	... 19 more
"/>
         <system-out><![CDATA[2021-05-29 12:53:54 - [TEST_CASE][FAILED] - Test Cases/1712612/TC19_InvitePeopleToChannel: Test Cases/1712612/TC19_InvitePeopleToChannel FAILED.
Reason:
com.kms.katalon.core.exception.StepFailedException: Unable to click on object 'Object Repository/1712612_Mattermost Object/Page_Invite people to channel - Test 171261_c46106/div_- abc string (string)_more-modal__actio_2ea070'
	at com.kms.katalon.core.webui.keyword.internal.WebUIKeywordMain.stepFailed(WebUIKeywordMain.groovy:64)
	at com.kms.katalon.core.webui.keyword.internal.WebUIKeywordMain.runKeyword(WebUIKeywordMain.groovy:26)
	at com.kms.katalon.core.webui.keyword.builtin.ClickKeyword.click(ClickKeyword.groovy:75)
	at com.kms.katalon.core.webui.keyword.builtin.ClickKeyword.execute(ClickKeyword.groovy:42)
	at com.kms.katalon.core.keyword.internal.KeywordExecutor.executeKeywordForPlatform(KeywordExecutor.groovy:73)
	at com.kms.katalon.core.webui.keyword.WebUiBuiltInKeywords.click(WebUiBuiltInKeywords.groovy:619)
	at com.kms.katalon.core.webui.keyword.WebUiBuiltInKeywords$click$3.call(Unknown Source)
	at TC19_InvitePeopleToChannel.run(TC19_InvitePeopleToChannel:28)
	at com.kms.katalon.core.main.ScriptEngine.run(ScriptEngine.java:194)
	at com.kms.katalon.core.main.ScriptEngine.runScriptAsRawText(ScriptEngine.java:119)
	at com.kms.katalon.core.main.TestCaseExecutor.runScript(TestCaseExecutor.java:398)
	at com.kms.katalon.core.main.TestCaseExecutor.doExecute(TestCaseExecutor.java:389)
	at com.kms.katalon.core.main.TestCaseExecutor.processExecutionPhase(TestCaseExecutor.java:368)
	at com.kms.katalon.core.main.TestCaseExecutor.accessMainPhase(TestCaseExecutor.java:360)
	at com.kms.katalon.core.main.TestCaseExecutor.execute(TestCaseExecutor.java:255)
	at com.kms.katalon.core.main.TestSuiteExecutor.accessTestCaseMainPhase(TestSuiteExecutor.java:203)
	at com.kms.katalon.core.main.TestSuiteExecutor.accessTestSuiteMainPhase(TestSuiteExecutor.java:152)
	at com.kms.katalon.core.main.TestSuiteExecutor.execute(TestSuiteExecutor.java:95)
	at com.kms.katalon.core.main.TestCaseMain.startTestSuite(TestCaseMain.java:157)
	at com.kms.katalon.core.main.TestCaseMain$startTestSuite$0.call(Unknown Source)
	at TempTestSuite1622266529644.run(TempTestSuite1622266529644.groovy:39)
Caused by: com.kms.katalon.core.webui.exception.WebElementNotFoundException: Web element with id: 'Object Repository/1712612_Mattermost Object/Page_Invite people to channel - Test 171261_c46106/div_- abc string (string)_more-modal__actio_2ea070' located by '//div[@id='multiSelectList']/div/div[2]/div' not found
	at com.kms.katalon.core.webui.common.WebUiCommonHelper.findWebElement(WebUiCommonHelper.java:1368)
	at com.kms.katalon.core.webui.keyword.internal.WebUIAbstractKeyword.findWebElement(WebUIAbstractKeyword.groovy:27)
	at com.kms.katalon.core.webui.keyword.internal.WebUIAbstractKeyword.findWebElement(WebUIAbstractKeyword.groovy:26)
	at com.kms.katalon.core.webui.keyword.builtin.ClickKeyword$_click_closure1.doCall(ClickKeyword.groovy:66)
	at com.kms.katalon.core.webui.keyword.builtin.ClickKeyword$_click_closure1.call(ClickKeyword.groovy)
	at com.kms.katalon.core.webui.keyword.internal.WebUIKeywordMain.runKeyword(WebUIKeywordMain.groovy:20)
	... 19 more


2021-05-29 12:53:55 - [TEST_STEP][PASSED] - callTestCase(findTestCase("1712612/CommonTC/TC_OpenPage"), [:], STOP_ON_FAILURE): Call Test Case 'Test Cases/1712612/CommonTC/TC_OpenPage' successfully

2021-05-29 12:53:55 - [TEST_CASE][PASSED] - Test Cases/1712612/CommonTC/TC_OpenPage: Test Cases/1712612/CommonTC/TC_OpenPage

2021-05-29 12:53:55 - [TEST_STEP][PASSED] - openBrowser(""): Browser is opened with url: ''

2021-05-29 12:53:55 - [MESSAGE][INFO] - Starting 'Chrome' driver

2021-05-29 12:53:55 - [MESSAGE][INFO] - Action delay is set to 0 milliseconds

2021-05-29 12:53:56 - [MESSAGE][PASSED] - Browser is opened with url: ''

2021-05-29 12:53:56 - [TEST_STEP][PASSED] - navigateToUrl("https://mattermostwebapp.herokuapp.com/login"): Navigate to 'https://mattermostwebapp.herokuapp.com/login' successfully

2021-05-29 12:53:59 - [MESSAGE][PASSED] - Navigate to 'https://mattermostwebapp.herokuapp.com/login' successfully

2021-05-29 12:53:59 - [MESSAGE][PASSED] - Call Test Case 'Test Cases/1712612/CommonTC/TC_OpenPage' successfully

2021-05-29 12:53:59 - [TEST_STEP][PASSED] - callTestCase(findTestCase("1712612/CommonTC/TC_Login"), [:], STOP_ON_FAILURE): Call Test Case 'Test Cases/1712612/CommonTC/TC_Login' successfully

2021-05-29 12:53:59 - [TEST_CASE][PASSED] - Test Cases/1712612/CommonTC/TC_Login: Test Cases/1712612/CommonTC/TC_Login

2021-05-29 12:53:59 - [TEST_STEP][PASSED] - verifyElementVisible(findTestObject("Object Repository/1712612_Mattermost Object/Page_Mattermost/input_login_username"), STOP_ON_FAILURE): Object 'Object Repository/1712612_Mattermost Object/Page_Mattermost/input_login_username' is visible

2021-05-29 12:54:04 - [MESSAGE][PASSED] - Object 'Object Repository/1712612_Mattermost Object/Page_Mattermost/input_login_username' is visible

2021-05-29 12:54:04 - [TEST_STEP][PASSED] - verifyElementVisible(findTestObject("Object Repository/1712612_Mattermost Object/Page_Mattermost/input_login_password"), STOP_ON_FAILURE): Object 'Object Repository/1712612_Mattermost Object/Page_Mattermost/input_login_password' is visible

2021-05-29 12:54:04 - [MESSAGE][PASSED] - Object 'Object Repository/1712612_Mattermost Object/Page_Mattermost/input_login_password' is visible

2021-05-29 12:54:04 - [TEST_STEP][PASSED] - setText(findTestObject("Object Repository/1712612_Mattermost Object/Page_Mattermost/input_login_username"), "nghi_tran"): Text 'nghi_tran' is set on object 'Object Repository/1712612_Mattermost Object/Page_Mattermost/input_login_username'

2021-05-29 12:54:05 - [MESSAGE][PASSED] - Text 'nghi_tran' is set on object 'Object Repository/1712612_Mattermost Object/Page_Mattermost/input_login_username'

2021-05-29 12:54:05 - [TEST_STEP][PASSED] - setEncryptedText(findTestObject("Object Repository/1712612_Mattermost Object/Page_Mattermost/input_login_password"), "KBlHou+hFmnFUOUwxwboiw=="): Text ****** has been set on object 'Object Repository/1712612_Mattermost Object/Page_Mattermost/input_login_password'

2021-05-29 12:54:05 - [MESSAGE][PASSED] - Text ****** has been set on object 'Object Repository/1712612_Mattermost Object/Page_Mattermost/input_login_password'

2021-05-29 12:54:05 - [TEST_STEP][PASSED] - click(findTestObject("Object Repository/1712612_Mattermost Object/Page_Mattermost/button_Sign in")): Object: 'Object Repository/1712612_Mattermost Object/Page_Mattermost/button_Sign in' is clicked on

2021-05-29 12:54:06 - [MESSAGE][PASSED] - Object: 'Object Repository/1712612_Mattermost Object/Page_Mattermost/button_Sign in' is clicked on

2021-05-29 12:54:06 - [TEST_STEP][PASSED] - verifyElementVisible(findTestObject("Object Repository/1712612_Mattermost Object/Page_Town Square - another Mattermost/img__Avatar Avatar-lg"), STOP_ON_FAILURE): Object 'Object Repository/1712612_Mattermost Object/Page_Town Square - another Mattermost/img__Avatar Avatar-lg' is visible

2021-05-29 12:54:09 - [MESSAGE][PASSED] - Object 'Object Repository/1712612_Mattermost Object/Page_Town Square - another Mattermost/img__Avatar Avatar-lg' is visible

2021-05-29 12:54:09 - [MESSAGE][PASSED] - Call Test Case 'Test Cases/1712612/CommonTC/TC_Login' successfully

2021-05-29 12:54:09 - [TEST_STEP][PASSED] - navigateToUrl("https://mattermostwebapp.herokuapp.com/test-1712612/channels/invite-people-to-channel"): Navigate to 'https://mattermostwebapp.herokuapp.com/test-1712612/channels/invite-people-to-channel' successfully

2021-05-29 12:54:10 - [MESSAGE][PASSED] - Navigate to 'https://mattermostwebapp.herokuapp.com/test-1712612/channels/invite-people-to-channel' successfully

2021-05-29 12:54:10 - [TEST_STEP][PASSED] - click(findTestObject("Object Repository/1712612_Mattermost Object/Page_Invite people to channel - Test 171261_c46106/button_Invite others to this channel")): Object: 'Object Repository/1712612_Mattermost Object/Page_Invite people to channel - Test 171261_c46106/button_Invite others to this channel' is clicked on

2021-05-29 12:54:13 - [MESSAGE][PASSED] - Object: 'Object Repository/1712612_Mattermost Object/Page_Invite people to channel - Test 171261_c46106/button_Invite others to this channel' is clicked on

2021-05-29 12:54:13 - [TEST_STEP][FAILED] - click(findTestObject("Object Repository/1712612_Mattermost Object/Page_Invite people to channel - Test 171261_c46106/div_- abc string (string)_more-modal__actio_2ea070")): Unable to click on object 'Object Repository/1712612_Mattermost Object/Page_Invite people to channel - Test 171261_c46106/div_- abc string (string)_more-modal__actio_2ea070' (Root cause: com.kms.katalon.core.exception.StepFailedException: Unable to click on object 'Object Repository/1712612_Mattermost Object/Page_Invite people to channel - Test 171261_c46106/div_- abc string (string)_more-modal__actio_2ea070'
	at com.kms.katalon.core.webui.keyword.internal.WebUIKeywordMain.stepFailed(WebUIKeywordMain.groovy:64)
	at com.kms.katalon.core.webui.keyword.internal.WebUIKeywordMain.runKeyword(WebUIKeywordMain.groovy:26)
	at com.kms.katalon.core.webui.keyword.builtin.ClickKeyword.click(ClickKeyword.groovy:75)
	at com.kms.katalon.core.webui.keyword.builtin.ClickKeyword.execute(ClickKeyword.groovy:42)
	at com.kms.katalon.core.keyword.internal.KeywordExecutor.executeKeywordForPlatform(KeywordExecutor.groovy:73)
	at com.kms.katalon.core.webui.keyword.WebUiBuiltInKeywords.click(WebUiBuiltInKeywords.groovy:619)
	at com.kms.katalon.core.webui.keyword.WebUiBuiltInKeywords$click$3.call(Unknown Source)
	at TC19_InvitePeopleToChannel.run(TC19_InvitePeopleToChannel:28)
	at com.kms.katalon.core.main.ScriptEngine.run(ScriptEngine.java:194)
	at com.kms.katalon.core.main.ScriptEngine.runScriptAsRawText(ScriptEngine.java:119)
	at com.kms.katalon.core.main.TestCaseExecutor.runScript(TestCaseExecutor.java:398)
	at com.kms.katalon.core.main.TestCaseExecutor.doExecute(TestCaseExecutor.java:389)
	at com.kms.katalon.core.main.TestCaseExecutor.processExecutionPhase(TestCaseExecutor.java:368)
	at com.kms.katalon.core.main.TestCaseExecutor.accessMainPhase(TestCaseExecutor.java:360)
	at com.kms.katalon.core.main.TestCaseExecutor.execute(TestCaseExecutor.java:255)
	at com.kms.katalon.core.main.TestSuiteExecutor.accessTestCaseMainPhase(TestSuiteExecutor.java:203)
	at com.kms.katalon.core.main.TestSuiteExecutor.accessTestSuiteMainPhase(TestSuiteExecutor.java:152)
	at com.kms.katalon.core.main.TestSuiteExecutor.execute(TestSuiteExecutor.java:95)
	at com.kms.katalon.core.main.TestCaseMain.startTestSuite(TestCaseMain.java:157)
	at com.kms.katalon.core.main.TestCaseMain$startTestSuite$0.call(Unknown Source)
	at TempTestSuite1622266529644.run(TempTestSuite1622266529644.groovy:39)
Caused by: com.kms.katalon.core.webui.exception.WebElementNotFoundException: Web element with id: 'Object Repository/1712612_Mattermost Object/Page_Invite people to channel - Test 171261_c46106/div_- abc string (string)_more-modal__actio_2ea070' located by '//div[@id='multiSelectList']/div/div[2]/div' not found
	at com.kms.katalon.core.webui.common.WebUiCommonHelper.findWebElement(WebUiCommonHelper.java:1368)
	at com.kms.katalon.core.webui.keyword.internal.WebUIAbstractKeyword.findWebElement(WebUIAbstractKeyword.groovy:27)
	at com.kms.katalon.core.webui.keyword.internal.WebUIAbstractKeyword.findWebElement(WebUIAbstractKeyword.groovy:26)
	at com.kms.katalon.core.webui.keyword.builtin.ClickKeyword$_click_closure1.doCall(ClickKeyword.groovy:66)
	at com.kms.katalon.core.webui.keyword.builtin.ClickKeyword$_click_closure1.call(ClickKeyword.groovy)
	at com.kms.katalon.core.webui.keyword.internal.WebUIKeywordMain.runKeyword(WebUIKeywordMain.groovy:20)
	at com.kms.katalon.core.webui.keyword.builtin.ClickKeyword.click(ClickKeyword.groovy:75)
	at com.kms.katalon.core.webui.keyword.builtin.ClickKeyword.execute(ClickKeyword.groovy:42)
	at com.kms.katalon.core.keyword.internal.KeywordExecutor.executeKeywordForPlatform(KeywordExecutor.groovy:73)
	at com.kms.katalon.core.webui.keyword.WebUiBuiltInKeywords.click(WebUiBuiltInKeywords.groovy:619)
	at com.kms.katalon.core.webui.keyword.WebUiBuiltInKeywords$click$3.call(Unknown Source)
	at Script1621599979569.run(Script1621599979569.groovy:28)
	... 13 more
)

2021-05-29 12:54:45 - [MESSAGE][INFO] - Unable to find the element located by 'By.xpath: //div[@id='multiSelectList']/div/div[2]/div'. Please recheck the objects properties to make sure the desired element is located. 

2021-05-29 12:54:45 - [MESSAGE][FAILED] - Unable to click on object 'Object Repository/1712612_Mattermost Object/Page_Invite people to channel - Test 171261_c46106/div_- abc string (string)_more-modal__actio_2ea070' (Root cause: com.kms.katalon.core.exception.StepFailedException: Unable to click on object 'Object Repository/1712612_Mattermost Object/Page_Invite people to channel - Test 171261_c46106/div_- abc string (string)_more-modal__actio_2ea070'
	at com.kms.katalon.core.webui.keyword.internal.WebUIKeywordMain.stepFailed(WebUIKeywordMain.groovy:64)
	at com.kms.katalon.core.webui.keyword.internal.WebUIKeywordMain.runKeyword(WebUIKeywordMain.groovy:26)
	at com.kms.katalon.core.webui.keyword.builtin.ClickKeyword.click(ClickKeyword.groovy:75)
	at com.kms.katalon.core.webui.keyword.builtin.ClickKeyword.execute(ClickKeyword.groovy:42)
	at com.kms.katalon.core.keyword.internal.KeywordExecutor.executeKeywordForPlatform(KeywordExecutor.groovy:73)
	at com.kms.katalon.core.webui.keyword.WebUiBuiltInKeywords.click(WebUiBuiltInKeywords.groovy:619)
	at com.kms.katalon.core.webui.keyword.WebUiBuiltInKeywords$click$3.call(Unknown Source)
	at TC19_InvitePeopleToChannel.run(TC19_InvitePeopleToChannel:28)
	at com.kms.katalon.core.main.ScriptEngine.run(ScriptEngine.java:194)
	at com.kms.katalon.core.main.ScriptEngine.runScriptAsRawText(ScriptEngine.java:119)
	at com.kms.katalon.core.main.TestCaseExecutor.runScript(TestCaseExecutor.java:398)
	at com.kms.katalon.core.main.TestCaseExecutor.doExecute(TestCaseExecutor.java:389)
	at com.kms.katalon.core.main.TestCaseExecutor.processExecutionPhase(TestCaseExecutor.java:368)
	at com.kms.katalon.core.main.TestCaseExecutor.accessMainPhase(TestCaseExecutor.java:360)
	at com.kms.katalon.core.main.TestCaseExecutor.execute(TestCaseExecutor.java:255)
	at com.kms.katalon.core.main.TestSuiteExecutor.accessTestCaseMainPhase(TestSuiteExecutor.java:203)
	at com.kms.katalon.core.main.TestSuiteExecutor.accessTestSuiteMainPhase(TestSuiteExecutor.java:152)
	at com.kms.katalon.core.main.TestSuiteExecutor.execute(TestSuiteExecutor.java:95)
	at com.kms.katalon.core.main.TestCaseMain.startTestSuite(TestCaseMain.java:157)
	at com.kms.katalon.core.main.TestCaseMain$startTestSuite$0.call(Unknown Source)
	at TempTestSuite1622266529644.run(TempTestSuite1622266529644.groovy:39)
Caused by: com.kms.katalon.core.webui.exception.WebElementNotFoundException: Web element with id: 'Object Repository/1712612_Mattermost Object/Page_Invite people to channel - Test 171261_c46106/div_- abc string (string)_more-modal__actio_2ea070' located by '//div[@id='multiSelectList']/div/div[2]/div' not found
	at com.kms.katalon.core.webui.common.WebUiCommonHelper.findWebElement(WebUiCommonHelper.java:1368)
	at com.kms.katalon.core.webui.keyword.internal.WebUIAbstractKeyword.findWebElement(WebUIAbstractKeyword.groovy:27)
	at com.kms.katalon.core.webui.keyword.internal.WebUIAbstractKeyword.findWebElement(WebUIAbstractKeyword.groovy:26)
	at com.kms.katalon.core.webui.keyword.builtin.ClickKeyword$_click_closure1.doCall(ClickKeyword.groovy:66)
	at com.kms.katalon.core.webui.keyword.builtin.ClickKeyword$_click_closure1.call(ClickKeyword.groovy)
	at com.kms.katalon.core.webui.keyword.internal.WebUIKeywordMain.runKeyword(WebUIKeywordMain.groovy:20)
	at com.kms.katalon.core.webui.keyword.builtin.ClickKeyword.click(ClickKeyword.groovy:75)
	at com.kms.katalon.core.webui.keyword.builtin.ClickKeyword.execute(ClickKeyword.groovy:42)
	at com.kms.katalon.core.keyword.internal.KeywordExecutor.executeKeywordForPlatform(KeywordExecutor.groovy:73)
	at com.kms.katalon.core.webui.keyword.WebUiBuiltInKeywords.click(WebUiBuiltInKeywords.groovy:619)
	at com.kms.katalon.core.webui.keyword.WebUiBuiltInKeywords$click$3.call(Unknown Source)
	at Script1621599979569.run(Script1621599979569.groovy:28)
	... 13 more
)
[[ATTACHMENT|C:\\Users\\Bao Chau\\Katalon Studio\\Mattermost_AutoTesting\\Reports\\20210529_123529\\1612049\\Run all test cases\\20210529_123529\\1622267685085.png]]]]></system-out>
         <system-err><![CDATA[2021-05-29 12:53:54 - [TEST_CASE][FAILED] - Test Cases/1712612/TC19_InvitePeopleToChannel: Test Cases/1712612/TC19_InvitePeopleToChannel FAILED.
Reason:
com.kms.katalon.core.exception.StepFailedException: Unable to click on object 'Object Repository/1712612_Mattermost Object/Page_Invite people to channel - Test 171261_c46106/div_- abc string (string)_more-modal__actio_2ea070'
	at com.kms.katalon.core.webui.keyword.internal.WebUIKeywordMain.stepFailed(WebUIKeywordMain.groovy:64)
	at com.kms.katalon.core.webui.keyword.internal.WebUIKeywordMain.runKeyword(WebUIKeywordMain.groovy:26)
	at com.kms.katalon.core.webui.keyword.builtin.ClickKeyword.click(ClickKeyword.groovy:75)
	at com.kms.katalon.core.webui.keyword.builtin.ClickKeyword.execute(ClickKeyword.groovy:42)
	at com.kms.katalon.core.keyword.internal.KeywordExecutor.executeKeywordForPlatform(KeywordExecutor.groovy:73)
	at com.kms.katalon.core.webui.keyword.WebUiBuiltInKeywords.click(WebUiBuiltInKeywords.groovy:619)
	at com.kms.katalon.core.webui.keyword.WebUiBuiltInKeywords$click$3.call(Unknown Source)
	at TC19_InvitePeopleToChannel.run(TC19_InvitePeopleToChannel:28)
	at com.kms.katalon.core.main.ScriptEngine.run(ScriptEngine.java:194)
	at com.kms.katalon.core.main.ScriptEngine.runScriptAsRawText(ScriptEngine.java:119)
	at com.kms.katalon.core.main.TestCaseExecutor.runScript(TestCaseExecutor.java:398)
	at com.kms.katalon.core.main.TestCaseExecutor.doExecute(TestCaseExecutor.java:389)
	at com.kms.katalon.core.main.TestCaseExecutor.processExecutionPhase(TestCaseExecutor.java:368)
	at com.kms.katalon.core.main.TestCaseExecutor.accessMainPhase(TestCaseExecutor.java:360)
	at com.kms.katalon.core.main.TestCaseExecutor.execute(TestCaseExecutor.java:255)
	at com.kms.katalon.core.main.TestSuiteExecutor.accessTestCaseMainPhase(TestSuiteExecutor.java:203)
	at com.kms.katalon.core.main.TestSuiteExecutor.accessTestSuiteMainPhase(TestSuiteExecutor.java:152)
	at com.kms.katalon.core.main.TestSuiteExecutor.execute(TestSuiteExecutor.java:95)
	at com.kms.katalon.core.main.TestCaseMain.startTestSuite(TestCaseMain.java:157)
	at com.kms.katalon.core.main.TestCaseMain$startTestSuite$0.call(Unknown Source)
	at TempTestSuite1622266529644.run(TempTestSuite1622266529644.groovy:39)
Caused by: com.kms.katalon.core.webui.exception.WebElementNotFoundException: Web element with id: 'Object Repository/1712612_Mattermost Object/Page_Invite people to channel - Test 171261_c46106/div_- abc string (string)_more-modal__actio_2ea070' located by '//div[@id='multiSelectList']/div/div[2]/div' not found
	at com.kms.katalon.core.webui.common.WebUiCommonHelper.findWebElement(WebUiCommonHelper.java:1368)
	at com.kms.katalon.core.webui.keyword.internal.WebUIAbstractKeyword.findWebElement(WebUIAbstractKeyword.groovy:27)
	at com.kms.katalon.core.webui.keyword.internal.WebUIAbstractKeyword.findWebElement(WebUIAbstractKeyword.groovy:26)
	at com.kms.katalon.core.webui.keyword.builtin.ClickKeyword$_click_closure1.doCall(ClickKeyword.groovy:66)
	at com.kms.katalon.core.webui.keyword.builtin.ClickKeyword$_click_closure1.call(ClickKeyword.groovy)
	at com.kms.katalon.core.webui.keyword.internal.WebUIKeywordMain.runKeyword(WebUIKeywordMain.groovy:20)
	... 19 more]]></system-err>
      </testcase>
      <testcase name="Test Cases/1712612/TC22_UpdateChannelHeader" time="31.107" classname="Test Cases/1712612/TC22_UpdateChannelHeader" status="ERROR">
         <error type="ERROR" message="Test Cases/1712612/TC22_UpdateChannelHeader FAILED.
Reason:
java.lang.NullPointerException
	at com.kms.katalon.core.webui.keyword.builtin.VerifyElementTextKeyword.verifyElementText(VerifyElementTextKeyword.groovy:72)
	at com.kms.katalon.core.webui.keyword.builtin.VerifyElementTextKeyword.execute(VerifyElementTextKeyword.groovy:40)
	at com.kms.katalon.core.keyword.internal.KeywordExecutor.executeKeywordForPlatform(KeywordExecutor.groovy:73)
	at com.kms.katalon.core.webui.keyword.WebUiBuiltInKeywords.verifyElementText(WebUiBuiltInKeywords.groovy:4690)
	at com.kms.katalon.core.webui.keyword.WebUiBuiltInKeywords$verifyElementText$18.call(Unknown Source)
	at TC22_UpdateChannelHeader.run(TC22_UpdateChannelHeader:33)
	at com.kms.katalon.core.main.ScriptEngine.run(ScriptEngine.java:194)
	at com.kms.katalon.core.main.ScriptEngine.runScriptAsRawText(ScriptEngine.java:119)
	at com.kms.katalon.core.main.TestCaseExecutor.runScript(TestCaseExecutor.java:398)
	at com.kms.katalon.core.main.TestCaseExecutor.doExecute(TestCaseExecutor.java:389)
	at com.kms.katalon.core.main.TestCaseExecutor.processExecutionPhase(TestCaseExecutor.java:368)
	at com.kms.katalon.core.main.TestCaseExecutor.accessMainPhase(TestCaseExecutor.java:360)
	at com.kms.katalon.core.main.TestCaseExecutor.execute(TestCaseExecutor.java:255)
	at com.kms.katalon.core.main.TestSuiteExecutor.accessTestCaseMainPhase(TestSuiteExecutor.java:203)
	at com.kms.katalon.core.main.TestSuiteExecutor.accessTestSuiteMainPhase(TestSuiteExecutor.java:152)
	at com.kms.katalon.core.main.TestSuiteExecutor.execute(TestSuiteExecutor.java:95)
	at com.kms.katalon.core.main.TestCaseMain.startTestSuite(TestCaseMain.java:157)
	at com.kms.katalon.core.main.TestCaseMain$startTestSuite$0.call(Unknown Source)
	at TempTestSuite1622266529644.run(TempTestSuite1622266529644.groovy:39)
"/>
         <system-out><![CDATA[2021-05-29 12:54:45 - [TEST_CASE][ERROR] - Test Cases/1712612/TC22_UpdateChannelHeader: Test Cases/1712612/TC22_UpdateChannelHeader FAILED.
Reason:
java.lang.NullPointerException
	at com.kms.katalon.core.webui.keyword.builtin.VerifyElementTextKeyword.verifyElementText(VerifyElementTextKeyword.groovy:72)
	at com.kms.katalon.core.webui.keyword.builtin.VerifyElementTextKeyword.execute(VerifyElementTextKeyword.groovy:40)
	at com.kms.katalon.core.keyword.internal.KeywordExecutor.executeKeywordForPlatform(KeywordExecutor.groovy:73)
	at com.kms.katalon.core.webui.keyword.WebUiBuiltInKeywords.verifyElementText(WebUiBuiltInKeywords.groovy:4690)
	at com.kms.katalon.core.webui.keyword.WebUiBuiltInKeywords$verifyElementText$18.call(Unknown Source)
	at TC22_UpdateChannelHeader.run(TC22_UpdateChannelHeader:33)
	at com.kms.katalon.core.main.ScriptEngine.run(ScriptEngine.java:194)
	at com.kms.katalon.core.main.ScriptEngine.runScriptAsRawText(ScriptEngine.java:119)
	at com.kms.katalon.core.main.TestCaseExecutor.runScript(TestCaseExecutor.java:398)
	at com.kms.katalon.core.main.TestCaseExecutor.doExecute(TestCaseExecutor.java:389)
	at com.kms.katalon.core.main.TestCaseExecutor.processExecutionPhase(TestCaseExecutor.java:368)
	at com.kms.katalon.core.main.TestCaseExecutor.accessMainPhase(TestCaseExecutor.java:360)
	at com.kms.katalon.core.main.TestCaseExecutor.execute(TestCaseExecutor.java:255)
	at com.kms.katalon.core.main.TestSuiteExecutor.accessTestCaseMainPhase(TestSuiteExecutor.java:203)
	at com.kms.katalon.core.main.TestSuiteExecutor.accessTestSuiteMainPhase(TestSuiteExecutor.java:152)
	at com.kms.katalon.core.main.TestSuiteExecutor.execute(TestSuiteExecutor.java:95)
	at com.kms.katalon.core.main.TestCaseMain.startTestSuite(TestCaseMain.java:157)
	at com.kms.katalon.core.main.TestCaseMain$startTestSuite$0.call(Unknown Source)
	at TempTestSuite1622266529644.run(TempTestSuite1622266529644.groovy:39)


2021-05-29 12:54:45 - [TEST_STEP][PASSED] - callTestCase(findTestCase("1712612/CommonTC/TC_OpenPage"), [:], STOP_ON_FAILURE): Call Test Case 'Test Cases/1712612/CommonTC/TC_OpenPage' successfully

2021-05-29 12:54:45 - [TEST_CASE][PASSED] - Test Cases/1712612/CommonTC/TC_OpenPage: Test Cases/1712612/CommonTC/TC_OpenPage

2021-05-29 12:54:45 - [TEST_STEP][PASSED] - openBrowser(""): Browser is opened with url: ''

2021-05-29 12:54:45 - [MESSAGE][WARNING] - A browser is already opened. Closing browser and opening a new one

2021-05-29 12:54:46 - [MESSAGE][INFO] - Starting 'Chrome' driver

2021-05-29 12:54:46 - [MESSAGE][INFO] - Action delay is set to 0 milliseconds

2021-05-29 12:54:47 - [MESSAGE][PASSED] - Browser is opened with url: ''

2021-05-29 12:54:47 - [TEST_STEP][PASSED] - navigateToUrl("https://mattermostwebapp.herokuapp.com/login"): Navigate to 'https://mattermostwebapp.herokuapp.com/login' successfully

2021-05-29 12:54:50 - [MESSAGE][PASSED] - Navigate to 'https://mattermostwebapp.herokuapp.com/login' successfully

2021-05-29 12:54:50 - [MESSAGE][PASSED] - Call Test Case 'Test Cases/1712612/CommonTC/TC_OpenPage' successfully

2021-05-29 12:54:50 - [TEST_STEP][PASSED] - callTestCase(findTestCase("1712612/CommonTC/TC_Login"), [:], STOP_ON_FAILURE): Call Test Case 'Test Cases/1712612/CommonTC/TC_Login' successfully

2021-05-29 12:54:50 - [TEST_CASE][PASSED] - Test Cases/1712612/CommonTC/TC_Login: Test Cases/1712612/CommonTC/TC_Login

2021-05-29 12:54:50 - [TEST_STEP][PASSED] - verifyElementVisible(findTestObject("Object Repository/1712612_Mattermost Object/Page_Mattermost/input_login_username"), STOP_ON_FAILURE): Object 'Object Repository/1712612_Mattermost Object/Page_Mattermost/input_login_username' is visible

2021-05-29 12:54:56 - [MESSAGE][PASSED] - Object 'Object Repository/1712612_Mattermost Object/Page_Mattermost/input_login_username' is visible

2021-05-29 12:54:56 - [TEST_STEP][PASSED] - verifyElementVisible(findTestObject("Object Repository/1712612_Mattermost Object/Page_Mattermost/input_login_password"), STOP_ON_FAILURE): Object 'Object Repository/1712612_Mattermost Object/Page_Mattermost/input_login_password' is visible

2021-05-29 12:54:58 - [MESSAGE][PASSED] - Object 'Object Repository/1712612_Mattermost Object/Page_Mattermost/input_login_password' is visible

2021-05-29 12:54:58 - [TEST_STEP][PASSED] - setText(findTestObject("Object Repository/1712612_Mattermost Object/Page_Mattermost/input_login_username"), "nghi_tran"): Text 'nghi_tran' is set on object 'Object Repository/1712612_Mattermost Object/Page_Mattermost/input_login_username'

2021-05-29 12:55:02 - [MESSAGE][PASSED] - Text 'nghi_tran' is set on object 'Object Repository/1712612_Mattermost Object/Page_Mattermost/input_login_username'

2021-05-29 12:55:02 - [TEST_STEP][PASSED] - setEncryptedText(findTestObject("Object Repository/1712612_Mattermost Object/Page_Mattermost/input_login_password"), "KBlHou+hFmnFUOUwxwboiw=="): Text ****** has been set on object 'Object Repository/1712612_Mattermost Object/Page_Mattermost/input_login_password'

2021-05-29 12:55:04 - [MESSAGE][PASSED] - Text ****** has been set on object 'Object Repository/1712612_Mattermost Object/Page_Mattermost/input_login_password'

2021-05-29 12:55:04 - [TEST_STEP][PASSED] - click(findTestObject("Object Repository/1712612_Mattermost Object/Page_Mattermost/button_Sign in")): Object: 'Object Repository/1712612_Mattermost Object/Page_Mattermost/button_Sign in' is clicked on

2021-05-29 12:55:07 - [MESSAGE][PASSED] - Object: 'Object Repository/1712612_Mattermost Object/Page_Mattermost/button_Sign in' is clicked on

2021-05-29 12:55:07 - [TEST_STEP][PASSED] - verifyElementVisible(findTestObject("Object Repository/1712612_Mattermost Object/Page_Town Square - another Mattermost/img__Avatar Avatar-lg"), STOP_ON_FAILURE): Object 'Object Repository/1712612_Mattermost Object/Page_Town Square - another Mattermost/img__Avatar Avatar-lg' is visible

2021-05-29 12:55:10 - [MESSAGE][PASSED] - Object 'Object Repository/1712612_Mattermost Object/Page_Town Square - another Mattermost/img__Avatar Avatar-lg' is visible

2021-05-29 12:55:10 - [MESSAGE][PASSED] - Call Test Case 'Test Cases/1712612/CommonTC/TC_Login' successfully

2021-05-29 12:55:10 - [TEST_STEP][PASSED] - navigateToUrl("https://mattermostwebapp.herokuapp.com/test-1712612/channels/new-channel"): Navigate to 'https://mattermostwebapp.herokuapp.com/test-1712612/channels/new-channel' successfully

2021-05-29 12:55:11 - [MESSAGE][PASSED] - Navigate to 'https://mattermostwebapp.herokuapp.com/test-1712612/channels/new-channel' successfully

2021-05-29 12:55:11 - [TEST_STEP][PASSED] - click(findTestObject("Object Repository/1712612_Mattermost Object/Page_new channel - Test 1712612 Mattermost/button_Set a Header")): Object: 'Object Repository/1712612_Mattermost Object/Page_new channel - Test 1712612 Mattermost/button_Set a Header' is clicked on

2021-05-29 12:55:14 - [MESSAGE][PASSED] - Object: 'Object Repository/1712612_Mattermost Object/Page_new channel - Test 1712612 Mattermost/button_Set a Header' is clicked on

2021-05-29 12:55:14 - [TEST_STEP][PASSED] - setText(findTestObject("Object Repository/1712612_Mattermost Object/Page_new channel - Test 1712612 Mattermost/textarea_Hello World"), "Hello World, how are you?"): Text 'Hello World, how are you?' is set on object 'Object Repository/1712612_Mattermost Object/Page_new channel - Test 1712612 Mattermost/textarea_Hello World'

2021-05-29 12:55:15 - [MESSAGE][PASSED] - Text 'Hello World, how are you?' is set on object 'Object Repository/1712612_Mattermost Object/Page_new channel - Test 1712612 Mattermost/textarea_Hello World'

2021-05-29 12:55:15 - [TEST_STEP][PASSED] - click(findTestObject("Object Repository/1712612_Mattermost Object/Page_new channel - Test 1712612 Mattermost/button_Save")): Object: 'Object Repository/1712612_Mattermost Object/Page_new channel - Test 1712612 Mattermost/button_Save' is clicked on

2021-05-29 12:55:16 - [MESSAGE][PASSED] - Object: 'Object Repository/1712612_Mattermost Object/Page_new channel - Test 1712612 Mattermost/button_Save' is clicked on

2021-05-29 12:55:16 - [TEST_STEP][PASSED] - verifyElementText(findTestObject("Page_new channel - Test 1712612 Mattermost/p_Hello World, how are you"), "Hello World, how are you?"): Test object with id 'Object Repository/' does not exist

2021-05-29 12:55:16 - [MESSAGE][WARNING] - Test object with id 'Object Repository/Page_new channel - Test 1712612 Mattermost/p_Hello World, how are you' does not exist

2021-05-29 12:55:16 - [MESSAGE][WARNING] - Test object with id 'Object Repository/' does not exist]]></system-out>
         <system-err><![CDATA[2021-05-29 12:54:45 - [TEST_CASE][ERROR] - Test Cases/1712612/TC22_UpdateChannelHeader: Test Cases/1712612/TC22_UpdateChannelHeader FAILED.
Reason:
java.lang.NullPointerException
	at com.kms.katalon.core.webui.keyword.builtin.VerifyElementTextKeyword.verifyElementText(VerifyElementTextKeyword.groovy:72)
	at com.kms.katalon.core.webui.keyword.builtin.VerifyElementTextKeyword.execute(VerifyElementTextKeyword.groovy:40)
	at com.kms.katalon.core.keyword.internal.KeywordExecutor.executeKeywordForPlatform(KeywordExecutor.groovy:73)
	at com.kms.katalon.core.webui.keyword.WebUiBuiltInKeywords.verifyElementText(WebUiBuiltInKeywords.groovy:4690)
	at com.kms.katalon.core.webui.keyword.WebUiBuiltInKeywords$verifyElementText$18.call(Unknown Source)
	at TC22_UpdateChannelHeader.run(TC22_UpdateChannelHeader:33)
	at com.kms.katalon.core.main.ScriptEngine.run(ScriptEngine.java:194)
	at com.kms.katalon.core.main.ScriptEngine.runScriptAsRawText(ScriptEngine.java:119)
	at com.kms.katalon.core.main.TestCaseExecutor.runScript(TestCaseExecutor.java:398)
	at com.kms.katalon.core.main.TestCaseExecutor.doExecute(TestCaseExecutor.java:389)
	at com.kms.katalon.core.main.TestCaseExecutor.processExecutionPhase(TestCaseExecutor.java:368)
	at com.kms.katalon.core.main.TestCaseExecutor.accessMainPhase(TestCaseExecutor.java:360)
	at com.kms.katalon.core.main.TestCaseExecutor.execute(TestCaseExecutor.java:255)
	at com.kms.katalon.core.main.TestSuiteExecutor.accessTestCaseMainPhase(TestSuiteExecutor.java:203)
	at com.kms.katalon.core.main.TestSuiteExecutor.accessTestSuiteMainPhase(TestSuiteExecutor.java:152)
	at com.kms.katalon.core.main.TestSuiteExecutor.execute(TestSuiteExecutor.java:95)
	at com.kms.katalon.core.main.TestCaseMain.startTestSuite(TestCaseMain.java:157)
	at com.kms.katalon.core.main.TestCaseMain$startTestSuite$0.call(Unknown Source)
	at TempTestSuite1622266529644.run(TempTestSuite1622266529644.groovy:39)]]></system-err>
      </testcase>
      <testcase name="Test Cases/1712612/TC23_LeavePublicChannel" time="22.584" classname="Test Cases/1712612/TC23_LeavePublicChannel" status="FAILED">
         <failure type="FAILED" message="Test Cases/1712612/TC23_LeavePublicChannel FAILED.
Reason:
com.kms.katalon.core.exception.StepFailedException: Unable to set text
	at com.kms.katalon.core.webui.keyword.internal.WebUIKeywordMain.stepFailed(WebUIKeywordMain.groovy:64)
	at com.kms.katalon.core.webui.keyword.internal.WebUIKeywordMain.runKeyword(WebUIKeywordMain.groovy:26)
	at com.kms.katalon.core.webui.keyword.builtin.SetTextKeyword.setText(SetTextKeyword.groovy:66)
	at com.kms.katalon.core.webui.keyword.builtin.SetTextKeyword.execute(SetTextKeyword.groovy:37)
	at com.kms.katalon.core.keyword.internal.KeywordExecutor.executeKeywordForPlatform(KeywordExecutor.groovy:73)
	at com.kms.katalon.core.webui.keyword.WebUiBuiltInKeywords.setText(WebUiBuiltInKeywords.groovy:979)
	at com.kms.katalon.core.webui.keyword.WebUiBuiltInKeywords$setText$1.call(Unknown Source)
	at TC23_LeavePublicChannel.run(TC23_LeavePublicChannel:32)
	at com.kms.katalon.core.main.ScriptEngine.run(ScriptEngine.java:194)
	at com.kms.katalon.core.main.ScriptEngine.runScriptAsRawText(ScriptEngine.java:119)
	at com.kms.katalon.core.main.TestCaseExecutor.runScript(TestCaseExecutor.java:398)
	at com.kms.katalon.core.main.TestCaseExecutor.doExecute(TestCaseExecutor.java:389)
	at com.kms.katalon.core.main.TestCaseExecutor.processExecutionPhase(TestCaseExecutor.java:368)
	at com.kms.katalon.core.main.TestCaseExecutor.accessMainPhase(TestCaseExecutor.java:360)
	at com.kms.katalon.core.main.TestCaseExecutor.execute(TestCaseExecutor.java:255)
	at com.kms.katalon.core.main.TestSuiteExecutor.accessTestCaseMainPhase(TestSuiteExecutor.java:203)
	at com.kms.katalon.core.main.TestSuiteExecutor.accessTestSuiteMainPhase(TestSuiteExecutor.java:152)
	at com.kms.katalon.core.main.TestSuiteExecutor.execute(TestSuiteExecutor.java:95)
	at com.kms.katalon.core.main.TestCaseMain.startTestSuite(TestCaseMain.java:157)
	at com.kms.katalon.core.main.TestCaseMain$startTestSuite$0.call(Unknown Source)
	at TempTestSuite1622266529644.run(TempTestSuite1622266529644.groovy:39)
Caused by: java.lang.IllegalArgumentException: Object is null
	at com.kms.katalon.core.helper.KeywordHelper.checkTestObjectParameter(KeywordHelper.java:33)
	at com.kms.katalon.core.webui.keyword.builtin.SetTextKeyword$_setText_closure1.doCall(SetTextKeyword.groovy:45)
	at com.kms.katalon.core.webui.keyword.builtin.SetTextKeyword$_setText_closure1.call(SetTextKeyword.groovy)
	at com.kms.katalon.core.webui.keyword.internal.WebUIKeywordMain.runKeyword(WebUIKeywordMain.groovy:20)
	... 19 more
"/>
         <system-out><![CDATA[2021-05-29 12:55:16 - [TEST_CASE][FAILED] - Test Cases/1712612/TC23_LeavePublicChannel: Test Cases/1712612/TC23_LeavePublicChannel FAILED.
Reason:
com.kms.katalon.core.exception.StepFailedException: Unable to set text
	at com.kms.katalon.core.webui.keyword.internal.WebUIKeywordMain.stepFailed(WebUIKeywordMain.groovy:64)
	at com.kms.katalon.core.webui.keyword.internal.WebUIKeywordMain.runKeyword(WebUIKeywordMain.groovy:26)
	at com.kms.katalon.core.webui.keyword.builtin.SetTextKeyword.setText(SetTextKeyword.groovy:66)
	at com.kms.katalon.core.webui.keyword.builtin.SetTextKeyword.execute(SetTextKeyword.groovy:37)
	at com.kms.katalon.core.keyword.internal.KeywordExecutor.executeKeywordForPlatform(KeywordExecutor.groovy:73)
	at com.kms.katalon.core.webui.keyword.WebUiBuiltInKeywords.setText(WebUiBuiltInKeywords.groovy:979)
	at com.kms.katalon.core.webui.keyword.WebUiBuiltInKeywords$setText$1.call(Unknown Source)
	at TC23_LeavePublicChannel.run(TC23_LeavePublicChannel:32)
	at com.kms.katalon.core.main.ScriptEngine.run(ScriptEngine.java:194)
	at com.kms.katalon.core.main.ScriptEngine.runScriptAsRawText(ScriptEngine.java:119)
	at com.kms.katalon.core.main.TestCaseExecutor.runScript(TestCaseExecutor.java:398)
	at com.kms.katalon.core.main.TestCaseExecutor.doExecute(TestCaseExecutor.java:389)
	at com.kms.katalon.core.main.TestCaseExecutor.processExecutionPhase(TestCaseExecutor.java:368)
	at com.kms.katalon.core.main.TestCaseExecutor.accessMainPhase(TestCaseExecutor.java:360)
	at com.kms.katalon.core.main.TestCaseExecutor.execute(TestCaseExecutor.java:255)
	at com.kms.katalon.core.main.TestSuiteExecutor.accessTestCaseMainPhase(TestSuiteExecutor.java:203)
	at com.kms.katalon.core.main.TestSuiteExecutor.accessTestSuiteMainPhase(TestSuiteExecutor.java:152)
	at com.kms.katalon.core.main.TestSuiteExecutor.execute(TestSuiteExecutor.java:95)
	at com.kms.katalon.core.main.TestCaseMain.startTestSuite(TestCaseMain.java:157)
	at com.kms.katalon.core.main.TestCaseMain$startTestSuite$0.call(Unknown Source)
	at TempTestSuite1622266529644.run(TempTestSuite1622266529644.groovy:39)
Caused by: java.lang.IllegalArgumentException: Object is null
	at com.kms.katalon.core.helper.KeywordHelper.checkTestObjectParameter(KeywordHelper.java:33)
	at com.kms.katalon.core.webui.keyword.builtin.SetTextKeyword$_setText_closure1.doCall(SetTextKeyword.groovy:45)
	at com.kms.katalon.core.webui.keyword.builtin.SetTextKeyword$_setText_closure1.call(SetTextKeyword.groovy)
	at com.kms.katalon.core.webui.keyword.internal.WebUIKeywordMain.runKeyword(WebUIKeywordMain.groovy:20)
	... 19 more


2021-05-29 12:55:16 - [TEST_STEP][PASSED] - callTestCase(findTestCase("1712612/CommonTC/TC_OpenPage"), [:], STOP_ON_FAILURE): Call Test Case 'Test Cases/1712612/CommonTC/TC_OpenPage' successfully

2021-05-29 12:55:16 - [TEST_CASE][PASSED] - Test Cases/1712612/CommonTC/TC_OpenPage: Test Cases/1712612/CommonTC/TC_OpenPage

2021-05-29 12:55:16 - [TEST_STEP][PASSED] - openBrowser(""): Browser is opened with url: ''

2021-05-29 12:55:16 - [MESSAGE][WARNING] - A browser is already opened. Closing browser and opening a new one

2021-05-29 12:55:17 - [MESSAGE][INFO] - Starting 'Chrome' driver

2021-05-29 12:55:17 - [MESSAGE][INFO] - Action delay is set to 0 milliseconds

2021-05-29 12:55:18 - [MESSAGE][PASSED] - Browser is opened with url: ''

2021-05-29 12:55:18 - [TEST_STEP][PASSED] - navigateToUrl("https://mattermostwebapp.herokuapp.com/login"): Navigate to 'https://mattermostwebapp.herokuapp.com/login' successfully

2021-05-29 12:55:22 - [MESSAGE][PASSED] - Navigate to 'https://mattermostwebapp.herokuapp.com/login' successfully

2021-05-29 12:55:22 - [MESSAGE][PASSED] - Call Test Case 'Test Cases/1712612/CommonTC/TC_OpenPage' successfully

2021-05-29 12:55:22 - [TEST_STEP][PASSED] - callTestCase(findTestCase("1712612/CommonTC/TC_Login"), [:], STOP_ON_FAILURE): Call Test Case 'Test Cases/1712612/CommonTC/TC_Login' successfully

2021-05-29 12:55:22 - [TEST_CASE][PASSED] - Test Cases/1712612/CommonTC/TC_Login: Test Cases/1712612/CommonTC/TC_Login

2021-05-29 12:55:22 - [TEST_STEP][PASSED] - verifyElementVisible(findTestObject("Object Repository/1712612_Mattermost Object/Page_Mattermost/input_login_username"), STOP_ON_FAILURE): Object 'Object Repository/1712612_Mattermost Object/Page_Mattermost/input_login_username' is visible

2021-05-29 12:55:27 - [MESSAGE][PASSED] - Object 'Object Repository/1712612_Mattermost Object/Page_Mattermost/input_login_username' is visible

2021-05-29 12:55:27 - [TEST_STEP][PASSED] - verifyElementVisible(findTestObject("Object Repository/1712612_Mattermost Object/Page_Mattermost/input_login_password"), STOP_ON_FAILURE): Object 'Object Repository/1712612_Mattermost Object/Page_Mattermost/input_login_password' is visible

2021-05-29 12:55:28 - [MESSAGE][PASSED] - Object 'Object Repository/1712612_Mattermost Object/Page_Mattermost/input_login_password' is visible

2021-05-29 12:55:28 - [TEST_STEP][PASSED] - setText(findTestObject("Object Repository/1712612_Mattermost Object/Page_Mattermost/input_login_username"), "nghi_tran"): Text 'nghi_tran' is set on object 'Object Repository/1712612_Mattermost Object/Page_Mattermost/input_login_username'

2021-05-29 12:55:28 - [MESSAGE][PASSED] - Text 'nghi_tran' is set on object 'Object Repository/1712612_Mattermost Object/Page_Mattermost/input_login_username'

2021-05-29 12:55:28 - [TEST_STEP][PASSED] - setEncryptedText(findTestObject("Object Repository/1712612_Mattermost Object/Page_Mattermost/input_login_password"), "KBlHou+hFmnFUOUwxwboiw=="): Text ****** has been set on object 'Object Repository/1712612_Mattermost Object/Page_Mattermost/input_login_password'

2021-05-29 12:55:29 - [MESSAGE][PASSED] - Text ****** has been set on object 'Object Repository/1712612_Mattermost Object/Page_Mattermost/input_login_password'

2021-05-29 12:55:29 - [TEST_STEP][PASSED] - click(findTestObject("Object Repository/1712612_Mattermost Object/Page_Mattermost/button_Sign in")): Object: 'Object Repository/1712612_Mattermost Object/Page_Mattermost/button_Sign in' is clicked on

2021-05-29 12:55:30 - [MESSAGE][PASSED] - Object: 'Object Repository/1712612_Mattermost Object/Page_Mattermost/button_Sign in' is clicked on

2021-05-29 12:55:30 - [TEST_STEP][PASSED] - verifyElementVisible(findTestObject("Object Repository/1712612_Mattermost Object/Page_Town Square - another Mattermost/img__Avatar Avatar-lg"), STOP_ON_FAILURE): Object 'Object Repository/1712612_Mattermost Object/Page_Town Square - another Mattermost/img__Avatar Avatar-lg' is visible

2021-05-29 12:55:33 - [MESSAGE][PASSED] - Object 'Object Repository/1712612_Mattermost Object/Page_Town Square - another Mattermost/img__Avatar Avatar-lg' is visible

2021-05-29 12:55:33 - [MESSAGE][PASSED] - Call Test Case 'Test Cases/1712612/CommonTC/TC_Login' successfully

2021-05-29 12:55:33 - [TEST_STEP][PASSED] - navigateToUrl("https://mattermostwebapp.herokuapp.com/test-1712612/channels/leave-channel"): Navigate to 'https://mattermostwebapp.herokuapp.com/test-1712612/channels/leave-channel' successfully

2021-05-29 12:55:34 - [MESSAGE][PASSED] - Navigate to 'https://mattermostwebapp.herokuapp.com/test-1712612/channels/leave-channel' successfully

2021-05-29 12:55:34 - [TEST_STEP][PASSED] - click(findTestObject("Object Repository/1712612_Mattermost Object/Page_Leave Channel - Test 1712612 Mattermost/button_Leave Channel")): Object: 'Object Repository/1712612_Mattermost Object/Page_Leave Channel - Test 1712612 Mattermost/button_Leave Channel' is clicked on

2021-05-29 12:55:37 - [MESSAGE][PASSED] - Object: 'Object Repository/1712612_Mattermost Object/Page_Leave Channel - Test 1712612 Mattermost/button_Leave Channel' is clicked on

2021-05-29 12:55:37 - [TEST_STEP][PASSED] - click(findTestObject("Object Repository/1712612_Mattermost Object/Page_Leave Channel - Test 1712612 Mattermost/button_Leave Channel")): Object: 'Object Repository/1712612_Mattermost Object/Page_Leave Channel - Test 1712612 Mattermost/button_Leave Channel' is clicked on

2021-05-29 12:55:38 - [MESSAGE][PASSED] - Object: 'Object Repository/1712612_Mattermost Object/Page_Leave Channel - Test 1712612 Mattermost/button_Leave Channel' is clicked on

2021-05-29 12:55:38 - [TEST_STEP][PASSED] - click(findTestObject("Object Repository/1712612_Mattermost Object/Page_Town Square - Test 1712612 Mattermost/button_More")): Object: 'Object Repository/1712612_Mattermost Object/Page_Town Square - Test 1712612 Mattermost/button_More' is clicked on

2021-05-29 12:55:38 - [MESSAGE][PASSED] - Object: 'Object Repository/1712612_Mattermost Object/Page_Town Square - Test 1712612 Mattermost/button_More' is clicked on

2021-05-29 12:55:38 - [TEST_STEP][FAILED] - setText(findTestObject("Page_Town Square - Test 1712612 Mattermost/input_Create Channel_searchChannelsTextbox"), "Leave Channel"): Unable to set text (Root cause: com.kms.katalon.core.exception.StepFailedException: Unable to set text
	at com.kms.katalon.core.webui.keyword.internal.WebUIKeywordMain.stepFailed(WebUIKeywordMain.groovy:64)
	at com.kms.katalon.core.webui.keyword.internal.WebUIKeywordMain.runKeyword(WebUIKeywordMain.groovy:26)
	at com.kms.katalon.core.webui.keyword.builtin.SetTextKeyword.setText(SetTextKeyword.groovy:66)
	at com.kms.katalon.core.webui.keyword.builtin.SetTextKeyword.execute(SetTextKeyword.groovy:37)
	at com.kms.katalon.core.keyword.internal.KeywordExecutor.executeKeywordForPlatform(KeywordExecutor.groovy:73)
	at com.kms.katalon.core.webui.keyword.WebUiBuiltInKeywords.setText(WebUiBuiltInKeywords.groovy:979)
	at com.kms.katalon.core.webui.keyword.WebUiBuiltInKeywords$setText$1.call(Unknown Source)
	at TC23_LeavePublicChannel.run(TC23_LeavePublicChannel:32)
	at com.kms.katalon.core.main.ScriptEngine.run(ScriptEngine.java:194)
	at com.kms.katalon.core.main.ScriptEngine.runScriptAsRawText(ScriptEngine.java:119)
	at com.kms.katalon.core.main.TestCaseExecutor.runScript(TestCaseExecutor.java:398)
	at com.kms.katalon.core.main.TestCaseExecutor.doExecute(TestCaseExecutor.java:389)
	at com.kms.katalon.core.main.TestCaseExecutor.processExecutionPhase(TestCaseExecutor.java:368)
	at com.kms.katalon.core.main.TestCaseExecutor.accessMainPhase(TestCaseExecutor.java:360)
	at com.kms.katalon.core.main.TestCaseExecutor.execute(TestCaseExecutor.java:255)
	at com.kms.katalon.core.main.TestSuiteExecutor.accessTestCaseMainPhase(TestSuiteExecutor.java:203)
	at com.kms.katalon.core.main.TestSuiteExecutor.accessTestSuiteMainPhase(TestSuiteExecutor.java:152)
	at com.kms.katalon.core.main.TestSuiteExecutor.execute(TestSuiteExecutor.java:95)
	at com.kms.katalon.core.main.TestCaseMain.startTestSuite(TestCaseMain.java:157)
	at com.kms.katalon.core.main.TestCaseMain$startTestSuite$0.call(Unknown Source)
	at TempTestSuite1622266529644.run(TempTestSuite1622266529644.groovy:39)
Caused by: java.lang.IllegalArgumentException: Object is null
	at com.kms.katalon.core.helper.KeywordHelper.checkTestObjectParameter(KeywordHelper.java:33)
	at com.kms.katalon.core.webui.keyword.builtin.SetTextKeyword$_setText_closure1.doCall(SetTextKeyword.groovy:45)
	at com.kms.katalon.core.webui.keyword.builtin.SetTextKeyword$_setText_closure1.call(SetTextKeyword.groovy)
	at com.kms.katalon.core.webui.keyword.internal.WebUIKeywordMain.runKeyword(WebUIKeywordMain.groovy:20)
	at com.kms.katalon.core.webui.keyword.builtin.SetTextKeyword.setText(SetTextKeyword.groovy:66)
	at com.kms.katalon.core.webui.keyword.builtin.SetTextKeyword.execute(SetTextKeyword.groovy:37)
	at com.kms.katalon.core.keyword.internal.KeywordExecutor.executeKeywordForPlatform(KeywordExecutor.groovy:73)
	at com.kms.katalon.core.webui.keyword.WebUiBuiltInKeywords.setText(WebUiBuiltInKeywords.groovy:979)
	at com.kms.katalon.core.webui.keyword.WebUiBuiltInKeywords$setText$1.call(Unknown Source)
	at Script1621656510505.run(Script1621656510505.groovy:32)
	... 13 more
)

2021-05-29 12:55:38 - [MESSAGE][WARNING] - Test object with id 'Object Repository/Page_Town Square - Test 1712612 Mattermost/input_Create Channel_searchChannelsTextbox' does not exist

2021-05-29 12:55:38 - [MESSAGE][WARNING] - Test object with id 'Object Repository/' does not exist

2021-05-29 12:55:38 - [MESSAGE][FAILED] - Unable to set text (Root cause: com.kms.katalon.core.exception.StepFailedException: Unable to set text
	at com.kms.katalon.core.webui.keyword.internal.WebUIKeywordMain.stepFailed(WebUIKeywordMain.groovy:64)
	at com.kms.katalon.core.webui.keyword.internal.WebUIKeywordMain.runKeyword(WebUIKeywordMain.groovy:26)
	at com.kms.katalon.core.webui.keyword.builtin.SetTextKeyword.setText(SetTextKeyword.groovy:66)
	at com.kms.katalon.core.webui.keyword.builtin.SetTextKeyword.execute(SetTextKeyword.groovy:37)
	at com.kms.katalon.core.keyword.internal.KeywordExecutor.executeKeywordForPlatform(KeywordExecutor.groovy:73)
	at com.kms.katalon.core.webui.keyword.WebUiBuiltInKeywords.setText(WebUiBuiltInKeywords.groovy:979)
	at com.kms.katalon.core.webui.keyword.WebUiBuiltInKeywords$setText$1.call(Unknown Source)
	at TC23_LeavePublicChannel.run(TC23_LeavePublicChannel:32)
	at com.kms.katalon.core.main.ScriptEngine.run(ScriptEngine.java:194)
	at com.kms.katalon.core.main.ScriptEngine.runScriptAsRawText(ScriptEngine.java:119)
	at com.kms.katalon.core.main.TestCaseExecutor.runScript(TestCaseExecutor.java:398)
	at com.kms.katalon.core.main.TestCaseExecutor.doExecute(TestCaseExecutor.java:389)
	at com.kms.katalon.core.main.TestCaseExecutor.processExecutionPhase(TestCaseExecutor.java:368)
	at com.kms.katalon.core.main.TestCaseExecutor.accessMainPhase(TestCaseExecutor.java:360)
	at com.kms.katalon.core.main.TestCaseExecutor.execute(TestCaseExecutor.java:255)
	at com.kms.katalon.core.main.TestSuiteExecutor.accessTestCaseMainPhase(TestSuiteExecutor.java:203)
	at com.kms.katalon.core.main.TestSuiteExecutor.accessTestSuiteMainPhase(TestSuiteExecutor.java:152)
	at com.kms.katalon.core.main.TestSuiteExecutor.execute(TestSuiteExecutor.java:95)
	at com.kms.katalon.core.main.TestCaseMain.startTestSuite(TestCaseMain.java:157)
	at com.kms.katalon.core.main.TestCaseMain$startTestSuite$0.call(Unknown Source)
	at TempTestSuite1622266529644.run(TempTestSuite1622266529644.groovy:39)
Caused by: java.lang.IllegalArgumentException: Object is null
	at com.kms.katalon.core.helper.KeywordHelper.checkTestObjectParameter(KeywordHelper.java:33)
	at com.kms.katalon.core.webui.keyword.builtin.SetTextKeyword$_setText_closure1.doCall(SetTextKeyword.groovy:45)
	at com.kms.katalon.core.webui.keyword.builtin.SetTextKeyword$_setText_closure1.call(SetTextKeyword.groovy)
	at com.kms.katalon.core.webui.keyword.internal.WebUIKeywordMain.runKeyword(WebUIKeywordMain.groovy:20)
	at com.kms.katalon.core.webui.keyword.builtin.SetTextKeyword.setText(SetTextKeyword.groovy:66)
	at com.kms.katalon.core.webui.keyword.builtin.SetTextKeyword.execute(SetTextKeyword.groovy:37)
	at com.kms.katalon.core.keyword.internal.KeywordExecutor.executeKeywordForPlatform(KeywordExecutor.groovy:73)
	at com.kms.katalon.core.webui.keyword.WebUiBuiltInKeywords.setText(WebUiBuiltInKeywords.groovy:979)
	at com.kms.katalon.core.webui.keyword.WebUiBuiltInKeywords$setText$1.call(Unknown Source)
	at Script1621656510505.run(Script1621656510505.groovy:32)
	... 13 more
)
[[ATTACHMENT|C:\\Users\\Bao Chau\\Katalon Studio\\Mattermost_AutoTesting\\Reports\\20210529_123529\\1612049\\Run all test cases\\20210529_123529\\1622267738696.png]]]]></system-out>
         <system-err><![CDATA[2021-05-29 12:55:16 - [TEST_CASE][FAILED] - Test Cases/1712612/TC23_LeavePublicChannel: Test Cases/1712612/TC23_LeavePublicChannel FAILED.
Reason:
com.kms.katalon.core.exception.StepFailedException: Unable to set text
	at com.kms.katalon.core.webui.keyword.internal.WebUIKeywordMain.stepFailed(WebUIKeywordMain.groovy:64)
	at com.kms.katalon.core.webui.keyword.internal.WebUIKeywordMain.runKeyword(WebUIKeywordMain.groovy:26)
	at com.kms.katalon.core.webui.keyword.builtin.SetTextKeyword.setText(SetTextKeyword.groovy:66)
	at com.kms.katalon.core.webui.keyword.builtin.SetTextKeyword.execute(SetTextKeyword.groovy:37)
	at com.kms.katalon.core.keyword.internal.KeywordExecutor.executeKeywordForPlatform(KeywordExecutor.groovy:73)
	at com.kms.katalon.core.webui.keyword.WebUiBuiltInKeywords.setText(WebUiBuiltInKeywords.groovy:979)
	at com.kms.katalon.core.webui.keyword.WebUiBuiltInKeywords$setText$1.call(Unknown Source)
	at TC23_LeavePublicChannel.run(TC23_LeavePublicChannel:32)
	at com.kms.katalon.core.main.ScriptEngine.run(ScriptEngine.java:194)
	at com.kms.katalon.core.main.ScriptEngine.runScriptAsRawText(ScriptEngine.java:119)
	at com.kms.katalon.core.main.TestCaseExecutor.runScript(TestCaseExecutor.java:398)
	at com.kms.katalon.core.main.TestCaseExecutor.doExecute(TestCaseExecutor.java:389)
	at com.kms.katalon.core.main.TestCaseExecutor.processExecutionPhase(TestCaseExecutor.java:368)
	at com.kms.katalon.core.main.TestCaseExecutor.accessMainPhase(TestCaseExecutor.java:360)
	at com.kms.katalon.core.main.TestCaseExecutor.execute(TestCaseExecutor.java:255)
	at com.kms.katalon.core.main.TestSuiteExecutor.accessTestCaseMainPhase(TestSuiteExecutor.java:203)
	at com.kms.katalon.core.main.TestSuiteExecutor.accessTestSuiteMainPhase(TestSuiteExecutor.java:152)
	at com.kms.katalon.core.main.TestSuiteExecutor.execute(TestSuiteExecutor.java:95)
	at com.kms.katalon.core.main.TestCaseMain.startTestSuite(TestCaseMain.java:157)
	at com.kms.katalon.core.main.TestCaseMain$startTestSuite$0.call(Unknown Source)
	at TempTestSuite1622266529644.run(TempTestSuite1622266529644.groovy:39)
Caused by: java.lang.IllegalArgumentException: Object is null
	at com.kms.katalon.core.helper.KeywordHelper.checkTestObjectParameter(KeywordHelper.java:33)
	at com.kms.katalon.core.webui.keyword.builtin.SetTextKeyword$_setText_closure1.doCall(SetTextKeyword.groovy:45)
	at com.kms.katalon.core.webui.keyword.builtin.SetTextKeyword$_setText_closure1.call(SetTextKeyword.groovy)
	at com.kms.katalon.core.webui.keyword.internal.WebUIKeywordMain.runKeyword(WebUIKeywordMain.groovy:20)
	... 19 more]]></system-err>
      </testcase>
      <testcase name="Test Cases/1712612/TC24_LeavePrivateChannel" time="20.357" classname="Test Cases/1712612/TC24_LeavePrivateChannel" status="PASSED">
         <system-out><![CDATA[2021-05-29 12:55:38 - [TEST_CASE][PASSED] - Test Cases/1712612/TC24_LeavePrivateChannel: Test Cases/1712612/TC24_LeavePrivateChannel

2021-05-29 12:55:39 - [TEST_STEP][PASSED] - callTestCase(findTestCase("1712612/CommonTC/TC_OpenPage"), [:], STOP_ON_FAILURE): Call Test Case 'Test Cases/1712612/CommonTC/TC_OpenPage' successfully

2021-05-29 12:55:39 - [TEST_CASE][PASSED] - Test Cases/1712612/CommonTC/TC_OpenPage: Test Cases/1712612/CommonTC/TC_OpenPage

2021-05-29 12:55:39 - [TEST_STEP][PASSED] - openBrowser(""): Browser is opened with url: ''

2021-05-29 12:55:39 - [MESSAGE][WARNING] - A browser is already opened. Closing browser and opening a new one

2021-05-29 12:55:39 - [MESSAGE][INFO] - Starting 'Chrome' driver

2021-05-29 12:55:39 - [MESSAGE][INFO] - Action delay is set to 0 milliseconds

2021-05-29 12:55:41 - [MESSAGE][PASSED] - Browser is opened with url: ''

2021-05-29 12:55:41 - [TEST_STEP][PASSED] - navigateToUrl("https://mattermostwebapp.herokuapp.com/login"): Navigate to 'https://mattermostwebapp.herokuapp.com/login' successfully

2021-05-29 12:55:44 - [MESSAGE][PASSED] - Navigate to 'https://mattermostwebapp.herokuapp.com/login' successfully

2021-05-29 12:55:44 - [MESSAGE][PASSED] - Call Test Case 'Test Cases/1712612/CommonTC/TC_OpenPage' successfully

2021-05-29 12:55:44 - [TEST_STEP][PASSED] - callTestCase(findTestCase("1712612/CommonTC/TC_Login"), [:], STOP_ON_FAILURE): Call Test Case 'Test Cases/1712612/CommonTC/TC_Login' successfully

2021-05-29 12:55:44 - [TEST_CASE][PASSED] - Test Cases/1712612/CommonTC/TC_Login: Test Cases/1712612/CommonTC/TC_Login

2021-05-29 12:55:44 - [TEST_STEP][PASSED] - verifyElementVisible(findTestObject("Object Repository/1712612_Mattermost Object/Page_Mattermost/input_login_username"), STOP_ON_FAILURE): Object 'Object Repository/1712612_Mattermost Object/Page_Mattermost/input_login_username' is visible

2021-05-29 12:55:49 - [MESSAGE][PASSED] - Object 'Object Repository/1712612_Mattermost Object/Page_Mattermost/input_login_username' is visible

2021-05-29 12:55:49 - [TEST_STEP][PASSED] - verifyElementVisible(findTestObject("Object Repository/1712612_Mattermost Object/Page_Mattermost/input_login_password"), STOP_ON_FAILURE): Object 'Object Repository/1712612_Mattermost Object/Page_Mattermost/input_login_password' is visible

2021-05-29 12:55:49 - [MESSAGE][PASSED] - Object 'Object Repository/1712612_Mattermost Object/Page_Mattermost/input_login_password' is visible

2021-05-29 12:55:49 - [TEST_STEP][PASSED] - setText(findTestObject("Object Repository/1712612_Mattermost Object/Page_Mattermost/input_login_username"), "nghi_tran"): Text 'nghi_tran' is set on object 'Object Repository/1712612_Mattermost Object/Page_Mattermost/input_login_username'

2021-05-29 12:55:50 - [MESSAGE][PASSED] - Text 'nghi_tran' is set on object 'Object Repository/1712612_Mattermost Object/Page_Mattermost/input_login_username'

2021-05-29 12:55:50 - [TEST_STEP][PASSED] - setEncryptedText(findTestObject("Object Repository/1712612_Mattermost Object/Page_Mattermost/input_login_password"), "KBlHou+hFmnFUOUwxwboiw=="): Text ****** has been set on object 'Object Repository/1712612_Mattermost Object/Page_Mattermost/input_login_password'

2021-05-29 12:55:50 - [MESSAGE][PASSED] - Text ****** has been set on object 'Object Repository/1712612_Mattermost Object/Page_Mattermost/input_login_password'

2021-05-29 12:55:50 - [TEST_STEP][PASSED] - click(findTestObject("Object Repository/1712612_Mattermost Object/Page_Mattermost/button_Sign in")): Object: 'Object Repository/1712612_Mattermost Object/Page_Mattermost/button_Sign in' is clicked on

2021-05-29 12:55:51 - [MESSAGE][PASSED] - Object: 'Object Repository/1712612_Mattermost Object/Page_Mattermost/button_Sign in' is clicked on

2021-05-29 12:55:51 - [TEST_STEP][PASSED] - verifyElementVisible(findTestObject("Object Repository/1712612_Mattermost Object/Page_Town Square - another Mattermost/img__Avatar Avatar-lg"), STOP_ON_FAILURE): Object 'Object Repository/1712612_Mattermost Object/Page_Town Square - another Mattermost/img__Avatar Avatar-lg' is visible

2021-05-29 12:55:54 - [MESSAGE][PASSED] - Object 'Object Repository/1712612_Mattermost Object/Page_Town Square - another Mattermost/img__Avatar Avatar-lg' is visible

2021-05-29 12:55:54 - [MESSAGE][PASSED] - Call Test Case 'Test Cases/1712612/CommonTC/TC_Login' successfully

2021-05-29 12:55:54 - [TEST_STEP][PASSED] - navigateToUrl("https://mattermostwebapp.herokuapp.com/test-1712612/channels/hello"): Navigate to 'https://mattermostwebapp.herokuapp.com/test-1712612/channels/hello' successfully

2021-05-29 12:55:54 - [MESSAGE][PASSED] - Navigate to 'https://mattermostwebapp.herokuapp.com/test-1712612/channels/hello' successfully

2021-05-29 12:55:54 - [TEST_STEP][PASSED] - click(findTestObject("Object Repository/1712612_Mattermost Object/Page_hello - Test 1712612 Mattermost/span_hello_channelHeaderDropdownIcon")): Object: 'Object Repository/1712612_Mattermost Object/Page_hello - Test 1712612 Mattermost/span_hello_channelHeaderDropdownIcon' is clicked on

2021-05-29 12:55:58 - [MESSAGE][PASSED] - Object: 'Object Repository/1712612_Mattermost Object/Page_hello - Test 1712612 Mattermost/span_hello_channelHeaderDropdownIcon' is clicked on

2021-05-29 12:55:58 - [TEST_STEP][PASSED] - click(findTestObject("Object Repository/1712612_Mattermost Object/Page_hello - Test 1712612 Mattermost/button_Leave Channel")): Object: 'Object Repository/1712612_Mattermost Object/Page_hello - Test 1712612 Mattermost/button_Leave Channel' is clicked on

2021-05-29 12:55:58 - [MESSAGE][PASSED] - Object: 'Object Repository/1712612_Mattermost Object/Page_hello - Test 1712612 Mattermost/button_Leave Channel' is clicked on

2021-05-29 12:55:58 - [TEST_STEP][PASSED] - click(findTestObject("Object Repository/1712612_Mattermost Object/Page_hello - Test 1712612 Mattermost/button_Yes, leave channel")): Object: 'Object Repository/1712612_Mattermost Object/Page_hello - Test 1712612 Mattermost/button_Yes, leave channel' is clicked on

2021-05-29 12:55:59 - [MESSAGE][PASSED] - Object: 'Object Repository/1712612_Mattermost Object/Page_hello - Test 1712612 Mattermost/button_Yes, leave channel' is clicked on]]></system-out>
         <system-err><![CDATA[]]></system-err>
      </testcase>
      <testcase name="Test Cases/1612049/TC35_SendDirectMessage" time="56.766" classname="Test Cases/1612049/TC35_SendDirectMessage" status="PASSED">
         <system-out><![CDATA[2021-05-29 12:55:59 - [TEST_CASE][PASSED] - Test Cases/1612049/TC35_SendDirectMessage: Test Cases/1612049/TC35_SendDirectMessage

2021-05-29 12:55:59 - [TEST_STEP][PASSED] - openBrowser(""): Browser is opened with url: ''

2021-05-29 12:55:59 - [MESSAGE][WARNING] - A browser is already opened. Closing browser and opening a new one

2021-05-29 12:56:00 - [MESSAGE][INFO] - Starting 'Chrome' driver

2021-05-29 12:56:00 - [MESSAGE][INFO] - Action delay is set to 0 milliseconds

2021-05-29 12:56:01 - [MESSAGE][PASSED] - Browser is opened with url: ''

2021-05-29 12:56:01 - [TEST_STEP][PASSED] - navigateToUrl("https://mattermostwebapp.herokuapp.com/"): Navigate to 'https://mattermostwebapp.herokuapp.com/' successfully

2021-05-29 12:56:04 - [MESSAGE][PASSED] - Navigate to 'https://mattermostwebapp.herokuapp.com/' successfully

2021-05-29 12:56:04 - [TEST_STEP][PASSED] - callTestCase(findTestCase("1612049/CommonTC/CTC_Login"), ["username":"jooie", "password":"6z6Vi2R3i06jbzaqW0pQ8Q=="], STOP_ON_FAILURE): Call Test Case 'Test Cases/1612049/CommonTC/CTC_Login' successfully

2021-05-29 12:56:04 - [TEST_CASE][PASSED] - Test Cases/1612049/CommonTC/CTC_Login: Test Cases/1612049/CommonTC/CTC_Login

2021-05-29 12:56:05 - [TEST_STEP][PASSED] - setText(findTestObject("1612049/Login_Screen/input_LoginID"), username): Text 'jooie' is set on object 'Object Repository/1612049/Login_Screen/input_LoginID'

2021-05-29 12:56:09 - [MESSAGE][PASSED] - Text 'jooie' is set on object 'Object Repository/1612049/Login_Screen/input_LoginID'

2021-05-29 12:56:09 - [TEST_STEP][PASSED] - setEncryptedText(findTestObject("1612049/Login_Screen/input_LoginPassword"), password): Text ****** has been set on object 'Object Repository/1612049/Login_Screen/input_LoginPassword'

2021-05-29 12:56:09 - [MESSAGE][PASSED] - Text ****** has been set on object 'Object Repository/1612049/Login_Screen/input_LoginPassword'

2021-05-29 12:56:09 - [TEST_STEP][PASSED] - click(findTestObject("1612049/Login_Screen/btn_Signin")): Object: 'Object Repository/1612049/Login_Screen/btn_Signin' is clicked on

2021-05-29 12:56:10 - [MESSAGE][PASSED] - Object: 'Object Repository/1612049/Login_Screen/btn_Signin' is clicked on

2021-05-29 12:56:10 - [MESSAGE][PASSED] - Call Test Case 'Test Cases/1612049/CommonTC/CTC_Login' successfully

2021-05-29 12:56:10 - [TEST_STEP][PASSED] - for ([i = 1, i <= 5, i += 1]): null

2021-05-29 12:56:10 - [TEST_STEP][PASSED] - click(findTestObject("1612049/Left_Sidebar/Direct_Messages/btn_AddDirectMessage")): Object: 'Object Repository/1612049/Left_Sidebar/Direct_Messages/btn_AddDirectMessage' is clicked on

2021-05-29 12:56:14 - [MESSAGE][PASSED] - Object: 'Object Repository/1612049/Left_Sidebar/Direct_Messages/btn_AddDirectMessage' is clicked on

2021-05-29 12:56:14 - [TEST_STEP][PASSED] - setText(findTestObject("1612049/Left_Sidebar/Direct_Messages/AddDirectMessage_Dialog/input_UsernameForDirectMessage"), findTestData("1612049/Data TC35 SendDirectMessage").getValue(1, i)): Text 'huykhoi' is set on object 'Object Repository/1612049/Left_Sidebar/Direct_Messages/AddDirectMessage_Dialog/input_UsernameForDirectMessage'

2021-05-29 12:56:15 - [MESSAGE][PASSED] - Text 'huykhoi' is set on object 'Object Repository/1612049/Left_Sidebar/Direct_Messages/AddDirectMessage_Dialog/input_UsernameForDirectMessage'

2021-05-29 12:56:15 - [TEST_STEP][PASSED] - if (verifyElementPresent(findTestObject("1612049/Left_Sidebar/Direct_Messages/AddDirectMessage_Dialog/div_FirstSearchUsernameResult"), 10, CONTINUE_ON_FAILURE)): null

2021-05-29 12:56:16 - [MESSAGE][PASSED] - Object 'Object Repository/1612049/Left_Sidebar/Direct_Messages/AddDirectMessage_Dialog/div_FirstSearchUsernameResult' is present

2021-05-29 12:56:16 - [TEST_STEP][PASSED] - sendKeys(findTestObject("1612049/Left_Sidebar/Direct_Messages/AddDirectMessage_Dialog/input_UsernameForDirectMessage"), Keys.chord(ENTER)): Keys 'ENTER + ' sent to object: 'Object Repository/1612049/Left_Sidebar/Direct_Messages/AddDirectMessage_Dialog/input_UsernameForDirectMessage'

2021-05-29 12:56:17 - [MESSAGE][PASSED] - Keys 'ENTER + ' sent to object: 'Object Repository/1612049/Left_Sidebar/Direct_Messages/AddDirectMessage_Dialog/input_UsernameForDirectMessage'

2021-05-29 12:56:17 - [TEST_STEP][PASSED] - click(findTestObject("1612049/Left_Sidebar/Direct_Messages/AddDirectMessage_Dialog/btn_SubmitUsernameForDirectMessage")): Object: 'Object Repository/1612049/Left_Sidebar/Direct_Messages/AddDirectMessage_Dialog/btn_SubmitUsernameForDirectMessage' is clicked on

2021-05-29 12:56:18 - [MESSAGE][PASSED] - Object: 'Object Repository/1612049/Left_Sidebar/Direct_Messages/AddDirectMessage_Dialog/btn_SubmitUsernameForDirectMessage' is clicked on

2021-05-29 12:56:18 - [TEST_STEP][PASSED] - setText(findTestObject("1612049/Posts_Area/Posts_Create/input_Message"), "Hello, " + findTestData("1612049/Data TC35 SendDirectMessage").getValue(1, i)): Text 'Hello, huykhoi' is set on object 'Object Repository/1612049/Posts_Area/Posts_Create/input_Message'

2021-05-29 12:56:19 - [MESSAGE][PASSED] - Text 'Hello, huykhoi' is set on object 'Object Repository/1612049/Posts_Area/Posts_Create/input_Message'

2021-05-29 12:56:19 - [TEST_STEP][PASSED] - sendKeys(findTestObject("1612049/Posts_Area/Posts_Create/input_Message"), Keys.chord(ENTER)): Keys 'ENTER + ' sent to object: 'Object Repository/1612049/Posts_Area/Posts_Create/input_Message'

2021-05-29 12:56:20 - [MESSAGE][PASSED] - Keys 'ENTER + ' sent to object: 'Object Repository/1612049/Posts_Area/Posts_Create/input_Message'

2021-05-29 12:56:20 - [TEST_STEP][PASSED] - Thread.sleep(2000): null

2021-05-29 12:56:22 - [TEST_STEP][PASSED] - click(findTestObject("1612049/Left_Sidebar/Direct_Messages/btn_AddDirectMessage")): Object: 'Object Repository/1612049/Left_Sidebar/Direct_Messages/btn_AddDirectMessage' is clicked on

2021-05-29 12:56:22 - [MESSAGE][PASSED] - Object: 'Object Repository/1612049/Left_Sidebar/Direct_Messages/btn_AddDirectMessage' is clicked on

2021-05-29 12:56:22 - [TEST_STEP][PASSED] - setText(findTestObject("1612049/Left_Sidebar/Direct_Messages/AddDirectMessage_Dialog/input_UsernameForDirectMessage"), findTestData("1612049/Data TC35 SendDirectMessage").getValue(1, i)): Text 'nghi_tran' is set on object 'Object Repository/1612049/Left_Sidebar/Direct_Messages/AddDirectMessage_Dialog/input_UsernameForDirectMessage'

2021-05-29 12:56:24 - [MESSAGE][PASSED] - Text 'nghi_tran' is set on object 'Object Repository/1612049/Left_Sidebar/Direct_Messages/AddDirectMessage_Dialog/input_UsernameForDirectMessage'

2021-05-29 12:56:24 - [TEST_STEP][PASSED] - if (verifyElementPresent(findTestObject("1612049/Left_Sidebar/Direct_Messages/AddDirectMessage_Dialog/div_FirstSearchUsernameResult"), 10, CONTINUE_ON_FAILURE)): null

2021-05-29 12:56:25 - [MESSAGE][PASSED] - Object 'Object Repository/1612049/Left_Sidebar/Direct_Messages/AddDirectMessage_Dialog/div_FirstSearchUsernameResult' is present

2021-05-29 12:56:25 - [TEST_STEP][PASSED] - sendKeys(findTestObject("1612049/Left_Sidebar/Direct_Messages/AddDirectMessage_Dialog/input_UsernameForDirectMessage"), Keys.chord(ENTER)): Keys 'ENTER + ' sent to object: 'Object Repository/1612049/Left_Sidebar/Direct_Messages/AddDirectMessage_Dialog/input_UsernameForDirectMessage'

2021-05-29 12:56:25 - [MESSAGE][PASSED] - Keys 'ENTER + ' sent to object: 'Object Repository/1612049/Left_Sidebar/Direct_Messages/AddDirectMessage_Dialog/input_UsernameForDirectMessage'

2021-05-29 12:56:25 - [TEST_STEP][PASSED] - click(findTestObject("1612049/Left_Sidebar/Direct_Messages/AddDirectMessage_Dialog/btn_SubmitUsernameForDirectMessage")): Object: 'Object Repository/1612049/Left_Sidebar/Direct_Messages/AddDirectMessage_Dialog/btn_SubmitUsernameForDirectMessage' is clicked on

2021-05-29 12:56:26 - [MESSAGE][PASSED] - Object: 'Object Repository/1612049/Left_Sidebar/Direct_Messages/AddDirectMessage_Dialog/btn_SubmitUsernameForDirectMessage' is clicked on

2021-05-29 12:56:26 - [TEST_STEP][PASSED] - setText(findTestObject("1612049/Posts_Area/Posts_Create/input_Message"), "Hello, " + findTestData("1612049/Data TC35 SendDirectMessage").getValue(1, i)): Text 'Hello, nghi_tran' is set on object 'Object Repository/1612049/Posts_Area/Posts_Create/input_Message'

2021-05-29 12:56:28 - [MESSAGE][PASSED] - Text 'Hello, nghi_tran' is set on object 'Object Repository/1612049/Posts_Area/Posts_Create/input_Message'

2021-05-29 12:56:28 - [TEST_STEP][PASSED] - sendKeys(findTestObject("1612049/Posts_Area/Posts_Create/input_Message"), Keys.chord(ENTER)): Keys 'ENTER + ' sent to object: 'Object Repository/1612049/Posts_Area/Posts_Create/input_Message'

2021-05-29 12:56:29 - [MESSAGE][PASSED] - Keys 'ENTER + ' sent to object: 'Object Repository/1612049/Posts_Area/Posts_Create/input_Message'

2021-05-29 12:56:29 - [TEST_STEP][PASSED] - Thread.sleep(2000): null

2021-05-29 12:56:31 - [TEST_STEP][PASSED] - click(findTestObject("1612049/Left_Sidebar/Direct_Messages/btn_AddDirectMessage")): Object: 'Object Repository/1612049/Left_Sidebar/Direct_Messages/btn_AddDirectMessage' is clicked on

2021-05-29 12:56:31 - [MESSAGE][PASSED] - Object: 'Object Repository/1612049/Left_Sidebar/Direct_Messages/btn_AddDirectMessage' is clicked on

2021-05-29 12:56:31 - [TEST_STEP][PASSED] - setText(findTestObject("1612049/Left_Sidebar/Direct_Messages/AddDirectMessage_Dialog/input_UsernameForDirectMessage"), findTestData("1612049/Data TC35 SendDirectMessage").getValue(1, i)): Text 'phuc' is set on object 'Object Repository/1612049/Left_Sidebar/Direct_Messages/AddDirectMessage_Dialog/input_UsernameForDirectMessage'

2021-05-29 12:56:32 - [MESSAGE][PASSED] - Text 'phuc' is set on object 'Object Repository/1612049/Left_Sidebar/Direct_Messages/AddDirectMessage_Dialog/input_UsernameForDirectMessage'

2021-05-29 12:56:32 - [TEST_STEP][PASSED] - if (verifyElementPresent(findTestObject("1612049/Left_Sidebar/Direct_Messages/AddDirectMessage_Dialog/div_FirstSearchUsernameResult"), 10, CONTINUE_ON_FAILURE)): null

2021-05-29 12:56:34 - [MESSAGE][PASSED] - Object 'Object Repository/1612049/Left_Sidebar/Direct_Messages/AddDirectMessage_Dialog/div_FirstSearchUsernameResult' is present

2021-05-29 12:56:34 - [TEST_STEP][PASSED] - sendKeys(findTestObject("1612049/Left_Sidebar/Direct_Messages/AddDirectMessage_Dialog/input_UsernameForDirectMessage"), Keys.chord(ENTER)): Keys 'ENTER + ' sent to object: 'Object Repository/1612049/Left_Sidebar/Direct_Messages/AddDirectMessage_Dialog/input_UsernameForDirectMessage'

2021-05-29 12:56:34 - [MESSAGE][PASSED] - Keys 'ENTER + ' sent to object: 'Object Repository/1612049/Left_Sidebar/Direct_Messages/AddDirectMessage_Dialog/input_UsernameForDirectMessage'

2021-05-29 12:56:34 - [TEST_STEP][PASSED] - click(findTestObject("1612049/Left_Sidebar/Direct_Messages/AddDirectMessage_Dialog/btn_SubmitUsernameForDirectMessage")): Object: 'Object Repository/1612049/Left_Sidebar/Direct_Messages/AddDirectMessage_Dialog/btn_SubmitUsernameForDirectMessage' is clicked on

2021-05-29 12:56:35 - [MESSAGE][PASSED] - Object: 'Object Repository/1612049/Left_Sidebar/Direct_Messages/AddDirectMessage_Dialog/btn_SubmitUsernameForDirectMessage' is clicked on

2021-05-29 12:56:35 - [TEST_STEP][PASSED] - setText(findTestObject("1612049/Posts_Area/Posts_Create/input_Message"), "Hello, " + findTestData("1612049/Data TC35 SendDirectMessage").getValue(1, i)): Text 'Hello, phuc' is set on object 'Object Repository/1612049/Posts_Area/Posts_Create/input_Message'

2021-05-29 12:56:36 - [MESSAGE][PASSED] - Text 'Hello, phuc' is set on object 'Object Repository/1612049/Posts_Area/Posts_Create/input_Message'

2021-05-29 12:56:36 - [TEST_STEP][PASSED] - sendKeys(findTestObject("1612049/Posts_Area/Posts_Create/input_Message"), Keys.chord(ENTER)): Keys 'ENTER + ' sent to object: 'Object Repository/1612049/Posts_Area/Posts_Create/input_Message'

2021-05-29 12:56:37 - [MESSAGE][PASSED] - Keys 'ENTER + ' sent to object: 'Object Repository/1612049/Posts_Area/Posts_Create/input_Message'

2021-05-29 12:56:37 - [TEST_STEP][PASSED] - Thread.sleep(2000): null

2021-05-29 12:56:39 - [TEST_STEP][PASSED] - click(findTestObject("1612049/Left_Sidebar/Direct_Messages/btn_AddDirectMessage")): Object: 'Object Repository/1612049/Left_Sidebar/Direct_Messages/btn_AddDirectMessage' is clicked on

2021-05-29 12:56:39 - [MESSAGE][PASSED] - Object: 'Object Repository/1612049/Left_Sidebar/Direct_Messages/btn_AddDirectMessage' is clicked on

2021-05-29 12:56:39 - [TEST_STEP][PASSED] - setText(findTestObject("1612049/Left_Sidebar/Direct_Messages/AddDirectMessage_Dialog/input_UsernameForDirectMessage"), findTestData("1612049/Data TC35 SendDirectMessage").getValue(1, i)): Text 'abchuykhoi' is set on object 'Object Repository/1612049/Left_Sidebar/Direct_Messages/AddDirectMessage_Dialog/input_UsernameForDirectMessage'

2021-05-29 12:56:40 - [MESSAGE][PASSED] - Text 'abchuykhoi' is set on object 'Object Repository/1612049/Left_Sidebar/Direct_Messages/AddDirectMessage_Dialog/input_UsernameForDirectMessage'

2021-05-29 12:56:40 - [TEST_STEP][PASSED] - if (verifyElementPresent(findTestObject("1612049/Left_Sidebar/Direct_Messages/AddDirectMessage_Dialog/div_FirstSearchUsernameResult"), 10, CONTINUE_ON_FAILURE)): null

2021-05-29 12:56:41 - [MESSAGE][PASSED] - Object 'Object Repository/1612049/Left_Sidebar/Direct_Messages/AddDirectMessage_Dialog/div_FirstSearchUsernameResult' is present

2021-05-29 12:56:41 - [TEST_STEP][PASSED] - sendKeys(findTestObject("1612049/Left_Sidebar/Direct_Messages/AddDirectMessage_Dialog/input_UsernameForDirectMessage"), Keys.chord(ENTER)): Keys 'ENTER + ' sent to object: 'Object Repository/1612049/Left_Sidebar/Direct_Messages/AddDirectMessage_Dialog/input_UsernameForDirectMessage'

2021-05-29 12:56:42 - [MESSAGE][PASSED] - Keys 'ENTER + ' sent to object: 'Object Repository/1612049/Left_Sidebar/Direct_Messages/AddDirectMessage_Dialog/input_UsernameForDirectMessage'

2021-05-29 12:56:42 - [TEST_STEP][PASSED] - click(findTestObject("1612049/Left_Sidebar/Direct_Messages/AddDirectMessage_Dialog/btn_SubmitUsernameForDirectMessage")): Object: 'Object Repository/1612049/Left_Sidebar/Direct_Messages/AddDirectMessage_Dialog/btn_SubmitUsernameForDirectMessage' is clicked on

2021-05-29 12:56:42 - [MESSAGE][PASSED] - Object: 'Object Repository/1612049/Left_Sidebar/Direct_Messages/AddDirectMessage_Dialog/btn_SubmitUsernameForDirectMessage' is clicked on

2021-05-29 12:56:42 - [TEST_STEP][PASSED] - setText(findTestObject("1612049/Posts_Area/Posts_Create/input_Message"), "Hello, " + findTestData("1612049/Data TC35 SendDirectMessage").getValue(1, i)): Text 'Hello, abchuykhoi' is set on object 'Object Repository/1612049/Posts_Area/Posts_Create/input_Message'

2021-05-29 12:56:44 - [MESSAGE][PASSED] - Text 'Hello, abchuykhoi' is set on object 'Object Repository/1612049/Posts_Area/Posts_Create/input_Message'

2021-05-29 12:56:44 - [TEST_STEP][PASSED] - sendKeys(findTestObject("1612049/Posts_Area/Posts_Create/input_Message"), Keys.chord(ENTER)): Keys 'ENTER + ' sent to object: 'Object Repository/1612049/Posts_Area/Posts_Create/input_Message'

2021-05-29 12:56:45 - [MESSAGE][PASSED] - Keys 'ENTER + ' sent to object: 'Object Repository/1612049/Posts_Area/Posts_Create/input_Message'

2021-05-29 12:56:45 - [TEST_STEP][PASSED] - Thread.sleep(2000): null

2021-05-29 12:56:47 - [TEST_STEP][PASSED] - click(findTestObject("1612049/Left_Sidebar/Direct_Messages/btn_AddDirectMessage")): Object: 'Object Repository/1612049/Left_Sidebar/Direct_Messages/btn_AddDirectMessage' is clicked on

2021-05-29 12:56:47 - [MESSAGE][PASSED] - Object: 'Object Repository/1612049/Left_Sidebar/Direct_Messages/btn_AddDirectMessage' is clicked on

2021-05-29 12:56:47 - [TEST_STEP][PASSED] - setText(findTestObject("1612049/Left_Sidebar/Direct_Messages/AddDirectMessage_Dialog/input_UsernameForDirectMessage"), findTestData("1612049/Data TC35 SendDirectMessage").getValue(1, i)): Text 'huykhoi2507' is set on object 'Object Repository/1612049/Left_Sidebar/Direct_Messages/AddDirectMessage_Dialog/input_UsernameForDirectMessage'

2021-05-29 12:56:49 - [MESSAGE][PASSED] - Text 'huykhoi2507' is set on object 'Object Repository/1612049/Left_Sidebar/Direct_Messages/AddDirectMessage_Dialog/input_UsernameForDirectMessage'

2021-05-29 12:56:49 - [TEST_STEP][PASSED] - if (verifyElementPresent(findTestObject("1612049/Left_Sidebar/Direct_Messages/AddDirectMessage_Dialog/div_FirstSearchUsernameResult"), 10, CONTINUE_ON_FAILURE)): null

2021-05-29 12:56:50 - [MESSAGE][PASSED] - Object 'Object Repository/1612049/Left_Sidebar/Direct_Messages/AddDirectMessage_Dialog/div_FirstSearchUsernameResult' is present

2021-05-29 12:56:50 - [TEST_STEP][PASSED] - sendKeys(findTestObject("1612049/Left_Sidebar/Direct_Messages/AddDirectMessage_Dialog/input_UsernameForDirectMessage"), Keys.chord(ENTER)): Keys 'ENTER + ' sent to object: 'Object Repository/1612049/Left_Sidebar/Direct_Messages/AddDirectMessage_Dialog/input_UsernameForDirectMessage'

2021-05-29 12:56:50 - [MESSAGE][PASSED] - Keys 'ENTER + ' sent to object: 'Object Repository/1612049/Left_Sidebar/Direct_Messages/AddDirectMessage_Dialog/input_UsernameForDirectMessage'

2021-05-29 12:56:50 - [TEST_STEP][PASSED] - click(findTestObject("1612049/Left_Sidebar/Direct_Messages/AddDirectMessage_Dialog/btn_SubmitUsernameForDirectMessage")): Object: 'Object Repository/1612049/Left_Sidebar/Direct_Messages/AddDirectMessage_Dialog/btn_SubmitUsernameForDirectMessage' is clicked on

2021-05-29 12:56:51 - [MESSAGE][PASSED] - Object: 'Object Repository/1612049/Left_Sidebar/Direct_Messages/AddDirectMessage_Dialog/btn_SubmitUsernameForDirectMessage' is clicked on

2021-05-29 12:56:51 - [TEST_STEP][PASSED] - setText(findTestObject("1612049/Posts_Area/Posts_Create/input_Message"), "Hello, " + findTestData("1612049/Data TC35 SendDirectMessage").getValue(1, i)): Text 'Hello, huykhoi2507' is set on object 'Object Repository/1612049/Posts_Area/Posts_Create/input_Message'

2021-05-29 12:56:52 - [MESSAGE][PASSED] - Text 'Hello, huykhoi2507' is set on object 'Object Repository/1612049/Posts_Area/Posts_Create/input_Message'

2021-05-29 12:56:52 - [TEST_STEP][PASSED] - sendKeys(findTestObject("1612049/Posts_Area/Posts_Create/input_Message"), Keys.chord(ENTER)): Keys 'ENTER + ' sent to object: 'Object Repository/1612049/Posts_Area/Posts_Create/input_Message'

2021-05-29 12:56:53 - [MESSAGE][PASSED] - Keys 'ENTER + ' sent to object: 'Object Repository/1612049/Posts_Area/Posts_Create/input_Message'

2021-05-29 12:56:53 - [TEST_STEP][PASSED] - Thread.sleep(2000): null

2021-05-29 12:56:55 - [TEST_STEP][PASSED] - closeBrowser(): Browser is closed

2021-05-29 12:56:56 - [MESSAGE][PASSED] - Browser is closed]]></system-out>
         <system-err><![CDATA[]]></system-err>
      </testcase>
      <testcase name="Test Cases/1612049/TC37_AddMention" time="39.66" classname="Test Cases/1612049/TC37_AddMention" status="PASSED">
         <system-out><![CDATA[2021-05-29 12:56:56 - [TEST_CASE][PASSED] - Test Cases/1612049/TC37_AddMention: Test Cases/1612049/TC37_AddMention

2021-05-29 12:56:56 - [TEST_STEP][PASSED] - openBrowser(""): Browser is opened with url: ''

2021-05-29 12:56:56 - [MESSAGE][INFO] - Starting 'Chrome' driver

2021-05-29 12:56:56 - [MESSAGE][INFO] - Action delay is set to 0 milliseconds

2021-05-29 12:56:57 - [MESSAGE][PASSED] - Browser is opened with url: ''

2021-05-29 12:56:57 - [TEST_STEP][PASSED] - navigateToUrl("https://mattermostwebapp.herokuapp.com/"): Navigate to 'https://mattermostwebapp.herokuapp.com/' successfully

2021-05-29 12:57:01 - [MESSAGE][PASSED] - Navigate to 'https://mattermostwebapp.herokuapp.com/' successfully

2021-05-29 12:57:01 - [TEST_STEP][PASSED] - callTestCase(findTestCase("1612049/CommonTC/CTC_Login"), ["username":"jooie", "password":"6z6Vi2R3i06jbzaqW0pQ8Q=="], STOP_ON_FAILURE): Call Test Case 'Test Cases/1612049/CommonTC/CTC_Login' successfully

2021-05-29 12:57:01 - [TEST_CASE][PASSED] - Test Cases/1612049/CommonTC/CTC_Login: Test Cases/1612049/CommonTC/CTC_Login

2021-05-29 12:57:01 - [TEST_STEP][PASSED] - setText(findTestObject("1612049/Login_Screen/input_LoginID"), username): Text 'jooie' is set on object 'Object Repository/1612049/Login_Screen/input_LoginID'

2021-05-29 12:57:06 - [MESSAGE][PASSED] - Text 'jooie' is set on object 'Object Repository/1612049/Login_Screen/input_LoginID'

2021-05-29 12:57:06 - [TEST_STEP][PASSED] - setEncryptedText(findTestObject("1612049/Login_Screen/input_LoginPassword"), password): Text ****** has been set on object 'Object Repository/1612049/Login_Screen/input_LoginPassword'

2021-05-29 12:57:06 - [MESSAGE][PASSED] - Text ****** has been set on object 'Object Repository/1612049/Login_Screen/input_LoginPassword'

2021-05-29 12:57:06 - [TEST_STEP][PASSED] - click(findTestObject("1612049/Login_Screen/btn_Signin")): Object: 'Object Repository/1612049/Login_Screen/btn_Signin' is clicked on

2021-05-29 12:57:07 - [MESSAGE][PASSED] - Object: 'Object Repository/1612049/Login_Screen/btn_Signin' is clicked on

2021-05-29 12:57:07 - [MESSAGE][PASSED] - Call Test Case 'Test Cases/1612049/CommonTC/CTC_Login' successfully

2021-05-29 12:57:07 - [TEST_STEP][PASSED] - for ([index = 1, index <= 5, (index++)]): null

2021-05-29 12:57:07 - [TEST_STEP][PASSED] - setText(findTestObject("1612049/Posts_Area/Posts_Create/input_Message"), "@" + findTestData("1612049/Data TC37 AddMention").getValue(1, index)): Text '@huykhoi' is set on object 'Object Repository/1612049/Posts_Area/Posts_Create/input_Message'

2021-05-29 12:57:11 - [MESSAGE][PASSED] - Text '@huykhoi' is set on object 'Object Repository/1612049/Posts_Area/Posts_Create/input_Message'

2021-05-29 12:57:11 - [TEST_STEP][PASSED] - sendKeys(findTestObject("1612049/Posts_Area/Posts_Create/input_Message"), Keys.chord(ENTER)): Keys 'ENTER + ' sent to object: 'Object Repository/1612049/Posts_Area/Posts_Create/input_Message'

2021-05-29 12:57:12 - [MESSAGE][PASSED] - Keys 'ENTER + ' sent to object: 'Object Repository/1612049/Posts_Area/Posts_Create/input_Message'

2021-05-29 12:57:12 - [TEST_STEP][PASSED] - verifyTextPresent("@" + findTestData("1612049/Data TC37 AddMention").getValue(1, index), true): Text '@huykhoi' is present on page  using regular expression

2021-05-29 12:57:13 - [MESSAGE][PASSED] - Text '@huykhoi' is present on page  using regular expression

2021-05-29 12:57:13 - [TEST_STEP][PASSED] - Thread.sleep(2000): null

2021-05-29 12:57:15 - [TEST_STEP][PASSED] - setText(findTestObject("1612049/Posts_Area/Posts_Create/input_Message"), "@" + findTestData("1612049/Data TC37 AddMention").getValue(1, index)): Text '@abchuykhoi' is set on object 'Object Repository/1612049/Posts_Area/Posts_Create/input_Message'

2021-05-29 12:57:16 - [MESSAGE][PASSED] - Text '@abchuykhoi' is set on object 'Object Repository/1612049/Posts_Area/Posts_Create/input_Message'

2021-05-29 12:57:16 - [TEST_STEP][PASSED] - sendKeys(findTestObject("1612049/Posts_Area/Posts_Create/input_Message"), Keys.chord(ENTER)): Keys 'ENTER + ' sent to object: 'Object Repository/1612049/Posts_Area/Posts_Create/input_Message'

2021-05-29 12:57:17 - [MESSAGE][PASSED] - Keys 'ENTER + ' sent to object: 'Object Repository/1612049/Posts_Area/Posts_Create/input_Message'

2021-05-29 12:57:17 - [TEST_STEP][PASSED] - verifyTextPresent("@" + findTestData("1612049/Data TC37 AddMention").getValue(1, index), true): Text '@abchuykhoi' is present on page  using regular expression

2021-05-29 12:57:18 - [MESSAGE][PASSED] - Text '@abchuykhoi' is present on page  using regular expression

2021-05-29 12:57:18 - [TEST_STEP][PASSED] - Thread.sleep(2000): null

2021-05-29 12:57:20 - [TEST_STEP][PASSED] - setText(findTestObject("1612049/Posts_Area/Posts_Create/input_Message"), "@" + findTestData("1612049/Data TC37 AddMention").getValue(1, index)): Text '@huykhoi2507' is set on object 'Object Repository/1612049/Posts_Area/Posts_Create/input_Message'

2021-05-29 12:57:21 - [MESSAGE][PASSED] - Text '@huykhoi2507' is set on object 'Object Repository/1612049/Posts_Area/Posts_Create/input_Message'

2021-05-29 12:57:21 - [TEST_STEP][PASSED] - sendKeys(findTestObject("1612049/Posts_Area/Posts_Create/input_Message"), Keys.chord(ENTER)): Keys 'ENTER + ' sent to object: 'Object Repository/1612049/Posts_Area/Posts_Create/input_Message'

2021-05-29 12:57:21 - [MESSAGE][PASSED] - Keys 'ENTER + ' sent to object: 'Object Repository/1612049/Posts_Area/Posts_Create/input_Message'

2021-05-29 12:57:21 - [TEST_STEP][PASSED] - verifyTextPresent("@" + findTestData("1612049/Data TC37 AddMention").getValue(1, index), true): Text '@huykhoi2507' is present on page  using regular expression

2021-05-29 12:57:23 - [MESSAGE][PASSED] - Text '@huykhoi2507' is present on page  using regular expression

2021-05-29 12:57:23 - [TEST_STEP][PASSED] - Thread.sleep(2000): null

2021-05-29 12:57:25 - [TEST_STEP][PASSED] - setText(findTestObject("1612049/Posts_Area/Posts_Create/input_Message"), "@" + findTestData("1612049/Data TC37 AddMention").getValue(1, index)): Text '@nghi_tran' is set on object 'Object Repository/1612049/Posts_Area/Posts_Create/input_Message'

2021-05-29 12:57:25 - [MESSAGE][PASSED] - Text '@nghi_tran' is set on object 'Object Repository/1612049/Posts_Area/Posts_Create/input_Message'

2021-05-29 12:57:25 - [TEST_STEP][PASSED] - sendKeys(findTestObject("1612049/Posts_Area/Posts_Create/input_Message"), Keys.chord(ENTER)): Keys 'ENTER + ' sent to object: 'Object Repository/1612049/Posts_Area/Posts_Create/input_Message'

2021-05-29 12:57:26 - [MESSAGE][PASSED] - Keys 'ENTER + ' sent to object: 'Object Repository/1612049/Posts_Area/Posts_Create/input_Message'

2021-05-29 12:57:26 - [TEST_STEP][PASSED] - verifyTextPresent("@" + findTestData("1612049/Data TC37 AddMention").getValue(1, index), true): Text '@nghi_tran' is present on page  using regular expression

2021-05-29 12:57:27 - [MESSAGE][PASSED] - Text '@nghi_tran' is present on page  using regular expression

2021-05-29 12:57:27 - [TEST_STEP][PASSED] - Thread.sleep(2000): null

2021-05-29 12:57:29 - [TEST_STEP][PASSED] - setText(findTestObject("1612049/Posts_Area/Posts_Create/input_Message"), "@" + findTestData("1612049/Data TC37 AddMention").getValue(1, index)): Text '@phuc' is set on object 'Object Repository/1612049/Posts_Area/Posts_Create/input_Message'

2021-05-29 12:57:30 - [MESSAGE][PASSED] - Text '@phuc' is set on object 'Object Repository/1612049/Posts_Area/Posts_Create/input_Message'

2021-05-29 12:57:30 - [TEST_STEP][PASSED] - sendKeys(findTestObject("1612049/Posts_Area/Posts_Create/input_Message"), Keys.chord(ENTER)): Keys 'ENTER + ' sent to object: 'Object Repository/1612049/Posts_Area/Posts_Create/input_Message'

2021-05-29 12:57:31 - [MESSAGE][PASSED] - Keys 'ENTER + ' sent to object: 'Object Repository/1612049/Posts_Area/Posts_Create/input_Message'

2021-05-29 12:57:31 - [TEST_STEP][PASSED] - verifyTextPresent("@" + findTestData("1612049/Data TC37 AddMention").getValue(1, index), true): Text '@phuc' is present on page  using regular expression

2021-05-29 12:57:33 - [MESSAGE][PASSED] - Text '@phuc' is present on page  using regular expression

2021-05-29 12:57:33 - [TEST_STEP][PASSED] - Thread.sleep(2000): null

2021-05-29 12:57:35 - [TEST_STEP][PASSED] - closeBrowser(): Browser is closed

2021-05-29 12:57:35 - [MESSAGE][PASSED] - Browser is closed]]></system-out>
         <system-err><![CDATA[]]></system-err>
      </testcase>
      <testcase name="Test Cases/1712666/TC50_SendFile" time="17.413" classname="Test Cases/1712666/TC50_SendFile" status="PASSED">
         <system-out><![CDATA[2021-05-29 12:57:35 - [TEST_CASE][PASSED] - Test Cases/1712666/TC50_SendFile: Test Cases/1712666/TC50_SendFile

2021-05-29 12:57:36 - [TEST_STEP][PASSED] - openBrowser(""): Browser is opened with url: ''

2021-05-29 12:57:36 - [MESSAGE][INFO] - Starting 'Chrome' driver

2021-05-29 12:57:36 - [MESSAGE][INFO] - Action delay is set to 0 milliseconds

2021-05-29 12:57:37 - [MESSAGE][PASSED] - Browser is opened with url: ''

2021-05-29 12:57:37 - [TEST_STEP][PASSED] - navigateToUrl("https://mattermostwebapp.herokuapp.com/"): Navigate to 'https://mattermostwebapp.herokuapp.com/' successfully

2021-05-29 12:57:40 - [MESSAGE][PASSED] - Navigate to 'https://mattermostwebapp.herokuapp.com/' successfully

2021-05-29 12:57:40 - [TEST_STEP][PASSED] - callTestCase(findTestCase("1712666/CommonTC/CTC_Login"), ["var_username":"phuc", "var_password":"CSt51UwWECc="]): Call Test Case 'Test Cases/1712666/CommonTC/CTC_Login' successfully

2021-05-29 12:57:41 - [TEST_CASE][PASSED] - Test Cases/1712666/CommonTC/CTC_Login: Test Cases/1712666/CommonTC/CTC_Login

2021-05-29 12:57:41 - [TEST_STEP][PASSED] - setText(findTestObject("Object Repository/1412263_Page_Mattermost/input_All team communication in one place, _dcc84b"), var_username): Text 'phuc' is set on object 'Object Repository/1412263_Page_Mattermost/input_All team communication in one place, _dcc84b'

2021-05-29 12:57:46 - [MESSAGE][PASSED] - Text 'phuc' is set on object 'Object Repository/1412263_Page_Mattermost/input_All team communication in one place, _dcc84b'

2021-05-29 12:57:46 - [TEST_STEP][PASSED] - setEncryptedText(findTestObject("Object Repository/1412263_Page_Mattermost/input_All team communication in one place, _a3edc6"), var_password): Text ****** has been set on object 'Object Repository/1412263_Page_Mattermost/input_All team communication in one place, _a3edc6'

2021-05-29 12:57:46 - [MESSAGE][PASSED] - Text ****** has been set on object 'Object Repository/1412263_Page_Mattermost/input_All team communication in one place, _a3edc6'

2021-05-29 12:57:46 - [TEST_STEP][PASSED] - click(findTestObject("Object Repository/1412263_Page_Mattermost/span_Sign in")): Object: 'Object Repository/1412263_Page_Mattermost/span_Sign in' is clicked on

2021-05-29 12:57:47 - [MESSAGE][PASSED] - Object: 'Object Repository/1412263_Page_Mattermost/span_Sign in' is clicked on

2021-05-29 12:57:47 - [MESSAGE][PASSED] - Call Test Case 'Test Cases/1712666/CommonTC/CTC_Login' successfully

2021-05-29 12:57:47 - [TEST_STEP][PASSED] - userDir = System.getProperty("user.dir"): null

2021-05-29 12:57:47 - [TEST_STEP][PASSED] - filePath = userDir + "\Excels\DataCreateATeam.xlsx": null

2021-05-29 12:57:47 - [TEST_STEP][PASSED] - uploadFile(findTestObject("Object Repository/Page_Town Square - noname Mattermost/input_upload"), filePath): File 'C:\Users\Bao Chau\Katalon Studio\Mattermost_AutoTesting\Excels\DataCreateATeam.xlsx' sent to object: 'Object Repository/Page_Town Square - noname Mattermost/input_upload'

2021-05-29 12:57:50 - [MESSAGE][PASSED] - File 'C:\Users\Bao Chau\Katalon Studio\Mattermost_AutoTesting\Excels\DataCreateATeam.xlsx' sent to object: 'Object Repository/Page_Town Square - noname Mattermost/input_upload'

2021-05-29 12:57:50 - [TEST_STEP][PASSED] - sendKeys(findTestObject("Object Repository/Page_Town Square - noname Mattermost/textarea_Write to Town Square_post_textbox"), Keys.chord(ENTER)): Keys 'ENTER + ' sent to object: 'Object Repository/Page_Town Square - noname Mattermost/textarea_Write to Town Square_post_textbox'

2021-05-29 12:57:51 - [MESSAGE][PASSED] - Keys 'ENTER + ' sent to object: 'Object Repository/Page_Town Square - noname Mattermost/textarea_Write to Town Square_post_textbox'

2021-05-29 12:57:51 - [TEST_STEP][PASSED] - verifyElementPresent(findTestObject("Object Repository/Page_Town Square - noname Mattermost/div_uploaded"), 5): Object 'Object Repository/Page_Town Square - noname Mattermost/div_uploaded' is present

2021-05-29 12:57:52 - [MESSAGE][PASSED] - Object 'Object Repository/Page_Town Square - noname Mattermost/div_uploaded' is present

2021-05-29 12:57:52 - [TEST_STEP][PASSED] - closeBrowser(): Browser is closed

2021-05-29 12:57:53 - [MESSAGE][PASSED] - Browser is closed]]></system-out>
         <system-err><![CDATA[]]></system-err>
      </testcase>
      <testcase name="Test Cases/1712666/TC51_DownloadFile" time="18.245" classname="Test Cases/1712666/TC51_DownloadFile" status="ERROR">
         <error type="ERROR" message="Test Cases/1712666/TC51_DownloadFile FAILED.
Reason:
com.kms.katalon.core.exception.StepErrorException: Fail downloaded file
	at TC51_DownloadFile.run(TC51_DownloadFile:52)
	at com.kms.katalon.core.main.ScriptEngine.run(ScriptEngine.java:194)
	at com.kms.katalon.core.main.ScriptEngine.runScriptAsRawText(ScriptEngine.java:119)
	at com.kms.katalon.core.main.TestCaseExecutor.runScript(TestCaseExecutor.java:398)
	at com.kms.katalon.core.main.TestCaseExecutor.doExecute(TestCaseExecutor.java:389)
	at com.kms.katalon.core.main.TestCaseExecutor.processExecutionPhase(TestCaseExecutor.java:368)
	at com.kms.katalon.core.main.TestCaseExecutor.accessMainPhase(TestCaseExecutor.java:360)
	at com.kms.katalon.core.main.TestCaseExecutor.execute(TestCaseExecutor.java:255)
	at com.kms.katalon.core.main.TestSuiteExecutor.accessTestCaseMainPhase(TestSuiteExecutor.java:203)
	at com.kms.katalon.core.main.TestSuiteExecutor.accessTestSuiteMainPhase(TestSuiteExecutor.java:152)
	at com.kms.katalon.core.main.TestSuiteExecutor.execute(TestSuiteExecutor.java:95)
	at com.kms.katalon.core.main.TestCaseMain.startTestSuite(TestCaseMain.java:157)
	at com.kms.katalon.core.main.TestCaseMain$startTestSuite$0.call(Unknown Source)
	at TempTestSuite1622266529644.run(TempTestSuite1622266529644.groovy:39)
"/>
         <system-out><![CDATA[2021-05-29 12:57:53 - [TEST_CASE][ERROR] - Test Cases/1712666/TC51_DownloadFile: Test Cases/1712666/TC51_DownloadFile FAILED.
Reason:
com.kms.katalon.core.exception.StepErrorException: Fail downloaded file
	at TC51_DownloadFile.run(TC51_DownloadFile:52)
	at com.kms.katalon.core.main.ScriptEngine.run(ScriptEngine.java:194)
	at com.kms.katalon.core.main.ScriptEngine.runScriptAsRawText(ScriptEngine.java:119)
	at com.kms.katalon.core.main.TestCaseExecutor.runScript(TestCaseExecutor.java:398)
	at com.kms.katalon.core.main.TestCaseExecutor.doExecute(TestCaseExecutor.java:389)
	at com.kms.katalon.core.main.TestCaseExecutor.processExecutionPhase(TestCaseExecutor.java:368)
	at com.kms.katalon.core.main.TestCaseExecutor.accessMainPhase(TestCaseExecutor.java:360)
	at com.kms.katalon.core.main.TestCaseExecutor.execute(TestCaseExecutor.java:255)
	at com.kms.katalon.core.main.TestSuiteExecutor.accessTestCaseMainPhase(TestSuiteExecutor.java:203)
	at com.kms.katalon.core.main.TestSuiteExecutor.accessTestSuiteMainPhase(TestSuiteExecutor.java:152)
	at com.kms.katalon.core.main.TestSuiteExecutor.execute(TestSuiteExecutor.java:95)
	at com.kms.katalon.core.main.TestCaseMain.startTestSuite(TestCaseMain.java:157)
	at com.kms.katalon.core.main.TestCaseMain$startTestSuite$0.call(Unknown Source)
	at TempTestSuite1622266529644.run(TempTestSuite1622266529644.groovy:39)


2021-05-29 12:57:53 - [TEST_STEP][PASSED] - openBrowser(""): Browser is opened with url: ''

2021-05-29 12:57:53 - [MESSAGE][INFO] - Starting 'Chrome' driver

2021-05-29 12:57:53 - [MESSAGE][INFO] - Action delay is set to 0 milliseconds

2021-05-29 12:57:54 - [MESSAGE][PASSED] - Browser is opened with url: ''

2021-05-29 12:57:54 - [TEST_STEP][PASSED] - navigateToUrl("https://mattermostwebapp.herokuapp.com/"): Navigate to 'https://mattermostwebapp.herokuapp.com/' successfully

2021-05-29 12:57:58 - [MESSAGE][PASSED] - Navigate to 'https://mattermostwebapp.herokuapp.com/' successfully

2021-05-29 12:57:58 - [TEST_STEP][PASSED] - callTestCase(findTestCase("1712666/CommonTC/CTC_Login"), ["var_username":"phuc", "var_password":"CSt51UwWECc="]): Call Test Case 'Test Cases/1712666/CommonTC/CTC_Login' successfully

2021-05-29 12:57:58 - [TEST_CASE][PASSED] - Test Cases/1712666/CommonTC/CTC_Login: Test Cases/1712666/CommonTC/CTC_Login

2021-05-29 12:57:58 - [TEST_STEP][PASSED] - setText(findTestObject("Object Repository/1412263_Page_Mattermost/input_All team communication in one place, _dcc84b"), var_username): Text 'phuc' is set on object 'Object Repository/1412263_Page_Mattermost/input_All team communication in one place, _dcc84b'

2021-05-29 12:58:02 - [MESSAGE][PASSED] - Text 'phuc' is set on object 'Object Repository/1412263_Page_Mattermost/input_All team communication in one place, _dcc84b'

2021-05-29 12:58:02 - [TEST_STEP][PASSED] - setEncryptedText(findTestObject("Object Repository/1412263_Page_Mattermost/input_All team communication in one place, _a3edc6"), var_password): Text ****** has been set on object 'Object Repository/1412263_Page_Mattermost/input_All team communication in one place, _a3edc6'

2021-05-29 12:58:03 - [MESSAGE][PASSED] - Text ****** has been set on object 'Object Repository/1412263_Page_Mattermost/input_All team communication in one place, _a3edc6'

2021-05-29 12:58:03 - [TEST_STEP][PASSED] - click(findTestObject("Object Repository/1412263_Page_Mattermost/span_Sign in")): Object: 'Object Repository/1412263_Page_Mattermost/span_Sign in' is clicked on

2021-05-29 12:58:03 - [MESSAGE][PASSED] - Object: 'Object Repository/1412263_Page_Mattermost/span_Sign in' is clicked on

2021-05-29 12:58:03 - [MESSAGE][PASSED] - Call Test Case 'Test Cases/1712666/CommonTC/CTC_Login' successfully

2021-05-29 12:58:03 - [TEST_STEP][PASSED] - callTestCase(findTestCase("1712666/CommonTC/CTC_SendFile"), [:]): Call Test Case 'Test Cases/1712666/CommonTC/CTC_SendFile' successfully

2021-05-29 12:58:04 - [TEST_CASE][PASSED] - Test Cases/1712666/CommonTC/CTC_SendFile: Test Cases/1712666/CommonTC/CTC_SendFile

2021-05-29 12:58:04 - [TEST_STEP][PASSED] - userDir = System.getProperty("user.dir"): null

2021-05-29 12:58:04 - [TEST_STEP][PASSED] - filePath = userDir + "\Excels\DataCreateATeam.xlsx": null

2021-05-29 12:58:04 - [TEST_STEP][PASSED] - uploadFile(findTestObject("Object Repository/Page_Town Square - noname Mattermost/input_upload"), filePath): File 'C:\Users\Bao Chau\Katalon Studio\Mattermost_AutoTesting\Excels\DataCreateATeam.xlsx' sent to object: 'Object Repository/Page_Town Square - noname Mattermost/input_upload'

2021-05-29 12:58:07 - [MESSAGE][PASSED] - File 'C:\Users\Bao Chau\Katalon Studio\Mattermost_AutoTesting\Excels\DataCreateATeam.xlsx' sent to object: 'Object Repository/Page_Town Square - noname Mattermost/input_upload'

2021-05-29 12:58:07 - [TEST_STEP][PASSED] - sendKeys(findTestObject("Object Repository/Page_Town Square - noname Mattermost/textarea_Write to Town Square_post_textbox"), Keys.chord(ENTER)): Keys 'ENTER + ' sent to object: 'Object Repository/Page_Town Square - noname Mattermost/textarea_Write to Town Square_post_textbox'

2021-05-29 12:58:08 - [MESSAGE][PASSED] - Keys 'ENTER + ' sent to object: 'Object Repository/Page_Town Square - noname Mattermost/textarea_Write to Town Square_post_textbox'

2021-05-29 12:58:08 - [TEST_STEP][PASSED] - verifyElementPresent(findTestObject("Object Repository/Page_Town Square - noname Mattermost/div_uploaded"), 5): Object 'Object Repository/Page_Town Square - noname Mattermost/div_uploaded' is present

2021-05-29 12:58:09 - [MESSAGE][PASSED] - Object 'Object Repository/Page_Town Square - noname Mattermost/div_uploaded' is present

2021-05-29 12:58:09 - [MESSAGE][PASSED] - Call Test Case 'Test Cases/1712666/CommonTC/CTC_SendFile' successfully

2021-05-29 12:58:09 - [TEST_STEP][PASSED] - click(findTestObject("Object Repository/Page_Town Square - noname Mattermost/div_uploaded")): Object: 'Object Repository/Page_Town Square - noname Mattermost/div_uploaded' is clicked on

2021-05-29 12:58:09 - [MESSAGE][PASSED] - Object: 'Object Repository/Page_Town Square - noname Mattermost/div_uploaded' is clicked on

2021-05-29 12:58:09 - [TEST_STEP][PASSED] - click(findTestObject("Object Repository/Page_Town Square - noname Mattermost/button_download")): Object: 'Object Repository/Page_Town Square - noname Mattermost/button_download' is clicked on

2021-05-29 12:58:10 - [MESSAGE][PASSED] - Object: 'Object Repository/Page_Town Square - noname Mattermost/button_download' is clicked on

2021-05-29 12:58:10 - [TEST_STEP][PASSED] - filename = getText(findTestObject("Object Repository/Page_Town Square - noname Mattermost/name_file_uploaded")): Text of object 'Object Repository/Page_Town Square - noname Mattermost/name_file_uploaded' is: 'DataCreateATeam.xlsx'

2021-05-29 12:58:11 - [MESSAGE][PASSED] - Text of object 'Object Repository/Page_Town Square - noname Mattermost/name_file_uploaded' is: 'DataCreateATeam.xlsx'

2021-05-29 12:58:11 - [TEST_STEP][PASSED] - if (!(isFileDownloaded(filename))): null

2021-05-29 12:58:11 - [TEST_STEP][PASSED] - home = System.getProperty("user.home"): null

2021-05-29 12:58:11 - [TEST_STEP][PASSED] - dir = new java.io.File((home + /Downloads/)): null

2021-05-29 12:58:11 - [TEST_STEP][PASSED] - dirContents = dir.listFiles(): null

2021-05-29 12:58:11 - [TEST_STEP][PASSED] - for ([i = 0, i < length, (i++)]): null

2021-05-29 12:58:11 - [TEST_STEP][PASSED] - return false: null

2021-05-29 12:58:11 - [TEST_STEP][PASSED] - throw new com.kms.katalon.core.exception.StepErrorException(Fail downloaded file): null]]></system-out>
         <system-err><![CDATA[2021-05-29 12:57:53 - [TEST_CASE][ERROR] - Test Cases/1712666/TC51_DownloadFile: Test Cases/1712666/TC51_DownloadFile FAILED.
Reason:
com.kms.katalon.core.exception.StepErrorException: Fail downloaded file
	at TC51_DownloadFile.run(TC51_DownloadFile:52)
	at com.kms.katalon.core.main.ScriptEngine.run(ScriptEngine.java:194)
	at com.kms.katalon.core.main.ScriptEngine.runScriptAsRawText(ScriptEngine.java:119)
	at com.kms.katalon.core.main.TestCaseExecutor.runScript(TestCaseExecutor.java:398)
	at com.kms.katalon.core.main.TestCaseExecutor.doExecute(TestCaseExecutor.java:389)
	at com.kms.katalon.core.main.TestCaseExecutor.processExecutionPhase(TestCaseExecutor.java:368)
	at com.kms.katalon.core.main.TestCaseExecutor.accessMainPhase(TestCaseExecutor.java:360)
	at com.kms.katalon.core.main.TestCaseExecutor.execute(TestCaseExecutor.java:255)
	at com.kms.katalon.core.main.TestSuiteExecutor.accessTestCaseMainPhase(TestSuiteExecutor.java:203)
	at com.kms.katalon.core.main.TestSuiteExecutor.accessTestSuiteMainPhase(TestSuiteExecutor.java:152)
	at com.kms.katalon.core.main.TestSuiteExecutor.execute(TestSuiteExecutor.java:95)
	at com.kms.katalon.core.main.TestCaseMain.startTestSuite(TestCaseMain.java:157)
	at com.kms.katalon.core.main.TestCaseMain$startTestSuite$0.call(Unknown Source)
	at TempTestSuite1622266529644.run(TempTestSuite1622266529644.groovy:39)]]></system-err>
      </testcase>
      <system-out><![CDATA[2021-05-29 12:35:41 - [TEST_SUITE][FAILED] - Run all test cases: Test Cases/1712666/TC11_CreateATeam FAILED.
Reason:
com.kms.katalon.core.exception.StepFailedException: Unable to verify object 'Object Repository/Page_Town Square - abc Mattermost/label_A team with that name already exists' is not present
	at com.kms.katalon.core.webui.keyword.internal.WebUIKeywordMain.stepFailed(WebUIKeywordMain.groovy:64)
	at com.kms.katalon.core.webui.keyword.internal.WebUIKeywordMain.runKeyword(WebUIKeywordMain.groovy:26)
	at com.kms.katalon.core.webui.keyword.internal.WebUIKeywordMain$runKeyword.call(Unknown Source)
	at com.kms.katalon.core.webui.keyword.builtin.VerifyElementNotPresentKeyword.verifyElementNotPresent(VerifyElementNotPresentKeyword.groovy:117)
	at com.kms.katalon.core.webui.keyword.builtin.VerifyElementNotPresentKeyword.execute(VerifyElementNotPresentKeyword.groovy:68)
	at com.kms.katalon.core.keyword.internal.KeywordExecutor.executeKeywordForPlatform(KeywordExecutor.groovy:73)
	at com.kms.katalon.core.webui.keyword.WebUiBuiltInKeywords.verifyElementNotPresent(WebUiBuiltInKeywords.groovy:1496)
	at com.kms.katalon.core.webui.keyword.WebUiBuiltInKeywords$verifyElementNotPresent$10.call(Unknown Source)
	at TC11_CreateATeam.run(TC11_CreateATeam:38)
	at com.kms.katalon.core.main.ScriptEngine.run(ScriptEngine.java:194)
	at com.kms.katalon.core.main.ScriptEngine.runScriptAsRawText(ScriptEngine.java:119)
	at com.kms.katalon.core.main.TestCaseExecutor.runScript(TestCaseExecutor.java:398)
	at com.kms.katalon.core.main.TestCaseExecutor.doExecute(TestCaseExecutor.java:389)
	at com.kms.katalon.core.main.TestCaseExecutor.processExecutionPhase(TestCaseExecutor.java:368)
	at com.kms.katalon.core.main.TestCaseExecutor.accessMainPhase(TestCaseExecutor.java:360)
	at com.kms.katalon.core.main.TestCaseExecutor.execute(TestCaseExecutor.java:255)
	at com.kms.katalon.core.main.TestSuiteExecutor.accessTestCaseMainPhase(TestSuiteExecutor.java:203)
	at com.kms.katalon.core.main.TestSuiteExecutor.accessTestSuiteMainPhase(TestSuiteExecutor.java:152)
	at com.kms.katalon.core.main.TestSuiteExecutor.execute(TestSuiteExecutor.java:95)
	at com.kms.katalon.core.main.TestCaseMain.startTestSuite(TestCaseMain.java:157)
	at com.kms.katalon.core.main.TestCaseMain$startTestSuite$0.call(Unknown Source)
	at TempTestSuite1622266529644.run(TempTestSuite1622266529644.groovy:39)
Caused by: com.kms.katalon.core.exception.StepFailedException: Web element with id: 'Object Repository/Page_Town Square - abc Mattermost/label_A team with that name already exists' located by 'By.xpath: //div[@id='root']/div/div/div/div[3]/div/div/div/form/div/label' is present after '5' second(s)
	at com.kms.katalon.core.webui.keyword.internal.WebUIKeywordMain.stepFailed(WebUIKeywordMain.groovy:64)
	at com.kms.katalon.core.webui.keyword.internal.WebUIKeywordMain$stepFailed$0.call(Unknown Source)
	at com.kms.katalon.core.webui.keyword.builtin.VerifyElementNotPresentKeyword$_verifyElementNotPresent_closure1.doCall(VerifyElementNotPresentKeyword.groovy:106)
	at com.kms.katalon.core.webui.keyword.builtin.VerifyElementNotPresentKeyword$_verifyElementNotPresent_closure1.doCall(VerifyElementNotPresentKeyword.groovy)
	at com.kms.katalon.core.webui.keyword.internal.WebUIKeywordMain.runKeyword(WebUIKeywordMain.groovy:20)
	... 20 more]]></system-out>
      <system-err><![CDATA[2021-05-29 12:35:41 - [TEST_SUITE][FAILED] - Run all test cases: Test Cases/1712666/TC11_CreateATeam FAILED.
Reason:
com.kms.katalon.core.exception.StepFailedException: Unable to verify object 'Object Repository/Page_Town Square - abc Mattermost/label_A team with that name already exists' is not present
	at com.kms.katalon.core.webui.keyword.internal.WebUIKeywordMain.stepFailed(WebUIKeywordMain.groovy:64)
	at com.kms.katalon.core.webui.keyword.internal.WebUIKeywordMain.runKeyword(WebUIKeywordMain.groovy:26)
	at com.kms.katalon.core.webui.keyword.internal.WebUIKeywordMain$runKeyword.call(Unknown Source)
	at com.kms.katalon.core.webui.keyword.builtin.VerifyElementNotPresentKeyword.verifyElementNotPresent(VerifyElementNotPresentKeyword.groovy:117)
	at com.kms.katalon.core.webui.keyword.builtin.VerifyElementNotPresentKeyword.execute(VerifyElementNotPresentKeyword.groovy:68)
	at com.kms.katalon.core.keyword.internal.KeywordExecutor.executeKeywordForPlatform(KeywordExecutor.groovy:73)
	at com.kms.katalon.core.webui.keyword.WebUiBuiltInKeywords.verifyElementNotPresent(WebUiBuiltInKeywords.groovy:1496)
	at com.kms.katalon.core.webui.keyword.WebUiBuiltInKeywords$verifyElementNotPresent$10.call(Unknown Source)
	at TC11_CreateATeam.run(TC11_CreateATeam:38)
	at com.kms.katalon.core.main.ScriptEngine.run(ScriptEngine.java:194)
	at com.kms.katalon.core.main.ScriptEngine.runScriptAsRawText(ScriptEngine.java:119)
	at com.kms.katalon.core.main.TestCaseExecutor.runScript(TestCaseExecutor.java:398)
	at com.kms.katalon.core.main.TestCaseExecutor.doExecute(TestCaseExecutor.java:389)
	at com.kms.katalon.core.main.TestCaseExecutor.processExecutionPhase(TestCaseExecutor.java:368)
	at com.kms.katalon.core.main.TestCaseExecutor.accessMainPhase(TestCaseExecutor.java:360)
	at com.kms.katalon.core.main.TestCaseExecutor.execute(TestCaseExecutor.java:255)
	at com.kms.katalon.core.main.TestSuiteExecutor.accessTestCaseMainPhase(TestSuiteExecutor.java:203)
	at com.kms.katalon.core.main.TestSuiteExecutor.accessTestSuiteMainPhase(TestSuiteExecutor.java:152)
	at com.kms.katalon.core.main.TestSuiteExecutor.execute(TestSuiteExecutor.java:95)
	at com.kms.katalon.core.main.TestCaseMain.startTestSuite(TestCaseMain.java:157)
	at com.kms.katalon.core.main.TestCaseMain$startTestSuite$0.call(Unknown Source)
	at TempTestSuite1622266529644.run(TempTestSuite1622266529644.groovy:39)
Caused by: com.kms.katalon.core.exception.StepFailedException: Web element with id: 'Object Repository/Page_Town Square - abc Mattermost/label_A team with that name already exists' located by 'By.xpath: //div[@id='root']/div/div/div/div[3]/div/div/div/form/div/label' is present after '5' second(s)
	at com.kms.katalon.core.webui.keyword.internal.WebUIKeywordMain.stepFailed(WebUIKeywordMain.groovy:64)
	at com.kms.katalon.core.webui.keyword.internal.WebUIKeywordMain$stepFailed$0.call(Unknown Source)
	at com.kms.katalon.core.webui.keyword.builtin.VerifyElementNotPresentKeyword$_verifyElementNotPresent_closure1.doCall(VerifyElementNotPresentKeyword.groovy:106)
	at com.kms.katalon.core.webui.keyword.builtin.VerifyElementNotPresentKeyword$_verifyElementNotPresent_closure1.doCall(VerifyElementNotPresentKeyword.groovy)
	at com.kms.katalon.core.webui.keyword.internal.WebUIKeywordMain.runKeyword(WebUIKeywordMain.groovy:20)
	... 20 more]]></system-err>
   </testsuite>
</testsuites>
