<?xml version="1.0" encoding="UTF-8"?>
<testsuites name="Run_All_Test_Cases" time="1603.142" tests="51" failures="17" skips="0" errors="5">
   <testsuite name="Run_All_Test_Cases" tests="51" failures="17" errors="5" time="1603.142" skips="0" timestamp="2021-05-27 22:08:12" hostname="asus pc - host.docker.internal" id="Test Suites/1412263/Run_All_Test_Cases">
      <properties>
         <property name="deviceName" value=""/>
         <property name="devicePlatform" value=""/>
         <property name="logFolder" value="E:\\Tai lieu hoc\\Nam 7\\HK2\\New Topics\\Homework 2\\New folder\\Mattermost_Autotesting_2\\Mattermost_AutoTesting\\Reports\\20210527_220742\\1412263\\Run_All_Test_Cases\\20210527_220742"/>
         <property name="logFiles" value="E:\\Tai lieu hoc\\Nam 7\\HK2\\New Topics\\Homework 2\\New folder\\Mattermost_Autotesting_2\\Mattermost_AutoTesting\\Reports\\20210527_220742\\1412263\\Run_All_Test_Cases\\20210527_220742\\execution0.log"/>
         <property name="attachments" value="E:\\Tai lieu hoc\\Nam 7\\HK2\\New Topics\\Homework 2\\New folder\\Mattermost_Autotesting_2\\Mattermost_AutoTesting\\Reports\\20210527_220742\\1412263\\Run_All_Test_Cases\\20210527_220742\\1622128433699.png, E:\\Tai lieu hoc\\Nam 7\\HK2\\New Topics\\Homework 2\\New folder\\Mattermost_Autotesting_2\\Mattermost_AutoTesting\\Reports\\20210527_220742\\1412263\\Run_All_Test_Cases\\20210527_220742\\1622128511022.png, E:\\Tai lieu hoc\\Nam 7\\HK2\\New Topics\\Homework 2\\New folder\\Mattermost_Autotesting_2\\Mattermost_AutoTesting\\Reports\\20210527_220742\\1412263\\Run_All_Test_Cases\\20210527_220742\\1622128539706.png, E:\\Tai lieu hoc\\Nam 7\\HK2\\New Topics\\Homework 2\\New folder\\Mattermost_Autotesting_2\\Mattermost_AutoTesting\\Reports\\20210527_220742\\1412263\\Run_All_Test_Cases\\20210527_220742\\1622128560175.png, E:\\Tai lieu hoc\\Nam 7\\HK2\\New Topics\\Homework 2\\New folder\\Mattermost_Autotesting_2\\Mattermost_AutoTesting\\Reports\\20210527_220742\\1412263\\Run_All_Test_Cases\\20210527_220742\\1622128583048.png, E:\\Tai lieu hoc\\Nam 7\\HK2\\New Topics\\Homework 2\\New folder\\Mattermost_Autotesting_2\\Mattermost_AutoTesting\\Reports\\20210527_220742\\1412263\\Run_All_Test_Cases\\20210527_220742\\1622128752764.png, E:\\Tai lieu hoc\\Nam 7\\HK2\\New Topics\\Homework 2\\New folder\\Mattermost_Autotesting_2\\Mattermost_AutoTesting\\Reports\\20210527_220742\\1412263\\Run_All_Test_Cases\\20210527_220742\\1622128882795.png, E:\\Tai lieu hoc\\Nam 7\\HK2\\New Topics\\Homework 2\\New folder\\Mattermost_Autotesting_2\\Mattermost_AutoTesting\\Reports\\20210527_220742\\1412263\\Run_All_Test_Cases\\20210527_220742\\1622128975709.png, E:\\Tai lieu hoc\\Nam 7\\HK2\\New Topics\\Homework 2\\New folder\\Mattermost_Autotesting_2\\Mattermost_AutoTesting\\Reports\\20210527_220742\\1412263\\Run_All_Test_Cases\\20210527_220742\\1622129032556.png, E:\\Tai lieu hoc\\Nam 7\\HK2\\New Topics\\Homework 2\\New folder\\Mattermost_Autotesting_2\\Mattermost_AutoTesting\\Reports\\20210527_220742\\1412263\\Run_All_Test_Cases\\20210527_220742\\1622129092535.png, E:\\Tai lieu hoc\\Nam 7\\HK2\\New Topics\\Homework 2\\New folder\\Mattermost_Autotesting_2\\Mattermost_AutoTesting\\Reports\\20210527_220742\\1412263\\Run_All_Test_Cases\\20210527_220742\\1622129142419.png, E:\\Tai lieu hoc\\Nam 7\\HK2\\New Topics\\Homework 2\\New folder\\Mattermost_Autotesting_2\\Mattermost_AutoTesting\\Reports\\20210527_220742\\1412263\\Run_All_Test_Cases\\20210527_220742\\1622129192961.png, E:\\Tai lieu hoc\\Nam 7\\HK2\\New Topics\\Homework 2\\New folder\\Mattermost_Autotesting_2\\Mattermost_AutoTesting\\Reports\\20210527_220742\\1412263\\Run_All_Test_Cases\\20210527_220742\\1622129280950.png, E:\\Tai lieu hoc\\Nam 7\\HK2\\New Topics\\Homework 2\\New folder\\Mattermost_Autotesting_2\\Mattermost_AutoTesting\\Reports\\20210527_220742\\1412263\\Run_All_Test_Cases\\20210527_220742\\1622129358542.png, E:\\Tai lieu hoc\\Nam 7\\HK2\\New Topics\\Homework 2\\New folder\\Mattermost_Autotesting_2\\Mattermost_AutoTesting\\Reports\\20210527_220742\\1412263\\Run_All_Test_Cases\\20210527_220742\\1622129438121.png, E:\\Tai lieu hoc\\Nam 7\\HK2\\New Topics\\Homework 2\\New folder\\Mattermost_Autotesting_2\\Mattermost_AutoTesting\\Reports\\20210527_220742\\1412263\\Run_All_Test_Cases\\20210527_220742\\1622129487797.png, E:\\Tai lieu hoc\\Nam 7\\HK2\\New Topics\\Homework 2\\New folder\\Mattermost_Autotesting_2\\Mattermost_AutoTesting\\Reports\\20210527_220742\\1412263\\Run_All_Test_Cases\\20210527_220742\\1622129564792.png"/>
         <property name="hostName" value="asus pc - host.docker.internal"/>
         <property name="os" value="Windows 10 64bit"/>
         <property name="katalonVersion" value="7.9.1.208"/>
         <property name="browser" value="Chrome 90.0.4430.212"/>
         <property name="hostAddress" value="192.168.1.15"/>
         <property name="sessionId" value="04c1a429658245280126fde0ec7945fe"/>
         <property name="seleniumVersion" value="3.141.59"/>
         <property name="proxyInformation" value="ProxyInformation { proxyOption=NO_PROXY, proxyServerType=HTTP, username=, password=********, proxyServerAddress=, proxyServerPort=0, executionList=&quot;&quot;, isApplyToDesiredCapabilities=true }"/>
         <property name="platform" value="Windows 10"/>
      </properties>
      <testcase name="Test Cases/1412263/TC01_Login" time="44.043" classname="Test Cases/1412263/TC01_Login" status="PASSED">
         <system-out><![CDATA[2021-05-27 22:08:16 - [TEST_CASE][PASSED] - Test Cases/1412263/TC01_Login: Test Cases/1412263/TC01_Login

2021-05-27 22:08:17 - [TEST_STEP][PASSED] - openBrowser(""): Browser is opened with url: ''

2021-05-27 22:08:18 - [MESSAGE][INFO] - Starting 'Chrome' driver

2021-05-27 22:08:18 - [MESSAGE][INFO] - Action delay is set to 0 milliseconds

2021-05-27 22:08:23 - [MESSAGE][PASSED] - Browser is opened with url: ''

2021-05-27 22:08:23 - [TEST_STEP][PASSED] - navigateToUrl("http://mattermostwebapp.herokuapp.com/"): Navigate to 'http://mattermostwebapp.herokuapp.com/' successfully

2021-05-27 22:08:30 - [MESSAGE][PASSED] - Navigate to 'http://mattermostwebapp.herokuapp.com/' successfully

2021-05-27 22:08:30 - [TEST_STEP][PASSED] - for ([rowNum = 1, rowNum <= 5, (rowNum++)]): null

2021-05-27 22:08:30 - [TEST_STEP][PASSED] - setText(findTestObject("1412263_Page_Mattermost/input_All team communication in one place, _dcc84b"), findTestData("1412263/Data TC1 Login").getValue(1, rowNum)): Text 'huykhoi263' is set on object 'Object Repository/1412263_Page_Mattermost/input_All team communication in one place, _dcc84b'

2021-05-27 22:08:36 - [MESSAGE][PASSED] - Text 'huykhoi263' is set on object 'Object Repository/1412263_Page_Mattermost/input_All team communication in one place, _dcc84b'

2021-05-27 22:08:36 - [TEST_STEP][PASSED] - setEncryptedText(findTestObject("1412263_Page_Mattermost/input_All team communication in one place, _a3edc6"), findTestData("1412263/Data TC1 Login").getValue(2, rowNum)): Text ****** has been set on object 'Object Repository/1412263_Page_Mattermost/input_All team communication in one place, _a3edc6'

2021-05-27 22:08:37 - [MESSAGE][PASSED] - Text ****** has been set on object 'Object Repository/1412263_Page_Mattermost/input_All team communication in one place, _a3edc6'

2021-05-27 22:08:37 - [TEST_STEP][PASSED] - click(findTestObject("1412263_Page_Mattermost/button_Sign in")): Object: 'Object Repository/1412263_Page_Mattermost/button_Sign in' is clicked on

2021-05-27 22:08:38 - [MESSAGE][PASSED] - Object: 'Object Repository/1412263_Page_Mattermost/button_Sign in' is clicked on

2021-05-27 22:08:38 - [TEST_STEP][PASSED] - Thread.sleep(2000): null

2021-05-27 22:08:40 - [TEST_STEP][PASSED] - setText(findTestObject("1412263_Page_Mattermost/input_All team communication in one place, _dcc84b"), findTestData("1412263/Data TC1 Login").getValue(1, rowNum)): Text 'huykhoi' is set on object 'Object Repository/1412263_Page_Mattermost/input_All team communication in one place, _dcc84b'

2021-05-27 22:08:42 - [MESSAGE][PASSED] - Text 'huykhoi' is set on object 'Object Repository/1412263_Page_Mattermost/input_All team communication in one place, _dcc84b'

2021-05-27 22:08:42 - [TEST_STEP][PASSED] - setEncryptedText(findTestObject("1412263_Page_Mattermost/input_All team communication in one place, _a3edc6"), findTestData("1412263/Data TC1 Login").getValue(2, rowNum)): Text ****** has been set on object 'Object Repository/1412263_Page_Mattermost/input_All team communication in one place, _a3edc6'

2021-05-27 22:08:43 - [MESSAGE][PASSED] - Text ****** has been set on object 'Object Repository/1412263_Page_Mattermost/input_All team communication in one place, _a3edc6'

2021-05-27 22:08:43 - [TEST_STEP][PASSED] - click(findTestObject("1412263_Page_Mattermost/button_Sign in")): Object: 'Object Repository/1412263_Page_Mattermost/button_Sign in' is clicked on

2021-05-27 22:08:44 - [MESSAGE][PASSED] - Object: 'Object Repository/1412263_Page_Mattermost/button_Sign in' is clicked on

2021-05-27 22:08:44 - [TEST_STEP][PASSED] - Thread.sleep(2000): null

2021-05-27 22:08:46 - [TEST_STEP][PASSED] - setText(findTestObject("1412263_Page_Mattermost/input_All team communication in one place, _dcc84b"), findTestData("1412263/Data TC1 Login").getValue(1, rowNum)): Text 'huykhoi' is set on object 'Object Repository/1412263_Page_Mattermost/input_All team communication in one place, _dcc84b'

2021-05-27 22:08:47 - [MESSAGE][PASSED] - Text 'huykhoi' is set on object 'Object Repository/1412263_Page_Mattermost/input_All team communication in one place, _dcc84b'

2021-05-27 22:08:47 - [TEST_STEP][PASSED] - setEncryptedText(findTestObject("1412263_Page_Mattermost/input_All team communication in one place, _a3edc6"), findTestData("1412263/Data TC1 Login").getValue(2, rowNum)): Text ****** has been set on object 'Object Repository/1412263_Page_Mattermost/input_All team communication in one place, _a3edc6'

2021-05-27 22:08:48 - [MESSAGE][PASSED] - Text ****** has been set on object 'Object Repository/1412263_Page_Mattermost/input_All team communication in one place, _a3edc6'

2021-05-27 22:08:48 - [TEST_STEP][PASSED] - click(findTestObject("1412263_Page_Mattermost/button_Sign in")): Object: 'Object Repository/1412263_Page_Mattermost/button_Sign in' is clicked on

2021-05-27 22:08:48 - [MESSAGE][PASSED] - Object: 'Object Repository/1412263_Page_Mattermost/button_Sign in' is clicked on

2021-05-27 22:08:48 - [TEST_STEP][PASSED] - Thread.sleep(2000): null

2021-05-27 22:08:50 - [TEST_STEP][PASSED] - setText(findTestObject("1412263_Page_Mattermost/input_All team communication in one place, _dcc84b"), findTestData("1412263/Data TC1 Login").getValue(1, rowNum)): Text 'huy' is set on object 'Object Repository/1412263_Page_Mattermost/input_All team communication in one place, _dcc84b'

2021-05-27 22:08:51 - [MESSAGE][PASSED] - Text 'huy' is set on object 'Object Repository/1412263_Page_Mattermost/input_All team communication in one place, _dcc84b'

2021-05-27 22:08:51 - [TEST_STEP][PASSED] - setEncryptedText(findTestObject("1412263_Page_Mattermost/input_All team communication in one place, _a3edc6"), findTestData("1412263/Data TC1 Login").getValue(2, rowNum)): Text ****** has been set on object 'Object Repository/1412263_Page_Mattermost/input_All team communication in one place, _a3edc6'

2021-05-27 22:08:52 - [MESSAGE][PASSED] - Text ****** has been set on object 'Object Repository/1412263_Page_Mattermost/input_All team communication in one place, _a3edc6'

2021-05-27 22:08:52 - [TEST_STEP][PASSED] - click(findTestObject("1412263_Page_Mattermost/button_Sign in")): Object: 'Object Repository/1412263_Page_Mattermost/button_Sign in' is clicked on

2021-05-27 22:08:52 - [MESSAGE][PASSED] - Object: 'Object Repository/1412263_Page_Mattermost/button_Sign in' is clicked on

2021-05-27 22:08:52 - [TEST_STEP][PASSED] - Thread.sleep(2000): null

2021-05-27 22:08:54 - [TEST_STEP][PASSED] - setText(findTestObject("1412263_Page_Mattermost/input_All team communication in one place, _dcc84b"), findTestData("1412263/Data TC1 Login").getValue(1, rowNum)): Text 'huykhoi263' is set on object 'Object Repository/1412263_Page_Mattermost/input_All team communication in one place, _dcc84b'

2021-05-27 22:08:55 - [MESSAGE][PASSED] - Text 'huykhoi263' is set on object 'Object Repository/1412263_Page_Mattermost/input_All team communication in one place, _dcc84b'

2021-05-27 22:08:55 - [TEST_STEP][PASSED] - setEncryptedText(findTestObject("1412263_Page_Mattermost/input_All team communication in one place, _a3edc6"), findTestData("1412263/Data TC1 Login").getValue(2, rowNum)): Text ****** has been set on object 'Object Repository/1412263_Page_Mattermost/input_All team communication in one place, _a3edc6'

2021-05-27 22:08:56 - [MESSAGE][PASSED] - Text ****** has been set on object 'Object Repository/1412263_Page_Mattermost/input_All team communication in one place, _a3edc6'

2021-05-27 22:08:56 - [TEST_STEP][PASSED] - click(findTestObject("1412263_Page_Mattermost/button_Sign in")): Object: 'Object Repository/1412263_Page_Mattermost/button_Sign in' is clicked on

2021-05-27 22:08:56 - [MESSAGE][PASSED] - Object: 'Object Repository/1412263_Page_Mattermost/button_Sign in' is clicked on

2021-05-27 22:08:56 - [TEST_STEP][PASSED] - Thread.sleep(2000): null

2021-05-27 22:08:58 - [TEST_STEP][PASSED] - closeBrowser(): Browser is closed

2021-05-27 22:09:00 - [MESSAGE][PASSED] - Browser is closed]]></system-out>
         <system-err><![CDATA[]]></system-err>
      </testcase>
      <testcase name="Test Cases/1412263/TC02_UpdatePassword" time="64.047" classname="Test Cases/1412263/TC02_UpdatePassword" status="PASSED">
         <system-out><![CDATA[2021-05-27 22:09:00 - [TEST_CASE][PASSED] - Test Cases/1412263/TC02_UpdatePassword: Test Cases/1412263/TC02_UpdatePassword

2021-05-27 22:09:08 - [TEST_STEP][PASSED] - openBrowser(""): Browser is opened with url: ''

2021-05-27 22:09:08 - [MESSAGE][INFO] - Starting 'Chrome' driver

2021-05-27 22:09:08 - [MESSAGE][INFO] - Action delay is set to 0 milliseconds

2021-05-27 22:09:11 - [MESSAGE][PASSED] - Browser is opened with url: ''

2021-05-27 22:09:11 - [TEST_STEP][PASSED] - navigateToUrl("http://mattermostwebapp.herokuapp.com/"): Navigate to 'http://mattermostwebapp.herokuapp.com/' successfully

2021-05-27 22:09:18 - [MESSAGE][PASSED] - Navigate to 'http://mattermostwebapp.herokuapp.com/' successfully

2021-05-27 22:09:18 - [TEST_STEP][PASSED] - setText(findTestObject("1412263_Page_Mattermost/input_All team communication in one place, _dcc84b"), "huykhoi263"): Text 'huykhoi263' is set on object 'Object Repository/1412263_Page_Mattermost/input_All team communication in one place, _dcc84b'

2021-05-27 22:09:25 - [MESSAGE][PASSED] - Text 'huykhoi263' is set on object 'Object Repository/1412263_Page_Mattermost/input_All team communication in one place, _dcc84b'

2021-05-27 22:09:25 - [TEST_STEP][PASSED] - setEncryptedText(findTestObject("1412263_Page_Mattermost/input_All team communication in one place, _a3edc6"), "o1rBehR+FzY2ClyWuSUtzg=="): Text ****** has been set on object 'Object Repository/1412263_Page_Mattermost/input_All team communication in one place, _a3edc6'

2021-05-27 22:09:26 - [MESSAGE][PASSED] - Text ****** has been set on object 'Object Repository/1412263_Page_Mattermost/input_All team communication in one place, _a3edc6'

2021-05-27 22:09:26 - [TEST_STEP][PASSED] - click(findTestObject("1412263_Page_Mattermost/button_Sign in")): Object: 'Object Repository/1412263_Page_Mattermost/button_Sign in' is clicked on

2021-05-27 22:09:27 - [MESSAGE][PASSED] - Object: 'Object Repository/1412263_Page_Mattermost/button_Sign in' is clicked on

2021-05-27 22:09:27 - [TEST_STEP][PASSED] - click(findTestObject("1412263_Page_Town Square - CNC_Nhom3 Mattermost/span")): Object: 'Object Repository/1412263_Page_Town Square - CNC_Nhom3 Mattermost/span' is clicked on

2021-05-27 22:09:31 - [MESSAGE][PASSED] - Object: 'Object Repository/1412263_Page_Town Square - CNC_Nhom3 Mattermost/span' is clicked on

2021-05-27 22:09:31 - [TEST_STEP][PASSED] - click(findTestObject("1412263_Page_Town Square - CNC_Nhom3 Mattermost/button_Account Settings")): Object: 'Object Repository/1412263_Page_Town Square - CNC_Nhom3 Mattermost/button_Account Settings' is clicked on

2021-05-27 22:09:33 - [MESSAGE][PASSED] - Object: 'Object Repository/1412263_Page_Town Square - CNC_Nhom3 Mattermost/button_Account Settings' is clicked on

2021-05-27 22:09:33 - [TEST_STEP][PASSED] - click(findTestObject("1412263_Page_Town Square - CNC_Nhom3 Mattermost/button_Security")): Object: 'Object Repository/1412263_Page_Town Square - CNC_Nhom3 Mattermost/button_Security' is clicked on

2021-05-27 22:09:33 - [MESSAGE][PASSED] - Object: 'Object Repository/1412263_Page_Town Square - CNC_Nhom3 Mattermost/button_Security' is clicked on

2021-05-27 22:09:33 - [TEST_STEP][PASSED] - for ([i = 1, i <= 5, (i++)]): null

2021-05-27 22:09:33 - [TEST_STEP][PASSED] - click(findTestObject("1412263_Page_Town Square - CNC_Nhom3 Mattermost/span_EditPassword")): Object: 'Object Repository/1412263_Page_Town Square - CNC_Nhom3 Mattermost/span_EditPassword' is clicked on

2021-05-27 22:09:34 - [MESSAGE][PASSED] - Object: 'Object Repository/1412263_Page_Town Square - CNC_Nhom3 Mattermost/span_EditPassword' is clicked on

2021-05-27 22:09:34 - [TEST_STEP][PASSED] - setEncryptedText(findTestObject("1412263_Page_Town Square - CNC_Nhom3 Mattermost/input_Current Password_currentPassword"), findTestData("1412263/Data TC2 UpdatePassword").getValue(1, i)): Text ****** has been set on object 'Object Repository/1412263_Page_Town Square - CNC_Nhom3 Mattermost/input_Current Password_currentPassword'

2021-05-27 22:09:35 - [MESSAGE][PASSED] - Text ****** has been set on object 'Object Repository/1412263_Page_Town Square - CNC_Nhom3 Mattermost/input_Current Password_currentPassword'

2021-05-27 22:09:35 - [TEST_STEP][PASSED] - setEncryptedText(findTestObject("1412263_Page_Town Square - CNC_Nhom3 Mattermost/input_New Password_newPassword"), findTestData("1412263/Data TC2 UpdatePassword").getValue(2, i)): Text ****** has been set on object 'Object Repository/1412263_Page_Town Square - CNC_Nhom3 Mattermost/input_New Password_newPassword'

2021-05-27 22:09:35 - [MESSAGE][PASSED] - Text ****** has been set on object 'Object Repository/1412263_Page_Town Square - CNC_Nhom3 Mattermost/input_New Password_newPassword'

2021-05-27 22:09:35 - [TEST_STEP][PASSED] - setEncryptedText(findTestObject("1412263_Page_Town Square - CNC_Nhom3 Mattermost/input_Retype New Password_confirmPassword"), findTestData("1412263/Data TC2 UpdatePassword").getValue(3, i)): Text ****** has been set on object 'Object Repository/1412263_Page_Town Square - CNC_Nhom3 Mattermost/input_Retype New Password_confirmPassword'

2021-05-27 22:09:36 - [MESSAGE][PASSED] - Text ****** has been set on object 'Object Repository/1412263_Page_Town Square - CNC_Nhom3 Mattermost/input_Retype New Password_confirmPassword'

2021-05-27 22:09:36 - [TEST_STEP][PASSED] - click(findTestObject("1412263_Page_Town Square - CNC_Nhom3 Mattermost/button_Save")): Object: 'Object Repository/1412263_Page_Town Square - CNC_Nhom3 Mattermost/button_Save' is clicked on

2021-05-27 22:09:37 - [MESSAGE][PASSED] - Object: 'Object Repository/1412263_Page_Town Square - CNC_Nhom3 Mattermost/button_Save' is clicked on

2021-05-27 22:09:37 - [TEST_STEP][PASSED] - Thread.sleep(2000): null

2021-05-27 22:09:39 - [TEST_STEP][PASSED] - click(findTestObject("1412263_Page_Town Square - CNC_Nhom3 Mattermost/span_EditPassword")): Object: 'Object Repository/1412263_Page_Town Square - CNC_Nhom3 Mattermost/span_EditPassword' is clicked on

2021-05-27 22:09:39 - [MESSAGE][PASSED] - Object: 'Object Repository/1412263_Page_Town Square - CNC_Nhom3 Mattermost/span_EditPassword' is clicked on

2021-05-27 22:09:39 - [TEST_STEP][PASSED] - setEncryptedText(findTestObject("1412263_Page_Town Square - CNC_Nhom3 Mattermost/input_Current Password_currentPassword"), findTestData("1412263/Data TC2 UpdatePassword").getValue(1, i)): Text ****** has been set on object 'Object Repository/1412263_Page_Town Square - CNC_Nhom3 Mattermost/input_Current Password_currentPassword'

2021-05-27 22:09:40 - [MESSAGE][PASSED] - Text ****** has been set on object 'Object Repository/1412263_Page_Town Square - CNC_Nhom3 Mattermost/input_Current Password_currentPassword'

2021-05-27 22:09:40 - [TEST_STEP][PASSED] - setEncryptedText(findTestObject("1412263_Page_Town Square - CNC_Nhom3 Mattermost/input_New Password_newPassword"), findTestData("1412263/Data TC2 UpdatePassword").getValue(2, i)): Text ****** has been set on object 'Object Repository/1412263_Page_Town Square - CNC_Nhom3 Mattermost/input_New Password_newPassword'

2021-05-27 22:09:41 - [MESSAGE][PASSED] - Text ****** has been set on object 'Object Repository/1412263_Page_Town Square - CNC_Nhom3 Mattermost/input_New Password_newPassword'

2021-05-27 22:09:41 - [TEST_STEP][PASSED] - setEncryptedText(findTestObject("1412263_Page_Town Square - CNC_Nhom3 Mattermost/input_Retype New Password_confirmPassword"), findTestData("1412263/Data TC2 UpdatePassword").getValue(3, i)): Text ****** has been set on object 'Object Repository/1412263_Page_Town Square - CNC_Nhom3 Mattermost/input_Retype New Password_confirmPassword'

2021-05-27 22:09:42 - [MESSAGE][PASSED] - Text ****** has been set on object 'Object Repository/1412263_Page_Town Square - CNC_Nhom3 Mattermost/input_Retype New Password_confirmPassword'

2021-05-27 22:09:42 - [TEST_STEP][PASSED] - click(findTestObject("1412263_Page_Town Square - CNC_Nhom3 Mattermost/button_Save")): Object: 'Object Repository/1412263_Page_Town Square - CNC_Nhom3 Mattermost/button_Save' is clicked on

2021-05-27 22:09:43 - [MESSAGE][PASSED] - Object: 'Object Repository/1412263_Page_Town Square - CNC_Nhom3 Mattermost/button_Save' is clicked on

2021-05-27 22:09:43 - [TEST_STEP][PASSED] - Thread.sleep(2000): null

2021-05-27 22:09:45 - [TEST_STEP][PASSED] - click(findTestObject("1412263_Page_Town Square - CNC_Nhom3 Mattermost/span_EditPassword")): Object: 'Object Repository/1412263_Page_Town Square - CNC_Nhom3 Mattermost/span_EditPassword' is clicked on

2021-05-27 22:09:45 - [MESSAGE][PASSED] - Object: 'Object Repository/1412263_Page_Town Square - CNC_Nhom3 Mattermost/span_EditPassword' is clicked on

2021-05-27 22:09:45 - [TEST_STEP][PASSED] - setEncryptedText(findTestObject("1412263_Page_Town Square - CNC_Nhom3 Mattermost/input_Current Password_currentPassword"), findTestData("1412263/Data TC2 UpdatePassword").getValue(1, i)): Text ****** has been set on object 'Object Repository/1412263_Page_Town Square - CNC_Nhom3 Mattermost/input_Current Password_currentPassword'

2021-05-27 22:09:46 - [MESSAGE][PASSED] - Text ****** has been set on object 'Object Repository/1412263_Page_Town Square - CNC_Nhom3 Mattermost/input_Current Password_currentPassword'

2021-05-27 22:09:46 - [TEST_STEP][PASSED] - setEncryptedText(findTestObject("1412263_Page_Town Square - CNC_Nhom3 Mattermost/input_New Password_newPassword"), findTestData("1412263/Data TC2 UpdatePassword").getValue(2, i)): Text ****** has been set on object 'Object Repository/1412263_Page_Town Square - CNC_Nhom3 Mattermost/input_New Password_newPassword'

2021-05-27 22:09:47 - [MESSAGE][PASSED] - Text ****** has been set on object 'Object Repository/1412263_Page_Town Square - CNC_Nhom3 Mattermost/input_New Password_newPassword'

2021-05-27 22:09:47 - [TEST_STEP][PASSED] - setEncryptedText(findTestObject("1412263_Page_Town Square - CNC_Nhom3 Mattermost/input_Retype New Password_confirmPassword"), findTestData("1412263/Data TC2 UpdatePassword").getValue(3, i)): Text ****** has been set on object 'Object Repository/1412263_Page_Town Square - CNC_Nhom3 Mattermost/input_Retype New Password_confirmPassword'

2021-05-27 22:09:47 - [MESSAGE][PASSED] - Text ****** has been set on object 'Object Repository/1412263_Page_Town Square - CNC_Nhom3 Mattermost/input_Retype New Password_confirmPassword'

2021-05-27 22:09:47 - [TEST_STEP][PASSED] - click(findTestObject("1412263_Page_Town Square - CNC_Nhom3 Mattermost/button_Save")): Object: 'Object Repository/1412263_Page_Town Square - CNC_Nhom3 Mattermost/button_Save' is clicked on

2021-05-27 22:09:48 - [MESSAGE][PASSED] - Object: 'Object Repository/1412263_Page_Town Square - CNC_Nhom3 Mattermost/button_Save' is clicked on

2021-05-27 22:09:48 - [TEST_STEP][PASSED] - Thread.sleep(2000): null

2021-05-27 22:09:50 - [TEST_STEP][PASSED] - click(findTestObject("1412263_Page_Town Square - CNC_Nhom3 Mattermost/span_EditPassword")): Object: 'Object Repository/1412263_Page_Town Square - CNC_Nhom3 Mattermost/span_EditPassword' is clicked on

2021-05-27 22:09:50 - [MESSAGE][PASSED] - Object: 'Object Repository/1412263_Page_Town Square - CNC_Nhom3 Mattermost/span_EditPassword' is clicked on

2021-05-27 22:09:50 - [TEST_STEP][PASSED] - setEncryptedText(findTestObject("1412263_Page_Town Square - CNC_Nhom3 Mattermost/input_Current Password_currentPassword"), findTestData("1412263/Data TC2 UpdatePassword").getValue(1, i)): Text ****** has been set on object 'Object Repository/1412263_Page_Town Square - CNC_Nhom3 Mattermost/input_Current Password_currentPassword'

2021-05-27 22:09:51 - [MESSAGE][PASSED] - Text ****** has been set on object 'Object Repository/1412263_Page_Town Square - CNC_Nhom3 Mattermost/input_Current Password_currentPassword'

2021-05-27 22:09:51 - [TEST_STEP][PASSED] - setEncryptedText(findTestObject("1412263_Page_Town Square - CNC_Nhom3 Mattermost/input_New Password_newPassword"), findTestData("1412263/Data TC2 UpdatePassword").getValue(2, i)): Text ****** has been set on object 'Object Repository/1412263_Page_Town Square - CNC_Nhom3 Mattermost/input_New Password_newPassword'

2021-05-27 22:09:51 - [MESSAGE][PASSED] - Text ****** has been set on object 'Object Repository/1412263_Page_Town Square - CNC_Nhom3 Mattermost/input_New Password_newPassword'

2021-05-27 22:09:51 - [TEST_STEP][PASSED] - setEncryptedText(findTestObject("1412263_Page_Town Square - CNC_Nhom3 Mattermost/input_Retype New Password_confirmPassword"), findTestData("1412263/Data TC2 UpdatePassword").getValue(3, i)): Text ****** has been set on object 'Object Repository/1412263_Page_Town Square - CNC_Nhom3 Mattermost/input_Retype New Password_confirmPassword'

2021-05-27 22:09:52 - [MESSAGE][PASSED] - Text ****** has been set on object 'Object Repository/1412263_Page_Town Square - CNC_Nhom3 Mattermost/input_Retype New Password_confirmPassword'

2021-05-27 22:09:52 - [TEST_STEP][PASSED] - click(findTestObject("1412263_Page_Town Square - CNC_Nhom3 Mattermost/button_Save")): Object: 'Object Repository/1412263_Page_Town Square - CNC_Nhom3 Mattermost/button_Save' is clicked on

2021-05-27 22:09:53 - [MESSAGE][PASSED] - Object: 'Object Repository/1412263_Page_Town Square - CNC_Nhom3 Mattermost/button_Save' is clicked on

2021-05-27 22:09:53 - [TEST_STEP][PASSED] - Thread.sleep(2000): null

2021-05-27 22:09:55 - [TEST_STEP][PASSED] - click(findTestObject("1412263_Page_Town Square - CNC_Nhom3 Mattermost/span_EditPassword")): Object: 'Object Repository/1412263_Page_Town Square - CNC_Nhom3 Mattermost/span_EditPassword' is clicked on

2021-05-27 22:09:55 - [MESSAGE][PASSED] - Object: 'Object Repository/1412263_Page_Town Square - CNC_Nhom3 Mattermost/span_EditPassword' is clicked on

2021-05-27 22:09:55 - [TEST_STEP][PASSED] - setEncryptedText(findTestObject("1412263_Page_Town Square - CNC_Nhom3 Mattermost/input_Current Password_currentPassword"), findTestData("1412263/Data TC2 UpdatePassword").getValue(1, i)): Text ****** has been set on object 'Object Repository/1412263_Page_Town Square - CNC_Nhom3 Mattermost/input_Current Password_currentPassword'

2021-05-27 22:09:56 - [MESSAGE][PASSED] - Text ****** has been set on object 'Object Repository/1412263_Page_Town Square - CNC_Nhom3 Mattermost/input_Current Password_currentPassword'

2021-05-27 22:09:56 - [TEST_STEP][PASSED] - setEncryptedText(findTestObject("1412263_Page_Town Square - CNC_Nhom3 Mattermost/input_New Password_newPassword"), findTestData("1412263/Data TC2 UpdatePassword").getValue(2, i)): Text ****** has been set on object 'Object Repository/1412263_Page_Town Square - CNC_Nhom3 Mattermost/input_New Password_newPassword'

2021-05-27 22:09:58 - [MESSAGE][PASSED] - Text ****** has been set on object 'Object Repository/1412263_Page_Town Square - CNC_Nhom3 Mattermost/input_New Password_newPassword'

2021-05-27 22:09:58 - [TEST_STEP][PASSED] - setEncryptedText(findTestObject("1412263_Page_Town Square - CNC_Nhom3 Mattermost/input_Retype New Password_confirmPassword"), findTestData("1412263/Data TC2 UpdatePassword").getValue(3, i)): Text ****** has been set on object 'Object Repository/1412263_Page_Town Square - CNC_Nhom3 Mattermost/input_Retype New Password_confirmPassword'

2021-05-27 22:09:58 - [MESSAGE][PASSED] - Text ****** has been set on object 'Object Repository/1412263_Page_Town Square - CNC_Nhom3 Mattermost/input_Retype New Password_confirmPassword'

2021-05-27 22:09:58 - [TEST_STEP][PASSED] - click(findTestObject("1412263_Page_Town Square - CNC_Nhom3 Mattermost/button_Save")): Object: 'Object Repository/1412263_Page_Town Square - CNC_Nhom3 Mattermost/button_Save' is clicked on

2021-05-27 22:09:59 - [MESSAGE][PASSED] - Object: 'Object Repository/1412263_Page_Town Square - CNC_Nhom3 Mattermost/button_Save' is clicked on

2021-05-27 22:09:59 - [TEST_STEP][PASSED] - Thread.sleep(2000): null

2021-05-27 22:10:01 - [TEST_STEP][PASSED] - click(findTestObject("1412263_Page_Town Square - CNC_Nhom3 Mattermost/span_")): Object: 'Object Repository/1412263_Page_Town Square - CNC_Nhom3 Mattermost/span_' is clicked on

2021-05-27 22:10:01 - [MESSAGE][PASSED] - Object: 'Object Repository/1412263_Page_Town Square - CNC_Nhom3 Mattermost/span_' is clicked on

2021-05-27 22:10:01 - [TEST_STEP][PASSED] - closeBrowser(): Browser is closed

2021-05-27 22:10:04 - [MESSAGE][PASSED] - Browser is closed]]></system-out>
         <system-err><![CDATA[]]></system-err>
      </testcase>
      <testcase name="Test Cases/1412263/TC03_UpdateFullName" time="48.28" classname="Test Cases/1412263/TC03_UpdateFullName" status="PASSED">
         <system-out><![CDATA[2021-05-27 22:10:04 - [TEST_CASE][PASSED] - Test Cases/1412263/TC03_UpdateFullName: Test Cases/1412263/TC03_UpdateFullName

2021-05-27 22:10:05 - [TEST_STEP][PASSED] - openBrowser(""): Browser is opened with url: ''

2021-05-27 22:10:05 - [MESSAGE][INFO] - Starting 'Chrome' driver

2021-05-27 22:10:05 - [MESSAGE][INFO] - Action delay is set to 0 milliseconds

2021-05-27 22:10:08 - [MESSAGE][PASSED] - Browser is opened with url: ''

2021-05-27 22:10:08 - [TEST_STEP][PASSED] - navigateToUrl("http://mattermostwebapp.herokuapp.com/"): Navigate to 'http://mattermostwebapp.herokuapp.com/' successfully

2021-05-27 22:10:11 - [MESSAGE][PASSED] - Navigate to 'http://mattermostwebapp.herokuapp.com/' successfully

2021-05-27 22:10:11 - [TEST_STEP][PASSED] - setText(findTestObject("1412263_Page_Mattermost/input_All team communication in one place, _dcc84b"), "huykhoi263"): Text 'huykhoi263' is set on object 'Object Repository/1412263_Page_Mattermost/input_All team communication in one place, _dcc84b'

2021-05-27 22:10:16 - [MESSAGE][PASSED] - Text 'huykhoi263' is set on object 'Object Repository/1412263_Page_Mattermost/input_All team communication in one place, _dcc84b'

2021-05-27 22:10:16 - [TEST_STEP][PASSED] - setEncryptedText(findTestObject("1412263_Page_Mattermost/input_All team communication in one place, _a3edc6"), "o1rBehR+FzY2ClyWuSUtzg=="): Text ****** has been set on object 'Object Repository/1412263_Page_Mattermost/input_All team communication in one place, _a3edc6'

2021-05-27 22:10:17 - [MESSAGE][PASSED] - Text ****** has been set on object 'Object Repository/1412263_Page_Mattermost/input_All team communication in one place, _a3edc6'

2021-05-27 22:10:17 - [TEST_STEP][PASSED] - click(findTestObject("1412263_Page_Mattermost/button_Sign in")): Object: 'Object Repository/1412263_Page_Mattermost/button_Sign in' is clicked on

2021-05-27 22:10:18 - [MESSAGE][PASSED] - Object: 'Object Repository/1412263_Page_Mattermost/button_Sign in' is clicked on

2021-05-27 22:10:18 - [TEST_STEP][PASSED] - click(findTestObject("1412263_Page_Town Square - CNC_Nhom3 Mattermost/span")): Object: 'Object Repository/1412263_Page_Town Square - CNC_Nhom3 Mattermost/span' is clicked on

2021-05-27 22:10:23 - [MESSAGE][PASSED] - Object: 'Object Repository/1412263_Page_Town Square - CNC_Nhom3 Mattermost/span' is clicked on

2021-05-27 22:10:23 - [TEST_STEP][PASSED] - click(findTestObject("1412263_Page_Town Square - CNC_Nhom3 Mattermost/button_Account Settings")): Object: 'Object Repository/1412263_Page_Town Square - CNC_Nhom3 Mattermost/button_Account Settings' is clicked on

2021-05-27 22:10:24 - [MESSAGE][PASSED] - Object: 'Object Repository/1412263_Page_Town Square - CNC_Nhom3 Mattermost/button_Account Settings' is clicked on

2021-05-27 22:10:24 - [TEST_STEP][PASSED] - for ([i = 1, i <= 5, (i++)]): null

2021-05-27 22:10:24 - [TEST_STEP][PASSED] - click(findTestObject("1412263_Page_Town Square - CNC_Nhom3 Mattermost/span_EditFullname")): Object: 'Object Repository/1412263_Page_Town Square - CNC_Nhom3 Mattermost/span_EditFullname' is clicked on

2021-05-27 22:10:25 - [MESSAGE][PASSED] - Object: 'Object Repository/1412263_Page_Town Square - CNC_Nhom3 Mattermost/span_EditFullname' is clicked on

2021-05-27 22:10:25 - [TEST_STEP][PASSED] - setText(findTestObject("1412263_Page_Town Square - CNC_Nhom3 Mattermost/input_First Name_firstName"), findTestData("1412263/Data TC3 UpdateFullName").getValue(1, i)): Text 'Nguyen' is set on object 'Object Repository/1412263_Page_Town Square - CNC_Nhom3 Mattermost/input_First Name_firstName'

2021-05-27 22:10:26 - [MESSAGE][PASSED] - Text 'Nguyen' is set on object 'Object Repository/1412263_Page_Town Square - CNC_Nhom3 Mattermost/input_First Name_firstName'

2021-05-27 22:10:26 - [TEST_STEP][PASSED] - setText(findTestObject("1412263_Page_Town Square - CNC_Nhom3 Mattermost/input_Last Name_lastName"), findTestData("1412263/Data TC3 UpdateFullName").getValue(2, i)): Text 'Huy Khoi' is set on object 'Object Repository/1412263_Page_Town Square - CNC_Nhom3 Mattermost/input_Last Name_lastName'

2021-05-27 22:10:27 - [MESSAGE][PASSED] - Text 'Huy Khoi' is set on object 'Object Repository/1412263_Page_Town Square - CNC_Nhom3 Mattermost/input_Last Name_lastName'

2021-05-27 22:10:27 - [TEST_STEP][PASSED] - click(findTestObject("1412263_Page_Town Square - CNC_Nhom3 Mattermost/span_Save")): Object: 'Object Repository/1412263_Page_Town Square - CNC_Nhom3 Mattermost/span_Save' is clicked on

2021-05-27 22:10:28 - [MESSAGE][PASSED] - Object: 'Object Repository/1412263_Page_Town Square - CNC_Nhom3 Mattermost/span_Save' is clicked on

2021-05-27 22:10:28 - [TEST_STEP][PASSED] - Thread.sleep(2000): null

2021-05-27 22:10:30 - [TEST_STEP][PASSED] - click(findTestObject("1412263_Page_Town Square - CNC_Nhom3 Mattermost/span_EditFullname")): Object: 'Object Repository/1412263_Page_Town Square - CNC_Nhom3 Mattermost/span_EditFullname' is clicked on

2021-05-27 22:10:30 - [MESSAGE][PASSED] - Object: 'Object Repository/1412263_Page_Town Square - CNC_Nhom3 Mattermost/span_EditFullname' is clicked on

2021-05-27 22:10:30 - [TEST_STEP][PASSED] - setText(findTestObject("1412263_Page_Town Square - CNC_Nhom3 Mattermost/input_First Name_firstName"), findTestData("1412263/Data TC3 UpdateFullName").getValue(1, i)): Text 'Tran' is set on object 'Object Repository/1412263_Page_Town Square - CNC_Nhom3 Mattermost/input_First Name_firstName'

2021-05-27 22:10:31 - [MESSAGE][PASSED] - Text 'Tran' is set on object 'Object Repository/1412263_Page_Town Square - CNC_Nhom3 Mattermost/input_First Name_firstName'

2021-05-27 22:10:31 - [TEST_STEP][PASSED] - setText(findTestObject("1412263_Page_Town Square - CNC_Nhom3 Mattermost/input_Last Name_lastName"), findTestData("1412263/Data TC3 UpdateFullName").getValue(2, i)): Text 'Van A' is set on object 'Object Repository/1412263_Page_Town Square - CNC_Nhom3 Mattermost/input_Last Name_lastName'

2021-05-27 22:10:32 - [MESSAGE][PASSED] - Text 'Van A' is set on object 'Object Repository/1412263_Page_Town Square - CNC_Nhom3 Mattermost/input_Last Name_lastName'

2021-05-27 22:10:32 - [TEST_STEP][PASSED] - click(findTestObject("1412263_Page_Town Square - CNC_Nhom3 Mattermost/span_Save")): Object: 'Object Repository/1412263_Page_Town Square - CNC_Nhom3 Mattermost/span_Save' is clicked on

2021-05-27 22:10:33 - [MESSAGE][PASSED] - Object: 'Object Repository/1412263_Page_Town Square - CNC_Nhom3 Mattermost/span_Save' is clicked on

2021-05-27 22:10:33 - [TEST_STEP][PASSED] - Thread.sleep(2000): null

2021-05-27 22:10:35 - [TEST_STEP][PASSED] - click(findTestObject("1412263_Page_Town Square - CNC_Nhom3 Mattermost/span_EditFullname")): Object: 'Object Repository/1412263_Page_Town Square - CNC_Nhom3 Mattermost/span_EditFullname' is clicked on

2021-05-27 22:10:35 - [MESSAGE][PASSED] - Object: 'Object Repository/1412263_Page_Town Square - CNC_Nhom3 Mattermost/span_EditFullname' is clicked on

2021-05-27 22:10:35 - [TEST_STEP][PASSED] - setText(findTestObject("1412263_Page_Town Square - CNC_Nhom3 Mattermost/input_First Name_firstName"), findTestData("1412263/Data TC3 UpdateFullName").getValue(1, i)): Text 'Nguyen' is set on object 'Object Repository/1412263_Page_Town Square - CNC_Nhom3 Mattermost/input_First Name_firstName'

2021-05-27 22:10:36 - [MESSAGE][PASSED] - Text 'Nguyen' is set on object 'Object Repository/1412263_Page_Town Square - CNC_Nhom3 Mattermost/input_First Name_firstName'

2021-05-27 22:10:36 - [TEST_STEP][PASSED] - setText(findTestObject("1412263_Page_Town Square - CNC_Nhom3 Mattermost/input_Last Name_lastName"), findTestData("1412263/Data TC3 UpdateFullName").getValue(2, i)): Text 'Thi B' is set on object 'Object Repository/1412263_Page_Town Square - CNC_Nhom3 Mattermost/input_Last Name_lastName'

2021-05-27 22:10:37 - [MESSAGE][PASSED] - Text 'Thi B' is set on object 'Object Repository/1412263_Page_Town Square - CNC_Nhom3 Mattermost/input_Last Name_lastName'

2021-05-27 22:10:37 - [TEST_STEP][PASSED] - click(findTestObject("1412263_Page_Town Square - CNC_Nhom3 Mattermost/span_Save")): Object: 'Object Repository/1412263_Page_Town Square - CNC_Nhom3 Mattermost/span_Save' is clicked on

2021-05-27 22:10:37 - [MESSAGE][PASSED] - Object: 'Object Repository/1412263_Page_Town Square - CNC_Nhom3 Mattermost/span_Save' is clicked on

2021-05-27 22:10:37 - [TEST_STEP][PASSED] - Thread.sleep(2000): null

2021-05-27 22:10:39 - [TEST_STEP][PASSED] - click(findTestObject("1412263_Page_Town Square - CNC_Nhom3 Mattermost/span_EditFullname")): Object: 'Object Repository/1412263_Page_Town Square - CNC_Nhom3 Mattermost/span_EditFullname' is clicked on

2021-05-27 22:10:40 - [MESSAGE][PASSED] - Object: 'Object Repository/1412263_Page_Town Square - CNC_Nhom3 Mattermost/span_EditFullname' is clicked on

2021-05-27 22:10:40 - [TEST_STEP][PASSED] - setText(findTestObject("1412263_Page_Town Square - CNC_Nhom3 Mattermost/input_First Name_firstName"), findTestData("1412263/Data TC3 UpdateFullName").getValue(1, i)): Text 'ABC' is set on object 'Object Repository/1412263_Page_Town Square - CNC_Nhom3 Mattermost/input_First Name_firstName'

2021-05-27 22:10:41 - [MESSAGE][PASSED] - Text 'ABC' is set on object 'Object Repository/1412263_Page_Town Square - CNC_Nhom3 Mattermost/input_First Name_firstName'

2021-05-27 22:10:41 - [TEST_STEP][PASSED] - setText(findTestObject("1412263_Page_Town Square - CNC_Nhom3 Mattermost/input_Last Name_lastName"), findTestData("1412263/Data TC3 UpdateFullName").getValue(2, i)): Text '346$%%$&><>Z?' is set on object 'Object Repository/1412263_Page_Town Square - CNC_Nhom3 Mattermost/input_Last Name_lastName'

2021-05-27 22:10:42 - [MESSAGE][PASSED] - Text '346$%%$&><>Z?' is set on object 'Object Repository/1412263_Page_Town Square - CNC_Nhom3 Mattermost/input_Last Name_lastName'

2021-05-27 22:10:42 - [TEST_STEP][PASSED] - click(findTestObject("1412263_Page_Town Square - CNC_Nhom3 Mattermost/span_Save")): Object: 'Object Repository/1412263_Page_Town Square - CNC_Nhom3 Mattermost/span_Save' is clicked on

2021-05-27 22:10:43 - [MESSAGE][PASSED] - Object: 'Object Repository/1412263_Page_Town Square - CNC_Nhom3 Mattermost/span_Save' is clicked on

2021-05-27 22:10:43 - [TEST_STEP][PASSED] - Thread.sleep(2000): null

2021-05-27 22:10:45 - [TEST_STEP][PASSED] - click(findTestObject("1412263_Page_Town Square - CNC_Nhom3 Mattermost/span_EditFullname")): Object: 'Object Repository/1412263_Page_Town Square - CNC_Nhom3 Mattermost/span_EditFullname' is clicked on

2021-05-27 22:10:45 - [MESSAGE][PASSED] - Object: 'Object Repository/1412263_Page_Town Square - CNC_Nhom3 Mattermost/span_EditFullname' is clicked on

2021-05-27 22:10:45 - [TEST_STEP][PASSED] - setText(findTestObject("1412263_Page_Town Square - CNC_Nhom3 Mattermost/input_First Name_firstName"), findTestData("1412263/Data TC3 UpdateFullName").getValue(1, i)): Text 'Huy Khoi' is set on object 'Object Repository/1412263_Page_Town Square - CNC_Nhom3 Mattermost/input_First Name_firstName'

2021-05-27 22:10:47 - [MESSAGE][PASSED] - Text 'Huy Khoi' is set on object 'Object Repository/1412263_Page_Town Square - CNC_Nhom3 Mattermost/input_First Name_firstName'

2021-05-27 22:10:47 - [TEST_STEP][PASSED] - setText(findTestObject("1412263_Page_Town Square - CNC_Nhom3 Mattermost/input_Last Name_lastName"), findTestData("1412263/Data TC3 UpdateFullName").getValue(2, i)): Text 'Nguyen' is set on object 'Object Repository/1412263_Page_Town Square - CNC_Nhom3 Mattermost/input_Last Name_lastName'

2021-05-27 22:10:48 - [MESSAGE][PASSED] - Text 'Nguyen' is set on object 'Object Repository/1412263_Page_Town Square - CNC_Nhom3 Mattermost/input_Last Name_lastName'

2021-05-27 22:10:48 - [TEST_STEP][PASSED] - click(findTestObject("1412263_Page_Town Square - CNC_Nhom3 Mattermost/span_Save")): Object: 'Object Repository/1412263_Page_Town Square - CNC_Nhom3 Mattermost/span_Save' is clicked on

2021-05-27 22:10:48 - [MESSAGE][PASSED] - Object: 'Object Repository/1412263_Page_Town Square - CNC_Nhom3 Mattermost/span_Save' is clicked on

2021-05-27 22:10:48 - [TEST_STEP][PASSED] - Thread.sleep(2000): null

2021-05-27 22:10:50 - [TEST_STEP][PASSED] - click(findTestObject("1412263_Page_Town Square - CNC_Nhom3 Mattermost/span_")): Object: 'Object Repository/1412263_Page_Town Square - CNC_Nhom3 Mattermost/span_' is clicked on

2021-05-27 22:10:51 - [MESSAGE][PASSED] - Object: 'Object Repository/1412263_Page_Town Square - CNC_Nhom3 Mattermost/span_' is clicked on

2021-05-27 22:10:51 - [TEST_STEP][PASSED] - closeBrowser(): Browser is closed

2021-05-27 22:10:52 - [MESSAGE][PASSED] - Browser is closed]]></system-out>
         <system-err><![CDATA[]]></system-err>
      </testcase>
      <testcase name="Test Cases/1412263/TC04_UpdateNickname" time="36.676" classname="Test Cases/1412263/TC04_UpdateNickname" status="PASSED">
         <system-out><![CDATA[2021-05-27 22:10:52 - [TEST_CASE][PASSED] - Test Cases/1412263/TC04_UpdateNickname: Test Cases/1412263/TC04_UpdateNickname

2021-05-27 22:10:53 - [TEST_STEP][PASSED] - openBrowser(""): Browser is opened with url: ''

2021-05-27 22:10:53 - [MESSAGE][INFO] - Starting 'Chrome' driver

2021-05-27 22:10:53 - [MESSAGE][INFO] - Action delay is set to 0 milliseconds

2021-05-27 22:10:55 - [MESSAGE][PASSED] - Browser is opened with url: ''

2021-05-27 22:10:55 - [TEST_STEP][PASSED] - navigateToUrl("http://mattermostwebapp.herokuapp.com/"): Navigate to 'http://mattermostwebapp.herokuapp.com/' successfully

2021-05-27 22:10:59 - [MESSAGE][PASSED] - Navigate to 'http://mattermostwebapp.herokuapp.com/' successfully

2021-05-27 22:10:59 - [TEST_STEP][PASSED] - setText(findTestObject("1412263_Page_Mattermost/input_All team communication in one place, _dcc84b"), "huykhoi263"): Text 'huykhoi263' is set on object 'Object Repository/1412263_Page_Mattermost/input_All team communication in one place, _dcc84b'

2021-05-27 22:11:04 - [MESSAGE][PASSED] - Text 'huykhoi263' is set on object 'Object Repository/1412263_Page_Mattermost/input_All team communication in one place, _dcc84b'

2021-05-27 22:11:04 - [TEST_STEP][PASSED] - setEncryptedText(findTestObject("1412263_Page_Mattermost/input_All team communication in one place, _a3edc6"), "o1rBehR+FzY2ClyWuSUtzg=="): Text ****** has been set on object 'Object Repository/1412263_Page_Mattermost/input_All team communication in one place, _a3edc6'

2021-05-27 22:11:05 - [MESSAGE][PASSED] - Text ****** has been set on object 'Object Repository/1412263_Page_Mattermost/input_All team communication in one place, _a3edc6'

2021-05-27 22:11:05 - [TEST_STEP][PASSED] - click(findTestObject("1412263_Page_Mattermost/button_Sign in")): Object: 'Object Repository/1412263_Page_Mattermost/button_Sign in' is clicked on

2021-05-27 22:11:05 - [MESSAGE][PASSED] - Object: 'Object Repository/1412263_Page_Mattermost/button_Sign in' is clicked on

2021-05-27 22:11:05 - [TEST_STEP][PASSED] - click(findTestObject("1412263_Page_Town Square - CNC_Nhom3 Mattermost/path")): Object: 'Object Repository/1412263_Page_Town Square - CNC_Nhom3 Mattermost/path' is clicked on

2021-05-27 22:11:11 - [MESSAGE][PASSED] - Object: 'Object Repository/1412263_Page_Town Square - CNC_Nhom3 Mattermost/path' is clicked on

2021-05-27 22:11:11 - [TEST_STEP][PASSED] - click(findTestObject("1412263_Page_Town Square - CNC_Nhom3 Mattermost/span_Account Settings")): Object: 'Object Repository/1412263_Page_Town Square - CNC_Nhom3 Mattermost/span_Account Settings' is clicked on

2021-05-27 22:11:11 - [MESSAGE][PASSED] - Object: 'Object Repository/1412263_Page_Town Square - CNC_Nhom3 Mattermost/span_Account Settings' is clicked on

2021-05-27 22:11:11 - [TEST_STEP][PASSED] - for ([i = 1, i <= 5, (i++)]): Object: 'Object Repository/1412263_Page_Town Square - CNC_Nhom3 Mattermost/span_Save' is clicked on

2021-05-27 22:11:11 - [TEST_STEP][PASSED] - click(findTestObject("1412263_Page_Town Square - CNC_Nhom3 Mattermost/span_EditNickname")): Object: 'Object Repository/1412263_Page_Town Square - CNC_Nhom3 Mattermost/span_EditNickname' is clicked on

2021-05-27 22:11:12 - [MESSAGE][PASSED] - Object: 'Object Repository/1412263_Page_Town Square - CNC_Nhom3 Mattermost/span_EditNickname' is clicked on

2021-05-27 22:11:12 - [TEST_STEP][PASSED] - setText(findTestObject("1412263_Page_Town Square - CNC_Nhom3 Mattermost/input_Nickname_nickname"), findTestData("1412263/Data TC3 UpdateFullName").getValue(2, i)): Text 'Huy Khoi' is set on object 'Object Repository/1412263_Page_Town Square - CNC_Nhom3 Mattermost/input_Nickname_nickname'

2021-05-27 22:11:13 - [MESSAGE][PASSED] - Text 'Huy Khoi' is set on object 'Object Repository/1412263_Page_Town Square - CNC_Nhom3 Mattermost/input_Nickname_nickname'

2021-05-27 22:11:13 - [TEST_STEP][PASSED] - click(findTestObject("1412263_Page_Town Square - CNC_Nhom3 Mattermost/span_Save")): Object: 'Object Repository/1412263_Page_Town Square - CNC_Nhom3 Mattermost/span_Save' is clicked on

2021-05-27 22:11:14 - [MESSAGE][PASSED] - Object: 'Object Repository/1412263_Page_Town Square - CNC_Nhom3 Mattermost/span_Save' is clicked on

2021-05-27 22:11:14 - [TEST_STEP][PASSED] - click(findTestObject("1412263_Page_Town Square - CNC_Nhom3 Mattermost/span_EditNickname")): Object: 'Object Repository/1412263_Page_Town Square - CNC_Nhom3 Mattermost/span_EditNickname' is clicked on

2021-05-27 22:11:15 - [MESSAGE][PASSED] - Object: 'Object Repository/1412263_Page_Town Square - CNC_Nhom3 Mattermost/span_EditNickname' is clicked on

2021-05-27 22:11:15 - [TEST_STEP][PASSED] - setText(findTestObject("1412263_Page_Town Square - CNC_Nhom3 Mattermost/input_Nickname_nickname"), findTestData("1412263/Data TC3 UpdateFullName").getValue(2, i)): Text 'Van A' is set on object 'Object Repository/1412263_Page_Town Square - CNC_Nhom3 Mattermost/input_Nickname_nickname'

2021-05-27 22:11:17 - [MESSAGE][PASSED] - Text 'Van A' is set on object 'Object Repository/1412263_Page_Town Square - CNC_Nhom3 Mattermost/input_Nickname_nickname'

2021-05-27 22:11:17 - [TEST_STEP][PASSED] - click(findTestObject("1412263_Page_Town Square - CNC_Nhom3 Mattermost/span_Save")): Object: 'Object Repository/1412263_Page_Town Square - CNC_Nhom3 Mattermost/span_Save' is clicked on

2021-05-27 22:11:17 - [MESSAGE][PASSED] - Object: 'Object Repository/1412263_Page_Town Square - CNC_Nhom3 Mattermost/span_Save' is clicked on

2021-05-27 22:11:17 - [TEST_STEP][PASSED] - click(findTestObject("1412263_Page_Town Square - CNC_Nhom3 Mattermost/span_EditNickname")): Object: 'Object Repository/1412263_Page_Town Square - CNC_Nhom3 Mattermost/span_EditNickname' is clicked on

2021-05-27 22:11:19 - [MESSAGE][PASSED] - Object: 'Object Repository/1412263_Page_Town Square - CNC_Nhom3 Mattermost/span_EditNickname' is clicked on

2021-05-27 22:11:19 - [TEST_STEP][PASSED] - setText(findTestObject("1412263_Page_Town Square - CNC_Nhom3 Mattermost/input_Nickname_nickname"), findTestData("1412263/Data TC3 UpdateFullName").getValue(2, i)): Text 'Thi B' is set on object 'Object Repository/1412263_Page_Town Square - CNC_Nhom3 Mattermost/input_Nickname_nickname'

2021-05-27 22:11:20 - [MESSAGE][PASSED] - Text 'Thi B' is set on object 'Object Repository/1412263_Page_Town Square - CNC_Nhom3 Mattermost/input_Nickname_nickname'

2021-05-27 22:11:20 - [TEST_STEP][PASSED] - click(findTestObject("1412263_Page_Town Square - CNC_Nhom3 Mattermost/span_Save")): Object: 'Object Repository/1412263_Page_Town Square - CNC_Nhom3 Mattermost/span_Save' is clicked on

2021-05-27 22:11:21 - [MESSAGE][PASSED] - Object: 'Object Repository/1412263_Page_Town Square - CNC_Nhom3 Mattermost/span_Save' is clicked on

2021-05-27 22:11:21 - [TEST_STEP][PASSED] - click(findTestObject("1412263_Page_Town Square - CNC_Nhom3 Mattermost/span_EditNickname")): Object: 'Object Repository/1412263_Page_Town Square - CNC_Nhom3 Mattermost/span_EditNickname' is clicked on

2021-05-27 22:11:22 - [MESSAGE][PASSED] - Object: 'Object Repository/1412263_Page_Town Square - CNC_Nhom3 Mattermost/span_EditNickname' is clicked on

2021-05-27 22:11:22 - [TEST_STEP][PASSED] - setText(findTestObject("1412263_Page_Town Square - CNC_Nhom3 Mattermost/input_Nickname_nickname"), findTestData("1412263/Data TC3 UpdateFullName").getValue(2, i)): Text '346$%%$&><>Z?' is set on object 'Object Repository/1412263_Page_Town Square - CNC_Nhom3 Mattermost/input_Nickname_nickname'

2021-05-27 22:11:23 - [MESSAGE][PASSED] - Text '346$%%$&><>Z?' is set on object 'Object Repository/1412263_Page_Town Square - CNC_Nhom3 Mattermost/input_Nickname_nickname'

2021-05-27 22:11:23 - [TEST_STEP][PASSED] - click(findTestObject("1412263_Page_Town Square - CNC_Nhom3 Mattermost/span_Save")): Object: 'Object Repository/1412263_Page_Town Square - CNC_Nhom3 Mattermost/span_Save' is clicked on

2021-05-27 22:11:23 - [MESSAGE][PASSED] - Object: 'Object Repository/1412263_Page_Town Square - CNC_Nhom3 Mattermost/span_Save' is clicked on

2021-05-27 22:11:23 - [TEST_STEP][PASSED] - click(findTestObject("1412263_Page_Town Square - CNC_Nhom3 Mattermost/span_EditNickname")): Object: 'Object Repository/1412263_Page_Town Square - CNC_Nhom3 Mattermost/span_EditNickname' is clicked on

2021-05-27 22:11:25 - [MESSAGE][PASSED] - Object: 'Object Repository/1412263_Page_Town Square - CNC_Nhom3 Mattermost/span_EditNickname' is clicked on

2021-05-27 22:11:25 - [TEST_STEP][PASSED] - setText(findTestObject("1412263_Page_Town Square - CNC_Nhom3 Mattermost/input_Nickname_nickname"), findTestData("1412263/Data TC3 UpdateFullName").getValue(2, i)): Text 'Nguyen' is set on object 'Object Repository/1412263_Page_Town Square - CNC_Nhom3 Mattermost/input_Nickname_nickname'

2021-05-27 22:11:26 - [MESSAGE][PASSED] - Text 'Nguyen' is set on object 'Object Repository/1412263_Page_Town Square - CNC_Nhom3 Mattermost/input_Nickname_nickname'

2021-05-27 22:11:26 - [TEST_STEP][PASSED] - click(findTestObject("1412263_Page_Town Square - CNC_Nhom3 Mattermost/span_Save")): Object: 'Object Repository/1412263_Page_Town Square - CNC_Nhom3 Mattermost/span_Save' is clicked on

2021-05-27 22:11:26 - [MESSAGE][PASSED] - Object: 'Object Repository/1412263_Page_Town Square - CNC_Nhom3 Mattermost/span_Save' is clicked on

2021-05-27 22:11:26 - [TEST_STEP][PASSED] - click(findTestObject("1412263_Page_Town Square - CNC_Nhom3 Mattermost/span_")): Object: 'Object Repository/1412263_Page_Town Square - CNC_Nhom3 Mattermost/span_' is clicked on

2021-05-27 22:11:28 - [MESSAGE][PASSED] - Object: 'Object Repository/1412263_Page_Town Square - CNC_Nhom3 Mattermost/span_' is clicked on

2021-05-27 22:11:28 - [TEST_STEP][PASSED] - closeBrowser(): Browser is closed

2021-05-27 22:11:29 - [MESSAGE][PASSED] - Browser is closed]]></system-out>
         <system-err><![CDATA[]]></system-err>
      </testcase>
      <testcase name="Test Cases/1412263/TC05_UpdateUsername" time="27.424" classname="Test Cases/1412263/TC05_UpdateUsername" status="PASSED">
         <system-out><![CDATA[2021-05-27 22:11:29 - [TEST_CASE][PASSED] - Test Cases/1412263/TC05_UpdateUsername: Test Cases/1412263/TC05_UpdateUsername

2021-05-27 22:11:30 - [TEST_STEP][PASSED] - openBrowser(""): Browser is opened with url: ''

2021-05-27 22:11:30 - [MESSAGE][INFO] - Starting 'Chrome' driver

2021-05-27 22:11:30 - [MESSAGE][INFO] - Action delay is set to 0 milliseconds

2021-05-27 22:11:32 - [MESSAGE][PASSED] - Browser is opened with url: ''

2021-05-27 22:11:32 - [TEST_STEP][PASSED] - navigateToUrl("http://mattermostwebapp.herokuapp.com/"): Navigate to 'http://mattermostwebapp.herokuapp.com/' successfully

2021-05-27 22:11:37 - [MESSAGE][PASSED] - Navigate to 'http://mattermostwebapp.herokuapp.com/' successfully

2021-05-27 22:11:37 - [TEST_STEP][PASSED] - setText(findTestObject("1412263_Page_Mattermost/input_All team communication in one place, _dcc84b"), "huykhoi263"): Text 'huykhoi263' is set on object 'Object Repository/1412263_Page_Mattermost/input_All team communication in one place, _dcc84b'

2021-05-27 22:11:43 - [MESSAGE][PASSED] - Text 'huykhoi263' is set on object 'Object Repository/1412263_Page_Mattermost/input_All team communication in one place, _dcc84b'

2021-05-27 22:11:43 - [TEST_STEP][PASSED] - setEncryptedText(findTestObject("1412263_Page_Mattermost/input_All team communication in one place, _a3edc6"), "o1rBehR+FzY2ClyWuSUtzg=="): Text ****** has been set on object 'Object Repository/1412263_Page_Mattermost/input_All team communication in one place, _a3edc6'

2021-05-27 22:11:44 - [MESSAGE][PASSED] - Text ****** has been set on object 'Object Repository/1412263_Page_Mattermost/input_All team communication in one place, _a3edc6'

2021-05-27 22:11:44 - [TEST_STEP][PASSED] - click(findTestObject("1412263_Page_Mattermost/span_Sign in")): Object: 'Object Repository/1412263_Page_Mattermost/span_Sign in' is clicked on

2021-05-27 22:11:45 - [MESSAGE][PASSED] - Object: 'Object Repository/1412263_Page_Mattermost/span_Sign in' is clicked on

2021-05-27 22:11:45 - [TEST_STEP][PASSED] - click(findTestObject("1412263_Page_Town Square - CNC_Nhom3 Mattermost/span")): Object: 'Object Repository/1412263_Page_Town Square - CNC_Nhom3 Mattermost/span' is clicked on

2021-05-27 22:11:51 - [MESSAGE][PASSED] - Object: 'Object Repository/1412263_Page_Town Square - CNC_Nhom3 Mattermost/span' is clicked on

2021-05-27 22:11:51 - [TEST_STEP][PASSED] - click(findTestObject("1412263_Page_Town Square - CNC_Nhom3 Mattermost/button_Account Settings")): Object: 'Object Repository/1412263_Page_Town Square - CNC_Nhom3 Mattermost/button_Account Settings' is clicked on

2021-05-27 22:11:51 - [MESSAGE][PASSED] - Object: 'Object Repository/1412263_Page_Town Square - CNC_Nhom3 Mattermost/button_Account Settings' is clicked on

2021-05-27 22:11:51 - [TEST_STEP][PASSED] - click(findTestObject("1412263_Page_Town Square - CNC_Nhom3 Mattermost/span_EditUsername")): Object: 'Object Repository/1412263_Page_Town Square - CNC_Nhom3 Mattermost/span_EditUsername' is clicked on

2021-05-27 22:11:52 - [MESSAGE][PASSED] - Object: 'Object Repository/1412263_Page_Town Square - CNC_Nhom3 Mattermost/span_EditUsername' is clicked on

2021-05-27 22:11:52 - [TEST_STEP][PASSED] - setText(findTestObject("1412263_Page_Town Square - CNC_Nhom3 Mattermost/input_Username_username"), "huykhoi263"): Text 'huykhoi263' is set on object 'Object Repository/1412263_Page_Town Square - CNC_Nhom3 Mattermost/input_Username_username'

2021-05-27 22:11:54 - [MESSAGE][PASSED] - Text 'huykhoi263' is set on object 'Object Repository/1412263_Page_Town Square - CNC_Nhom3 Mattermost/input_Username_username'

2021-05-27 22:11:54 - [TEST_STEP][PASSED] - click(findTestObject("1412263_Page_Town Square - CNC_Nhom3 Mattermost/button_Save")): Object: 'Object Repository/1412263_Page_Town Square - CNC_Nhom3 Mattermost/button_Save' is clicked on

2021-05-27 22:11:54 - [MESSAGE][PASSED] - Object: 'Object Repository/1412263_Page_Town Square - CNC_Nhom3 Mattermost/button_Save' is clicked on

2021-05-27 22:11:54 - [TEST_STEP][PASSED] - click(findTestObject("1412263_Page_Town Square - CNC_Nhom3 Mattermost/span_")): Object: 'Object Repository/1412263_Page_Town Square - CNC_Nhom3 Mattermost/span_' is clicked on

2021-05-27 22:11:55 - [MESSAGE][PASSED] - Object: 'Object Repository/1412263_Page_Town Square - CNC_Nhom3 Mattermost/span_' is clicked on

2021-05-27 22:11:55 - [TEST_STEP][PASSED] - closeBrowser(): Browser is closed

2021-05-27 22:11:56 - [MESSAGE][PASSED] - Browser is closed]]></system-out>
         <system-err><![CDATA[]]></system-err>
      </testcase>
      <testcase name="Test Cases/1412263/TC06_UpdatePosition" time="29.568" classname="Test Cases/1412263/TC06_UpdatePosition" status="PASSED">
         <system-out><![CDATA[2021-05-27 22:11:56 - [TEST_CASE][PASSED] - Test Cases/1412263/TC06_UpdatePosition: Test Cases/1412263/TC06_UpdatePosition

2021-05-27 22:11:57 - [TEST_STEP][PASSED] - openBrowser(""): Browser is opened with url: ''

2021-05-27 22:11:57 - [MESSAGE][INFO] - Starting 'Chrome' driver

2021-05-27 22:11:57 - [MESSAGE][INFO] - Action delay is set to 0 milliseconds

2021-05-27 22:12:00 - [MESSAGE][PASSED] - Browser is opened with url: ''

2021-05-27 22:12:00 - [TEST_STEP][PASSED] - navigateToUrl("http://mattermostwebapp.herokuapp.com/"): Navigate to 'http://mattermostwebapp.herokuapp.com/' successfully

2021-05-27 22:12:04 - [MESSAGE][PASSED] - Navigate to 'http://mattermostwebapp.herokuapp.com/' successfully

2021-05-27 22:12:04 - [TEST_STEP][PASSED] - setText(findTestObject("1412263_Page_Mattermost/input_All team communication in one place, _dcc84b"), "huykhoi263"): Text 'huykhoi263' is set on object 'Object Repository/1412263_Page_Mattermost/input_All team communication in one place, _dcc84b'

2021-05-27 22:12:11 - [MESSAGE][PASSED] - Text 'huykhoi263' is set on object 'Object Repository/1412263_Page_Mattermost/input_All team communication in one place, _dcc84b'

2021-05-27 22:12:11 - [TEST_STEP][PASSED] - setEncryptedText(findTestObject("1412263_Page_Mattermost/input_All team communication in one place, _a3edc6"), "o1rBehR+FzY2ClyWuSUtzg=="): Text ****** has been set on object 'Object Repository/1412263_Page_Mattermost/input_All team communication in one place, _a3edc6'

2021-05-27 22:12:13 - [MESSAGE][PASSED] - Text ****** has been set on object 'Object Repository/1412263_Page_Mattermost/input_All team communication in one place, _a3edc6'

2021-05-27 22:12:13 - [TEST_STEP][PASSED] - sendKeys(findTestObject("1412263_Page_Mattermost/input_All team communication in one place, _a3edc6"), Keys.chord(ENTER)): Keys 'ENTER + ' sent to object: 'Object Repository/1412263_Page_Mattermost/input_All team communication in one place, _a3edc6'

2021-05-27 22:12:15 - [MESSAGE][PASSED] - Keys 'ENTER + ' sent to object: 'Object Repository/1412263_Page_Mattermost/input_All team communication in one place, _a3edc6'

2021-05-27 22:12:15 - [TEST_STEP][PASSED] - click(findTestObject("1412263_Page_Town Square - CNC_Nhom3 Mattermost/button_huykhoi263_style--none sidebar-heade_fefe58")): Object: 'Object Repository/1412263_Page_Town Square - CNC_Nhom3 Mattermost/button_huykhoi263_style--none sidebar-heade_fefe58' is clicked on

2021-05-27 22:12:20 - [MESSAGE][PASSED] - Object: 'Object Repository/1412263_Page_Town Square - CNC_Nhom3 Mattermost/button_huykhoi263_style--none sidebar-heade_fefe58' is clicked on

2021-05-27 22:12:20 - [TEST_STEP][PASSED] - click(findTestObject("1412263_Page_Town Square - CNC_Nhom3 Mattermost/button_Account Settings")): Object: 'Object Repository/1412263_Page_Town Square - CNC_Nhom3 Mattermost/button_Account Settings' is clicked on

2021-05-27 22:12:21 - [MESSAGE][PASSED] - Object: 'Object Repository/1412263_Page_Town Square - CNC_Nhom3 Mattermost/button_Account Settings' is clicked on

2021-05-27 22:12:21 - [TEST_STEP][PASSED] - click(findTestObject("1412263_Page_Town Square - CNC_Nhom3 Mattermost/span_EditPosition")): Object: 'Object Repository/1412263_Page_Town Square - CNC_Nhom3 Mattermost/span_EditPosition' is clicked on

2021-05-27 22:12:22 - [MESSAGE][PASSED] - Object: 'Object Repository/1412263_Page_Town Square - CNC_Nhom3 Mattermost/span_EditPosition' is clicked on

2021-05-27 22:12:22 - [TEST_STEP][PASSED] - setText(findTestObject("1412263_Page_Town Square - CNC_Nhom3 Mattermost/input_Position_position"), "student"): Text 'student' is set on object 'Object Repository/1412263_Page_Town Square - CNC_Nhom3 Mattermost/input_Position_position'

2021-05-27 22:12:23 - [MESSAGE][PASSED] - Text 'student' is set on object 'Object Repository/1412263_Page_Town Square - CNC_Nhom3 Mattermost/input_Position_position'

2021-05-27 22:12:23 - [TEST_STEP][PASSED] - click(findTestObject("1412263_Page_Town Square - CNC_Nhom3 Mattermost/span_Save")): Object: 'Object Repository/1412263_Page_Town Square - CNC_Nhom3 Mattermost/span_Save' is clicked on

2021-05-27 22:12:24 - [MESSAGE][PASSED] - Object: 'Object Repository/1412263_Page_Town Square - CNC_Nhom3 Mattermost/span_Save' is clicked on

2021-05-27 22:12:24 - [TEST_STEP][PASSED] - click(findTestObject("1412263_Page_Town Square - CNC_Nhom3 Mattermost/span_")): Object: 'Object Repository/1412263_Page_Town Square - CNC_Nhom3 Mattermost/span_' is clicked on

2021-05-27 22:12:25 - [MESSAGE][PASSED] - Object: 'Object Repository/1412263_Page_Town Square - CNC_Nhom3 Mattermost/span_' is clicked on

2021-05-27 22:12:25 - [TEST_STEP][PASSED] - closeBrowser(): Browser is closed

2021-05-27 22:12:26 - [MESSAGE][PASSED] - Browser is closed]]></system-out>
         <system-err><![CDATA[]]></system-err>
      </testcase>
      <testcase name="Test Cases/1412263/TC07_UpdateEmail" time="35.841" classname="Test Cases/1412263/TC07_UpdateEmail" status="PASSED">
         <system-out><![CDATA[2021-05-27 22:12:26 - [TEST_CASE][PASSED] - Test Cases/1412263/TC07_UpdateEmail: Test Cases/1412263/TC07_UpdateEmail

2021-05-27 22:12:27 - [TEST_STEP][PASSED] - openBrowser(""): Browser is opened with url: ''

2021-05-27 22:12:27 - [MESSAGE][INFO] - Starting 'Chrome' driver

2021-05-27 22:12:27 - [MESSAGE][INFO] - Action delay is set to 0 milliseconds

2021-05-27 22:12:31 - [MESSAGE][PASSED] - Browser is opened with url: ''

2021-05-27 22:12:31 - [TEST_STEP][PASSED] - navigateToUrl("http://mattermostwebapp.herokuapp.com/"): Navigate to 'http://mattermostwebapp.herokuapp.com/' successfully

2021-05-27 22:12:35 - [MESSAGE][PASSED] - Navigate to 'http://mattermostwebapp.herokuapp.com/' successfully

2021-05-27 22:12:35 - [TEST_STEP][PASSED] - setText(findTestObject("1412263_Page_Mattermost/input_All team communication in one place, _dcc84b"), "huykhoi263"): Text 'huykhoi263' is set on object 'Object Repository/1412263_Page_Mattermost/input_All team communication in one place, _dcc84b'

2021-05-27 22:12:42 - [MESSAGE][PASSED] - Text 'huykhoi263' is set on object 'Object Repository/1412263_Page_Mattermost/input_All team communication in one place, _dcc84b'

2021-05-27 22:12:42 - [TEST_STEP][PASSED] - setEncryptedText(findTestObject("1412263_Page_Mattermost/input_All team communication in one place, _a3edc6"), "o1rBehR+FzY2ClyWuSUtzg=="): Text ****** has been set on object 'Object Repository/1412263_Page_Mattermost/input_All team communication in one place, _a3edc6'

2021-05-27 22:12:43 - [MESSAGE][PASSED] - Text ****** has been set on object 'Object Repository/1412263_Page_Mattermost/input_All team communication in one place, _a3edc6'

2021-05-27 22:12:43 - [TEST_STEP][PASSED] - click(findTestObject("1412263_Page_Mattermost/span_Sign in")): Object: 'Object Repository/1412263_Page_Mattermost/span_Sign in' is clicked on

2021-05-27 22:12:44 - [MESSAGE][PASSED] - Object: 'Object Repository/1412263_Page_Mattermost/span_Sign in' is clicked on

2021-05-27 22:12:44 - [TEST_STEP][PASSED] - click(findTestObject("1412263_Page_Town Square - CNC_Nhom3 Mattermost/path")): Object: 'Object Repository/1412263_Page_Town Square - CNC_Nhom3 Mattermost/path' is clicked on

2021-05-27 22:12:50 - [MESSAGE][PASSED] - Object: 'Object Repository/1412263_Page_Town Square - CNC_Nhom3 Mattermost/path' is clicked on

2021-05-27 22:12:50 - [TEST_STEP][PASSED] - click(findTestObject("1412263_Page_Town Square - CNC_Nhom3 Mattermost/button_Account Settings")): Object: 'Object Repository/1412263_Page_Town Square - CNC_Nhom3 Mattermost/button_Account Settings' is clicked on

2021-05-27 22:12:51 - [MESSAGE][PASSED] - Object: 'Object Repository/1412263_Page_Town Square - CNC_Nhom3 Mattermost/button_Account Settings' is clicked on

2021-05-27 22:12:51 - [TEST_STEP][PASSED] - click(findTestObject("1412263_Page_Town Square - CNC_Nhom3 Mattermost/span_EditEmail")): Object: 'Object Repository/1412263_Page_Town Square - CNC_Nhom3 Mattermost/span_EditEmail' is clicked on

2021-05-27 22:12:52 - [MESSAGE][PASSED] - Object: 'Object Repository/1412263_Page_Town Square - CNC_Nhom3 Mattermost/span_EditEmail' is clicked on

2021-05-27 22:12:52 - [TEST_STEP][PASSED] - setText(findTestObject("1412263_Page_Town Square - CNC_Nhom3 Mattermost/input_New Email_primaryEmail"), "huykhoiabca@gmail.com"): Text 'huykhoiabca@gmail.com' is set on object 'Object Repository/1412263_Page_Town Square - CNC_Nhom3 Mattermost/input_New Email_primaryEmail'

2021-05-27 22:12:53 - [MESSAGE][PASSED] - Text 'huykhoiabca@gmail.com' is set on object 'Object Repository/1412263_Page_Town Square - CNC_Nhom3 Mattermost/input_New Email_primaryEmail'

2021-05-27 22:12:53 - [TEST_STEP][PASSED] - setText(findTestObject("1412263_Page_Town Square - CNC_Nhom3 Mattermost/input_Confirm Email_confirmEmail"), "huykhoiabca@gmail.com"): Text 'huykhoiabca@gmail.com' is set on object 'Object Repository/1412263_Page_Town Square - CNC_Nhom3 Mattermost/input_Confirm Email_confirmEmail'

2021-05-27 22:12:55 - [MESSAGE][PASSED] - Text 'huykhoiabca@gmail.com' is set on object 'Object Repository/1412263_Page_Town Square - CNC_Nhom3 Mattermost/input_Confirm Email_confirmEmail'

2021-05-27 22:12:55 - [TEST_STEP][PASSED] - setEncryptedText(findTestObject("1412263_Page_Town Square - CNC_Nhom3 Mattermost/input_Current Password_currentPassword"), "o1rBehR+FzY2ClyWuSUtzg=="): Text ****** has been set on object 'Object Repository/1412263_Page_Town Square - CNC_Nhom3 Mattermost/input_Current Password_currentPassword'

2021-05-27 22:12:56 - [MESSAGE][PASSED] - Text ****** has been set on object 'Object Repository/1412263_Page_Town Square - CNC_Nhom3 Mattermost/input_Current Password_currentPassword'

2021-05-27 22:12:56 - [TEST_STEP][PASSED] - click(findTestObject("1412263_Page_Town Square - CNC_Nhom3 Mattermost/span_Save")): Object: 'Object Repository/1412263_Page_Town Square - CNC_Nhom3 Mattermost/span_Save' is clicked on

2021-05-27 22:12:57 - [MESSAGE][PASSED] - Object: 'Object Repository/1412263_Page_Town Square - CNC_Nhom3 Mattermost/span_Save' is clicked on

2021-05-27 22:12:57 - [TEST_STEP][PASSED] - click(findTestObject("1412263_Page_Town Square - CNC_Nhom3 Mattermost/button_Close")): Object: 'Object Repository/1412263_Page_Town Square - CNC_Nhom3 Mattermost/button_Close' is clicked on

2021-05-27 22:12:57 - [MESSAGE][PASSED] - Object: 'Object Repository/1412263_Page_Town Square - CNC_Nhom3 Mattermost/button_Close' is clicked on

2021-05-27 22:12:57 - [TEST_STEP][PASSED] - closeBrowser(): Browser is closed

2021-05-27 22:13:02 - [MESSAGE][PASSED] - Browser is closed]]></system-out>
         <system-err><![CDATA[]]></system-err>
      </testcase>
      <testcase name="Test Cases/1412263/TC08_ResetPassword" time="51.754" classname="Test Cases/1412263/TC08_ResetPassword" status="FAILED">
         <failure type="FAILED" message="Test Cases/1412263/TC08_ResetPassword FAILED.
Reason:
com.kms.katalon.core.exception.StepFailedException: Unable to click on object 'Object Repository/1412263_Page_Mattermost/span_Sign in (1)'
	at com.kms.katalon.core.webui.keyword.internal.WebUIKeywordMain.stepFailed(WebUIKeywordMain.groovy:64)
	at com.kms.katalon.core.webui.keyword.internal.WebUIKeywordMain.runKeyword(WebUIKeywordMain.groovy:26)
	at com.kms.katalon.core.webui.keyword.builtin.ClickKeyword.click(ClickKeyword.groovy:75)
	at com.kms.katalon.core.webui.keyword.builtin.ClickKeyword.execute(ClickKeyword.groovy:42)
	at com.kms.katalon.core.keyword.internal.KeywordExecutor.executeKeywordForPlatform(KeywordExecutor.groovy:73)
	at com.kms.katalon.core.webui.keyword.WebUiBuiltInKeywords.click(WebUiBuiltInKeywords.groovy:619)
	at com.kms.katalon.core.webui.keyword.WebUiBuiltInKeywords$click$3.call(Unknown Source)
	at TC08_ResetPassword.run(TC08_ResetPassword:30)
	at com.kms.katalon.core.main.ScriptEngine.run(ScriptEngine.java:194)
	at com.kms.katalon.core.main.ScriptEngine.runScriptAsRawText(ScriptEngine.java:119)
	at com.kms.katalon.core.main.TestCaseExecutor.runScript(TestCaseExecutor.java:398)
	at com.kms.katalon.core.main.TestCaseExecutor.doExecute(TestCaseExecutor.java:389)
	at com.kms.katalon.core.main.TestCaseExecutor.processExecutionPhase(TestCaseExecutor.java:368)
	at com.kms.katalon.core.main.TestCaseExecutor.accessMainPhase(TestCaseExecutor.java:360)
	at com.kms.katalon.core.main.TestCaseExecutor.execute(TestCaseExecutor.java:255)
	at com.kms.katalon.core.main.TestSuiteExecutor.accessTestCaseMainPhase(TestSuiteExecutor.java:203)
	at com.kms.katalon.core.main.TestSuiteExecutor.accessTestSuiteMainPhase(TestSuiteExecutor.java:152)
	at com.kms.katalon.core.main.TestSuiteExecutor.execute(TestSuiteExecutor.java:95)
	at com.kms.katalon.core.main.TestCaseMain.startTestSuite(TestCaseMain.java:157)
	at com.kms.katalon.core.main.TestCaseMain$startTestSuite$0.call(Unknown Source)
	at TempTestSuite1622128062646.run(TempTestSuite1622128062646.groovy:39)
Caused by: com.kms.katalon.core.webui.exception.WebElementNotFoundException: Web element with id: 'Object Repository/1412263_Page_Mattermost/span_Sign in (1)' located by '//button[@id='login']/span' not found
	at com.kms.katalon.core.webui.common.WebUiCommonHelper.findWebElement(WebUiCommonHelper.java:1368)
	at com.kms.katalon.core.webui.keyword.internal.WebUIAbstractKeyword.findWebElement(WebUIAbstractKeyword.groovy:27)
	at com.kms.katalon.core.webui.keyword.internal.WebUIAbstractKeyword.findWebElement(WebUIAbstractKeyword.groovy:26)
	at com.kms.katalon.core.webui.keyword.builtin.ClickKeyword$_click_closure1.doCall(ClickKeyword.groovy:66)
	at com.kms.katalon.core.webui.keyword.builtin.ClickKeyword$_click_closure1.call(ClickKeyword.groovy)
	at com.kms.katalon.core.webui.keyword.internal.WebUIKeywordMain.runKeyword(WebUIKeywordMain.groovy:20)
	... 19 more
"/>
         <system-out><![CDATA[2021-05-27 22:13:02 - [TEST_CASE][FAILED] - Test Cases/1412263/TC08_ResetPassword: Test Cases/1412263/TC08_ResetPassword FAILED.
Reason:
com.kms.katalon.core.exception.StepFailedException: Unable to click on object 'Object Repository/1412263_Page_Mattermost/span_Sign in (1)'
	at com.kms.katalon.core.webui.keyword.internal.WebUIKeywordMain.stepFailed(WebUIKeywordMain.groovy:64)
	at com.kms.katalon.core.webui.keyword.internal.WebUIKeywordMain.runKeyword(WebUIKeywordMain.groovy:26)
	at com.kms.katalon.core.webui.keyword.builtin.ClickKeyword.click(ClickKeyword.groovy:75)
	at com.kms.katalon.core.webui.keyword.builtin.ClickKeyword.execute(ClickKeyword.groovy:42)
	at com.kms.katalon.core.keyword.internal.KeywordExecutor.executeKeywordForPlatform(KeywordExecutor.groovy:73)
	at com.kms.katalon.core.webui.keyword.WebUiBuiltInKeywords.click(WebUiBuiltInKeywords.groovy:619)
	at com.kms.katalon.core.webui.keyword.WebUiBuiltInKeywords$click$3.call(Unknown Source)
	at TC08_ResetPassword.run(TC08_ResetPassword:30)
	at com.kms.katalon.core.main.ScriptEngine.run(ScriptEngine.java:194)
	at com.kms.katalon.core.main.ScriptEngine.runScriptAsRawText(ScriptEngine.java:119)
	at com.kms.katalon.core.main.TestCaseExecutor.runScript(TestCaseExecutor.java:398)
	at com.kms.katalon.core.main.TestCaseExecutor.doExecute(TestCaseExecutor.java:389)
	at com.kms.katalon.core.main.TestCaseExecutor.processExecutionPhase(TestCaseExecutor.java:368)
	at com.kms.katalon.core.main.TestCaseExecutor.accessMainPhase(TestCaseExecutor.java:360)
	at com.kms.katalon.core.main.TestCaseExecutor.execute(TestCaseExecutor.java:255)
	at com.kms.katalon.core.main.TestSuiteExecutor.accessTestCaseMainPhase(TestSuiteExecutor.java:203)
	at com.kms.katalon.core.main.TestSuiteExecutor.accessTestSuiteMainPhase(TestSuiteExecutor.java:152)
	at com.kms.katalon.core.main.TestSuiteExecutor.execute(TestSuiteExecutor.java:95)
	at com.kms.katalon.core.main.TestCaseMain.startTestSuite(TestCaseMain.java:157)
	at com.kms.katalon.core.main.TestCaseMain$startTestSuite$0.call(Unknown Source)
	at TempTestSuite1622128062646.run(TempTestSuite1622128062646.groovy:39)
Caused by: com.kms.katalon.core.webui.exception.WebElementNotFoundException: Web element with id: 'Object Repository/1412263_Page_Mattermost/span_Sign in (1)' located by '//button[@id='login']/span' not found
	at com.kms.katalon.core.webui.common.WebUiCommonHelper.findWebElement(WebUiCommonHelper.java:1368)
	at com.kms.katalon.core.webui.keyword.internal.WebUIAbstractKeyword.findWebElement(WebUIAbstractKeyword.groovy:27)
	at com.kms.katalon.core.webui.keyword.internal.WebUIAbstractKeyword.findWebElement(WebUIAbstractKeyword.groovy:26)
	at com.kms.katalon.core.webui.keyword.builtin.ClickKeyword$_click_closure1.doCall(ClickKeyword.groovy:66)
	at com.kms.katalon.core.webui.keyword.builtin.ClickKeyword$_click_closure1.call(ClickKeyword.groovy)
	at com.kms.katalon.core.webui.keyword.internal.WebUIKeywordMain.runKeyword(WebUIKeywordMain.groovy:20)
	... 19 more


2021-05-27 22:13:03 - [TEST_STEP][PASSED] - openBrowser(""): Browser is opened with url: ''

2021-05-27 22:13:03 - [MESSAGE][INFO] - Starting 'Chrome' driver

2021-05-27 22:13:03 - [MESSAGE][INFO] - Action delay is set to 0 milliseconds

2021-05-27 22:13:06 - [MESSAGE][PASSED] - Browser is opened with url: ''

2021-05-27 22:13:06 - [TEST_STEP][PASSED] - navigateToUrl("http://mattermostwebapp.herokuapp.com/"): Navigate to 'http://mattermostwebapp.herokuapp.com/' successfully

2021-05-27 22:13:13 - [MESSAGE][PASSED] - Navigate to 'http://mattermostwebapp.herokuapp.com/' successfully

2021-05-27 22:13:13 - [TEST_STEP][PASSED] - setText(findTestObject("1412263_Page_Mattermost/input_All team communication in one place, _dcc84b (1)"), "huykhoi263"): Text 'huykhoi263' is set on object 'Object Repository/1412263_Page_Mattermost/input_All team communication in one place, _dcc84b (1)'

2021-05-27 22:13:21 - [MESSAGE][PASSED] - Text 'huykhoi263' is set on object 'Object Repository/1412263_Page_Mattermost/input_All team communication in one place, _dcc84b (1)'

2021-05-27 22:13:21 - [TEST_STEP][PASSED] - setEncryptedText(findTestObject("1412263_Page_Mattermost/input_All team communication in one place, _a3edc6 (1)"), "o1rBehR+FzY2ClyWuSUtzg=="): Text ****** has been set on object 'Object Repository/1412263_Page_Mattermost/input_All team communication in one place, _a3edc6 (1)'

2021-05-27 22:13:22 - [MESSAGE][PASSED] - Text ****** has been set on object 'Object Repository/1412263_Page_Mattermost/input_All team communication in one place, _a3edc6 (1)'

2021-05-27 22:13:22 - [TEST_STEP][FAILED] - click(findTestObject("1412263_Page_Mattermost/span_Sign in (1)")): Unable to click on object 'Object Repository/1412263_Page_Mattermost/span_Sign in (1)' (Root cause: com.kms.katalon.core.exception.StepFailedException: Unable to click on object 'Object Repository/1412263_Page_Mattermost/span_Sign in (1)'
	at com.kms.katalon.core.webui.keyword.internal.WebUIKeywordMain.stepFailed(WebUIKeywordMain.groovy:64)
	at com.kms.katalon.core.webui.keyword.internal.WebUIKeywordMain.runKeyword(WebUIKeywordMain.groovy:26)
	at com.kms.katalon.core.webui.keyword.builtin.ClickKeyword.click(ClickKeyword.groovy:75)
	at com.kms.katalon.core.webui.keyword.builtin.ClickKeyword.execute(ClickKeyword.groovy:42)
	at com.kms.katalon.core.keyword.internal.KeywordExecutor.executeKeywordForPlatform(KeywordExecutor.groovy:73)
	at com.kms.katalon.core.webui.keyword.WebUiBuiltInKeywords.click(WebUiBuiltInKeywords.groovy:619)
	at com.kms.katalon.core.webui.keyword.WebUiBuiltInKeywords$click$3.call(Unknown Source)
	at TC08_ResetPassword.run(TC08_ResetPassword:30)
	at com.kms.katalon.core.main.ScriptEngine.run(ScriptEngine.java:194)
	at com.kms.katalon.core.main.ScriptEngine.runScriptAsRawText(ScriptEngine.java:119)
	at com.kms.katalon.core.main.TestCaseExecutor.runScript(TestCaseExecutor.java:398)
	at com.kms.katalon.core.main.TestCaseExecutor.doExecute(TestCaseExecutor.java:389)
	at com.kms.katalon.core.main.TestCaseExecutor.processExecutionPhase(TestCaseExecutor.java:368)
	at com.kms.katalon.core.main.TestCaseExecutor.accessMainPhase(TestCaseExecutor.java:360)
	at com.kms.katalon.core.main.TestCaseExecutor.execute(TestCaseExecutor.java:255)
	at com.kms.katalon.core.main.TestSuiteExecutor.accessTestCaseMainPhase(TestSuiteExecutor.java:203)
	at com.kms.katalon.core.main.TestSuiteExecutor.accessTestSuiteMainPhase(TestSuiteExecutor.java:152)
	at com.kms.katalon.core.main.TestSuiteExecutor.execute(TestSuiteExecutor.java:95)
	at com.kms.katalon.core.main.TestCaseMain.startTestSuite(TestCaseMain.java:157)
	at com.kms.katalon.core.main.TestCaseMain$startTestSuite$0.call(Unknown Source)
	at TempTestSuite1622128062646.run(TempTestSuite1622128062646.groovy:39)
Caused by: com.kms.katalon.core.webui.exception.WebElementNotFoundException: Web element with id: 'Object Repository/1412263_Page_Mattermost/span_Sign in (1)' located by '//button[@id='login']/span' not found
	at com.kms.katalon.core.webui.common.WebUiCommonHelper.findWebElement(WebUiCommonHelper.java:1368)
	at com.kms.katalon.core.webui.keyword.internal.WebUIAbstractKeyword.findWebElement(WebUIAbstractKeyword.groovy:27)
	at com.kms.katalon.core.webui.keyword.internal.WebUIAbstractKeyword.findWebElement(WebUIAbstractKeyword.groovy:26)
	at com.kms.katalon.core.webui.keyword.builtin.ClickKeyword$_click_closure1.doCall(ClickKeyword.groovy:66)
	at com.kms.katalon.core.webui.keyword.builtin.ClickKeyword$_click_closure1.call(ClickKeyword.groovy)
	at com.kms.katalon.core.webui.keyword.internal.WebUIKeywordMain.runKeyword(WebUIKeywordMain.groovy:20)
	at com.kms.katalon.core.webui.keyword.builtin.ClickKeyword.click(ClickKeyword.groovy:75)
	at com.kms.katalon.core.webui.keyword.builtin.ClickKeyword.execute(ClickKeyword.groovy:42)
	at com.kms.katalon.core.keyword.internal.KeywordExecutor.executeKeywordForPlatform(KeywordExecutor.groovy:73)
	at com.kms.katalon.core.webui.keyword.WebUiBuiltInKeywords.click(WebUiBuiltInKeywords.groovy:619)
	at com.kms.katalon.core.webui.keyword.WebUiBuiltInKeywords$click$3.call(Unknown Source)
	at Script1621479177631.run(Script1621479177631.groovy:30)
	... 13 more
)

2021-05-27 22:13:53 - [MESSAGE][INFO] - Unable to find the element located by 'By.xpath: //button[@id='login']/span'. Please recheck the objects properties to make sure the desired element is located. 

2021-05-27 22:13:53 - [MESSAGE][FAILED] - Unable to click on object 'Object Repository/1412263_Page_Mattermost/span_Sign in (1)' (Root cause: com.kms.katalon.core.exception.StepFailedException: Unable to click on object 'Object Repository/1412263_Page_Mattermost/span_Sign in (1)'
	at com.kms.katalon.core.webui.keyword.internal.WebUIKeywordMain.stepFailed(WebUIKeywordMain.groovy:64)
	at com.kms.katalon.core.webui.keyword.internal.WebUIKeywordMain.runKeyword(WebUIKeywordMain.groovy:26)
	at com.kms.katalon.core.webui.keyword.builtin.ClickKeyword.click(ClickKeyword.groovy:75)
	at com.kms.katalon.core.webui.keyword.builtin.ClickKeyword.execute(ClickKeyword.groovy:42)
	at com.kms.katalon.core.keyword.internal.KeywordExecutor.executeKeywordForPlatform(KeywordExecutor.groovy:73)
	at com.kms.katalon.core.webui.keyword.WebUiBuiltInKeywords.click(WebUiBuiltInKeywords.groovy:619)
	at com.kms.katalon.core.webui.keyword.WebUiBuiltInKeywords$click$3.call(Unknown Source)
	at TC08_ResetPassword.run(TC08_ResetPassword:30)
	at com.kms.katalon.core.main.ScriptEngine.run(ScriptEngine.java:194)
	at com.kms.katalon.core.main.ScriptEngine.runScriptAsRawText(ScriptEngine.java:119)
	at com.kms.katalon.core.main.TestCaseExecutor.runScript(TestCaseExecutor.java:398)
	at com.kms.katalon.core.main.TestCaseExecutor.doExecute(TestCaseExecutor.java:389)
	at com.kms.katalon.core.main.TestCaseExecutor.processExecutionPhase(TestCaseExecutor.java:368)
	at com.kms.katalon.core.main.TestCaseExecutor.accessMainPhase(TestCaseExecutor.java:360)
	at com.kms.katalon.core.main.TestCaseExecutor.execute(TestCaseExecutor.java:255)
	at com.kms.katalon.core.main.TestSuiteExecutor.accessTestCaseMainPhase(TestSuiteExecutor.java:203)
	at com.kms.katalon.core.main.TestSuiteExecutor.accessTestSuiteMainPhase(TestSuiteExecutor.java:152)
	at com.kms.katalon.core.main.TestSuiteExecutor.execute(TestSuiteExecutor.java:95)
	at com.kms.katalon.core.main.TestCaseMain.startTestSuite(TestCaseMain.java:157)
	at com.kms.katalon.core.main.TestCaseMain$startTestSuite$0.call(Unknown Source)
	at TempTestSuite1622128062646.run(TempTestSuite1622128062646.groovy:39)
Caused by: com.kms.katalon.core.webui.exception.WebElementNotFoundException: Web element with id: 'Object Repository/1412263_Page_Mattermost/span_Sign in (1)' located by '//button[@id='login']/span' not found
	at com.kms.katalon.core.webui.common.WebUiCommonHelper.findWebElement(WebUiCommonHelper.java:1368)
	at com.kms.katalon.core.webui.keyword.internal.WebUIAbstractKeyword.findWebElement(WebUIAbstractKeyword.groovy:27)
	at com.kms.katalon.core.webui.keyword.internal.WebUIAbstractKeyword.findWebElement(WebUIAbstractKeyword.groovy:26)
	at com.kms.katalon.core.webui.keyword.builtin.ClickKeyword$_click_closure1.doCall(ClickKeyword.groovy:66)
	at com.kms.katalon.core.webui.keyword.builtin.ClickKeyword$_click_closure1.call(ClickKeyword.groovy)
	at com.kms.katalon.core.webui.keyword.internal.WebUIKeywordMain.runKeyword(WebUIKeywordMain.groovy:20)
	at com.kms.katalon.core.webui.keyword.builtin.ClickKeyword.click(ClickKeyword.groovy:75)
	at com.kms.katalon.core.webui.keyword.builtin.ClickKeyword.execute(ClickKeyword.groovy:42)
	at com.kms.katalon.core.keyword.internal.KeywordExecutor.executeKeywordForPlatform(KeywordExecutor.groovy:73)
	at com.kms.katalon.core.webui.keyword.WebUiBuiltInKeywords.click(WebUiBuiltInKeywords.groovy:619)
	at com.kms.katalon.core.webui.keyword.WebUiBuiltInKeywords$click$3.call(Unknown Source)
	at Script1621479177631.run(Script1621479177631.groovy:30)
	... 13 more
)
[[ATTACHMENT|E:\\Tai lieu hoc\\Nam 7\\HK2\\New Topics\\Homework 2\\New folder\\Mattermost_Autotesting_2\\Mattermost_AutoTesting\\Reports\\20210527_220742\\1412263\\Run_All_Test_Cases\\20210527_220742\\1622128433699.png]]]]></system-out>
         <system-err><![CDATA[2021-05-27 22:13:02 - [TEST_CASE][FAILED] - Test Cases/1412263/TC08_ResetPassword: Test Cases/1412263/TC08_ResetPassword FAILED.
Reason:
com.kms.katalon.core.exception.StepFailedException: Unable to click on object 'Object Repository/1412263_Page_Mattermost/span_Sign in (1)'
	at com.kms.katalon.core.webui.keyword.internal.WebUIKeywordMain.stepFailed(WebUIKeywordMain.groovy:64)
	at com.kms.katalon.core.webui.keyword.internal.WebUIKeywordMain.runKeyword(WebUIKeywordMain.groovy:26)
	at com.kms.katalon.core.webui.keyword.builtin.ClickKeyword.click(ClickKeyword.groovy:75)
	at com.kms.katalon.core.webui.keyword.builtin.ClickKeyword.execute(ClickKeyword.groovy:42)
	at com.kms.katalon.core.keyword.internal.KeywordExecutor.executeKeywordForPlatform(KeywordExecutor.groovy:73)
	at com.kms.katalon.core.webui.keyword.WebUiBuiltInKeywords.click(WebUiBuiltInKeywords.groovy:619)
	at com.kms.katalon.core.webui.keyword.WebUiBuiltInKeywords$click$3.call(Unknown Source)
	at TC08_ResetPassword.run(TC08_ResetPassword:30)
	at com.kms.katalon.core.main.ScriptEngine.run(ScriptEngine.java:194)
	at com.kms.katalon.core.main.ScriptEngine.runScriptAsRawText(ScriptEngine.java:119)
	at com.kms.katalon.core.main.TestCaseExecutor.runScript(TestCaseExecutor.java:398)
	at com.kms.katalon.core.main.TestCaseExecutor.doExecute(TestCaseExecutor.java:389)
	at com.kms.katalon.core.main.TestCaseExecutor.processExecutionPhase(TestCaseExecutor.java:368)
	at com.kms.katalon.core.main.TestCaseExecutor.accessMainPhase(TestCaseExecutor.java:360)
	at com.kms.katalon.core.main.TestCaseExecutor.execute(TestCaseExecutor.java:255)
	at com.kms.katalon.core.main.TestSuiteExecutor.accessTestCaseMainPhase(TestSuiteExecutor.java:203)
	at com.kms.katalon.core.main.TestSuiteExecutor.accessTestSuiteMainPhase(TestSuiteExecutor.java:152)
	at com.kms.katalon.core.main.TestSuiteExecutor.execute(TestSuiteExecutor.java:95)
	at com.kms.katalon.core.main.TestCaseMain.startTestSuite(TestCaseMain.java:157)
	at com.kms.katalon.core.main.TestCaseMain$startTestSuite$0.call(Unknown Source)
	at TempTestSuite1622128062646.run(TempTestSuite1622128062646.groovy:39)
Caused by: com.kms.katalon.core.webui.exception.WebElementNotFoundException: Web element with id: 'Object Repository/1412263_Page_Mattermost/span_Sign in (1)' located by '//button[@id='login']/span' not found
	at com.kms.katalon.core.webui.common.WebUiCommonHelper.findWebElement(WebUiCommonHelper.java:1368)
	at com.kms.katalon.core.webui.keyword.internal.WebUIAbstractKeyword.findWebElement(WebUIAbstractKeyword.groovy:27)
	at com.kms.katalon.core.webui.keyword.internal.WebUIAbstractKeyword.findWebElement(WebUIAbstractKeyword.groovy:26)
	at com.kms.katalon.core.webui.keyword.builtin.ClickKeyword$_click_closure1.doCall(ClickKeyword.groovy:66)
	at com.kms.katalon.core.webui.keyword.builtin.ClickKeyword$_click_closure1.call(ClickKeyword.groovy)
	at com.kms.katalon.core.webui.keyword.internal.WebUIKeywordMain.runKeyword(WebUIKeywordMain.groovy:20)
	... 19 more]]></system-err>
      </testcase>
      <testcase name="Test Cases/1412263/TC09_ChangeLoginAttempt" time="33.742" classname="Test Cases/1412263/TC09_ChangeLoginAttempt" status="PASSED">
         <system-out><![CDATA[2021-05-27 22:13:53 - [TEST_CASE][PASSED] - Test Cases/1412263/TC09_ChangeLoginAttempt: Test Cases/1412263/TC09_ChangeLoginAttempt

2021-05-27 22:13:55 - [TEST_STEP][PASSED] - openBrowser(""): Browser is opened with url: ''

2021-05-27 22:13:55 - [MESSAGE][WARNING] - A browser is already opened. Closing browser and opening a new one

2021-05-27 22:14:03 - [MESSAGE][INFO] - Starting 'Chrome' driver

2021-05-27 22:14:03 - [MESSAGE][INFO] - Action delay is set to 0 milliseconds

2021-05-27 22:14:06 - [MESSAGE][PASSED] - Browser is opened with url: ''

2021-05-27 22:14:06 - [TEST_STEP][PASSED] - navigateToUrl("http://mattermostwebapp.herokuapp.com/"): Navigate to 'http://mattermostwebapp.herokuapp.com/' successfully

2021-05-27 22:14:09 - [MESSAGE][PASSED] - Navigate to 'http://mattermostwebapp.herokuapp.com/' successfully

2021-05-27 22:14:09 - [TEST_STEP][PASSED] - setText(findTestObject("Object Repository/Page_Mattermost/input_All team communication in one place, _dcc84b"), "huykhoi263"): Text 'huykhoi263' is set on object 'Object Repository/Page_Mattermost/input_All team communication in one place, _dcc84b'

2021-05-27 22:14:14 - [MESSAGE][PASSED] - Text 'huykhoi263' is set on object 'Object Repository/Page_Mattermost/input_All team communication in one place, _dcc84b'

2021-05-27 22:14:14 - [TEST_STEP][PASSED] - setEncryptedText(findTestObject("Object Repository/Page_Mattermost/input_All team communication in one place, _a3edc6"), "o1rBehR+FzY2ClyWuSUtzg=="): Text ****** has been set on object 'Object Repository/Page_Mattermost/input_All team communication in one place, _a3edc6'

2021-05-27 22:14:15 - [MESSAGE][PASSED] - Text ****** has been set on object 'Object Repository/Page_Mattermost/input_All team communication in one place, _a3edc6'

2021-05-27 22:14:15 - [TEST_STEP][PASSED] - sendKeys(findTestObject("Object Repository/Page_Mattermost/input_All team communication in one place, _a3edc6"), Keys.chord(ENTER)): Keys 'ENTER + ' sent to object: 'Object Repository/Page_Mattermost/input_All team communication in one place, _a3edc6'

2021-05-27 22:14:15 - [MESSAGE][PASSED] - Keys 'ENTER + ' sent to object: 'Object Repository/Page_Mattermost/input_All team communication in one place, _a3edc6'

2021-05-27 22:14:15 - [TEST_STEP][PASSED] - click(findTestObject("1412263_Page_Town Square - CNC_Nhom3 Mattermost/path")): Object: 'Object Repository/1412263_Page_Town Square - CNC_Nhom3 Mattermost/path' is clicked on

2021-05-27 22:14:21 - [MESSAGE][PASSED] - Object: 'Object Repository/1412263_Page_Town Square - CNC_Nhom3 Mattermost/path' is clicked on

2021-05-27 22:14:21 - [TEST_STEP][PASSED] - click(findTestObject("1412263_Page_Town Square - CNC_Nhom3 Mattermost/span_System Console")): Object: 'Object Repository/1412263_Page_Town Square - CNC_Nhom3 Mattermost/span_System Console' is clicked on

2021-05-27 22:14:21 - [MESSAGE][PASSED] - Object: 'Object Repository/1412263_Page_Town Square - CNC_Nhom3 Mattermost/span_System Console' is clicked on

2021-05-27 22:14:21 - [TEST_STEP][PASSED] - click(findTestObject("Object Repository/Page_System Console - Mattermost/a_Password")): Object: 'Object Repository/Page_System Console - Mattermost/a_Password' is clicked on

2021-05-27 22:14:24 - [MESSAGE][PASSED] - Object: 'Object Repository/Page_System Console - Mattermost/a_Password' is clicked on

2021-05-27 22:14:24 - [TEST_STEP][PASSED] - click(findTestObject("Object Repository/Page_System Console - Mattermost/div_Maximum Login AttemptsNumber of login a_f48f8a")): Object: 'Object Repository/Page_System Console - Mattermost/div_Maximum Login AttemptsNumber of login a_f48f8a' is clicked on

2021-05-27 22:14:25 - [MESSAGE][PASSED] - Object: 'Object Repository/Page_System Console - Mattermost/div_Maximum Login AttemptsNumber of login a_f48f8a' is clicked on

2021-05-27 22:14:25 - [TEST_STEP][PASSED] - setText(findTestObject("Object Repository/Page_System Console - Mattermost/input_Maximum Login Attempts_maximumLoginAttempts"), "15"): Text '15' is set on object 'Object Repository/Page_System Console - Mattermost/input_Maximum Login Attempts_maximumLoginAttempts'

2021-05-27 22:14:26 - [MESSAGE][PASSED] - Text '15' is set on object 'Object Repository/Page_System Console - Mattermost/input_Maximum Login Attempts_maximumLoginAttempts'

2021-05-27 22:14:26 - [TEST_STEP][PASSED] - click(findTestObject("Object Repository/Page_System Console - Mattermost/button_Save")): Object: 'Object Repository/Page_System Console - Mattermost/button_Save' is clicked on

2021-05-27 22:14:26 - [MESSAGE][PASSED] - Object: 'Object Repository/Page_System Console - Mattermost/button_Save' is clicked on

2021-05-27 22:14:26 - [TEST_STEP][PASSED] - closeBrowser(): Browser is closed

2021-05-27 22:14:27 - [MESSAGE][PASSED] - Browser is closed]]></system-out>
         <system-err><![CDATA[]]></system-err>
      </testcase>
      <testcase name="Test Cases/1412263/TC10_SetPasswordLimit" time="25.707" classname="Test Cases/1412263/TC10_SetPasswordLimit" status="PASSED">
         <system-out><![CDATA[2021-05-27 22:14:27 - [TEST_CASE][PASSED] - Test Cases/1412263/TC10_SetPasswordLimit: Test Cases/1412263/TC10_SetPasswordLimit

2021-05-27 22:14:28 - [TEST_STEP][PASSED] - openBrowser(""): Browser is opened with url: ''

2021-05-27 22:14:28 - [MESSAGE][INFO] - Starting 'Chrome' driver

2021-05-27 22:14:28 - [MESSAGE][INFO] - Action delay is set to 0 milliseconds

2021-05-27 22:14:30 - [MESSAGE][PASSED] - Browser is opened with url: ''

2021-05-27 22:14:30 - [TEST_STEP][PASSED] - navigateToUrl("http://mattermostwebapp.herokuapp.com/"): Navigate to 'http://mattermostwebapp.herokuapp.com/' successfully

2021-05-27 22:14:34 - [MESSAGE][PASSED] - Navigate to 'http://mattermostwebapp.herokuapp.com/' successfully

2021-05-27 22:14:34 - [TEST_STEP][PASSED] - setText(findTestObject("1412263_Page_Mattermost/input_All team communication in one place, _dcc84b"), "huykhoi263"): Text 'huykhoi263' is set on object 'Object Repository/1412263_Page_Mattermost/input_All team communication in one place, _dcc84b'

2021-05-27 22:14:40 - [MESSAGE][PASSED] - Text 'huykhoi263' is set on object 'Object Repository/1412263_Page_Mattermost/input_All team communication in one place, _dcc84b'

2021-05-27 22:14:40 - [TEST_STEP][PASSED] - setEncryptedText(findTestObject("1412263_Page_Mattermost/input_All team communication in one place, _a3edc6"), "o1rBehR+FzY2ClyWuSUtzg=="): Text ****** has been set on object 'Object Repository/1412263_Page_Mattermost/input_All team communication in one place, _a3edc6'

2021-05-27 22:14:41 - [MESSAGE][PASSED] - Text ****** has been set on object 'Object Repository/1412263_Page_Mattermost/input_All team communication in one place, _a3edc6'

2021-05-27 22:14:41 - [TEST_STEP][PASSED] - click(findTestObject("1412263_Page_Mattermost/button_Sign in")): Object: 'Object Repository/1412263_Page_Mattermost/button_Sign in' is clicked on

2021-05-27 22:14:42 - [MESSAGE][PASSED] - Object: 'Object Repository/1412263_Page_Mattermost/button_Sign in' is clicked on

2021-05-27 22:14:42 - [TEST_STEP][PASSED] - click(findTestObject("1412263_Page_Town Square - CNC_Nhom3 Mattermost/path")): Object: 'Object Repository/1412263_Page_Town Square - CNC_Nhom3 Mattermost/path' is clicked on

2021-05-27 22:14:47 - [MESSAGE][PASSED] - Object: 'Object Repository/1412263_Page_Town Square - CNC_Nhom3 Mattermost/path' is clicked on

2021-05-27 22:14:47 - [TEST_STEP][PASSED] - click(findTestObject("1412263_Page_Town Square - CNC_Nhom3 Mattermost/span_System Console")): Object: 'Object Repository/1412263_Page_Town Square - CNC_Nhom3 Mattermost/span_System Console' is clicked on

2021-05-27 22:14:48 - [MESSAGE][PASSED] - Object: 'Object Repository/1412263_Page_Town Square - CNC_Nhom3 Mattermost/span_System Console' is clicked on

2021-05-27 22:14:48 - [TEST_STEP][PASSED] - click(findTestObject("1412263_Page_System Console - Mattermost/a_Password")): Object: 'Object Repository/1412263_Page_System Console - Mattermost/a_Password' is clicked on

2021-05-27 22:14:50 - [MESSAGE][PASSED] - Object: 'Object Repository/1412263_Page_System Console - Mattermost/a_Password' is clicked on

2021-05-27 22:14:50 - [TEST_STEP][PASSED] - setText(findTestObject("1412263_Page_System Console - Mattermost/input_Minimum Password Length_passwordMinim_e95e98"), "6"): Text '6' is set on object 'Object Repository/1412263_Page_System Console - Mattermost/input_Minimum Password Length_passwordMinim_e95e98'

2021-05-27 22:14:51 - [MESSAGE][PASSED] - Text '6' is set on object 'Object Repository/1412263_Page_System Console - Mattermost/input_Minimum Password Length_passwordMinim_e95e98'

2021-05-27 22:14:51 - [TEST_STEP][PASSED] - click(findTestObject("1412263_Page_System Console - Mattermost/button_Save")): Object: 'Object Repository/1412263_Page_System Console - Mattermost/button_Save' is clicked on

2021-05-27 22:14:52 - [MESSAGE][PASSED] - Object: 'Object Repository/1412263_Page_System Console - Mattermost/button_Save' is clicked on

2021-05-27 22:14:52 - [TEST_STEP][PASSED] - closeBrowser(): Browser is closed

2021-05-27 22:14:53 - [MESSAGE][PASSED] - Browser is closed]]></system-out>
         <system-err><![CDATA[]]></system-err>
      </testcase>
      <testcase name="Test Cases/1712666/TC11_CreateATeam" time="26.034" classname="Test Cases/1712666/TC11_CreateATeam" status="FAILED">
         <failure type="FAILED" message="Test Cases/1712666/TC11_CreateATeam FAILED.
Reason:
com.kms.katalon.core.exception.StepFailedException: Unable to click on object
	at com.kms.katalon.core.webui.keyword.internal.WebUIKeywordMain.stepFailed(WebUIKeywordMain.groovy:64)
	at com.kms.katalon.core.webui.keyword.internal.WebUIKeywordMain.runKeyword(WebUIKeywordMain.groovy:26)
	at com.kms.katalon.core.webui.keyword.builtin.ClickKeyword.click(ClickKeyword.groovy:75)
	at com.kms.katalon.core.webui.keyword.builtin.ClickKeyword.execute(ClickKeyword.groovy:42)
	at com.kms.katalon.core.keyword.internal.KeywordExecutor.executeKeywordForPlatform(KeywordExecutor.groovy:73)
	at com.kms.katalon.core.webui.keyword.WebUiBuiltInKeywords.click(WebUiBuiltInKeywords.groovy:619)
	at com.kms.katalon.core.webui.keyword.WebUiBuiltInKeywords$click$3.call(Unknown Source)
	at TC11_CreateATeam.run(TC11_CreateATeam:27)
	at com.kms.katalon.core.main.ScriptEngine.run(ScriptEngine.java:194)
	at com.kms.katalon.core.main.ScriptEngine.runScriptAsRawText(ScriptEngine.java:119)
	at com.kms.katalon.core.main.TestCaseExecutor.runScript(TestCaseExecutor.java:398)
	at com.kms.katalon.core.main.TestCaseExecutor.doExecute(TestCaseExecutor.java:389)
	at com.kms.katalon.core.main.TestCaseExecutor.processExecutionPhase(TestCaseExecutor.java:368)
	at com.kms.katalon.core.main.TestCaseExecutor.accessMainPhase(TestCaseExecutor.java:360)
	at com.kms.katalon.core.main.TestCaseExecutor.execute(TestCaseExecutor.java:255)
	at com.kms.katalon.core.main.TestSuiteExecutor.accessTestCaseMainPhase(TestSuiteExecutor.java:203)
	at com.kms.katalon.core.main.TestSuiteExecutor.accessTestSuiteMainPhase(TestSuiteExecutor.java:152)
	at com.kms.katalon.core.main.TestSuiteExecutor.execute(TestSuiteExecutor.java:95)
	at com.kms.katalon.core.main.TestCaseMain.startTestSuite(TestCaseMain.java:157)
	at com.kms.katalon.core.main.TestCaseMain$startTestSuite$0.call(Unknown Source)
	at TempTestSuite1622128062646.run(TempTestSuite1622128062646.groovy:39)
Caused by: java.lang.IllegalArgumentException: Object is null
	at com.kms.katalon.core.helper.KeywordHelper.checkTestObjectParameter(KeywordHelper.java:33)
	at com.kms.katalon.core.webui.keyword.builtin.ClickKeyword$_click_closure1.doCall(ClickKeyword.groovy:64)
	at com.kms.katalon.core.webui.keyword.builtin.ClickKeyword$_click_closure1.call(ClickKeyword.groovy)
	at com.kms.katalon.core.webui.keyword.internal.WebUIKeywordMain.runKeyword(WebUIKeywordMain.groovy:20)
	... 19 more
"/>
         <system-out><![CDATA[2021-05-27 22:14:53 - [TEST_CASE][FAILED] - Test Cases/1712666/TC11_CreateATeam: Test Cases/1712666/TC11_CreateATeam FAILED.
Reason:
com.kms.katalon.core.exception.StepFailedException: Unable to click on object
	at com.kms.katalon.core.webui.keyword.internal.WebUIKeywordMain.stepFailed(WebUIKeywordMain.groovy:64)
	at com.kms.katalon.core.webui.keyword.internal.WebUIKeywordMain.runKeyword(WebUIKeywordMain.groovy:26)
	at com.kms.katalon.core.webui.keyword.builtin.ClickKeyword.click(ClickKeyword.groovy:75)
	at com.kms.katalon.core.webui.keyword.builtin.ClickKeyword.execute(ClickKeyword.groovy:42)
	at com.kms.katalon.core.keyword.internal.KeywordExecutor.executeKeywordForPlatform(KeywordExecutor.groovy:73)
	at com.kms.katalon.core.webui.keyword.WebUiBuiltInKeywords.click(WebUiBuiltInKeywords.groovy:619)
	at com.kms.katalon.core.webui.keyword.WebUiBuiltInKeywords$click$3.call(Unknown Source)
	at TC11_CreateATeam.run(TC11_CreateATeam:27)
	at com.kms.katalon.core.main.ScriptEngine.run(ScriptEngine.java:194)
	at com.kms.katalon.core.main.ScriptEngine.runScriptAsRawText(ScriptEngine.java:119)
	at com.kms.katalon.core.main.TestCaseExecutor.runScript(TestCaseExecutor.java:398)
	at com.kms.katalon.core.main.TestCaseExecutor.doExecute(TestCaseExecutor.java:389)
	at com.kms.katalon.core.main.TestCaseExecutor.processExecutionPhase(TestCaseExecutor.java:368)
	at com.kms.katalon.core.main.TestCaseExecutor.accessMainPhase(TestCaseExecutor.java:360)
	at com.kms.katalon.core.main.TestCaseExecutor.execute(TestCaseExecutor.java:255)
	at com.kms.katalon.core.main.TestSuiteExecutor.accessTestCaseMainPhase(TestSuiteExecutor.java:203)
	at com.kms.katalon.core.main.TestSuiteExecutor.accessTestSuiteMainPhase(TestSuiteExecutor.java:152)
	at com.kms.katalon.core.main.TestSuiteExecutor.execute(TestSuiteExecutor.java:95)
	at com.kms.katalon.core.main.TestCaseMain.startTestSuite(TestCaseMain.java:157)
	at com.kms.katalon.core.main.TestCaseMain$startTestSuite$0.call(Unknown Source)
	at TempTestSuite1622128062646.run(TempTestSuite1622128062646.groovy:39)
Caused by: java.lang.IllegalArgumentException: Object is null
	at com.kms.katalon.core.helper.KeywordHelper.checkTestObjectParameter(KeywordHelper.java:33)
	at com.kms.katalon.core.webui.keyword.builtin.ClickKeyword$_click_closure1.doCall(ClickKeyword.groovy:64)
	at com.kms.katalon.core.webui.keyword.builtin.ClickKeyword$_click_closure1.call(ClickKeyword.groovy)
	at com.kms.katalon.core.webui.keyword.internal.WebUIKeywordMain.runKeyword(WebUIKeywordMain.groovy:20)
	... 19 more


2021-05-27 22:14:53 - [TEST_STEP][PASSED] - openBrowser(""): Browser is opened with url: ''

2021-05-27 22:14:53 - [MESSAGE][INFO] - Starting 'Chrome' driver

2021-05-27 22:14:53 - [MESSAGE][INFO] - Action delay is set to 0 milliseconds

2021-05-27 22:14:56 - [MESSAGE][PASSED] - Browser is opened with url: ''

2021-05-27 22:14:56 - [TEST_STEP][PASSED] - navigateToUrl("https://mattermostwebapp.herokuapp.com/"): Navigate to 'https://mattermostwebapp.herokuapp.com/' successfully

2021-05-27 22:15:01 - [MESSAGE][PASSED] - Navigate to 'https://mattermostwebapp.herokuapp.com/' successfully

2021-05-27 22:15:01 - [TEST_STEP][PASSED] - callTestCase(findTestCase("1712666/CommonTC/CTC_Login"), ["var_username":"phuc", "var_password":"CSt51UwWECc="], null): Call Test Case 'Test Cases/1712666/CommonTC/CTC_Login' successfully

2021-05-27 22:15:01 - [TEST_CASE][PASSED] - Test Cases/1712666/CommonTC/CTC_Login: Test Cases/1712666/CommonTC/CTC_Login

2021-05-27 22:15:02 - [TEST_STEP][PASSED] - setText(findTestObject("Object Repository/1412263_Page_Mattermost/input_All team communication in one place, _dcc84b"), var_username): Text 'phuc' is set on object 'Object Repository/1412263_Page_Mattermost/input_All team communication in one place, _dcc84b'

2021-05-27 22:15:07 - [MESSAGE][PASSED] - Text 'phuc' is set on object 'Object Repository/1412263_Page_Mattermost/input_All team communication in one place, _dcc84b'

2021-05-27 22:15:07 - [TEST_STEP][PASSED] - setEncryptedText(findTestObject("Object Repository/1412263_Page_Mattermost/input_All team communication in one place, _a3edc6"), var_password): Text ****** has been set on object 'Object Repository/1412263_Page_Mattermost/input_All team communication in one place, _a3edc6'

2021-05-27 22:15:09 - [MESSAGE][PASSED] - Text ****** has been set on object 'Object Repository/1412263_Page_Mattermost/input_All team communication in one place, _a3edc6'

2021-05-27 22:15:09 - [TEST_STEP][PASSED] - click(findTestObject("Object Repository/1412263_Page_Mattermost/span_Sign in")): Object: 'Object Repository/1412263_Page_Mattermost/span_Sign in' is clicked on

2021-05-27 22:15:10 - [MESSAGE][PASSED] - Object: 'Object Repository/1412263_Page_Mattermost/span_Sign in' is clicked on

2021-05-27 22:15:11 - [MESSAGE][PASSED] - Call Test Case 'Test Cases/1712666/CommonTC/CTC_Login' successfully

2021-05-27 22:15:11 - [TEST_STEP][FAILED] - click(findTestObject("Object Repository/Page_Mattermost/span_Sign in (1)")): Unable to click on object (Root cause: com.kms.katalon.core.exception.StepFailedException: Unable to click on object
	at com.kms.katalon.core.webui.keyword.internal.WebUIKeywordMain.stepFailed(WebUIKeywordMain.groovy:64)
	at com.kms.katalon.core.webui.keyword.internal.WebUIKeywordMain.runKeyword(WebUIKeywordMain.groovy:26)
	at com.kms.katalon.core.webui.keyword.builtin.ClickKeyword.click(ClickKeyword.groovy:75)
	at com.kms.katalon.core.webui.keyword.builtin.ClickKeyword.execute(ClickKeyword.groovy:42)
	at com.kms.katalon.core.keyword.internal.KeywordExecutor.executeKeywordForPlatform(KeywordExecutor.groovy:73)
	at com.kms.katalon.core.webui.keyword.WebUiBuiltInKeywords.click(WebUiBuiltInKeywords.groovy:619)
	at com.kms.katalon.core.webui.keyword.WebUiBuiltInKeywords$click$3.call(Unknown Source)
	at TC11_CreateATeam.run(TC11_CreateATeam:27)
	at com.kms.katalon.core.main.ScriptEngine.run(ScriptEngine.java:194)
	at com.kms.katalon.core.main.ScriptEngine.runScriptAsRawText(ScriptEngine.java:119)
	at com.kms.katalon.core.main.TestCaseExecutor.runScript(TestCaseExecutor.java:398)
	at com.kms.katalon.core.main.TestCaseExecutor.doExecute(TestCaseExecutor.java:389)
	at com.kms.katalon.core.main.TestCaseExecutor.processExecutionPhase(TestCaseExecutor.java:368)
	at com.kms.katalon.core.main.TestCaseExecutor.accessMainPhase(TestCaseExecutor.java:360)
	at com.kms.katalon.core.main.TestCaseExecutor.execute(TestCaseExecutor.java:255)
	at com.kms.katalon.core.main.TestSuiteExecutor.accessTestCaseMainPhase(TestSuiteExecutor.java:203)
	at com.kms.katalon.core.main.TestSuiteExecutor.accessTestSuiteMainPhase(TestSuiteExecutor.java:152)
	at com.kms.katalon.core.main.TestSuiteExecutor.execute(TestSuiteExecutor.java:95)
	at com.kms.katalon.core.main.TestCaseMain.startTestSuite(TestCaseMain.java:157)
	at com.kms.katalon.core.main.TestCaseMain$startTestSuite$0.call(Unknown Source)
	at TempTestSuite1622128062646.run(TempTestSuite1622128062646.groovy:39)
Caused by: java.lang.IllegalArgumentException: Object is null
	at com.kms.katalon.core.helper.KeywordHelper.checkTestObjectParameter(KeywordHelper.java:33)
	at com.kms.katalon.core.webui.keyword.builtin.ClickKeyword$_click_closure1.doCall(ClickKeyword.groovy:64)
	at com.kms.katalon.core.webui.keyword.builtin.ClickKeyword$_click_closure1.call(ClickKeyword.groovy)
	at com.kms.katalon.core.webui.keyword.internal.WebUIKeywordMain.runKeyword(WebUIKeywordMain.groovy:20)
	at com.kms.katalon.core.webui.keyword.builtin.ClickKeyword.click(ClickKeyword.groovy:75)
	at com.kms.katalon.core.webui.keyword.builtin.ClickKeyword.execute(ClickKeyword.groovy:42)
	at com.kms.katalon.core.keyword.internal.KeywordExecutor.executeKeywordForPlatform(KeywordExecutor.groovy:73)
	at com.kms.katalon.core.webui.keyword.WebUiBuiltInKeywords.click(WebUiBuiltInKeywords.groovy:619)
	at com.kms.katalon.core.webui.keyword.WebUiBuiltInKeywords$click$3.call(Unknown Source)
	at Script1621498384580.run(Script1621498384580.groovy:27)
	... 13 more
)

2021-05-27 22:15:11 - [MESSAGE][WARNING] - Test object with id 'Object Repository/Page_Mattermost/span_Sign in (1)' does not exist

2021-05-27 22:15:11 - [MESSAGE][WARNING] - Test object with id 'Object Repository/' does not exist

2021-05-27 22:15:11 - [MESSAGE][FAILED] - Unable to click on object (Root cause: com.kms.katalon.core.exception.StepFailedException: Unable to click on object
	at com.kms.katalon.core.webui.keyword.internal.WebUIKeywordMain.stepFailed(WebUIKeywordMain.groovy:64)
	at com.kms.katalon.core.webui.keyword.internal.WebUIKeywordMain.runKeyword(WebUIKeywordMain.groovy:26)
	at com.kms.katalon.core.webui.keyword.builtin.ClickKeyword.click(ClickKeyword.groovy:75)
	at com.kms.katalon.core.webui.keyword.builtin.ClickKeyword.execute(ClickKeyword.groovy:42)
	at com.kms.katalon.core.keyword.internal.KeywordExecutor.executeKeywordForPlatform(KeywordExecutor.groovy:73)
	at com.kms.katalon.core.webui.keyword.WebUiBuiltInKeywords.click(WebUiBuiltInKeywords.groovy:619)
	at com.kms.katalon.core.webui.keyword.WebUiBuiltInKeywords$click$3.call(Unknown Source)
	at TC11_CreateATeam.run(TC11_CreateATeam:27)
	at com.kms.katalon.core.main.ScriptEngine.run(ScriptEngine.java:194)
	at com.kms.katalon.core.main.ScriptEngine.runScriptAsRawText(ScriptEngine.java:119)
	at com.kms.katalon.core.main.TestCaseExecutor.runScript(TestCaseExecutor.java:398)
	at com.kms.katalon.core.main.TestCaseExecutor.doExecute(TestCaseExecutor.java:389)
	at com.kms.katalon.core.main.TestCaseExecutor.processExecutionPhase(TestCaseExecutor.java:368)
	at com.kms.katalon.core.main.TestCaseExecutor.accessMainPhase(TestCaseExecutor.java:360)
	at com.kms.katalon.core.main.TestCaseExecutor.execute(TestCaseExecutor.java:255)
	at com.kms.katalon.core.main.TestSuiteExecutor.accessTestCaseMainPhase(TestSuiteExecutor.java:203)
	at com.kms.katalon.core.main.TestSuiteExecutor.accessTestSuiteMainPhase(TestSuiteExecutor.java:152)
	at com.kms.katalon.core.main.TestSuiteExecutor.execute(TestSuiteExecutor.java:95)
	at com.kms.katalon.core.main.TestCaseMain.startTestSuite(TestCaseMain.java:157)
	at com.kms.katalon.core.main.TestCaseMain$startTestSuite$0.call(Unknown Source)
	at TempTestSuite1622128062646.run(TempTestSuite1622128062646.groovy:39)
Caused by: java.lang.IllegalArgumentException: Object is null
	at com.kms.katalon.core.helper.KeywordHelper.checkTestObjectParameter(KeywordHelper.java:33)
	at com.kms.katalon.core.webui.keyword.builtin.ClickKeyword$_click_closure1.doCall(ClickKeyword.groovy:64)
	at com.kms.katalon.core.webui.keyword.builtin.ClickKeyword$_click_closure1.call(ClickKeyword.groovy)
	at com.kms.katalon.core.webui.keyword.internal.WebUIKeywordMain.runKeyword(WebUIKeywordMain.groovy:20)
	at com.kms.katalon.core.webui.keyword.builtin.ClickKeyword.click(ClickKeyword.groovy:75)
	at com.kms.katalon.core.webui.keyword.builtin.ClickKeyword.execute(ClickKeyword.groovy:42)
	at com.kms.katalon.core.keyword.internal.KeywordExecutor.executeKeywordForPlatform(KeywordExecutor.groovy:73)
	at com.kms.katalon.core.webui.keyword.WebUiBuiltInKeywords.click(WebUiBuiltInKeywords.groovy:619)
	at com.kms.katalon.core.webui.keyword.WebUiBuiltInKeywords$click$3.call(Unknown Source)
	at Script1621498384580.run(Script1621498384580.groovy:27)
	... 13 more
)
[[ATTACHMENT|E:\\Tai lieu hoc\\Nam 7\\HK2\\New Topics\\Homework 2\\New folder\\Mattermost_Autotesting_2\\Mattermost_AutoTesting\\Reports\\20210527_220742\\1412263\\Run_All_Test_Cases\\20210527_220742\\1622128511022.png]]]]></system-out>
         <system-err><![CDATA[2021-05-27 22:14:53 - [TEST_CASE][FAILED] - Test Cases/1712666/TC11_CreateATeam: Test Cases/1712666/TC11_CreateATeam FAILED.
Reason:
com.kms.katalon.core.exception.StepFailedException: Unable to click on object
	at com.kms.katalon.core.webui.keyword.internal.WebUIKeywordMain.stepFailed(WebUIKeywordMain.groovy:64)
	at com.kms.katalon.core.webui.keyword.internal.WebUIKeywordMain.runKeyword(WebUIKeywordMain.groovy:26)
	at com.kms.katalon.core.webui.keyword.builtin.ClickKeyword.click(ClickKeyword.groovy:75)
	at com.kms.katalon.core.webui.keyword.builtin.ClickKeyword.execute(ClickKeyword.groovy:42)
	at com.kms.katalon.core.keyword.internal.KeywordExecutor.executeKeywordForPlatform(KeywordExecutor.groovy:73)
	at com.kms.katalon.core.webui.keyword.WebUiBuiltInKeywords.click(WebUiBuiltInKeywords.groovy:619)
	at com.kms.katalon.core.webui.keyword.WebUiBuiltInKeywords$click$3.call(Unknown Source)
	at TC11_CreateATeam.run(TC11_CreateATeam:27)
	at com.kms.katalon.core.main.ScriptEngine.run(ScriptEngine.java:194)
	at com.kms.katalon.core.main.ScriptEngine.runScriptAsRawText(ScriptEngine.java:119)
	at com.kms.katalon.core.main.TestCaseExecutor.runScript(TestCaseExecutor.java:398)
	at com.kms.katalon.core.main.TestCaseExecutor.doExecute(TestCaseExecutor.java:389)
	at com.kms.katalon.core.main.TestCaseExecutor.processExecutionPhase(TestCaseExecutor.java:368)
	at com.kms.katalon.core.main.TestCaseExecutor.accessMainPhase(TestCaseExecutor.java:360)
	at com.kms.katalon.core.main.TestCaseExecutor.execute(TestCaseExecutor.java:255)
	at com.kms.katalon.core.main.TestSuiteExecutor.accessTestCaseMainPhase(TestSuiteExecutor.java:203)
	at com.kms.katalon.core.main.TestSuiteExecutor.accessTestSuiteMainPhase(TestSuiteExecutor.java:152)
	at com.kms.katalon.core.main.TestSuiteExecutor.execute(TestSuiteExecutor.java:95)
	at com.kms.katalon.core.main.TestCaseMain.startTestSuite(TestCaseMain.java:157)
	at com.kms.katalon.core.main.TestCaseMain$startTestSuite$0.call(Unknown Source)
	at TempTestSuite1622128062646.run(TempTestSuite1622128062646.groovy:39)
Caused by: java.lang.IllegalArgumentException: Object is null
	at com.kms.katalon.core.helper.KeywordHelper.checkTestObjectParameter(KeywordHelper.java:33)
	at com.kms.katalon.core.webui.keyword.builtin.ClickKeyword$_click_closure1.doCall(ClickKeyword.groovy:64)
	at com.kms.katalon.core.webui.keyword.builtin.ClickKeyword$_click_closure1.call(ClickKeyword.groovy)
	at com.kms.katalon.core.webui.keyword.internal.WebUIKeywordMain.runKeyword(WebUIKeywordMain.groovy:20)
	... 19 more]]></system-err>
      </testcase>
      <testcase name="Test Cases/1712666/TC12_InvitePeopleToTeam" time="20.687" classname="Test Cases/1712666/TC12_InvitePeopleToTeam" status="FAILED">
         <failure type="FAILED" message="Test Cases/1712666/TC12_InvitePeopleToTeam FAILED.
Reason:
com.kms.katalon.core.exception.StepFailedException: Unable to click on object
	at com.kms.katalon.core.webui.keyword.internal.WebUIKeywordMain.stepFailed(WebUIKeywordMain.groovy:64)
	at com.kms.katalon.core.webui.keyword.internal.WebUIKeywordMain.runKeyword(WebUIKeywordMain.groovy:26)
	at com.kms.katalon.core.webui.keyword.builtin.ClickKeyword.click(ClickKeyword.groovy:75)
	at com.kms.katalon.core.webui.keyword.builtin.ClickKeyword.execute(ClickKeyword.groovy:42)
	at com.kms.katalon.core.keyword.internal.KeywordExecutor.executeKeywordForPlatform(KeywordExecutor.groovy:73)
	at com.kms.katalon.core.webui.keyword.WebUiBuiltInKeywords.click(WebUiBuiltInKeywords.groovy:619)
	at com.kms.katalon.core.webui.keyword.WebUiBuiltInKeywords$click$3.call(Unknown Source)
	at TC12_InvitePeopleToTeam.run(TC12_InvitePeopleToTeam:26)
	at com.kms.katalon.core.main.ScriptEngine.run(ScriptEngine.java:194)
	at com.kms.katalon.core.main.ScriptEngine.runScriptAsRawText(ScriptEngine.java:119)
	at com.kms.katalon.core.main.TestCaseExecutor.runScript(TestCaseExecutor.java:398)
	at com.kms.katalon.core.main.TestCaseExecutor.doExecute(TestCaseExecutor.java:389)
	at com.kms.katalon.core.main.TestCaseExecutor.processExecutionPhase(TestCaseExecutor.java:368)
	at com.kms.katalon.core.main.TestCaseExecutor.accessMainPhase(TestCaseExecutor.java:360)
	at com.kms.katalon.core.main.TestCaseExecutor.execute(TestCaseExecutor.java:255)
	at com.kms.katalon.core.main.TestSuiteExecutor.accessTestCaseMainPhase(TestSuiteExecutor.java:203)
	at com.kms.katalon.core.main.TestSuiteExecutor.accessTestSuiteMainPhase(TestSuiteExecutor.java:152)
	at com.kms.katalon.core.main.TestSuiteExecutor.execute(TestSuiteExecutor.java:95)
	at com.kms.katalon.core.main.TestCaseMain.startTestSuite(TestCaseMain.java:157)
	at com.kms.katalon.core.main.TestCaseMain$startTestSuite$0.call(Unknown Source)
	at TempTestSuite1622128062646.run(TempTestSuite1622128062646.groovy:39)
Caused by: java.lang.IllegalArgumentException: Object is null
	at com.kms.katalon.core.helper.KeywordHelper.checkTestObjectParameter(KeywordHelper.java:33)
	at com.kms.katalon.core.webui.keyword.builtin.ClickKeyword$_click_closure1.doCall(ClickKeyword.groovy:64)
	at com.kms.katalon.core.webui.keyword.builtin.ClickKeyword$_click_closure1.call(ClickKeyword.groovy)
	at com.kms.katalon.core.webui.keyword.internal.WebUIKeywordMain.runKeyword(WebUIKeywordMain.groovy:20)
	... 19 more
"/>
         <system-out><![CDATA[2021-05-27 22:15:19 - [TEST_CASE][FAILED] - Test Cases/1712666/TC12_InvitePeopleToTeam: Test Cases/1712666/TC12_InvitePeopleToTeam FAILED.
Reason:
com.kms.katalon.core.exception.StepFailedException: Unable to click on object
	at com.kms.katalon.core.webui.keyword.internal.WebUIKeywordMain.stepFailed(WebUIKeywordMain.groovy:64)
	at com.kms.katalon.core.webui.keyword.internal.WebUIKeywordMain.runKeyword(WebUIKeywordMain.groovy:26)
	at com.kms.katalon.core.webui.keyword.builtin.ClickKeyword.click(ClickKeyword.groovy:75)
	at com.kms.katalon.core.webui.keyword.builtin.ClickKeyword.execute(ClickKeyword.groovy:42)
	at com.kms.katalon.core.keyword.internal.KeywordExecutor.executeKeywordForPlatform(KeywordExecutor.groovy:73)
	at com.kms.katalon.core.webui.keyword.WebUiBuiltInKeywords.click(WebUiBuiltInKeywords.groovy:619)
	at com.kms.katalon.core.webui.keyword.WebUiBuiltInKeywords$click$3.call(Unknown Source)
	at TC12_InvitePeopleToTeam.run(TC12_InvitePeopleToTeam:26)
	at com.kms.katalon.core.main.ScriptEngine.run(ScriptEngine.java:194)
	at com.kms.katalon.core.main.ScriptEngine.runScriptAsRawText(ScriptEngine.java:119)
	at com.kms.katalon.core.main.TestCaseExecutor.runScript(TestCaseExecutor.java:398)
	at com.kms.katalon.core.main.TestCaseExecutor.doExecute(TestCaseExecutor.java:389)
	at com.kms.katalon.core.main.TestCaseExecutor.processExecutionPhase(TestCaseExecutor.java:368)
	at com.kms.katalon.core.main.TestCaseExecutor.accessMainPhase(TestCaseExecutor.java:360)
	at com.kms.katalon.core.main.TestCaseExecutor.execute(TestCaseExecutor.java:255)
	at com.kms.katalon.core.main.TestSuiteExecutor.accessTestCaseMainPhase(TestSuiteExecutor.java:203)
	at com.kms.katalon.core.main.TestSuiteExecutor.accessTestSuiteMainPhase(TestSuiteExecutor.java:152)
	at com.kms.katalon.core.main.TestSuiteExecutor.execute(TestSuiteExecutor.java:95)
	at com.kms.katalon.core.main.TestCaseMain.startTestSuite(TestCaseMain.java:157)
	at com.kms.katalon.core.main.TestCaseMain$startTestSuite$0.call(Unknown Source)
	at TempTestSuite1622128062646.run(TempTestSuite1622128062646.groovy:39)
Caused by: java.lang.IllegalArgumentException: Object is null
	at com.kms.katalon.core.helper.KeywordHelper.checkTestObjectParameter(KeywordHelper.java:33)
	at com.kms.katalon.core.webui.keyword.builtin.ClickKeyword$_click_closure1.doCall(ClickKeyword.groovy:64)
	at com.kms.katalon.core.webui.keyword.builtin.ClickKeyword$_click_closure1.call(ClickKeyword.groovy)
	at com.kms.katalon.core.webui.keyword.internal.WebUIKeywordMain.runKeyword(WebUIKeywordMain.groovy:20)
	... 19 more


2021-05-27 22:15:20 - [TEST_STEP][PASSED] - openBrowser(""): Browser is opened with url: ''

2021-05-27 22:15:20 - [MESSAGE][WARNING] - A browser is already opened. Closing browser and opening a new one

2021-05-27 22:15:22 - [MESSAGE][INFO] - Starting 'Chrome' driver

2021-05-27 22:15:22 - [MESSAGE][INFO] - Action delay is set to 0 milliseconds

2021-05-27 22:15:25 - [MESSAGE][PASSED] - Browser is opened with url: ''

2021-05-27 22:15:25 - [TEST_STEP][PASSED] - navigateToUrl("https://mattermostwebapp.herokuapp.com/"): Navigate to 'https://mattermostwebapp.herokuapp.com/' successfully

2021-05-27 22:15:30 - [MESSAGE][PASSED] - Navigate to 'https://mattermostwebapp.herokuapp.com/' successfully

2021-05-27 22:15:30 - [TEST_STEP][PASSED] - callTestCase(findTestCase("1712666/CommonTC/CTC_Login"), ["var_username":"phuc", "var_password":"CSt51UwWECc="]): Call Test Case 'Test Cases/1712666/CommonTC/CTC_Login' successfully

2021-05-27 22:15:30 - [TEST_CASE][PASSED] - Test Cases/1712666/CommonTC/CTC_Login: Test Cases/1712666/CommonTC/CTC_Login

2021-05-27 22:15:30 - [TEST_STEP][PASSED] - setText(findTestObject("Object Repository/1412263_Page_Mattermost/input_All team communication in one place, _dcc84b"), var_username): Text 'phuc' is set on object 'Object Repository/1412263_Page_Mattermost/input_All team communication in one place, _dcc84b'

2021-05-27 22:15:37 - [MESSAGE][PASSED] - Text 'phuc' is set on object 'Object Repository/1412263_Page_Mattermost/input_All team communication in one place, _dcc84b'

2021-05-27 22:15:37 - [TEST_STEP][PASSED] - setEncryptedText(findTestObject("Object Repository/1412263_Page_Mattermost/input_All team communication in one place, _a3edc6"), var_password): Text ****** has been set on object 'Object Repository/1412263_Page_Mattermost/input_All team communication in one place, _a3edc6'

2021-05-27 22:15:38 - [MESSAGE][PASSED] - Text ****** has been set on object 'Object Repository/1412263_Page_Mattermost/input_All team communication in one place, _a3edc6'

2021-05-27 22:15:38 - [TEST_STEP][PASSED] - click(findTestObject("Object Repository/1412263_Page_Mattermost/span_Sign in")): Object: 'Object Repository/1412263_Page_Mattermost/span_Sign in' is clicked on

2021-05-27 22:15:39 - [MESSAGE][PASSED] - Object: 'Object Repository/1412263_Page_Mattermost/span_Sign in' is clicked on

2021-05-27 22:15:39 - [MESSAGE][PASSED] - Call Test Case 'Test Cases/1712666/CommonTC/CTC_Login' successfully

2021-05-27 22:15:39 - [TEST_STEP][FAILED] - click(findTestObject("Object Repository/Page_Mattermost/span_Sign in (2)")): Unable to click on object (Root cause: com.kms.katalon.core.exception.StepFailedException: Unable to click on object
	at com.kms.katalon.core.webui.keyword.internal.WebUIKeywordMain.stepFailed(WebUIKeywordMain.groovy:64)
	at com.kms.katalon.core.webui.keyword.internal.WebUIKeywordMain.runKeyword(WebUIKeywordMain.groovy:26)
	at com.kms.katalon.core.webui.keyword.builtin.ClickKeyword.click(ClickKeyword.groovy:75)
	at com.kms.katalon.core.webui.keyword.builtin.ClickKeyword.execute(ClickKeyword.groovy:42)
	at com.kms.katalon.core.keyword.internal.KeywordExecutor.executeKeywordForPlatform(KeywordExecutor.groovy:73)
	at com.kms.katalon.core.webui.keyword.WebUiBuiltInKeywords.click(WebUiBuiltInKeywords.groovy:619)
	at com.kms.katalon.core.webui.keyword.WebUiBuiltInKeywords$click$3.call(Unknown Source)
	at TC12_InvitePeopleToTeam.run(TC12_InvitePeopleToTeam:26)
	at com.kms.katalon.core.main.ScriptEngine.run(ScriptEngine.java:194)
	at com.kms.katalon.core.main.ScriptEngine.runScriptAsRawText(ScriptEngine.java:119)
	at com.kms.katalon.core.main.TestCaseExecutor.runScript(TestCaseExecutor.java:398)
	at com.kms.katalon.core.main.TestCaseExecutor.doExecute(TestCaseExecutor.java:389)
	at com.kms.katalon.core.main.TestCaseExecutor.processExecutionPhase(TestCaseExecutor.java:368)
	at com.kms.katalon.core.main.TestCaseExecutor.accessMainPhase(TestCaseExecutor.java:360)
	at com.kms.katalon.core.main.TestCaseExecutor.execute(TestCaseExecutor.java:255)
	at com.kms.katalon.core.main.TestSuiteExecutor.accessTestCaseMainPhase(TestSuiteExecutor.java:203)
	at com.kms.katalon.core.main.TestSuiteExecutor.accessTestSuiteMainPhase(TestSuiteExecutor.java:152)
	at com.kms.katalon.core.main.TestSuiteExecutor.execute(TestSuiteExecutor.java:95)
	at com.kms.katalon.core.main.TestCaseMain.startTestSuite(TestCaseMain.java:157)
	at com.kms.katalon.core.main.TestCaseMain$startTestSuite$0.call(Unknown Source)
	at TempTestSuite1622128062646.run(TempTestSuite1622128062646.groovy:39)
Caused by: java.lang.IllegalArgumentException: Object is null
	at com.kms.katalon.core.helper.KeywordHelper.checkTestObjectParameter(KeywordHelper.java:33)
	at com.kms.katalon.core.webui.keyword.builtin.ClickKeyword$_click_closure1.doCall(ClickKeyword.groovy:64)
	at com.kms.katalon.core.webui.keyword.builtin.ClickKeyword$_click_closure1.call(ClickKeyword.groovy)
	at com.kms.katalon.core.webui.keyword.internal.WebUIKeywordMain.runKeyword(WebUIKeywordMain.groovy:20)
	at com.kms.katalon.core.webui.keyword.builtin.ClickKeyword.click(ClickKeyword.groovy:75)
	at com.kms.katalon.core.webui.keyword.builtin.ClickKeyword.execute(ClickKeyword.groovy:42)
	at com.kms.katalon.core.keyword.internal.KeywordExecutor.executeKeywordForPlatform(KeywordExecutor.groovy:73)
	at com.kms.katalon.core.webui.keyword.WebUiBuiltInKeywords.click(WebUiBuiltInKeywords.groovy:619)
	at com.kms.katalon.core.webui.keyword.WebUiBuiltInKeywords$click$3.call(Unknown Source)
	at Script1621517624786.run(Script1621517624786.groovy:26)
	... 13 more
)

2021-05-27 22:15:39 - [MESSAGE][WARNING] - Test object with id 'Object Repository/Page_Mattermost/span_Sign in (2)' does not exist

2021-05-27 22:15:39 - [MESSAGE][WARNING] - Test object with id 'Object Repository/' does not exist

2021-05-27 22:15:40 - [MESSAGE][FAILED] - Unable to click on object (Root cause: com.kms.katalon.core.exception.StepFailedException: Unable to click on object
	at com.kms.katalon.core.webui.keyword.internal.WebUIKeywordMain.stepFailed(WebUIKeywordMain.groovy:64)
	at com.kms.katalon.core.webui.keyword.internal.WebUIKeywordMain.runKeyword(WebUIKeywordMain.groovy:26)
	at com.kms.katalon.core.webui.keyword.builtin.ClickKeyword.click(ClickKeyword.groovy:75)
	at com.kms.katalon.core.webui.keyword.builtin.ClickKeyword.execute(ClickKeyword.groovy:42)
	at com.kms.katalon.core.keyword.internal.KeywordExecutor.executeKeywordForPlatform(KeywordExecutor.groovy:73)
	at com.kms.katalon.core.webui.keyword.WebUiBuiltInKeywords.click(WebUiBuiltInKeywords.groovy:619)
	at com.kms.katalon.core.webui.keyword.WebUiBuiltInKeywords$click$3.call(Unknown Source)
	at TC12_InvitePeopleToTeam.run(TC12_InvitePeopleToTeam:26)
	at com.kms.katalon.core.main.ScriptEngine.run(ScriptEngine.java:194)
	at com.kms.katalon.core.main.ScriptEngine.runScriptAsRawText(ScriptEngine.java:119)
	at com.kms.katalon.core.main.TestCaseExecutor.runScript(TestCaseExecutor.java:398)
	at com.kms.katalon.core.main.TestCaseExecutor.doExecute(TestCaseExecutor.java:389)
	at com.kms.katalon.core.main.TestCaseExecutor.processExecutionPhase(TestCaseExecutor.java:368)
	at com.kms.katalon.core.main.TestCaseExecutor.accessMainPhase(TestCaseExecutor.java:360)
	at com.kms.katalon.core.main.TestCaseExecutor.execute(TestCaseExecutor.java:255)
	at com.kms.katalon.core.main.TestSuiteExecutor.accessTestCaseMainPhase(TestSuiteExecutor.java:203)
	at com.kms.katalon.core.main.TestSuiteExecutor.accessTestSuiteMainPhase(TestSuiteExecutor.java:152)
	at com.kms.katalon.core.main.TestSuiteExecutor.execute(TestSuiteExecutor.java:95)
	at com.kms.katalon.core.main.TestCaseMain.startTestSuite(TestCaseMain.java:157)
	at com.kms.katalon.core.main.TestCaseMain$startTestSuite$0.call(Unknown Source)
	at TempTestSuite1622128062646.run(TempTestSuite1622128062646.groovy:39)
Caused by: java.lang.IllegalArgumentException: Object is null
	at com.kms.katalon.core.helper.KeywordHelper.checkTestObjectParameter(KeywordHelper.java:33)
	at com.kms.katalon.core.webui.keyword.builtin.ClickKeyword$_click_closure1.doCall(ClickKeyword.groovy:64)
	at com.kms.katalon.core.webui.keyword.builtin.ClickKeyword$_click_closure1.call(ClickKeyword.groovy)
	at com.kms.katalon.core.webui.keyword.internal.WebUIKeywordMain.runKeyword(WebUIKeywordMain.groovy:20)
	at com.kms.katalon.core.webui.keyword.builtin.ClickKeyword.click(ClickKeyword.groovy:75)
	at com.kms.katalon.core.webui.keyword.builtin.ClickKeyword.execute(ClickKeyword.groovy:42)
	at com.kms.katalon.core.keyword.internal.KeywordExecutor.executeKeywordForPlatform(KeywordExecutor.groovy:73)
	at com.kms.katalon.core.webui.keyword.WebUiBuiltInKeywords.click(WebUiBuiltInKeywords.groovy:619)
	at com.kms.katalon.core.webui.keyword.WebUiBuiltInKeywords$click$3.call(Unknown Source)
	at Script1621517624786.run(Script1621517624786.groovy:26)
	... 13 more
)
[[ATTACHMENT|E:\\Tai lieu hoc\\Nam 7\\HK2\\New Topics\\Homework 2\\New folder\\Mattermost_Autotesting_2\\Mattermost_AutoTesting\\Reports\\20210527_220742\\1412263\\Run_All_Test_Cases\\20210527_220742\\1622128539706.png]]]]></system-out>
         <system-err><![CDATA[2021-05-27 22:15:19 - [TEST_CASE][FAILED] - Test Cases/1712666/TC12_InvitePeopleToTeam: Test Cases/1712666/TC12_InvitePeopleToTeam FAILED.
Reason:
com.kms.katalon.core.exception.StepFailedException: Unable to click on object
	at com.kms.katalon.core.webui.keyword.internal.WebUIKeywordMain.stepFailed(WebUIKeywordMain.groovy:64)
	at com.kms.katalon.core.webui.keyword.internal.WebUIKeywordMain.runKeyword(WebUIKeywordMain.groovy:26)
	at com.kms.katalon.core.webui.keyword.builtin.ClickKeyword.click(ClickKeyword.groovy:75)
	at com.kms.katalon.core.webui.keyword.builtin.ClickKeyword.execute(ClickKeyword.groovy:42)
	at com.kms.katalon.core.keyword.internal.KeywordExecutor.executeKeywordForPlatform(KeywordExecutor.groovy:73)
	at com.kms.katalon.core.webui.keyword.WebUiBuiltInKeywords.click(WebUiBuiltInKeywords.groovy:619)
	at com.kms.katalon.core.webui.keyword.WebUiBuiltInKeywords$click$3.call(Unknown Source)
	at TC12_InvitePeopleToTeam.run(TC12_InvitePeopleToTeam:26)
	at com.kms.katalon.core.main.ScriptEngine.run(ScriptEngine.java:194)
	at com.kms.katalon.core.main.ScriptEngine.runScriptAsRawText(ScriptEngine.java:119)
	at com.kms.katalon.core.main.TestCaseExecutor.runScript(TestCaseExecutor.java:398)
	at com.kms.katalon.core.main.TestCaseExecutor.doExecute(TestCaseExecutor.java:389)
	at com.kms.katalon.core.main.TestCaseExecutor.processExecutionPhase(TestCaseExecutor.java:368)
	at com.kms.katalon.core.main.TestCaseExecutor.accessMainPhase(TestCaseExecutor.java:360)
	at com.kms.katalon.core.main.TestCaseExecutor.execute(TestCaseExecutor.java:255)
	at com.kms.katalon.core.main.TestSuiteExecutor.accessTestCaseMainPhase(TestSuiteExecutor.java:203)
	at com.kms.katalon.core.main.TestSuiteExecutor.accessTestSuiteMainPhase(TestSuiteExecutor.java:152)
	at com.kms.katalon.core.main.TestSuiteExecutor.execute(TestSuiteExecutor.java:95)
	at com.kms.katalon.core.main.TestCaseMain.startTestSuite(TestCaseMain.java:157)
	at com.kms.katalon.core.main.TestCaseMain$startTestSuite$0.call(Unknown Source)
	at TempTestSuite1622128062646.run(TempTestSuite1622128062646.groovy:39)
Caused by: java.lang.IllegalArgumentException: Object is null
	at com.kms.katalon.core.helper.KeywordHelper.checkTestObjectParameter(KeywordHelper.java:33)
	at com.kms.katalon.core.webui.keyword.builtin.ClickKeyword$_click_closure1.doCall(ClickKeyword.groovy:64)
	at com.kms.katalon.core.webui.keyword.builtin.ClickKeyword$_click_closure1.call(ClickKeyword.groovy)
	at com.kms.katalon.core.webui.keyword.internal.WebUIKeywordMain.runKeyword(WebUIKeywordMain.groovy:20)
	... 19 more]]></system-err>
      </testcase>
      <testcase name="Test Cases/1712666/TC13_UpdateTeamName" time="20.433" classname="Test Cases/1712666/TC13_UpdateTeamName" status="FAILED">
         <failure type="FAILED" message="Test Cases/1712666/TC13_UpdateTeamName FAILED.
Reason:
com.kms.katalon.core.exception.StepFailedException: Unable to click on object
	at com.kms.katalon.core.webui.keyword.internal.WebUIKeywordMain.stepFailed(WebUIKeywordMain.groovy:64)
	at com.kms.katalon.core.webui.keyword.internal.WebUIKeywordMain.runKeyword(WebUIKeywordMain.groovy:26)
	at com.kms.katalon.core.webui.keyword.builtin.ClickKeyword.click(ClickKeyword.groovy:75)
	at com.kms.katalon.core.webui.keyword.builtin.ClickKeyword.execute(ClickKeyword.groovy:42)
	at com.kms.katalon.core.keyword.internal.KeywordExecutor.executeKeywordForPlatform(KeywordExecutor.groovy:73)
	at com.kms.katalon.core.webui.keyword.WebUiBuiltInKeywords.click(WebUiBuiltInKeywords.groovy:619)
	at com.kms.katalon.core.webui.keyword.WebUiBuiltInKeywords$click$3.call(Unknown Source)
	at TC13_UpdateTeamName.run(TC13_UpdateTeamName:27)
	at com.kms.katalon.core.main.ScriptEngine.run(ScriptEngine.java:194)
	at com.kms.katalon.core.main.ScriptEngine.runScriptAsRawText(ScriptEngine.java:119)
	at com.kms.katalon.core.main.TestCaseExecutor.runScript(TestCaseExecutor.java:398)
	at com.kms.katalon.core.main.TestCaseExecutor.doExecute(TestCaseExecutor.java:389)
	at com.kms.katalon.core.main.TestCaseExecutor.processExecutionPhase(TestCaseExecutor.java:368)
	at com.kms.katalon.core.main.TestCaseExecutor.accessMainPhase(TestCaseExecutor.java:360)
	at com.kms.katalon.core.main.TestCaseExecutor.execute(TestCaseExecutor.java:255)
	at com.kms.katalon.core.main.TestSuiteExecutor.accessTestCaseMainPhase(TestSuiteExecutor.java:203)
	at com.kms.katalon.core.main.TestSuiteExecutor.accessTestSuiteMainPhase(TestSuiteExecutor.java:152)
	at com.kms.katalon.core.main.TestSuiteExecutor.execute(TestSuiteExecutor.java:95)
	at com.kms.katalon.core.main.TestCaseMain.startTestSuite(TestCaseMain.java:157)
	at com.kms.katalon.core.main.TestCaseMain$startTestSuite$0.call(Unknown Source)
	at TempTestSuite1622128062646.run(TempTestSuite1622128062646.groovy:39)
Caused by: java.lang.IllegalArgumentException: Object is null
	at com.kms.katalon.core.helper.KeywordHelper.checkTestObjectParameter(KeywordHelper.java:33)
	at com.kms.katalon.core.webui.keyword.builtin.ClickKeyword$_click_closure1.doCall(ClickKeyword.groovy:64)
	at com.kms.katalon.core.webui.keyword.builtin.ClickKeyword$_click_closure1.call(ClickKeyword.groovy)
	at com.kms.katalon.core.webui.keyword.internal.WebUIKeywordMain.runKeyword(WebUIKeywordMain.groovy:20)
	... 19 more
"/>
         <system-out><![CDATA[2021-05-27 22:15:40 - [TEST_CASE][FAILED] - Test Cases/1712666/TC13_UpdateTeamName: Test Cases/1712666/TC13_UpdateTeamName FAILED.
Reason:
com.kms.katalon.core.exception.StepFailedException: Unable to click on object
	at com.kms.katalon.core.webui.keyword.internal.WebUIKeywordMain.stepFailed(WebUIKeywordMain.groovy:64)
	at com.kms.katalon.core.webui.keyword.internal.WebUIKeywordMain.runKeyword(WebUIKeywordMain.groovy:26)
	at com.kms.katalon.core.webui.keyword.builtin.ClickKeyword.click(ClickKeyword.groovy:75)
	at com.kms.katalon.core.webui.keyword.builtin.ClickKeyword.execute(ClickKeyword.groovy:42)
	at com.kms.katalon.core.keyword.internal.KeywordExecutor.executeKeywordForPlatform(KeywordExecutor.groovy:73)
	at com.kms.katalon.core.webui.keyword.WebUiBuiltInKeywords.click(WebUiBuiltInKeywords.groovy:619)
	at com.kms.katalon.core.webui.keyword.WebUiBuiltInKeywords$click$3.call(Unknown Source)
	at TC13_UpdateTeamName.run(TC13_UpdateTeamName:27)
	at com.kms.katalon.core.main.ScriptEngine.run(ScriptEngine.java:194)
	at com.kms.katalon.core.main.ScriptEngine.runScriptAsRawText(ScriptEngine.java:119)
	at com.kms.katalon.core.main.TestCaseExecutor.runScript(TestCaseExecutor.java:398)
	at com.kms.katalon.core.main.TestCaseExecutor.doExecute(TestCaseExecutor.java:389)
	at com.kms.katalon.core.main.TestCaseExecutor.processExecutionPhase(TestCaseExecutor.java:368)
	at com.kms.katalon.core.main.TestCaseExecutor.accessMainPhase(TestCaseExecutor.java:360)
	at com.kms.katalon.core.main.TestCaseExecutor.execute(TestCaseExecutor.java:255)
	at com.kms.katalon.core.main.TestSuiteExecutor.accessTestCaseMainPhase(TestSuiteExecutor.java:203)
	at com.kms.katalon.core.main.TestSuiteExecutor.accessTestSuiteMainPhase(TestSuiteExecutor.java:152)
	at com.kms.katalon.core.main.TestSuiteExecutor.execute(TestSuiteExecutor.java:95)
	at com.kms.katalon.core.main.TestCaseMain.startTestSuite(TestCaseMain.java:157)
	at com.kms.katalon.core.main.TestCaseMain$startTestSuite$0.call(Unknown Source)
	at TempTestSuite1622128062646.run(TempTestSuite1622128062646.groovy:39)
Caused by: java.lang.IllegalArgumentException: Object is null
	at com.kms.katalon.core.helper.KeywordHelper.checkTestObjectParameter(KeywordHelper.java:33)
	at com.kms.katalon.core.webui.keyword.builtin.ClickKeyword$_click_closure1.doCall(ClickKeyword.groovy:64)
	at com.kms.katalon.core.webui.keyword.builtin.ClickKeyword$_click_closure1.call(ClickKeyword.groovy)
	at com.kms.katalon.core.webui.keyword.internal.WebUIKeywordMain.runKeyword(WebUIKeywordMain.groovy:20)
	... 19 more


2021-05-27 22:15:41 - [TEST_STEP][PASSED] - openBrowser(""): Browser is opened with url: ''

2021-05-27 22:15:41 - [MESSAGE][WARNING] - A browser is already opened. Closing browser and opening a new one

2021-05-27 22:15:43 - [MESSAGE][INFO] - Starting 'Chrome' driver

2021-05-27 22:15:43 - [MESSAGE][INFO] - Action delay is set to 0 milliseconds

2021-05-27 22:15:46 - [MESSAGE][PASSED] - Browser is opened with url: ''

2021-05-27 22:15:46 - [TEST_STEP][PASSED] - navigateToUrl("https://mattermostwebapp.herokuapp.com/"): Navigate to 'https://mattermostwebapp.herokuapp.com/' successfully

2021-05-27 22:15:51 - [MESSAGE][PASSED] - Navigate to 'https://mattermostwebapp.herokuapp.com/' successfully

2021-05-27 22:15:51 - [TEST_STEP][PASSED] - callTestCase(findTestCase("1712666/CommonTC/CTC_Login"), ["var_username":"phuc", "var_password":"CSt51UwWECc="]): Call Test Case 'Test Cases/1712666/CommonTC/CTC_Login' successfully

2021-05-27 22:15:51 - [TEST_CASE][PASSED] - Test Cases/1712666/CommonTC/CTC_Login: Test Cases/1712666/CommonTC/CTC_Login

2021-05-27 22:15:51 - [TEST_STEP][PASSED] - setText(findTestObject("Object Repository/1412263_Page_Mattermost/input_All team communication in one place, _dcc84b"), var_username): Text 'phuc' is set on object 'Object Repository/1412263_Page_Mattermost/input_All team communication in one place, _dcc84b'

2021-05-27 22:15:58 - [MESSAGE][PASSED] - Text 'phuc' is set on object 'Object Repository/1412263_Page_Mattermost/input_All team communication in one place, _dcc84b'

2021-05-27 22:15:58 - [TEST_STEP][PASSED] - setEncryptedText(findTestObject("Object Repository/1412263_Page_Mattermost/input_All team communication in one place, _a3edc6"), var_password): Text ****** has been set on object 'Object Repository/1412263_Page_Mattermost/input_All team communication in one place, _a3edc6'

2021-05-27 22:15:59 - [MESSAGE][PASSED] - Text ****** has been set on object 'Object Repository/1412263_Page_Mattermost/input_All team communication in one place, _a3edc6'

2021-05-27 22:15:59 - [TEST_STEP][PASSED] - click(findTestObject("Object Repository/1412263_Page_Mattermost/span_Sign in")): Object: 'Object Repository/1412263_Page_Mattermost/span_Sign in' is clicked on

2021-05-27 22:16:00 - [MESSAGE][PASSED] - Object: 'Object Repository/1412263_Page_Mattermost/span_Sign in' is clicked on

2021-05-27 22:16:00 - [MESSAGE][PASSED] - Call Test Case 'Test Cases/1712666/CommonTC/CTC_Login' successfully

2021-05-27 22:16:00 - [TEST_STEP][FAILED] - click(findTestObject("Object Repository/Page_Mattermost/span_Sign in (3)")): Unable to click on object (Root cause: com.kms.katalon.core.exception.StepFailedException: Unable to click on object
	at com.kms.katalon.core.webui.keyword.internal.WebUIKeywordMain.stepFailed(WebUIKeywordMain.groovy:64)
	at com.kms.katalon.core.webui.keyword.internal.WebUIKeywordMain.runKeyword(WebUIKeywordMain.groovy:26)
	at com.kms.katalon.core.webui.keyword.builtin.ClickKeyword.click(ClickKeyword.groovy:75)
	at com.kms.katalon.core.webui.keyword.builtin.ClickKeyword.execute(ClickKeyword.groovy:42)
	at com.kms.katalon.core.keyword.internal.KeywordExecutor.executeKeywordForPlatform(KeywordExecutor.groovy:73)
	at com.kms.katalon.core.webui.keyword.WebUiBuiltInKeywords.click(WebUiBuiltInKeywords.groovy:619)
	at com.kms.katalon.core.webui.keyword.WebUiBuiltInKeywords$click$3.call(Unknown Source)
	at TC13_UpdateTeamName.run(TC13_UpdateTeamName:27)
	at com.kms.katalon.core.main.ScriptEngine.run(ScriptEngine.java:194)
	at com.kms.katalon.core.main.ScriptEngine.runScriptAsRawText(ScriptEngine.java:119)
	at com.kms.katalon.core.main.TestCaseExecutor.runScript(TestCaseExecutor.java:398)
	at com.kms.katalon.core.main.TestCaseExecutor.doExecute(TestCaseExecutor.java:389)
	at com.kms.katalon.core.main.TestCaseExecutor.processExecutionPhase(TestCaseExecutor.java:368)
	at com.kms.katalon.core.main.TestCaseExecutor.accessMainPhase(TestCaseExecutor.java:360)
	at com.kms.katalon.core.main.TestCaseExecutor.execute(TestCaseExecutor.java:255)
	at com.kms.katalon.core.main.TestSuiteExecutor.accessTestCaseMainPhase(TestSuiteExecutor.java:203)
	at com.kms.katalon.core.main.TestSuiteExecutor.accessTestSuiteMainPhase(TestSuiteExecutor.java:152)
	at com.kms.katalon.core.main.TestSuiteExecutor.execute(TestSuiteExecutor.java:95)
	at com.kms.katalon.core.main.TestCaseMain.startTestSuite(TestCaseMain.java:157)
	at com.kms.katalon.core.main.TestCaseMain$startTestSuite$0.call(Unknown Source)
	at TempTestSuite1622128062646.run(TempTestSuite1622128062646.groovy:39)
Caused by: java.lang.IllegalArgumentException: Object is null
	at com.kms.katalon.core.helper.KeywordHelper.checkTestObjectParameter(KeywordHelper.java:33)
	at com.kms.katalon.core.webui.keyword.builtin.ClickKeyword$_click_closure1.doCall(ClickKeyword.groovy:64)
	at com.kms.katalon.core.webui.keyword.builtin.ClickKeyword$_click_closure1.call(ClickKeyword.groovy)
	at com.kms.katalon.core.webui.keyword.internal.WebUIKeywordMain.runKeyword(WebUIKeywordMain.groovy:20)
	at com.kms.katalon.core.webui.keyword.builtin.ClickKeyword.click(ClickKeyword.groovy:75)
	at com.kms.katalon.core.webui.keyword.builtin.ClickKeyword.execute(ClickKeyword.groovy:42)
	at com.kms.katalon.core.keyword.internal.KeywordExecutor.executeKeywordForPlatform(KeywordExecutor.groovy:73)
	at com.kms.katalon.core.webui.keyword.WebUiBuiltInKeywords.click(WebUiBuiltInKeywords.groovy:619)
	at com.kms.katalon.core.webui.keyword.WebUiBuiltInKeywords$click$3.call(Unknown Source)
	at Script1621520335662.run(Script1621520335662.groovy:27)
	... 13 more
)

2021-05-27 22:16:00 - [MESSAGE][WARNING] - Test object with id 'Object Repository/Page_Mattermost/span_Sign in (3)' does not exist

2021-05-27 22:16:00 - [MESSAGE][WARNING] - Test object with id 'Object Repository/' does not exist

2021-05-27 22:16:00 - [MESSAGE][FAILED] - Unable to click on object (Root cause: com.kms.katalon.core.exception.StepFailedException: Unable to click on object
	at com.kms.katalon.core.webui.keyword.internal.WebUIKeywordMain.stepFailed(WebUIKeywordMain.groovy:64)
	at com.kms.katalon.core.webui.keyword.internal.WebUIKeywordMain.runKeyword(WebUIKeywordMain.groovy:26)
	at com.kms.katalon.core.webui.keyword.builtin.ClickKeyword.click(ClickKeyword.groovy:75)
	at com.kms.katalon.core.webui.keyword.builtin.ClickKeyword.execute(ClickKeyword.groovy:42)
	at com.kms.katalon.core.keyword.internal.KeywordExecutor.executeKeywordForPlatform(KeywordExecutor.groovy:73)
	at com.kms.katalon.core.webui.keyword.WebUiBuiltInKeywords.click(WebUiBuiltInKeywords.groovy:619)
	at com.kms.katalon.core.webui.keyword.WebUiBuiltInKeywords$click$3.call(Unknown Source)
	at TC13_UpdateTeamName.run(TC13_UpdateTeamName:27)
	at com.kms.katalon.core.main.ScriptEngine.run(ScriptEngine.java:194)
	at com.kms.katalon.core.main.ScriptEngine.runScriptAsRawText(ScriptEngine.java:119)
	at com.kms.katalon.core.main.TestCaseExecutor.runScript(TestCaseExecutor.java:398)
	at com.kms.katalon.core.main.TestCaseExecutor.doExecute(TestCaseExecutor.java:389)
	at com.kms.katalon.core.main.TestCaseExecutor.processExecutionPhase(TestCaseExecutor.java:368)
	at com.kms.katalon.core.main.TestCaseExecutor.accessMainPhase(TestCaseExecutor.java:360)
	at com.kms.katalon.core.main.TestCaseExecutor.execute(TestCaseExecutor.java:255)
	at com.kms.katalon.core.main.TestSuiteExecutor.accessTestCaseMainPhase(TestSuiteExecutor.java:203)
	at com.kms.katalon.core.main.TestSuiteExecutor.accessTestSuiteMainPhase(TestSuiteExecutor.java:152)
	at com.kms.katalon.core.main.TestSuiteExecutor.execute(TestSuiteExecutor.java:95)
	at com.kms.katalon.core.main.TestCaseMain.startTestSuite(TestCaseMain.java:157)
	at com.kms.katalon.core.main.TestCaseMain$startTestSuite$0.call(Unknown Source)
	at TempTestSuite1622128062646.run(TempTestSuite1622128062646.groovy:39)
Caused by: java.lang.IllegalArgumentException: Object is null
	at com.kms.katalon.core.helper.KeywordHelper.checkTestObjectParameter(KeywordHelper.java:33)
	at com.kms.katalon.core.webui.keyword.builtin.ClickKeyword$_click_closure1.doCall(ClickKeyword.groovy:64)
	at com.kms.katalon.core.webui.keyword.builtin.ClickKeyword$_click_closure1.call(ClickKeyword.groovy)
	at com.kms.katalon.core.webui.keyword.internal.WebUIKeywordMain.runKeyword(WebUIKeywordMain.groovy:20)
	at com.kms.katalon.core.webui.keyword.builtin.ClickKeyword.click(ClickKeyword.groovy:75)
	at com.kms.katalon.core.webui.keyword.builtin.ClickKeyword.execute(ClickKeyword.groovy:42)
	at com.kms.katalon.core.keyword.internal.KeywordExecutor.executeKeywordForPlatform(KeywordExecutor.groovy:73)
	at com.kms.katalon.core.webui.keyword.WebUiBuiltInKeywords.click(WebUiBuiltInKeywords.groovy:619)
	at com.kms.katalon.core.webui.keyword.WebUiBuiltInKeywords$click$3.call(Unknown Source)
	at Script1621520335662.run(Script1621520335662.groovy:27)
	... 13 more
)
[[ATTACHMENT|E:\\Tai lieu hoc\\Nam 7\\HK2\\New Topics\\Homework 2\\New folder\\Mattermost_Autotesting_2\\Mattermost_AutoTesting\\Reports\\20210527_220742\\1412263\\Run_All_Test_Cases\\20210527_220742\\1622128560175.png]]]]></system-out>
         <system-err><![CDATA[2021-05-27 22:15:40 - [TEST_CASE][FAILED] - Test Cases/1712666/TC13_UpdateTeamName: Test Cases/1712666/TC13_UpdateTeamName FAILED.
Reason:
com.kms.katalon.core.exception.StepFailedException: Unable to click on object
	at com.kms.katalon.core.webui.keyword.internal.WebUIKeywordMain.stepFailed(WebUIKeywordMain.groovy:64)
	at com.kms.katalon.core.webui.keyword.internal.WebUIKeywordMain.runKeyword(WebUIKeywordMain.groovy:26)
	at com.kms.katalon.core.webui.keyword.builtin.ClickKeyword.click(ClickKeyword.groovy:75)
	at com.kms.katalon.core.webui.keyword.builtin.ClickKeyword.execute(ClickKeyword.groovy:42)
	at com.kms.katalon.core.keyword.internal.KeywordExecutor.executeKeywordForPlatform(KeywordExecutor.groovy:73)
	at com.kms.katalon.core.webui.keyword.WebUiBuiltInKeywords.click(WebUiBuiltInKeywords.groovy:619)
	at com.kms.katalon.core.webui.keyword.WebUiBuiltInKeywords$click$3.call(Unknown Source)
	at TC13_UpdateTeamName.run(TC13_UpdateTeamName:27)
	at com.kms.katalon.core.main.ScriptEngine.run(ScriptEngine.java:194)
	at com.kms.katalon.core.main.ScriptEngine.runScriptAsRawText(ScriptEngine.java:119)
	at com.kms.katalon.core.main.TestCaseExecutor.runScript(TestCaseExecutor.java:398)
	at com.kms.katalon.core.main.TestCaseExecutor.doExecute(TestCaseExecutor.java:389)
	at com.kms.katalon.core.main.TestCaseExecutor.processExecutionPhase(TestCaseExecutor.java:368)
	at com.kms.katalon.core.main.TestCaseExecutor.accessMainPhase(TestCaseExecutor.java:360)
	at com.kms.katalon.core.main.TestCaseExecutor.execute(TestCaseExecutor.java:255)
	at com.kms.katalon.core.main.TestSuiteExecutor.accessTestCaseMainPhase(TestSuiteExecutor.java:203)
	at com.kms.katalon.core.main.TestSuiteExecutor.accessTestSuiteMainPhase(TestSuiteExecutor.java:152)
	at com.kms.katalon.core.main.TestSuiteExecutor.execute(TestSuiteExecutor.java:95)
	at com.kms.katalon.core.main.TestCaseMain.startTestSuite(TestCaseMain.java:157)
	at com.kms.katalon.core.main.TestCaseMain$startTestSuite$0.call(Unknown Source)
	at TempTestSuite1622128062646.run(TempTestSuite1622128062646.groovy:39)
Caused by: java.lang.IllegalArgumentException: Object is null
	at com.kms.katalon.core.helper.KeywordHelper.checkTestObjectParameter(KeywordHelper.java:33)
	at com.kms.katalon.core.webui.keyword.builtin.ClickKeyword$_click_closure1.doCall(ClickKeyword.groovy:64)
	at com.kms.katalon.core.webui.keyword.builtin.ClickKeyword$_click_closure1.call(ClickKeyword.groovy)
	at com.kms.katalon.core.webui.keyword.internal.WebUIKeywordMain.runKeyword(WebUIKeywordMain.groovy:20)
	... 19 more]]></system-err>
      </testcase>
      <testcase name="Test Cases/1712666/TC14_UpdateTeamDescription" time="22.771" classname="Test Cases/1712666/TC14_UpdateTeamDescription" status="FAILED">
         <failure type="FAILED" message="Test Cases/1712666/TC14_UpdateTeamDescription FAILED.
Reason:
com.kms.katalon.core.exception.StepFailedException: Unable to click on object
	at com.kms.katalon.core.webui.keyword.internal.WebUIKeywordMain.stepFailed(WebUIKeywordMain.groovy:64)
	at com.kms.katalon.core.webui.keyword.internal.WebUIKeywordMain.runKeyword(WebUIKeywordMain.groovy:26)
	at com.kms.katalon.core.webui.keyword.builtin.ClickKeyword.click(ClickKeyword.groovy:75)
	at com.kms.katalon.core.webui.keyword.builtin.ClickKeyword.execute(ClickKeyword.groovy:42)
	at com.kms.katalon.core.keyword.internal.KeywordExecutor.executeKeywordForPlatform(KeywordExecutor.groovy:73)
	at com.kms.katalon.core.webui.keyword.WebUiBuiltInKeywords.click(WebUiBuiltInKeywords.groovy:619)
	at com.kms.katalon.core.webui.keyword.WebUiBuiltInKeywords$click$3.call(Unknown Source)
	at TC14_UpdateTeamDescription.run(TC14_UpdateTeamDescription:27)
	at com.kms.katalon.core.main.ScriptEngine.run(ScriptEngine.java:194)
	at com.kms.katalon.core.main.ScriptEngine.runScriptAsRawText(ScriptEngine.java:119)
	at com.kms.katalon.core.main.TestCaseExecutor.runScript(TestCaseExecutor.java:398)
	at com.kms.katalon.core.main.TestCaseExecutor.doExecute(TestCaseExecutor.java:389)
	at com.kms.katalon.core.main.TestCaseExecutor.processExecutionPhase(TestCaseExecutor.java:368)
	at com.kms.katalon.core.main.TestCaseExecutor.accessMainPhase(TestCaseExecutor.java:360)
	at com.kms.katalon.core.main.TestCaseExecutor.execute(TestCaseExecutor.java:255)
	at com.kms.katalon.core.main.TestSuiteExecutor.accessTestCaseMainPhase(TestSuiteExecutor.java:203)
	at com.kms.katalon.core.main.TestSuiteExecutor.accessTestSuiteMainPhase(TestSuiteExecutor.java:152)
	at com.kms.katalon.core.main.TestSuiteExecutor.execute(TestSuiteExecutor.java:95)
	at com.kms.katalon.core.main.TestCaseMain.startTestSuite(TestCaseMain.java:157)
	at com.kms.katalon.core.main.TestCaseMain$startTestSuite$0.call(Unknown Source)
	at TempTestSuite1622128062646.run(TempTestSuite1622128062646.groovy:39)
Caused by: java.lang.IllegalArgumentException: Object is null
	at com.kms.katalon.core.helper.KeywordHelper.checkTestObjectParameter(KeywordHelper.java:33)
	at com.kms.katalon.core.webui.keyword.builtin.ClickKeyword$_click_closure1.doCall(ClickKeyword.groovy:64)
	at com.kms.katalon.core.webui.keyword.builtin.ClickKeyword$_click_closure1.call(ClickKeyword.groovy)
	at com.kms.katalon.core.webui.keyword.internal.WebUIKeywordMain.runKeyword(WebUIKeywordMain.groovy:20)
	... 19 more
"/>
         <system-out><![CDATA[2021-05-27 22:16:00 - [TEST_CASE][FAILED] - Test Cases/1712666/TC14_UpdateTeamDescription: Test Cases/1712666/TC14_UpdateTeamDescription FAILED.
Reason:
com.kms.katalon.core.exception.StepFailedException: Unable to click on object
	at com.kms.katalon.core.webui.keyword.internal.WebUIKeywordMain.stepFailed(WebUIKeywordMain.groovy:64)
	at com.kms.katalon.core.webui.keyword.internal.WebUIKeywordMain.runKeyword(WebUIKeywordMain.groovy:26)
	at com.kms.katalon.core.webui.keyword.builtin.ClickKeyword.click(ClickKeyword.groovy:75)
	at com.kms.katalon.core.webui.keyword.builtin.ClickKeyword.execute(ClickKeyword.groovy:42)
	at com.kms.katalon.core.keyword.internal.KeywordExecutor.executeKeywordForPlatform(KeywordExecutor.groovy:73)
	at com.kms.katalon.core.webui.keyword.WebUiBuiltInKeywords.click(WebUiBuiltInKeywords.groovy:619)
	at com.kms.katalon.core.webui.keyword.WebUiBuiltInKeywords$click$3.call(Unknown Source)
	at TC14_UpdateTeamDescription.run(TC14_UpdateTeamDescription:27)
	at com.kms.katalon.core.main.ScriptEngine.run(ScriptEngine.java:194)
	at com.kms.katalon.core.main.ScriptEngine.runScriptAsRawText(ScriptEngine.java:119)
	at com.kms.katalon.core.main.TestCaseExecutor.runScript(TestCaseExecutor.java:398)
	at com.kms.katalon.core.main.TestCaseExecutor.doExecute(TestCaseExecutor.java:389)
	at com.kms.katalon.core.main.TestCaseExecutor.processExecutionPhase(TestCaseExecutor.java:368)
	at com.kms.katalon.core.main.TestCaseExecutor.accessMainPhase(TestCaseExecutor.java:360)
	at com.kms.katalon.core.main.TestCaseExecutor.execute(TestCaseExecutor.java:255)
	at com.kms.katalon.core.main.TestSuiteExecutor.accessTestCaseMainPhase(TestSuiteExecutor.java:203)
	at com.kms.katalon.core.main.TestSuiteExecutor.accessTestSuiteMainPhase(TestSuiteExecutor.java:152)
	at com.kms.katalon.core.main.TestSuiteExecutor.execute(TestSuiteExecutor.java:95)
	at com.kms.katalon.core.main.TestCaseMain.startTestSuite(TestCaseMain.java:157)
	at com.kms.katalon.core.main.TestCaseMain$startTestSuite$0.call(Unknown Source)
	at TempTestSuite1622128062646.run(TempTestSuite1622128062646.groovy:39)
Caused by: java.lang.IllegalArgumentException: Object is null
	at com.kms.katalon.core.helper.KeywordHelper.checkTestObjectParameter(KeywordHelper.java:33)
	at com.kms.katalon.core.webui.keyword.builtin.ClickKeyword$_click_closure1.doCall(ClickKeyword.groovy:64)
	at com.kms.katalon.core.webui.keyword.builtin.ClickKeyword$_click_closure1.call(ClickKeyword.groovy)
	at com.kms.katalon.core.webui.keyword.internal.WebUIKeywordMain.runKeyword(WebUIKeywordMain.groovy:20)
	... 19 more


2021-05-27 22:16:01 - [TEST_STEP][PASSED] - openBrowser(""): Browser is opened with url: ''

2021-05-27 22:16:01 - [MESSAGE][WARNING] - A browser is already opened. Closing browser and opening a new one

2021-05-27 22:16:08 - [MESSAGE][INFO] - Starting 'Chrome' driver

2021-05-27 22:16:08 - [MESSAGE][INFO] - Action delay is set to 0 milliseconds

2021-05-27 22:16:11 - [MESSAGE][PASSED] - Browser is opened with url: ''

2021-05-27 22:16:11 - [TEST_STEP][PASSED] - navigateToUrl("https://mattermostwebapp.herokuapp.com/"): Navigate to 'https://mattermostwebapp.herokuapp.com/' successfully

2021-05-27 22:16:15 - [MESSAGE][PASSED] - Navigate to 'https://mattermostwebapp.herokuapp.com/' successfully

2021-05-27 22:16:15 - [TEST_STEP][PASSED] - callTestCase(findTestCase("1712666/CommonTC/CTC_Login"), ["var_username":"phuc", "var_password":"CSt51UwWECc="]): Call Test Case 'Test Cases/1712666/CommonTC/CTC_Login' successfully

2021-05-27 22:16:15 - [TEST_CASE][PASSED] - Test Cases/1712666/CommonTC/CTC_Login: Test Cases/1712666/CommonTC/CTC_Login

2021-05-27 22:16:15 - [TEST_STEP][PASSED] - setText(findTestObject("Object Repository/1412263_Page_Mattermost/input_All team communication in one place, _dcc84b"), var_username): Text 'phuc' is set on object 'Object Repository/1412263_Page_Mattermost/input_All team communication in one place, _dcc84b'

2021-05-27 22:16:21 - [MESSAGE][PASSED] - Text 'phuc' is set on object 'Object Repository/1412263_Page_Mattermost/input_All team communication in one place, _dcc84b'

2021-05-27 22:16:21 - [TEST_STEP][PASSED] - setEncryptedText(findTestObject("Object Repository/1412263_Page_Mattermost/input_All team communication in one place, _a3edc6"), var_password): Text ****** has been set on object 'Object Repository/1412263_Page_Mattermost/input_All team communication in one place, _a3edc6'

2021-05-27 22:16:22 - [MESSAGE][PASSED] - Text ****** has been set on object 'Object Repository/1412263_Page_Mattermost/input_All team communication in one place, _a3edc6'

2021-05-27 22:16:22 - [TEST_STEP][PASSED] - click(findTestObject("Object Repository/1412263_Page_Mattermost/span_Sign in")): Object: 'Object Repository/1412263_Page_Mattermost/span_Sign in' is clicked on

2021-05-27 22:16:23 - [MESSAGE][PASSED] - Object: 'Object Repository/1412263_Page_Mattermost/span_Sign in' is clicked on

2021-05-27 22:16:23 - [MESSAGE][PASSED] - Call Test Case 'Test Cases/1712666/CommonTC/CTC_Login' successfully

2021-05-27 22:16:23 - [TEST_STEP][FAILED] - click(findTestObject("Object Repository/Page_Mattermost/button_Sign in (1)")): Unable to click on object (Root cause: com.kms.katalon.core.exception.StepFailedException: Unable to click on object
	at com.kms.katalon.core.webui.keyword.internal.WebUIKeywordMain.stepFailed(WebUIKeywordMain.groovy:64)
	at com.kms.katalon.core.webui.keyword.internal.WebUIKeywordMain.runKeyword(WebUIKeywordMain.groovy:26)
	at com.kms.katalon.core.webui.keyword.builtin.ClickKeyword.click(ClickKeyword.groovy:75)
	at com.kms.katalon.core.webui.keyword.builtin.ClickKeyword.execute(ClickKeyword.groovy:42)
	at com.kms.katalon.core.keyword.internal.KeywordExecutor.executeKeywordForPlatform(KeywordExecutor.groovy:73)
	at com.kms.katalon.core.webui.keyword.WebUiBuiltInKeywords.click(WebUiBuiltInKeywords.groovy:619)
	at com.kms.katalon.core.webui.keyword.WebUiBuiltInKeywords$click$3.call(Unknown Source)
	at TC14_UpdateTeamDescription.run(TC14_UpdateTeamDescription:27)
	at com.kms.katalon.core.main.ScriptEngine.run(ScriptEngine.java:194)
	at com.kms.katalon.core.main.ScriptEngine.runScriptAsRawText(ScriptEngine.java:119)
	at com.kms.katalon.core.main.TestCaseExecutor.runScript(TestCaseExecutor.java:398)
	at com.kms.katalon.core.main.TestCaseExecutor.doExecute(TestCaseExecutor.java:389)
	at com.kms.katalon.core.main.TestCaseExecutor.processExecutionPhase(TestCaseExecutor.java:368)
	at com.kms.katalon.core.main.TestCaseExecutor.accessMainPhase(TestCaseExecutor.java:360)
	at com.kms.katalon.core.main.TestCaseExecutor.execute(TestCaseExecutor.java:255)
	at com.kms.katalon.core.main.TestSuiteExecutor.accessTestCaseMainPhase(TestSuiteExecutor.java:203)
	at com.kms.katalon.core.main.TestSuiteExecutor.accessTestSuiteMainPhase(TestSuiteExecutor.java:152)
	at com.kms.katalon.core.main.TestSuiteExecutor.execute(TestSuiteExecutor.java:95)
	at com.kms.katalon.core.main.TestCaseMain.startTestSuite(TestCaseMain.java:157)
	at com.kms.katalon.core.main.TestCaseMain$startTestSuite$0.call(Unknown Source)
	at TempTestSuite1622128062646.run(TempTestSuite1622128062646.groovy:39)
Caused by: java.lang.IllegalArgumentException: Object is null
	at com.kms.katalon.core.helper.KeywordHelper.checkTestObjectParameter(KeywordHelper.java:33)
	at com.kms.katalon.core.webui.keyword.builtin.ClickKeyword$_click_closure1.doCall(ClickKeyword.groovy:64)
	at com.kms.katalon.core.webui.keyword.builtin.ClickKeyword$_click_closure1.call(ClickKeyword.groovy)
	at com.kms.katalon.core.webui.keyword.internal.WebUIKeywordMain.runKeyword(WebUIKeywordMain.groovy:20)
	at com.kms.katalon.core.webui.keyword.builtin.ClickKeyword.click(ClickKeyword.groovy:75)
	at com.kms.katalon.core.webui.keyword.builtin.ClickKeyword.execute(ClickKeyword.groovy:42)
	at com.kms.katalon.core.keyword.internal.KeywordExecutor.executeKeywordForPlatform(KeywordExecutor.groovy:73)
	at com.kms.katalon.core.webui.keyword.WebUiBuiltInKeywords.click(WebUiBuiltInKeywords.groovy:619)
	at com.kms.katalon.core.webui.keyword.WebUiBuiltInKeywords$click$3.call(Unknown Source)
	at Script1621522343583.run(Script1621522343583.groovy:27)
	... 13 more
)

2021-05-27 22:16:23 - [MESSAGE][WARNING] - Test object with id 'Object Repository/Page_Mattermost/button_Sign in (1)' does not exist

2021-05-27 22:16:23 - [MESSAGE][WARNING] - Test object with id 'Object Repository/' does not exist

2021-05-27 22:16:23 - [MESSAGE][FAILED] - Unable to click on object (Root cause: com.kms.katalon.core.exception.StepFailedException: Unable to click on object
	at com.kms.katalon.core.webui.keyword.internal.WebUIKeywordMain.stepFailed(WebUIKeywordMain.groovy:64)
	at com.kms.katalon.core.webui.keyword.internal.WebUIKeywordMain.runKeyword(WebUIKeywordMain.groovy:26)
	at com.kms.katalon.core.webui.keyword.builtin.ClickKeyword.click(ClickKeyword.groovy:75)
	at com.kms.katalon.core.webui.keyword.builtin.ClickKeyword.execute(ClickKeyword.groovy:42)
	at com.kms.katalon.core.keyword.internal.KeywordExecutor.executeKeywordForPlatform(KeywordExecutor.groovy:73)
	at com.kms.katalon.core.webui.keyword.WebUiBuiltInKeywords.click(WebUiBuiltInKeywords.groovy:619)
	at com.kms.katalon.core.webui.keyword.WebUiBuiltInKeywords$click$3.call(Unknown Source)
	at TC14_UpdateTeamDescription.run(TC14_UpdateTeamDescription:27)
	at com.kms.katalon.core.main.ScriptEngine.run(ScriptEngine.java:194)
	at com.kms.katalon.core.main.ScriptEngine.runScriptAsRawText(ScriptEngine.java:119)
	at com.kms.katalon.core.main.TestCaseExecutor.runScript(TestCaseExecutor.java:398)
	at com.kms.katalon.core.main.TestCaseExecutor.doExecute(TestCaseExecutor.java:389)
	at com.kms.katalon.core.main.TestCaseExecutor.processExecutionPhase(TestCaseExecutor.java:368)
	at com.kms.katalon.core.main.TestCaseExecutor.accessMainPhase(TestCaseExecutor.java:360)
	at com.kms.katalon.core.main.TestCaseExecutor.execute(TestCaseExecutor.java:255)
	at com.kms.katalon.core.main.TestSuiteExecutor.accessTestCaseMainPhase(TestSuiteExecutor.java:203)
	at com.kms.katalon.core.main.TestSuiteExecutor.accessTestSuiteMainPhase(TestSuiteExecutor.java:152)
	at com.kms.katalon.core.main.TestSuiteExecutor.execute(TestSuiteExecutor.java:95)
	at com.kms.katalon.core.main.TestCaseMain.startTestSuite(TestCaseMain.java:157)
	at com.kms.katalon.core.main.TestCaseMain$startTestSuite$0.call(Unknown Source)
	at TempTestSuite1622128062646.run(TempTestSuite1622128062646.groovy:39)
Caused by: java.lang.IllegalArgumentException: Object is null
	at com.kms.katalon.core.helper.KeywordHelper.checkTestObjectParameter(KeywordHelper.java:33)
	at com.kms.katalon.core.webui.keyword.builtin.ClickKeyword$_click_closure1.doCall(ClickKeyword.groovy:64)
	at com.kms.katalon.core.webui.keyword.builtin.ClickKeyword$_click_closure1.call(ClickKeyword.groovy)
	at com.kms.katalon.core.webui.keyword.internal.WebUIKeywordMain.runKeyword(WebUIKeywordMain.groovy:20)
	at com.kms.katalon.core.webui.keyword.builtin.ClickKeyword.click(ClickKeyword.groovy:75)
	at com.kms.katalon.core.webui.keyword.builtin.ClickKeyword.execute(ClickKeyword.groovy:42)
	at com.kms.katalon.core.keyword.internal.KeywordExecutor.executeKeywordForPlatform(KeywordExecutor.groovy:73)
	at com.kms.katalon.core.webui.keyword.WebUiBuiltInKeywords.click(WebUiBuiltInKeywords.groovy:619)
	at com.kms.katalon.core.webui.keyword.WebUiBuiltInKeywords$click$3.call(Unknown Source)
	at Script1621522343583.run(Script1621522343583.groovy:27)
	... 13 more
)
[[ATTACHMENT|E:\\Tai lieu hoc\\Nam 7\\HK2\\New Topics\\Homework 2\\New folder\\Mattermost_Autotesting_2\\Mattermost_AutoTesting\\Reports\\20210527_220742\\1412263\\Run_All_Test_Cases\\20210527_220742\\1622128583048.png]]]]></system-out>
         <system-err><![CDATA[2021-05-27 22:16:00 - [TEST_CASE][FAILED] - Test Cases/1712666/TC14_UpdateTeamDescription: Test Cases/1712666/TC14_UpdateTeamDescription FAILED.
Reason:
com.kms.katalon.core.exception.StepFailedException: Unable to click on object
	at com.kms.katalon.core.webui.keyword.internal.WebUIKeywordMain.stepFailed(WebUIKeywordMain.groovy:64)
	at com.kms.katalon.core.webui.keyword.internal.WebUIKeywordMain.runKeyword(WebUIKeywordMain.groovy:26)
	at com.kms.katalon.core.webui.keyword.builtin.ClickKeyword.click(ClickKeyword.groovy:75)
	at com.kms.katalon.core.webui.keyword.builtin.ClickKeyword.execute(ClickKeyword.groovy:42)
	at com.kms.katalon.core.keyword.internal.KeywordExecutor.executeKeywordForPlatform(KeywordExecutor.groovy:73)
	at com.kms.katalon.core.webui.keyword.WebUiBuiltInKeywords.click(WebUiBuiltInKeywords.groovy:619)
	at com.kms.katalon.core.webui.keyword.WebUiBuiltInKeywords$click$3.call(Unknown Source)
	at TC14_UpdateTeamDescription.run(TC14_UpdateTeamDescription:27)
	at com.kms.katalon.core.main.ScriptEngine.run(ScriptEngine.java:194)
	at com.kms.katalon.core.main.ScriptEngine.runScriptAsRawText(ScriptEngine.java:119)
	at com.kms.katalon.core.main.TestCaseExecutor.runScript(TestCaseExecutor.java:398)
	at com.kms.katalon.core.main.TestCaseExecutor.doExecute(TestCaseExecutor.java:389)
	at com.kms.katalon.core.main.TestCaseExecutor.processExecutionPhase(TestCaseExecutor.java:368)
	at com.kms.katalon.core.main.TestCaseExecutor.accessMainPhase(TestCaseExecutor.java:360)
	at com.kms.katalon.core.main.TestCaseExecutor.execute(TestCaseExecutor.java:255)
	at com.kms.katalon.core.main.TestSuiteExecutor.accessTestCaseMainPhase(TestSuiteExecutor.java:203)
	at com.kms.katalon.core.main.TestSuiteExecutor.accessTestSuiteMainPhase(TestSuiteExecutor.java:152)
	at com.kms.katalon.core.main.TestSuiteExecutor.execute(TestSuiteExecutor.java:95)
	at com.kms.katalon.core.main.TestCaseMain.startTestSuite(TestCaseMain.java:157)
	at com.kms.katalon.core.main.TestCaseMain$startTestSuite$0.call(Unknown Source)
	at TempTestSuite1622128062646.run(TempTestSuite1622128062646.groovy:39)
Caused by: java.lang.IllegalArgumentException: Object is null
	at com.kms.katalon.core.helper.KeywordHelper.checkTestObjectParameter(KeywordHelper.java:33)
	at com.kms.katalon.core.webui.keyword.builtin.ClickKeyword$_click_closure1.doCall(ClickKeyword.groovy:64)
	at com.kms.katalon.core.webui.keyword.builtin.ClickKeyword$_click_closure1.call(ClickKeyword.groovy)
	at com.kms.katalon.core.webui.keyword.internal.WebUIKeywordMain.runKeyword(WebUIKeywordMain.groovy:20)
	... 19 more]]></system-err>
      </testcase>
      <testcase name="Test Cases/1712666/TC15_JoinTeam" time="28.589" classname="Test Cases/1712666/TC15_JoinTeam" status="PASSED">
         <system-out><![CDATA[2021-05-27 22:16:23 - [TEST_CASE][PASSED] - Test Cases/1712666/TC15_JoinTeam: Test Cases/1712666/TC15_JoinTeam

2021-05-27 22:16:24 - [TEST_STEP][PASSED] - openBrowser(""): Browser is opened with url: ''

2021-05-27 22:16:24 - [MESSAGE][WARNING] - A browser is already opened. Closing browser and opening a new one

2021-05-27 22:16:27 - [MESSAGE][INFO] - Starting 'Chrome' driver

2021-05-27 22:16:27 - [MESSAGE][INFO] - Action delay is set to 0 milliseconds

2021-05-27 22:16:30 - [MESSAGE][PASSED] - Browser is opened with url: ''

2021-05-27 22:16:30 - [TEST_STEP][PASSED] - navigateToUrl("https://mattermostwebapp.herokuapp.com/"): Navigate to 'https://mattermostwebapp.herokuapp.com/' successfully

2021-05-27 22:16:35 - [MESSAGE][PASSED] - Navigate to 'https://mattermostwebapp.herokuapp.com/' successfully

2021-05-27 22:16:35 - [TEST_STEP][PASSED] - callTestCase(findTestCase("1712666/CommonTC/CTC_Login"), ["var_username":"phuc", "var_password":"CSt51UwWECc="]): Call Test Case 'Test Cases/1712666/CommonTC/CTC_Login' successfully

2021-05-27 22:16:35 - [TEST_CASE][PASSED] - Test Cases/1712666/CommonTC/CTC_Login: Test Cases/1712666/CommonTC/CTC_Login

2021-05-27 22:16:35 - [TEST_STEP][PASSED] - setText(findTestObject("Object Repository/1412263_Page_Mattermost/input_All team communication in one place, _dcc84b"), var_username): Text 'phuc' is set on object 'Object Repository/1412263_Page_Mattermost/input_All team communication in one place, _dcc84b'

2021-05-27 22:16:43 - [MESSAGE][PASSED] - Text 'phuc' is set on object 'Object Repository/1412263_Page_Mattermost/input_All team communication in one place, _dcc84b'

2021-05-27 22:16:43 - [TEST_STEP][PASSED] - setEncryptedText(findTestObject("Object Repository/1412263_Page_Mattermost/input_All team communication in one place, _a3edc6"), var_password): Text ****** has been set on object 'Object Repository/1412263_Page_Mattermost/input_All team communication in one place, _a3edc6'

2021-05-27 22:16:44 - [MESSAGE][PASSED] - Text ****** has been set on object 'Object Repository/1412263_Page_Mattermost/input_All team communication in one place, _a3edc6'

2021-05-27 22:16:44 - [TEST_STEP][PASSED] - click(findTestObject("Object Repository/1412263_Page_Mattermost/span_Sign in")): Object: 'Object Repository/1412263_Page_Mattermost/span_Sign in' is clicked on

2021-05-27 22:16:44 - [MESSAGE][PASSED] - Object: 'Object Repository/1412263_Page_Mattermost/span_Sign in' is clicked on

2021-05-27 22:16:44 - [MESSAGE][PASSED] - Call Test Case 'Test Cases/1712666/CommonTC/CTC_Login' successfully

2021-05-27 22:16:44 - [TEST_STEP][PASSED] - click(findTestObject("Object Repository/Page_Town Square - test9 Mattermost/div_phuc")): Object: 'Object Repository/Page_Town Square - test9 Mattermost/div_phuc' is clicked on

2021-05-27 22:16:49 - [MESSAGE][PASSED] - Object: 'Object Repository/Page_Town Square - test9 Mattermost/div_phuc' is clicked on

2021-05-27 22:16:49 - [TEST_STEP][PASSED] - click(findTestObject("Object Repository/Page_Town Square - test9 Mattermost/span_Join Another Team")): Object: 'Object Repository/Page_Town Square - test9 Mattermost/span_Join Another Team' is clicked on

2021-05-27 22:16:49 - [MESSAGE][PASSED] - Object: 'Object Repository/Page_Town Square - test9 Mattermost/span_Join Another Team' is clicked on

2021-05-27 22:16:49 - [TEST_STEP][PASSED] - click(findTestObject("Page_Town Square - test9 Mattermost/span_another")): Object: 'Object Repository/Page_Town Square - test9 Mattermost/span_another' is clicked on

2021-05-27 22:16:51 - [MESSAGE][PASSED] - Object: 'Object Repository/Page_Town Square - test9 Mattermost/span_another' is clicked on

2021-05-27 22:16:51 - [TEST_STEP][PASSED] - closeBrowser(): Browser is closed

2021-05-27 22:16:52 - [MESSAGE][PASSED] - Browser is closed]]></system-out>
         <system-err><![CDATA[]]></system-err>
      </testcase>
      <testcase name="Test Cases/1712666/TC16_LeaveTeam" time="40.262" classname="Test Cases/1712666/TC16_LeaveTeam" status="PASSED">
         <system-out><![CDATA[2021-05-27 22:16:52 - [TEST_CASE][PASSED] - Test Cases/1712666/TC16_LeaveTeam: Test Cases/1712666/TC16_LeaveTeam

2021-05-27 22:16:52 - [TEST_STEP][PASSED] - openBrowser(""): Browser is opened with url: ''

2021-05-27 22:16:52 - [MESSAGE][INFO] - Starting 'Chrome' driver

2021-05-27 22:16:52 - [MESSAGE][INFO] - Action delay is set to 0 milliseconds

2021-05-27 22:16:54 - [MESSAGE][PASSED] - Browser is opened with url: ''

2021-05-27 22:16:54 - [TEST_STEP][PASSED] - navigateToUrl("https://mattermostwebapp.herokuapp.com/"): Navigate to 'https://mattermostwebapp.herokuapp.com/' successfully

2021-05-27 22:16:59 - [MESSAGE][PASSED] - Navigate to 'https://mattermostwebapp.herokuapp.com/' successfully

2021-05-27 22:16:59 - [TEST_STEP][PASSED] - callTestCase(findTestCase("1712666/CommonTC/CTC_Login"), ["var_username":"phuc", "var_password":"CSt51UwWECc="]): Call Test Case 'Test Cases/1712666/CommonTC/CTC_Login' successfully

2021-05-27 22:16:59 - [TEST_CASE][PASSED] - Test Cases/1712666/CommonTC/CTC_Login: Test Cases/1712666/CommonTC/CTC_Login

2021-05-27 22:16:59 - [TEST_STEP][PASSED] - setText(findTestObject("Object Repository/1412263_Page_Mattermost/input_All team communication in one place, _dcc84b"), var_username): Text 'phuc' is set on object 'Object Repository/1412263_Page_Mattermost/input_All team communication in one place, _dcc84b'

2021-05-27 22:17:04 - [MESSAGE][PASSED] - Text 'phuc' is set on object 'Object Repository/1412263_Page_Mattermost/input_All team communication in one place, _dcc84b'

2021-05-27 22:17:04 - [TEST_STEP][PASSED] - setEncryptedText(findTestObject("Object Repository/1412263_Page_Mattermost/input_All team communication in one place, _a3edc6"), var_password): Text ****** has been set on object 'Object Repository/1412263_Page_Mattermost/input_All team communication in one place, _a3edc6'

2021-05-27 22:17:05 - [MESSAGE][PASSED] - Text ****** has been set on object 'Object Repository/1412263_Page_Mattermost/input_All team communication in one place, _a3edc6'

2021-05-27 22:17:05 - [TEST_STEP][PASSED] - click(findTestObject("Object Repository/1412263_Page_Mattermost/span_Sign in")): Object: 'Object Repository/1412263_Page_Mattermost/span_Sign in' is clicked on

2021-05-27 22:17:06 - [MESSAGE][PASSED] - Object: 'Object Repository/1412263_Page_Mattermost/span_Sign in' is clicked on

2021-05-27 22:17:06 - [MESSAGE][PASSED] - Call Test Case 'Test Cases/1712666/CommonTC/CTC_Login' successfully

2021-05-27 22:17:06 - [TEST_STEP][PASSED] - callTestCase(findTestCase("1712666/CommonTC/CTC_JoinTeam"), [:]): Call Test Case 'Test Cases/1712666/CommonTC/CTC_JoinTeam' successfully

2021-05-27 22:17:06 - [TEST_CASE][PASSED] - Test Cases/1712666/CommonTC/CTC_JoinTeam: Test Cases/1712666/CommonTC/CTC_JoinTeam

2021-05-27 22:17:07 - [TEST_STEP][PASSED] - openBrowser(""): Browser is opened with url: ''

2021-05-27 22:17:07 - [MESSAGE][WARNING] - A browser is already opened. Closing browser and opening a new one

2021-05-27 22:17:08 - [MESSAGE][INFO] - Starting 'Chrome' driver

2021-05-27 22:17:08 - [MESSAGE][INFO] - Action delay is set to 0 milliseconds

2021-05-27 22:17:10 - [MESSAGE][PASSED] - Browser is opened with url: ''

2021-05-27 22:17:10 - [TEST_STEP][PASSED] - navigateToUrl("https://mattermostwebapp.herokuapp.com/"): Navigate to 'https://mattermostwebapp.herokuapp.com/' successfully

2021-05-27 22:17:14 - [MESSAGE][PASSED] - Navigate to 'https://mattermostwebapp.herokuapp.com/' successfully

2021-05-27 22:17:14 - [TEST_STEP][PASSED] - callTestCase(findTestCase("1712666/CommonTC/CTC_Login"), ["var_username":"phuc", "var_password":"CSt51UwWECc="]): Call Test Case 'Test Cases/1712666/CommonTC/CTC_Login' successfully

2021-05-27 22:17:14 - [TEST_CASE][PASSED] - Test Cases/1712666/CommonTC/CTC_Login: Test Cases/1712666/CommonTC/CTC_Login

2021-05-27 22:17:14 - [TEST_STEP][PASSED] - setText(findTestObject("Object Repository/1412263_Page_Mattermost/input_All team communication in one place, _dcc84b"), var_username): Text 'phuc' is set on object 'Object Repository/1412263_Page_Mattermost/input_All team communication in one place, _dcc84b'

2021-05-27 22:17:19 - [MESSAGE][PASSED] - Text 'phuc' is set on object 'Object Repository/1412263_Page_Mattermost/input_All team communication in one place, _dcc84b'

2021-05-27 22:17:19 - [TEST_STEP][PASSED] - setEncryptedText(findTestObject("Object Repository/1412263_Page_Mattermost/input_All team communication in one place, _a3edc6"), var_password): Text ****** has been set on object 'Object Repository/1412263_Page_Mattermost/input_All team communication in one place, _a3edc6'

2021-05-27 22:17:20 - [MESSAGE][PASSED] - Text ****** has been set on object 'Object Repository/1412263_Page_Mattermost/input_All team communication in one place, _a3edc6'

2021-05-27 22:17:20 - [TEST_STEP][PASSED] - click(findTestObject("Object Repository/1412263_Page_Mattermost/span_Sign in")): Object: 'Object Repository/1412263_Page_Mattermost/span_Sign in' is clicked on

2021-05-27 22:17:20 - [MESSAGE][PASSED] - Object: 'Object Repository/1412263_Page_Mattermost/span_Sign in' is clicked on

2021-05-27 22:17:20 - [MESSAGE][PASSED] - Call Test Case 'Test Cases/1712666/CommonTC/CTC_Login' successfully

2021-05-27 22:17:20 - [TEST_STEP][PASSED] - click(findTestObject("Object Repository/Page_Town Square - test9 Mattermost/div_phuc")): Object: 'Object Repository/Page_Town Square - test9 Mattermost/div_phuc' is clicked on

2021-05-27 22:17:25 - [MESSAGE][PASSED] - Object: 'Object Repository/Page_Town Square - test9 Mattermost/div_phuc' is clicked on

2021-05-27 22:17:25 - [TEST_STEP][PASSED] - click(findTestObject("Object Repository/Page_Town Square - test9 Mattermost/span_Join Another Team")): Object: 'Object Repository/Page_Town Square - test9 Mattermost/span_Join Another Team' is clicked on

2021-05-27 22:17:26 - [MESSAGE][PASSED] - Object: 'Object Repository/Page_Town Square - test9 Mattermost/span_Join Another Team' is clicked on

2021-05-27 22:17:26 - [TEST_STEP][PASSED] - click(findTestObject("Page_Town Square - test9 Mattermost/span_another")): Object: 'Object Repository/Page_Town Square - test9 Mattermost/span_another' is clicked on

2021-05-27 22:17:27 - [MESSAGE][PASSED] - Object: 'Object Repository/Page_Town Square - test9 Mattermost/span_another' is clicked on

2021-05-27 22:17:27 - [MESSAGE][PASSED] - Call Test Case 'Test Cases/1712666/CommonTC/CTC_JoinTeam' successfully

2021-05-27 22:17:27 - [TEST_STEP][PASSED] - click(findTestObject("Object Repository/Page_Town Square - null Mattermost/div_phuc")): Object: 'Object Repository/Page_Town Square - null Mattermost/div_phuc' is clicked on

2021-05-27 22:17:30 - [MESSAGE][PASSED] - Object: 'Object Repository/Page_Town Square - null Mattermost/div_phuc' is clicked on

2021-05-27 22:17:30 - [TEST_STEP][PASSED] - click(findTestObject("Object Repository/Page_Town Square - null Mattermost/span_Leave Team")): Object: 'Object Repository/Page_Town Square - null Mattermost/span_Leave Team' is clicked on

2021-05-27 22:17:30 - [MESSAGE][PASSED] - Object: 'Object Repository/Page_Town Square - null Mattermost/span_Leave Team' is clicked on

2021-05-27 22:17:30 - [TEST_STEP][PASSED] - click(findTestObject("Object Repository/Page_Town Square - null Mattermost/span_Yes")): Object: 'Object Repository/Page_Town Square - null Mattermost/span_Yes' is clicked on

2021-05-27 22:17:31 - [MESSAGE][PASSED] - Object: 'Object Repository/Page_Town Square - null Mattermost/span_Yes' is clicked on

2021-05-27 22:17:31 - [TEST_STEP][PASSED] - closeBrowser(): Browser is closed

2021-05-27 22:17:32 - [MESSAGE][PASSED] - Browser is closed]]></system-out>
         <system-err><![CDATA[]]></system-err>
      </testcase>
      <testcase name="Test Cases/1712612/TC17_CreatePublicChannels" time="18.513" classname="Test Cases/1712612/TC17_CreatePublicChannels" status="ERROR">
         <error type="ERROR" message="Test Cases/1712612/TC17_CreatePublicChannels FAILED.
Reason:
java.lang.IllegalArgumentException: Cannot find test data with id 'Data Files/1712612/Data TC17 CreatePublicChannels' because (of) 'java.lang.IllegalArgumentException: Test data with id 'Data Files/1712612/Data TC17 CreatePublicChannels' does not exist'
	at com.kms.katalon.core.testdata.TestDataFactory.findTestData(TestDataFactory.java:131)
	at com.kms.katalon.core.testdata.TestDataFactory$findTestData.callStatic(Unknown Source)
	at TC17_CreatePublicChannels.run(TC17_CreatePublicChannels:26)
	at com.kms.katalon.core.main.ScriptEngine.run(ScriptEngine.java:194)
	at com.kms.katalon.core.main.ScriptEngine.runScriptAsRawText(ScriptEngine.java:119)
	at com.kms.katalon.core.main.TestCaseExecutor.runScript(TestCaseExecutor.java:398)
	at com.kms.katalon.core.main.TestCaseExecutor.doExecute(TestCaseExecutor.java:389)
	at com.kms.katalon.core.main.TestCaseExecutor.processExecutionPhase(TestCaseExecutor.java:368)
	at com.kms.katalon.core.main.TestCaseExecutor.accessMainPhase(TestCaseExecutor.java:360)
	at com.kms.katalon.core.main.TestCaseExecutor.execute(TestCaseExecutor.java:255)
	at com.kms.katalon.core.main.TestSuiteExecutor.accessTestCaseMainPhase(TestSuiteExecutor.java:203)
	at com.kms.katalon.core.main.TestSuiteExecutor.accessTestSuiteMainPhase(TestSuiteExecutor.java:152)
	at com.kms.katalon.core.main.TestSuiteExecutor.execute(TestSuiteExecutor.java:95)
	at com.kms.katalon.core.main.TestCaseMain.startTestSuite(TestCaseMain.java:157)
	at com.kms.katalon.core.main.TestCaseMain$startTestSuite$0.call(Unknown Source)
	at TempTestSuite1622128062646.run(TempTestSuite1622128062646.groovy:39)
"/>
         <system-out><![CDATA[2021-05-27 22:17:32 - [TEST_CASE][ERROR] - Test Cases/1712612/TC17_CreatePublicChannels: Test Cases/1712612/TC17_CreatePublicChannels FAILED.
Reason:
java.lang.IllegalArgumentException: Cannot find test data with id 'Data Files/1712612/Data TC17 CreatePublicChannels' because (of) 'java.lang.IllegalArgumentException: Test data with id 'Data Files/1712612/Data TC17 CreatePublicChannels' does not exist'
	at com.kms.katalon.core.testdata.TestDataFactory.findTestData(TestDataFactory.java:131)
	at com.kms.katalon.core.testdata.TestDataFactory$findTestData.callStatic(Unknown Source)
	at TC17_CreatePublicChannels.run(TC17_CreatePublicChannels:26)
	at com.kms.katalon.core.main.ScriptEngine.run(ScriptEngine.java:194)
	at com.kms.katalon.core.main.ScriptEngine.runScriptAsRawText(ScriptEngine.java:119)
	at com.kms.katalon.core.main.TestCaseExecutor.runScript(TestCaseExecutor.java:398)
	at com.kms.katalon.core.main.TestCaseExecutor.doExecute(TestCaseExecutor.java:389)
	at com.kms.katalon.core.main.TestCaseExecutor.processExecutionPhase(TestCaseExecutor.java:368)
	at com.kms.katalon.core.main.TestCaseExecutor.accessMainPhase(TestCaseExecutor.java:360)
	at com.kms.katalon.core.main.TestCaseExecutor.execute(TestCaseExecutor.java:255)
	at com.kms.katalon.core.main.TestSuiteExecutor.accessTestCaseMainPhase(TestSuiteExecutor.java:203)
	at com.kms.katalon.core.main.TestSuiteExecutor.accessTestSuiteMainPhase(TestSuiteExecutor.java:152)
	at com.kms.katalon.core.main.TestSuiteExecutor.execute(TestSuiteExecutor.java:95)
	at com.kms.katalon.core.main.TestCaseMain.startTestSuite(TestCaseMain.java:157)
	at com.kms.katalon.core.main.TestCaseMain$startTestSuite$0.call(Unknown Source)
	at TempTestSuite1622128062646.run(TempTestSuite1622128062646.groovy:39)


2021-05-27 22:17:32 - [TEST_STEP][PASSED] - callTestCase(findTestCase("1712612/CommonTC/TC_OpenPage"), [:], STOP_ON_FAILURE): Call Test Case 'Test Cases/1712612/CommonTC/TC_OpenPage' successfully

2021-05-27 22:17:32 - [TEST_CASE][PASSED] - Test Cases/1712612/CommonTC/TC_OpenPage: Test Cases/1712612/CommonTC/TC_OpenPage

2021-05-27 22:17:33 - [TEST_STEP][PASSED] - openBrowser(""): Browser is opened with url: ''

2021-05-27 22:17:33 - [MESSAGE][INFO] - Starting 'Chrome' driver

2021-05-27 22:17:33 - [MESSAGE][INFO] - Action delay is set to 0 milliseconds

2021-05-27 22:17:35 - [MESSAGE][PASSED] - Browser is opened with url: ''

2021-05-27 22:17:35 - [TEST_STEP][PASSED] - navigateToUrl("https://mattermostwebapp.herokuapp.com/login"): Navigate to 'https://mattermostwebapp.herokuapp.com/login' successfully

2021-05-27 22:17:39 - [MESSAGE][PASSED] - Navigate to 'https://mattermostwebapp.herokuapp.com/login' successfully

2021-05-27 22:17:39 - [MESSAGE][PASSED] - Call Test Case 'Test Cases/1712612/CommonTC/TC_OpenPage' successfully

2021-05-27 22:17:39 - [TEST_STEP][PASSED] - callTestCase(findTestCase("1712612/CommonTC/TC_Login"), [:], STOP_ON_FAILURE): Call Test Case 'Test Cases/1712612/CommonTC/TC_Login' successfully

2021-05-27 22:17:39 - [TEST_CASE][PASSED] - Test Cases/1712612/CommonTC/TC_Login: Test Cases/1712612/CommonTC/TC_Login

2021-05-27 22:17:39 - [TEST_STEP][PASSED] - verifyElementVisible(findTestObject("Object Repository/1712612_Mattermost Object/Page_Mattermost/input_login_username"), STOP_ON_FAILURE): Object 'Object Repository/1712612_Mattermost Object/Page_Mattermost/input_login_username' is visible

2021-05-27 22:17:43 - [MESSAGE][PASSED] - Object 'Object Repository/1712612_Mattermost Object/Page_Mattermost/input_login_username' is visible

2021-05-27 22:17:43 - [TEST_STEP][PASSED] - verifyElementVisible(findTestObject("Object Repository/1712612_Mattermost Object/Page_Mattermost/input_login_password"), STOP_ON_FAILURE): Object 'Object Repository/1712612_Mattermost Object/Page_Mattermost/input_login_password' is visible

2021-05-27 22:17:44 - [MESSAGE][PASSED] - Object 'Object Repository/1712612_Mattermost Object/Page_Mattermost/input_login_password' is visible

2021-05-27 22:17:44 - [TEST_STEP][PASSED] - setText(findTestObject("Object Repository/1712612_Mattermost Object/Page_Mattermost/input_login_username"), "nghi_tran"): Text 'nghi_tran' is set on object 'Object Repository/1712612_Mattermost Object/Page_Mattermost/input_login_username'

2021-05-27 22:17:45 - [MESSAGE][PASSED] - Text 'nghi_tran' is set on object 'Object Repository/1712612_Mattermost Object/Page_Mattermost/input_login_username'

2021-05-27 22:17:45 - [TEST_STEP][PASSED] - setEncryptedText(findTestObject("Object Repository/1712612_Mattermost Object/Page_Mattermost/input_login_password"), "KBlHou+hFmnFUOUwxwboiw=="): Text ****** has been set on object 'Object Repository/1712612_Mattermost Object/Page_Mattermost/input_login_password'

2021-05-27 22:17:45 - [MESSAGE][PASSED] - Text ****** has been set on object 'Object Repository/1712612_Mattermost Object/Page_Mattermost/input_login_password'

2021-05-27 22:17:45 - [TEST_STEP][PASSED] - click(findTestObject("Object Repository/1712612_Mattermost Object/Page_Mattermost/button_Sign in")): Object: 'Object Repository/1712612_Mattermost Object/Page_Mattermost/button_Sign in' is clicked on

2021-05-27 22:17:46 - [MESSAGE][PASSED] - Object: 'Object Repository/1712612_Mattermost Object/Page_Mattermost/button_Sign in' is clicked on

2021-05-27 22:17:46 - [TEST_STEP][PASSED] - verifyElementVisible(findTestObject("Object Repository/1712612_Mattermost Object/Page_Town Square - another Mattermost/img__Avatar Avatar-lg"), STOP_ON_FAILURE): Object 'Object Repository/1712612_Mattermost Object/Page_Town Square - another Mattermost/img__Avatar Avatar-lg' is visible

2021-05-27 22:17:50 - [MESSAGE][PASSED] - Object 'Object Repository/1712612_Mattermost Object/Page_Town Square - another Mattermost/img__Avatar Avatar-lg' is visible

2021-05-27 22:17:50 - [MESSAGE][PASSED] - Call Test Case 'Test Cases/1712612/CommonTC/TC_Login' successfully

2021-05-27 22:17:50 - [TEST_STEP][PASSED] - navigateToUrl("https://mattermostwebapp.herokuapp.com/test-1712612/channels/town-square"): Navigate to 'https://mattermostwebapp.herokuapp.com/test-1712612/channels/town-square' successfully

2021-05-27 22:17:50 - [MESSAGE][PASSED] - Navigate to 'https://mattermostwebapp.herokuapp.com/test-1712612/channels/town-square' successfully

2021-05-27 22:17:50 - [TEST_STEP][PASSED] - for ([rowNum = 1, rowNum <= findTestData("Data Files/1712612/Data TC17 CreatePublicChannels").getRowNumbers(), (rowNum++)]): null]]></system-out>
         <system-err><![CDATA[2021-05-27 22:17:32 - [TEST_CASE][ERROR] - Test Cases/1712612/TC17_CreatePublicChannels: Test Cases/1712612/TC17_CreatePublicChannels FAILED.
Reason:
java.lang.IllegalArgumentException: Cannot find test data with id 'Data Files/1712612/Data TC17 CreatePublicChannels' because (of) 'java.lang.IllegalArgumentException: Test data with id 'Data Files/1712612/Data TC17 CreatePublicChannels' does not exist'
	at com.kms.katalon.core.testdata.TestDataFactory.findTestData(TestDataFactory.java:131)
	at com.kms.katalon.core.testdata.TestDataFactory$findTestData.callStatic(Unknown Source)
	at TC17_CreatePublicChannels.run(TC17_CreatePublicChannels:26)
	at com.kms.katalon.core.main.ScriptEngine.run(ScriptEngine.java:194)
	at com.kms.katalon.core.main.ScriptEngine.runScriptAsRawText(ScriptEngine.java:119)
	at com.kms.katalon.core.main.TestCaseExecutor.runScript(TestCaseExecutor.java:398)
	at com.kms.katalon.core.main.TestCaseExecutor.doExecute(TestCaseExecutor.java:389)
	at com.kms.katalon.core.main.TestCaseExecutor.processExecutionPhase(TestCaseExecutor.java:368)
	at com.kms.katalon.core.main.TestCaseExecutor.accessMainPhase(TestCaseExecutor.java:360)
	at com.kms.katalon.core.main.TestCaseExecutor.execute(TestCaseExecutor.java:255)
	at com.kms.katalon.core.main.TestSuiteExecutor.accessTestCaseMainPhase(TestSuiteExecutor.java:203)
	at com.kms.katalon.core.main.TestSuiteExecutor.accessTestSuiteMainPhase(TestSuiteExecutor.java:152)
	at com.kms.katalon.core.main.TestSuiteExecutor.execute(TestSuiteExecutor.java:95)
	at com.kms.katalon.core.main.TestCaseMain.startTestSuite(TestCaseMain.java:157)
	at com.kms.katalon.core.main.TestCaseMain$startTestSuite$0.call(Unknown Source)
	at TempTestSuite1622128062646.run(TempTestSuite1622128062646.groovy:39)]]></system-err>
      </testcase>
      <testcase name="Test Cases/1712612/TC18_CreatePrivateChannels" time="23.591" classname="Test Cases/1712612/TC18_CreatePrivateChannels" status="ERROR">
         <error type="ERROR" message="Test Cases/1712612/TC18_CreatePrivateChannels FAILED.
Reason:
java.lang.IllegalArgumentException: Cannot find test data with id 'Data Files/1712612/Data TC17 CreatePublicChannels' because (of) 'java.lang.IllegalArgumentException: Test data with id 'Data Files/1712612/Data TC17 CreatePublicChannels' does not exist'
	at com.kms.katalon.core.testdata.TestDataFactory.findTestData(TestDataFactory.java:131)
	at com.kms.katalon.core.testdata.TestDataFactory$findTestData.callStatic(Unknown Source)
	at TC18_CreatePrivateChannels.run(TC18_CreatePrivateChannels:26)
	at com.kms.katalon.core.main.ScriptEngine.run(ScriptEngine.java:194)
	at com.kms.katalon.core.main.ScriptEngine.runScriptAsRawText(ScriptEngine.java:119)
	at com.kms.katalon.core.main.TestCaseExecutor.runScript(TestCaseExecutor.java:398)
	at com.kms.katalon.core.main.TestCaseExecutor.doExecute(TestCaseExecutor.java:389)
	at com.kms.katalon.core.main.TestCaseExecutor.processExecutionPhase(TestCaseExecutor.java:368)
	at com.kms.katalon.core.main.TestCaseExecutor.accessMainPhase(TestCaseExecutor.java:360)
	at com.kms.katalon.core.main.TestCaseExecutor.execute(TestCaseExecutor.java:255)
	at com.kms.katalon.core.main.TestSuiteExecutor.accessTestCaseMainPhase(TestSuiteExecutor.java:203)
	at com.kms.katalon.core.main.TestSuiteExecutor.accessTestSuiteMainPhase(TestSuiteExecutor.java:152)
	at com.kms.katalon.core.main.TestSuiteExecutor.execute(TestSuiteExecutor.java:95)
	at com.kms.katalon.core.main.TestCaseMain.startTestSuite(TestCaseMain.java:157)
	at com.kms.katalon.core.main.TestCaseMain$startTestSuite$0.call(Unknown Source)
	at TempTestSuite1622128062646.run(TempTestSuite1622128062646.groovy:39)
"/>
         <system-out><![CDATA[2021-05-27 22:17:50 - [TEST_CASE][ERROR] - Test Cases/1712612/TC18_CreatePrivateChannels: Test Cases/1712612/TC18_CreatePrivateChannels FAILED.
Reason:
java.lang.IllegalArgumentException: Cannot find test data with id 'Data Files/1712612/Data TC17 CreatePublicChannels' because (of) 'java.lang.IllegalArgumentException: Test data with id 'Data Files/1712612/Data TC17 CreatePublicChannels' does not exist'
	at com.kms.katalon.core.testdata.TestDataFactory.findTestData(TestDataFactory.java:131)
	at com.kms.katalon.core.testdata.TestDataFactory$findTestData.callStatic(Unknown Source)
	at TC18_CreatePrivateChannels.run(TC18_CreatePrivateChannels:26)
	at com.kms.katalon.core.main.ScriptEngine.run(ScriptEngine.java:194)
	at com.kms.katalon.core.main.ScriptEngine.runScriptAsRawText(ScriptEngine.java:119)
	at com.kms.katalon.core.main.TestCaseExecutor.runScript(TestCaseExecutor.java:398)
	at com.kms.katalon.core.main.TestCaseExecutor.doExecute(TestCaseExecutor.java:389)
	at com.kms.katalon.core.main.TestCaseExecutor.processExecutionPhase(TestCaseExecutor.java:368)
	at com.kms.katalon.core.main.TestCaseExecutor.accessMainPhase(TestCaseExecutor.java:360)
	at com.kms.katalon.core.main.TestCaseExecutor.execute(TestCaseExecutor.java:255)
	at com.kms.katalon.core.main.TestSuiteExecutor.accessTestCaseMainPhase(TestSuiteExecutor.java:203)
	at com.kms.katalon.core.main.TestSuiteExecutor.accessTestSuiteMainPhase(TestSuiteExecutor.java:152)
	at com.kms.katalon.core.main.TestSuiteExecutor.execute(TestSuiteExecutor.java:95)
	at com.kms.katalon.core.main.TestCaseMain.startTestSuite(TestCaseMain.java:157)
	at com.kms.katalon.core.main.TestCaseMain$startTestSuite$0.call(Unknown Source)
	at TempTestSuite1622128062646.run(TempTestSuite1622128062646.groovy:39)


2021-05-27 22:17:51 - [TEST_STEP][PASSED] - callTestCase(findTestCase("1712612/CommonTC/TC_OpenPage"), [:], STOP_ON_FAILURE): Call Test Case 'Test Cases/1712612/CommonTC/TC_OpenPage' successfully

2021-05-27 22:17:51 - [TEST_CASE][PASSED] - Test Cases/1712612/CommonTC/TC_OpenPage: Test Cases/1712612/CommonTC/TC_OpenPage

2021-05-27 22:17:51 - [TEST_STEP][PASSED] - openBrowser(""): Browser is opened with url: ''

2021-05-27 22:17:51 - [MESSAGE][WARNING] - A browser is already opened. Closing browser and opening a new one

2021-05-27 22:17:52 - [MESSAGE][INFO] - Starting 'Chrome' driver

2021-05-27 22:17:52 - [MESSAGE][INFO] - Action delay is set to 0 milliseconds

2021-05-27 22:17:54 - [MESSAGE][PASSED] - Browser is opened with url: ''

2021-05-27 22:17:54 - [TEST_STEP][PASSED] - navigateToUrl("https://mattermostwebapp.herokuapp.com/login"): Navigate to 'https://mattermostwebapp.herokuapp.com/login' successfully

2021-05-27 22:17:59 - [MESSAGE][PASSED] - Navigate to 'https://mattermostwebapp.herokuapp.com/login' successfully

2021-05-27 22:17:59 - [MESSAGE][PASSED] - Call Test Case 'Test Cases/1712612/CommonTC/TC_OpenPage' successfully

2021-05-27 22:17:59 - [TEST_STEP][PASSED] - callTestCase(findTestCase("1712612/CommonTC/TC_Login"), [:], STOP_ON_FAILURE): Call Test Case 'Test Cases/1712612/CommonTC/TC_Login' successfully

2021-05-27 22:17:59 - [TEST_CASE][PASSED] - Test Cases/1712612/CommonTC/TC_Login: Test Cases/1712612/CommonTC/TC_Login

2021-05-27 22:17:59 - [TEST_STEP][PASSED] - verifyElementVisible(findTestObject("Object Repository/1712612_Mattermost Object/Page_Mattermost/input_login_username"), STOP_ON_FAILURE): Object 'Object Repository/1712612_Mattermost Object/Page_Mattermost/input_login_username' is visible

2021-05-27 22:18:05 - [MESSAGE][PASSED] - Object 'Object Repository/1712612_Mattermost Object/Page_Mattermost/input_login_username' is visible

2021-05-27 22:18:05 - [TEST_STEP][PASSED] - verifyElementVisible(findTestObject("Object Repository/1712612_Mattermost Object/Page_Mattermost/input_login_password"), STOP_ON_FAILURE): Object 'Object Repository/1712612_Mattermost Object/Page_Mattermost/input_login_password' is visible

2021-05-27 22:18:06 - [MESSAGE][PASSED] - Object 'Object Repository/1712612_Mattermost Object/Page_Mattermost/input_login_password' is visible

2021-05-27 22:18:06 - [TEST_STEP][PASSED] - setText(findTestObject("Object Repository/1712612_Mattermost Object/Page_Mattermost/input_login_username"), "nghi_tran"): Text 'nghi_tran' is set on object 'Object Repository/1712612_Mattermost Object/Page_Mattermost/input_login_username'

2021-05-27 22:18:07 - [MESSAGE][PASSED] - Text 'nghi_tran' is set on object 'Object Repository/1712612_Mattermost Object/Page_Mattermost/input_login_username'

2021-05-27 22:18:07 - [TEST_STEP][PASSED] - setEncryptedText(findTestObject("Object Repository/1712612_Mattermost Object/Page_Mattermost/input_login_password"), "KBlHou+hFmnFUOUwxwboiw=="): Text ****** has been set on object 'Object Repository/1712612_Mattermost Object/Page_Mattermost/input_login_password'

2021-05-27 22:18:08 - [MESSAGE][PASSED] - Text ****** has been set on object 'Object Repository/1712612_Mattermost Object/Page_Mattermost/input_login_password'

2021-05-27 22:18:08 - [TEST_STEP][PASSED] - click(findTestObject("Object Repository/1712612_Mattermost Object/Page_Mattermost/button_Sign in")): Object: 'Object Repository/1712612_Mattermost Object/Page_Mattermost/button_Sign in' is clicked on

2021-05-27 22:18:09 - [MESSAGE][PASSED] - Object: 'Object Repository/1712612_Mattermost Object/Page_Mattermost/button_Sign in' is clicked on

2021-05-27 22:18:09 - [TEST_STEP][PASSED] - verifyElementVisible(findTestObject("Object Repository/1712612_Mattermost Object/Page_Town Square - another Mattermost/img__Avatar Avatar-lg"), STOP_ON_FAILURE): Object 'Object Repository/1712612_Mattermost Object/Page_Town Square - another Mattermost/img__Avatar Avatar-lg' is visible

2021-05-27 22:18:13 - [MESSAGE][PASSED] - Object 'Object Repository/1712612_Mattermost Object/Page_Town Square - another Mattermost/img__Avatar Avatar-lg' is visible

2021-05-27 22:18:13 - [MESSAGE][PASSED] - Call Test Case 'Test Cases/1712612/CommonTC/TC_Login' successfully

2021-05-27 22:18:13 - [TEST_STEP][PASSED] - navigateToUrl("https://mattermostwebapp.herokuapp.com/test-1712612/channels/town-square"): Navigate to 'https://mattermostwebapp.herokuapp.com/test-1712612/channels/town-square' successfully

2021-05-27 22:18:14 - [MESSAGE][PASSED] - Navigate to 'https://mattermostwebapp.herokuapp.com/test-1712612/channels/town-square' successfully

2021-05-27 22:18:14 - [TEST_STEP][PASSED] - for ([rowNum = 1, rowNum <= findTestData("Data Files/1712612/Data TC17 CreatePublicChannels").getRowNumbers(), (rowNum++)]): null]]></system-out>
         <system-err><![CDATA[2021-05-27 22:17:50 - [TEST_CASE][ERROR] - Test Cases/1712612/TC18_CreatePrivateChannels: Test Cases/1712612/TC18_CreatePrivateChannels FAILED.
Reason:
java.lang.IllegalArgumentException: Cannot find test data with id 'Data Files/1712612/Data TC17 CreatePublicChannels' because (of) 'java.lang.IllegalArgumentException: Test data with id 'Data Files/1712612/Data TC17 CreatePublicChannels' does not exist'
	at com.kms.katalon.core.testdata.TestDataFactory.findTestData(TestDataFactory.java:131)
	at com.kms.katalon.core.testdata.TestDataFactory$findTestData.callStatic(Unknown Source)
	at TC18_CreatePrivateChannels.run(TC18_CreatePrivateChannels:26)
	at com.kms.katalon.core.main.ScriptEngine.run(ScriptEngine.java:194)
	at com.kms.katalon.core.main.ScriptEngine.runScriptAsRawText(ScriptEngine.java:119)
	at com.kms.katalon.core.main.TestCaseExecutor.runScript(TestCaseExecutor.java:398)
	at com.kms.katalon.core.main.TestCaseExecutor.doExecute(TestCaseExecutor.java:389)
	at com.kms.katalon.core.main.TestCaseExecutor.processExecutionPhase(TestCaseExecutor.java:368)
	at com.kms.katalon.core.main.TestCaseExecutor.accessMainPhase(TestCaseExecutor.java:360)
	at com.kms.katalon.core.main.TestCaseExecutor.execute(TestCaseExecutor.java:255)
	at com.kms.katalon.core.main.TestSuiteExecutor.accessTestCaseMainPhase(TestSuiteExecutor.java:203)
	at com.kms.katalon.core.main.TestSuiteExecutor.accessTestSuiteMainPhase(TestSuiteExecutor.java:152)
	at com.kms.katalon.core.main.TestSuiteExecutor.execute(TestSuiteExecutor.java:95)
	at com.kms.katalon.core.main.TestCaseMain.startTestSuite(TestCaseMain.java:157)
	at com.kms.katalon.core.main.TestCaseMain$startTestSuite$0.call(Unknown Source)
	at TempTestSuite1622128062646.run(TempTestSuite1622128062646.groovy:39)]]></system-err>
      </testcase>
      <testcase name="Test Cases/1712612/TC19_InvitePeopleToChannel" time="58.466" classname="Test Cases/1712612/TC19_InvitePeopleToChannel" status="FAILED">
         <failure type="FAILED" message="Test Cases/1712612/TC19_InvitePeopleToChannel FAILED.
Reason:
com.kms.katalon.core.exception.StepFailedException: Unable to click on object 'Object Repository/1712612_Mattermost Object/Page_Invite people to channel - Test 171261_c46106/div_- abc string (string)_more-modal__actio_2ea070'
	at com.kms.katalon.core.webui.keyword.internal.WebUIKeywordMain.stepFailed(WebUIKeywordMain.groovy:64)
	at com.kms.katalon.core.webui.keyword.internal.WebUIKeywordMain.runKeyword(WebUIKeywordMain.groovy:26)
	at com.kms.katalon.core.webui.keyword.builtin.ClickKeyword.click(ClickKeyword.groovy:75)
	at com.kms.katalon.core.webui.keyword.builtin.ClickKeyword.execute(ClickKeyword.groovy:42)
	at com.kms.katalon.core.keyword.internal.KeywordExecutor.executeKeywordForPlatform(KeywordExecutor.groovy:73)
	at com.kms.katalon.core.webui.keyword.WebUiBuiltInKeywords.click(WebUiBuiltInKeywords.groovy:619)
	at com.kms.katalon.core.webui.keyword.WebUiBuiltInKeywords$click$3.call(Unknown Source)
	at TC19_InvitePeopleToChannel.run(TC19_InvitePeopleToChannel:28)
	at com.kms.katalon.core.main.ScriptEngine.run(ScriptEngine.java:194)
	at com.kms.katalon.core.main.ScriptEngine.runScriptAsRawText(ScriptEngine.java:119)
	at com.kms.katalon.core.main.TestCaseExecutor.runScript(TestCaseExecutor.java:398)
	at com.kms.katalon.core.main.TestCaseExecutor.doExecute(TestCaseExecutor.java:389)
	at com.kms.katalon.core.main.TestCaseExecutor.processExecutionPhase(TestCaseExecutor.java:368)
	at com.kms.katalon.core.main.TestCaseExecutor.accessMainPhase(TestCaseExecutor.java:360)
	at com.kms.katalon.core.main.TestCaseExecutor.execute(TestCaseExecutor.java:255)
	at com.kms.katalon.core.main.TestSuiteExecutor.accessTestCaseMainPhase(TestSuiteExecutor.java:203)
	at com.kms.katalon.core.main.TestSuiteExecutor.accessTestSuiteMainPhase(TestSuiteExecutor.java:152)
	at com.kms.katalon.core.main.TestSuiteExecutor.execute(TestSuiteExecutor.java:95)
	at com.kms.katalon.core.main.TestCaseMain.startTestSuite(TestCaseMain.java:157)
	at com.kms.katalon.core.main.TestCaseMain$startTestSuite$0.call(Unknown Source)
	at TempTestSuite1622128062646.run(TempTestSuite1622128062646.groovy:39)
Caused by: com.kms.katalon.core.webui.exception.WebElementNotFoundException: Web element with id: 'Object Repository/1712612_Mattermost Object/Page_Invite people to channel - Test 171261_c46106/div_- abc string (string)_more-modal__actio_2ea070' located by '//div[@id='multiSelectList']/div/div[2]/div' not found
	at com.kms.katalon.core.webui.common.WebUiCommonHelper.findWebElement(WebUiCommonHelper.java:1368)
	at com.kms.katalon.core.webui.keyword.internal.WebUIAbstractKeyword.findWebElement(WebUIAbstractKeyword.groovy:27)
	at com.kms.katalon.core.webui.keyword.internal.WebUIAbstractKeyword.findWebElement(WebUIAbstractKeyword.groovy:26)
	at com.kms.katalon.core.webui.keyword.builtin.ClickKeyword$_click_closure1.doCall(ClickKeyword.groovy:66)
	at com.kms.katalon.core.webui.keyword.builtin.ClickKeyword$_click_closure1.call(ClickKeyword.groovy)
	at com.kms.katalon.core.webui.keyword.internal.WebUIKeywordMain.runKeyword(WebUIKeywordMain.groovy:20)
	... 19 more
"/>
         <system-out><![CDATA[2021-05-27 22:18:14 - [TEST_CASE][FAILED] - Test Cases/1712612/TC19_InvitePeopleToChannel: Test Cases/1712612/TC19_InvitePeopleToChannel FAILED.
Reason:
com.kms.katalon.core.exception.StepFailedException: Unable to click on object 'Object Repository/1712612_Mattermost Object/Page_Invite people to channel - Test 171261_c46106/div_- abc string (string)_more-modal__actio_2ea070'
	at com.kms.katalon.core.webui.keyword.internal.WebUIKeywordMain.stepFailed(WebUIKeywordMain.groovy:64)
	at com.kms.katalon.core.webui.keyword.internal.WebUIKeywordMain.runKeyword(WebUIKeywordMain.groovy:26)
	at com.kms.katalon.core.webui.keyword.builtin.ClickKeyword.click(ClickKeyword.groovy:75)
	at com.kms.katalon.core.webui.keyword.builtin.ClickKeyword.execute(ClickKeyword.groovy:42)
	at com.kms.katalon.core.keyword.internal.KeywordExecutor.executeKeywordForPlatform(KeywordExecutor.groovy:73)
	at com.kms.katalon.core.webui.keyword.WebUiBuiltInKeywords.click(WebUiBuiltInKeywords.groovy:619)
	at com.kms.katalon.core.webui.keyword.WebUiBuiltInKeywords$click$3.call(Unknown Source)
	at TC19_InvitePeopleToChannel.run(TC19_InvitePeopleToChannel:28)
	at com.kms.katalon.core.main.ScriptEngine.run(ScriptEngine.java:194)
	at com.kms.katalon.core.main.ScriptEngine.runScriptAsRawText(ScriptEngine.java:119)
	at com.kms.katalon.core.main.TestCaseExecutor.runScript(TestCaseExecutor.java:398)
	at com.kms.katalon.core.main.TestCaseExecutor.doExecute(TestCaseExecutor.java:389)
	at com.kms.katalon.core.main.TestCaseExecutor.processExecutionPhase(TestCaseExecutor.java:368)
	at com.kms.katalon.core.main.TestCaseExecutor.accessMainPhase(TestCaseExecutor.java:360)
	at com.kms.katalon.core.main.TestCaseExecutor.execute(TestCaseExecutor.java:255)
	at com.kms.katalon.core.main.TestSuiteExecutor.accessTestCaseMainPhase(TestSuiteExecutor.java:203)
	at com.kms.katalon.core.main.TestSuiteExecutor.accessTestSuiteMainPhase(TestSuiteExecutor.java:152)
	at com.kms.katalon.core.main.TestSuiteExecutor.execute(TestSuiteExecutor.java:95)
	at com.kms.katalon.core.main.TestCaseMain.startTestSuite(TestCaseMain.java:157)
	at com.kms.katalon.core.main.TestCaseMain$startTestSuite$0.call(Unknown Source)
	at TempTestSuite1622128062646.run(TempTestSuite1622128062646.groovy:39)
Caused by: com.kms.katalon.core.webui.exception.WebElementNotFoundException: Web element with id: 'Object Repository/1712612_Mattermost Object/Page_Invite people to channel - Test 171261_c46106/div_- abc string (string)_more-modal__actio_2ea070' located by '//div[@id='multiSelectList']/div/div[2]/div' not found
	at com.kms.katalon.core.webui.common.WebUiCommonHelper.findWebElement(WebUiCommonHelper.java:1368)
	at com.kms.katalon.core.webui.keyword.internal.WebUIAbstractKeyword.findWebElement(WebUIAbstractKeyword.groovy:27)
	at com.kms.katalon.core.webui.keyword.internal.WebUIAbstractKeyword.findWebElement(WebUIAbstractKeyword.groovy:26)
	at com.kms.katalon.core.webui.keyword.builtin.ClickKeyword$_click_closure1.doCall(ClickKeyword.groovy:66)
	at com.kms.katalon.core.webui.keyword.builtin.ClickKeyword$_click_closure1.call(ClickKeyword.groovy)
	at com.kms.katalon.core.webui.keyword.internal.WebUIKeywordMain.runKeyword(WebUIKeywordMain.groovy:20)
	... 19 more


2021-05-27 22:18:15 - [TEST_STEP][PASSED] - callTestCase(findTestCase("1712612/CommonTC/TC_OpenPage"), [:], STOP_ON_FAILURE): Call Test Case 'Test Cases/1712612/CommonTC/TC_OpenPage' successfully

2021-05-27 22:18:15 - [TEST_CASE][PASSED] - Test Cases/1712612/CommonTC/TC_OpenPage: Test Cases/1712612/CommonTC/TC_OpenPage

2021-05-27 22:18:15 - [TEST_STEP][PASSED] - openBrowser(""): Browser is opened with url: ''

2021-05-27 22:18:15 - [MESSAGE][WARNING] - A browser is already opened. Closing browser and opening a new one

2021-05-27 22:18:16 - [MESSAGE][INFO] - Starting 'Chrome' driver

2021-05-27 22:18:16 - [MESSAGE][INFO] - Action delay is set to 0 milliseconds

2021-05-27 22:18:18 - [MESSAGE][PASSED] - Browser is opened with url: ''

2021-05-27 22:18:18 - [TEST_STEP][PASSED] - navigateToUrl("https://mattermostwebapp.herokuapp.com/login"): Navigate to 'https://mattermostwebapp.herokuapp.com/login' successfully

2021-05-27 22:18:23 - [MESSAGE][PASSED] - Navigate to 'https://mattermostwebapp.herokuapp.com/login' successfully

2021-05-27 22:18:23 - [MESSAGE][PASSED] - Call Test Case 'Test Cases/1712612/CommonTC/TC_OpenPage' successfully

2021-05-27 22:18:23 - [TEST_STEP][PASSED] - callTestCase(findTestCase("1712612/CommonTC/TC_Login"), [:], STOP_ON_FAILURE): Call Test Case 'Test Cases/1712612/CommonTC/TC_Login' successfully

2021-05-27 22:18:23 - [TEST_CASE][PASSED] - Test Cases/1712612/CommonTC/TC_Login: Test Cases/1712612/CommonTC/TC_Login

2021-05-27 22:18:23 - [TEST_STEP][PASSED] - verifyElementVisible(findTestObject("Object Repository/1712612_Mattermost Object/Page_Mattermost/input_login_username"), STOP_ON_FAILURE): Object 'Object Repository/1712612_Mattermost Object/Page_Mattermost/input_login_username' is visible

2021-05-27 22:18:28 - [MESSAGE][PASSED] - Object 'Object Repository/1712612_Mattermost Object/Page_Mattermost/input_login_username' is visible

2021-05-27 22:18:28 - [TEST_STEP][PASSED] - verifyElementVisible(findTestObject("Object Repository/1712612_Mattermost Object/Page_Mattermost/input_login_password"), STOP_ON_FAILURE): Object 'Object Repository/1712612_Mattermost Object/Page_Mattermost/input_login_password' is visible

2021-05-27 22:18:28 - [MESSAGE][PASSED] - Object 'Object Repository/1712612_Mattermost Object/Page_Mattermost/input_login_password' is visible

2021-05-27 22:18:28 - [TEST_STEP][PASSED] - setText(findTestObject("Object Repository/1712612_Mattermost Object/Page_Mattermost/input_login_username"), "nghi_tran"): Text 'nghi_tran' is set on object 'Object Repository/1712612_Mattermost Object/Page_Mattermost/input_login_username'

2021-05-27 22:18:29 - [MESSAGE][PASSED] - Text 'nghi_tran' is set on object 'Object Repository/1712612_Mattermost Object/Page_Mattermost/input_login_username'

2021-05-27 22:18:29 - [TEST_STEP][PASSED] - setEncryptedText(findTestObject("Object Repository/1712612_Mattermost Object/Page_Mattermost/input_login_password"), "KBlHou+hFmnFUOUwxwboiw=="): Text ****** has been set on object 'Object Repository/1712612_Mattermost Object/Page_Mattermost/input_login_password'

2021-05-27 22:18:30 - [MESSAGE][PASSED] - Text ****** has been set on object 'Object Repository/1712612_Mattermost Object/Page_Mattermost/input_login_password'

2021-05-27 22:18:30 - [TEST_STEP][PASSED] - click(findTestObject("Object Repository/1712612_Mattermost Object/Page_Mattermost/button_Sign in")): Object: 'Object Repository/1712612_Mattermost Object/Page_Mattermost/button_Sign in' is clicked on

2021-05-27 22:18:31 - [MESSAGE][PASSED] - Object: 'Object Repository/1712612_Mattermost Object/Page_Mattermost/button_Sign in' is clicked on

2021-05-27 22:18:31 - [TEST_STEP][PASSED] - verifyElementVisible(findTestObject("Object Repository/1712612_Mattermost Object/Page_Town Square - another Mattermost/img__Avatar Avatar-lg"), STOP_ON_FAILURE): Object 'Object Repository/1712612_Mattermost Object/Page_Town Square - another Mattermost/img__Avatar Avatar-lg' is visible

2021-05-27 22:18:36 - [MESSAGE][PASSED] - Object 'Object Repository/1712612_Mattermost Object/Page_Town Square - another Mattermost/img__Avatar Avatar-lg' is visible

2021-05-27 22:18:36 - [MESSAGE][PASSED] - Call Test Case 'Test Cases/1712612/CommonTC/TC_Login' successfully

2021-05-27 22:18:36 - [TEST_STEP][PASSED] - navigateToUrl("https://mattermostwebapp.herokuapp.com/test-1712612/channels/invite-people-to-channel"): Navigate to 'https://mattermostwebapp.herokuapp.com/test-1712612/channels/invite-people-to-channel' successfully

2021-05-27 22:18:37 - [MESSAGE][PASSED] - Navigate to 'https://mattermostwebapp.herokuapp.com/test-1712612/channels/invite-people-to-channel' successfully

2021-05-27 22:18:37 - [TEST_STEP][PASSED] - click(findTestObject("Object Repository/1712612_Mattermost Object/Page_Invite people to channel - Test 171261_c46106/button_Invite others to this channel")): Object: 'Object Repository/1712612_Mattermost Object/Page_Invite people to channel - Test 171261_c46106/button_Invite others to this channel' is clicked on

2021-05-27 22:18:41 - [MESSAGE][PASSED] - Object: 'Object Repository/1712612_Mattermost Object/Page_Invite people to channel - Test 171261_c46106/button_Invite others to this channel' is clicked on

2021-05-27 22:18:41 - [TEST_STEP][FAILED] - click(findTestObject("Object Repository/1712612_Mattermost Object/Page_Invite people to channel - Test 171261_c46106/div_- abc string (string)_more-modal__actio_2ea070")): Unable to click on object 'Object Repository/1712612_Mattermost Object/Page_Invite people to channel - Test 171261_c46106/div_- abc string (string)_more-modal__actio_2ea070' (Root cause: com.kms.katalon.core.exception.StepFailedException: Unable to click on object 'Object Repository/1712612_Mattermost Object/Page_Invite people to channel - Test 171261_c46106/div_- abc string (string)_more-modal__actio_2ea070'
	at com.kms.katalon.core.webui.keyword.internal.WebUIKeywordMain.stepFailed(WebUIKeywordMain.groovy:64)
	at com.kms.katalon.core.webui.keyword.internal.WebUIKeywordMain.runKeyword(WebUIKeywordMain.groovy:26)
	at com.kms.katalon.core.webui.keyword.builtin.ClickKeyword.click(ClickKeyword.groovy:75)
	at com.kms.katalon.core.webui.keyword.builtin.ClickKeyword.execute(ClickKeyword.groovy:42)
	at com.kms.katalon.core.keyword.internal.KeywordExecutor.executeKeywordForPlatform(KeywordExecutor.groovy:73)
	at com.kms.katalon.core.webui.keyword.WebUiBuiltInKeywords.click(WebUiBuiltInKeywords.groovy:619)
	at com.kms.katalon.core.webui.keyword.WebUiBuiltInKeywords$click$3.call(Unknown Source)
	at TC19_InvitePeopleToChannel.run(TC19_InvitePeopleToChannel:28)
	at com.kms.katalon.core.main.ScriptEngine.run(ScriptEngine.java:194)
	at com.kms.katalon.core.main.ScriptEngine.runScriptAsRawText(ScriptEngine.java:119)
	at com.kms.katalon.core.main.TestCaseExecutor.runScript(TestCaseExecutor.java:398)
	at com.kms.katalon.core.main.TestCaseExecutor.doExecute(TestCaseExecutor.java:389)
	at com.kms.katalon.core.main.TestCaseExecutor.processExecutionPhase(TestCaseExecutor.java:368)
	at com.kms.katalon.core.main.TestCaseExecutor.accessMainPhase(TestCaseExecutor.java:360)
	at com.kms.katalon.core.main.TestCaseExecutor.execute(TestCaseExecutor.java:255)
	at com.kms.katalon.core.main.TestSuiteExecutor.accessTestCaseMainPhase(TestSuiteExecutor.java:203)
	at com.kms.katalon.core.main.TestSuiteExecutor.accessTestSuiteMainPhase(TestSuiteExecutor.java:152)
	at com.kms.katalon.core.main.TestSuiteExecutor.execute(TestSuiteExecutor.java:95)
	at com.kms.katalon.core.main.TestCaseMain.startTestSuite(TestCaseMain.java:157)
	at com.kms.katalon.core.main.TestCaseMain$startTestSuite$0.call(Unknown Source)
	at TempTestSuite1622128062646.run(TempTestSuite1622128062646.groovy:39)
Caused by: com.kms.katalon.core.webui.exception.WebElementNotFoundException: Web element with id: 'Object Repository/1712612_Mattermost Object/Page_Invite people to channel - Test 171261_c46106/div_- abc string (string)_more-modal__actio_2ea070' located by '//div[@id='multiSelectList']/div/div[2]/div' not found
	at com.kms.katalon.core.webui.common.WebUiCommonHelper.findWebElement(WebUiCommonHelper.java:1368)
	at com.kms.katalon.core.webui.keyword.internal.WebUIAbstractKeyword.findWebElement(WebUIAbstractKeyword.groovy:27)
	at com.kms.katalon.core.webui.keyword.internal.WebUIAbstractKeyword.findWebElement(WebUIAbstractKeyword.groovy:26)
	at com.kms.katalon.core.webui.keyword.builtin.ClickKeyword$_click_closure1.doCall(ClickKeyword.groovy:66)
	at com.kms.katalon.core.webui.keyword.builtin.ClickKeyword$_click_closure1.call(ClickKeyword.groovy)
	at com.kms.katalon.core.webui.keyword.internal.WebUIKeywordMain.runKeyword(WebUIKeywordMain.groovy:20)
	at com.kms.katalon.core.webui.keyword.builtin.ClickKeyword.click(ClickKeyword.groovy:75)
	at com.kms.katalon.core.webui.keyword.builtin.ClickKeyword.execute(ClickKeyword.groovy:42)
	at com.kms.katalon.core.keyword.internal.KeywordExecutor.executeKeywordForPlatform(KeywordExecutor.groovy:73)
	at com.kms.katalon.core.webui.keyword.WebUiBuiltInKeywords.click(WebUiBuiltInKeywords.groovy:619)
	at com.kms.katalon.core.webui.keyword.WebUiBuiltInKeywords$click$3.call(Unknown Source)
	at Script1621599979569.run(Script1621599979569.groovy:28)
	... 13 more
)

2021-05-27 22:19:12 - [MESSAGE][INFO] - Unable to find the element located by 'By.xpath: //div[@id='multiSelectList']/div/div[2]/div'. Please recheck the objects properties to make sure the desired element is located. 

2021-05-27 22:19:12 - [MESSAGE][FAILED] - Unable to click on object 'Object Repository/1712612_Mattermost Object/Page_Invite people to channel - Test 171261_c46106/div_- abc string (string)_more-modal__actio_2ea070' (Root cause: com.kms.katalon.core.exception.StepFailedException: Unable to click on object 'Object Repository/1712612_Mattermost Object/Page_Invite people to channel - Test 171261_c46106/div_- abc string (string)_more-modal__actio_2ea070'
	at com.kms.katalon.core.webui.keyword.internal.WebUIKeywordMain.stepFailed(WebUIKeywordMain.groovy:64)
	at com.kms.katalon.core.webui.keyword.internal.WebUIKeywordMain.runKeyword(WebUIKeywordMain.groovy:26)
	at com.kms.katalon.core.webui.keyword.builtin.ClickKeyword.click(ClickKeyword.groovy:75)
	at com.kms.katalon.core.webui.keyword.builtin.ClickKeyword.execute(ClickKeyword.groovy:42)
	at com.kms.katalon.core.keyword.internal.KeywordExecutor.executeKeywordForPlatform(KeywordExecutor.groovy:73)
	at com.kms.katalon.core.webui.keyword.WebUiBuiltInKeywords.click(WebUiBuiltInKeywords.groovy:619)
	at com.kms.katalon.core.webui.keyword.WebUiBuiltInKeywords$click$3.call(Unknown Source)
	at TC19_InvitePeopleToChannel.run(TC19_InvitePeopleToChannel:28)
	at com.kms.katalon.core.main.ScriptEngine.run(ScriptEngine.java:194)
	at com.kms.katalon.core.main.ScriptEngine.runScriptAsRawText(ScriptEngine.java:119)
	at com.kms.katalon.core.main.TestCaseExecutor.runScript(TestCaseExecutor.java:398)
	at com.kms.katalon.core.main.TestCaseExecutor.doExecute(TestCaseExecutor.java:389)
	at com.kms.katalon.core.main.TestCaseExecutor.processExecutionPhase(TestCaseExecutor.java:368)
	at com.kms.katalon.core.main.TestCaseExecutor.accessMainPhase(TestCaseExecutor.java:360)
	at com.kms.katalon.core.main.TestCaseExecutor.execute(TestCaseExecutor.java:255)
	at com.kms.katalon.core.main.TestSuiteExecutor.accessTestCaseMainPhase(TestSuiteExecutor.java:203)
	at com.kms.katalon.core.main.TestSuiteExecutor.accessTestSuiteMainPhase(TestSuiteExecutor.java:152)
	at com.kms.katalon.core.main.TestSuiteExecutor.execute(TestSuiteExecutor.java:95)
	at com.kms.katalon.core.main.TestCaseMain.startTestSuite(TestCaseMain.java:157)
	at com.kms.katalon.core.main.TestCaseMain$startTestSuite$0.call(Unknown Source)
	at TempTestSuite1622128062646.run(TempTestSuite1622128062646.groovy:39)
Caused by: com.kms.katalon.core.webui.exception.WebElementNotFoundException: Web element with id: 'Object Repository/1712612_Mattermost Object/Page_Invite people to channel - Test 171261_c46106/div_- abc string (string)_more-modal__actio_2ea070' located by '//div[@id='multiSelectList']/div/div[2]/div' not found
	at com.kms.katalon.core.webui.common.WebUiCommonHelper.findWebElement(WebUiCommonHelper.java:1368)
	at com.kms.katalon.core.webui.keyword.internal.WebUIAbstractKeyword.findWebElement(WebUIAbstractKeyword.groovy:27)
	at com.kms.katalon.core.webui.keyword.internal.WebUIAbstractKeyword.findWebElement(WebUIAbstractKeyword.groovy:26)
	at com.kms.katalon.core.webui.keyword.builtin.ClickKeyword$_click_closure1.doCall(ClickKeyword.groovy:66)
	at com.kms.katalon.core.webui.keyword.builtin.ClickKeyword$_click_closure1.call(ClickKeyword.groovy)
	at com.kms.katalon.core.webui.keyword.internal.WebUIKeywordMain.runKeyword(WebUIKeywordMain.groovy:20)
	at com.kms.katalon.core.webui.keyword.builtin.ClickKeyword.click(ClickKeyword.groovy:75)
	at com.kms.katalon.core.webui.keyword.builtin.ClickKeyword.execute(ClickKeyword.groovy:42)
	at com.kms.katalon.core.keyword.internal.KeywordExecutor.executeKeywordForPlatform(KeywordExecutor.groovy:73)
	at com.kms.katalon.core.webui.keyword.WebUiBuiltInKeywords.click(WebUiBuiltInKeywords.groovy:619)
	at com.kms.katalon.core.webui.keyword.WebUiBuiltInKeywords$click$3.call(Unknown Source)
	at Script1621599979569.run(Script1621599979569.groovy:28)
	... 13 more
)
[[ATTACHMENT|E:\\Tai lieu hoc\\Nam 7\\HK2\\New Topics\\Homework 2\\New folder\\Mattermost_Autotesting_2\\Mattermost_AutoTesting\\Reports\\20210527_220742\\1412263\\Run_All_Test_Cases\\20210527_220742\\1622128752764.png]]]]></system-out>
         <system-err><![CDATA[2021-05-27 22:18:14 - [TEST_CASE][FAILED] - Test Cases/1712612/TC19_InvitePeopleToChannel: Test Cases/1712612/TC19_InvitePeopleToChannel FAILED.
Reason:
com.kms.katalon.core.exception.StepFailedException: Unable to click on object 'Object Repository/1712612_Mattermost Object/Page_Invite people to channel - Test 171261_c46106/div_- abc string (string)_more-modal__actio_2ea070'
	at com.kms.katalon.core.webui.keyword.internal.WebUIKeywordMain.stepFailed(WebUIKeywordMain.groovy:64)
	at com.kms.katalon.core.webui.keyword.internal.WebUIKeywordMain.runKeyword(WebUIKeywordMain.groovy:26)
	at com.kms.katalon.core.webui.keyword.builtin.ClickKeyword.click(ClickKeyword.groovy:75)
	at com.kms.katalon.core.webui.keyword.builtin.ClickKeyword.execute(ClickKeyword.groovy:42)
	at com.kms.katalon.core.keyword.internal.KeywordExecutor.executeKeywordForPlatform(KeywordExecutor.groovy:73)
	at com.kms.katalon.core.webui.keyword.WebUiBuiltInKeywords.click(WebUiBuiltInKeywords.groovy:619)
	at com.kms.katalon.core.webui.keyword.WebUiBuiltInKeywords$click$3.call(Unknown Source)
	at TC19_InvitePeopleToChannel.run(TC19_InvitePeopleToChannel:28)
	at com.kms.katalon.core.main.ScriptEngine.run(ScriptEngine.java:194)
	at com.kms.katalon.core.main.ScriptEngine.runScriptAsRawText(ScriptEngine.java:119)
	at com.kms.katalon.core.main.TestCaseExecutor.runScript(TestCaseExecutor.java:398)
	at com.kms.katalon.core.main.TestCaseExecutor.doExecute(TestCaseExecutor.java:389)
	at com.kms.katalon.core.main.TestCaseExecutor.processExecutionPhase(TestCaseExecutor.java:368)
	at com.kms.katalon.core.main.TestCaseExecutor.accessMainPhase(TestCaseExecutor.java:360)
	at com.kms.katalon.core.main.TestCaseExecutor.execute(TestCaseExecutor.java:255)
	at com.kms.katalon.core.main.TestSuiteExecutor.accessTestCaseMainPhase(TestSuiteExecutor.java:203)
	at com.kms.katalon.core.main.TestSuiteExecutor.accessTestSuiteMainPhase(TestSuiteExecutor.java:152)
	at com.kms.katalon.core.main.TestSuiteExecutor.execute(TestSuiteExecutor.java:95)
	at com.kms.katalon.core.main.TestCaseMain.startTestSuite(TestCaseMain.java:157)
	at com.kms.katalon.core.main.TestCaseMain$startTestSuite$0.call(Unknown Source)
	at TempTestSuite1622128062646.run(TempTestSuite1622128062646.groovy:39)
Caused by: com.kms.katalon.core.webui.exception.WebElementNotFoundException: Web element with id: 'Object Repository/1712612_Mattermost Object/Page_Invite people to channel - Test 171261_c46106/div_- abc string (string)_more-modal__actio_2ea070' located by '//div[@id='multiSelectList']/div/div[2]/div' not found
	at com.kms.katalon.core.webui.common.WebUiCommonHelper.findWebElement(WebUiCommonHelper.java:1368)
	at com.kms.katalon.core.webui.keyword.internal.WebUIAbstractKeyword.findWebElement(WebUIAbstractKeyword.groovy:27)
	at com.kms.katalon.core.webui.keyword.internal.WebUIAbstractKeyword.findWebElement(WebUIAbstractKeyword.groovy:26)
	at com.kms.katalon.core.webui.keyword.builtin.ClickKeyword$_click_closure1.doCall(ClickKeyword.groovy:66)
	at com.kms.katalon.core.webui.keyword.builtin.ClickKeyword$_click_closure1.call(ClickKeyword.groovy)
	at com.kms.katalon.core.webui.keyword.internal.WebUIKeywordMain.runKeyword(WebUIKeywordMain.groovy:20)
	... 19 more]]></system-err>
      </testcase>
      <testcase name="Test Cases/1712612/TC20_Update_channel_purpose" time="31.025" classname="Test Cases/1712612/TC20_Update_channel_purpose" status="PASSED">
         <system-out><![CDATA[2021-05-27 22:19:12 - [TEST_CASE][PASSED] - Test Cases/1712612/TC20_Update_channel_purpose: Test Cases/1712612/TC20_Update_channel_purpose

2021-05-27 22:19:13 - [TEST_STEP][PASSED] - callTestCase(findTestCase("1712612/CommonTC/TC_OpenPage"), [:], STOP_ON_FAILURE): Call Test Case 'Test Cases/1712612/CommonTC/TC_OpenPage' successfully

2021-05-27 22:19:13 - [TEST_CASE][PASSED] - Test Cases/1712612/CommonTC/TC_OpenPage: Test Cases/1712612/CommonTC/TC_OpenPage

2021-05-27 22:19:13 - [TEST_STEP][PASSED] - openBrowser(""): Browser is opened with url: ''

2021-05-27 22:19:13 - [MESSAGE][WARNING] - A browser is already opened. Closing browser and opening a new one

2021-05-27 22:19:14 - [MESSAGE][INFO] - Starting 'Chrome' driver

2021-05-27 22:19:15 - [MESSAGE][INFO] - Action delay is set to 0 milliseconds

2021-05-27 22:19:17 - [MESSAGE][PASSED] - Browser is opened with url: ''

2021-05-27 22:19:17 - [TEST_STEP][PASSED] - navigateToUrl("https://mattermostwebapp.herokuapp.com/login"): Navigate to 'https://mattermostwebapp.herokuapp.com/login' successfully

2021-05-27 22:19:21 - [MESSAGE][PASSED] - Navigate to 'https://mattermostwebapp.herokuapp.com/login' successfully

2021-05-27 22:19:21 - [MESSAGE][PASSED] - Call Test Case 'Test Cases/1712612/CommonTC/TC_OpenPage' successfully

2021-05-27 22:19:21 - [TEST_STEP][PASSED] - callTestCase(findTestCase("1712612/CommonTC/TC_Login"), [:], STOP_ON_FAILURE): Call Test Case 'Test Cases/1712612/CommonTC/TC_Login' successfully

2021-05-27 22:19:21 - [TEST_CASE][PASSED] - Test Cases/1712612/CommonTC/TC_Login: Test Cases/1712612/CommonTC/TC_Login

2021-05-27 22:19:21 - [TEST_STEP][PASSED] - verifyElementVisible(findTestObject("Object Repository/1712612_Mattermost Object/Page_Mattermost/input_login_username"), STOP_ON_FAILURE): Object 'Object Repository/1712612_Mattermost Object/Page_Mattermost/input_login_username' is visible

2021-05-27 22:19:26 - [MESSAGE][PASSED] - Object 'Object Repository/1712612_Mattermost Object/Page_Mattermost/input_login_username' is visible

2021-05-27 22:19:26 - [TEST_STEP][PASSED] - verifyElementVisible(findTestObject("Object Repository/1712612_Mattermost Object/Page_Mattermost/input_login_password"), STOP_ON_FAILURE): Object 'Object Repository/1712612_Mattermost Object/Page_Mattermost/input_login_password' is visible

2021-05-27 22:19:27 - [MESSAGE][PASSED] - Object 'Object Repository/1712612_Mattermost Object/Page_Mattermost/input_login_password' is visible

2021-05-27 22:19:27 - [TEST_STEP][PASSED] - setText(findTestObject("Object Repository/1712612_Mattermost Object/Page_Mattermost/input_login_username"), "nghi_tran"): Text 'nghi_tran' is set on object 'Object Repository/1712612_Mattermost Object/Page_Mattermost/input_login_username'

2021-05-27 22:19:28 - [MESSAGE][PASSED] - Text 'nghi_tran' is set on object 'Object Repository/1712612_Mattermost Object/Page_Mattermost/input_login_username'

2021-05-27 22:19:28 - [TEST_STEP][PASSED] - setEncryptedText(findTestObject("Object Repository/1712612_Mattermost Object/Page_Mattermost/input_login_password"), "KBlHou+hFmnFUOUwxwboiw=="): Text ****** has been set on object 'Object Repository/1712612_Mattermost Object/Page_Mattermost/input_login_password'

2021-05-27 22:19:28 - [MESSAGE][PASSED] - Text ****** has been set on object 'Object Repository/1712612_Mattermost Object/Page_Mattermost/input_login_password'

2021-05-27 22:19:28 - [TEST_STEP][PASSED] - click(findTestObject("Object Repository/1712612_Mattermost Object/Page_Mattermost/button_Sign in")): Object: 'Object Repository/1712612_Mattermost Object/Page_Mattermost/button_Sign in' is clicked on

2021-05-27 22:19:29 - [MESSAGE][PASSED] - Object: 'Object Repository/1712612_Mattermost Object/Page_Mattermost/button_Sign in' is clicked on

2021-05-27 22:19:29 - [TEST_STEP][PASSED] - verifyElementVisible(findTestObject("Object Repository/1712612_Mattermost Object/Page_Town Square - another Mattermost/img__Avatar Avatar-lg"), STOP_ON_FAILURE): Object 'Object Repository/1712612_Mattermost Object/Page_Town Square - another Mattermost/img__Avatar Avatar-lg' is visible

2021-05-27 22:19:33 - [MESSAGE][PASSED] - Object 'Object Repository/1712612_Mattermost Object/Page_Town Square - another Mattermost/img__Avatar Avatar-lg' is visible

2021-05-27 22:19:33 - [MESSAGE][PASSED] - Call Test Case 'Test Cases/1712612/CommonTC/TC_Login' successfully

2021-05-27 22:19:33 - [TEST_STEP][PASSED] - navigateToUrl("https://mattermostwebapp.herokuapp.com/test-1712612/channels/update-channel-purpose"): Navigate to 'https://mattermostwebapp.herokuapp.com/test-1712612/channels/update-channel-purpose' successfully

2021-05-27 22:19:34 - [MESSAGE][PASSED] - Navigate to 'https://mattermostwebapp.herokuapp.com/test-1712612/channels/update-channel-purpose' successfully

2021-05-27 22:19:34 - [TEST_STEP][PASSED] - click(findTestObject("Object Repository/1712612_Mattermost Object/Page_Update channel purpose - Test 1712612 _81d6bc/button_Update channel purpose")): Object: 'Object Repository/1712612_Mattermost Object/Page_Update channel purpose - Test 1712612 _81d6bc/button_Update channel purpose' is clicked on

2021-05-27 22:19:37 - [MESSAGE][PASSED] - Object: 'Object Repository/1712612_Mattermost Object/Page_Update channel purpose - Test 1712612 _81d6bc/button_Update channel purpose' is clicked on

2021-05-27 22:19:37 - [TEST_STEP][PASSED] - click(findTestObject("Object Repository/1712612_Mattermost Object/Page_Update channel purpose - Test 1712612 _81d6bc/button_Edit Channel Purpose")): Object: 'Object Repository/1712612_Mattermost Object/Page_Update channel purpose - Test 1712612 _81d6bc/button_Edit Channel Purpose' is clicked on

2021-05-27 22:19:38 - [MESSAGE][PASSED] - Object: 'Object Repository/1712612_Mattermost Object/Page_Update channel purpose - Test 1712612 _81d6bc/button_Edit Channel Purpose' is clicked on

2021-05-27 22:19:38 - [TEST_STEP][PASSED] - click(findTestObject("Object Repository/1712612_Mattermost Object/Page_Update channel purpose - Test 1712612 _81d6bc/div_CloseEdit Purpose for Update channel pu_f30fff")): Object: 'Object Repository/1712612_Mattermost Object/Page_Update channel purpose - Test 1712612 _81d6bc/div_CloseEdit Purpose for Update channel pu_f30fff' is clicked on

2021-05-27 22:19:38 - [MESSAGE][PASSED] - Object: 'Object Repository/1712612_Mattermost Object/Page_Update channel purpose - Test 1712612 _81d6bc/div_CloseEdit Purpose for Update channel pu_f30fff' is clicked on

2021-05-27 22:19:38 - [TEST_STEP][PASSED] - setText(findTestObject("Object Repository/1712612_Mattermost Object/Page_Update channel purpose - Test 1712612 _81d6bc/textarea_This is update channel purpose"), "This is update channel purpose."): Text 'This is update channel purpose.' is set on object 'Object Repository/1712612_Mattermost Object/Page_Update channel purpose - Test 1712612 _81d6bc/textarea_This is update channel purpose'

2021-05-27 22:19:39 - [MESSAGE][PASSED] - Text 'This is update channel purpose.' is set on object 'Object Repository/1712612_Mattermost Object/Page_Update channel purpose - Test 1712612 _81d6bc/textarea_This is update channel purpose'

2021-05-27 22:19:39 - [TEST_STEP][PASSED] - click(findTestObject("Object Repository/1712612_Mattermost Object/Page_Update channel purpose - Test 1712612 _81d6bc/button_Save")): Object: 'Object Repository/1712612_Mattermost Object/Page_Update channel purpose - Test 1712612 _81d6bc/button_Save' is clicked on

2021-05-27 22:19:40 - [MESSAGE][PASSED] - Object: 'Object Repository/1712612_Mattermost Object/Page_Update channel purpose - Test 1712612 _81d6bc/button_Save' is clicked on

2021-05-27 22:19:40 - [TEST_STEP][PASSED] - click(findTestObject("Object Repository/1712612_Mattermost Object/Page_Update channel purpose - Test 1712612 _81d6bc/button_Update channel purpose")): Object: 'Object Repository/1712612_Mattermost Object/Page_Update channel purpose - Test 1712612 _81d6bc/button_Update channel purpose' is clicked on

2021-05-27 22:19:41 - [MESSAGE][PASSED] - Object: 'Object Repository/1712612_Mattermost Object/Page_Update channel purpose - Test 1712612 _81d6bc/button_Update channel purpose' is clicked on

2021-05-27 22:19:41 - [TEST_STEP][PASSED] - click(findTestObject("Object Repository/1712612_Mattermost Object/Page_Update channel purpose - Test 1712612 _81d6bc/button_View Info")): Object: 'Object Repository/1712612_Mattermost Object/Page_Update channel purpose - Test 1712612 _81d6bc/button_View Info' is clicked on

2021-05-27 22:19:42 - [MESSAGE][PASSED] - Object: 'Object Repository/1712612_Mattermost Object/Page_Update channel purpose - Test 1712612 _81d6bc/button_View Info' is clicked on

2021-05-27 22:19:42 - [TEST_STEP][PASSED] - verifyTextPresent("This is update channel purpose.", false): Text 'This is update channel purpose.' is present on page 

2021-05-27 22:19:43 - [MESSAGE][PASSED] - Text 'This is update channel purpose.' is present on page 

2021-05-27 22:19:43 - [TEST_STEP][PASSED] - closeBrowser(): Browser is closed

2021-05-27 22:19:43 - [MESSAGE][PASSED] - Browser is closed]]></system-out>
         <system-err><![CDATA[]]></system-err>
      </testcase>
      <testcase name="Test Cases/1712612/TC21_RenameChannel" time="31.042" classname="Test Cases/1712612/TC21_RenameChannel" status="PASSED">
         <system-out><![CDATA[2021-05-27 22:19:43 - [TEST_CASE][PASSED] - Test Cases/1712612/TC21_RenameChannel: Test Cases/1712612/TC21_RenameChannel

2021-05-27 22:19:44 - [TEST_STEP][PASSED] - callTestCase(findTestCase("1712612/CommonTC/TC_OpenPage"), [:], STOP_ON_FAILURE): Call Test Case 'Test Cases/1712612/CommonTC/TC_OpenPage' successfully

2021-05-27 22:19:44 - [TEST_CASE][PASSED] - Test Cases/1712612/CommonTC/TC_OpenPage: Test Cases/1712612/CommonTC/TC_OpenPage

2021-05-27 22:19:44 - [TEST_STEP][PASSED] - openBrowser(""): Browser is opened with url: ''

2021-05-27 22:19:44 - [MESSAGE][INFO] - Starting 'Chrome' driver

2021-05-27 22:19:44 - [MESSAGE][INFO] - Action delay is set to 0 milliseconds

2021-05-27 22:19:46 - [MESSAGE][PASSED] - Browser is opened with url: ''

2021-05-27 22:19:46 - [TEST_STEP][PASSED] - navigateToUrl("https://mattermostwebapp.herokuapp.com/login"): Navigate to 'https://mattermostwebapp.herokuapp.com/login' successfully

2021-05-27 22:19:51 - [MESSAGE][PASSED] - Navigate to 'https://mattermostwebapp.herokuapp.com/login' successfully

2021-05-27 22:19:51 - [MESSAGE][PASSED] - Call Test Case 'Test Cases/1712612/CommonTC/TC_OpenPage' successfully

2021-05-27 22:19:51 - [TEST_STEP][PASSED] - callTestCase(findTestCase("1712612/CommonTC/TC_Login"), [:], STOP_ON_FAILURE): Call Test Case 'Test Cases/1712612/CommonTC/TC_Login' successfully

2021-05-27 22:19:51 - [TEST_CASE][PASSED] - Test Cases/1712612/CommonTC/TC_Login: Test Cases/1712612/CommonTC/TC_Login

2021-05-27 22:19:51 - [TEST_STEP][PASSED] - verifyElementVisible(findTestObject("Object Repository/1712612_Mattermost Object/Page_Mattermost/input_login_username"), STOP_ON_FAILURE): Object 'Object Repository/1712612_Mattermost Object/Page_Mattermost/input_login_username' is visible

2021-05-27 22:19:56 - [MESSAGE][PASSED] - Object 'Object Repository/1712612_Mattermost Object/Page_Mattermost/input_login_username' is visible

2021-05-27 22:19:56 - [TEST_STEP][PASSED] - verifyElementVisible(findTestObject("Object Repository/1712612_Mattermost Object/Page_Mattermost/input_login_password"), STOP_ON_FAILURE): Object 'Object Repository/1712612_Mattermost Object/Page_Mattermost/input_login_password' is visible

2021-05-27 22:19:56 - [MESSAGE][PASSED] - Object 'Object Repository/1712612_Mattermost Object/Page_Mattermost/input_login_password' is visible

2021-05-27 22:19:56 - [TEST_STEP][PASSED] - setText(findTestObject("Object Repository/1712612_Mattermost Object/Page_Mattermost/input_login_username"), "nghi_tran"): Text 'nghi_tran' is set on object 'Object Repository/1712612_Mattermost Object/Page_Mattermost/input_login_username'

2021-05-27 22:19:58 - [MESSAGE][PASSED] - Text 'nghi_tran' is set on object 'Object Repository/1712612_Mattermost Object/Page_Mattermost/input_login_username'

2021-05-27 22:19:58 - [TEST_STEP][PASSED] - setEncryptedText(findTestObject("Object Repository/1712612_Mattermost Object/Page_Mattermost/input_login_password"), "KBlHou+hFmnFUOUwxwboiw=="): Text ****** has been set on object 'Object Repository/1712612_Mattermost Object/Page_Mattermost/input_login_password'

2021-05-27 22:19:58 - [MESSAGE][PASSED] - Text ****** has been set on object 'Object Repository/1712612_Mattermost Object/Page_Mattermost/input_login_password'

2021-05-27 22:19:58 - [TEST_STEP][PASSED] - click(findTestObject("Object Repository/1712612_Mattermost Object/Page_Mattermost/button_Sign in")): Object: 'Object Repository/1712612_Mattermost Object/Page_Mattermost/button_Sign in' is clicked on

2021-05-27 22:19:59 - [MESSAGE][PASSED] - Object: 'Object Repository/1712612_Mattermost Object/Page_Mattermost/button_Sign in' is clicked on

2021-05-27 22:19:59 - [TEST_STEP][PASSED] - verifyElementVisible(findTestObject("Object Repository/1712612_Mattermost Object/Page_Town Square - another Mattermost/img__Avatar Avatar-lg"), STOP_ON_FAILURE): Object 'Object Repository/1712612_Mattermost Object/Page_Town Square - another Mattermost/img__Avatar Avatar-lg' is visible

2021-05-27 22:20:04 - [MESSAGE][PASSED] - Object 'Object Repository/1712612_Mattermost Object/Page_Town Square - another Mattermost/img__Avatar Avatar-lg' is visible

2021-05-27 22:20:04 - [MESSAGE][PASSED] - Call Test Case 'Test Cases/1712612/CommonTC/TC_Login' successfully

2021-05-27 22:20:04 - [TEST_STEP][PASSED] - navigateToUrl("https://mattermostwebapp.herokuapp.com/test-1712612/channels/channel"): Navigate to 'https://mattermostwebapp.herokuapp.com/test-1712612/channels/channel' successfully

2021-05-27 22:20:05 - [MESSAGE][PASSED] - Navigate to 'https://mattermostwebapp.herokuapp.com/test-1712612/channels/channel' successfully

2021-05-27 22:20:05 - [TEST_STEP][PASSED] - click(findTestObject("Object Repository/1712612_Mattermost Object/Page_channel - Test 1712612 Mattermost/button_channel")): Object: 'Object Repository/1712612_Mattermost Object/Page_channel - Test 1712612 Mattermost/button_channel' is clicked on

2021-05-27 22:20:10 - [MESSAGE][PASSED] - Object: 'Object Repository/1712612_Mattermost Object/Page_channel - Test 1712612 Mattermost/button_channel' is clicked on

2021-05-27 22:20:10 - [TEST_STEP][PASSED] - click(findTestObject("Object Repository/1712612_Mattermost Object/Page_channel - Test 1712612 Mattermost/button_Rename Channel")): Object: 'Object Repository/1712612_Mattermost Object/Page_channel - Test 1712612 Mattermost/button_Rename Channel' is clicked on

2021-05-27 22:20:11 - [MESSAGE][PASSED] - Object: 'Object Repository/1712612_Mattermost Object/Page_channel - Test 1712612 Mattermost/button_Rename Channel' is clicked on

2021-05-27 22:20:11 - [TEST_STEP][PASSED] - setText(findTestObject("Object Repository/1712612_Mattermost Object/Page_channel - Test 1712612 Mattermost/input_Display Name_display_name"), "channels"): Text 'channels' is set on object 'Object Repository/1712612_Mattermost Object/Page_channel - Test 1712612 Mattermost/input_Display Name_display_name'

2021-05-27 22:20:12 - [MESSAGE][PASSED] - Text 'channels' is set on object 'Object Repository/1712612_Mattermost Object/Page_channel - Test 1712612 Mattermost/input_Display Name_display_name'

2021-05-27 22:20:12 - [TEST_STEP][PASSED] - click(findTestObject("Object Repository/1712612_Mattermost Object/Page_channel - Test 1712612 Mattermost/button_Save")): Object: 'Object Repository/1712612_Mattermost Object/Page_channel - Test 1712612 Mattermost/button_Save' is clicked on

2021-05-27 22:20:13 - [MESSAGE][PASSED] - Object: 'Object Repository/1712612_Mattermost Object/Page_channel - Test 1712612 Mattermost/button_Save' is clicked on

2021-05-27 22:20:13 - [TEST_STEP][PASSED] - closeBrowser(): Browser is closed

2021-05-27 22:20:14 - [MESSAGE][PASSED] - Browser is closed]]></system-out>
         <system-err><![CDATA[]]></system-err>
      </testcase>
      <testcase name="Test Cases/1712612/TC22_UpdateChannelHeader" time="36.519" classname="Test Cases/1712612/TC22_UpdateChannelHeader" status="ERROR">
         <error type="ERROR" message="Test Cases/1712612/TC22_UpdateChannelHeader FAILED.
Reason:
java.lang.NullPointerException
	at com.kms.katalon.core.webui.keyword.builtin.VerifyElementTextKeyword.verifyElementText(VerifyElementTextKeyword.groovy:72)
	at com.kms.katalon.core.webui.keyword.builtin.VerifyElementTextKeyword.execute(VerifyElementTextKeyword.groovy:40)
	at com.kms.katalon.core.keyword.internal.KeywordExecutor.executeKeywordForPlatform(KeywordExecutor.groovy:73)
	at com.kms.katalon.core.webui.keyword.WebUiBuiltInKeywords.verifyElementText(WebUiBuiltInKeywords.groovy:4690)
	at com.kms.katalon.core.webui.keyword.WebUiBuiltInKeywords$verifyElementText$8.call(Unknown Source)
	at TC22_UpdateChannelHeader.run(TC22_UpdateChannelHeader:33)
	at com.kms.katalon.core.main.ScriptEngine.run(ScriptEngine.java:194)
	at com.kms.katalon.core.main.ScriptEngine.runScriptAsRawText(ScriptEngine.java:119)
	at com.kms.katalon.core.main.TestCaseExecutor.runScript(TestCaseExecutor.java:398)
	at com.kms.katalon.core.main.TestCaseExecutor.doExecute(TestCaseExecutor.java:389)
	at com.kms.katalon.core.main.TestCaseExecutor.processExecutionPhase(TestCaseExecutor.java:368)
	at com.kms.katalon.core.main.TestCaseExecutor.accessMainPhase(TestCaseExecutor.java:360)
	at com.kms.katalon.core.main.TestCaseExecutor.execute(TestCaseExecutor.java:255)
	at com.kms.katalon.core.main.TestSuiteExecutor.accessTestCaseMainPhase(TestSuiteExecutor.java:203)
	at com.kms.katalon.core.main.TestSuiteExecutor.accessTestSuiteMainPhase(TestSuiteExecutor.java:152)
	at com.kms.katalon.core.main.TestSuiteExecutor.execute(TestSuiteExecutor.java:95)
	at com.kms.katalon.core.main.TestCaseMain.startTestSuite(TestCaseMain.java:157)
	at com.kms.katalon.core.main.TestCaseMain$startTestSuite$0.call(Unknown Source)
	at TempTestSuite1622128062646.run(TempTestSuite1622128062646.groovy:39)
"/>
         <system-out><![CDATA[2021-05-27 22:20:15 - [TEST_CASE][ERROR] - Test Cases/1712612/TC22_UpdateChannelHeader: Test Cases/1712612/TC22_UpdateChannelHeader FAILED.
Reason:
java.lang.NullPointerException
	at com.kms.katalon.core.webui.keyword.builtin.VerifyElementTextKeyword.verifyElementText(VerifyElementTextKeyword.groovy:72)
	at com.kms.katalon.core.webui.keyword.builtin.VerifyElementTextKeyword.execute(VerifyElementTextKeyword.groovy:40)
	at com.kms.katalon.core.keyword.internal.KeywordExecutor.executeKeywordForPlatform(KeywordExecutor.groovy:73)
	at com.kms.katalon.core.webui.keyword.WebUiBuiltInKeywords.verifyElementText(WebUiBuiltInKeywords.groovy:4690)
	at com.kms.katalon.core.webui.keyword.WebUiBuiltInKeywords$verifyElementText$8.call(Unknown Source)
	at TC22_UpdateChannelHeader.run(TC22_UpdateChannelHeader:33)
	at com.kms.katalon.core.main.ScriptEngine.run(ScriptEngine.java:194)
	at com.kms.katalon.core.main.ScriptEngine.runScriptAsRawText(ScriptEngine.java:119)
	at com.kms.katalon.core.main.TestCaseExecutor.runScript(TestCaseExecutor.java:398)
	at com.kms.katalon.core.main.TestCaseExecutor.doExecute(TestCaseExecutor.java:389)
	at com.kms.katalon.core.main.TestCaseExecutor.processExecutionPhase(TestCaseExecutor.java:368)
	at com.kms.katalon.core.main.TestCaseExecutor.accessMainPhase(TestCaseExecutor.java:360)
	at com.kms.katalon.core.main.TestCaseExecutor.execute(TestCaseExecutor.java:255)
	at com.kms.katalon.core.main.TestSuiteExecutor.accessTestCaseMainPhase(TestSuiteExecutor.java:203)
	at com.kms.katalon.core.main.TestSuiteExecutor.accessTestSuiteMainPhase(TestSuiteExecutor.java:152)
	at com.kms.katalon.core.main.TestSuiteExecutor.execute(TestSuiteExecutor.java:95)
	at com.kms.katalon.core.main.TestCaseMain.startTestSuite(TestCaseMain.java:157)
	at com.kms.katalon.core.main.TestCaseMain$startTestSuite$0.call(Unknown Source)
	at TempTestSuite1622128062646.run(TempTestSuite1622128062646.groovy:39)


2021-05-27 22:20:16 - [TEST_STEP][PASSED] - callTestCase(findTestCase("1712612/CommonTC/TC_OpenPage"), [:], STOP_ON_FAILURE): Call Test Case 'Test Cases/1712612/CommonTC/TC_OpenPage' successfully

2021-05-27 22:20:16 - [TEST_CASE][PASSED] - Test Cases/1712612/CommonTC/TC_OpenPage: Test Cases/1712612/CommonTC/TC_OpenPage

2021-05-27 22:20:16 - [TEST_STEP][PASSED] - openBrowser(""): Browser is opened with url: ''

2021-05-27 22:20:16 - [MESSAGE][INFO] - Starting 'Chrome' driver

2021-05-27 22:20:16 - [MESSAGE][INFO] - Action delay is set to 0 milliseconds

2021-05-27 22:20:19 - [MESSAGE][PASSED] - Browser is opened with url: ''

2021-05-27 22:20:19 - [TEST_STEP][PASSED] - navigateToUrl("https://mattermostwebapp.herokuapp.com/login"): Navigate to 'https://mattermostwebapp.herokuapp.com/login' successfully

2021-05-27 22:20:25 - [MESSAGE][PASSED] - Navigate to 'https://mattermostwebapp.herokuapp.com/login' successfully

2021-05-27 22:20:25 - [MESSAGE][PASSED] - Call Test Case 'Test Cases/1712612/CommonTC/TC_OpenPage' successfully

2021-05-27 22:20:25 - [TEST_STEP][PASSED] - callTestCase(findTestCase("1712612/CommonTC/TC_Login"), [:], STOP_ON_FAILURE): Call Test Case 'Test Cases/1712612/CommonTC/TC_Login' successfully

2021-05-27 22:20:25 - [TEST_CASE][PASSED] - Test Cases/1712612/CommonTC/TC_Login: Test Cases/1712612/CommonTC/TC_Login

2021-05-27 22:20:25 - [TEST_STEP][PASSED] - verifyElementVisible(findTestObject("Object Repository/1712612_Mattermost Object/Page_Mattermost/input_login_username"), STOP_ON_FAILURE): Object 'Object Repository/1712612_Mattermost Object/Page_Mattermost/input_login_username' is visible

2021-05-27 22:20:32 - [MESSAGE][PASSED] - Object 'Object Repository/1712612_Mattermost Object/Page_Mattermost/input_login_username' is visible

2021-05-27 22:20:32 - [TEST_STEP][PASSED] - verifyElementVisible(findTestObject("Object Repository/1712612_Mattermost Object/Page_Mattermost/input_login_password"), STOP_ON_FAILURE): Object 'Object Repository/1712612_Mattermost Object/Page_Mattermost/input_login_password' is visible

2021-05-27 22:20:32 - [MESSAGE][PASSED] - Object 'Object Repository/1712612_Mattermost Object/Page_Mattermost/input_login_password' is visible

2021-05-27 22:20:32 - [TEST_STEP][PASSED] - setText(findTestObject("Object Repository/1712612_Mattermost Object/Page_Mattermost/input_login_username"), "nghi_tran"): Text 'nghi_tran' is set on object 'Object Repository/1712612_Mattermost Object/Page_Mattermost/input_login_username'

2021-05-27 22:20:33 - [MESSAGE][PASSED] - Text 'nghi_tran' is set on object 'Object Repository/1712612_Mattermost Object/Page_Mattermost/input_login_username'

2021-05-27 22:20:33 - [TEST_STEP][PASSED] - setEncryptedText(findTestObject("Object Repository/1712612_Mattermost Object/Page_Mattermost/input_login_password"), "KBlHou+hFmnFUOUwxwboiw=="): Text ****** has been set on object 'Object Repository/1712612_Mattermost Object/Page_Mattermost/input_login_password'

2021-05-27 22:20:35 - [MESSAGE][PASSED] - Text ****** has been set on object 'Object Repository/1712612_Mattermost Object/Page_Mattermost/input_login_password'

2021-05-27 22:20:35 - [TEST_STEP][PASSED] - click(findTestObject("Object Repository/1712612_Mattermost Object/Page_Mattermost/button_Sign in")): Object: 'Object Repository/1712612_Mattermost Object/Page_Mattermost/button_Sign in' is clicked on

2021-05-27 22:20:35 - [MESSAGE][PASSED] - Object: 'Object Repository/1712612_Mattermost Object/Page_Mattermost/button_Sign in' is clicked on

2021-05-27 22:20:35 - [TEST_STEP][PASSED] - verifyElementVisible(findTestObject("Object Repository/1712612_Mattermost Object/Page_Town Square - another Mattermost/img__Avatar Avatar-lg"), STOP_ON_FAILURE): Object 'Object Repository/1712612_Mattermost Object/Page_Town Square - another Mattermost/img__Avatar Avatar-lg' is visible

2021-05-27 22:20:40 - [MESSAGE][PASSED] - Object 'Object Repository/1712612_Mattermost Object/Page_Town Square - another Mattermost/img__Avatar Avatar-lg' is visible

2021-05-27 22:20:40 - [MESSAGE][PASSED] - Call Test Case 'Test Cases/1712612/CommonTC/TC_Login' successfully

2021-05-27 22:20:40 - [TEST_STEP][PASSED] - navigateToUrl("https://mattermostwebapp.herokuapp.com/test-1712612/channels/new-channel"): Navigate to 'https://mattermostwebapp.herokuapp.com/test-1712612/channels/new-channel' successfully

2021-05-27 22:20:42 - [MESSAGE][PASSED] - Navigate to 'https://mattermostwebapp.herokuapp.com/test-1712612/channels/new-channel' successfully

2021-05-27 22:20:42 - [TEST_STEP][PASSED] - click(findTestObject("Object Repository/1712612_Mattermost Object/Page_new channel - Test 1712612 Mattermost/button_Set a Header")): Object: 'Object Repository/1712612_Mattermost Object/Page_new channel - Test 1712612 Mattermost/button_Set a Header' is clicked on

2021-05-27 22:20:49 - [MESSAGE][PASSED] - Object: 'Object Repository/1712612_Mattermost Object/Page_new channel - Test 1712612 Mattermost/button_Set a Header' is clicked on

2021-05-27 22:20:49 - [TEST_STEP][PASSED] - setText(findTestObject("Object Repository/1712612_Mattermost Object/Page_new channel - Test 1712612 Mattermost/textarea_Hello World"), "Hello World, how are you?"): Text 'Hello World, how are you?' is set on object 'Object Repository/1712612_Mattermost Object/Page_new channel - Test 1712612 Mattermost/textarea_Hello World'

2021-05-27 22:20:50 - [MESSAGE][PASSED] - Text 'Hello World, how are you?' is set on object 'Object Repository/1712612_Mattermost Object/Page_new channel - Test 1712612 Mattermost/textarea_Hello World'

2021-05-27 22:20:50 - [TEST_STEP][PASSED] - click(findTestObject("Object Repository/1712612_Mattermost Object/Page_new channel - Test 1712612 Mattermost/button_Save")): Object: 'Object Repository/1712612_Mattermost Object/Page_new channel - Test 1712612 Mattermost/button_Save' is clicked on

2021-05-27 22:20:51 - [MESSAGE][PASSED] - Object: 'Object Repository/1712612_Mattermost Object/Page_new channel - Test 1712612 Mattermost/button_Save' is clicked on

2021-05-27 22:20:51 - [TEST_STEP][PASSED] - verifyElementText(findTestObject("Page_new channel - Test 1712612 Mattermost/p_Hello World, how are you"), "Hello World, how are you?"): Test object with id 'Object Repository/' does not exist

2021-05-27 22:20:51 - [MESSAGE][WARNING] - Test object with id 'Object Repository/Page_new channel - Test 1712612 Mattermost/p_Hello World, how are you' does not exist

2021-05-27 22:20:51 - [MESSAGE][WARNING] - Test object with id 'Object Repository/' does not exist]]></system-out>
         <system-err><![CDATA[2021-05-27 22:20:15 - [TEST_CASE][ERROR] - Test Cases/1712612/TC22_UpdateChannelHeader: Test Cases/1712612/TC22_UpdateChannelHeader FAILED.
Reason:
java.lang.NullPointerException
	at com.kms.katalon.core.webui.keyword.builtin.VerifyElementTextKeyword.verifyElementText(VerifyElementTextKeyword.groovy:72)
	at com.kms.katalon.core.webui.keyword.builtin.VerifyElementTextKeyword.execute(VerifyElementTextKeyword.groovy:40)
	at com.kms.katalon.core.keyword.internal.KeywordExecutor.executeKeywordForPlatform(KeywordExecutor.groovy:73)
	at com.kms.katalon.core.webui.keyword.WebUiBuiltInKeywords.verifyElementText(WebUiBuiltInKeywords.groovy:4690)
	at com.kms.katalon.core.webui.keyword.WebUiBuiltInKeywords$verifyElementText$8.call(Unknown Source)
	at TC22_UpdateChannelHeader.run(TC22_UpdateChannelHeader:33)
	at com.kms.katalon.core.main.ScriptEngine.run(ScriptEngine.java:194)
	at com.kms.katalon.core.main.ScriptEngine.runScriptAsRawText(ScriptEngine.java:119)
	at com.kms.katalon.core.main.TestCaseExecutor.runScript(TestCaseExecutor.java:398)
	at com.kms.katalon.core.main.TestCaseExecutor.doExecute(TestCaseExecutor.java:389)
	at com.kms.katalon.core.main.TestCaseExecutor.processExecutionPhase(TestCaseExecutor.java:368)
	at com.kms.katalon.core.main.TestCaseExecutor.accessMainPhase(TestCaseExecutor.java:360)
	at com.kms.katalon.core.main.TestCaseExecutor.execute(TestCaseExecutor.java:255)
	at com.kms.katalon.core.main.TestSuiteExecutor.accessTestCaseMainPhase(TestSuiteExecutor.java:203)
	at com.kms.katalon.core.main.TestSuiteExecutor.accessTestSuiteMainPhase(TestSuiteExecutor.java:152)
	at com.kms.katalon.core.main.TestSuiteExecutor.execute(TestSuiteExecutor.java:95)
	at com.kms.katalon.core.main.TestCaseMain.startTestSuite(TestCaseMain.java:157)
	at com.kms.katalon.core.main.TestCaseMain$startTestSuite$0.call(Unknown Source)
	at TempTestSuite1622128062646.run(TempTestSuite1622128062646.groovy:39)]]></system-err>
      </testcase>
      <testcase name="Test Cases/1712612/TC23_LeavePublicChannel" time="31.644" classname="Test Cases/1712612/TC23_LeavePublicChannel" status="FAILED">
         <failure type="FAILED" message="Test Cases/1712612/TC23_LeavePublicChannel FAILED.
Reason:
com.kms.katalon.core.exception.StepFailedException: Unable to set text
	at com.kms.katalon.core.webui.keyword.internal.WebUIKeywordMain.stepFailed(WebUIKeywordMain.groovy:64)
	at com.kms.katalon.core.webui.keyword.internal.WebUIKeywordMain.runKeyword(WebUIKeywordMain.groovy:26)
	at com.kms.katalon.core.webui.keyword.builtin.SetTextKeyword.setText(SetTextKeyword.groovy:66)
	at com.kms.katalon.core.webui.keyword.builtin.SetTextKeyword.execute(SetTextKeyword.groovy:37)
	at com.kms.katalon.core.keyword.internal.KeywordExecutor.executeKeywordForPlatform(KeywordExecutor.groovy:73)
	at com.kms.katalon.core.webui.keyword.WebUiBuiltInKeywords.setText(WebUiBuiltInKeywords.groovy:979)
	at com.kms.katalon.core.webui.keyword.WebUiBuiltInKeywords$setText$1.call(Unknown Source)
	at TC23_LeavePublicChannel.run(TC23_LeavePublicChannel:32)
	at com.kms.katalon.core.main.ScriptEngine.run(ScriptEngine.java:194)
	at com.kms.katalon.core.main.ScriptEngine.runScriptAsRawText(ScriptEngine.java:119)
	at com.kms.katalon.core.main.TestCaseExecutor.runScript(TestCaseExecutor.java:398)
	at com.kms.katalon.core.main.TestCaseExecutor.doExecute(TestCaseExecutor.java:389)
	at com.kms.katalon.core.main.TestCaseExecutor.processExecutionPhase(TestCaseExecutor.java:368)
	at com.kms.katalon.core.main.TestCaseExecutor.accessMainPhase(TestCaseExecutor.java:360)
	at com.kms.katalon.core.main.TestCaseExecutor.execute(TestCaseExecutor.java:255)
	at com.kms.katalon.core.main.TestSuiteExecutor.accessTestCaseMainPhase(TestSuiteExecutor.java:203)
	at com.kms.katalon.core.main.TestSuiteExecutor.accessTestSuiteMainPhase(TestSuiteExecutor.java:152)
	at com.kms.katalon.core.main.TestSuiteExecutor.execute(TestSuiteExecutor.java:95)
	at com.kms.katalon.core.main.TestCaseMain.startTestSuite(TestCaseMain.java:157)
	at com.kms.katalon.core.main.TestCaseMain$startTestSuite$0.call(Unknown Source)
	at TempTestSuite1622128062646.run(TempTestSuite1622128062646.groovy:39)
Caused by: java.lang.IllegalArgumentException: Object is null
	at com.kms.katalon.core.helper.KeywordHelper.checkTestObjectParameter(KeywordHelper.java:33)
	at com.kms.katalon.core.webui.keyword.builtin.SetTextKeyword$_setText_closure1.doCall(SetTextKeyword.groovy:45)
	at com.kms.katalon.core.webui.keyword.builtin.SetTextKeyword$_setText_closure1.call(SetTextKeyword.groovy)
	at com.kms.katalon.core.webui.keyword.internal.WebUIKeywordMain.runKeyword(WebUIKeywordMain.groovy:20)
	... 19 more
"/>
         <system-out><![CDATA[2021-05-27 22:20:51 - [TEST_CASE][FAILED] - Test Cases/1712612/TC23_LeavePublicChannel: Test Cases/1712612/TC23_LeavePublicChannel FAILED.
Reason:
com.kms.katalon.core.exception.StepFailedException: Unable to set text
	at com.kms.katalon.core.webui.keyword.internal.WebUIKeywordMain.stepFailed(WebUIKeywordMain.groovy:64)
	at com.kms.katalon.core.webui.keyword.internal.WebUIKeywordMain.runKeyword(WebUIKeywordMain.groovy:26)
	at com.kms.katalon.core.webui.keyword.builtin.SetTextKeyword.setText(SetTextKeyword.groovy:66)
	at com.kms.katalon.core.webui.keyword.builtin.SetTextKeyword.execute(SetTextKeyword.groovy:37)
	at com.kms.katalon.core.keyword.internal.KeywordExecutor.executeKeywordForPlatform(KeywordExecutor.groovy:73)
	at com.kms.katalon.core.webui.keyword.WebUiBuiltInKeywords.setText(WebUiBuiltInKeywords.groovy:979)
	at com.kms.katalon.core.webui.keyword.WebUiBuiltInKeywords$setText$1.call(Unknown Source)
	at TC23_LeavePublicChannel.run(TC23_LeavePublicChannel:32)
	at com.kms.katalon.core.main.ScriptEngine.run(ScriptEngine.java:194)
	at com.kms.katalon.core.main.ScriptEngine.runScriptAsRawText(ScriptEngine.java:119)
	at com.kms.katalon.core.main.TestCaseExecutor.runScript(TestCaseExecutor.java:398)
	at com.kms.katalon.core.main.TestCaseExecutor.doExecute(TestCaseExecutor.java:389)
	at com.kms.katalon.core.main.TestCaseExecutor.processExecutionPhase(TestCaseExecutor.java:368)
	at com.kms.katalon.core.main.TestCaseExecutor.accessMainPhase(TestCaseExecutor.java:360)
	at com.kms.katalon.core.main.TestCaseExecutor.execute(TestCaseExecutor.java:255)
	at com.kms.katalon.core.main.TestSuiteExecutor.accessTestCaseMainPhase(TestSuiteExecutor.java:203)
	at com.kms.katalon.core.main.TestSuiteExecutor.accessTestSuiteMainPhase(TestSuiteExecutor.java:152)
	at com.kms.katalon.core.main.TestSuiteExecutor.execute(TestSuiteExecutor.java:95)
	at com.kms.katalon.core.main.TestCaseMain.startTestSuite(TestCaseMain.java:157)
	at com.kms.katalon.core.main.TestCaseMain$startTestSuite$0.call(Unknown Source)
	at TempTestSuite1622128062646.run(TempTestSuite1622128062646.groovy:39)
Caused by: java.lang.IllegalArgumentException: Object is null
	at com.kms.katalon.core.helper.KeywordHelper.checkTestObjectParameter(KeywordHelper.java:33)
	at com.kms.katalon.core.webui.keyword.builtin.SetTextKeyword$_setText_closure1.doCall(SetTextKeyword.groovy:45)
	at com.kms.katalon.core.webui.keyword.builtin.SetTextKeyword$_setText_closure1.call(SetTextKeyword.groovy)
	at com.kms.katalon.core.webui.keyword.internal.WebUIKeywordMain.runKeyword(WebUIKeywordMain.groovy:20)
	... 19 more


2021-05-27 22:20:52 - [TEST_STEP][PASSED] - callTestCase(findTestCase("1712612/CommonTC/TC_OpenPage"), [:], STOP_ON_FAILURE): Call Test Case 'Test Cases/1712612/CommonTC/TC_OpenPage' successfully

2021-05-27 22:20:52 - [TEST_CASE][PASSED] - Test Cases/1712612/CommonTC/TC_OpenPage: Test Cases/1712612/CommonTC/TC_OpenPage

2021-05-27 22:20:52 - [TEST_STEP][PASSED] - openBrowser(""): Browser is opened with url: ''

2021-05-27 22:20:52 - [MESSAGE][WARNING] - A browser is already opened. Closing browser and opening a new one

2021-05-27 22:20:53 - [MESSAGE][INFO] - Starting 'Chrome' driver

2021-05-27 22:20:53 - [MESSAGE][INFO] - Action delay is set to 0 milliseconds

2021-05-27 22:20:55 - [MESSAGE][PASSED] - Browser is opened with url: ''

2021-05-27 22:20:55 - [TEST_STEP][PASSED] - navigateToUrl("https://mattermostwebapp.herokuapp.com/login"): Navigate to 'https://mattermostwebapp.herokuapp.com/login' successfully

2021-05-27 22:21:00 - [MESSAGE][PASSED] - Navigate to 'https://mattermostwebapp.herokuapp.com/login' successfully

2021-05-27 22:21:00 - [MESSAGE][PASSED] - Call Test Case 'Test Cases/1712612/CommonTC/TC_OpenPage' successfully

2021-05-27 22:21:00 - [TEST_STEP][PASSED] - callTestCase(findTestCase("1712612/CommonTC/TC_Login"), [:], STOP_ON_FAILURE): Call Test Case 'Test Cases/1712612/CommonTC/TC_Login' successfully

2021-05-27 22:21:00 - [TEST_CASE][PASSED] - Test Cases/1712612/CommonTC/TC_Login: Test Cases/1712612/CommonTC/TC_Login

2021-05-27 22:21:00 - [TEST_STEP][PASSED] - verifyElementVisible(findTestObject("Object Repository/1712612_Mattermost Object/Page_Mattermost/input_login_username"), STOP_ON_FAILURE): Object 'Object Repository/1712612_Mattermost Object/Page_Mattermost/input_login_username' is visible

2021-05-27 22:21:06 - [MESSAGE][PASSED] - Object 'Object Repository/1712612_Mattermost Object/Page_Mattermost/input_login_username' is visible

2021-05-27 22:21:06 - [TEST_STEP][PASSED] - verifyElementVisible(findTestObject("Object Repository/1712612_Mattermost Object/Page_Mattermost/input_login_password"), STOP_ON_FAILURE): Object 'Object Repository/1712612_Mattermost Object/Page_Mattermost/input_login_password' is visible

2021-05-27 22:21:06 - [MESSAGE][PASSED] - Object 'Object Repository/1712612_Mattermost Object/Page_Mattermost/input_login_password' is visible

2021-05-27 22:21:06 - [TEST_STEP][PASSED] - setText(findTestObject("Object Repository/1712612_Mattermost Object/Page_Mattermost/input_login_username"), "nghi_tran"): Text 'nghi_tran' is set on object 'Object Repository/1712612_Mattermost Object/Page_Mattermost/input_login_username'

2021-05-27 22:21:07 - [MESSAGE][PASSED] - Text 'nghi_tran' is set on object 'Object Repository/1712612_Mattermost Object/Page_Mattermost/input_login_username'

2021-05-27 22:21:07 - [TEST_STEP][PASSED] - setEncryptedText(findTestObject("Object Repository/1712612_Mattermost Object/Page_Mattermost/input_login_password"), "KBlHou+hFmnFUOUwxwboiw=="): Text ****** has been set on object 'Object Repository/1712612_Mattermost Object/Page_Mattermost/input_login_password'

2021-05-27 22:21:08 - [MESSAGE][PASSED] - Text ****** has been set on object 'Object Repository/1712612_Mattermost Object/Page_Mattermost/input_login_password'

2021-05-27 22:21:08 - [TEST_STEP][PASSED] - click(findTestObject("Object Repository/1712612_Mattermost Object/Page_Mattermost/button_Sign in")): Object: 'Object Repository/1712612_Mattermost Object/Page_Mattermost/button_Sign in' is clicked on

2021-05-27 22:21:09 - [MESSAGE][PASSED] - Object: 'Object Repository/1712612_Mattermost Object/Page_Mattermost/button_Sign in' is clicked on

2021-05-27 22:21:09 - [TEST_STEP][PASSED] - verifyElementVisible(findTestObject("Object Repository/1712612_Mattermost Object/Page_Town Square - another Mattermost/img__Avatar Avatar-lg"), STOP_ON_FAILURE): Object 'Object Repository/1712612_Mattermost Object/Page_Town Square - another Mattermost/img__Avatar Avatar-lg' is visible

2021-05-27 22:21:16 - [MESSAGE][PASSED] - Object 'Object Repository/1712612_Mattermost Object/Page_Town Square - another Mattermost/img__Avatar Avatar-lg' is visible

2021-05-27 22:21:16 - [MESSAGE][PASSED] - Call Test Case 'Test Cases/1712612/CommonTC/TC_Login' successfully

2021-05-27 22:21:16 - [TEST_STEP][PASSED] - navigateToUrl("https://mattermostwebapp.herokuapp.com/test-1712612/channels/leave-channel"): Navigate to 'https://mattermostwebapp.herokuapp.com/test-1712612/channels/leave-channel' successfully

2021-05-27 22:21:17 - [MESSAGE][PASSED] - Navigate to 'https://mattermostwebapp.herokuapp.com/test-1712612/channels/leave-channel' successfully

2021-05-27 22:21:17 - [TEST_STEP][PASSED] - click(findTestObject("Object Repository/1712612_Mattermost Object/Page_Leave Channel - Test 1712612 Mattermost/button_Leave Channel")): Object: 'Object Repository/1712612_Mattermost Object/Page_Leave Channel - Test 1712612 Mattermost/button_Leave Channel' is clicked on

2021-05-27 22:21:21 - [MESSAGE][PASSED] - Object: 'Object Repository/1712612_Mattermost Object/Page_Leave Channel - Test 1712612 Mattermost/button_Leave Channel' is clicked on

2021-05-27 22:21:21 - [TEST_STEP][PASSED] - click(findTestObject("Object Repository/1712612_Mattermost Object/Page_Leave Channel - Test 1712612 Mattermost/button_Leave Channel")): Object: 'Object Repository/1712612_Mattermost Object/Page_Leave Channel - Test 1712612 Mattermost/button_Leave Channel' is clicked on

2021-05-27 22:21:21 - [MESSAGE][PASSED] - Object: 'Object Repository/1712612_Mattermost Object/Page_Leave Channel - Test 1712612 Mattermost/button_Leave Channel' is clicked on

2021-05-27 22:21:21 - [TEST_STEP][PASSED] - click(findTestObject("Object Repository/1712612_Mattermost Object/Page_Town Square - Test 1712612 Mattermost/button_More")): Object: 'Object Repository/1712612_Mattermost Object/Page_Town Square - Test 1712612 Mattermost/button_More' is clicked on

2021-05-27 22:21:22 - [MESSAGE][PASSED] - Object: 'Object Repository/1712612_Mattermost Object/Page_Town Square - Test 1712612 Mattermost/button_More' is clicked on

2021-05-27 22:21:22 - [TEST_STEP][FAILED] - setText(findTestObject("Page_Town Square - Test 1712612 Mattermost/input_Create Channel_searchChannelsTextbox"), "Leave Channel"): Unable to set text (Root cause: com.kms.katalon.core.exception.StepFailedException: Unable to set text
	at com.kms.katalon.core.webui.keyword.internal.WebUIKeywordMain.stepFailed(WebUIKeywordMain.groovy:64)
	at com.kms.katalon.core.webui.keyword.internal.WebUIKeywordMain.runKeyword(WebUIKeywordMain.groovy:26)
	at com.kms.katalon.core.webui.keyword.builtin.SetTextKeyword.setText(SetTextKeyword.groovy:66)
	at com.kms.katalon.core.webui.keyword.builtin.SetTextKeyword.execute(SetTextKeyword.groovy:37)
	at com.kms.katalon.core.keyword.internal.KeywordExecutor.executeKeywordForPlatform(KeywordExecutor.groovy:73)
	at com.kms.katalon.core.webui.keyword.WebUiBuiltInKeywords.setText(WebUiBuiltInKeywords.groovy:979)
	at com.kms.katalon.core.webui.keyword.WebUiBuiltInKeywords$setText$1.call(Unknown Source)
	at TC23_LeavePublicChannel.run(TC23_LeavePublicChannel:32)
	at com.kms.katalon.core.main.ScriptEngine.run(ScriptEngine.java:194)
	at com.kms.katalon.core.main.ScriptEngine.runScriptAsRawText(ScriptEngine.java:119)
	at com.kms.katalon.core.main.TestCaseExecutor.runScript(TestCaseExecutor.java:398)
	at com.kms.katalon.core.main.TestCaseExecutor.doExecute(TestCaseExecutor.java:389)
	at com.kms.katalon.core.main.TestCaseExecutor.processExecutionPhase(TestCaseExecutor.java:368)
	at com.kms.katalon.core.main.TestCaseExecutor.accessMainPhase(TestCaseExecutor.java:360)
	at com.kms.katalon.core.main.TestCaseExecutor.execute(TestCaseExecutor.java:255)
	at com.kms.katalon.core.main.TestSuiteExecutor.accessTestCaseMainPhase(TestSuiteExecutor.java:203)
	at com.kms.katalon.core.main.TestSuiteExecutor.accessTestSuiteMainPhase(TestSuiteExecutor.java:152)
	at com.kms.katalon.core.main.TestSuiteExecutor.execute(TestSuiteExecutor.java:95)
	at com.kms.katalon.core.main.TestCaseMain.startTestSuite(TestCaseMain.java:157)
	at com.kms.katalon.core.main.TestCaseMain$startTestSuite$0.call(Unknown Source)
	at TempTestSuite1622128062646.run(TempTestSuite1622128062646.groovy:39)
Caused by: java.lang.IllegalArgumentException: Object is null
	at com.kms.katalon.core.helper.KeywordHelper.checkTestObjectParameter(KeywordHelper.java:33)
	at com.kms.katalon.core.webui.keyword.builtin.SetTextKeyword$_setText_closure1.doCall(SetTextKeyword.groovy:45)
	at com.kms.katalon.core.webui.keyword.builtin.SetTextKeyword$_setText_closure1.call(SetTextKeyword.groovy)
	at com.kms.katalon.core.webui.keyword.internal.WebUIKeywordMain.runKeyword(WebUIKeywordMain.groovy:20)
	at com.kms.katalon.core.webui.keyword.builtin.SetTextKeyword.setText(SetTextKeyword.groovy:66)
	at com.kms.katalon.core.webui.keyword.builtin.SetTextKeyword.execute(SetTextKeyword.groovy:37)
	at com.kms.katalon.core.keyword.internal.KeywordExecutor.executeKeywordForPlatform(KeywordExecutor.groovy:73)
	at com.kms.katalon.core.webui.keyword.WebUiBuiltInKeywords.setText(WebUiBuiltInKeywords.groovy:979)
	at com.kms.katalon.core.webui.keyword.WebUiBuiltInKeywords$setText$1.call(Unknown Source)
	at Script1621656510505.run(Script1621656510505.groovy:32)
	... 13 more
)

2021-05-27 22:21:22 - [MESSAGE][WARNING] - Test object with id 'Object Repository/Page_Town Square - Test 1712612 Mattermost/input_Create Channel_searchChannelsTextbox' does not exist

2021-05-27 22:21:22 - [MESSAGE][WARNING] - Test object with id 'Object Repository/' does not exist

2021-05-27 22:21:23 - [MESSAGE][FAILED] - Unable to set text (Root cause: com.kms.katalon.core.exception.StepFailedException: Unable to set text
	at com.kms.katalon.core.webui.keyword.internal.WebUIKeywordMain.stepFailed(WebUIKeywordMain.groovy:64)
	at com.kms.katalon.core.webui.keyword.internal.WebUIKeywordMain.runKeyword(WebUIKeywordMain.groovy:26)
	at com.kms.katalon.core.webui.keyword.builtin.SetTextKeyword.setText(SetTextKeyword.groovy:66)
	at com.kms.katalon.core.webui.keyword.builtin.SetTextKeyword.execute(SetTextKeyword.groovy:37)
	at com.kms.katalon.core.keyword.internal.KeywordExecutor.executeKeywordForPlatform(KeywordExecutor.groovy:73)
	at com.kms.katalon.core.webui.keyword.WebUiBuiltInKeywords.setText(WebUiBuiltInKeywords.groovy:979)
	at com.kms.katalon.core.webui.keyword.WebUiBuiltInKeywords$setText$1.call(Unknown Source)
	at TC23_LeavePublicChannel.run(TC23_LeavePublicChannel:32)
	at com.kms.katalon.core.main.ScriptEngine.run(ScriptEngine.java:194)
	at com.kms.katalon.core.main.ScriptEngine.runScriptAsRawText(ScriptEngine.java:119)
	at com.kms.katalon.core.main.TestCaseExecutor.runScript(TestCaseExecutor.java:398)
	at com.kms.katalon.core.main.TestCaseExecutor.doExecute(TestCaseExecutor.java:389)
	at com.kms.katalon.core.main.TestCaseExecutor.processExecutionPhase(TestCaseExecutor.java:368)
	at com.kms.katalon.core.main.TestCaseExecutor.accessMainPhase(TestCaseExecutor.java:360)
	at com.kms.katalon.core.main.TestCaseExecutor.execute(TestCaseExecutor.java:255)
	at com.kms.katalon.core.main.TestSuiteExecutor.accessTestCaseMainPhase(TestSuiteExecutor.java:203)
	at com.kms.katalon.core.main.TestSuiteExecutor.accessTestSuiteMainPhase(TestSuiteExecutor.java:152)
	at com.kms.katalon.core.main.TestSuiteExecutor.execute(TestSuiteExecutor.java:95)
	at com.kms.katalon.core.main.TestCaseMain.startTestSuite(TestCaseMain.java:157)
	at com.kms.katalon.core.main.TestCaseMain$startTestSuite$0.call(Unknown Source)
	at TempTestSuite1622128062646.run(TempTestSuite1622128062646.groovy:39)
Caused by: java.lang.IllegalArgumentException: Object is null
	at com.kms.katalon.core.helper.KeywordHelper.checkTestObjectParameter(KeywordHelper.java:33)
	at com.kms.katalon.core.webui.keyword.builtin.SetTextKeyword$_setText_closure1.doCall(SetTextKeyword.groovy:45)
	at com.kms.katalon.core.webui.keyword.builtin.SetTextKeyword$_setText_closure1.call(SetTextKeyword.groovy)
	at com.kms.katalon.core.webui.keyword.internal.WebUIKeywordMain.runKeyword(WebUIKeywordMain.groovy:20)
	at com.kms.katalon.core.webui.keyword.builtin.SetTextKeyword.setText(SetTextKeyword.groovy:66)
	at com.kms.katalon.core.webui.keyword.builtin.SetTextKeyword.execute(SetTextKeyword.groovy:37)
	at com.kms.katalon.core.keyword.internal.KeywordExecutor.executeKeywordForPlatform(KeywordExecutor.groovy:73)
	at com.kms.katalon.core.webui.keyword.WebUiBuiltInKeywords.setText(WebUiBuiltInKeywords.groovy:979)
	at com.kms.katalon.core.webui.keyword.WebUiBuiltInKeywords$setText$1.call(Unknown Source)
	at Script1621656510505.run(Script1621656510505.groovy:32)
	... 13 more
)
[[ATTACHMENT|E:\\Tai lieu hoc\\Nam 7\\HK2\\New Topics\\Homework 2\\New folder\\Mattermost_Autotesting_2\\Mattermost_AutoTesting\\Reports\\20210527_220742\\1412263\\Run_All_Test_Cases\\20210527_220742\\1622128882795.png]]]]></system-out>
         <system-err><![CDATA[2021-05-27 22:20:51 - [TEST_CASE][FAILED] - Test Cases/1712612/TC23_LeavePublicChannel: Test Cases/1712612/TC23_LeavePublicChannel FAILED.
Reason:
com.kms.katalon.core.exception.StepFailedException: Unable to set text
	at com.kms.katalon.core.webui.keyword.internal.WebUIKeywordMain.stepFailed(WebUIKeywordMain.groovy:64)
	at com.kms.katalon.core.webui.keyword.internal.WebUIKeywordMain.runKeyword(WebUIKeywordMain.groovy:26)
	at com.kms.katalon.core.webui.keyword.builtin.SetTextKeyword.setText(SetTextKeyword.groovy:66)
	at com.kms.katalon.core.webui.keyword.builtin.SetTextKeyword.execute(SetTextKeyword.groovy:37)
	at com.kms.katalon.core.keyword.internal.KeywordExecutor.executeKeywordForPlatform(KeywordExecutor.groovy:73)
	at com.kms.katalon.core.webui.keyword.WebUiBuiltInKeywords.setText(WebUiBuiltInKeywords.groovy:979)
	at com.kms.katalon.core.webui.keyword.WebUiBuiltInKeywords$setText$1.call(Unknown Source)
	at TC23_LeavePublicChannel.run(TC23_LeavePublicChannel:32)
	at com.kms.katalon.core.main.ScriptEngine.run(ScriptEngine.java:194)
	at com.kms.katalon.core.main.ScriptEngine.runScriptAsRawText(ScriptEngine.java:119)
	at com.kms.katalon.core.main.TestCaseExecutor.runScript(TestCaseExecutor.java:398)
	at com.kms.katalon.core.main.TestCaseExecutor.doExecute(TestCaseExecutor.java:389)
	at com.kms.katalon.core.main.TestCaseExecutor.processExecutionPhase(TestCaseExecutor.java:368)
	at com.kms.katalon.core.main.TestCaseExecutor.accessMainPhase(TestCaseExecutor.java:360)
	at com.kms.katalon.core.main.TestCaseExecutor.execute(TestCaseExecutor.java:255)
	at com.kms.katalon.core.main.TestSuiteExecutor.accessTestCaseMainPhase(TestSuiteExecutor.java:203)
	at com.kms.katalon.core.main.TestSuiteExecutor.accessTestSuiteMainPhase(TestSuiteExecutor.java:152)
	at com.kms.katalon.core.main.TestSuiteExecutor.execute(TestSuiteExecutor.java:95)
	at com.kms.katalon.core.main.TestCaseMain.startTestSuite(TestCaseMain.java:157)
	at com.kms.katalon.core.main.TestCaseMain$startTestSuite$0.call(Unknown Source)
	at TempTestSuite1622128062646.run(TempTestSuite1622128062646.groovy:39)
Caused by: java.lang.IllegalArgumentException: Object is null
	at com.kms.katalon.core.helper.KeywordHelper.checkTestObjectParameter(KeywordHelper.java:33)
	at com.kms.katalon.core.webui.keyword.builtin.SetTextKeyword$_setText_closure1.doCall(SetTextKeyword.groovy:45)
	at com.kms.katalon.core.webui.keyword.builtin.SetTextKeyword$_setText_closure1.call(SetTextKeyword.groovy)
	at com.kms.katalon.core.webui.keyword.internal.WebUIKeywordMain.runKeyword(WebUIKeywordMain.groovy:20)
	... 19 more]]></system-err>
      </testcase>
      <testcase name="Test Cases/1712612/TC24_LeavePrivateChannel" time="34.759" classname="Test Cases/1712612/TC24_LeavePrivateChannel" status="PASSED">
         <system-out><![CDATA[2021-05-27 22:21:23 - [TEST_CASE][PASSED] - Test Cases/1712612/TC24_LeavePrivateChannel: Test Cases/1712612/TC24_LeavePrivateChannel

2021-05-27 22:21:24 - [TEST_STEP][PASSED] - callTestCase(findTestCase("1712612/CommonTC/TC_OpenPage"), [:], STOP_ON_FAILURE): Call Test Case 'Test Cases/1712612/CommonTC/TC_OpenPage' successfully

2021-05-27 22:21:24 - [TEST_CASE][PASSED] - Test Cases/1712612/CommonTC/TC_OpenPage: Test Cases/1712612/CommonTC/TC_OpenPage

2021-05-27 22:21:24 - [TEST_STEP][PASSED] - openBrowser(""): Browser is opened with url: ''

2021-05-27 22:21:24 - [MESSAGE][WARNING] - A browser is already opened. Closing browser and opening a new one

2021-05-27 22:21:27 - [MESSAGE][INFO] - Starting 'Chrome' driver

2021-05-27 22:21:27 - [MESSAGE][INFO] - Action delay is set to 0 milliseconds

2021-05-27 22:21:31 - [MESSAGE][PASSED] - Browser is opened with url: ''

2021-05-27 22:21:31 - [TEST_STEP][PASSED] - navigateToUrl("https://mattermostwebapp.herokuapp.com/login"): Navigate to 'https://mattermostwebapp.herokuapp.com/login' successfully

2021-05-27 22:21:36 - [MESSAGE][PASSED] - Navigate to 'https://mattermostwebapp.herokuapp.com/login' successfully

2021-05-27 22:21:36 - [MESSAGE][PASSED] - Call Test Case 'Test Cases/1712612/CommonTC/TC_OpenPage' successfully

2021-05-27 22:21:36 - [TEST_STEP][PASSED] - callTestCase(findTestCase("1712612/CommonTC/TC_Login"), [:], STOP_ON_FAILURE): Call Test Case 'Test Cases/1712612/CommonTC/TC_Login' successfully

2021-05-27 22:21:36 - [TEST_CASE][PASSED] - Test Cases/1712612/CommonTC/TC_Login: Test Cases/1712612/CommonTC/TC_Login

2021-05-27 22:21:36 - [TEST_STEP][PASSED] - verifyElementVisible(findTestObject("Object Repository/1712612_Mattermost Object/Page_Mattermost/input_login_username"), STOP_ON_FAILURE): Object 'Object Repository/1712612_Mattermost Object/Page_Mattermost/input_login_username' is visible

2021-05-27 22:21:42 - [MESSAGE][PASSED] - Object 'Object Repository/1712612_Mattermost Object/Page_Mattermost/input_login_username' is visible

2021-05-27 22:21:42 - [TEST_STEP][PASSED] - verifyElementVisible(findTestObject("Object Repository/1712612_Mattermost Object/Page_Mattermost/input_login_password"), STOP_ON_FAILURE): Object 'Object Repository/1712612_Mattermost Object/Page_Mattermost/input_login_password' is visible

2021-05-27 22:21:42 - [MESSAGE][PASSED] - Object 'Object Repository/1712612_Mattermost Object/Page_Mattermost/input_login_password' is visible

2021-05-27 22:21:42 - [TEST_STEP][PASSED] - setText(findTestObject("Object Repository/1712612_Mattermost Object/Page_Mattermost/input_login_username"), "nghi_tran"): Text 'nghi_tran' is set on object 'Object Repository/1712612_Mattermost Object/Page_Mattermost/input_login_username'

2021-05-27 22:21:44 - [MESSAGE][PASSED] - Text 'nghi_tran' is set on object 'Object Repository/1712612_Mattermost Object/Page_Mattermost/input_login_username'

2021-05-27 22:21:44 - [TEST_STEP][PASSED] - setEncryptedText(findTestObject("Object Repository/1712612_Mattermost Object/Page_Mattermost/input_login_password"), "KBlHou+hFmnFUOUwxwboiw=="): Text ****** has been set on object 'Object Repository/1712612_Mattermost Object/Page_Mattermost/input_login_password'

2021-05-27 22:21:44 - [MESSAGE][PASSED] - Text ****** has been set on object 'Object Repository/1712612_Mattermost Object/Page_Mattermost/input_login_password'

2021-05-27 22:21:44 - [TEST_STEP][PASSED] - click(findTestObject("Object Repository/1712612_Mattermost Object/Page_Mattermost/button_Sign in")): Object: 'Object Repository/1712612_Mattermost Object/Page_Mattermost/button_Sign in' is clicked on

2021-05-27 22:21:45 - [MESSAGE][PASSED] - Object: 'Object Repository/1712612_Mattermost Object/Page_Mattermost/button_Sign in' is clicked on

2021-05-27 22:21:45 - [TEST_STEP][PASSED] - verifyElementVisible(findTestObject("Object Repository/1712612_Mattermost Object/Page_Town Square - another Mattermost/img__Avatar Avatar-lg"), STOP_ON_FAILURE): Object 'Object Repository/1712612_Mattermost Object/Page_Town Square - another Mattermost/img__Avatar Avatar-lg' is visible

2021-05-27 22:21:50 - [MESSAGE][PASSED] - Object 'Object Repository/1712612_Mattermost Object/Page_Town Square - another Mattermost/img__Avatar Avatar-lg' is visible

2021-05-27 22:21:50 - [MESSAGE][PASSED] - Call Test Case 'Test Cases/1712612/CommonTC/TC_Login' successfully

2021-05-27 22:21:50 - [TEST_STEP][PASSED] - navigateToUrl("https://mattermostwebapp.herokuapp.com/test-1712612/channels/hello"): Navigate to 'https://mattermostwebapp.herokuapp.com/test-1712612/channels/hello' successfully

2021-05-27 22:21:51 - [MESSAGE][PASSED] - Navigate to 'https://mattermostwebapp.herokuapp.com/test-1712612/channels/hello' successfully

2021-05-27 22:21:51 - [TEST_STEP][PASSED] - click(findTestObject("Object Repository/1712612_Mattermost Object/Page_hello - Test 1712612 Mattermost/span_hello_channelHeaderDropdownIcon")): Object: 'Object Repository/1712612_Mattermost Object/Page_hello - Test 1712612 Mattermost/span_hello_channelHeaderDropdownIcon' is clicked on

2021-05-27 22:21:56 - [MESSAGE][PASSED] - Object: 'Object Repository/1712612_Mattermost Object/Page_hello - Test 1712612 Mattermost/span_hello_channelHeaderDropdownIcon' is clicked on

2021-05-27 22:21:56 - [TEST_STEP][PASSED] - click(findTestObject("Object Repository/1712612_Mattermost Object/Page_hello - Test 1712612 Mattermost/button_Leave Channel")): Object: 'Object Repository/1712612_Mattermost Object/Page_hello - Test 1712612 Mattermost/button_Leave Channel' is clicked on

2021-05-27 22:21:57 - [MESSAGE][PASSED] - Object: 'Object Repository/1712612_Mattermost Object/Page_hello - Test 1712612 Mattermost/button_Leave Channel' is clicked on

2021-05-27 22:21:57 - [TEST_STEP][PASSED] - click(findTestObject("Object Repository/1712612_Mattermost Object/Page_hello - Test 1712612 Mattermost/button_Yes, leave channel")): Object: 'Object Repository/1712612_Mattermost Object/Page_hello - Test 1712612 Mattermost/button_Yes, leave channel' is clicked on

2021-05-27 22:21:57 - [MESSAGE][PASSED] - Object: 'Object Repository/1712612_Mattermost Object/Page_hello - Test 1712612 Mattermost/button_Yes, leave channel' is clicked on]]></system-out>
         <system-err><![CDATA[]]></system-err>
      </testcase>
      <testcase name="Test Cases/1712612/TC25_ConvertPublicChannelToPrivate" time="57.888" classname="Test Cases/1712612/TC25_ConvertPublicChannelToPrivate" status="FAILED">
         <failure type="FAILED" message="Test Cases/1712612/TC25_ConvertPublicChannelToPrivate FAILED.
Reason:
com.kms.katalon.core.exception.StepFailedException: Unable to click on object 'Object Repository/1712612_Mattermost Object/Page_Town Square - Test 1712612 Mattermost/a_new channel'
	at com.kms.katalon.core.webui.keyword.internal.WebUIKeywordMain.stepFailed(WebUIKeywordMain.groovy:64)
	at com.kms.katalon.core.webui.keyword.internal.WebUIKeywordMain.runKeyword(WebUIKeywordMain.groovy:26)
	at com.kms.katalon.core.webui.keyword.builtin.ClickKeyword.click(ClickKeyword.groovy:75)
	at com.kms.katalon.core.webui.keyword.builtin.ClickKeyword.execute(ClickKeyword.groovy:42)
	at com.kms.katalon.core.keyword.internal.KeywordExecutor.executeKeywordForPlatform(KeywordExecutor.groovy:73)
	at com.kms.katalon.core.webui.keyword.WebUiBuiltInKeywords.click(WebUiBuiltInKeywords.groovy:619)
	at com.kms.katalon.core.webui.keyword.WebUiBuiltInKeywords$click$3.call(Unknown Source)
	at TC25_ConvertPublicChannelToPrivate.run(TC25_ConvertPublicChannelToPrivate:26)
	at com.kms.katalon.core.main.ScriptEngine.run(ScriptEngine.java:194)
	at com.kms.katalon.core.main.ScriptEngine.runScriptAsRawText(ScriptEngine.java:119)
	at com.kms.katalon.core.main.TestCaseExecutor.runScript(TestCaseExecutor.java:398)
	at com.kms.katalon.core.main.TestCaseExecutor.doExecute(TestCaseExecutor.java:389)
	at com.kms.katalon.core.main.TestCaseExecutor.processExecutionPhase(TestCaseExecutor.java:368)
	at com.kms.katalon.core.main.TestCaseExecutor.accessMainPhase(TestCaseExecutor.java:360)
	at com.kms.katalon.core.main.TestCaseExecutor.execute(TestCaseExecutor.java:255)
	at com.kms.katalon.core.main.TestSuiteExecutor.accessTestCaseMainPhase(TestSuiteExecutor.java:203)
	at com.kms.katalon.core.main.TestSuiteExecutor.accessTestSuiteMainPhase(TestSuiteExecutor.java:152)
	at com.kms.katalon.core.main.TestSuiteExecutor.execute(TestSuiteExecutor.java:95)
	at com.kms.katalon.core.main.TestCaseMain.startTestSuite(TestCaseMain.java:157)
	at com.kms.katalon.core.main.TestCaseMain$startTestSuite$0.call(Unknown Source)
	at TempTestSuite1622128062646.run(TempTestSuite1622128062646.groovy:39)
Caused by: com.kms.katalon.core.webui.exception.WebElementNotFoundException: Web element with id: 'Object Repository/1712612_Mattermost Object/Page_Town Square - Test 1712612 Mattermost/a_new channel' located by '//a[@id='sidebarItem_new-channel']' not found
	at com.kms.katalon.core.webui.common.WebUiCommonHelper.findWebElement(WebUiCommonHelper.java:1368)
	at com.kms.katalon.core.webui.keyword.internal.WebUIAbstractKeyword.findWebElement(WebUIAbstractKeyword.groovy:27)
	at com.kms.katalon.core.webui.keyword.internal.WebUIAbstractKeyword.findWebElement(WebUIAbstractKeyword.groovy:26)
	at com.kms.katalon.core.webui.keyword.builtin.ClickKeyword$_click_closure1.doCall(ClickKeyword.groovy:66)
	at com.kms.katalon.core.webui.keyword.builtin.ClickKeyword$_click_closure1.call(ClickKeyword.groovy)
	at com.kms.katalon.core.webui.keyword.internal.WebUIKeywordMain.runKeyword(WebUIKeywordMain.groovy:20)
	... 19 more
"/>
         <system-out><![CDATA[2021-05-27 22:21:57 - [TEST_CASE][FAILED] - Test Cases/1712612/TC25_ConvertPublicChannelToPrivate: Test Cases/1712612/TC25_ConvertPublicChannelToPrivate FAILED.
Reason:
com.kms.katalon.core.exception.StepFailedException: Unable to click on object 'Object Repository/1712612_Mattermost Object/Page_Town Square - Test 1712612 Mattermost/a_new channel'
	at com.kms.katalon.core.webui.keyword.internal.WebUIKeywordMain.stepFailed(WebUIKeywordMain.groovy:64)
	at com.kms.katalon.core.webui.keyword.internal.WebUIKeywordMain.runKeyword(WebUIKeywordMain.groovy:26)
	at com.kms.katalon.core.webui.keyword.builtin.ClickKeyword.click(ClickKeyword.groovy:75)
	at com.kms.katalon.core.webui.keyword.builtin.ClickKeyword.execute(ClickKeyword.groovy:42)
	at com.kms.katalon.core.keyword.internal.KeywordExecutor.executeKeywordForPlatform(KeywordExecutor.groovy:73)
	at com.kms.katalon.core.webui.keyword.WebUiBuiltInKeywords.click(WebUiBuiltInKeywords.groovy:619)
	at com.kms.katalon.core.webui.keyword.WebUiBuiltInKeywords$click$3.call(Unknown Source)
	at TC25_ConvertPublicChannelToPrivate.run(TC25_ConvertPublicChannelToPrivate:26)
	at com.kms.katalon.core.main.ScriptEngine.run(ScriptEngine.java:194)
	at com.kms.katalon.core.main.ScriptEngine.runScriptAsRawText(ScriptEngine.java:119)
	at com.kms.katalon.core.main.TestCaseExecutor.runScript(TestCaseExecutor.java:398)
	at com.kms.katalon.core.main.TestCaseExecutor.doExecute(TestCaseExecutor.java:389)
	at com.kms.katalon.core.main.TestCaseExecutor.processExecutionPhase(TestCaseExecutor.java:368)
	at com.kms.katalon.core.main.TestCaseExecutor.accessMainPhase(TestCaseExecutor.java:360)
	at com.kms.katalon.core.main.TestCaseExecutor.execute(TestCaseExecutor.java:255)
	at com.kms.katalon.core.main.TestSuiteExecutor.accessTestCaseMainPhase(TestSuiteExecutor.java:203)
	at com.kms.katalon.core.main.TestSuiteExecutor.accessTestSuiteMainPhase(TestSuiteExecutor.java:152)
	at com.kms.katalon.core.main.TestSuiteExecutor.execute(TestSuiteExecutor.java:95)
	at com.kms.katalon.core.main.TestCaseMain.startTestSuite(TestCaseMain.java:157)
	at com.kms.katalon.core.main.TestCaseMain$startTestSuite$0.call(Unknown Source)
	at TempTestSuite1622128062646.run(TempTestSuite1622128062646.groovy:39)
Caused by: com.kms.katalon.core.webui.exception.WebElementNotFoundException: Web element with id: 'Object Repository/1712612_Mattermost Object/Page_Town Square - Test 1712612 Mattermost/a_new channel' located by '//a[@id='sidebarItem_new-channel']' not found
	at com.kms.katalon.core.webui.common.WebUiCommonHelper.findWebElement(WebUiCommonHelper.java:1368)
	at com.kms.katalon.core.webui.keyword.internal.WebUIAbstractKeyword.findWebElement(WebUIAbstractKeyword.groovy:27)
	at com.kms.katalon.core.webui.keyword.internal.WebUIAbstractKeyword.findWebElement(WebUIAbstractKeyword.groovy:26)
	at com.kms.katalon.core.webui.keyword.builtin.ClickKeyword$_click_closure1.doCall(ClickKeyword.groovy:66)
	at com.kms.katalon.core.webui.keyword.builtin.ClickKeyword$_click_closure1.call(ClickKeyword.groovy)
	at com.kms.katalon.core.webui.keyword.internal.WebUIKeywordMain.runKeyword(WebUIKeywordMain.groovy:20)
	... 19 more


2021-05-27 22:21:58 - [TEST_STEP][PASSED] - callTestCase(findTestCase("1712612/CommonTC/TC_OpenPage"), [:], STOP_ON_FAILURE): Call Test Case 'Test Cases/1712612/CommonTC/TC_OpenPage' successfully

2021-05-27 22:21:58 - [TEST_CASE][PASSED] - Test Cases/1712612/CommonTC/TC_OpenPage: Test Cases/1712612/CommonTC/TC_OpenPage

2021-05-27 22:21:58 - [TEST_STEP][PASSED] - openBrowser(""): Browser is opened with url: ''

2021-05-27 22:21:58 - [MESSAGE][WARNING] - A browser is already opened. Closing browser and opening a new one

2021-05-27 22:22:00 - [MESSAGE][INFO] - Starting 'Chrome' driver

2021-05-27 22:22:00 - [MESSAGE][INFO] - Action delay is set to 0 milliseconds

2021-05-27 22:22:03 - [MESSAGE][PASSED] - Browser is opened with url: ''

2021-05-27 22:22:03 - [TEST_STEP][PASSED] - navigateToUrl("https://mattermostwebapp.herokuapp.com/login"): Navigate to 'https://mattermostwebapp.herokuapp.com/login' successfully

2021-05-27 22:22:09 - [MESSAGE][PASSED] - Navigate to 'https://mattermostwebapp.herokuapp.com/login' successfully

2021-05-27 22:22:09 - [MESSAGE][PASSED] - Call Test Case 'Test Cases/1712612/CommonTC/TC_OpenPage' successfully

2021-05-27 22:22:09 - [TEST_STEP][PASSED] - callTestCase(findTestCase("1712612/CommonTC/TC_Login"), [:], STOP_ON_FAILURE): Call Test Case 'Test Cases/1712612/CommonTC/TC_Login' successfully

2021-05-27 22:22:09 - [TEST_CASE][PASSED] - Test Cases/1712612/CommonTC/TC_Login: Test Cases/1712612/CommonTC/TC_Login

2021-05-27 22:22:09 - [TEST_STEP][PASSED] - verifyElementVisible(findTestObject("Object Repository/1712612_Mattermost Object/Page_Mattermost/input_login_username"), STOP_ON_FAILURE): Object 'Object Repository/1712612_Mattermost Object/Page_Mattermost/input_login_username' is visible

2021-05-27 22:22:14 - [MESSAGE][PASSED] - Object 'Object Repository/1712612_Mattermost Object/Page_Mattermost/input_login_username' is visible

2021-05-27 22:22:14 - [TEST_STEP][PASSED] - verifyElementVisible(findTestObject("Object Repository/1712612_Mattermost Object/Page_Mattermost/input_login_password"), STOP_ON_FAILURE): Object 'Object Repository/1712612_Mattermost Object/Page_Mattermost/input_login_password' is visible

2021-05-27 22:22:15 - [MESSAGE][PASSED] - Object 'Object Repository/1712612_Mattermost Object/Page_Mattermost/input_login_password' is visible

2021-05-27 22:22:15 - [TEST_STEP][PASSED] - setText(findTestObject("Object Repository/1712612_Mattermost Object/Page_Mattermost/input_login_username"), "nghi_tran"): Text 'nghi_tran' is set on object 'Object Repository/1712612_Mattermost Object/Page_Mattermost/input_login_username'

2021-05-27 22:22:17 - [MESSAGE][PASSED] - Text 'nghi_tran' is set on object 'Object Repository/1712612_Mattermost Object/Page_Mattermost/input_login_username'

2021-05-27 22:22:17 - [TEST_STEP][PASSED] - setEncryptedText(findTestObject("Object Repository/1712612_Mattermost Object/Page_Mattermost/input_login_password"), "KBlHou+hFmnFUOUwxwboiw=="): Text ****** has been set on object 'Object Repository/1712612_Mattermost Object/Page_Mattermost/input_login_password'

2021-05-27 22:22:18 - [MESSAGE][PASSED] - Text ****** has been set on object 'Object Repository/1712612_Mattermost Object/Page_Mattermost/input_login_password'

2021-05-27 22:22:18 - [TEST_STEP][PASSED] - click(findTestObject("Object Repository/1712612_Mattermost Object/Page_Mattermost/button_Sign in")): Object: 'Object Repository/1712612_Mattermost Object/Page_Mattermost/button_Sign in' is clicked on

2021-05-27 22:22:19 - [MESSAGE][PASSED] - Object: 'Object Repository/1712612_Mattermost Object/Page_Mattermost/button_Sign in' is clicked on

2021-05-27 22:22:19 - [TEST_STEP][PASSED] - verifyElementVisible(findTestObject("Object Repository/1712612_Mattermost Object/Page_Town Square - another Mattermost/img__Avatar Avatar-lg"), STOP_ON_FAILURE): Object 'Object Repository/1712612_Mattermost Object/Page_Town Square - another Mattermost/img__Avatar Avatar-lg' is visible

2021-05-27 22:22:23 - [MESSAGE][PASSED] - Object 'Object Repository/1712612_Mattermost Object/Page_Town Square - another Mattermost/img__Avatar Avatar-lg' is visible

2021-05-27 22:22:23 - [MESSAGE][PASSED] - Call Test Case 'Test Cases/1712612/CommonTC/TC_Login' successfully

2021-05-27 22:22:23 - [TEST_STEP][PASSED] - navigateToUrl("https://mattermostwebapp.herokuapp.com/test-1712612/channels/town-square"): Navigate to 'https://mattermostwebapp.herokuapp.com/test-1712612/channels/town-square' successfully

2021-05-27 22:22:24 - [MESSAGE][PASSED] - Navigate to 'https://mattermostwebapp.herokuapp.com/test-1712612/channels/town-square' successfully

2021-05-27 22:22:24 - [TEST_STEP][FAILED] - click(findTestObject("Object Repository/1712612_Mattermost Object/Page_Town Square - Test 1712612 Mattermost/a_new channel")): Unable to click on object 'Object Repository/1712612_Mattermost Object/Page_Town Square - Test 1712612 Mattermost/a_new channel' (Root cause: com.kms.katalon.core.exception.StepFailedException: Unable to click on object 'Object Repository/1712612_Mattermost Object/Page_Town Square - Test 1712612 Mattermost/a_new channel'
	at com.kms.katalon.core.webui.keyword.internal.WebUIKeywordMain.stepFailed(WebUIKeywordMain.groovy:64)
	at com.kms.katalon.core.webui.keyword.internal.WebUIKeywordMain.runKeyword(WebUIKeywordMain.groovy:26)
	at com.kms.katalon.core.webui.keyword.builtin.ClickKeyword.click(ClickKeyword.groovy:75)
	at com.kms.katalon.core.webui.keyword.builtin.ClickKeyword.execute(ClickKeyword.groovy:42)
	at com.kms.katalon.core.keyword.internal.KeywordExecutor.executeKeywordForPlatform(KeywordExecutor.groovy:73)
	at com.kms.katalon.core.webui.keyword.WebUiBuiltInKeywords.click(WebUiBuiltInKeywords.groovy:619)
	at com.kms.katalon.core.webui.keyword.WebUiBuiltInKeywords$click$3.call(Unknown Source)
	at TC25_ConvertPublicChannelToPrivate.run(TC25_ConvertPublicChannelToPrivate:26)
	at com.kms.katalon.core.main.ScriptEngine.run(ScriptEngine.java:194)
	at com.kms.katalon.core.main.ScriptEngine.runScriptAsRawText(ScriptEngine.java:119)
	at com.kms.katalon.core.main.TestCaseExecutor.runScript(TestCaseExecutor.java:398)
	at com.kms.katalon.core.main.TestCaseExecutor.doExecute(TestCaseExecutor.java:389)
	at com.kms.katalon.core.main.TestCaseExecutor.processExecutionPhase(TestCaseExecutor.java:368)
	at com.kms.katalon.core.main.TestCaseExecutor.accessMainPhase(TestCaseExecutor.java:360)
	at com.kms.katalon.core.main.TestCaseExecutor.execute(TestCaseExecutor.java:255)
	at com.kms.katalon.core.main.TestSuiteExecutor.accessTestCaseMainPhase(TestSuiteExecutor.java:203)
	at com.kms.katalon.core.main.TestSuiteExecutor.accessTestSuiteMainPhase(TestSuiteExecutor.java:152)
	at com.kms.katalon.core.main.TestSuiteExecutor.execute(TestSuiteExecutor.java:95)
	at com.kms.katalon.core.main.TestCaseMain.startTestSuite(TestCaseMain.java:157)
	at com.kms.katalon.core.main.TestCaseMain$startTestSuite$0.call(Unknown Source)
	at TempTestSuite1622128062646.run(TempTestSuite1622128062646.groovy:39)
Caused by: com.kms.katalon.core.webui.exception.WebElementNotFoundException: Web element with id: 'Object Repository/1712612_Mattermost Object/Page_Town Square - Test 1712612 Mattermost/a_new channel' located by '//a[@id='sidebarItem_new-channel']' not found
	at com.kms.katalon.core.webui.common.WebUiCommonHelper.findWebElement(WebUiCommonHelper.java:1368)
	at com.kms.katalon.core.webui.keyword.internal.WebUIAbstractKeyword.findWebElement(WebUIAbstractKeyword.groovy:27)
	at com.kms.katalon.core.webui.keyword.internal.WebUIAbstractKeyword.findWebElement(WebUIAbstractKeyword.groovy:26)
	at com.kms.katalon.core.webui.keyword.builtin.ClickKeyword$_click_closure1.doCall(ClickKeyword.groovy:66)
	at com.kms.katalon.core.webui.keyword.builtin.ClickKeyword$_click_closure1.call(ClickKeyword.groovy)
	at com.kms.katalon.core.webui.keyword.internal.WebUIKeywordMain.runKeyword(WebUIKeywordMain.groovy:20)
	at com.kms.katalon.core.webui.keyword.builtin.ClickKeyword.click(ClickKeyword.groovy:75)
	at com.kms.katalon.core.webui.keyword.builtin.ClickKeyword.execute(ClickKeyword.groovy:42)
	at com.kms.katalon.core.keyword.internal.KeywordExecutor.executeKeywordForPlatform(KeywordExecutor.groovy:73)
	at com.kms.katalon.core.webui.keyword.WebUiBuiltInKeywords.click(WebUiBuiltInKeywords.groovy:619)
	at com.kms.katalon.core.webui.keyword.WebUiBuiltInKeywords$click$3.call(Unknown Source)
	at Script1621656968177.run(Script1621656968177.groovy:26)
	... 13 more
)

2021-05-27 22:22:55 - [MESSAGE][INFO] - Unable to find the element located by 'By.xpath: //a[@id='sidebarItem_new-channel']'. Please recheck the objects properties to make sure the desired element is located. 

2021-05-27 22:22:55 - [MESSAGE][FAILED] - Unable to click on object 'Object Repository/1712612_Mattermost Object/Page_Town Square - Test 1712612 Mattermost/a_new channel' (Root cause: com.kms.katalon.core.exception.StepFailedException: Unable to click on object 'Object Repository/1712612_Mattermost Object/Page_Town Square - Test 1712612 Mattermost/a_new channel'
	at com.kms.katalon.core.webui.keyword.internal.WebUIKeywordMain.stepFailed(WebUIKeywordMain.groovy:64)
	at com.kms.katalon.core.webui.keyword.internal.WebUIKeywordMain.runKeyword(WebUIKeywordMain.groovy:26)
	at com.kms.katalon.core.webui.keyword.builtin.ClickKeyword.click(ClickKeyword.groovy:75)
	at com.kms.katalon.core.webui.keyword.builtin.ClickKeyword.execute(ClickKeyword.groovy:42)
	at com.kms.katalon.core.keyword.internal.KeywordExecutor.executeKeywordForPlatform(KeywordExecutor.groovy:73)
	at com.kms.katalon.core.webui.keyword.WebUiBuiltInKeywords.click(WebUiBuiltInKeywords.groovy:619)
	at com.kms.katalon.core.webui.keyword.WebUiBuiltInKeywords$click$3.call(Unknown Source)
	at TC25_ConvertPublicChannelToPrivate.run(TC25_ConvertPublicChannelToPrivate:26)
	at com.kms.katalon.core.main.ScriptEngine.run(ScriptEngine.java:194)
	at com.kms.katalon.core.main.ScriptEngine.runScriptAsRawText(ScriptEngine.java:119)
	at com.kms.katalon.core.main.TestCaseExecutor.runScript(TestCaseExecutor.java:398)
	at com.kms.katalon.core.main.TestCaseExecutor.doExecute(TestCaseExecutor.java:389)
	at com.kms.katalon.core.main.TestCaseExecutor.processExecutionPhase(TestCaseExecutor.java:368)
	at com.kms.katalon.core.main.TestCaseExecutor.accessMainPhase(TestCaseExecutor.java:360)
	at com.kms.katalon.core.main.TestCaseExecutor.execute(TestCaseExecutor.java:255)
	at com.kms.katalon.core.main.TestSuiteExecutor.accessTestCaseMainPhase(TestSuiteExecutor.java:203)
	at com.kms.katalon.core.main.TestSuiteExecutor.accessTestSuiteMainPhase(TestSuiteExecutor.java:152)
	at com.kms.katalon.core.main.TestSuiteExecutor.execute(TestSuiteExecutor.java:95)
	at com.kms.katalon.core.main.TestCaseMain.startTestSuite(TestCaseMain.java:157)
	at com.kms.katalon.core.main.TestCaseMain$startTestSuite$0.call(Unknown Source)
	at TempTestSuite1622128062646.run(TempTestSuite1622128062646.groovy:39)
Caused by: com.kms.katalon.core.webui.exception.WebElementNotFoundException: Web element with id: 'Object Repository/1712612_Mattermost Object/Page_Town Square - Test 1712612 Mattermost/a_new channel' located by '//a[@id='sidebarItem_new-channel']' not found
	at com.kms.katalon.core.webui.common.WebUiCommonHelper.findWebElement(WebUiCommonHelper.java:1368)
	at com.kms.katalon.core.webui.keyword.internal.WebUIAbstractKeyword.findWebElement(WebUIAbstractKeyword.groovy:27)
	at com.kms.katalon.core.webui.keyword.internal.WebUIAbstractKeyword.findWebElement(WebUIAbstractKeyword.groovy:26)
	at com.kms.katalon.core.webui.keyword.builtin.ClickKeyword$_click_closure1.doCall(ClickKeyword.groovy:66)
	at com.kms.katalon.core.webui.keyword.builtin.ClickKeyword$_click_closure1.call(ClickKeyword.groovy)
	at com.kms.katalon.core.webui.keyword.internal.WebUIKeywordMain.runKeyword(WebUIKeywordMain.groovy:20)
	at com.kms.katalon.core.webui.keyword.builtin.ClickKeyword.click(ClickKeyword.groovy:75)
	at com.kms.katalon.core.webui.keyword.builtin.ClickKeyword.execute(ClickKeyword.groovy:42)
	at com.kms.katalon.core.keyword.internal.KeywordExecutor.executeKeywordForPlatform(KeywordExecutor.groovy:73)
	at com.kms.katalon.core.webui.keyword.WebUiBuiltInKeywords.click(WebUiBuiltInKeywords.groovy:619)
	at com.kms.katalon.core.webui.keyword.WebUiBuiltInKeywords$click$3.call(Unknown Source)
	at Script1621656968177.run(Script1621656968177.groovy:26)
	... 13 more
)
[[ATTACHMENT|E:\\Tai lieu hoc\\Nam 7\\HK2\\New Topics\\Homework 2\\New folder\\Mattermost_Autotesting_2\\Mattermost_AutoTesting\\Reports\\20210527_220742\\1412263\\Run_All_Test_Cases\\20210527_220742\\1622128975709.png]]]]></system-out>
         <system-err><![CDATA[2021-05-27 22:21:57 - [TEST_CASE][FAILED] - Test Cases/1712612/TC25_ConvertPublicChannelToPrivate: Test Cases/1712612/TC25_ConvertPublicChannelToPrivate FAILED.
Reason:
com.kms.katalon.core.exception.StepFailedException: Unable to click on object 'Object Repository/1712612_Mattermost Object/Page_Town Square - Test 1712612 Mattermost/a_new channel'
	at com.kms.katalon.core.webui.keyword.internal.WebUIKeywordMain.stepFailed(WebUIKeywordMain.groovy:64)
	at com.kms.katalon.core.webui.keyword.internal.WebUIKeywordMain.runKeyword(WebUIKeywordMain.groovy:26)
	at com.kms.katalon.core.webui.keyword.builtin.ClickKeyword.click(ClickKeyword.groovy:75)
	at com.kms.katalon.core.webui.keyword.builtin.ClickKeyword.execute(ClickKeyword.groovy:42)
	at com.kms.katalon.core.keyword.internal.KeywordExecutor.executeKeywordForPlatform(KeywordExecutor.groovy:73)
	at com.kms.katalon.core.webui.keyword.WebUiBuiltInKeywords.click(WebUiBuiltInKeywords.groovy:619)
	at com.kms.katalon.core.webui.keyword.WebUiBuiltInKeywords$click$3.call(Unknown Source)
	at TC25_ConvertPublicChannelToPrivate.run(TC25_ConvertPublicChannelToPrivate:26)
	at com.kms.katalon.core.main.ScriptEngine.run(ScriptEngine.java:194)
	at com.kms.katalon.core.main.ScriptEngine.runScriptAsRawText(ScriptEngine.java:119)
	at com.kms.katalon.core.main.TestCaseExecutor.runScript(TestCaseExecutor.java:398)
	at com.kms.katalon.core.main.TestCaseExecutor.doExecute(TestCaseExecutor.java:389)
	at com.kms.katalon.core.main.TestCaseExecutor.processExecutionPhase(TestCaseExecutor.java:368)
	at com.kms.katalon.core.main.TestCaseExecutor.accessMainPhase(TestCaseExecutor.java:360)
	at com.kms.katalon.core.main.TestCaseExecutor.execute(TestCaseExecutor.java:255)
	at com.kms.katalon.core.main.TestSuiteExecutor.accessTestCaseMainPhase(TestSuiteExecutor.java:203)
	at com.kms.katalon.core.main.TestSuiteExecutor.accessTestSuiteMainPhase(TestSuiteExecutor.java:152)
	at com.kms.katalon.core.main.TestSuiteExecutor.execute(TestSuiteExecutor.java:95)
	at com.kms.katalon.core.main.TestCaseMain.startTestSuite(TestCaseMain.java:157)
	at com.kms.katalon.core.main.TestCaseMain$startTestSuite$0.call(Unknown Source)
	at TempTestSuite1622128062646.run(TempTestSuite1622128062646.groovy:39)
Caused by: com.kms.katalon.core.webui.exception.WebElementNotFoundException: Web element with id: 'Object Repository/1712612_Mattermost Object/Page_Town Square - Test 1712612 Mattermost/a_new channel' located by '//a[@id='sidebarItem_new-channel']' not found
	at com.kms.katalon.core.webui.common.WebUiCommonHelper.findWebElement(WebUiCommonHelper.java:1368)
	at com.kms.katalon.core.webui.keyword.internal.WebUIAbstractKeyword.findWebElement(WebUIAbstractKeyword.groovy:27)
	at com.kms.katalon.core.webui.keyword.internal.WebUIAbstractKeyword.findWebElement(WebUIAbstractKeyword.groovy:26)
	at com.kms.katalon.core.webui.keyword.builtin.ClickKeyword$_click_closure1.doCall(ClickKeyword.groovy:66)
	at com.kms.katalon.core.webui.keyword.builtin.ClickKeyword$_click_closure1.call(ClickKeyword.groovy)
	at com.kms.katalon.core.webui.keyword.internal.WebUIKeywordMain.runKeyword(WebUIKeywordMain.groovy:20)
	... 19 more]]></system-err>
      </testcase>
      <testcase name="Test Cases/1712612/TC26_PinMessageInPublicChannel" time="57.347" classname="Test Cases/1712612/TC26_PinMessageInPublicChannel" status="FAILED">
         <failure type="FAILED" message="Test Cases/1712612/TC26_PinMessageInPublicChannel FAILED.
Reason:
com.kms.katalon.core.exception.StepFailedException: Unable to click on object 'Object Repository/1712612_Mattermost Object/Page_Town Square - Test 1712612 Mattermost/button_nghi_tran_CENTER_button_y84p141g8fff_63d7c5'
	at com.kms.katalon.core.webui.keyword.internal.WebUIKeywordMain.stepFailed(WebUIKeywordMain.groovy:64)
	at com.kms.katalon.core.webui.keyword.internal.WebUIKeywordMain.runKeyword(WebUIKeywordMain.groovy:26)
	at com.kms.katalon.core.webui.keyword.builtin.ClickKeyword.click(ClickKeyword.groovy:75)
	at com.kms.katalon.core.webui.keyword.builtin.ClickKeyword.execute(ClickKeyword.groovy:42)
	at com.kms.katalon.core.keyword.internal.KeywordExecutor.executeKeywordForPlatform(KeywordExecutor.groovy:73)
	at com.kms.katalon.core.webui.keyword.WebUiBuiltInKeywords.click(WebUiBuiltInKeywords.groovy:619)
	at com.kms.katalon.core.webui.keyword.WebUiBuiltInKeywords$click$3.call(Unknown Source)
	at TC26_PinMessageInPublicChannel.run(TC26_PinMessageInPublicChannel:26)
	at com.kms.katalon.core.main.ScriptEngine.run(ScriptEngine.java:194)
	at com.kms.katalon.core.main.ScriptEngine.runScriptAsRawText(ScriptEngine.java:119)
	at com.kms.katalon.core.main.TestCaseExecutor.runScript(TestCaseExecutor.java:398)
	at com.kms.katalon.core.main.TestCaseExecutor.doExecute(TestCaseExecutor.java:389)
	at com.kms.katalon.core.main.TestCaseExecutor.processExecutionPhase(TestCaseExecutor.java:368)
	at com.kms.katalon.core.main.TestCaseExecutor.accessMainPhase(TestCaseExecutor.java:360)
	at com.kms.katalon.core.main.TestCaseExecutor.execute(TestCaseExecutor.java:255)
	at com.kms.katalon.core.main.TestSuiteExecutor.accessTestCaseMainPhase(TestSuiteExecutor.java:203)
	at com.kms.katalon.core.main.TestSuiteExecutor.accessTestSuiteMainPhase(TestSuiteExecutor.java:152)
	at com.kms.katalon.core.main.TestSuiteExecutor.execute(TestSuiteExecutor.java:95)
	at com.kms.katalon.core.main.TestCaseMain.startTestSuite(TestCaseMain.java:157)
	at com.kms.katalon.core.main.TestCaseMain$startTestSuite$0.call(Unknown Source)
	at TempTestSuite1622128062646.run(TempTestSuite1622128062646.groovy:39)
Caused by: com.kms.katalon.core.webui.exception.WebElementNotFoundException: Web element with id: 'Object Repository/1712612_Mattermost Object/Page_Town Square - Test 1712612 Mattermost/button_nghi_tran_CENTER_button_y84p141g8fff_63d7c5' located by '//button[@id='CENTER_button_y84p141g8fffugwo5wnkspdt1o']' not found
	at com.kms.katalon.core.webui.common.WebUiCommonHelper.findWebElement(WebUiCommonHelper.java:1368)
	at com.kms.katalon.core.webui.keyword.internal.WebUIAbstractKeyword.findWebElement(WebUIAbstractKeyword.groovy:27)
	at com.kms.katalon.core.webui.keyword.internal.WebUIAbstractKeyword.findWebElement(WebUIAbstractKeyword.groovy:26)
	at com.kms.katalon.core.webui.keyword.builtin.ClickKeyword$_click_closure1.doCall(ClickKeyword.groovy:66)
	at com.kms.katalon.core.webui.keyword.builtin.ClickKeyword$_click_closure1.call(ClickKeyword.groovy)
	at com.kms.katalon.core.webui.keyword.internal.WebUIKeywordMain.runKeyword(WebUIKeywordMain.groovy:20)
	... 19 more
"/>
         <system-out><![CDATA[2021-05-27 22:22:55 - [TEST_CASE][FAILED] - Test Cases/1712612/TC26_PinMessageInPublicChannel: Test Cases/1712612/TC26_PinMessageInPublicChannel FAILED.
Reason:
com.kms.katalon.core.exception.StepFailedException: Unable to click on object 'Object Repository/1712612_Mattermost Object/Page_Town Square - Test 1712612 Mattermost/button_nghi_tran_CENTER_button_y84p141g8fff_63d7c5'
	at com.kms.katalon.core.webui.keyword.internal.WebUIKeywordMain.stepFailed(WebUIKeywordMain.groovy:64)
	at com.kms.katalon.core.webui.keyword.internal.WebUIKeywordMain.runKeyword(WebUIKeywordMain.groovy:26)
	at com.kms.katalon.core.webui.keyword.builtin.ClickKeyword.click(ClickKeyword.groovy:75)
	at com.kms.katalon.core.webui.keyword.builtin.ClickKeyword.execute(ClickKeyword.groovy:42)
	at com.kms.katalon.core.keyword.internal.KeywordExecutor.executeKeywordForPlatform(KeywordExecutor.groovy:73)
	at com.kms.katalon.core.webui.keyword.WebUiBuiltInKeywords.click(WebUiBuiltInKeywords.groovy:619)
	at com.kms.katalon.core.webui.keyword.WebUiBuiltInKeywords$click$3.call(Unknown Source)
	at TC26_PinMessageInPublicChannel.run(TC26_PinMessageInPublicChannel:26)
	at com.kms.katalon.core.main.ScriptEngine.run(ScriptEngine.java:194)
	at com.kms.katalon.core.main.ScriptEngine.runScriptAsRawText(ScriptEngine.java:119)
	at com.kms.katalon.core.main.TestCaseExecutor.runScript(TestCaseExecutor.java:398)
	at com.kms.katalon.core.main.TestCaseExecutor.doExecute(TestCaseExecutor.java:389)
	at com.kms.katalon.core.main.TestCaseExecutor.processExecutionPhase(TestCaseExecutor.java:368)
	at com.kms.katalon.core.main.TestCaseExecutor.accessMainPhase(TestCaseExecutor.java:360)
	at com.kms.katalon.core.main.TestCaseExecutor.execute(TestCaseExecutor.java:255)
	at com.kms.katalon.core.main.TestSuiteExecutor.accessTestCaseMainPhase(TestSuiteExecutor.java:203)
	at com.kms.katalon.core.main.TestSuiteExecutor.accessTestSuiteMainPhase(TestSuiteExecutor.java:152)
	at com.kms.katalon.core.main.TestSuiteExecutor.execute(TestSuiteExecutor.java:95)
	at com.kms.katalon.core.main.TestCaseMain.startTestSuite(TestCaseMain.java:157)
	at com.kms.katalon.core.main.TestCaseMain$startTestSuite$0.call(Unknown Source)
	at TempTestSuite1622128062646.run(TempTestSuite1622128062646.groovy:39)
Caused by: com.kms.katalon.core.webui.exception.WebElementNotFoundException: Web element with id: 'Object Repository/1712612_Mattermost Object/Page_Town Square - Test 1712612 Mattermost/button_nghi_tran_CENTER_button_y84p141g8fff_63d7c5' located by '//button[@id='CENTER_button_y84p141g8fffugwo5wnkspdt1o']' not found
	at com.kms.katalon.core.webui.common.WebUiCommonHelper.findWebElement(WebUiCommonHelper.java:1368)
	at com.kms.katalon.core.webui.keyword.internal.WebUIAbstractKeyword.findWebElement(WebUIAbstractKeyword.groovy:27)
	at com.kms.katalon.core.webui.keyword.internal.WebUIAbstractKeyword.findWebElement(WebUIAbstractKeyword.groovy:26)
	at com.kms.katalon.core.webui.keyword.builtin.ClickKeyword$_click_closure1.doCall(ClickKeyword.groovy:66)
	at com.kms.katalon.core.webui.keyword.builtin.ClickKeyword$_click_closure1.call(ClickKeyword.groovy)
	at com.kms.katalon.core.webui.keyword.internal.WebUIKeywordMain.runKeyword(WebUIKeywordMain.groovy:20)
	... 19 more


2021-05-27 22:22:56 - [TEST_STEP][PASSED] - callTestCase(findTestCase("1712612/CommonTC/TC_OpenPage"), [:], STOP_ON_FAILURE): Call Test Case 'Test Cases/1712612/CommonTC/TC_OpenPage' successfully

2021-05-27 22:22:56 - [TEST_CASE][PASSED] - Test Cases/1712612/CommonTC/TC_OpenPage: Test Cases/1712612/CommonTC/TC_OpenPage

2021-05-27 22:22:56 - [TEST_STEP][PASSED] - openBrowser(""): Browser is opened with url: ''

2021-05-27 22:22:56 - [MESSAGE][WARNING] - A browser is already opened. Closing browser and opening a new one

2021-05-27 22:22:57 - [MESSAGE][INFO] - Starting 'Chrome' driver

2021-05-27 22:22:57 - [MESSAGE][INFO] - Action delay is set to 0 milliseconds

2021-05-27 22:22:59 - [MESSAGE][PASSED] - Browser is opened with url: ''

2021-05-27 22:22:59 - [TEST_STEP][PASSED] - navigateToUrl("https://mattermostwebapp.herokuapp.com/login"): Navigate to 'https://mattermostwebapp.herokuapp.com/login' successfully

2021-05-27 22:23:04 - [MESSAGE][PASSED] - Navigate to 'https://mattermostwebapp.herokuapp.com/login' successfully

2021-05-27 22:23:04 - [MESSAGE][PASSED] - Call Test Case 'Test Cases/1712612/CommonTC/TC_OpenPage' successfully

2021-05-27 22:23:04 - [TEST_STEP][PASSED] - callTestCase(findTestCase("1712612/CommonTC/TC_Login"), [:], STOP_ON_FAILURE): Call Test Case 'Test Cases/1712612/CommonTC/TC_Login' successfully

2021-05-27 22:23:04 - [TEST_CASE][PASSED] - Test Cases/1712612/CommonTC/TC_Login: Test Cases/1712612/CommonTC/TC_Login

2021-05-27 22:23:04 - [TEST_STEP][PASSED] - verifyElementVisible(findTestObject("Object Repository/1712612_Mattermost Object/Page_Mattermost/input_login_username"), STOP_ON_FAILURE): Object 'Object Repository/1712612_Mattermost Object/Page_Mattermost/input_login_username' is visible

2021-05-27 22:23:09 - [MESSAGE][PASSED] - Object 'Object Repository/1712612_Mattermost Object/Page_Mattermost/input_login_username' is visible

2021-05-27 22:23:09 - [TEST_STEP][PASSED] - verifyElementVisible(findTestObject("Object Repository/1712612_Mattermost Object/Page_Mattermost/input_login_password"), STOP_ON_FAILURE): Object 'Object Repository/1712612_Mattermost Object/Page_Mattermost/input_login_password' is visible

2021-05-27 22:23:10 - [MESSAGE][PASSED] - Object 'Object Repository/1712612_Mattermost Object/Page_Mattermost/input_login_password' is visible

2021-05-27 22:23:10 - [TEST_STEP][PASSED] - setText(findTestObject("Object Repository/1712612_Mattermost Object/Page_Mattermost/input_login_username"), "nghi_tran"): Text 'nghi_tran' is set on object 'Object Repository/1712612_Mattermost Object/Page_Mattermost/input_login_username'

2021-05-27 22:23:12 - [MESSAGE][PASSED] - Text 'nghi_tran' is set on object 'Object Repository/1712612_Mattermost Object/Page_Mattermost/input_login_username'

2021-05-27 22:23:12 - [TEST_STEP][PASSED] - setEncryptedText(findTestObject("Object Repository/1712612_Mattermost Object/Page_Mattermost/input_login_password"), "KBlHou+hFmnFUOUwxwboiw=="): Text ****** has been set on object 'Object Repository/1712612_Mattermost Object/Page_Mattermost/input_login_password'

2021-05-27 22:23:13 - [MESSAGE][PASSED] - Text ****** has been set on object 'Object Repository/1712612_Mattermost Object/Page_Mattermost/input_login_password'

2021-05-27 22:23:13 - [TEST_STEP][PASSED] - click(findTestObject("Object Repository/1712612_Mattermost Object/Page_Mattermost/button_Sign in")): Object: 'Object Repository/1712612_Mattermost Object/Page_Mattermost/button_Sign in' is clicked on

2021-05-27 22:23:13 - [MESSAGE][PASSED] - Object: 'Object Repository/1712612_Mattermost Object/Page_Mattermost/button_Sign in' is clicked on

2021-05-27 22:23:13 - [TEST_STEP][PASSED] - verifyElementVisible(findTestObject("Object Repository/1712612_Mattermost Object/Page_Town Square - another Mattermost/img__Avatar Avatar-lg"), STOP_ON_FAILURE): Object 'Object Repository/1712612_Mattermost Object/Page_Town Square - another Mattermost/img__Avatar Avatar-lg' is visible

2021-05-27 22:23:20 - [MESSAGE][PASSED] - Object 'Object Repository/1712612_Mattermost Object/Page_Town Square - another Mattermost/img__Avatar Avatar-lg' is visible

2021-05-27 22:23:20 - [MESSAGE][PASSED] - Call Test Case 'Test Cases/1712612/CommonTC/TC_Login' successfully

2021-05-27 22:23:20 - [TEST_STEP][PASSED] - navigateToUrl("https://mattermostwebapp.herokuapp.com/test-1712612/channels/town-square"): Navigate to 'https://mattermostwebapp.herokuapp.com/test-1712612/channels/town-square' successfully

2021-05-27 22:23:21 - [MESSAGE][PASSED] - Navigate to 'https://mattermostwebapp.herokuapp.com/test-1712612/channels/town-square' successfully

2021-05-27 22:23:21 - [TEST_STEP][FAILED] - click(findTestObject("Object Repository/1712612_Mattermost Object/Page_Town Square - Test 1712612 Mattermost/button_nghi_tran_CENTER_button_y84p141g8fff_63d7c5")): Unable to click on object 'Object Repository/1712612_Mattermost Object/Page_Town Square - Test 1712612 Mattermost/button_nghi_tran_CENTER_button_y84p141g8fff_63d7c5' (Root cause: com.kms.katalon.core.exception.StepFailedException: Unable to click on object 'Object Repository/1712612_Mattermost Object/Page_Town Square - Test 1712612 Mattermost/button_nghi_tran_CENTER_button_y84p141g8fff_63d7c5'
	at com.kms.katalon.core.webui.keyword.internal.WebUIKeywordMain.stepFailed(WebUIKeywordMain.groovy:64)
	at com.kms.katalon.core.webui.keyword.internal.WebUIKeywordMain.runKeyword(WebUIKeywordMain.groovy:26)
	at com.kms.katalon.core.webui.keyword.builtin.ClickKeyword.click(ClickKeyword.groovy:75)
	at com.kms.katalon.core.webui.keyword.builtin.ClickKeyword.execute(ClickKeyword.groovy:42)
	at com.kms.katalon.core.keyword.internal.KeywordExecutor.executeKeywordForPlatform(KeywordExecutor.groovy:73)
	at com.kms.katalon.core.webui.keyword.WebUiBuiltInKeywords.click(WebUiBuiltInKeywords.groovy:619)
	at com.kms.katalon.core.webui.keyword.WebUiBuiltInKeywords$click$3.call(Unknown Source)
	at TC26_PinMessageInPublicChannel.run(TC26_PinMessageInPublicChannel:26)
	at com.kms.katalon.core.main.ScriptEngine.run(ScriptEngine.java:194)
	at com.kms.katalon.core.main.ScriptEngine.runScriptAsRawText(ScriptEngine.java:119)
	at com.kms.katalon.core.main.TestCaseExecutor.runScript(TestCaseExecutor.java:398)
	at com.kms.katalon.core.main.TestCaseExecutor.doExecute(TestCaseExecutor.java:389)
	at com.kms.katalon.core.main.TestCaseExecutor.processExecutionPhase(TestCaseExecutor.java:368)
	at com.kms.katalon.core.main.TestCaseExecutor.accessMainPhase(TestCaseExecutor.java:360)
	at com.kms.katalon.core.main.TestCaseExecutor.execute(TestCaseExecutor.java:255)
	at com.kms.katalon.core.main.TestSuiteExecutor.accessTestCaseMainPhase(TestSuiteExecutor.java:203)
	at com.kms.katalon.core.main.TestSuiteExecutor.accessTestSuiteMainPhase(TestSuiteExecutor.java:152)
	at com.kms.katalon.core.main.TestSuiteExecutor.execute(TestSuiteExecutor.java:95)
	at com.kms.katalon.core.main.TestCaseMain.startTestSuite(TestCaseMain.java:157)
	at com.kms.katalon.core.main.TestCaseMain$startTestSuite$0.call(Unknown Source)
	at TempTestSuite1622128062646.run(TempTestSuite1622128062646.groovy:39)
Caused by: com.kms.katalon.core.webui.exception.WebElementNotFoundException: Web element with id: 'Object Repository/1712612_Mattermost Object/Page_Town Square - Test 1712612 Mattermost/button_nghi_tran_CENTER_button_y84p141g8fff_63d7c5' located by '//button[@id='CENTER_button_y84p141g8fffugwo5wnkspdt1o']' not found
	at com.kms.katalon.core.webui.common.WebUiCommonHelper.findWebElement(WebUiCommonHelper.java:1368)
	at com.kms.katalon.core.webui.keyword.internal.WebUIAbstractKeyword.findWebElement(WebUIAbstractKeyword.groovy:27)
	at com.kms.katalon.core.webui.keyword.internal.WebUIAbstractKeyword.findWebElement(WebUIAbstractKeyword.groovy:26)
	at com.kms.katalon.core.webui.keyword.builtin.ClickKeyword$_click_closure1.doCall(ClickKeyword.groovy:66)
	at com.kms.katalon.core.webui.keyword.builtin.ClickKeyword$_click_closure1.call(ClickKeyword.groovy)
	at com.kms.katalon.core.webui.keyword.internal.WebUIKeywordMain.runKeyword(WebUIKeywordMain.groovy:20)
	at com.kms.katalon.core.webui.keyword.builtin.ClickKeyword.click(ClickKeyword.groovy:75)
	at com.kms.katalon.core.webui.keyword.builtin.ClickKeyword.execute(ClickKeyword.groovy:42)
	at com.kms.katalon.core.keyword.internal.KeywordExecutor.executeKeywordForPlatform(KeywordExecutor.groovy:73)
	at com.kms.katalon.core.webui.keyword.WebUiBuiltInKeywords.click(WebUiBuiltInKeywords.groovy:619)
	at com.kms.katalon.core.webui.keyword.WebUiBuiltInKeywords$click$3.call(Unknown Source)
	at Script1621657586209.run(Script1621657586209.groovy:26)
	... 13 more
)

2021-05-27 22:23:52 - [MESSAGE][INFO] - Unable to find the element located by 'By.xpath: //button[@id='CENTER_button_y84p141g8fffugwo5wnkspdt1o']'. Please recheck the objects properties to make sure the desired element is located. 

2021-05-27 22:23:53 - [MESSAGE][FAILED] - Unable to click on object 'Object Repository/1712612_Mattermost Object/Page_Town Square - Test 1712612 Mattermost/button_nghi_tran_CENTER_button_y84p141g8fff_63d7c5' (Root cause: com.kms.katalon.core.exception.StepFailedException: Unable to click on object 'Object Repository/1712612_Mattermost Object/Page_Town Square - Test 1712612 Mattermost/button_nghi_tran_CENTER_button_y84p141g8fff_63d7c5'
	at com.kms.katalon.core.webui.keyword.internal.WebUIKeywordMain.stepFailed(WebUIKeywordMain.groovy:64)
	at com.kms.katalon.core.webui.keyword.internal.WebUIKeywordMain.runKeyword(WebUIKeywordMain.groovy:26)
	at com.kms.katalon.core.webui.keyword.builtin.ClickKeyword.click(ClickKeyword.groovy:75)
	at com.kms.katalon.core.webui.keyword.builtin.ClickKeyword.execute(ClickKeyword.groovy:42)
	at com.kms.katalon.core.keyword.internal.KeywordExecutor.executeKeywordForPlatform(KeywordExecutor.groovy:73)
	at com.kms.katalon.core.webui.keyword.WebUiBuiltInKeywords.click(WebUiBuiltInKeywords.groovy:619)
	at com.kms.katalon.core.webui.keyword.WebUiBuiltInKeywords$click$3.call(Unknown Source)
	at TC26_PinMessageInPublicChannel.run(TC26_PinMessageInPublicChannel:26)
	at com.kms.katalon.core.main.ScriptEngine.run(ScriptEngine.java:194)
	at com.kms.katalon.core.main.ScriptEngine.runScriptAsRawText(ScriptEngine.java:119)
	at com.kms.katalon.core.main.TestCaseExecutor.runScript(TestCaseExecutor.java:398)
	at com.kms.katalon.core.main.TestCaseExecutor.doExecute(TestCaseExecutor.java:389)
	at com.kms.katalon.core.main.TestCaseExecutor.processExecutionPhase(TestCaseExecutor.java:368)
	at com.kms.katalon.core.main.TestCaseExecutor.accessMainPhase(TestCaseExecutor.java:360)
	at com.kms.katalon.core.main.TestCaseExecutor.execute(TestCaseExecutor.java:255)
	at com.kms.katalon.core.main.TestSuiteExecutor.accessTestCaseMainPhase(TestSuiteExecutor.java:203)
	at com.kms.katalon.core.main.TestSuiteExecutor.accessTestSuiteMainPhase(TestSuiteExecutor.java:152)
	at com.kms.katalon.core.main.TestSuiteExecutor.execute(TestSuiteExecutor.java:95)
	at com.kms.katalon.core.main.TestCaseMain.startTestSuite(TestCaseMain.java:157)
	at com.kms.katalon.core.main.TestCaseMain$startTestSuite$0.call(Unknown Source)
	at TempTestSuite1622128062646.run(TempTestSuite1622128062646.groovy:39)
Caused by: com.kms.katalon.core.webui.exception.WebElementNotFoundException: Web element with id: 'Object Repository/1712612_Mattermost Object/Page_Town Square - Test 1712612 Mattermost/button_nghi_tran_CENTER_button_y84p141g8fff_63d7c5' located by '//button[@id='CENTER_button_y84p141g8fffugwo5wnkspdt1o']' not found
	at com.kms.katalon.core.webui.common.WebUiCommonHelper.findWebElement(WebUiCommonHelper.java:1368)
	at com.kms.katalon.core.webui.keyword.internal.WebUIAbstractKeyword.findWebElement(WebUIAbstractKeyword.groovy:27)
	at com.kms.katalon.core.webui.keyword.internal.WebUIAbstractKeyword.findWebElement(WebUIAbstractKeyword.groovy:26)
	at com.kms.katalon.core.webui.keyword.builtin.ClickKeyword$_click_closure1.doCall(ClickKeyword.groovy:66)
	at com.kms.katalon.core.webui.keyword.builtin.ClickKeyword$_click_closure1.call(ClickKeyword.groovy)
	at com.kms.katalon.core.webui.keyword.internal.WebUIKeywordMain.runKeyword(WebUIKeywordMain.groovy:20)
	at com.kms.katalon.core.webui.keyword.builtin.ClickKeyword.click(ClickKeyword.groovy:75)
	at com.kms.katalon.core.webui.keyword.builtin.ClickKeyword.execute(ClickKeyword.groovy:42)
	at com.kms.katalon.core.keyword.internal.KeywordExecutor.executeKeywordForPlatform(KeywordExecutor.groovy:73)
	at com.kms.katalon.core.webui.keyword.WebUiBuiltInKeywords.click(WebUiBuiltInKeywords.groovy:619)
	at com.kms.katalon.core.webui.keyword.WebUiBuiltInKeywords$click$3.call(Unknown Source)
	at Script1621657586209.run(Script1621657586209.groovy:26)
	... 13 more
)
[[ATTACHMENT|E:\\Tai lieu hoc\\Nam 7\\HK2\\New Topics\\Homework 2\\New folder\\Mattermost_Autotesting_2\\Mattermost_AutoTesting\\Reports\\20210527_220742\\1412263\\Run_All_Test_Cases\\20210527_220742\\1622129032556.png]]]]></system-out>
         <system-err><![CDATA[2021-05-27 22:22:55 - [TEST_CASE][FAILED] - Test Cases/1712612/TC26_PinMessageInPublicChannel: Test Cases/1712612/TC26_PinMessageInPublicChannel FAILED.
Reason:
com.kms.katalon.core.exception.StepFailedException: Unable to click on object 'Object Repository/1712612_Mattermost Object/Page_Town Square - Test 1712612 Mattermost/button_nghi_tran_CENTER_button_y84p141g8fff_63d7c5'
	at com.kms.katalon.core.webui.keyword.internal.WebUIKeywordMain.stepFailed(WebUIKeywordMain.groovy:64)
	at com.kms.katalon.core.webui.keyword.internal.WebUIKeywordMain.runKeyword(WebUIKeywordMain.groovy:26)
	at com.kms.katalon.core.webui.keyword.builtin.ClickKeyword.click(ClickKeyword.groovy:75)
	at com.kms.katalon.core.webui.keyword.builtin.ClickKeyword.execute(ClickKeyword.groovy:42)
	at com.kms.katalon.core.keyword.internal.KeywordExecutor.executeKeywordForPlatform(KeywordExecutor.groovy:73)
	at com.kms.katalon.core.webui.keyword.WebUiBuiltInKeywords.click(WebUiBuiltInKeywords.groovy:619)
	at com.kms.katalon.core.webui.keyword.WebUiBuiltInKeywords$click$3.call(Unknown Source)
	at TC26_PinMessageInPublicChannel.run(TC26_PinMessageInPublicChannel:26)
	at com.kms.katalon.core.main.ScriptEngine.run(ScriptEngine.java:194)
	at com.kms.katalon.core.main.ScriptEngine.runScriptAsRawText(ScriptEngine.java:119)
	at com.kms.katalon.core.main.TestCaseExecutor.runScript(TestCaseExecutor.java:398)
	at com.kms.katalon.core.main.TestCaseExecutor.doExecute(TestCaseExecutor.java:389)
	at com.kms.katalon.core.main.TestCaseExecutor.processExecutionPhase(TestCaseExecutor.java:368)
	at com.kms.katalon.core.main.TestCaseExecutor.accessMainPhase(TestCaseExecutor.java:360)
	at com.kms.katalon.core.main.TestCaseExecutor.execute(TestCaseExecutor.java:255)
	at com.kms.katalon.core.main.TestSuiteExecutor.accessTestCaseMainPhase(TestSuiteExecutor.java:203)
	at com.kms.katalon.core.main.TestSuiteExecutor.accessTestSuiteMainPhase(TestSuiteExecutor.java:152)
	at com.kms.katalon.core.main.TestSuiteExecutor.execute(TestSuiteExecutor.java:95)
	at com.kms.katalon.core.main.TestCaseMain.startTestSuite(TestCaseMain.java:157)
	at com.kms.katalon.core.main.TestCaseMain$startTestSuite$0.call(Unknown Source)
	at TempTestSuite1622128062646.run(TempTestSuite1622128062646.groovy:39)
Caused by: com.kms.katalon.core.webui.exception.WebElementNotFoundException: Web element with id: 'Object Repository/1712612_Mattermost Object/Page_Town Square - Test 1712612 Mattermost/button_nghi_tran_CENTER_button_y84p141g8fff_63d7c5' located by '//button[@id='CENTER_button_y84p141g8fffugwo5wnkspdt1o']' not found
	at com.kms.katalon.core.webui.common.WebUiCommonHelper.findWebElement(WebUiCommonHelper.java:1368)
	at com.kms.katalon.core.webui.keyword.internal.WebUIAbstractKeyword.findWebElement(WebUIAbstractKeyword.groovy:27)
	at com.kms.katalon.core.webui.keyword.internal.WebUIAbstractKeyword.findWebElement(WebUIAbstractKeyword.groovy:26)
	at com.kms.katalon.core.webui.keyword.builtin.ClickKeyword$_click_closure1.doCall(ClickKeyword.groovy:66)
	at com.kms.katalon.core.webui.keyword.builtin.ClickKeyword$_click_closure1.call(ClickKeyword.groovy)
	at com.kms.katalon.core.webui.keyword.internal.WebUIKeywordMain.runKeyword(WebUIKeywordMain.groovy:20)
	... 19 more]]></system-err>
      </testcase>
      <testcase name="Test Cases/1712612/TC27_PinMessageInPrivateChannel" time="59.454" classname="Test Cases/1712612/TC27_PinMessageInPrivateChannel" status="FAILED">
         <failure type="FAILED" message="Test Cases/1712612/TC27_PinMessageInPrivateChannel FAILED.
Reason:
com.kms.katalon.core.exception.StepFailedException: Unable to click on object 'Object Repository/1712612_Mattermost Object/Page_test pin message - Test 1712612 Mattermost/button_nghi_tran_CENTER_button_brb8z9fihidf_f663c2'
	at com.kms.katalon.core.webui.keyword.internal.WebUIKeywordMain.stepFailed(WebUIKeywordMain.groovy:64)
	at com.kms.katalon.core.webui.keyword.internal.WebUIKeywordMain.runKeyword(WebUIKeywordMain.groovy:26)
	at com.kms.katalon.core.webui.keyword.builtin.ClickKeyword.click(ClickKeyword.groovy:75)
	at com.kms.katalon.core.webui.keyword.builtin.ClickKeyword.execute(ClickKeyword.groovy:42)
	at com.kms.katalon.core.keyword.internal.KeywordExecutor.executeKeywordForPlatform(KeywordExecutor.groovy:73)
	at com.kms.katalon.core.webui.keyword.WebUiBuiltInKeywords.click(WebUiBuiltInKeywords.groovy:619)
	at com.kms.katalon.core.webui.keyword.WebUiBuiltInKeywords$click$3.call(Unknown Source)
	at TC27_PinMessageInPrivateChannel.run(TC27_PinMessageInPrivateChannel:26)
	at com.kms.katalon.core.main.ScriptEngine.run(ScriptEngine.java:194)
	at com.kms.katalon.core.main.ScriptEngine.runScriptAsRawText(ScriptEngine.java:119)
	at com.kms.katalon.core.main.TestCaseExecutor.runScript(TestCaseExecutor.java:398)
	at com.kms.katalon.core.main.TestCaseExecutor.doExecute(TestCaseExecutor.java:389)
	at com.kms.katalon.core.main.TestCaseExecutor.processExecutionPhase(TestCaseExecutor.java:368)
	at com.kms.katalon.core.main.TestCaseExecutor.accessMainPhase(TestCaseExecutor.java:360)
	at com.kms.katalon.core.main.TestCaseExecutor.execute(TestCaseExecutor.java:255)
	at com.kms.katalon.core.main.TestSuiteExecutor.accessTestCaseMainPhase(TestSuiteExecutor.java:203)
	at com.kms.katalon.core.main.TestSuiteExecutor.accessTestSuiteMainPhase(TestSuiteExecutor.java:152)
	at com.kms.katalon.core.main.TestSuiteExecutor.execute(TestSuiteExecutor.java:95)
	at com.kms.katalon.core.main.TestCaseMain.startTestSuite(TestCaseMain.java:157)
	at com.kms.katalon.core.main.TestCaseMain$startTestSuite$0.call(Unknown Source)
	at TempTestSuite1622128062646.run(TempTestSuite1622128062646.groovy:39)
Caused by: com.kms.katalon.core.webui.exception.WebElementNotFoundException: Web element with id: 'Object Repository/1712612_Mattermost Object/Page_test pin message - Test 1712612 Mattermost/button_nghi_tran_CENTER_button_brb8z9fihidf_f663c2' located by '//button[@id='CENTER_button_brb8z9fihidfmxns5kwing6pqo']' not found
	at com.kms.katalon.core.webui.common.WebUiCommonHelper.findWebElement(WebUiCommonHelper.java:1368)
	at com.kms.katalon.core.webui.keyword.internal.WebUIAbstractKeyword.findWebElement(WebUIAbstractKeyword.groovy:27)
	at com.kms.katalon.core.webui.keyword.internal.WebUIAbstractKeyword.findWebElement(WebUIAbstractKeyword.groovy:26)
	at com.kms.katalon.core.webui.keyword.builtin.ClickKeyword$_click_closure1.doCall(ClickKeyword.groovy:66)
	at com.kms.katalon.core.webui.keyword.builtin.ClickKeyword$_click_closure1.call(ClickKeyword.groovy)
	at com.kms.katalon.core.webui.keyword.internal.WebUIKeywordMain.runKeyword(WebUIKeywordMain.groovy:20)
	... 19 more
"/>
         <system-out><![CDATA[2021-05-27 22:23:53 - [TEST_CASE][FAILED] - Test Cases/1712612/TC27_PinMessageInPrivateChannel: Test Cases/1712612/TC27_PinMessageInPrivateChannel FAILED.
Reason:
com.kms.katalon.core.exception.StepFailedException: Unable to click on object 'Object Repository/1712612_Mattermost Object/Page_test pin message - Test 1712612 Mattermost/button_nghi_tran_CENTER_button_brb8z9fihidf_f663c2'
	at com.kms.katalon.core.webui.keyword.internal.WebUIKeywordMain.stepFailed(WebUIKeywordMain.groovy:64)
	at com.kms.katalon.core.webui.keyword.internal.WebUIKeywordMain.runKeyword(WebUIKeywordMain.groovy:26)
	at com.kms.katalon.core.webui.keyword.builtin.ClickKeyword.click(ClickKeyword.groovy:75)
	at com.kms.katalon.core.webui.keyword.builtin.ClickKeyword.execute(ClickKeyword.groovy:42)
	at com.kms.katalon.core.keyword.internal.KeywordExecutor.executeKeywordForPlatform(KeywordExecutor.groovy:73)
	at com.kms.katalon.core.webui.keyword.WebUiBuiltInKeywords.click(WebUiBuiltInKeywords.groovy:619)
	at com.kms.katalon.core.webui.keyword.WebUiBuiltInKeywords$click$3.call(Unknown Source)
	at TC27_PinMessageInPrivateChannel.run(TC27_PinMessageInPrivateChannel:26)
	at com.kms.katalon.core.main.ScriptEngine.run(ScriptEngine.java:194)
	at com.kms.katalon.core.main.ScriptEngine.runScriptAsRawText(ScriptEngine.java:119)
	at com.kms.katalon.core.main.TestCaseExecutor.runScript(TestCaseExecutor.java:398)
	at com.kms.katalon.core.main.TestCaseExecutor.doExecute(TestCaseExecutor.java:389)
	at com.kms.katalon.core.main.TestCaseExecutor.processExecutionPhase(TestCaseExecutor.java:368)
	at com.kms.katalon.core.main.TestCaseExecutor.accessMainPhase(TestCaseExecutor.java:360)
	at com.kms.katalon.core.main.TestCaseExecutor.execute(TestCaseExecutor.java:255)
	at com.kms.katalon.core.main.TestSuiteExecutor.accessTestCaseMainPhase(TestSuiteExecutor.java:203)
	at com.kms.katalon.core.main.TestSuiteExecutor.accessTestSuiteMainPhase(TestSuiteExecutor.java:152)
	at com.kms.katalon.core.main.TestSuiteExecutor.execute(TestSuiteExecutor.java:95)
	at com.kms.katalon.core.main.TestCaseMain.startTestSuite(TestCaseMain.java:157)
	at com.kms.katalon.core.main.TestCaseMain$startTestSuite$0.call(Unknown Source)
	at TempTestSuite1622128062646.run(TempTestSuite1622128062646.groovy:39)
Caused by: com.kms.katalon.core.webui.exception.WebElementNotFoundException: Web element with id: 'Object Repository/1712612_Mattermost Object/Page_test pin message - Test 1712612 Mattermost/button_nghi_tran_CENTER_button_brb8z9fihidf_f663c2' located by '//button[@id='CENTER_button_brb8z9fihidfmxns5kwing6pqo']' not found
	at com.kms.katalon.core.webui.common.WebUiCommonHelper.findWebElement(WebUiCommonHelper.java:1368)
	at com.kms.katalon.core.webui.keyword.internal.WebUIAbstractKeyword.findWebElement(WebUIAbstractKeyword.groovy:27)
	at com.kms.katalon.core.webui.keyword.internal.WebUIAbstractKeyword.findWebElement(WebUIAbstractKeyword.groovy:26)
	at com.kms.katalon.core.webui.keyword.builtin.ClickKeyword$_click_closure1.doCall(ClickKeyword.groovy:66)
	at com.kms.katalon.core.webui.keyword.builtin.ClickKeyword$_click_closure1.call(ClickKeyword.groovy)
	at com.kms.katalon.core.webui.keyword.internal.WebUIKeywordMain.runKeyword(WebUIKeywordMain.groovy:20)
	... 19 more


2021-05-27 22:23:54 - [TEST_STEP][PASSED] - callTestCase(findTestCase("1712612/CommonTC/TC_OpenPage"), [:], STOP_ON_FAILURE): Call Test Case 'Test Cases/1712612/CommonTC/TC_OpenPage' successfully

2021-05-27 22:23:54 - [TEST_CASE][PASSED] - Test Cases/1712612/CommonTC/TC_OpenPage: Test Cases/1712612/CommonTC/TC_OpenPage

2021-05-27 22:23:54 - [TEST_STEP][PASSED] - openBrowser(""): Browser is opened with url: ''

2021-05-27 22:23:54 - [MESSAGE][WARNING] - A browser is already opened. Closing browser and opening a new one

2021-05-27 22:23:55 - [MESSAGE][INFO] - Starting 'Chrome' driver

2021-05-27 22:23:55 - [MESSAGE][INFO] - Action delay is set to 0 milliseconds

2021-05-27 22:23:58 - [MESSAGE][PASSED] - Browser is opened with url: ''

2021-05-27 22:23:58 - [TEST_STEP][PASSED] - navigateToUrl("https://mattermostwebapp.herokuapp.com/login"): Navigate to 'https://mattermostwebapp.herokuapp.com/login' successfully

2021-05-27 22:24:04 - [MESSAGE][PASSED] - Navigate to 'https://mattermostwebapp.herokuapp.com/login' successfully

2021-05-27 22:24:04 - [MESSAGE][PASSED] - Call Test Case 'Test Cases/1712612/CommonTC/TC_OpenPage' successfully

2021-05-27 22:24:04 - [TEST_STEP][PASSED] - callTestCase(findTestCase("1712612/CommonTC/TC_Login"), [:], STOP_ON_FAILURE): Call Test Case 'Test Cases/1712612/CommonTC/TC_Login' successfully

2021-05-27 22:24:04 - [TEST_CASE][PASSED] - Test Cases/1712612/CommonTC/TC_Login: Test Cases/1712612/CommonTC/TC_Login

2021-05-27 22:24:04 - [TEST_STEP][PASSED] - verifyElementVisible(findTestObject("Object Repository/1712612_Mattermost Object/Page_Mattermost/input_login_username"), STOP_ON_FAILURE): Object 'Object Repository/1712612_Mattermost Object/Page_Mattermost/input_login_username' is visible

2021-05-27 22:24:09 - [MESSAGE][PASSED] - Object 'Object Repository/1712612_Mattermost Object/Page_Mattermost/input_login_username' is visible

2021-05-27 22:24:09 - [TEST_STEP][PASSED] - verifyElementVisible(findTestObject("Object Repository/1712612_Mattermost Object/Page_Mattermost/input_login_password"), STOP_ON_FAILURE): Object 'Object Repository/1712612_Mattermost Object/Page_Mattermost/input_login_password' is visible

2021-05-27 22:24:10 - [MESSAGE][PASSED] - Object 'Object Repository/1712612_Mattermost Object/Page_Mattermost/input_login_password' is visible

2021-05-27 22:24:10 - [TEST_STEP][PASSED] - setText(findTestObject("Object Repository/1712612_Mattermost Object/Page_Mattermost/input_login_username"), "nghi_tran"): Text 'nghi_tran' is set on object 'Object Repository/1712612_Mattermost Object/Page_Mattermost/input_login_username'

2021-05-27 22:24:12 - [MESSAGE][PASSED] - Text 'nghi_tran' is set on object 'Object Repository/1712612_Mattermost Object/Page_Mattermost/input_login_username'

2021-05-27 22:24:12 - [TEST_STEP][PASSED] - setEncryptedText(findTestObject("Object Repository/1712612_Mattermost Object/Page_Mattermost/input_login_password"), "KBlHou+hFmnFUOUwxwboiw=="): Text ****** has been set on object 'Object Repository/1712612_Mattermost Object/Page_Mattermost/input_login_password'

2021-05-27 22:24:14 - [MESSAGE][PASSED] - Text ****** has been set on object 'Object Repository/1712612_Mattermost Object/Page_Mattermost/input_login_password'

2021-05-27 22:24:14 - [TEST_STEP][PASSED] - click(findTestObject("Object Repository/1712612_Mattermost Object/Page_Mattermost/button_Sign in")): Object: 'Object Repository/1712612_Mattermost Object/Page_Mattermost/button_Sign in' is clicked on

2021-05-27 22:24:14 - [MESSAGE][PASSED] - Object: 'Object Repository/1712612_Mattermost Object/Page_Mattermost/button_Sign in' is clicked on

2021-05-27 22:24:14 - [TEST_STEP][PASSED] - verifyElementVisible(findTestObject("Object Repository/1712612_Mattermost Object/Page_Town Square - another Mattermost/img__Avatar Avatar-lg"), STOP_ON_FAILURE): Object 'Object Repository/1712612_Mattermost Object/Page_Town Square - another Mattermost/img__Avatar Avatar-lg' is visible

2021-05-27 22:24:20 - [MESSAGE][PASSED] - Object 'Object Repository/1712612_Mattermost Object/Page_Town Square - another Mattermost/img__Avatar Avatar-lg' is visible

2021-05-27 22:24:20 - [MESSAGE][PASSED] - Call Test Case 'Test Cases/1712612/CommonTC/TC_Login' successfully

2021-05-27 22:24:20 - [TEST_STEP][PASSED] - navigateToUrl("https://mattermostwebapp.herokuapp.com/test-1712612/channels/test-pin-message"): Navigate to 'https://mattermostwebapp.herokuapp.com/test-1712612/channels/test-pin-message' successfully

2021-05-27 22:24:21 - [MESSAGE][PASSED] - Navigate to 'https://mattermostwebapp.herokuapp.com/test-1712612/channels/test-pin-message' successfully

2021-05-27 22:24:21 - [TEST_STEP][FAILED] - click(findTestObject("Object Repository/1712612_Mattermost Object/Page_test pin message - Test 1712612 Mattermost/button_nghi_tran_CENTER_button_brb8z9fihidf_f663c2")): Unable to click on object 'Object Repository/1712612_Mattermost Object/Page_test pin message - Test 1712612 Mattermost/button_nghi_tran_CENTER_button_brb8z9fihidf_f663c2' (Root cause: com.kms.katalon.core.exception.StepFailedException: Unable to click on object 'Object Repository/1712612_Mattermost Object/Page_test pin message - Test 1712612 Mattermost/button_nghi_tran_CENTER_button_brb8z9fihidf_f663c2'
	at com.kms.katalon.core.webui.keyword.internal.WebUIKeywordMain.stepFailed(WebUIKeywordMain.groovy:64)
	at com.kms.katalon.core.webui.keyword.internal.WebUIKeywordMain.runKeyword(WebUIKeywordMain.groovy:26)
	at com.kms.katalon.core.webui.keyword.builtin.ClickKeyword.click(ClickKeyword.groovy:75)
	at com.kms.katalon.core.webui.keyword.builtin.ClickKeyword.execute(ClickKeyword.groovy:42)
	at com.kms.katalon.core.keyword.internal.KeywordExecutor.executeKeywordForPlatform(KeywordExecutor.groovy:73)
	at com.kms.katalon.core.webui.keyword.WebUiBuiltInKeywords.click(WebUiBuiltInKeywords.groovy:619)
	at com.kms.katalon.core.webui.keyword.WebUiBuiltInKeywords$click$3.call(Unknown Source)
	at TC27_PinMessageInPrivateChannel.run(TC27_PinMessageInPrivateChannel:26)
	at com.kms.katalon.core.main.ScriptEngine.run(ScriptEngine.java:194)
	at com.kms.katalon.core.main.ScriptEngine.runScriptAsRawText(ScriptEngine.java:119)
	at com.kms.katalon.core.main.TestCaseExecutor.runScript(TestCaseExecutor.java:398)
	at com.kms.katalon.core.main.TestCaseExecutor.doExecute(TestCaseExecutor.java:389)
	at com.kms.katalon.core.main.TestCaseExecutor.processExecutionPhase(TestCaseExecutor.java:368)
	at com.kms.katalon.core.main.TestCaseExecutor.accessMainPhase(TestCaseExecutor.java:360)
	at com.kms.katalon.core.main.TestCaseExecutor.execute(TestCaseExecutor.java:255)
	at com.kms.katalon.core.main.TestSuiteExecutor.accessTestCaseMainPhase(TestSuiteExecutor.java:203)
	at com.kms.katalon.core.main.TestSuiteExecutor.accessTestSuiteMainPhase(TestSuiteExecutor.java:152)
	at com.kms.katalon.core.main.TestSuiteExecutor.execute(TestSuiteExecutor.java:95)
	at com.kms.katalon.core.main.TestCaseMain.startTestSuite(TestCaseMain.java:157)
	at com.kms.katalon.core.main.TestCaseMain$startTestSuite$0.call(Unknown Source)
	at TempTestSuite1622128062646.run(TempTestSuite1622128062646.groovy:39)
Caused by: com.kms.katalon.core.webui.exception.WebElementNotFoundException: Web element with id: 'Object Repository/1712612_Mattermost Object/Page_test pin message - Test 1712612 Mattermost/button_nghi_tran_CENTER_button_brb8z9fihidf_f663c2' located by '//button[@id='CENTER_button_brb8z9fihidfmxns5kwing6pqo']' not found
	at com.kms.katalon.core.webui.common.WebUiCommonHelper.findWebElement(WebUiCommonHelper.java:1368)
	at com.kms.katalon.core.webui.keyword.internal.WebUIAbstractKeyword.findWebElement(WebUIAbstractKeyword.groovy:27)
	at com.kms.katalon.core.webui.keyword.internal.WebUIAbstractKeyword.findWebElement(WebUIAbstractKeyword.groovy:26)
	at com.kms.katalon.core.webui.keyword.builtin.ClickKeyword$_click_closure1.doCall(ClickKeyword.groovy:66)
	at com.kms.katalon.core.webui.keyword.builtin.ClickKeyword$_click_closure1.call(ClickKeyword.groovy)
	at com.kms.katalon.core.webui.keyword.internal.WebUIKeywordMain.runKeyword(WebUIKeywordMain.groovy:20)
	at com.kms.katalon.core.webui.keyword.builtin.ClickKeyword.click(ClickKeyword.groovy:75)
	at com.kms.katalon.core.webui.keyword.builtin.ClickKeyword.execute(ClickKeyword.groovy:42)
	at com.kms.katalon.core.keyword.internal.KeywordExecutor.executeKeywordForPlatform(KeywordExecutor.groovy:73)
	at com.kms.katalon.core.webui.keyword.WebUiBuiltInKeywords.click(WebUiBuiltInKeywords.groovy:619)
	at com.kms.katalon.core.webui.keyword.WebUiBuiltInKeywords$click$3.call(Unknown Source)
	at Script1621658865761.run(Script1621658865761.groovy:26)
	... 13 more
)

2021-05-27 22:24:52 - [MESSAGE][INFO] - Unable to find the element located by 'By.xpath: //button[@id='CENTER_button_brb8z9fihidfmxns5kwing6pqo']'. Please recheck the objects properties to make sure the desired element is located. 

2021-05-27 22:24:52 - [MESSAGE][FAILED] - Unable to click on object 'Object Repository/1712612_Mattermost Object/Page_test pin message - Test 1712612 Mattermost/button_nghi_tran_CENTER_button_brb8z9fihidf_f663c2' (Root cause: com.kms.katalon.core.exception.StepFailedException: Unable to click on object 'Object Repository/1712612_Mattermost Object/Page_test pin message - Test 1712612 Mattermost/button_nghi_tran_CENTER_button_brb8z9fihidf_f663c2'
	at com.kms.katalon.core.webui.keyword.internal.WebUIKeywordMain.stepFailed(WebUIKeywordMain.groovy:64)
	at com.kms.katalon.core.webui.keyword.internal.WebUIKeywordMain.runKeyword(WebUIKeywordMain.groovy:26)
	at com.kms.katalon.core.webui.keyword.builtin.ClickKeyword.click(ClickKeyword.groovy:75)
	at com.kms.katalon.core.webui.keyword.builtin.ClickKeyword.execute(ClickKeyword.groovy:42)
	at com.kms.katalon.core.keyword.internal.KeywordExecutor.executeKeywordForPlatform(KeywordExecutor.groovy:73)
	at com.kms.katalon.core.webui.keyword.WebUiBuiltInKeywords.click(WebUiBuiltInKeywords.groovy:619)
	at com.kms.katalon.core.webui.keyword.WebUiBuiltInKeywords$click$3.call(Unknown Source)
	at TC27_PinMessageInPrivateChannel.run(TC27_PinMessageInPrivateChannel:26)
	at com.kms.katalon.core.main.ScriptEngine.run(ScriptEngine.java:194)
	at com.kms.katalon.core.main.ScriptEngine.runScriptAsRawText(ScriptEngine.java:119)
	at com.kms.katalon.core.main.TestCaseExecutor.runScript(TestCaseExecutor.java:398)
	at com.kms.katalon.core.main.TestCaseExecutor.doExecute(TestCaseExecutor.java:389)
	at com.kms.katalon.core.main.TestCaseExecutor.processExecutionPhase(TestCaseExecutor.java:368)
	at com.kms.katalon.core.main.TestCaseExecutor.accessMainPhase(TestCaseExecutor.java:360)
	at com.kms.katalon.core.main.TestCaseExecutor.execute(TestCaseExecutor.java:255)
	at com.kms.katalon.core.main.TestSuiteExecutor.accessTestCaseMainPhase(TestSuiteExecutor.java:203)
	at com.kms.katalon.core.main.TestSuiteExecutor.accessTestSuiteMainPhase(TestSuiteExecutor.java:152)
	at com.kms.katalon.core.main.TestSuiteExecutor.execute(TestSuiteExecutor.java:95)
	at com.kms.katalon.core.main.TestCaseMain.startTestSuite(TestCaseMain.java:157)
	at com.kms.katalon.core.main.TestCaseMain$startTestSuite$0.call(Unknown Source)
	at TempTestSuite1622128062646.run(TempTestSuite1622128062646.groovy:39)
Caused by: com.kms.katalon.core.webui.exception.WebElementNotFoundException: Web element with id: 'Object Repository/1712612_Mattermost Object/Page_test pin message - Test 1712612 Mattermost/button_nghi_tran_CENTER_button_brb8z9fihidf_f663c2' located by '//button[@id='CENTER_button_brb8z9fihidfmxns5kwing6pqo']' not found
	at com.kms.katalon.core.webui.common.WebUiCommonHelper.findWebElement(WebUiCommonHelper.java:1368)
	at com.kms.katalon.core.webui.keyword.internal.WebUIAbstractKeyword.findWebElement(WebUIAbstractKeyword.groovy:27)
	at com.kms.katalon.core.webui.keyword.internal.WebUIAbstractKeyword.findWebElement(WebUIAbstractKeyword.groovy:26)
	at com.kms.katalon.core.webui.keyword.builtin.ClickKeyword$_click_closure1.doCall(ClickKeyword.groovy:66)
	at com.kms.katalon.core.webui.keyword.builtin.ClickKeyword$_click_closure1.call(ClickKeyword.groovy)
	at com.kms.katalon.core.webui.keyword.internal.WebUIKeywordMain.runKeyword(WebUIKeywordMain.groovy:20)
	at com.kms.katalon.core.webui.keyword.builtin.ClickKeyword.click(ClickKeyword.groovy:75)
	at com.kms.katalon.core.webui.keyword.builtin.ClickKeyword.execute(ClickKeyword.groovy:42)
	at com.kms.katalon.core.keyword.internal.KeywordExecutor.executeKeywordForPlatform(KeywordExecutor.groovy:73)
	at com.kms.katalon.core.webui.keyword.WebUiBuiltInKeywords.click(WebUiBuiltInKeywords.groovy:619)
	at com.kms.katalon.core.webui.keyword.WebUiBuiltInKeywords$click$3.call(Unknown Source)
	at Script1621658865761.run(Script1621658865761.groovy:26)
	... 13 more
)
[[ATTACHMENT|E:\\Tai lieu hoc\\Nam 7\\HK2\\New Topics\\Homework 2\\New folder\\Mattermost_Autotesting_2\\Mattermost_AutoTesting\\Reports\\20210527_220742\\1412263\\Run_All_Test_Cases\\20210527_220742\\1622129092535.png]]]]></system-out>
         <system-err><![CDATA[2021-05-27 22:23:53 - [TEST_CASE][FAILED] - Test Cases/1712612/TC27_PinMessageInPrivateChannel: Test Cases/1712612/TC27_PinMessageInPrivateChannel FAILED.
Reason:
com.kms.katalon.core.exception.StepFailedException: Unable to click on object 'Object Repository/1712612_Mattermost Object/Page_test pin message - Test 1712612 Mattermost/button_nghi_tran_CENTER_button_brb8z9fihidf_f663c2'
	at com.kms.katalon.core.webui.keyword.internal.WebUIKeywordMain.stepFailed(WebUIKeywordMain.groovy:64)
	at com.kms.katalon.core.webui.keyword.internal.WebUIKeywordMain.runKeyword(WebUIKeywordMain.groovy:26)
	at com.kms.katalon.core.webui.keyword.builtin.ClickKeyword.click(ClickKeyword.groovy:75)
	at com.kms.katalon.core.webui.keyword.builtin.ClickKeyword.execute(ClickKeyword.groovy:42)
	at com.kms.katalon.core.keyword.internal.KeywordExecutor.executeKeywordForPlatform(KeywordExecutor.groovy:73)
	at com.kms.katalon.core.webui.keyword.WebUiBuiltInKeywords.click(WebUiBuiltInKeywords.groovy:619)
	at com.kms.katalon.core.webui.keyword.WebUiBuiltInKeywords$click$3.call(Unknown Source)
	at TC27_PinMessageInPrivateChannel.run(TC27_PinMessageInPrivateChannel:26)
	at com.kms.katalon.core.main.ScriptEngine.run(ScriptEngine.java:194)
	at com.kms.katalon.core.main.ScriptEngine.runScriptAsRawText(ScriptEngine.java:119)
	at com.kms.katalon.core.main.TestCaseExecutor.runScript(TestCaseExecutor.java:398)
	at com.kms.katalon.core.main.TestCaseExecutor.doExecute(TestCaseExecutor.java:389)
	at com.kms.katalon.core.main.TestCaseExecutor.processExecutionPhase(TestCaseExecutor.java:368)
	at com.kms.katalon.core.main.TestCaseExecutor.accessMainPhase(TestCaseExecutor.java:360)
	at com.kms.katalon.core.main.TestCaseExecutor.execute(TestCaseExecutor.java:255)
	at com.kms.katalon.core.main.TestSuiteExecutor.accessTestCaseMainPhase(TestSuiteExecutor.java:203)
	at com.kms.katalon.core.main.TestSuiteExecutor.accessTestSuiteMainPhase(TestSuiteExecutor.java:152)
	at com.kms.katalon.core.main.TestSuiteExecutor.execute(TestSuiteExecutor.java:95)
	at com.kms.katalon.core.main.TestCaseMain.startTestSuite(TestCaseMain.java:157)
	at com.kms.katalon.core.main.TestCaseMain$startTestSuite$0.call(Unknown Source)
	at TempTestSuite1622128062646.run(TempTestSuite1622128062646.groovy:39)
Caused by: com.kms.katalon.core.webui.exception.WebElementNotFoundException: Web element with id: 'Object Repository/1712612_Mattermost Object/Page_test pin message - Test 1712612 Mattermost/button_nghi_tran_CENTER_button_brb8z9fihidf_f663c2' located by '//button[@id='CENTER_button_brb8z9fihidfmxns5kwing6pqo']' not found
	at com.kms.katalon.core.webui.common.WebUiCommonHelper.findWebElement(WebUiCommonHelper.java:1368)
	at com.kms.katalon.core.webui.keyword.internal.WebUIAbstractKeyword.findWebElement(WebUIAbstractKeyword.groovy:27)
	at com.kms.katalon.core.webui.keyword.internal.WebUIAbstractKeyword.findWebElement(WebUIAbstractKeyword.groovy:26)
	at com.kms.katalon.core.webui.keyword.builtin.ClickKeyword$_click_closure1.doCall(ClickKeyword.groovy:66)
	at com.kms.katalon.core.webui.keyword.builtin.ClickKeyword$_click_closure1.call(ClickKeyword.groovy)
	at com.kms.katalon.core.webui.keyword.internal.WebUIKeywordMain.runKeyword(WebUIKeywordMain.groovy:20)
	... 19 more]]></system-err>
      </testcase>
      <testcase name="Test Cases/1712612/TC28_UnpinMessageInPublicChannel" time="49.907" classname="Test Cases/1712612/TC28_UnpinMessageInPublicChannel" status="FAILED">
         <failure type="FAILED" message="Test Cases/1712612/TC28_UnpinMessageInPublicChannel FAILED.
Reason:
com.kms.katalon.core.exception.StepFailedException: Call Test Case 'Test Cases/1712612/TC26_PinMessageInPublicChannel' failed
	at com.kms.katalon.core.keyword.builtin.CallTestCaseKeyword$_callTestCase_closure1.doCall(CallTestCaseKeyword.groovy:63)
	at com.kms.katalon.core.keyword.builtin.CallTestCaseKeyword$_callTestCase_closure1.call(CallTestCaseKeyword.groovy)
	at com.kms.katalon.core.keyword.internal.KeywordMain.runKeyword(KeywordMain.groovy:68)
	at com.kms.katalon.core.keyword.builtin.CallTestCaseKeyword.callTestCase(CallTestCaseKeyword.groovy:81)
	at com.kms.katalon.core.keyword.builtin.CallTestCaseKeyword.execute(CallTestCaseKeyword.groovy:44)
	at com.kms.katalon.core.keyword.internal.KeywordExecutor.executeKeywordForPlatform(KeywordExecutor.groovy:73)
	at com.kms.katalon.core.keyword.BuiltinKeywords.callTestCase(BuiltinKeywords.groovy:334)
	at TC28_UnpinMessageInPublicChannel.run(TC28_UnpinMessageInPublicChannel:20)
	at com.kms.katalon.core.main.ScriptEngine.run(ScriptEngine.java:194)
	at com.kms.katalon.core.main.ScriptEngine.runScriptAsRawText(ScriptEngine.java:119)
	at com.kms.katalon.core.main.TestCaseExecutor.runScript(TestCaseExecutor.java:398)
	at com.kms.katalon.core.main.TestCaseExecutor.doExecute(TestCaseExecutor.java:389)
	at com.kms.katalon.core.main.TestCaseExecutor.processExecutionPhase(TestCaseExecutor.java:368)
	at com.kms.katalon.core.main.TestCaseExecutor.accessMainPhase(TestCaseExecutor.java:360)
	at com.kms.katalon.core.main.TestCaseExecutor.execute(TestCaseExecutor.java:255)
	at com.kms.katalon.core.main.TestSuiteExecutor.accessTestCaseMainPhase(TestSuiteExecutor.java:203)
	at com.kms.katalon.core.main.TestSuiteExecutor.accessTestSuiteMainPhase(TestSuiteExecutor.java:152)
	at com.kms.katalon.core.main.TestSuiteExecutor.execute(TestSuiteExecutor.java:95)
	at com.kms.katalon.core.main.TestCaseMain.startTestSuite(TestCaseMain.java:157)
	at com.kms.katalon.core.main.TestCaseMain$startTestSuite$0.call(Unknown Source)
	at TempTestSuite1622128062646.run(TempTestSuite1622128062646.groovy:39)
Caused by: com.kms.katalon.core.exception.StepFailedException: Unable to click on object 'Object Repository/1712612_Mattermost Object/Page_Town Square - Test 1712612 Mattermost/button_nghi_tran_CENTER_button_y84p141g8fff_63d7c5'
	at com.kms.katalon.core.webui.keyword.internal.WebUIKeywordMain.stepFailed(WebUIKeywordMain.groovy:64)
	at com.kms.katalon.core.webui.keyword.internal.WebUIKeywordMain.runKeyword(WebUIKeywordMain.groovy:26)
	at com.kms.katalon.core.webui.keyword.builtin.ClickKeyword.click(ClickKeyword.groovy:75)
	at com.kms.katalon.core.webui.keyword.builtin.ClickKeyword.execute(ClickKeyword.groovy:42)
	at com.kms.katalon.core.keyword.internal.KeywordExecutor.executeKeywordForPlatform(KeywordExecutor.groovy:73)
	at com.kms.katalon.core.webui.keyword.WebUiBuiltInKeywords.click(WebUiBuiltInKeywords.groovy:619)
	at com.kms.katalon.core.webui.keyword.WebUiBuiltInKeywords$click$3.call(Unknown Source)
	at TC26_PinMessageInPublicChannel.run(TC26_PinMessageInPublicChannel:26)
	at com.kms.katalon.core.main.ScriptEngine.run(ScriptEngine.java:194)
	at com.kms.katalon.core.main.ScriptEngine.runScriptAsRawText(ScriptEngine.java:119)
	at com.kms.katalon.core.main.TestCaseExecutor.runScript(TestCaseExecutor.java:398)
	at com.kms.katalon.core.main.TestCaseExecutor.doExecute(TestCaseExecutor.java:389)
	at com.kms.katalon.core.main.TestCaseExecutor.processExecutionPhase(TestCaseExecutor.java:368)
	at com.kms.katalon.core.main.TestCaseExecutor.accessMainPhase(TestCaseExecutor.java:360)
	at com.kms.katalon.core.main.TestCaseExecutor.execute(TestCaseExecutor.java:255)
	at com.kms.katalon.core.main.TestCaseMain.runTestCase(TestCaseMain.java:114)
	at com.kms.katalon.core.keyword.builtin.CallTestCaseKeyword$_callTestCase_closure1.doCall(CallTestCaseKeyword.groovy:59)
	... 20 more
Caused by: com.kms.katalon.core.webui.exception.WebElementNotFoundException: Web element with id: 'Object Repository/1712612_Mattermost Object/Page_Town Square - Test 1712612 Mattermost/button_nghi_tran_CENTER_button_y84p141g8fff_63d7c5' located by '//button[@id='CENTER_button_y84p141g8fffugwo5wnkspdt1o']' not found
	at com.kms.katalon.core.webui.common.WebUiCommonHelper.findWebElement(WebUiCommonHelper.java:1368)
	at com.kms.katalon.core.webui.keyword.internal.WebUIAbstractKeyword.findWebElement(WebUIAbstractKeyword.groovy:27)
	at com.kms.katalon.core.webui.keyword.internal.WebUIAbstractKeyword.findWebElement(WebUIAbstractKeyword.groovy:26)
	at com.kms.katalon.core.webui.keyword.builtin.ClickKeyword$_click_closure1.doCall(ClickKeyword.groovy:66)
	at com.kms.katalon.core.webui.keyword.builtin.ClickKeyword$_click_closure1.call(ClickKeyword.groovy)
	at com.kms.katalon.core.webui.keyword.internal.WebUIKeywordMain.runKeyword(WebUIKeywordMain.groovy:20)
	... 35 more
"/>
         <system-out><![CDATA[2021-05-27 22:24:52 - [TEST_CASE][FAILED] - Test Cases/1712612/TC28_UnpinMessageInPublicChannel: Test Cases/1712612/TC28_UnpinMessageInPublicChannel FAILED.
Reason:
com.kms.katalon.core.exception.StepFailedException: Call Test Case 'Test Cases/1712612/TC26_PinMessageInPublicChannel' failed
	at com.kms.katalon.core.keyword.builtin.CallTestCaseKeyword$_callTestCase_closure1.doCall(CallTestCaseKeyword.groovy:63)
	at com.kms.katalon.core.keyword.builtin.CallTestCaseKeyword$_callTestCase_closure1.call(CallTestCaseKeyword.groovy)
	at com.kms.katalon.core.keyword.internal.KeywordMain.runKeyword(KeywordMain.groovy:68)
	at com.kms.katalon.core.keyword.builtin.CallTestCaseKeyword.callTestCase(CallTestCaseKeyword.groovy:81)
	at com.kms.katalon.core.keyword.builtin.CallTestCaseKeyword.execute(CallTestCaseKeyword.groovy:44)
	at com.kms.katalon.core.keyword.internal.KeywordExecutor.executeKeywordForPlatform(KeywordExecutor.groovy:73)
	at com.kms.katalon.core.keyword.BuiltinKeywords.callTestCase(BuiltinKeywords.groovy:334)
	at TC28_UnpinMessageInPublicChannel.run(TC28_UnpinMessageInPublicChannel:20)
	at com.kms.katalon.core.main.ScriptEngine.run(ScriptEngine.java:194)
	at com.kms.katalon.core.main.ScriptEngine.runScriptAsRawText(ScriptEngine.java:119)
	at com.kms.katalon.core.main.TestCaseExecutor.runScript(TestCaseExecutor.java:398)
	at com.kms.katalon.core.main.TestCaseExecutor.doExecute(TestCaseExecutor.java:389)
	at com.kms.katalon.core.main.TestCaseExecutor.processExecutionPhase(TestCaseExecutor.java:368)
	at com.kms.katalon.core.main.TestCaseExecutor.accessMainPhase(TestCaseExecutor.java:360)
	at com.kms.katalon.core.main.TestCaseExecutor.execute(TestCaseExecutor.java:255)
	at com.kms.katalon.core.main.TestSuiteExecutor.accessTestCaseMainPhase(TestSuiteExecutor.java:203)
	at com.kms.katalon.core.main.TestSuiteExecutor.accessTestSuiteMainPhase(TestSuiteExecutor.java:152)
	at com.kms.katalon.core.main.TestSuiteExecutor.execute(TestSuiteExecutor.java:95)
	at com.kms.katalon.core.main.TestCaseMain.startTestSuite(TestCaseMain.java:157)
	at com.kms.katalon.core.main.TestCaseMain$startTestSuite$0.call(Unknown Source)
	at TempTestSuite1622128062646.run(TempTestSuite1622128062646.groovy:39)
Caused by: com.kms.katalon.core.exception.StepFailedException: Unable to click on object 'Object Repository/1712612_Mattermost Object/Page_Town Square - Test 1712612 Mattermost/button_nghi_tran_CENTER_button_y84p141g8fff_63d7c5'
	at com.kms.katalon.core.webui.keyword.internal.WebUIKeywordMain.stepFailed(WebUIKeywordMain.groovy:64)
	at com.kms.katalon.core.webui.keyword.internal.WebUIKeywordMain.runKeyword(WebUIKeywordMain.groovy:26)
	at com.kms.katalon.core.webui.keyword.builtin.ClickKeyword.click(ClickKeyword.groovy:75)
	at com.kms.katalon.core.webui.keyword.builtin.ClickKeyword.execute(ClickKeyword.groovy:42)
	at com.kms.katalon.core.keyword.internal.KeywordExecutor.executeKeywordForPlatform(KeywordExecutor.groovy:73)
	at com.kms.katalon.core.webui.keyword.WebUiBuiltInKeywords.click(WebUiBuiltInKeywords.groovy:619)
	at com.kms.katalon.core.webui.keyword.WebUiBuiltInKeywords$click$3.call(Unknown Source)
	at TC26_PinMessageInPublicChannel.run(TC26_PinMessageInPublicChannel:26)
	at com.kms.katalon.core.main.ScriptEngine.run(ScriptEngine.java:194)
	at com.kms.katalon.core.main.ScriptEngine.runScriptAsRawText(ScriptEngine.java:119)
	at com.kms.katalon.core.main.TestCaseExecutor.runScript(TestCaseExecutor.java:398)
	at com.kms.katalon.core.main.TestCaseExecutor.doExecute(TestCaseExecutor.java:389)
	at com.kms.katalon.core.main.TestCaseExecutor.processExecutionPhase(TestCaseExecutor.java:368)
	at com.kms.katalon.core.main.TestCaseExecutor.accessMainPhase(TestCaseExecutor.java:360)
	at com.kms.katalon.core.main.TestCaseExecutor.execute(TestCaseExecutor.java:255)
	at com.kms.katalon.core.main.TestCaseMain.runTestCase(TestCaseMain.java:114)
	at com.kms.katalon.core.keyword.builtin.CallTestCaseKeyword$_callTestCase_closure1.doCall(CallTestCaseKeyword.groovy:59)
	... 20 more
Caused by: com.kms.katalon.core.webui.exception.WebElementNotFoundException: Web element with id: 'Object Repository/1712612_Mattermost Object/Page_Town Square - Test 1712612 Mattermost/button_nghi_tran_CENTER_button_y84p141g8fff_63d7c5' located by '//button[@id='CENTER_button_y84p141g8fffugwo5wnkspdt1o']' not found
	at com.kms.katalon.core.webui.common.WebUiCommonHelper.findWebElement(WebUiCommonHelper.java:1368)
	at com.kms.katalon.core.webui.keyword.internal.WebUIAbstractKeyword.findWebElement(WebUIAbstractKeyword.groovy:27)
	at com.kms.katalon.core.webui.keyword.internal.WebUIAbstractKeyword.findWebElement(WebUIAbstractKeyword.groovy:26)
	at com.kms.katalon.core.webui.keyword.builtin.ClickKeyword$_click_closure1.doCall(ClickKeyword.groovy:66)
	at com.kms.katalon.core.webui.keyword.builtin.ClickKeyword$_click_closure1.call(ClickKeyword.groovy)
	at com.kms.katalon.core.webui.keyword.internal.WebUIKeywordMain.runKeyword(WebUIKeywordMain.groovy:20)
	... 35 more


2021-05-27 22:24:53 - [TEST_STEP][FAILED] - callTestCase(findTestCase("1712612/TC26_PinMessageInPublicChannel"), [:], STOP_ON_FAILURE): Unable to call Test Case 'Test Cases/1712612/TC26_PinMessageInPublicChannel' (Root cause: com.kms.katalon.core.exception.StepFailedException: Call Test Case 'Test Cases/1712612/TC26_PinMessageInPublicChannel' failed
	at com.kms.katalon.core.keyword.builtin.CallTestCaseKeyword$_callTestCase_closure1.doCall(CallTestCaseKeyword.groovy:63)
	at com.kms.katalon.core.keyword.builtin.CallTestCaseKeyword$_callTestCase_closure1.call(CallTestCaseKeyword.groovy)
	at com.kms.katalon.core.keyword.internal.KeywordMain.runKeyword(KeywordMain.groovy:68)
	at com.kms.katalon.core.keyword.builtin.CallTestCaseKeyword.callTestCase(CallTestCaseKeyword.groovy:81)
	at com.kms.katalon.core.keyword.builtin.CallTestCaseKeyword.execute(CallTestCaseKeyword.groovy:44)
	at com.kms.katalon.core.keyword.internal.KeywordExecutor.executeKeywordForPlatform(KeywordExecutor.groovy:73)
	at com.kms.katalon.core.keyword.BuiltinKeywords.callTestCase(BuiltinKeywords.groovy:334)
	at TC28_UnpinMessageInPublicChannel.run(TC28_UnpinMessageInPublicChannel:20)
	at com.kms.katalon.core.main.ScriptEngine.run(ScriptEngine.java:194)
	at com.kms.katalon.core.main.ScriptEngine.runScriptAsRawText(ScriptEngine.java:119)
	at com.kms.katalon.core.main.TestCaseExecutor.runScript(TestCaseExecutor.java:398)
	at com.kms.katalon.core.main.TestCaseExecutor.doExecute(TestCaseExecutor.java:389)
	at com.kms.katalon.core.main.TestCaseExecutor.processExecutionPhase(TestCaseExecutor.java:368)
	at com.kms.katalon.core.main.TestCaseExecutor.accessMainPhase(TestCaseExecutor.java:360)
	at com.kms.katalon.core.main.TestCaseExecutor.execute(TestCaseExecutor.java:255)
	at com.kms.katalon.core.main.TestSuiteExecutor.accessTestCaseMainPhase(TestSuiteExecutor.java:203)
	at com.kms.katalon.core.main.TestSuiteExecutor.accessTestSuiteMainPhase(TestSuiteExecutor.java:152)
	at com.kms.katalon.core.main.TestSuiteExecutor.execute(TestSuiteExecutor.java:95)
	at com.kms.katalon.core.main.TestCaseMain.startTestSuite(TestCaseMain.java:157)
	at com.kms.katalon.core.main.TestCaseMain$startTestSuite$0.call(Unknown Source)
	at TempTestSuite1622128062646.run(TempTestSuite1622128062646.groovy:39)
Caused by: com.kms.katalon.core.exception.StepFailedException: Unable to click on object 'Object Repository/1712612_Mattermost Object/Page_Town Square - Test 1712612 Mattermost/button_nghi_tran_CENTER_button_y84p141g8fff_63d7c5'
	at com.kms.katalon.core.webui.keyword.internal.WebUIKeywordMain.stepFailed(WebUIKeywordMain.groovy:64)
	at com.kms.katalon.core.webui.keyword.internal.WebUIKeywordMain.runKeyword(WebUIKeywordMain.groovy:26)
	at com.kms.katalon.core.webui.keyword.builtin.ClickKeyword.click(ClickKeyword.groovy:75)
	at com.kms.katalon.core.webui.keyword.builtin.ClickKeyword.execute(ClickKeyword.groovy:42)
	at com.kms.katalon.core.keyword.internal.KeywordExecutor.executeKeywordForPlatform(KeywordExecutor.groovy:73)
	at com.kms.katalon.core.webui.keyword.WebUiBuiltInKeywords.click(WebUiBuiltInKeywords.groovy:619)
	at com.kms.katalon.core.webui.keyword.WebUiBuiltInKeywords$click$3.call(Unknown Source)
	at TC26_PinMessageInPublicChannel.run(TC26_PinMessageInPublicChannel:26)
	at com.kms.katalon.core.main.ScriptEngine.run(ScriptEngine.java:194)
	at com.kms.katalon.core.main.ScriptEngine.runScriptAsRawText(ScriptEngine.java:119)
	at com.kms.katalon.core.main.TestCaseExecutor.runScript(TestCaseExecutor.java:398)
	at com.kms.katalon.core.main.TestCaseExecutor.doExecute(TestCaseExecutor.java:389)
	at com.kms.katalon.core.main.TestCaseExecutor.processExecutionPhase(TestCaseExecutor.java:368)
	at com.kms.katalon.core.main.TestCaseExecutor.accessMainPhase(TestCaseExecutor.java:360)
	at com.kms.katalon.core.main.TestCaseExecutor.execute(TestCaseExecutor.java:255)
	at com.kms.katalon.core.main.TestCaseMain.runTestCase(TestCaseMain.java:114)
	at com.kms.katalon.core.keyword.builtin.CallTestCaseKeyword$_callTestCase_closure1.doCall(CallTestCaseKeyword.groovy:59)
	... 20 more
Caused by: com.kms.katalon.core.webui.exception.WebElementNotFoundException: Web element with id: 'Object Repository/1712612_Mattermost Object/Page_Town Square - Test 1712612 Mattermost/button_nghi_tran_CENTER_button_y84p141g8fff_63d7c5' located by '//button[@id='CENTER_button_y84p141g8fffugwo5wnkspdt1o']' not found
	at com.kms.katalon.core.webui.common.WebUiCommonHelper.findWebElement(WebUiCommonHelper.java:1368)
	at com.kms.katalon.core.webui.keyword.internal.WebUIAbstractKeyword.findWebElement(WebUIAbstractKeyword.groovy:27)
	at com.kms.katalon.core.webui.keyword.internal.WebUIAbstractKeyword.findWebElement(WebUIAbstractKeyword.groovy:26)
	at com.kms.katalon.core.webui.keyword.builtin.ClickKeyword$_click_closure1.doCall(ClickKeyword.groovy:66)
	at com.kms.katalon.core.webui.keyword.builtin.ClickKeyword$_click_closure1.call(ClickKeyword.groovy)
	at com.kms.katalon.core.webui.keyword.internal.WebUIKeywordMain.runKeyword(WebUIKeywordMain.groovy:20)
	... 35 more
)

2021-05-27 22:24:53 - [TEST_CASE][FAILED] - Test Cases/1712612/TC26_PinMessageInPublicChannel: Test Cases/1712612/TC26_PinMessageInPublicChannel FAILED.
Reason:
com.kms.katalon.core.exception.StepFailedException: Unable to click on object 'Object Repository/1712612_Mattermost Object/Page_Town Square - Test 1712612 Mattermost/button_nghi_tran_CENTER_button_y84p141g8fff_63d7c5'
	at com.kms.katalon.core.webui.keyword.internal.WebUIKeywordMain.stepFailed(WebUIKeywordMain.groovy:64)
	at com.kms.katalon.core.webui.keyword.internal.WebUIKeywordMain.runKeyword(WebUIKeywordMain.groovy:26)
	at com.kms.katalon.core.webui.keyword.builtin.ClickKeyword.click(ClickKeyword.groovy:75)
	at com.kms.katalon.core.webui.keyword.builtin.ClickKeyword.execute(ClickKeyword.groovy:42)
	at com.kms.katalon.core.keyword.internal.KeywordExecutor.executeKeywordForPlatform(KeywordExecutor.groovy:73)
	at com.kms.katalon.core.webui.keyword.WebUiBuiltInKeywords.click(WebUiBuiltInKeywords.groovy:619)
	at com.kms.katalon.core.webui.keyword.WebUiBuiltInKeywords$click$3.call(Unknown Source)
	at TC26_PinMessageInPublicChannel.run(TC26_PinMessageInPublicChannel:26)
	at com.kms.katalon.core.main.ScriptEngine.run(ScriptEngine.java:194)
	at com.kms.katalon.core.main.ScriptEngine.runScriptAsRawText(ScriptEngine.java:119)
	at com.kms.katalon.core.main.TestCaseExecutor.runScript(TestCaseExecutor.java:398)
	at com.kms.katalon.core.main.TestCaseExecutor.doExecute(TestCaseExecutor.java:389)
	at com.kms.katalon.core.main.TestCaseExecutor.processExecutionPhase(TestCaseExecutor.java:368)
	at com.kms.katalon.core.main.TestCaseExecutor.accessMainPhase(TestCaseExecutor.java:360)
	at com.kms.katalon.core.main.TestCaseExecutor.execute(TestCaseExecutor.java:255)
	at com.kms.katalon.core.main.TestCaseMain.runTestCase(TestCaseMain.java:114)
	at com.kms.katalon.core.keyword.builtin.CallTestCaseKeyword$_callTestCase_closure1.doCall(CallTestCaseKeyword.groovy:59)
	at com.kms.katalon.core.keyword.builtin.CallTestCaseKeyword$_callTestCase_closure1.call(CallTestCaseKeyword.groovy)
	at com.kms.katalon.core.keyword.internal.KeywordMain.runKeyword(KeywordMain.groovy:68)
	at com.kms.katalon.core.keyword.builtin.CallTestCaseKeyword.callTestCase(CallTestCaseKeyword.groovy:81)
	at com.kms.katalon.core.keyword.builtin.CallTestCaseKeyword.execute(CallTestCaseKeyword.groovy:44)
	at com.kms.katalon.core.keyword.internal.KeywordExecutor.executeKeywordForPlatform(KeywordExecutor.groovy:73)
	at com.kms.katalon.core.keyword.BuiltinKeywords.callTestCase(BuiltinKeywords.groovy:334)
	at TC28_UnpinMessageInPublicChannel.run(TC28_UnpinMessageInPublicChannel:20)
	at com.kms.katalon.core.main.ScriptEngine.run(ScriptEngine.java:194)
	at com.kms.katalon.core.main.ScriptEngine.runScriptAsRawText(ScriptEngine.java:119)
	at com.kms.katalon.core.main.TestCaseExecutor.runScript(TestCaseExecutor.java:398)
	at com.kms.katalon.core.main.TestCaseExecutor.doExecute(TestCaseExecutor.java:389)
	at com.kms.katalon.core.main.TestCaseExecutor.processExecutionPhase(TestCaseExecutor.java:368)
	at com.kms.katalon.core.main.TestCaseExecutor.accessMainPhase(TestCaseExecutor.java:360)
	at com.kms.katalon.core.main.TestCaseExecutor.execute(TestCaseExecutor.java:255)
	at com.kms.katalon.core.main.TestSuiteExecutor.accessTestCaseMainPhase(TestSuiteExecutor.java:203)
	at com.kms.katalon.core.main.TestSuiteExecutor.accessTestSuiteMainPhase(TestSuiteExecutor.java:152)
	at com.kms.katalon.core.main.TestSuiteExecutor.execute(TestSuiteExecutor.java:95)
	at com.kms.katalon.core.main.TestCaseMain.startTestSuite(TestCaseMain.java:157)
	at com.kms.katalon.core.main.TestCaseMain$startTestSuite$0.call(Unknown Source)
	at TempTestSuite1622128062646.run(TempTestSuite1622128062646.groovy:39)
Caused by: com.kms.katalon.core.webui.exception.WebElementNotFoundException: Web element with id: 'Object Repository/1712612_Mattermost Object/Page_Town Square - Test 1712612 Mattermost/button_nghi_tran_CENTER_button_y84p141g8fff_63d7c5' located by '//button[@id='CENTER_button_y84p141g8fffugwo5wnkspdt1o']' not found
	at com.kms.katalon.core.webui.common.WebUiCommonHelper.findWebElement(WebUiCommonHelper.java:1368)
	at com.kms.katalon.core.webui.keyword.internal.WebUIAbstractKeyword.findWebElement(WebUIAbstractKeyword.groovy:27)
	at com.kms.katalon.core.webui.keyword.internal.WebUIAbstractKeyword.findWebElement(WebUIAbstractKeyword.groovy:26)
	at com.kms.katalon.core.webui.keyword.builtin.ClickKeyword$_click_closure1.doCall(ClickKeyword.groovy:66)
	at com.kms.katalon.core.webui.keyword.builtin.ClickKeyword$_click_closure1.call(ClickKeyword.groovy)
	at com.kms.katalon.core.webui.keyword.internal.WebUIKeywordMain.runKeyword(WebUIKeywordMain.groovy:20)
	... 35 more


2021-05-27 22:24:53 - [TEST_STEP][PASSED] - callTestCase(findTestCase("1712612/CommonTC/TC_OpenPage"), [:], STOP_ON_FAILURE): Call Test Case 'Test Cases/1712612/CommonTC/TC_OpenPage' successfully

2021-05-27 22:24:53 - [TEST_CASE][PASSED] - Test Cases/1712612/CommonTC/TC_OpenPage: Test Cases/1712612/CommonTC/TC_OpenPage

2021-05-27 22:24:53 - [TEST_STEP][PASSED] - openBrowser(""): Browser is opened with url: ''

2021-05-27 22:24:53 - [MESSAGE][WARNING] - A browser is already opened. Closing browser and opening a new one

2021-05-27 22:24:53 - [MESSAGE][INFO] - Starting 'Chrome' driver

2021-05-27 22:24:53 - [MESSAGE][INFO] - Action delay is set to 0 milliseconds

2021-05-27 22:24:55 - [MESSAGE][PASSED] - Browser is opened with url: ''

2021-05-27 22:24:55 - [TEST_STEP][PASSED] - navigateToUrl("https://mattermostwebapp.herokuapp.com/login"): Navigate to 'https://mattermostwebapp.herokuapp.com/login' successfully

2021-05-27 22:24:59 - [MESSAGE][PASSED] - Navigate to 'https://mattermostwebapp.herokuapp.com/login' successfully

2021-05-27 22:24:59 - [MESSAGE][PASSED] - Call Test Case 'Test Cases/1712612/CommonTC/TC_OpenPage' successfully

2021-05-27 22:24:59 - [TEST_STEP][PASSED] - callTestCase(findTestCase("1712612/CommonTC/TC_Login"), [:], STOP_ON_FAILURE): Call Test Case 'Test Cases/1712612/CommonTC/TC_Login' successfully

2021-05-27 22:24:59 - [TEST_CASE][PASSED] - Test Cases/1712612/CommonTC/TC_Login: Test Cases/1712612/CommonTC/TC_Login

2021-05-27 22:24:59 - [TEST_STEP][PASSED] - verifyElementVisible(findTestObject("Object Repository/1712612_Mattermost Object/Page_Mattermost/input_login_username"), STOP_ON_FAILURE): Object 'Object Repository/1712612_Mattermost Object/Page_Mattermost/input_login_username' is visible

2021-05-27 22:25:04 - [MESSAGE][PASSED] - Object 'Object Repository/1712612_Mattermost Object/Page_Mattermost/input_login_username' is visible

2021-05-27 22:25:04 - [TEST_STEP][PASSED] - verifyElementVisible(findTestObject("Object Repository/1712612_Mattermost Object/Page_Mattermost/input_login_password"), STOP_ON_FAILURE): Object 'Object Repository/1712612_Mattermost Object/Page_Mattermost/input_login_password' is visible

2021-05-27 22:25:04 - [MESSAGE][PASSED] - Object 'Object Repository/1712612_Mattermost Object/Page_Mattermost/input_login_password' is visible

2021-05-27 22:25:04 - [TEST_STEP][PASSED] - setText(findTestObject("Object Repository/1712612_Mattermost Object/Page_Mattermost/input_login_username"), "nghi_tran"): Text 'nghi_tran' is set on object 'Object Repository/1712612_Mattermost Object/Page_Mattermost/input_login_username'

2021-05-27 22:25:05 - [MESSAGE][PASSED] - Text 'nghi_tran' is set on object 'Object Repository/1712612_Mattermost Object/Page_Mattermost/input_login_username'

2021-05-27 22:25:05 - [TEST_STEP][PASSED] - setEncryptedText(findTestObject("Object Repository/1712612_Mattermost Object/Page_Mattermost/input_login_password"), "KBlHou+hFmnFUOUwxwboiw=="): Text ****** has been set on object 'Object Repository/1712612_Mattermost Object/Page_Mattermost/input_login_password'

2021-05-27 22:25:06 - [MESSAGE][PASSED] - Text ****** has been set on object 'Object Repository/1712612_Mattermost Object/Page_Mattermost/input_login_password'

2021-05-27 22:25:06 - [TEST_STEP][PASSED] - click(findTestObject("Object Repository/1712612_Mattermost Object/Page_Mattermost/button_Sign in")): Object: 'Object Repository/1712612_Mattermost Object/Page_Mattermost/button_Sign in' is clicked on

2021-05-27 22:25:06 - [MESSAGE][PASSED] - Object: 'Object Repository/1712612_Mattermost Object/Page_Mattermost/button_Sign in' is clicked on

2021-05-27 22:25:06 - [TEST_STEP][PASSED] - verifyElementVisible(findTestObject("Object Repository/1712612_Mattermost Object/Page_Town Square - another Mattermost/img__Avatar Avatar-lg"), STOP_ON_FAILURE): Object 'Object Repository/1712612_Mattermost Object/Page_Town Square - another Mattermost/img__Avatar Avatar-lg' is visible

2021-05-27 22:25:10 - [MESSAGE][PASSED] - Object 'Object Repository/1712612_Mattermost Object/Page_Town Square - another Mattermost/img__Avatar Avatar-lg' is visible

2021-05-27 22:25:10 - [MESSAGE][PASSED] - Call Test Case 'Test Cases/1712612/CommonTC/TC_Login' successfully

2021-05-27 22:25:10 - [TEST_STEP][PASSED] - navigateToUrl("https://mattermostwebapp.herokuapp.com/test-1712612/channels/town-square"): Navigate to 'https://mattermostwebapp.herokuapp.com/test-1712612/channels/town-square' successfully

2021-05-27 22:25:11 - [MESSAGE][PASSED] - Navigate to 'https://mattermostwebapp.herokuapp.com/test-1712612/channels/town-square' successfully

2021-05-27 22:25:11 - [TEST_STEP][FAILED] - click(findTestObject("Object Repository/1712612_Mattermost Object/Page_Town Square - Test 1712612 Mattermost/button_nghi_tran_CENTER_button_y84p141g8fff_63d7c5")): Unable to click on object 'Object Repository/1712612_Mattermost Object/Page_Town Square - Test 1712612 Mattermost/button_nghi_tran_CENTER_button_y84p141g8fff_63d7c5' (Root cause: com.kms.katalon.core.exception.StepFailedException: Unable to click on object 'Object Repository/1712612_Mattermost Object/Page_Town Square - Test 1712612 Mattermost/button_nghi_tran_CENTER_button_y84p141g8fff_63d7c5'
	at com.kms.katalon.core.webui.keyword.internal.WebUIKeywordMain.stepFailed(WebUIKeywordMain.groovy:64)
	at com.kms.katalon.core.webui.keyword.internal.WebUIKeywordMain.runKeyword(WebUIKeywordMain.groovy:26)
	at com.kms.katalon.core.webui.keyword.builtin.ClickKeyword.click(ClickKeyword.groovy:75)
	at com.kms.katalon.core.webui.keyword.builtin.ClickKeyword.execute(ClickKeyword.groovy:42)
	at com.kms.katalon.core.keyword.internal.KeywordExecutor.executeKeywordForPlatform(KeywordExecutor.groovy:73)
	at com.kms.katalon.core.webui.keyword.WebUiBuiltInKeywords.click(WebUiBuiltInKeywords.groovy:619)
	at com.kms.katalon.core.webui.keyword.WebUiBuiltInKeywords$click$3.call(Unknown Source)
	at TC26_PinMessageInPublicChannel.run(TC26_PinMessageInPublicChannel:26)
	at com.kms.katalon.core.main.ScriptEngine.run(ScriptEngine.java:194)
	at com.kms.katalon.core.main.ScriptEngine.runScriptAsRawText(ScriptEngine.java:119)
	at com.kms.katalon.core.main.TestCaseExecutor.runScript(TestCaseExecutor.java:398)
	at com.kms.katalon.core.main.TestCaseExecutor.doExecute(TestCaseExecutor.java:389)
	at com.kms.katalon.core.main.TestCaseExecutor.processExecutionPhase(TestCaseExecutor.java:368)
	at com.kms.katalon.core.main.TestCaseExecutor.accessMainPhase(TestCaseExecutor.java:360)
	at com.kms.katalon.core.main.TestCaseExecutor.execute(TestCaseExecutor.java:255)
	at com.kms.katalon.core.main.TestCaseMain.runTestCase(TestCaseMain.java:114)
	at com.kms.katalon.core.keyword.builtin.CallTestCaseKeyword$_callTestCase_closure1.doCall(CallTestCaseKeyword.groovy:59)
	at com.kms.katalon.core.keyword.builtin.CallTestCaseKeyword$_callTestCase_closure1.call(CallTestCaseKeyword.groovy)
	at com.kms.katalon.core.keyword.internal.KeywordMain.runKeyword(KeywordMain.groovy:68)
	at com.kms.katalon.core.keyword.builtin.CallTestCaseKeyword.callTestCase(CallTestCaseKeyword.groovy:81)
	at com.kms.katalon.core.keyword.builtin.CallTestCaseKeyword.execute(CallTestCaseKeyword.groovy:44)
	at com.kms.katalon.core.keyword.internal.KeywordExecutor.executeKeywordForPlatform(KeywordExecutor.groovy:73)
	at com.kms.katalon.core.keyword.BuiltinKeywords.callTestCase(BuiltinKeywords.groovy:334)
	at TC28_UnpinMessageInPublicChannel.run(TC28_UnpinMessageInPublicChannel:20)
	at com.kms.katalon.core.main.ScriptEngine.run(ScriptEngine.java:194)
	at com.kms.katalon.core.main.ScriptEngine.runScriptAsRawText(ScriptEngine.java:119)
	at com.kms.katalon.core.main.TestCaseExecutor.runScript(TestCaseExecutor.java:398)
	at com.kms.katalon.core.main.TestCaseExecutor.doExecute(TestCaseExecutor.java:389)
	at com.kms.katalon.core.main.TestCaseExecutor.processExecutionPhase(TestCaseExecutor.java:368)
	at com.kms.katalon.core.main.TestCaseExecutor.accessMainPhase(TestCaseExecutor.java:360)
	at com.kms.katalon.core.main.TestCaseExecutor.execute(TestCaseExecutor.java:255)
	at com.kms.katalon.core.main.TestSuiteExecutor.accessTestCaseMainPhase(TestSuiteExecutor.java:203)
	at com.kms.katalon.core.main.TestSuiteExecutor.accessTestSuiteMainPhase(TestSuiteExecutor.java:152)
	at com.kms.katalon.core.main.TestSuiteExecutor.execute(TestSuiteExecutor.java:95)
	at com.kms.katalon.core.main.TestCaseMain.startTestSuite(TestCaseMain.java:157)
	at com.kms.katalon.core.main.TestCaseMain$startTestSuite$0.call(Unknown Source)
	at TempTestSuite1622128062646.run(TempTestSuite1622128062646.groovy:39)
Caused by: com.kms.katalon.core.webui.exception.WebElementNotFoundException: Web element with id: 'Object Repository/1712612_Mattermost Object/Page_Town Square - Test 1712612 Mattermost/button_nghi_tran_CENTER_button_y84p141g8fff_63d7c5' located by '//button[@id='CENTER_button_y84p141g8fffugwo5wnkspdt1o']' not found
	at com.kms.katalon.core.webui.common.WebUiCommonHelper.findWebElement(WebUiCommonHelper.java:1368)
	at com.kms.katalon.core.webui.keyword.internal.WebUIAbstractKeyword.findWebElement(WebUIAbstractKeyword.groovy:27)
	at com.kms.katalon.core.webui.keyword.internal.WebUIAbstractKeyword.findWebElement(WebUIAbstractKeyword.groovy:26)
	at com.kms.katalon.core.webui.keyword.builtin.ClickKeyword$_click_closure1.doCall(ClickKeyword.groovy:66)
	at com.kms.katalon.core.webui.keyword.builtin.ClickKeyword$_click_closure1.call(ClickKeyword.groovy)
	at com.kms.katalon.core.webui.keyword.internal.WebUIKeywordMain.runKeyword(WebUIKeywordMain.groovy:20)
	at com.kms.katalon.core.webui.keyword.builtin.ClickKeyword.click(ClickKeyword.groovy:75)
	at com.kms.katalon.core.webui.keyword.builtin.ClickKeyword.execute(ClickKeyword.groovy:42)
	at com.kms.katalon.core.keyword.internal.KeywordExecutor.executeKeywordForPlatform(KeywordExecutor.groovy:73)
	at com.kms.katalon.core.webui.keyword.WebUiBuiltInKeywords.click(WebUiBuiltInKeywords.groovy:619)
	at com.kms.katalon.core.webui.keyword.WebUiBuiltInKeywords$click$3.call(Unknown Source)
	at Script1621657586209.run(Script1621657586209.groovy:26)
	at com.kms.katalon.core.main.ScriptEngine.run(ScriptEngine.java:194)
	at com.kms.katalon.core.main.ScriptEngine.runScriptAsRawText(ScriptEngine.java:119)
	at com.kms.katalon.core.main.TestCaseExecutor.runScript(TestCaseExecutor.java:398)
	at com.kms.katalon.core.main.TestCaseExecutor.doExecute(TestCaseExecutor.java:389)
	at com.kms.katalon.core.main.TestCaseExecutor.processExecutionPhase(TestCaseExecutor.java:368)
	at com.kms.katalon.core.main.TestCaseExecutor.accessMainPhase(TestCaseExecutor.java:360)
	at com.kms.katalon.core.main.TestCaseExecutor.execute(TestCaseExecutor.java:255)
	at com.kms.katalon.core.main.TestCaseMain.runTestCase(TestCaseMain.java:114)
	at com.kms.katalon.core.keyword.builtin.CallTestCaseKeyword$_callTestCase_closure1.doCall(CallTestCaseKeyword.groovy:59)
	at com.kms.katalon.core.keyword.builtin.CallTestCaseKeyword$_callTestCase_closure1.call(CallTestCaseKeyword.groovy)
	at com.kms.katalon.core.keyword.internal.KeywordMain.runKeyword(KeywordMain.groovy:68)
	at com.kms.katalon.core.keyword.builtin.CallTestCaseKeyword.callTestCase(CallTestCaseKeyword.groovy:81)
	at com.kms.katalon.core.keyword.builtin.CallTestCaseKeyword.execute(CallTestCaseKeyword.groovy:44)
	at com.kms.katalon.core.keyword.internal.KeywordExecutor.executeKeywordForPlatform(KeywordExecutor.groovy:73)
	at com.kms.katalon.core.keyword.BuiltinKeywords.callTestCase(BuiltinKeywords.groovy:334)
	at Script1621659068522.run(Script1621659068522.groovy:20)
	... 13 more
)

2021-05-27 22:25:42 - [MESSAGE][INFO] - Unable to find the element located by 'By.xpath: //button[@id='CENTER_button_y84p141g8fffugwo5wnkspdt1o']'. Please recheck the objects properties to make sure the desired element is located. 

2021-05-27 22:25:42 - [MESSAGE][FAILED] - Unable to click on object 'Object Repository/1712612_Mattermost Object/Page_Town Square - Test 1712612 Mattermost/button_nghi_tran_CENTER_button_y84p141g8fff_63d7c5' (Root cause: com.kms.katalon.core.exception.StepFailedException: Unable to click on object 'Object Repository/1712612_Mattermost Object/Page_Town Square - Test 1712612 Mattermost/button_nghi_tran_CENTER_button_y84p141g8fff_63d7c5'
	at com.kms.katalon.core.webui.keyword.internal.WebUIKeywordMain.stepFailed(WebUIKeywordMain.groovy:64)
	at com.kms.katalon.core.webui.keyword.internal.WebUIKeywordMain.runKeyword(WebUIKeywordMain.groovy:26)
	at com.kms.katalon.core.webui.keyword.builtin.ClickKeyword.click(ClickKeyword.groovy:75)
	at com.kms.katalon.core.webui.keyword.builtin.ClickKeyword.execute(ClickKeyword.groovy:42)
	at com.kms.katalon.core.keyword.internal.KeywordExecutor.executeKeywordForPlatform(KeywordExecutor.groovy:73)
	at com.kms.katalon.core.webui.keyword.WebUiBuiltInKeywords.click(WebUiBuiltInKeywords.groovy:619)
	at com.kms.katalon.core.webui.keyword.WebUiBuiltInKeywords$click$3.call(Unknown Source)
	at TC26_PinMessageInPublicChannel.run(TC26_PinMessageInPublicChannel:26)
	at com.kms.katalon.core.main.ScriptEngine.run(ScriptEngine.java:194)
	at com.kms.katalon.core.main.ScriptEngine.runScriptAsRawText(ScriptEngine.java:119)
	at com.kms.katalon.core.main.TestCaseExecutor.runScript(TestCaseExecutor.java:398)
	at com.kms.katalon.core.main.TestCaseExecutor.doExecute(TestCaseExecutor.java:389)
	at com.kms.katalon.core.main.TestCaseExecutor.processExecutionPhase(TestCaseExecutor.java:368)
	at com.kms.katalon.core.main.TestCaseExecutor.accessMainPhase(TestCaseExecutor.java:360)
	at com.kms.katalon.core.main.TestCaseExecutor.execute(TestCaseExecutor.java:255)
	at com.kms.katalon.core.main.TestCaseMain.runTestCase(TestCaseMain.java:114)
	at com.kms.katalon.core.keyword.builtin.CallTestCaseKeyword$_callTestCase_closure1.doCall(CallTestCaseKeyword.groovy:59)
	at com.kms.katalon.core.keyword.builtin.CallTestCaseKeyword$_callTestCase_closure1.call(CallTestCaseKeyword.groovy)
	at com.kms.katalon.core.keyword.internal.KeywordMain.runKeyword(KeywordMain.groovy:68)
	at com.kms.katalon.core.keyword.builtin.CallTestCaseKeyword.callTestCase(CallTestCaseKeyword.groovy:81)
	at com.kms.katalon.core.keyword.builtin.CallTestCaseKeyword.execute(CallTestCaseKeyword.groovy:44)
	at com.kms.katalon.core.keyword.internal.KeywordExecutor.executeKeywordForPlatform(KeywordExecutor.groovy:73)
	at com.kms.katalon.core.keyword.BuiltinKeywords.callTestCase(BuiltinKeywords.groovy:334)
	at TC28_UnpinMessageInPublicChannel.run(TC28_UnpinMessageInPublicChannel:20)
	at com.kms.katalon.core.main.ScriptEngine.run(ScriptEngine.java:194)
	at com.kms.katalon.core.main.ScriptEngine.runScriptAsRawText(ScriptEngine.java:119)
	at com.kms.katalon.core.main.TestCaseExecutor.runScript(TestCaseExecutor.java:398)
	at com.kms.katalon.core.main.TestCaseExecutor.doExecute(TestCaseExecutor.java:389)
	at com.kms.katalon.core.main.TestCaseExecutor.processExecutionPhase(TestCaseExecutor.java:368)
	at com.kms.katalon.core.main.TestCaseExecutor.accessMainPhase(TestCaseExecutor.java:360)
	at com.kms.katalon.core.main.TestCaseExecutor.execute(TestCaseExecutor.java:255)
	at com.kms.katalon.core.main.TestSuiteExecutor.accessTestCaseMainPhase(TestSuiteExecutor.java:203)
	at com.kms.katalon.core.main.TestSuiteExecutor.accessTestSuiteMainPhase(TestSuiteExecutor.java:152)
	at com.kms.katalon.core.main.TestSuiteExecutor.execute(TestSuiteExecutor.java:95)
	at com.kms.katalon.core.main.TestCaseMain.startTestSuite(TestCaseMain.java:157)
	at com.kms.katalon.core.main.TestCaseMain$startTestSuite$0.call(Unknown Source)
	at TempTestSuite1622128062646.run(TempTestSuite1622128062646.groovy:39)
Caused by: com.kms.katalon.core.webui.exception.WebElementNotFoundException: Web element with id: 'Object Repository/1712612_Mattermost Object/Page_Town Square - Test 1712612 Mattermost/button_nghi_tran_CENTER_button_y84p141g8fff_63d7c5' located by '//button[@id='CENTER_button_y84p141g8fffugwo5wnkspdt1o']' not found
	at com.kms.katalon.core.webui.common.WebUiCommonHelper.findWebElement(WebUiCommonHelper.java:1368)
	at com.kms.katalon.core.webui.keyword.internal.WebUIAbstractKeyword.findWebElement(WebUIAbstractKeyword.groovy:27)
	at com.kms.katalon.core.webui.keyword.internal.WebUIAbstractKeyword.findWebElement(WebUIAbstractKeyword.groovy:26)
	at com.kms.katalon.core.webui.keyword.builtin.ClickKeyword$_click_closure1.doCall(ClickKeyword.groovy:66)
	at com.kms.katalon.core.webui.keyword.builtin.ClickKeyword$_click_closure1.call(ClickKeyword.groovy)
	at com.kms.katalon.core.webui.keyword.internal.WebUIKeywordMain.runKeyword(WebUIKeywordMain.groovy:20)
	at com.kms.katalon.core.webui.keyword.builtin.ClickKeyword.click(ClickKeyword.groovy:75)
	at com.kms.katalon.core.webui.keyword.builtin.ClickKeyword.execute(ClickKeyword.groovy:42)
	at com.kms.katalon.core.keyword.internal.KeywordExecutor.executeKeywordForPlatform(KeywordExecutor.groovy:73)
	at com.kms.katalon.core.webui.keyword.WebUiBuiltInKeywords.click(WebUiBuiltInKeywords.groovy:619)
	at com.kms.katalon.core.webui.keyword.WebUiBuiltInKeywords$click$3.call(Unknown Source)
	at Script1621657586209.run(Script1621657586209.groovy:26)
	at com.kms.katalon.core.main.ScriptEngine.run(ScriptEngine.java:194)
	at com.kms.katalon.core.main.ScriptEngine.runScriptAsRawText(ScriptEngine.java:119)
	at com.kms.katalon.core.main.TestCaseExecutor.runScript(TestCaseExecutor.java:398)
	at com.kms.katalon.core.main.TestCaseExecutor.doExecute(TestCaseExecutor.java:389)
	at com.kms.katalon.core.main.TestCaseExecutor.processExecutionPhase(TestCaseExecutor.java:368)
	at com.kms.katalon.core.main.TestCaseExecutor.accessMainPhase(TestCaseExecutor.java:360)
	at com.kms.katalon.core.main.TestCaseExecutor.execute(TestCaseExecutor.java:255)
	at com.kms.katalon.core.main.TestCaseMain.runTestCase(TestCaseMain.java:114)
	at com.kms.katalon.core.keyword.builtin.CallTestCaseKeyword$_callTestCase_closure1.doCall(CallTestCaseKeyword.groovy:59)
	at com.kms.katalon.core.keyword.builtin.CallTestCaseKeyword$_callTestCase_closure1.call(CallTestCaseKeyword.groovy)
	at com.kms.katalon.core.keyword.internal.KeywordMain.runKeyword(KeywordMain.groovy:68)
	at com.kms.katalon.core.keyword.builtin.CallTestCaseKeyword.callTestCase(CallTestCaseKeyword.groovy:81)
	at com.kms.katalon.core.keyword.builtin.CallTestCaseKeyword.execute(CallTestCaseKeyword.groovy:44)
	at com.kms.katalon.core.keyword.internal.KeywordExecutor.executeKeywordForPlatform(KeywordExecutor.groovy:73)
	at com.kms.katalon.core.keyword.BuiltinKeywords.callTestCase(BuiltinKeywords.groovy:334)
	at Script1621659068522.run(Script1621659068522.groovy:20)
	... 13 more
)
[[ATTACHMENT|E:\\Tai lieu hoc\\Nam 7\\HK2\\New Topics\\Homework 2\\New folder\\Mattermost_Autotesting_2\\Mattermost_AutoTesting\\Reports\\20210527_220742\\1412263\\Run_All_Test_Cases\\20210527_220742\\1622129142419.png]]

2021-05-27 22:25:42 - [MESSAGE][FAILED] - Unable to call Test Case 'Test Cases/1712612/TC26_PinMessageInPublicChannel' (Root cause: com.kms.katalon.core.exception.StepFailedException: Call Test Case 'Test Cases/1712612/TC26_PinMessageInPublicChannel' failed
	at com.kms.katalon.core.keyword.builtin.CallTestCaseKeyword$_callTestCase_closure1.doCall(CallTestCaseKeyword.groovy:63)
	at com.kms.katalon.core.keyword.builtin.CallTestCaseKeyword$_callTestCase_closure1.call(CallTestCaseKeyword.groovy)
	at com.kms.katalon.core.keyword.internal.KeywordMain.runKeyword(KeywordMain.groovy:68)
	at com.kms.katalon.core.keyword.builtin.CallTestCaseKeyword.callTestCase(CallTestCaseKeyword.groovy:81)
	at com.kms.katalon.core.keyword.builtin.CallTestCaseKeyword.execute(CallTestCaseKeyword.groovy:44)
	at com.kms.katalon.core.keyword.internal.KeywordExecutor.executeKeywordForPlatform(KeywordExecutor.groovy:73)
	at com.kms.katalon.core.keyword.BuiltinKeywords.callTestCase(BuiltinKeywords.groovy:334)
	at TC28_UnpinMessageInPublicChannel.run(TC28_UnpinMessageInPublicChannel:20)
	at com.kms.katalon.core.main.ScriptEngine.run(ScriptEngine.java:194)
	at com.kms.katalon.core.main.ScriptEngine.runScriptAsRawText(ScriptEngine.java:119)
	at com.kms.katalon.core.main.TestCaseExecutor.runScript(TestCaseExecutor.java:398)
	at com.kms.katalon.core.main.TestCaseExecutor.doExecute(TestCaseExecutor.java:389)
	at com.kms.katalon.core.main.TestCaseExecutor.processExecutionPhase(TestCaseExecutor.java:368)
	at com.kms.katalon.core.main.TestCaseExecutor.accessMainPhase(TestCaseExecutor.java:360)
	at com.kms.katalon.core.main.TestCaseExecutor.execute(TestCaseExecutor.java:255)
	at com.kms.katalon.core.main.TestSuiteExecutor.accessTestCaseMainPhase(TestSuiteExecutor.java:203)
	at com.kms.katalon.core.main.TestSuiteExecutor.accessTestSuiteMainPhase(TestSuiteExecutor.java:152)
	at com.kms.katalon.core.main.TestSuiteExecutor.execute(TestSuiteExecutor.java:95)
	at com.kms.katalon.core.main.TestCaseMain.startTestSuite(TestCaseMain.java:157)
	at com.kms.katalon.core.main.TestCaseMain$startTestSuite$0.call(Unknown Source)
	at TempTestSuite1622128062646.run(TempTestSuite1622128062646.groovy:39)
Caused by: com.kms.katalon.core.exception.StepFailedException: Unable to click on object 'Object Repository/1712612_Mattermost Object/Page_Town Square - Test 1712612 Mattermost/button_nghi_tran_CENTER_button_y84p141g8fff_63d7c5'
	at com.kms.katalon.core.webui.keyword.internal.WebUIKeywordMain.stepFailed(WebUIKeywordMain.groovy:64)
	at com.kms.katalon.core.webui.keyword.internal.WebUIKeywordMain.runKeyword(WebUIKeywordMain.groovy:26)
	at com.kms.katalon.core.webui.keyword.builtin.ClickKeyword.click(ClickKeyword.groovy:75)
	at com.kms.katalon.core.webui.keyword.builtin.ClickKeyword.execute(ClickKeyword.groovy:42)
	at com.kms.katalon.core.keyword.internal.KeywordExecutor.executeKeywordForPlatform(KeywordExecutor.groovy:73)
	at com.kms.katalon.core.webui.keyword.WebUiBuiltInKeywords.click(WebUiBuiltInKeywords.groovy:619)
	at com.kms.katalon.core.webui.keyword.WebUiBuiltInKeywords$click$3.call(Unknown Source)
	at TC26_PinMessageInPublicChannel.run(TC26_PinMessageInPublicChannel:26)
	at com.kms.katalon.core.main.ScriptEngine.run(ScriptEngine.java:194)
	at com.kms.katalon.core.main.ScriptEngine.runScriptAsRawText(ScriptEngine.java:119)
	at com.kms.katalon.core.main.TestCaseExecutor.runScript(TestCaseExecutor.java:398)
	at com.kms.katalon.core.main.TestCaseExecutor.doExecute(TestCaseExecutor.java:389)
	at com.kms.katalon.core.main.TestCaseExecutor.processExecutionPhase(TestCaseExecutor.java:368)
	at com.kms.katalon.core.main.TestCaseExecutor.accessMainPhase(TestCaseExecutor.java:360)
	at com.kms.katalon.core.main.TestCaseExecutor.execute(TestCaseExecutor.java:255)
	at com.kms.katalon.core.main.TestCaseMain.runTestCase(TestCaseMain.java:114)
	at com.kms.katalon.core.keyword.builtin.CallTestCaseKeyword$_callTestCase_closure1.doCall(CallTestCaseKeyword.groovy:59)
	... 20 more
Caused by: com.kms.katalon.core.webui.exception.WebElementNotFoundException: Web element with id: 'Object Repository/1712612_Mattermost Object/Page_Town Square - Test 1712612 Mattermost/button_nghi_tran_CENTER_button_y84p141g8fff_63d7c5' located by '//button[@id='CENTER_button_y84p141g8fffugwo5wnkspdt1o']' not found
	at com.kms.katalon.core.webui.common.WebUiCommonHelper.findWebElement(WebUiCommonHelper.java:1368)
	at com.kms.katalon.core.webui.keyword.internal.WebUIAbstractKeyword.findWebElement(WebUIAbstractKeyword.groovy:27)
	at com.kms.katalon.core.webui.keyword.internal.WebUIAbstractKeyword.findWebElement(WebUIAbstractKeyword.groovy:26)
	at com.kms.katalon.core.webui.keyword.builtin.ClickKeyword$_click_closure1.doCall(ClickKeyword.groovy:66)
	at com.kms.katalon.core.webui.keyword.builtin.ClickKeyword$_click_closure1.call(ClickKeyword.groovy)
	at com.kms.katalon.core.webui.keyword.internal.WebUIKeywordMain.runKeyword(WebUIKeywordMain.groovy:20)
	... 35 more
)]]></system-out>
         <system-err><![CDATA[2021-05-27 22:24:52 - [TEST_CASE][FAILED] - Test Cases/1712612/TC28_UnpinMessageInPublicChannel: Test Cases/1712612/TC28_UnpinMessageInPublicChannel FAILED.
Reason:
com.kms.katalon.core.exception.StepFailedException: Call Test Case 'Test Cases/1712612/TC26_PinMessageInPublicChannel' failed
	at com.kms.katalon.core.keyword.builtin.CallTestCaseKeyword$_callTestCase_closure1.doCall(CallTestCaseKeyword.groovy:63)
	at com.kms.katalon.core.keyword.builtin.CallTestCaseKeyword$_callTestCase_closure1.call(CallTestCaseKeyword.groovy)
	at com.kms.katalon.core.keyword.internal.KeywordMain.runKeyword(KeywordMain.groovy:68)
	at com.kms.katalon.core.keyword.builtin.CallTestCaseKeyword.callTestCase(CallTestCaseKeyword.groovy:81)
	at com.kms.katalon.core.keyword.builtin.CallTestCaseKeyword.execute(CallTestCaseKeyword.groovy:44)
	at com.kms.katalon.core.keyword.internal.KeywordExecutor.executeKeywordForPlatform(KeywordExecutor.groovy:73)
	at com.kms.katalon.core.keyword.BuiltinKeywords.callTestCase(BuiltinKeywords.groovy:334)
	at TC28_UnpinMessageInPublicChannel.run(TC28_UnpinMessageInPublicChannel:20)
	at com.kms.katalon.core.main.ScriptEngine.run(ScriptEngine.java:194)
	at com.kms.katalon.core.main.ScriptEngine.runScriptAsRawText(ScriptEngine.java:119)
	at com.kms.katalon.core.main.TestCaseExecutor.runScript(TestCaseExecutor.java:398)
	at com.kms.katalon.core.main.TestCaseExecutor.doExecute(TestCaseExecutor.java:389)
	at com.kms.katalon.core.main.TestCaseExecutor.processExecutionPhase(TestCaseExecutor.java:368)
	at com.kms.katalon.core.main.TestCaseExecutor.accessMainPhase(TestCaseExecutor.java:360)
	at com.kms.katalon.core.main.TestCaseExecutor.execute(TestCaseExecutor.java:255)
	at com.kms.katalon.core.main.TestSuiteExecutor.accessTestCaseMainPhase(TestSuiteExecutor.java:203)
	at com.kms.katalon.core.main.TestSuiteExecutor.accessTestSuiteMainPhase(TestSuiteExecutor.java:152)
	at com.kms.katalon.core.main.TestSuiteExecutor.execute(TestSuiteExecutor.java:95)
	at com.kms.katalon.core.main.TestCaseMain.startTestSuite(TestCaseMain.java:157)
	at com.kms.katalon.core.main.TestCaseMain$startTestSuite$0.call(Unknown Source)
	at TempTestSuite1622128062646.run(TempTestSuite1622128062646.groovy:39)
Caused by: com.kms.katalon.core.exception.StepFailedException: Unable to click on object 'Object Repository/1712612_Mattermost Object/Page_Town Square - Test 1712612 Mattermost/button_nghi_tran_CENTER_button_y84p141g8fff_63d7c5'
	at com.kms.katalon.core.webui.keyword.internal.WebUIKeywordMain.stepFailed(WebUIKeywordMain.groovy:64)
	at com.kms.katalon.core.webui.keyword.internal.WebUIKeywordMain.runKeyword(WebUIKeywordMain.groovy:26)
	at com.kms.katalon.core.webui.keyword.builtin.ClickKeyword.click(ClickKeyword.groovy:75)
	at com.kms.katalon.core.webui.keyword.builtin.ClickKeyword.execute(ClickKeyword.groovy:42)
	at com.kms.katalon.core.keyword.internal.KeywordExecutor.executeKeywordForPlatform(KeywordExecutor.groovy:73)
	at com.kms.katalon.core.webui.keyword.WebUiBuiltInKeywords.click(WebUiBuiltInKeywords.groovy:619)
	at com.kms.katalon.core.webui.keyword.WebUiBuiltInKeywords$click$3.call(Unknown Source)
	at TC26_PinMessageInPublicChannel.run(TC26_PinMessageInPublicChannel:26)
	at com.kms.katalon.core.main.ScriptEngine.run(ScriptEngine.java:194)
	at com.kms.katalon.core.main.ScriptEngine.runScriptAsRawText(ScriptEngine.java:119)
	at com.kms.katalon.core.main.TestCaseExecutor.runScript(TestCaseExecutor.java:398)
	at com.kms.katalon.core.main.TestCaseExecutor.doExecute(TestCaseExecutor.java:389)
	at com.kms.katalon.core.main.TestCaseExecutor.processExecutionPhase(TestCaseExecutor.java:368)
	at com.kms.katalon.core.main.TestCaseExecutor.accessMainPhase(TestCaseExecutor.java:360)
	at com.kms.katalon.core.main.TestCaseExecutor.execute(TestCaseExecutor.java:255)
	at com.kms.katalon.core.main.TestCaseMain.runTestCase(TestCaseMain.java:114)
	at com.kms.katalon.core.keyword.builtin.CallTestCaseKeyword$_callTestCase_closure1.doCall(CallTestCaseKeyword.groovy:59)
	... 20 more
Caused by: com.kms.katalon.core.webui.exception.WebElementNotFoundException: Web element with id: 'Object Repository/1712612_Mattermost Object/Page_Town Square - Test 1712612 Mattermost/button_nghi_tran_CENTER_button_y84p141g8fff_63d7c5' located by '//button[@id='CENTER_button_y84p141g8fffugwo5wnkspdt1o']' not found
	at com.kms.katalon.core.webui.common.WebUiCommonHelper.findWebElement(WebUiCommonHelper.java:1368)
	at com.kms.katalon.core.webui.keyword.internal.WebUIAbstractKeyword.findWebElement(WebUIAbstractKeyword.groovy:27)
	at com.kms.katalon.core.webui.keyword.internal.WebUIAbstractKeyword.findWebElement(WebUIAbstractKeyword.groovy:26)
	at com.kms.katalon.core.webui.keyword.builtin.ClickKeyword$_click_closure1.doCall(ClickKeyword.groovy:66)
	at com.kms.katalon.core.webui.keyword.builtin.ClickKeyword$_click_closure1.call(ClickKeyword.groovy)
	at com.kms.katalon.core.webui.keyword.internal.WebUIKeywordMain.runKeyword(WebUIKeywordMain.groovy:20)
	... 35 more]]></system-err>
      </testcase>
      <testcase name="Test Cases/1712612/TC29_UnpinMessageInPrivateChannel" time="50.532" classname="Test Cases/1712612/TC29_UnpinMessageInPrivateChannel" status="FAILED">
         <failure type="FAILED" message="Test Cases/1712612/TC29_UnpinMessageInPrivateChannel FAILED.
Reason:
com.kms.katalon.core.exception.StepFailedException: Call Test Case 'Test Cases/1712612/TC27_PinMessageInPrivateChannel' failed
	at com.kms.katalon.core.keyword.builtin.CallTestCaseKeyword$_callTestCase_closure1.doCall(CallTestCaseKeyword.groovy:63)
	at com.kms.katalon.core.keyword.builtin.CallTestCaseKeyword$_callTestCase_closure1.call(CallTestCaseKeyword.groovy)
	at com.kms.katalon.core.keyword.internal.KeywordMain.runKeyword(KeywordMain.groovy:68)
	at com.kms.katalon.core.keyword.builtin.CallTestCaseKeyword.callTestCase(CallTestCaseKeyword.groovy:81)
	at com.kms.katalon.core.keyword.builtin.CallTestCaseKeyword.execute(CallTestCaseKeyword.groovy:44)
	at com.kms.katalon.core.keyword.internal.KeywordExecutor.executeKeywordForPlatform(KeywordExecutor.groovy:73)
	at com.kms.katalon.core.keyword.BuiltinKeywords.callTestCase(BuiltinKeywords.groovy:334)
	at TC29_UnpinMessageInPrivateChannel.run(TC29_UnpinMessageInPrivateChannel:20)
	at com.kms.katalon.core.main.ScriptEngine.run(ScriptEngine.java:194)
	at com.kms.katalon.core.main.ScriptEngine.runScriptAsRawText(ScriptEngine.java:119)
	at com.kms.katalon.core.main.TestCaseExecutor.runScript(TestCaseExecutor.java:398)
	at com.kms.katalon.core.main.TestCaseExecutor.doExecute(TestCaseExecutor.java:389)
	at com.kms.katalon.core.main.TestCaseExecutor.processExecutionPhase(TestCaseExecutor.java:368)
	at com.kms.katalon.core.main.TestCaseExecutor.accessMainPhase(TestCaseExecutor.java:360)
	at com.kms.katalon.core.main.TestCaseExecutor.execute(TestCaseExecutor.java:255)
	at com.kms.katalon.core.main.TestSuiteExecutor.accessTestCaseMainPhase(TestSuiteExecutor.java:203)
	at com.kms.katalon.core.main.TestSuiteExecutor.accessTestSuiteMainPhase(TestSuiteExecutor.java:152)
	at com.kms.katalon.core.main.TestSuiteExecutor.execute(TestSuiteExecutor.java:95)
	at com.kms.katalon.core.main.TestCaseMain.startTestSuite(TestCaseMain.java:157)
	at com.kms.katalon.core.main.TestCaseMain$startTestSuite$0.call(Unknown Source)
	at TempTestSuite1622128062646.run(TempTestSuite1622128062646.groovy:39)
Caused by: com.kms.katalon.core.exception.StepFailedException: Unable to click on object 'Object Repository/1712612_Mattermost Object/Page_test pin message - Test 1712612 Mattermost/button_nghi_tran_CENTER_button_brb8z9fihidf_f663c2'
	at com.kms.katalon.core.webui.keyword.internal.WebUIKeywordMain.stepFailed(WebUIKeywordMain.groovy:64)
	at com.kms.katalon.core.webui.keyword.internal.WebUIKeywordMain.runKeyword(WebUIKeywordMain.groovy:26)
	at com.kms.katalon.core.webui.keyword.builtin.ClickKeyword.click(ClickKeyword.groovy:75)
	at com.kms.katalon.core.webui.keyword.builtin.ClickKeyword.execute(ClickKeyword.groovy:42)
	at com.kms.katalon.core.keyword.internal.KeywordExecutor.executeKeywordForPlatform(KeywordExecutor.groovy:73)
	at com.kms.katalon.core.webui.keyword.WebUiBuiltInKeywords.click(WebUiBuiltInKeywords.groovy:619)
	at com.kms.katalon.core.webui.keyword.WebUiBuiltInKeywords$click$3.call(Unknown Source)
	at TC27_PinMessageInPrivateChannel.run(TC27_PinMessageInPrivateChannel:26)
	at com.kms.katalon.core.main.ScriptEngine.run(ScriptEngine.java:194)
	at com.kms.katalon.core.main.ScriptEngine.runScriptAsRawText(ScriptEngine.java:119)
	at com.kms.katalon.core.main.TestCaseExecutor.runScript(TestCaseExecutor.java:398)
	at com.kms.katalon.core.main.TestCaseExecutor.doExecute(TestCaseExecutor.java:389)
	at com.kms.katalon.core.main.TestCaseExecutor.processExecutionPhase(TestCaseExecutor.java:368)
	at com.kms.katalon.core.main.TestCaseExecutor.accessMainPhase(TestCaseExecutor.java:360)
	at com.kms.katalon.core.main.TestCaseExecutor.execute(TestCaseExecutor.java:255)
	at com.kms.katalon.core.main.TestCaseMain.runTestCase(TestCaseMain.java:114)
	at com.kms.katalon.core.keyword.builtin.CallTestCaseKeyword$_callTestCase_closure1.doCall(CallTestCaseKeyword.groovy:59)
	... 20 more
Caused by: com.kms.katalon.core.webui.exception.WebElementNotFoundException: Web element with id: 'Object Repository/1712612_Mattermost Object/Page_test pin message - Test 1712612 Mattermost/button_nghi_tran_CENTER_button_brb8z9fihidf_f663c2' located by '//button[@id='CENTER_button_brb8z9fihidfmxns5kwing6pqo']' not found
	at com.kms.katalon.core.webui.common.WebUiCommonHelper.findWebElement(WebUiCommonHelper.java:1368)
	at com.kms.katalon.core.webui.keyword.internal.WebUIAbstractKeyword.findWebElement(WebUIAbstractKeyword.groovy:27)
	at com.kms.katalon.core.webui.keyword.internal.WebUIAbstractKeyword.findWebElement(WebUIAbstractKeyword.groovy:26)
	at com.kms.katalon.core.webui.keyword.builtin.ClickKeyword$_click_closure1.doCall(ClickKeyword.groovy:66)
	at com.kms.katalon.core.webui.keyword.builtin.ClickKeyword$_click_closure1.call(ClickKeyword.groovy)
	at com.kms.katalon.core.webui.keyword.internal.WebUIKeywordMain.runKeyword(WebUIKeywordMain.groovy:20)
	... 35 more
"/>
         <system-out><![CDATA[2021-05-27 22:25:42 - [TEST_CASE][FAILED] - Test Cases/1712612/TC29_UnpinMessageInPrivateChannel: Test Cases/1712612/TC29_UnpinMessageInPrivateChannel FAILED.
Reason:
com.kms.katalon.core.exception.StepFailedException: Call Test Case 'Test Cases/1712612/TC27_PinMessageInPrivateChannel' failed
	at com.kms.katalon.core.keyword.builtin.CallTestCaseKeyword$_callTestCase_closure1.doCall(CallTestCaseKeyword.groovy:63)
	at com.kms.katalon.core.keyword.builtin.CallTestCaseKeyword$_callTestCase_closure1.call(CallTestCaseKeyword.groovy)
	at com.kms.katalon.core.keyword.internal.KeywordMain.runKeyword(KeywordMain.groovy:68)
	at com.kms.katalon.core.keyword.builtin.CallTestCaseKeyword.callTestCase(CallTestCaseKeyword.groovy:81)
	at com.kms.katalon.core.keyword.builtin.CallTestCaseKeyword.execute(CallTestCaseKeyword.groovy:44)
	at com.kms.katalon.core.keyword.internal.KeywordExecutor.executeKeywordForPlatform(KeywordExecutor.groovy:73)
	at com.kms.katalon.core.keyword.BuiltinKeywords.callTestCase(BuiltinKeywords.groovy:334)
	at TC29_UnpinMessageInPrivateChannel.run(TC29_UnpinMessageInPrivateChannel:20)
	at com.kms.katalon.core.main.ScriptEngine.run(ScriptEngine.java:194)
	at com.kms.katalon.core.main.ScriptEngine.runScriptAsRawText(ScriptEngine.java:119)
	at com.kms.katalon.core.main.TestCaseExecutor.runScript(TestCaseExecutor.java:398)
	at com.kms.katalon.core.main.TestCaseExecutor.doExecute(TestCaseExecutor.java:389)
	at com.kms.katalon.core.main.TestCaseExecutor.processExecutionPhase(TestCaseExecutor.java:368)
	at com.kms.katalon.core.main.TestCaseExecutor.accessMainPhase(TestCaseExecutor.java:360)
	at com.kms.katalon.core.main.TestCaseExecutor.execute(TestCaseExecutor.java:255)
	at com.kms.katalon.core.main.TestSuiteExecutor.accessTestCaseMainPhase(TestSuiteExecutor.java:203)
	at com.kms.katalon.core.main.TestSuiteExecutor.accessTestSuiteMainPhase(TestSuiteExecutor.java:152)
	at com.kms.katalon.core.main.TestSuiteExecutor.execute(TestSuiteExecutor.java:95)
	at com.kms.katalon.core.main.TestCaseMain.startTestSuite(TestCaseMain.java:157)
	at com.kms.katalon.core.main.TestCaseMain$startTestSuite$0.call(Unknown Source)
	at TempTestSuite1622128062646.run(TempTestSuite1622128062646.groovy:39)
Caused by: com.kms.katalon.core.exception.StepFailedException: Unable to click on object 'Object Repository/1712612_Mattermost Object/Page_test pin message - Test 1712612 Mattermost/button_nghi_tran_CENTER_button_brb8z9fihidf_f663c2'
	at com.kms.katalon.core.webui.keyword.internal.WebUIKeywordMain.stepFailed(WebUIKeywordMain.groovy:64)
	at com.kms.katalon.core.webui.keyword.internal.WebUIKeywordMain.runKeyword(WebUIKeywordMain.groovy:26)
	at com.kms.katalon.core.webui.keyword.builtin.ClickKeyword.click(ClickKeyword.groovy:75)
	at com.kms.katalon.core.webui.keyword.builtin.ClickKeyword.execute(ClickKeyword.groovy:42)
	at com.kms.katalon.core.keyword.internal.KeywordExecutor.executeKeywordForPlatform(KeywordExecutor.groovy:73)
	at com.kms.katalon.core.webui.keyword.WebUiBuiltInKeywords.click(WebUiBuiltInKeywords.groovy:619)
	at com.kms.katalon.core.webui.keyword.WebUiBuiltInKeywords$click$3.call(Unknown Source)
	at TC27_PinMessageInPrivateChannel.run(TC27_PinMessageInPrivateChannel:26)
	at com.kms.katalon.core.main.ScriptEngine.run(ScriptEngine.java:194)
	at com.kms.katalon.core.main.ScriptEngine.runScriptAsRawText(ScriptEngine.java:119)
	at com.kms.katalon.core.main.TestCaseExecutor.runScript(TestCaseExecutor.java:398)
	at com.kms.katalon.core.main.TestCaseExecutor.doExecute(TestCaseExecutor.java:389)
	at com.kms.katalon.core.main.TestCaseExecutor.processExecutionPhase(TestCaseExecutor.java:368)
	at com.kms.katalon.core.main.TestCaseExecutor.accessMainPhase(TestCaseExecutor.java:360)
	at com.kms.katalon.core.main.TestCaseExecutor.execute(TestCaseExecutor.java:255)
	at com.kms.katalon.core.main.TestCaseMain.runTestCase(TestCaseMain.java:114)
	at com.kms.katalon.core.keyword.builtin.CallTestCaseKeyword$_callTestCase_closure1.doCall(CallTestCaseKeyword.groovy:59)
	... 20 more
Caused by: com.kms.katalon.core.webui.exception.WebElementNotFoundException: Web element with id: 'Object Repository/1712612_Mattermost Object/Page_test pin message - Test 1712612 Mattermost/button_nghi_tran_CENTER_button_brb8z9fihidf_f663c2' located by '//button[@id='CENTER_button_brb8z9fihidfmxns5kwing6pqo']' not found
	at com.kms.katalon.core.webui.common.WebUiCommonHelper.findWebElement(WebUiCommonHelper.java:1368)
	at com.kms.katalon.core.webui.keyword.internal.WebUIAbstractKeyword.findWebElement(WebUIAbstractKeyword.groovy:27)
	at com.kms.katalon.core.webui.keyword.internal.WebUIAbstractKeyword.findWebElement(WebUIAbstractKeyword.groovy:26)
	at com.kms.katalon.core.webui.keyword.builtin.ClickKeyword$_click_closure1.doCall(ClickKeyword.groovy:66)
	at com.kms.katalon.core.webui.keyword.builtin.ClickKeyword$_click_closure1.call(ClickKeyword.groovy)
	at com.kms.katalon.core.webui.keyword.internal.WebUIKeywordMain.runKeyword(WebUIKeywordMain.groovy:20)
	... 35 more


2021-05-27 22:25:43 - [TEST_STEP][FAILED] - callTestCase(findTestCase("1712612/TC27_PinMessageInPrivateChannel"), [:], STOP_ON_FAILURE): Unable to call Test Case 'Test Cases/1712612/TC27_PinMessageInPrivateChannel' (Root cause: com.kms.katalon.core.exception.StepFailedException: Call Test Case 'Test Cases/1712612/TC27_PinMessageInPrivateChannel' failed
	at com.kms.katalon.core.keyword.builtin.CallTestCaseKeyword$_callTestCase_closure1.doCall(CallTestCaseKeyword.groovy:63)
	at com.kms.katalon.core.keyword.builtin.CallTestCaseKeyword$_callTestCase_closure1.call(CallTestCaseKeyword.groovy)
	at com.kms.katalon.core.keyword.internal.KeywordMain.runKeyword(KeywordMain.groovy:68)
	at com.kms.katalon.core.keyword.builtin.CallTestCaseKeyword.callTestCase(CallTestCaseKeyword.groovy:81)
	at com.kms.katalon.core.keyword.builtin.CallTestCaseKeyword.execute(CallTestCaseKeyword.groovy:44)
	at com.kms.katalon.core.keyword.internal.KeywordExecutor.executeKeywordForPlatform(KeywordExecutor.groovy:73)
	at com.kms.katalon.core.keyword.BuiltinKeywords.callTestCase(BuiltinKeywords.groovy:334)
	at TC29_UnpinMessageInPrivateChannel.run(TC29_UnpinMessageInPrivateChannel:20)
	at com.kms.katalon.core.main.ScriptEngine.run(ScriptEngine.java:194)
	at com.kms.katalon.core.main.ScriptEngine.runScriptAsRawText(ScriptEngine.java:119)
	at com.kms.katalon.core.main.TestCaseExecutor.runScript(TestCaseExecutor.java:398)
	at com.kms.katalon.core.main.TestCaseExecutor.doExecute(TestCaseExecutor.java:389)
	at com.kms.katalon.core.main.TestCaseExecutor.processExecutionPhase(TestCaseExecutor.java:368)
	at com.kms.katalon.core.main.TestCaseExecutor.accessMainPhase(TestCaseExecutor.java:360)
	at com.kms.katalon.core.main.TestCaseExecutor.execute(TestCaseExecutor.java:255)
	at com.kms.katalon.core.main.TestSuiteExecutor.accessTestCaseMainPhase(TestSuiteExecutor.java:203)
	at com.kms.katalon.core.main.TestSuiteExecutor.accessTestSuiteMainPhase(TestSuiteExecutor.java:152)
	at com.kms.katalon.core.main.TestSuiteExecutor.execute(TestSuiteExecutor.java:95)
	at com.kms.katalon.core.main.TestCaseMain.startTestSuite(TestCaseMain.java:157)
	at com.kms.katalon.core.main.TestCaseMain$startTestSuite$0.call(Unknown Source)
	at TempTestSuite1622128062646.run(TempTestSuite1622128062646.groovy:39)
Caused by: com.kms.katalon.core.exception.StepFailedException: Unable to click on object 'Object Repository/1712612_Mattermost Object/Page_test pin message - Test 1712612 Mattermost/button_nghi_tran_CENTER_button_brb8z9fihidf_f663c2'
	at com.kms.katalon.core.webui.keyword.internal.WebUIKeywordMain.stepFailed(WebUIKeywordMain.groovy:64)
	at com.kms.katalon.core.webui.keyword.internal.WebUIKeywordMain.runKeyword(WebUIKeywordMain.groovy:26)
	at com.kms.katalon.core.webui.keyword.builtin.ClickKeyword.click(ClickKeyword.groovy:75)
	at com.kms.katalon.core.webui.keyword.builtin.ClickKeyword.execute(ClickKeyword.groovy:42)
	at com.kms.katalon.core.keyword.internal.KeywordExecutor.executeKeywordForPlatform(KeywordExecutor.groovy:73)
	at com.kms.katalon.core.webui.keyword.WebUiBuiltInKeywords.click(WebUiBuiltInKeywords.groovy:619)
	at com.kms.katalon.core.webui.keyword.WebUiBuiltInKeywords$click$3.call(Unknown Source)
	at TC27_PinMessageInPrivateChannel.run(TC27_PinMessageInPrivateChannel:26)
	at com.kms.katalon.core.main.ScriptEngine.run(ScriptEngine.java:194)
	at com.kms.katalon.core.main.ScriptEngine.runScriptAsRawText(ScriptEngine.java:119)
	at com.kms.katalon.core.main.TestCaseExecutor.runScript(TestCaseExecutor.java:398)
	at com.kms.katalon.core.main.TestCaseExecutor.doExecute(TestCaseExecutor.java:389)
	at com.kms.katalon.core.main.TestCaseExecutor.processExecutionPhase(TestCaseExecutor.java:368)
	at com.kms.katalon.core.main.TestCaseExecutor.accessMainPhase(TestCaseExecutor.java:360)
	at com.kms.katalon.core.main.TestCaseExecutor.execute(TestCaseExecutor.java:255)
	at com.kms.katalon.core.main.TestCaseMain.runTestCase(TestCaseMain.java:114)
	at com.kms.katalon.core.keyword.builtin.CallTestCaseKeyword$_callTestCase_closure1.doCall(CallTestCaseKeyword.groovy:59)
	... 20 more
Caused by: com.kms.katalon.core.webui.exception.WebElementNotFoundException: Web element with id: 'Object Repository/1712612_Mattermost Object/Page_test pin message - Test 1712612 Mattermost/button_nghi_tran_CENTER_button_brb8z9fihidf_f663c2' located by '//button[@id='CENTER_button_brb8z9fihidfmxns5kwing6pqo']' not found
	at com.kms.katalon.core.webui.common.WebUiCommonHelper.findWebElement(WebUiCommonHelper.java:1368)
	at com.kms.katalon.core.webui.keyword.internal.WebUIAbstractKeyword.findWebElement(WebUIAbstractKeyword.groovy:27)
	at com.kms.katalon.core.webui.keyword.internal.WebUIAbstractKeyword.findWebElement(WebUIAbstractKeyword.groovy:26)
	at com.kms.katalon.core.webui.keyword.builtin.ClickKeyword$_click_closure1.doCall(ClickKeyword.groovy:66)
	at com.kms.katalon.core.webui.keyword.builtin.ClickKeyword$_click_closure1.call(ClickKeyword.groovy)
	at com.kms.katalon.core.webui.keyword.internal.WebUIKeywordMain.runKeyword(WebUIKeywordMain.groovy:20)
	... 35 more
)

2021-05-27 22:25:43 - [TEST_CASE][FAILED] - Test Cases/1712612/TC27_PinMessageInPrivateChannel: Test Cases/1712612/TC27_PinMessageInPrivateChannel FAILED.
Reason:
com.kms.katalon.core.exception.StepFailedException: Unable to click on object 'Object Repository/1712612_Mattermost Object/Page_test pin message - Test 1712612 Mattermost/button_nghi_tran_CENTER_button_brb8z9fihidf_f663c2'
	at com.kms.katalon.core.webui.keyword.internal.WebUIKeywordMain.stepFailed(WebUIKeywordMain.groovy:64)
	at com.kms.katalon.core.webui.keyword.internal.WebUIKeywordMain.runKeyword(WebUIKeywordMain.groovy:26)
	at com.kms.katalon.core.webui.keyword.builtin.ClickKeyword.click(ClickKeyword.groovy:75)
	at com.kms.katalon.core.webui.keyword.builtin.ClickKeyword.execute(ClickKeyword.groovy:42)
	at com.kms.katalon.core.keyword.internal.KeywordExecutor.executeKeywordForPlatform(KeywordExecutor.groovy:73)
	at com.kms.katalon.core.webui.keyword.WebUiBuiltInKeywords.click(WebUiBuiltInKeywords.groovy:619)
	at com.kms.katalon.core.webui.keyword.WebUiBuiltInKeywords$click$3.call(Unknown Source)
	at TC27_PinMessageInPrivateChannel.run(TC27_PinMessageInPrivateChannel:26)
	at com.kms.katalon.core.main.ScriptEngine.run(ScriptEngine.java:194)
	at com.kms.katalon.core.main.ScriptEngine.runScriptAsRawText(ScriptEngine.java:119)
	at com.kms.katalon.core.main.TestCaseExecutor.runScript(TestCaseExecutor.java:398)
	at com.kms.katalon.core.main.TestCaseExecutor.doExecute(TestCaseExecutor.java:389)
	at com.kms.katalon.core.main.TestCaseExecutor.processExecutionPhase(TestCaseExecutor.java:368)
	at com.kms.katalon.core.main.TestCaseExecutor.accessMainPhase(TestCaseExecutor.java:360)
	at com.kms.katalon.core.main.TestCaseExecutor.execute(TestCaseExecutor.java:255)
	at com.kms.katalon.core.main.TestCaseMain.runTestCase(TestCaseMain.java:114)
	at com.kms.katalon.core.keyword.builtin.CallTestCaseKeyword$_callTestCase_closure1.doCall(CallTestCaseKeyword.groovy:59)
	at com.kms.katalon.core.keyword.builtin.CallTestCaseKeyword$_callTestCase_closure1.call(CallTestCaseKeyword.groovy)
	at com.kms.katalon.core.keyword.internal.KeywordMain.runKeyword(KeywordMain.groovy:68)
	at com.kms.katalon.core.keyword.builtin.CallTestCaseKeyword.callTestCase(CallTestCaseKeyword.groovy:81)
	at com.kms.katalon.core.keyword.builtin.CallTestCaseKeyword.execute(CallTestCaseKeyword.groovy:44)
	at com.kms.katalon.core.keyword.internal.KeywordExecutor.executeKeywordForPlatform(KeywordExecutor.groovy:73)
	at com.kms.katalon.core.keyword.BuiltinKeywords.callTestCase(BuiltinKeywords.groovy:334)
	at TC29_UnpinMessageInPrivateChannel.run(TC29_UnpinMessageInPrivateChannel:20)
	at com.kms.katalon.core.main.ScriptEngine.run(ScriptEngine.java:194)
	at com.kms.katalon.core.main.ScriptEngine.runScriptAsRawText(ScriptEngine.java:119)
	at com.kms.katalon.core.main.TestCaseExecutor.runScript(TestCaseExecutor.java:398)
	at com.kms.katalon.core.main.TestCaseExecutor.doExecute(TestCaseExecutor.java:389)
	at com.kms.katalon.core.main.TestCaseExecutor.processExecutionPhase(TestCaseExecutor.java:368)
	at com.kms.katalon.core.main.TestCaseExecutor.accessMainPhase(TestCaseExecutor.java:360)
	at com.kms.katalon.core.main.TestCaseExecutor.execute(TestCaseExecutor.java:255)
	at com.kms.katalon.core.main.TestSuiteExecutor.accessTestCaseMainPhase(TestSuiteExecutor.java:203)
	at com.kms.katalon.core.main.TestSuiteExecutor.accessTestSuiteMainPhase(TestSuiteExecutor.java:152)
	at com.kms.katalon.core.main.TestSuiteExecutor.execute(TestSuiteExecutor.java:95)
	at com.kms.katalon.core.main.TestCaseMain.startTestSuite(TestCaseMain.java:157)
	at com.kms.katalon.core.main.TestCaseMain$startTestSuite$0.call(Unknown Source)
	at TempTestSuite1622128062646.run(TempTestSuite1622128062646.groovy:39)
Caused by: com.kms.katalon.core.webui.exception.WebElementNotFoundException: Web element with id: 'Object Repository/1712612_Mattermost Object/Page_test pin message - Test 1712612 Mattermost/button_nghi_tran_CENTER_button_brb8z9fihidf_f663c2' located by '//button[@id='CENTER_button_brb8z9fihidfmxns5kwing6pqo']' not found
	at com.kms.katalon.core.webui.common.WebUiCommonHelper.findWebElement(WebUiCommonHelper.java:1368)
	at com.kms.katalon.core.webui.keyword.internal.WebUIAbstractKeyword.findWebElement(WebUIAbstractKeyword.groovy:27)
	at com.kms.katalon.core.webui.keyword.internal.WebUIAbstractKeyword.findWebElement(WebUIAbstractKeyword.groovy:26)
	at com.kms.katalon.core.webui.keyword.builtin.ClickKeyword$_click_closure1.doCall(ClickKeyword.groovy:66)
	at com.kms.katalon.core.webui.keyword.builtin.ClickKeyword$_click_closure1.call(ClickKeyword.groovy)
	at com.kms.katalon.core.webui.keyword.internal.WebUIKeywordMain.runKeyword(WebUIKeywordMain.groovy:20)
	... 35 more


2021-05-27 22:25:43 - [TEST_STEP][PASSED] - callTestCase(findTestCase("1712612/CommonTC/TC_OpenPage"), [:], STOP_ON_FAILURE): Call Test Case 'Test Cases/1712612/CommonTC/TC_OpenPage' successfully

2021-05-27 22:25:43 - [TEST_CASE][PASSED] - Test Cases/1712612/CommonTC/TC_OpenPage: Test Cases/1712612/CommonTC/TC_OpenPage

2021-05-27 22:25:43 - [TEST_STEP][PASSED] - openBrowser(""): Browser is opened with url: ''

2021-05-27 22:25:43 - [MESSAGE][WARNING] - A browser is already opened. Closing browser and opening a new one

2021-05-27 22:25:44 - [MESSAGE][INFO] - Starting 'Chrome' driver

2021-05-27 22:25:44 - [MESSAGE][INFO] - Action delay is set to 0 milliseconds

2021-05-27 22:25:46 - [MESSAGE][PASSED] - Browser is opened with url: ''

2021-05-27 22:25:46 - [TEST_STEP][PASSED] - navigateToUrl("https://mattermostwebapp.herokuapp.com/login"): Navigate to 'https://mattermostwebapp.herokuapp.com/login' successfully

2021-05-27 22:25:50 - [MESSAGE][PASSED] - Navigate to 'https://mattermostwebapp.herokuapp.com/login' successfully

2021-05-27 22:25:50 - [MESSAGE][PASSED] - Call Test Case 'Test Cases/1712612/CommonTC/TC_OpenPage' successfully

2021-05-27 22:25:50 - [TEST_STEP][PASSED] - callTestCase(findTestCase("1712612/CommonTC/TC_Login"), [:], STOP_ON_FAILURE): Call Test Case 'Test Cases/1712612/CommonTC/TC_Login' successfully

2021-05-27 22:25:50 - [TEST_CASE][PASSED] - Test Cases/1712612/CommonTC/TC_Login: Test Cases/1712612/CommonTC/TC_Login

2021-05-27 22:25:50 - [TEST_STEP][PASSED] - verifyElementVisible(findTestObject("Object Repository/1712612_Mattermost Object/Page_Mattermost/input_login_username"), STOP_ON_FAILURE): Object 'Object Repository/1712612_Mattermost Object/Page_Mattermost/input_login_username' is visible

2021-05-27 22:25:54 - [MESSAGE][PASSED] - Object 'Object Repository/1712612_Mattermost Object/Page_Mattermost/input_login_username' is visible

2021-05-27 22:25:54 - [TEST_STEP][PASSED] - verifyElementVisible(findTestObject("Object Repository/1712612_Mattermost Object/Page_Mattermost/input_login_password"), STOP_ON_FAILURE): Object 'Object Repository/1712612_Mattermost Object/Page_Mattermost/input_login_password' is visible

2021-05-27 22:25:55 - [MESSAGE][PASSED] - Object 'Object Repository/1712612_Mattermost Object/Page_Mattermost/input_login_password' is visible

2021-05-27 22:25:55 - [TEST_STEP][PASSED] - setText(findTestObject("Object Repository/1712612_Mattermost Object/Page_Mattermost/input_login_username"), "nghi_tran"): Text 'nghi_tran' is set on object 'Object Repository/1712612_Mattermost Object/Page_Mattermost/input_login_username'

2021-05-27 22:25:55 - [MESSAGE][PASSED] - Text 'nghi_tran' is set on object 'Object Repository/1712612_Mattermost Object/Page_Mattermost/input_login_username'

2021-05-27 22:25:55 - [TEST_STEP][PASSED] - setEncryptedText(findTestObject("Object Repository/1712612_Mattermost Object/Page_Mattermost/input_login_password"), "KBlHou+hFmnFUOUwxwboiw=="): Text ****** has been set on object 'Object Repository/1712612_Mattermost Object/Page_Mattermost/input_login_password'

2021-05-27 22:25:56 - [MESSAGE][PASSED] - Text ****** has been set on object 'Object Repository/1712612_Mattermost Object/Page_Mattermost/input_login_password'

2021-05-27 22:25:56 - [TEST_STEP][PASSED] - click(findTestObject("Object Repository/1712612_Mattermost Object/Page_Mattermost/button_Sign in")): Object: 'Object Repository/1712612_Mattermost Object/Page_Mattermost/button_Sign in' is clicked on

2021-05-27 22:25:57 - [MESSAGE][PASSED] - Object: 'Object Repository/1712612_Mattermost Object/Page_Mattermost/button_Sign in' is clicked on

2021-05-27 22:25:57 - [TEST_STEP][PASSED] - verifyElementVisible(findTestObject("Object Repository/1712612_Mattermost Object/Page_Town Square - another Mattermost/img__Avatar Avatar-lg"), STOP_ON_FAILURE): Object 'Object Repository/1712612_Mattermost Object/Page_Town Square - another Mattermost/img__Avatar Avatar-lg' is visible

2021-05-27 22:26:01 - [MESSAGE][PASSED] - Object 'Object Repository/1712612_Mattermost Object/Page_Town Square - another Mattermost/img__Avatar Avatar-lg' is visible

2021-05-27 22:26:01 - [MESSAGE][PASSED] - Call Test Case 'Test Cases/1712612/CommonTC/TC_Login' successfully

2021-05-27 22:26:01 - [TEST_STEP][PASSED] - navigateToUrl("https://mattermostwebapp.herokuapp.com/test-1712612/channels/test-pin-message"): Navigate to 'https://mattermostwebapp.herokuapp.com/test-1712612/channels/test-pin-message' successfully

2021-05-27 22:26:01 - [MESSAGE][PASSED] - Navigate to 'https://mattermostwebapp.herokuapp.com/test-1712612/channels/test-pin-message' successfully

2021-05-27 22:26:01 - [TEST_STEP][FAILED] - click(findTestObject("Object Repository/1712612_Mattermost Object/Page_test pin message - Test 1712612 Mattermost/button_nghi_tran_CENTER_button_brb8z9fihidf_f663c2")): Unable to click on object 'Object Repository/1712612_Mattermost Object/Page_test pin message - Test 1712612 Mattermost/button_nghi_tran_CENTER_button_brb8z9fihidf_f663c2' (Root cause: com.kms.katalon.core.exception.StepFailedException: Unable to click on object 'Object Repository/1712612_Mattermost Object/Page_test pin message - Test 1712612 Mattermost/button_nghi_tran_CENTER_button_brb8z9fihidf_f663c2'
	at com.kms.katalon.core.webui.keyword.internal.WebUIKeywordMain.stepFailed(WebUIKeywordMain.groovy:64)
	at com.kms.katalon.core.webui.keyword.internal.WebUIKeywordMain.runKeyword(WebUIKeywordMain.groovy:26)
	at com.kms.katalon.core.webui.keyword.builtin.ClickKeyword.click(ClickKeyword.groovy:75)
	at com.kms.katalon.core.webui.keyword.builtin.ClickKeyword.execute(ClickKeyword.groovy:42)
	at com.kms.katalon.core.keyword.internal.KeywordExecutor.executeKeywordForPlatform(KeywordExecutor.groovy:73)
	at com.kms.katalon.core.webui.keyword.WebUiBuiltInKeywords.click(WebUiBuiltInKeywords.groovy:619)
	at com.kms.katalon.core.webui.keyword.WebUiBuiltInKeywords$click$3.call(Unknown Source)
	at TC27_PinMessageInPrivateChannel.run(TC27_PinMessageInPrivateChannel:26)
	at com.kms.katalon.core.main.ScriptEngine.run(ScriptEngine.java:194)
	at com.kms.katalon.core.main.ScriptEngine.runScriptAsRawText(ScriptEngine.java:119)
	at com.kms.katalon.core.main.TestCaseExecutor.runScript(TestCaseExecutor.java:398)
	at com.kms.katalon.core.main.TestCaseExecutor.doExecute(TestCaseExecutor.java:389)
	at com.kms.katalon.core.main.TestCaseExecutor.processExecutionPhase(TestCaseExecutor.java:368)
	at com.kms.katalon.core.main.TestCaseExecutor.accessMainPhase(TestCaseExecutor.java:360)
	at com.kms.katalon.core.main.TestCaseExecutor.execute(TestCaseExecutor.java:255)
	at com.kms.katalon.core.main.TestCaseMain.runTestCase(TestCaseMain.java:114)
	at com.kms.katalon.core.keyword.builtin.CallTestCaseKeyword$_callTestCase_closure1.doCall(CallTestCaseKeyword.groovy:59)
	at com.kms.katalon.core.keyword.builtin.CallTestCaseKeyword$_callTestCase_closure1.call(CallTestCaseKeyword.groovy)
	at com.kms.katalon.core.keyword.internal.KeywordMain.runKeyword(KeywordMain.groovy:68)
	at com.kms.katalon.core.keyword.builtin.CallTestCaseKeyword.callTestCase(CallTestCaseKeyword.groovy:81)
	at com.kms.katalon.core.keyword.builtin.CallTestCaseKeyword.execute(CallTestCaseKeyword.groovy:44)
	at com.kms.katalon.core.keyword.internal.KeywordExecutor.executeKeywordForPlatform(KeywordExecutor.groovy:73)
	at com.kms.katalon.core.keyword.BuiltinKeywords.callTestCase(BuiltinKeywords.groovy:334)
	at TC29_UnpinMessageInPrivateChannel.run(TC29_UnpinMessageInPrivateChannel:20)
	at com.kms.katalon.core.main.ScriptEngine.run(ScriptEngine.java:194)
	at com.kms.katalon.core.main.ScriptEngine.runScriptAsRawText(ScriptEngine.java:119)
	at com.kms.katalon.core.main.TestCaseExecutor.runScript(TestCaseExecutor.java:398)
	at com.kms.katalon.core.main.TestCaseExecutor.doExecute(TestCaseExecutor.java:389)
	at com.kms.katalon.core.main.TestCaseExecutor.processExecutionPhase(TestCaseExecutor.java:368)
	at com.kms.katalon.core.main.TestCaseExecutor.accessMainPhase(TestCaseExecutor.java:360)
	at com.kms.katalon.core.main.TestCaseExecutor.execute(TestCaseExecutor.java:255)
	at com.kms.katalon.core.main.TestSuiteExecutor.accessTestCaseMainPhase(TestSuiteExecutor.java:203)
	at com.kms.katalon.core.main.TestSuiteExecutor.accessTestSuiteMainPhase(TestSuiteExecutor.java:152)
	at com.kms.katalon.core.main.TestSuiteExecutor.execute(TestSuiteExecutor.java:95)
	at com.kms.katalon.core.main.TestCaseMain.startTestSuite(TestCaseMain.java:157)
	at com.kms.katalon.core.main.TestCaseMain$startTestSuite$0.call(Unknown Source)
	at TempTestSuite1622128062646.run(TempTestSuite1622128062646.groovy:39)
Caused by: com.kms.katalon.core.webui.exception.WebElementNotFoundException: Web element with id: 'Object Repository/1712612_Mattermost Object/Page_test pin message - Test 1712612 Mattermost/button_nghi_tran_CENTER_button_brb8z9fihidf_f663c2' located by '//button[@id='CENTER_button_brb8z9fihidfmxns5kwing6pqo']' not found
	at com.kms.katalon.core.webui.common.WebUiCommonHelper.findWebElement(WebUiCommonHelper.java:1368)
	at com.kms.katalon.core.webui.keyword.internal.WebUIAbstractKeyword.findWebElement(WebUIAbstractKeyword.groovy:27)
	at com.kms.katalon.core.webui.keyword.internal.WebUIAbstractKeyword.findWebElement(WebUIAbstractKeyword.groovy:26)
	at com.kms.katalon.core.webui.keyword.builtin.ClickKeyword$_click_closure1.doCall(ClickKeyword.groovy:66)
	at com.kms.katalon.core.webui.keyword.builtin.ClickKeyword$_click_closure1.call(ClickKeyword.groovy)
	at com.kms.katalon.core.webui.keyword.internal.WebUIKeywordMain.runKeyword(WebUIKeywordMain.groovy:20)
	at com.kms.katalon.core.webui.keyword.builtin.ClickKeyword.click(ClickKeyword.groovy:75)
	at com.kms.katalon.core.webui.keyword.builtin.ClickKeyword.execute(ClickKeyword.groovy:42)
	at com.kms.katalon.core.keyword.internal.KeywordExecutor.executeKeywordForPlatform(KeywordExecutor.groovy:73)
	at com.kms.katalon.core.webui.keyword.WebUiBuiltInKeywords.click(WebUiBuiltInKeywords.groovy:619)
	at com.kms.katalon.core.webui.keyword.WebUiBuiltInKeywords$click$3.call(Unknown Source)
	at Script1621658865761.run(Script1621658865761.groovy:26)
	at com.kms.katalon.core.main.ScriptEngine.run(ScriptEngine.java:194)
	at com.kms.katalon.core.main.ScriptEngine.runScriptAsRawText(ScriptEngine.java:119)
	at com.kms.katalon.core.main.TestCaseExecutor.runScript(TestCaseExecutor.java:398)
	at com.kms.katalon.core.main.TestCaseExecutor.doExecute(TestCaseExecutor.java:389)
	at com.kms.katalon.core.main.TestCaseExecutor.processExecutionPhase(TestCaseExecutor.java:368)
	at com.kms.katalon.core.main.TestCaseExecutor.accessMainPhase(TestCaseExecutor.java:360)
	at com.kms.katalon.core.main.TestCaseExecutor.execute(TestCaseExecutor.java:255)
	at com.kms.katalon.core.main.TestCaseMain.runTestCase(TestCaseMain.java:114)
	at com.kms.katalon.core.keyword.builtin.CallTestCaseKeyword$_callTestCase_closure1.doCall(CallTestCaseKeyword.groovy:59)
	at com.kms.katalon.core.keyword.builtin.CallTestCaseKeyword$_callTestCase_closure1.call(CallTestCaseKeyword.groovy)
	at com.kms.katalon.core.keyword.internal.KeywordMain.runKeyword(KeywordMain.groovy:68)
	at com.kms.katalon.core.keyword.builtin.CallTestCaseKeyword.callTestCase(CallTestCaseKeyword.groovy:81)
	at com.kms.katalon.core.keyword.builtin.CallTestCaseKeyword.execute(CallTestCaseKeyword.groovy:44)
	at com.kms.katalon.core.keyword.internal.KeywordExecutor.executeKeywordForPlatform(KeywordExecutor.groovy:73)
	at com.kms.katalon.core.keyword.BuiltinKeywords.callTestCase(BuiltinKeywords.groovy:334)
	at Script1621659722693.run(Script1621659722693.groovy:20)
	... 13 more
)

2021-05-27 22:26:32 - [MESSAGE][INFO] - Unable to find the element located by 'By.xpath: //button[@id='CENTER_button_brb8z9fihidfmxns5kwing6pqo']'. Please recheck the objects properties to make sure the desired element is located. 

2021-05-27 22:26:33 - [MESSAGE][FAILED] - Unable to click on object 'Object Repository/1712612_Mattermost Object/Page_test pin message - Test 1712612 Mattermost/button_nghi_tran_CENTER_button_brb8z9fihidf_f663c2' (Root cause: com.kms.katalon.core.exception.StepFailedException: Unable to click on object 'Object Repository/1712612_Mattermost Object/Page_test pin message - Test 1712612 Mattermost/button_nghi_tran_CENTER_button_brb8z9fihidf_f663c2'
	at com.kms.katalon.core.webui.keyword.internal.WebUIKeywordMain.stepFailed(WebUIKeywordMain.groovy:64)
	at com.kms.katalon.core.webui.keyword.internal.WebUIKeywordMain.runKeyword(WebUIKeywordMain.groovy:26)
	at com.kms.katalon.core.webui.keyword.builtin.ClickKeyword.click(ClickKeyword.groovy:75)
	at com.kms.katalon.core.webui.keyword.builtin.ClickKeyword.execute(ClickKeyword.groovy:42)
	at com.kms.katalon.core.keyword.internal.KeywordExecutor.executeKeywordForPlatform(KeywordExecutor.groovy:73)
	at com.kms.katalon.core.webui.keyword.WebUiBuiltInKeywords.click(WebUiBuiltInKeywords.groovy:619)
	at com.kms.katalon.core.webui.keyword.WebUiBuiltInKeywords$click$3.call(Unknown Source)
	at TC27_PinMessageInPrivateChannel.run(TC27_PinMessageInPrivateChannel:26)
	at com.kms.katalon.core.main.ScriptEngine.run(ScriptEngine.java:194)
	at com.kms.katalon.core.main.ScriptEngine.runScriptAsRawText(ScriptEngine.java:119)
	at com.kms.katalon.core.main.TestCaseExecutor.runScript(TestCaseExecutor.java:398)
	at com.kms.katalon.core.main.TestCaseExecutor.doExecute(TestCaseExecutor.java:389)
	at com.kms.katalon.core.main.TestCaseExecutor.processExecutionPhase(TestCaseExecutor.java:368)
	at com.kms.katalon.core.main.TestCaseExecutor.accessMainPhase(TestCaseExecutor.java:360)
	at com.kms.katalon.core.main.TestCaseExecutor.execute(TestCaseExecutor.java:255)
	at com.kms.katalon.core.main.TestCaseMain.runTestCase(TestCaseMain.java:114)
	at com.kms.katalon.core.keyword.builtin.CallTestCaseKeyword$_callTestCase_closure1.doCall(CallTestCaseKeyword.groovy:59)
	at com.kms.katalon.core.keyword.builtin.CallTestCaseKeyword$_callTestCase_closure1.call(CallTestCaseKeyword.groovy)
	at com.kms.katalon.core.keyword.internal.KeywordMain.runKeyword(KeywordMain.groovy:68)
	at com.kms.katalon.core.keyword.builtin.CallTestCaseKeyword.callTestCase(CallTestCaseKeyword.groovy:81)
	at com.kms.katalon.core.keyword.builtin.CallTestCaseKeyword.execute(CallTestCaseKeyword.groovy:44)
	at com.kms.katalon.core.keyword.internal.KeywordExecutor.executeKeywordForPlatform(KeywordExecutor.groovy:73)
	at com.kms.katalon.core.keyword.BuiltinKeywords.callTestCase(BuiltinKeywords.groovy:334)
	at TC29_UnpinMessageInPrivateChannel.run(TC29_UnpinMessageInPrivateChannel:20)
	at com.kms.katalon.core.main.ScriptEngine.run(ScriptEngine.java:194)
	at com.kms.katalon.core.main.ScriptEngine.runScriptAsRawText(ScriptEngine.java:119)
	at com.kms.katalon.core.main.TestCaseExecutor.runScript(TestCaseExecutor.java:398)
	at com.kms.katalon.core.main.TestCaseExecutor.doExecute(TestCaseExecutor.java:389)
	at com.kms.katalon.core.main.TestCaseExecutor.processExecutionPhase(TestCaseExecutor.java:368)
	at com.kms.katalon.core.main.TestCaseExecutor.accessMainPhase(TestCaseExecutor.java:360)
	at com.kms.katalon.core.main.TestCaseExecutor.execute(TestCaseExecutor.java:255)
	at com.kms.katalon.core.main.TestSuiteExecutor.accessTestCaseMainPhase(TestSuiteExecutor.java:203)
	at com.kms.katalon.core.main.TestSuiteExecutor.accessTestSuiteMainPhase(TestSuiteExecutor.java:152)
	at com.kms.katalon.core.main.TestSuiteExecutor.execute(TestSuiteExecutor.java:95)
	at com.kms.katalon.core.main.TestCaseMain.startTestSuite(TestCaseMain.java:157)
	at com.kms.katalon.core.main.TestCaseMain$startTestSuite$0.call(Unknown Source)
	at TempTestSuite1622128062646.run(TempTestSuite1622128062646.groovy:39)
Caused by: com.kms.katalon.core.webui.exception.WebElementNotFoundException: Web element with id: 'Object Repository/1712612_Mattermost Object/Page_test pin message - Test 1712612 Mattermost/button_nghi_tran_CENTER_button_brb8z9fihidf_f663c2' located by '//button[@id='CENTER_button_brb8z9fihidfmxns5kwing6pqo']' not found
	at com.kms.katalon.core.webui.common.WebUiCommonHelper.findWebElement(WebUiCommonHelper.java:1368)
	at com.kms.katalon.core.webui.keyword.internal.WebUIAbstractKeyword.findWebElement(WebUIAbstractKeyword.groovy:27)
	at com.kms.katalon.core.webui.keyword.internal.WebUIAbstractKeyword.findWebElement(WebUIAbstractKeyword.groovy:26)
	at com.kms.katalon.core.webui.keyword.builtin.ClickKeyword$_click_closure1.doCall(ClickKeyword.groovy:66)
	at com.kms.katalon.core.webui.keyword.builtin.ClickKeyword$_click_closure1.call(ClickKeyword.groovy)
	at com.kms.katalon.core.webui.keyword.internal.WebUIKeywordMain.runKeyword(WebUIKeywordMain.groovy:20)
	at com.kms.katalon.core.webui.keyword.builtin.ClickKeyword.click(ClickKeyword.groovy:75)
	at com.kms.katalon.core.webui.keyword.builtin.ClickKeyword.execute(ClickKeyword.groovy:42)
	at com.kms.katalon.core.keyword.internal.KeywordExecutor.executeKeywordForPlatform(KeywordExecutor.groovy:73)
	at com.kms.katalon.core.webui.keyword.WebUiBuiltInKeywords.click(WebUiBuiltInKeywords.groovy:619)
	at com.kms.katalon.core.webui.keyword.WebUiBuiltInKeywords$click$3.call(Unknown Source)
	at Script1621658865761.run(Script1621658865761.groovy:26)
	at com.kms.katalon.core.main.ScriptEngine.run(ScriptEngine.java:194)
	at com.kms.katalon.core.main.ScriptEngine.runScriptAsRawText(ScriptEngine.java:119)
	at com.kms.katalon.core.main.TestCaseExecutor.runScript(TestCaseExecutor.java:398)
	at com.kms.katalon.core.main.TestCaseExecutor.doExecute(TestCaseExecutor.java:389)
	at com.kms.katalon.core.main.TestCaseExecutor.processExecutionPhase(TestCaseExecutor.java:368)
	at com.kms.katalon.core.main.TestCaseExecutor.accessMainPhase(TestCaseExecutor.java:360)
	at com.kms.katalon.core.main.TestCaseExecutor.execute(TestCaseExecutor.java:255)
	at com.kms.katalon.core.main.TestCaseMain.runTestCase(TestCaseMain.java:114)
	at com.kms.katalon.core.keyword.builtin.CallTestCaseKeyword$_callTestCase_closure1.doCall(CallTestCaseKeyword.groovy:59)
	at com.kms.katalon.core.keyword.builtin.CallTestCaseKeyword$_callTestCase_closure1.call(CallTestCaseKeyword.groovy)
	at com.kms.katalon.core.keyword.internal.KeywordMain.runKeyword(KeywordMain.groovy:68)
	at com.kms.katalon.core.keyword.builtin.CallTestCaseKeyword.callTestCase(CallTestCaseKeyword.groovy:81)
	at com.kms.katalon.core.keyword.builtin.CallTestCaseKeyword.execute(CallTestCaseKeyword.groovy:44)
	at com.kms.katalon.core.keyword.internal.KeywordExecutor.executeKeywordForPlatform(KeywordExecutor.groovy:73)
	at com.kms.katalon.core.keyword.BuiltinKeywords.callTestCase(BuiltinKeywords.groovy:334)
	at Script1621659722693.run(Script1621659722693.groovy:20)
	... 13 more
)
[[ATTACHMENT|E:\\Tai lieu hoc\\Nam 7\\HK2\\New Topics\\Homework 2\\New folder\\Mattermost_Autotesting_2\\Mattermost_AutoTesting\\Reports\\20210527_220742\\1412263\\Run_All_Test_Cases\\20210527_220742\\1622129192961.png]]

2021-05-27 22:26:33 - [MESSAGE][FAILED] - Unable to call Test Case 'Test Cases/1712612/TC27_PinMessageInPrivateChannel' (Root cause: com.kms.katalon.core.exception.StepFailedException: Call Test Case 'Test Cases/1712612/TC27_PinMessageInPrivateChannel' failed
	at com.kms.katalon.core.keyword.builtin.CallTestCaseKeyword$_callTestCase_closure1.doCall(CallTestCaseKeyword.groovy:63)
	at com.kms.katalon.core.keyword.builtin.CallTestCaseKeyword$_callTestCase_closure1.call(CallTestCaseKeyword.groovy)
	at com.kms.katalon.core.keyword.internal.KeywordMain.runKeyword(KeywordMain.groovy:68)
	at com.kms.katalon.core.keyword.builtin.CallTestCaseKeyword.callTestCase(CallTestCaseKeyword.groovy:81)
	at com.kms.katalon.core.keyword.builtin.CallTestCaseKeyword.execute(CallTestCaseKeyword.groovy:44)
	at com.kms.katalon.core.keyword.internal.KeywordExecutor.executeKeywordForPlatform(KeywordExecutor.groovy:73)
	at com.kms.katalon.core.keyword.BuiltinKeywords.callTestCase(BuiltinKeywords.groovy:334)
	at TC29_UnpinMessageInPrivateChannel.run(TC29_UnpinMessageInPrivateChannel:20)
	at com.kms.katalon.core.main.ScriptEngine.run(ScriptEngine.java:194)
	at com.kms.katalon.core.main.ScriptEngine.runScriptAsRawText(ScriptEngine.java:119)
	at com.kms.katalon.core.main.TestCaseExecutor.runScript(TestCaseExecutor.java:398)
	at com.kms.katalon.core.main.TestCaseExecutor.doExecute(TestCaseExecutor.java:389)
	at com.kms.katalon.core.main.TestCaseExecutor.processExecutionPhase(TestCaseExecutor.java:368)
	at com.kms.katalon.core.main.TestCaseExecutor.accessMainPhase(TestCaseExecutor.java:360)
	at com.kms.katalon.core.main.TestCaseExecutor.execute(TestCaseExecutor.java:255)
	at com.kms.katalon.core.main.TestSuiteExecutor.accessTestCaseMainPhase(TestSuiteExecutor.java:203)
	at com.kms.katalon.core.main.TestSuiteExecutor.accessTestSuiteMainPhase(TestSuiteExecutor.java:152)
	at com.kms.katalon.core.main.TestSuiteExecutor.execute(TestSuiteExecutor.java:95)
	at com.kms.katalon.core.main.TestCaseMain.startTestSuite(TestCaseMain.java:157)
	at com.kms.katalon.core.main.TestCaseMain$startTestSuite$0.call(Unknown Source)
	at TempTestSuite1622128062646.run(TempTestSuite1622128062646.groovy:39)
Caused by: com.kms.katalon.core.exception.StepFailedException: Unable to click on object 'Object Repository/1712612_Mattermost Object/Page_test pin message - Test 1712612 Mattermost/button_nghi_tran_CENTER_button_brb8z9fihidf_f663c2'
	at com.kms.katalon.core.webui.keyword.internal.WebUIKeywordMain.stepFailed(WebUIKeywordMain.groovy:64)
	at com.kms.katalon.core.webui.keyword.internal.WebUIKeywordMain.runKeyword(WebUIKeywordMain.groovy:26)
	at com.kms.katalon.core.webui.keyword.builtin.ClickKeyword.click(ClickKeyword.groovy:75)
	at com.kms.katalon.core.webui.keyword.builtin.ClickKeyword.execute(ClickKeyword.groovy:42)
	at com.kms.katalon.core.keyword.internal.KeywordExecutor.executeKeywordForPlatform(KeywordExecutor.groovy:73)
	at com.kms.katalon.core.webui.keyword.WebUiBuiltInKeywords.click(WebUiBuiltInKeywords.groovy:619)
	at com.kms.katalon.core.webui.keyword.WebUiBuiltInKeywords$click$3.call(Unknown Source)
	at TC27_PinMessageInPrivateChannel.run(TC27_PinMessageInPrivateChannel:26)
	at com.kms.katalon.core.main.ScriptEngine.run(ScriptEngine.java:194)
	at com.kms.katalon.core.main.ScriptEngine.runScriptAsRawText(ScriptEngine.java:119)
	at com.kms.katalon.core.main.TestCaseExecutor.runScript(TestCaseExecutor.java:398)
	at com.kms.katalon.core.main.TestCaseExecutor.doExecute(TestCaseExecutor.java:389)
	at com.kms.katalon.core.main.TestCaseExecutor.processExecutionPhase(TestCaseExecutor.java:368)
	at com.kms.katalon.core.main.TestCaseExecutor.accessMainPhase(TestCaseExecutor.java:360)
	at com.kms.katalon.core.main.TestCaseExecutor.execute(TestCaseExecutor.java:255)
	at com.kms.katalon.core.main.TestCaseMain.runTestCase(TestCaseMain.java:114)
	at com.kms.katalon.core.keyword.builtin.CallTestCaseKeyword$_callTestCase_closure1.doCall(CallTestCaseKeyword.groovy:59)
	... 20 more
Caused by: com.kms.katalon.core.webui.exception.WebElementNotFoundException: Web element with id: 'Object Repository/1712612_Mattermost Object/Page_test pin message - Test 1712612 Mattermost/button_nghi_tran_CENTER_button_brb8z9fihidf_f663c2' located by '//button[@id='CENTER_button_brb8z9fihidfmxns5kwing6pqo']' not found
	at com.kms.katalon.core.webui.common.WebUiCommonHelper.findWebElement(WebUiCommonHelper.java:1368)
	at com.kms.katalon.core.webui.keyword.internal.WebUIAbstractKeyword.findWebElement(WebUIAbstractKeyword.groovy:27)
	at com.kms.katalon.core.webui.keyword.internal.WebUIAbstractKeyword.findWebElement(WebUIAbstractKeyword.groovy:26)
	at com.kms.katalon.core.webui.keyword.builtin.ClickKeyword$_click_closure1.doCall(ClickKeyword.groovy:66)
	at com.kms.katalon.core.webui.keyword.builtin.ClickKeyword$_click_closure1.call(ClickKeyword.groovy)
	at com.kms.katalon.core.webui.keyword.internal.WebUIKeywordMain.runKeyword(WebUIKeywordMain.groovy:20)
	... 35 more
)]]></system-out>
         <system-err><![CDATA[2021-05-27 22:25:42 - [TEST_CASE][FAILED] - Test Cases/1712612/TC29_UnpinMessageInPrivateChannel: Test Cases/1712612/TC29_UnpinMessageInPrivateChannel FAILED.
Reason:
com.kms.katalon.core.exception.StepFailedException: Call Test Case 'Test Cases/1712612/TC27_PinMessageInPrivateChannel' failed
	at com.kms.katalon.core.keyword.builtin.CallTestCaseKeyword$_callTestCase_closure1.doCall(CallTestCaseKeyword.groovy:63)
	at com.kms.katalon.core.keyword.builtin.CallTestCaseKeyword$_callTestCase_closure1.call(CallTestCaseKeyword.groovy)
	at com.kms.katalon.core.keyword.internal.KeywordMain.runKeyword(KeywordMain.groovy:68)
	at com.kms.katalon.core.keyword.builtin.CallTestCaseKeyword.callTestCase(CallTestCaseKeyword.groovy:81)
	at com.kms.katalon.core.keyword.builtin.CallTestCaseKeyword.execute(CallTestCaseKeyword.groovy:44)
	at com.kms.katalon.core.keyword.internal.KeywordExecutor.executeKeywordForPlatform(KeywordExecutor.groovy:73)
	at com.kms.katalon.core.keyword.BuiltinKeywords.callTestCase(BuiltinKeywords.groovy:334)
	at TC29_UnpinMessageInPrivateChannel.run(TC29_UnpinMessageInPrivateChannel:20)
	at com.kms.katalon.core.main.ScriptEngine.run(ScriptEngine.java:194)
	at com.kms.katalon.core.main.ScriptEngine.runScriptAsRawText(ScriptEngine.java:119)
	at com.kms.katalon.core.main.TestCaseExecutor.runScript(TestCaseExecutor.java:398)
	at com.kms.katalon.core.main.TestCaseExecutor.doExecute(TestCaseExecutor.java:389)
	at com.kms.katalon.core.main.TestCaseExecutor.processExecutionPhase(TestCaseExecutor.java:368)
	at com.kms.katalon.core.main.TestCaseExecutor.accessMainPhase(TestCaseExecutor.java:360)
	at com.kms.katalon.core.main.TestCaseExecutor.execute(TestCaseExecutor.java:255)
	at com.kms.katalon.core.main.TestSuiteExecutor.accessTestCaseMainPhase(TestSuiteExecutor.java:203)
	at com.kms.katalon.core.main.TestSuiteExecutor.accessTestSuiteMainPhase(TestSuiteExecutor.java:152)
	at com.kms.katalon.core.main.TestSuiteExecutor.execute(TestSuiteExecutor.java:95)
	at com.kms.katalon.core.main.TestCaseMain.startTestSuite(TestCaseMain.java:157)
	at com.kms.katalon.core.main.TestCaseMain$startTestSuite$0.call(Unknown Source)
	at TempTestSuite1622128062646.run(TempTestSuite1622128062646.groovy:39)
Caused by: com.kms.katalon.core.exception.StepFailedException: Unable to click on object 'Object Repository/1712612_Mattermost Object/Page_test pin message - Test 1712612 Mattermost/button_nghi_tran_CENTER_button_brb8z9fihidf_f663c2'
	at com.kms.katalon.core.webui.keyword.internal.WebUIKeywordMain.stepFailed(WebUIKeywordMain.groovy:64)
	at com.kms.katalon.core.webui.keyword.internal.WebUIKeywordMain.runKeyword(WebUIKeywordMain.groovy:26)
	at com.kms.katalon.core.webui.keyword.builtin.ClickKeyword.click(ClickKeyword.groovy:75)
	at com.kms.katalon.core.webui.keyword.builtin.ClickKeyword.execute(ClickKeyword.groovy:42)
	at com.kms.katalon.core.keyword.internal.KeywordExecutor.executeKeywordForPlatform(KeywordExecutor.groovy:73)
	at com.kms.katalon.core.webui.keyword.WebUiBuiltInKeywords.click(WebUiBuiltInKeywords.groovy:619)
	at com.kms.katalon.core.webui.keyword.WebUiBuiltInKeywords$click$3.call(Unknown Source)
	at TC27_PinMessageInPrivateChannel.run(TC27_PinMessageInPrivateChannel:26)
	at com.kms.katalon.core.main.ScriptEngine.run(ScriptEngine.java:194)
	at com.kms.katalon.core.main.ScriptEngine.runScriptAsRawText(ScriptEngine.java:119)
	at com.kms.katalon.core.main.TestCaseExecutor.runScript(TestCaseExecutor.java:398)
	at com.kms.katalon.core.main.TestCaseExecutor.doExecute(TestCaseExecutor.java:389)
	at com.kms.katalon.core.main.TestCaseExecutor.processExecutionPhase(TestCaseExecutor.java:368)
	at com.kms.katalon.core.main.TestCaseExecutor.accessMainPhase(TestCaseExecutor.java:360)
	at com.kms.katalon.core.main.TestCaseExecutor.execute(TestCaseExecutor.java:255)
	at com.kms.katalon.core.main.TestCaseMain.runTestCase(TestCaseMain.java:114)
	at com.kms.katalon.core.keyword.builtin.CallTestCaseKeyword$_callTestCase_closure1.doCall(CallTestCaseKeyword.groovy:59)
	... 20 more
Caused by: com.kms.katalon.core.webui.exception.WebElementNotFoundException: Web element with id: 'Object Repository/1712612_Mattermost Object/Page_test pin message - Test 1712612 Mattermost/button_nghi_tran_CENTER_button_brb8z9fihidf_f663c2' located by '//button[@id='CENTER_button_brb8z9fihidfmxns5kwing6pqo']' not found
	at com.kms.katalon.core.webui.common.WebUiCommonHelper.findWebElement(WebUiCommonHelper.java:1368)
	at com.kms.katalon.core.webui.keyword.internal.WebUIAbstractKeyword.findWebElement(WebUIAbstractKeyword.groovy:27)
	at com.kms.katalon.core.webui.keyword.internal.WebUIAbstractKeyword.findWebElement(WebUIAbstractKeyword.groovy:26)
	at com.kms.katalon.core.webui.keyword.builtin.ClickKeyword$_click_closure1.doCall(ClickKeyword.groovy:66)
	at com.kms.katalon.core.webui.keyword.builtin.ClickKeyword$_click_closure1.call(ClickKeyword.groovy)
	at com.kms.katalon.core.webui.keyword.internal.WebUIKeywordMain.runKeyword(WebUIKeywordMain.groovy:20)
	... 35 more]]></system-err>
      </testcase>
      <testcase name="Test Cases/1612049/TC35_Write a direct message" time="19.623" classname="Test Cases/1612049/TC35_Write a direct message" status="ERROR">
         <error type="ERROR" message="Test Cases/1612049/TC35_Write a direct message FAILED.
Reason:
java.io.FileNotFoundException: D:\Documents\Studying Materials\Các chủ đề nâng cao trong CNPM\GA\GA1\username.csv (The system cannot find the path specified)
	at com.kms.katalon.core.testdata.reader.CSVReader.&lt;init>(CSVReader.java:23)
	at com.kms.katalon.core.testdata.CSVData.getReader(CSVData.java:23)
	at com.kms.katalon.core.testdata.CSVData.getColumnNames(CSVData.java:57)
	at com.kms.katalon.core.testdata.CSVData.getColumnNumbers(CSVData.java:82)
	at com.kms.katalon.core.testdata.AbstractTestData.verifyColumnIndex(AbstractTestData.java:60)
	at com.kms.katalon.core.testdata.AbstractTestData.getObjectValue(AbstractTestData.java:120)
	at com.kms.katalon.core.testdata.AbstractTestData.getValue(AbstractTestData.java:94)
	at com.kms.katalon.core.testdata.TestData$getValue.call(Unknown Source)
	at TC35_Write a direct message.run(TC35_Write a direct message:30)
	at com.kms.katalon.core.main.ScriptEngine.run(ScriptEngine.java:194)
	at com.kms.katalon.core.main.ScriptEngine.runScriptAsRawText(ScriptEngine.java:119)
	at com.kms.katalon.core.main.TestCaseExecutor.runScript(TestCaseExecutor.java:398)
	at com.kms.katalon.core.main.TestCaseExecutor.doExecute(TestCaseExecutor.java:389)
	at com.kms.katalon.core.main.TestCaseExecutor.processExecutionPhase(TestCaseExecutor.java:368)
	at com.kms.katalon.core.main.TestCaseExecutor.accessMainPhase(TestCaseExecutor.java:360)
	at com.kms.katalon.core.main.TestCaseExecutor.execute(TestCaseExecutor.java:255)
	at com.kms.katalon.core.main.TestSuiteExecutor.accessTestCaseMainPhase(TestSuiteExecutor.java:203)
	at com.kms.katalon.core.main.TestSuiteExecutor.accessTestSuiteMainPhase(TestSuiteExecutor.java:152)
	at com.kms.katalon.core.main.TestSuiteExecutor.execute(TestSuiteExecutor.java:95)
	at com.kms.katalon.core.main.TestCaseMain.startTestSuite(TestCaseMain.java:157)
	at com.kms.katalon.core.main.TestCaseMain$startTestSuite$0.call(Unknown Source)
	at TempTestSuite1622128062646.run(TempTestSuite1622128062646.groovy:39)
"/>
         <system-out><![CDATA[2021-05-27 22:26:33 - [TEST_CASE][ERROR] - Test Cases/1612049/TC35_Write a direct message: Test Cases/1612049/TC35_Write a direct message FAILED.
Reason:
java.io.FileNotFoundException: D:\Documents\Studying Materials\Các chủ đề nâng cao trong CNPM\GA\GA1\username.csv (The system cannot find the path specified)
	at com.kms.katalon.core.testdata.reader.CSVReader.<init>(CSVReader.java:23)
	at com.kms.katalon.core.testdata.CSVData.getReader(CSVData.java:23)
	at com.kms.katalon.core.testdata.CSVData.getColumnNames(CSVData.java:57)
	at com.kms.katalon.core.testdata.CSVData.getColumnNumbers(CSVData.java:82)
	at com.kms.katalon.core.testdata.AbstractTestData.verifyColumnIndex(AbstractTestData.java:60)
	at com.kms.katalon.core.testdata.AbstractTestData.getObjectValue(AbstractTestData.java:120)
	at com.kms.katalon.core.testdata.AbstractTestData.getValue(AbstractTestData.java:94)
	at com.kms.katalon.core.testdata.TestData$getValue.call(Unknown Source)
	at TC35_Write a direct message.run(TC35_Write a direct message:30)
	at com.kms.katalon.core.main.ScriptEngine.run(ScriptEngine.java:194)
	at com.kms.katalon.core.main.ScriptEngine.runScriptAsRawText(ScriptEngine.java:119)
	at com.kms.katalon.core.main.TestCaseExecutor.runScript(TestCaseExecutor.java:398)
	at com.kms.katalon.core.main.TestCaseExecutor.doExecute(TestCaseExecutor.java:389)
	at com.kms.katalon.core.main.TestCaseExecutor.processExecutionPhase(TestCaseExecutor.java:368)
	at com.kms.katalon.core.main.TestCaseExecutor.accessMainPhase(TestCaseExecutor.java:360)
	at com.kms.katalon.core.main.TestCaseExecutor.execute(TestCaseExecutor.java:255)
	at com.kms.katalon.core.main.TestSuiteExecutor.accessTestCaseMainPhase(TestSuiteExecutor.java:203)
	at com.kms.katalon.core.main.TestSuiteExecutor.accessTestSuiteMainPhase(TestSuiteExecutor.java:152)
	at com.kms.katalon.core.main.TestSuiteExecutor.execute(TestSuiteExecutor.java:95)
	at com.kms.katalon.core.main.TestCaseMain.startTestSuite(TestCaseMain.java:157)
	at com.kms.katalon.core.main.TestCaseMain$startTestSuite$0.call(Unknown Source)
	at TempTestSuite1622128062646.run(TempTestSuite1622128062646.groovy:39)


2021-05-27 22:26:33 - [TEST_STEP][PASSED] - openBrowser(""): Browser is opened with url: ''

2021-05-27 22:26:33 - [MESSAGE][WARNING] - A browser is already opened. Closing browser and opening a new one

2021-05-27 22:26:34 - [MESSAGE][INFO] - Starting 'Chrome' driver

2021-05-27 22:26:34 - [MESSAGE][INFO] - Action delay is set to 0 milliseconds

2021-05-27 22:26:36 - [MESSAGE][PASSED] - Browser is opened with url: ''

2021-05-27 22:26:36 - [TEST_STEP][PASSED] - navigateToUrl("https://mattermostwebapp.herokuapp.com/"): Navigate to 'https://mattermostwebapp.herokuapp.com/' successfully

2021-05-27 22:26:41 - [MESSAGE][PASSED] - Navigate to 'https://mattermostwebapp.herokuapp.com/' successfully

2021-05-27 22:26:41 - [TEST_STEP][PASSED] - callTestCase(findTestCase("1612049/CommonTC/CTC_Login"), ["username":"jooie", "password":"6z6Vi2R3i06jbzaqW0pQ8Q=="], STOP_ON_FAILURE): Call Test Case 'Test Cases/1612049/CommonTC/CTC_Login' successfully

2021-05-27 22:26:41 - [TEST_CASE][PASSED] - Test Cases/1612049/CommonTC/CTC_Login: Test Cases/1612049/CommonTC/CTC_Login

2021-05-27 22:26:42 - [TEST_STEP][PASSED] - setText(findTestObject("Object Repository/1612049/Login_Screen/Page_Mattermost/input_All team communication in one place, _dcc84b"), username): Text 'jooie' is set on object 'Object Repository/1612049/Login_Screen/Page_Mattermost/input_All team communication in one place, _dcc84b'

2021-05-27 22:26:46 - [MESSAGE][PASSED] - Text 'jooie' is set on object 'Object Repository/1612049/Login_Screen/Page_Mattermost/input_All team communication in one place, _dcc84b'

2021-05-27 22:26:46 - [TEST_STEP][PASSED] - setEncryptedText(findTestObject("Object Repository/1612049/Login_Screen/Page_Mattermost/input_All team communication in one place, _a3edc6"), password): Text ****** has been set on object 'Object Repository/1612049/Login_Screen/Page_Mattermost/input_All team communication in one place, _a3edc6'

2021-05-27 22:26:47 - [MESSAGE][PASSED] - Text ****** has been set on object 'Object Repository/1612049/Login_Screen/Page_Mattermost/input_All team communication in one place, _a3edc6'

2021-05-27 22:26:47 - [TEST_STEP][PASSED] - click(findTestObject("Object Repository/1612049/Login_Screen/Page_Mattermost/button_Sign in")): Object: 'Object Repository/1612049/Login_Screen/Page_Mattermost/button_Sign in' is clicked on

2021-05-27 22:26:47 - [MESSAGE][PASSED] - Object: 'Object Repository/1612049/Login_Screen/Page_Mattermost/button_Sign in' is clicked on

2021-05-27 22:26:47 - [MESSAGE][PASSED] - Call Test Case 'Test Cases/1612049/CommonTC/CTC_Login' successfully

2021-05-27 22:26:47 - [TEST_STEP][PASSED] - for ([i = 1, i <= 5, i += 1]): null

2021-05-27 22:26:47 - [TEST_STEP][PASSED] - click(findTestObject("Object Repository/1612049/Index_Sidebarr/Page_(1)  Town Square - noname Mattermost/span_")): Object: 'Object Repository/1612049/Index_Sidebarr/Page_(1)  Town Square - noname Mattermost/span_' is clicked on

2021-05-27 22:26:52 - [MESSAGE][PASSED] - Object: 'Object Repository/1612049/Index_Sidebarr/Page_(1)  Town Square - noname Mattermost/span_' is clicked on

2021-05-27 22:26:52 - [TEST_STEP][PASSED] - setText(findTestObject("1612049/DirectMessage_Workspace/Searchbox/input_Search Box_searchbox"), findTestData("1612049/Data TC35 Write a direct message").getValue(1, i)): null]]></system-out>
         <system-err><![CDATA[2021-05-27 22:26:33 - [TEST_CASE][ERROR] - Test Cases/1612049/TC35_Write a direct message: Test Cases/1612049/TC35_Write a direct message FAILED.
Reason:
java.io.FileNotFoundException: D:\Documents\Studying Materials\Các chủ đề nâng cao trong CNPM\GA\GA1\username.csv (The system cannot find the path specified)
	at com.kms.katalon.core.testdata.reader.CSVReader.<init>(CSVReader.java:23)
	at com.kms.katalon.core.testdata.CSVData.getReader(CSVData.java:23)
	at com.kms.katalon.core.testdata.CSVData.getColumnNames(CSVData.java:57)
	at com.kms.katalon.core.testdata.CSVData.getColumnNumbers(CSVData.java:82)
	at com.kms.katalon.core.testdata.AbstractTestData.verifyColumnIndex(AbstractTestData.java:60)
	at com.kms.katalon.core.testdata.AbstractTestData.getObjectValue(AbstractTestData.java:120)
	at com.kms.katalon.core.testdata.AbstractTestData.getValue(AbstractTestData.java:94)
	at com.kms.katalon.core.testdata.TestData$getValue.call(Unknown Source)
	at TC35_Write a direct message.run(TC35_Write a direct message:30)
	at com.kms.katalon.core.main.ScriptEngine.run(ScriptEngine.java:194)
	at com.kms.katalon.core.main.ScriptEngine.runScriptAsRawText(ScriptEngine.java:119)
	at com.kms.katalon.core.main.TestCaseExecutor.runScript(TestCaseExecutor.java:398)
	at com.kms.katalon.core.main.TestCaseExecutor.doExecute(TestCaseExecutor.java:389)
	at com.kms.katalon.core.main.TestCaseExecutor.processExecutionPhase(TestCaseExecutor.java:368)
	at com.kms.katalon.core.main.TestCaseExecutor.accessMainPhase(TestCaseExecutor.java:360)
	at com.kms.katalon.core.main.TestCaseExecutor.execute(TestCaseExecutor.java:255)
	at com.kms.katalon.core.main.TestSuiteExecutor.accessTestCaseMainPhase(TestSuiteExecutor.java:203)
	at com.kms.katalon.core.main.TestSuiteExecutor.accessTestSuiteMainPhase(TestSuiteExecutor.java:152)
	at com.kms.katalon.core.main.TestSuiteExecutor.execute(TestSuiteExecutor.java:95)
	at com.kms.katalon.core.main.TestCaseMain.startTestSuite(TestCaseMain.java:157)
	at com.kms.katalon.core.main.TestCaseMain$startTestSuite$0.call(Unknown Source)
	at TempTestSuite1622128062646.run(TempTestSuite1622128062646.groovy:39)]]></system-err>
      </testcase>
      <testcase name="Test Cases/1612049/TC36_Search messages" time="30.439" classname="Test Cases/1612049/TC36_Search messages" status="PASSED">
         <system-out><![CDATA[2021-05-27 22:26:52 - [TEST_CASE][PASSED] - Test Cases/1612049/TC36_Search messages: Test Cases/1612049/TC36_Search messages

2021-05-27 22:26:53 - [TEST_STEP][PASSED] - openBrowser(""): Browser is opened with url: ''

2021-05-27 22:26:53 - [MESSAGE][WARNING] - A browser is already opened. Closing browser and opening a new one

2021-05-27 22:26:54 - [MESSAGE][INFO] - Starting 'Chrome' driver

2021-05-27 22:26:54 - [MESSAGE][INFO] - Action delay is set to 0 milliseconds

2021-05-27 22:26:56 - [MESSAGE][PASSED] - Browser is opened with url: ''

2021-05-27 22:26:56 - [TEST_STEP][PASSED] - navigateToUrl("https://mattermostwebapp.herokuapp.com/"): Navigate to 'https://mattermostwebapp.herokuapp.com/' successfully

2021-05-27 22:27:00 - [MESSAGE][PASSED] - Navigate to 'https://mattermostwebapp.herokuapp.com/' successfully

2021-05-27 22:27:00 - [TEST_STEP][PASSED] - callTestCase(findTestCase("1612049/CommonTC/CTC_Login"), ["username":"jooie", "password":"6z6Vi2R3i06jbzaqW0pQ8Q=="], STOP_ON_FAILURE): Call Test Case 'Test Cases/1612049/CommonTC/CTC_Login' successfully

2021-05-27 22:27:00 - [TEST_CASE][PASSED] - Test Cases/1612049/CommonTC/CTC_Login: Test Cases/1612049/CommonTC/CTC_Login

2021-05-27 22:27:00 - [TEST_STEP][PASSED] - setText(findTestObject("Object Repository/1612049/Login_Screen/Page_Mattermost/input_All team communication in one place, _dcc84b"), username): Text 'jooie' is set on object 'Object Repository/1612049/Login_Screen/Page_Mattermost/input_All team communication in one place, _dcc84b'

2021-05-27 22:27:05 - [MESSAGE][PASSED] - Text 'jooie' is set on object 'Object Repository/1612049/Login_Screen/Page_Mattermost/input_All team communication in one place, _dcc84b'

2021-05-27 22:27:05 - [TEST_STEP][PASSED] - setEncryptedText(findTestObject("Object Repository/1612049/Login_Screen/Page_Mattermost/input_All team communication in one place, _a3edc6"), password): Text ****** has been set on object 'Object Repository/1612049/Login_Screen/Page_Mattermost/input_All team communication in one place, _a3edc6'

2021-05-27 22:27:05 - [MESSAGE][PASSED] - Text ****** has been set on object 'Object Repository/1612049/Login_Screen/Page_Mattermost/input_All team communication in one place, _a3edc6'

2021-05-27 22:27:05 - [TEST_STEP][PASSED] - click(findTestObject("Object Repository/1612049/Login_Screen/Page_Mattermost/button_Sign in")): Object: 'Object Repository/1612049/Login_Screen/Page_Mattermost/button_Sign in' is clicked on

2021-05-27 22:27:06 - [MESSAGE][PASSED] - Object: 'Object Repository/1612049/Login_Screen/Page_Mattermost/button_Sign in' is clicked on

2021-05-27 22:27:06 - [MESSAGE][PASSED] - Call Test Case 'Test Cases/1612049/CommonTC/CTC_Login' successfully

2021-05-27 22:27:06 - [TEST_STEP][PASSED] - click(findTestObject("1612049/DirectMessage_Workspace/Searchbox/button_(Edit)_channelHeaderSearchButton")): Object: 'Object Repository/1612049/DirectMessage_Workspace/Searchbox/button_(Edit)_channelHeaderSearchButton' is clicked on

2021-05-27 22:27:11 - [MESSAGE][PASSED] - Object: 'Object Repository/1612049/DirectMessage_Workspace/Searchbox/button_(Edit)_channelHeaderSearchButton' is clicked on

2021-05-27 22:27:11 - [TEST_STEP][PASSED] - for ([index = 1, index <= 5, (index++)]): Object: 'Object Repository/1612049/DirectMessage_Workspace/Searchbox/btn_Delete Search Text_deleteTextButton' is clicked on

2021-05-27 22:27:11 - [TEST_STEP][PASSED] - setText(findTestObject("1612049/DirectMessage_Workspace/input_(Edit)_searchBox"), findTestData("1612049/Data TC36 Search messages").getValue(1, index)): Text 'test' is set on object 'Object Repository/1612049/DirectMessage_Workspace/input_(Edit)_searchBox'

2021-05-27 22:27:12 - [MESSAGE][PASSED] - Text 'test' is set on object 'Object Repository/1612049/DirectMessage_Workspace/input_(Edit)_searchBox'

2021-05-27 22:27:12 - [TEST_STEP][PASSED] - sendKeys(findTestObject("1612049/DirectMessage_Workspace/input_(Edit)_searchBox"), Keys.chord(ENTER)): Keys 'ENTER + ' sent to object: 'Object Repository/1612049/DirectMessage_Workspace/input_(Edit)_searchBox'

2021-05-27 22:27:12 - [MESSAGE][PASSED] - Keys 'ENTER + ' sent to object: 'Object Repository/1612049/DirectMessage_Workspace/input_(Edit)_searchBox'

2021-05-27 22:27:12 - [TEST_STEP][PASSED] - click(findTestObject("1612049/DirectMessage_Workspace/Searchbox/btn_Delete Search Text_deleteTextButton")): Object: 'Object Repository/1612049/DirectMessage_Workspace/Searchbox/btn_Delete Search Text_deleteTextButton' is clicked on

2021-05-27 22:27:13 - [MESSAGE][PASSED] - Object: 'Object Repository/1612049/DirectMessage_Workspace/Searchbox/btn_Delete Search Text_deleteTextButton' is clicked on

2021-05-27 22:27:13 - [TEST_STEP][PASSED] - setText(findTestObject("1612049/DirectMessage_Workspace/input_(Edit)_searchBox"), findTestData("1612049/Data TC36 Search messages").getValue(1, index)): Text 'colo' is set on object 'Object Repository/1612049/DirectMessage_Workspace/input_(Edit)_searchBox'

2021-05-27 22:27:14 - [MESSAGE][PASSED] - Text 'colo' is set on object 'Object Repository/1612049/DirectMessage_Workspace/input_(Edit)_searchBox'

2021-05-27 22:27:14 - [TEST_STEP][PASSED] - sendKeys(findTestObject("1612049/DirectMessage_Workspace/input_(Edit)_searchBox"), Keys.chord(ENTER)): Keys 'ENTER + ' sent to object: 'Object Repository/1612049/DirectMessage_Workspace/input_(Edit)_searchBox'

2021-05-27 22:27:14 - [MESSAGE][PASSED] - Keys 'ENTER + ' sent to object: 'Object Repository/1612049/DirectMessage_Workspace/input_(Edit)_searchBox'

2021-05-27 22:27:14 - [TEST_STEP][PASSED] - click(findTestObject("1612049/DirectMessage_Workspace/Searchbox/btn_Delete Search Text_deleteTextButton")): Object: 'Object Repository/1612049/DirectMessage_Workspace/Searchbox/btn_Delete Search Text_deleteTextButton' is clicked on

2021-05-27 22:27:15 - [MESSAGE][PASSED] - Object: 'Object Repository/1612049/DirectMessage_Workspace/Searchbox/btn_Delete Search Text_deleteTextButton' is clicked on

2021-05-27 22:27:15 - [TEST_STEP][PASSED] - setText(findTestObject("1612049/DirectMessage_Workspace/input_(Edit)_searchBox"), findTestData("1612049/Data TC36 Search messages").getValue(1, index)): Text 'abc' is set on object 'Object Repository/1612049/DirectMessage_Workspace/input_(Edit)_searchBox'

2021-05-27 22:27:16 - [MESSAGE][PASSED] - Text 'abc' is set on object 'Object Repository/1612049/DirectMessage_Workspace/input_(Edit)_searchBox'

2021-05-27 22:27:16 - [TEST_STEP][PASSED] - sendKeys(findTestObject("1612049/DirectMessage_Workspace/input_(Edit)_searchBox"), Keys.chord(ENTER)): Keys 'ENTER + ' sent to object: 'Object Repository/1612049/DirectMessage_Workspace/input_(Edit)_searchBox'

2021-05-27 22:27:17 - [MESSAGE][PASSED] - Keys 'ENTER + ' sent to object: 'Object Repository/1612049/DirectMessage_Workspace/input_(Edit)_searchBox'

2021-05-27 22:27:17 - [TEST_STEP][PASSED] - click(findTestObject("1612049/DirectMessage_Workspace/Searchbox/btn_Delete Search Text_deleteTextButton")): Object: 'Object Repository/1612049/DirectMessage_Workspace/Searchbox/btn_Delete Search Text_deleteTextButton' is clicked on

2021-05-27 22:27:18 - [MESSAGE][PASSED] - Object: 'Object Repository/1612049/DirectMessage_Workspace/Searchbox/btn_Delete Search Text_deleteTextButton' is clicked on

2021-05-27 22:27:18 - [TEST_STEP][PASSED] - setText(findTestObject("1612049/DirectMessage_Workspace/input_(Edit)_searchBox"), findTestData("1612049/Data TC36 Search messages").getValue(1, index)): Text 'hello' is set on object 'Object Repository/1612049/DirectMessage_Workspace/input_(Edit)_searchBox'

2021-05-27 22:27:18 - [MESSAGE][PASSED] - Text 'hello' is set on object 'Object Repository/1612049/DirectMessage_Workspace/input_(Edit)_searchBox'

2021-05-27 22:27:18 - [TEST_STEP][PASSED] - sendKeys(findTestObject("1612049/DirectMessage_Workspace/input_(Edit)_searchBox"), Keys.chord(ENTER)): Keys 'ENTER + ' sent to object: 'Object Repository/1612049/DirectMessage_Workspace/input_(Edit)_searchBox'

2021-05-27 22:27:19 - [MESSAGE][PASSED] - Keys 'ENTER + ' sent to object: 'Object Repository/1612049/DirectMessage_Workspace/input_(Edit)_searchBox'

2021-05-27 22:27:19 - [TEST_STEP][PASSED] - click(findTestObject("1612049/DirectMessage_Workspace/Searchbox/btn_Delete Search Text_deleteTextButton")): Object: 'Object Repository/1612049/DirectMessage_Workspace/Searchbox/btn_Delete Search Text_deleteTextButton' is clicked on

2021-05-27 22:27:20 - [MESSAGE][PASSED] - Object: 'Object Repository/1612049/DirectMessage_Workspace/Searchbox/btn_Delete Search Text_deleteTextButton' is clicked on

2021-05-27 22:27:20 - [TEST_STEP][PASSED] - setText(findTestObject("1612049/DirectMessage_Workspace/input_(Edit)_searchBox"), findTestData("1612049/Data TC36 Search messages").getValue(1, index)): Text 'oscar' is set on object 'Object Repository/1612049/DirectMessage_Workspace/input_(Edit)_searchBox'

2021-05-27 22:27:21 - [MESSAGE][PASSED] - Text 'oscar' is set on object 'Object Repository/1612049/DirectMessage_Workspace/input_(Edit)_searchBox'

2021-05-27 22:27:21 - [TEST_STEP][PASSED] - sendKeys(findTestObject("1612049/DirectMessage_Workspace/input_(Edit)_searchBox"), Keys.chord(ENTER)): Keys 'ENTER + ' sent to object: 'Object Repository/1612049/DirectMessage_Workspace/input_(Edit)_searchBox'

2021-05-27 22:27:21 - [MESSAGE][PASSED] - Keys 'ENTER + ' sent to object: 'Object Repository/1612049/DirectMessage_Workspace/input_(Edit)_searchBox'

2021-05-27 22:27:21 - [TEST_STEP][PASSED] - click(findTestObject("1612049/DirectMessage_Workspace/Searchbox/btn_Delete Search Text_deleteTextButton")): Object: 'Object Repository/1612049/DirectMessage_Workspace/Searchbox/btn_Delete Search Text_deleteTextButton' is clicked on

2021-05-27 22:27:22 - [MESSAGE][PASSED] - Object: 'Object Repository/1612049/DirectMessage_Workspace/Searchbox/btn_Delete Search Text_deleteTextButton' is clicked on

2021-05-27 22:27:22 - [TEST_STEP][PASSED] - closeBrowser(): Browser is closed

2021-05-27 22:27:23 - [MESSAGE][PASSED] - Browser is closed]]></system-out>
         <system-err><![CDATA[]]></system-err>
      </testcase>
      <testcase name="Test Cases/1612049/TC37_Add mention" time="12.832" classname="Test Cases/1612049/TC37_Add mention" status="ERROR">
         <error type="ERROR" message="Test Cases/1612049/TC37_Add mention FAILED.
Reason:
java.io.FileNotFoundException: D:\Documents\Studying Materials\Các chủ đề nâng cao trong CNPM\GA\GA1\username.csv (The system cannot find the path specified)
	at com.kms.katalon.core.testdata.reader.CSVReader.&lt;init>(CSVReader.java:23)
	at com.kms.katalon.core.testdata.CSVData.getReader(CSVData.java:23)
	at com.kms.katalon.core.testdata.CSVData.getColumnNames(CSVData.java:57)
	at com.kms.katalon.core.testdata.CSVData.getColumnNumbers(CSVData.java:82)
	at com.kms.katalon.core.testdata.AbstractTestData.verifyColumnIndex(AbstractTestData.java:60)
	at com.kms.katalon.core.testdata.AbstractTestData.getObjectValue(AbstractTestData.java:120)
	at com.kms.katalon.core.testdata.AbstractTestData.getValue(AbstractTestData.java:94)
	at com.kms.katalon.core.testdata.TestData$getValue.call(Unknown Source)
	at TC37_Add mention.run(TC37_Add mention:28)
	at com.kms.katalon.core.main.ScriptEngine.run(ScriptEngine.java:194)
	at com.kms.katalon.core.main.ScriptEngine.runScriptAsRawText(ScriptEngine.java:119)
	at com.kms.katalon.core.main.TestCaseExecutor.runScript(TestCaseExecutor.java:398)
	at com.kms.katalon.core.main.TestCaseExecutor.doExecute(TestCaseExecutor.java:389)
	at com.kms.katalon.core.main.TestCaseExecutor.processExecutionPhase(TestCaseExecutor.java:368)
	at com.kms.katalon.core.main.TestCaseExecutor.accessMainPhase(TestCaseExecutor.java:360)
	at com.kms.katalon.core.main.TestCaseExecutor.execute(TestCaseExecutor.java:255)
	at com.kms.katalon.core.main.TestSuiteExecutor.accessTestCaseMainPhase(TestSuiteExecutor.java:203)
	at com.kms.katalon.core.main.TestSuiteExecutor.accessTestSuiteMainPhase(TestSuiteExecutor.java:152)
	at com.kms.katalon.core.main.TestSuiteExecutor.execute(TestSuiteExecutor.java:95)
	at com.kms.katalon.core.main.TestCaseMain.startTestSuite(TestCaseMain.java:157)
	at com.kms.katalon.core.main.TestCaseMain$startTestSuite$0.call(Unknown Source)
	at TempTestSuite1622128062646.run(TempTestSuite1622128062646.groovy:39)
"/>
         <system-out><![CDATA[2021-05-27 22:27:23 - [TEST_CASE][ERROR] - Test Cases/1612049/TC37_Add mention: Test Cases/1612049/TC37_Add mention FAILED.
Reason:
java.io.FileNotFoundException: D:\Documents\Studying Materials\Các chủ đề nâng cao trong CNPM\GA\GA1\username.csv (The system cannot find the path specified)
	at com.kms.katalon.core.testdata.reader.CSVReader.<init>(CSVReader.java:23)
	at com.kms.katalon.core.testdata.CSVData.getReader(CSVData.java:23)
	at com.kms.katalon.core.testdata.CSVData.getColumnNames(CSVData.java:57)
	at com.kms.katalon.core.testdata.CSVData.getColumnNumbers(CSVData.java:82)
	at com.kms.katalon.core.testdata.AbstractTestData.verifyColumnIndex(AbstractTestData.java:60)
	at com.kms.katalon.core.testdata.AbstractTestData.getObjectValue(AbstractTestData.java:120)
	at com.kms.katalon.core.testdata.AbstractTestData.getValue(AbstractTestData.java:94)
	at com.kms.katalon.core.testdata.TestData$getValue.call(Unknown Source)
	at TC37_Add mention.run(TC37_Add mention:28)
	at com.kms.katalon.core.main.ScriptEngine.run(ScriptEngine.java:194)
	at com.kms.katalon.core.main.ScriptEngine.runScriptAsRawText(ScriptEngine.java:119)
	at com.kms.katalon.core.main.TestCaseExecutor.runScript(TestCaseExecutor.java:398)
	at com.kms.katalon.core.main.TestCaseExecutor.doExecute(TestCaseExecutor.java:389)
	at com.kms.katalon.core.main.TestCaseExecutor.processExecutionPhase(TestCaseExecutor.java:368)
	at com.kms.katalon.core.main.TestCaseExecutor.accessMainPhase(TestCaseExecutor.java:360)
	at com.kms.katalon.core.main.TestCaseExecutor.execute(TestCaseExecutor.java:255)
	at com.kms.katalon.core.main.TestSuiteExecutor.accessTestCaseMainPhase(TestSuiteExecutor.java:203)
	at com.kms.katalon.core.main.TestSuiteExecutor.accessTestSuiteMainPhase(TestSuiteExecutor.java:152)
	at com.kms.katalon.core.main.TestSuiteExecutor.execute(TestSuiteExecutor.java:95)
	at com.kms.katalon.core.main.TestCaseMain.startTestSuite(TestCaseMain.java:157)
	at com.kms.katalon.core.main.TestCaseMain$startTestSuite$0.call(Unknown Source)
	at TempTestSuite1622128062646.run(TempTestSuite1622128062646.groovy:39)


2021-05-27 22:27:23 - [TEST_STEP][PASSED] - openBrowser(""): Browser is opened with url: ''

2021-05-27 22:27:23 - [MESSAGE][INFO] - Starting 'Chrome' driver

2021-05-27 22:27:23 - [MESSAGE][INFO] - Action delay is set to 0 milliseconds

2021-05-27 22:27:25 - [MESSAGE][PASSED] - Browser is opened with url: ''

2021-05-27 22:27:25 - [TEST_STEP][PASSED] - navigateToUrl("https://mattermostwebapp.herokuapp.com/"): Navigate to 'https://mattermostwebapp.herokuapp.com/' successfully

2021-05-27 22:27:29 - [MESSAGE][PASSED] - Navigate to 'https://mattermostwebapp.herokuapp.com/' successfully

2021-05-27 22:27:29 - [TEST_STEP][PASSED] - callTestCase(findTestCase("1612049/CommonTC/CTC_Login"), ["username":"jooie", "password":"6z6Vi2R3i06jbzaqW0pQ8Q=="], STOP_ON_FAILURE): Call Test Case 'Test Cases/1612049/CommonTC/CTC_Login' successfully

2021-05-27 22:27:29 - [TEST_CASE][PASSED] - Test Cases/1612049/CommonTC/CTC_Login: Test Cases/1612049/CommonTC/CTC_Login

2021-05-27 22:27:30 - [TEST_STEP][PASSED] - setText(findTestObject("Object Repository/1612049/Login_Screen/Page_Mattermost/input_All team communication in one place, _dcc84b"), username): Text 'jooie' is set on object 'Object Repository/1612049/Login_Screen/Page_Mattermost/input_All team communication in one place, _dcc84b'

2021-05-27 22:27:34 - [MESSAGE][PASSED] - Text 'jooie' is set on object 'Object Repository/1612049/Login_Screen/Page_Mattermost/input_All team communication in one place, _dcc84b'

2021-05-27 22:27:34 - [TEST_STEP][PASSED] - setEncryptedText(findTestObject("Object Repository/1612049/Login_Screen/Page_Mattermost/input_All team communication in one place, _a3edc6"), password): Text ****** has been set on object 'Object Repository/1612049/Login_Screen/Page_Mattermost/input_All team communication in one place, _a3edc6'

2021-05-27 22:27:35 - [MESSAGE][PASSED] - Text ****** has been set on object 'Object Repository/1612049/Login_Screen/Page_Mattermost/input_All team communication in one place, _a3edc6'

2021-05-27 22:27:35 - [TEST_STEP][PASSED] - click(findTestObject("Object Repository/1612049/Login_Screen/Page_Mattermost/button_Sign in")): Object: 'Object Repository/1612049/Login_Screen/Page_Mattermost/button_Sign in' is clicked on

2021-05-27 22:27:35 - [MESSAGE][PASSED] - Object: 'Object Repository/1612049/Login_Screen/Page_Mattermost/button_Sign in' is clicked on

2021-05-27 22:27:35 - [MESSAGE][PASSED] - Call Test Case 'Test Cases/1612049/CommonTC/CTC_Login' successfully

2021-05-27 22:27:35 - [TEST_STEP][PASSED] - for ([index = 1, index <= 5, (index++)]): null

2021-05-27 22:27:35 - [TEST_STEP][PASSED] - setText(findTestObject("1612049/inputarea_Direct Message_directMessage"), "@" + findTestData("1612049/Data TC35 Write a direct message").getValue(1, index)): null]]></system-out>
         <system-err><![CDATA[2021-05-27 22:27:23 - [TEST_CASE][ERROR] - Test Cases/1612049/TC37_Add mention: Test Cases/1612049/TC37_Add mention FAILED.
Reason:
java.io.FileNotFoundException: D:\Documents\Studying Materials\Các chủ đề nâng cao trong CNPM\GA\GA1\username.csv (The system cannot find the path specified)
	at com.kms.katalon.core.testdata.reader.CSVReader.<init>(CSVReader.java:23)
	at com.kms.katalon.core.testdata.CSVData.getReader(CSVData.java:23)
	at com.kms.katalon.core.testdata.CSVData.getColumnNames(CSVData.java:57)
	at com.kms.katalon.core.testdata.CSVData.getColumnNumbers(CSVData.java:82)
	at com.kms.katalon.core.testdata.AbstractTestData.verifyColumnIndex(AbstractTestData.java:60)
	at com.kms.katalon.core.testdata.AbstractTestData.getObjectValue(AbstractTestData.java:120)
	at com.kms.katalon.core.testdata.AbstractTestData.getValue(AbstractTestData.java:94)
	at com.kms.katalon.core.testdata.TestData$getValue.call(Unknown Source)
	at TC37_Add mention.run(TC37_Add mention:28)
	at com.kms.katalon.core.main.ScriptEngine.run(ScriptEngine.java:194)
	at com.kms.katalon.core.main.ScriptEngine.runScriptAsRawText(ScriptEngine.java:119)
	at com.kms.katalon.core.main.TestCaseExecutor.runScript(TestCaseExecutor.java:398)
	at com.kms.katalon.core.main.TestCaseExecutor.doExecute(TestCaseExecutor.java:389)
	at com.kms.katalon.core.main.TestCaseExecutor.processExecutionPhase(TestCaseExecutor.java:368)
	at com.kms.katalon.core.main.TestCaseExecutor.accessMainPhase(TestCaseExecutor.java:360)
	at com.kms.katalon.core.main.TestCaseExecutor.execute(TestCaseExecutor.java:255)
	at com.kms.katalon.core.main.TestSuiteExecutor.accessTestCaseMainPhase(TestSuiteExecutor.java:203)
	at com.kms.katalon.core.main.TestSuiteExecutor.accessTestSuiteMainPhase(TestSuiteExecutor.java:152)
	at com.kms.katalon.core.main.TestSuiteExecutor.execute(TestSuiteExecutor.java:95)
	at com.kms.katalon.core.main.TestCaseMain.startTestSuite(TestCaseMain.java:157)
	at com.kms.katalon.core.main.TestCaseMain$startTestSuite$0.call(Unknown Source)
	at TempTestSuite1622128062646.run(TempTestSuite1622128062646.groovy:39)]]></system-err>
      </testcase>
      <testcase name="Test Cases/1612049/TC38_Close direct messages" time="26.294" classname="Test Cases/1612049/TC38_Close direct messages" status="FAILED">
         <failure type="FAILED" message="Test Cases/1612049/TC38_Close direct messages FAILED.
Reason:
com.kms.katalon.core.exception.StepFailedException: com.kms.katalon.core.webui.exception.WebElementNotFoundException: Web element with id: 'Object Repository/1612049/Leff Sidebar/Page_Town Square - noname Mattermost/span_Close Direct Message_btnClose' located by '//a[@id='sidebarItem_y1qnc1o85pbwfganygz4i9cnuc__yjbkdmxupf8cdjsaxzzxttic5y']/span[3]' not found (Root cause: com.kms.katalon.core.exception.StepFailedException: com.kms.katalon.core.webui.exception.WebElementNotFoundException: Web element with id: 'Object Repository/1612049/Leff Sidebar/Page_Town Square - noname Mattermost/span_Close Direct Message_btnClose' located by '//a[@id='sidebarItem_y1qnc1o85pbwfganygz4i9cnuc__yjbkdmxupf8cdjsaxzzxttic5y']/span[3]' not found
	at com.kms.katalon.core.webui.keyword.internal.WebUIKeywordMain.stepFailed(WebUIKeywordMain.groovy:64)
	at com.kms.katalon.core.webui.keyword.builtin.VerifyElementPresentKeyword$_verifyElementPresent_closure1.doCall(VerifyElementPresentKeyword.groovy:85)
	at com.kms.katalon.core.webui.keyword.builtin.VerifyElementPresentKeyword$_verifyElementPresent_closure1.call(VerifyElementPresentKeyword.groovy)
	at com.kms.katalon.core.webui.keyword.internal.WebUIKeywordMain.runKeyword(WebUIKeywordMain.groovy:20)
	at com.kms.katalon.core.webui.keyword.builtin.VerifyElementPresentKeyword.verifyElementPresent(VerifyElementPresentKeyword.groovy:92)
	at com.kms.katalon.core.webui.keyword.builtin.VerifyElementPresentKeyword.execute(VerifyElementPresentKeyword.groovy:68)
	at com.kms.katalon.core.keyword.internal.KeywordExecutor.executeKeywordForPlatform(KeywordExecutor.groovy:73)
	at com.kms.katalon.core.webui.keyword.WebUiBuiltInKeywords.verifyElementPresent(WebUiBuiltInKeywords.groovy:1447)
	at com.kms.katalon.core.webui.keyword.WebUiBuiltInKeywords$verifyElementPresent$9.call(Unknown Source)
	at TC38_Close direct messages.run(TC38_Close direct messages:27)
	at com.kms.katalon.core.main.ScriptEngine.run(ScriptEngine.java:194)
	at com.kms.katalon.core.main.ScriptEngine.runScriptAsRawText(ScriptEngine.java:119)
	at com.kms.katalon.core.main.TestCaseExecutor.runScript(TestCaseExecutor.java:398)
	at com.kms.katalon.core.main.TestCaseExecutor.doExecute(TestCaseExecutor.java:389)
	at com.kms.katalon.core.main.TestCaseExecutor.processExecutionPhase(TestCaseExecutor.java:368)
	at com.kms.katalon.core.main.TestCaseExecutor.accessMainPhase(TestCaseExecutor.java:360)
	at com.kms.katalon.core.main.TestCaseExecutor.execute(TestCaseExecutor.java:255)
	at com.kms.katalon.core.main.TestSuiteExecutor.accessTestCaseMainPhase(TestSuiteExecutor.java:203)
	at com.kms.katalon.core.main.TestSuiteExecutor.accessTestSuiteMainPhase(TestSuiteExecutor.java:152)
	at com.kms.katalon.core.main.TestSuiteExecutor.execute(TestSuiteExecutor.java:95)
	at com.kms.katalon.core.main.TestCaseMain.startTestSuite(TestCaseMain.java:157)
	at com.kms.katalon.core.main.TestCaseMain$startTestSuite$0.call(Unknown Source)
	at TempTestSuite1622128062646.run(TempTestSuite1622128062646.groovy:39)
)
	at com.kms.katalon.core.keyword.internal.KeywordMain.stepFailed(KeywordMain.groovy:39)
	at com.kms.katalon.core.webui.keyword.internal.WebUIKeywordMain.stepFailed(WebUIKeywordMain.groovy:64)
	at com.kms.katalon.core.webui.keyword.builtin.VerifyElementPresentKeyword$_verifyElementPresent_closure1.doCall(VerifyElementPresentKeyword.groovy:85)
	at com.kms.katalon.core.webui.keyword.builtin.VerifyElementPresentKeyword$_verifyElementPresent_closure1.call(VerifyElementPresentKeyword.groovy)
	at com.kms.katalon.core.webui.keyword.internal.WebUIKeywordMain.runKeyword(WebUIKeywordMain.groovy:20)
	at com.kms.katalon.core.webui.keyword.builtin.VerifyElementPresentKeyword.verifyElementPresent(VerifyElementPresentKeyword.groovy:92)
	at com.kms.katalon.core.webui.keyword.builtin.VerifyElementPresentKeyword.execute(VerifyElementPresentKeyword.groovy:68)
	at com.kms.katalon.core.keyword.internal.KeywordExecutor.executeKeywordForPlatform(KeywordExecutor.groovy:73)
	at com.kms.katalon.core.webui.keyword.WebUiBuiltInKeywords.verifyElementPresent(WebUiBuiltInKeywords.groovy:1447)
	at com.kms.katalon.core.webui.keyword.WebUiBuiltInKeywords$verifyElementPresent$9.call(Unknown Source)
	at TC38_Close direct messages.run(TC38_Close direct messages:27)
	at com.kms.katalon.core.main.ScriptEngine.run(ScriptEngine.java:194)
	at com.kms.katalon.core.main.ScriptEngine.runScriptAsRawText(ScriptEngine.java:119)
	at com.kms.katalon.core.main.TestCaseExecutor.runScript(TestCaseExecutor.java:398)
	at com.kms.katalon.core.main.TestCaseExecutor.doExecute(TestCaseExecutor.java:389)
	at com.kms.katalon.core.main.TestCaseExecutor.processExecutionPhase(TestCaseExecutor.java:368)
	at com.kms.katalon.core.main.TestCaseExecutor.accessMainPhase(TestCaseExecutor.java:360)
	at com.kms.katalon.core.main.TestCaseExecutor.execute(TestCaseExecutor.java:255)
	at com.kms.katalon.core.main.TestSuiteExecutor.accessTestCaseMainPhase(TestSuiteExecutor.java:203)
	at com.kms.katalon.core.main.TestSuiteExecutor.accessTestSuiteMainPhase(TestSuiteExecutor.java:152)
	at com.kms.katalon.core.main.TestSuiteExecutor.execute(TestSuiteExecutor.java:95)
	at com.kms.katalon.core.main.TestCaseMain.startTestSuite(TestCaseMain.java:157)
	at com.kms.katalon.core.main.TestCaseMain$startTestSuite$0.call(Unknown Source)
	at TempTestSuite1622128062646.run(TempTestSuite1622128062646.groovy:39)
Caused by: com.kms.katalon.core.exception.StepFailedException: com.kms.katalon.core.webui.exception.WebElementNotFoundException: Web element with id: 'Object Repository/1612049/Leff Sidebar/Page_Town Square - noname Mattermost/span_Close Direct Message_btnClose' located by '//a[@id='sidebarItem_y1qnc1o85pbwfganygz4i9cnuc__yjbkdmxupf8cdjsaxzzxttic5y']/span[3]' not found
	... 23 more
"/>
         <system-out><![CDATA[2021-05-27 22:27:36 - [TEST_CASE][FAILED] - Test Cases/1612049/TC38_Close direct messages: Test Cases/1612049/TC38_Close direct messages FAILED.
Reason:
com.kms.katalon.core.exception.StepFailedException: com.kms.katalon.core.webui.exception.WebElementNotFoundException: Web element with id: 'Object Repository/1612049/Leff Sidebar/Page_Town Square - noname Mattermost/span_Close Direct Message_btnClose' located by '//a[@id='sidebarItem_y1qnc1o85pbwfganygz4i9cnuc__yjbkdmxupf8cdjsaxzzxttic5y']/span[3]' not found (Root cause: com.kms.katalon.core.exception.StepFailedException: com.kms.katalon.core.webui.exception.WebElementNotFoundException: Web element with id: 'Object Repository/1612049/Leff Sidebar/Page_Town Square - noname Mattermost/span_Close Direct Message_btnClose' located by '//a[@id='sidebarItem_y1qnc1o85pbwfganygz4i9cnuc__yjbkdmxupf8cdjsaxzzxttic5y']/span[3]' not found
	at com.kms.katalon.core.webui.keyword.internal.WebUIKeywordMain.stepFailed(WebUIKeywordMain.groovy:64)
	at com.kms.katalon.core.webui.keyword.builtin.VerifyElementPresentKeyword$_verifyElementPresent_closure1.doCall(VerifyElementPresentKeyword.groovy:85)
	at com.kms.katalon.core.webui.keyword.builtin.VerifyElementPresentKeyword$_verifyElementPresent_closure1.call(VerifyElementPresentKeyword.groovy)
	at com.kms.katalon.core.webui.keyword.internal.WebUIKeywordMain.runKeyword(WebUIKeywordMain.groovy:20)
	at com.kms.katalon.core.webui.keyword.builtin.VerifyElementPresentKeyword.verifyElementPresent(VerifyElementPresentKeyword.groovy:92)
	at com.kms.katalon.core.webui.keyword.builtin.VerifyElementPresentKeyword.execute(VerifyElementPresentKeyword.groovy:68)
	at com.kms.katalon.core.keyword.internal.KeywordExecutor.executeKeywordForPlatform(KeywordExecutor.groovy:73)
	at com.kms.katalon.core.webui.keyword.WebUiBuiltInKeywords.verifyElementPresent(WebUiBuiltInKeywords.groovy:1447)
	at com.kms.katalon.core.webui.keyword.WebUiBuiltInKeywords$verifyElementPresent$9.call(Unknown Source)
	at TC38_Close direct messages.run(TC38_Close direct messages:27)
	at com.kms.katalon.core.main.ScriptEngine.run(ScriptEngine.java:194)
	at com.kms.katalon.core.main.ScriptEngine.runScriptAsRawText(ScriptEngine.java:119)
	at com.kms.katalon.core.main.TestCaseExecutor.runScript(TestCaseExecutor.java:398)
	at com.kms.katalon.core.main.TestCaseExecutor.doExecute(TestCaseExecutor.java:389)
	at com.kms.katalon.core.main.TestCaseExecutor.processExecutionPhase(TestCaseExecutor.java:368)
	at com.kms.katalon.core.main.TestCaseExecutor.accessMainPhase(TestCaseExecutor.java:360)
	at com.kms.katalon.core.main.TestCaseExecutor.execute(TestCaseExecutor.java:255)
	at com.kms.katalon.core.main.TestSuiteExecutor.accessTestCaseMainPhase(TestSuiteExecutor.java:203)
	at com.kms.katalon.core.main.TestSuiteExecutor.accessTestSuiteMainPhase(TestSuiteExecutor.java:152)
	at com.kms.katalon.core.main.TestSuiteExecutor.execute(TestSuiteExecutor.java:95)
	at com.kms.katalon.core.main.TestCaseMain.startTestSuite(TestCaseMain.java:157)
	at com.kms.katalon.core.main.TestCaseMain$startTestSuite$0.call(Unknown Source)
	at TempTestSuite1622128062646.run(TempTestSuite1622128062646.groovy:39)
)
	at com.kms.katalon.core.keyword.internal.KeywordMain.stepFailed(KeywordMain.groovy:39)
	at com.kms.katalon.core.webui.keyword.internal.WebUIKeywordMain.stepFailed(WebUIKeywordMain.groovy:64)
	at com.kms.katalon.core.webui.keyword.builtin.VerifyElementPresentKeyword$_verifyElementPresent_closure1.doCall(VerifyElementPresentKeyword.groovy:85)
	at com.kms.katalon.core.webui.keyword.builtin.VerifyElementPresentKeyword$_verifyElementPresent_closure1.call(VerifyElementPresentKeyword.groovy)
	at com.kms.katalon.core.webui.keyword.internal.WebUIKeywordMain.runKeyword(WebUIKeywordMain.groovy:20)
	at com.kms.katalon.core.webui.keyword.builtin.VerifyElementPresentKeyword.verifyElementPresent(VerifyElementPresentKeyword.groovy:92)
	at com.kms.katalon.core.webui.keyword.builtin.VerifyElementPresentKeyword.execute(VerifyElementPresentKeyword.groovy:68)
	at com.kms.katalon.core.keyword.internal.KeywordExecutor.executeKeywordForPlatform(KeywordExecutor.groovy:73)
	at com.kms.katalon.core.webui.keyword.WebUiBuiltInKeywords.verifyElementPresent(WebUiBuiltInKeywords.groovy:1447)
	at com.kms.katalon.core.webui.keyword.WebUiBuiltInKeywords$verifyElementPresent$9.call(Unknown Source)
	at TC38_Close direct messages.run(TC38_Close direct messages:27)
	at com.kms.katalon.core.main.ScriptEngine.run(ScriptEngine.java:194)
	at com.kms.katalon.core.main.ScriptEngine.runScriptAsRawText(ScriptEngine.java:119)
	at com.kms.katalon.core.main.TestCaseExecutor.runScript(TestCaseExecutor.java:398)
	at com.kms.katalon.core.main.TestCaseExecutor.doExecute(TestCaseExecutor.java:389)
	at com.kms.katalon.core.main.TestCaseExecutor.processExecutionPhase(TestCaseExecutor.java:368)
	at com.kms.katalon.core.main.TestCaseExecutor.accessMainPhase(TestCaseExecutor.java:360)
	at com.kms.katalon.core.main.TestCaseExecutor.execute(TestCaseExecutor.java:255)
	at com.kms.katalon.core.main.TestSuiteExecutor.accessTestCaseMainPhase(TestSuiteExecutor.java:203)
	at com.kms.katalon.core.main.TestSuiteExecutor.accessTestSuiteMainPhase(TestSuiteExecutor.java:152)
	at com.kms.katalon.core.main.TestSuiteExecutor.execute(TestSuiteExecutor.java:95)
	at com.kms.katalon.core.main.TestCaseMain.startTestSuite(TestCaseMain.java:157)
	at com.kms.katalon.core.main.TestCaseMain$startTestSuite$0.call(Unknown Source)
	at TempTestSuite1622128062646.run(TempTestSuite1622128062646.groovy:39)
Caused by: com.kms.katalon.core.exception.StepFailedException: com.kms.katalon.core.webui.exception.WebElementNotFoundException: Web element with id: 'Object Repository/1612049/Leff Sidebar/Page_Town Square - noname Mattermost/span_Close Direct Message_btnClose' located by '//a[@id='sidebarItem_y1qnc1o85pbwfganygz4i9cnuc__yjbkdmxupf8cdjsaxzzxttic5y']/span[3]' not found
	... 23 more


2021-05-27 22:27:36 - [TEST_STEP][PASSED] - openBrowser(""): Browser is opened with url: ''

2021-05-27 22:27:36 - [MESSAGE][WARNING] - A browser is already opened. Closing browser and opening a new one

2021-05-27 22:27:37 - [MESSAGE][INFO] - Starting 'Chrome' driver

2021-05-27 22:27:37 - [MESSAGE][INFO] - Action delay is set to 0 milliseconds

2021-05-27 22:27:39 - [MESSAGE][PASSED] - Browser is opened with url: ''

2021-05-27 22:27:39 - [TEST_STEP][PASSED] - navigateToUrl("https://mattermostwebapp.herokuapp.com/"): Navigate to 'https://mattermostwebapp.herokuapp.com/' successfully

2021-05-27 22:27:43 - [MESSAGE][PASSED] - Navigate to 'https://mattermostwebapp.herokuapp.com/' successfully

2021-05-27 22:27:43 - [TEST_STEP][PASSED] - callTestCase(findTestCase("1612049/CommonTC/CTC_Login"), ["username":"jooie", "password":"6z6Vi2R3i06jbzaqW0pQ8Q=="], STOP_ON_FAILURE): Call Test Case 'Test Cases/1612049/CommonTC/CTC_Login' successfully

2021-05-27 22:27:43 - [TEST_CASE][PASSED] - Test Cases/1612049/CommonTC/CTC_Login: Test Cases/1612049/CommonTC/CTC_Login

2021-05-27 22:27:43 - [TEST_STEP][PASSED] - setText(findTestObject("Object Repository/1612049/Login_Screen/Page_Mattermost/input_All team communication in one place, _dcc84b"), username): Text 'jooie' is set on object 'Object Repository/1612049/Login_Screen/Page_Mattermost/input_All team communication in one place, _dcc84b'

2021-05-27 22:27:48 - [MESSAGE][PASSED] - Text 'jooie' is set on object 'Object Repository/1612049/Login_Screen/Page_Mattermost/input_All team communication in one place, _dcc84b'

2021-05-27 22:27:48 - [TEST_STEP][PASSED] - setEncryptedText(findTestObject("Object Repository/1612049/Login_Screen/Page_Mattermost/input_All team communication in one place, _a3edc6"), password): Text ****** has been set on object 'Object Repository/1612049/Login_Screen/Page_Mattermost/input_All team communication in one place, _a3edc6'

2021-05-27 22:27:49 - [MESSAGE][PASSED] - Text ****** has been set on object 'Object Repository/1612049/Login_Screen/Page_Mattermost/input_All team communication in one place, _a3edc6'

2021-05-27 22:27:49 - [TEST_STEP][PASSED] - click(findTestObject("Object Repository/1612049/Login_Screen/Page_Mattermost/button_Sign in")): Object: 'Object Repository/1612049/Login_Screen/Page_Mattermost/button_Sign in' is clicked on

2021-05-27 22:27:49 - [MESSAGE][PASSED] - Object: 'Object Repository/1612049/Login_Screen/Page_Mattermost/button_Sign in' is clicked on

2021-05-27 22:27:49 - [MESSAGE][PASSED] - Call Test Case 'Test Cases/1612049/CommonTC/CTC_Login' successfully

2021-05-27 22:27:49 - [TEST_STEP][FAILED] - if (verifyElementPresent(findTestObject("1612049/Leff Sidebar/Page_Town Square - noname Mattermost/span_Close Direct Message_btnClose"), 10, CONTINUE_ON_FAILURE)): com.kms.katalon.core.webui.exception.WebElementNotFoundException: Web element with id: 'Object Repository/1612049/Leff Sidebar/Page_Town Square - noname Mattermost/span_Close Direct Message_btnClose' located by '//a[@id='sidebarItem_y1qnc1o85pbwfganygz4i9cnuc__yjbkdmxupf8cdjsaxzzxttic5y']/span[3]' not found (Root cause: com.kms.katalon.core.exception.StepFailedException: com.kms.katalon.core.webui.exception.WebElementNotFoundException: Web element with id: 'Object Repository/1612049/Leff Sidebar/Page_Town Square - noname Mattermost/span_Close Direct Message_btnClose' located by '//a[@id='sidebarItem_y1qnc1o85pbwfganygz4i9cnuc__yjbkdmxupf8cdjsaxzzxttic5y']/span[3]' not found
	at com.kms.katalon.core.webui.keyword.internal.WebUIKeywordMain.stepFailed(WebUIKeywordMain.groovy:64)
	at com.kms.katalon.core.webui.keyword.builtin.VerifyElementPresentKeyword$_verifyElementPresent_closure1.doCall(VerifyElementPresentKeyword.groovy:85)
	at com.kms.katalon.core.webui.keyword.builtin.VerifyElementPresentKeyword$_verifyElementPresent_closure1.call(VerifyElementPresentKeyword.groovy)
	at com.kms.katalon.core.webui.keyword.internal.WebUIKeywordMain.runKeyword(WebUIKeywordMain.groovy:20)
	at com.kms.katalon.core.webui.keyword.builtin.VerifyElementPresentKeyword.verifyElementPresent(VerifyElementPresentKeyword.groovy:92)
	at com.kms.katalon.core.webui.keyword.builtin.VerifyElementPresentKeyword.execute(VerifyElementPresentKeyword.groovy:68)
	at com.kms.katalon.core.keyword.internal.KeywordExecutor.executeKeywordForPlatform(KeywordExecutor.groovy:73)
	at com.kms.katalon.core.webui.keyword.WebUiBuiltInKeywords.verifyElementPresent(WebUiBuiltInKeywords.groovy:1447)
	at com.kms.katalon.core.webui.keyword.WebUiBuiltInKeywords$verifyElementPresent$9.call(Unknown Source)
	at TC38_Close direct messages.run(TC38_Close direct messages:27)
	at com.kms.katalon.core.main.ScriptEngine.run(ScriptEngine.java:194)
	at com.kms.katalon.core.main.ScriptEngine.runScriptAsRawText(ScriptEngine.java:119)
	at com.kms.katalon.core.main.TestCaseExecutor.runScript(TestCaseExecutor.java:398)
	at com.kms.katalon.core.main.TestCaseExecutor.doExecute(TestCaseExecutor.java:389)
	at com.kms.katalon.core.main.TestCaseExecutor.processExecutionPhase(TestCaseExecutor.java:368)
	at com.kms.katalon.core.main.TestCaseExecutor.accessMainPhase(TestCaseExecutor.java:360)
	at com.kms.katalon.core.main.TestCaseExecutor.execute(TestCaseExecutor.java:255)
	at com.kms.katalon.core.main.TestSuiteExecutor.accessTestCaseMainPhase(TestSuiteExecutor.java:203)
	at com.kms.katalon.core.main.TestSuiteExecutor.accessTestSuiteMainPhase(TestSuiteExecutor.java:152)
	at com.kms.katalon.core.main.TestSuiteExecutor.execute(TestSuiteExecutor.java:95)
	at com.kms.katalon.core.main.TestCaseMain.startTestSuite(TestCaseMain.java:157)
	at com.kms.katalon.core.main.TestCaseMain$startTestSuite$0.call(Unknown Source)
	at TempTestSuite1622128062646.run(TempTestSuite1622128062646.groovy:39)
)

2021-05-27 22:28:00 - [MESSAGE][INFO] - Unable to find the element located by 'By.xpath: //a[@id='sidebarItem_y1qnc1o85pbwfganygz4i9cnuc__yjbkdmxupf8cdjsaxzzxttic5y']/span[3]'. Please recheck the objects properties to make sure the desired element is located. 

2021-05-27 22:28:01 - [MESSAGE][FAILED] - com.kms.katalon.core.webui.exception.WebElementNotFoundException: Web element with id: 'Object Repository/1612049/Leff Sidebar/Page_Town Square - noname Mattermost/span_Close Direct Message_btnClose' located by '//a[@id='sidebarItem_y1qnc1o85pbwfganygz4i9cnuc__yjbkdmxupf8cdjsaxzzxttic5y']/span[3]' not found (Root cause: com.kms.katalon.core.exception.StepFailedException: com.kms.katalon.core.webui.exception.WebElementNotFoundException: Web element with id: 'Object Repository/1612049/Leff Sidebar/Page_Town Square - noname Mattermost/span_Close Direct Message_btnClose' located by '//a[@id='sidebarItem_y1qnc1o85pbwfganygz4i9cnuc__yjbkdmxupf8cdjsaxzzxttic5y']/span[3]' not found
	at com.kms.katalon.core.webui.keyword.internal.WebUIKeywordMain.stepFailed(WebUIKeywordMain.groovy:64)
	at com.kms.katalon.core.webui.keyword.builtin.VerifyElementPresentKeyword$_verifyElementPresent_closure1.doCall(VerifyElementPresentKeyword.groovy:85)
	at com.kms.katalon.core.webui.keyword.builtin.VerifyElementPresentKeyword$_verifyElementPresent_closure1.call(VerifyElementPresentKeyword.groovy)
	at com.kms.katalon.core.webui.keyword.internal.WebUIKeywordMain.runKeyword(WebUIKeywordMain.groovy:20)
	at com.kms.katalon.core.webui.keyword.builtin.VerifyElementPresentKeyword.verifyElementPresent(VerifyElementPresentKeyword.groovy:92)
	at com.kms.katalon.core.webui.keyword.builtin.VerifyElementPresentKeyword.execute(VerifyElementPresentKeyword.groovy:68)
	at com.kms.katalon.core.keyword.internal.KeywordExecutor.executeKeywordForPlatform(KeywordExecutor.groovy:73)
	at com.kms.katalon.core.webui.keyword.WebUiBuiltInKeywords.verifyElementPresent(WebUiBuiltInKeywords.groovy:1447)
	at com.kms.katalon.core.webui.keyword.WebUiBuiltInKeywords$verifyElementPresent$9.call(Unknown Source)
	at TC38_Close direct messages.run(TC38_Close direct messages:27)
	at com.kms.katalon.core.main.ScriptEngine.run(ScriptEngine.java:194)
	at com.kms.katalon.core.main.ScriptEngine.runScriptAsRawText(ScriptEngine.java:119)
	at com.kms.katalon.core.main.TestCaseExecutor.runScript(TestCaseExecutor.java:398)
	at com.kms.katalon.core.main.TestCaseExecutor.doExecute(TestCaseExecutor.java:389)
	at com.kms.katalon.core.main.TestCaseExecutor.processExecutionPhase(TestCaseExecutor.java:368)
	at com.kms.katalon.core.main.TestCaseExecutor.accessMainPhase(TestCaseExecutor.java:360)
	at com.kms.katalon.core.main.TestCaseExecutor.execute(TestCaseExecutor.java:255)
	at com.kms.katalon.core.main.TestSuiteExecutor.accessTestCaseMainPhase(TestSuiteExecutor.java:203)
	at com.kms.katalon.core.main.TestSuiteExecutor.accessTestSuiteMainPhase(TestSuiteExecutor.java:152)
	at com.kms.katalon.core.main.TestSuiteExecutor.execute(TestSuiteExecutor.java:95)
	at com.kms.katalon.core.main.TestCaseMain.startTestSuite(TestCaseMain.java:157)
	at com.kms.katalon.core.main.TestCaseMain$startTestSuite$0.call(Unknown Source)
	at TempTestSuite1622128062646.run(TempTestSuite1622128062646.groovy:39)
)
[[ATTACHMENT|E:\\Tai lieu hoc\\Nam 7\\HK2\\New Topics\\Homework 2\\New folder\\Mattermost_Autotesting_2\\Mattermost_AutoTesting\\Reports\\20210527_220742\\1412263\\Run_All_Test_Cases\\20210527_220742\\1622129280950.png]]

2021-05-27 22:28:01 - [TEST_STEP][PASSED] - else: Browser is closed

2021-05-27 22:28:01 - [TEST_STEP][PASSED] - closeBrowser(): Browser is closed

2021-05-27 22:28:02 - [MESSAGE][PASSED] - Browser is closed]]></system-out>
         <system-err><![CDATA[2021-05-27 22:27:36 - [TEST_CASE][FAILED] - Test Cases/1612049/TC38_Close direct messages: Test Cases/1612049/TC38_Close direct messages FAILED.
Reason:
com.kms.katalon.core.exception.StepFailedException: com.kms.katalon.core.webui.exception.WebElementNotFoundException: Web element with id: 'Object Repository/1612049/Leff Sidebar/Page_Town Square - noname Mattermost/span_Close Direct Message_btnClose' located by '//a[@id='sidebarItem_y1qnc1o85pbwfganygz4i9cnuc__yjbkdmxupf8cdjsaxzzxttic5y']/span[3]' not found (Root cause: com.kms.katalon.core.exception.StepFailedException: com.kms.katalon.core.webui.exception.WebElementNotFoundException: Web element with id: 'Object Repository/1612049/Leff Sidebar/Page_Town Square - noname Mattermost/span_Close Direct Message_btnClose' located by '//a[@id='sidebarItem_y1qnc1o85pbwfganygz4i9cnuc__yjbkdmxupf8cdjsaxzzxttic5y']/span[3]' not found
	at com.kms.katalon.core.webui.keyword.internal.WebUIKeywordMain.stepFailed(WebUIKeywordMain.groovy:64)
	at com.kms.katalon.core.webui.keyword.builtin.VerifyElementPresentKeyword$_verifyElementPresent_closure1.doCall(VerifyElementPresentKeyword.groovy:85)
	at com.kms.katalon.core.webui.keyword.builtin.VerifyElementPresentKeyword$_verifyElementPresent_closure1.call(VerifyElementPresentKeyword.groovy)
	at com.kms.katalon.core.webui.keyword.internal.WebUIKeywordMain.runKeyword(WebUIKeywordMain.groovy:20)
	at com.kms.katalon.core.webui.keyword.builtin.VerifyElementPresentKeyword.verifyElementPresent(VerifyElementPresentKeyword.groovy:92)
	at com.kms.katalon.core.webui.keyword.builtin.VerifyElementPresentKeyword.execute(VerifyElementPresentKeyword.groovy:68)
	at com.kms.katalon.core.keyword.internal.KeywordExecutor.executeKeywordForPlatform(KeywordExecutor.groovy:73)
	at com.kms.katalon.core.webui.keyword.WebUiBuiltInKeywords.verifyElementPresent(WebUiBuiltInKeywords.groovy:1447)
	at com.kms.katalon.core.webui.keyword.WebUiBuiltInKeywords$verifyElementPresent$9.call(Unknown Source)
	at TC38_Close direct messages.run(TC38_Close direct messages:27)
	at com.kms.katalon.core.main.ScriptEngine.run(ScriptEngine.java:194)
	at com.kms.katalon.core.main.ScriptEngine.runScriptAsRawText(ScriptEngine.java:119)
	at com.kms.katalon.core.main.TestCaseExecutor.runScript(TestCaseExecutor.java:398)
	at com.kms.katalon.core.main.TestCaseExecutor.doExecute(TestCaseExecutor.java:389)
	at com.kms.katalon.core.main.TestCaseExecutor.processExecutionPhase(TestCaseExecutor.java:368)
	at com.kms.katalon.core.main.TestCaseExecutor.accessMainPhase(TestCaseExecutor.java:360)
	at com.kms.katalon.core.main.TestCaseExecutor.execute(TestCaseExecutor.java:255)
	at com.kms.katalon.core.main.TestSuiteExecutor.accessTestCaseMainPhase(TestSuiteExecutor.java:203)
	at com.kms.katalon.core.main.TestSuiteExecutor.accessTestSuiteMainPhase(TestSuiteExecutor.java:152)
	at com.kms.katalon.core.main.TestSuiteExecutor.execute(TestSuiteExecutor.java:95)
	at com.kms.katalon.core.main.TestCaseMain.startTestSuite(TestCaseMain.java:157)
	at com.kms.katalon.core.main.TestCaseMain$startTestSuite$0.call(Unknown Source)
	at TempTestSuite1622128062646.run(TempTestSuite1622128062646.groovy:39)
)
	at com.kms.katalon.core.keyword.internal.KeywordMain.stepFailed(KeywordMain.groovy:39)
	at com.kms.katalon.core.webui.keyword.internal.WebUIKeywordMain.stepFailed(WebUIKeywordMain.groovy:64)
	at com.kms.katalon.core.webui.keyword.builtin.VerifyElementPresentKeyword$_verifyElementPresent_closure1.doCall(VerifyElementPresentKeyword.groovy:85)
	at com.kms.katalon.core.webui.keyword.builtin.VerifyElementPresentKeyword$_verifyElementPresent_closure1.call(VerifyElementPresentKeyword.groovy)
	at com.kms.katalon.core.webui.keyword.internal.WebUIKeywordMain.runKeyword(WebUIKeywordMain.groovy:20)
	at com.kms.katalon.core.webui.keyword.builtin.VerifyElementPresentKeyword.verifyElementPresent(VerifyElementPresentKeyword.groovy:92)
	at com.kms.katalon.core.webui.keyword.builtin.VerifyElementPresentKeyword.execute(VerifyElementPresentKeyword.groovy:68)
	at com.kms.katalon.core.keyword.internal.KeywordExecutor.executeKeywordForPlatform(KeywordExecutor.groovy:73)
	at com.kms.katalon.core.webui.keyword.WebUiBuiltInKeywords.verifyElementPresent(WebUiBuiltInKeywords.groovy:1447)
	at com.kms.katalon.core.webui.keyword.WebUiBuiltInKeywords$verifyElementPresent$9.call(Unknown Source)
	at TC38_Close direct messages.run(TC38_Close direct messages:27)
	at com.kms.katalon.core.main.ScriptEngine.run(ScriptEngine.java:194)
	at com.kms.katalon.core.main.ScriptEngine.runScriptAsRawText(ScriptEngine.java:119)
	at com.kms.katalon.core.main.TestCaseExecutor.runScript(TestCaseExecutor.java:398)
	at com.kms.katalon.core.main.TestCaseExecutor.doExecute(TestCaseExecutor.java:389)
	at com.kms.katalon.core.main.TestCaseExecutor.processExecutionPhase(TestCaseExecutor.java:368)
	at com.kms.katalon.core.main.TestCaseExecutor.accessMainPhase(TestCaseExecutor.java:360)
	at com.kms.katalon.core.main.TestCaseExecutor.execute(TestCaseExecutor.java:255)
	at com.kms.katalon.core.main.TestSuiteExecutor.accessTestCaseMainPhase(TestSuiteExecutor.java:203)
	at com.kms.katalon.core.main.TestSuiteExecutor.accessTestSuiteMainPhase(TestSuiteExecutor.java:152)
	at com.kms.katalon.core.main.TestSuiteExecutor.execute(TestSuiteExecutor.java:95)
	at com.kms.katalon.core.main.TestCaseMain.startTestSuite(TestCaseMain.java:157)
	at com.kms.katalon.core.main.TestCaseMain$startTestSuite$0.call(Unknown Source)
	at TempTestSuite1622128062646.run(TempTestSuite1622128062646.groovy:39)
Caused by: com.kms.katalon.core.exception.StepFailedException: com.kms.katalon.core.webui.exception.WebElementNotFoundException: Web element with id: 'Object Repository/1612049/Leff Sidebar/Page_Town Square - noname Mattermost/span_Close Direct Message_btnClose' located by '//a[@id='sidebarItem_y1qnc1o85pbwfganygz4i9cnuc__yjbkdmxupf8cdjsaxzzxttic5y']/span[3]' not found
	... 23 more]]></system-err>
      </testcase>
      <testcase name="Test Cases/1612049/TC39_Reply to a message" time="25.497" classname="Test Cases/1612049/TC39_Reply to a message" status="PASSED">
         <system-out><![CDATA[2021-05-27 22:28:02 - [TEST_CASE][PASSED] - Test Cases/1612049/TC39_Reply to a message: Test Cases/1612049/TC39_Reply to a message

2021-05-27 22:28:02 - [TEST_STEP][PASSED] - openBrowser(""): Browser is opened with url: ''

2021-05-27 22:28:03 - [MESSAGE][INFO] - Starting 'Chrome' driver

2021-05-27 22:28:03 - [MESSAGE][INFO] - Action delay is set to 0 milliseconds

2021-05-27 22:28:07 - [MESSAGE][PASSED] - Browser is opened with url: ''

2021-05-27 22:28:07 - [TEST_STEP][PASSED] - navigateToUrl("https://mattermostwebapp.herokuapp.com/"): Navigate to 'https://mattermostwebapp.herokuapp.com/' successfully

2021-05-27 22:28:11 - [MESSAGE][PASSED] - Navigate to 'https://mattermostwebapp.herokuapp.com/' successfully

2021-05-27 22:28:11 - [TEST_STEP][PASSED] - callTestCase(findTestCase("1612049/CommonTC/CTC_Login"), ["username":"jooie", "password":"6z6Vi2R3i06jbzaqW0pQ8Q=="], STOP_ON_FAILURE): Call Test Case 'Test Cases/1612049/CommonTC/CTC_Login' successfully

2021-05-27 22:28:11 - [TEST_CASE][PASSED] - Test Cases/1612049/CommonTC/CTC_Login: Test Cases/1612049/CommonTC/CTC_Login

2021-05-27 22:28:11 - [TEST_STEP][PASSED] - setText(findTestObject("Object Repository/1612049/Login_Screen/Page_Mattermost/input_All team communication in one place, _dcc84b"), username): Text 'jooie' is set on object 'Object Repository/1612049/Login_Screen/Page_Mattermost/input_All team communication in one place, _dcc84b'

2021-05-27 22:28:16 - [MESSAGE][PASSED] - Text 'jooie' is set on object 'Object Repository/1612049/Login_Screen/Page_Mattermost/input_All team communication in one place, _dcc84b'

2021-05-27 22:28:16 - [TEST_STEP][PASSED] - setEncryptedText(findTestObject("Object Repository/1612049/Login_Screen/Page_Mattermost/input_All team communication in one place, _a3edc6"), password): Text ****** has been set on object 'Object Repository/1612049/Login_Screen/Page_Mattermost/input_All team communication in one place, _a3edc6'

2021-05-27 22:28:17 - [MESSAGE][PASSED] - Text ****** has been set on object 'Object Repository/1612049/Login_Screen/Page_Mattermost/input_All team communication in one place, _a3edc6'

2021-05-27 22:28:17 - [TEST_STEP][PASSED] - click(findTestObject("Object Repository/1612049/Login_Screen/Page_Mattermost/button_Sign in")): Object: 'Object Repository/1612049/Login_Screen/Page_Mattermost/button_Sign in' is clicked on

2021-05-27 22:28:18 - [MESSAGE][PASSED] - Object: 'Object Repository/1612049/Login_Screen/Page_Mattermost/button_Sign in' is clicked on

2021-05-27 22:28:18 - [MESSAGE][PASSED] - Call Test Case 'Test Cases/1612049/CommonTC/CTC_Login' successfully

2021-05-27 22:28:18 - [TEST_STEP][PASSED] - mouseOver(findTestObject("1612049/DirectMessage_Workspace/div_Message_divMessage")): Object: 'Object Repository/1612049/DirectMessage_Workspace/div_Message_divMessage' is hovered

2021-05-27 22:28:23 - [MESSAGE][PASSED] - Object: 'Object Repository/1612049/DirectMessage_Workspace/div_Message_divMessage' is hovered

2021-05-27 22:28:23 - [TEST_STEP][PASSED] - click(findTestObject("1612049/DirectMessage_Workspace/btn_Reply A Message_btnReply")): Object: 'Object Repository/1612049/DirectMessage_Workspace/btn_Reply A Message_btnReply' is clicked on

2021-05-27 22:28:24 - [MESSAGE][PASSED] - Object: 'Object Repository/1612049/DirectMessage_Workspace/btn_Reply A Message_btnReply' is clicked on

2021-05-27 22:28:24 - [TEST_STEP][PASSED] - setText(findTestObject("1612049/DirectMessage_Workspace/textarea_Add a comment_reply_textbox"), "I'm jooie"): Text 'I'm jooie' is set on object 'Object Repository/1612049/DirectMessage_Workspace/textarea_Add a comment_reply_textbox'

2021-05-27 22:28:26 - [MESSAGE][PASSED] - Text 'I'm jooie' is set on object 'Object Repository/1612049/DirectMessage_Workspace/textarea_Add a comment_reply_textbox'

2021-05-27 22:28:26 - [TEST_STEP][PASSED] - click(findTestObject("1612049/DirectMessage_Workspace/btn_Replied Message Button_btnAdd")): Object: 'Object Repository/1612049/DirectMessage_Workspace/btn_Replied Message Button_btnAdd' is clicked on

2021-05-27 22:28:27 - [MESSAGE][PASSED] - Object: 'Object Repository/1612049/DirectMessage_Workspace/btn_Replied Message Button_btnAdd' is clicked on

2021-05-27 22:28:27 - [TEST_STEP][PASSED] - click(findTestObject("1612049/DirectMessage_Workspace/btn_Close Comment Button_btnClose")): Object: 'Object Repository/1612049/DirectMessage_Workspace/btn_Close Comment Button_btnClose' is clicked on

2021-05-27 22:28:27 - [MESSAGE][PASSED] - Object: 'Object Repository/1612049/DirectMessage_Workspace/btn_Close Comment Button_btnClose' is clicked on]]></system-out>
         <system-err><![CDATA[]]></system-err>
      </testcase>
      <testcase name="Test Cases/1612049/TC40_Add emoji" time="50.849" classname="Test Cases/1612049/TC40_Add emoji" status="FAILED">
         <failure type="FAILED" message="Test Cases/1612049/TC40_Add emoji FAILED.
Reason:
com.kms.katalon.core.exception.StepFailedException: Unable to click on object 'Object Repository/1612049/DirectMessage_Workspace/button_Emoji Picker Button'
	at com.kms.katalon.core.webui.keyword.internal.WebUIKeywordMain.stepFailed(WebUIKeywordMain.groovy:64)
	at com.kms.katalon.core.webui.keyword.internal.WebUIKeywordMain.runKeyword(WebUIKeywordMain.groovy:26)
	at com.kms.katalon.core.webui.keyword.builtin.ClickKeyword.click(ClickKeyword.groovy:75)
	at com.kms.katalon.core.webui.keyword.builtin.ClickKeyword.execute(ClickKeyword.groovy:42)
	at com.kms.katalon.core.keyword.internal.KeywordExecutor.executeKeywordForPlatform(KeywordExecutor.groovy:73)
	at com.kms.katalon.core.webui.keyword.WebUiBuiltInKeywords.click(WebUiBuiltInKeywords.groovy:619)
	at com.kms.katalon.core.webui.keyword.WebUiBuiltInKeywords$click$3.call(Unknown Source)
	at TC40_Add emoji.run(TC40_Add emoji:27)
	at com.kms.katalon.core.main.ScriptEngine.run(ScriptEngine.java:194)
	at com.kms.katalon.core.main.ScriptEngine.runScriptAsRawText(ScriptEngine.java:119)
	at com.kms.katalon.core.main.TestCaseExecutor.runScript(TestCaseExecutor.java:398)
	at com.kms.katalon.core.main.TestCaseExecutor.doExecute(TestCaseExecutor.java:389)
	at com.kms.katalon.core.main.TestCaseExecutor.processExecutionPhase(TestCaseExecutor.java:368)
	at com.kms.katalon.core.main.TestCaseExecutor.accessMainPhase(TestCaseExecutor.java:360)
	at com.kms.katalon.core.main.TestCaseExecutor.execute(TestCaseExecutor.java:255)
	at com.kms.katalon.core.main.TestSuiteExecutor.accessTestCaseMainPhase(TestSuiteExecutor.java:203)
	at com.kms.katalon.core.main.TestSuiteExecutor.accessTestSuiteMainPhase(TestSuiteExecutor.java:152)
	at com.kms.katalon.core.main.TestSuiteExecutor.execute(TestSuiteExecutor.java:95)
	at com.kms.katalon.core.main.TestCaseMain.startTestSuite(TestCaseMain.java:157)
	at com.kms.katalon.core.main.TestCaseMain$startTestSuite$0.call(Unknown Source)
	at TempTestSuite1622128062646.run(TempTestSuite1622128062646.groovy:39)
Caused by: com.kms.katalon.core.webui.exception.WebElementNotFoundException: Web element with id: 'Object Repository/1612049/DirectMessage_Workspace/button_Emoji Picker Button' located by '//button[@class='emoji-picker__container post-action'])' not found
	at com.kms.katalon.core.webui.common.WebUiCommonHelper.findWebElement(WebUiCommonHelper.java:1368)
	at com.kms.katalon.core.webui.keyword.internal.WebUIAbstractKeyword.findWebElement(WebUIAbstractKeyword.groovy:27)
	at com.kms.katalon.core.webui.keyword.internal.WebUIAbstractKeyword.findWebElement(WebUIAbstractKeyword.groovy:26)
	at com.kms.katalon.core.webui.keyword.builtin.ClickKeyword$_click_closure1.doCall(ClickKeyword.groovy:66)
	at com.kms.katalon.core.webui.keyword.builtin.ClickKeyword$_click_closure1.call(ClickKeyword.groovy)
	at com.kms.katalon.core.webui.keyword.internal.WebUIKeywordMain.runKeyword(WebUIKeywordMain.groovy:20)
	... 19 more
"/>
         <system-out><![CDATA[2021-05-27 22:28:27 - [TEST_CASE][FAILED] - Test Cases/1612049/TC40_Add emoji: Test Cases/1612049/TC40_Add emoji FAILED.
Reason:
com.kms.katalon.core.exception.StepFailedException: Unable to click on object 'Object Repository/1612049/DirectMessage_Workspace/button_Emoji Picker Button'
	at com.kms.katalon.core.webui.keyword.internal.WebUIKeywordMain.stepFailed(WebUIKeywordMain.groovy:64)
	at com.kms.katalon.core.webui.keyword.internal.WebUIKeywordMain.runKeyword(WebUIKeywordMain.groovy:26)
	at com.kms.katalon.core.webui.keyword.builtin.ClickKeyword.click(ClickKeyword.groovy:75)
	at com.kms.katalon.core.webui.keyword.builtin.ClickKeyword.execute(ClickKeyword.groovy:42)
	at com.kms.katalon.core.keyword.internal.KeywordExecutor.executeKeywordForPlatform(KeywordExecutor.groovy:73)
	at com.kms.katalon.core.webui.keyword.WebUiBuiltInKeywords.click(WebUiBuiltInKeywords.groovy:619)
	at com.kms.katalon.core.webui.keyword.WebUiBuiltInKeywords$click$3.call(Unknown Source)
	at TC40_Add emoji.run(TC40_Add emoji:27)
	at com.kms.katalon.core.main.ScriptEngine.run(ScriptEngine.java:194)
	at com.kms.katalon.core.main.ScriptEngine.runScriptAsRawText(ScriptEngine.java:119)
	at com.kms.katalon.core.main.TestCaseExecutor.runScript(TestCaseExecutor.java:398)
	at com.kms.katalon.core.main.TestCaseExecutor.doExecute(TestCaseExecutor.java:389)
	at com.kms.katalon.core.main.TestCaseExecutor.processExecutionPhase(TestCaseExecutor.java:368)
	at com.kms.katalon.core.main.TestCaseExecutor.accessMainPhase(TestCaseExecutor.java:360)
	at com.kms.katalon.core.main.TestCaseExecutor.execute(TestCaseExecutor.java:255)
	at com.kms.katalon.core.main.TestSuiteExecutor.accessTestCaseMainPhase(TestSuiteExecutor.java:203)
	at com.kms.katalon.core.main.TestSuiteExecutor.accessTestSuiteMainPhase(TestSuiteExecutor.java:152)
	at com.kms.katalon.core.main.TestSuiteExecutor.execute(TestSuiteExecutor.java:95)
	at com.kms.katalon.core.main.TestCaseMain.startTestSuite(TestCaseMain.java:157)
	at com.kms.katalon.core.main.TestCaseMain$startTestSuite$0.call(Unknown Source)
	at TempTestSuite1622128062646.run(TempTestSuite1622128062646.groovy:39)
Caused by: com.kms.katalon.core.webui.exception.WebElementNotFoundException: Web element with id: 'Object Repository/1612049/DirectMessage_Workspace/button_Emoji Picker Button' located by '//button[@class='emoji-picker__container post-action'])' not found
	at com.kms.katalon.core.webui.common.WebUiCommonHelper.findWebElement(WebUiCommonHelper.java:1368)
	at com.kms.katalon.core.webui.keyword.internal.WebUIAbstractKeyword.findWebElement(WebUIAbstractKeyword.groovy:27)
	at com.kms.katalon.core.webui.keyword.internal.WebUIAbstractKeyword.findWebElement(WebUIAbstractKeyword.groovy:26)
	at com.kms.katalon.core.webui.keyword.builtin.ClickKeyword$_click_closure1.doCall(ClickKeyword.groovy:66)
	at com.kms.katalon.core.webui.keyword.builtin.ClickKeyword$_click_closure1.call(ClickKeyword.groovy)
	at com.kms.katalon.core.webui.keyword.internal.WebUIKeywordMain.runKeyword(WebUIKeywordMain.groovy:20)
	... 19 more


2021-05-27 22:28:28 - [TEST_STEP][PASSED] - openBrowser(""): Browser is opened with url: ''

2021-05-27 22:28:28 - [MESSAGE][WARNING] - A browser is already opened. Closing browser and opening a new one

2021-05-27 22:28:30 - [MESSAGE][INFO] - Starting 'Chrome' driver

2021-05-27 22:28:30 - [MESSAGE][INFO] - Action delay is set to 0 milliseconds

2021-05-27 22:28:35 - [MESSAGE][PASSED] - Browser is opened with url: ''

2021-05-27 22:28:35 - [TEST_STEP][PASSED] - navigateToUrl("https://mattermostwebapp.herokuapp.com/"): Navigate to 'https://mattermostwebapp.herokuapp.com/' successfully

2021-05-27 22:28:40 - [MESSAGE][PASSED] - Navigate to 'https://mattermostwebapp.herokuapp.com/' successfully

2021-05-27 22:28:40 - [TEST_STEP][PASSED] - callTestCase(findTestCase("1612049/CommonTC/CTC_Login"), ["username":"jooie", "password":"6z6Vi2R3i06jbzaqW0pQ8Q=="], STOP_ON_FAILURE): Call Test Case 'Test Cases/1612049/CommonTC/CTC_Login' successfully

2021-05-27 22:28:40 - [TEST_CASE][PASSED] - Test Cases/1612049/CommonTC/CTC_Login: Test Cases/1612049/CommonTC/CTC_Login

2021-05-27 22:28:40 - [TEST_STEP][PASSED] - setText(findTestObject("Object Repository/1612049/Login_Screen/Page_Mattermost/input_All team communication in one place, _dcc84b"), username): Text 'jooie' is set on object 'Object Repository/1612049/Login_Screen/Page_Mattermost/input_All team communication in one place, _dcc84b'

2021-05-27 22:28:45 - [MESSAGE][PASSED] - Text 'jooie' is set on object 'Object Repository/1612049/Login_Screen/Page_Mattermost/input_All team communication in one place, _dcc84b'

2021-05-27 22:28:45 - [TEST_STEP][PASSED] - setEncryptedText(findTestObject("Object Repository/1612049/Login_Screen/Page_Mattermost/input_All team communication in one place, _a3edc6"), password): Text ****** has been set on object 'Object Repository/1612049/Login_Screen/Page_Mattermost/input_All team communication in one place, _a3edc6'

2021-05-27 22:28:46 - [MESSAGE][PASSED] - Text ****** has been set on object 'Object Repository/1612049/Login_Screen/Page_Mattermost/input_All team communication in one place, _a3edc6'

2021-05-27 22:28:46 - [TEST_STEP][PASSED] - click(findTestObject("Object Repository/1612049/Login_Screen/Page_Mattermost/button_Sign in")): Object: 'Object Repository/1612049/Login_Screen/Page_Mattermost/button_Sign in' is clicked on

2021-05-27 22:28:47 - [MESSAGE][PASSED] - Object: 'Object Repository/1612049/Login_Screen/Page_Mattermost/button_Sign in' is clicked on

2021-05-27 22:28:47 - [MESSAGE][PASSED] - Call Test Case 'Test Cases/1612049/CommonTC/CTC_Login' successfully

2021-05-27 22:28:47 - [TEST_STEP][FAILED] - click(findTestObject("1612049/DirectMessage_Workspace/button_Emoji Picker Button")): Unable to click on object 'Object Repository/1612049/DirectMessage_Workspace/button_Emoji Picker Button' (Root cause: com.kms.katalon.core.exception.StepFailedException: Unable to click on object 'Object Repository/1612049/DirectMessage_Workspace/button_Emoji Picker Button'
	at com.kms.katalon.core.webui.keyword.internal.WebUIKeywordMain.stepFailed(WebUIKeywordMain.groovy:64)
	at com.kms.katalon.core.webui.keyword.internal.WebUIKeywordMain.runKeyword(WebUIKeywordMain.groovy:26)
	at com.kms.katalon.core.webui.keyword.builtin.ClickKeyword.click(ClickKeyword.groovy:75)
	at com.kms.katalon.core.webui.keyword.builtin.ClickKeyword.execute(ClickKeyword.groovy:42)
	at com.kms.katalon.core.keyword.internal.KeywordExecutor.executeKeywordForPlatform(KeywordExecutor.groovy:73)
	at com.kms.katalon.core.webui.keyword.WebUiBuiltInKeywords.click(WebUiBuiltInKeywords.groovy:619)
	at com.kms.katalon.core.webui.keyword.WebUiBuiltInKeywords$click$3.call(Unknown Source)
	at TC40_Add emoji.run(TC40_Add emoji:27)
	at com.kms.katalon.core.main.ScriptEngine.run(ScriptEngine.java:194)
	at com.kms.katalon.core.main.ScriptEngine.runScriptAsRawText(ScriptEngine.java:119)
	at com.kms.katalon.core.main.TestCaseExecutor.runScript(TestCaseExecutor.java:398)
	at com.kms.katalon.core.main.TestCaseExecutor.doExecute(TestCaseExecutor.java:389)
	at com.kms.katalon.core.main.TestCaseExecutor.processExecutionPhase(TestCaseExecutor.java:368)
	at com.kms.katalon.core.main.TestCaseExecutor.accessMainPhase(TestCaseExecutor.java:360)
	at com.kms.katalon.core.main.TestCaseExecutor.execute(TestCaseExecutor.java:255)
	at com.kms.katalon.core.main.TestSuiteExecutor.accessTestCaseMainPhase(TestSuiteExecutor.java:203)
	at com.kms.katalon.core.main.TestSuiteExecutor.accessTestSuiteMainPhase(TestSuiteExecutor.java:152)
	at com.kms.katalon.core.main.TestSuiteExecutor.execute(TestSuiteExecutor.java:95)
	at com.kms.katalon.core.main.TestCaseMain.startTestSuite(TestCaseMain.java:157)
	at com.kms.katalon.core.main.TestCaseMain$startTestSuite$0.call(Unknown Source)
	at TempTestSuite1622128062646.run(TempTestSuite1622128062646.groovy:39)
Caused by: com.kms.katalon.core.webui.exception.WebElementNotFoundException: Web element with id: 'Object Repository/1612049/DirectMessage_Workspace/button_Emoji Picker Button' located by '//button[@class='emoji-picker__container post-action'])' not found
	at com.kms.katalon.core.webui.common.WebUiCommonHelper.findWebElement(WebUiCommonHelper.java:1368)
	at com.kms.katalon.core.webui.keyword.internal.WebUIAbstractKeyword.findWebElement(WebUIAbstractKeyword.groovy:27)
	at com.kms.katalon.core.webui.keyword.internal.WebUIAbstractKeyword.findWebElement(WebUIAbstractKeyword.groovy:26)
	at com.kms.katalon.core.webui.keyword.builtin.ClickKeyword$_click_closure1.doCall(ClickKeyword.groovy:66)
	at com.kms.katalon.core.webui.keyword.builtin.ClickKeyword$_click_closure1.call(ClickKeyword.groovy)
	at com.kms.katalon.core.webui.keyword.internal.WebUIKeywordMain.runKeyword(WebUIKeywordMain.groovy:20)
	at com.kms.katalon.core.webui.keyword.builtin.ClickKeyword.click(ClickKeyword.groovy:75)
	at com.kms.katalon.core.webui.keyword.builtin.ClickKeyword.execute(ClickKeyword.groovy:42)
	at com.kms.katalon.core.keyword.internal.KeywordExecutor.executeKeywordForPlatform(KeywordExecutor.groovy:73)
	at com.kms.katalon.core.webui.keyword.WebUiBuiltInKeywords.click(WebUiBuiltInKeywords.groovy:619)
	at com.kms.katalon.core.webui.keyword.WebUiBuiltInKeywords$click$3.call(Unknown Source)
	at Script1621730314401.run(Script1621730314401.groovy:27)
	... 13 more
)

2021-05-27 22:29:18 - [MESSAGE][INFO] - Unable to find the element located by 'By.xpath: //button[@class='emoji-picker__container post-action'])'. Please recheck the objects properties to make sure the desired element is located. 

2021-05-27 22:29:18 - [MESSAGE][FAILED] - Unable to click on object 'Object Repository/1612049/DirectMessage_Workspace/button_Emoji Picker Button' (Root cause: com.kms.katalon.core.exception.StepFailedException: Unable to click on object 'Object Repository/1612049/DirectMessage_Workspace/button_Emoji Picker Button'
	at com.kms.katalon.core.webui.keyword.internal.WebUIKeywordMain.stepFailed(WebUIKeywordMain.groovy:64)
	at com.kms.katalon.core.webui.keyword.internal.WebUIKeywordMain.runKeyword(WebUIKeywordMain.groovy:26)
	at com.kms.katalon.core.webui.keyword.builtin.ClickKeyword.click(ClickKeyword.groovy:75)
	at com.kms.katalon.core.webui.keyword.builtin.ClickKeyword.execute(ClickKeyword.groovy:42)
	at com.kms.katalon.core.keyword.internal.KeywordExecutor.executeKeywordForPlatform(KeywordExecutor.groovy:73)
	at com.kms.katalon.core.webui.keyword.WebUiBuiltInKeywords.click(WebUiBuiltInKeywords.groovy:619)
	at com.kms.katalon.core.webui.keyword.WebUiBuiltInKeywords$click$3.call(Unknown Source)
	at TC40_Add emoji.run(TC40_Add emoji:27)
	at com.kms.katalon.core.main.ScriptEngine.run(ScriptEngine.java:194)
	at com.kms.katalon.core.main.ScriptEngine.runScriptAsRawText(ScriptEngine.java:119)
	at com.kms.katalon.core.main.TestCaseExecutor.runScript(TestCaseExecutor.java:398)
	at com.kms.katalon.core.main.TestCaseExecutor.doExecute(TestCaseExecutor.java:389)
	at com.kms.katalon.core.main.TestCaseExecutor.processExecutionPhase(TestCaseExecutor.java:368)
	at com.kms.katalon.core.main.TestCaseExecutor.accessMainPhase(TestCaseExecutor.java:360)
	at com.kms.katalon.core.main.TestCaseExecutor.execute(TestCaseExecutor.java:255)
	at com.kms.katalon.core.main.TestSuiteExecutor.accessTestCaseMainPhase(TestSuiteExecutor.java:203)
	at com.kms.katalon.core.main.TestSuiteExecutor.accessTestSuiteMainPhase(TestSuiteExecutor.java:152)
	at com.kms.katalon.core.main.TestSuiteExecutor.execute(TestSuiteExecutor.java:95)
	at com.kms.katalon.core.main.TestCaseMain.startTestSuite(TestCaseMain.java:157)
	at com.kms.katalon.core.main.TestCaseMain$startTestSuite$0.call(Unknown Source)
	at TempTestSuite1622128062646.run(TempTestSuite1622128062646.groovy:39)
Caused by: com.kms.katalon.core.webui.exception.WebElementNotFoundException: Web element with id: 'Object Repository/1612049/DirectMessage_Workspace/button_Emoji Picker Button' located by '//button[@class='emoji-picker__container post-action'])' not found
	at com.kms.katalon.core.webui.common.WebUiCommonHelper.findWebElement(WebUiCommonHelper.java:1368)
	at com.kms.katalon.core.webui.keyword.internal.WebUIAbstractKeyword.findWebElement(WebUIAbstractKeyword.groovy:27)
	at com.kms.katalon.core.webui.keyword.internal.WebUIAbstractKeyword.findWebElement(WebUIAbstractKeyword.groovy:26)
	at com.kms.katalon.core.webui.keyword.builtin.ClickKeyword$_click_closure1.doCall(ClickKeyword.groovy:66)
	at com.kms.katalon.core.webui.keyword.builtin.ClickKeyword$_click_closure1.call(ClickKeyword.groovy)
	at com.kms.katalon.core.webui.keyword.internal.WebUIKeywordMain.runKeyword(WebUIKeywordMain.groovy:20)
	at com.kms.katalon.core.webui.keyword.builtin.ClickKeyword.click(ClickKeyword.groovy:75)
	at com.kms.katalon.core.webui.keyword.builtin.ClickKeyword.execute(ClickKeyword.groovy:42)
	at com.kms.katalon.core.keyword.internal.KeywordExecutor.executeKeywordForPlatform(KeywordExecutor.groovy:73)
	at com.kms.katalon.core.webui.keyword.WebUiBuiltInKeywords.click(WebUiBuiltInKeywords.groovy:619)
	at com.kms.katalon.core.webui.keyword.WebUiBuiltInKeywords$click$3.call(Unknown Source)
	at Script1621730314401.run(Script1621730314401.groovy:27)
	... 13 more
)
[[ATTACHMENT|E:\\Tai lieu hoc\\Nam 7\\HK2\\New Topics\\Homework 2\\New folder\\Mattermost_Autotesting_2\\Mattermost_AutoTesting\\Reports\\20210527_220742\\1412263\\Run_All_Test_Cases\\20210527_220742\\1622129358542.png]]]]></system-out>
         <system-err><![CDATA[2021-05-27 22:28:27 - [TEST_CASE][FAILED] - Test Cases/1612049/TC40_Add emoji: Test Cases/1612049/TC40_Add emoji FAILED.
Reason:
com.kms.katalon.core.exception.StepFailedException: Unable to click on object 'Object Repository/1612049/DirectMessage_Workspace/button_Emoji Picker Button'
	at com.kms.katalon.core.webui.keyword.internal.WebUIKeywordMain.stepFailed(WebUIKeywordMain.groovy:64)
	at com.kms.katalon.core.webui.keyword.internal.WebUIKeywordMain.runKeyword(WebUIKeywordMain.groovy:26)
	at com.kms.katalon.core.webui.keyword.builtin.ClickKeyword.click(ClickKeyword.groovy:75)
	at com.kms.katalon.core.webui.keyword.builtin.ClickKeyword.execute(ClickKeyword.groovy:42)
	at com.kms.katalon.core.keyword.internal.KeywordExecutor.executeKeywordForPlatform(KeywordExecutor.groovy:73)
	at com.kms.katalon.core.webui.keyword.WebUiBuiltInKeywords.click(WebUiBuiltInKeywords.groovy:619)
	at com.kms.katalon.core.webui.keyword.WebUiBuiltInKeywords$click$3.call(Unknown Source)
	at TC40_Add emoji.run(TC40_Add emoji:27)
	at com.kms.katalon.core.main.ScriptEngine.run(ScriptEngine.java:194)
	at com.kms.katalon.core.main.ScriptEngine.runScriptAsRawText(ScriptEngine.java:119)
	at com.kms.katalon.core.main.TestCaseExecutor.runScript(TestCaseExecutor.java:398)
	at com.kms.katalon.core.main.TestCaseExecutor.doExecute(TestCaseExecutor.java:389)
	at com.kms.katalon.core.main.TestCaseExecutor.processExecutionPhase(TestCaseExecutor.java:368)
	at com.kms.katalon.core.main.TestCaseExecutor.accessMainPhase(TestCaseExecutor.java:360)
	at com.kms.katalon.core.main.TestCaseExecutor.execute(TestCaseExecutor.java:255)
	at com.kms.katalon.core.main.TestSuiteExecutor.accessTestCaseMainPhase(TestSuiteExecutor.java:203)
	at com.kms.katalon.core.main.TestSuiteExecutor.accessTestSuiteMainPhase(TestSuiteExecutor.java:152)
	at com.kms.katalon.core.main.TestSuiteExecutor.execute(TestSuiteExecutor.java:95)
	at com.kms.katalon.core.main.TestCaseMain.startTestSuite(TestCaseMain.java:157)
	at com.kms.katalon.core.main.TestCaseMain$startTestSuite$0.call(Unknown Source)
	at TempTestSuite1622128062646.run(TempTestSuite1622128062646.groovy:39)
Caused by: com.kms.katalon.core.webui.exception.WebElementNotFoundException: Web element with id: 'Object Repository/1612049/DirectMessage_Workspace/button_Emoji Picker Button' located by '//button[@class='emoji-picker__container post-action'])' not found
	at com.kms.katalon.core.webui.common.WebUiCommonHelper.findWebElement(WebUiCommonHelper.java:1368)
	at com.kms.katalon.core.webui.keyword.internal.WebUIAbstractKeyword.findWebElement(WebUIAbstractKeyword.groovy:27)
	at com.kms.katalon.core.webui.keyword.internal.WebUIAbstractKeyword.findWebElement(WebUIAbstractKeyword.groovy:26)
	at com.kms.katalon.core.webui.keyword.builtin.ClickKeyword$_click_closure1.doCall(ClickKeyword.groovy:66)
	at com.kms.katalon.core.webui.keyword.builtin.ClickKeyword$_click_closure1.call(ClickKeyword.groovy)
	at com.kms.katalon.core.webui.keyword.internal.WebUIKeywordMain.runKeyword(WebUIKeywordMain.groovy:20)
	... 19 more]]></system-err>
      </testcase>
      <testcase name="Test Cases/1612049/TC41_Edit message" time="24.815" classname="Test Cases/1612049/TC41_Edit message" status="PASSED">
         <system-out><![CDATA[2021-05-27 22:29:18 - [TEST_CASE][PASSED] - Test Cases/1612049/TC41_Edit message: Test Cases/1612049/TC41_Edit message

2021-05-27 22:29:19 - [TEST_STEP][PASSED] - openBrowser(""): Browser is opened with url: ''

2021-05-27 22:29:19 - [MESSAGE][WARNING] - A browser is already opened. Closing browser and opening a new one

2021-05-27 22:29:20 - [MESSAGE][INFO] - Starting 'Chrome' driver

2021-05-27 22:29:20 - [MESSAGE][INFO] - Action delay is set to 0 milliseconds

2021-05-27 22:29:24 - [MESSAGE][PASSED] - Browser is opened with url: ''

2021-05-27 22:29:24 - [TEST_STEP][PASSED] - navigateToUrl("https://mattermostwebapp.herokuapp.com/"): Navigate to 'https://mattermostwebapp.herokuapp.com/' successfully

2021-05-27 22:29:28 - [MESSAGE][PASSED] - Navigate to 'https://mattermostwebapp.herokuapp.com/' successfully

2021-05-27 22:29:28 - [TEST_STEP][PASSED] - callTestCase(findTestCase("1612049/CommonTC/CTC_Login"), ["username":"jooie", "password":"6z6Vi2R3i06jbzaqW0pQ8Q=="], STOP_ON_FAILURE): Call Test Case 'Test Cases/1612049/CommonTC/CTC_Login' successfully

2021-05-27 22:29:29 - [TEST_CASE][PASSED] - Test Cases/1612049/CommonTC/CTC_Login: Test Cases/1612049/CommonTC/CTC_Login

2021-05-27 22:29:29 - [TEST_STEP][PASSED] - setText(findTestObject("Object Repository/1612049/Login_Screen/Page_Mattermost/input_All team communication in one place, _dcc84b"), username): Text 'jooie' is set on object 'Object Repository/1612049/Login_Screen/Page_Mattermost/input_All team communication in one place, _dcc84b'

2021-05-27 22:29:33 - [MESSAGE][PASSED] - Text 'jooie' is set on object 'Object Repository/1612049/Login_Screen/Page_Mattermost/input_All team communication in one place, _dcc84b'

2021-05-27 22:29:33 - [TEST_STEP][PASSED] - setEncryptedText(findTestObject("Object Repository/1612049/Login_Screen/Page_Mattermost/input_All team communication in one place, _a3edc6"), password): Text ****** has been set on object 'Object Repository/1612049/Login_Screen/Page_Mattermost/input_All team communication in one place, _a3edc6'

2021-05-27 22:29:34 - [MESSAGE][PASSED] - Text ****** has been set on object 'Object Repository/1612049/Login_Screen/Page_Mattermost/input_All team communication in one place, _a3edc6'

2021-05-27 22:29:34 - [TEST_STEP][PASSED] - click(findTestObject("Object Repository/1612049/Login_Screen/Page_Mattermost/button_Sign in")): Object: 'Object Repository/1612049/Login_Screen/Page_Mattermost/button_Sign in' is clicked on

2021-05-27 22:29:34 - [MESSAGE][PASSED] - Object: 'Object Repository/1612049/Login_Screen/Page_Mattermost/button_Sign in' is clicked on

2021-05-27 22:29:34 - [MESSAGE][PASSED] - Call Test Case 'Test Cases/1612049/CommonTC/CTC_Login' successfully

2021-05-27 22:29:34 - [TEST_STEP][PASSED] - mouseOver(findTestObject("1612049/DirectMessage_Dialog/div_Message")): Object: 'Object Repository/1612049/DirectMessage_Dialog/div_Message' is hovered

2021-05-27 22:29:38 - [MESSAGE][PASSED] - Object: 'Object Repository/1612049/DirectMessage_Dialog/div_Message' is hovered

2021-05-27 22:29:38 - [TEST_STEP][PASSED] - click(findTestObject("1612049/DirectMessage_Workspace/btn_More Actions")): Object: 'Object Repository/1612049/DirectMessage_Workspace/btn_More Actions' is clicked on

2021-05-27 22:29:40 - [MESSAGE][PASSED] - Object: 'Object Repository/1612049/DirectMessage_Workspace/btn_More Actions' is clicked on

2021-05-27 22:29:40 - [TEST_STEP][PASSED] - click(findTestObject("1612049/DirectMessage_Workspace/btn_Edit Message")): Object: 'Object Repository/1612049/DirectMessage_Workspace/btn_Edit Message' is clicked on

2021-05-27 22:29:40 - [MESSAGE][PASSED] - Object: 'Object Repository/1612049/DirectMessage_Workspace/btn_Edit Message' is clicked on

2021-05-27 22:29:40 - [TEST_STEP][PASSED] - setText(findTestObject("1612049/DirectMessage_Workspace/textarea_Edit Message"), getText(findTestObject("1612049/DirectMessage_Workspace/textarea_Edit Message")) + " edited"): Text 'abcd edited edited edited edited edited' is set on object 'Object Repository/1612049/DirectMessage_Workspace/textarea_Edit Message'

2021-05-27 22:29:41 - [MESSAGE][PASSED] - Text of object 'Object Repository/1612049/DirectMessage_Workspace/textarea_Edit Message' is: 'abcd edited edited edited edited'

2021-05-27 22:29:42 - [MESSAGE][PASSED] - Text 'abcd edited edited edited edited edited' is set on object 'Object Repository/1612049/DirectMessage_Workspace/textarea_Edit Message'

2021-05-27 22:29:42 - [TEST_STEP][PASSED] - click(findTestObject("1612049/DirectMessage_Workspace/btn_Save Edited Message")): Object: 'Object Repository/1612049/DirectMessage_Workspace/btn_Save Edited Message' is clicked on

2021-05-27 22:29:43 - [MESSAGE][PASSED] - Object: 'Object Repository/1612049/DirectMessage_Workspace/btn_Save Edited Message' is clicked on]]></system-out>
         <system-err><![CDATA[]]></system-err>
      </testcase>
      <testcase name="Test Cases/1612049/TC42_Mark message as unread" time="54.781" classname="Test Cases/1612049/TC42_Mark message as unread" status="FAILED">
         <failure type="FAILED" message="Test Cases/1612049/TC42_Mark message as unread FAILED.
Reason:
com.kms.katalon.core.exception.StepFailedException: Unable to click on object 'Object Repository/1612049/DirectMessage_Workspace/Page_Town Square - noname Mattermost/button_Mark as Unread'
	at com.kms.katalon.core.webui.keyword.internal.WebUIKeywordMain.stepFailed(WebUIKeywordMain.groovy:64)
	at com.kms.katalon.core.webui.keyword.internal.WebUIKeywordMain.runKeyword(WebUIKeywordMain.groovy:26)
	at com.kms.katalon.core.webui.keyword.builtin.ClickKeyword.click(ClickKeyword.groovy:75)
	at com.kms.katalon.core.webui.keyword.builtin.ClickKeyword.execute(ClickKeyword.groovy:42)
	at com.kms.katalon.core.keyword.internal.KeywordExecutor.executeKeywordForPlatform(KeywordExecutor.groovy:73)
	at com.kms.katalon.core.webui.keyword.WebUiBuiltInKeywords.click(WebUiBuiltInKeywords.groovy:619)
	at com.kms.katalon.core.webui.keyword.WebUiBuiltInKeywords$click$3.call(Unknown Source)
	at TC42_Mark message as unread.run(TC42_Mark message as unread:31)
	at com.kms.katalon.core.main.ScriptEngine.run(ScriptEngine.java:194)
	at com.kms.katalon.core.main.ScriptEngine.runScriptAsRawText(ScriptEngine.java:119)
	at com.kms.katalon.core.main.TestCaseExecutor.runScript(TestCaseExecutor.java:398)
	at com.kms.katalon.core.main.TestCaseExecutor.doExecute(TestCaseExecutor.java:389)
	at com.kms.katalon.core.main.TestCaseExecutor.processExecutionPhase(TestCaseExecutor.java:368)
	at com.kms.katalon.core.main.TestCaseExecutor.accessMainPhase(TestCaseExecutor.java:360)
	at com.kms.katalon.core.main.TestCaseExecutor.execute(TestCaseExecutor.java:255)
	at com.kms.katalon.core.main.TestSuiteExecutor.accessTestCaseMainPhase(TestSuiteExecutor.java:203)
	at com.kms.katalon.core.main.TestSuiteExecutor.accessTestSuiteMainPhase(TestSuiteExecutor.java:152)
	at com.kms.katalon.core.main.TestSuiteExecutor.execute(TestSuiteExecutor.java:95)
	at com.kms.katalon.core.main.TestCaseMain.startTestSuite(TestCaseMain.java:157)
	at com.kms.katalon.core.main.TestCaseMain$startTestSuite$0.call(Unknown Source)
	at TempTestSuite1622128062646.run(TempTestSuite1622128062646.groovy:39)
Caused by: com.kms.katalon.core.webui.exception.WebElementNotFoundException: Web element with id: 'Object Repository/1612049/DirectMessage_Workspace/Page_Town Square - noname Mattermost/button_Mark as Unread' located by '//li[@id='unread_post_hpt5g3eck3nhbj91bz8rehbjte']/button' not found
	at com.kms.katalon.core.webui.common.WebUiCommonHelper.findWebElement(WebUiCommonHelper.java:1368)
	at com.kms.katalon.core.webui.keyword.internal.WebUIAbstractKeyword.findWebElement(WebUIAbstractKeyword.groovy:27)
	at com.kms.katalon.core.webui.keyword.internal.WebUIAbstractKeyword.findWebElement(WebUIAbstractKeyword.groovy:26)
	at com.kms.katalon.core.webui.keyword.builtin.ClickKeyword$_click_closure1.doCall(ClickKeyword.groovy:66)
	at com.kms.katalon.core.webui.keyword.builtin.ClickKeyword$_click_closure1.call(ClickKeyword.groovy)
	at com.kms.katalon.core.webui.keyword.internal.WebUIKeywordMain.runKeyword(WebUIKeywordMain.groovy:20)
	... 19 more
"/>
         <system-out><![CDATA[2021-05-27 22:29:43 - [TEST_CASE][FAILED] - Test Cases/1612049/TC42_Mark message as unread: Test Cases/1612049/TC42_Mark message as unread FAILED.
Reason:
com.kms.katalon.core.exception.StepFailedException: Unable to click on object 'Object Repository/1612049/DirectMessage_Workspace/Page_Town Square - noname Mattermost/button_Mark as Unread'
	at com.kms.katalon.core.webui.keyword.internal.WebUIKeywordMain.stepFailed(WebUIKeywordMain.groovy:64)
	at com.kms.katalon.core.webui.keyword.internal.WebUIKeywordMain.runKeyword(WebUIKeywordMain.groovy:26)
	at com.kms.katalon.core.webui.keyword.builtin.ClickKeyword.click(ClickKeyword.groovy:75)
	at com.kms.katalon.core.webui.keyword.builtin.ClickKeyword.execute(ClickKeyword.groovy:42)
	at com.kms.katalon.core.keyword.internal.KeywordExecutor.executeKeywordForPlatform(KeywordExecutor.groovy:73)
	at com.kms.katalon.core.webui.keyword.WebUiBuiltInKeywords.click(WebUiBuiltInKeywords.groovy:619)
	at com.kms.katalon.core.webui.keyword.WebUiBuiltInKeywords$click$3.call(Unknown Source)
	at TC42_Mark message as unread.run(TC42_Mark message as unread:31)
	at com.kms.katalon.core.main.ScriptEngine.run(ScriptEngine.java:194)
	at com.kms.katalon.core.main.ScriptEngine.runScriptAsRawText(ScriptEngine.java:119)
	at com.kms.katalon.core.main.TestCaseExecutor.runScript(TestCaseExecutor.java:398)
	at com.kms.katalon.core.main.TestCaseExecutor.doExecute(TestCaseExecutor.java:389)
	at com.kms.katalon.core.main.TestCaseExecutor.processExecutionPhase(TestCaseExecutor.java:368)
	at com.kms.katalon.core.main.TestCaseExecutor.accessMainPhase(TestCaseExecutor.java:360)
	at com.kms.katalon.core.main.TestCaseExecutor.execute(TestCaseExecutor.java:255)
	at com.kms.katalon.core.main.TestSuiteExecutor.accessTestCaseMainPhase(TestSuiteExecutor.java:203)
	at com.kms.katalon.core.main.TestSuiteExecutor.accessTestSuiteMainPhase(TestSuiteExecutor.java:152)
	at com.kms.katalon.core.main.TestSuiteExecutor.execute(TestSuiteExecutor.java:95)
	at com.kms.katalon.core.main.TestCaseMain.startTestSuite(TestCaseMain.java:157)
	at com.kms.katalon.core.main.TestCaseMain$startTestSuite$0.call(Unknown Source)
	at TempTestSuite1622128062646.run(TempTestSuite1622128062646.groovy:39)
Caused by: com.kms.katalon.core.webui.exception.WebElementNotFoundException: Web element with id: 'Object Repository/1612049/DirectMessage_Workspace/Page_Town Square - noname Mattermost/button_Mark as Unread' located by '//li[@id='unread_post_hpt5g3eck3nhbj91bz8rehbjte']/button' not found
	at com.kms.katalon.core.webui.common.WebUiCommonHelper.findWebElement(WebUiCommonHelper.java:1368)
	at com.kms.katalon.core.webui.keyword.internal.WebUIAbstractKeyword.findWebElement(WebUIAbstractKeyword.groovy:27)
	at com.kms.katalon.core.webui.keyword.internal.WebUIAbstractKeyword.findWebElement(WebUIAbstractKeyword.groovy:26)
	at com.kms.katalon.core.webui.keyword.builtin.ClickKeyword$_click_closure1.doCall(ClickKeyword.groovy:66)
	at com.kms.katalon.core.webui.keyword.builtin.ClickKeyword$_click_closure1.call(ClickKeyword.groovy)
	at com.kms.katalon.core.webui.keyword.internal.WebUIKeywordMain.runKeyword(WebUIKeywordMain.groovy:20)
	... 19 more


2021-05-27 22:29:44 - [TEST_STEP][PASSED] - openBrowser(""): Browser is opened with url: ''

2021-05-27 22:29:44 - [MESSAGE][WARNING] - A browser is already opened. Closing browser and opening a new one

2021-05-27 22:29:45 - [MESSAGE][INFO] - Starting 'Chrome' driver

2021-05-27 22:29:45 - [MESSAGE][INFO] - Action delay is set to 0 milliseconds

2021-05-27 22:29:49 - [MESSAGE][PASSED] - Browser is opened with url: ''

2021-05-27 22:29:49 - [TEST_STEP][PASSED] - navigateToUrl("https://mattermostwebapp.herokuapp.com/"): Navigate to 'https://mattermostwebapp.herokuapp.com/' successfully

2021-05-27 22:29:53 - [MESSAGE][PASSED] - Navigate to 'https://mattermostwebapp.herokuapp.com/' successfully

2021-05-27 22:29:53 - [TEST_STEP][PASSED] - callTestCase(findTestCase("1612049/CommonTC/CTC_Login"), ["username":"jooie", "password":"6z6Vi2R3i06jbzaqW0pQ8Q=="], STOP_ON_FAILURE): Call Test Case 'Test Cases/1612049/CommonTC/CTC_Login' successfully

2021-05-27 22:29:53 - [TEST_CASE][PASSED] - Test Cases/1612049/CommonTC/CTC_Login: Test Cases/1612049/CommonTC/CTC_Login

2021-05-27 22:29:53 - [TEST_STEP][PASSED] - setText(findTestObject("Object Repository/1612049/Login_Screen/Page_Mattermost/input_All team communication in one place, _dcc84b"), username): Text 'jooie' is set on object 'Object Repository/1612049/Login_Screen/Page_Mattermost/input_All team communication in one place, _dcc84b'

2021-05-27 22:29:58 - [MESSAGE][PASSED] - Text 'jooie' is set on object 'Object Repository/1612049/Login_Screen/Page_Mattermost/input_All team communication in one place, _dcc84b'

2021-05-27 22:29:58 - [TEST_STEP][PASSED] - setEncryptedText(findTestObject("Object Repository/1612049/Login_Screen/Page_Mattermost/input_All team communication in one place, _a3edc6"), password): Text ****** has been set on object 'Object Repository/1612049/Login_Screen/Page_Mattermost/input_All team communication in one place, _a3edc6'

2021-05-27 22:29:59 - [MESSAGE][PASSED] - Text ****** has been set on object 'Object Repository/1612049/Login_Screen/Page_Mattermost/input_All team communication in one place, _a3edc6'

2021-05-27 22:29:59 - [TEST_STEP][PASSED] - click(findTestObject("Object Repository/1612049/Login_Screen/Page_Mattermost/button_Sign in")): Object: 'Object Repository/1612049/Login_Screen/Page_Mattermost/button_Sign in' is clicked on

2021-05-27 22:29:59 - [MESSAGE][PASSED] - Object: 'Object Repository/1612049/Login_Screen/Page_Mattermost/button_Sign in' is clicked on

2021-05-27 22:29:59 - [MESSAGE][PASSED] - Call Test Case 'Test Cases/1612049/CommonTC/CTC_Login' successfully

2021-05-27 22:29:59 - [TEST_STEP][PASSED] - mouseOver(findTestObject("1612049/DirectMessage_Workspace/div_Emoji Message")): Object: 'Object Repository/1612049/DirectMessage_Workspace/div_Emoji Message' is hovered

2021-05-27 22:30:04 - [MESSAGE][PASSED] - Object: 'Object Repository/1612049/DirectMessage_Workspace/div_Emoji Message' is hovered

2021-05-27 22:30:04 - [TEST_STEP][PASSED] - click(findTestObject("Object Repository/1612049/DirectMessage_Workspace/Page_Town Square - noname Mattermost/button_jooie_CENTER_button_nc5r14iaktgz3811_c68c20")): Object: 'Object Repository/1612049/DirectMessage_Workspace/Page_Town Square - noname Mattermost/button_jooie_CENTER_button_nc5r14iaktgz3811_c68c20' is clicked on

2021-05-27 22:30:06 - [MESSAGE][PASSED] - Object: 'Object Repository/1612049/DirectMessage_Workspace/Page_Town Square - noname Mattermost/button_jooie_CENTER_button_nc5r14iaktgz3811_c68c20' is clicked on

2021-05-27 22:30:06 - [TEST_STEP][FAILED] - click(findTestObject("Object Repository/1612049/DirectMessage_Workspace/Page_Town Square - noname Mattermost/button_Mark as Unread")): Unable to click on object 'Object Repository/1612049/DirectMessage_Workspace/Page_Town Square - noname Mattermost/button_Mark as Unread' (Root cause: com.kms.katalon.core.exception.StepFailedException: Unable to click on object 'Object Repository/1612049/DirectMessage_Workspace/Page_Town Square - noname Mattermost/button_Mark as Unread'
	at com.kms.katalon.core.webui.keyword.internal.WebUIKeywordMain.stepFailed(WebUIKeywordMain.groovy:64)
	at com.kms.katalon.core.webui.keyword.internal.WebUIKeywordMain.runKeyword(WebUIKeywordMain.groovy:26)
	at com.kms.katalon.core.webui.keyword.builtin.ClickKeyword.click(ClickKeyword.groovy:75)
	at com.kms.katalon.core.webui.keyword.builtin.ClickKeyword.execute(ClickKeyword.groovy:42)
	at com.kms.katalon.core.keyword.internal.KeywordExecutor.executeKeywordForPlatform(KeywordExecutor.groovy:73)
	at com.kms.katalon.core.webui.keyword.WebUiBuiltInKeywords.click(WebUiBuiltInKeywords.groovy:619)
	at com.kms.katalon.core.webui.keyword.WebUiBuiltInKeywords$click$3.call(Unknown Source)
	at TC42_Mark message as unread.run(TC42_Mark message as unread:31)
	at com.kms.katalon.core.main.ScriptEngine.run(ScriptEngine.java:194)
	at com.kms.katalon.core.main.ScriptEngine.runScriptAsRawText(ScriptEngine.java:119)
	at com.kms.katalon.core.main.TestCaseExecutor.runScript(TestCaseExecutor.java:398)
	at com.kms.katalon.core.main.TestCaseExecutor.doExecute(TestCaseExecutor.java:389)
	at com.kms.katalon.core.main.TestCaseExecutor.processExecutionPhase(TestCaseExecutor.java:368)
	at com.kms.katalon.core.main.TestCaseExecutor.accessMainPhase(TestCaseExecutor.java:360)
	at com.kms.katalon.core.main.TestCaseExecutor.execute(TestCaseExecutor.java:255)
	at com.kms.katalon.core.main.TestSuiteExecutor.accessTestCaseMainPhase(TestSuiteExecutor.java:203)
	at com.kms.katalon.core.main.TestSuiteExecutor.accessTestSuiteMainPhase(TestSuiteExecutor.java:152)
	at com.kms.katalon.core.main.TestSuiteExecutor.execute(TestSuiteExecutor.java:95)
	at com.kms.katalon.core.main.TestCaseMain.startTestSuite(TestCaseMain.java:157)
	at com.kms.katalon.core.main.TestCaseMain$startTestSuite$0.call(Unknown Source)
	at TempTestSuite1622128062646.run(TempTestSuite1622128062646.groovy:39)
Caused by: com.kms.katalon.core.webui.exception.WebElementNotFoundException: Web element with id: 'Object Repository/1612049/DirectMessage_Workspace/Page_Town Square - noname Mattermost/button_Mark as Unread' located by '//li[@id='unread_post_hpt5g3eck3nhbj91bz8rehbjte']/button' not found
	at com.kms.katalon.core.webui.common.WebUiCommonHelper.findWebElement(WebUiCommonHelper.java:1368)
	at com.kms.katalon.core.webui.keyword.internal.WebUIAbstractKeyword.findWebElement(WebUIAbstractKeyword.groovy:27)
	at com.kms.katalon.core.webui.keyword.internal.WebUIAbstractKeyword.findWebElement(WebUIAbstractKeyword.groovy:26)
	at com.kms.katalon.core.webui.keyword.builtin.ClickKeyword$_click_closure1.doCall(ClickKeyword.groovy:66)
	at com.kms.katalon.core.webui.keyword.builtin.ClickKeyword$_click_closure1.call(ClickKeyword.groovy)
	at com.kms.katalon.core.webui.keyword.internal.WebUIKeywordMain.runKeyword(WebUIKeywordMain.groovy:20)
	at com.kms.katalon.core.webui.keyword.builtin.ClickKeyword.click(ClickKeyword.groovy:75)
	at com.kms.katalon.core.webui.keyword.builtin.ClickKeyword.execute(ClickKeyword.groovy:42)
	at com.kms.katalon.core.keyword.internal.KeywordExecutor.executeKeywordForPlatform(KeywordExecutor.groovy:73)
	at com.kms.katalon.core.webui.keyword.WebUiBuiltInKeywords.click(WebUiBuiltInKeywords.groovy:619)
	at com.kms.katalon.core.webui.keyword.WebUiBuiltInKeywords$click$3.call(Unknown Source)
	at Script1621734566774.run(Script1621734566774.groovy:31)
	... 13 more
)

2021-05-27 22:30:38 - [MESSAGE][INFO] - Unable to find the element located by 'By.xpath: //li[@id='unread_post_hpt5g3eck3nhbj91bz8rehbjte']/button'. Please recheck the objects properties to make sure the desired element is located. 

2021-05-27 22:30:38 - [MESSAGE][FAILED] - Unable to click on object 'Object Repository/1612049/DirectMessage_Workspace/Page_Town Square - noname Mattermost/button_Mark as Unread' (Root cause: com.kms.katalon.core.exception.StepFailedException: Unable to click on object 'Object Repository/1612049/DirectMessage_Workspace/Page_Town Square - noname Mattermost/button_Mark as Unread'
	at com.kms.katalon.core.webui.keyword.internal.WebUIKeywordMain.stepFailed(WebUIKeywordMain.groovy:64)
	at com.kms.katalon.core.webui.keyword.internal.WebUIKeywordMain.runKeyword(WebUIKeywordMain.groovy:26)
	at com.kms.katalon.core.webui.keyword.builtin.ClickKeyword.click(ClickKeyword.groovy:75)
	at com.kms.katalon.core.webui.keyword.builtin.ClickKeyword.execute(ClickKeyword.groovy:42)
	at com.kms.katalon.core.keyword.internal.KeywordExecutor.executeKeywordForPlatform(KeywordExecutor.groovy:73)
	at com.kms.katalon.core.webui.keyword.WebUiBuiltInKeywords.click(WebUiBuiltInKeywords.groovy:619)
	at com.kms.katalon.core.webui.keyword.WebUiBuiltInKeywords$click$3.call(Unknown Source)
	at TC42_Mark message as unread.run(TC42_Mark message as unread:31)
	at com.kms.katalon.core.main.ScriptEngine.run(ScriptEngine.java:194)
	at com.kms.katalon.core.main.ScriptEngine.runScriptAsRawText(ScriptEngine.java:119)
	at com.kms.katalon.core.main.TestCaseExecutor.runScript(TestCaseExecutor.java:398)
	at com.kms.katalon.core.main.TestCaseExecutor.doExecute(TestCaseExecutor.java:389)
	at com.kms.katalon.core.main.TestCaseExecutor.processExecutionPhase(TestCaseExecutor.java:368)
	at com.kms.katalon.core.main.TestCaseExecutor.accessMainPhase(TestCaseExecutor.java:360)
	at com.kms.katalon.core.main.TestCaseExecutor.execute(TestCaseExecutor.java:255)
	at com.kms.katalon.core.main.TestSuiteExecutor.accessTestCaseMainPhase(TestSuiteExecutor.java:203)
	at com.kms.katalon.core.main.TestSuiteExecutor.accessTestSuiteMainPhase(TestSuiteExecutor.java:152)
	at com.kms.katalon.core.main.TestSuiteExecutor.execute(TestSuiteExecutor.java:95)
	at com.kms.katalon.core.main.TestCaseMain.startTestSuite(TestCaseMain.java:157)
	at com.kms.katalon.core.main.TestCaseMain$startTestSuite$0.call(Unknown Source)
	at TempTestSuite1622128062646.run(TempTestSuite1622128062646.groovy:39)
Caused by: com.kms.katalon.core.webui.exception.WebElementNotFoundException: Web element with id: 'Object Repository/1612049/DirectMessage_Workspace/Page_Town Square - noname Mattermost/button_Mark as Unread' located by '//li[@id='unread_post_hpt5g3eck3nhbj91bz8rehbjte']/button' not found
	at com.kms.katalon.core.webui.common.WebUiCommonHelper.findWebElement(WebUiCommonHelper.java:1368)
	at com.kms.katalon.core.webui.keyword.internal.WebUIAbstractKeyword.findWebElement(WebUIAbstractKeyword.groovy:27)
	at com.kms.katalon.core.webui.keyword.internal.WebUIAbstractKeyword.findWebElement(WebUIAbstractKeyword.groovy:26)
	at com.kms.katalon.core.webui.keyword.builtin.ClickKeyword$_click_closure1.doCall(ClickKeyword.groovy:66)
	at com.kms.katalon.core.webui.keyword.builtin.ClickKeyword$_click_closure1.call(ClickKeyword.groovy)
	at com.kms.katalon.core.webui.keyword.internal.WebUIKeywordMain.runKeyword(WebUIKeywordMain.groovy:20)
	at com.kms.katalon.core.webui.keyword.builtin.ClickKeyword.click(ClickKeyword.groovy:75)
	at com.kms.katalon.core.webui.keyword.builtin.ClickKeyword.execute(ClickKeyword.groovy:42)
	at com.kms.katalon.core.keyword.internal.KeywordExecutor.executeKeywordForPlatform(KeywordExecutor.groovy:73)
	at com.kms.katalon.core.webui.keyword.WebUiBuiltInKeywords.click(WebUiBuiltInKeywords.groovy:619)
	at com.kms.katalon.core.webui.keyword.WebUiBuiltInKeywords$click$3.call(Unknown Source)
	at Script1621734566774.run(Script1621734566774.groovy:31)
	... 13 more
)
[[ATTACHMENT|E:\\Tai lieu hoc\\Nam 7\\HK2\\New Topics\\Homework 2\\New folder\\Mattermost_Autotesting_2\\Mattermost_AutoTesting\\Reports\\20210527_220742\\1412263\\Run_All_Test_Cases\\20210527_220742\\1622129438121.png]]]]></system-out>
         <system-err><![CDATA[2021-05-27 22:29:43 - [TEST_CASE][FAILED] - Test Cases/1612049/TC42_Mark message as unread: Test Cases/1612049/TC42_Mark message as unread FAILED.
Reason:
com.kms.katalon.core.exception.StepFailedException: Unable to click on object 'Object Repository/1612049/DirectMessage_Workspace/Page_Town Square - noname Mattermost/button_Mark as Unread'
	at com.kms.katalon.core.webui.keyword.internal.WebUIKeywordMain.stepFailed(WebUIKeywordMain.groovy:64)
	at com.kms.katalon.core.webui.keyword.internal.WebUIKeywordMain.runKeyword(WebUIKeywordMain.groovy:26)
	at com.kms.katalon.core.webui.keyword.builtin.ClickKeyword.click(ClickKeyword.groovy:75)
	at com.kms.katalon.core.webui.keyword.builtin.ClickKeyword.execute(ClickKeyword.groovy:42)
	at com.kms.katalon.core.keyword.internal.KeywordExecutor.executeKeywordForPlatform(KeywordExecutor.groovy:73)
	at com.kms.katalon.core.webui.keyword.WebUiBuiltInKeywords.click(WebUiBuiltInKeywords.groovy:619)
	at com.kms.katalon.core.webui.keyword.WebUiBuiltInKeywords$click$3.call(Unknown Source)
	at TC42_Mark message as unread.run(TC42_Mark message as unread:31)
	at com.kms.katalon.core.main.ScriptEngine.run(ScriptEngine.java:194)
	at com.kms.katalon.core.main.ScriptEngine.runScriptAsRawText(ScriptEngine.java:119)
	at com.kms.katalon.core.main.TestCaseExecutor.runScript(TestCaseExecutor.java:398)
	at com.kms.katalon.core.main.TestCaseExecutor.doExecute(TestCaseExecutor.java:389)
	at com.kms.katalon.core.main.TestCaseExecutor.processExecutionPhase(TestCaseExecutor.java:368)
	at com.kms.katalon.core.main.TestCaseExecutor.accessMainPhase(TestCaseExecutor.java:360)
	at com.kms.katalon.core.main.TestCaseExecutor.execute(TestCaseExecutor.java:255)
	at com.kms.katalon.core.main.TestSuiteExecutor.accessTestCaseMainPhase(TestSuiteExecutor.java:203)
	at com.kms.katalon.core.main.TestSuiteExecutor.accessTestSuiteMainPhase(TestSuiteExecutor.java:152)
	at com.kms.katalon.core.main.TestSuiteExecutor.execute(TestSuiteExecutor.java:95)
	at com.kms.katalon.core.main.TestCaseMain.startTestSuite(TestCaseMain.java:157)
	at com.kms.katalon.core.main.TestCaseMain$startTestSuite$0.call(Unknown Source)
	at TempTestSuite1622128062646.run(TempTestSuite1622128062646.groovy:39)
Caused by: com.kms.katalon.core.webui.exception.WebElementNotFoundException: Web element with id: 'Object Repository/1612049/DirectMessage_Workspace/Page_Town Square - noname Mattermost/button_Mark as Unread' located by '//li[@id='unread_post_hpt5g3eck3nhbj91bz8rehbjte']/button' not found
	at com.kms.katalon.core.webui.common.WebUiCommonHelper.findWebElement(WebUiCommonHelper.java:1368)
	at com.kms.katalon.core.webui.keyword.internal.WebUIAbstractKeyword.findWebElement(WebUIAbstractKeyword.groovy:27)
	at com.kms.katalon.core.webui.keyword.internal.WebUIAbstractKeyword.findWebElement(WebUIAbstractKeyword.groovy:26)
	at com.kms.katalon.core.webui.keyword.builtin.ClickKeyword$_click_closure1.doCall(ClickKeyword.groovy:66)
	at com.kms.katalon.core.webui.keyword.builtin.ClickKeyword$_click_closure1.call(ClickKeyword.groovy)
	at com.kms.katalon.core.webui.keyword.internal.WebUIKeywordMain.runKeyword(WebUIKeywordMain.groovy:20)
	... 19 more]]></system-err>
      </testcase>
      <testcase name="Test Cases/1612049/TC43_Delete message" time="49.657" classname="Test Cases/1612049/TC43_Delete message" status="FAILED">
         <failure type="FAILED" message="Test Cases/1612049/TC43_Delete message FAILED.
Reason:
com.kms.katalon.core.exception.StepFailedException: Unable to move mouse over object 'Object Repository/1612049/DirectMessage_Workspace/div_Message To Be Deleted'
	at com.kms.katalon.core.webui.keyword.internal.WebUIKeywordMain.stepFailed(WebUIKeywordMain.groovy:64)
	at com.kms.katalon.core.webui.keyword.internal.WebUIKeywordMain.runKeyword(WebUIKeywordMain.groovy:26)
	at com.kms.katalon.core.webui.keyword.builtin.MouseOverKeyword.mouseOver(MouseOverKeyword.groovy:66)
	at com.kms.katalon.core.webui.keyword.builtin.MouseOverKeyword.execute(MouseOverKeyword.groovy:40)
	at com.kms.katalon.core.keyword.internal.KeywordExecutor.executeKeywordForPlatform(KeywordExecutor.groovy:73)
	at com.kms.katalon.core.webui.keyword.WebUiBuiltInKeywords.mouseOver(WebUiBuiltInKeywords.groovy:805)
	at com.kms.katalon.core.webui.keyword.WebUiBuiltInKeywords$mouseOver$10.call(Unknown Source)
	at TC43_Delete message.run(TC43_Delete message:27)
	at com.kms.katalon.core.main.ScriptEngine.run(ScriptEngine.java:194)
	at com.kms.katalon.core.main.ScriptEngine.runScriptAsRawText(ScriptEngine.java:119)
	at com.kms.katalon.core.main.TestCaseExecutor.runScript(TestCaseExecutor.java:398)
	at com.kms.katalon.core.main.TestCaseExecutor.doExecute(TestCaseExecutor.java:389)
	at com.kms.katalon.core.main.TestCaseExecutor.processExecutionPhase(TestCaseExecutor.java:368)
	at com.kms.katalon.core.main.TestCaseExecutor.accessMainPhase(TestCaseExecutor.java:360)
	at com.kms.katalon.core.main.TestCaseExecutor.execute(TestCaseExecutor.java:255)
	at com.kms.katalon.core.main.TestSuiteExecutor.accessTestCaseMainPhase(TestSuiteExecutor.java:203)
	at com.kms.katalon.core.main.TestSuiteExecutor.accessTestSuiteMainPhase(TestSuiteExecutor.java:152)
	at com.kms.katalon.core.main.TestSuiteExecutor.execute(TestSuiteExecutor.java:95)
	at com.kms.katalon.core.main.TestCaseMain.startTestSuite(TestCaseMain.java:157)
	at com.kms.katalon.core.main.TestCaseMain$startTestSuite$0.call(Unknown Source)
	at TempTestSuite1622128062646.run(TempTestSuite1622128062646.groovy:39)
Caused by: com.kms.katalon.core.webui.exception.WebElementNotFoundException: Web element with id: 'Object Repository/1612049/DirectMessage_Workspace/div_Message To Be Deleted' located by '//div[@id='post_e9bhx6anx7gkidr1bcyzhn7oco']' not found
	at com.kms.katalon.core.webui.common.WebUiCommonHelper.findWebElement(WebUiCommonHelper.java:1368)
	at com.kms.katalon.core.webui.keyword.internal.WebUIAbstractKeyword.findWebElement(WebUIAbstractKeyword.groovy:27)
	at com.kms.katalon.core.webui.keyword.internal.WebUIAbstractKeyword.findWebElement(WebUIAbstractKeyword.groovy:26)
	at com.kms.katalon.core.webui.keyword.builtin.MouseOverKeyword$_mouseOver_closure1.doCall(MouseOverKeyword.groovy:54)
	at com.kms.katalon.core.webui.keyword.builtin.MouseOverKeyword$_mouseOver_closure1.call(MouseOverKeyword.groovy)
	at com.kms.katalon.core.webui.keyword.internal.WebUIKeywordMain.runKeyword(WebUIKeywordMain.groovy:20)
	... 19 more
"/>
         <system-out><![CDATA[2021-05-27 22:30:38 - [TEST_CASE][FAILED] - Test Cases/1612049/TC43_Delete message: Test Cases/1612049/TC43_Delete message FAILED.
Reason:
com.kms.katalon.core.exception.StepFailedException: Unable to move mouse over object 'Object Repository/1612049/DirectMessage_Workspace/div_Message To Be Deleted'
	at com.kms.katalon.core.webui.keyword.internal.WebUIKeywordMain.stepFailed(WebUIKeywordMain.groovy:64)
	at com.kms.katalon.core.webui.keyword.internal.WebUIKeywordMain.runKeyword(WebUIKeywordMain.groovy:26)
	at com.kms.katalon.core.webui.keyword.builtin.MouseOverKeyword.mouseOver(MouseOverKeyword.groovy:66)
	at com.kms.katalon.core.webui.keyword.builtin.MouseOverKeyword.execute(MouseOverKeyword.groovy:40)
	at com.kms.katalon.core.keyword.internal.KeywordExecutor.executeKeywordForPlatform(KeywordExecutor.groovy:73)
	at com.kms.katalon.core.webui.keyword.WebUiBuiltInKeywords.mouseOver(WebUiBuiltInKeywords.groovy:805)
	at com.kms.katalon.core.webui.keyword.WebUiBuiltInKeywords$mouseOver$10.call(Unknown Source)
	at TC43_Delete message.run(TC43_Delete message:27)
	at com.kms.katalon.core.main.ScriptEngine.run(ScriptEngine.java:194)
	at com.kms.katalon.core.main.ScriptEngine.runScriptAsRawText(ScriptEngine.java:119)
	at com.kms.katalon.core.main.TestCaseExecutor.runScript(TestCaseExecutor.java:398)
	at com.kms.katalon.core.main.TestCaseExecutor.doExecute(TestCaseExecutor.java:389)
	at com.kms.katalon.core.main.TestCaseExecutor.processExecutionPhase(TestCaseExecutor.java:368)
	at com.kms.katalon.core.main.TestCaseExecutor.accessMainPhase(TestCaseExecutor.java:360)
	at com.kms.katalon.core.main.TestCaseExecutor.execute(TestCaseExecutor.java:255)
	at com.kms.katalon.core.main.TestSuiteExecutor.accessTestCaseMainPhase(TestSuiteExecutor.java:203)
	at com.kms.katalon.core.main.TestSuiteExecutor.accessTestSuiteMainPhase(TestSuiteExecutor.java:152)
	at com.kms.katalon.core.main.TestSuiteExecutor.execute(TestSuiteExecutor.java:95)
	at com.kms.katalon.core.main.TestCaseMain.startTestSuite(TestCaseMain.java:157)
	at com.kms.katalon.core.main.TestCaseMain$startTestSuite$0.call(Unknown Source)
	at TempTestSuite1622128062646.run(TempTestSuite1622128062646.groovy:39)
Caused by: com.kms.katalon.core.webui.exception.WebElementNotFoundException: Web element with id: 'Object Repository/1612049/DirectMessage_Workspace/div_Message To Be Deleted' located by '//div[@id='post_e9bhx6anx7gkidr1bcyzhn7oco']' not found
	at com.kms.katalon.core.webui.common.WebUiCommonHelper.findWebElement(WebUiCommonHelper.java:1368)
	at com.kms.katalon.core.webui.keyword.internal.WebUIAbstractKeyword.findWebElement(WebUIAbstractKeyword.groovy:27)
	at com.kms.katalon.core.webui.keyword.internal.WebUIAbstractKeyword.findWebElement(WebUIAbstractKeyword.groovy:26)
	at com.kms.katalon.core.webui.keyword.builtin.MouseOverKeyword$_mouseOver_closure1.doCall(MouseOverKeyword.groovy:54)
	at com.kms.katalon.core.webui.keyword.builtin.MouseOverKeyword$_mouseOver_closure1.call(MouseOverKeyword.groovy)
	at com.kms.katalon.core.webui.keyword.internal.WebUIKeywordMain.runKeyword(WebUIKeywordMain.groovy:20)
	... 19 more


2021-05-27 22:30:38 - [TEST_STEP][PASSED] - openBrowser(""): Browser is opened with url: ''

2021-05-27 22:30:38 - [MESSAGE][WARNING] - A browser is already opened. Closing browser and opening a new one

2021-05-27 22:30:40 - [MESSAGE][INFO] - Starting 'Chrome' driver

2021-05-27 22:30:40 - [MESSAGE][INFO] - Action delay is set to 0 milliseconds

2021-05-27 22:30:46 - [MESSAGE][PASSED] - Browser is opened with url: ''

2021-05-27 22:30:46 - [TEST_STEP][PASSED] - navigateToUrl("https://mattermostwebapp.herokuapp.com/"): Navigate to 'https://mattermostwebapp.herokuapp.com/' successfully

2021-05-27 22:30:50 - [MESSAGE][PASSED] - Navigate to 'https://mattermostwebapp.herokuapp.com/' successfully

2021-05-27 22:30:50 - [TEST_STEP][PASSED] - callTestCase(findTestCase("1612049/CommonTC/CTC_Login"), ["username":"jooie", "password":"6z6Vi2R3i06jbzaqW0pQ8Q=="], STOP_ON_FAILURE): Call Test Case 'Test Cases/1612049/CommonTC/CTC_Login' successfully

2021-05-27 22:30:50 - [TEST_CASE][PASSED] - Test Cases/1612049/CommonTC/CTC_Login: Test Cases/1612049/CommonTC/CTC_Login

2021-05-27 22:30:50 - [TEST_STEP][PASSED] - setText(findTestObject("Object Repository/1612049/Login_Screen/Page_Mattermost/input_All team communication in one place, _dcc84b"), username): Text 'jooie' is set on object 'Object Repository/1612049/Login_Screen/Page_Mattermost/input_All team communication in one place, _dcc84b'

2021-05-27 22:30:55 - [MESSAGE][PASSED] - Text 'jooie' is set on object 'Object Repository/1612049/Login_Screen/Page_Mattermost/input_All team communication in one place, _dcc84b'

2021-05-27 22:30:55 - [TEST_STEP][PASSED] - setEncryptedText(findTestObject("Object Repository/1612049/Login_Screen/Page_Mattermost/input_All team communication in one place, _a3edc6"), password): Text ****** has been set on object 'Object Repository/1612049/Login_Screen/Page_Mattermost/input_All team communication in one place, _a3edc6'

2021-05-27 22:30:56 - [MESSAGE][PASSED] - Text ****** has been set on object 'Object Repository/1612049/Login_Screen/Page_Mattermost/input_All team communication in one place, _a3edc6'

2021-05-27 22:30:56 - [TEST_STEP][PASSED] - click(findTestObject("Object Repository/1612049/Login_Screen/Page_Mattermost/button_Sign in")): Object: 'Object Repository/1612049/Login_Screen/Page_Mattermost/button_Sign in' is clicked on

2021-05-27 22:30:56 - [MESSAGE][PASSED] - Object: 'Object Repository/1612049/Login_Screen/Page_Mattermost/button_Sign in' is clicked on

2021-05-27 22:30:56 - [MESSAGE][PASSED] - Call Test Case 'Test Cases/1612049/CommonTC/CTC_Login' successfully

2021-05-27 22:30:56 - [TEST_STEP][FAILED] - mouseOver(findTestObject("1612049/DirectMessage_Workspace/div_Message To Be Deleted")): Unable to move mouse over object 'Object Repository/1612049/DirectMessage_Workspace/div_Message To Be Deleted' (Root cause: com.kms.katalon.core.exception.StepFailedException: Unable to move mouse over object 'Object Repository/1612049/DirectMessage_Workspace/div_Message To Be Deleted'
	at com.kms.katalon.core.webui.keyword.internal.WebUIKeywordMain.stepFailed(WebUIKeywordMain.groovy:64)
	at com.kms.katalon.core.webui.keyword.internal.WebUIKeywordMain.runKeyword(WebUIKeywordMain.groovy:26)
	at com.kms.katalon.core.webui.keyword.builtin.MouseOverKeyword.mouseOver(MouseOverKeyword.groovy:66)
	at com.kms.katalon.core.webui.keyword.builtin.MouseOverKeyword.execute(MouseOverKeyword.groovy:40)
	at com.kms.katalon.core.keyword.internal.KeywordExecutor.executeKeywordForPlatform(KeywordExecutor.groovy:73)
	at com.kms.katalon.core.webui.keyword.WebUiBuiltInKeywords.mouseOver(WebUiBuiltInKeywords.groovy:805)
	at com.kms.katalon.core.webui.keyword.WebUiBuiltInKeywords$mouseOver$10.call(Unknown Source)
	at TC43_Delete message.run(TC43_Delete message:27)
	at com.kms.katalon.core.main.ScriptEngine.run(ScriptEngine.java:194)
	at com.kms.katalon.core.main.ScriptEngine.runScriptAsRawText(ScriptEngine.java:119)
	at com.kms.katalon.core.main.TestCaseExecutor.runScript(TestCaseExecutor.java:398)
	at com.kms.katalon.core.main.TestCaseExecutor.doExecute(TestCaseExecutor.java:389)
	at com.kms.katalon.core.main.TestCaseExecutor.processExecutionPhase(TestCaseExecutor.java:368)
	at com.kms.katalon.core.main.TestCaseExecutor.accessMainPhase(TestCaseExecutor.java:360)
	at com.kms.katalon.core.main.TestCaseExecutor.execute(TestCaseExecutor.java:255)
	at com.kms.katalon.core.main.TestSuiteExecutor.accessTestCaseMainPhase(TestSuiteExecutor.java:203)
	at com.kms.katalon.core.main.TestSuiteExecutor.accessTestSuiteMainPhase(TestSuiteExecutor.java:152)
	at com.kms.katalon.core.main.TestSuiteExecutor.execute(TestSuiteExecutor.java:95)
	at com.kms.katalon.core.main.TestCaseMain.startTestSuite(TestCaseMain.java:157)
	at com.kms.katalon.core.main.TestCaseMain$startTestSuite$0.call(Unknown Source)
	at TempTestSuite1622128062646.run(TempTestSuite1622128062646.groovy:39)
Caused by: com.kms.katalon.core.webui.exception.WebElementNotFoundException: Web element with id: 'Object Repository/1612049/DirectMessage_Workspace/div_Message To Be Deleted' located by '//div[@id='post_e9bhx6anx7gkidr1bcyzhn7oco']' not found
	at com.kms.katalon.core.webui.common.WebUiCommonHelper.findWebElement(WebUiCommonHelper.java:1368)
	at com.kms.katalon.core.webui.keyword.internal.WebUIAbstractKeyword.findWebElement(WebUIAbstractKeyword.groovy:27)
	at com.kms.katalon.core.webui.keyword.internal.WebUIAbstractKeyword.findWebElement(WebUIAbstractKeyword.groovy:26)
	at com.kms.katalon.core.webui.keyword.builtin.MouseOverKeyword$_mouseOver_closure1.doCall(MouseOverKeyword.groovy:54)
	at com.kms.katalon.core.webui.keyword.builtin.MouseOverKeyword$_mouseOver_closure1.call(MouseOverKeyword.groovy)
	at com.kms.katalon.core.webui.keyword.internal.WebUIKeywordMain.runKeyword(WebUIKeywordMain.groovy:20)
	at com.kms.katalon.core.webui.keyword.builtin.MouseOverKeyword.mouseOver(MouseOverKeyword.groovy:66)
	at com.kms.katalon.core.webui.keyword.builtin.MouseOverKeyword.execute(MouseOverKeyword.groovy:40)
	at com.kms.katalon.core.keyword.internal.KeywordExecutor.executeKeywordForPlatform(KeywordExecutor.groovy:73)
	at com.kms.katalon.core.webui.keyword.WebUiBuiltInKeywords.mouseOver(WebUiBuiltInKeywords.groovy:805)
	at com.kms.katalon.core.webui.keyword.WebUiBuiltInKeywords$mouseOver$10.call(Unknown Source)
	at Script1621734376875.run(Script1621734376875.groovy:27)
	... 13 more
)

2021-05-27 22:31:27 - [MESSAGE][INFO] - Unable to find the element located by 'By.xpath: //div[@id='post_e9bhx6anx7gkidr1bcyzhn7oco']'. Please recheck the objects properties to make sure the desired element is located. 

2021-05-27 22:31:27 - [MESSAGE][FAILED] - Unable to move mouse over object 'Object Repository/1612049/DirectMessage_Workspace/div_Message To Be Deleted' (Root cause: com.kms.katalon.core.exception.StepFailedException: Unable to move mouse over object 'Object Repository/1612049/DirectMessage_Workspace/div_Message To Be Deleted'
	at com.kms.katalon.core.webui.keyword.internal.WebUIKeywordMain.stepFailed(WebUIKeywordMain.groovy:64)
	at com.kms.katalon.core.webui.keyword.internal.WebUIKeywordMain.runKeyword(WebUIKeywordMain.groovy:26)
	at com.kms.katalon.core.webui.keyword.builtin.MouseOverKeyword.mouseOver(MouseOverKeyword.groovy:66)
	at com.kms.katalon.core.webui.keyword.builtin.MouseOverKeyword.execute(MouseOverKeyword.groovy:40)
	at com.kms.katalon.core.keyword.internal.KeywordExecutor.executeKeywordForPlatform(KeywordExecutor.groovy:73)
	at com.kms.katalon.core.webui.keyword.WebUiBuiltInKeywords.mouseOver(WebUiBuiltInKeywords.groovy:805)
	at com.kms.katalon.core.webui.keyword.WebUiBuiltInKeywords$mouseOver$10.call(Unknown Source)
	at TC43_Delete message.run(TC43_Delete message:27)
	at com.kms.katalon.core.main.ScriptEngine.run(ScriptEngine.java:194)
	at com.kms.katalon.core.main.ScriptEngine.runScriptAsRawText(ScriptEngine.java:119)
	at com.kms.katalon.core.main.TestCaseExecutor.runScript(TestCaseExecutor.java:398)
	at com.kms.katalon.core.main.TestCaseExecutor.doExecute(TestCaseExecutor.java:389)
	at com.kms.katalon.core.main.TestCaseExecutor.processExecutionPhase(TestCaseExecutor.java:368)
	at com.kms.katalon.core.main.TestCaseExecutor.accessMainPhase(TestCaseExecutor.java:360)
	at com.kms.katalon.core.main.TestCaseExecutor.execute(TestCaseExecutor.java:255)
	at com.kms.katalon.core.main.TestSuiteExecutor.accessTestCaseMainPhase(TestSuiteExecutor.java:203)
	at com.kms.katalon.core.main.TestSuiteExecutor.accessTestSuiteMainPhase(TestSuiteExecutor.java:152)
	at com.kms.katalon.core.main.TestSuiteExecutor.execute(TestSuiteExecutor.java:95)
	at com.kms.katalon.core.main.TestCaseMain.startTestSuite(TestCaseMain.java:157)
	at com.kms.katalon.core.main.TestCaseMain$startTestSuite$0.call(Unknown Source)
	at TempTestSuite1622128062646.run(TempTestSuite1622128062646.groovy:39)
Caused by: com.kms.katalon.core.webui.exception.WebElementNotFoundException: Web element with id: 'Object Repository/1612049/DirectMessage_Workspace/div_Message To Be Deleted' located by '//div[@id='post_e9bhx6anx7gkidr1bcyzhn7oco']' not found
	at com.kms.katalon.core.webui.common.WebUiCommonHelper.findWebElement(WebUiCommonHelper.java:1368)
	at com.kms.katalon.core.webui.keyword.internal.WebUIAbstractKeyword.findWebElement(WebUIAbstractKeyword.groovy:27)
	at com.kms.katalon.core.webui.keyword.internal.WebUIAbstractKeyword.findWebElement(WebUIAbstractKeyword.groovy:26)
	at com.kms.katalon.core.webui.keyword.builtin.MouseOverKeyword$_mouseOver_closure1.doCall(MouseOverKeyword.groovy:54)
	at com.kms.katalon.core.webui.keyword.builtin.MouseOverKeyword$_mouseOver_closure1.call(MouseOverKeyword.groovy)
	at com.kms.katalon.core.webui.keyword.internal.WebUIKeywordMain.runKeyword(WebUIKeywordMain.groovy:20)
	at com.kms.katalon.core.webui.keyword.builtin.MouseOverKeyword.mouseOver(MouseOverKeyword.groovy:66)
	at com.kms.katalon.core.webui.keyword.builtin.MouseOverKeyword.execute(MouseOverKeyword.groovy:40)
	at com.kms.katalon.core.keyword.internal.KeywordExecutor.executeKeywordForPlatform(KeywordExecutor.groovy:73)
	at com.kms.katalon.core.webui.keyword.WebUiBuiltInKeywords.mouseOver(WebUiBuiltInKeywords.groovy:805)
	at com.kms.katalon.core.webui.keyword.WebUiBuiltInKeywords$mouseOver$10.call(Unknown Source)
	at Script1621734376875.run(Script1621734376875.groovy:27)
	... 13 more
)
[[ATTACHMENT|E:\\Tai lieu hoc\\Nam 7\\HK2\\New Topics\\Homework 2\\New folder\\Mattermost_Autotesting_2\\Mattermost_AutoTesting\\Reports\\20210527_220742\\1412263\\Run_All_Test_Cases\\20210527_220742\\1622129487797.png]]]]></system-out>
         <system-err><![CDATA[2021-05-27 22:30:38 - [TEST_CASE][FAILED] - Test Cases/1612049/TC43_Delete message: Test Cases/1612049/TC43_Delete message FAILED.
Reason:
com.kms.katalon.core.exception.StepFailedException: Unable to move mouse over object 'Object Repository/1612049/DirectMessage_Workspace/div_Message To Be Deleted'
	at com.kms.katalon.core.webui.keyword.internal.WebUIKeywordMain.stepFailed(WebUIKeywordMain.groovy:64)
	at com.kms.katalon.core.webui.keyword.internal.WebUIKeywordMain.runKeyword(WebUIKeywordMain.groovy:26)
	at com.kms.katalon.core.webui.keyword.builtin.MouseOverKeyword.mouseOver(MouseOverKeyword.groovy:66)
	at com.kms.katalon.core.webui.keyword.builtin.MouseOverKeyword.execute(MouseOverKeyword.groovy:40)
	at com.kms.katalon.core.keyword.internal.KeywordExecutor.executeKeywordForPlatform(KeywordExecutor.groovy:73)
	at com.kms.katalon.core.webui.keyword.WebUiBuiltInKeywords.mouseOver(WebUiBuiltInKeywords.groovy:805)
	at com.kms.katalon.core.webui.keyword.WebUiBuiltInKeywords$mouseOver$10.call(Unknown Source)
	at TC43_Delete message.run(TC43_Delete message:27)
	at com.kms.katalon.core.main.ScriptEngine.run(ScriptEngine.java:194)
	at com.kms.katalon.core.main.ScriptEngine.runScriptAsRawText(ScriptEngine.java:119)
	at com.kms.katalon.core.main.TestCaseExecutor.runScript(TestCaseExecutor.java:398)
	at com.kms.katalon.core.main.TestCaseExecutor.doExecute(TestCaseExecutor.java:389)
	at com.kms.katalon.core.main.TestCaseExecutor.processExecutionPhase(TestCaseExecutor.java:368)
	at com.kms.katalon.core.main.TestCaseExecutor.accessMainPhase(TestCaseExecutor.java:360)
	at com.kms.katalon.core.main.TestCaseExecutor.execute(TestCaseExecutor.java:255)
	at com.kms.katalon.core.main.TestSuiteExecutor.accessTestCaseMainPhase(TestSuiteExecutor.java:203)
	at com.kms.katalon.core.main.TestSuiteExecutor.accessTestSuiteMainPhase(TestSuiteExecutor.java:152)
	at com.kms.katalon.core.main.TestSuiteExecutor.execute(TestSuiteExecutor.java:95)
	at com.kms.katalon.core.main.TestCaseMain.startTestSuite(TestCaseMain.java:157)
	at com.kms.katalon.core.main.TestCaseMain$startTestSuite$0.call(Unknown Source)
	at TempTestSuite1622128062646.run(TempTestSuite1622128062646.groovy:39)
Caused by: com.kms.katalon.core.webui.exception.WebElementNotFoundException: Web element with id: 'Object Repository/1612049/DirectMessage_Workspace/div_Message To Be Deleted' located by '//div[@id='post_e9bhx6anx7gkidr1bcyzhn7oco']' not found
	at com.kms.katalon.core.webui.common.WebUiCommonHelper.findWebElement(WebUiCommonHelper.java:1368)
	at com.kms.katalon.core.webui.keyword.internal.WebUIAbstractKeyword.findWebElement(WebUIAbstractKeyword.groovy:27)
	at com.kms.katalon.core.webui.keyword.internal.WebUIAbstractKeyword.findWebElement(WebUIAbstractKeyword.groovy:26)
	at com.kms.katalon.core.webui.keyword.builtin.MouseOverKeyword$_mouseOver_closure1.doCall(MouseOverKeyword.groovy:54)
	at com.kms.katalon.core.webui.keyword.builtin.MouseOverKeyword$_mouseOver_closure1.call(MouseOverKeyword.groovy)
	at com.kms.katalon.core.webui.keyword.internal.WebUIKeywordMain.runKeyword(WebUIKeywordMain.groovy:20)
	... 19 more]]></system-err>
      </testcase>
      <testcase name="Test Cases/1612049/TC44_Set header for direct message" time="23.015" classname="Test Cases/1612049/TC44_Set header for direct message" status="PASSED">
         <system-out><![CDATA[2021-05-27 22:31:27 - [TEST_CASE][PASSED] - Test Cases/1612049/TC44_Set header for direct message: Test Cases/1612049/TC44_Set header for direct message

2021-05-27 22:31:28 - [TEST_STEP][PASSED] - openBrowser(""): Browser is opened with url: ''

2021-05-27 22:31:28 - [MESSAGE][WARNING] - A browser is already opened. Closing browser and opening a new one

2021-05-27 22:31:29 - [MESSAGE][INFO] - Starting 'Chrome' driver

2021-05-27 22:31:29 - [MESSAGE][INFO] - Action delay is set to 0 milliseconds

2021-05-27 22:31:33 - [MESSAGE][PASSED] - Browser is opened with url: ''

2021-05-27 22:31:33 - [TEST_STEP][PASSED] - navigateToUrl("https://mattermostwebapp.herokuapp.com/"): Navigate to 'https://mattermostwebapp.herokuapp.com/' successfully

2021-05-27 22:31:37 - [MESSAGE][PASSED] - Navigate to 'https://mattermostwebapp.herokuapp.com/' successfully

2021-05-27 22:31:37 - [TEST_STEP][PASSED] - callTestCase(findTestCase("1612049/CommonTC/CTC_Login"), ["username":"jooie", "password":"6z6Vi2R3i06jbzaqW0pQ8Q=="], STOP_ON_FAILURE): Call Test Case 'Test Cases/1612049/CommonTC/CTC_Login' successfully

2021-05-27 22:31:37 - [TEST_CASE][PASSED] - Test Cases/1612049/CommonTC/CTC_Login: Test Cases/1612049/CommonTC/CTC_Login

2021-05-27 22:31:37 - [TEST_STEP][PASSED] - setText(findTestObject("Object Repository/1612049/Login_Screen/Page_Mattermost/input_All team communication in one place, _dcc84b"), username): Text 'jooie' is set on object 'Object Repository/1612049/Login_Screen/Page_Mattermost/input_All team communication in one place, _dcc84b'

2021-05-27 22:31:42 - [MESSAGE][PASSED] - Text 'jooie' is set on object 'Object Repository/1612049/Login_Screen/Page_Mattermost/input_All team communication in one place, _dcc84b'

2021-05-27 22:31:42 - [TEST_STEP][PASSED] - setEncryptedText(findTestObject("Object Repository/1612049/Login_Screen/Page_Mattermost/input_All team communication in one place, _a3edc6"), password): Text ****** has been set on object 'Object Repository/1612049/Login_Screen/Page_Mattermost/input_All team communication in one place, _a3edc6'

2021-05-27 22:31:43 - [MESSAGE][PASSED] - Text ****** has been set on object 'Object Repository/1612049/Login_Screen/Page_Mattermost/input_All team communication in one place, _a3edc6'

2021-05-27 22:31:43 - [TEST_STEP][PASSED] - click(findTestObject("Object Repository/1612049/Login_Screen/Page_Mattermost/button_Sign in")): Object: 'Object Repository/1612049/Login_Screen/Page_Mattermost/button_Sign in' is clicked on

2021-05-27 22:31:43 - [MESSAGE][PASSED] - Object: 'Object Repository/1612049/Login_Screen/Page_Mattermost/button_Sign in' is clicked on

2021-05-27 22:31:43 - [MESSAGE][PASSED] - Call Test Case 'Test Cases/1612049/CommonTC/CTC_Login' successfully

2021-05-27 22:31:43 - [TEST_STEP][PASSED] - click(findTestObject("Object Repository/1612049/DirectMessage_Workspace/Page_Town Square - noname Mattermost/span_nghi_tran")): Object: 'Object Repository/1612049/DirectMessage_Workspace/Page_Town Square - noname Mattermost/span_nghi_tran' is clicked on

2021-05-27 22:31:48 - [MESSAGE][PASSED] - Object: 'Object Repository/1612049/DirectMessage_Workspace/Page_Town Square - noname Mattermost/span_nghi_tran' is clicked on

2021-05-27 22:31:48 - [TEST_STEP][PASSED] - click(findTestObject("Object Repository/1612049/DirectMessage_Workspace/Page_nghi_tran - noname Mattermost/button_Set a Header")): Object: 'Object Repository/1612049/DirectMessage_Workspace/Page_nghi_tran - noname Mattermost/button_Set a Header' is clicked on

2021-05-27 22:31:49 - [MESSAGE][PASSED] - Object: 'Object Repository/1612049/DirectMessage_Workspace/Page_nghi_tran - noname Mattermost/button_Set a Header' is clicked on

2021-05-27 22:31:49 - [TEST_STEP][PASSED] - setText(findTestObject("Object Repository/1612049/DirectMessage_Workspace/Page_nghi_tran - noname Mattermost/textarea_Edit the Channel Header_edit_textbox"), "Conversation"): Text 'Conversation' is set on object 'Object Repository/1612049/DirectMessage_Workspace/Page_nghi_tran - noname Mattermost/textarea_Edit the Channel Header_edit_textbox'

2021-05-27 22:31:50 - [MESSAGE][PASSED] - Text 'Conversation' is set on object 'Object Repository/1612049/DirectMessage_Workspace/Page_nghi_tran - noname Mattermost/textarea_Edit the Channel Header_edit_textbox'

2021-05-27 22:31:50 - [TEST_STEP][PASSED] - click(findTestObject("Object Repository/1612049/DirectMessage_Workspace/Page_nghi_tran - noname Mattermost/button_Save")): Object: 'Object Repository/1612049/DirectMessage_Workspace/Page_nghi_tran - noname Mattermost/button_Save' is clicked on

2021-05-27 22:31:50 - [MESSAGE][PASSED] - Object: 'Object Repository/1612049/DirectMessage_Workspace/Page_nghi_tran - noname Mattermost/button_Save' is clicked on]]></system-out>
         <system-err><![CDATA[]]></system-err>
      </testcase>
      <testcase name="Test Cases/1612049/TC45_Pin a message" time="53.99" classname="Test Cases/1612049/TC45_Pin a message" status="FAILED">
         <failure type="FAILED" message="Test Cases/1612049/TC45_Pin a message FAILED.
Reason:
com.kms.katalon.core.exception.StepFailedException: Unable to click on object 'Object Repository/1612049/DirectMessage_Workspace/btn_Pin Message'
	at com.kms.katalon.core.webui.keyword.internal.WebUIKeywordMain.stepFailed(WebUIKeywordMain.groovy:64)
	at com.kms.katalon.core.webui.keyword.internal.WebUIKeywordMain.runKeyword(WebUIKeywordMain.groovy:26)
	at com.kms.katalon.core.webui.keyword.builtin.ClickKeyword.click(ClickKeyword.groovy:75)
	at com.kms.katalon.core.webui.keyword.builtin.ClickKeyword.execute(ClickKeyword.groovy:42)
	at com.kms.katalon.core.keyword.internal.KeywordExecutor.executeKeywordForPlatform(KeywordExecutor.groovy:73)
	at com.kms.katalon.core.webui.keyword.WebUiBuiltInKeywords.click(WebUiBuiltInKeywords.groovy:619)
	at com.kms.katalon.core.webui.keyword.WebUiBuiltInKeywords$click$3.call(Unknown Source)
	at TC45_Pin a message.run(TC45_Pin a message:31)
	at com.kms.katalon.core.main.ScriptEngine.run(ScriptEngine.java:194)
	at com.kms.katalon.core.main.ScriptEngine.runScriptAsRawText(ScriptEngine.java:119)
	at com.kms.katalon.core.main.TestCaseExecutor.runScript(TestCaseExecutor.java:398)
	at com.kms.katalon.core.main.TestCaseExecutor.doExecute(TestCaseExecutor.java:389)
	at com.kms.katalon.core.main.TestCaseExecutor.processExecutionPhase(TestCaseExecutor.java:368)
	at com.kms.katalon.core.main.TestCaseExecutor.accessMainPhase(TestCaseExecutor.java:360)
	at com.kms.katalon.core.main.TestCaseExecutor.execute(TestCaseExecutor.java:255)
	at com.kms.katalon.core.main.TestSuiteExecutor.accessTestCaseMainPhase(TestSuiteExecutor.java:203)
	at com.kms.katalon.core.main.TestSuiteExecutor.accessTestSuiteMainPhase(TestSuiteExecutor.java:152)
	at com.kms.katalon.core.main.TestSuiteExecutor.execute(TestSuiteExecutor.java:95)
	at com.kms.katalon.core.main.TestCaseMain.startTestSuite(TestCaseMain.java:157)
	at com.kms.katalon.core.main.TestCaseMain$startTestSuite$0.call(Unknown Source)
	at TempTestSuite1622128062646.run(TempTestSuite1622128062646.groovy:39)
Caused by: com.kms.katalon.core.webui.exception.WebElementNotFoundException: Web element with id: 'Object Repository/1612049/DirectMessage_Workspace/btn_Pin Message' located by '//li[@id='pin_post_t1dmqmp68ifh8rw99pwqg1b1fr']/button' not found
	at com.kms.katalon.core.webui.common.WebUiCommonHelper.findWebElement(WebUiCommonHelper.java:1368)
	at com.kms.katalon.core.webui.keyword.internal.WebUIAbstractKeyword.findWebElement(WebUIAbstractKeyword.groovy:27)
	at com.kms.katalon.core.webui.keyword.internal.WebUIAbstractKeyword.findWebElement(WebUIAbstractKeyword.groovy:26)
	at com.kms.katalon.core.webui.keyword.builtin.ClickKeyword$_click_closure1.doCall(ClickKeyword.groovy:66)
	at com.kms.katalon.core.webui.keyword.builtin.ClickKeyword$_click_closure1.call(ClickKeyword.groovy)
	at com.kms.katalon.core.webui.keyword.internal.WebUIKeywordMain.runKeyword(WebUIKeywordMain.groovy:20)
	... 19 more
"/>
         <system-out><![CDATA[2021-05-27 22:31:50 - [TEST_CASE][FAILED] - Test Cases/1612049/TC45_Pin a message: Test Cases/1612049/TC45_Pin a message FAILED.
Reason:
com.kms.katalon.core.exception.StepFailedException: Unable to click on object 'Object Repository/1612049/DirectMessage_Workspace/btn_Pin Message'
	at com.kms.katalon.core.webui.keyword.internal.WebUIKeywordMain.stepFailed(WebUIKeywordMain.groovy:64)
	at com.kms.katalon.core.webui.keyword.internal.WebUIKeywordMain.runKeyword(WebUIKeywordMain.groovy:26)
	at com.kms.katalon.core.webui.keyword.builtin.ClickKeyword.click(ClickKeyword.groovy:75)
	at com.kms.katalon.core.webui.keyword.builtin.ClickKeyword.execute(ClickKeyword.groovy:42)
	at com.kms.katalon.core.keyword.internal.KeywordExecutor.executeKeywordForPlatform(KeywordExecutor.groovy:73)
	at com.kms.katalon.core.webui.keyword.WebUiBuiltInKeywords.click(WebUiBuiltInKeywords.groovy:619)
	at com.kms.katalon.core.webui.keyword.WebUiBuiltInKeywords$click$3.call(Unknown Source)
	at TC45_Pin a message.run(TC45_Pin a message:31)
	at com.kms.katalon.core.main.ScriptEngine.run(ScriptEngine.java:194)
	at com.kms.katalon.core.main.ScriptEngine.runScriptAsRawText(ScriptEngine.java:119)
	at com.kms.katalon.core.main.TestCaseExecutor.runScript(TestCaseExecutor.java:398)
	at com.kms.katalon.core.main.TestCaseExecutor.doExecute(TestCaseExecutor.java:389)
	at com.kms.katalon.core.main.TestCaseExecutor.processExecutionPhase(TestCaseExecutor.java:368)
	at com.kms.katalon.core.main.TestCaseExecutor.accessMainPhase(TestCaseExecutor.java:360)
	at com.kms.katalon.core.main.TestCaseExecutor.execute(TestCaseExecutor.java:255)
	at com.kms.katalon.core.main.TestSuiteExecutor.accessTestCaseMainPhase(TestSuiteExecutor.java:203)
	at com.kms.katalon.core.main.TestSuiteExecutor.accessTestSuiteMainPhase(TestSuiteExecutor.java:152)
	at com.kms.katalon.core.main.TestSuiteExecutor.execute(TestSuiteExecutor.java:95)
	at com.kms.katalon.core.main.TestCaseMain.startTestSuite(TestCaseMain.java:157)
	at com.kms.katalon.core.main.TestCaseMain$startTestSuite$0.call(Unknown Source)
	at TempTestSuite1622128062646.run(TempTestSuite1622128062646.groovy:39)
Caused by: com.kms.katalon.core.webui.exception.WebElementNotFoundException: Web element with id: 'Object Repository/1612049/DirectMessage_Workspace/btn_Pin Message' located by '//li[@id='pin_post_t1dmqmp68ifh8rw99pwqg1b1fr']/button' not found
	at com.kms.katalon.core.webui.common.WebUiCommonHelper.findWebElement(WebUiCommonHelper.java:1368)
	at com.kms.katalon.core.webui.keyword.internal.WebUIAbstractKeyword.findWebElement(WebUIAbstractKeyword.groovy:27)
	at com.kms.katalon.core.webui.keyword.internal.WebUIAbstractKeyword.findWebElement(WebUIAbstractKeyword.groovy:26)
	at com.kms.katalon.core.webui.keyword.builtin.ClickKeyword$_click_closure1.doCall(ClickKeyword.groovy:66)
	at com.kms.katalon.core.webui.keyword.builtin.ClickKeyword$_click_closure1.call(ClickKeyword.groovy)
	at com.kms.katalon.core.webui.keyword.internal.WebUIKeywordMain.runKeyword(WebUIKeywordMain.groovy:20)
	... 19 more


2021-05-27 22:31:51 - [TEST_STEP][PASSED] - openBrowser(""): Browser is opened with url: ''

2021-05-27 22:31:51 - [MESSAGE][WARNING] - A browser is already opened. Closing browser and opening a new one

2021-05-27 22:31:52 - [MESSAGE][INFO] - Starting 'Chrome' driver

2021-05-27 22:31:52 - [MESSAGE][INFO] - Action delay is set to 0 milliseconds

2021-05-27 22:31:56 - [MESSAGE][PASSED] - Browser is opened with url: ''

2021-05-27 22:31:56 - [TEST_STEP][PASSED] - navigateToUrl("https://mattermostwebapp.herokuapp.com/"): Navigate to 'https://mattermostwebapp.herokuapp.com/' successfully

2021-05-27 22:32:00 - [MESSAGE][PASSED] - Navigate to 'https://mattermostwebapp.herokuapp.com/' successfully

2021-05-27 22:32:00 - [TEST_STEP][PASSED] - callTestCase(findTestCase("1612049/CommonTC/CTC_Login"), ["username":"jooie", "password":"6z6Vi2R3i06jbzaqW0pQ8Q=="], STOP_ON_FAILURE): Call Test Case 'Test Cases/1612049/CommonTC/CTC_Login' successfully

2021-05-27 22:32:00 - [TEST_CASE][PASSED] - Test Cases/1612049/CommonTC/CTC_Login: Test Cases/1612049/CommonTC/CTC_Login

2021-05-27 22:32:00 - [TEST_STEP][PASSED] - setText(findTestObject("Object Repository/1612049/Login_Screen/Page_Mattermost/input_All team communication in one place, _dcc84b"), username): Text 'jooie' is set on object 'Object Repository/1612049/Login_Screen/Page_Mattermost/input_All team communication in one place, _dcc84b'

2021-05-27 22:32:06 - [MESSAGE][PASSED] - Text 'jooie' is set on object 'Object Repository/1612049/Login_Screen/Page_Mattermost/input_All team communication in one place, _dcc84b'

2021-05-27 22:32:06 - [TEST_STEP][PASSED] - setEncryptedText(findTestObject("Object Repository/1612049/Login_Screen/Page_Mattermost/input_All team communication in one place, _a3edc6"), password): Text ****** has been set on object 'Object Repository/1612049/Login_Screen/Page_Mattermost/input_All team communication in one place, _a3edc6'

2021-05-27 22:32:06 - [MESSAGE][PASSED] - Text ****** has been set on object 'Object Repository/1612049/Login_Screen/Page_Mattermost/input_All team communication in one place, _a3edc6'

2021-05-27 22:32:06 - [TEST_STEP][PASSED] - click(findTestObject("Object Repository/1612049/Login_Screen/Page_Mattermost/button_Sign in")): Object: 'Object Repository/1612049/Login_Screen/Page_Mattermost/button_Sign in' is clicked on

2021-05-27 22:32:07 - [MESSAGE][PASSED] - Object: 'Object Repository/1612049/Login_Screen/Page_Mattermost/button_Sign in' is clicked on

2021-05-27 22:32:07 - [MESSAGE][PASSED] - Call Test Case 'Test Cases/1612049/CommonTC/CTC_Login' successfully

2021-05-27 22:32:07 - [TEST_STEP][PASSED] - mouseOver(findTestObject("1612049/DirectMessage_Workspace/div_Message To Be Pinned")): Object: 'Object Repository/1612049/DirectMessage_Workspace/div_Message To Be Pinned' is hovered

2021-05-27 22:32:12 - [MESSAGE][PASSED] - Object: 'Object Repository/1612049/DirectMessage_Workspace/div_Message To Be Pinned' is hovered

2021-05-27 22:32:12 - [TEST_STEP][PASSED] - click(findTestObject("1612049/DirectMessage_Workspace/btn_More Action Of Pin TC")): Object: 'Object Repository/1612049/DirectMessage_Workspace/btn_More Action Of Pin TC' is clicked on

2021-05-27 22:32:13 - [MESSAGE][PASSED] - Object: 'Object Repository/1612049/DirectMessage_Workspace/btn_More Action Of Pin TC' is clicked on

2021-05-27 22:32:13 - [TEST_STEP][FAILED] - click(findTestObject("1612049/DirectMessage_Workspace/btn_Pin Message")): Unable to click on object 'Object Repository/1612049/DirectMessage_Workspace/btn_Pin Message' (Root cause: com.kms.katalon.core.exception.StepFailedException: Unable to click on object 'Object Repository/1612049/DirectMessage_Workspace/btn_Pin Message'
	at com.kms.katalon.core.webui.keyword.internal.WebUIKeywordMain.stepFailed(WebUIKeywordMain.groovy:64)
	at com.kms.katalon.core.webui.keyword.internal.WebUIKeywordMain.runKeyword(WebUIKeywordMain.groovy:26)
	at com.kms.katalon.core.webui.keyword.builtin.ClickKeyword.click(ClickKeyword.groovy:75)
	at com.kms.katalon.core.webui.keyword.builtin.ClickKeyword.execute(ClickKeyword.groovy:42)
	at com.kms.katalon.core.keyword.internal.KeywordExecutor.executeKeywordForPlatform(KeywordExecutor.groovy:73)
	at com.kms.katalon.core.webui.keyword.WebUiBuiltInKeywords.click(WebUiBuiltInKeywords.groovy:619)
	at com.kms.katalon.core.webui.keyword.WebUiBuiltInKeywords$click$3.call(Unknown Source)
	at TC45_Pin a message.run(TC45_Pin a message:31)
	at com.kms.katalon.core.main.ScriptEngine.run(ScriptEngine.java:194)
	at com.kms.katalon.core.main.ScriptEngine.runScriptAsRawText(ScriptEngine.java:119)
	at com.kms.katalon.core.main.TestCaseExecutor.runScript(TestCaseExecutor.java:398)
	at com.kms.katalon.core.main.TestCaseExecutor.doExecute(TestCaseExecutor.java:389)
	at com.kms.katalon.core.main.TestCaseExecutor.processExecutionPhase(TestCaseExecutor.java:368)
	at com.kms.katalon.core.main.TestCaseExecutor.accessMainPhase(TestCaseExecutor.java:360)
	at com.kms.katalon.core.main.TestCaseExecutor.execute(TestCaseExecutor.java:255)
	at com.kms.katalon.core.main.TestSuiteExecutor.accessTestCaseMainPhase(TestSuiteExecutor.java:203)
	at com.kms.katalon.core.main.TestSuiteExecutor.accessTestSuiteMainPhase(TestSuiteExecutor.java:152)
	at com.kms.katalon.core.main.TestSuiteExecutor.execute(TestSuiteExecutor.java:95)
	at com.kms.katalon.core.main.TestCaseMain.startTestSuite(TestCaseMain.java:157)
	at com.kms.katalon.core.main.TestCaseMain$startTestSuite$0.call(Unknown Source)
	at TempTestSuite1622128062646.run(TempTestSuite1622128062646.groovy:39)
Caused by: com.kms.katalon.core.webui.exception.WebElementNotFoundException: Web element with id: 'Object Repository/1612049/DirectMessage_Workspace/btn_Pin Message' located by '//li[@id='pin_post_t1dmqmp68ifh8rw99pwqg1b1fr']/button' not found
	at com.kms.katalon.core.webui.common.WebUiCommonHelper.findWebElement(WebUiCommonHelper.java:1368)
	at com.kms.katalon.core.webui.keyword.internal.WebUIAbstractKeyword.findWebElement(WebUIAbstractKeyword.groovy:27)
	at com.kms.katalon.core.webui.keyword.internal.WebUIAbstractKeyword.findWebElement(WebUIAbstractKeyword.groovy:26)
	at com.kms.katalon.core.webui.keyword.builtin.ClickKeyword$_click_closure1.doCall(ClickKeyword.groovy:66)
	at com.kms.katalon.core.webui.keyword.builtin.ClickKeyword$_click_closure1.call(ClickKeyword.groovy)
	at com.kms.katalon.core.webui.keyword.internal.WebUIKeywordMain.runKeyword(WebUIKeywordMain.groovy:20)
	at com.kms.katalon.core.webui.keyword.builtin.ClickKeyword.click(ClickKeyword.groovy:75)
	at com.kms.katalon.core.webui.keyword.builtin.ClickKeyword.execute(ClickKeyword.groovy:42)
	at com.kms.katalon.core.keyword.internal.KeywordExecutor.executeKeywordForPlatform(KeywordExecutor.groovy:73)
	at com.kms.katalon.core.webui.keyword.WebUiBuiltInKeywords.click(WebUiBuiltInKeywords.groovy:619)
	at com.kms.katalon.core.webui.keyword.WebUiBuiltInKeywords$click$3.call(Unknown Source)
	at Script1621735642887.run(Script1621735642887.groovy:31)
	... 13 more
)

2021-05-27 22:32:44 - [MESSAGE][INFO] - Unable to find the element located by 'By.xpath: //li[@id='pin_post_t1dmqmp68ifh8rw99pwqg1b1fr']/button'. Please recheck the objects properties to make sure the desired element is located. 

2021-05-27 22:32:44 - [MESSAGE][FAILED] - Unable to click on object 'Object Repository/1612049/DirectMessage_Workspace/btn_Pin Message' (Root cause: com.kms.katalon.core.exception.StepFailedException: Unable to click on object 'Object Repository/1612049/DirectMessage_Workspace/btn_Pin Message'
	at com.kms.katalon.core.webui.keyword.internal.WebUIKeywordMain.stepFailed(WebUIKeywordMain.groovy:64)
	at com.kms.katalon.core.webui.keyword.internal.WebUIKeywordMain.runKeyword(WebUIKeywordMain.groovy:26)
	at com.kms.katalon.core.webui.keyword.builtin.ClickKeyword.click(ClickKeyword.groovy:75)
	at com.kms.katalon.core.webui.keyword.builtin.ClickKeyword.execute(ClickKeyword.groovy:42)
	at com.kms.katalon.core.keyword.internal.KeywordExecutor.executeKeywordForPlatform(KeywordExecutor.groovy:73)
	at com.kms.katalon.core.webui.keyword.WebUiBuiltInKeywords.click(WebUiBuiltInKeywords.groovy:619)
	at com.kms.katalon.core.webui.keyword.WebUiBuiltInKeywords$click$3.call(Unknown Source)
	at TC45_Pin a message.run(TC45_Pin a message:31)
	at com.kms.katalon.core.main.ScriptEngine.run(ScriptEngine.java:194)
	at com.kms.katalon.core.main.ScriptEngine.runScriptAsRawText(ScriptEngine.java:119)
	at com.kms.katalon.core.main.TestCaseExecutor.runScript(TestCaseExecutor.java:398)
	at com.kms.katalon.core.main.TestCaseExecutor.doExecute(TestCaseExecutor.java:389)
	at com.kms.katalon.core.main.TestCaseExecutor.processExecutionPhase(TestCaseExecutor.java:368)
	at com.kms.katalon.core.main.TestCaseExecutor.accessMainPhase(TestCaseExecutor.java:360)
	at com.kms.katalon.core.main.TestCaseExecutor.execute(TestCaseExecutor.java:255)
	at com.kms.katalon.core.main.TestSuiteExecutor.accessTestCaseMainPhase(TestSuiteExecutor.java:203)
	at com.kms.katalon.core.main.TestSuiteExecutor.accessTestSuiteMainPhase(TestSuiteExecutor.java:152)
	at com.kms.katalon.core.main.TestSuiteExecutor.execute(TestSuiteExecutor.java:95)
	at com.kms.katalon.core.main.TestCaseMain.startTestSuite(TestCaseMain.java:157)
	at com.kms.katalon.core.main.TestCaseMain$startTestSuite$0.call(Unknown Source)
	at TempTestSuite1622128062646.run(TempTestSuite1622128062646.groovy:39)
Caused by: com.kms.katalon.core.webui.exception.WebElementNotFoundException: Web element with id: 'Object Repository/1612049/DirectMessage_Workspace/btn_Pin Message' located by '//li[@id='pin_post_t1dmqmp68ifh8rw99pwqg1b1fr']/button' not found
	at com.kms.katalon.core.webui.common.WebUiCommonHelper.findWebElement(WebUiCommonHelper.java:1368)
	at com.kms.katalon.core.webui.keyword.internal.WebUIAbstractKeyword.findWebElement(WebUIAbstractKeyword.groovy:27)
	at com.kms.katalon.core.webui.keyword.internal.WebUIAbstractKeyword.findWebElement(WebUIAbstractKeyword.groovy:26)
	at com.kms.katalon.core.webui.keyword.builtin.ClickKeyword$_click_closure1.doCall(ClickKeyword.groovy:66)
	at com.kms.katalon.core.webui.keyword.builtin.ClickKeyword$_click_closure1.call(ClickKeyword.groovy)
	at com.kms.katalon.core.webui.keyword.internal.WebUIKeywordMain.runKeyword(WebUIKeywordMain.groovy:20)
	at com.kms.katalon.core.webui.keyword.builtin.ClickKeyword.click(ClickKeyword.groovy:75)
	at com.kms.katalon.core.webui.keyword.builtin.ClickKeyword.execute(ClickKeyword.groovy:42)
	at com.kms.katalon.core.keyword.internal.KeywordExecutor.executeKeywordForPlatform(KeywordExecutor.groovy:73)
	at com.kms.katalon.core.webui.keyword.WebUiBuiltInKeywords.click(WebUiBuiltInKeywords.groovy:619)
	at com.kms.katalon.core.webui.keyword.WebUiBuiltInKeywords$click$3.call(Unknown Source)
	at Script1621735642887.run(Script1621735642887.groovy:31)
	... 13 more
)
[[ATTACHMENT|E:\\Tai lieu hoc\\Nam 7\\HK2\\New Topics\\Homework 2\\New folder\\Mattermost_Autotesting_2\\Mattermost_AutoTesting\\Reports\\20210527_220742\\1412263\\Run_All_Test_Cases\\20210527_220742\\1622129564792.png]]]]></system-out>
         <system-err><![CDATA[2021-05-27 22:31:50 - [TEST_CASE][FAILED] - Test Cases/1612049/TC45_Pin a message: Test Cases/1612049/TC45_Pin a message FAILED.
Reason:
com.kms.katalon.core.exception.StepFailedException: Unable to click on object 'Object Repository/1612049/DirectMessage_Workspace/btn_Pin Message'
	at com.kms.katalon.core.webui.keyword.internal.WebUIKeywordMain.stepFailed(WebUIKeywordMain.groovy:64)
	at com.kms.katalon.core.webui.keyword.internal.WebUIKeywordMain.runKeyword(WebUIKeywordMain.groovy:26)
	at com.kms.katalon.core.webui.keyword.builtin.ClickKeyword.click(ClickKeyword.groovy:75)
	at com.kms.katalon.core.webui.keyword.builtin.ClickKeyword.execute(ClickKeyword.groovy:42)
	at com.kms.katalon.core.keyword.internal.KeywordExecutor.executeKeywordForPlatform(KeywordExecutor.groovy:73)
	at com.kms.katalon.core.webui.keyword.WebUiBuiltInKeywords.click(WebUiBuiltInKeywords.groovy:619)
	at com.kms.katalon.core.webui.keyword.WebUiBuiltInKeywords$click$3.call(Unknown Source)
	at TC45_Pin a message.run(TC45_Pin a message:31)
	at com.kms.katalon.core.main.ScriptEngine.run(ScriptEngine.java:194)
	at com.kms.katalon.core.main.ScriptEngine.runScriptAsRawText(ScriptEngine.java:119)
	at com.kms.katalon.core.main.TestCaseExecutor.runScript(TestCaseExecutor.java:398)
	at com.kms.katalon.core.main.TestCaseExecutor.doExecute(TestCaseExecutor.java:389)
	at com.kms.katalon.core.main.TestCaseExecutor.processExecutionPhase(TestCaseExecutor.java:368)
	at com.kms.katalon.core.main.TestCaseExecutor.accessMainPhase(TestCaseExecutor.java:360)
	at com.kms.katalon.core.main.TestCaseExecutor.execute(TestCaseExecutor.java:255)
	at com.kms.katalon.core.main.TestSuiteExecutor.accessTestCaseMainPhase(TestSuiteExecutor.java:203)
	at com.kms.katalon.core.main.TestSuiteExecutor.accessTestSuiteMainPhase(TestSuiteExecutor.java:152)
	at com.kms.katalon.core.main.TestSuiteExecutor.execute(TestSuiteExecutor.java:95)
	at com.kms.katalon.core.main.TestCaseMain.startTestSuite(TestCaseMain.java:157)
	at com.kms.katalon.core.main.TestCaseMain$startTestSuite$0.call(Unknown Source)
	at TempTestSuite1622128062646.run(TempTestSuite1622128062646.groovy:39)
Caused by: com.kms.katalon.core.webui.exception.WebElementNotFoundException: Web element with id: 'Object Repository/1612049/DirectMessage_Workspace/btn_Pin Message' located by '//li[@id='pin_post_t1dmqmp68ifh8rw99pwqg1b1fr']/button' not found
	at com.kms.katalon.core.webui.common.WebUiCommonHelper.findWebElement(WebUiCommonHelper.java:1368)
	at com.kms.katalon.core.webui.keyword.internal.WebUIAbstractKeyword.findWebElement(WebUIAbstractKeyword.groovy:27)
	at com.kms.katalon.core.webui.keyword.internal.WebUIAbstractKeyword.findWebElement(WebUIAbstractKeyword.groovy:26)
	at com.kms.katalon.core.webui.keyword.builtin.ClickKeyword$_click_closure1.doCall(ClickKeyword.groovy:66)
	at com.kms.katalon.core.webui.keyword.builtin.ClickKeyword$_click_closure1.call(ClickKeyword.groovy)
	at com.kms.katalon.core.webui.keyword.internal.WebUIKeywordMain.runKeyword(WebUIKeywordMain.groovy:20)
	... 19 more]]></system-err>
      </testcase>
      <testcase name="Test Cases/1712666/TC48_SaveMessage" time="27.919" classname="Test Cases/1712666/TC48_SaveMessage" status="PASSED">
         <system-out><![CDATA[2021-05-27 22:32:44 - [TEST_CASE][PASSED] - Test Cases/1712666/TC48_SaveMessage: Test Cases/1712666/TC48_SaveMessage

2021-05-27 22:32:45 - [TEST_STEP][PASSED] - openBrowser(""): Browser is opened with url: ''

2021-05-27 22:32:45 - [MESSAGE][WARNING] - A browser is already opened. Closing browser and opening a new one

2021-05-27 22:32:47 - [MESSAGE][INFO] - Starting 'Chrome' driver

2021-05-27 22:32:47 - [MESSAGE][INFO] - Action delay is set to 0 milliseconds

2021-05-27 22:32:52 - [MESSAGE][PASSED] - Browser is opened with url: ''

2021-05-27 22:32:52 - [TEST_STEP][PASSED] - navigateToUrl("https://mattermostwebapp.herokuapp.com/"): Navigate to 'https://mattermostwebapp.herokuapp.com/' successfully

2021-05-27 22:32:57 - [MESSAGE][PASSED] - Navigate to 'https://mattermostwebapp.herokuapp.com/' successfully

2021-05-27 22:32:57 - [TEST_STEP][PASSED] - callTestCase(findTestCase("1712666/CommonTC/CTC_Login"), ["var_username":"phuc", "var_password":"CSt51UwWECc="]): Call Test Case 'Test Cases/1712666/CommonTC/CTC_Login' successfully

2021-05-27 22:32:57 - [TEST_CASE][PASSED] - Test Cases/1712666/CommonTC/CTC_Login: Test Cases/1712666/CommonTC/CTC_Login

2021-05-27 22:32:57 - [TEST_STEP][PASSED] - setText(findTestObject("Object Repository/1412263_Page_Mattermost/input_All team communication in one place, _dcc84b"), var_username): Text 'phuc' is set on object 'Object Repository/1412263_Page_Mattermost/input_All team communication in one place, _dcc84b'

2021-05-27 22:33:02 - [MESSAGE][PASSED] - Text 'phuc' is set on object 'Object Repository/1412263_Page_Mattermost/input_All team communication in one place, _dcc84b'

2021-05-27 22:33:02 - [TEST_STEP][PASSED] - setEncryptedText(findTestObject("Object Repository/1412263_Page_Mattermost/input_All team communication in one place, _a3edc6"), var_password): Text ****** has been set on object 'Object Repository/1412263_Page_Mattermost/input_All team communication in one place, _a3edc6'

2021-05-27 22:33:03 - [MESSAGE][PASSED] - Text ****** has been set on object 'Object Repository/1412263_Page_Mattermost/input_All team communication in one place, _a3edc6'

2021-05-27 22:33:03 - [TEST_STEP][PASSED] - click(findTestObject("Object Repository/1412263_Page_Mattermost/span_Sign in")): Object: 'Object Repository/1412263_Page_Mattermost/span_Sign in' is clicked on

2021-05-27 22:33:03 - [MESSAGE][PASSED] - Object: 'Object Repository/1412263_Page_Mattermost/span_Sign in' is clicked on

2021-05-27 22:33:03 - [MESSAGE][PASSED] - Call Test Case 'Test Cases/1712666/CommonTC/CTC_Login' successfully

2021-05-27 22:33:03 - [TEST_STEP][PASSED] - setText(findTestObject("Page_Town Square - noname Mattermost/textarea_Write to Town Square_post_textbox"), "save message"): Text 'save message' is set on object 'Object Repository/Page_Town Square - noname Mattermost/textarea_Write to Town Square_post_textbox'

2021-05-27 22:33:08 - [MESSAGE][PASSED] - Text 'save message' is set on object 'Object Repository/Page_Town Square - noname Mattermost/textarea_Write to Town Square_post_textbox'

2021-05-27 22:33:08 - [TEST_STEP][PASSED] - sendKeys(findTestObject("Page_Town Square - noname Mattermost/textarea_Write to Town Square_post_textbox"), Keys.chord(ENTER)): Keys 'ENTER + ' sent to object: 'Object Repository/Page_Town Square - noname Mattermost/textarea_Write to Town Square_post_textbox'

2021-05-27 22:33:08 - [MESSAGE][PASSED] - Keys 'ENTER + ' sent to object: 'Object Repository/Page_Town Square - noname Mattermost/textarea_Write to Town Square_post_textbox'

2021-05-27 22:33:08 - [TEST_STEP][PASSED] - click(findTestObject("Page_Town Square - noname Mattermost/p_a")): Object: 'Object Repository/Page_Town Square - noname Mattermost/p_a' is clicked on

2021-05-27 22:33:09 - [MESSAGE][PASSED] - Object: 'Object Repository/Page_Town Square - noname Mattermost/p_a' is clicked on

2021-05-27 22:33:09 - [TEST_STEP][PASSED] - click(findTestObject("Object Repository/Page_Town Square - noname Mattermost/button_phuc_CENTER_flagIcon_6g89c38yzffg7fh_29b705")): Object: 'Object Repository/Page_Town Square - noname Mattermost/button_phuc_CENTER_flagIcon_6g89c38yzffg7fh_29b705' is clicked on

2021-05-27 22:33:10 - [MESSAGE][PASSED] - Object: 'Object Repository/Page_Town Square - noname Mattermost/button_phuc_CENTER_flagIcon_6g89c38yzffg7fh_29b705' is clicked on

2021-05-27 22:33:10 - [TEST_STEP][PASSED] - savedTag = getText(findTestObject("Object Repository/Page_Town Square - noname Mattermost/saved_tag")): Text of object 'Object Repository/Page_Town Square - noname Mattermost/saved_tag' is: 'Saved'

2021-05-27 22:33:11 - [MESSAGE][PASSED] - Text of object 'Object Repository/Page_Town Square - noname Mattermost/saved_tag' is: 'Saved'

2021-05-27 22:33:11 - [TEST_STEP][PASSED] - if (savedTag != "Saved"): null

2021-05-27 22:33:11 - [TEST_STEP][PASSED] - closeBrowser(): Browser is closed

2021-05-27 22:33:12 - [MESSAGE][PASSED] - Browser is closed]]></system-out>
         <system-err><![CDATA[]]></system-err>
      </testcase>
      <testcase name="Test Cases/1712666/TC49_RemoveSaveMessage" time="27.438" classname="Test Cases/1712666/TC49_RemoveSaveMessage" status="PASSED">
         <system-out><![CDATA[2021-05-27 22:33:12 - [TEST_CASE][PASSED] - Test Cases/1712666/TC49_RemoveSaveMessage: Test Cases/1712666/TC49_RemoveSaveMessage

2021-05-27 22:33:13 - [TEST_STEP][PASSED] - openBrowser(""): Browser is opened with url: ''

2021-05-27 22:33:13 - [MESSAGE][INFO] - Starting 'Chrome' driver

2021-05-27 22:33:13 - [MESSAGE][INFO] - Action delay is set to 0 milliseconds

2021-05-27 22:33:18 - [MESSAGE][PASSED] - Browser is opened with url: ''

2021-05-27 22:33:18 - [TEST_STEP][PASSED] - navigateToUrl("https://mattermostwebapp.herokuapp.com/"): Navigate to 'https://mattermostwebapp.herokuapp.com/' successfully

2021-05-27 22:33:24 - [MESSAGE][PASSED] - Navigate to 'https://mattermostwebapp.herokuapp.com/' successfully

2021-05-27 22:33:24 - [TEST_STEP][PASSED] - callTestCase(findTestCase("1712666/CommonTC/CTC_Login"), ["var_username":"phuc", "var_password":"CSt51UwWECc="]): Call Test Case 'Test Cases/1712666/CommonTC/CTC_Login' successfully

2021-05-27 22:33:24 - [TEST_CASE][PASSED] - Test Cases/1712666/CommonTC/CTC_Login: Test Cases/1712666/CommonTC/CTC_Login

2021-05-27 22:33:24 - [TEST_STEP][PASSED] - setText(findTestObject("Object Repository/1412263_Page_Mattermost/input_All team communication in one place, _dcc84b"), var_username): Text 'phuc' is set on object 'Object Repository/1412263_Page_Mattermost/input_All team communication in one place, _dcc84b'

2021-05-27 22:33:29 - [MESSAGE][PASSED] - Text 'phuc' is set on object 'Object Repository/1412263_Page_Mattermost/input_All team communication in one place, _dcc84b'

2021-05-27 22:33:29 - [TEST_STEP][PASSED] - setEncryptedText(findTestObject("Object Repository/1412263_Page_Mattermost/input_All team communication in one place, _a3edc6"), var_password): Text ****** has been set on object 'Object Repository/1412263_Page_Mattermost/input_All team communication in one place, _a3edc6'

2021-05-27 22:33:29 - [MESSAGE][PASSED] - Text ****** has been set on object 'Object Repository/1412263_Page_Mattermost/input_All team communication in one place, _a3edc6'

2021-05-27 22:33:29 - [TEST_STEP][PASSED] - click(findTestObject("Object Repository/1412263_Page_Mattermost/span_Sign in")): Object: 'Object Repository/1412263_Page_Mattermost/span_Sign in' is clicked on

2021-05-27 22:33:30 - [MESSAGE][PASSED] - Object: 'Object Repository/1412263_Page_Mattermost/span_Sign in' is clicked on

2021-05-27 22:33:30 - [MESSAGE][PASSED] - Call Test Case 'Test Cases/1712666/CommonTC/CTC_Login' successfully

2021-05-27 22:33:30 - [TEST_STEP][PASSED] - callTestCase(findTestCase("1712666/CommonTC/CTC_SaveMessage"), [:]): Call Test Case 'Test Cases/1712666/CommonTC/CTC_SaveMessage' successfully

2021-05-27 22:33:30 - [TEST_CASE][PASSED] - Test Cases/1712666/CommonTC/CTC_SaveMessage: Test Cases/1712666/CommonTC/CTC_SaveMessage

2021-05-27 22:33:30 - [TEST_STEP][PASSED] - setText(findTestObject("Page_Town Square - noname Mattermost/textarea_Write to Town Square_post_textbox"), "save message"): Text 'save message' is set on object 'Object Repository/Page_Town Square - noname Mattermost/textarea_Write to Town Square_post_textbox'

2021-05-27 22:33:34 - [MESSAGE][PASSED] - Text 'save message' is set on object 'Object Repository/Page_Town Square - noname Mattermost/textarea_Write to Town Square_post_textbox'

2021-05-27 22:33:34 - [TEST_STEP][PASSED] - sendKeys(findTestObject("Page_Town Square - noname Mattermost/textarea_Write to Town Square_post_textbox"), Keys.chord(ENTER)): Keys 'ENTER + ' sent to object: 'Object Repository/Page_Town Square - noname Mattermost/textarea_Write to Town Square_post_textbox'

2021-05-27 22:33:35 - [MESSAGE][PASSED] - Keys 'ENTER + ' sent to object: 'Object Repository/Page_Town Square - noname Mattermost/textarea_Write to Town Square_post_textbox'

2021-05-27 22:33:35 - [TEST_STEP][PASSED] - click(findTestObject("Page_Town Square - noname Mattermost/p_a")): Object: 'Object Repository/Page_Town Square - noname Mattermost/p_a' is clicked on

2021-05-27 22:33:35 - [MESSAGE][PASSED] - Object: 'Object Repository/Page_Town Square - noname Mattermost/p_a' is clicked on

2021-05-27 22:33:35 - [TEST_STEP][PASSED] - click(findTestObject("Object Repository/Page_Town Square - noname Mattermost/button_phuc_CENTER_flagIcon_6g89c38yzffg7fh_29b705")): Object: 'Object Repository/Page_Town Square - noname Mattermost/button_phuc_CENTER_flagIcon_6g89c38yzffg7fh_29b705' is clicked on

2021-05-27 22:33:36 - [MESSAGE][PASSED] - Object: 'Object Repository/Page_Town Square - noname Mattermost/button_phuc_CENTER_flagIcon_6g89c38yzffg7fh_29b705' is clicked on

2021-05-27 22:33:36 - [TEST_STEP][PASSED] - savedTag = getText(findTestObject("Object Repository/Page_Town Square - noname Mattermost/saved_tag")): Text of object 'Object Repository/Page_Town Square - noname Mattermost/saved_tag' is: 'Saved'

2021-05-27 22:33:37 - [MESSAGE][PASSED] - Text of object 'Object Repository/Page_Town Square - noname Mattermost/saved_tag' is: 'Saved'

2021-05-27 22:33:37 - [TEST_STEP][PASSED] - if (savedTag != "Saved"): null

2021-05-27 22:33:37 - [MESSAGE][PASSED] - Call Test Case 'Test Cases/1712666/CommonTC/CTC_SaveMessage' successfully

2021-05-27 22:33:37 - [TEST_STEP][PASSED] - click(findTestObject("Page_Town Square - noname Mattermost/p_a")): Object: 'Object Repository/Page_Town Square - noname Mattermost/p_a' is clicked on

2021-05-27 22:33:37 - [MESSAGE][PASSED] - Object: 'Object Repository/Page_Town Square - noname Mattermost/p_a' is clicked on

2021-05-27 22:33:37 - [TEST_STEP][PASSED] - click(findTestObject("Object Repository/Page_Town Square - noname Mattermost/button_unsaved")): Object: 'Object Repository/Page_Town Square - noname Mattermost/button_unsaved' is clicked on

2021-05-27 22:33:38 - [MESSAGE][PASSED] - Object: 'Object Repository/Page_Town Square - noname Mattermost/button_unsaved' is clicked on

2021-05-27 22:33:38 - [TEST_STEP][PASSED] - verifyElementNotPresent(findTestObject("Object Repository/Page_Town Square - noname Mattermost/saved_tag"), 5): Web element with id: 'Object Repository/Page_Town Square - noname Mattermost/saved_tag' located by 'By.xpath: //div[@class="post-list__dynamic"]//div[@style="position: relative;"][last()]//span[text()='Saved']' is not present after '5' second(s)

2021-05-27 22:33:39 - [MESSAGE][PASSED] - Web element with id: 'Object Repository/Page_Town Square - noname Mattermost/saved_tag' located by 'By.xpath: //div[@class="post-list__dynamic"]//div[@style="position: relative;"][last()]//span[text()='Saved']' is not present after '5' second(s)

2021-05-27 22:33:39 - [TEST_STEP][PASSED] - closeBrowser(): Browser is closed

2021-05-27 22:33:40 - [MESSAGE][PASSED] - Browser is closed]]></system-out>
         <system-err><![CDATA[]]></system-err>
      </testcase>
      <testcase name="Test Cases/1712666/TC50_SendFile" time="25.973" classname="Test Cases/1712666/TC50_SendFile" status="PASSED">
         <system-out><![CDATA[2021-05-27 22:33:40 - [TEST_CASE][PASSED] - Test Cases/1712666/TC50_SendFile: Test Cases/1712666/TC50_SendFile

2021-05-27 22:33:40 - [TEST_STEP][PASSED] - openBrowser(""): Browser is opened with url: ''

2021-05-27 22:33:40 - [MESSAGE][INFO] - Starting 'Chrome' driver

2021-05-27 22:33:40 - [MESSAGE][INFO] - Action delay is set to 0 milliseconds

2021-05-27 22:33:45 - [MESSAGE][PASSED] - Browser is opened with url: ''

2021-05-27 22:33:45 - [TEST_STEP][PASSED] - navigateToUrl("https://mattermostwebapp.herokuapp.com/"): Navigate to 'https://mattermostwebapp.herokuapp.com/' successfully

2021-05-27 22:33:49 - [MESSAGE][PASSED] - Navigate to 'https://mattermostwebapp.herokuapp.com/' successfully

2021-05-27 22:33:49 - [TEST_STEP][PASSED] - callTestCase(findTestCase("1712666/CommonTC/CTC_Login"), ["var_username":"phuc", "var_password":"CSt51UwWECc="]): Call Test Case 'Test Cases/1712666/CommonTC/CTC_Login' successfully

2021-05-27 22:33:49 - [TEST_CASE][PASSED] - Test Cases/1712666/CommonTC/CTC_Login: Test Cases/1712666/CommonTC/CTC_Login

2021-05-27 22:33:49 - [TEST_STEP][PASSED] - setText(findTestObject("Object Repository/1412263_Page_Mattermost/input_All team communication in one place, _dcc84b"), var_username): Text 'phuc' is set on object 'Object Repository/1412263_Page_Mattermost/input_All team communication in one place, _dcc84b'

2021-05-27 22:33:55 - [MESSAGE][PASSED] - Text 'phuc' is set on object 'Object Repository/1412263_Page_Mattermost/input_All team communication in one place, _dcc84b'

2021-05-27 22:33:55 - [TEST_STEP][PASSED] - setEncryptedText(findTestObject("Object Repository/1412263_Page_Mattermost/input_All team communication in one place, _a3edc6"), var_password): Text ****** has been set on object 'Object Repository/1412263_Page_Mattermost/input_All team communication in one place, _a3edc6'

2021-05-27 22:33:55 - [MESSAGE][PASSED] - Text ****** has been set on object 'Object Repository/1412263_Page_Mattermost/input_All team communication in one place, _a3edc6'

2021-05-27 22:33:55 - [TEST_STEP][PASSED] - click(findTestObject("Object Repository/1412263_Page_Mattermost/span_Sign in")): Object: 'Object Repository/1412263_Page_Mattermost/span_Sign in' is clicked on

2021-05-27 22:33:56 - [MESSAGE][PASSED] - Object: 'Object Repository/1412263_Page_Mattermost/span_Sign in' is clicked on

2021-05-27 22:33:56 - [MESSAGE][PASSED] - Call Test Case 'Test Cases/1712666/CommonTC/CTC_Login' successfully

2021-05-27 22:33:56 - [TEST_STEP][PASSED] - userDir = System.getProperty("user.dir"): null

2021-05-27 22:33:56 - [TEST_STEP][PASSED] - filePath = userDir + "\Excels\DataCreateATeam.xlsx": null

2021-05-27 22:33:56 - [TEST_STEP][PASSED] - uploadFile(findTestObject("Object Repository/Page_Town Square - noname Mattermost/input_upload"), filePath): File 'E:\Tai lieu hoc\Nam 7\HK2\New Topics\Homework 2\New folder\Mattermost_Autotesting_2\Mattermost_AutoTesting\Excels\DataCreateATeam.xlsx' sent to object: 'Object Repository/Page_Town Square - noname Mattermost/input_upload'

2021-05-27 22:34:02 - [MESSAGE][PASSED] - File 'E:\Tai lieu hoc\Nam 7\HK2\New Topics\Homework 2\New folder\Mattermost_Autotesting_2\Mattermost_AutoTesting\Excels\DataCreateATeam.xlsx' sent to object: 'Object Repository/Page_Town Square - noname Mattermost/input_upload'

2021-05-27 22:34:02 - [TEST_STEP][PASSED] - sendKeys(findTestObject("Object Repository/Page_Town Square - noname Mattermost/textarea_Write to Town Square_post_textbox"), Keys.chord(ENTER)): Keys 'ENTER + ' sent to object: 'Object Repository/Page_Town Square - noname Mattermost/textarea_Write to Town Square_post_textbox'

2021-05-27 22:34:03 - [MESSAGE][PASSED] - Keys 'ENTER + ' sent to object: 'Object Repository/Page_Town Square - noname Mattermost/textarea_Write to Town Square_post_textbox'

2021-05-27 22:34:03 - [TEST_STEP][PASSED] - verifyElementPresent(findTestObject("Object Repository/Page_Town Square - noname Mattermost/div_uploaded"), 5): Object 'Object Repository/Page_Town Square - noname Mattermost/div_uploaded' is present

2021-05-27 22:34:04 - [MESSAGE][PASSED] - Object 'Object Repository/Page_Town Square - noname Mattermost/div_uploaded' is present

2021-05-27 22:34:04 - [TEST_STEP][PASSED] - closeBrowser(): Browser is closed

2021-05-27 22:34:06 - [MESSAGE][PASSED] - Browser is closed]]></system-out>
         <system-err><![CDATA[]]></system-err>
      </testcase>
      <testcase name="Test Cases/1712666/TC51_DownloadFile" time="26.886" classname="Test Cases/1712666/TC51_DownloadFile" status="PASSED">
         <system-out><![CDATA[2021-05-27 22:34:06 - [TEST_CASE][PASSED] - Test Cases/1712666/TC51_DownloadFile: Test Cases/1712666/TC51_DownloadFile

2021-05-27 22:34:07 - [TEST_STEP][PASSED] - openBrowser(""): Browser is opened with url: ''

2021-05-27 22:34:07 - [MESSAGE][INFO] - Starting 'Chrome' driver

2021-05-27 22:34:07 - [MESSAGE][INFO] - Action delay is set to 0 milliseconds

2021-05-27 22:34:13 - [MESSAGE][PASSED] - Browser is opened with url: ''

2021-05-27 22:34:13 - [TEST_STEP][PASSED] - navigateToUrl("https://mattermostwebapp.herokuapp.com/"): Navigate to 'https://mattermostwebapp.herokuapp.com/' successfully

2021-05-27 22:34:17 - [MESSAGE][PASSED] - Navigate to 'https://mattermostwebapp.herokuapp.com/' successfully

2021-05-27 22:34:17 - [TEST_STEP][PASSED] - callTestCase(findTestCase("1712666/CommonTC/CTC_Login"), ["var_username":"phuc", "var_password":"CSt51UwWECc="]): Call Test Case 'Test Cases/1712666/CommonTC/CTC_Login' successfully

2021-05-27 22:34:17 - [TEST_CASE][PASSED] - Test Cases/1712666/CommonTC/CTC_Login: Test Cases/1712666/CommonTC/CTC_Login

2021-05-27 22:34:17 - [TEST_STEP][PASSED] - setText(findTestObject("Object Repository/1412263_Page_Mattermost/input_All team communication in one place, _dcc84b"), var_username): Text 'phuc' is set on object 'Object Repository/1412263_Page_Mattermost/input_All team communication in one place, _dcc84b'

2021-05-27 22:34:22 - [MESSAGE][PASSED] - Text 'phuc' is set on object 'Object Repository/1412263_Page_Mattermost/input_All team communication in one place, _dcc84b'

2021-05-27 22:34:22 - [TEST_STEP][PASSED] - setEncryptedText(findTestObject("Object Repository/1412263_Page_Mattermost/input_All team communication in one place, _a3edc6"), var_password): Text ****** has been set on object 'Object Repository/1412263_Page_Mattermost/input_All team communication in one place, _a3edc6'

2021-05-27 22:34:23 - [MESSAGE][PASSED] - Text ****** has been set on object 'Object Repository/1412263_Page_Mattermost/input_All team communication in one place, _a3edc6'

2021-05-27 22:34:23 - [TEST_STEP][PASSED] - click(findTestObject("Object Repository/1412263_Page_Mattermost/span_Sign in")): Object: 'Object Repository/1412263_Page_Mattermost/span_Sign in' is clicked on

2021-05-27 22:34:24 - [MESSAGE][PASSED] - Object: 'Object Repository/1412263_Page_Mattermost/span_Sign in' is clicked on

2021-05-27 22:34:24 - [MESSAGE][PASSED] - Call Test Case 'Test Cases/1712666/CommonTC/CTC_Login' successfully

2021-05-27 22:34:24 - [TEST_STEP][PASSED] - callTestCase(findTestCase("1712666/CommonTC/CTC_SendFile"), [:]): Call Test Case 'Test Cases/1712666/CommonTC/CTC_SendFile' successfully

2021-05-27 22:34:24 - [TEST_CASE][PASSED] - Test Cases/1712666/CommonTC/CTC_SendFile: Test Cases/1712666/CommonTC/CTC_SendFile

2021-05-27 22:34:24 - [TEST_STEP][PASSED] - userDir = System.getProperty("user.dir"): null

2021-05-27 22:34:24 - [TEST_STEP][PASSED] - filePath = userDir + "\Excels\DataCreateATeam.xlsx": null

2021-05-27 22:34:24 - [TEST_STEP][PASSED] - uploadFile(findTestObject("Object Repository/Page_Town Square - noname Mattermost/input_upload"), filePath): File 'E:\Tai lieu hoc\Nam 7\HK2\New Topics\Homework 2\New folder\Mattermost_Autotesting_2\Mattermost_AutoTesting\Excels\DataCreateATeam.xlsx' sent to object: 'Object Repository/Page_Town Square - noname Mattermost/input_upload'

2021-05-27 22:34:28 - [MESSAGE][PASSED] - File 'E:\Tai lieu hoc\Nam 7\HK2\New Topics\Homework 2\New folder\Mattermost_Autotesting_2\Mattermost_AutoTesting\Excels\DataCreateATeam.xlsx' sent to object: 'Object Repository/Page_Town Square - noname Mattermost/input_upload'

2021-05-27 22:34:28 - [TEST_STEP][PASSED] - sendKeys(findTestObject("Object Repository/Page_Town Square - noname Mattermost/textarea_Write to Town Square_post_textbox"), Keys.chord(ENTER)): Keys 'ENTER + ' sent to object: 'Object Repository/Page_Town Square - noname Mattermost/textarea_Write to Town Square_post_textbox'

2021-05-27 22:34:29 - [MESSAGE][PASSED] - Keys 'ENTER + ' sent to object: 'Object Repository/Page_Town Square - noname Mattermost/textarea_Write to Town Square_post_textbox'

2021-05-27 22:34:29 - [TEST_STEP][PASSED] - verifyElementPresent(findTestObject("Object Repository/Page_Town Square - noname Mattermost/div_uploaded"), 5): Object 'Object Repository/Page_Town Square - noname Mattermost/div_uploaded' is present

2021-05-27 22:34:29 - [MESSAGE][PASSED] - Object 'Object Repository/Page_Town Square - noname Mattermost/div_uploaded' is present

2021-05-27 22:34:29 - [MESSAGE][PASSED] - Call Test Case 'Test Cases/1712666/CommonTC/CTC_SendFile' successfully

2021-05-27 22:34:29 - [TEST_STEP][PASSED] - click(findTestObject("Object Repository/Page_Town Square - noname Mattermost/div_uploaded")): Object: 'Object Repository/Page_Town Square - noname Mattermost/div_uploaded' is clicked on

2021-05-27 22:34:30 - [MESSAGE][PASSED] - Object: 'Object Repository/Page_Town Square - noname Mattermost/div_uploaded' is clicked on

2021-05-27 22:34:30 - [TEST_STEP][PASSED] - click(findTestObject("Object Repository/Page_Town Square - noname Mattermost/button_download")): Object: 'Object Repository/Page_Town Square - noname Mattermost/button_download' is clicked on

2021-05-27 22:34:31 - [MESSAGE][PASSED] - Object: 'Object Repository/Page_Town Square - noname Mattermost/button_download' is clicked on

2021-05-27 22:34:31 - [TEST_STEP][PASSED] - filename = getText(findTestObject("Object Repository/Page_Town Square - noname Mattermost/name_file_uploaded")): Text of object 'Object Repository/Page_Town Square - noname Mattermost/name_file_uploaded' is: 'DataCreateATeam.xlsx'

2021-05-27 22:34:31 - [MESSAGE][PASSED] - Text of object 'Object Repository/Page_Town Square - noname Mattermost/name_file_uploaded' is: 'DataCreateATeam.xlsx'

2021-05-27 22:34:31 - [TEST_STEP][PASSED] - if (!(isFileDownloaded(filename))): null

2021-05-27 22:34:31 - [TEST_STEP][PASSED] - home = System.getProperty("user.home"): null

2021-05-27 22:34:31 - [TEST_STEP][PASSED] - dir = new java.io.File((home + /Downloads/)): null

2021-05-27 22:34:31 - [TEST_STEP][PASSED] - dirContents = dir.listFiles(): null

2021-05-27 22:34:31 - [TEST_STEP][PASSED] - for ([i = 0, i < length, (i++)]): null

2021-05-27 22:34:31 - [TEST_STEP][PASSED] - if (getName().equals(fileName)): null

2021-05-27 22:34:31 - [TEST_STEP][PASSED] - if (getName().equals(fileName)): null

2021-05-27 22:34:31 - [TEST_STEP][PASSED] - if (getName().equals(fileName)): null

2021-05-27 22:34:31 - [TEST_STEP][PASSED] - dirContents[i].delete(): null

2021-05-27 22:34:31 - [TEST_STEP][PASSED] - return true: null

2021-05-27 22:34:31 - [TEST_STEP][PASSED] - closeBrowser(): Browser is closed

2021-05-27 22:34:33 - [MESSAGE][PASSED] - Browser is closed]]></system-out>
         <system-err><![CDATA[]]></system-err>
      </testcase>
      <testcase name="Test Cases/1712666/TC55_ChangeNameAPI" time="4.814" classname="Test Cases/1712666/TC55_ChangeNameAPI" status="PASSED">
         <system-out><![CDATA[2021-05-27 22:34:33 - [TEST_CASE][PASSED] - Test Cases/1712666/TC55_ChangeNameAPI: Test Cases/1712666/TC55_ChangeNameAPI

2021-05-27 22:34:33 - [TEST_STEP][PASSED] - loginResponse = sendRequest(findTestObject("Object Repository/1712666_API_Mattermost/CommonAPI/Common_LoginAPI")): Send request successfully

2021-05-27 22:34:36 - [MESSAGE][INFO] - HAR: E:\Tai lieu hoc\Nam 7\HK2\New Topics\Homework 2\New folder\Mattermost_Autotesting_2\Mattermost_AutoTesting\Reports\20210527_220742\1412263\Run_All_Test_Cases\20210527_220742\requests\main\0.har

2021-05-27 22:34:36 - [MESSAGE][PASSED] - Send request successfully

2021-05-27 22:34:36 - [TEST_STEP][PASSED] - parsed = loginResponse.getHeaderFields(): null

2021-05-27 22:34:36 - [TEST_STEP][PASSED] - tokenAPI = Token: null

2021-05-27 22:34:36 - [TEST_STEP][PASSED] - token = "Bearer " + tokenAPI.substring(1, tokenAPI.length() - 1): null

2021-05-27 22:34:36 - [TEST_STEP][PASSED] - changeNameRequest = findTestObject("1712666_API_Mattermost/ChangeNameAPI"): null

2021-05-27 22:34:36 - [TEST_STEP][PASSED] - HTTPHeader = new java.util.ArrayList(): null

2021-05-27 22:34:36 - [TEST_STEP][PASSED] - authorizationTest = new com.kms.katalon.core.testobject.TestObjectProperty(Authorization, com.kms.katalon.core.testobject.ConditionType.EQUALS, token): null

2021-05-27 22:34:36 - [TEST_STEP][PASSED] - HTTPHeader.add(authorizationTest): null

2021-05-27 22:34:36 - [TEST_STEP][PASSED] - changeNameRequest.setHttpHeaderProperties(HTTPHeader): null

2021-05-27 22:34:36 - [TEST_STEP][PASSED] - response = sendRequest(changeNameRequest): Send request successfully

2021-05-27 22:34:37 - [MESSAGE][INFO] - HAR: E:\Tai lieu hoc\Nam 7\HK2\New Topics\Homework 2\New folder\Mattermost_Autotesting_2\Mattermost_AutoTesting\Reports\20210527_220742\1412263\Run_All_Test_Cases\20210527_220742\requests\main\1.har

2021-05-27 22:34:37 - [MESSAGE][PASSED] - Send request successfully

2021-05-27 22:34:37 - [TEST_STEP][PASSED] - verifyElementPropertyValue(response, "first_name", "test first name"): Verify element property value successfully

2021-05-27 22:34:38 - [MESSAGE][PASSED] - Verify element property value successfully

2021-05-27 22:34:38 - [TEST_STEP][PASSED] - verifyElementPropertyValue(response, "last_name", "test last name"): Verify element property value successfully

2021-05-27 22:34:38 - [MESSAGE][PASSED] - Verify element property value successfully]]></system-out>
         <system-err><![CDATA[]]></system-err>
      </testcase>
      <testcase name="Test Cases/1712666/TC56_SearchUserAPI" time="3.425" classname="Test Cases/1712666/TC56_SearchUserAPI" status="PASSED">
         <system-out><![CDATA[2021-05-27 22:34:38 - [TEST_CASE][PASSED] - Test Cases/1712666/TC56_SearchUserAPI: Test Cases/1712666/TC56_SearchUserAPI

2021-05-27 22:34:38 - [TEST_STEP][PASSED] - loginResponse = sendRequest(findTestObject("Object Repository/1712666_API_Mattermost/CommonAPI/Common_LoginAPI")): Send request successfully

2021-05-27 22:34:40 - [MESSAGE][INFO] - HAR: E:\Tai lieu hoc\Nam 7\HK2\New Topics\Homework 2\New folder\Mattermost_Autotesting_2\Mattermost_AutoTesting\Reports\20210527_220742\1412263\Run_All_Test_Cases\20210527_220742\requests\main\2.har

2021-05-27 22:34:40 - [MESSAGE][PASSED] - Send request successfully

2021-05-27 22:34:40 - [TEST_STEP][PASSED] - parsed = loginResponse.getHeaderFields(): null

2021-05-27 22:34:40 - [TEST_STEP][PASSED] - tokenAPI = Token: null

2021-05-27 22:34:40 - [TEST_STEP][PASSED] - token = "Bearer " + tokenAPI.substring(1, tokenAPI.length() - 1): null

2021-05-27 22:34:40 - [TEST_STEP][PASSED] - searchUserRequest = findTestObject("1712666_API_Mattermost/SearchUserAPI"): null

2021-05-27 22:34:40 - [TEST_STEP][PASSED] - HTTPHeader = new java.util.ArrayList(): null

2021-05-27 22:34:40 - [TEST_STEP][PASSED] - authorizationTest = new com.kms.katalon.core.testobject.TestObjectProperty(Authorization, com.kms.katalon.core.testobject.ConditionType.EQUALS, token): null

2021-05-27 22:34:40 - [TEST_STEP][PASSED] - HTTPHeader.add(authorizationTest): null

2021-05-27 22:34:40 - [TEST_STEP][PASSED] - searchUserRequest.setHttpHeaderProperties(HTTPHeader): null

2021-05-27 22:34:40 - [TEST_STEP][PASSED] - response = sendRequest(searchUserRequest): Send request successfully

2021-05-27 22:34:41 - [MESSAGE][INFO] - HAR: E:\Tai lieu hoc\Nam 7\HK2\New Topics\Homework 2\New folder\Mattermost_Autotesting_2\Mattermost_AutoTesting\Reports\20210527_220742\1412263\Run_All_Test_Cases\20210527_220742\requests\main\3.har

2021-05-27 22:34:41 - [MESSAGE][PASSED] - Send request successfully

2021-05-27 22:34:41 - [TEST_STEP][PASSED] - verifyElementPropertyValue(response, "[0].username", "phuc"): Verify element property value successfully

2021-05-27 22:34:41 - [MESSAGE][PASSED] - Verify element property value successfully]]></system-out>
         <system-err><![CDATA[]]></system-err>
      </testcase>
      <testcase name="Test Cases/1712666/TC57_SearchPublicChannelAPI" time="3.184" classname="Test Cases/1712666/TC57_SearchPublicChannelAPI" status="PASSED">
         <system-out><![CDATA[2021-05-27 22:34:41 - [TEST_CASE][PASSED] - Test Cases/1712666/TC57_SearchPublicChannelAPI: Test Cases/1712666/TC57_SearchPublicChannelAPI

2021-05-27 22:34:42 - [TEST_STEP][PASSED] - loginResponse = sendRequest(findTestObject("Object Repository/1712666_API_Mattermost/CommonAPI/Common_LoginAPI")): Send request successfully

2021-05-27 22:34:43 - [MESSAGE][INFO] - HAR: E:\Tai lieu hoc\Nam 7\HK2\New Topics\Homework 2\New folder\Mattermost_Autotesting_2\Mattermost_AutoTesting\Reports\20210527_220742\1412263\Run_All_Test_Cases\20210527_220742\requests\main\4.har

2021-05-27 22:34:43 - [MESSAGE][PASSED] - Send request successfully

2021-05-27 22:34:43 - [TEST_STEP][PASSED] - parsed = loginResponse.getHeaderFields(): null

2021-05-27 22:34:43 - [TEST_STEP][PASSED] - tokenAPI = Token: null

2021-05-27 22:34:43 - [TEST_STEP][PASSED] - token = "Bearer " + tokenAPI.substring(1, tokenAPI.length() - 1): null

2021-05-27 22:34:43 - [TEST_STEP][PASSED] - searchPublicChannelRequest = findTestObject("1712666_API_Mattermost/SearchPublicChannelAPI"): null

2021-05-27 22:34:43 - [TEST_STEP][PASSED] - HTTPHeader = new java.util.ArrayList(): null

2021-05-27 22:34:43 - [TEST_STEP][PASSED] - authorizationTest = new com.kms.katalon.core.testobject.TestObjectProperty(Authorization, com.kms.katalon.core.testobject.ConditionType.EQUALS, token): null

2021-05-27 22:34:43 - [TEST_STEP][PASSED] - HTTPHeader.add(authorizationTest): null

2021-05-27 22:34:43 - [TEST_STEP][PASSED] - searchPublicChannelRequest.setHttpHeaderProperties(HTTPHeader): null

2021-05-27 22:34:43 - [TEST_STEP][PASSED] - response = sendRequest(searchPublicChannelRequest): Send request successfully

2021-05-27 22:34:44 - [MESSAGE][INFO] - HAR: E:\Tai lieu hoc\Nam 7\HK2\New Topics\Homework 2\New folder\Mattermost_Autotesting_2\Mattermost_AutoTesting\Reports\20210527_220742\1412263\Run_All_Test_Cases\20210527_220742\requests\main\5.har

2021-05-27 22:34:44 - [MESSAGE][PASSED] - Send request successfully

2021-05-27 22:34:44 - [TEST_STEP][PASSED] - verifyElementPropertyValue(response, "[0].name", "test1"): Verify element property value successfully

2021-05-27 22:34:44 - [MESSAGE][PASSED] - Verify element property value successfully]]></system-out>
         <system-err><![CDATA[]]></system-err>
      </testcase>
      <testcase name="Test Cases/1712666/TC58_LogoutAPI" time="3.307" classname="Test Cases/1712666/TC58_LogoutAPI" status="PASSED">
         <system-out><![CDATA[2021-05-27 22:34:44 - [TEST_CASE][PASSED] - Test Cases/1712666/TC58_LogoutAPI: Test Cases/1712666/TC58_LogoutAPI

2021-05-27 22:34:45 - [TEST_STEP][PASSED] - loginResponse = sendRequest(findTestObject("Object Repository/1712666_API_Mattermost/CommonAPI/Common_LoginAPI")): Send request successfully

2021-05-27 22:34:46 - [MESSAGE][INFO] - HAR: E:\Tai lieu hoc\Nam 7\HK2\New Topics\Homework 2\New folder\Mattermost_Autotesting_2\Mattermost_AutoTesting\Reports\20210527_220742\1412263\Run_All_Test_Cases\20210527_220742\requests\main\6.har

2021-05-27 22:34:46 - [MESSAGE][PASSED] - Send request successfully

2021-05-27 22:34:46 - [TEST_STEP][PASSED] - parsed = loginResponse.getHeaderFields(): null

2021-05-27 22:34:46 - [TEST_STEP][PASSED] - tokenAPI = Token: null

2021-05-27 22:34:46 - [TEST_STEP][PASSED] - token = "Bearer " + tokenAPI.substring(1, tokenAPI.length() - 1): null

2021-05-27 22:34:46 - [TEST_STEP][PASSED] - logoutRequest = findTestObject("1712666_API_Mattermost/LogoutAPI"): null

2021-05-27 22:34:46 - [TEST_STEP][PASSED] - HTTPHeader = new java.util.ArrayList(): null

2021-05-27 22:34:46 - [TEST_STEP][PASSED] - authorizationTest = new com.kms.katalon.core.testobject.TestObjectProperty(Authorization, com.kms.katalon.core.testobject.ConditionType.EQUALS, token): null

2021-05-27 22:34:46 - [TEST_STEP][PASSED] - HTTPHeader.add(authorizationTest): null

2021-05-27 22:34:46 - [TEST_STEP][PASSED] - logoutRequest.setHttpHeaderProperties(HTTPHeader): null

2021-05-27 22:34:46 - [TEST_STEP][PASSED] - response = sendRequest(logoutRequest): Send request successfully

2021-05-27 22:34:47 - [MESSAGE][INFO] - HAR: E:\Tai lieu hoc\Nam 7\HK2\New Topics\Homework 2\New folder\Mattermost_Autotesting_2\Mattermost_AutoTesting\Reports\20210527_220742\1412263\Run_All_Test_Cases\20210527_220742\requests\main\7.har

2021-05-27 22:34:47 - [MESSAGE][PASSED] - Send request successfully

2021-05-27 22:34:47 - [TEST_STEP][PASSED] - verifyElementPropertyValue(response, "status", "OK"): Verify element property value successfully

2021-05-27 22:34:47 - [MESSAGE][PASSED] - Verify element property value successfully]]></system-out>
         <system-err><![CDATA[]]></system-err>
      </testcase>
      <testcase name="Test Cases/1412263/TC52_APILogin" time="1.827" classname="Test Cases/1412263/TC52_APILogin" status="PASSED">
         <system-out><![CDATA[2021-05-27 22:34:47 - [TEST_CASE][PASSED] - Test Cases/1412263/TC52_APILogin: Test Cases/1412263/TC52_APILogin

2021-05-27 22:34:48 - [TEST_STEP][PASSED] - sendRequest(findTestObject("1412263_API_Mattermost/API_Login")): Send request successfully

2021-05-27 22:34:49 - [MESSAGE][INFO] - HAR: E:\Tai lieu hoc\Nam 7\HK2\New Topics\Homework 2\New folder\Mattermost_Autotesting_2\Mattermost_AutoTesting\Reports\20210527_220742\1412263\Run_All_Test_Cases\20210527_220742\requests\main\8.har

2021-05-27 22:34:49 - [MESSAGE][PASSED] - Send request successfully]]></system-out>
         <system-err><![CDATA[]]></system-err>
      </testcase>
      <testcase name="Test Cases/1412263/TC53_APISignUp" time="1.788" classname="Test Cases/1412263/TC53_APISignUp" status="PASSED">
         <system-out><![CDATA[2021-05-27 22:34:49 - [TEST_CASE][PASSED] - Test Cases/1412263/TC53_APISignUp: Test Cases/1412263/TC53_APISignUp

2021-05-27 22:34:50 - [TEST_STEP][PASSED] - sendRequest(findTestObject("1412263_API_Mattermost/API_SignUp")): Send request successfully

2021-05-27 22:34:51 - [MESSAGE][INFO] - HAR: E:\Tai lieu hoc\Nam 7\HK2\New Topics\Homework 2\New folder\Mattermost_Autotesting_2\Mattermost_AutoTesting\Reports\20210527_220742\1412263\Run_All_Test_Cases\20210527_220742\requests\main\9.har

2021-05-27 22:34:51 - [MESSAGE][PASSED] - Send request successfully]]></system-out>
         <system-err><![CDATA[]]></system-err>
      </testcase>
      <testcase name="Test Cases/1412263/TC54_APISendMessage" time="2.994" classname="Test Cases/1412263/TC54_APISendMessage" status="PASSED">
         <system-out><![CDATA[2021-05-27 22:34:51 - [TEST_CASE][PASSED] - Test Cases/1412263/TC54_APISendMessage: Test Cases/1412263/TC54_APISendMessage

2021-05-27 22:34:52 - [TEST_STEP][PASSED] - loginResponse = sendRequest(findTestObject("Object Repository/1412263_API_Mattermost/API_Login")): Send request successfully

2021-05-27 22:34:53 - [MESSAGE][INFO] - HAR: E:\Tai lieu hoc\Nam 7\HK2\New Topics\Homework 2\New folder\Mattermost_Autotesting_2\Mattermost_AutoTesting\Reports\20210527_220742\1412263\Run_All_Test_Cases\20210527_220742\requests\main\10.har

2021-05-27 22:34:53 - [MESSAGE][PASSED] - Send request successfully

2021-05-27 22:34:53 - [TEST_STEP][PASSED] - parsed = loginResponse.getHeaderFields(): null

2021-05-27 22:34:53 - [TEST_STEP][PASSED] - tokenAPI = Token: null

2021-05-27 22:34:53 - [TEST_STEP][PASSED] - token = "Bearer " + tokenAPI.substring(1, tokenAPI.length() - 1): null

2021-05-27 22:34:53 - [TEST_STEP][PASSED] - sendMessageRequest = findTestObject("Object Repository/1412263_API_Mattermost/API_SendMessage_2"): null

2021-05-27 22:34:53 - [TEST_STEP][PASSED] - HTTPHeader = new java.util.ArrayList(): null

2021-05-27 22:34:53 - [TEST_STEP][PASSED] - authorizationTest = new com.kms.katalon.core.testobject.TestObjectProperty(Authorization, com.kms.katalon.core.testobject.ConditionType.EQUALS, token): null

2021-05-27 22:34:53 - [TEST_STEP][PASSED] - HTTPHeader.add(authorizationTest): null

2021-05-27 22:34:53 - [TEST_STEP][PASSED] - sendMessageRequest.setHttpHeaderProperties(HTTPHeader): null

2021-05-27 22:34:53 - [TEST_STEP][PASSED] - response = sendRequest(sendMessageRequest): Send request successfully

2021-05-27 22:34:54 - [MESSAGE][INFO] - HAR: E:\Tai lieu hoc\Nam 7\HK2\New Topics\Homework 2\New folder\Mattermost_Autotesting_2\Mattermost_AutoTesting\Reports\20210527_220742\1412263\Run_All_Test_Cases\20210527_220742\requests\main\11.har

2021-05-27 22:34:54 - [MESSAGE][PASSED] - Send request successfully

2021-05-27 22:34:54 - [TEST_STEP][PASSED] - verifyElementPropertyValue(response, "channel_id", "3bba45je8pyjtp8s4cgk6iei3c"): Verify element property value successfully

2021-05-27 22:34:54 - [MESSAGE][PASSED] - Verify element property value successfully

2021-05-27 22:34:54 - [TEST_STEP][PASSED] - verifyElementPropertyValue(response, "message", "Coco Jambo"): Verify element property value successfully

2021-05-27 22:34:54 - [MESSAGE][PASSED] - Verify element property value successfully]]></system-out>
         <system-err><![CDATA[]]></system-err>
      </testcase>
      <system-out><![CDATA[2021-05-27 22:08:12 - [TEST_SUITE][FAILED] - Run_All_Test_Cases: Test Cases/1412263/TC08_ResetPassword FAILED.
Reason:
com.kms.katalon.core.exception.StepFailedException: Unable to click on object 'Object Repository/1412263_Page_Mattermost/span_Sign in (1)'
	at com.kms.katalon.core.webui.keyword.internal.WebUIKeywordMain.stepFailed(WebUIKeywordMain.groovy:64)
	at com.kms.katalon.core.webui.keyword.internal.WebUIKeywordMain.runKeyword(WebUIKeywordMain.groovy:26)
	at com.kms.katalon.core.webui.keyword.builtin.ClickKeyword.click(ClickKeyword.groovy:75)
	at com.kms.katalon.core.webui.keyword.builtin.ClickKeyword.execute(ClickKeyword.groovy:42)
	at com.kms.katalon.core.keyword.internal.KeywordExecutor.executeKeywordForPlatform(KeywordExecutor.groovy:73)
	at com.kms.katalon.core.webui.keyword.WebUiBuiltInKeywords.click(WebUiBuiltInKeywords.groovy:619)
	at com.kms.katalon.core.webui.keyword.WebUiBuiltInKeywords$click$3.call(Unknown Source)
	at TC08_ResetPassword.run(TC08_ResetPassword:30)
	at com.kms.katalon.core.main.ScriptEngine.run(ScriptEngine.java:194)
	at com.kms.katalon.core.main.ScriptEngine.runScriptAsRawText(ScriptEngine.java:119)
	at com.kms.katalon.core.main.TestCaseExecutor.runScript(TestCaseExecutor.java:398)
	at com.kms.katalon.core.main.TestCaseExecutor.doExecute(TestCaseExecutor.java:389)
	at com.kms.katalon.core.main.TestCaseExecutor.processExecutionPhase(TestCaseExecutor.java:368)
	at com.kms.katalon.core.main.TestCaseExecutor.accessMainPhase(TestCaseExecutor.java:360)
	at com.kms.katalon.core.main.TestCaseExecutor.execute(TestCaseExecutor.java:255)
	at com.kms.katalon.core.main.TestSuiteExecutor.accessTestCaseMainPhase(TestSuiteExecutor.java:203)
	at com.kms.katalon.core.main.TestSuiteExecutor.accessTestSuiteMainPhase(TestSuiteExecutor.java:152)
	at com.kms.katalon.core.main.TestSuiteExecutor.execute(TestSuiteExecutor.java:95)
	at com.kms.katalon.core.main.TestCaseMain.startTestSuite(TestCaseMain.java:157)
	at com.kms.katalon.core.main.TestCaseMain$startTestSuite$0.call(Unknown Source)
	at TempTestSuite1622128062646.run(TempTestSuite1622128062646.groovy:39)
Caused by: com.kms.katalon.core.webui.exception.WebElementNotFoundException: Web element with id: 'Object Repository/1412263_Page_Mattermost/span_Sign in (1)' located by '//button[@id='login']/span' not found
	at com.kms.katalon.core.webui.common.WebUiCommonHelper.findWebElement(WebUiCommonHelper.java:1368)
	at com.kms.katalon.core.webui.keyword.internal.WebUIAbstractKeyword.findWebElement(WebUIAbstractKeyword.groovy:27)
	at com.kms.katalon.core.webui.keyword.internal.WebUIAbstractKeyword.findWebElement(WebUIAbstractKeyword.groovy:26)
	at com.kms.katalon.core.webui.keyword.builtin.ClickKeyword$_click_closure1.doCall(ClickKeyword.groovy:66)
	at com.kms.katalon.core.webui.keyword.builtin.ClickKeyword$_click_closure1.call(ClickKeyword.groovy)
	at com.kms.katalon.core.webui.keyword.internal.WebUIKeywordMain.runKeyword(WebUIKeywordMain.groovy:20)
	... 19 more]]></system-out>
      <system-err><![CDATA[2021-05-27 22:08:12 - [TEST_SUITE][FAILED] - Run_All_Test_Cases: Test Cases/1412263/TC08_ResetPassword FAILED.
Reason:
com.kms.katalon.core.exception.StepFailedException: Unable to click on object 'Object Repository/1412263_Page_Mattermost/span_Sign in (1)'
	at com.kms.katalon.core.webui.keyword.internal.WebUIKeywordMain.stepFailed(WebUIKeywordMain.groovy:64)
	at com.kms.katalon.core.webui.keyword.internal.WebUIKeywordMain.runKeyword(WebUIKeywordMain.groovy:26)
	at com.kms.katalon.core.webui.keyword.builtin.ClickKeyword.click(ClickKeyword.groovy:75)
	at com.kms.katalon.core.webui.keyword.builtin.ClickKeyword.execute(ClickKeyword.groovy:42)
	at com.kms.katalon.core.keyword.internal.KeywordExecutor.executeKeywordForPlatform(KeywordExecutor.groovy:73)
	at com.kms.katalon.core.webui.keyword.WebUiBuiltInKeywords.click(WebUiBuiltInKeywords.groovy:619)
	at com.kms.katalon.core.webui.keyword.WebUiBuiltInKeywords$click$3.call(Unknown Source)
	at TC08_ResetPassword.run(TC08_ResetPassword:30)
	at com.kms.katalon.core.main.ScriptEngine.run(ScriptEngine.java:194)
	at com.kms.katalon.core.main.ScriptEngine.runScriptAsRawText(ScriptEngine.java:119)
	at com.kms.katalon.core.main.TestCaseExecutor.runScript(TestCaseExecutor.java:398)
	at com.kms.katalon.core.main.TestCaseExecutor.doExecute(TestCaseExecutor.java:389)
	at com.kms.katalon.core.main.TestCaseExecutor.processExecutionPhase(TestCaseExecutor.java:368)
	at com.kms.katalon.core.main.TestCaseExecutor.accessMainPhase(TestCaseExecutor.java:360)
	at com.kms.katalon.core.main.TestCaseExecutor.execute(TestCaseExecutor.java:255)
	at com.kms.katalon.core.main.TestSuiteExecutor.accessTestCaseMainPhase(TestSuiteExecutor.java:203)
	at com.kms.katalon.core.main.TestSuiteExecutor.accessTestSuiteMainPhase(TestSuiteExecutor.java:152)
	at com.kms.katalon.core.main.TestSuiteExecutor.execute(TestSuiteExecutor.java:95)
	at com.kms.katalon.core.main.TestCaseMain.startTestSuite(TestCaseMain.java:157)
	at com.kms.katalon.core.main.TestCaseMain$startTestSuite$0.call(Unknown Source)
	at TempTestSuite1622128062646.run(TempTestSuite1622128062646.groovy:39)
Caused by: com.kms.katalon.core.webui.exception.WebElementNotFoundException: Web element with id: 'Object Repository/1412263_Page_Mattermost/span_Sign in (1)' located by '//button[@id='login']/span' not found
	at com.kms.katalon.core.webui.common.WebUiCommonHelper.findWebElement(WebUiCommonHelper.java:1368)
	at com.kms.katalon.core.webui.keyword.internal.WebUIAbstractKeyword.findWebElement(WebUIAbstractKeyword.groovy:27)
	at com.kms.katalon.core.webui.keyword.internal.WebUIAbstractKeyword.findWebElement(WebUIAbstractKeyword.groovy:26)
	at com.kms.katalon.core.webui.keyword.builtin.ClickKeyword$_click_closure1.doCall(ClickKeyword.groovy:66)
	at com.kms.katalon.core.webui.keyword.builtin.ClickKeyword$_click_closure1.call(ClickKeyword.groovy)
	at com.kms.katalon.core.webui.keyword.internal.WebUIKeywordMain.runKeyword(WebUIKeywordMain.groovy:20)
	... 19 more]]></system-err>
   </testsuite>
</testsuites>
